vvencFFapp: Fraunhofer VVC Encoder ver. 1.5.0 [Linux][GCC 11.3.0][64 bit][SIMD=AVX2]
 started @ Tue Apr 18 17:52:23 2023
CODING TOOL CFG: CTU128 QT44BTT21 IBD:1 SAO:1 ALF:1 (NonLinLuma:0 NonLinChr:0) CCALF:1 Tiles:1x1 Slices:1 WPP:0 WPP-Substreams:1 TMVP:1 DQ:1 SDH:0 CST:1 BDOF:1 DMVR:1 MTSImplicit:1 SBT:0 JCbCr:1 CabacInitPresent:1 AMVR:5 SMVD:3 LMCS:2 (Signal:SDR Opt:0) CIIP:0 MIP:1 AFFINE:2 (PROF:1, Type:1) MMVD:3 DisFracMMVD:1 SbTMVP:1 GPM:3 LFNST:1 MTS:0 ISP:3 TS:2 TSLog2MaxSize:4 useChromaTS:0 BDPCM:2 IBC:2 BCW:0 
ENC. ALG. CFG: QPA:0 HAD:1 RDQ:1 RDQTS:1 ASR:1 MinSearchWindow:96 RestrictMESampling:0 EDO:2 MCTF:2 
PRE-ANALYSIS CFG: STA:1 LeadFrames:0 TrailFrames:0 
FAST TOOL CFG: ECU:0 FEN:1 FDM:1 FastSearch:4 (SCC:2) LCTUFast:1 FastMrg:2 PBIntraFast:1 AMaxBT:1 FastQtBtEnc:1 ContentBasedFastQtbt:0 FastMIP:3 FastIntraTools:0 IntraEstDecBit:2 FastLocalDualTree:1 IntegerET:0 FastSubPel:1 QtbttExtraFast:3 FastTTSplit:0 IBCFastMethod:3 FIM:0 ALFSpeed:0 QuantThr: 4 
RATE CONTROL CFG: RateControl:0 LookAhead:0 
PARALLEL PROCESSING CFG: NumThreads:0 MaxParallelFrames:0 WppBitEqual:0 WF:0 

POC     0 TId: 0 (  IDR_N_LP, I-SLICE, QP 19, TF 3)    1305264 bits [Y 45.1634 dB    U 45.3294 dB    V 46.0388 dB] [ET   379 ] [L0 ] [L1 ]
POC    16 TId: 1 (      STSA, B-SLICE, QP 22, TF 2)     583768 bits [Y 40.7241 dB    U 42.1256 dB    V 42.9447 dB] [ET   661 ] [L0 0 ] [L1 0 ]
POC     8 TId: 2 (      STSA, B-SLICE, QP 23, TF 1)     364184 bits [Y 39.4820 dB    U 41.7930 dB    V 42.7243 dB] [ET  1049 ] [L0 0 16 ] [L1 16 0 ]
POC     4 TId: 3 (      STSA, B-SLICE, QP 26, TF 0)     188344 bits [Y 38.1247 dB    U 41.4940 dB    V 42.4725 dB] [ET  1029 ] [L0 0 8 ] [L1 8 16 ]
POC     2 TId: 4 (      STSA, B-SLICE, QP 28)              256 bits [Y 45.1634 dB    U 45.3294 dB    V 46.0388 dB] [ET   288 ] [L0 0 4 ] [L1 4 8 ]
POC     1 TId: 5 (      STSA, B-SLICE, QP 29)              240 bits [Y 45.1634 dB    U 45.3294 dB    V 46.0388 dB] [ET   256 ] [L0 0 2 ] [L1 2 4 ]
POC     3 TId: 5 (      STSA, B-SLICE, QP 29)            72368 bits [Y 37.8307 dB    U 41.7087 dB    V 42.9017 dB] [ET   748 ] [L0 2 0 ] [L1 4 8 ]
POC     6 TId: 4 (      STSA, B-SLICE, QP 28)           128920 bits [Y 37.4134 dB    U 41.0515 dB    V 41.9040 dB] [ET  1047 ] [L0 4 0 ] [L1 8 16 ]
POC     5 TId: 5 (      STSA, B-SLICE, QP 29)            74880 bits [Y 37.0463 dB    U 41.1408 dB    V 41.8865 dB] [ET   775 ] [L0 4 0 ] [L1 6 8 ]
POC     7 TId: 5 (      STSA, B-SLICE, QP 29)            73384 bits [Y 37.4070 dB    U 41.2260 dB    V 41.9663 dB] [ET   743 ] [L0 6 4 ] [L1 8 16 ]
POC    12 TId: 3 (      STSA, B-SLICE, QP 26, TF 0)     208464 bits [Y 37.9670 dB    U 41.1341 dB    V 41.7845 dB] [ET  1107 ] [L0 8 0 ] [L1 16 8 ]
POC    10 TId: 4 (      STSA, B-SLICE, QP 28)           127248 bits [Y 37.3616 dB    U 40.9778 dB    V 41.4753 dB] [ET  1061 ] [L0 8 0 ] [L1 12 16 ]
POC     9 TId: 5 (      STSA, B-SLICE, QP 29)            71960 bits [Y 37.3479 dB    U 41.2005 dB    V 41.8239 dB] [ET   738 ] [L0 8 0 ] [L1 10 12 ]
POC    11 TId: 5 (      STSA, B-SLICE, QP 29)            71456 bits [Y 37.0415 dB    U 40.9049 dB    V 41.5149 dB] [ET   726 ] [L0 10 8 ] [L1 12 16 ]
POC    14 TId: 4 (      STSA, B-SLICE, QP 28)           128576 bits [Y 37.3759 dB    U 41.0974 dB    V 41.7625 dB] [ET   873 ] [L0 12 8 ] [L1 16 12 ]
POC    13 TId: 5 (      STSA, B-SLICE, QP 29)            72592 bits [Y 36.9377 dB    U 40.9472 dB    V 41.5924 dB] [ET   755 ] [L0 12 8 ] [L1 14 16 ]
POC    15 TId: 5 (      STSA, B-SLICE, QP 29)            73840 bits [Y 37.3558 dB    U 41.3313 dB    V 42.0017 dB] [ET   597 ] [L0 14 12 ] [L1 16 14 ]

	Total Frames |   Bitrate     Y-PSNR    U-PSNR    V-PSNR    YUV-PSNR   
	       17    a   10428.6588   39.1121   42.0071   42.7572   39.3190

 finished @ Tue Apr 18 21:26:30 2023
 Total Time:    12802.305 sec. [user]    12846.779 sec. [elapsed]

Level: 0
Inject Calls: 15524404024
Errors injected by bit:
	Bit 0: 155294
	Bit 1: 155344
	Bit 2: 155713
	Bit 3: 154791
	Bit 4: 155218
	Bit 5: 155308
	Bit 6: 155642
	Bit 7: 155114

Total errors injected: 1242424
