vvencFFapp: Fraunhofer VVC Encoder ver. 1.5.0 [Linux][GCC 11.3.0][64 bit][SIMD=AVX2]
 started @ Tue Apr 18 21:22:27 2023
CODING TOOL CFG: CTU128 QT44BTT21 IBD:1 SAO:1 ALF:1 (NonLinLuma:0 NonLinChr:0) CCALF:1 Tiles:1x1 Slices:1 WPP:0 WPP-Substreams:1 TMVP:1 DQ:1 SDH:0 CST:1 BDOF:1 DMVR:1 MTSImplicit:1 SBT:0 JCbCr:1 CabacInitPresent:1 AMVR:5 SMVD:3 LMCS:2 (Signal:SDR Opt:0) CIIP:0 MIP:1 AFFINE:2 (PROF:1, Type:1) MMVD:3 DisFracMMVD:1 SbTMVP:1 GPM:3 LFNST:1 MTS:0 ISP:3 TS:2 TSLog2MaxSize:4 useChromaTS:0 BDPCM:2 IBC:2 BCW:0 
ENC. ALG. CFG: QPA:0 HAD:1 RDQ:1 RDQTS:1 ASR:1 MinSearchWindow:96 RestrictMESampling:0 EDO:2 MCTF:2 
PRE-ANALYSIS CFG: STA:1 LeadFrames:0 TrailFrames:0 
FAST TOOL CFG: ECU:0 FEN:1 FDM:1 FastSearch:4 (SCC:2) LCTUFast:1 FastMrg:2 PBIntraFast:1 AMaxBT:1 FastQtBtEnc:1 ContentBasedFastQtbt:0 FastMIP:3 FastIntraTools:0 IntraEstDecBit:2 FastLocalDualTree:1 IntegerET:0 FastSubPel:1 QtbttExtraFast:3 FastTTSplit:0 IBCFastMethod:3 FIM:0 ALFSpeed:0 QuantThr: 4 
RATE CONTROL CFG: RateControl:0 LookAhead:0 
PARALLEL PROCESSING CFG: NumThreads:0 MaxParallelFrames:0 WppBitEqual:0 WF:0 

POC     0 TId: 0 (  IDR_N_LP, I-SLICE, QP 19, TF 3)    1305264 bits [Y 45.1634 dB    U 45.3294 dB    V 46.0388 dB] [ET   376 ] [L0 ] [L1 ]
POC    16 TId: 1 (      STSA, B-SLICE, QP 22, TF 2)     584328 bits [Y 40.7128 dB    U 42.1291 dB    V 42.9173 dB] [ET   664 ] [L0 0 ] [L1 0 ]
POC     8 TId: 2 (      STSA, B-SLICE, QP 23, TF 1)     364856 bits [Y 39.4702 dB    U 41.8074 dB    V 42.7472 dB] [ET  1055 ] [L0 0 16 ] [L1 16 0 ]
POC     4 TId: 3 (      STSA, B-SLICE, QP 26, TF 0)     187624 bits [Y 38.1144 dB    U 41.4380 dB    V 42.5150 dB] [ET  1023 ] [L0 0 8 ] [L1 8 16 ]
POC     2 TId: 4 (      STSA, B-SLICE, QP 28)              256 bits [Y 45.1634 dB    U 45.3294 dB    V 46.0388 dB] [ET   287 ] [L0 0 4 ] [L1 4 8 ]
POC     1 TId: 5 (      STSA, B-SLICE, QP 29)              240 bits [Y 45.1634 dB    U 45.3294 dB    V 46.0388 dB] [ET   255 ] [L0 0 2 ] [L1 2 4 ]
POC     3 TId: 5 (      STSA, B-SLICE, QP 29)            73056 bits [Y 37.8516 dB    U 41.6761 dB    V 42.9071 dB] [ET   765 ] [L0 2 0 ] [L1 4 8 ]
POC     6 TId: 4 (      STSA, B-SLICE, QP 28)           130416 bits [Y 37.4389 dB    U 41.0701 dB    V 41.9497 dB] [ET  1041 ] [L0 4 0 ] [L1 8 16 ]
POC     5 TId: 5 (      STSA, B-SLICE, QP 29)            74792 bits [Y 37.0450 dB    U 41.1319 dB    V 41.9195 dB] [ET   749 ] [L0 4 0 ] [L1 6 8 ]
POC     7 TId: 5 (      STSA, B-SLICE, QP 29)            72320 bits [Y 37.3901 dB    U 41.2237 dB    V 41.9244 dB] [ET   733 ] [L0 6 4 ] [L1 8 16 ]
POC    12 TId: 3 (      STSA, B-SLICE, QP 26, TF 0)     208152 bits [Y 37.9727 dB    U 41.1548 dB    V 41.8116 dB] [ET  1072 ] [L0 8 0 ] [L1 16 8 ]
POC    10 TId: 4 (      STSA, B-SLICE, QP 28)           128456 bits [Y 37.3861 dB    U 40.9795 dB    V 41.4998 dB] [ET  1056 ] [L0 8 0 ] [L1 12 16 ]
POC     9 TId: 5 (      STSA, B-SLICE, QP 29)            71568 bits [Y 37.3344 dB    U 41.1994 dB    V 41.8163 dB] [ET   739 ] [L0 8 0 ] [L1 10 12 ]
POC    11 TId: 5 (      STSA, B-SLICE, QP 29)            71216 bits [Y 37.0498 dB    U 40.8878 dB    V 41.5190 dB] [ET   754 ] [L0 10 8 ] [L1 12 16 ]
POC    14 TId: 4 (      STSA, B-SLICE, QP 28)           129528 bits [Y 37.3607 dB    U 41.0710 dB    V 41.7028 dB] [ET   867 ] [L0 12 8 ] [L1 16 12 ]
POC    13 TId: 5 (      STSA, B-SLICE, QP 29)            72384 bits [Y 36.9278 dB    U 40.9387 dB    V 41.6095 dB] [ET   742 ] [L0 12 8 ] [L1 14 16 ]
POC    15 TId: 5 (      STSA, B-SLICE, QP 29)            73624 bits [Y 37.3558 dB    U 41.3131 dB    V 41.9420 dB] [ET   605 ] [L0 14 12 ] [L1 16 14 ]

	Total Frames |   Bitrate     Y-PSNR    U-PSNR    V-PSNR    YUV-PSNR   
	       17    a   10435.5294   39.1118   42.0005   42.7587   39.3187

 finished @ Wed Apr 19 00:55:47 2023
 Total Time:    12792.026 sec. [user]    12800.181 sec. [elapsed]

Level: 0
Inject Calls: 15516389802
Errors injected by bit:
	Bit 0: 155444
	Bit 1: 155125
	Bit 2: 154915
	Bit 3: 154555
	Bit 4: 155367
	Bit 5: 155242
	Bit 6: 155198
	Bit 7: 155723

Total errors injected: 1241569
