vvencFFapp: Fraunhofer VVC Encoder ver. 1.5.0 [Linux][GCC 11.3.0][64 bit][SIMD=AVX2]
 started @ Wed Apr 19 19:32:51 2023
CODING TOOL CFG: CTU128 QT44BTT21 IBD:1 SAO:1 ALF:1 (NonLinLuma:0 NonLinChr:0) CCALF:1 Tiles:1x1 Slices:1 WPP:0 WPP-Substreams:1 TMVP:1 DQ:1 SDH:0 CST:1 BDOF:1 DMVR:1 MTSImplicit:1 SBT:0 JCbCr:1 CabacInitPresent:1 AMVR:5 SMVD:3 LMCS:2 (Signal:SDR Opt:0) CIIP:0 MIP:1 AFFINE:2 (PROF:1, Type:1) MMVD:3 DisFracMMVD:1 SbTMVP:1 GPM:3 LFNST:1 MTS:0 ISP:3 TS:2 TSLog2MaxSize:4 useChromaTS:0 BDPCM:2 IBC:2 BCW:0 
ENC. ALG. CFG: QPA:0 HAD:1 RDQ:1 RDQTS:1 ASR:1 MinSearchWindow:96 RestrictMESampling:0 EDO:2 MCTF:2 
PRE-ANALYSIS CFG: STA:1 LeadFrames:0 TrailFrames:0 
FAST TOOL CFG: ECU:0 FEN:1 FDM:1 FastSearch:4 (SCC:2) LCTUFast:1 FastMrg:2 PBIntraFast:1 AMaxBT:1 FastQtBtEnc:1 ContentBasedFastQtbt:0 FastMIP:3 FastIntraTools:0 IntraEstDecBit:2 FastLocalDualTree:1 IntegerET:0 FastSubPel:1 QtbttExtraFast:3 FastTTSplit:0 IBCFastMethod:3 FIM:0 ALFSpeed:0 QuantThr: 4 
RATE CONTROL CFG: RateControl:0 LookAhead:0 
PARALLEL PROCESSING CFG: NumThreads:0 MaxParallelFrames:0 WppBitEqual:0 WF:0 

POC     0 TId: 0 (  IDR_N_LP, I-SLICE, QP 24, TF 3)     868072 bits [Y 40.4710 dB    U 41.2896 dB    V 42.0298 dB] [ET   339 ] [L0 ] [L1 ]
POC    16 TId: 1 (      STSA, B-SLICE, QP 28, TF 2)     285672 bits [Y 36.1156 dB    U 39.1436 dB    V 39.8221 dB] [ET   580 ] [L0 0 ] [L1 0 ]
POC     8 TId: 2 (      STSA, B-SLICE, QP 29, TF 1)     173256 bits [Y 35.5664 dB    U 39.0176 dB    V 39.8505 dB] [ET   873 ] [L0 0 16 ] [L1 16 0 ]
POC     4 TId: 3 (      STSA, B-SLICE, QP 32, TF 0)      84296 bits [Y 34.7214 dB    U 38.8947 dB    V 39.7338 dB] [ET   809 ] [L0 0 8 ] [L1 8 16 ]
POC     2 TId: 4 (      STSA, B-SLICE, QP 34)              248 bits [Y 40.4710 dB    U 41.2896 dB    V 42.0298 dB] [ET   308 ] [L0 0 4 ] [L1 4 8 ]
POC     1 TId: 5 (      STSA, B-SLICE, QP 36)              232 bits [Y 40.4710 dB    U 41.2896 dB    V 42.0298 dB] [ET   226 ] [L0 0 2 ] [L1 2 4 ]
POC     3 TId: 5 (      STSA, B-SLICE, QP 36)            21904 bits [Y 34.3056 dB    U 39.3230 dB    V 40.1812 dB] [ET   598 ] [L0 2 0 ] [L1 4 8 ]
POC     6 TId: 4 (      STSA, B-SLICE, QP 34)            56872 bits [Y 33.8801 dB    U 38.7408 dB    V 39.3438 dB] [ET   815 ] [L0 4 0 ] [L1 8 16 ]
POC     5 TId: 5 (      STSA, B-SLICE, QP 36)            22528 bits [Y 33.2339 dB    U 38.6628 dB    V 39.3060 dB] [ET   581 ] [L0 4 0 ] [L1 6 8 ]
POC     7 TId: 5 (      STSA, B-SLICE, QP 36)            22936 bits [Y 33.5018 dB    U 38.7860 dB    V 39.3440 dB] [ET   567 ] [L0 6 4 ] [L1 8 16 ]
POC    12 TId: 3 (      STSA, B-SLICE, QP 32, TF 0)      94768 bits [Y 34.2518 dB    U 38.6568 dB    V 39.0429 dB] [ET   853 ] [L0 8 0 ] [L1 16 8 ]
POC    10 TId: 4 (      STSA, B-SLICE, QP 34)            53552 bits [Y 33.7447 dB    U 38.5885 dB    V 38.7686 dB] [ET   838 ] [L0 8 0 ] [L1 12 16 ]
POC     9 TId: 5 (      STSA, B-SLICE, QP 36)            21136 bits [Y 33.4173 dB    U 38.6720 dB    V 39.1850 dB] [ET   581 ] [L0 8 0 ] [L1 10 12 ]
POC    11 TId: 5 (      STSA, B-SLICE, QP 36)            22392 bits [Y 33.1885 dB    U 38.4983 dB    V 38.8846 dB] [ET   567 ] [L0 10 8 ] [L1 12 16 ]
POC    14 TId: 4 (      STSA, B-SLICE, QP 34)            55656 bits [Y 33.7312 dB    U 38.6071 dB    V 38.9095 dB] [ET   663 ] [L0 12 8 ] [L1 16 12 ]
POC    13 TId: 5 (      STSA, B-SLICE, QP 36)            21480 bits [Y 33.0597 dB    U 38.5593 dB    V 38.9602 dB] [ET   579 ] [L0 12 8 ] [L1 14 16 ]
POC    15 TId: 5 (      STSA, B-SLICE, QP 36)            21680 bits [Y 33.3886 dB    U 38.7044 dB    V 39.1684 dB] [ET   455 ] [L0 14 12 ] [L1 16 14 ]

	Total Frames |   Bitrate     Y-PSNR    U-PSNR    V-PSNR    YUV-PSNR   
	       17    a    5372.5882   35.1482   39.2190   39.7994   35.6657

 finished @ Wed Apr 19 22:23:40 2023
 Total Time:    10249.058 sec. [user]    10249.764 sec. [elapsed]

Level: 0
Inject Calls: 12585922807
Errors injected by bit:
	Bit 0: 1257432
	Bit 1: 1260061
	Bit 2: 1258592
	Bit 3: 1258736
	Bit 4: 1257978
	Bit 5: 1256927
	Bit 6: 1259490
	Bit 7: 1258397

Total errors injected: 10067613
