vvencFFapp: Fraunhofer VVC Encoder ver. 1.5.0 [Linux][GCC 11.3.0][64 bit][SIMD=AVX2]
 started @ Mon Apr 24 15:00:18 2023
CODING TOOL CFG: CTU128 QT44BTT21 IBD:1 SAO:1 ALF:1 (NonLinLuma:0 NonLinChr:0) CCALF:1 Tiles:1x1 Slices:1 WPP:0 WPP-Substreams:1 TMVP:1 DQ:1 SDH:0 CST:1 BDOF:1 DMVR:1 MTSImplicit:1 SBT:0 JCbCr:1 CabacInitPresent:1 AMVR:5 SMVD:3 LMCS:2 (Signal:SDR Opt:0) CIIP:0 MIP:1 AFFINE:2 (PROF:1, Type:1) MMVD:3 DisFracMMVD:1 SbTMVP:1 GPM:3 LFNST:1 MTS:0 ISP:3 TS:2 TSLog2MaxSize:4 useChromaTS:0 BDPCM:2 IBC:2 BCW:0 
ENC. ALG. CFG: QPA:0 HAD:1 RDQ:1 RDQTS:1 ASR:1 MinSearchWindow:96 RestrictMESampling:0 EDO:2 MCTF:2 
PRE-ANALYSIS CFG: STA:1 LeadFrames:0 TrailFrames:0 
FAST TOOL CFG: ECU:0 FEN:1 FDM:1 FastSearch:4 (SCC:2) LCTUFast:1 FastMrg:2 PBIntraFast:1 AMaxBT:1 FastQtBtEnc:1 ContentBasedFastQtbt:0 FastMIP:3 FastIntraTools:0 IntraEstDecBit:2 FastLocalDualTree:1 IntegerET:0 FastSubPel:1 QtbttExtraFast:3 FastTTSplit:0 IBCFastMethod:3 FIM:0 ALFSpeed:0 QuantThr: 4 
RATE CONTROL CFG: RateControl:0 LookAhead:0 
PARALLEL PROCESSING CFG: NumThreads:0 MaxParallelFrames:0 WppBitEqual:0 WF:0 

POC     0 TId: 0 (  IDR_N_LP, I-SLICE, QP 34, TF 2)     322424 bits [Y 32.2570 dB    U 35.9047 dB    V 36.4408 dB] [ET   242 ] [L0 ] [L1 ]
POC    16 TId: 1 (      STSA, B-SLICE, QP 40, TF 1)      52928 bits [Y 28.5077 dB    U 34.9778 dB    V 35.0352 dB] [ET   215 ] [L0 0 ] [L1 0 ]
POC     8 TId: 2 (      STSA, B-SLICE, QP 40, TF 0)      36416 bits [Y 28.8728 dB    U 35.1507 dB    V 35.5300 dB] [ET    95 ] [L0 0 16 ] [L1 16 0 ]
POC     4 TId: 3 (      STSA, B-SLICE, QP 43)            14824 bits [Y 28.6309 dB    U 35.1938 dB    V 35.5176 dB] [ET    43 ] [L0 0 8 ] [L1 8 16 ]
POC     2 TId: 4 (      STSA, B-SLICE, QP 45)              224 bits [Y 32.2570 dB    U 35.9047 dB    V 36.4408 dB] [ET     2 ] [L0 0 4 ] [L1 4 8 ]
POC     1 TId: 5 (      STSA, B-SLICE, QP 46)              224 bits [Y 32.2570 dB    U 35.9047 dB    V 36.4408 dB] [ET     1 ] [L0 0 2 ] [L1 2 4 ]
POC     3 TId: 5 (      STSA, B-SLICE, QP 46)             2168 bits [Y 28.9305 dB    U 35.2615 dB    V 35.9152 dB] [ET     5 ] [L0 2 0 ] [L1 4 8 ]
POC     6 TId: 4 (      STSA, B-SLICE, QP 45)             7760 bits [Y 27.7280 dB    U 35.1075 dB    V 35.2160 dB] [ET    13 ] [L0 4 0 ] [L1 8 16 ]
POC     5 TId: 5 (      STSA, B-SLICE, QP 46)             1984 bits [Y 27.6765 dB    U 35.0868 dB    V 35.3875 dB] [ET     6 ] [L0 4 0 ] [L1 6 8 ]
POC     7 TId: 5 (      STSA, B-SLICE, QP 46)             1872 bits [Y 27.7428 dB    U 35.0728 dB    V 35.3569 dB] [ET     5 ] [L0 6 4 ] [L1 8 16 ]
POC    12 TId: 3 (      STSA, B-SLICE, QP 43)            17096 bits [Y 27.7748 dB    U 35.0277 dB    V 34.9914 dB] [ET    52 ] [L0 8 0 ] [L1 16 8 ]
POC    10 TId: 4 (      STSA, B-SLICE, QP 45)             7464 bits [Y 27.5215 dB    U 35.0633 dB    V 34.9537 dB] [ET    13 ] [L0 8 0 ] [L1 12 16 ]
POC     9 TId: 5 (      STSA, B-SLICE, QP 46)             2040 bits [Y 27.7126 dB    U 35.0779 dB    V 35.2460 dB] [ET     6 ] [L0 8 0 ] [L1 10 12 ]
POC    11 TId: 5 (      STSA, B-SLICE, QP 46)             2168 bits [Y 27.3581 dB    U 34.9471 dB    V 34.9826 dB] [ET     6 ] [L0 10 8 ] [L1 12 16 ]
POC    14 TId: 4 (      STSA, B-SLICE, QP 45)             7440 bits [Y 27.3814 dB    U 34.9364 dB    V 34.9450 dB] [ET    13 ] [L0 12 8 ] [L1 16 12 ]
POC    13 TId: 5 (      STSA, B-SLICE, QP 46)             2280 bits [Y 27.2892 dB    U 34.9657 dB    V 34.9766 dB] [ET     6 ] [L0 12 8 ] [L1 14 16 ]
POC    15 TId: 5 (      STSA, B-SLICE, QP 46)             2336 bits [Y 27.4679 dB    U 34.9093 dB    V 34.9811 dB] [ET     6 ] [L0 14 12 ] [L1 16 14 ]

	Total Frames |   Bitrate     Y-PSNR    U-PSNR    V-PSNR    YUV-PSNR   
	       17    a    1416.6118   28.6686   35.2054   35.4328   29.7225

 finished @ Mon Apr 24 15:12:42 2023
 Total Time:      744.460 sec. [user]      744.734 sec. [elapsed]

Level: 0
Inject Calls: 314480640
Errors injected by bit:
	Bit 0: 31300
	Bit 1: 31718
	Bit 2: 31507
	Bit 3: 31450
	Bit 4: 31440
	Bit 5: 31193
	Bit 6: 31236
	Bit 7: 31411

Total errors injected: 251255
