vvencFFapp: Fraunhofer VVC Encoder ver. 1.5.0 [Linux][GCC 11.3.0][64 bit][SIMD=AVX2]
 started @ Mon Apr 24 08:05:10 2023
CODING TOOL CFG: CTU128 QT44BTT21 IBD:1 SAO:1 ALF:1 (NonLinLuma:0 NonLinChr:0) CCALF:1 Tiles:1x1 Slices:1 WPP:0 WPP-Substreams:1 TMVP:1 DQ:1 SDH:0 CST:1 BDOF:1 DMVR:1 MTSImplicit:1 SBT:0 JCbCr:1 CabacInitPresent:1 AMVR:5 SMVD:3 LMCS:2 (Signal:SDR Opt:0) CIIP:0 MIP:1 AFFINE:2 (PROF:1, Type:1) MMVD:3 DisFracMMVD:1 SbTMVP:1 GPM:3 LFNST:1 MTS:0 ISP:3 TS:2 TSLog2MaxSize:4 useChromaTS:0 BDPCM:2 IBC:2 BCW:0 
ENC. ALG. CFG: QPA:0 HAD:1 RDQ:1 RDQTS:1 ASR:1 MinSearchWindow:96 RestrictMESampling:0 EDO:2 MCTF:2 
PRE-ANALYSIS CFG: STA:1 LeadFrames:0 TrailFrames:0 
FAST TOOL CFG: ECU:0 FEN:1 FDM:1 FastSearch:4 (SCC:2) LCTUFast:1 FastMrg:2 PBIntraFast:1 AMaxBT:1 FastQtBtEnc:1 ContentBasedFastQtbt:0 FastMIP:3 FastIntraTools:0 IntraEstDecBit:2 FastLocalDualTree:1 IntegerET:0 FastSubPel:1 QtbttExtraFast:3 FastTTSplit:0 IBCFastMethod:3 FIM:0 ALFSpeed:0 QuantThr: 4 
RATE CONTROL CFG: RateControl:0 LookAhead:0 
PARALLEL PROCESSING CFG: NumThreads:0 MaxParallelFrames:0 WppBitEqual:0 WF:0 

POC     0 TId: 0 (  IDR_N_LP, I-SLICE, QP 19, TF 3)    1305264 bits [Y 45.1634 dB    U 45.3294 dB    V 46.0388 dB] [ET   397 ] [L0 ] [L1 ]
POC    16 TId: 1 (      STSA, B-SLICE, QP 22, TF 2)     585016 bits [Y 40.7240 dB    U 42.1516 dB    V 42.9169 dB] [ET   274 ] [L0 0 ] [L1 0 ]
POC     8 TId: 2 (      STSA, B-SLICE, QP 23, TF 1)     365128 bits [Y 39.4813 dB    U 41.7927 dB    V 42.7079 dB] [ET   169 ] [L0 0 16 ] [L1 16 0 ]
POC     4 TId: 3 (      STSA, B-SLICE, QP 26, TF 0)     189504 bits [Y 38.1393 dB    U 41.4403 dB    V 42.4917 dB] [ET   107 ] [L0 0 8 ] [L1 8 16 ]
POC     2 TId: 4 (      STSA, B-SLICE, QP 28)              256 bits [Y 45.1634 dB    U 45.3294 dB    V 46.0388 dB] [ET     3 ] [L0 0 4 ] [L1 4 8 ]
POC     1 TId: 5 (      STSA, B-SLICE, QP 29)              240 bits [Y 45.1634 dB    U 45.3294 dB    V 46.0388 dB] [ET     2 ] [L0 0 2 ] [L1 2 4 ]
POC     3 TId: 5 (      STSA, B-SLICE, QP 29)            72968 bits [Y 37.8453 dB    U 41.7231 dB    V 42.8267 dB] [ET    39 ] [L0 2 0 ] [L1 4 8 ]
POC     6 TId: 4 (      STSA, B-SLICE, QP 28)           130488 bits [Y 37.4198 dB    U 41.0796 dB    V 41.9241 dB] [ET    68 ] [L0 4 0 ] [L1 8 16 ]
POC     5 TId: 5 (      STSA, B-SLICE, QP 29)            75264 bits [Y 37.0742 dB    U 41.1242 dB    V 41.8931 dB] [ET    41 ] [L0 4 0 ] [L1 6 8 ]
POC     7 TId: 5 (      STSA, B-SLICE, QP 29)            73720 bits [Y 37.4050 dB    U 41.2094 dB    V 41.9121 dB] [ET    39 ] [L0 6 4 ] [L1 8 16 ]
POC    12 TId: 3 (      STSA, B-SLICE, QP 26, TF 0)     209368 bits [Y 37.9999 dB    U 41.1727 dB    V 41.8070 dB] [ET   117 ] [L0 8 0 ] [L1 16 8 ]
POC    10 TId: 4 (      STSA, B-SLICE, QP 28)           128168 bits [Y 37.3696 dB    U 40.9496 dB    V 41.4425 dB] [ET    69 ] [L0 8 0 ] [L1 12 16 ]
POC     9 TId: 5 (      STSA, B-SLICE, QP 29)            72128 bits [Y 37.3186 dB    U 41.2003 dB    V 41.7704 dB] [ET    38 ] [L0 8 0 ] [L1 10 12 ]
POC    11 TId: 5 (      STSA, B-SLICE, QP 29)            70776 bits [Y 37.0372 dB    U 40.9000 dB    V 41.4830 dB] [ET    40 ] [L0 10 8 ] [L1 12 16 ]
POC    14 TId: 4 (      STSA, B-SLICE, QP 28)           128352 bits [Y 37.3635 dB    U 41.0757 dB    V 41.7530 dB] [ET    66 ] [L0 12 8 ] [L1 16 12 ]
POC    13 TId: 5 (      STSA, B-SLICE, QP 29)            72584 bits [Y 36.9424 dB    U 40.9498 dB    V 41.5569 dB] [ET    40 ] [L0 12 8 ] [L1 14 16 ]
POC    15 TId: 5 (      STSA, B-SLICE, QP 29)            71880 bits [Y 37.3335 dB    U 41.3058 dB    V 41.9271 dB] [ET    36 ] [L0 14 12 ] [L1 16 14 ]

	Total Frames |   Bitrate     Y-PSNR    U-PSNR    V-PSNR    YUV-PSNR   
	       17    a   10444.4235   39.1143   42.0037   42.7370   39.3188

 finished @ Mon Apr 24 08:31:11 2023
 Total Time:     1560.793 sec. [user]     1560.951 sec. [elapsed]

Level: 0
Inject Calls: 203449344
Errors injected by bit:
	Bit 0: 203824
	Bit 1: 203474
	Bit 2: 203708
	Bit 3: 203174
	Bit 4: 203968
	Bit 5: 203882
	Bit 6: 202912
	Bit 7: 202814

Total errors injected: 1627756
