vvencFFapp: Fraunhofer VVC Encoder ver. 1.5.0 [Linux][GCC 11.3.0][64 bit][SIMD=AVX2]
 started @ Mon Apr 24 11:15:14 2023
CODING TOOL CFG: CTU128 QT44BTT21 IBD:1 SAO:1 ALF:1 (NonLinLuma:0 NonLinChr:0) CCALF:1 Tiles:1x1 Slices:1 WPP:0 WPP-Substreams:1 TMVP:1 DQ:1 SDH:0 CST:1 BDOF:1 DMVR:1 MTSImplicit:1 SBT:0 JCbCr:1 CabacInitPresent:1 AMVR:5 SMVD:3 LMCS:2 (Signal:SDR Opt:0) CIIP:0 MIP:1 AFFINE:2 (PROF:1, Type:1) MMVD:3 DisFracMMVD:1 SbTMVP:1 GPM:3 LFNST:1 MTS:0 ISP:3 TS:2 TSLog2MaxSize:4 useChromaTS:0 BDPCM:2 IBC:2 BCW:0 
ENC. ALG. CFG: QPA:0 HAD:1 RDQ:1 RDQTS:1 ASR:1 MinSearchWindow:96 RestrictMESampling:0 EDO:2 MCTF:2 
PRE-ANALYSIS CFG: STA:1 LeadFrames:0 TrailFrames:0 
FAST TOOL CFG: ECU:0 FEN:1 FDM:1 FastSearch:4 (SCC:2) LCTUFast:1 FastMrg:2 PBIntraFast:1 AMaxBT:1 FastQtBtEnc:1 ContentBasedFastQtbt:0 FastMIP:3 FastIntraTools:0 IntraEstDecBit:2 FastLocalDualTree:1 IntegerET:0 FastSubPel:1 QtbttExtraFast:3 FastTTSplit:0 IBCFastMethod:3 FIM:0 ALFSpeed:0 QuantThr: 4 
RATE CONTROL CFG: RateControl:0 LookAhead:0 
PARALLEL PROCESSING CFG: NumThreads:0 MaxParallelFrames:0 WppBitEqual:0 WF:0 

POC     0 TId: 0 (  IDR_N_LP, I-SLICE, QP 24, TF 3)     868072 bits [Y 40.4710 dB    U 41.2896 dB    V 42.0298 dB] [ET   356 ] [L0 ] [L1 ]
POC    16 TId: 1 (      STSA, B-SLICE, QP 28, TF 2)     284952 bits [Y 36.0979 dB    U 39.0826 dB    V 39.7045 dB] [ET   241 ] [L0 0 ] [L1 0 ]
POC     8 TId: 2 (      STSA, B-SLICE, QP 29, TF 1)     173304 bits [Y 35.5873 dB    U 39.0455 dB    V 39.8838 dB] [ET   140 ] [L0 0 16 ] [L1 16 0 ]
POC     4 TId: 3 (      STSA, B-SLICE, QP 32, TF 0)      84064 bits [Y 34.6900 dB    U 38.8715 dB    V 39.6857 dB] [ET    84 ] [L0 0 8 ] [L1 8 16 ]
POC     2 TId: 4 (      STSA, B-SLICE, QP 34)              248 bits [Y 40.4710 dB    U 41.2896 dB    V 42.0298 dB] [ET     3 ] [L0 0 4 ] [L1 4 8 ]
POC     1 TId: 5 (      STSA, B-SLICE, QP 36)              232 bits [Y 40.4710 dB    U 41.2896 dB    V 42.0298 dB] [ET     2 ] [L0 0 2 ] [L1 2 4 ]
POC     3 TId: 5 (      STSA, B-SLICE, QP 36)            22160 bits [Y 34.3451 dB    U 39.2979 dB    V 40.1532 dB] [ET    20 ] [L0 2 0 ] [L1 4 8 ]
POC     6 TId: 4 (      STSA, B-SLICE, QP 34)            55952 bits [Y 33.8910 dB    U 38.6627 dB    V 39.2598 dB] [ET    42 ] [L0 4 0 ] [L1 8 16 ]
POC     5 TId: 5 (      STSA, B-SLICE, QP 36)            23240 bits [Y 33.2830 dB    U 38.6584 dB    V 39.3158 dB] [ET    22 ] [L0 4 0 ] [L1 6 8 ]
POC     7 TId: 5 (      STSA, B-SLICE, QP 36)            22560 bits [Y 33.5155 dB    U 38.7326 dB    V 39.3519 dB] [ET    21 ] [L0 6 4 ] [L1 8 16 ]
POC    12 TId: 3 (      STSA, B-SLICE, QP 32, TF 0)      95816 bits [Y 34.2610 dB    U 38.5758 dB    V 39.0266 dB] [ET    87 ] [L0 8 0 ] [L1 16 8 ]
POC    10 TId: 4 (      STSA, B-SLICE, QP 34)            52808 bits [Y 33.6989 dB    U 38.5703 dB    V 38.7454 dB] [ET    42 ] [L0 8 0 ] [L1 12 16 ]
POC     9 TId: 5 (      STSA, B-SLICE, QP 36)            21040 bits [Y 33.3915 dB    U 38.6713 dB    V 39.1598 dB] [ET    21 ] [L0 8 0 ] [L1 10 12 ]
POC    11 TId: 5 (      STSA, B-SLICE, QP 36)            22056 bits [Y 33.1077 dB    U 38.5130 dB    V 38.8636 dB] [ET    21 ] [L0 10 8 ] [L1 12 16 ]
POC    14 TId: 4 (      STSA, B-SLICE, QP 34)            55264 bits [Y 33.7095 dB    U 38.5037 dB    V 38.9065 dB] [ET    40 ] [L0 12 8 ] [L1 16 12 ]
POC    13 TId: 5 (      STSA, B-SLICE, QP 36)            21464 bits [Y 33.0511 dB    U 38.4603 dB    V 38.9264 dB] [ET    22 ] [L0 12 8 ] [L1 14 16 ]
POC    15 TId: 5 (      STSA, B-SLICE, QP 36)            22208 bits [Y 33.3943 dB    U 38.6421 dB    V 39.1415 dB] [ET    19 ] [L0 14 12 ] [L1 16 14 ]

	Total Frames |   Bitrate     Y-PSNR    U-PSNR    V-PSNR    YUV-PSNR   
	       17    a    5368.9412   35.1433   39.1857   39.7773   35.6558

 finished @ Mon Apr 24 11:35:13 2023
 Total Time:     1199.757 sec. [user]     1199.829 sec. [elapsed]

Level: 0
Inject Calls: 259475200
Errors injected by bit:
	Bit 0: 25977
	Bit 1: 25589
	Bit 2: 26030
	Bit 3: 25965
	Bit 4: 25818
	Bit 5: 25679
	Bit 6: 26111
	Bit 7: 25674

Total errors injected: 206843
