vvencFFapp: Fraunhofer VVC Encoder ver. 1.5.0 [Linux][GCC 11.3.0][64 bit][SIMD=AVX2]
 started @ Mon Apr 24 05:25:07 2023
CODING TOOL CFG: CTU128 QT44BTT21 IBD:1 SAO:1 ALF:1 (NonLinLuma:0 NonLinChr:0) CCALF:1 Tiles:1x1 Slices:1 WPP:0 WPP-Substreams:1 TMVP:1 DQ:1 SDH:0 CST:1 BDOF:1 DMVR:1 MTSImplicit:1 SBT:0 JCbCr:1 CabacInitPresent:1 AMVR:5 SMVD:3 LMCS:2 (Signal:SDR Opt:0) CIIP:0 MIP:1 AFFINE:2 (PROF:1, Type:1) MMVD:3 DisFracMMVD:1 SbTMVP:1 GPM:3 LFNST:1 MTS:0 ISP:3 TS:2 TSLog2MaxSize:4 useChromaTS:0 BDPCM:2 IBC:2 BCW:0 
ENC. ALG. CFG: QPA:0 HAD:1 RDQ:1 RDQTS:1 ASR:1 MinSearchWindow:96 RestrictMESampling:0 EDO:2 MCTF:2 
PRE-ANALYSIS CFG: STA:1 LeadFrames:0 TrailFrames:0 
FAST TOOL CFG: ECU:0 FEN:1 FDM:1 FastSearch:4 (SCC:2) LCTUFast:1 FastMrg:2 PBIntraFast:1 AMaxBT:1 FastQtBtEnc:1 ContentBasedFastQtbt:0 FastMIP:3 FastIntraTools:0 IntraEstDecBit:2 FastLocalDualTree:1 IntegerET:0 FastSubPel:1 QtbttExtraFast:3 FastTTSplit:0 IBCFastMethod:3 FIM:0 ALFSpeed:0 QuantThr: 4 
RATE CONTROL CFG: RateControl:0 LookAhead:0 
PARALLEL PROCESSING CFG: NumThreads:0 MaxParallelFrames:0 WppBitEqual:0 WF:0 

POC     0 TId: 0 (  IDR_N_LP, I-SLICE, QP 29, TF 2)     245544 bits [Y 36.0242 dB    U 38.6082 dB    V 40.2672 dB] [ET   179 ] [L0 ] [L1 ]
POC    16 TId: 1 (      STSA, B-SLICE, QP 34, TF 1)     117512 bits [Y 34.6219 dB    U 37.3537 dB    V 38.4887 dB] [ET   117 ] [L0 0 ] [L1 0 ]
POC     8 TId: 2 (      STSA, B-SLICE, QP 35, TF 0)      82376 bits [Y 33.8081 dB    U 37.0826 dB    V 38.2387 dB] [ET   111 ] [L0 0 16 ] [L1 16 0 ]
POC     4 TId: 3 (      STSA, B-SLICE, QP 38)            35912 bits [Y 33.0228 dB    U 37.2481 dB    V 38.5372 dB] [ET    74 ] [L0 0 8 ] [L1 8 16 ]
POC     2 TId: 4 (      STSA, B-SLICE, QP 40)            19432 bits [Y 32.7041 dB    U 37.4949 dB    V 38.9209 dB] [ET    26 ] [L0 0 4 ] [L1 4 8 ]
POC     1 TId: 5 (      STSA, B-SLICE, QP 41)            10696 bits [Y 32.9366 dB    U 37.5893 dB    V 39.1856 dB] [ET    15 ] [L0 0 2 ] [L1 2 4 ]
POC     3 TId: 5 (      STSA, B-SLICE, QP 41)            10328 bits [Y 32.3432 dB    U 37.1016 dB    V 38.5129 dB] [ET    16 ] [L0 2 0 ] [L1 4 8 ]
POC     6 TId: 4 (      STSA, B-SLICE, QP 40)            19272 bits [Y 32.4478 dB    U 37.0096 dB    V 38.2016 dB] [ET    26 ] [L0 4 0 ] [L1 8 16 ]
POC     5 TId: 5 (      STSA, B-SLICE, QP 41)             9240 bits [Y 32.2895 dB    U 36.9932 dB    V 38.4143 dB] [ET    16 ] [L0 4 0 ] [L1 6 8 ]
POC     7 TId: 5 (      STSA, B-SLICE, QP 41)             9216 bits [Y 32.3058 dB    U 36.7384 dB    V 38.0026 dB] [ET    16 ] [L0 6 4 ] [L1 8 16 ]
POC    12 TId: 3 (      STSA, B-SLICE, QP 38)            36968 bits [Y 32.8032 dB    U 37.1357 dB    V 37.9708 dB] [ET    68 ] [L0 8 0 ] [L1 16 8 ]
POC    10 TId: 4 (      STSA, B-SLICE, QP 40)            20584 bits [Y 32.2722 dB    U 36.7942 dB    V 37.6847 dB] [ET    29 ] [L0 8 0 ] [L1 12 16 ]
POC     9 TId: 5 (      STSA, B-SLICE, QP 41)             9504 bits [Y 32.1868 dB    U 36.8814 dB    V 37.8719 dB] [ET    15 ] [L0 8 0 ] [L1 10 12 ]
POC    11 TId: 5 (      STSA, B-SLICE, QP 41)             9512 bits [Y 32.0624 dB    U 36.8958 dB    V 37.7153 dB] [ET    15 ] [L0 10 8 ] [L1 12 16 ]
POC    14 TId: 4 (      STSA, B-SLICE, QP 40)            18344 bits [Y 32.3120 dB    U 36.9097 dB    V 37.8270 dB] [ET    26 ] [L0 12 8 ] [L1 16 12 ]
POC    13 TId: 5 (      STSA, B-SLICE, QP 41)             9040 bits [Y 32.0962 dB    U 36.8595 dB    V 37.8203 dB] [ET    15 ] [L0 12 8 ] [L1 14 16 ]
POC    15 TId: 5 (      STSA, B-SLICE, QP 41)             8448 bits [Y 32.4484 dB    U 36.9964 dB    V 38.0933 dB] [ET    13 ] [L0 14 12 ] [L1 16 14 ]

	Total Frames |   Bitrate     Y-PSNR    U-PSNR    V-PSNR    YUV-PSNR   
	       17    a    1185.7553   32.8638   37.1584   38.3384   33.8732

 finished @ Mon Apr 24 05:38:16 2023
 Total Time:      788.760 sec. [user]      788.975 sec. [elapsed]

Level: 0
Inject Calls: 139733888
Errors injected by bit:
	Bit 0: 140224
	Bit 1: 138979
	Bit 2: 139674
	Bit 3: 139557
	Bit 4: 140422
	Bit 5: 139406
	Bit 6: 140219
	Bit 7: 140109

Total errors injected: 1118590
