vvencFFapp: Fraunhofer VVC Encoder ver. 1.5.0 [Linux][GCC 11.3.0][64 bit][SIMD=AVX2]
 started @ Mon Apr 24 01:10:02 2023
CODING TOOL CFG: CTU128 QT44BTT21 IBD:1 SAO:1 ALF:1 (NonLinLuma:0 NonLinChr:0) CCALF:1 Tiles:1x1 Slices:1 WPP:0 WPP-Substreams:1 TMVP:1 DQ:1 SDH:0 CST:1 BDOF:1 DMVR:1 MTSImplicit:1 SBT:0 JCbCr:1 CabacInitPresent:1 AMVR:5 SMVD:3 LMCS:2 (Signal:SDR Opt:0) CIIP:0 MIP:1 AFFINE:2 (PROF:1, Type:1) MMVD:3 DisFracMMVD:1 SbTMVP:1 GPM:3 LFNST:1 MTS:0 ISP:3 TS:2 TSLog2MaxSize:4 useChromaTS:0 BDPCM:2 IBC:2 BCW:0 
ENC. ALG. CFG: QPA:0 HAD:1 RDQ:1 RDQTS:1 ASR:1 MinSearchWindow:96 RestrictMESampling:0 EDO:2 MCTF:2 
PRE-ANALYSIS CFG: STA:1 LeadFrames:0 TrailFrames:0 
FAST TOOL CFG: ECU:0 FEN:1 FDM:1 FastSearch:4 (SCC:2) LCTUFast:1 FastMrg:2 PBIntraFast:1 AMaxBT:1 FastQtBtEnc:1 ContentBasedFastQtbt:0 FastMIP:3 FastIntraTools:0 IntraEstDecBit:2 FastLocalDualTree:1 IntegerET:0 FastSubPel:1 QtbttExtraFast:3 FastTTSplit:0 IBCFastMethod:3 FIM:0 ALFSpeed:0 QuantThr: 4 
RATE CONTROL CFG: RateControl:0 LookAhead:0 
PARALLEL PROCESSING CFG: NumThreads:0 MaxParallelFrames:0 WppBitEqual:0 WF:0 

POC     0 TId: 0 (  IDR_N_LP, I-SLICE, QP 19, TF 3)     629392 bits [Y 41.1842 dB    U 43.2214 dB    V 44.1771 dB] [ET   293 ] [L0 ] [L1 ]
POC    16 TId: 1 (      STSA, B-SLICE, QP 22, TF 2)     441528 bits [Y 42.3188 dB    U 43.3829 dB    V 44.2607 dB] [ET   236 ] [L0 0 ] [L1 0 ]
POC     8 TId: 2 (      STSA, B-SLICE, QP 23, TF 1)     351384 bits [Y 40.6692 dB    U 42.0600 dB    V 43.2618 dB] [ET   194 ] [L0 0 16 ] [L1 16 0 ]
POC     4 TId: 3 (      STSA, B-SLICE, QP 26, TF 0)     176032 bits [Y 38.9288 dB    U 41.3771 dB    V 42.5487 dB] [ET   125 ] [L0 0 8 ] [L1 8 16 ]
POC     2 TId: 4 (      STSA, B-SLICE, QP 28)           107608 bits [Y 38.3483 dB    U 41.4884 dB    V 42.5989 dB] [ET    76 ] [L0 0 4 ] [L1 4 8 ]
POC     1 TId: 5 (      STSA, B-SLICE, QP 29)            67312 bits [Y 37.8881 dB    U 41.5489 dB    V 42.7451 dB] [ET    48 ] [L0 0 2 ] [L1 2 4 ]
POC     3 TId: 5 (      STSA, B-SLICE, QP 29)            64368 bits [Y 37.7160 dB    U 41.0863 dB    V 42.2424 dB] [ET    49 ] [L0 2 0 ] [L1 4 8 ]
POC     6 TId: 4 (      STSA, B-SLICE, QP 28)           101824 bits [Y 38.3185 dB    U 41.1398 dB    V 42.3008 dB] [ET    74 ] [L0 4 0 ] [L1 8 16 ]
POC     5 TId: 5 (      STSA, B-SLICE, QP 29)            61304 bits [Y 37.7304 dB    U 40.8698 dB    V 42.1546 dB] [ET    48 ] [L0 4 0 ] [L1 6 8 ]
POC     7 TId: 5 (      STSA, B-SLICE, QP 29)            64144 bits [Y 37.8324 dB    U 40.9287 dB    V 42.1303 dB] [ET    48 ] [L0 6 4 ] [L1 8 16 ]
POC    12 TId: 3 (      STSA, B-SLICE, QP 26, TF 0)     184616 bits [Y 38.9610 dB    U 41.5265 dB    V 42.4430 dB] [ET   134 ] [L0 8 0 ] [L1 16 8 ]
POC    10 TId: 4 (      STSA, B-SLICE, QP 28)           114096 bits [Y 38.3061 dB    U 41.1637 dB    V 42.0124 dB] [ET    80 ] [L0 8 0 ] [L1 12 16 ]
POC     9 TId: 5 (      STSA, B-SLICE, QP 29)            64648 bits [Y 37.8231 dB    U 40.9425 dB    V 42.1966 dB] [ET    49 ] [L0 8 0 ] [L1 10 12 ]
POC    11 TId: 5 (      STSA, B-SLICE, QP 29)            67792 bits [Y 37.7112 dB    U 40.9603 dB    V 41.8178 dB] [ET    52 ] [L0 10 8 ] [L1 12 16 ]
POC    14 TId: 4 (      STSA, B-SLICE, QP 28)           115800 bits [Y 38.3824 dB    U 41.2297 dB    V 42.2953 dB] [ET    77 ] [L0 12 8 ] [L1 16 12 ]
POC    13 TId: 5 (      STSA, B-SLICE, QP 29)            65568 bits [Y 37.7365 dB    U 40.9849 dB    V 42.0135 dB] [ET    50 ] [L0 12 8 ] [L1 14 16 ]
POC    15 TId: 5 (      STSA, B-SLICE, QP 29)            68680 bits [Y 37.9000 dB    U 41.2660 dB    V 42.4621 dB] [ET    49 ] [L0 14 12 ] [L1 16 14 ]

	Total Frames |   Bitrate     Y-PSNR    U-PSNR    V-PSNR    YUV-PSNR   
	       17    a    4846.0518   38.6915   41.4810   42.5683   39.3876

 finished @ Mon Apr 24 01:38:22 2023
 Total Time:     1699.486 sec. [user]     1699.642 sec. [elapsed]

Level: 0
Inject Calls: 157436416
Errors injected by bit:
	Bit 0: 15695
	Bit 1: 15650
	Bit 2: 15570
	Bit 3: 15673
	Bit 4: 15864
	Bit 5: 15823
	Bit 6: 15704
	Bit 7: 15631

Total errors injected: 125610
