vvencFFapp: Fraunhofer VVC Encoder ver. 1.5.0 [Linux][GCC 11.3.0][64 bit][SIMD=AVX2]
 started @ Mon Apr 24 03:30:05 2023
CODING TOOL CFG: CTU128 QT44BTT21 IBD:1 SAO:1 ALF:1 (NonLinLuma:0 NonLinChr:0) CCALF:1 Tiles:1x1 Slices:1 WPP:0 WPP-Substreams:1 TMVP:1 DQ:1 SDH:0 CST:1 BDOF:1 DMVR:1 MTSImplicit:1 SBT:0 JCbCr:1 CabacInitPresent:1 AMVR:5 SMVD:3 LMCS:2 (Signal:SDR Opt:0) CIIP:0 MIP:1 AFFINE:2 (PROF:1, Type:1) MMVD:3 DisFracMMVD:1 SbTMVP:1 GPM:3 LFNST:1 MTS:0 ISP:3 TS:2 TSLog2MaxSize:4 useChromaTS:0 BDPCM:2 IBC:2 BCW:0 
ENC. ALG. CFG: QPA:0 HAD:1 RDQ:1 RDQTS:1 ASR:1 MinSearchWindow:96 RestrictMESampling:0 EDO:2 MCTF:2 
PRE-ANALYSIS CFG: STA:1 LeadFrames:0 TrailFrames:0 
FAST TOOL CFG: ECU:0 FEN:1 FDM:1 FastSearch:4 (SCC:2) LCTUFast:1 FastMrg:2 PBIntraFast:1 AMaxBT:1 FastQtBtEnc:1 ContentBasedFastQtbt:0 FastMIP:3 FastIntraTools:0 IntraEstDecBit:2 FastLocalDualTree:1 IntegerET:0 FastSubPel:1 QtbttExtraFast:3 FastTTSplit:0 IBCFastMethod:3 FIM:0 ALFSpeed:0 QuantThr: 4 
RATE CONTROL CFG: RateControl:0 LookAhead:0 
PARALLEL PROCESSING CFG: NumThreads:0 MaxParallelFrames:0 WppBitEqual:0 WF:0 

POC     0 TId: 0 (  IDR_N_LP, I-SLICE, QP 24, TF 3)     399128 bits [Y 38.6505 dB    U 40.8666 dB    V 42.1124 dB] [ET   236 ] [L0 ] [L1 ]
POC    16 TId: 1 (      STSA, B-SLICE, QP 28, TF 2)     242984 bits [Y 38.5656 dB    U 40.3025 dB    V 41.5233 dB] [ET   161 ] [L0 0 ] [L1 0 ]
POC     8 TId: 2 (      STSA, B-SLICE, QP 29, TF 1)     178632 bits [Y 37.2294 dB    U 39.5570 dB    V 40.7852 dB] [ET   139 ] [L0 0 16 ] [L1 16 0 ]
POC     4 TId: 3 (      STSA, B-SLICE, QP 32, TF 0)      77896 bits [Y 35.9407 dB    U 39.2292 dB    V 40.3233 dB] [ET    78 ] [L0 0 8 ] [L1 8 16 ]
POC     2 TId: 4 (      STSA, B-SLICE, QP 34)            44736 bits [Y 35.6231 dB    U 39.3125 dB    V 40.5195 dB] [ET    45 ] [L0 0 4 ] [L1 4 8 ]
POC     1 TId: 5 (      STSA, B-SLICE, QP 36)            23000 bits [Y 35.2976 dB    U 39.4635 dB    V 40.7386 dB] [ET    25 ] [L0 0 2 ] [L1 2 4 ]
POC     3 TId: 5 (      STSA, B-SLICE, QP 36)            20584 bits [Y 34.8826 dB    U 38.8926 dB    V 40.1950 dB] [ET    25 ] [L0 2 0 ] [L1 4 8 ]
POC     6 TId: 4 (      STSA, B-SLICE, QP 34)            42688 bits [Y 35.4674 dB    U 38.9396 dB    V 40.1558 dB] [ET    45 ] [L0 4 0 ] [L1 8 16 ]
POC     5 TId: 5 (      STSA, B-SLICE, QP 36)            19272 bits [Y 34.8517 dB    U 38.8028 dB    V 40.0737 dB] [ET    26 ] [L0 4 0 ] [L1 6 8 ]
POC     7 TId: 5 (      STSA, B-SLICE, QP 36)            21376 bits [Y 35.0366 dB    U 38.7975 dB    V 40.0917 dB] [ET    26 ] [L0 6 4 ] [L1 8 16 ]
POC    12 TId: 3 (      STSA, B-SLICE, QP 32, TF 0)      79664 bits [Y 35.7896 dB    U 39.2179 dB    V 40.0733 dB] [ET    89 ] [L0 8 0 ] [L1 16 8 ]
POC    10 TId: 4 (      STSA, B-SLICE, QP 34)            46752 bits [Y 35.3818 dB    U 38.8098 dB    V 39.7013 dB] [ET    48 ] [L0 8 0 ] [L1 12 16 ]
POC     9 TId: 5 (      STSA, B-SLICE, QP 36)            21488 bits [Y 35.0250 dB    U 38.7727 dB    V 39.9146 dB] [ET    26 ] [L0 8 0 ] [L1 10 12 ]
POC    11 TId: 5 (      STSA, B-SLICE, QP 36)            20880 bits [Y 34.7339 dB    U 38.6787 dB    V 39.6391 dB] [ET    26 ] [L0 10 8 ] [L1 12 16 ]
POC    14 TId: 4 (      STSA, B-SLICE, QP 34)            44448 bits [Y 35.3404 dB    U 39.0118 dB    V 39.9759 dB] [ET    45 ] [L0 12 8 ] [L1 16 12 ]
POC    13 TId: 5 (      STSA, B-SLICE, QP 36)            19768 bits [Y 34.7723 dB    U 38.8579 dB    V 39.7819 dB] [ET    25 ] [L0 12 8 ] [L1 14 16 ]
POC    15 TId: 5 (      STSA, B-SLICE, QP 36)            19928 bits [Y 34.9809 dB    U 39.1360 dB    V 40.3783 dB] [ET    25 ] [L0 14 12 ] [L1 16 14 ]

	Total Frames |   Bitrate     Y-PSNR    U-PSNR    V-PSNR    YUV-PSNR   
	       17    a    2335.1012   35.7393   39.2146   40.3519   36.5877

 finished @ Mon Apr 24 03:48:31 2023
 Total Time:     1106.165 sec. [user]     1106.229 sec. [elapsed]

Level: 0
Inject Calls: 110548992
Errors injected by bit:
	Bit 0: 110513
	Bit 1: 110601
	Bit 2: 110193
	Bit 3: 110786
	Bit 4: 110776
	Bit 5: 110251
	Bit 6: 110520
	Bit 7: 111051

Total errors injected: 884691
