vvencFFapp: Fraunhofer VVC Encoder ver. 1.5.0 [Linux][GCC 11.3.0][64 bit][SIMD=AVX2]
 started @ Mon Apr 24 07:00:09 2023
CODING TOOL CFG: CTU128 QT44BTT21 IBD:1 SAO:1 ALF:1 (NonLinLuma:0 NonLinChr:0) CCALF:1 Tiles:1x1 Slices:1 WPP:0 WPP-Substreams:1 TMVP:1 DQ:1 SDH:0 CST:1 BDOF:1 DMVR:1 MTSImplicit:1 SBT:0 JCbCr:1 CabacInitPresent:1 AMVR:5 SMVD:3 LMCS:2 (Signal:SDR Opt:0) CIIP:0 MIP:1 AFFINE:2 (PROF:1, Type:1) MMVD:3 DisFracMMVD:1 SbTMVP:1 GPM:3 LFNST:1 MTS:0 ISP:3 TS:2 TSLog2MaxSize:4 useChromaTS:0 BDPCM:2 IBC:2 BCW:0 
ENC. ALG. CFG: QPA:0 HAD:1 RDQ:1 RDQTS:1 ASR:1 MinSearchWindow:96 RestrictMESampling:0 EDO:2 MCTF:2 
PRE-ANALYSIS CFG: STA:1 LeadFrames:0 TrailFrames:0 
FAST TOOL CFG: ECU:0 FEN:1 FDM:1 FastSearch:4 (SCC:2) LCTUFast:1 FastMrg:2 PBIntraFast:1 AMaxBT:1 FastQtBtEnc:1 ContentBasedFastQtbt:0 FastMIP:3 FastIntraTools:0 IntraEstDecBit:2 FastLocalDualTree:1 IntegerET:0 FastSubPel:1 QtbttExtraFast:3 FastTTSplit:0 IBCFastMethod:3 FIM:0 ALFSpeed:0 QuantThr: 4 
RATE CONTROL CFG: RateControl:0 LookAhead:0 
PARALLEL PROCESSING CFG: NumThreads:0 MaxParallelFrames:0 WppBitEqual:0 WF:0 

POC     0 TId: 0 (  IDR_N_LP, I-SLICE, QP 34, TF 2)     137312 bits [Y 33.0393 dB    U 36.5932 dB    V 37.9362 dB] [ET   138 ] [L0 ] [L1 ]
POC    16 TId: 1 (      STSA, B-SLICE, QP 40, TF 1)      50024 bits [Y 30.8447 dB    U 36.0328 dB    V 36.8969 dB] [ET   113 ] [L0 0 ] [L1 0 ]
POC     8 TId: 2 (      STSA, B-SLICE, QP 40, TF 0)      40008 bits [Y 30.7346 dB    U 35.7342 dB    V 36.9579 dB] [ET    89 ] [L0 0 16 ] [L1 16 0 ]
POC     4 TId: 3 (      STSA, B-SLICE, QP 43)            16888 bits [Y 30.2150 dB    U 35.6461 dB    V 36.8647 dB] [ET    46 ] [L0 0 8 ] [L1 8 16 ]
POC     2 TId: 4 (      STSA, B-SLICE, QP 45)             9640 bits [Y 30.1333 dB    U 35.7476 dB    V 37.0866 dB] [ET    16 ] [L0 0 4 ] [L1 4 8 ]
POC     1 TId: 5 (      STSA, B-SLICE, QP 46)             4776 bits [Y 30.3256 dB    U 35.9242 dB    V 37.3079 dB] [ET     9 ] [L0 0 2 ] [L1 2 4 ]
POC     3 TId: 5 (      STSA, B-SLICE, QP 46)             4424 bits [Y 29.7338 dB    U 35.4044 dB    V 36.7272 dB] [ET    10 ] [L0 2 0 ] [L1 4 8 ]
POC     6 TId: 4 (      STSA, B-SLICE, QP 45)             8656 bits [Y 29.7153 dB    U 35.4312 dB    V 36.6002 dB] [ET    17 ] [L0 4 0 ] [L1 8 16 ]
POC     5 TId: 5 (      STSA, B-SLICE, QP 46)             4048 bits [Y 29.5930 dB    U 35.4692 dB    V 36.7617 dB] [ET     9 ] [L0 4 0 ] [L1 6 8 ]
POC     7 TId: 5 (      STSA, B-SLICE, QP 46)             3952 bits [Y 29.6269 dB    U 35.3432 dB    V 36.5028 dB] [ET     8 ] [L0 6 4 ] [L1 8 16 ]
POC    12 TId: 3 (      STSA, B-SLICE, QP 43)            18432 bits [Y 29.8823 dB    U 35.6989 dB    V 36.3033 dB] [ET    49 ] [L0 8 0 ] [L1 16 8 ]
POC    10 TId: 4 (      STSA, B-SLICE, QP 45)             9672 bits [Y 29.3786 dB    U 35.4716 dB    V 36.1936 dB] [ET    18 ] [L0 8 0 ] [L1 12 16 ]
POC     9 TId: 5 (      STSA, B-SLICE, QP 46)             3976 bits [Y 29.4213 dB    U 35.5192 dB    V 36.4791 dB] [ET     9 ] [L0 8 0 ] [L1 10 12 ]
POC    11 TId: 5 (      STSA, B-SLICE, QP 46)             4080 bits [Y 29.2399 dB    U 35.4963 dB    V 36.1908 dB] [ET    10 ] [L0 10 8 ] [L1 12 16 ]
POC    14 TId: 4 (      STSA, B-SLICE, QP 45)             8280 bits [Y 29.4596 dB    U 35.5246 dB    V 36.1194 dB] [ET    16 ] [L0 12 8 ] [L1 16 12 ]
POC    13 TId: 5 (      STSA, B-SLICE, QP 46)             4120 bits [Y 29.3830 dB    U 35.4813 dB    V 36.0982 dB] [ET     9 ] [L0 12 8 ] [L1 14 16 ]
POC    15 TId: 5 (      STSA, B-SLICE, QP 46)             3736 bits [Y 29.7286 dB    U 35.6464 dB    V 36.3575 dB] [ET     7 ] [L0 14 12 ] [L1 16 14 ]

	Total Frames |   Bitrate     Y-PSNR    U-PSNR    V-PSNR    YUV-PSNR   
	       17    a     585.9247   30.0268   35.6567   36.6697   31.2154

 finished @ Mon Apr 24 07:09:56 2023
 Total Time:      587.368 sec. [user]      587.428 sec. [elapsed]

Level: 0
Inject Calls: 157003648
Errors injected by bit:
	Bit 0: 15616
	Bit 1: 15769
	Bit 2: 15826
	Bit 3: 15600
	Bit 4: 15609
	Bit 5: 15746
	Bit 6: 15644
	Bit 7: 15729

Total errors injected: 125539
