vvencFFapp: Fraunhofer VVC Encoder ver. 1.5.0 [Linux][GCC 11.3.0][64 bit][SIMD=AVX2]
 started @ Mon Apr 24 06:50:08 2023
CODING TOOL CFG: CTU128 QT44BTT21 IBD:1 SAO:1 ALF:1 (NonLinLuma:0 NonLinChr:0) CCALF:1 Tiles:1x1 Slices:1 WPP:0 WPP-Substreams:1 TMVP:1 DQ:1 SDH:0 CST:1 BDOF:1 DMVR:1 MTSImplicit:1 SBT:0 JCbCr:1 CabacInitPresent:1 AMVR:5 SMVD:3 LMCS:2 (Signal:SDR Opt:0) CIIP:0 MIP:1 AFFINE:2 (PROF:1, Type:1) MMVD:3 DisFracMMVD:1 SbTMVP:1 GPM:3 LFNST:1 MTS:0 ISP:3 TS:2 TSLog2MaxSize:4 useChromaTS:0 BDPCM:2 IBC:2 BCW:0 
ENC. ALG. CFG: QPA:0 HAD:1 RDQ:1 RDQTS:1 ASR:1 MinSearchWindow:96 RestrictMESampling:0 EDO:2 MCTF:2 
PRE-ANALYSIS CFG: STA:1 LeadFrames:0 TrailFrames:0 
FAST TOOL CFG: ECU:0 FEN:1 FDM:1 FastSearch:4 (SCC:2) LCTUFast:1 FastMrg:2 PBIntraFast:1 AMaxBT:1 FastQtBtEnc:1 ContentBasedFastQtbt:0 FastMIP:3 FastIntraTools:0 IntraEstDecBit:2 FastLocalDualTree:1 IntegerET:0 FastSubPel:1 QtbttExtraFast:3 FastTTSplit:0 IBCFastMethod:3 FIM:0 ALFSpeed:0 QuantThr: 4 
RATE CONTROL CFG: RateControl:0 LookAhead:0 
PARALLEL PROCESSING CFG: NumThreads:0 MaxParallelFrames:0 WppBitEqual:0 WF:0 

POC     0 TId: 0 (  IDR_N_LP, I-SLICE, QP 34, TF 2)     137312 bits [Y 33.0393 dB    U 36.5932 dB    V 37.9362 dB] [ET   138 ] [L0 ] [L1 ]
POC    16 TId: 1 (      STSA, B-SLICE, QP 40, TF 1)      49944 bits [Y 30.8662 dB    U 35.9903 dB    V 36.8608 dB] [ET    99 ] [L0 0 ] [L1 0 ]
POC     8 TId: 2 (      STSA, B-SLICE, QP 40, TF 0)      40432 bits [Y 30.7436 dB    U 35.8180 dB    V 36.8524 dB] [ET    80 ] [L0 0 16 ] [L1 16 0 ]
POC     4 TId: 3 (      STSA, B-SLICE, QP 43)            16600 bits [Y 30.1624 dB    U 35.6247 dB    V 36.9048 dB] [ET    50 ] [L0 0 8 ] [L1 8 16 ]
POC     2 TId: 4 (      STSA, B-SLICE, QP 45)             9704 bits [Y 30.1024 dB    U 35.7936 dB    V 37.0746 dB] [ET    15 ] [L0 0 4 ] [L1 4 8 ]
POC     1 TId: 5 (      STSA, B-SLICE, QP 46)             4760 bits [Y 30.3819 dB    U 35.9484 dB    V 37.3636 dB] [ET     9 ] [L0 0 2 ] [L1 2 4 ]
POC     3 TId: 5 (      STSA, B-SLICE, QP 46)             4256 bits [Y 29.7406 dB    U 35.4502 dB    V 36.7854 dB] [ET     9 ] [L0 2 0 ] [L1 4 8 ]
POC     6 TId: 4 (      STSA, B-SLICE, QP 45)             8584 bits [Y 29.6582 dB    U 35.5271 dB    V 36.5566 dB] [ET    17 ] [L0 4 0 ] [L1 8 16 ]
POC     5 TId: 5 (      STSA, B-SLICE, QP 46)             4272 bits [Y 29.5777 dB    U 35.5011 dB    V 36.7890 dB] [ET    10 ] [L0 4 0 ] [L1 6 8 ]
POC     7 TId: 5 (      STSA, B-SLICE, QP 46)             3944 bits [Y 29.6309 dB    U 35.3631 dB    V 36.4756 dB] [ET     8 ] [L0 6 4 ] [L1 8 16 ]
POC    12 TId: 3 (      STSA, B-SLICE, QP 43)            18848 bits [Y 29.8990 dB    U 35.7796 dB    V 36.2575 dB] [ET    41 ] [L0 8 0 ] [L1 16 8 ]
POC    10 TId: 4 (      STSA, B-SLICE, QP 45)             9384 bits [Y 29.3473 dB    U 35.4749 dB    V 36.2068 dB] [ET    18 ] [L0 8 0 ] [L1 12 16 ]
POC     9 TId: 5 (      STSA, B-SLICE, QP 46)             3816 bits [Y 29.4105 dB    U 35.5852 dB    V 36.4559 dB] [ET     9 ] [L0 8 0 ] [L1 10 12 ]
POC    11 TId: 5 (      STSA, B-SLICE, QP 46)             4064 bits [Y 29.2674 dB    U 35.5589 dB    V 36.1687 dB] [ET     9 ] [L0 10 8 ] [L1 12 16 ]
POC    14 TId: 4 (      STSA, B-SLICE, QP 45)             8304 bits [Y 29.4338 dB    U 35.5623 dB    V 36.0222 dB] [ET    16 ] [L0 12 8 ] [L1 16 12 ]
POC    13 TId: 5 (      STSA, B-SLICE, QP 46)             3944 bits [Y 29.3847 dB    U 35.5732 dB    V 36.0492 dB] [ET     9 ] [L0 12 8 ] [L1 14 16 ]
POC    15 TId: 5 (      STSA, B-SLICE, QP 46)             3488 bits [Y 29.6538 dB    U 35.7008 dB    V 36.3682 dB] [ET     8 ] [L0 14 12 ] [L1 16 14 ]

	Total Frames |   Bitrate     Y-PSNR    U-PSNR    V-PSNR    YUV-PSNR   
	       17    a     585.2753   30.0176   35.6967   36.6546   31.2079

 finished @ Mon Apr 24 06:59:26 2023
 Total Time:      558.078 sec. [user]      558.137 sec. [elapsed]

Level: 0
Inject Calls: 123584384
Errors injected by bit:
	Bit 0: 123309
	Bit 1: 124134
	Bit 2: 123623
	Bit 3: 123822
	Bit 4: 123124
	Bit 5: 123884
	Bit 6: 123774
	Bit 7: 124432

Total errors injected: 990102
