vvencFFapp: Fraunhofer VVC Encoder ver. 1.5.0 [Linux][GCC 11.3.0][64 bit][SIMD=AVX2]
 started @ Mon Apr 24 03:30:05 2023
CODING TOOL CFG: CTU128 QT44BTT21 IBD:1 SAO:1 ALF:1 (NonLinLuma:0 NonLinChr:0) CCALF:1 Tiles:1x1 Slices:1 WPP:0 WPP-Substreams:1 TMVP:1 DQ:1 SDH:0 CST:1 BDOF:1 DMVR:1 MTSImplicit:1 SBT:0 JCbCr:1 CabacInitPresent:1 AMVR:5 SMVD:3 LMCS:2 (Signal:SDR Opt:0) CIIP:0 MIP:1 AFFINE:2 (PROF:1, Type:1) MMVD:3 DisFracMMVD:1 SbTMVP:1 GPM:3 LFNST:1 MTS:0 ISP:3 TS:2 TSLog2MaxSize:4 useChromaTS:0 BDPCM:2 IBC:2 BCW:0 
ENC. ALG. CFG: QPA:0 HAD:1 RDQ:1 RDQTS:1 ASR:1 MinSearchWindow:96 RestrictMESampling:0 EDO:2 MCTF:2 
PRE-ANALYSIS CFG: STA:1 LeadFrames:0 TrailFrames:0 
FAST TOOL CFG: ECU:0 FEN:1 FDM:1 FastSearch:4 (SCC:2) LCTUFast:1 FastMrg:2 PBIntraFast:1 AMaxBT:1 FastQtBtEnc:1 ContentBasedFastQtbt:0 FastMIP:3 FastIntraTools:0 IntraEstDecBit:2 FastLocalDualTree:1 IntegerET:0 FastSubPel:1 QtbttExtraFast:3 FastTTSplit:0 IBCFastMethod:3 FIM:0 ALFSpeed:0 QuantThr: 4 
RATE CONTROL CFG: RateControl:0 LookAhead:0 
PARALLEL PROCESSING CFG: NumThreads:0 MaxParallelFrames:0 WppBitEqual:0 WF:0 

POC     0 TId: 0 (  IDR_N_LP, I-SLICE, QP 24, TF 3)     399128 bits [Y 38.6505 dB    U 40.8666 dB    V 42.1124 dB] [ET   235 ] [L0 ] [L1 ]
POC    16 TId: 1 (      STSA, B-SLICE, QP 28, TF 2)     244360 bits [Y 38.5793 dB    U 40.3404 dB    V 41.5269 dB] [ET   157 ] [L0 0 ] [L1 0 ]
POC     8 TId: 2 (      STSA, B-SLICE, QP 29, TF 1)     179648 bits [Y 37.2373 dB    U 39.5809 dB    V 40.7881 dB] [ET   141 ] [L0 0 16 ] [L1 16 0 ]
POC     4 TId: 3 (      STSA, B-SLICE, QP 32, TF 0)      77632 bits [Y 35.9424 dB    U 39.1886 dB    V 40.3585 dB] [ET    88 ] [L0 0 8 ] [L1 8 16 ]
POC     2 TId: 4 (      STSA, B-SLICE, QP 34)            45328 bits [Y 35.6557 dB    U 39.3193 dB    V 40.5550 dB] [ET    44 ] [L0 0 4 ] [L1 4 8 ]
POC     1 TId: 5 (      STSA, B-SLICE, QP 36)            23144 bits [Y 35.3418 dB    U 39.5148 dB    V 40.7960 dB] [ET    24 ] [L0 0 2 ] [L1 2 4 ]
POC     3 TId: 5 (      STSA, B-SLICE, QP 36)            20848 bits [Y 34.8645 dB    U 38.8666 dB    V 40.1743 dB] [ET    25 ] [L0 2 0 ] [L1 4 8 ]
POC     6 TId: 4 (      STSA, B-SLICE, QP 34)            42976 bits [Y 35.4796 dB    U 38.8354 dB    V 40.1007 dB] [ET    44 ] [L0 4 0 ] [L1 8 16 ]
POC     5 TId: 5 (      STSA, B-SLICE, QP 36)            19672 bits [Y 34.9071 dB    U 38.8448 dB    V 40.1203 dB] [ET    24 ] [L0 4 0 ] [L1 6 8 ]
POC     7 TId: 5 (      STSA, B-SLICE, QP 36)            21008 bits [Y 35.0492 dB    U 38.7150 dB    V 40.0435 dB] [ET    25 ] [L0 6 4 ] [L1 8 16 ]
POC    12 TId: 3 (      STSA, B-SLICE, QP 32, TF 0)      78680 bits [Y 35.7807 dB    U 39.2551 dB    V 40.1233 dB] [ET    93 ] [L0 8 0 ] [L1 16 8 ]
POC    10 TId: 4 (      STSA, B-SLICE, QP 34)            46368 bits [Y 35.3626 dB    U 38.8011 dB    V 39.7873 dB] [ET    48 ] [L0 8 0 ] [L1 12 16 ]
POC     9 TId: 5 (      STSA, B-SLICE, QP 36)            20664 bits [Y 34.9669 dB    U 38.7437 dB    V 39.9639 dB] [ET    26 ] [L0 8 0 ] [L1 10 12 ]
POC    11 TId: 5 (      STSA, B-SLICE, QP 36)            20888 bits [Y 34.7475 dB    U 38.7559 dB    V 39.6760 dB] [ET    27 ] [L0 10 8 ] [L1 12 16 ]
POC    14 TId: 4 (      STSA, B-SLICE, QP 34)            44352 bits [Y 35.3286 dB    U 39.0056 dB    V 40.0966 dB] [ET    44 ] [L0 12 8 ] [L1 16 12 ]
POC    13 TId: 5 (      STSA, B-SLICE, QP 36)            19544 bits [Y 34.7803 dB    U 38.8401 dB    V 39.8267 dB] [ET    25 ] [L0 12 8 ] [L1 14 16 ]
POC    15 TId: 5 (      STSA, B-SLICE, QP 36)            19200 bits [Y 34.9864 dB    U 39.1687 dB    V 40.3421 dB] [ET    23 ] [L0 14 12 ] [L1 16 14 ]

	Total Frames |   Bitrate     Y-PSNR    U-PSNR    V-PSNR    YUV-PSNR   
	       17    a    2335.4824   35.7447   39.2143   40.3760   36.5938

 finished @ Mon Apr 24 03:48:34 2023
 Total Time:     1109.355 sec. [user]     1109.456 sec. [elapsed]

Level: 0
Inject Calls: 128488448
Errors injected by bit:
	Bit 0: 128131
	Bit 1: 128613
	Bit 2: 128248
	Bit 3: 128351
	Bit 4: 128363
	Bit 5: 127860
	Bit 6: 128715
	Bit 7: 128441

Total errors injected: 1026722
