vvencFFapp: Fraunhofer VVC Encoder ver. 1.5.0 [Linux][GCC 11.3.0][64 bit][SIMD=AVX2]
 started @ Mon Apr 24 01:40:03 2023
CODING TOOL CFG: CTU128 QT44BTT21 IBD:1 SAO:1 ALF:1 (NonLinLuma:0 NonLinChr:0) CCALF:1 Tiles:1x1 Slices:1 WPP:0 WPP-Substreams:1 TMVP:1 DQ:1 SDH:0 CST:1 BDOF:1 DMVR:1 MTSImplicit:1 SBT:0 JCbCr:1 CabacInitPresent:1 AMVR:5 SMVD:3 LMCS:2 (Signal:SDR Opt:0) CIIP:0 MIP:1 AFFINE:2 (PROF:1, Type:1) MMVD:3 DisFracMMVD:1 SbTMVP:1 GPM:3 LFNST:1 MTS:0 ISP:3 TS:2 TSLog2MaxSize:4 useChromaTS:0 BDPCM:2 IBC:2 BCW:0 
ENC. ALG. CFG: QPA:0 HAD:1 RDQ:1 RDQTS:1 ASR:1 MinSearchWindow:96 RestrictMESampling:0 EDO:2 MCTF:2 
PRE-ANALYSIS CFG: STA:1 LeadFrames:0 TrailFrames:0 
FAST TOOL CFG: ECU:0 FEN:1 FDM:1 FastSearch:4 (SCC:2) LCTUFast:1 FastMrg:2 PBIntraFast:1 AMaxBT:1 FastQtBtEnc:1 ContentBasedFastQtbt:0 FastMIP:3 FastIntraTools:0 IntraEstDecBit:2 FastLocalDualTree:1 IntegerET:0 FastSubPel:1 QtbttExtraFast:3 FastTTSplit:0 IBCFastMethod:3 FIM:0 ALFSpeed:0 QuantThr: 4 
RATE CONTROL CFG: RateControl:0 LookAhead:0 
PARALLEL PROCESSING CFG: NumThreads:0 MaxParallelFrames:0 WppBitEqual:0 WF:0 

POC     0 TId: 0 (  IDR_N_LP, I-SLICE, QP 19, TF 3)     629392 bits [Y 41.1842 dB    U 43.2214 dB    V 44.1771 dB] [ET   292 ] [L0 ] [L1 ]
POC    16 TId: 1 (      STSA, B-SLICE, QP 22, TF 2)     444496 bits [Y 42.3014 dB    U 43.3697 dB    V 44.2712 dB] [ET   248 ] [L0 0 ] [L1 0 ]
POC     8 TId: 2 (      STSA, B-SLICE, QP 23, TF 1)     348944 bits [Y 40.6378 dB    U 42.0237 dB    V 43.1952 dB] [ET   199 ] [L0 0 16 ] [L1 16 0 ]
POC     4 TId: 3 (      STSA, B-SLICE, QP 26, TF 0)     178592 bits [Y 38.9335 dB    U 41.4490 dB    V 42.6015 dB] [ET   123 ] [L0 0 8 ] [L1 8 16 ]
POC     2 TId: 4 (      STSA, B-SLICE, QP 28)           108152 bits [Y 38.3623 dB    U 41.4545 dB    V 42.6155 dB] [ET    75 ] [L0 0 4 ] [L1 4 8 ]
POC     1 TId: 5 (      STSA, B-SLICE, QP 29)            67128 bits [Y 37.8907 dB    U 41.4980 dB    V 42.6757 dB] [ET    49 ] [L0 0 2 ] [L1 2 4 ]
POC     3 TId: 5 (      STSA, B-SLICE, QP 29)            64544 bits [Y 37.7096 dB    U 41.0569 dB    V 42.2259 dB] [ET    49 ] [L0 2 0 ] [L1 4 8 ]
POC     6 TId: 4 (      STSA, B-SLICE, QP 28)           102200 bits [Y 38.3265 dB    U 41.1726 dB    V 42.3472 dB] [ET    73 ] [L0 4 0 ] [L1 8 16 ]
POC     5 TId: 5 (      STSA, B-SLICE, QP 29)            59576 bits [Y 37.6924 dB    U 40.8950 dB    V 42.2106 dB] [ET    47 ] [L0 4 0 ] [L1 6 8 ]
POC     7 TId: 5 (      STSA, B-SLICE, QP 29)            63696 bits [Y 37.8153 dB    U 40.9233 dB    V 42.1175 dB] [ET    49 ] [L0 6 4 ] [L1 8 16 ]
POC    12 TId: 3 (      STSA, B-SLICE, QP 26, TF 0)     185048 bits [Y 38.9746 dB    U 41.5880 dB    V 42.4502 dB] [ET   138 ] [L0 8 0 ] [L1 16 8 ]
POC    10 TId: 4 (      STSA, B-SLICE, QP 28)           115144 bits [Y 38.3398 dB    U 41.1456 dB    V 41.9786 dB] [ET    80 ] [L0 8 0 ] [L1 12 16 ]
POC     9 TId: 5 (      STSA, B-SLICE, QP 29)            64088 bits [Y 37.8145 dB    U 40.9632 dB    V 42.1746 dB] [ET    50 ] [L0 8 0 ] [L1 10 12 ]
POC    11 TId: 5 (      STSA, B-SLICE, QP 29)            67584 bits [Y 37.7099 dB    U 41.0023 dB    V 41.9154 dB] [ET    53 ] [L0 10 8 ] [L1 12 16 ]
POC    14 TId: 4 (      STSA, B-SLICE, QP 28)           114128 bits [Y 38.3575 dB    U 41.2173 dB    V 42.2809 dB] [ET    78 ] [L0 12 8 ] [L1 16 12 ]
POC    13 TId: 5 (      STSA, B-SLICE, QP 29)            65616 bits [Y 37.7651 dB    U 40.9965 dB    V 42.0350 dB] [ET    50 ] [L0 12 8 ] [L1 14 16 ]
POC    15 TId: 5 (      STSA, B-SLICE, QP 29)            68704 bits [Y 37.8844 dB    U 41.2015 dB    V 42.4277 dB] [ET    49 ] [L0 14 12 ] [L1 16 14 ]

	Total Frames |   Bitrate     Y-PSNR    U-PSNR    V-PSNR    YUV-PSNR   
	       17    a    4847.7035   38.6882   41.4811   42.5706   39.3860

 finished @ Mon Apr 24 02:08:41 2023
 Total Time:     1718.554 sec. [user]     1718.645 sec. [elapsed]

Level: 0
Inject Calls: 173304576
Errors injected by bit:
	Bit 0: 1700
	Bit 1: 1673
	Bit 2: 1746
	Bit 3: 1682
	Bit 4: 1811
	Bit 5: 1754
	Bit 6: 1760
	Bit 7: 1761

Total errors injected: 13887
