vvencFFapp: Fraunhofer VVC Encoder ver. 1.5.0 [Linux][GCC 11.3.0][64 bit][SIMD=AVX2]
 started @ Mon Apr 24 04:30:06 2023
CODING TOOL CFG: CTU128 QT44BTT21 IBD:1 SAO:1 ALF:1 (NonLinLuma:0 NonLinChr:0) CCALF:1 Tiles:1x1 Slices:1 WPP:0 WPP-Substreams:1 TMVP:1 DQ:1 SDH:0 CST:1 BDOF:1 DMVR:1 MTSImplicit:1 SBT:0 JCbCr:1 CabacInitPresent:1 AMVR:5 SMVD:3 LMCS:2 (Signal:SDR Opt:0) CIIP:0 MIP:1 AFFINE:2 (PROF:1, Type:1) MMVD:3 DisFracMMVD:1 SbTMVP:1 GPM:3 LFNST:1 MTS:0 ISP:3 TS:2 TSLog2MaxSize:4 useChromaTS:0 BDPCM:2 IBC:2 BCW:0 
ENC. ALG. CFG: QPA:0 HAD:1 RDQ:1 RDQTS:1 ASR:1 MinSearchWindow:96 RestrictMESampling:0 EDO:2 MCTF:2 
PRE-ANALYSIS CFG: STA:1 LeadFrames:0 TrailFrames:0 
FAST TOOL CFG: ECU:0 FEN:1 FDM:1 FastSearch:4 (SCC:2) LCTUFast:1 FastMrg:2 PBIntraFast:1 AMaxBT:1 FastQtBtEnc:1 ContentBasedFastQtbt:0 FastMIP:3 FastIntraTools:0 IntraEstDecBit:2 FastLocalDualTree:1 IntegerET:0 FastSubPel:1 QtbttExtraFast:3 FastTTSplit:0 IBCFastMethod:3 FIM:0 ALFSpeed:0 QuantThr: 4 
RATE CONTROL CFG: RateControl:0 LookAhead:0 
PARALLEL PROCESSING CFG: NumThreads:0 MaxParallelFrames:0 WppBitEqual:0 WF:0 

POC     0 TId: 0 (  IDR_N_LP, I-SLICE, QP 24, TF 3)     399128 bits [Y 38.6505 dB    U 40.8666 dB    V 42.1124 dB] [ET   236 ] [L0 ] [L1 ]
POC    16 TId: 1 (      STSA, B-SLICE, QP 28, TF 2)     240408 bits [Y 38.5399 dB    U 40.3746 dB    V 41.5365 dB] [ET   179 ] [L0 0 ] [L1 0 ]
POC     8 TId: 2 (      STSA, B-SLICE, QP 29, TF 1)     179392 bits [Y 37.2341 dB    U 39.5270 dB    V 40.6831 dB] [ET   145 ] [L0 0 16 ] [L1 16 0 ]
POC     4 TId: 3 (      STSA, B-SLICE, QP 32, TF 0)      77768 bits [Y 35.9557 dB    U 39.1731 dB    V 40.2684 dB] [ET   100 ] [L0 0 8 ] [L1 8 16 ]
POC     2 TId: 4 (      STSA, B-SLICE, QP 34)            44752 bits [Y 35.6366 dB    U 39.3219 dB    V 40.5163 dB] [ET    45 ] [L0 0 4 ] [L1 4 8 ]
POC     1 TId: 5 (      STSA, B-SLICE, QP 36)            22552 bits [Y 35.3099 dB    U 39.4646 dB    V 40.8362 dB] [ET    25 ] [L0 0 2 ] [L1 2 4 ]
POC     3 TId: 5 (      STSA, B-SLICE, QP 36)            20880 bits [Y 34.8965 dB    U 38.9231 dB    V 40.0773 dB] [ET    25 ] [L0 2 0 ] [L1 4 8 ]
POC     6 TId: 4 (      STSA, B-SLICE, QP 34)            42960 bits [Y 35.4794 dB    U 38.8798 dB    V 39.9325 dB] [ET    44 ] [L0 4 0 ] [L1 8 16 ]
POC     5 TId: 5 (      STSA, B-SLICE, QP 36)            19304 bits [Y 34.9210 dB    U 38.7281 dB    V 39.9463 dB] [ET    25 ] [L0 4 0 ] [L1 6 8 ]
POC     7 TId: 5 (      STSA, B-SLICE, QP 36)            20872 bits [Y 35.0206 dB    U 38.7199 dB    V 39.9110 dB] [ET    25 ] [L0 6 4 ] [L1 8 16 ]
POC    12 TId: 3 (      STSA, B-SLICE, QP 32, TF 0)      79416 bits [Y 35.7925 dB    U 39.2723 dB    V 40.0578 dB] [ET    97 ] [L0 8 0 ] [L1 16 8 ]
POC    10 TId: 4 (      STSA, B-SLICE, QP 34)            46976 bits [Y 35.3802 dB    U 38.8180 dB    V 39.6989 dB] [ET    48 ] [L0 8 0 ] [L1 12 16 ]
POC     9 TId: 5 (      STSA, B-SLICE, QP 36)            20848 bits [Y 34.9775 dB    U 38.8069 dB    V 39.9672 dB] [ET    25 ] [L0 8 0 ] [L1 10 12 ]
POC    11 TId: 5 (      STSA, B-SLICE, QP 36)            20872 bits [Y 34.7457 dB    U 38.7776 dB    V 39.6389 dB] [ET    26 ] [L0 10 8 ] [L1 12 16 ]
POC    14 TId: 4 (      STSA, B-SLICE, QP 34)            44672 bits [Y 35.3769 dB    U 39.0230 dB    V 40.0909 dB] [ET    44 ] [L0 12 8 ] [L1 16 12 ]
POC    13 TId: 5 (      STSA, B-SLICE, QP 36)            19544 bits [Y 34.7675 dB    U 38.8630 dB    V 39.8431 dB] [ET    24 ] [L0 12 8 ] [L1 14 16 ]
POC    15 TId: 5 (      STSA, B-SLICE, QP 36)            18800 bits [Y 34.9574 dB    U 39.1551 dB    V 40.3857 dB] [ET    24 ] [L0 14 12 ] [L1 16 14 ]

	Total Frames |   Bitrate     Y-PSNR    U-PSNR    V-PSNR    YUV-PSNR   
	       17    a    2327.9012   35.7437   39.2173   40.3237   36.5902

 finished @ Mon Apr 24 04:49:22 2023
 Total Time:     1156.626 sec. [user]     1156.732 sec. [elapsed]

Level: 0
Inject Calls: 178224768
Errors injected by bit:
	Bit 0: 160
	Bit 1: 191
	Bit 2: 182
	Bit 3: 189
	Bit 4: 169
	Bit 5: 178
	Bit 6: 164
	Bit 7: 180

Total errors injected: 1413
