vvencFFapp: Fraunhofer VVC Encoder ver. 1.5.0 [Linux][GCC 11.3.0][64 bit][SIMD=AVX2]
 started @ Mon Apr 24 06:10:08 2023
CODING TOOL CFG: CTU128 QT44BTT21 IBD:1 SAO:1 ALF:1 (NonLinLuma:0 NonLinChr:0) CCALF:1 Tiles:1x1 Slices:1 WPP:0 WPP-Substreams:1 TMVP:1 DQ:1 SDH:0 CST:1 BDOF:1 DMVR:1 MTSImplicit:1 SBT:0 JCbCr:1 CabacInitPresent:1 AMVR:5 SMVD:3 LMCS:2 (Signal:SDR Opt:0) CIIP:0 MIP:1 AFFINE:2 (PROF:1, Type:1) MMVD:3 DisFracMMVD:1 SbTMVP:1 GPM:3 LFNST:1 MTS:0 ISP:3 TS:2 TSLog2MaxSize:4 useChromaTS:0 BDPCM:2 IBC:2 BCW:0 
ENC. ALG. CFG: QPA:0 HAD:1 RDQ:1 RDQTS:1 ASR:1 MinSearchWindow:96 RestrictMESampling:0 EDO:2 MCTF:2 
PRE-ANALYSIS CFG: STA:1 LeadFrames:0 TrailFrames:0 
FAST TOOL CFG: ECU:0 FEN:1 FDM:1 FastSearch:4 (SCC:2) LCTUFast:1 FastMrg:2 PBIntraFast:1 AMaxBT:1 FastQtBtEnc:1 ContentBasedFastQtbt:0 FastMIP:3 FastIntraTools:0 IntraEstDecBit:2 FastLocalDualTree:1 IntegerET:0 FastSubPel:1 QtbttExtraFast:3 FastTTSplit:0 IBCFastMethod:3 FIM:0 ALFSpeed:0 QuantThr: 4 
RATE CONTROL CFG: RateControl:0 LookAhead:0 
PARALLEL PROCESSING CFG: NumThreads:0 MaxParallelFrames:0 WppBitEqual:0 WF:0 

POC     0 TId: 0 (  IDR_N_LP, I-SLICE, QP 29, TF 2)     245544 bits [Y 36.0242 dB    U 38.6082 dB    V 40.2672 dB] [ET   179 ] [L0 ] [L1 ]
POC    16 TId: 1 (      STSA, B-SLICE, QP 34, TF 1)     116024 bits [Y 34.6933 dB    U 37.4729 dB    V 38.6661 dB] [ET   147 ] [L0 0 ] [L1 0 ]
POC     8 TId: 2 (      STSA, B-SLICE, QP 35, TF 0)      82192 bits [Y 33.8177 dB    U 37.1383 dB    V 38.2693 dB] [ET   107 ] [L0 0 16 ] [L1 16 0 ]
POC     4 TId: 3 (      STSA, B-SLICE, QP 38)            35888 bits [Y 33.0103 dB    U 37.1703 dB    V 38.4675 dB] [ET    87 ] [L0 0 8 ] [L1 8 16 ]
POC     2 TId: 4 (      STSA, B-SLICE, QP 40)            19224 bits [Y 32.6685 dB    U 37.4924 dB    V 38.8545 dB] [ET    25 ] [L0 0 4 ] [L1 4 8 ]
POC     1 TId: 5 (      STSA, B-SLICE, QP 41)            10848 bits [Y 32.9134 dB    U 37.5614 dB    V 39.1203 dB] [ET    15 ] [L0 0 2 ] [L1 2 4 ]
POC     3 TId: 5 (      STSA, B-SLICE, QP 41)            10096 bits [Y 32.3052 dB    U 37.0924 dB    V 38.4910 dB] [ET    16 ] [L0 2 0 ] [L1 4 8 ]
POC     6 TId: 4 (      STSA, B-SLICE, QP 40)            18792 bits [Y 32.4397 dB    U 36.9849 dB    V 38.1787 dB] [ET    27 ] [L0 4 0 ] [L1 8 16 ]
POC     5 TId: 5 (      STSA, B-SLICE, QP 41)             9808 bits [Y 32.3287 dB    U 36.9139 dB    V 38.2765 dB] [ET    15 ] [L0 4 0 ] [L1 6 8 ]
POC     7 TId: 5 (      STSA, B-SLICE, QP 41)             9328 bits [Y 32.3039 dB    U 36.7089 dB    V 38.0295 dB] [ET    15 ] [L0 6 4 ] [L1 8 16 ]
POC    12 TId: 3 (      STSA, B-SLICE, QP 38)            36200 bits [Y 32.8084 dB    U 37.1070 dB    V 37.9547 dB] [ET    73 ] [L0 8 0 ] [L1 16 8 ]
POC    10 TId: 4 (      STSA, B-SLICE, QP 40)            20688 bits [Y 32.2303 dB    U 36.9122 dB    V 37.7142 dB] [ET    29 ] [L0 8 0 ] [L1 12 16 ]
POC     9 TId: 5 (      STSA, B-SLICE, QP 41)             9784 bits [Y 32.1661 dB    U 36.8067 dB    V 37.8041 dB] [ET    15 ] [L0 8 0 ] [L1 10 12 ]
POC    11 TId: 5 (      STSA, B-SLICE, QP 41)             9496 bits [Y 32.0449 dB    U 36.9356 dB    V 37.6901 dB] [ET    15 ] [L0 10 8 ] [L1 12 16 ]
POC    14 TId: 4 (      STSA, B-SLICE, QP 40)            18096 bits [Y 32.3352 dB    U 36.9174 dB    V 37.8905 dB] [ET    25 ] [L0 12 8 ] [L1 16 12 ]
POC    13 TId: 5 (      STSA, B-SLICE, QP 41)             8912 bits [Y 32.1002 dB    U 36.8796 dB    V 37.8108 dB] [ET    15 ] [L0 12 8 ] [L1 14 16 ]
POC    15 TId: 5 (      STSA, B-SLICE, QP 41)             8624 bits [Y 32.4688 dB    U 36.9965 dB    V 38.0999 dB] [ET    13 ] [L0 14 12 ] [L1 16 14 ]

	Total Frames |   Bitrate     Y-PSNR    U-PSNR    V-PSNR    YUV-PSNR   
	       17    a    1181.5482   32.8623   37.1587   38.3285   33.8697

 finished @ Mon Apr 24 06:24:00 2023
 Total Time:      832.332 sec. [user]      832.445 sec. [elapsed]

Level: 0
Inject Calls: 195866240
Errors injected by bit:
	Bit 0: 172
	Bit 1: 205
	Bit 2: 181
	Bit 3: 198
	Bit 4: 183
	Bit 5: 186
	Bit 6: 197
	Bit 7: 206

Total errors injected: 1528
