vvencFFapp: Fraunhofer VVC Encoder ver. 1.5.0 [Linux][GCC 11.3.0][64 bit][SIMD=AVX2]
 started @ Mon Apr 24 03:30:05 2023
CODING TOOL CFG: CTU128 QT44BTT21 IBD:1 SAO:1 ALF:1 (NonLinLuma:0 NonLinChr:0) CCALF:1 Tiles:1x1 Slices:1 WPP:0 WPP-Substreams:1 TMVP:1 DQ:1 SDH:0 CST:1 BDOF:1 DMVR:1 MTSImplicit:1 SBT:0 JCbCr:1 CabacInitPresent:1 AMVR:5 SMVD:3 LMCS:2 (Signal:SDR Opt:0) CIIP:0 MIP:1 AFFINE:2 (PROF:1, Type:1) MMVD:3 DisFracMMVD:1 SbTMVP:1 GPM:3 LFNST:1 MTS:0 ISP:3 TS:2 TSLog2MaxSize:4 useChromaTS:0 BDPCM:2 IBC:2 BCW:0 
ENC. ALG. CFG: QPA:0 HAD:1 RDQ:1 RDQTS:1 ASR:1 MinSearchWindow:96 RestrictMESampling:0 EDO:2 MCTF:2 
PRE-ANALYSIS CFG: STA:1 LeadFrames:0 TrailFrames:0 
FAST TOOL CFG: ECU:0 FEN:1 FDM:1 FastSearch:4 (SCC:2) LCTUFast:1 FastMrg:2 PBIntraFast:1 AMaxBT:1 FastQtBtEnc:1 ContentBasedFastQtbt:0 FastMIP:3 FastIntraTools:0 IntraEstDecBit:2 FastLocalDualTree:1 IntegerET:0 FastSubPel:1 QtbttExtraFast:3 FastTTSplit:0 IBCFastMethod:3 FIM:0 ALFSpeed:0 QuantThr: 4 
RATE CONTROL CFG: RateControl:0 LookAhead:0 
PARALLEL PROCESSING CFG: NumThreads:0 MaxParallelFrames:0 WppBitEqual:0 WF:0 

POC     0 TId: 0 (  IDR_N_LP, I-SLICE, QP 24, TF 3)     399128 bits [Y 38.6505 dB    U 40.8666 dB    V 42.1124 dB] [ET   235 ] [L0 ] [L1 ]
POC    16 TId: 1 (      STSA, B-SLICE, QP 28, TF 2)     243568 bits [Y 38.5659 dB    U 40.3013 dB    V 41.5390 dB] [ET   159 ] [L0 0 ] [L1 0 ]
POC     8 TId: 2 (      STSA, B-SLICE, QP 29, TF 1)     179216 bits [Y 37.2241 dB    U 39.5377 dB    V 40.7885 dB] [ET   135 ] [L0 0 16 ] [L1 16 0 ]
POC     4 TId: 3 (      STSA, B-SLICE, QP 32, TF 0)      78144 bits [Y 35.9256 dB    U 39.1882 dB    V 40.3314 dB] [ET    99 ] [L0 0 8 ] [L1 8 16 ]
POC     2 TId: 4 (      STSA, B-SLICE, QP 34)            44184 bits [Y 35.6280 dB    U 39.2851 dB    V 40.5037 dB] [ET    44 ] [L0 0 4 ] [L1 4 8 ]
POC     1 TId: 5 (      STSA, B-SLICE, QP 36)            22816 bits [Y 35.3129 dB    U 39.4545 dB    V 40.7253 dB] [ET    25 ] [L0 0 2 ] [L1 2 4 ]
POC     3 TId: 5 (      STSA, B-SLICE, QP 36)            20768 bits [Y 34.8792 dB    U 38.9188 dB    V 40.0986 dB] [ET    25 ] [L0 2 0 ] [L1 4 8 ]
POC     6 TId: 4 (      STSA, B-SLICE, QP 34)            43248 bits [Y 35.4855 dB    U 38.8889 dB    V 40.0774 dB] [ET    45 ] [L0 4 0 ] [L1 8 16 ]
POC     5 TId: 5 (      STSA, B-SLICE, QP 36)            19552 bits [Y 34.8962 dB    U 38.7779 dB    V 40.0468 dB] [ET    25 ] [L0 4 0 ] [L1 6 8 ]
POC     7 TId: 5 (      STSA, B-SLICE, QP 36)            21296 bits [Y 35.0524 dB    U 38.7867 dB    V 39.9730 dB] [ET    25 ] [L0 6 4 ] [L1 8 16 ]
POC    12 TId: 3 (      STSA, B-SLICE, QP 32, TF 0)      80576 bits [Y 35.7836 dB    U 39.2126 dB    V 40.0588 dB] [ET    96 ] [L0 8 0 ] [L1 16 8 ]
POC    10 TId: 4 (      STSA, B-SLICE, QP 34)            46584 bits [Y 35.3452 dB    U 38.8520 dB    V 39.7237 dB] [ET    48 ] [L0 8 0 ] [L1 12 16 ]
POC     9 TId: 5 (      STSA, B-SLICE, QP 36)            21040 bits [Y 34.9274 dB    U 38.7816 dB    V 39.9681 dB] [ET    26 ] [L0 8 0 ] [L1 10 12 ]
POC    11 TId: 5 (      STSA, B-SLICE, QP 36)            20720 bits [Y 34.7290 dB    U 38.7472 dB    V 39.6618 dB] [ET    26 ] [L0 10 8 ] [L1 12 16 ]
POC    14 TId: 4 (      STSA, B-SLICE, QP 34)            44464 bits [Y 35.3420 dB    U 38.9591 dB    V 40.0263 dB] [ET    44 ] [L0 12 8 ] [L1 16 12 ]
POC    13 TId: 5 (      STSA, B-SLICE, QP 36)            19152 bits [Y 34.7162 dB    U 38.8225 dB    V 39.8120 dB] [ET    25 ] [L0 12 8 ] [L1 14 16 ]
POC    15 TId: 5 (      STSA, B-SLICE, QP 36)            19608 bits [Y 34.9799 dB    U 39.1914 dB    V 40.3546 dB] [ET    22 ] [L0 14 12 ] [L1 16 14 ]

	Total Frames |   Bitrate     Y-PSNR    U-PSNR    V-PSNR    YUV-PSNR   
	       17    a    2336.5835   35.7320   39.2101   40.3413   36.5796

 finished @ Mon Apr 24 03:48:47 2023
 Total Time:     1122.383 sec. [user]     1122.474 sec. [elapsed]

Level: 0
Inject Calls: 139454720
Errors injected by bit:
	Bit 0: 139347
	Bit 1: 139546
	Bit 2: 139523
	Bit 3: 139927
	Bit 4: 139244
	Bit 5: 139431
	Bit 6: 139412
	Bit 7: 138923

Total errors injected: 1115353
