vvencFFapp: Fraunhofer VVC Encoder ver. 1.5.0 [Linux][GCC 11.3.0][64 bit][SIMD=AVX2]
 started @ Mon Apr 24 00:40:02 2023
CODING TOOL CFG: CTU128 QT44BTT21 IBD:1 SAO:1 ALF:1 (NonLinLuma:0 NonLinChr:0) CCALF:1 Tiles:1x1 Slices:1 WPP:0 WPP-Substreams:1 TMVP:1 DQ:1 SDH:0 CST:1 BDOF:1 DMVR:1 MTSImplicit:1 SBT:0 JCbCr:1 CabacInitPresent:1 AMVR:5 SMVD:3 LMCS:2 (Signal:SDR Opt:0) CIIP:0 MIP:1 AFFINE:2 (PROF:1, Type:1) MMVD:3 DisFracMMVD:1 SbTMVP:1 GPM:3 LFNST:1 MTS:0 ISP:3 TS:2 TSLog2MaxSize:4 useChromaTS:0 BDPCM:2 IBC:2 BCW:0 
ENC. ALG. CFG: QPA:0 HAD:1 RDQ:1 RDQTS:1 ASR:1 MinSearchWindow:96 RestrictMESampling:0 EDO:2 MCTF:2 
PRE-ANALYSIS CFG: STA:1 LeadFrames:0 TrailFrames:0 
FAST TOOL CFG: ECU:0 FEN:1 FDM:1 FastSearch:4 (SCC:2) LCTUFast:1 FastMrg:2 PBIntraFast:1 AMaxBT:1 FastQtBtEnc:1 ContentBasedFastQtbt:0 FastMIP:3 FastIntraTools:0 IntraEstDecBit:2 FastLocalDualTree:1 IntegerET:0 FastSubPel:1 QtbttExtraFast:3 FastTTSplit:0 IBCFastMethod:3 FIM:0 ALFSpeed:0 QuantThr: 4 
RATE CONTROL CFG: RateControl:0 LookAhead:0 
PARALLEL PROCESSING CFG: NumThreads:0 MaxParallelFrames:0 WppBitEqual:0 WF:0 

POC     0 TId: 0 (  IDR_N_LP, I-SLICE, QP 19, TF 3)     629392 bits [Y 41.1842 dB    U 43.2214 dB    V 44.1771 dB] [ET   294 ] [L0 ] [L1 ]
POC    16 TId: 1 (      STSA, B-SLICE, QP 22, TF 2)     441640 bits [Y 42.3053 dB    U 43.3666 dB    V 44.3013 dB] [ET   228 ] [L0 0 ] [L1 0 ]
POC     8 TId: 2 (      STSA, B-SLICE, QP 23, TF 1)     351400 bits [Y 40.6751 dB    U 42.0348 dB    V 43.1796 dB] [ET   187 ] [L0 0 16 ] [L1 16 0 ]
POC     4 TId: 3 (      STSA, B-SLICE, QP 26, TF 0)     176032 bits [Y 38.9256 dB    U 41.3981 dB    V 42.5534 dB] [ET   115 ] [L0 0 8 ] [L1 8 16 ]
POC     2 TId: 4 (      STSA, B-SLICE, QP 28)           107416 bits [Y 38.3402 dB    U 41.4723 dB    V 42.6257 dB] [ET    75 ] [L0 0 4 ] [L1 4 8 ]
POC     1 TId: 5 (      STSA, B-SLICE, QP 29)            66976 bits [Y 37.8860 dB    U 41.4978 dB    V 42.6691 dB] [ET    49 ] [L0 0 2 ] [L1 2 4 ]
POC     3 TId: 5 (      STSA, B-SLICE, QP 29)            64448 bits [Y 37.7124 dB    U 41.0192 dB    V 42.2726 dB] [ET    49 ] [L0 2 0 ] [L1 4 8 ]
POC     6 TId: 4 (      STSA, B-SLICE, QP 28)           103352 bits [Y 38.3508 dB    U 41.1454 dB    V 42.3711 dB] [ET    73 ] [L0 4 0 ] [L1 8 16 ]
POC     5 TId: 5 (      STSA, B-SLICE, QP 29)            60016 bits [Y 37.7028 dB    U 40.8916 dB    V 42.1906 dB] [ET    48 ] [L0 4 0 ] [L1 6 8 ]
POC     7 TId: 5 (      STSA, B-SLICE, QP 29)            63216 bits [Y 37.8204 dB    U 40.9669 dB    V 42.0581 dB] [ET    48 ] [L0 6 4 ] [L1 8 16 ]
POC    12 TId: 3 (      STSA, B-SLICE, QP 26, TF 0)     183024 bits [Y 38.9433 dB    U 41.5431 dB    V 42.4421 dB] [ET   125 ] [L0 8 0 ] [L1 16 8 ]
POC    10 TId: 4 (      STSA, B-SLICE, QP 28)           113816 bits [Y 38.3146 dB    U 41.1362 dB    V 42.0141 dB] [ET    81 ] [L0 8 0 ] [L1 12 16 ]
POC     9 TId: 5 (      STSA, B-SLICE, QP 29)            64952 bits [Y 37.8505 dB    U 40.9375 dB    V 42.1612 dB] [ET    50 ] [L0 8 0 ] [L1 10 12 ]
POC    11 TId: 5 (      STSA, B-SLICE, QP 29)            67896 bits [Y 37.7269 dB    U 40.9994 dB    V 41.7957 dB] [ET    52 ] [L0 10 8 ] [L1 12 16 ]
POC    14 TId: 4 (      STSA, B-SLICE, QP 28)           114296 bits [Y 38.3626 dB    U 41.2617 dB    V 42.2861 dB] [ET    77 ] [L0 12 8 ] [L1 16 12 ]
POC    13 TId: 5 (      STSA, B-SLICE, QP 29)            64752 bits [Y 37.7417 dB    U 41.0114 dB    V 42.0497 dB] [ET    50 ] [L0 12 8 ] [L1 14 16 ]
POC    15 TId: 5 (      STSA, B-SLICE, QP 29)            69000 bits [Y 37.8923 dB    U 41.2298 dB    V 42.4899 dB] [ET    51 ] [L0 14 12 ] [L1 16 14 ]

	Total Frames |   Bitrate     Y-PSNR    U-PSNR    V-PSNR    YUV-PSNR   
	       17    a    4838.1600   38.6903   41.4784   42.5669   39.3867

 finished @ Mon Apr 24 01:07:51 2023
 Total Time:     1669.242 sec. [user]     1669.304 sec. [elapsed]

Level: 0
Inject Calls: 109783296
Errors injected by bit:
	Bit 0: 109383
	Bit 1: 110009
	Bit 2: 110004
	Bit 3: 109595
	Bit 4: 109597
	Bit 5: 110274
	Bit 6: 110110
	Bit 7: 109663

Total errors injected: 878635
