vvencFFapp: Fraunhofer VVC Encoder ver. 1.5.0 [Linux][GCC 11.3.0][64 bit][SIMD=AVX2]
 started @ Mon Apr 24 00:40:02 2023
CODING TOOL CFG: CTU128 QT44BTT21 IBD:1 SAO:1 ALF:1 (NonLinLuma:0 NonLinChr:0) CCALF:1 Tiles:1x1 Slices:1 WPP:0 WPP-Substreams:1 TMVP:1 DQ:1 SDH:0 CST:1 BDOF:1 DMVR:1 MTSImplicit:1 SBT:0 JCbCr:1 CabacInitPresent:1 AMVR:5 SMVD:3 LMCS:2 (Signal:SDR Opt:0) CIIP:0 MIP:1 AFFINE:2 (PROF:1, Type:1) MMVD:3 DisFracMMVD:1 SbTMVP:1 GPM:3 LFNST:1 MTS:0 ISP:3 TS:2 TSLog2MaxSize:4 useChromaTS:0 BDPCM:2 IBC:2 BCW:0 
ENC. ALG. CFG: QPA:0 HAD:1 RDQ:1 RDQTS:1 ASR:1 MinSearchWindow:96 RestrictMESampling:0 EDO:2 MCTF:2 
PRE-ANALYSIS CFG: STA:1 LeadFrames:0 TrailFrames:0 
FAST TOOL CFG: ECU:0 FEN:1 FDM:1 FastSearch:4 (SCC:2) LCTUFast:1 FastMrg:2 PBIntraFast:1 AMaxBT:1 FastQtBtEnc:1 ContentBasedFastQtbt:0 FastMIP:3 FastIntraTools:0 IntraEstDecBit:2 FastLocalDualTree:1 IntegerET:0 FastSubPel:1 QtbttExtraFast:3 FastTTSplit:0 IBCFastMethod:3 FIM:0 ALFSpeed:0 QuantThr: 4 
RATE CONTROL CFG: RateControl:0 LookAhead:0 
PARALLEL PROCESSING CFG: NumThreads:0 MaxParallelFrames:0 WppBitEqual:0 WF:0 

POC     0 TId: 0 (  IDR_N_LP, I-SLICE, QP 19, TF 3)     629392 bits [Y 41.1842 dB    U 43.2214 dB    V 44.1771 dB] [ET   293 ] [L0 ] [L1 ]
POC    16 TId: 1 (      STSA, B-SLICE, QP 22, TF 2)     444576 bits [Y 42.3158 dB    U 43.3627 dB    V 44.2345 dB] [ET   228 ] [L0 0 ] [L1 0 ]
POC     8 TId: 2 (      STSA, B-SLICE, QP 23, TF 1)     351928 bits [Y 40.6574 dB    U 42.0389 dB    V 43.2249 dB] [ET   191 ] [L0 0 16 ] [L1 16 0 ]
POC     4 TId: 3 (      STSA, B-SLICE, QP 26, TF 0)     177544 bits [Y 38.9452 dB    U 41.3942 dB    V 42.5399 dB] [ET   126 ] [L0 0 8 ] [L1 8 16 ]
POC     2 TId: 4 (      STSA, B-SLICE, QP 28)           107160 bits [Y 38.3517 dB    U 41.4571 dB    V 42.6094 dB] [ET    74 ] [L0 0 4 ] [L1 4 8 ]
POC     1 TId: 5 (      STSA, B-SLICE, QP 29)            66648 bits [Y 37.8738 dB    U 41.4828 dB    V 42.7310 dB] [ET    49 ] [L0 0 2 ] [L1 2 4 ]
POC     3 TId: 5 (      STSA, B-SLICE, QP 29)            64824 bits [Y 37.7300 dB    U 41.0772 dB    V 42.2619 dB] [ET    49 ] [L0 2 0 ] [L1 4 8 ]
POC     6 TId: 4 (      STSA, B-SLICE, QP 28)           101488 bits [Y 38.3291 dB    U 41.1298 dB    V 42.3127 dB] [ET    72 ] [L0 4 0 ] [L1 8 16 ]
POC     5 TId: 5 (      STSA, B-SLICE, QP 29)            60800 bits [Y 37.7226 dB    U 40.9018 dB    V 42.1768 dB] [ET    47 ] [L0 4 0 ] [L1 6 8 ]
POC     7 TId: 5 (      STSA, B-SLICE, QP 29)            62760 bits [Y 37.8161 dB    U 40.9283 dB    V 42.0758 dB] [ET    48 ] [L0 6 4 ] [L1 8 16 ]
POC    12 TId: 3 (      STSA, B-SLICE, QP 26, TF 0)     184008 bits [Y 38.9740 dB    U 41.5619 dB    V 42.3901 dB] [ET   125 ] [L0 8 0 ] [L1 16 8 ]
POC    10 TId: 4 (      STSA, B-SLICE, QP 28)           114728 bits [Y 38.3272 dB    U 41.1214 dB    V 42.0527 dB] [ET    81 ] [L0 8 0 ] [L1 12 16 ]
POC     9 TId: 5 (      STSA, B-SLICE, QP 29)            64368 bits [Y 37.8387 dB    U 40.9148 dB    V 42.1898 dB] [ET    49 ] [L0 8 0 ] [L1 10 12 ]
POC    11 TId: 5 (      STSA, B-SLICE, QP 29)            68608 bits [Y 37.7356 dB    U 40.9794 dB    V 41.8442 dB] [ET    51 ] [L0 10 8 ] [L1 12 16 ]
POC    14 TId: 4 (      STSA, B-SLICE, QP 28)           115608 bits [Y 38.3777 dB    U 41.2473 dB    V 42.2905 dB] [ET    76 ] [L0 12 8 ] [L1 16 12 ]
POC    13 TId: 5 (      STSA, B-SLICE, QP 29)            66280 bits [Y 37.7759 dB    U 40.9647 dB    V 41.9951 dB] [ET    49 ] [L0 12 8 ] [L1 14 16 ]
POC    15 TId: 5 (      STSA, B-SLICE, QP 29)            68352 bits [Y 37.8755 dB    U 41.2170 dB    V 42.4491 dB] [ET    49 ] [L0 14 12 ] [L1 16 14 ]

	Total Frames |   Bitrate     Y-PSNR    U-PSNR    V-PSNR    YUV-PSNR   
	       17    a    4851.3035   38.6959   41.4706   42.5621   39.3904

 finished @ Mon Apr 24 01:07:56 2023
 Total Time:     1674.193 sec. [user]     1674.486 sec. [elapsed]

Level: 0
Inject Calls: 129606912
Errors injected by bit:
	Bit 0: 130168
	Bit 1: 130332
	Bit 2: 129887
	Bit 3: 129216
	Bit 4: 129428
	Bit 5: 129731
	Bit 6: 129595
	Bit 7: 129595

Total errors injected: 1037952
