vvencFFapp: Fraunhofer VVC Encoder ver. 1.5.0 [Linux][GCC 11.3.0][64 bit][SIMD=AVX2]
 started @ Thu Apr  6 05:21:12 2023
CODING TOOL CFG: CTU128 QT44BTT21 IBD:1 SAO:1 ALF:1 (NonLinLuma:0 NonLinChr:0) CCALF:1 Tiles:1x1 Slices:1 WPP:0 WPP-Substreams:1 TMVP:1 DQ:1 SDH:0 CST:1 BDOF:1 DMVR:1 MTSImplicit:1 SBT:0 JCbCr:1 CabacInitPresent:1 AMVR:5 SMVD:3 LMCS:2 (Signal:SDR Opt:0) CIIP:0 MIP:1 AFFINE:2 (PROF:1, Type:1) MMVD:3 DisFracMMVD:1 SbTMVP:1 GPM:3 LFNST:1 MTS:0 ISP:3 TS:2 TSLog2MaxSize:4 useChromaTS:0 BDPCM:2 IBC:2 BCW:0 
ENC. ALG. CFG: QPA:0 HAD:1 RDQ:1 RDQTS:1 ASR:1 MinSearchWindow:96 RestrictMESampling:0 EDO:2 MCTF:2 
PRE-ANALYSIS CFG: STA:1 LeadFrames:0 TrailFrames:0 
FAST TOOL CFG: ECU:0 FEN:1 FDM:1 FastSearch:4 (SCC:2) LCTUFast:1 FastMrg:2 PBIntraFast:1 AMaxBT:1 FastQtBtEnc:1 ContentBasedFastQtbt:0 FastMIP:3 FastIntraTools:0 IntraEstDecBit:2 FastLocalDualTree:1 IntegerET:0 FastSubPel:1 QtbttExtraFast:3 FastTTSplit:0 IBCFastMethod:3 FIM:0 ALFSpeed:0 QuantThr: 4 
RATE CONTROL CFG: RateControl:0 LookAhead:0 
PARALLEL PROCESSING CFG: NumThreads:0 MaxParallelFrames:0 WppBitEqual:0 WF:0 

POC     0 TId: 0 (  IDR_N_LP, I-SLICE, QP 29, TF 2)     239000 bits [Y 37.7621 dB    U 41.1947 dB    V 42.2796 dB] [ET   198 ] [L0 ] [L1 ]
POC    16 TId: 1 (      STSA, B-SLICE, QP 34, TF 1)      48456 bits [Y 35.5531 dB    U 39.8921 dB    V 40.6061 dB] [ET   361 ] [L0 0 ] [L1 0 ]
POC     8 TId: 2 (      STSA, B-SLICE, QP 35, TF 0)      20872 bits [Y 35.7625 dB    U 40.2613 dB    V 41.0896 dB] [ET   459 ] [L0 0 16 ] [L1 16 0 ]
POC     4 TId: 3 (      STSA, B-SLICE, QP 38)             8120 bits [Y 35.5594 dB    U 40.5849 dB    V 41.4802 dB] [ET   401 ] [L0 0 8 ] [L1 8 16 ]
POC     2 TId: 4 (      STSA, B-SLICE, QP 40)             3832 bits [Y 35.8148 dB    U 40.9281 dB    V 41.8954 dB] [ET   264 ] [L0 0 4 ] [L1 4 8 ]
POC     1 TId: 5 (      STSA, B-SLICE, QP 41)             1424 bits [Y 36.3768 dB    U 41.0201 dB    V 42.0903 dB] [ET   196 ] [L0 0 2 ] [L1 2 4 ]
POC     3 TId: 5 (      STSA, B-SLICE, QP 41)             1400 bits [Y 35.3334 dB    U 40.8359 dB    V 41.6996 dB] [ET   266 ] [L0 2 0 ] [L1 4 8 ]
POC     6 TId: 4 (      STSA, B-SLICE, QP 40)             3888 bits [Y 35.1503 dB    U 40.4609 dB    V 41.3168 dB] [ET   339 ] [L0 4 0 ] [L1 8 16 ]
POC     5 TId: 5 (      STSA, B-SLICE, QP 41)             1472 bits [Y 35.0644 dB    U 40.4741 dB    V 41.3888 dB] [ET   256 ] [L0 4 0 ] [L1 6 8 ]
POC     7 TId: 5 (      STSA, B-SLICE, QP 41)             1280 bits [Y 35.1652 dB    U 40.3479 dB    V 41.2342 dB] [ET   257 ] [L0 6 4 ] [L1 8 16 ]
POC    12 TId: 3 (      STSA, B-SLICE, QP 38)            10280 bits [Y 34.9406 dB    U 40.0720 dB    V 40.7786 dB] [ET   420 ] [L0 8 0 ] [L1 16 8 ]
POC    10 TId: 4 (      STSA, B-SLICE, QP 40)             3928 bits [Y 34.7972 dB    U 40.1723 dB    V 40.8637 dB] [ET   358 ] [L0 8 0 ] [L1 12 16 ]
POC     9 TId: 5 (      STSA, B-SLICE, QP 41)             1616 bits [Y 34.9437 dB    U 40.2756 dB    V 41.0214 dB] [ET   277 ] [L0 8 0 ] [L1 10 12 ]
POC    11 TId: 5 (      STSA, B-SLICE, QP 41)             1688 bits [Y 34.5645 dB    U 40.0929 dB    V 40.7853 dB] [ET   274 ] [L0 10 8 ] [L1 12 16 ]
POC    14 TId: 4 (      STSA, B-SLICE, QP 40)             4640 bits [Y 34.5625 dB    U 39.9734 dB    V 40.6912 dB] [ET   296 ] [L0 12 8 ] [L1 16 12 ]
POC    13 TId: 5 (      STSA, B-SLICE, QP 41)             2080 bits [Y 34.4831 dB    U 40.0332 dB    V 40.7724 dB] [ET   283 ] [L0 12 8 ] [L1 14 16 ]
POC    15 TId: 5 (      STSA, B-SLICE, QP 41)             1968 bits [Y 34.5834 dB    U 39.9502 dB    V 40.6324 dB] [ET   223 ] [L0 14 12 ] [L1 16 14 ]

	Total Frames |   Bitrate     Y-PSNR    U-PSNR    V-PSNR    YUV-PSNR   
	       17    a    1256.2729   35.3186   40.3865   41.2133   36.4418

 finished @ Thu Apr  6 06:46:53 2023
 Total Time:     5141.483 sec. [user]     5141.567 sec. [elapsed]

Level: 0
Inject Calls: 6088296797
Errors injected by bit:
	Bit 0: 6087922
	Bit 1: 6087961
	Bit 2: 6088658
	Bit 3: 6086179
	Bit 4: 6086688
	Bit 5: 6089125
	Bit 6: 6084605
	Bit 7: 6082763

Total errors injected: 48693901
