vvencFFapp: Fraunhofer VVC Encoder ver. 1.5.0 [Linux][GCC 11.3.0][64 bit][SIMD=AVX2]
 started @ Wed Apr  5 20:36:01 2023
CODING TOOL CFG: CTU128 QT44BTT21 IBD:1 SAO:1 ALF:1 (NonLinLuma:0 NonLinChr:0) CCALF:1 Tiles:1x1 Slices:1 WPP:0 WPP-Substreams:1 TMVP:1 DQ:1 SDH:0 CST:1 BDOF:1 DMVR:1 MTSImplicit:1 SBT:0 JCbCr:1 CabacInitPresent:1 AMVR:5 SMVD:3 LMCS:2 (Signal:SDR Opt:0) CIIP:0 MIP:1 AFFINE:2 (PROF:1, Type:1) MMVD:3 DisFracMMVD:1 SbTMVP:1 GPM:3 LFNST:1 MTS:0 ISP:3 TS:2 TSLog2MaxSize:4 useChromaTS:0 BDPCM:2 IBC:2 BCW:0 
ENC. ALG. CFG: QPA:0 HAD:1 RDQ:1 RDQTS:1 ASR:1 MinSearchWindow:96 RestrictMESampling:0 EDO:2 MCTF:2 
PRE-ANALYSIS CFG: STA:1 LeadFrames:0 TrailFrames:0 
FAST TOOL CFG: ECU:0 FEN:1 FDM:1 FastSearch:4 (SCC:2) LCTUFast:1 FastMrg:2 PBIntraFast:1 AMaxBT:1 FastQtBtEnc:1 ContentBasedFastQtbt:0 FastMIP:3 FastIntraTools:0 IntraEstDecBit:2 FastLocalDualTree:1 IntegerET:0 FastSubPel:1 QtbttExtraFast:3 FastTTSplit:0 IBCFastMethod:3 FIM:0 ALFSpeed:0 QuantThr: 4 
RATE CONTROL CFG: RateControl:0 LookAhead:0 
PARALLEL PROCESSING CFG: NumThreads:0 MaxParallelFrames:0 WppBitEqual:0 WF:0 

POC     0 TId: 0 (  IDR_N_LP, I-SLICE, QP 24, TF 3)     377624 bits [Y 40.2668 dB    U 43.0828 dB    V 44.6158 dB] [ET   267 ] [L0 ] [L1 ]
POC    16 TId: 1 (      STSA, B-SLICE, QP 28, TF 2)     101888 bits [Y 38.6849 dB    U 42.0209 dB    V 43.2614 dB] [ET   443 ] [L0 0 ] [L1 0 ]
POC     8 TId: 2 (      STSA, B-SLICE, QP 29, TF 1)      44472 bits [Y 38.5745 dB    U 42.2195 dB    V 43.6408 dB] [ET   533 ] [L0 0 16 ] [L1 16 0 ]
POC     4 TId: 3 (      STSA, B-SLICE, QP 32, TF 0)      19416 bits [Y 38.3098 dB    U 42.4877 dB    V 43.8850 dB] [ET   515 ] [L0 0 8 ] [L1 8 16 ]
POC     2 TId: 4 (      STSA, B-SLICE, QP 34)             8232 bits [Y 38.4103 dB    U 42.8113 dB    V 44.2170 dB] [ET   383 ] [L0 0 4 ] [L1 4 8 ]
POC     1 TId: 5 (      STSA, B-SLICE, QP 36)             2944 bits [Y 38.7952 dB    U 42.9236 dB    V 44.4695 dB] [ET   256 ] [L0 0 2 ] [L1 2 4 ]
POC     3 TId: 5 (      STSA, B-SLICE, QP 36)             3056 bits [Y 37.8586 dB    U 42.6770 dB    V 44.0698 dB] [ET   342 ] [L0 2 0 ] [L1 4 8 ]
POC     6 TId: 4 (      STSA, B-SLICE, QP 34)             8984 bits [Y 37.8723 dB    U 42.3339 dB    V 43.6617 dB] [ET   446 ] [L0 4 0 ] [L1 8 16 ]
POC     5 TId: 5 (      STSA, B-SLICE, QP 36)             3224 bits [Y 37.6518 dB    U 42.3510 dB    V 43.7387 dB] [ET   329 ] [L0 4 0 ] [L1 6 8 ]
POC     7 TId: 5 (      STSA, B-SLICE, QP 36)             2976 bits [Y 37.7328 dB    U 42.3038 dB    V 43.6201 dB] [ET   361 ] [L0 6 4 ] [L1 8 16 ]
POC    12 TId: 3 (      STSA, B-SLICE, QP 32, TF 0)      21368 bits [Y 37.7764 dB    U 41.9748 dB    V 43.2038 dB] [ET   509 ] [L0 8 0 ] [L1 16 8 ]
POC    10 TId: 4 (      STSA, B-SLICE, QP 34)             9624 bits [Y 37.6260 dB    U 42.0809 dB    V 43.3191 dB] [ET   488 ] [L0 8 0 ] [L1 12 16 ]
POC     9 TId: 5 (      STSA, B-SLICE, QP 36)             3600 bits [Y 37.6430 dB    U 42.1844 dB    V 43.5213 dB] [ET   329 ] [L0 8 0 ] [L1 10 12 ]
POC    11 TId: 5 (      STSA, B-SLICE, QP 36)             3800 bits [Y 37.3562 dB    U 42.0167 dB    V 43.3016 dB] [ET   330 ] [L0 10 8 ] [L1 12 16 ]
POC    14 TId: 4 (      STSA, B-SLICE, QP 34)            10656 bits [Y 37.4223 dB    U 41.9404 dB    V 43.0796 dB] [ET   393 ] [L0 12 8 ] [L1 16 12 ]
POC    13 TId: 5 (      STSA, B-SLICE, QP 36)             4424 bits [Y 37.2124 dB    U 41.9637 dB    V 43.1210 dB] [ET   360 ] [L0 12 8 ] [L1 14 16 ]
POC    15 TId: 5 (      STSA, B-SLICE, QP 36)             4128 bits [Y 37.3392 dB    U 41.9667 dB    V 43.1509 dB] [ET   281 ] [L0 14 12 ] [L1 16 14 ]

	Total Frames |   Bitrate     Y-PSNR    U-PSNR    V-PSNR    YUV-PSNR   
	       17    a    2224.9976   38.0313   42.3141   43.6398   39.0887

 finished @ Wed Apr  5 22:25:45 2023
 Total Time:     6583.236 sec. [user]     6583.339 sec. [elapsed]

Level: 0
Inject Calls: 7689321773
Errors injected by bit:
	Bit 0: 7799
	Bit 1: 7806
	Bit 2: 7771
	Bit 3: 7755
	Bit 4: 7670
	Bit 5: 7701
	Bit 6: 7730
	Bit 7: 7688

Total errors injected: 61920
