vvencFFapp: Fraunhofer VVC Encoder ver. 1.5.0 [Linux][GCC 11.3.0][64 bit][SIMD=AVX2]
 started @ Thu Apr  6 18:01:26 2023
CODING TOOL CFG: CTU128 QT44BTT21 IBD:1 SAO:1 ALF:1 (NonLinLuma:0 NonLinChr:0) CCALF:1 Tiles:1x1 Slices:1 WPP:0 WPP-Substreams:1 TMVP:1 DQ:1 SDH:0 CST:1 BDOF:1 DMVR:1 MTSImplicit:1 SBT:0 JCbCr:1 CabacInitPresent:1 AMVR:5 SMVD:3 LMCS:2 (Signal:SDR Opt:0) CIIP:0 MIP:1 AFFINE:2 (PROF:1, Type:1) MMVD:3 DisFracMMVD:1 SbTMVP:1 GPM:3 LFNST:1 MTS:0 ISP:3 TS:2 TSLog2MaxSize:4 useChromaTS:0 BDPCM:2 IBC:2 BCW:0 
ENC. ALG. CFG: QPA:0 HAD:1 RDQ:1 RDQTS:1 ASR:1 MinSearchWindow:96 RestrictMESampling:0 EDO:2 MCTF:2 
PRE-ANALYSIS CFG: STA:1 LeadFrames:0 TrailFrames:0 
FAST TOOL CFG: ECU:0 FEN:1 FDM:1 FastSearch:4 (SCC:2) LCTUFast:1 FastMrg:2 PBIntraFast:1 AMaxBT:1 FastQtBtEnc:1 ContentBasedFastQtbt:0 FastMIP:3 FastIntraTools:0 IntraEstDecBit:2 FastLocalDualTree:1 IntegerET:0 FastSubPel:1 QtbttExtraFast:3 FastTTSplit:0 IBCFastMethod:3 FIM:0 ALFSpeed:0 QuantThr: 4 
RATE CONTROL CFG: RateControl:0 LookAhead:0 
PARALLEL PROCESSING CFG: NumThreads:0 MaxParallelFrames:0 WppBitEqual:0 WF:0 

POC     0 TId: 0 (  IDR_N_LP, I-SLICE, QP 34, TF 2)     142152 bits [Y 34.7290 dB    U 39.0714 dB    V 39.9878 dB] [ET   154 ] [L0 ] [L1 ]
POC    16 TId: 1 (      STSA, B-SLICE, QP 40, TF 1)      22368 bits [Y 32.2730 dB    U 38.2492 dB    V 38.8725 dB] [ET   273 ] [L0 0 ] [L1 0 ]
POC     8 TId: 2 (      STSA, B-SLICE, QP 40, TF 0)      10896 bits [Y 32.8830 dB    U 38.5329 dB    V 39.3457 dB] [ET   365 ] [L0 0 16 ] [L1 16 0 ]
POC     4 TId: 3 (      STSA, B-SLICE, QP 43)             4360 bits [Y 32.8661 dB    U 38.7356 dB    V 39.5305 dB] [ET   300 ] [L0 0 8 ] [L1 8 16 ]
POC     2 TId: 4 (      STSA, B-SLICE, QP 45)             1840 bits [Y 33.0917 dB    U 38.8775 dB    V 39.7080 dB] [ET   207 ] [L0 0 4 ] [L1 4 8 ]
POC     1 TId: 5 (      STSA, B-SLICE, QP 46)              560 bits [Y 33.5649 dB    U 38.9270 dB    V 39.9195 dB] [ET   161 ] [L0 0 2 ] [L1 2 4 ]
POC     3 TId: 5 (      STSA, B-SLICE, QP 46)              592 bits [Y 32.6849 dB    U 38.8683 dB    V 39.6372 dB] [ET   217 ] [L0 2 0 ] [L1 4 8 ]
POC     6 TId: 4 (      STSA, B-SLICE, QP 45)             1904 bits [Y 32.4036 dB    U 38.6313 dB    V 39.4765 dB] [ET   255 ] [L0 4 0 ] [L1 8 16 ]
POC     5 TId: 5 (      STSA, B-SLICE, QP 46)              792 bits [Y 32.4449 dB    U 38.6137 dB    V 39.4743 dB] [ET   213 ] [L0 4 0 ] [L1 6 8 ]
POC     7 TId: 5 (      STSA, B-SLICE, QP 46)              720 bits [Y 32.4744 dB    U 38.5710 dB    V 39.4285 dB] [ET   224 ] [L0 6 4 ] [L1 8 16 ]
POC    12 TId: 3 (      STSA, B-SLICE, QP 43)             4976 bits [Y 32.0161 dB    U 38.3082 dB    V 39.0258 dB] [ET   326 ] [L0 8 0 ] [L1 16 8 ]
POC    10 TId: 4 (      STSA, B-SLICE, QP 45)             1776 bits [Y 32.0351 dB    U 38.3709 dB    V 39.1867 dB] [ET   284 ] [L0 8 0 ] [L1 12 16 ]
POC     9 TId: 5 (      STSA, B-SLICE, QP 46)              736 bits [Y 32.2287 dB    U 38.5170 dB    V 39.3689 dB] [ET   228 ] [L0 8 0 ] [L1 10 12 ]
POC    11 TId: 5 (      STSA, B-SLICE, QP 46)              808 bits [Y 31.8073 dB    U 38.2981 dB    V 39.0868 dB] [ET   244 ] [L0 10 8 ] [L1 12 16 ]
POC    14 TId: 4 (      STSA, B-SLICE, QP 45)             2168 bits [Y 31.7090 dB    U 38.1845 dB    V 38.8434 dB] [ET   225 ] [L0 12 8 ] [L1 16 12 ]
POC    13 TId: 5 (      STSA, B-SLICE, QP 46)             1016 bits [Y 31.6663 dB    U 38.3056 dB    V 38.9259 dB] [ET   229 ] [L0 12 8 ] [L1 14 16 ]
POC    15 TId: 5 (      STSA, B-SLICE, QP 46)             1104 bits [Y 31.8000 dB    U 38.2970 dB    V 38.9558 dB] [ET   190 ] [L0 14 12 ] [L1 16 14 ]

	Total Frames |   Bitrate     Y-PSNR    U-PSNR    V-PSNR    YUV-PSNR   
	       17    a     701.5341   32.5105   38.5505   39.3396   33.7469

 finished @ Thu Apr  6 19:09:56 2023
 Total Time:     4109.024 sec. [user]     4109.354 sec. [elapsed]

Level: 0
Inject Calls: 4970745483
Errors injected by bit:
	Bit 0: 495937
	Bit 1: 497067
	Bit 2: 496737
	Bit 3: 497609
	Bit 4: 496370
	Bit 5: 498097
	Bit 6: 496694
	Bit 7: 497566

Total errors injected: 3976077
