vvencFFapp: Fraunhofer VVC Encoder ver. 1.5.0 [Linux][GCC 11.3.0][64 bit][SIMD=AVX2]
 started @ Thu Apr  6 03:56:10 2023
CODING TOOL CFG: CTU128 QT44BTT21 IBD:1 SAO:1 ALF:1 (NonLinLuma:0 NonLinChr:0) CCALF:1 Tiles:1x1 Slices:1 WPP:0 WPP-Substreams:1 TMVP:1 DQ:1 SDH:0 CST:1 BDOF:1 DMVR:1 MTSImplicit:1 SBT:0 JCbCr:1 CabacInitPresent:1 AMVR:5 SMVD:3 LMCS:2 (Signal:SDR Opt:0) CIIP:0 MIP:1 AFFINE:2 (PROF:1, Type:1) MMVD:3 DisFracMMVD:1 SbTMVP:1 GPM:3 LFNST:1 MTS:0 ISP:3 TS:2 TSLog2MaxSize:4 useChromaTS:0 BDPCM:2 IBC:2 BCW:0 
ENC. ALG. CFG: QPA:0 HAD:1 RDQ:1 RDQTS:1 ASR:1 MinSearchWindow:96 RestrictMESampling:0 EDO:2 MCTF:2 
PRE-ANALYSIS CFG: STA:1 LeadFrames:0 TrailFrames:0 
FAST TOOL CFG: ECU:0 FEN:1 FDM:1 FastSearch:4 (SCC:2) LCTUFast:1 FastMrg:2 PBIntraFast:1 AMaxBT:1 FastQtBtEnc:1 ContentBasedFastQtbt:0 FastMIP:3 FastIntraTools:0 IntraEstDecBit:2 FastLocalDualTree:1 IntegerET:0 FastSubPel:1 QtbttExtraFast:3 FastTTSplit:0 IBCFastMethod:3 FIM:0 ALFSpeed:0 QuantThr: 4 
RATE CONTROL CFG: RateControl:0 LookAhead:0 
PARALLEL PROCESSING CFG: NumThreads:0 MaxParallelFrames:0 WppBitEqual:0 WF:0 

POC     0 TId: 0 (  IDR_N_LP, I-SLICE, QP 29, TF 2)     239000 bits [Y 37.7621 dB    U 41.1947 dB    V 42.2796 dB] [ET   204 ] [L0 ] [L1 ]
POC    16 TId: 1 (      STSA, B-SLICE, QP 34, TF 1)      48480 bits [Y 35.5487 dB    U 39.8028 dB    V 40.5215 dB] [ET   362 ] [L0 0 ] [L1 0 ]
POC     8 TId: 2 (      STSA, B-SLICE, QP 35, TF 0)      20432 bits [Y 35.7520 dB    U 40.2223 dB    V 41.1041 dB] [ET   455 ] [L0 0 16 ] [L1 16 0 ]
POC     4 TId: 3 (      STSA, B-SLICE, QP 38)             8208 bits [Y 35.5717 dB    U 40.5726 dB    V 41.4865 dB] [ET   385 ] [L0 0 8 ] [L1 8 16 ]
POC     2 TId: 4 (      STSA, B-SLICE, QP 40)             3720 bits [Y 35.8020 dB    U 40.8848 dB    V 41.9060 dB] [ET   265 ] [L0 0 4 ] [L1 4 8 ]
POC     1 TId: 5 (      STSA, B-SLICE, QP 41)             1408 bits [Y 36.3713 dB    U 41.0094 dB    V 42.1376 dB] [ET   196 ] [L0 0 2 ] [L1 2 4 ]
POC     3 TId: 5 (      STSA, B-SLICE, QP 41)             1464 bits [Y 35.3227 dB    U 40.7796 dB    V 41.6956 dB] [ET   259 ] [L0 2 0 ] [L1 4 8 ]
POC     6 TId: 4 (      STSA, B-SLICE, QP 40)             3704 bits [Y 35.0804 dB    U 40.4233 dB    V 41.3175 dB] [ET   342 ] [L0 4 0 ] [L1 8 16 ]
POC     5 TId: 5 (      STSA, B-SLICE, QP 41)             1584 bits [Y 35.0112 dB    U 40.4433 dB    V 41.4068 dB] [ET   257 ] [L0 4 0 ] [L1 6 8 ]
POC     7 TId: 5 (      STSA, B-SLICE, QP 41)             1320 bits [Y 35.1543 dB    U 40.2966 dB    V 41.2159 dB] [ET   275 ] [L0 6 4 ] [L1 8 16 ]
POC    12 TId: 3 (      STSA, B-SLICE, QP 38)             9800 bits [Y 34.8884 dB    U 40.0352 dB    V 40.7697 dB] [ET   418 ] [L0 8 0 ] [L1 16 8 ]
POC    10 TId: 4 (      STSA, B-SLICE, QP 40)             3488 bits [Y 34.7212 dB    U 40.1606 dB    V 40.8858 dB] [ET   362 ] [L0 8 0 ] [L1 12 16 ]
POC     9 TId: 5 (      STSA, B-SLICE, QP 41)             1776 bits [Y 34.9561 dB    U 40.2655 dB    V 41.0515 dB] [ET   287 ] [L0 8 0 ] [L1 10 12 ]
POC    11 TId: 5 (      STSA, B-SLICE, QP 41)             1512 bits [Y 34.4982 dB    U 40.0670 dB    V 40.8291 dB] [ET   265 ] [L0 10 8 ] [L1 12 16 ]
POC    14 TId: 4 (      STSA, B-SLICE, QP 40)             4592 bits [Y 34.5374 dB    U 39.8680 dB    V 40.6084 dB] [ET   301 ] [L0 12 8 ] [L1 16 12 ]
POC    13 TId: 5 (      STSA, B-SLICE, QP 41)             2048 bits [Y 34.4528 dB    U 39.9836 dB    V 40.7143 dB] [ET   286 ] [L0 12 8 ] [L1 14 16 ]
POC    15 TId: 5 (      STSA, B-SLICE, QP 41)             2088 bits [Y 34.6496 dB    U 39.8735 dB    V 40.5230 dB] [ET   219 ] [L0 14 12 ] [L1 16 14 ]

	Total Frames |   Bitrate     Y-PSNR    U-PSNR    V-PSNR    YUV-PSNR   
	       17    a    1251.6141   35.2988   40.3460   41.2031   36.4196

 finished @ Thu Apr  6 05:22:00 2023
 Total Time:     5150.461 sec. [user]     5150.509 sec. [elapsed]

Level: 0
Inject Calls: 6062833444
Errors injected by bit:
	Bit 0: 6059879
	Bit 1: 6057425
	Bit 2: 6058702
	Bit 3: 6063430
	Bit 4: 6060479
	Bit 5: 6060763
	Bit 6: 6063030
	Bit 7: 6062740

Total errors injected: 48486448
