vvencFFapp: Fraunhofer VVC Encoder ver. 1.5.0 [Linux][GCC 11.3.0][64 bit][SIMD=AVX2]
 started @ Wed Apr  5 11:05:50 2023
CODING TOOL CFG: CTU128 QT44BTT21 IBD:1 SAO:1 ALF:1 (NonLinLuma:0 NonLinChr:0) CCALF:1 Tiles:1x1 Slices:1 WPP:0 WPP-Substreams:1 TMVP:1 DQ:1 SDH:0 CST:1 BDOF:1 DMVR:1 MTSImplicit:1 SBT:0 JCbCr:1 CabacInitPresent:1 AMVR:5 SMVD:3 LMCS:2 (Signal:SDR Opt:0) CIIP:0 MIP:1 AFFINE:2 (PROF:1, Type:1) MMVD:3 DisFracMMVD:1 SbTMVP:1 GPM:3 LFNST:1 MTS:0 ISP:3 TS:2 TSLog2MaxSize:4 useChromaTS:0 BDPCM:2 IBC:2 BCW:0 
ENC. ALG. CFG: QPA:0 HAD:1 RDQ:1 RDQTS:1 ASR:1 MinSearchWindow:96 RestrictMESampling:0 EDO:2 MCTF:2 
PRE-ANALYSIS CFG: STA:1 LeadFrames:0 TrailFrames:0 
FAST TOOL CFG: ECU:0 FEN:1 FDM:1 FastSearch:4 (SCC:2) LCTUFast:1 FastMrg:2 PBIntraFast:1 AMaxBT:1 FastQtBtEnc:1 ContentBasedFastQtbt:0 FastMIP:3 FastIntraTools:0 IntraEstDecBit:2 FastLocalDualTree:1 IntegerET:0 FastSubPel:1 QtbttExtraFast:3 FastTTSplit:0 IBCFastMethod:3 FIM:0 ALFSpeed:0 QuantThr: 4 
RATE CONTROL CFG: RateControl:0 LookAhead:0 
PARALLEL PROCESSING CFG: NumThreads:0 MaxParallelFrames:0 WppBitEqual:0 WF:0 

POC     0 TId: 0 (  IDR_N_LP, I-SLICE, QP 24, TF 3)     377624 bits [Y 40.2668 dB    U 43.0828 dB    V 44.6158 dB] [ET   265 ] [L0 ] [L1 ]
POC    16 TId: 1 (      STSA, B-SLICE, QP 28, TF 2)     102056 bits [Y 38.6948 dB    U 42.0546 dB    V 43.2329 dB] [ET   445 ] [L0 0 ] [L1 0 ]
POC     8 TId: 2 (      STSA, B-SLICE, QP 29, TF 1)      44928 bits [Y 38.5885 dB    U 42.2138 dB    V 43.6502 dB] [ET   532 ] [L0 0 16 ] [L1 16 0 ]
POC     4 TId: 3 (      STSA, B-SLICE, QP 32, TF 0)      19128 bits [Y 38.2888 dB    U 42.4648 dB    V 43.8324 dB] [ET   515 ] [L0 0 8 ] [L1 8 16 ]
POC     2 TId: 4 (      STSA, B-SLICE, QP 34)             8392 bits [Y 38.4051 dB    U 42.7809 dB    V 44.2096 dB] [ET   392 ] [L0 0 4 ] [L1 4 8 ]
POC     1 TId: 5 (      STSA, B-SLICE, QP 36)             2952 bits [Y 38.7375 dB    U 42.8787 dB    V 44.4407 dB] [ET   273 ] [L0 0 2 ] [L1 2 4 ]
POC     3 TId: 5 (      STSA, B-SLICE, QP 36)             3216 bits [Y 37.8768 dB    U 42.6497 dB    V 44.0325 dB] [ET   342 ] [L0 2 0 ] [L1 4 8 ]
POC     6 TId: 4 (      STSA, B-SLICE, QP 34)             9248 bits [Y 37.8607 dB    U 42.3471 dB    V 43.6638 dB] [ET   448 ] [L0 4 0 ] [L1 8 16 ]
POC     5 TId: 5 (      STSA, B-SLICE, QP 36)             3480 bits [Y 37.6393 dB    U 42.3465 dB    V 43.7473 dB] [ET   345 ] [L0 4 0 ] [L1 6 8 ]
POC     7 TId: 5 (      STSA, B-SLICE, QP 36)             2960 bits [Y 37.7779 dB    U 42.2794 dB    V 43.6195 dB] [ET   384 ] [L0 6 4 ] [L1 8 16 ]
POC    12 TId: 3 (      STSA, B-SLICE, QP 32, TF 0)      21648 bits [Y 37.7958 dB    U 42.0326 dB    V 43.2170 dB] [ET   529 ] [L0 8 0 ] [L1 16 8 ]
POC    10 TId: 4 (      STSA, B-SLICE, QP 34)             9592 bits [Y 37.6062 dB    U 42.1073 dB    V 43.3064 dB] [ET   486 ] [L0 8 0 ] [L1 12 16 ]
POC     9 TId: 5 (      STSA, B-SLICE, QP 36)             3480 bits [Y 37.6278 dB    U 42.1872 dB    V 43.4950 dB] [ET   343 ] [L0 8 0 ] [L1 10 12 ]
POC    11 TId: 5 (      STSA, B-SLICE, QP 36)             3696 bits [Y 37.3354 dB    U 42.0539 dB    V 43.2331 dB] [ET   355 ] [L0 10 8 ] [L1 12 16 ]
POC    14 TId: 4 (      STSA, B-SLICE, QP 34)            10616 bits [Y 37.4390 dB    U 41.9416 dB    V 42.9694 dB] [ET   409 ] [L0 12 8 ] [L1 16 12 ]
POC    13 TId: 5 (      STSA, B-SLICE, QP 36)             4088 bits [Y 37.2022 dB    U 41.9690 dB    V 43.1578 dB] [ET   358 ] [L0 12 8 ] [L1 14 16 ]
POC    15 TId: 5 (      STSA, B-SLICE, QP 36)             4360 bits [Y 37.3862 dB    U 41.9941 dB    V 43.0589 dB] [ET   279 ] [L0 14 12 ] [L1 16 14 ]

	Total Frames |   Bitrate     Y-PSNR    U-PSNR    V-PSNR    YUV-PSNR   
	       17    a    2228.6965   38.0311   42.3167   43.6166   39.0880

 finished @ Wed Apr  5 12:57:50 2023
 Total Time:     6711.354 sec. [user]     6719.644 sec. [elapsed]

Level: 0
Inject Calls: 7869609463
Errors injected by bit:
	Bit 0: 7872811
	Bit 1: 7867482
	Bit 2: 7873894
	Bit 3: 7872502
	Bit 4: 7873433
	Bit 5: 7869456
	Bit 6: 7866917
	Bit 7: 7869312

Total errors injected: 62965807
