vvencFFapp: Fraunhofer VVC Encoder ver. 1.5.0 [Linux][GCC 11.3.0][64 bit][SIMD=AVX2]
 started @ Thu Apr  6 07:31:14 2023
CODING TOOL CFG: CTU128 QT44BTT21 IBD:1 SAO:1 ALF:1 (NonLinLuma:0 NonLinChr:0) CCALF:1 Tiles:1x1 Slices:1 WPP:0 WPP-Substreams:1 TMVP:1 DQ:1 SDH:0 CST:1 BDOF:1 DMVR:1 MTSImplicit:1 SBT:0 JCbCr:1 CabacInitPresent:1 AMVR:5 SMVD:3 LMCS:2 (Signal:SDR Opt:0) CIIP:0 MIP:1 AFFINE:2 (PROF:1, Type:1) MMVD:3 DisFracMMVD:1 SbTMVP:1 GPM:3 LFNST:1 MTS:0 ISP:3 TS:2 TSLog2MaxSize:4 useChromaTS:0 BDPCM:2 IBC:2 BCW:0 
ENC. ALG. CFG: QPA:0 HAD:1 RDQ:1 RDQTS:1 ASR:1 MinSearchWindow:96 RestrictMESampling:0 EDO:2 MCTF:2 
PRE-ANALYSIS CFG: STA:1 LeadFrames:0 TrailFrames:0 
FAST TOOL CFG: ECU:0 FEN:1 FDM:1 FastSearch:4 (SCC:2) LCTUFast:1 FastMrg:2 PBIntraFast:1 AMaxBT:1 FastQtBtEnc:1 ContentBasedFastQtbt:0 FastMIP:3 FastIntraTools:0 IntraEstDecBit:2 FastLocalDualTree:1 IntegerET:0 FastSubPel:1 QtbttExtraFast:3 FastTTSplit:0 IBCFastMethod:3 FIM:0 ALFSpeed:0 QuantThr: 4 
RATE CONTROL CFG: RateControl:0 LookAhead:0 
PARALLEL PROCESSING CFG: NumThreads:0 MaxParallelFrames:0 WppBitEqual:0 WF:0 

POC     0 TId: 0 (  IDR_N_LP, I-SLICE, QP 29, TF 2)     239000 bits [Y 37.7621 dB    U 41.1947 dB    V 42.2796 dB] [ET   204 ] [L0 ] [L1 ]
POC    16 TId: 1 (      STSA, B-SLICE, QP 34, TF 1)      48288 bits [Y 35.5790 dB    U 39.8764 dB    V 40.7195 dB] [ET   357 ] [L0 0 ] [L1 0 ]
POC     8 TId: 2 (      STSA, B-SLICE, QP 35, TF 0)      20600 bits [Y 35.7808 dB    U 40.2865 dB    V 41.0800 dB] [ET   437 ] [L0 0 16 ] [L1 16 0 ]
POC     4 TId: 3 (      STSA, B-SLICE, QP 38)             7880 bits [Y 35.6019 dB    U 40.6580 dB    V 41.4840 dB] [ET   377 ] [L0 0 8 ] [L1 8 16 ]
POC     2 TId: 4 (      STSA, B-SLICE, QP 40)             3696 bits [Y 35.8096 dB    U 40.9055 dB    V 41.8652 dB] [ET   270 ] [L0 0 4 ] [L1 4 8 ]
POC     1 TId: 5 (      STSA, B-SLICE, QP 41)             1312 bits [Y 36.3093 dB    U 41.0081 dB    V 42.1254 dB] [ET   192 ] [L0 0 2 ] [L1 2 4 ]
POC     3 TId: 5 (      STSA, B-SLICE, QP 41)             1416 bits [Y 35.3525 dB    U 40.8737 dB    V 41.7144 dB] [ET   263 ] [L0 2 0 ] [L1 4 8 ]
POC     6 TId: 4 (      STSA, B-SLICE, QP 40)             3720 bits [Y 35.0992 dB    U 40.4888 dB    V 41.3030 dB] [ET   327 ] [L0 4 0 ] [L1 8 16 ]
POC     5 TId: 5 (      STSA, B-SLICE, QP 41)             1448 bits [Y 35.0515 dB    U 40.5284 dB    V 41.3935 dB] [ET   246 ] [L0 4 0 ] [L1 6 8 ]
POC     7 TId: 5 (      STSA, B-SLICE, QP 41)             1288 bits [Y 35.1744 dB    U 40.3887 dB    V 41.2165 dB] [ET   255 ] [L0 6 4 ] [L1 8 16 ]
POC    12 TId: 3 (      STSA, B-SLICE, QP 38)            10416 bits [Y 34.9493 dB    U 40.1047 dB    V 40.9270 dB] [ET   412 ] [L0 8 0 ] [L1 16 8 ]
POC    10 TId: 4 (      STSA, B-SLICE, QP 40)             3768 bits [Y 34.7508 dB    U 40.1653 dB    V 40.9836 dB] [ET   351 ] [L0 8 0 ] [L1 12 16 ]
POC     9 TId: 5 (      STSA, B-SLICE, QP 41)             1584 bits [Y 34.9633 dB    U 40.2904 dB    V 41.0410 dB] [ET   283 ] [L0 8 0 ] [L1 10 12 ]
POC    11 TId: 5 (      STSA, B-SLICE, QP 41)             1792 bits [Y 34.5437 dB    U 40.0968 dB    V 40.9533 dB] [ET   267 ] [L0 10 8 ] [L1 12 16 ]
POC    14 TId: 4 (      STSA, B-SLICE, QP 40)             4712 bits [Y 34.5638 dB    U 39.9351 dB    V 40.7901 dB] [ET   306 ] [L0 12 8 ] [L1 16 12 ]
POC    13 TId: 5 (      STSA, B-SLICE, QP 41)             2120 bits [Y 34.4816 dB    U 40.0436 dB    V 40.8548 dB] [ET   276 ] [L0 12 8 ] [L1 14 16 ]
POC    15 TId: 5 (      STSA, B-SLICE, QP 41)             1952 bits [Y 34.6280 dB    U 39.9388 dB    V 40.6876 dB] [ET   214 ] [L0 14 12 ] [L1 16 14 ]

	Total Frames |   Bitrate     Y-PSNR    U-PSNR    V-PSNR    YUV-PSNR   
	       17    a    1252.9129   35.3177   40.3990   41.2599   36.4450

 finished @ Thu Apr  6 08:55:26 2023
 Total Time:     5051.602 sec. [user]     5052.149 sec. [elapsed]

Level: 0
Inject Calls: 5953266075
Errors injected by bit:
	Bit 0: 596355
	Bit 1: 595158
	Bit 2: 594747
	Bit 3: 595752
	Bit 4: 594986
	Bit 5: 596668
	Bit 6: 595448
	Bit 7: 595091

Total errors injected: 4764205
