vvencFFapp: Fraunhofer VVC Encoder ver. 1.5.0 [Linux][GCC 11.3.0][64 bit][SIMD=AVX2]
 started @ Tue Apr  4 17:35:30 2023
CODING TOOL CFG: CTU128 QT44BTT21 IBD:1 SAO:1 ALF:1 (NonLinLuma:0 NonLinChr:0) CCALF:1 Tiles:1x1 Slices:1 WPP:0 WPP-Substreams:1 TMVP:1 DQ:1 SDH:0 CST:1 BDOF:1 DMVR:1 MTSImplicit:1 SBT:0 JCbCr:1 CabacInitPresent:1 AMVR:5 SMVD:3 LMCS:2 (Signal:SDR Opt:0) CIIP:0 MIP:1 AFFINE:2 (PROF:1, Type:1) MMVD:3 DisFracMMVD:1 SbTMVP:1 GPM:3 LFNST:1 MTS:0 ISP:3 TS:2 TSLog2MaxSize:4 useChromaTS:0 BDPCM:2 IBC:2 BCW:0 
ENC. ALG. CFG: QPA:0 HAD:1 RDQ:1 RDQTS:1 ASR:1 MinSearchWindow:96 RestrictMESampling:0 EDO:2 MCTF:2 
PRE-ANALYSIS CFG: STA:1 LeadFrames:0 TrailFrames:0 
FAST TOOL CFG: ECU:0 FEN:1 FDM:1 FastSearch:4 (SCC:2) LCTUFast:1 FastMrg:2 PBIntraFast:1 AMaxBT:1 FastQtBtEnc:1 ContentBasedFastQtbt:0 FastMIP:3 FastIntraTools:0 IntraEstDecBit:2 FastLocalDualTree:1 IntegerET:0 FastSubPel:1 QtbttExtraFast:3 FastTTSplit:0 IBCFastMethod:3 FIM:0 ALFSpeed:0 QuantThr: 4 
RATE CONTROL CFG: RateControl:0 LookAhead:0 
PARALLEL PROCESSING CFG: NumThreads:0 MaxParallelFrames:0 WppBitEqual:0 WF:0 

POC     0 TId: 0 (  IDR_N_LP, I-SLICE, QP 19, TF 3)     581848 bits [Y 42.2672 dB    U 45.0524 dB    V 46.9660 dB] [ET   346 ] [L0 ] [L1 ]
POC    16 TId: 1 (      STSA, B-SLICE, QP 22, TF 2)     215496 bits [Y 41.6044 dB    U 44.1983 dB    V 45.8392 dB] [ET   592 ] [L0 0 ] [L1 0 ]
POC     8 TId: 2 (      STSA, B-SLICE, QP 23, TF 1)      98920 bits [Y 40.9476 dB    U 44.1543 dB    V 45.9821 dB] [ET   710 ] [L0 0 16 ] [L1 16 0 ]
POC     4 TId: 3 (      STSA, B-SLICE, QP 26, TF 0)      43368 bits [Y 40.5245 dB    U 44.3005 dB    V 46.1099 dB] [ET   624 ] [L0 0 8 ] [L1 8 16 ]
POC     2 TId: 4 (      STSA, B-SLICE, QP 28)            21192 bits [Y 40.5566 dB    U 44.6130 dB    V 46.4137 dB] [ET   496 ] [L0 0 4 ] [L1 4 8 ]
POC     1 TId: 5 (      STSA, B-SLICE, QP 29)             9064 bits [Y 40.8268 dB    U 44.8082 dB    V 46.7122 dB] [ET   401 ] [L0 0 2 ] [L1 2 4 ]
POC     3 TId: 5 (      STSA, B-SLICE, QP 29)             9592 bits [Y 40.1773 dB    U 44.4837 dB    V 46.2548 dB] [ET   466 ] [L0 2 0 ] [L1 4 8 ]
POC     6 TId: 4 (      STSA, B-SLICE, QP 28)            21480 bits [Y 40.1269 dB    U 44.1071 dB    V 45.8314 dB] [ET   556 ] [L0 4 0 ] [L1 8 16 ]
POC     5 TId: 5 (      STSA, B-SLICE, QP 29)            10440 bits [Y 39.9934 dB    U 44.0861 dB    V 45.8959 dB] [ET   461 ] [L0 4 0 ] [L1 6 8 ]
POC     7 TId: 5 (      STSA, B-SLICE, QP 29)             9712 bits [Y 40.0919 dB    U 44.1582 dB    V 45.7795 dB] [ET   515 ] [L0 6 4 ] [L1 8 16 ]
POC    12 TId: 3 (      STSA, B-SLICE, QP 26, TF 0)      48472 bits [Y 40.2550 dB    U 43.9443 dB    V 45.5554 dB] [ET   611 ] [L0 8 0 ] [L1 16 8 ]
POC    10 TId: 4 (      STSA, B-SLICE, QP 28)            22696 bits [Y 40.0273 dB    U 43.9776 dB    V 45.5546 dB] [ET   631 ] [L0 8 0 ] [L1 12 16 ]
POC     9 TId: 5 (      STSA, B-SLICE, QP 29)            10704 bits [Y 40.0317 dB    U 44.0408 dB    V 45.7645 dB] [ET   465 ] [L0 8 0 ] [L1 10 12 ]
POC    11 TId: 5 (      STSA, B-SLICE, QP 29)            11472 bits [Y 39.8602 dB    U 43.9225 dB    V 45.5948 dB] [ET   484 ] [L0 10 8 ] [L1 12 16 ]
POC    14 TId: 4 (      STSA, B-SLICE, QP 28)            27208 bits [Y 39.9687 dB    U 43.8788 dB    V 45.4158 dB] [ET   530 ] [L0 12 8 ] [L1 16 12 ]
POC    13 TId: 5 (      STSA, B-SLICE, QP 29)            13200 bits [Y 39.7484 dB    U 43.8448 dB    V 45.4181 dB] [ET   542 ] [L0 12 8 ] [L1 14 16 ]
POC    15 TId: 5 (      STSA, B-SLICE, QP 29)            14048 bits [Y 39.9366 dB    U 43.9932 dB    V 45.4700 dB] [ET   391 ] [L0 14 12 ] [L1 16 14 ]

	Total Frames |   Bitrate     Y-PSNR    U-PSNR    V-PSNR    YUV-PSNR   
	       17    a    4125.5718   40.4085   44.2096   45.9152   41.4297

 finished @ Tue Apr  4 20:02:48 2023
 Total Time:     8803.976 sec. [user]     8837.698 sec. [elapsed]

Level: 0
Inject Calls: 10288385145
Errors injected by bit:
	Bit 0: 10286268
	Bit 1: 10291366
	Bit 2: 10284225
	Bit 3: 10291784
	Bit 4: 10282435
	Bit 5: 10289500
	Bit 6: 10287798
	Bit 7: 10284673

Total errors injected: 82298049
