vvencFFapp: Fraunhofer VVC Encoder ver. 1.5.0 [Linux][GCC 11.3.0][64 bit][SIMD=AVX2]
 started @ Tue Apr  4 20:05:34 2023
CODING TOOL CFG: CTU128 QT44BTT21 IBD:1 SAO:1 ALF:1 (NonLinLuma:0 NonLinChr:0) CCALF:1 Tiles:1x1 Slices:1 WPP:0 WPP-Substreams:1 TMVP:1 DQ:1 SDH:0 CST:1 BDOF:1 DMVR:1 MTSImplicit:1 SBT:0 JCbCr:1 CabacInitPresent:1 AMVR:5 SMVD:3 LMCS:2 (Signal:SDR Opt:0) CIIP:0 MIP:1 AFFINE:2 (PROF:1, Type:1) MMVD:3 DisFracMMVD:1 SbTMVP:1 GPM:3 LFNST:1 MTS:0 ISP:3 TS:2 TSLog2MaxSize:4 useChromaTS:0 BDPCM:2 IBC:2 BCW:0 
ENC. ALG. CFG: QPA:0 HAD:1 RDQ:1 RDQTS:1 ASR:1 MinSearchWindow:96 RestrictMESampling:0 EDO:2 MCTF:2 
PRE-ANALYSIS CFG: STA:1 LeadFrames:0 TrailFrames:0 
FAST TOOL CFG: ECU:0 FEN:1 FDM:1 FastSearch:4 (SCC:2) LCTUFast:1 FastMrg:2 PBIntraFast:1 AMaxBT:1 FastQtBtEnc:1 ContentBasedFastQtbt:0 FastMIP:3 FastIntraTools:0 IntraEstDecBit:2 FastLocalDualTree:1 IntegerET:0 FastSubPel:1 QtbttExtraFast:3 FastTTSplit:0 IBCFastMethod:3 FIM:0 ALFSpeed:0 QuantThr: 4 
RATE CONTROL CFG: RateControl:0 LookAhead:0 
PARALLEL PROCESSING CFG: NumThreads:0 MaxParallelFrames:0 WppBitEqual:0 WF:0 

POC     0 TId: 0 (  IDR_N_LP, I-SLICE, QP 19, TF 3)     581848 bits [Y 42.2672 dB    U 45.0524 dB    V 46.9660 dB] [ET   344 ] [L0 ] [L1 ]
POC    16 TId: 1 (      STSA, B-SLICE, QP 22, TF 2)     216008 bits [Y 41.6001 dB    U 44.2133 dB    V 45.8547 dB] [ET   582 ] [L0 0 ] [L1 0 ]
POC     8 TId: 2 (      STSA, B-SLICE, QP 23, TF 1)      98600 bits [Y 40.9530 dB    U 44.1936 dB    V 45.9948 dB] [ET   693 ] [L0 0 16 ] [L1 16 0 ]
POC     4 TId: 3 (      STSA, B-SLICE, QP 26, TF 0)      43304 bits [Y 40.5435 dB    U 44.3289 dB    V 46.1751 dB] [ET   612 ] [L0 0 8 ] [L1 8 16 ]
POC     2 TId: 4 (      STSA, B-SLICE, QP 28)            20992 bits [Y 40.5685 dB    U 44.6357 dB    V 46.4279 dB] [ET   472 ] [L0 0 4 ] [L1 4 8 ]
POC     1 TId: 5 (      STSA, B-SLICE, QP 29)             9248 bits [Y 40.8563 dB    U 44.8220 dB    V 46.6884 dB] [ET   379 ] [L0 0 2 ] [L1 2 4 ]
POC     3 TId: 5 (      STSA, B-SLICE, QP 29)            10496 bits [Y 40.2054 dB    U 44.5053 dB    V 46.2725 dB] [ET   463 ] [L0 2 0 ] [L1 4 8 ]
POC     6 TId: 4 (      STSA, B-SLICE, QP 28)            21400 bits [Y 40.1381 dB    U 44.1647 dB    V 45.8847 dB] [ET   534 ] [L0 4 0 ] [L1 8 16 ]
POC     5 TId: 5 (      STSA, B-SLICE, QP 29)            10432 bits [Y 40.0085 dB    U 44.1134 dB    V 45.9807 dB] [ET   448 ] [L0 4 0 ] [L1 6 8 ]
POC     7 TId: 5 (      STSA, B-SLICE, QP 29)             9576 bits [Y 40.0993 dB    U 44.1849 dB    V 45.8153 dB] [ET   490 ] [L0 6 4 ] [L1 8 16 ]
POC    12 TId: 3 (      STSA, B-SLICE, QP 26, TF 0)      48688 bits [Y 40.2269 dB    U 43.9850 dB    V 45.5908 dB] [ET   605 ] [L0 8 0 ] [L1 16 8 ]
POC    10 TId: 4 (      STSA, B-SLICE, QP 28)            23640 bits [Y 40.0602 dB    U 43.9814 dB    V 45.6026 dB] [ET   685 ] [L0 8 0 ] [L1 12 16 ]
POC     9 TId: 5 (      STSA, B-SLICE, QP 29)            10440 bits [Y 40.0350 dB    U 44.0749 dB    V 45.8116 dB] [ET   438 ] [L0 8 0 ] [L1 10 12 ]
POC    11 TId: 5 (      STSA, B-SLICE, QP 29)            11000 bits [Y 39.8295 dB    U 43.9378 dB    V 45.5870 dB] [ET   488 ] [L0 10 8 ] [L1 12 16 ]
POC    14 TId: 4 (      STSA, B-SLICE, QP 28)            27672 bits [Y 39.9987 dB    U 43.9034 dB    V 45.4992 dB] [ET   517 ] [L0 12 8 ] [L1 16 12 ]
POC    13 TId: 5 (      STSA, B-SLICE, QP 29)            12832 bits [Y 39.7551 dB    U 43.8576 dB    V 45.4577 dB] [ET   531 ] [L0 12 8 ] [L1 14 16 ]
POC    15 TId: 5 (      STSA, B-SLICE, QP 29)            13736 bits [Y 39.9452 dB    U 43.9550 dB    V 45.5283 dB] [ET   375 ] [L0 14 12 ] [L1 16 14 ]

	Total Frames |   Bitrate     Y-PSNR    U-PSNR    V-PSNR    YUV-PSNR   
	       17    a    4129.1012   40.4171   44.2300   45.9492   41.4410

 finished @ Tue Apr  4 22:30:07 2023
 Total Time:     8601.999 sec. [user]     8673.361 sec. [elapsed]

Level: 0
Inject Calls: 10060240925
Errors injected by bit:
	Bit 0: 1005574
	Bit 1: 1006905
	Bit 2: 1006549
	Bit 3: 1004777
	Bit 4: 1007363
	Bit 5: 1004886
	Bit 6: 1004459
	Bit 7: 1005524

Total errors injected: 8046037
