vvencFFapp: Fraunhofer VVC Encoder ver. 1.5.0 [Linux][GCC 11.3.0][64 bit][SIMD=AVX2]
 started @ Thu Apr  6 14:36:23 2023
CODING TOOL CFG: CTU128 QT44BTT21 IBD:1 SAO:1 ALF:1 (NonLinLuma:0 NonLinChr:0) CCALF:1 Tiles:1x1 Slices:1 WPP:0 WPP-Substreams:1 TMVP:1 DQ:1 SDH:0 CST:1 BDOF:1 DMVR:1 MTSImplicit:1 SBT:0 JCbCr:1 CabacInitPresent:1 AMVR:5 SMVD:3 LMCS:2 (Signal:SDR Opt:0) CIIP:0 MIP:1 AFFINE:2 (PROF:1, Type:1) MMVD:3 DisFracMMVD:1 SbTMVP:1 GPM:3 LFNST:1 MTS:0 ISP:3 TS:2 TSLog2MaxSize:4 useChromaTS:0 BDPCM:2 IBC:2 BCW:0 
ENC. ALG. CFG: QPA:0 HAD:1 RDQ:1 RDQTS:1 ASR:1 MinSearchWindow:96 RestrictMESampling:0 EDO:2 MCTF:2 
PRE-ANALYSIS CFG: STA:1 LeadFrames:0 TrailFrames:0 
FAST TOOL CFG: ECU:0 FEN:1 FDM:1 FastSearch:4 (SCC:2) LCTUFast:1 FastMrg:2 PBIntraFast:1 AMaxBT:1 FastQtBtEnc:1 ContentBasedFastQtbt:0 FastMIP:3 FastIntraTools:0 IntraEstDecBit:2 FastLocalDualTree:1 IntegerET:0 FastSubPel:1 QtbttExtraFast:3 FastTTSplit:0 IBCFastMethod:3 FIM:0 ALFSpeed:0 QuantThr: 4 
RATE CONTROL CFG: RateControl:0 LookAhead:0 
PARALLEL PROCESSING CFG: NumThreads:0 MaxParallelFrames:0 WppBitEqual:0 WF:0 

POC     0 TId: 0 (  IDR_N_LP, I-SLICE, QP 29, TF 2)     239000 bits [Y 37.7621 dB    U 41.1947 dB    V 42.2796 dB] [ET   205 ] [L0 ] [L1 ]
POC    16 TId: 1 (      STSA, B-SLICE, QP 34, TF 1)      48648 bits [Y 35.5613 dB    U 39.9150 dB    V 40.6477 dB] [ET   351 ] [L0 0 ] [L1 0 ]
POC     8 TId: 2 (      STSA, B-SLICE, QP 35, TF 0)      20528 bits [Y 35.7722 dB    U 40.2601 dB    V 41.0482 dB] [ET   426 ] [L0 0 16 ] [L1 16 0 ]
POC     4 TId: 3 (      STSA, B-SLICE, QP 38)             8064 bits [Y 35.6209 dB    U 40.6467 dB    V 41.5403 dB] [ET   372 ] [L0 0 8 ] [L1 8 16 ]
POC     2 TId: 4 (      STSA, B-SLICE, QP 40)             3416 bits [Y 35.7918 dB    U 40.9511 dB    V 41.9300 dB] [ET   249 ] [L0 0 4 ] [L1 4 8 ]
POC     1 TId: 5 (      STSA, B-SLICE, QP 41)             1488 bits [Y 36.3658 dB    U 41.0426 dB    V 42.1331 dB] [ET   186 ] [L0 0 2 ] [L1 2 4 ]
POC     3 TId: 5 (      STSA, B-SLICE, QP 41)             1512 bits [Y 35.3846 dB    U 40.8559 dB    V 41.7567 dB] [ET   260 ] [L0 2 0 ] [L1 4 8 ]
POC     6 TId: 4 (      STSA, B-SLICE, QP 40)             3920 bits [Y 35.1176 dB    U 40.5267 dB    V 41.2993 dB] [ET   326 ] [L0 4 0 ] [L1 8 16 ]
POC     5 TId: 5 (      STSA, B-SLICE, QP 41)             1584 bits [Y 35.0982 dB    U 40.5315 dB    V 41.4013 dB] [ET   230 ] [L0 4 0 ] [L1 6 8 ]
POC     7 TId: 5 (      STSA, B-SLICE, QP 41)             1424 bits [Y 35.1720 dB    U 40.3867 dB    V 41.1827 dB] [ET   255 ] [L0 6 4 ] [L1 8 16 ]
POC    12 TId: 3 (      STSA, B-SLICE, QP 38)             9704 bits [Y 34.9090 dB    U 40.0865 dB    V 40.8637 dB] [ET   399 ] [L0 8 0 ] [L1 16 8 ]
POC    10 TId: 4 (      STSA, B-SLICE, QP 40)             3416 bits [Y 34.7164 dB    U 40.1519 dB    V 40.9561 dB] [ET   342 ] [L0 8 0 ] [L1 12 16 ]
POC     9 TId: 5 (      STSA, B-SLICE, QP 41)             1672 bits [Y 34.9531 dB    U 40.3087 dB    V 41.0577 dB] [ET   278 ] [L0 8 0 ] [L1 10 12 ]
POC    11 TId: 5 (      STSA, B-SLICE, QP 41)             1608 bits [Y 34.5334 dB    U 40.1101 dB    V 40.9312 dB] [ET   246 ] [L0 10 8 ] [L1 12 16 ]
POC    14 TId: 4 (      STSA, B-SLICE, QP 40)             4728 bits [Y 34.6138 dB    U 40.0054 dB    V 40.7295 dB] [ET   285 ] [L0 12 8 ] [L1 16 12 ]
POC    13 TId: 5 (      STSA, B-SLICE, QP 41)             2064 bits [Y 34.5015 dB    U 40.0145 dB    V 40.8223 dB] [ET   277 ] [L0 12 8 ] [L1 14 16 ]
POC    15 TId: 5 (      STSA, B-SLICE, QP 41)             1936 bits [Y 34.5830 dB    U 40.0084 dB    V 40.6242 dB] [ET   212 ] [L0 14 12 ] [L1 16 14 ]

	Total Frames |   Bitrate     Y-PSNR    U-PSNR    V-PSNR    YUV-PSNR   
	       17    a    1251.9247   35.3210   40.4116   41.2473   36.4472

 finished @ Thu Apr  6 15:58:16 2023
 Total Time:     4912.983 sec. [user]     4913.358 sec. [elapsed]

Level: 0
Inject Calls: 5870349520
Errors injected by bit:
	Bit 0: 559
	Bit 1: 589
	Bit 2: 608
	Bit 3: 609
	Bit 4: 584
	Bit 5: 557
	Bit 6: 624
	Bit 7: 579

Total errors injected: 4709
