vvencFFapp: Fraunhofer VVC Encoder ver. 1.5.0 [Linux][GCC 11.3.0][64 bit][SIMD=AVX2]
 started @ Thu Apr  6 09:41:17 2023
CODING TOOL CFG: CTU128 QT44BTT21 IBD:1 SAO:1 ALF:1 (NonLinLuma:0 NonLinChr:0) CCALF:1 Tiles:1x1 Slices:1 WPP:0 WPP-Substreams:1 TMVP:1 DQ:1 SDH:0 CST:1 BDOF:1 DMVR:1 MTSImplicit:1 SBT:0 JCbCr:1 CabacInitPresent:1 AMVR:5 SMVD:3 LMCS:2 (Signal:SDR Opt:0) CIIP:0 MIP:1 AFFINE:2 (PROF:1, Type:1) MMVD:3 DisFracMMVD:1 SbTMVP:1 GPM:3 LFNST:1 MTS:0 ISP:3 TS:2 TSLog2MaxSize:4 useChromaTS:0 BDPCM:2 IBC:2 BCW:0 
ENC. ALG. CFG: QPA:0 HAD:1 RDQ:1 RDQTS:1 ASR:1 MinSearchWindow:96 RestrictMESampling:0 EDO:2 MCTF:2 
PRE-ANALYSIS CFG: STA:1 LeadFrames:0 TrailFrames:0 
FAST TOOL CFG: ECU:0 FEN:1 FDM:1 FastSearch:4 (SCC:2) LCTUFast:1 FastMrg:2 PBIntraFast:1 AMaxBT:1 FastQtBtEnc:1 ContentBasedFastQtbt:0 FastMIP:3 FastIntraTools:0 IntraEstDecBit:2 FastLocalDualTree:1 IntegerET:0 FastSubPel:1 QtbttExtraFast:3 FastTTSplit:0 IBCFastMethod:3 FIM:0 ALFSpeed:0 QuantThr: 4 
RATE CONTROL CFG: RateControl:0 LookAhead:0 
PARALLEL PROCESSING CFG: NumThreads:0 MaxParallelFrames:0 WppBitEqual:0 WF:0 

POC     0 TId: 0 (  IDR_N_LP, I-SLICE, QP 29, TF 2)     239000 bits [Y 37.7621 dB    U 41.1947 dB    V 42.2796 dB] [ET   203 ] [L0 ] [L1 ]
POC    16 TId: 1 (      STSA, B-SLICE, QP 34, TF 1)      48776 bits [Y 35.5740 dB    U 39.9042 dB    V 40.6759 dB] [ET   350 ] [L0 0 ] [L1 0 ]
POC     8 TId: 2 (      STSA, B-SLICE, QP 35, TF 0)      20488 bits [Y 35.7506 dB    U 40.3120 dB    V 41.1603 dB] [ET   442 ] [L0 0 16 ] [L1 16 0 ]
POC     4 TId: 3 (      STSA, B-SLICE, QP 38)             8208 bits [Y 35.5773 dB    U 40.6680 dB    V 41.6068 dB] [ET   377 ] [L0 0 8 ] [L1 8 16 ]
POC     2 TId: 4 (      STSA, B-SLICE, QP 40)             3632 bits [Y 35.7995 dB    U 40.8992 dB    V 41.8634 dB] [ET   272 ] [L0 0 4 ] [L1 4 8 ]
POC     1 TId: 5 (      STSA, B-SLICE, QP 41)             1528 bits [Y 36.4252 dB    U 41.0249 dB    V 42.1355 dB] [ET   194 ] [L0 0 2 ] [L1 2 4 ]
POC     3 TId: 5 (      STSA, B-SLICE, QP 41)             1344 bits [Y 35.3299 dB    U 40.8539 dB    V 41.7338 dB] [ET   259 ] [L0 2 0 ] [L1 4 8 ]
POC     6 TId: 4 (      STSA, B-SLICE, QP 40)             3960 bits [Y 35.1591 dB    U 40.5281 dB    V 41.3730 dB] [ET   343 ] [L0 4 0 ] [L1 8 16 ]
POC     5 TId: 5 (      STSA, B-SLICE, QP 41)             1512 bits [Y 35.0650 dB    U 40.5782 dB    V 41.5298 dB] [ET   247 ] [L0 4 0 ] [L1 6 8 ]
POC     7 TId: 5 (      STSA, B-SLICE, QP 41)             1376 bits [Y 35.2078 dB    U 40.3899 dB    V 41.2686 dB] [ET   255 ] [L0 6 4 ] [L1 8 16 ]
POC    12 TId: 3 (      STSA, B-SLICE, QP 38)            10376 bits [Y 35.0004 dB    U 40.0736 dB    V 40.9054 dB] [ET   409 ] [L0 8 0 ] [L1 16 8 ]
POC    10 TId: 4 (      STSA, B-SLICE, QP 40)             3896 bits [Y 34.7726 dB    U 40.1693 dB    V 40.9744 dB] [ET   358 ] [L0 8 0 ] [L1 12 16 ]
POC     9 TId: 5 (      STSA, B-SLICE, QP 41)             1736 bits [Y 34.9537 dB    U 40.3163 dB    V 41.1154 dB] [ET   275 ] [L0 8 0 ] [L1 10 12 ]
POC    11 TId: 5 (      STSA, B-SLICE, QP 41)             1808 bits [Y 34.6161 dB    U 40.0869 dB    V 40.9184 dB] [ET   255 ] [L0 10 8 ] [L1 12 16 ]
POC    14 TId: 4 (      STSA, B-SLICE, QP 40)             4528 bits [Y 34.6181 dB    U 39.9799 dB    V 40.7851 dB] [ET   277 ] [L0 12 8 ] [L1 16 12 ]
POC    13 TId: 5 (      STSA, B-SLICE, QP 41)             2136 bits [Y 34.5456 dB    U 40.0169 dB    V 40.8107 dB] [ET   265 ] [L0 12 8 ] [L1 14 16 ]
POC    15 TId: 5 (      STSA, B-SLICE, QP 41)             2144 bits [Y 34.6361 dB    U 39.9627 dB    V 40.6673 dB] [ET   213 ] [L0 14 12 ] [L1 16 14 ]

	Total Frames |   Bitrate     Y-PSNR    U-PSNR    V-PSNR    YUV-PSNR   
	       17    a    1258.0518   35.3408   40.4093   41.2826   36.4683

 finished @ Thu Apr  6 11:04:46 2023
 Total Time:     5008.913 sec. [user]     5009.345 sec. [elapsed]

Level: 0
Inject Calls: 5928164945
Errors injected by bit:
	Bit 0: 59110
	Bit 1: 59287
	Bit 2: 59209
	Bit 3: 59248
	Bit 4: 58988
	Bit 5: 59414
	Bit 6: 59411
	Bit 7: 59043

Total errors injected: 473710
