vvencFFapp: Fraunhofer VVC Encoder ver. 1.5.0 [Linux][GCC 11.3.0][64 bit][SIMD=AVX2]
 started @ Thu Apr  6 06:01:12 2023
CODING TOOL CFG: CTU128 QT44BTT21 IBD:1 SAO:1 ALF:1 (NonLinLuma:0 NonLinChr:0) CCALF:1 Tiles:1x1 Slices:1 WPP:0 WPP-Substreams:1 TMVP:1 DQ:1 SDH:0 CST:1 BDOF:1 DMVR:1 MTSImplicit:1 SBT:0 JCbCr:1 CabacInitPresent:1 AMVR:5 SMVD:3 LMCS:2 (Signal:SDR Opt:0) CIIP:0 MIP:1 AFFINE:2 (PROF:1, Type:1) MMVD:3 DisFracMMVD:1 SbTMVP:1 GPM:3 LFNST:1 MTS:0 ISP:3 TS:2 TSLog2MaxSize:4 useChromaTS:0 BDPCM:2 IBC:2 BCW:0 
ENC. ALG. CFG: QPA:0 HAD:1 RDQ:1 RDQTS:1 ASR:1 MinSearchWindow:96 RestrictMESampling:0 EDO:2 MCTF:2 
PRE-ANALYSIS CFG: STA:1 LeadFrames:0 TrailFrames:0 
FAST TOOL CFG: ECU:0 FEN:1 FDM:1 FastSearch:4 (SCC:2) LCTUFast:1 FastMrg:2 PBIntraFast:1 AMaxBT:1 FastQtBtEnc:1 ContentBasedFastQtbt:0 FastMIP:3 FastIntraTools:0 IntraEstDecBit:2 FastLocalDualTree:1 IntegerET:0 FastSubPel:1 QtbttExtraFast:3 FastTTSplit:0 IBCFastMethod:3 FIM:0 ALFSpeed:0 QuantThr: 4 
RATE CONTROL CFG: RateControl:0 LookAhead:0 
PARALLEL PROCESSING CFG: NumThreads:0 MaxParallelFrames:0 WppBitEqual:0 WF:0 

POC     0 TId: 0 (  IDR_N_LP, I-SLICE, QP 29, TF 2)     239000 bits [Y 37.7621 dB    U 41.1947 dB    V 42.2796 dB] [ET   204 ] [L0 ] [L1 ]
POC    16 TId: 1 (      STSA, B-SLICE, QP 34, TF 1)      48656 bits [Y 35.5607 dB    U 39.8253 dB    V 40.6246 dB] [ET   355 ] [L0 0 ] [L1 0 ]
POC     8 TId: 2 (      STSA, B-SLICE, QP 35, TF 0)      20928 bits [Y 35.7700 dB    U 40.2236 dB    V 41.1287 dB] [ET   465 ] [L0 0 16 ] [L1 16 0 ]
POC     4 TId: 3 (      STSA, B-SLICE, QP 38)             8160 bits [Y 35.6101 dB    U 40.6040 dB    V 41.4116 dB] [ET   400 ] [L0 0 8 ] [L1 8 16 ]
POC     2 TId: 4 (      STSA, B-SLICE, QP 40)             3568 bits [Y 35.8212 dB    U 40.8984 dB    V 41.8408 dB] [ET   266 ] [L0 0 4 ] [L1 4 8 ]
POC     1 TId: 5 (      STSA, B-SLICE, QP 41)             1376 bits [Y 36.3291 dB    U 41.0268 dB    V 42.1214 dB] [ET   198 ] [L0 0 2 ] [L1 2 4 ]
POC     3 TId: 5 (      STSA, B-SLICE, QP 41)             1576 bits [Y 35.4071 dB    U 40.8398 dB    V 41.6441 dB] [ET   276 ] [L0 2 0 ] [L1 4 8 ]
POC     6 TId: 4 (      STSA, B-SLICE, QP 40)             3720 bits [Y 35.1010 dB    U 40.4348 dB    V 41.2940 dB] [ET   325 ] [L0 4 0 ] [L1 8 16 ]
POC     5 TId: 5 (      STSA, B-SLICE, QP 41)             1520 bits [Y 35.0822 dB    U 40.4765 dB    V 41.3477 dB] [ET   251 ] [L0 4 0 ] [L1 6 8 ]
POC     7 TId: 5 (      STSA, B-SLICE, QP 41)             1328 bits [Y 35.1696 dB    U 40.3194 dB    V 41.2211 dB] [ET   258 ] [L0 6 4 ] [L1 8 16 ]
POC    12 TId: 3 (      STSA, B-SLICE, QP 38)             9840 bits [Y 34.9386 dB    U 40.0667 dB    V 40.8679 dB] [ET   402 ] [L0 8 0 ] [L1 16 8 ]
POC    10 TId: 4 (      STSA, B-SLICE, QP 40)             3824 bits [Y 34.7946 dB    U 40.1334 dB    V 40.9435 dB] [ET   357 ] [L0 8 0 ] [L1 12 16 ]
POC     9 TId: 5 (      STSA, B-SLICE, QP 41)             1528 bits [Y 34.9666 dB    U 40.2256 dB    V 41.0596 dB] [ET   286 ] [L0 8 0 ] [L1 10 12 ]
POC    11 TId: 5 (      STSA, B-SLICE, QP 41)             1648 bits [Y 34.5803 dB    U 40.0591 dB    V 40.8856 dB] [ET   258 ] [L0 10 8 ] [L1 12 16 ]
POC    14 TId: 4 (      STSA, B-SLICE, QP 40)             4480 bits [Y 34.5667 dB    U 39.9214 dB    V 40.6858 dB] [ET   297 ] [L0 12 8 ] [L1 16 12 ]
POC    13 TId: 5 (      STSA, B-SLICE, QP 41)             1960 bits [Y 34.4513 dB    U 40.0019 dB    V 40.7378 dB] [ET   276 ] [L0 12 8 ] [L1 14 16 ]
POC    15 TId: 5 (      STSA, B-SLICE, QP 41)             2144 bits [Y 34.6910 dB    U 39.8891 dB    V 40.5559 dB] [ET   222 ] [L0 14 12 ] [L1 16 14 ]

	Total Frames |   Bitrate     Y-PSNR    U-PSNR    V-PSNR    YUV-PSNR   
	       17    a    1253.8447   35.3295   40.3612   41.2147   36.4506

 finished @ Thu Apr  6 07:26:23 2023
 Total Time:     5110.595 sec. [user]     5110.688 sec. [elapsed]

Level: 0
Inject Calls: 6021640322
Errors injected by bit:
	Bit 0: 602152
	Bit 1: 603623
	Bit 2: 602029
	Bit 3: 602558
	Bit 4: 602064
	Bit 5: 603408
	Bit 6: 601969
	Bit 7: 601610

Total errors injected: 4819413
