vvencFFapp: Fraunhofer VVC Encoder ver. 1.5.0 [Linux][GCC 11.3.0][64 bit][SIMD=AVX2]
 started @ Thu Apr  6 18:26:27 2023
CODING TOOL CFG: CTU128 QT44BTT21 IBD:1 SAO:1 ALF:1 (NonLinLuma:0 NonLinChr:0) CCALF:1 Tiles:1x1 Slices:1 WPP:0 WPP-Substreams:1 TMVP:1 DQ:1 SDH:0 CST:1 BDOF:1 DMVR:1 MTSImplicit:1 SBT:0 JCbCr:1 CabacInitPresent:1 AMVR:5 SMVD:3 LMCS:2 (Signal:SDR Opt:0) CIIP:0 MIP:1 AFFINE:2 (PROF:1, Type:1) MMVD:3 DisFracMMVD:1 SbTMVP:1 GPM:3 LFNST:1 MTS:0 ISP:3 TS:2 TSLog2MaxSize:4 useChromaTS:0 BDPCM:2 IBC:2 BCW:0 
ENC. ALG. CFG: QPA:0 HAD:1 RDQ:1 RDQTS:1 ASR:1 MinSearchWindow:96 RestrictMESampling:0 EDO:2 MCTF:2 
PRE-ANALYSIS CFG: STA:1 LeadFrames:0 TrailFrames:0 
FAST TOOL CFG: ECU:0 FEN:1 FDM:1 FastSearch:4 (SCC:2) LCTUFast:1 FastMrg:2 PBIntraFast:1 AMaxBT:1 FastQtBtEnc:1 ContentBasedFastQtbt:0 FastMIP:3 FastIntraTools:0 IntraEstDecBit:2 FastLocalDualTree:1 IntegerET:0 FastSubPel:1 QtbttExtraFast:3 FastTTSplit:0 IBCFastMethod:3 FIM:0 ALFSpeed:0 QuantThr: 4 
RATE CONTROL CFG: RateControl:0 LookAhead:0 
PARALLEL PROCESSING CFG: NumThreads:0 MaxParallelFrames:0 WppBitEqual:0 WF:0 

POC     0 TId: 0 (  IDR_N_LP, I-SLICE, QP 34, TF 2)     142152 bits [Y 34.7290 dB    U 39.0714 dB    V 39.9878 dB] [ET   158 ] [L0 ] [L1 ]
POC    16 TId: 1 (      STSA, B-SLICE, QP 40, TF 1)      22176 bits [Y 32.2525 dB    U 38.2636 dB    V 38.8405 dB] [ET   274 ] [L0 0 ] [L1 0 ]
POC     8 TId: 2 (      STSA, B-SLICE, QP 40, TF 0)      10832 bits [Y 32.8479 dB    U 38.4974 dB    V 39.3614 dB] [ET   374 ] [L0 0 16 ] [L1 16 0 ]
POC     4 TId: 3 (      STSA, B-SLICE, QP 43)             4272 bits [Y 32.7895 dB    U 38.7562 dB    V 39.5227 dB] [ET   307 ] [L0 0 8 ] [L1 8 16 ]
POC     2 TId: 4 (      STSA, B-SLICE, QP 45)             1872 bits [Y 33.0253 dB    U 38.8522 dB    V 39.6900 dB] [ET   217 ] [L0 0 4 ] [L1 4 8 ]
POC     1 TId: 5 (      STSA, B-SLICE, QP 46)              648 bits [Y 33.5660 dB    U 38.9039 dB    V 39.9056 dB] [ET   166 ] [L0 0 2 ] [L1 2 4 ]
POC     3 TId: 5 (      STSA, B-SLICE, QP 46)              680 bits [Y 32.7000 dB    U 38.8644 dB    V 39.6130 dB] [ET   221 ] [L0 2 0 ] [L1 4 8 ]
POC     6 TId: 4 (      STSA, B-SLICE, QP 45)             1912 bits [Y 32.3255 dB    U 38.6602 dB    V 39.4367 dB] [ET   262 ] [L0 4 0 ] [L1 8 16 ]
POC     5 TId: 5 (      STSA, B-SLICE, QP 46)              840 bits [Y 32.3972 dB    U 38.6470 dB    V 39.4757 dB] [ET   210 ] [L0 4 0 ] [L1 6 8 ]
POC     7 TId: 5 (      STSA, B-SLICE, QP 46)              704 bits [Y 32.4492 dB    U 38.5775 dB    V 39.4173 dB] [ET   231 ] [L0 6 4 ] [L1 8 16 ]
POC    12 TId: 3 (      STSA, B-SLICE, QP 43)             5080 bits [Y 32.0362 dB    U 38.4447 dB    V 39.1740 dB] [ET   339 ] [L0 8 0 ] [L1 16 8 ]
POC    10 TId: 4 (      STSA, B-SLICE, QP 45)             1824 bits [Y 31.9821 dB    U 38.3964 dB    V 39.1558 dB] [ET   286 ] [L0 8 0 ] [L1 12 16 ]
POC     9 TId: 5 (      STSA, B-SLICE, QP 46)              864 bits [Y 32.2630 dB    U 38.4893 dB    V 39.3132 dB] [ET   232 ] [L0 8 0 ] [L1 10 12 ]
POC    11 TId: 5 (      STSA, B-SLICE, QP 46)              824 bits [Y 31.7796 dB    U 38.3904 dB    V 39.1446 dB] [ET   261 ] [L0 10 8 ] [L1 12 16 ]
POC    14 TId: 4 (      STSA, B-SLICE, QP 45)             2240 bits [Y 31.6659 dB    U 38.2650 dB    V 38.8757 dB] [ET   231 ] [L0 12 8 ] [L1 16 12 ]
POC    13 TId: 5 (      STSA, B-SLICE, QP 46)             1056 bits [Y 31.6606 dB    U 38.3704 dB    V 39.0189 dB] [ET   233 ] [L0 12 8 ] [L1 14 16 ]
POC    15 TId: 5 (      STSA, B-SLICE, QP 46)              960 bits [Y 31.7289 dB    U 38.3567 dB    V 38.8946 dB] [ET   185 ] [L0 14 12 ] [L1 16 14 ]

	Total Frames |   Bitrate     Y-PSNR    U-PSNR    V-PSNR    YUV-PSNR   
	       17    a     702.1271   32.4823   38.5769   39.3428   33.7227

 finished @ Thu Apr  6 19:36:29 2023
 Total Time:     4201.574 sec. [user]     4201.857 sec. [elapsed]

Level: 0
Inject Calls: 5004942143
Errors injected by bit:
	Bit 0: 499231
	Bit 1: 499675
	Bit 2: 500629
	Bit 3: 499425
	Bit 4: 500607
	Bit 5: 500388
	Bit 6: 501514
	Bit 7: 499822

Total errors injected: 4001291
