vvencFFapp: Fraunhofer VVC Encoder ver. 1.5.0 [Linux][GCC 11.3.0][64 bit][SIMD=AVX2]
 started @ Thu Apr  6 19:11:27 2023
CODING TOOL CFG: CTU128 QT44BTT21 IBD:1 SAO:1 ALF:1 (NonLinLuma:0 NonLinChr:0) CCALF:1 Tiles:1x1 Slices:1 WPP:0 WPP-Substreams:1 TMVP:1 DQ:1 SDH:0 CST:1 BDOF:1 DMVR:1 MTSImplicit:1 SBT:0 JCbCr:1 CabacInitPresent:1 AMVR:5 SMVD:3 LMCS:2 (Signal:SDR Opt:0) CIIP:0 MIP:1 AFFINE:2 (PROF:1, Type:1) MMVD:3 DisFracMMVD:1 SbTMVP:1 GPM:3 LFNST:1 MTS:0 ISP:3 TS:2 TSLog2MaxSize:4 useChromaTS:0 BDPCM:2 IBC:2 BCW:0 
ENC. ALG. CFG: QPA:0 HAD:1 RDQ:1 RDQTS:1 ASR:1 MinSearchWindow:96 RestrictMESampling:0 EDO:2 MCTF:2 
PRE-ANALYSIS CFG: STA:1 LeadFrames:0 TrailFrames:0 
FAST TOOL CFG: ECU:0 FEN:1 FDM:1 FastSearch:4 (SCC:2) LCTUFast:1 FastMrg:2 PBIntraFast:1 AMaxBT:1 FastQtBtEnc:1 ContentBasedFastQtbt:0 FastMIP:3 FastIntraTools:0 IntraEstDecBit:2 FastLocalDualTree:1 IntegerET:0 FastSubPel:1 QtbttExtraFast:3 FastTTSplit:0 IBCFastMethod:3 FIM:0 ALFSpeed:0 QuantThr: 4 
RATE CONTROL CFG: RateControl:0 LookAhead:0 
PARALLEL PROCESSING CFG: NumThreads:0 MaxParallelFrames:0 WppBitEqual:0 WF:0 

POC     0 TId: 0 (  IDR_N_LP, I-SLICE, QP 34, TF 2)     142152 bits [Y 34.7290 dB    U 39.0714 dB    V 39.9878 dB] [ET   158 ] [L0 ] [L1 ]
POC    16 TId: 1 (      STSA, B-SLICE, QP 40, TF 1)      22240 bits [Y 32.2821 dB    U 38.1901 dB    V 38.9684 dB] [ET   268 ] [L0 0 ] [L1 0 ]
POC     8 TId: 2 (      STSA, B-SLICE, QP 40, TF 0)      10656 bits [Y 32.8403 dB    U 38.4290 dB    V 39.3571 dB] [ET   362 ] [L0 0 16 ] [L1 16 0 ]
POC     4 TId: 3 (      STSA, B-SLICE, QP 43)             4200 bits [Y 32.7594 dB    U 38.6746 dB    V 39.5684 dB] [ET   297 ] [L0 0 8 ] [L1 8 16 ]
POC     2 TId: 4 (      STSA, B-SLICE, QP 45)             1784 bits [Y 33.0295 dB    U 38.8191 dB    V 39.7956 dB] [ET   215 ] [L0 0 4 ] [L1 4 8 ]
POC     1 TId: 5 (      STSA, B-SLICE, QP 46)              720 bits [Y 33.6355 dB    U 38.9081 dB    V 39.9595 dB] [ET   161 ] [L0 0 2 ] [L1 2 4 ]
POC     3 TId: 5 (      STSA, B-SLICE, QP 46)              648 bits [Y 32.7000 dB    U 38.8003 dB    V 39.7055 dB] [ET   211 ] [L0 2 0 ] [L1 4 8 ]
POC     6 TId: 4 (      STSA, B-SLICE, QP 45)             2000 bits [Y 32.4287 dB    U 38.5793 dB    V 39.5177 dB] [ET   268 ] [L0 4 0 ] [L1 8 16 ]
POC     5 TId: 5 (      STSA, B-SLICE, QP 46)              744 bits [Y 32.3823 dB    U 38.5899 dB    V 39.5428 dB] [ET   213 ] [L0 4 0 ] [L1 6 8 ]
POC     7 TId: 5 (      STSA, B-SLICE, QP 46)              696 bits [Y 32.5076 dB    U 38.4956 dB    V 39.4668 dB] [ET   221 ] [L0 6 4 ] [L1 8 16 ]
POC    12 TId: 3 (      STSA, B-SLICE, QP 43)             4888 bits [Y 31.9988 dB    U 38.2324 dB    V 39.1275 dB] [ET   328 ] [L0 8 0 ] [L1 16 8 ]
POC    10 TId: 4 (      STSA, B-SLICE, QP 45)             1920 bits [Y 31.9370 dB    U 38.3174 dB    V 39.1849 dB] [ET   296 ] [L0 8 0 ] [L1 12 16 ]
POC     9 TId: 5 (      STSA, B-SLICE, QP 46)              792 bits [Y 32.1551 dB    U 38.4300 dB    V 39.3533 dB] [ET   245 ] [L0 8 0 ] [L1 10 12 ]
POC    11 TId: 5 (      STSA, B-SLICE, QP 46)              672 bits [Y 31.7619 dB    U 38.2613 dB    V 39.1787 dB] [ET   238 ] [L0 10 8 ] [L1 12 16 ]
POC    14 TId: 4 (      STSA, B-SLICE, QP 45)             2216 bits [Y 31.7185 dB    U 38.1852 dB    V 39.0372 dB] [ET   240 ] [L0 12 8 ] [L1 16 12 ]
POC    13 TId: 5 (      STSA, B-SLICE, QP 46)              944 bits [Y 31.5542 dB    U 38.2387 dB    V 39.1247 dB] [ET   233 ] [L0 12 8 ] [L1 14 16 ]
POC    15 TId: 5 (      STSA, B-SLICE, QP 46)             1032 bits [Y 31.8131 dB    U 38.2211 dB    V 38.9892 dB] [ET   187 ] [L0 14 12 ] [L1 16 14 ]

	Total Frames |   Bitrate     Y-PSNR    U-PSNR    V-PSNR    YUV-PSNR   
	       17    a     699.8965   32.4843   38.4967   39.4038   33.7213

 finished @ Thu Apr  6 20:20:44 2023
 Total Time:     4156.489 sec. [user]     4156.586 sec. [elapsed]

Level: 0
Inject Calls: 5013245179
Errors injected by bit:
	Bit 0: 501684
	Bit 1: 502232
	Bit 2: 501751
	Bit 3: 502156
	Bit 4: 500492
	Bit 5: 501143
	Bit 6: 501152
	Bit 7: 501145

Total errors injected: 4011755
