vvencFFapp: Fraunhofer VVC Encoder ver. 1.5.0 [Linux][GCC 11.3.0][64 bit][SIMD=AVX2]
 started @ Thu Apr  6 09:46:17 2023
CODING TOOL CFG: CTU128 QT44BTT21 IBD:1 SAO:1 ALF:1 (NonLinLuma:0 NonLinChr:0) CCALF:1 Tiles:1x1 Slices:1 WPP:0 WPP-Substreams:1 TMVP:1 DQ:1 SDH:0 CST:1 BDOF:1 DMVR:1 MTSImplicit:1 SBT:0 JCbCr:1 CabacInitPresent:1 AMVR:5 SMVD:3 LMCS:2 (Signal:SDR Opt:0) CIIP:0 MIP:1 AFFINE:2 (PROF:1, Type:1) MMVD:3 DisFracMMVD:1 SbTMVP:1 GPM:3 LFNST:1 MTS:0 ISP:3 TS:2 TSLog2MaxSize:4 useChromaTS:0 BDPCM:2 IBC:2 BCW:0 
ENC. ALG. CFG: QPA:0 HAD:1 RDQ:1 RDQTS:1 ASR:1 MinSearchWindow:96 RestrictMESampling:0 EDO:2 MCTF:2 
PRE-ANALYSIS CFG: STA:1 LeadFrames:0 TrailFrames:0 
FAST TOOL CFG: ECU:0 FEN:1 FDM:1 FastSearch:4 (SCC:2) LCTUFast:1 FastMrg:2 PBIntraFast:1 AMaxBT:1 FastQtBtEnc:1 ContentBasedFastQtbt:0 FastMIP:3 FastIntraTools:0 IntraEstDecBit:2 FastLocalDualTree:1 IntegerET:0 FastSubPel:1 QtbttExtraFast:3 FastTTSplit:0 IBCFastMethod:3 FIM:0 ALFSpeed:0 QuantThr: 4 
RATE CONTROL CFG: RateControl:0 LookAhead:0 
PARALLEL PROCESSING CFG: NumThreads:0 MaxParallelFrames:0 WppBitEqual:0 WF:0 

POC     0 TId: 0 (  IDR_N_LP, I-SLICE, QP 29, TF 2)     239000 bits [Y 37.7621 dB    U 41.1947 dB    V 42.2796 dB] [ET   204 ] [L0 ] [L1 ]
POC    16 TId: 1 (      STSA, B-SLICE, QP 34, TF 1)      48256 bits [Y 35.5669 dB    U 39.8636 dB    V 40.6432 dB] [ET   354 ] [L0 0 ] [L1 0 ]
POC     8 TId: 2 (      STSA, B-SLICE, QP 35, TF 0)      20736 bits [Y 35.7625 dB    U 40.3005 dB    V 41.0743 dB] [ET   450 ] [L0 0 16 ] [L1 16 0 ]
POC     4 TId: 3 (      STSA, B-SLICE, QP 38)             8328 bits [Y 35.6345 dB    U 40.6515 dB    V 41.4968 dB] [ET   382 ] [L0 0 8 ] [L1 8 16 ]
POC     2 TId: 4 (      STSA, B-SLICE, QP 40)             3712 bits [Y 35.8314 dB    U 40.8927 dB    V 41.8597 dB] [ET   253 ] [L0 0 4 ] [L1 4 8 ]
POC     1 TId: 5 (      STSA, B-SLICE, QP 41)             1344 bits [Y 36.3199 dB    U 41.0207 dB    V 42.1266 dB] [ET   184 ] [L0 0 2 ] [L1 2 4 ]
POC     3 TId: 5 (      STSA, B-SLICE, QP 41)             1464 bits [Y 35.3979 dB    U 40.8386 dB    V 41.7095 dB] [ET   259 ] [L0 2 0 ] [L1 4 8 ]
POC     6 TId: 4 (      STSA, B-SLICE, QP 40)             3576 bits [Y 35.0579 dB    U 40.5399 dB    V 41.2705 dB] [ET   337 ] [L0 4 0 ] [L1 8 16 ]
POC     5 TId: 5 (      STSA, B-SLICE, QP 41)             1560 bits [Y 35.0670 dB    U 40.5391 dB    V 41.3641 dB] [ET   246 ] [L0 4 0 ] [L1 6 8 ]
POC     7 TId: 5 (      STSA, B-SLICE, QP 41)             1424 bits [Y 35.1561 dB    U 40.4329 dB    V 41.1711 dB] [ET   254 ] [L0 6 4 ] [L1 8 16 ]
POC    12 TId: 3 (      STSA, B-SLICE, QP 38)            10072 bits [Y 34.9643 dB    U 40.0917 dB    V 40.7832 dB] [ET   419 ] [L0 8 0 ] [L1 16 8 ]
POC    10 TId: 4 (      STSA, B-SLICE, QP 40)             3760 bits [Y 34.7492 dB    U 40.1825 dB    V 40.8776 dB] [ET   366 ] [L0 8 0 ] [L1 12 16 ]
POC     9 TId: 5 (      STSA, B-SLICE, QP 41)             1760 bits [Y 34.9871 dB    U 40.2982 dB    V 41.0082 dB] [ET   272 ] [L0 8 0 ] [L1 10 12 ]
POC    11 TId: 5 (      STSA, B-SLICE, QP 41)             1656 bits [Y 34.5482 dB    U 40.1191 dB    V 40.8069 dB] [ET   275 ] [L0 10 8 ] [L1 12 16 ]
POC    14 TId: 4 (      STSA, B-SLICE, QP 40)             4616 bits [Y 34.5709 dB    U 39.9486 dB    V 40.6532 dB] [ET   293 ] [L0 12 8 ] [L1 16 12 ]
POC    13 TId: 5 (      STSA, B-SLICE, QP 41)             2000 bits [Y 34.5104 dB    U 40.0437 dB    V 40.7205 dB] [ET   262 ] [L0 12 8 ] [L1 14 16 ]
POC    15 TId: 5 (      STSA, B-SLICE, QP 41)             2128 bits [Y 34.6858 dB    U 39.9241 dB    V 40.6283 dB] [ET   223 ] [L0 14 12 ] [L1 16 14 ]

	Total Frames |   Bitrate     Y-PSNR    U-PSNR    V-PSNR    YUV-PSNR   
	       17    a    1254.3247   35.3278   40.4048   41.2043   36.4514

 finished @ Thu Apr  6 11:10:23 2023
 Total Time:     5045.933 sec. [user]     5046.139 sec. [elapsed]

Level: 0
Inject Calls: 5968825005
Errors injected by bit:
	Bit 0: 59421
	Bit 1: 59540
	Bit 2: 59773
	Bit 3: 59230
	Bit 4: 59866
	Bit 5: 59380
	Bit 6: 59472
	Bit 7: 60166

Total errors injected: 476848
