vvencFFapp: Fraunhofer VVC Encoder ver. 1.5.0 [Linux][GCC 11.3.0][64 bit][SIMD=AVX2]
 started @ Thu Apr  6 09:41:17 2023
CODING TOOL CFG: CTU128 QT44BTT21 IBD:1 SAO:1 ALF:1 (NonLinLuma:0 NonLinChr:0) CCALF:1 Tiles:1x1 Slices:1 WPP:0 WPP-Substreams:1 TMVP:1 DQ:1 SDH:0 CST:1 BDOF:1 DMVR:1 MTSImplicit:1 SBT:0 JCbCr:1 CabacInitPresent:1 AMVR:5 SMVD:3 LMCS:2 (Signal:SDR Opt:0) CIIP:0 MIP:1 AFFINE:2 (PROF:1, Type:1) MMVD:3 DisFracMMVD:1 SbTMVP:1 GPM:3 LFNST:1 MTS:0 ISP:3 TS:2 TSLog2MaxSize:4 useChromaTS:0 BDPCM:2 IBC:2 BCW:0 
ENC. ALG. CFG: QPA:0 HAD:1 RDQ:1 RDQTS:1 ASR:1 MinSearchWindow:96 RestrictMESampling:0 EDO:2 MCTF:2 
PRE-ANALYSIS CFG: STA:1 LeadFrames:0 TrailFrames:0 
FAST TOOL CFG: ECU:0 FEN:1 FDM:1 FastSearch:4 (SCC:2) LCTUFast:1 FastMrg:2 PBIntraFast:1 AMaxBT:1 FastQtBtEnc:1 ContentBasedFastQtbt:0 FastMIP:3 FastIntraTools:0 IntraEstDecBit:2 FastLocalDualTree:1 IntegerET:0 FastSubPel:1 QtbttExtraFast:3 FastTTSplit:0 IBCFastMethod:3 FIM:0 ALFSpeed:0 QuantThr: 4 
RATE CONTROL CFG: RateControl:0 LookAhead:0 
PARALLEL PROCESSING CFG: NumThreads:0 MaxParallelFrames:0 WppBitEqual:0 WF:0 

POC     0 TId: 0 (  IDR_N_LP, I-SLICE, QP 29, TF 2)     239000 bits [Y 37.7621 dB    U 41.1947 dB    V 42.2796 dB] [ET   202 ] [L0 ] [L1 ]
POC    16 TId: 1 (      STSA, B-SLICE, QP 34, TF 1)      48856 bits [Y 35.5712 dB    U 39.9121 dB    V 40.7027 dB] [ET   351 ] [L0 0 ] [L1 0 ]
POC     8 TId: 2 (      STSA, B-SLICE, QP 35, TF 0)      20456 bits [Y 35.7923 dB    U 40.2709 dB    V 41.1598 dB] [ET   436 ] [L0 0 16 ] [L1 16 0 ]
POC     4 TId: 3 (      STSA, B-SLICE, QP 38)             7960 bits [Y 35.6098 dB    U 40.6464 dB    V 41.5832 dB] [ET   391 ] [L0 0 8 ] [L1 8 16 ]
POC     2 TId: 4 (      STSA, B-SLICE, QP 40)             3680 bits [Y 35.8341 dB    U 40.9382 dB    V 41.9288 dB] [ET   259 ] [L0 0 4 ] [L1 4 8 ]
POC     1 TId: 5 (      STSA, B-SLICE, QP 41)             1520 bits [Y 36.4103 dB    U 41.0133 dB    V 42.1299 dB] [ET   203 ] [L0 0 2 ] [L1 2 4 ]
POC     3 TId: 5 (      STSA, B-SLICE, QP 41)             1416 bits [Y 35.3594 dB    U 40.8510 dB    V 41.7689 dB] [ET   263 ] [L0 2 0 ] [L1 4 8 ]
POC     6 TId: 4 (      STSA, B-SLICE, QP 40)             3632 bits [Y 35.1188 dB    U 40.4768 dB    V 41.3229 dB] [ET   330 ] [L0 4 0 ] [L1 8 16 ]
POC     5 TId: 5 (      STSA, B-SLICE, QP 41)             1520 bits [Y 35.0372 dB    U 40.5205 dB    V 41.4456 dB] [ET   244 ] [L0 4 0 ] [L1 6 8 ]
POC     7 TId: 5 (      STSA, B-SLICE, QP 41)             1416 bits [Y 35.2060 dB    U 40.3582 dB    V 41.2207 dB] [ET   257 ] [L0 6 4 ] [L1 8 16 ]
POC    12 TId: 3 (      STSA, B-SLICE, QP 38)            10096 bits [Y 34.9310 dB    U 40.1474 dB    V 40.8948 dB] [ET   414 ] [L0 8 0 ] [L1 16 8 ]
POC    10 TId: 4 (      STSA, B-SLICE, QP 40)             3872 bits [Y 34.7492 dB    U 40.1878 dB    V 41.0018 dB] [ET   351 ] [L0 8 0 ] [L1 12 16 ]
POC     9 TId: 5 (      STSA, B-SLICE, QP 41)             1728 bits [Y 34.9766 dB    U 40.2712 dB    V 41.0956 dB] [ET   278 ] [L0 8 0 ] [L1 10 12 ]
POC    11 TId: 5 (      STSA, B-SLICE, QP 41)             1624 bits [Y 34.5047 dB    U 40.1140 dB    V 40.8938 dB] [ET   272 ] [L0 10 8 ] [L1 12 16 ]
POC    14 TId: 4 (      STSA, B-SLICE, QP 40)             4648 bits [Y 34.5855 dB    U 39.9645 dB    V 40.6753 dB] [ET   295 ] [L0 12 8 ] [L1 16 12 ]
POC    13 TId: 5 (      STSA, B-SLICE, QP 41)             2144 bits [Y 34.5341 dB    U 40.0544 dB    V 40.7558 dB] [ET   267 ] [L0 12 8 ] [L1 14 16 ]
POC    15 TId: 5 (      STSA, B-SLICE, QP 41)             1968 bits [Y 34.6291 dB    U 39.9552 dB    V 40.6927 dB] [ET   214 ] [L0 14 12 ] [L1 16 14 ]

	Total Frames |   Bitrate     Y-PSNR    U-PSNR    V-PSNR    YUV-PSNR   
	       17    a    1254.8329   35.3301   40.4045   41.2678   36.4555

 finished @ Thu Apr  6 11:05:17 2023
 Total Time:     5039.713 sec. [user]     5040.166 sec. [elapsed]

Level: 0
Inject Calls: 5908676437
Errors injected by bit:
	Bit 0: 59226
	Bit 1: 59215
	Bit 2: 58734
	Bit 3: 59426
	Bit 4: 58521
	Bit 5: 59048
	Bit 6: 58773
	Bit 7: 58887

Total errors injected: 471830
