vvencFFapp: Fraunhofer VVC Encoder ver. 1.5.0 [Linux][GCC 11.3.0][64 bit][SIMD=AVX2]
 started @ Thu Apr  6 11:16:19 2023
CODING TOOL CFG: CTU128 QT44BTT21 IBD:1 SAO:1 ALF:1 (NonLinLuma:0 NonLinChr:0) CCALF:1 Tiles:1x1 Slices:1 WPP:0 WPP-Substreams:1 TMVP:1 DQ:1 SDH:0 CST:1 BDOF:1 DMVR:1 MTSImplicit:1 SBT:0 JCbCr:1 CabacInitPresent:1 AMVR:5 SMVD:3 LMCS:2 (Signal:SDR Opt:0) CIIP:0 MIP:1 AFFINE:2 (PROF:1, Type:1) MMVD:3 DisFracMMVD:1 SbTMVP:1 GPM:3 LFNST:1 MTS:0 ISP:3 TS:2 TSLog2MaxSize:4 useChromaTS:0 BDPCM:2 IBC:2 BCW:0 
ENC. ALG. CFG: QPA:0 HAD:1 RDQ:1 RDQTS:1 ASR:1 MinSearchWindow:96 RestrictMESampling:0 EDO:2 MCTF:2 
PRE-ANALYSIS CFG: STA:1 LeadFrames:0 TrailFrames:0 
FAST TOOL CFG: ECU:0 FEN:1 FDM:1 FastSearch:4 (SCC:2) LCTUFast:1 FastMrg:2 PBIntraFast:1 AMaxBT:1 FastQtBtEnc:1 ContentBasedFastQtbt:0 FastMIP:3 FastIntraTools:0 IntraEstDecBit:2 FastLocalDualTree:1 IntegerET:0 FastSubPel:1 QtbttExtraFast:3 FastTTSplit:0 IBCFastMethod:3 FIM:0 ALFSpeed:0 QuantThr: 4 
RATE CONTROL CFG: RateControl:0 LookAhead:0 
PARALLEL PROCESSING CFG: NumThreads:0 MaxParallelFrames:0 WppBitEqual:0 WF:0 

POC     0 TId: 0 (  IDR_N_LP, I-SLICE, QP 29, TF 2)     239000 bits [Y 37.7621 dB    U 41.1947 dB    V 42.2796 dB] [ET   203 ] [L0 ] [L1 ]
POC    16 TId: 1 (      STSA, B-SLICE, QP 34, TF 1)      48648 bits [Y 35.5613 dB    U 39.9150 dB    V 40.6477 dB] [ET   356 ] [L0 0 ] [L1 0 ]
POC     8 TId: 2 (      STSA, B-SLICE, QP 35, TF 0)      20528 bits [Y 35.7745 dB    U 40.2616 dB    V 41.0482 dB] [ET   431 ] [L0 0 16 ] [L1 16 0 ]
POC     4 TId: 3 (      STSA, B-SLICE, QP 38)             8048 bits [Y 35.6202 dB    U 40.6450 dB    V 41.5385 dB] [ET   376 ] [L0 0 8 ] [L1 8 16 ]
POC     2 TId: 4 (      STSA, B-SLICE, QP 40)             3472 bits [Y 35.7915 dB    U 40.9460 dB    V 41.9297 dB] [ET   253 ] [L0 0 4 ] [L1 4 8 ]
POC     1 TId: 5 (      STSA, B-SLICE, QP 41)             1464 bits [Y 36.3791 dB    U 41.0474 dB    V 42.1564 dB] [ET   192 ] [L0 0 2 ] [L1 2 4 ]
POC     3 TId: 5 (      STSA, B-SLICE, QP 41)             1464 bits [Y 35.3691 dB    U 40.8521 dB    V 41.7662 dB] [ET   265 ] [L0 2 0 ] [L1 4 8 ]
POC     6 TId: 4 (      STSA, B-SLICE, QP 40)             3944 bits [Y 35.1175 dB    U 40.5097 dB    V 41.2984 dB] [ET   331 ] [L0 4 0 ] [L1 8 16 ]
POC     5 TId: 5 (      STSA, B-SLICE, QP 41)             1584 bits [Y 35.1068 dB    U 40.5311 dB    V 41.4072 dB] [ET   237 ] [L0 4 0 ] [L1 6 8 ]
POC     7 TId: 5 (      STSA, B-SLICE, QP 41)             1352 bits [Y 35.1653 dB    U 40.3898 dB    V 41.1791 dB] [ET   261 ] [L0 6 4 ] [L1 8 16 ]
POC    12 TId: 3 (      STSA, B-SLICE, QP 38)             9776 bits [Y 34.9194 dB    U 40.0687 dB    V 40.8536 dB] [ET   411 ] [L0 8 0 ] [L1 16 8 ]
POC    10 TId: 4 (      STSA, B-SLICE, QP 40)             3416 bits [Y 34.7312 dB    U 40.1351 dB    V 40.9542 dB] [ET   339 ] [L0 8 0 ] [L1 12 16 ]
POC     9 TId: 5 (      STSA, B-SLICE, QP 41)             1720 bits [Y 34.9609 dB    U 40.2937 dB    V 41.0566 dB] [ET   273 ] [L0 8 0 ] [L1 10 12 ]
POC    11 TId: 5 (      STSA, B-SLICE, QP 41)             1712 bits [Y 34.5641 dB    U 40.1064 dB    V 40.9365 dB] [ET   252 ] [L0 10 8 ] [L1 12 16 ]
POC    14 TId: 4 (      STSA, B-SLICE, QP 40)             4648 bits [Y 34.6225 dB    U 39.9956 dB    V 40.7117 dB] [ET   284 ] [L0 12 8 ] [L1 16 12 ]
POC    13 TId: 5 (      STSA, B-SLICE, QP 41)             1976 bits [Y 34.4940 dB    U 40.0150 dB    V 40.7879 dB] [ET   265 ] [L0 12 8 ] [L1 14 16 ]
POC    15 TId: 5 (      STSA, B-SLICE, QP 41)             1968 bits [Y 34.5996 dB    U 40.0024 dB    V 40.6471 dB] [ET   214 ] [L0 14 12 ] [L1 16 14 ]

	Total Frames |   Bitrate     Y-PSNR    U-PSNR    V-PSNR    YUV-PSNR   
	       17    a    1251.9529   35.3258   40.4064   41.2470   36.4514

 finished @ Thu Apr  6 12:38:55 2023
 Total Time:     4956.521 sec. [user]     4956.591 sec. [elapsed]

Level: 0
Inject Calls: 5855911946
Errors injected by bit:
	Bit 0: 5893
	Bit 1: 5765
	Bit 2: 5862
	Bit 3: 5915
	Bit 4: 5827
	Bit 5: 5771
	Bit 6: 5954
	Bit 7: 5886

Total errors injected: 46873
