vvencFFapp: Fraunhofer VVC Encoder ver. 1.5.0 [Linux][GCC 11.3.0][64 bit][SIMD=AVX2]
 started @ Thu Apr  6 04:31:11 2023
CODING TOOL CFG: CTU128 QT44BTT21 IBD:1 SAO:1 ALF:1 (NonLinLuma:0 NonLinChr:0) CCALF:1 Tiles:1x1 Slices:1 WPP:0 WPP-Substreams:1 TMVP:1 DQ:1 SDH:0 CST:1 BDOF:1 DMVR:1 MTSImplicit:1 SBT:0 JCbCr:1 CabacInitPresent:1 AMVR:5 SMVD:3 LMCS:2 (Signal:SDR Opt:0) CIIP:0 MIP:1 AFFINE:2 (PROF:1, Type:1) MMVD:3 DisFracMMVD:1 SbTMVP:1 GPM:3 LFNST:1 MTS:0 ISP:3 TS:2 TSLog2MaxSize:4 useChromaTS:0 BDPCM:2 IBC:2 BCW:0 
ENC. ALG. CFG: QPA:0 HAD:1 RDQ:1 RDQTS:1 ASR:1 MinSearchWindow:96 RestrictMESampling:0 EDO:2 MCTF:2 
PRE-ANALYSIS CFG: STA:1 LeadFrames:0 TrailFrames:0 
FAST TOOL CFG: ECU:0 FEN:1 FDM:1 FastSearch:4 (SCC:2) LCTUFast:1 FastMrg:2 PBIntraFast:1 AMaxBT:1 FastQtBtEnc:1 ContentBasedFastQtbt:0 FastMIP:3 FastIntraTools:0 IntraEstDecBit:2 FastLocalDualTree:1 IntegerET:0 FastSubPel:1 QtbttExtraFast:3 FastTTSplit:0 IBCFastMethod:3 FIM:0 ALFSpeed:0 QuantThr: 4 
RATE CONTROL CFG: RateControl:0 LookAhead:0 
PARALLEL PROCESSING CFG: NumThreads:0 MaxParallelFrames:0 WppBitEqual:0 WF:0 

POC     0 TId: 0 (  IDR_N_LP, I-SLICE, QP 29, TF 2)     239000 bits [Y 37.7621 dB    U 41.1947 dB    V 42.2796 dB] [ET   204 ] [L0 ] [L1 ]
POC    16 TId: 1 (      STSA, B-SLICE, QP 34, TF 1)      48560 bits [Y 35.5810 dB    U 39.9222 dB    V 40.6009 dB] [ET   360 ] [L0 0 ] [L1 0 ]
POC     8 TId: 2 (      STSA, B-SLICE, QP 35, TF 0)      20200 bits [Y 35.7457 dB    U 40.2159 dB    V 41.0470 dB] [ET   452 ] [L0 0 16 ] [L1 16 0 ]
POC     4 TId: 3 (      STSA, B-SLICE, QP 38)             8064 bits [Y 35.5769 dB    U 40.6028 dB    V 41.4502 dB] [ET   396 ] [L0 0 8 ] [L1 8 16 ]
POC     2 TId: 4 (      STSA, B-SLICE, QP 40)             3712 bits [Y 35.8058 dB    U 40.9276 dB    V 41.9121 dB] [ET   264 ] [L0 0 4 ] [L1 4 8 ]
POC     1 TId: 5 (      STSA, B-SLICE, QP 41)             1312 bits [Y 36.3013 dB    U 41.0049 dB    V 42.1054 dB] [ET   196 ] [L0 0 2 ] [L1 2 4 ]
POC     3 TId: 5 (      STSA, B-SLICE, QP 41)             1360 bits [Y 35.3212 dB    U 40.8300 dB    V 41.7023 dB] [ET   267 ] [L0 2 0 ] [L1 4 8 ]
POC     6 TId: 4 (      STSA, B-SLICE, QP 40)             3784 bits [Y 35.0977 dB    U 40.4688 dB    V 41.2509 dB] [ET   339 ] [L0 4 0 ] [L1 8 16 ]
POC     5 TId: 5 (      STSA, B-SLICE, QP 41)             1568 bits [Y 35.0631 dB    U 40.5041 dB    V 41.3412 dB] [ET   264 ] [L0 4 0 ] [L1 6 8 ]
POC     7 TId: 5 (      STSA, B-SLICE, QP 41)             1280 bits [Y 35.1517 dB    U 40.3542 dB    V 41.1571 dB] [ET   251 ] [L0 6 4 ] [L1 8 16 ]
POC    12 TId: 3 (      STSA, B-SLICE, QP 38)            10392 bits [Y 34.9653 dB    U 40.1115 dB    V 40.8628 dB] [ET   416 ] [L0 8 0 ] [L1 16 8 ]
POC    10 TId: 4 (      STSA, B-SLICE, QP 40)             3712 bits [Y 34.7594 dB    U 40.1350 dB    V 40.8841 dB] [ET   364 ] [L0 8 0 ] [L1 12 16 ]
POC     9 TId: 5 (      STSA, B-SLICE, QP 41)             1824 bits [Y 34.9435 dB    U 40.2441 dB    V 41.0319 dB] [ET   296 ] [L0 8 0 ] [L1 10 12 ]
POC    11 TId: 5 (      STSA, B-SLICE, QP 41)             1800 bits [Y 34.6723 dB    U 40.1054 dB    V 40.8363 dB] [ET   271 ] [L0 10 8 ] [L1 12 16 ]
POC    14 TId: 4 (      STSA, B-SLICE, QP 40)             4472 bits [Y 34.5721 dB    U 39.9569 dB    V 40.7057 dB] [ET   289 ] [L0 12 8 ] [L1 16 12 ]
POC    13 TId: 5 (      STSA, B-SLICE, QP 41)             1880 bits [Y 34.4959 dB    U 40.0246 dB    V 40.7425 dB] [ET   273 ] [L0 12 8 ] [L1 14 16 ]
POC    15 TId: 5 (      STSA, B-SLICE, QP 41)             2136 bits [Y 34.7350 dB    U 39.9846 dB    V 40.6442 dB] [ET   218 ] [L0 14 12 ] [L1 16 14 ]

	Total Frames |   Bitrate     Y-PSNR    U-PSNR    V-PSNR    YUV-PSNR   
	       17    a    1253.1388   35.3265   40.3875   41.2091   36.4514

 finished @ Thu Apr  6 05:56:45 2023
 Total Time:     5134.068 sec. [user]     5134.400 sec. [elapsed]

Level: 0
Inject Calls: 6057001345
Errors injected by bit:
	Bit 0: 6054683
	Bit 1: 6061830
	Bit 2: 6056247
	Bit 3: 6059327
	Bit 4: 6057005
	Bit 5: 6059280
	Bit 6: 6053772
	Bit 7: 6056969

Total errors injected: 48459113
