vvencFFapp: Fraunhofer VVC Encoder ver. 1.5.0 [Linux][GCC 11.3.0][64 bit][SIMD=AVX2]
 started @ Wed Apr  5 20:36:01 2023
CODING TOOL CFG: CTU128 QT44BTT21 IBD:1 SAO:1 ALF:1 (NonLinLuma:0 NonLinChr:0) CCALF:1 Tiles:1x1 Slices:1 WPP:0 WPP-Substreams:1 TMVP:1 DQ:1 SDH:0 CST:1 BDOF:1 DMVR:1 MTSImplicit:1 SBT:0 JCbCr:1 CabacInitPresent:1 AMVR:5 SMVD:3 LMCS:2 (Signal:SDR Opt:0) CIIP:0 MIP:1 AFFINE:2 (PROF:1, Type:1) MMVD:3 DisFracMMVD:1 SbTMVP:1 GPM:3 LFNST:1 MTS:0 ISP:3 TS:2 TSLog2MaxSize:4 useChromaTS:0 BDPCM:2 IBC:2 BCW:0 
ENC. ALG. CFG: QPA:0 HAD:1 RDQ:1 RDQTS:1 ASR:1 MinSearchWindow:96 RestrictMESampling:0 EDO:2 MCTF:2 
PRE-ANALYSIS CFG: STA:1 LeadFrames:0 TrailFrames:0 
FAST TOOL CFG: ECU:0 FEN:1 FDM:1 FastSearch:4 (SCC:2) LCTUFast:1 FastMrg:2 PBIntraFast:1 AMaxBT:1 FastQtBtEnc:1 ContentBasedFastQtbt:0 FastMIP:3 FastIntraTools:0 IntraEstDecBit:2 FastLocalDualTree:1 IntegerET:0 FastSubPel:1 QtbttExtraFast:3 FastTTSplit:0 IBCFastMethod:3 FIM:0 ALFSpeed:0 QuantThr: 4 
RATE CONTROL CFG: RateControl:0 LookAhead:0 
PARALLEL PROCESSING CFG: NumThreads:0 MaxParallelFrames:0 WppBitEqual:0 WF:0 

POC     0 TId: 0 (  IDR_N_LP, I-SLICE, QP 24, TF 3)     377624 bits [Y 40.2668 dB    U 43.0828 dB    V 44.6158 dB] [ET   266 ] [L0 ] [L1 ]
POC    16 TId: 1 (      STSA, B-SLICE, QP 28, TF 2)     102288 bits [Y 38.7017 dB    U 42.0568 dB    V 43.2936 dB] [ET   439 ] [L0 0 ] [L1 0 ]
POC     8 TId: 2 (      STSA, B-SLICE, QP 29, TF 1)      44560 bits [Y 38.5769 dB    U 42.2346 dB    V 43.6532 dB] [ET   516 ] [L0 0 16 ] [L1 16 0 ]
POC     4 TId: 3 (      STSA, B-SLICE, QP 32, TF 0)      18280 bits [Y 38.2847 dB    U 42.4495 dB    V 43.8256 dB] [ET   524 ] [L0 0 8 ] [L1 8 16 ]
POC     2 TId: 4 (      STSA, B-SLICE, QP 34)             8000 bits [Y 38.4109 dB    U 42.7834 dB    V 44.2207 dB] [ET   398 ] [L0 0 4 ] [L1 4 8 ]
POC     1 TId: 5 (      STSA, B-SLICE, QP 36)             2888 bits [Y 38.7660 dB    U 42.8885 dB    V 44.4396 dB] [ET   269 ] [L0 0 2 ] [L1 2 4 ]
POC     3 TId: 5 (      STSA, B-SLICE, QP 36)             3248 bits [Y 37.8780 dB    U 42.6671 dB    V 44.0321 dB] [ET   344 ] [L0 2 0 ] [L1 4 8 ]
POC     6 TId: 4 (      STSA, B-SLICE, QP 34)             9016 bits [Y 37.8578 dB    U 42.3696 dB    V 43.7525 dB] [ET   436 ] [L0 4 0 ] [L1 8 16 ]
POC     5 TId: 5 (      STSA, B-SLICE, QP 36)             3232 bits [Y 37.6647 dB    U 42.3646 dB    V 43.7820 dB] [ET   335 ] [L0 4 0 ] [L1 6 8 ]
POC     7 TId: 5 (      STSA, B-SLICE, QP 36)             2880 bits [Y 37.7598 dB    U 42.3223 dB    V 43.7052 dB] [ET   357 ] [L0 6 4 ] [L1 8 16 ]
POC    12 TId: 3 (      STSA, B-SLICE, QP 32, TF 0)      21544 bits [Y 37.8081 dB    U 41.9938 dB    V 43.2386 dB] [ET   510 ] [L0 8 0 ] [L1 16 8 ]
POC    10 TId: 4 (      STSA, B-SLICE, QP 34)             9568 bits [Y 37.6490 dB    U 42.1531 dB    V 43.3625 dB] [ET   480 ] [L0 8 0 ] [L1 12 16 ]
POC     9 TId: 5 (      STSA, B-SLICE, QP 36)             3600 bits [Y 37.6567 dB    U 42.2127 dB    V 43.5560 dB] [ET   343 ] [L0 8 0 ] [L1 10 12 ]
POC    11 TId: 5 (      STSA, B-SLICE, QP 36)             3688 bits [Y 37.3499 dB    U 42.0559 dB    V 43.2549 dB] [ET   346 ] [L0 10 8 ] [L1 12 16 ]
POC    14 TId: 4 (      STSA, B-SLICE, QP 34)            10680 bits [Y 37.4576 dB    U 41.9358 dB    V 43.0720 dB] [ET   391 ] [L0 12 8 ] [L1 16 12 ]
POC    13 TId: 5 (      STSA, B-SLICE, QP 36)             4232 bits [Y 37.2264 dB    U 41.9378 dB    V 43.1608 dB] [ET   355 ] [L0 12 8 ] [L1 14 16 ]
POC    15 TId: 5 (      STSA, B-SLICE, QP 36)             4216 bits [Y 37.3721 dB    U 42.0266 dB    V 43.0851 dB] [ET   278 ] [L0 14 12 ] [L1 16 14 ]

	Total Frames |   Bitrate     Y-PSNR    U-PSNR    V-PSNR    YUV-PSNR   
	       17    a    2221.9200   38.0404   42.3256   43.6500   39.0993

 finished @ Wed Apr  5 22:26:04 2023
 Total Time:     6602.448 sec. [user]     6602.527 sec. [elapsed]

Level: 0
Inject Calls: 7772250372
Errors injected by bit:
	Bit 0: 7940
	Bit 1: 7834
	Bit 2: 7697
	Bit 3: 7614
	Bit 4: 7783
	Bit 5: 7809
	Bit 6: 7729
	Bit 7: 7836

Total errors injected: 62242
