vvencFFapp: Fraunhofer VVC Encoder ver. 1.5.0 [Linux][GCC 11.3.0][64 bit][SIMD=AVX2]
 started @ Thu Apr  6 09:51:17 2023
CODING TOOL CFG: CTU128 QT44BTT21 IBD:1 SAO:1 ALF:1 (NonLinLuma:0 NonLinChr:0) CCALF:1 Tiles:1x1 Slices:1 WPP:0 WPP-Substreams:1 TMVP:1 DQ:1 SDH:0 CST:1 BDOF:1 DMVR:1 MTSImplicit:1 SBT:0 JCbCr:1 CabacInitPresent:1 AMVR:5 SMVD:3 LMCS:2 (Signal:SDR Opt:0) CIIP:0 MIP:1 AFFINE:2 (PROF:1, Type:1) MMVD:3 DisFracMMVD:1 SbTMVP:1 GPM:3 LFNST:1 MTS:0 ISP:3 TS:2 TSLog2MaxSize:4 useChromaTS:0 BDPCM:2 IBC:2 BCW:0 
ENC. ALG. CFG: QPA:0 HAD:1 RDQ:1 RDQTS:1 ASR:1 MinSearchWindow:96 RestrictMESampling:0 EDO:2 MCTF:2 
PRE-ANALYSIS CFG: STA:1 LeadFrames:0 TrailFrames:0 
FAST TOOL CFG: ECU:0 FEN:1 FDM:1 FastSearch:4 (SCC:2) LCTUFast:1 FastMrg:2 PBIntraFast:1 AMaxBT:1 FastQtBtEnc:1 ContentBasedFastQtbt:0 FastMIP:3 FastIntraTools:0 IntraEstDecBit:2 FastLocalDualTree:1 IntegerET:0 FastSubPel:1 QtbttExtraFast:3 FastTTSplit:0 IBCFastMethod:3 FIM:0 ALFSpeed:0 QuantThr: 4 
RATE CONTROL CFG: RateControl:0 LookAhead:0 
PARALLEL PROCESSING CFG: NumThreads:0 MaxParallelFrames:0 WppBitEqual:0 WF:0 

POC     0 TId: 0 (  IDR_N_LP, I-SLICE, QP 29, TF 2)     239000 bits [Y 37.7621 dB    U 41.1947 dB    V 42.2796 dB] [ET   203 ] [L0 ] [L1 ]
POC    16 TId: 1 (      STSA, B-SLICE, QP 34, TF 1)      48560 bits [Y 35.5577 dB    U 39.8630 dB    V 40.6267 dB] [ET   356 ] [L0 0 ] [L1 0 ]
POC     8 TId: 2 (      STSA, B-SLICE, QP 35, TF 0)      20480 bits [Y 35.7498 dB    U 40.1972 dB    V 41.1078 dB] [ET   420 ] [L0 0 16 ] [L1 16 0 ]
POC     4 TId: 3 (      STSA, B-SLICE, QP 38)             8280 bits [Y 35.5777 dB    U 40.6646 dB    V 41.5954 dB] [ET   398 ] [L0 0 8 ] [L1 8 16 ]
POC     2 TId: 4 (      STSA, B-SLICE, QP 40)             3816 bits [Y 35.8236 dB    U 40.9171 dB    V 41.8893 dB] [ET   267 ] [L0 0 4 ] [L1 4 8 ]
POC     1 TId: 5 (      STSA, B-SLICE, QP 41)             1448 bits [Y 36.4661 dB    U 41.0244 dB    V 42.1391 dB] [ET   185 ] [L0 0 2 ] [L1 2 4 ]
POC     3 TId: 5 (      STSA, B-SLICE, QP 41)             1560 bits [Y 35.3825 dB    U 40.8365 dB    V 41.7596 dB] [ET   269 ] [L0 2 0 ] [L1 4 8 ]
POC     6 TId: 4 (      STSA, B-SLICE, QP 40)             3888 bits [Y 35.1411 dB    U 40.4615 dB    V 41.3238 dB] [ET   337 ] [L0 4 0 ] [L1 8 16 ]
POC     5 TId: 5 (      STSA, B-SLICE, QP 41)             1504 bits [Y 35.0323 dB    U 40.5465 dB    V 41.4672 dB] [ET   248 ] [L0 4 0 ] [L1 6 8 ]
POC     7 TId: 5 (      STSA, B-SLICE, QP 41)             1280 bits [Y 35.1454 dB    U 40.3511 dB    V 41.2138 dB] [ET   259 ] [L0 6 4 ] [L1 8 16 ]
POC    12 TId: 3 (      STSA, B-SLICE, QP 38)             9816 bits [Y 34.9262 dB    U 40.0337 dB    V 40.8320 dB] [ET   405 ] [L0 8 0 ] [L1 16 8 ]
POC    10 TId: 4 (      STSA, B-SLICE, QP 40)             3712 bits [Y 34.7804 dB    U 40.1358 dB    V 40.9232 dB] [ET   354 ] [L0 8 0 ] [L1 12 16 ]
POC     9 TId: 5 (      STSA, B-SLICE, QP 41)             1608 bits [Y 34.9531 dB    U 40.2011 dB    V 41.0399 dB] [ET   292 ] [L0 8 0 ] [L1 10 12 ]
POC    11 TId: 5 (      STSA, B-SLICE, QP 41)             1728 bits [Y 34.5122 dB    U 40.0238 dB    V 40.8879 dB] [ET   258 ] [L0 10 8 ] [L1 12 16 ]
POC    14 TId: 4 (      STSA, B-SLICE, QP 40)             4712 bits [Y 34.6037 dB    U 39.9092 dB    V 40.6352 dB] [ET   291 ] [L0 12 8 ] [L1 16 12 ]
POC    13 TId: 5 (      STSA, B-SLICE, QP 41)             2168 bits [Y 34.5394 dB    U 39.9824 dB    V 40.7379 dB] [ET   268 ] [L0 12 8 ] [L1 14 16 ]
POC    15 TId: 5 (      STSA, B-SLICE, QP 41)             1992 bits [Y 34.6484 dB    U 39.9340 dB    V 40.5931 dB] [ET   222 ] [L0 14 12 ] [L1 16 14 ]

	Total Frames |   Bitrate     Y-PSNR    U-PSNR    V-PSNR    YUV-PSNR   
	       17    a    1254.8894   35.3295   40.3692   41.2383   36.4509

 finished @ Thu Apr  6 11:15:23 2023
 Total Time:     5045.357 sec. [user]     5045.617 sec. [elapsed]

Level: 0
Inject Calls: 5956824538
Errors injected by bit:
	Bit 0: 59717
	Bit 1: 59477
	Bit 2: 59444
	Bit 3: 59748
	Bit 4: 59679
	Bit 5: 59917
	Bit 6: 59822
	Bit 7: 59831

Total errors injected: 477635
