vvencFFapp: Fraunhofer VVC Encoder ver. 1.5.0 [Linux][GCC 11.3.0][64 bit][SIMD=AVX2]
 started @ Wed Apr  5 03:25:41 2023
CODING TOOL CFG: CTU128 QT44BTT21 IBD:1 SAO:1 ALF:1 (NonLinLuma:0 NonLinChr:0) CCALF:1 Tiles:1x1 Slices:1 WPP:0 WPP-Substreams:1 TMVP:1 DQ:1 SDH:0 CST:1 BDOF:1 DMVR:1 MTSImplicit:1 SBT:0 JCbCr:1 CabacInitPresent:1 AMVR:5 SMVD:3 LMCS:2 (Signal:SDR Opt:0) CIIP:0 MIP:1 AFFINE:2 (PROF:1, Type:1) MMVD:3 DisFracMMVD:1 SbTMVP:1 GPM:3 LFNST:1 MTS:0 ISP:3 TS:2 TSLog2MaxSize:4 useChromaTS:0 BDPCM:2 IBC:2 BCW:0 
ENC. ALG. CFG: QPA:0 HAD:1 RDQ:1 RDQTS:1 ASR:1 MinSearchWindow:96 RestrictMESampling:0 EDO:2 MCTF:2 
PRE-ANALYSIS CFG: STA:1 LeadFrames:0 TrailFrames:0 
FAST TOOL CFG: ECU:0 FEN:1 FDM:1 FastSearch:4 (SCC:2) LCTUFast:1 FastMrg:2 PBIntraFast:1 AMaxBT:1 FastQtBtEnc:1 ContentBasedFastQtbt:0 FastMIP:3 FastIntraTools:0 IntraEstDecBit:2 FastLocalDualTree:1 IntegerET:0 FastSubPel:1 QtbttExtraFast:3 FastTTSplit:0 IBCFastMethod:3 FIM:0 ALFSpeed:0 QuantThr: 4 
RATE CONTROL CFG: RateControl:0 LookAhead:0 
PARALLEL PROCESSING CFG: NumThreads:0 MaxParallelFrames:0 WppBitEqual:0 WF:0 

POC     0 TId: 0 (  IDR_N_LP, I-SLICE, QP 19, TF 3)     581848 bits [Y 42.2672 dB    U 45.0524 dB    V 46.9660 dB] [ET   341 ] [L0 ] [L1 ]
POC    16 TId: 1 (      STSA, B-SLICE, QP 22, TF 2)     217128 bits [Y 41.6160 dB    U 44.2060 dB    V 45.8740 dB] [ET   583 ] [L0 0 ] [L1 0 ]
POC     8 TId: 2 (      STSA, B-SLICE, QP 23, TF 1)      98248 bits [Y 40.9395 dB    U 44.1600 dB    V 46.0180 dB] [ET   686 ] [L0 0 16 ] [L1 16 0 ]
POC     4 TId: 3 (      STSA, B-SLICE, QP 26, TF 0)      43824 bits [Y 40.5511 dB    U 44.3284 dB    V 46.1584 dB] [ET   592 ] [L0 0 8 ] [L1 8 16 ]
POC     2 TId: 4 (      STSA, B-SLICE, QP 28)            20688 bits [Y 40.5510 dB    U 44.6638 dB    V 46.4509 dB] [ET   487 ] [L0 0 4 ] [L1 4 8 ]
POC     1 TId: 5 (      STSA, B-SLICE, QP 29)             9064 bits [Y 40.8535 dB    U 44.8127 dB    V 46.6886 dB] [ET   362 ] [L0 0 2 ] [L1 2 4 ]
POC     3 TId: 5 (      STSA, B-SLICE, QP 29)            10032 bits [Y 40.2433 dB    U 44.5235 dB    V 46.2983 dB] [ET   455 ] [L0 2 0 ] [L1 4 8 ]
POC     6 TId: 4 (      STSA, B-SLICE, QP 28)            21704 bits [Y 40.1439 dB    U 44.1217 dB    V 45.8635 dB] [ET   550 ] [L0 4 0 ] [L1 8 16 ]
POC     5 TId: 5 (      STSA, B-SLICE, QP 29)            10240 bits [Y 40.0014 dB    U 44.0783 dB    V 45.9643 dB] [ET   430 ] [L0 4 0 ] [L1 6 8 ]
POC     7 TId: 5 (      STSA, B-SLICE, QP 29)             9368 bits [Y 40.0883 dB    U 44.1627 dB    V 45.8277 dB] [ET   469 ] [L0 6 4 ] [L1 8 16 ]
POC    12 TId: 3 (      STSA, B-SLICE, QP 26, TF 0)      49240 bits [Y 40.2664 dB    U 43.9635 dB    V 45.5660 dB] [ET   586 ] [L0 8 0 ] [L1 16 8 ]
POC    10 TId: 4 (      STSA, B-SLICE, QP 28)            23496 bits [Y 40.0665 dB    U 43.9691 dB    V 45.6180 dB] [ET   672 ] [L0 8 0 ] [L1 12 16 ]
POC     9 TId: 5 (      STSA, B-SLICE, QP 29)            10392 bits [Y 40.0348 dB    U 44.0535 dB    V 45.7944 dB] [ET   451 ] [L0 8 0 ] [L1 10 12 ]
POC    11 TId: 5 (      STSA, B-SLICE, QP 29)            10784 bits [Y 39.8445 dB    U 43.9428 dB    V 45.6005 dB] [ET   461 ] [L0 10 8 ] [L1 12 16 ]
POC    14 TId: 4 (      STSA, B-SLICE, QP 28)            27184 bits [Y 39.9990 dB    U 43.8454 dB    V 45.4042 dB] [ET   530 ] [L0 12 8 ] [L1 16 12 ]
POC    13 TId: 5 (      STSA, B-SLICE, QP 29)            13056 bits [Y 39.7498 dB    U 43.8477 dB    V 45.4957 dB] [ET   535 ] [L0 12 8 ] [L1 14 16 ]
POC    15 TId: 5 (      STSA, B-SLICE, QP 29)            13656 bits [Y 39.9430 dB    U 43.9350 dB    V 45.5500 dB] [ET   372 ] [L0 14 12 ] [L1 16 14 ]

	Total Frames |   Bitrate     Y-PSNR    U-PSNR    V-PSNR    YUV-PSNR   
	       17    a    4129.2424   40.4211   44.2157   45.9493   41.4432

 finished @ Wed Apr  5 05:48:41 2023
 Total Time:     8495.072 sec. [user]     8580.186 sec. [elapsed]

Level: 0
Inject Calls: 9910197095
Errors injected by bit:
	Bit 0: 9879
	Bit 1: 9778
	Bit 2: 9904
	Bit 3: 9958
	Bit 4: 10109
	Bit 5: 9901
	Bit 6: 10003
	Bit 7: 9826

Total errors injected: 79358
