vvencFFapp: Fraunhofer VVC Encoder ver. 1.5.0 [Linux][GCC 11.3.0][64 bit][SIMD=AVX2]
 started @ Wed Apr  5 22:21:03 2023
CODING TOOL CFG: CTU128 QT44BTT21 IBD:1 SAO:1 ALF:1 (NonLinLuma:0 NonLinChr:0) CCALF:1 Tiles:1x1 Slices:1 WPP:0 WPP-Substreams:1 TMVP:1 DQ:1 SDH:0 CST:1 BDOF:1 DMVR:1 MTSImplicit:1 SBT:0 JCbCr:1 CabacInitPresent:1 AMVR:5 SMVD:3 LMCS:2 (Signal:SDR Opt:0) CIIP:0 MIP:1 AFFINE:2 (PROF:1, Type:1) MMVD:3 DisFracMMVD:1 SbTMVP:1 GPM:3 LFNST:1 MTS:0 ISP:3 TS:2 TSLog2MaxSize:4 useChromaTS:0 BDPCM:2 IBC:2 BCW:0 
ENC. ALG. CFG: QPA:0 HAD:1 RDQ:1 RDQTS:1 ASR:1 MinSearchWindow:96 RestrictMESampling:0 EDO:2 MCTF:2 
PRE-ANALYSIS CFG: STA:1 LeadFrames:0 TrailFrames:0 
FAST TOOL CFG: ECU:0 FEN:1 FDM:1 FastSearch:4 (SCC:2) LCTUFast:1 FastMrg:2 PBIntraFast:1 AMaxBT:1 FastQtBtEnc:1 ContentBasedFastQtbt:0 FastMIP:3 FastIntraTools:0 IntraEstDecBit:2 FastLocalDualTree:1 IntegerET:0 FastSubPel:1 QtbttExtraFast:3 FastTTSplit:0 IBCFastMethod:3 FIM:0 ALFSpeed:0 QuantThr: 4 
RATE CONTROL CFG: RateControl:0 LookAhead:0 
PARALLEL PROCESSING CFG: NumThreads:0 MaxParallelFrames:0 WppBitEqual:0 WF:0 

POC     0 TId: 0 (  IDR_N_LP, I-SLICE, QP 24, TF 3)     377624 bits [Y 40.2668 dB    U 43.0828 dB    V 44.6158 dB] [ET   268 ] [L0 ] [L1 ]
POC    16 TId: 1 (      STSA, B-SLICE, QP 28, TF 2)     101368 bits [Y 38.6862 dB    U 42.0284 dB    V 43.2528 dB] [ET   437 ] [L0 0 ] [L1 0 ]
POC     8 TId: 2 (      STSA, B-SLICE, QP 29, TF 1)      44864 bits [Y 38.5878 dB    U 42.2191 dB    V 43.6280 dB] [ET   525 ] [L0 0 16 ] [L1 16 0 ]
POC     4 TId: 3 (      STSA, B-SLICE, QP 32, TF 0)      18816 bits [Y 38.3035 dB    U 42.4497 dB    V 43.8175 dB] [ET   509 ] [L0 0 8 ] [L1 8 16 ]
POC     2 TId: 4 (      STSA, B-SLICE, QP 34)             8304 bits [Y 38.4169 dB    U 42.7892 dB    V 44.1482 dB] [ET   383 ] [L0 0 4 ] [L1 4 8 ]
POC     1 TId: 5 (      STSA, B-SLICE, QP 36)             3024 bits [Y 38.7865 dB    U 42.8930 dB    V 44.4300 dB] [ET   259 ] [L0 0 2 ] [L1 2 4 ]
POC     3 TId: 5 (      STSA, B-SLICE, QP 36)             3200 bits [Y 37.8919 dB    U 42.6590 dB    V 44.0228 dB] [ET   337 ] [L0 2 0 ] [L1 4 8 ]
POC     6 TId: 4 (      STSA, B-SLICE, QP 34)             9248 bits [Y 37.9072 dB    U 42.3122 dB    V 43.6548 dB] [ET   447 ] [L0 4 0 ] [L1 8 16 ]
POC     5 TId: 5 (      STSA, B-SLICE, QP 36)             3384 bits [Y 37.6664 dB    U 42.3457 dB    V 43.7575 dB] [ET   335 ] [L0 4 0 ] [L1 6 8 ]
POC     7 TId: 5 (      STSA, B-SLICE, QP 36)             2720 bits [Y 37.7476 dB    U 42.2694 dB    V 43.6207 dB] [ET   361 ] [L0 6 4 ] [L1 8 16 ]
POC    12 TId: 3 (      STSA, B-SLICE, QP 32, TF 0)      21448 bits [Y 37.7908 dB    U 41.9520 dB    V 43.1818 dB] [ET   494 ] [L0 8 0 ] [L1 16 8 ]
POC    10 TId: 4 (      STSA, B-SLICE, QP 34)             9576 bits [Y 37.6168 dB    U 42.0597 dB    V 43.3300 dB] [ET   497 ] [L0 8 0 ] [L1 12 16 ]
POC     9 TId: 5 (      STSA, B-SLICE, QP 36)             3560 bits [Y 37.6253 dB    U 42.1486 dB    V 43.5336 dB] [ET   360 ] [L0 8 0 ] [L1 10 12 ]
POC    11 TId: 5 (      STSA, B-SLICE, QP 36)             3688 bits [Y 37.3248 dB    U 41.9579 dB    V 43.2307 dB] [ET   337 ] [L0 10 8 ] [L1 12 16 ]
POC    14 TId: 4 (      STSA, B-SLICE, QP 34)            10520 bits [Y 37.4235 dB    U 41.9323 dB    V 43.0120 dB] [ET   403 ] [L0 12 8 ] [L1 16 12 ]
POC    13 TId: 5 (      STSA, B-SLICE, QP 36)             3936 bits [Y 37.1648 dB    U 41.8875 dB    V 43.1017 dB] [ET   356 ] [L0 12 8 ] [L1 14 16 ]
POC    15 TId: 5 (      STSA, B-SLICE, QP 36)             4304 bits [Y 37.3555 dB    U 41.9760 dB    V 43.1018 dB] [ET   273 ] [L0 14 12 ] [L1 16 14 ]

	Total Frames |   Bitrate     Y-PSNR    U-PSNR    V-PSNR    YUV-PSNR   
	       17    a    2222.0612   38.0331   42.2919   43.6141   39.0863

 finished @ Thu Apr  6 00:10:58 2023
 Total Time:     6594.864 sec. [user]     6595.202 sec. [elapsed]

Level: 0
Inject Calls: 7754376063
Errors injected by bit:
	Bit 0: 7767
	Bit 1: 7718
	Bit 2: 7671
	Bit 3: 7910
	Bit 4: 7756
	Bit 5: 7986
	Bit 6: 7703
	Bit 7: 7760

Total errors injected: 62271
