vvencFFapp: Fraunhofer VVC Encoder ver. 1.5.0 [Linux][GCC 11.3.0][64 bit][SIMD=AVX2]
 started @ Thu Apr  6 16:51:25 2023
CODING TOOL CFG: CTU128 QT44BTT21 IBD:1 SAO:1 ALF:1 (NonLinLuma:0 NonLinChr:0) CCALF:1 Tiles:1x1 Slices:1 WPP:0 WPP-Substreams:1 TMVP:1 DQ:1 SDH:0 CST:1 BDOF:1 DMVR:1 MTSImplicit:1 SBT:0 JCbCr:1 CabacInitPresent:1 AMVR:5 SMVD:3 LMCS:2 (Signal:SDR Opt:0) CIIP:0 MIP:1 AFFINE:2 (PROF:1, Type:1) MMVD:3 DisFracMMVD:1 SbTMVP:1 GPM:3 LFNST:1 MTS:0 ISP:3 TS:2 TSLog2MaxSize:4 useChromaTS:0 BDPCM:2 IBC:2 BCW:0 
ENC. ALG. CFG: QPA:0 HAD:1 RDQ:1 RDQTS:1 ASR:1 MinSearchWindow:96 RestrictMESampling:0 EDO:2 MCTF:2 
PRE-ANALYSIS CFG: STA:1 LeadFrames:0 TrailFrames:0 
FAST TOOL CFG: ECU:0 FEN:1 FDM:1 FastSearch:4 (SCC:2) LCTUFast:1 FastMrg:2 PBIntraFast:1 AMaxBT:1 FastQtBtEnc:1 ContentBasedFastQtbt:0 FastMIP:3 FastIntraTools:0 IntraEstDecBit:2 FastLocalDualTree:1 IntegerET:0 FastSubPel:1 QtbttExtraFast:3 FastTTSplit:0 IBCFastMethod:3 FIM:0 ALFSpeed:0 QuantThr: 4 
RATE CONTROL CFG: RateControl:0 LookAhead:0 
PARALLEL PROCESSING CFG: NumThreads:0 MaxParallelFrames:0 WppBitEqual:0 WF:0 

POC     0 TId: 0 (  IDR_N_LP, I-SLICE, QP 34, TF 2)     142152 bits [Y 34.7290 dB    U 39.0714 dB    V 39.9878 dB] [ET   159 ] [L0 ] [L1 ]
POC    16 TId: 1 (      STSA, B-SLICE, QP 40, TF 1)      22312 bits [Y 32.2540 dB    U 38.1722 dB    V 38.8782 dB] [ET   275 ] [L0 0 ] [L1 0 ]
POC     8 TId: 2 (      STSA, B-SLICE, QP 40, TF 0)      10784 bits [Y 32.8392 dB    U 38.5153 dB    V 39.2898 dB] [ET   372 ] [L0 0 16 ] [L1 16 0 ]
POC     4 TId: 3 (      STSA, B-SLICE, QP 43)             4464 bits [Y 32.8753 dB    U 38.6705 dB    V 39.5430 dB] [ET   311 ] [L0 0 8 ] [L1 8 16 ]
POC     2 TId: 4 (      STSA, B-SLICE, QP 45)             1752 bits [Y 33.1018 dB    U 38.8619 dB    V 39.7252 dB] [ET   208 ] [L0 0 4 ] [L1 4 8 ]
POC     1 TId: 5 (      STSA, B-SLICE, QP 46)              664 bits [Y 33.6006 dB    U 38.9202 dB    V 39.9352 dB] [ET   157 ] [L0 0 2 ] [L1 2 4 ]
POC     3 TId: 5 (      STSA, B-SLICE, QP 46)              656 bits [Y 32.7665 dB    U 38.8550 dB    V 39.6773 dB] [ET   219 ] [L0 2 0 ] [L1 4 8 ]
POC     6 TId: 4 (      STSA, B-SLICE, QP 45)             2056 bits [Y 32.4109 dB    U 38.6030 dB    V 39.3968 dB] [ET   268 ] [L0 4 0 ] [L1 8 16 ]
POC     5 TId: 5 (      STSA, B-SLICE, QP 46)              808 bits [Y 32.4993 dB    U 38.5880 dB    V 39.4476 dB] [ET   218 ] [L0 4 0 ] [L1 6 8 ]
POC     7 TId: 5 (      STSA, B-SLICE, QP 46)              752 bits [Y 32.4641 dB    U 38.5695 dB    V 39.3493 dB] [ET   225 ] [L0 6 4 ] [L1 8 16 ]
POC    12 TId: 3 (      STSA, B-SLICE, QP 43)             5192 bits [Y 31.9790 dB    U 38.3056 dB    V 39.0898 dB] [ET   337 ] [L0 8 0 ] [L1 16 8 ]
POC    10 TId: 4 (      STSA, B-SLICE, QP 45)             1784 bits [Y 31.9947 dB    U 38.3747 dB    V 39.1057 dB] [ET   281 ] [L0 8 0 ] [L1 12 16 ]
POC     9 TId: 5 (      STSA, B-SLICE, QP 46)              848 bits [Y 32.2525 dB    U 38.5117 dB    V 39.2840 dB] [ET   236 ] [L0 8 0 ] [L1 10 12 ]
POC    11 TId: 5 (      STSA, B-SLICE, QP 46)              672 bits [Y 31.7405 dB    U 38.3126 dB    V 39.0866 dB] [ET   244 ] [L0 10 8 ] [L1 12 16 ]
POC    14 TId: 4 (      STSA, B-SLICE, QP 45)             2192 bits [Y 31.6403 dB    U 38.1932 dB    V 38.9794 dB] [ET   251 ] [L0 12 8 ] [L1 16 12 ]
POC    13 TId: 5 (      STSA, B-SLICE, QP 46)             1176 bits [Y 31.6875 dB    U 38.2808 dB    V 39.0274 dB] [ET   242 ] [L0 12 8 ] [L1 14 16 ]
POC    15 TId: 5 (      STSA, B-SLICE, QP 46)             1032 bits [Y 31.7363 dB    U 38.2834 dB    V 38.9722 dB] [ET   191 ] [L0 14 12 ] [L1 16 14 ]

	Total Frames |   Bitrate     Y-PSNR    U-PSNR    V-PSNR    YUV-PSNR   
	       17    a     703.3976   32.5042   38.5346   39.3397   33.7378

 finished @ Thu Apr  6 18:01:35 2023
 Total Time:     4210.008 sec. [user]     4210.228 sec. [elapsed]

Level: 0
Inject Calls: 5029351487
Errors injected by bit:
	Bit 0: 5028819
	Bit 1: 5030778
	Bit 2: 5027434
	Bit 3: 5030151
	Bit 4: 5031358
	Bit 5: 5027647
	Bit 6: 5027689
	Bit 7: 5030452

Total errors injected: 40234328
