vvencFFapp: Fraunhofer VVC Encoder ver. 1.5.0 [Linux][GCC 11.3.0][64 bit][SIMD=AVX2]
 started @ Wed Apr  5 00:55:39 2023
CODING TOOL CFG: CTU128 QT44BTT21 IBD:1 SAO:1 ALF:1 (NonLinLuma:0 NonLinChr:0) CCALF:1 Tiles:1x1 Slices:1 WPP:0 WPP-Substreams:1 TMVP:1 DQ:1 SDH:0 CST:1 BDOF:1 DMVR:1 MTSImplicit:1 SBT:0 JCbCr:1 CabacInitPresent:1 AMVR:5 SMVD:3 LMCS:2 (Signal:SDR Opt:0) CIIP:0 MIP:1 AFFINE:2 (PROF:1, Type:1) MMVD:3 DisFracMMVD:1 SbTMVP:1 GPM:3 LFNST:1 MTS:0 ISP:3 TS:2 TSLog2MaxSize:4 useChromaTS:0 BDPCM:2 IBC:2 BCW:0 
ENC. ALG. CFG: QPA:0 HAD:1 RDQ:1 RDQTS:1 ASR:1 MinSearchWindow:96 RestrictMESampling:0 EDO:2 MCTF:2 
PRE-ANALYSIS CFG: STA:1 LeadFrames:0 TrailFrames:0 
FAST TOOL CFG: ECU:0 FEN:1 FDM:1 FastSearch:4 (SCC:2) LCTUFast:1 FastMrg:2 PBIntraFast:1 AMaxBT:1 FastQtBtEnc:1 ContentBasedFastQtbt:0 FastMIP:3 FastIntraTools:0 IntraEstDecBit:2 FastLocalDualTree:1 IntegerET:0 FastSubPel:1 QtbttExtraFast:3 FastTTSplit:0 IBCFastMethod:3 FIM:0 ALFSpeed:0 QuantThr: 4 
RATE CONTROL CFG: RateControl:0 LookAhead:0 
PARALLEL PROCESSING CFG: NumThreads:0 MaxParallelFrames:0 WppBitEqual:0 WF:0 

POC     0 TId: 0 (  IDR_N_LP, I-SLICE, QP 19, TF 3)     581848 bits [Y 42.2672 dB    U 45.0524 dB    V 46.9660 dB] [ET   337 ] [L0 ] [L1 ]
POC    16 TId: 1 (      STSA, B-SLICE, QP 22, TF 2)     215944 bits [Y 41.5996 dB    U 44.1862 dB    V 45.8370 dB] [ET   579 ] [L0 0 ] [L1 0 ]
POC     8 TId: 2 (      STSA, B-SLICE, QP 23, TF 1)      98400 bits [Y 40.9472 dB    U 44.1572 dB    V 45.9784 dB] [ET   689 ] [L0 0 16 ] [L1 16 0 ]
POC     4 TId: 3 (      STSA, B-SLICE, QP 26, TF 0)      43688 bits [Y 40.5398 dB    U 44.3307 dB    V 46.1513 dB] [ET   616 ] [L0 0 8 ] [L1 8 16 ]
POC     2 TId: 4 (      STSA, B-SLICE, QP 28)            21096 bits [Y 40.5494 dB    U 44.6309 dB    V 46.4139 dB] [ET   491 ] [L0 0 4 ] [L1 4 8 ]
POC     1 TId: 5 (      STSA, B-SLICE, QP 29)             9264 bits [Y 40.8663 dB    U 44.8361 dB    V 46.6899 dB] [ET   369 ] [L0 0 2 ] [L1 2 4 ]
POC     3 TId: 5 (      STSA, B-SLICE, QP 29)            10384 bits [Y 40.2229 dB    U 44.5056 dB    V 46.2482 dB] [ET   477 ] [L0 2 0 ] [L1 4 8 ]
POC     6 TId: 4 (      STSA, B-SLICE, QP 28)            21480 bits [Y 40.1537 dB    U 44.1227 dB    V 45.8426 dB] [ET   541 ] [L0 4 0 ] [L1 8 16 ]
POC     5 TId: 5 (      STSA, B-SLICE, QP 29)            10496 bits [Y 40.0210 dB    U 44.0825 dB    V 45.9481 dB] [ET   433 ] [L0 4 0 ] [L1 6 8 ]
POC     7 TId: 5 (      STSA, B-SLICE, QP 29)             9816 bits [Y 40.1043 dB    U 44.1533 dB    V 45.8022 dB] [ET   476 ] [L0 6 4 ] [L1 8 16 ]
POC    12 TId: 3 (      STSA, B-SLICE, QP 26, TF 0)      48456 bits [Y 40.2450 dB    U 43.9540 dB    V 45.5412 dB] [ET   602 ] [L0 8 0 ] [L1 16 8 ]
POC    10 TId: 4 (      STSA, B-SLICE, QP 28)            23576 bits [Y 40.0478 dB    U 43.9548 dB    V 45.5602 dB] [ET   682 ] [L0 8 0 ] [L1 12 16 ]
POC     9 TId: 5 (      STSA, B-SLICE, QP 29)            10216 bits [Y 40.0013 dB    U 44.0423 dB    V 45.7876 dB] [ET   458 ] [L0 8 0 ] [L1 10 12 ]
POC    11 TId: 5 (      STSA, B-SLICE, QP 29)            10504 bits [Y 39.8261 dB    U 43.9178 dB    V 45.5880 dB] [ET   467 ] [L0 10 8 ] [L1 12 16 ]
POC    14 TId: 4 (      STSA, B-SLICE, QP 28)            27280 bits [Y 39.9898 dB    U 43.8567 dB    V 45.3787 dB] [ET   515 ] [L0 12 8 ] [L1 16 12 ]
POC    13 TId: 5 (      STSA, B-SLICE, QP 29)            12808 bits [Y 39.7627 dB    U 43.8160 dB    V 45.4646 dB] [ET   529 ] [L0 12 8 ] [L1 14 16 ]
POC    15 TId: 5 (      STSA, B-SLICE, QP 29)            13864 bits [Y 39.9225 dB    U 43.9508 dB    V 45.5247 dB] [ET   381 ] [L0 14 12 ] [L1 16 14 ]

	Total Frames |   Bitrate     Y-PSNR    U-PSNR    V-PSNR    YUV-PSNR   
	       17    a    4126.3059   40.4157   44.2088   45.9248   41.4363

 finished @ Wed Apr  5 03:19:56 2023
 Total Time:     8607.389 sec. [user]     8657.773 sec. [elapsed]

Level: 0
Inject Calls: 10006508430
Errors injected by bit:
	Bit 0: 100029
	Bit 1: 100331
	Bit 2: 100405
	Bit 3: 100067
	Bit 4: 99630
	Bit 5: 100173
	Bit 6: 100229
	Bit 7: 99985

Total errors injected: 800849
