vvencFFapp: Fraunhofer VVC Encoder ver. 1.5.0 [Linux][GCC 11.3.0][64 bit][SIMD=AVX2]
 started @ Sun Apr 23 13:10:18 2023
CODING TOOL CFG: CTU128 QT44BTT21 IBD:1 SAO:1 ALF:1 (NonLinLuma:0 NonLinChr:0) CCALF:1 Tiles:1x1 Slices:1 WPP:0 WPP-Substreams:1 TMVP:1 DQ:1 SDH:0 CST:1 BDOF:1 DMVR:1 MTSImplicit:1 SBT:0 JCbCr:1 CabacInitPresent:1 AMVR:5 SMVD:3 LMCS:2 (Signal:SDR Opt:0) CIIP:0 MIP:1 AFFINE:2 (PROF:1, Type:1) MMVD:3 DisFracMMVD:1 SbTMVP:1 GPM:3 LFNST:1 MTS:0 ISP:3 TS:2 TSLog2MaxSize:4 useChromaTS:0 BDPCM:2 IBC:2 BCW:0 
ENC. ALG. CFG: QPA:0 HAD:1 RDQ:1 RDQTS:1 ASR:1 MinSearchWindow:96 RestrictMESampling:0 EDO:2 MCTF:2 
PRE-ANALYSIS CFG: STA:1 LeadFrames:0 TrailFrames:0 
FAST TOOL CFG: ECU:0 FEN:1 FDM:1 FastSearch:4 (SCC:2) LCTUFast:1 FastMrg:2 PBIntraFast:1 AMaxBT:1 FastQtBtEnc:1 ContentBasedFastQtbt:0 FastMIP:3 FastIntraTools:0 IntraEstDecBit:2 FastLocalDualTree:1 IntegerET:0 FastSubPel:1 QtbttExtraFast:3 FastTTSplit:0 IBCFastMethod:3 FIM:0 ALFSpeed:0 QuantThr: 4 
RATE CONTROL CFG: RateControl:0 LookAhead:0 
PARALLEL PROCESSING CFG: NumThreads:0 MaxParallelFrames:0 WppBitEqual:0 WF:0 

POC     0 TId: 0 (  IDR_N_LP, I-SLICE, QP 29, TF 2)     239000 bits [Y 37.7621 dB    U 41.1947 dB    V 42.2796 dB] [ET   196 ] [L0 ] [L1 ]
POC    16 TId: 1 (      STSA, B-SLICE, QP 34, TF 1)      48408 bits [Y 35.5486 dB    U 39.8935 dB    V 40.6291 dB] [ET    52 ] [L0 0 ] [L1 0 ]
POC     8 TId: 2 (      STSA, B-SLICE, QP 35, TF 0)      19992 bits [Y 35.7122 dB    U 40.2475 dB    V 41.1827 dB] [ET    38 ] [L0 0 16 ] [L1 16 0 ]
POC     4 TId: 3 (      STSA, B-SLICE, QP 38)             8008 bits [Y 35.5768 dB    U 40.5496 dB    V 41.4222 dB] [ET    27 ] [L0 0 8 ] [L1 8 16 ]
POC     2 TId: 4 (      STSA, B-SLICE, QP 40)             3680 bits [Y 35.8312 dB    U 40.8849 dB    V 41.8537 dB] [ET     5 ] [L0 0 4 ] [L1 4 8 ]
POC     1 TId: 5 (      STSA, B-SLICE, QP 41)             1392 bits [Y 36.3542 dB    U 41.0118 dB    V 42.0911 dB] [ET     3 ] [L0 0 2 ] [L1 2 4 ]
POC     3 TId: 5 (      STSA, B-SLICE, QP 41)             1312 bits [Y 35.3563 dB    U 40.7685 dB    V 41.6701 dB] [ET     3 ] [L0 2 0 ] [L1 4 8 ]
POC     6 TId: 4 (      STSA, B-SLICE, QP 40)             3912 bits [Y 35.1622 dB    U 40.4537 dB    V 41.3254 dB] [ET     6 ] [L0 4 0 ] [L1 8 16 ]
POC     5 TId: 5 (      STSA, B-SLICE, QP 41)             1608 bits [Y 35.0774 dB    U 40.4807 dB    V 41.4221 dB] [ET     3 ] [L0 4 0 ] [L1 6 8 ]
POC     7 TId: 5 (      STSA, B-SLICE, QP 41)             1272 bits [Y 35.1669 dB    U 40.3421 dB    V 41.2821 dB] [ET     3 ] [L0 6 4 ] [L1 8 16 ]
POC    12 TId: 3 (      STSA, B-SLICE, QP 38)            10128 bits [Y 34.9402 dB    U 40.1205 dB    V 40.9044 dB] [ET    40 ] [L0 8 0 ] [L1 16 8 ]
POC    10 TId: 4 (      STSA, B-SLICE, QP 40)             3776 bits [Y 34.7316 dB    U 40.1621 dB    V 40.9969 dB] [ET     6 ] [L0 8 0 ] [L1 12 16 ]
POC     9 TId: 5 (      STSA, B-SLICE, QP 41)             1600 bits [Y 34.9383 dB    U 40.2538 dB    V 41.1180 dB] [ET     3 ] [L0 8 0 ] [L1 10 12 ]
POC    11 TId: 5 (      STSA, B-SLICE, QP 41)             1728 bits [Y 34.5410 dB    U 40.1221 dB    V 40.9526 dB] [ET     3 ] [L0 10 8 ] [L1 12 16 ]
POC    14 TId: 4 (      STSA, B-SLICE, QP 40)             4632 bits [Y 34.5477 dB    U 39.9448 dB    V 40.7136 dB] [ET     7 ] [L0 12 8 ] [L1 16 12 ]
POC    13 TId: 5 (      STSA, B-SLICE, QP 41)             2024 bits [Y 34.4845 dB    U 40.0361 dB    V 40.8562 dB] [ET     4 ] [L0 12 8 ] [L1 14 16 ]
POC    15 TId: 5 (      STSA, B-SLICE, QP 41)             2024 bits [Y 34.6315 dB    U 39.9326 dB    V 40.6237 dB] [ET     3 ] [L0 14 12 ] [L1 16 14 ]

	Total Frames |   Bitrate     Y-PSNR    U-PSNR    V-PSNR    YUV-PSNR   
	       17    a    1251.1624   35.3155   40.3764   41.2543   36.4409

 finished @ Sun Apr 23 13:17:15 2023
 Total Time:      417.134 sec. [user]      417.227 sec. [elapsed]

Level: 0
Inject Calls: 86322560
Errors injected by bit:
	Bit 0: 86411
	Bit 1: 86084
	Bit 2: 86480
	Bit 3: 85961
	Bit 4: 86697
	Bit 5: 86676
	Bit 6: 86504
	Bit 7: 85929

Total errors injected: 690742
