vvencFFapp: Fraunhofer VVC Encoder ver. 1.5.0 [Linux][GCC 11.3.0][64 bit][SIMD=AVX2]
 started @ Sun Apr 23 14:15:19 2023
CODING TOOL CFG: CTU128 QT44BTT21 IBD:1 SAO:1 ALF:1 (NonLinLuma:0 NonLinChr:0) CCALF:1 Tiles:1x1 Slices:1 WPP:0 WPP-Substreams:1 TMVP:1 DQ:1 SDH:0 CST:1 BDOF:1 DMVR:1 MTSImplicit:1 SBT:0 JCbCr:1 CabacInitPresent:1 AMVR:5 SMVD:3 LMCS:2 (Signal:SDR Opt:0) CIIP:0 MIP:1 AFFINE:2 (PROF:1, Type:1) MMVD:3 DisFracMMVD:1 SbTMVP:1 GPM:3 LFNST:1 MTS:0 ISP:3 TS:2 TSLog2MaxSize:4 useChromaTS:0 BDPCM:2 IBC:2 BCW:0 
ENC. ALG. CFG: QPA:0 HAD:1 RDQ:1 RDQTS:1 ASR:1 MinSearchWindow:96 RestrictMESampling:0 EDO:2 MCTF:2 
PRE-ANALYSIS CFG: STA:1 LeadFrames:0 TrailFrames:0 
FAST TOOL CFG: ECU:0 FEN:1 FDM:1 FastSearch:4 (SCC:2) LCTUFast:1 FastMrg:2 PBIntraFast:1 AMaxBT:1 FastQtBtEnc:1 ContentBasedFastQtbt:0 FastMIP:3 FastIntraTools:0 IntraEstDecBit:2 FastLocalDualTree:1 IntegerET:0 FastSubPel:1 QtbttExtraFast:3 FastTTSplit:0 IBCFastMethod:3 FIM:0 ALFSpeed:0 QuantThr: 4 
RATE CONTROL CFG: RateControl:0 LookAhead:0 
PARALLEL PROCESSING CFG: NumThreads:0 MaxParallelFrames:0 WppBitEqual:0 WF:0 

POC     0 TId: 0 (  IDR_N_LP, I-SLICE, QP 34, TF 2)     142152 bits [Y 34.7290 dB    U 39.0714 dB    V 39.9878 dB] [ET   149 ] [L0 ] [L1 ]
POC    16 TId: 1 (      STSA, B-SLICE, QP 40, TF 1)      22448 bits [Y 32.2997 dB    U 38.1724 dB    V 38.8771 dB] [ET    32 ] [L0 0 ] [L1 0 ]
POC     8 TId: 2 (      STSA, B-SLICE, QP 40, TF 0)      11328 bits [Y 32.9148 dB    U 38.4701 dB    V 39.3439 dB] [ET    29 ] [L0 0 16 ] [L1 16 0 ]
POC     4 TId: 3 (      STSA, B-SLICE, QP 43)             4584 bits [Y 32.8977 dB    U 38.6702 dB    V 39.4854 dB] [ET    15 ] [L0 0 8 ] [L1 8 16 ]
POC     2 TId: 4 (      STSA, B-SLICE, QP 45)             1816 bits [Y 33.0996 dB    U 38.8429 dB    V 39.7037 dB] [ET     3 ] [L0 0 4 ] [L1 4 8 ]
POC     1 TId: 5 (      STSA, B-SLICE, QP 46)              584 bits [Y 33.5046 dB    U 38.9120 dB    V 39.9106 dB] [ET     2 ] [L0 0 2 ] [L1 2 4 ]
POC     3 TId: 5 (      STSA, B-SLICE, QP 46)              664 bits [Y 32.7645 dB    U 38.8581 dB    V 39.6529 dB] [ET     2 ] [L0 2 0 ] [L1 4 8 ]
POC     6 TId: 4 (      STSA, B-SLICE, QP 45)             2032 bits [Y 32.4778 dB    U 38.6046 dB    V 39.4421 dB] [ET     3 ] [L0 4 0 ] [L1 8 16 ]
POC     5 TId: 5 (      STSA, B-SLICE, QP 46)              784 bits [Y 32.4699 dB    U 38.6082 dB    V 39.4478 dB] [ET     2 ] [L0 4 0 ] [L1 6 8 ]
POC     7 TId: 5 (      STSA, B-SLICE, QP 46)              704 bits [Y 32.5371 dB    U 38.5402 dB    V 39.4389 dB] [ET     2 ] [L0 6 4 ] [L1 8 16 ]
POC    12 TId: 3 (      STSA, B-SLICE, QP 43)             5120 bits [Y 32.0573 dB    U 38.3480 dB    V 39.0891 dB] [ET    18 ] [L0 8 0 ] [L1 16 8 ]
POC    10 TId: 4 (      STSA, B-SLICE, QP 45)             1848 bits [Y 32.0255 dB    U 38.4410 dB    V 39.1621 dB] [ET     4 ] [L0 8 0 ] [L1 12 16 ]
POC     9 TId: 5 (      STSA, B-SLICE, QP 46)              880 bits [Y 32.3270 dB    U 38.5112 dB    V 39.3240 dB] [ET     2 ] [L0 8 0 ] [L1 10 12 ]
POC    11 TId: 5 (      STSA, B-SLICE, QP 46)              848 bits [Y 31.8671 dB    U 38.3630 dB    V 39.1092 dB] [ET     2 ] [L0 10 8 ] [L1 12 16 ]
POC    14 TId: 4 (      STSA, B-SLICE, QP 45)             2128 bits [Y 31.7239 dB    U 38.2341 dB    V 38.9397 dB] [ET     4 ] [L0 12 8 ] [L1 16 12 ]
POC    13 TId: 5 (      STSA, B-SLICE, QP 46)             1000 bits [Y 31.6708 dB    U 38.2791 dB    V 38.9953 dB] [ET     2 ] [L0 12 8 ] [L1 14 16 ]
POC    15 TId: 5 (      STSA, B-SLICE, QP 46)             1016 bits [Y 31.7824 dB    U 38.2416 dB    V 38.8936 dB] [ET     2 ] [L0 14 12 ] [L1 16 14 ]

	Total Frames |   Bitrate     Y-PSNR    U-PSNR    V-PSNR    YUV-PSNR   
	       17    a     705.6565   32.5382   38.5393   39.3414   33.7724

 finished @ Sun Apr 23 14:20:06 2023
 Total Time:      286.854 sec. [user]      286.927 sec. [elapsed]

Level: 0
Inject Calls: 52678784
Errors injected by bit:
	Bit 0: 52441
	Bit 1: 52775
	Bit 2: 52641
	Bit 3: 53012
	Bit 4: 52696
	Bit 5: 52802
	Bit 6: 52369
	Bit 7: 52236

Total errors injected: 420972
