vvencFFapp: Fraunhofer VVC Encoder ver. 1.5.0 [Linux][GCC 11.3.0][64 bit][SIMD=AVX2]
 started @ Sun Apr 23 13:15:18 2023
CODING TOOL CFG: CTU128 QT44BTT21 IBD:1 SAO:1 ALF:1 (NonLinLuma:0 NonLinChr:0) CCALF:1 Tiles:1x1 Slices:1 WPP:0 WPP-Substreams:1 TMVP:1 DQ:1 SDH:0 CST:1 BDOF:1 DMVR:1 MTSImplicit:1 SBT:0 JCbCr:1 CabacInitPresent:1 AMVR:5 SMVD:3 LMCS:2 (Signal:SDR Opt:0) CIIP:0 MIP:1 AFFINE:2 (PROF:1, Type:1) MMVD:3 DisFracMMVD:1 SbTMVP:1 GPM:3 LFNST:1 MTS:0 ISP:3 TS:2 TSLog2MaxSize:4 useChromaTS:0 BDPCM:2 IBC:2 BCW:0 
ENC. ALG. CFG: QPA:0 HAD:1 RDQ:1 RDQTS:1 ASR:1 MinSearchWindow:96 RestrictMESampling:0 EDO:2 MCTF:2 
PRE-ANALYSIS CFG: STA:1 LeadFrames:0 TrailFrames:0 
FAST TOOL CFG: ECU:0 FEN:1 FDM:1 FastSearch:4 (SCC:2) LCTUFast:1 FastMrg:2 PBIntraFast:1 AMaxBT:1 FastQtBtEnc:1 ContentBasedFastQtbt:0 FastMIP:3 FastIntraTools:0 IntraEstDecBit:2 FastLocalDualTree:1 IntegerET:0 FastSubPel:1 QtbttExtraFast:3 FastTTSplit:0 IBCFastMethod:3 FIM:0 ALFSpeed:0 QuantThr: 4 
RATE CONTROL CFG: RateControl:0 LookAhead:0 
PARALLEL PROCESSING CFG: NumThreads:0 MaxParallelFrames:0 WppBitEqual:0 WF:0 

POC     0 TId: 0 (  IDR_N_LP, I-SLICE, QP 29, TF 2)     239000 bits [Y 37.7621 dB    U 41.1947 dB    V 42.2796 dB] [ET   196 ] [L0 ] [L1 ]
POC    16 TId: 1 (      STSA, B-SLICE, QP 34, TF 1)      48536 bits [Y 35.5619 dB    U 39.8591 dB    V 40.5717 dB] [ET    53 ] [L0 0 ] [L1 0 ]
POC     8 TId: 2 (      STSA, B-SLICE, QP 35, TF 0)      20128 bits [Y 35.7208 dB    U 40.2401 dB    V 41.1639 dB] [ET    38 ] [L0 0 16 ] [L1 16 0 ]
POC     4 TId: 3 (      STSA, B-SLICE, QP 38)             8128 bits [Y 35.6077 dB    U 40.6035 dB    V 41.5004 dB] [ET    26 ] [L0 0 8 ] [L1 8 16 ]
POC     2 TId: 4 (      STSA, B-SLICE, QP 40)             3792 bits [Y 35.8216 dB    U 40.8921 dB    V 41.8863 dB] [ET     5 ] [L0 0 4 ] [L1 4 8 ]
POC     1 TId: 5 (      STSA, B-SLICE, QP 41)             1536 bits [Y 36.3960 dB    U 41.0181 dB    V 42.1270 dB] [ET     3 ] [L0 0 2 ] [L1 2 4 ]
POC     3 TId: 5 (      STSA, B-SLICE, QP 41)             1312 bits [Y 35.4096 dB    U 40.7965 dB    V 41.7131 dB] [ET     3 ] [L0 2 0 ] [L1 4 8 ]
POC     6 TId: 4 (      STSA, B-SLICE, QP 40)             3944 bits [Y 35.1303 dB    U 40.4493 dB    V 41.3111 dB] [ET     7 ] [L0 4 0 ] [L1 8 16 ]
POC     5 TId: 5 (      STSA, B-SLICE, QP 41)             1600 bits [Y 35.0630 dB    U 40.5036 dB    V 41.4436 dB] [ET     3 ] [L0 4 0 ] [L1 6 8 ]
POC     7 TId: 5 (      STSA, B-SLICE, QP 41)             1456 bits [Y 35.1883 dB    U 40.3428 dB    V 41.2583 dB] [ET     3 ] [L0 6 4 ] [L1 8 16 ]
POC    12 TId: 3 (      STSA, B-SLICE, QP 38)             9968 bits [Y 34.9426 dB    U 40.0663 dB    V 40.7974 dB] [ET    40 ] [L0 8 0 ] [L1 16 8 ]
POC    10 TId: 4 (      STSA, B-SLICE, QP 40)             3600 bits [Y 34.7200 dB    U 40.1438 dB    V 40.9491 dB] [ET     7 ] [L0 8 0 ] [L1 12 16 ]
POC     9 TId: 5 (      STSA, B-SLICE, QP 41)             1600 bits [Y 34.9212 dB    U 40.2392 dB    V 41.0935 dB] [ET     4 ] [L0 8 0 ] [L1 10 12 ]
POC    11 TId: 5 (      STSA, B-SLICE, QP 41)             1688 bits [Y 34.5548 dB    U 40.0881 dB    V 40.8764 dB] [ET     4 ] [L0 10 8 ] [L1 12 16 ]
POC    14 TId: 4 (      STSA, B-SLICE, QP 40)             4688 bits [Y 34.5821 dB    U 39.9234 dB    V 40.6643 dB] [ET     7 ] [L0 12 8 ] [L1 16 12 ]
POC    13 TId: 5 (      STSA, B-SLICE, QP 41)             1984 bits [Y 34.4995 dB    U 39.9844 dB    V 40.7071 dB] [ET     4 ] [L0 12 8 ] [L1 14 16 ]
POC    15 TId: 5 (      STSA, B-SLICE, QP 41)             2168 bits [Y 34.6469 dB    U 39.9142 dB    V 40.6244 dB] [ET     3 ] [L0 14 12 ] [L1 16 14 ]

	Total Frames |   Bitrate     Y-PSNR    U-PSNR    V-PSNR    YUV-PSNR   
	       17    a    1253.3929   35.3252   40.3682   41.2334   36.4472

 finished @ Sun Apr 23 13:22:18 2023
 Total Time:      419.826 sec. [user]      419.892 sec. [elapsed]

Level: 0
Inject Calls: 84025344
Errors injected by bit:
	Bit 0: 84047
	Bit 1: 84248
	Bit 2: 83716
	Bit 3: 84462
	Bit 4: 84321
	Bit 5: 84082
	Bit 6: 84326
	Bit 7: 84456

Total errors injected: 673658
