vvencFFapp: Fraunhofer VVC Encoder ver. 1.5.0 [Linux][GCC 11.3.0][64 bit][SIMD=AVX2]
 started @ Sun Apr 23 14:10:19 2023
CODING TOOL CFG: CTU128 QT44BTT21 IBD:1 SAO:1 ALF:1 (NonLinLuma:0 NonLinChr:0) CCALF:1 Tiles:1x1 Slices:1 WPP:0 WPP-Substreams:1 TMVP:1 DQ:1 SDH:0 CST:1 BDOF:1 DMVR:1 MTSImplicit:1 SBT:0 JCbCr:1 CabacInitPresent:1 AMVR:5 SMVD:3 LMCS:2 (Signal:SDR Opt:0) CIIP:0 MIP:1 AFFINE:2 (PROF:1, Type:1) MMVD:3 DisFracMMVD:1 SbTMVP:1 GPM:3 LFNST:1 MTS:0 ISP:3 TS:2 TSLog2MaxSize:4 useChromaTS:0 BDPCM:2 IBC:2 BCW:0 
ENC. ALG. CFG: QPA:0 HAD:1 RDQ:1 RDQTS:1 ASR:1 MinSearchWindow:96 RestrictMESampling:0 EDO:2 MCTF:2 
PRE-ANALYSIS CFG: STA:1 LeadFrames:0 TrailFrames:0 
FAST TOOL CFG: ECU:0 FEN:1 FDM:1 FastSearch:4 (SCC:2) LCTUFast:1 FastMrg:2 PBIntraFast:1 AMaxBT:1 FastQtBtEnc:1 ContentBasedFastQtbt:0 FastMIP:3 FastIntraTools:0 IntraEstDecBit:2 FastLocalDualTree:1 IntegerET:0 FastSubPel:1 QtbttExtraFast:3 FastTTSplit:0 IBCFastMethod:3 FIM:0 ALFSpeed:0 QuantThr: 4 
RATE CONTROL CFG: RateControl:0 LookAhead:0 
PARALLEL PROCESSING CFG: NumThreads:0 MaxParallelFrames:0 WppBitEqual:0 WF:0 

POC     0 TId: 0 (  IDR_N_LP, I-SLICE, QP 34, TF 2)     142152 bits [Y 34.7290 dB    U 39.0714 dB    V 39.9878 dB] [ET   159 ] [L0 ] [L1 ]
POC    16 TId: 1 (      STSA, B-SLICE, QP 40, TF 1)      22456 bits [Y 32.2816 dB    U 38.1619 dB    V 38.9256 dB] [ET    37 ] [L0 0 ] [L1 0 ]
POC     8 TId: 2 (      STSA, B-SLICE, QP 40, TF 0)      10824 bits [Y 32.8513 dB    U 38.3566 dB    V 39.2882 dB] [ET    30 ] [L0 0 16 ] [L1 16 0 ]
POC     4 TId: 3 (      STSA, B-SLICE, QP 43)             4488 bits [Y 32.8924 dB    U 38.6121 dB    V 39.4921 dB] [ET    18 ] [L0 0 8 ] [L1 8 16 ]
POC     2 TId: 4 (      STSA, B-SLICE, QP 45)             1832 bits [Y 33.0875 dB    U 38.8528 dB    V 39.7377 dB] [ET     3 ] [L0 0 4 ] [L1 4 8 ]
POC     1 TId: 5 (      STSA, B-SLICE, QP 46)              688 bits [Y 33.7002 dB    U 38.9190 dB    V 39.9238 dB] [ET     2 ] [L0 0 2 ] [L1 2 4 ]
POC     3 TId: 5 (      STSA, B-SLICE, QP 46)              712 bits [Y 32.7568 dB    U 38.8384 dB    V 39.6642 dB] [ET     2 ] [L0 2 0 ] [L1 4 8 ]
POC     6 TId: 4 (      STSA, B-SLICE, QP 45)             1768 bits [Y 32.3914 dB    U 38.4950 dB    V 39.3898 dB] [ET     4 ] [L0 4 0 ] [L1 8 16 ]
POC     5 TId: 5 (      STSA, B-SLICE, QP 46)              848 bits [Y 32.4735 dB    U 38.5177 dB    V 39.4432 dB] [ET     3 ] [L0 4 0 ] [L1 6 8 ]
POC     7 TId: 5 (      STSA, B-SLICE, QP 46)              816 bits [Y 32.5115 dB    U 38.4475 dB    V 39.3727 dB] [ET     2 ] [L0 6 4 ] [L1 8 16 ]
POC    12 TId: 3 (      STSA, B-SLICE, QP 43)             5336 bits [Y 32.0502 dB    U 38.2785 dB    V 39.1187 dB] [ET    19 ] [L0 8 0 ] [L1 16 8 ]
POC    10 TId: 4 (      STSA, B-SLICE, QP 45)             2032 bits [Y 32.0899 dB    U 38.3565 dB    V 39.1781 dB] [ET     4 ] [L0 8 0 ] [L1 12 16 ]
POC     9 TId: 5 (      STSA, B-SLICE, QP 46)              880 bits [Y 32.2846 dB    U 38.3927 dB    V 39.2562 dB] [ET     2 ] [L0 8 0 ] [L1 10 12 ]
POC    11 TId: 5 (      STSA, B-SLICE, QP 46)              696 bits [Y 31.8123 dB    U 38.2713 dB    V 39.1465 dB] [ET     3 ] [L0 10 8 ] [L1 12 16 ]
POC    14 TId: 4 (      STSA, B-SLICE, QP 45)             2120 bits [Y 31.7081 dB    U 38.2007 dB    V 38.8888 dB] [ET     4 ] [L0 12 8 ] [L1 16 12 ]
POC    13 TId: 5 (      STSA, B-SLICE, QP 46)             1024 bits [Y 31.7015 dB    U 38.2784 dB    V 39.0282 dB] [ET     3 ] [L0 12 8 ] [L1 14 16 ]
POC    15 TId: 5 (      STSA, B-SLICE, QP 46)             1048 bits [Y 31.7477 dB    U 38.2489 dB    V 38.9057 dB] [ET     3 ] [L0 14 12 ] [L1 16 14 ]

	Total Frames |   Bitrate     Y-PSNR    U-PSNR    V-PSNR    YUV-PSNR   
	       17    a     704.8941   32.5335   38.4882   39.3381   33.7628

 finished @ Sun Apr 23 14:15:31 2023
 Total Time:      311.203 sec. [user]      311.312 sec. [elapsed]

Level: 0
Inject Calls: 55140864
Errors injected by bit:
	Bit 0: 54901
	Bit 1: 54926
	Bit 2: 54779
	Bit 3: 55286
	Bit 4: 55118
	Bit 5: 54977
	Bit 6: 54795
	Bit 7: 55164

Total errors injected: 439946
