vvencFFapp: Fraunhofer VVC Encoder ver. 1.5.0 [Linux][GCC 11.3.0][64 bit][SIMD=AVX2]
 started @ Fri Apr 21 23:03:59 2023
CODING TOOL CFG: CTU128 QT44BTT21 IBD:1 SAO:1 ALF:1 (NonLinLuma:0 NonLinChr:0) CCALF:1 Tiles:1x1 Slices:1 WPP:0 WPP-Substreams:1 TMVP:1 DQ:1 SDH:0 CST:1 BDOF:1 DMVR:1 MTSImplicit:1 SBT:0 JCbCr:1 CabacInitPresent:1 AMVR:5 SMVD:3 LMCS:2 (Signal:SDR Opt:0) CIIP:0 MIP:1 AFFINE:2 (PROF:1, Type:1) MMVD:3 DisFracMMVD:1 SbTMVP:1 GPM:3 LFNST:1 MTS:0 ISP:3 TS:2 TSLog2MaxSize:4 useChromaTS:0 BDPCM:2 IBC:2 BCW:0 
ENC. ALG. CFG: QPA:0 HAD:1 RDQ:1 RDQTS:1 ASR:1 MinSearchWindow:96 RestrictMESampling:0 EDO:2 MCTF:2 
PRE-ANALYSIS CFG: STA:1 LeadFrames:0 TrailFrames:0 
FAST TOOL CFG: ECU:0 FEN:1 FDM:1 FastSearch:4 (SCC:2) LCTUFast:1 FastMrg:2 PBIntraFast:1 AMaxBT:1 FastQtBtEnc:1 ContentBasedFastQtbt:0 FastMIP:3 FastIntraTools:0 IntraEstDecBit:2 FastLocalDualTree:1 IntegerET:0 FastSubPel:1 QtbttExtraFast:3 FastTTSplit:0 IBCFastMethod:3 FIM:0 ALFSpeed:0 QuantThr: 4 
RATE CONTROL CFG: RateControl:0 LookAhead:0 
PARALLEL PROCESSING CFG: NumThreads:0 MaxParallelFrames:0 WppBitEqual:0 WF:0 

POC     0 TId: 0 (  IDR_N_LP, I-SLICE, QP 34, TF 2)     322424 bits [Y 32.2570 dB    U 35.9047 dB    V 36.4408 dB] [ET   232 ] [L0 ] [L1 ]
POC    16 TId: 1 (      STSA, B-SLICE, QP 40, TF 1)      53288 bits [Y 28.4976 dB    U 34.9689 dB    V 34.9919 dB] [ET   406 ] [L0 0 ] [L1 0 ]
POC     8 TId: 2 (      STSA, B-SLICE, QP 40, TF 0)      36104 bits [Y 28.8679 dB    U 35.2194 dB    V 35.4849 dB] [ET   648 ] [L0 0 16 ] [L1 16 0 ]
POC     4 TId: 3 (      STSA, B-SLICE, QP 43)            15224 bits [Y 28.6353 dB    U 35.2645 dB    V 35.4630 dB] [ET   576 ] [L0 0 8 ] [L1 8 16 ]
POC     2 TId: 4 (      STSA, B-SLICE, QP 45)              224 bits [Y 32.2570 dB    U 35.9047 dB    V 36.4408 dB] [ET   259 ] [L0 0 4 ] [L1 4 8 ]
POC     1 TId: 5 (      STSA, B-SLICE, QP 46)              224 bits [Y 32.2570 dB    U 35.9047 dB    V 36.4408 dB] [ET   174 ] [L0 0 2 ] [L1 2 4 ]
POC     3 TId: 5 (      STSA, B-SLICE, QP 46)             1992 bits [Y 28.8798 dB    U 35.2917 dB    V 35.9170 dB] [ET   360 ] [L0 2 0 ] [L1 4 8 ]
POC     6 TId: 4 (      STSA, B-SLICE, QP 45)             7272 bits [Y 27.6928 dB    U 35.0870 dB    V 35.1363 dB] [ET   519 ] [L0 4 0 ] [L1 8 16 ]
POC     5 TId: 5 (      STSA, B-SLICE, QP 46)             1976 bits [Y 27.6644 dB    U 35.1067 dB    V 35.3189 dB] [ET   351 ] [L0 4 0 ] [L1 6 8 ]
POC     7 TId: 5 (      STSA, B-SLICE, QP 46)             2072 bits [Y 27.7680 dB    U 35.1048 dB    V 35.3162 dB] [ET   372 ] [L0 6 4 ] [L1 8 16 ]
POC    12 TId: 3 (      STSA, B-SLICE, QP 43)            17136 bits [Y 27.7867 dB    U 34.9751 dB    V 34.9254 dB] [ET   597 ] [L0 8 0 ] [L1 16 8 ]
POC    10 TId: 4 (      STSA, B-SLICE, QP 45)             7256 bits [Y 27.4431 dB    U 35.0201 dB    V 34.8527 dB] [ET   529 ] [L0 8 0 ] [L1 12 16 ]
POC     9 TId: 5 (      STSA, B-SLICE, QP 46)             2192 bits [Y 27.6991 dB    U 35.0952 dB    V 35.2212 dB] [ET   376 ] [L0 8 0 ] [L1 10 12 ]
POC    11 TId: 5 (      STSA, B-SLICE, QP 46)             2128 bits [Y 27.3022 dB    U 34.9823 dB    V 34.9497 dB] [ET   362 ] [L0 10 8 ] [L1 12 16 ]
POC    14 TId: 4 (      STSA, B-SLICE, QP 45)             7000 bits [Y 27.3371 dB    U 34.8493 dB    V 34.8347 dB] [ET   421 ] [L0 12 8 ] [L1 16 12 ]
POC    13 TId: 5 (      STSA, B-SLICE, QP 46)             2256 bits [Y 27.2560 dB    U 34.9008 dB    V 34.9264 dB] [ET   378 ] [L0 12 8 ] [L1 14 16 ]
POC    15 TId: 5 (      STSA, B-SLICE, QP 46)             2288 bits [Y 27.4592 dB    U 34.8703 dB    V 34.8970 dB] [ET   304 ] [L0 14 12 ] [L1 16 14 ]

	Total Frames |   Bitrate     Y-PSNR    U-PSNR    V-PSNR    YUV-PSNR   
	       17    a    1414.8706   28.6506   35.2029   35.3857   29.7008

 finished @ Sat Apr 22 00:58:36 2023
 Total Time:     6876.787 sec. [user]     6877.175 sec. [elapsed]

Level: 0
Inject Calls: 8643686857
Errors injected by bit:
	Bit 0: 8617
	Bit 1: 8709
	Bit 2: 8653
	Bit 3: 8771
	Bit 4: 8824
	Bit 5: 8628
	Bit 6: 8706
	Bit 7: 8666

Total errors injected: 69574
