vvencFFapp: Fraunhofer VVC Encoder ver. 1.5.0 [Linux][GCC 11.3.0][64 bit][SIMD=AVX2]
 started @ Wed Apr 19 01:07:31 2023
CODING TOOL CFG: CTU128 QT44BTT21 IBD:1 SAO:1 ALF:1 (NonLinLuma:0 NonLinChr:0) CCALF:1 Tiles:1x1 Slices:1 WPP:0 WPP-Substreams:1 TMVP:1 DQ:1 SDH:0 CST:1 BDOF:1 DMVR:1 MTSImplicit:1 SBT:0 JCbCr:1 CabacInitPresent:1 AMVR:5 SMVD:3 LMCS:2 (Signal:SDR Opt:0) CIIP:0 MIP:1 AFFINE:2 (PROF:1, Type:1) MMVD:3 DisFracMMVD:1 SbTMVP:1 GPM:3 LFNST:1 MTS:0 ISP:3 TS:2 TSLog2MaxSize:4 useChromaTS:0 BDPCM:2 IBC:2 BCW:0 
ENC. ALG. CFG: QPA:0 HAD:1 RDQ:1 RDQTS:1 ASR:1 MinSearchWindow:96 RestrictMESampling:0 EDO:2 MCTF:2 
PRE-ANALYSIS CFG: STA:1 LeadFrames:0 TrailFrames:0 
FAST TOOL CFG: ECU:0 FEN:1 FDM:1 FastSearch:4 (SCC:2) LCTUFast:1 FastMrg:2 PBIntraFast:1 AMaxBT:1 FastQtBtEnc:1 ContentBasedFastQtbt:0 FastMIP:3 FastIntraTools:0 IntraEstDecBit:2 FastLocalDualTree:1 IntegerET:0 FastSubPel:1 QtbttExtraFast:3 FastTTSplit:0 IBCFastMethod:3 FIM:0 ALFSpeed:0 QuantThr: 4 
RATE CONTROL CFG: RateControl:0 LookAhead:0 
PARALLEL PROCESSING CFG: NumThreads:0 MaxParallelFrames:0 WppBitEqual:0 WF:0 

POC     0 TId: 0 (  IDR_N_LP, I-SLICE, QP 19, TF 3)    1305264 bits [Y 45.1634 dB    U 45.3294 dB    V 46.0388 dB] [ET   379 ] [L0 ] [L1 ]
POC    16 TId: 1 (      STSA, B-SLICE, QP 22, TF 2)     584328 bits [Y 40.7128 dB    U 42.1291 dB    V 42.9173 dB] [ET   668 ] [L0 0 ] [L1 0 ]
POC     8 TId: 2 (      STSA, B-SLICE, QP 23, TF 1)     365176 bits [Y 39.4809 dB    U 41.7885 dB    V 42.7532 dB] [ET  1044 ] [L0 0 16 ] [L1 16 0 ]
POC     4 TId: 3 (      STSA, B-SLICE, QP 26, TF 0)     188584 bits [Y 38.1562 dB    U 41.4904 dB    V 42.5002 dB] [ET  1019 ] [L0 0 8 ] [L1 8 16 ]
POC     2 TId: 4 (      STSA, B-SLICE, QP 28)              200 bits [Y 45.1634 dB    U 45.3294 dB    V 46.0388 dB] [ET   301 ] [L0 0 4 ] [L1 4 8 ]
POC     1 TId: 5 (      STSA, B-SLICE, QP 29)              184 bits [Y 45.1634 dB    U 45.3294 dB    V 46.0388 dB] [ET   250 ] [L0 0 2 ] [L1 2 4 ]
POC     3 TId: 5 (      STSA, B-SLICE, QP 29)            72360 bits [Y 37.8424 dB    U 41.7327 dB    V 42.9157 dB] [ET   756 ] [L0 2 0 ] [L1 4 8 ]
POC     6 TId: 4 (      STSA, B-SLICE, QP 28)           130984 bits [Y 37.4564 dB    U 41.0796 dB    V 41.8595 dB] [ET  1033 ] [L0 4 0 ] [L1 8 16 ]
POC     5 TId: 5 (      STSA, B-SLICE, QP 29)            75672 bits [Y 37.0509 dB    U 41.0460 dB    V 41.9382 dB] [ET   763 ] [L0 4 0 ] [L1 6 8 ]
POC     7 TId: 5 (      STSA, B-SLICE, QP 29)            72344 bits [Y 37.4153 dB    U 41.2302 dB    V 41.9133 dB] [ET   744 ] [L0 6 4 ] [L1 8 16 ]
POC    12 TId: 3 (      STSA, B-SLICE, QP 26, TF 0)     208392 bits [Y 37.9877 dB    U 41.0979 dB    V 41.7844 dB] [ET  1079 ] [L0 8 0 ] [L1 16 8 ]
POC    10 TId: 4 (      STSA, B-SLICE, QP 28)           128376 bits [Y 37.3750 dB    U 40.9871 dB    V 41.4513 dB] [ET  1046 ] [L0 8 0 ] [L1 12 16 ]
POC     9 TId: 5 (      STSA, B-SLICE, QP 29)            71984 bits [Y 37.3359 dB    U 41.1713 dB    V 41.8479 dB] [ET   746 ] [L0 8 0 ] [L1 10 12 ]
POC    11 TId: 5 (      STSA, B-SLICE, QP 29)            71616 bits [Y 37.0424 dB    U 40.8588 dB    V 41.4993 dB] [ET   746 ] [L0 10 8 ] [L1 12 16 ]
POC    14 TId: 4 (      STSA, B-SLICE, QP 28)           128064 bits [Y 37.3472 dB    U 41.0493 dB    V 41.7107 dB] [ET   869 ] [L0 12 8 ] [L1 16 12 ]
POC    13 TId: 5 (      STSA, B-SLICE, QP 29)            72592 bits [Y 36.9384 dB    U 40.9185 dB    V 41.5667 dB] [ET   744 ] [L0 12 8 ] [L1 14 16 ]
POC    15 TId: 5 (      STSA, B-SLICE, QP 29)            73312 bits [Y 37.3446 dB    U 41.3036 dB    V 41.9182 dB] [ET   603 ] [L0 14 12 ] [L1 16 14 ]

	Total Frames |   Bitrate     Y-PSNR    U-PSNR    V-PSNR    YUV-PSNR   
	       17    a   10439.5059   39.1163   41.9924   42.7466   39.3205

 finished @ Wed Apr 19 04:40:58 2023
 Total Time:    12790.041 sec. [user]    12806.988 sec. [elapsed]

Level: 0
Inject Calls: 15486502037
Errors injected by bit:
	Bit 0: 15434
	Bit 1: 15292
	Bit 2: 15584
	Bit 3: 15474
	Bit 4: 15561
	Bit 5: 15429
	Bit 6: 15640
	Bit 7: 15644

Total errors injected: 124058
