
vvencFFapp: Encoder Version 1.0.0 [Linux][GCC 9.4.0][64 bit][SIMD=AVX2]
 started @ Sun Jul 10 22:03:39 2022
CODING TOOL CFG: CTU128 QT44BTT21 IBD:1 CIP:0 SAO:1 ALF:1 (NonLinLuma:0 NonLinChr:0) CCALF:1 WPP:0 WPP-Substreams:1 TMVP:1 DQ:1 (Thr: 4) SDH:0 CST:1 BDOF:1 DMVR:1 MTSImplicit:1 SBT:0 JCbCr:1 CabacInitPresent:1 AMVR:5 SMVD:3 LMCS:1 (Signal:SDR Opt:0) CIIP:0 MIP:1 AFFINE:2 (PROF:1, Type:1) MMVD:3 DisFracMMVD:1 SbTMVP:1 GPM:3 LFNST:1 MTS:0 ISP:3 TS:2 TSLog2MaxSize:3 useChromaTS:0 BDPCM:2 IBC:2 
ENC. ALG. CFG: QPA:0 HAD:1 RDQ:1 RDQTS:1 ASR:1 MinSearchWindow:96 RestrictMESampling:0 EDO:2 MCTF:2 [L:0, T:0] 
FAST TOOL CFG: ECU:0 FEN:1 FDM:1 ESD:0 FastSearch:4 LCTUFast:1 FastMrg:2 PBIntraFast:1 AMaxBT:1 FastQtBtEnc:1 ContentBasedFastQtbt:1 FastMIP:4 FastIntraTools:1 FastLocalDualTree:1 FastSubPel:1 QtbttExtraFast:2 IBCFastMethod:3 
RATE CONTROL CFG: RateControl:0 
PARALLEL PROCESSING CFG: NumThreads:0 MaxParallelFrames:0 WppBitEqual:0 WF:0

512 256 800 544 144 144
POC    0 TId: 0 (  IDR_N_LP, I-SLICE, QP 24 )     143272 bits [Y 40.3303 dB    U 41.9221 dB    V 42.6348 dB] [ET   400 ] [L0 ] [L1 ]
POC    8 TId: 2 (      STSA, B-SLICE, QP 29 )      58664 bits [Y 37.2588 dB    U 39.2157 dB    V 39.5832 dB] [ET   947 ] [L0 0 ] [L1 0 ]
POC    4 TId: 3 (      STSA, B-SLICE, QP 32 )      25016 bits [Y 35.8389 dB    U 38.9740 dB    V 39.5733 dB] [ET  1473 ] [L0 0 8 ] [L1 8 0 ]
POC    2 TId: 4 (      STSA, B-SLICE, QP 34 )      13584 bits [Y 35.2656 dB    U 39.4029 dB    V 40.0890 dB] [ET  1422 ] [L0 0 4 ] [L1 4 8 ]
POC    1 TId: 5 (      STSA, B-SLICE, QP 36 )       5824 bits [Y 35.0775 dB    U 39.9070 dB    V 40.5780 dB] [ET   976 ] [L0 0 2 ] [L1 2 4 ]
POC    3 TId: 5 (      STSA, B-SLICE, QP 36 )       5576 bits [Y 34.4031 dB    U 38.8315 dB    V 39.4637 dB] [ET  1068 ] [L0 2 0 ] [L1 4 8 ]
POC    6 TId: 4 (      STSA, B-SLICE, QP 34 )      13400 bits [Y 34.9389 dB    U 38.5076 dB    V 39.0356 dB] [ET  1320 ] [L0 4 0 ] [L1 8 4 ]
POC    5 TId: 5 (      STSA, B-SLICE, QP 36 )       5288 bits [Y 34.3103 dB    U 38.6013 dB    V 39.0780 dB] [ET  1114 ] [L0 4 0 ] [L1 6 8 ]
POC    7 TId: 5 (      STSA, B-SLICE, QP 36 )       5152 bits [Y 34.3717 dB    U 38.4917 dB    V 39.1132 dB] [ET   849 ] [L0 6 4 ] [L1 8 6 ]
POC    9 TId: 5 (      STSA, B-SLICE, QP 36 )       8864 bits [Y 33.9395 dB    U 38.0163 dB    V 38.1140 dB] [ET   797 ] [L0 8 0 ] [L1 8 0 ]

	Total Frames |   Bitrate     Y-PSNR    U-PSNR    V-PSNR    YUV-PSNR   
	       10    a     853.9200   35.5735   39.1870   39.7263   36.2504

 finished @ Mon Jul 11 00:56:36 2022
 Total Time:    10352.959 sec. [user]    10377.465 sec. [elapsed]

Level: 0
Inject Calls: 2005138635
Errors injected by bit:
	Bit 0: 19989
	Bit 1: 20153
	Bit 2: 20025
	Bit 3: 20125
	Bit 4: 20067
	Bit 5: 20078
	Bit 6: 19843
	Bit 7: 20019

Total errors injected: 160299
