
vvencFFapp: Encoder Version 1.0.0 [Linux][GCC 9.4.0][64 bit][SIMD=AVX2]
 started @ Fri Jul  8 16:09:55 2022
CODING TOOL CFG: CTU128 QT44BTT21 IBD:1 CIP:0 SAO:1 ALF:1 (NonLinLuma:0 NonLinChr:0) CCALF:1 WPP:0 WPP-Substreams:1 TMVP:1 DQ:1 (Thr: 4) SDH:0 CST:1 BDOF:1 DMVR:1 MTSImplicit:1 SBT:0 JCbCr:1 CabacInitPresent:1 AMVR:5 SMVD:3 LMCS:1 (Signal:SDR Opt:0) CIIP:0 MIP:1 AFFINE:2 (PROF:1, Type:1) MMVD:3 DisFracMMVD:1 SbTMVP:1 GPM:3 LFNST:1 MTS:0 ISP:3 TS:2 TSLog2MaxSize:3 useChromaTS:0 BDPCM:2 IBC:2 
ENC. ALG. CFG: QPA:0 HAD:1 RDQ:1 RDQTS:1 ASR:1 MinSearchWindow:96 RestrictMESampling:0 EDO:2 MCTF:2 [L:0, T:0] 
FAST TOOL CFG: ECU:0 FEN:1 FDM:1 ESD:0 FastSearch:4 LCTUFast:1 FastMrg:2 PBIntraFast:1 AMaxBT:1 FastQtBtEnc:1 ContentBasedFastQtbt:1 FastMIP:4 FastIntraTools:1 FastLocalDualTree:1 FastSubPel:1 QtbttExtraFast:2 IBCFastMethod:3 
RATE CONTROL CFG: RateControl:0 
PARALLEL PROCESSING CFG: NumThreads:0 MaxParallelFrames:0 WppBitEqual:0 WF:0

512 256 800 544 144 144
POC    0 TId: 0 (  IDR_N_LP, I-SLICE, QP 19 )     218376 bits [Y 43.7095 dB    U 44.9341 dB    V 45.4033 dB] [ET   659 ] [L0 ] [L1 ]
POC    8 TId: 2 (      STSA, B-SLICE, QP 23 )     111344 bits [Y 41.8254 dB    U 42.5554 dB    V 42.9579 dB] [ET  1058 ] [L0 0 ] [L1 0 ]
POC    4 TId: 3 (      STSA, B-SLICE, QP 26 )      53760 bits [Y 39.9597 dB    U 41.7952 dB    V 42.1555 dB] [ET  1343 ] [L0 0 8 ] [L1 8 0 ]
POC    2 TId: 4 (      STSA, B-SLICE, QP 28 )      30328 bits [Y 38.9848 dB    U 41.9177 dB    V 42.3196 dB] [ET  1670 ] [L0 0 4 ] [L1 4 8 ]
POC    1 TId: 5 (      STSA, B-SLICE, QP 29 )      17352 bits [Y 38.8258 dB    U 42.3196 dB    V 43.0205 dB] [ET  1252 ] [L0 0 2 ] [L1 2 4 ]
POC    3 TId: 5 (      STSA, B-SLICE, QP 29 )      16616 bits [Y 38.4603 dB    U 41.2730 dB    V 41.6776 dB] [ET  1484 ] [L0 2 0 ] [L1 4 8 ]
POC    6 TId: 4 (      STSA, B-SLICE, QP 28 )      29312 bits [Y 38.7897 dB    U 41.2788 dB    V 41.7979 dB] [ET  1619 ] [L0 4 0 ] [L1 8 4 ]
POC    5 TId: 5 (      STSA, B-SLICE, QP 29 )      15656 bits [Y 38.3479 dB    U 41.1053 dB    V 41.7398 dB] [ET  1494 ] [L0 4 0 ] [L1 6 8 ]
POC    7 TId: 5 (      STSA, B-SLICE, QP 29 )      16264 bits [Y 38.4351 dB    U 41.2416 dB    V 41.8242 dB] [ET  1211 ] [L0 6 4 ] [L1 8 6 ]
POC    9 TId: 5 (      STSA, B-SLICE, QP 29 )      24536 bits [Y 38.2296 dB    U 40.7022 dB    V 41.2241 dB] [ET  1133 ] [L0 8 0 ] [L1 8 0 ]

	Total Frames |   Bitrate     Y-PSNR    U-PSNR    V-PSNR    YUV-PSNR   
	       10    a    1600.6320   39.5568   41.9123   42.4120   40.0149

 finished @ Fri Jul  8 19:45:29 2022
 Total Time:    12903.679 sec. [user]    12934.817 sec. [elapsed]

Level: 0
Inject Calls: 2494945659
Errors injected by bit:
	Bit 0: 2472
	Bit 1: 2584
	Bit 2: 2412
	Bit 3: 2424
	Bit 4: 2496
	Bit 5: 2501
	Bit 6: 2469
	Bit 7: 2483

Total errors injected: 19841
