
vvencFFapp: Encoder Version 1.0.0 [Linux][GCC 9.4.0][64 bit][SIMD=AVX2]
 started @ Sun Jul 10 22:03:39 2022
CODING TOOL CFG: CTU128 QT44BTT21 IBD:1 CIP:0 SAO:1 ALF:1 (NonLinLuma:0 NonLinChr:0) CCALF:1 WPP:0 WPP-Substreams:1 TMVP:1 DQ:1 (Thr: 4) SDH:0 CST:1 BDOF:1 DMVR:1 MTSImplicit:1 SBT:0 JCbCr:1 CabacInitPresent:1 AMVR:5 SMVD:3 LMCS:1 (Signal:SDR Opt:0) CIIP:0 MIP:1 AFFINE:2 (PROF:1, Type:1) MMVD:3 DisFracMMVD:1 SbTMVP:1 GPM:3 LFNST:1 MTS:0 ISP:3 TS:2 TSLog2MaxSize:3 useChromaTS:0 BDPCM:2 IBC:2 
ENC. ALG. CFG: QPA:0 HAD:1 RDQ:1 RDQTS:1 ASR:1 MinSearchWindow:96 RestrictMESampling:0 EDO:2 MCTF:2 [L:0, T:0] 
FAST TOOL CFG: ECU:0 FEN:1 FDM:1 ESD:0 FastSearch:4 LCTUFast:1 FastMrg:2 PBIntraFast:1 AMaxBT:1 FastQtBtEnc:1 ContentBasedFastQtbt:1 FastMIP:4 FastIntraTools:1 FastLocalDualTree:1 FastSubPel:1 QtbttExtraFast:2 IBCFastMethod:3 
RATE CONTROL CFG: RateControl:0 
PARALLEL PROCESSING CFG: NumThreads:0 MaxParallelFrames:0 WppBitEqual:0 WF:0

512 256 800 544 144 144
POC    0 TId: 0 (  IDR_N_LP, I-SLICE, QP 24 )     143272 bits [Y 40.3303 dB    U 41.9221 dB    V 42.6348 dB] [ET   401 ] [L0 ] [L1 ]
POC    8 TId: 2 (      STSA, B-SLICE, QP 29 )      59312 bits [Y 37.2842 dB    U 39.1773 dB    V 39.6176 dB] [ET   940 ] [L0 0 ] [L1 0 ]
POC    4 TId: 3 (      STSA, B-SLICE, QP 32 )      25816 bits [Y 35.8292 dB    U 38.9777 dB    V 39.2446 dB] [ET  1439 ] [L0 0 8 ] [L1 8 0 ]
POC    2 TId: 4 (      STSA, B-SLICE, QP 34 )      13720 bits [Y 35.2537 dB    U 39.2030 dB    V 39.8388 dB] [ET  1381 ] [L0 0 4 ] [L1 4 8 ]
POC    1 TId: 5 (      STSA, B-SLICE, QP 36 )       6136 bits [Y 35.0997 dB    U 39.9055 dB    V 40.6091 dB] [ET   954 ] [L0 0 2 ] [L1 2 4 ]
POC    3 TId: 5 (      STSA, B-SLICE, QP 36 )       5880 bits [Y 34.4472 dB    U 38.6849 dB    V 39.1413 dB] [ET  1033 ] [L0 2 0 ] [L1 4 8 ]
POC    6 TId: 4 (      STSA, B-SLICE, QP 34 )      13376 bits [Y 34.9085 dB    U 38.5029 dB    V 38.8101 dB] [ET  1334 ] [L0 4 0 ] [L1 8 4 ]
POC    5 TId: 5 (      STSA, B-SLICE, QP 36 )       5464 bits [Y 34.2990 dB    U 38.6029 dB    V 38.9774 dB] [ET  1058 ] [L0 4 0 ] [L1 6 8 ]
POC    7 TId: 5 (      STSA, B-SLICE, QP 36 )       5376 bits [Y 34.3914 dB    U 38.5123 dB    V 39.0236 dB] [ET   831 ] [L0 6 4 ] [L1 8 6 ]
POC    9 TId: 5 (      STSA, B-SLICE, QP 36 )       9160 bits [Y 34.0158 dB    U 38.0925 dB    V 38.1282 dB] [ET   853 ] [L0 8 0 ] [L1 8 0 ]

	Total Frames |   Bitrate     Y-PSNR    U-PSNR    V-PSNR    YUV-PSNR   
	       10    a     862.5360   35.5859   39.1581   39.6026   36.2506

 finished @ Mon Jul 11 00:54:14 2022
 Total Time:    10206.449 sec. [user]    10235.359 sec. [elapsed]

Level: 0
Inject Calls: 1969214749
Errors injected by bit:
	Bit 0: 196436
	Bit 1: 197091
	Bit 2: 197123
	Bit 3: 197360
	Bit 4: 196779
	Bit 5: 197216
	Bit 6: 196877
	Bit 7: 197063

Total errors injected: 1575945
