
vvencFFapp: Encoder Version 1.0.0 [Linux][GCC 9.4.0][64 bit][SIMD=AVX2]
 started @ Fri Jul  8 08:59:45 2022
CODING TOOL CFG: CTU128 QT44BTT21 IBD:1 CIP:0 SAO:1 ALF:1 (NonLinLuma:0 NonLinChr:0) CCALF:1 WPP:0 WPP-Substreams:1 TMVP:1 DQ:1 (Thr: 4) SDH:0 CST:1 BDOF:1 DMVR:1 MTSImplicit:1 SBT:0 JCbCr:1 CabacInitPresent:1 AMVR:5 SMVD:3 LMCS:1 (Signal:SDR Opt:0) CIIP:0 MIP:1 AFFINE:2 (PROF:1, Type:1) MMVD:3 DisFracMMVD:1 SbTMVP:1 GPM:3 LFNST:1 MTS:0 ISP:3 TS:2 TSLog2MaxSize:3 useChromaTS:0 BDPCM:2 IBC:2 
ENC. ALG. CFG: QPA:0 HAD:1 RDQ:1 RDQTS:1 ASR:1 MinSearchWindow:96 RestrictMESampling:0 EDO:2 MCTF:2 [L:0, T:0] 
FAST TOOL CFG: ECU:0 FEN:1 FDM:1 ESD:0 FastSearch:4 LCTUFast:1 FastMrg:2 PBIntraFast:1 AMaxBT:1 FastQtBtEnc:1 ContentBasedFastQtbt:1 FastMIP:4 FastIntraTools:1 FastLocalDualTree:1 FastSubPel:1 QtbttExtraFast:2 IBCFastMethod:3 
RATE CONTROL CFG: RateControl:0 
PARALLEL PROCESSING CFG: NumThreads:0 MaxParallelFrames:0 WppBitEqual:0 WF:0

512 256 800 544 144 144
POC    0 TId: 0 (  IDR_N_LP, I-SLICE, QP 19 )     218376 bits [Y 43.7095 dB    U 44.9341 dB    V 45.4033 dB] [ET   461 ] [L0 ] [L1 ]
POC    8 TId: 2 (      STSA, B-SLICE, QP 23 )     111160 bits [Y 41.7962 dB    U 42.6603 dB    V 43.0766 dB] [ET   928 ] [L0 0 ] [L1 0 ]
POC    4 TId: 3 (      STSA, B-SLICE, QP 26 )      53712 bits [Y 39.9544 dB    U 41.8342 dB    V 42.1266 dB] [ET  1372 ] [L0 0 8 ] [L1 8 0 ]
POC    2 TId: 4 (      STSA, B-SLICE, QP 28 )      30296 bits [Y 38.9310 dB    U 41.9312 dB    V 42.1937 dB] [ET  1650 ] [L0 0 4 ] [L1 4 8 ]
POC    1 TId: 5 (      STSA, B-SLICE, QP 29 )      17440 bits [Y 38.8006 dB    U 42.2350 dB    V 42.8657 dB] [ET  1251 ] [L0 0 2 ] [L1 2 4 ]
POC    3 TId: 5 (      STSA, B-SLICE, QP 29 )      16816 bits [Y 38.4213 dB    U 41.3272 dB    V 41.6546 dB] [ET  1407 ] [L0 2 0 ] [L1 4 8 ]
POC    6 TId: 4 (      STSA, B-SLICE, QP 28 )      29296 bits [Y 38.8250 dB    U 41.1970 dB    V 41.6817 dB] [ET  1621 ] [L0 4 0 ] [L1 8 4 ]
POC    5 TId: 5 (      STSA, B-SLICE, QP 29 )      16040 bits [Y 38.3218 dB    U 41.1612 dB    V 41.6260 dB] [ET  1456 ] [L0 4 0 ] [L1 6 8 ]
POC    7 TId: 5 (      STSA, B-SLICE, QP 29 )      15944 bits [Y 38.3944 dB    U 41.2392 dB    V 41.8259 dB] [ET  1175 ] [L0 6 4 ] [L1 8 6 ]
POC    9 TId: 5 (      STSA, B-SLICE, QP 29 )      24840 bits [Y 38.2565 dB    U 40.7226 dB    V 41.1196 dB] [ET  1146 ] [L0 8 0 ] [L1 8 0 ]

	Total Frames |   Bitrate     Y-PSNR    U-PSNR    V-PSNR    YUV-PSNR   
	       10    a    1601.7600   39.5411   41.9242   42.3574   39.9973

 finished @ Fri Jul  8 12:27:42 2022
 Total Time:    12450.183 sec. [user]    12476.763 sec. [elapsed]

Level: 0
Inject Calls: 2448242445
Errors injected by bit:
	Bit 0: 2449903
	Bit 1: 2449544
	Bit 2: 2447786
	Bit 3: 2448526
	Bit 4: 2449794
	Bit 5: 2447383
	Bit 6: 2447705
	Bit 7: 2451183

Total errors injected: 19591824
