
vvencFFapp: Encoder Version 1.0.0 [Linux][GCC 9.4.0][64 bit][SIMD=AVX2]
 started @ Sun Jul 10 22:03:39 2022
CODING TOOL CFG: CTU128 QT44BTT21 IBD:1 CIP:0 SAO:1 ALF:1 (NonLinLuma:0 NonLinChr:0) CCALF:1 WPP:0 WPP-Substreams:1 TMVP:1 DQ:1 (Thr: 4) SDH:0 CST:1 BDOF:1 DMVR:1 MTSImplicit:1 SBT:0 JCbCr:1 CabacInitPresent:1 AMVR:5 SMVD:3 LMCS:1 (Signal:SDR Opt:0) CIIP:0 MIP:1 AFFINE:2 (PROF:1, Type:1) MMVD:3 DisFracMMVD:1 SbTMVP:1 GPM:3 LFNST:1 MTS:0 ISP:3 TS:2 TSLog2MaxSize:3 useChromaTS:0 BDPCM:2 IBC:2 
ENC. ALG. CFG: QPA:0 HAD:1 RDQ:1 RDQTS:1 ASR:1 MinSearchWindow:96 RestrictMESampling:0 EDO:2 MCTF:2 [L:0, T:0] 
FAST TOOL CFG: ECU:0 FEN:1 FDM:1 ESD:0 FastSearch:4 LCTUFast:1 FastMrg:2 PBIntraFast:1 AMaxBT:1 FastQtBtEnc:1 ContentBasedFastQtbt:1 FastMIP:4 FastIntraTools:1 FastLocalDualTree:1 FastSubPel:1 QtbttExtraFast:2 IBCFastMethod:3 
RATE CONTROL CFG: RateControl:0 
PARALLEL PROCESSING CFG: NumThreads:0 MaxParallelFrames:0 WppBitEqual:0 WF:0

512 256 800 544 144 144
POC    0 TId: 0 (  IDR_N_LP, I-SLICE, QP 24 )     143272 bits [Y 40.3303 dB    U 41.9221 dB    V 42.6348 dB] [ET   401 ] [L0 ] [L1 ]
POC    8 TId: 2 (      STSA, B-SLICE, QP 29 )      58592 bits [Y 37.2880 dB    U 39.2729 dB    V 39.5993 dB] [ET   925 ] [L0 0 ] [L1 0 ]
POC    4 TId: 3 (      STSA, B-SLICE, QP 32 )      25216 bits [Y 35.8807 dB    U 38.7378 dB    V 39.3517 dB] [ET  1402 ] [L0 0 8 ] [L1 8 0 ]
POC    2 TId: 4 (      STSA, B-SLICE, QP 34 )      13456 bits [Y 35.2235 dB    U 39.3549 dB    V 39.8682 dB] [ET  1399 ] [L0 0 4 ] [L1 4 8 ]
POC    1 TId: 5 (      STSA, B-SLICE, QP 36 )       5936 bits [Y 35.0570 dB    U 39.6658 dB    V 40.4931 dB] [ET   925 ] [L0 0 2 ] [L1 2 4 ]
POC    3 TId: 5 (      STSA, B-SLICE, QP 36 )       5904 bits [Y 34.4442 dB    U 38.8324 dB    V 39.2441 dB] [ET  1060 ] [L0 2 0 ] [L1 4 8 ]
POC    6 TId: 4 (      STSA, B-SLICE, QP 34 )      13240 bits [Y 34.9271 dB    U 38.4210 dB    V 38.8888 dB] [ET  1351 ] [L0 4 0 ] [L1 8 4 ]
POC    5 TId: 5 (      STSA, B-SLICE, QP 36 )       5168 bits [Y 34.2931 dB    U 38.3659 dB    V 38.9504 dB] [ET  1014 ] [L0 4 0 ] [L1 6 8 ]
POC    7 TId: 5 (      STSA, B-SLICE, QP 36 )       5464 bits [Y 34.4820 dB    U 38.6357 dB    V 39.0824 dB] [ET   793 ] [L0 6 4 ] [L1 8 6 ]
POC    9 TId: 5 (      STSA, B-SLICE, QP 36 )       9040 bits [Y 34.0312 dB    U 38.1503 dB    V 38.1822 dB] [ET   844 ] [L0 8 0 ] [L1 8 0 ]

	Total Frames |   Bitrate     Y-PSNR    U-PSNR    V-PSNR    YUV-PSNR   
	       10    a     855.8640   35.5957   39.1359   39.6295   36.2608

 finished @ Mon Jul 11 00:52:24 2022
 Total Time:    10097.218 sec. [user]    10125.538 sec. [elapsed]

Level: 0
Inject Calls: 1946543634
Errors injected by bit:
	Bit 0: 193875
	Bit 1: 194659
	Bit 2: 195022
	Bit 3: 194250
	Bit 4: 194918
	Bit 5: 194280
	Bit 6: 195112
	Bit 7: 195207

Total errors injected: 1557323
