
vvencFFapp: Encoder Version 1.0.0 [Linux][GCC 9.4.0][64 bit][SIMD=AVX2]
 started @ Fri Jul  8 09:24:46 2022
CODING TOOL CFG: CTU128 QT44BTT21 IBD:1 CIP:0 SAO:1 ALF:1 (NonLinLuma:0 NonLinChr:0) CCALF:1 WPP:0 WPP-Substreams:1 TMVP:1 DQ:1 (Thr: 4) SDH:0 CST:1 BDOF:1 DMVR:1 MTSImplicit:1 SBT:0 JCbCr:1 CabacInitPresent:1 AMVR:5 SMVD:3 LMCS:1 (Signal:SDR Opt:0) CIIP:0 MIP:1 AFFINE:2 (PROF:1, Type:1) MMVD:3 DisFracMMVD:1 SbTMVP:1 GPM:3 LFNST:1 MTS:0 ISP:3 TS:2 TSLog2MaxSize:3 useChromaTS:0 BDPCM:2 IBC:2 
ENC. ALG. CFG: QPA:0 HAD:1 RDQ:1 RDQTS:1 ASR:1 MinSearchWindow:96 RestrictMESampling:0 EDO:2 MCTF:2 [L:0, T:0] 
FAST TOOL CFG: ECU:0 FEN:1 FDM:1 ESD:0 FastSearch:4 LCTUFast:1 FastMrg:2 PBIntraFast:1 AMaxBT:1 FastQtBtEnc:1 ContentBasedFastQtbt:1 FastMIP:4 FastIntraTools:1 FastLocalDualTree:1 FastSubPel:1 QtbttExtraFast:2 IBCFastMethod:3 
RATE CONTROL CFG: RateControl:0 
PARALLEL PROCESSING CFG: NumThreads:0 MaxParallelFrames:0 WppBitEqual:0 WF:0

512 256 800 544 144 144
POC    0 TId: 0 (  IDR_N_LP, I-SLICE, QP 19 )     218376 bits [Y 43.7095 dB    U 44.9341 dB    V 45.4033 dB] [ET   447 ] [L0 ] [L1 ]
POC    8 TId: 2 (      STSA, B-SLICE, QP 23 )     111480 bits [Y 41.8330 dB    U 42.5388 dB    V 42.8954 dB] [ET  1007 ] [L0 0 ] [L1 0 ]
POC    4 TId: 3 (      STSA, B-SLICE, QP 26 )      54336 bits [Y 39.9512 dB    U 41.8079 dB    V 42.0916 dB] [ET  1607 ] [L0 0 8 ] [L1 8 0 ]
POC    2 TId: 4 (      STSA, B-SLICE, QP 28 )      30488 bits [Y 38.9451 dB    U 41.8836 dB    V 42.2356 dB] [ET  1734 ] [L0 0 4 ] [L1 4 8 ]
POC    1 TId: 5 (      STSA, B-SLICE, QP 29 )      17576 bits [Y 38.8079 dB    U 42.3187 dB    V 42.8593 dB] [ET  1273 ] [L0 0 2 ] [L1 2 4 ]
POC    3 TId: 5 (      STSA, B-SLICE, QP 29 )      16816 bits [Y 38.4297 dB    U 41.3922 dB    V 41.6134 dB] [ET  1390 ] [L0 2 0 ] [L1 4 8 ]
POC    6 TId: 4 (      STSA, B-SLICE, QP 28 )      29560 bits [Y 38.8213 dB    U 41.2127 dB    V 41.5075 dB] [ET  1542 ] [L0 4 0 ] [L1 8 4 ]
POC    5 TId: 5 (      STSA, B-SLICE, QP 29 )      15816 bits [Y 38.3274 dB    U 41.0853 dB    V 41.4403 dB] [ET  1432 ] [L0 4 0 ] [L1 6 8 ]
POC    7 TId: 5 (      STSA, B-SLICE, QP 29 )      16032 bits [Y 38.3683 dB    U 41.2298 dB    V 41.6586 dB] [ET   997 ] [L0 6 4 ] [L1 8 6 ]
POC    9 TId: 5 (      STSA, B-SLICE, QP 29 )      24736 bits [Y 38.1595 dB    U 40.8548 dB    V 41.1403 dB] [ET  1123 ] [L0 8 0 ] [L1 8 0 ]

	Total Frames |   Bitrate     Y-PSNR    U-PSNR    V-PSNR    YUV-PSNR   
	       10    a    1605.6480   39.5353   41.9258   42.2845   39.9822

 finished @ Fri Jul  8 12:54:09 2022
 Total Time:    12538.865 sec. [user]    12562.999 sec. [elapsed]

Level: 0
Inject Calls: 2442641560
Errors injected by bit:
	Bit 0: 2445961
	Bit 1: 2444978
	Bit 2: 2442192
	Bit 3: 2442775
	Bit 4: 2444213
	Bit 5: 2442945
	Bit 6: 2444683
	Bit 7: 2442458

Total errors injected: 19550205
