
vvencFFapp: Encoder Version 1.0.0 [Linux][GCC 9.4.0][64 bit][SIMD=AVX2]
 started @ Mon Jul 11 13:28:58 2022
CODING TOOL CFG: CTU128 QT44BTT21 IBD:1 CIP:0 SAO:1 ALF:1 (NonLinLuma:0 NonLinChr:0) CCALF:1 WPP:0 WPP-Substreams:1 TMVP:1 DQ:1 (Thr: 4) SDH:0 CST:1 BDOF:1 DMVR:1 MTSImplicit:1 SBT:0 JCbCr:1 CabacInitPresent:1 AMVR:5 SMVD:3 LMCS:1 (Signal:SDR Opt:0) CIIP:0 MIP:1 AFFINE:2 (PROF:1, Type:1) MMVD:3 DisFracMMVD:1 SbTMVP:1 GPM:3 LFNST:1 MTS:0 ISP:3 TS:2 TSLog2MaxSize:3 useChromaTS:0 BDPCM:2 IBC:2 
ENC. ALG. CFG: QPA:0 HAD:1 RDQ:1 RDQTS:1 ASR:1 MinSearchWindow:96 RestrictMESampling:0 EDO:2 MCTF:2 [L:0, T:0] 
FAST TOOL CFG: ECU:0 FEN:1 FDM:1 ESD:0 FastSearch:4 LCTUFast:1 FastMrg:2 PBIntraFast:1 AMaxBT:1 FastQtBtEnc:1 ContentBasedFastQtbt:1 FastMIP:4 FastIntraTools:1 FastLocalDualTree:1 FastSubPel:1 QtbttExtraFast:2 IBCFastMethod:3 
RATE CONTROL CFG: RateControl:0 
PARALLEL PROCESSING CFG: NumThreads:0 MaxParallelFrames:0 WppBitEqual:0 WF:0

512 256 800 544 144 144
POC    0 TId: 0 (  IDR_N_LP, I-SLICE, QP 34 )      49816 bits [Y 33.3501 dB    U 36.7628 dB    V 37.0041 dB] [ET   364 ] [L0 ] [L1 ]
POC    8 TId: 2 (      STSA, B-SLICE, QP 40 )      14376 bits [Y 29.8517 dB    U 34.9225 dB    V 34.8091 dB] [ET   713 ] [L0 0 ] [L1 0 ]
POC    4 TId: 3 (      STSA, B-SLICE, QP 43 )       5656 bits [Y 29.1011 dB    U 35.3359 dB    V 35.4337 dB] [ET   979 ] [L0 0 8 ] [L1 8 0 ]
POC    2 TId: 4 (      STSA, B-SLICE, QP 45 )       2792 bits [Y 29.1245 dB    U 35.5119 dB    V 35.6959 dB] [ET   891 ] [L0 0 4 ] [L1 4 8 ]
POC    1 TId: 5 (      STSA, B-SLICE, QP 46 )       1176 bits [Y 29.5788 dB    U 35.8497 dB    V 36.0254 dB] [ET   541 ] [L0 0 2 ] [L1 2 4 ]
POC    3 TId: 5 (      STSA, B-SLICE, QP 46 )       1136 bits [Y 28.5431 dB    U 35.1394 dB    V 35.3120 dB] [ET   711 ] [L0 2 0 ] [L1 4 8 ]
POC    6 TId: 4 (      STSA, B-SLICE, QP 45 )       2536 bits [Y 28.4450 dB    U 34.8448 dB    V 34.8536 dB] [ET   947 ] [L0 4 0 ] [L1 8 4 ]
POC    5 TId: 5 (      STSA, B-SLICE, QP 46 )        952 bits [Y 28.3820 dB    U 35.0617 dB    V 35.1786 dB] [ET   689 ] [L0 4 0 ] [L1 6 8 ]
POC    7 TId: 5 (      STSA, B-SLICE, QP 46 )       1104 bits [Y 28.6271 dB    U 34.7210 dB    V 34.8026 dB] [ET   517 ] [L0 6 4 ] [L1 8 6 ]
POC    9 TId: 5 (      STSA, B-SLICE, QP 46 )       2096 bits [Y 28.3365 dB    U 34.4309 dB    V 33.9874 dB] [ET   547 ] [L0 8 0 ] [L1 8 0 ]

	Total Frames |   Bitrate     Y-PSNR    U-PSNR    V-PSNR    YUV-PSNR   
	       10    a     244.9200   29.3340   35.2581   35.3102   30.4028

 finished @ Mon Jul 11 15:24:07 2022
 Total Time:     6885.043 sec. [user]     6908.939 sec. [elapsed]

Level: 0
Inject Calls: 1353367792
Errors injected by bit:
	Bit 0: 13529
	Bit 1: 13399
	Bit 2: 13379
	Bit 3: 13367
	Bit 4: 13660
	Bit 5: 13443
	Bit 6: 13377
	Bit 7: 13462

Total errors injected: 107616
