
vvencFFapp: Encoder Version 1.0.0 [Linux][GCC 9.4.0][64 bit][SIMD=AVX2]
 started @ Thu Jul 14 14:04:44 2022
CODING TOOL CFG: CTU128 QT44BTT21 IBD:1 CIP:0 SAO:1 ALF:1 (NonLinLuma:0 NonLinChr:0) CCALF:1 WPP:0 WPP-Substreams:1 TMVP:1 DQ:1 (Thr: 4) SDH:0 CST:1 BDOF:1 DMVR:1 MTSImplicit:1 SBT:0 JCbCr:1 CabacInitPresent:1 AMVR:5 SMVD:3 LMCS:1 (Signal:SDR Opt:0) CIIP:0 MIP:1 AFFINE:2 (PROF:1, Type:1) MMVD:3 DisFracMMVD:1 SbTMVP:1 GPM:3 LFNST:1 MTS:0 ISP:3 TS:2 TSLog2MaxSize:3 useChromaTS:0 BDPCM:2 IBC:2 
ENC. ALG. CFG: QPA:0 HAD:1 RDQ:1 RDQTS:1 ASR:1 MinSearchWindow:96 RestrictMESampling:0 EDO:2 MCTF:2 [L:0, T:0] 
FAST TOOL CFG: ECU:0 FEN:1 FDM:1 ESD:0 FastSearch:4 LCTUFast:1 FastMrg:2 PBIntraFast:1 AMaxBT:1 FastQtBtEnc:1 ContentBasedFastQtbt:1 FastMIP:4 FastIntraTools:1 FastLocalDualTree:1 FastSubPel:1 QtbttExtraFast:2 IBCFastMethod:3 
RATE CONTROL CFG: RateControl:0 
PARALLEL PROCESSING CFG: NumThreads:0 MaxParallelFrames:0 WppBitEqual:0 WF:0

512 256 800 544 144 144
POC    0 TId: 0 (  IDR_N_LP, I-SLICE, QP 34 )      49816 bits [Y 33.3501 dB    U 36.7628 dB    V 37.0041 dB] [ET   331 ] [L0 ] [L1 ]
POC    8 TId: 2 (      STSA, B-SLICE, QP 40 )      13864 bits [Y 29.8337 dB    U 35.1201 dB    V 34.9194 dB] [ET   810 ] [L0 0 ] [L1 0 ]
POC    4 TId: 3 (      STSA, B-SLICE, QP 43 )       5832 bits [Y 29.2068 dB    U 35.4225 dB    V 35.3698 dB] [ET  1268 ] [L0 0 8 ] [L1 8 0 ]
POC    2 TId: 4 (      STSA, B-SLICE, QP 45 )       2952 bits [Y 29.0572 dB    U 35.5491 dB    V 35.5792 dB] [ET  1076 ] [L0 0 4 ] [L1 4 8 ]
POC    1 TId: 5 (      STSA, B-SLICE, QP 46 )       1272 bits [Y 29.5797 dB    U 35.7690 dB    V 36.0134 dB] [ET   407 ] [L0 0 2 ] [L1 2 4 ]
POC    3 TId: 5 (      STSA, B-SLICE, QP 46 )       1232 bits [Y 28.6080 dB    U 35.3407 dB    V 35.3363 dB] [ET   801 ] [L0 2 0 ] [L1 4 8 ]
POC    6 TId: 4 (      STSA, B-SLICE, QP 45 )       2632 bits [Y 28.4476 dB    U 34.9673 dB    V 34.8298 dB] [ET  1152 ] [L0 4 0 ] [L1 8 4 ]
POC    5 TId: 5 (      STSA, B-SLICE, QP 46 )       1088 bits [Y 28.3744 dB    U 34.9052 dB    V 35.0705 dB] [ET   582 ] [L0 4 0 ] [L1 6 8 ]
POC    7 TId: 5 (      STSA, B-SLICE, QP 46 )       1024 bits [Y 28.5470 dB    U 34.8192 dB    V 34.8043 dB] [ET   354 ] [L0 6 4 ] [L1 8 6 ]
POC    9 TId: 5 (      STSA, B-SLICE, QP 46 )       1944 bits [Y 28.2027 dB    U 34.4643 dB    V 34.0634 dB] [ET   699 ] [L0 8 0 ] [L1 8 0 ]

	Total Frames |   Bitrate     Y-PSNR    U-PSNR    V-PSNR    YUV-PSNR   
	       10    a     244.9680   29.3207   35.3120   35.2990   30.3910

 finished @ Thu Jul 14 16:09:36 2022
 Total Time:     7467.456 sec. [user]     7492.394 sec. [elapsed]

Level: 0
Inject Calls: 1543233480
Errors injected by bit:
	Bit 0: 154842
	Bit 1: 154098
	Bit 2: 154933
	Bit 3: 154652
	Bit 4: 154756
	Bit 5: 154412
	Bit 6: 155120
	Bit 7: 154635

Total errors injected: 1237448
