
vvencFFapp: Encoder Version 1.0.0 [Linux][GCC 9.4.0][64 bit][SIMD=AVX2]
 started @ Wed Jul 13 08:29:06 2022
CODING TOOL CFG: CTU128 QT44BTT21 IBD:1 CIP:0 SAO:1 ALF:1 (NonLinLuma:0 NonLinChr:0) CCALF:1 WPP:0 WPP-Substreams:1 TMVP:1 DQ:1 (Thr: 4) SDH:0 CST:1 BDOF:1 DMVR:1 MTSImplicit:1 SBT:0 JCbCr:1 CabacInitPresent:1 AMVR:5 SMVD:3 LMCS:1 (Signal:SDR Opt:0) CIIP:0 MIP:1 AFFINE:2 (PROF:1, Type:1) MMVD:3 DisFracMMVD:1 SbTMVP:1 GPM:3 LFNST:1 MTS:0 ISP:3 TS:2 TSLog2MaxSize:3 useChromaTS:0 BDPCM:2 IBC:2 
ENC. ALG. CFG: QPA:0 HAD:1 RDQ:1 RDQTS:1 ASR:1 MinSearchWindow:96 RestrictMESampling:0 EDO:2 MCTF:2 [L:0, T:0] 
FAST TOOL CFG: ECU:0 FEN:1 FDM:1 ESD:0 FastSearch:4 LCTUFast:1 FastMrg:2 PBIntraFast:1 AMaxBT:1 FastQtBtEnc:1 ContentBasedFastQtbt:1 FastMIP:4 FastIntraTools:1 FastLocalDualTree:1 FastSubPel:1 QtbttExtraFast:2 IBCFastMethod:3 
RATE CONTROL CFG: RateControl:0 
PARALLEL PROCESSING CFG: NumThreads:0 MaxParallelFrames:0 WppBitEqual:0 WF:0

512 256 800 544 144 144
POC    0 TId: 0 (  IDR_N_LP, I-SLICE, QP 19 )     218376 bits [Y 43.7095 dB    U 44.9341 dB    V 45.4033 dB] [ET   456 ] [L0 ] [L1 ]
POC    8 TId: 2 (      STSA, B-SLICE, QP 23 )     110936 bits [Y 41.8105 dB    U 42.5314 dB    V 43.0298 dB] [ET   980 ] [L0 0 ] [L1 0 ]
POC    4 TId: 3 (      STSA, B-SLICE, QP 26 )      53392 bits [Y 39.9134 dB    U 41.6873 dB    V 42.2006 dB] [ET  1576 ] [L0 0 8 ] [L1 8 0 ]
POC    2 TId: 4 (      STSA, B-SLICE, QP 28 )      30600 bits [Y 38.9771 dB    U 41.8117 dB    V 42.2854 dB] [ET  1779 ] [L0 0 4 ] [L1 4 8 ]
POC    1 TId: 5 (      STSA, B-SLICE, QP 29 )      17256 bits [Y 38.8467 dB    U 42.3426 dB    V 42.8979 dB] [ET  1037 ] [L0 0 2 ] [L1 2 4 ]
POC    3 TId: 5 (      STSA, B-SLICE, QP 29 )      16552 bits [Y 38.3988 dB    U 41.2418 dB    V 41.8092 dB] [ET  1246 ] [L0 2 0 ] [L1 4 8 ]
POC    6 TId: 4 (      STSA, B-SLICE, QP 28 )      29840 bits [Y 38.8277 dB    U 41.1138 dB    V 41.7030 dB] [ET  1618 ] [L0 4 0 ] [L1 8 4 ]
POC    5 TId: 5 (      STSA, B-SLICE, QP 29 )      15960 bits [Y 38.3363 dB    U 41.0495 dB    V 41.7278 dB] [ET  1192 ] [L0 4 0 ] [L1 6 8 ]
POC    7 TId: 5 (      STSA, B-SLICE, QP 29 )      15968 bits [Y 38.3781 dB    U 41.1740 dB    V 41.7146 dB] [ET   984 ] [L0 6 4 ] [L1 8 6 ]
POC    9 TId: 5 (      STSA, B-SLICE, QP 29 )      24920 bits [Y 38.2372 dB    U 40.6809 dB    V 41.1999 dB] [ET  1187 ] [L0 8 0 ] [L1 8 0 ]

	Total Frames |   Bitrate     Y-PSNR    U-PSNR    V-PSNR    YUV-PSNR   
	       10    a    1601.4000   39.5435   41.8567   42.3971   39.9955

 finished @ Wed Jul 13 11:50:12 2022
 Total Time:    12030.224 sec. [user]    12066.007 sec. [elapsed]

Level: 0
Inject Calls: 2378808192
Errors injected by bit:
	Bit 0: 2379484
	Bit 1: 2378098
	Bit 2: 2380336
	Bit 3: 2378654
	Bit 4: 2379553
	Bit 5: 2378865
	Bit 6: 2376925
	Bit 7: 2379703

Total errors injected: 19031618
