
vvencFFapp: Encoder Version 1.0.0 [Linux][GCC 9.4.0][64 bit][SIMD=AVX2]
 started @ Wed Jul 13 19:34:21 2022
CODING TOOL CFG: CTU128 QT44BTT21 IBD:1 CIP:0 SAO:1 ALF:1 (NonLinLuma:0 NonLinChr:0) CCALF:1 WPP:0 WPP-Substreams:1 TMVP:1 DQ:1 (Thr: 4) SDH:0 CST:1 BDOF:1 DMVR:1 MTSImplicit:1 SBT:0 JCbCr:1 CabacInitPresent:1 AMVR:5 SMVD:3 LMCS:1 (Signal:SDR Opt:0) CIIP:0 MIP:1 AFFINE:2 (PROF:1, Type:1) MMVD:3 DisFracMMVD:1 SbTMVP:1 GPM:3 LFNST:1 MTS:0 ISP:3 TS:2 TSLog2MaxSize:3 useChromaTS:0 BDPCM:2 IBC:2 
ENC. ALG. CFG: QPA:0 HAD:1 RDQ:1 RDQTS:1 ASR:1 MinSearchWindow:96 RestrictMESampling:0 EDO:2 MCTF:2 [L:0, T:0] 
FAST TOOL CFG: ECU:0 FEN:1 FDM:1 ESD:0 FastSearch:4 LCTUFast:1 FastMrg:2 PBIntraFast:1 AMaxBT:1 FastQtBtEnc:1 ContentBasedFastQtbt:1 FastMIP:4 FastIntraTools:1 FastLocalDualTree:1 FastSubPel:1 QtbttExtraFast:2 IBCFastMethod:3 
RATE CONTROL CFG: RateControl:0 
PARALLEL PROCESSING CFG: NumThreads:0 MaxParallelFrames:0 WppBitEqual:0 WF:0

512 256 800 544 144 144
POC    0 TId: 0 (  IDR_N_LP, I-SLICE, QP 24 )     143272 bits [Y 40.3303 dB    U 41.9221 dB    V 42.6348 dB] [ET   567 ] [L0 ] [L1 ]
POC    8 TId: 2 (      STSA, B-SLICE, QP 29 )      59160 bits [Y 37.2321 dB    U 39.1715 dB    V 39.4863 dB] [ET  1155 ] [L0 0 ] [L1 0 ]
POC    4 TId: 3 (      STSA, B-SLICE, QP 32 )      25480 bits [Y 35.8438 dB    U 38.8824 dB    V 39.3788 dB] [ET  1617 ] [L0 0 8 ] [L1 8 0 ]
POC    2 TId: 4 (      STSA, B-SLICE, QP 34 )      13776 bits [Y 35.3706 dB    U 39.3694 dB    V 40.0036 dB] [ET  1402 ] [L0 0 4 ] [L1 4 8 ]
POC    1 TId: 5 (      STSA, B-SLICE, QP 36 )       6224 bits [Y 35.1202 dB    U 39.7972 dB    V 40.4370 dB] [ET   781 ] [L0 0 2 ] [L1 2 4 ]
POC    3 TId: 5 (      STSA, B-SLICE, QP 36 )       5840 bits [Y 34.4952 dB    U 38.7425 dB    V 39.2333 dB] [ET   972 ] [L0 2 0 ] [L1 4 8 ]
POC    6 TId: 4 (      STSA, B-SLICE, QP 34 )      13144 bits [Y 34.9476 dB    U 38.4507 dB    V 38.9225 dB] [ET  1406 ] [L0 4 0 ] [L1 8 4 ]
POC    5 TId: 5 (      STSA, B-SLICE, QP 36 )       5256 bits [Y 34.2884 dB    U 38.5059 dB    V 39.0004 dB] [ET   840 ] [L0 4 0 ] [L1 6 8 ]
POC    7 TId: 5 (      STSA, B-SLICE, QP 36 )       5168 bits [Y 34.4133 dB    U 38.4206 dB    V 38.9571 dB] [ET   554 ] [L0 6 4 ] [L1 8 6 ]
POC    9 TId: 5 (      STSA, B-SLICE, QP 36 )       9096 bits [Y 33.9868 dB    U 37.9805 dB    V 38.2425 dB] [ET   741 ] [L0 8 0 ] [L1 8 0 ]

	Total Frames |   Bitrate     Y-PSNR    U-PSNR    V-PSNR    YUV-PSNR   
	       10    a     859.2480   35.6028   39.1243   39.6296   36.2661

 finished @ Wed Jul 13 22:21:48 2022
 Total Time:    10020.828 sec. [user]    10047.263 sec. [elapsed]

Level: 0
Inject Calls: 1971184052
Errors injected by bit:
	Bit 0: 197052
	Bit 1: 196893
	Bit 2: 196878
	Bit 3: 196670
	Bit 4: 197122
	Bit 5: 196599
	Bit 6: 197437
	Bit 7: 197006

Total errors injected: 1575657
