
vvencFFapp: Encoder Version 1.0.0 [Linux][GCC 9.4.0][64 bit][SIMD=AVX2]
 started @ Wed Jul 13 08:29:06 2022
CODING TOOL CFG: CTU128 QT44BTT21 IBD:1 CIP:0 SAO:1 ALF:1 (NonLinLuma:0 NonLinChr:0) CCALF:1 WPP:0 WPP-Substreams:1 TMVP:1 DQ:1 (Thr: 4) SDH:0 CST:1 BDOF:1 DMVR:1 MTSImplicit:1 SBT:0 JCbCr:1 CabacInitPresent:1 AMVR:5 SMVD:3 LMCS:1 (Signal:SDR Opt:0) CIIP:0 MIP:1 AFFINE:2 (PROF:1, Type:1) MMVD:3 DisFracMMVD:1 SbTMVP:1 GPM:3 LFNST:1 MTS:0 ISP:3 TS:2 TSLog2MaxSize:3 useChromaTS:0 BDPCM:2 IBC:2 
ENC. ALG. CFG: QPA:0 HAD:1 RDQ:1 RDQTS:1 ASR:1 MinSearchWindow:96 RestrictMESampling:0 EDO:2 MCTF:2 [L:0, T:0] 
FAST TOOL CFG: ECU:0 FEN:1 FDM:1 ESD:0 FastSearch:4 LCTUFast:1 FastMrg:2 PBIntraFast:1 AMaxBT:1 FastQtBtEnc:1 ContentBasedFastQtbt:1 FastMIP:4 FastIntraTools:1 FastLocalDualTree:1 FastSubPel:1 QtbttExtraFast:2 IBCFastMethod:3 
RATE CONTROL CFG: RateControl:0 
PARALLEL PROCESSING CFG: NumThreads:0 MaxParallelFrames:0 WppBitEqual:0 WF:0

512 256 800 544 144 144
POC    0 TId: 0 (  IDR_N_LP, I-SLICE, QP 19 )     218376 bits [Y 43.7095 dB    U 44.9341 dB    V 45.4033 dB] [ET   455 ] [L0 ] [L1 ]
POC    8 TId: 2 (      STSA, B-SLICE, QP 23 )     111232 bits [Y 41.8472 dB    U 42.6073 dB    V 42.9550 dB] [ET   909 ] [L0 0 ] [L1 0 ]
POC    4 TId: 3 (      STSA, B-SLICE, QP 26 )      53592 bits [Y 39.9300 dB    U 41.8400 dB    V 42.1267 dB] [ET  1512 ] [L0 0 8 ] [L1 8 0 ]
POC    2 TId: 4 (      STSA, B-SLICE, QP 28 )      30440 bits [Y 38.9817 dB    U 41.8425 dB    V 42.3565 dB] [ET  1713 ] [L0 0 4 ] [L1 4 8 ]
POC    1 TId: 5 (      STSA, B-SLICE, QP 29 )      17208 bits [Y 38.8902 dB    U 42.2877 dB    V 42.8593 dB] [ET  1021 ] [L0 0 2 ] [L1 2 4 ]
POC    3 TId: 5 (      STSA, B-SLICE, QP 29 )      16760 bits [Y 38.4270 dB    U 41.4419 dB    V 41.6103 dB] [ET  1206 ] [L0 2 0 ] [L1 4 8 ]
POC    6 TId: 4 (      STSA, B-SLICE, QP 28 )      29256 bits [Y 38.7802 dB    U 41.2801 dB    V 41.5939 dB] [ET  1651 ] [L0 4 0 ] [L1 8 4 ]
POC    5 TId: 5 (      STSA, B-SLICE, QP 29 )      15704 bits [Y 38.3125 dB    U 41.1557 dB    V 41.6563 dB] [ET  1200 ] [L0 4 0 ] [L1 6 8 ]
POC    7 TId: 5 (      STSA, B-SLICE, QP 29 )      15784 bits [Y 38.3715 dB    U 41.2800 dB    V 41.6365 dB] [ET  1026 ] [L0 6 4 ] [L1 8 6 ]
POC    9 TId: 5 (      STSA, B-SLICE, QP 29 )      24848 bits [Y 38.2859 dB    U 40.7585 dB    V 41.1922 dB] [ET  1187 ] [L0 8 0 ] [L1 8 0 ]

	Total Frames |   Bitrate     Y-PSNR    U-PSNR    V-PSNR    YUV-PSNR   
	       10    a    1599.6000   39.5536   41.9428   42.3390   40.0071

 finished @ Wed Jul 13 11:47:17 2022
 Total Time:    11857.572 sec. [user]    11890.652 sec. [elapsed]

Level: 0
Inject Calls: 2365973272
Errors injected by bit:
	Bit 0: 2364551
	Bit 1: 2366878
	Bit 2: 2365727
	Bit 3: 2367006
	Bit 4: 2365933
	Bit 5: 2365373
	Bit 6: 2365444
	Bit 7: 2366610

Total errors injected: 18927522
