
vvencFFapp: Encoder Version 1.0.0 [Linux][GCC 9.4.0][64 bit][SIMD=AVX2]
 started @ Wed Jul  6 08:43:10 2022
CODING TOOL CFG: CTU128 QT44BTT21 IBD:1 CIP:0 SAO:1 ALF:1 (NonLinLuma:0 NonLinChr:0) CCALF:1 WPP:0 WPP-Substreams:1 TMVP:1 DQ:1 (Thr: 4) SDH:0 CST:1 BDOF:1 DMVR:1 MTSImplicit:1 SBT:0 JCbCr:1 CabacInitPresent:1 AMVR:5 SMVD:3 LMCS:1 (Signal:SDR Opt:0) CIIP:0 MIP:1 AFFINE:2 (PROF:1, Type:1) MMVD:3 DisFracMMVD:1 SbTMVP:1 GPM:3 LFNST:1 MTS:0 ISP:3 TS:2 TSLog2MaxSize:3 useChromaTS:0 BDPCM:2 IBC:2 
ENC. ALG. CFG: QPA:0 HAD:1 RDQ:1 RDQTS:1 ASR:1 MinSearchWindow:96 RestrictMESampling:0 EDO:2 MCTF:2 [L:0, T:0] 
FAST TOOL CFG: ECU:0 FEN:1 FDM:1 ESD:0 FastSearch:4 LCTUFast:1 FastMrg:2 PBIntraFast:1 AMaxBT:1 FastQtBtEnc:1 ContentBasedFastQtbt:1 FastMIP:4 FastIntraTools:1 FastLocalDualTree:1 FastSubPel:1 QtbttExtraFast:2 IBCFastMethod:3 
RATE CONTROL CFG: RateControl:0 
PARALLEL PROCESSING CFG: NumThreads:0 MaxParallelFrames:0 WppBitEqual:0 WF:0

POC    0 TId: 0 (  IDR_N_LP, I-SLICE, QP 19 )     244632 bits [Y 31.7031 dB    U 44.6105 dB    V 45.1544 dB] [ET  3415 ] [L0 ] [L1 ]
POC    8 TId: 2 (      STSA, B-SLICE, QP 23 )     123528 bits [Y 33.6909 dB    U 35.9179 dB    V 38.1354 dB] [ET  1167 ] [L0 0 ] [L1 0 ]
POC    4 TId: 3 (      STSA, B-SLICE, QP 26 )      56280 bits [Y 34.8873 dB    U 39.9772 dB    V 40.2987 dB] [ET   929 ] [L0 0 8 ] [L1 8 0 ]
POC    2 TId: 4 (      STSA, B-SLICE, QP 28 )      29320 bits [Y 34.9588 dB    U 40.5987 dB    V 40.8397 dB] [ET   738 ] [L0 0 4 ] [L1 4 8 ]
POC    1 TId: 5 (      STSA, B-SLICE, QP 29 )      15496 bits [Y 33.8703 dB    U 38.0402 dB    V 39.5751 dB] [ET   545 ] [L0 0 2 ] [L1 2 4 ]
POC    3 TId: 5 (      STSA, B-SLICE, QP 29 )      12936 bits [Y 33.3925 dB    U 39.2553 dB    V 39.6260 dB] [ET   496 ] [L0 2 0 ] [L1 4 8 ]
POC    6 TId: 4 (      STSA, B-SLICE, QP 28 )      29368 bits [Y 34.5030 dB    U 38.8836 dB    V 39.5516 dB] [ET   700 ] [L0 4 0 ] [L1 8 4 ]
POC    5 TId: 5 (      STSA, B-SLICE, QP 29 )      13696 bits [Y 34.1950 dB    U 38.8160 dB    V 39.6002 dB] [ET   553 ] [L0 4 0 ] [L1 6 8 ]
POC    7 TId: 5 (      STSA, B-SLICE, QP 29 )      16344 bits [Y 34.4234 dB    U 39.4427 dB    V 39.8959 dB] [ET   558 ] [L0 6 4 ] [L1 8 6 ]
POC    9 TId: 5 (      STSA, B-SLICE, QP 29 )      26152 bits [Y 34.1017 dB    U 38.9657 dB    V 39.2965 dB] [ET   647 ] [L0 8 0 ] [L1 8 0 ]

	Total Frames |   Bitrate     Y-PSNR    U-PSNR    V-PSNR    YUV-PSNR   
	       10    a    1703.2560   33.9726   39.4508   40.1973   35.0688

 finished @ Wed Jul  6 11:25:47 2022
 Total Time:     9685.502 sec. [user]     9757.509 sec. [elapsed]

Level: 0
Inject Calls: 1918139624
Errors injected by bit:
	Bit 0: 1916743
	Bit 1: 1919475
	Bit 2: 1917014
	Bit 3: 1917735
	Bit 4: 1918188
	Bit 5: 1918292
	Bit 6: 1921391
	Bit 7: 1916463

Total errors injected: 15345301
