
vvencFFapp: Encoder Version 1.0.0 [Linux][GCC 9.4.0][64 bit][SIMD=AVX2]
 started @ Wed Jul  6 09:13:11 2022
CODING TOOL CFG: CTU128 QT44BTT21 IBD:1 CIP:0 SAO:1 ALF:1 (NonLinLuma:0 NonLinChr:0) CCALF:1 WPP:0 WPP-Substreams:1 TMVP:1 DQ:1 (Thr: 4) SDH:0 CST:1 BDOF:1 DMVR:1 MTSImplicit:1 SBT:0 JCbCr:1 CabacInitPresent:1 AMVR:5 SMVD:3 LMCS:1 (Signal:SDR Opt:0) CIIP:0 MIP:1 AFFINE:2 (PROF:1, Type:1) MMVD:3 DisFracMMVD:1 SbTMVP:1 GPM:3 LFNST:1 MTS:0 ISP:3 TS:2 TSLog2MaxSize:3 useChromaTS:0 BDPCM:2 IBC:2 
ENC. ALG. CFG: QPA:0 HAD:1 RDQ:1 RDQTS:1 ASR:1 MinSearchWindow:96 RestrictMESampling:0 EDO:2 MCTF:2 [L:0, T:0] 
FAST TOOL CFG: ECU:0 FEN:1 FDM:1 ESD:0 FastSearch:4 LCTUFast:1 FastMrg:2 PBIntraFast:1 AMaxBT:1 FastQtBtEnc:1 ContentBasedFastQtbt:1 FastMIP:4 FastIntraTools:1 FastLocalDualTree:1 FastSubPel:1 QtbttExtraFast:2 IBCFastMethod:3 
RATE CONTROL CFG: RateControl:0 
PARALLEL PROCESSING CFG: NumThreads:0 MaxParallelFrames:0 WppBitEqual:0 WF:0

POC    0 TId: 0 (  IDR_N_LP, I-SLICE, QP 19 )     221752 bits [Y 36.4149 dB    U 44.8379 dB    V 45.4121 dB] [ET  4060 ] [L0 ] [L1 ]
POC    8 TId: 2 (      STSA, B-SLICE, QP 23 )     116288 bits [Y 41.7447 dB    U 42.4675 dB    V 42.9787 dB] [ET  1661 ] [L0 0 ] [L1 0 ]
POC    4 TId: 3 (      STSA, B-SLICE, QP 26 )      56592 bits [Y 39.6622 dB    U 41.7558 dB    V 42.1075 dB] [ET  1010 ] [L0 0 8 ] [L1 8 0 ]
POC    2 TId: 4 (      STSA, B-SLICE, QP 28 )      31288 bits [Y 37.8380 dB    U 41.6545 dB    V 42.0977 dB] [ET   640 ] [L0 0 4 ] [L1 4 8 ]
POC    1 TId: 5 (      STSA, B-SLICE, QP 29 )      16944 bits [Y 36.6425 dB    U 42.0312 dB    V 42.4821 dB] [ET   406 ] [L0 0 2 ] [L1 2 4 ]
POC    3 TId: 5 (      STSA, B-SLICE, QP 29 )      16584 bits [Y 37.3075 dB    U 41.1163 dB    V 41.4770 dB] [ET   373 ] [L0 2 0 ] [L1 4 8 ]
POC    6 TId: 4 (      STSA, B-SLICE, QP 28 )      30416 bits [Y 38.5875 dB    U 41.0188 dB    V 41.4964 dB] [ET   619 ] [L0 4 0 ] [L1 8 4 ]
POC    5 TId: 5 (      STSA, B-SLICE, QP 29 )      14120 bits [Y 36.1052 dB    U 40.8167 dB    V 41.4581 dB] [ET   378 ] [L0 4 0 ] [L1 6 8 ]
POC    7 TId: 5 (      STSA, B-SLICE, QP 29 )      15328 bits [Y 37.3456 dB    U 41.0807 dB    V 41.5382 dB] [ET   394 ] [L0 6 4 ] [L1 8 6 ]
POC    9 TId: 5 (      STSA, B-SLICE, QP 29 )      24848 bits [Y 37.4699 dB    U 40.7089 dB    V 41.1414 dB] [ET   558 ] [L0 8 0 ] [L1 8 0 ]

	Total Frames |   Bitrate     Y-PSNR    U-PSNR    V-PSNR    YUV-PSNR   
	       10    a    1632.4800   37.9118   41.7488   42.2189   38.6551

 finished @ Wed Jul  6 12:01:41 2022
 Total Time:    10032.833 sec. [user]    10109.714 sec. [elapsed]

Level: 0
Inject Calls: 1840746648
Errors injected by bit:
	Bit 0: 184414
	Bit 1: 183979
	Bit 2: 185164
	Bit 3: 184403
	Bit 4: 183982
	Bit 5: 184585
	Bit 6: 184094
	Bit 7: 184601

Total errors injected: 1475222
