
vvencFFapp: Encoder Version 1.0.0 [Linux][GCC 9.4.0][64 bit][SIMD=AVX2]
 started @ Wed Jul  6 11:28:14 2022
CODING TOOL CFG: CTU128 QT44BTT21 IBD:1 CIP:0 SAO:1 ALF:1 (NonLinLuma:0 NonLinChr:0) CCALF:1 WPP:0 WPP-Substreams:1 TMVP:1 DQ:1 (Thr: 4) SDH:0 CST:1 BDOF:1 DMVR:1 MTSImplicit:1 SBT:0 JCbCr:1 CabacInitPresent:1 AMVR:5 SMVD:3 LMCS:1 (Signal:SDR Opt:0) CIIP:0 MIP:1 AFFINE:2 (PROF:1, Type:1) MMVD:3 DisFracMMVD:1 SbTMVP:1 GPM:3 LFNST:1 MTS:0 ISP:3 TS:2 TSLog2MaxSize:3 useChromaTS:0 BDPCM:2 IBC:2 
ENC. ALG. CFG: QPA:0 HAD:1 RDQ:1 RDQTS:1 ASR:1 MinSearchWindow:96 RestrictMESampling:0 EDO:2 MCTF:2 [L:0, T:0] 
FAST TOOL CFG: ECU:0 FEN:1 FDM:1 ESD:0 FastSearch:4 LCTUFast:1 FastMrg:2 PBIntraFast:1 AMaxBT:1 FastQtBtEnc:1 ContentBasedFastQtbt:1 FastMIP:4 FastIntraTools:1 FastLocalDualTree:1 FastSubPel:1 QtbttExtraFast:2 IBCFastMethod:3 
RATE CONTROL CFG: RateControl:0 
PARALLEL PROCESSING CFG: NumThreads:0 MaxParallelFrames:0 WppBitEqual:0 WF:0

POC    0 TId: 0 (  IDR_N_LP, I-SLICE, QP 19 )     223248 bits [Y 36.3628 dB    U 44.8672 dB    V 45.3851 dB] [ET  4048 ] [L0 ] [L1 ]
POC    8 TId: 2 (      STSA, B-SLICE, QP 23 )     115152 bits [Y 41.7495 dB    U 42.3362 dB    V 42.8561 dB] [ET  1665 ] [L0 0 ] [L1 0 ]
POC    4 TId: 3 (      STSA, B-SLICE, QP 26 )      56656 bits [Y 39.6731 dB    U 41.6514 dB    V 42.0578 dB] [ET  1007 ] [L0 0 8 ] [L1 8 0 ]
POC    2 TId: 4 (      STSA, B-SLICE, QP 28 )      31712 bits [Y 37.5107 dB    U 41.8162 dB    V 42.0509 dB] [ET   643 ] [L0 0 4 ] [L1 4 8 ]
POC    1 TId: 5 (      STSA, B-SLICE, QP 29 )      15952 bits [Y 36.1371 dB    U 41.9924 dB    V 42.7022 dB] [ET   390 ] [L0 0 2 ] [L1 2 4 ]
POC    3 TId: 5 (      STSA, B-SLICE, QP 29 )      16088 bits [Y 37.4699 dB    U 41.1577 dB    V 41.5633 dB] [ET   384 ] [L0 2 0 ] [L1 4 8 ]
POC    6 TId: 4 (      STSA, B-SLICE, QP 28 )      30240 bits [Y 38.1863 dB    U 41.0241 dB    V 41.3344 dB] [ET   628 ] [L0 4 0 ] [L1 8 4 ]
POC    5 TId: 5 (      STSA, B-SLICE, QP 29 )      13424 bits [Y 36.3182 dB    U 40.6330 dB    V 41.2132 dB] [ET   367 ] [L0 4 0 ] [L1 6 8 ]
POC    7 TId: 5 (      STSA, B-SLICE, QP 29 )      15592 bits [Y 37.6442 dB    U 40.9640 dB    V 41.3840 dB] [ET   397 ] [L0 6 4 ] [L1 8 6 ]
POC    9 TId: 5 (      STSA, B-SLICE, QP 29 )      24944 bits [Y 37.7844 dB    U 40.6282 dB    V 40.9884 dB] [ET   554 ] [L0 8 0 ] [L1 8 0 ]

	Total Frames |   Bitrate     Y-PSNR    U-PSNR    V-PSNR    YUV-PSNR   
	       10    a    1629.0240   37.8836   41.7070   42.1536   38.6196

 finished @ Wed Jul  6 14:16:29 2022
 Total Time:    10009.078 sec. [user]    10095.136 sec. [elapsed]

Level: 0
Inject Calls: 1842946664
Errors injected by bit:
	Bit 0: 184615
	Bit 1: 184572
	Bit 2: 183732
	Bit 3: 184824
	Bit 4: 184306
	Bit 5: 183634
	Bit 6: 184608
	Bit 7: 184679

Total errors injected: 1474970
