
vvencFFapp: Encoder Version 1.0.0 [Linux][GCC 9.4.0][64 bit][SIMD=AVX2]
 started @ Wed Jul  6 18:58:23 2022
CODING TOOL CFG: CTU128 QT44BTT21 IBD:1 CIP:0 SAO:1 ALF:1 (NonLinLuma:0 NonLinChr:0) CCALF:1 WPP:0 WPP-Substreams:1 TMVP:1 DQ:1 (Thr: 4) SDH:0 CST:1 BDOF:1 DMVR:1 MTSImplicit:1 SBT:0 JCbCr:1 CabacInitPresent:1 AMVR:5 SMVD:3 LMCS:1 (Signal:SDR Opt:0) CIIP:0 MIP:1 AFFINE:2 (PROF:1, Type:1) MMVD:3 DisFracMMVD:1 SbTMVP:1 GPM:3 LFNST:1 MTS:0 ISP:3 TS:2 TSLog2MaxSize:3 useChromaTS:0 BDPCM:2 IBC:2 
ENC. ALG. CFG: QPA:0 HAD:1 RDQ:1 RDQTS:1 ASR:1 MinSearchWindow:96 RestrictMESampling:0 EDO:2 MCTF:2 [L:0, T:0] 
FAST TOOL CFG: ECU:0 FEN:1 FDM:1 ESD:0 FastSearch:4 LCTUFast:1 FastMrg:2 PBIntraFast:1 AMaxBT:1 FastQtBtEnc:1 ContentBasedFastQtbt:1 FastMIP:4 FastIntraTools:1 FastLocalDualTree:1 FastSubPel:1 QtbttExtraFast:2 IBCFastMethod:3 
RATE CONTROL CFG: RateControl:0 
PARALLEL PROCESSING CFG: NumThreads:0 MaxParallelFrames:0 WppBitEqual:0 WF:0

POC    0 TId: 0 (  IDR_N_LP, I-SLICE, QP 24 )     145304 bits [Y 35.6288 dB    U 41.6691 dB    V 42.4667 dB] [ET  3844 ] [L0 ] [L1 ]
POC    8 TId: 2 (      STSA, B-SLICE, QP 29 )      61384 bits [Y 37.2026 dB    U 39.0774 dB    V 39.2544 dB] [ET  1365 ] [L0 0 ] [L1 0 ]
POC    4 TId: 3 (      STSA, B-SLICE, QP 32 )      26552 bits [Y 35.5165 dB    U 38.7008 dB    V 39.0026 dB] [ET   753 ] [L0 0 8 ] [L1 8 0 ]
POC    2 TId: 4 (      STSA, B-SLICE, QP 34 )      13424 bits [Y 34.3062 dB    U 39.0683 dB    V 39.5618 dB] [ET   490 ] [L0 0 4 ] [L1 4 8 ]
POC    1 TId: 5 (      STSA, B-SLICE, QP 36 )       6040 bits [Y 33.9040 dB    U 39.4837 dB    V 40.0695 dB] [ET   286 ] [L0 0 2 ] [L1 2 4 ]
POC    3 TId: 5 (      STSA, B-SLICE, QP 36 )       5384 bits [Y 33.5640 dB    U 38.3838 dB    V 38.8295 dB] [ET   257 ] [L0 2 0 ] [L1 4 8 ]
POC    6 TId: 4 (      STSA, B-SLICE, QP 34 )      13640 bits [Y 34.6475 dB    U 38.3078 dB    V 38.7987 dB] [ET   472 ] [L0 4 0 ] [L1 8 4 ]
POC    5 TId: 5 (      STSA, B-SLICE, QP 36 )       5032 bits [Y 33.6649 dB    U 38.3415 dB    V 38.7123 dB] [ET   194 ] [L0 4 0 ] [L1 6 8 ]
POC    7 TId: 5 (      STSA, B-SLICE, QP 36 )       4768 bits [Y 33.8094 dB    U 38.1829 dB    V 38.6273 dB] [ET   175 ] [L0 6 4 ] [L1 8 6 ]
POC    9 TId: 5 (      STSA, B-SLICE, QP 36 )       8872 bits [Y 33.7058 dB    U 38.0362 dB    V 37.8601 dB] [ET   390 ] [L0 8 0 ] [L1 8 0 ]

	Total Frames |   Bitrate     Y-PSNR    U-PSNR    V-PSNR    YUV-PSNR   
	       10    a     871.2000   34.5950   38.9251   39.3183   35.5202

 finished @ Wed Jul  6 21:15:41 2022
 Total Time:     8172.143 sec. [user]     8237.634 sec. [elapsed]

Level: 0
Inject Calls: 1548891920
Errors injected by bit:
	Bit 0: 154607
	Bit 1: 154867
	Bit 2: 154545
	Bit 3: 154752
	Bit 4: 155230
	Bit 5: 154631
	Bit 6: 154552
	Bit 7: 154323

Total errors injected: 1237507
