
vvencFFapp: Encoder Version 1.0.0 [Linux][GCC 9.4.0][64 bit][SIMD=AVX2]
 started @ Wed Jul  6 15:23:19 2022
CODING TOOL CFG: CTU128 QT44BTT21 IBD:1 CIP:0 SAO:1 ALF:1 (NonLinLuma:0 NonLinChr:0) CCALF:1 WPP:0 WPP-Substreams:1 TMVP:1 DQ:1 (Thr: 4) SDH:0 CST:1 BDOF:1 DMVR:1 MTSImplicit:1 SBT:0 JCbCr:1 CabacInitPresent:1 AMVR:5 SMVD:3 LMCS:1 (Signal:SDR Opt:0) CIIP:0 MIP:1 AFFINE:2 (PROF:1, Type:1) MMVD:3 DisFracMMVD:1 SbTMVP:1 GPM:3 LFNST:1 MTS:0 ISP:3 TS:2 TSLog2MaxSize:3 useChromaTS:0 BDPCM:2 IBC:2 
ENC. ALG. CFG: QPA:0 HAD:1 RDQ:1 RDQTS:1 ASR:1 MinSearchWindow:96 RestrictMESampling:0 EDO:2 MCTF:2 [L:0, T:0] 
FAST TOOL CFG: ECU:0 FEN:1 FDM:1 ESD:0 FastSearch:4 LCTUFast:1 FastMrg:2 PBIntraFast:1 AMaxBT:1 FastQtBtEnc:1 ContentBasedFastQtbt:1 FastMIP:4 FastIntraTools:1 FastLocalDualTree:1 FastSubPel:1 QtbttExtraFast:2 IBCFastMethod:3 
RATE CONTROL CFG: RateControl:0 
PARALLEL PROCESSING CFG: NumThreads:0 MaxParallelFrames:0 WppBitEqual:0 WF:0

POC    0 TId: 0 (  IDR_N_LP, I-SLICE, QP 19 )     218584 bits [Y 43.7192 dB    U 44.9459 dB    V 45.4187 dB] [ET  4498 ] [L0 ] [L1 ]
POC    8 TId: 2 (      STSA, B-SLICE, QP 23 )     111520 bits [Y 41.8389 dB    U 42.5183 dB    V 43.0140 dB] [ET  2212 ] [L0 0 ] [L1 0 ]
POC    4 TId: 3 (      STSA, B-SLICE, QP 26 )      53256 bits [Y 39.9447 dB    U 41.6413 dB    V 42.0336 dB] [ET  1359 ] [L0 0 8 ] [L1 8 0 ]
POC    2 TId: 4 (      STSA, B-SLICE, QP 28 )      30056 bits [Y 38.9437 dB    U 41.7981 dB    V 42.3567 dB] [ET   943 ] [L0 0 4 ] [L1 4 8 ]
POC    1 TId: 5 (      STSA, B-SLICE, QP 29 )      17160 bits [Y 38.7980 dB    U 42.1331 dB    V 42.8209 dB] [ET   551 ] [L0 0 2 ] [L1 2 4 ]
POC    3 TId: 5 (      STSA, B-SLICE, QP 29 )      16368 bits [Y 38.4009 dB    U 41.2953 dB    V 41.6590 dB] [ET   470 ] [L0 2 0 ] [L1 4 8 ]
POC    6 TId: 4 (      STSA, B-SLICE, QP 28 )      29528 bits [Y 38.8410 dB    U 41.1300 dB    V 41.5975 dB] [ET   817 ] [L0 4 0 ] [L1 8 4 ]
POC    5 TId: 5 (      STSA, B-SLICE, QP 29 )      15744 bits [Y 38.3648 dB    U 40.9654 dB    V 41.4161 dB] [ET   433 ] [L0 4 0 ] [L1 6 8 ]
POC    7 TId: 5 (      STSA, B-SLICE, QP 29 )      15920 bits [Y 38.4252 dB    U 41.1295 dB    V 41.7052 dB] [ET   447 ] [L0 6 4 ] [L1 8 6 ]
POC    9 TId: 5 (      STSA, B-SLICE, QP 29 )      25024 bits [Y 38.2402 dB    U 40.8010 dB    V 41.1552 dB] [ET   643 ] [L0 8 0 ] [L1 8 0 ]

	Total Frames |   Bitrate     Y-PSNR    U-PSNR    V-PSNR    YUV-PSNR   
	       10    a    1599.4800   39.5517   41.8358   42.3177   39.9902

 finished @ Wed Jul  6 18:49:46 2022
 Total Time:    12290.111 sec. [user]    12386.833 sec. [elapsed]

Level: 0
Inject Calls: 2312886256
Errors injected by bit:
	Bit 0: 222
	Bit 1: 215
	Bit 2: 232
	Bit 3: 252
	Bit 4: 249
	Bit 5: 251
	Bit 6: 221
	Bit 7: 219

Total errors injected: 1861
