
vvencFFapp: Encoder Version 1.0.0 [Linux][GCC 9.4.0][64 bit][SIMD=AVX2]
 started @ Thu Jul  7 00:23:30 2022
CODING TOOL CFG: CTU128 QT44BTT21 IBD:1 CIP:0 SAO:1 ALF:1 (NonLinLuma:0 NonLinChr:0) CCALF:1 WPP:0 WPP-Substreams:1 TMVP:1 DQ:1 (Thr: 4) SDH:0 CST:1 BDOF:1 DMVR:1 MTSImplicit:1 SBT:0 JCbCr:1 CabacInitPresent:1 AMVR:5 SMVD:3 LMCS:1 (Signal:SDR Opt:0) CIIP:0 MIP:1 AFFINE:2 (PROF:1, Type:1) MMVD:3 DisFracMMVD:1 SbTMVP:1 GPM:3 LFNST:1 MTS:0 ISP:3 TS:2 TSLog2MaxSize:3 useChromaTS:0 BDPCM:2 IBC:2 
ENC. ALG. CFG: QPA:0 HAD:1 RDQ:1 RDQTS:1 ASR:1 MinSearchWindow:96 RestrictMESampling:0 EDO:2 MCTF:2 [L:0, T:0] 
FAST TOOL CFG: ECU:0 FEN:1 FDM:1 ESD:0 FastSearch:4 LCTUFast:1 FastMrg:2 PBIntraFast:1 AMaxBT:1 FastQtBtEnc:1 ContentBasedFastQtbt:1 FastMIP:4 FastIntraTools:1 FastLocalDualTree:1 FastSubPel:1 QtbttExtraFast:2 IBCFastMethod:3 
RATE CONTROL CFG: RateControl:0 
PARALLEL PROCESSING CFG: NumThreads:0 MaxParallelFrames:0 WppBitEqual:0 WF:0

POC    0 TId: 0 (  IDR_N_LP, I-SLICE, QP 24 )     143152 bits [Y 40.3351 dB    U 41.9012 dB    V 42.6446 dB] [ET  4149 ] [L0 ] [L1 ]
POC    8 TId: 2 (      STSA, B-SLICE, QP 29 )      59144 bits [Y 37.2951 dB    U 39.2274 dB    V 39.5814 dB] [ET  1813 ] [L0 0 ] [L1 0 ]
POC    4 TId: 3 (      STSA, B-SLICE, QP 32 )      25352 bits [Y 35.8856 dB    U 38.9261 dB    V 39.4891 dB] [ET   944 ] [L0 0 8 ] [L1 8 0 ]
POC    2 TId: 4 (      STSA, B-SLICE, QP 34 )      13632 bits [Y 35.2678 dB    U 39.3271 dB    V 39.8769 dB] [ET   658 ] [L0 0 4 ] [L1 4 8 ]
POC    1 TId: 5 (      STSA, B-SLICE, QP 36 )       6168 bits [Y 35.1775 dB    U 39.6705 dB    V 40.4707 dB] [ET   300 ] [L0 0 2 ] [L1 2 4 ]
POC    3 TId: 5 (      STSA, B-SLICE, QP 36 )       5768 bits [Y 34.4544 dB    U 38.7553 dB    V 39.4421 dB] [ET   259 ] [L0 2 0 ] [L1 4 8 ]
POC    6 TId: 4 (      STSA, B-SLICE, QP 34 )      13448 bits [Y 35.0043 dB    U 38.5879 dB    V 38.8950 dB] [ET   587 ] [L0 4 0 ] [L1 8 4 ]
POC    5 TId: 5 (      STSA, B-SLICE, QP 36 )       5616 bits [Y 34.4333 dB    U 38.5969 dB    V 38.9368 dB] [ET   192 ] [L0 4 0 ] [L1 6 8 ]
POC    7 TId: 5 (      STSA, B-SLICE, QP 36 )       5360 bits [Y 34.4136 dB    U 38.5197 dB    V 38.9758 dB] [ET   223 ] [L0 6 4 ] [L1 8 6 ]
POC    9 TId: 5 (      STSA, B-SLICE, QP 36 )       9160 bits [Y 34.0359 dB    U 38.0188 dB    V 38.0704 dB] [ET   333 ] [L0 8 0 ] [L1 8 0 ]

	Total Frames |   Bitrate     Y-PSNR    U-PSNR    V-PSNR    YUV-PSNR   
	       10    a     860.4000   35.6303   39.1531   39.6383   36.2940

 finished @ Thu Jul  7 03:01:20 2022
 Total Time:     9400.767 sec. [user]     9470.343 sec. [elapsed]

Level: 0
Inject Calls: 1814930192
Errors injected by bit:
	Bit 0: 180
	Bit 1: 174
	Bit 2: 188
	Bit 3: 168
	Bit 4: 190
	Bit 5: 183
	Bit 6: 172
	Bit 7: 175

Total errors injected: 1430
