
vvencFFapp: Encoder Version 1.0.0 [Linux][GCC 9.4.0][64 bit][SIMD=AVX2]
 started @ Wed Jul  6 23:28:29 2022
CODING TOOL CFG: CTU128 QT44BTT21 IBD:1 CIP:0 SAO:1 ALF:1 (NonLinLuma:0 NonLinChr:0) CCALF:1 WPP:0 WPP-Substreams:1 TMVP:1 DQ:1 (Thr: 4) SDH:0 CST:1 BDOF:1 DMVR:1 MTSImplicit:1 SBT:0 JCbCr:1 CabacInitPresent:1 AMVR:5 SMVD:3 LMCS:1 (Signal:SDR Opt:0) CIIP:0 MIP:1 AFFINE:2 (PROF:1, Type:1) MMVD:3 DisFracMMVD:1 SbTMVP:1 GPM:3 LFNST:1 MTS:0 ISP:3 TS:2 TSLog2MaxSize:3 useChromaTS:0 BDPCM:2 IBC:2 
ENC. ALG. CFG: QPA:0 HAD:1 RDQ:1 RDQTS:1 ASR:1 MinSearchWindow:96 RestrictMESampling:0 EDO:2 MCTF:2 [L:0, T:0] 
FAST TOOL CFG: ECU:0 FEN:1 FDM:1 ESD:0 FastSearch:4 LCTUFast:1 FastMrg:2 PBIntraFast:1 AMaxBT:1 FastQtBtEnc:1 ContentBasedFastQtbt:1 FastMIP:4 FastIntraTools:1 FastLocalDualTree:1 FastSubPel:1 QtbttExtraFast:2 IBCFastMethod:3 
RATE CONTROL CFG: RateControl:0 
PARALLEL PROCESSING CFG: NumThreads:0 MaxParallelFrames:0 WppBitEqual:0 WF:0

POC    0 TId: 0 (  IDR_N_LP, I-SLICE, QP 24 )     142640 bits [Y 40.3289 dB    U 41.7507 dB    V 42.6226 dB] [ET  4168 ] [L0 ] [L1 ]
POC    8 TId: 2 (      STSA, B-SLICE, QP 29 )      58784 bits [Y 37.2797 dB    U 39.1433 dB    V 39.5281 dB] [ET  1808 ] [L0 0 ] [L1 0 ]
POC    4 TId: 3 (      STSA, B-SLICE, QP 32 )      25376 bits [Y 35.9182 dB    U 38.8911 dB    V 39.5180 dB] [ET  1012 ] [L0 0 8 ] [L1 8 0 ]
POC    2 TId: 4 (      STSA, B-SLICE, QP 34 )      13296 bits [Y 35.2233 dB    U 39.1919 dB    V 39.8327 dB] [ET   618 ] [L0 0 4 ] [L1 4 8 ]
POC    1 TId: 5 (      STSA, B-SLICE, QP 36 )       6256 bits [Y 35.0880 dB    U 39.5852 dB    V 40.5101 dB] [ET   312 ] [L0 0 2 ] [L1 2 4 ]
POC    3 TId: 5 (      STSA, B-SLICE, QP 36 )       6120 bits [Y 34.4888 dB    U 38.7571 dB    V 39.2919 dB] [ET   260 ] [L0 2 0 ] [L1 4 8 ]
POC    6 TId: 4 (      STSA, B-SLICE, QP 34 )      13576 bits [Y 34.9964 dB    U 38.4475 dB    V 38.9562 dB] [ET   579 ] [L0 4 0 ] [L1 8 4 ]
POC    5 TId: 5 (      STSA, B-SLICE, QP 36 )       5496 bits [Y 34.4544 dB    U 38.4390 dB    V 39.0774 dB] [ET   253 ] [L0 4 0 ] [L1 6 8 ]
POC    7 TId: 5 (      STSA, B-SLICE, QP 36 )       5264 bits [Y 34.4212 dB    U 38.6209 dB    V 39.0118 dB] [ET   253 ] [L0 6 4 ] [L1 8 6 ]
POC    9 TId: 5 (      STSA, B-SLICE, QP 36 )       9000 bits [Y 34.0443 dB    U 38.0695 dB    V 38.0659 dB] [ET   415 ] [L0 8 0 ] [L1 8 0 ]

	Total Frames |   Bitrate     Y-PSNR    U-PSNR    V-PSNR    YUV-PSNR   
	       10    a     857.4240   35.6243   39.0896   39.6415   36.2861

 finished @ Thu Jul  7 02:09:58 2022
 Total Time:     9618.422 sec. [user]     9689.583 sec. [elapsed]

Level: 0
Inject Calls: 1793504312
Errors injected by bit:
	Bit 0: 1752
	Bit 1: 1838
	Bit 2: 1835
	Bit 3: 1827
	Bit 4: 1876
	Bit 5: 1713
	Bit 6: 1770
	Bit 7: 1787

Total errors injected: 14398
