
vvencFFapp: Encoder Version 1.0.0 [Linux][GCC 9.4.0][64 bit][SIMD=AVX2]
 started @ Wed Jul  6 12:03:15 2022
CODING TOOL CFG: CTU128 QT44BTT21 IBD:1 CIP:0 SAO:1 ALF:1 (NonLinLuma:0 NonLinChr:0) CCALF:1 WPP:0 WPP-Substreams:1 TMVP:1 DQ:1 (Thr: 4) SDH:0 CST:1 BDOF:1 DMVR:1 MTSImplicit:1 SBT:0 JCbCr:1 CabacInitPresent:1 AMVR:5 SMVD:3 LMCS:1 (Signal:SDR Opt:0) CIIP:0 MIP:1 AFFINE:2 (PROF:1, Type:1) MMVD:3 DisFracMMVD:1 SbTMVP:1 GPM:3 LFNST:1 MTS:0 ISP:3 TS:2 TSLog2MaxSize:3 useChromaTS:0 BDPCM:2 IBC:2 
ENC. ALG. CFG: QPA:0 HAD:1 RDQ:1 RDQTS:1 ASR:1 MinSearchWindow:96 RestrictMESampling:0 EDO:2 MCTF:2 [L:0, T:0] 
FAST TOOL CFG: ECU:0 FEN:1 FDM:1 ESD:0 FastSearch:4 LCTUFast:1 FastMrg:2 PBIntraFast:1 AMaxBT:1 FastQtBtEnc:1 ContentBasedFastQtbt:1 FastMIP:4 FastIntraTools:1 FastLocalDualTree:1 FastSubPel:1 QtbttExtraFast:2 IBCFastMethod:3 
RATE CONTROL CFG: RateControl:0 
PARALLEL PROCESSING CFG: NumThreads:0 MaxParallelFrames:0 WppBitEqual:0 WF:0

POC    0 TId: 0 (  IDR_N_LP, I-SLICE, QP 19 )     218888 bits [Y 41.3534 dB    U 44.8658 dB    V 45.4487 dB] [ET  4404 ] [L0 ] [L1 ]
POC    8 TId: 2 (      STSA, B-SLICE, QP 23 )     111592 bits [Y 41.8153 dB    U 42.5460 dB    V 42.9960 dB] [ET  2143 ] [L0 0 ] [L1 0 ]
POC    4 TId: 3 (      STSA, B-SLICE, QP 26 )      54280 bits [Y 39.8749 dB    U 41.8622 dB    V 42.2025 dB] [ET  1316 ] [L0 0 8 ] [L1 8 0 ]
POC    2 TId: 4 (      STSA, B-SLICE, QP 28 )      30344 bits [Y 38.8795 dB    U 41.8761 dB    V 42.2339 dB] [ET   858 ] [L0 0 4 ] [L1 4 8 ]
POC    1 TId: 5 (      STSA, B-SLICE, QP 29 )      17712 bits [Y 38.6862 dB    U 42.2278 dB    V 42.8478 dB] [ET   489 ] [L0 0 2 ] [L1 2 4 ]
POC    3 TId: 5 (      STSA, B-SLICE, QP 29 )      16440 bits [Y 38.3295 dB    U 41.3256 dB    V 41.7255 dB] [ET   423 ] [L0 2 0 ] [L1 4 8 ]
POC    6 TId: 4 (      STSA, B-SLICE, QP 28 )      29336 bits [Y 38.7730 dB    U 41.1812 dB    V 41.6111 dB] [ET   844 ] [L0 4 0 ] [L1 8 4 ]
POC    5 TId: 5 (      STSA, B-SLICE, QP 29 )      16240 bits [Y 38.3002 dB    U 41.0696 dB    V 41.7180 dB] [ET   415 ] [L0 4 0 ] [L1 6 8 ]
POC    7 TId: 5 (      STSA, B-SLICE, QP 29 )      15936 bits [Y 38.3063 dB    U 41.3368 dB    V 41.6946 dB] [ET   427 ] [L0 6 4 ] [L1 8 6 ]
POC    9 TId: 5 (      STSA, B-SLICE, QP 29 )      24896 bits [Y 38.2059 dB    U 40.8294 dB    V 41.2264 dB] [ET   650 ] [L0 8 0 ] [L1 8 0 ]

	Total Frames |   Bitrate     Y-PSNR    U-PSNR    V-PSNR    YUV-PSNR   
	       10    a    1606.9920   39.2524   41.9120   42.3704   39.8633

 finished @ Wed Jul  6 15:22:54 2022
 Total Time:    11890.339 sec. [user]    11979.254 sec. [elapsed]

Level: 0
Inject Calls: 2221981648
Errors injected by bit:
	Bit 0: 22475
	Bit 1: 22124
	Bit 2: 22256
	Bit 3: 22014
	Bit 4: 22003
	Bit 5: 22271
	Bit 6: 22272
	Bit 7: 22526

Total errors injected: 177941
