
vvencFFapp: Encoder Version 1.0.0 [Linux][GCC 9.4.0][64 bit][SIMD=AVX2]
 started @ Wed Jul  6 11:58:15 2022
CODING TOOL CFG: CTU128 QT44BTT21 IBD:1 CIP:0 SAO:1 ALF:1 (NonLinLuma:0 NonLinChr:0) CCALF:1 WPP:0 WPP-Substreams:1 TMVP:1 DQ:1 (Thr: 4) SDH:0 CST:1 BDOF:1 DMVR:1 MTSImplicit:1 SBT:0 JCbCr:1 CabacInitPresent:1 AMVR:5 SMVD:3 LMCS:1 (Signal:SDR Opt:0) CIIP:0 MIP:1 AFFINE:2 (PROF:1, Type:1) MMVD:3 DisFracMMVD:1 SbTMVP:1 GPM:3 LFNST:1 MTS:0 ISP:3 TS:2 TSLog2MaxSize:3 useChromaTS:0 BDPCM:2 IBC:2 
ENC. ALG. CFG: QPA:0 HAD:1 RDQ:1 RDQTS:1 ASR:1 MinSearchWindow:96 RestrictMESampling:0 EDO:2 MCTF:2 [L:0, T:0] 
FAST TOOL CFG: ECU:0 FEN:1 FDM:1 ESD:0 FastSearch:4 LCTUFast:1 FastMrg:2 PBIntraFast:1 AMaxBT:1 FastQtBtEnc:1 ContentBasedFastQtbt:1 FastMIP:4 FastIntraTools:1 FastLocalDualTree:1 FastSubPel:1 QtbttExtraFast:2 IBCFastMethod:3 
RATE CONTROL CFG: RateControl:0 
PARALLEL PROCESSING CFG: NumThreads:0 MaxParallelFrames:0 WppBitEqual:0 WF:0

POC    0 TId: 0 (  IDR_N_LP, I-SLICE, QP 19 )     219568 bits [Y 40.5288 dB    U 44.8936 dB    V 45.4352 dB] [ET  4265 ] [L0 ] [L1 ]
POC    8 TId: 2 (      STSA, B-SLICE, QP 23 )     113168 bits [Y 41.8215 dB    U 42.5234 dB    V 42.8576 dB] [ET  2196 ] [L0 0 ] [L1 0 ]
POC    4 TId: 3 (      STSA, B-SLICE, QP 26 )      55400 bits [Y 39.8998 dB    U 41.8672 dB    V 42.1105 dB] [ET  1347 ] [L0 0 8 ] [L1 8 0 ]
POC    2 TId: 4 (      STSA, B-SLICE, QP 28 )      30752 bits [Y 38.8647 dB    U 41.8385 dB    V 42.1178 dB] [ET   865 ] [L0 0 4 ] [L1 4 8 ]
POC    1 TId: 5 (      STSA, B-SLICE, QP 29 )      17944 bits [Y 38.7173 dB    U 42.2783 dB    V 42.7095 dB] [ET   496 ] [L0 0 2 ] [L1 2 4 ]
POC    3 TId: 5 (      STSA, B-SLICE, QP 29 )      16744 bits [Y 38.3633 dB    U 41.2590 dB    V 41.7171 dB] [ET   451 ] [L0 2 0 ] [L1 4 8 ]
POC    6 TId: 4 (      STSA, B-SLICE, QP 28 )      29384 bits [Y 38.7544 dB    U 41.0530 dB    V 41.4952 dB] [ET   798 ] [L0 4 0 ] [L1 8 4 ]
POC    5 TId: 5 (      STSA, B-SLICE, QP 29 )      16024 bits [Y 38.3033 dB    U 41.0335 dB    V 41.6171 dB] [ET   448 ] [L0 4 0 ] [L1 6 8 ]
POC    7 TId: 5 (      STSA, B-SLICE, QP 29 )      15976 bits [Y 38.3633 dB    U 41.1365 dB    V 41.6313 dB] [ET   431 ] [L0 6 4 ] [L1 8 6 ]
POC    9 TId: 5 (      STSA, B-SLICE, QP 29 )      25584 bits [Y 38.2307 dB    U 40.7628 dB    V 41.1158 dB] [ET   705 ] [L0 8 0 ] [L1 8 0 ]

	Total Frames |   Bitrate     Y-PSNR    U-PSNR    V-PSNR    YUV-PSNR   
	       10    a    1621.6320   39.1847   41.8646   42.2807   39.8186

 finished @ Wed Jul  6 15:18:29 2022
 Total Time:    11916.007 sec. [user]    12013.950 sec. [elapsed]

Level: 0
Inject Calls: 2207576896
Errors injected by bit:
	Bit 0: 22151
	Bit 1: 22159
	Bit 2: 22023
	Bit 3: 21922
	Bit 4: 22254
	Bit 5: 22084
	Bit 6: 22229
	Bit 7: 21991

Total errors injected: 176813
