
vvencFFapp: Encoder Version 1.0.0 [Linux][GCC 9.4.0][64 bit][SIMD=AVX2]
 started @ Wed Jul  6 23:48:29 2022
CODING TOOL CFG: CTU128 QT44BTT21 IBD:1 CIP:0 SAO:1 ALF:1 (NonLinLuma:0 NonLinChr:0) CCALF:1 WPP:0 WPP-Substreams:1 TMVP:1 DQ:1 (Thr: 4) SDH:0 CST:1 BDOF:1 DMVR:1 MTSImplicit:1 SBT:0 JCbCr:1 CabacInitPresent:1 AMVR:5 SMVD:3 LMCS:1 (Signal:SDR Opt:0) CIIP:0 MIP:1 AFFINE:2 (PROF:1, Type:1) MMVD:3 DisFracMMVD:1 SbTMVP:1 GPM:3 LFNST:1 MTS:0 ISP:3 TS:2 TSLog2MaxSize:3 useChromaTS:0 BDPCM:2 IBC:2 
ENC. ALG. CFG: QPA:0 HAD:1 RDQ:1 RDQTS:1 ASR:1 MinSearchWindow:96 RestrictMESampling:0 EDO:2 MCTF:2 [L:0, T:0] 
FAST TOOL CFG: ECU:0 FEN:1 FDM:1 ESD:0 FastSearch:4 LCTUFast:1 FastMrg:2 PBIntraFast:1 AMaxBT:1 FastQtBtEnc:1 ContentBasedFastQtbt:1 FastMIP:4 FastIntraTools:1 FastLocalDualTree:1 FastSubPel:1 QtbttExtraFast:2 IBCFastMethod:3 
RATE CONTROL CFG: RateControl:0 
PARALLEL PROCESSING CFG: NumThreads:0 MaxParallelFrames:0 WppBitEqual:0 WF:0

POC    0 TId: 0 (  IDR_N_LP, I-SLICE, QP 24 )     143096 bits [Y 40.3149 dB    U 41.8229 dB    V 42.5979 dB] [ET  4046 ] [L0 ] [L1 ]
POC    8 TId: 2 (      STSA, B-SLICE, QP 29 )      58344 bits [Y 37.3094 dB    U 39.1395 dB    V 39.6167 dB] [ET  1751 ] [L0 0 ] [L1 0 ]
POC    4 TId: 3 (      STSA, B-SLICE, QP 32 )      25616 bits [Y 35.8852 dB    U 38.7729 dB    V 39.3764 dB] [ET   989 ] [L0 0 8 ] [L1 8 0 ]
POC    2 TId: 4 (      STSA, B-SLICE, QP 34 )      13584 bits [Y 35.2837 dB    U 39.2144 dB    V 39.9432 dB] [ET   658 ] [L0 0 4 ] [L1 4 8 ]
POC    1 TId: 5 (      STSA, B-SLICE, QP 36 )       6016 bits [Y 35.0768 dB    U 39.6614 dB    V 40.5170 dB] [ET   315 ] [L0 0 2 ] [L1 2 4 ]
POC    3 TId: 5 (      STSA, B-SLICE, QP 36 )       5920 bits [Y 34.4804 dB    U 38.7364 dB    V 39.3572 dB] [ET   252 ] [L0 2 0 ] [L1 4 8 ]
POC    6 TId: 4 (      STSA, B-SLICE, QP 34 )      13384 bits [Y 34.9361 dB    U 38.4912 dB    V 38.9925 dB] [ET   577 ] [L0 4 0 ] [L1 8 4 ]
POC    5 TId: 5 (      STSA, B-SLICE, QP 36 )       5496 bits [Y 34.3216 dB    U 38.4139 dB    V 39.0841 dB] [ET   245 ] [L0 4 0 ] [L1 6 8 ]
POC    7 TId: 5 (      STSA, B-SLICE, QP 36 )       5472 bits [Y 34.4215 dB    U 38.5593 dB    V 39.0613 dB] [ET   253 ] [L0 6 4 ] [L1 8 6 ]
POC    9 TId: 5 (      STSA, B-SLICE, QP 36 )       8992 bits [Y 34.0136 dB    U 38.0772 dB    V 38.2086 dB] [ET   417 ] [L0 8 0 ] [L1 8 0 ]

	Total Frames |   Bitrate     Y-PSNR    U-PSNR    V-PSNR    YUV-PSNR   
	       10    a     857.7600   35.6043   39.0889   39.6755   36.2683

 finished @ Thu Jul  7 02:27:05 2022
 Total Time:     9437.202 sec. [user]     9516.010 sec. [elapsed]

Level: 0
Inject Calls: 1787489760
Errors injected by bit:
	Bit 0: 1826
	Bit 1: 1811
	Bit 2: 1828
	Bit 3: 1703
	Bit 4: 1810
	Bit 5: 1810
	Bit 6: 1748
	Bit 7: 1786

Total errors injected: 14322
