
vvencFFapp: Encoder Version 1.0.0 [Linux][GCC 9.4.0][64 bit][SIMD=AVX2]
 started @ Wed Jul  6 21:28:26 2022
CODING TOOL CFG: CTU128 QT44BTT21 IBD:1 CIP:0 SAO:1 ALF:1 (NonLinLuma:0 NonLinChr:0) CCALF:1 WPP:0 WPP-Substreams:1 TMVP:1 DQ:1 (Thr: 4) SDH:0 CST:1 BDOF:1 DMVR:1 MTSImplicit:1 SBT:0 JCbCr:1 CabacInitPresent:1 AMVR:5 SMVD:3 LMCS:1 (Signal:SDR Opt:0) CIIP:0 MIP:1 AFFINE:2 (PROF:1, Type:1) MMVD:3 DisFracMMVD:1 SbTMVP:1 GPM:3 LFNST:1 MTS:0 ISP:3 TS:2 TSLog2MaxSize:3 useChromaTS:0 BDPCM:2 IBC:2 
ENC. ALG. CFG: QPA:0 HAD:1 RDQ:1 RDQTS:1 ASR:1 MinSearchWindow:96 RestrictMESampling:0 EDO:2 MCTF:2 [L:0, T:0] 
FAST TOOL CFG: ECU:0 FEN:1 FDM:1 ESD:0 FastSearch:4 LCTUFast:1 FastMrg:2 PBIntraFast:1 AMaxBT:1 FastQtBtEnc:1 ContentBasedFastQtbt:1 FastMIP:4 FastIntraTools:1 FastLocalDualTree:1 FastSubPel:1 QtbttExtraFast:2 IBCFastMethod:3 
RATE CONTROL CFG: RateControl:0 
PARALLEL PROCESSING CFG: NumThreads:0 MaxParallelFrames:0 WppBitEqual:0 WF:0

POC    0 TId: 0 (  IDR_N_LP, I-SLICE, QP 24 )     144656 bits [Y 35.5191 dB    U 41.6736 dB    V 42.5439 dB] [ET  3769 ] [L0 ] [L1 ]
POC    8 TId: 2 (      STSA, B-SLICE, QP 29 )      61416 bits [Y 37.0528 dB    U 39.0887 dB    V 39.5354 dB] [ET  1368 ] [L0 0 ] [L1 0 ]
POC    4 TId: 3 (      STSA, B-SLICE, QP 32 )      26712 bits [Y 35.4513 dB    U 38.6357 dB    V 39.2892 dB] [ET   791 ] [L0 0 8 ] [L1 8 0 ]
POC    2 TId: 4 (      STSA, B-SLICE, QP 34 )      13504 bits [Y 34.2382 dB    U 39.0504 dB    V 39.8352 dB] [ET   493 ] [L0 0 4 ] [L1 4 8 ]
POC    1 TId: 5 (      STSA, B-SLICE, QP 36 )       5528 bits [Y 33.4597 dB    U 39.4068 dB    V 40.4322 dB] [ET   263 ] [L0 0 2 ] [L1 2 4 ]
POC    3 TId: 5 (      STSA, B-SLICE, QP 36 )       5512 bits [Y 33.4470 dB    U 38.4963 dB    V 39.0698 dB] [ET   263 ] [L0 2 0 ] [L1 4 8 ]
POC    6 TId: 4 (      STSA, B-SLICE, QP 34 )      13632 bits [Y 34.6541 dB    U 38.2571 dB    V 38.7590 dB] [ET   454 ] [L0 4 0 ] [L1 8 4 ]
POC    5 TId: 5 (      STSA, B-SLICE, QP 36 )       5280 bits [Y 33.0447 dB    U 38.1707 dB    V 38.8674 dB] [ET   230 ] [L0 4 0 ] [L1 6 8 ]
POC    7 TId: 5 (      STSA, B-SLICE, QP 36 )       4816 bits [Y 33.4953 dB    U 38.0932 dB    V 38.7921 dB] [ET   163 ] [L0 6 4 ] [L1 8 6 ]
POC    9 TId: 5 (      STSA, B-SLICE, QP 36 )       8960 bits [Y 33.5612 dB    U 38.0827 dB    V 38.1607 dB] [ET   394 ] [L0 8 0 ] [L1 8 0 ]

	Total Frames |   Bitrate     Y-PSNR    U-PSNR    V-PSNR    YUV-PSNR   
	       10    a     870.0480   34.3923   38.8955   39.5285   35.3396

 finished @ Wed Jul  6 23:45:05 2022
 Total Time:     8137.987 sec. [user]     8199.474 sec. [elapsed]

Level: 0
Inject Calls: 1553366168
Errors injected by bit:
	Bit 0: 155368
	Bit 1: 155318
	Bit 2: 155560
	Bit 3: 154573
	Bit 4: 156086
	Bit 5: 155842
	Bit 6: 154986
	Bit 7: 155876

Total errors injected: 1243609
