
vvencFFapp: Encoder Version 1.0.0 [Linux][GCC 9.4.0][64 bit][SIMD=AVX2]
 started @ Thu Jul  7 00:18:30 2022
CODING TOOL CFG: CTU128 QT44BTT21 IBD:1 CIP:0 SAO:1 ALF:1 (NonLinLuma:0 NonLinChr:0) CCALF:1 WPP:0 WPP-Substreams:1 TMVP:1 DQ:1 (Thr: 4) SDH:0 CST:1 BDOF:1 DMVR:1 MTSImplicit:1 SBT:0 JCbCr:1 CabacInitPresent:1 AMVR:5 SMVD:3 LMCS:1 (Signal:SDR Opt:0) CIIP:0 MIP:1 AFFINE:2 (PROF:1, Type:1) MMVD:3 DisFracMMVD:1 SbTMVP:1 GPM:3 LFNST:1 MTS:0 ISP:3 TS:2 TSLog2MaxSize:3 useChromaTS:0 BDPCM:2 IBC:2 
ENC. ALG. CFG: QPA:0 HAD:1 RDQ:1 RDQTS:1 ASR:1 MinSearchWindow:96 RestrictMESampling:0 EDO:2 MCTF:2 [L:0, T:0] 
FAST TOOL CFG: ECU:0 FEN:1 FDM:1 ESD:0 FastSearch:4 LCTUFast:1 FastMrg:2 PBIntraFast:1 AMaxBT:1 FastQtBtEnc:1 ContentBasedFastQtbt:1 FastMIP:4 FastIntraTools:1 FastLocalDualTree:1 FastSubPel:1 QtbttExtraFast:2 IBCFastMethod:3 
RATE CONTROL CFG: RateControl:0 
PARALLEL PROCESSING CFG: NumThreads:0 MaxParallelFrames:0 WppBitEqual:0 WF:0

POC    0 TId: 0 (  IDR_N_LP, I-SLICE, QP 24 )     142296 bits [Y 40.3054 dB    U 41.7951 dB    V 42.6124 dB] [ET  4158 ] [L0 ] [L1 ]
POC    8 TId: 2 (      STSA, B-SLICE, QP 29 )      58440 bits [Y 37.2469 dB    U 39.2127 dB    V 39.5206 dB] [ET  1815 ] [L0 0 ] [L1 0 ]
POC    4 TId: 3 (      STSA, B-SLICE, QP 32 )      25224 bits [Y 35.8930 dB    U 38.7775 dB    V 39.3491 dB] [ET  1025 ] [L0 0 8 ] [L1 8 0 ]
POC    2 TId: 4 (      STSA, B-SLICE, QP 34 )      13424 bits [Y 35.2858 dB    U 39.2484 dB    V 39.8301 dB] [ET   626 ] [L0 0 4 ] [L1 4 8 ]
POC    1 TId: 5 (      STSA, B-SLICE, QP 36 )       6040 bits [Y 35.1066 dB    U 39.6447 dB    V 40.5359 dB] [ET   254 ] [L0 0 2 ] [L1 2 4 ]
POC    3 TId: 5 (      STSA, B-SLICE, QP 36 )       5680 bits [Y 34.4328 dB    U 38.8006 dB    V 39.2467 dB] [ET   254 ] [L0 2 0 ] [L1 4 8 ]
POC    6 TId: 4 (      STSA, B-SLICE, QP 34 )      12928 bits [Y 34.9092 dB    U 38.3486 dB    V 38.7934 dB] [ET   586 ] [L0 4 0 ] [L1 8 4 ]
POC    5 TId: 5 (      STSA, B-SLICE, QP 36 )       5720 bits [Y 34.4161 dB    U 38.3907 dB    V 38.9391 dB] [ET   250 ] [L0 4 0 ] [L1 6 8 ]
POC    7 TId: 5 (      STSA, B-SLICE, QP 36 )       5280 bits [Y 34.4702 dB    U 38.3424 dB    V 38.9412 dB] [ET   238 ] [L0 6 4 ] [L1 8 6 ]
POC    9 TId: 5 (      STSA, B-SLICE, QP 36 )       9216 bits [Y 33.9906 dB    U 38.1480 dB    V 38.0292 dB] [ET   334 ] [L0 8 0 ] [L1 8 0 ]

	Total Frames |   Bitrate     Y-PSNR    U-PSNR    V-PSNR    YUV-PSNR   
	       10    a     852.7440   35.6057   39.0709   39.5798   36.2625

 finished @ Thu Jul  7 02:57:43 2022
 Total Time:     9476.900 sec. [user]     9553.582 sec. [elapsed]

Level: 0
Inject Calls: 1800525336
Errors injected by bit:
	Bit 0: 161
	Bit 1: 185
	Bit 2: 178
	Bit 3: 189
	Bit 4: 165
	Bit 5: 189
	Bit 6: 183
	Bit 7: 162

Total errors injected: 1412
