
vvencFFapp: Encoder Version 1.0.0 [Linux][GCC 9.4.0][64 bit][SIMD=AVX2]
 started @ Thu Jul  7 10:58:43 2022
CODING TOOL CFG: CTU128 QT44BTT21 IBD:1 CIP:0 SAO:1 ALF:1 (NonLinLuma:0 NonLinChr:0) CCALF:1 WPP:0 WPP-Substreams:1 TMVP:1 DQ:1 (Thr: 4) SDH:0 CST:1 BDOF:1 DMVR:1 MTSImplicit:1 SBT:0 JCbCr:1 CabacInitPresent:1 AMVR:5 SMVD:3 LMCS:1 (Signal:SDR Opt:0) CIIP:0 MIP:1 AFFINE:2 (PROF:1, Type:1) MMVD:3 DisFracMMVD:1 SbTMVP:1 GPM:3 LFNST:1 MTS:0 ISP:3 TS:2 TSLog2MaxSize:3 useChromaTS:0 BDPCM:2 IBC:2 
ENC. ALG. CFG: QPA:0 HAD:1 RDQ:1 RDQTS:1 ASR:1 MinSearchWindow:96 RestrictMESampling:0 EDO:2 MCTF:2 [L:0, T:0] 
FAST TOOL CFG: ECU:0 FEN:1 FDM:1 ESD:0 FastSearch:4 LCTUFast:1 FastMrg:2 PBIntraFast:1 AMaxBT:1 FastQtBtEnc:1 ContentBasedFastQtbt:1 FastMIP:4 FastIntraTools:1 FastLocalDualTree:1 FastSubPel:1 QtbttExtraFast:2 IBCFastMethod:3 
RATE CONTROL CFG: RateControl:0 
PARALLEL PROCESSING CFG: NumThreads:0 MaxParallelFrames:0 WppBitEqual:0 WF:0

POC    0 TId: 0 (  IDR_N_LP, I-SLICE, QP 34 )      51728 bits [Y 32.2356 dB    U 36.6988 dB    V 37.1476 dB] [ET  3252 ] [L0 ] [L1 ]
POC    8 TId: 2 (      STSA, B-SLICE, QP 40 )      14912 bits [Y 29.6509 dB    U 34.6259 dB    V 34.7725 dB] [ET   779 ] [L0 0 ] [L1 0 ]
POC    4 TId: 3 (      STSA, B-SLICE, QP 43 )       5576 bits [Y 28.8961 dB    U 35.1598 dB    V 35.3975 dB] [ET   426 ] [L0 0 8 ] [L1 8 0 ]
POC    2 TId: 4 (      STSA, B-SLICE, QP 45 )       2616 bits [Y 28.6541 dB    U 35.4815 dB    V 35.7413 dB] [ET   298 ] [L0 0 4 ] [L1 4 8 ]
POC    1 TId: 5 (      STSA, B-SLICE, QP 46 )       1144 bits [Y 29.0082 dB    U 35.8067 dB    V 36.2249 dB] [ET   174 ] [L0 0 2 ] [L1 2 4 ]
POC    3 TId: 5 (      STSA, B-SLICE, QP 46 )       1120 bits [Y 28.1980 dB    U 35.1328 dB    V 35.4608 dB] [ET   132 ] [L0 2 0 ] [L1 4 8 ]
POC    6 TId: 4 (      STSA, B-SLICE, QP 45 )       2664 bits [Y 28.2189 dB    U 34.6401 dB    V 34.9618 dB] [ET   309 ] [L0 4 0 ] [L1 8 4 ]
POC    5 TId: 5 (      STSA, B-SLICE, QP 46 )       1032 bits [Y 28.2722 dB    U 34.6791 dB    V 35.1003 dB] [ET   186 ] [L0 4 0 ] [L1 6 8 ]
POC    7 TId: 5 (      STSA, B-SLICE, QP 46 )       1024 bits [Y 28.4867 dB    U 34.3882 dB    V 34.6722 dB] [ET   177 ] [L0 6 4 ] [L1 8 6 ]
POC    9 TId: 5 (      STSA, B-SLICE, QP 46 )       1936 bits [Y 28.0581 dB    U 34.2287 dB    V 34.0165 dB] [ET   276 ] [L0 8 0 ] [L1 8 0 ]

	Total Frames |   Bitrate     Y-PSNR    U-PSNR    V-PSNR    YUV-PSNR   
	       10    a     251.2560   28.9679   35.0842   35.3495   30.1147

 finished @ Thu Jul  7 12:39:02 2022
 Total Time:     5973.463 sec. [user]     6018.633 sec. [elapsed]

Level: 0
Inject Calls: 1135398064
Errors injected by bit:
	Bit 0: 114016
	Bit 1: 113975
	Bit 2: 113685
	Bit 3: 113582
	Bit 4: 113943
	Bit 5: 113374
	Bit 6: 113386
	Bit 7: 113696

Total errors injected: 909657
