
vvencFFapp: Encoder Version 1.0.0 [Linux][GCC 9.4.0][64 bit][SIMD=AVX2]
 started @ Wed Jul  6 15:18:19 2022
CODING TOOL CFG: CTU128 QT44BTT21 IBD:1 CIP:0 SAO:1 ALF:1 (NonLinLuma:0 NonLinChr:0) CCALF:1 WPP:0 WPP-Substreams:1 TMVP:1 DQ:1 (Thr: 4) SDH:0 CST:1 BDOF:1 DMVR:1 MTSImplicit:1 SBT:0 JCbCr:1 CabacInitPresent:1 AMVR:5 SMVD:3 LMCS:1 (Signal:SDR Opt:0) CIIP:0 MIP:1 AFFINE:2 (PROF:1, Type:1) MMVD:3 DisFracMMVD:1 SbTMVP:1 GPM:3 LFNST:1 MTS:0 ISP:3 TS:2 TSLog2MaxSize:3 useChromaTS:0 BDPCM:2 IBC:2 
ENC. ALG. CFG: QPA:0 HAD:1 RDQ:1 RDQTS:1 ASR:1 MinSearchWindow:96 RestrictMESampling:0 EDO:2 MCTF:2 [L:0, T:0] 
FAST TOOL CFG: ECU:0 FEN:1 FDM:1 ESD:0 FastSearch:4 LCTUFast:1 FastMrg:2 PBIntraFast:1 AMaxBT:1 FastQtBtEnc:1 ContentBasedFastQtbt:1 FastMIP:4 FastIntraTools:1 FastLocalDualTree:1 FastSubPel:1 QtbttExtraFast:2 IBCFastMethod:3 
RATE CONTROL CFG: RateControl:0 
PARALLEL PROCESSING CFG: NumThreads:0 MaxParallelFrames:0 WppBitEqual:0 WF:0

POC    0 TId: 0 (  IDR_N_LP, I-SLICE, QP 19 )     218696 bits [Y 43.2688 dB    U 44.9479 dB    V 45.4388 dB] [ET  4498 ] [L0 ] [L1 ]
POC    8 TId: 2 (      STSA, B-SLICE, QP 23 )     110784 bits [Y 41.8372 dB    U 42.5701 dB    V 42.9860 dB] [ET  2188 ] [L0 0 ] [L1 0 ]
POC    4 TId: 3 (      STSA, B-SLICE, QP 26 )      53976 bits [Y 39.9758 dB    U 41.7324 dB    V 42.2572 dB] [ET  1378 ] [L0 0 8 ] [L1 8 0 ]
POC    2 TId: 4 (      STSA, B-SLICE, QP 28 )      30128 bits [Y 38.9206 dB    U 41.8139 dB    V 42.2549 dB] [ET   951 ] [L0 0 4 ] [L1 4 8 ]
POC    1 TId: 5 (      STSA, B-SLICE, QP 29 )      17504 bits [Y 38.8252 dB    U 42.2462 dB    V 42.8196 dB] [ET   550 ] [L0 0 2 ] [L1 2 4 ]
POC    3 TId: 5 (      STSA, B-SLICE, QP 29 )      16712 bits [Y 38.4401 dB    U 41.4025 dB    V 41.6682 dB] [ET   486 ] [L0 2 0 ] [L1 4 8 ]
POC    6 TId: 4 (      STSA, B-SLICE, QP 28 )      29296 bits [Y 38.8104 dB    U 41.1525 dB    V 41.5545 dB] [ET   827 ] [L0 4 0 ] [L1 8 4 ]
POC    5 TId: 5 (      STSA, B-SLICE, QP 29 )      15552 bits [Y 38.3178 dB    U 41.1214 dB    V 41.6246 dB] [ET   448 ] [L0 4 0 ] [L1 6 8 ]
POC    7 TId: 5 (      STSA, B-SLICE, QP 29 )      16648 bits [Y 38.4661 dB    U 41.2288 dB    V 41.7662 dB] [ET   446 ] [L0 6 4 ] [L1 8 6 ]
POC    9 TId: 5 (      STSA, B-SLICE, QP 29 )      25032 bits [Y 38.2885 dB    U 40.7246 dB    V 41.1873 dB] [ET   629 ] [L0 8 0 ] [L1 8 0 ]

	Total Frames |   Bitrate     Y-PSNR    U-PSNR    V-PSNR    YUV-PSNR   
	       10    a    1602.9840   39.5151   41.8940   42.3557   39.9954

 finished @ Wed Jul  6 18:45:13 2022
 Total Time:    12324.916 sec. [user]    12413.791 sec. [elapsed]

Level: 0
Inject Calls: 2325630656
Errors injected by bit:
	Bit 0: 2357
	Bit 1: 2315
	Bit 2: 2334
	Bit 3: 2242
	Bit 4: 2263
	Bit 5: 2328
	Bit 6: 2314
	Bit 7: 2347

Total errors injected: 18500
