
vvencFFapp: Encoder Version 1.0.0 [Linux][GCC 9.4.0][64 bit][SIMD=AVX2]
 started @ Thu Jul  7 14:53:48 2022
CODING TOOL CFG: CTU128 QT44BTT21 IBD:1 CIP:0 SAO:1 ALF:1 (NonLinLuma:0 NonLinChr:0) CCALF:1 WPP:0 WPP-Substreams:1 TMVP:1 DQ:1 (Thr: 4) SDH:0 CST:1 BDOF:1 DMVR:1 MTSImplicit:1 SBT:0 JCbCr:1 CabacInitPresent:1 AMVR:5 SMVD:3 LMCS:1 (Signal:SDR Opt:0) CIIP:0 MIP:1 AFFINE:2 (PROF:1, Type:1) MMVD:3 DisFracMMVD:1 SbTMVP:1 GPM:3 LFNST:1 MTS:0 ISP:3 TS:2 TSLog2MaxSize:3 useChromaTS:0 BDPCM:2 IBC:2 
ENC. ALG. CFG: QPA:0 HAD:1 RDQ:1 RDQTS:1 ASR:1 MinSearchWindow:96 RestrictMESampling:0 EDO:2 MCTF:2 [L:0, T:0] 
FAST TOOL CFG: ECU:0 FEN:1 FDM:1 ESD:0 FastSearch:4 LCTUFast:1 FastMrg:2 PBIntraFast:1 AMaxBT:1 FastQtBtEnc:1 ContentBasedFastQtbt:1 FastMIP:4 FastIntraTools:1 FastLocalDualTree:1 FastSubPel:1 QtbttExtraFast:2 IBCFastMethod:3 
RATE CONTROL CFG: RateControl:0 
PARALLEL PROCESSING CFG: NumThreads:0 MaxParallelFrames:0 WppBitEqual:0 WF:0

POC    0 TId: 0 (  IDR_N_LP, I-SLICE, QP 34 )      50440 bits [Y 33.4255 dB    U 36.7503 dB    V 37.0082 dB] [ET  3226 ] [L0 ] [L1 ]
POC    8 TId: 2 (      STSA, B-SLICE, QP 40 )      14112 bits [Y 29.8782 dB    U 34.8684 dB    V 35.0122 dB] [ET   632 ] [L0 0 ] [L1 0 ]
POC    4 TId: 3 (      STSA, B-SLICE, QP 43 )       5808 bits [Y 29.1422 dB    U 35.2784 dB    V 35.3747 dB] [ET   304 ] [L0 0 8 ] [L1 8 0 ]
POC    2 TId: 4 (      STSA, B-SLICE, QP 45 )       2824 bits [Y 29.0971 dB    U 35.5162 dB    V 35.6573 dB] [ET   165 ] [L0 0 4 ] [L1 4 8 ]
POC    1 TId: 5 (      STSA, B-SLICE, QP 46 )       1104 bits [Y 29.3067 dB    U 35.5820 dB    V 36.1218 dB] [ET    67 ] [L0 0 2 ] [L1 2 4 ]
POC    3 TId: 5 (      STSA, B-SLICE, QP 46 )       1176 bits [Y 28.5885 dB    U 35.2826 dB    V 35.3882 dB] [ET    62 ] [L0 2 0 ] [L1 4 8 ]
POC    6 TId: 4 (      STSA, B-SLICE, QP 45 )       2752 bits [Y 28.5625 dB    U 34.8471 dB    V 34.9826 dB] [ET   163 ] [L0 4 0 ] [L1 8 4 ]
POC    5 TId: 5 (      STSA, B-SLICE, QP 46 )        984 bits [Y 28.4124 dB    U 34.9812 dB    V 35.2903 dB] [ET    60 ] [L0 4 0 ] [L1 6 8 ]
POC    7 TId: 5 (      STSA, B-SLICE, QP 46 )       1064 bits [Y 28.6806 dB    U 34.6805 dB    V 35.0843 dB] [ET    57 ] [L0 6 4 ] [L1 8 6 ]
POC    9 TId: 5 (      STSA, B-SLICE, QP 46 )       1904 bits [Y 28.2167 dB    U 34.3390 dB    V 34.0835 dB] [ET   123 ] [L0 8 0 ] [L1 8 0 ]

	Total Frames |   Bitrate     Y-PSNR    U-PSNR    V-PSNR    YUV-PSNR   
	       10    a     246.5040   29.3310   35.2126   35.4003   30.4010

 finished @ Thu Jul  7 16:14:59 2022
 Total Time:     4844.743 sec. [user]     4870.789 sec. [elapsed]

Level: 0
Inject Calls: 1093733656
Errors injected by bit:
	Bit 0: 85
	Bit 1: 99
	Bit 2: 107
	Bit 3: 109
	Bit 4: 123
	Bit 5: 123
	Bit 6: 119
	Bit 7: 121

Total errors injected: 886
