
vvencFFapp: Encoder Version 1.0.0 [Linux][GCC 9.4.0][64 bit][SIMD=AVX2]
 started @ Wed Jul  6 11:28:14 2022
CODING TOOL CFG: CTU128 QT44BTT21 IBD:1 CIP:0 SAO:1 ALF:1 (NonLinLuma:0 NonLinChr:0) CCALF:1 WPP:0 WPP-Substreams:1 TMVP:1 DQ:1 (Thr: 4) SDH:0 CST:1 BDOF:1 DMVR:1 MTSImplicit:1 SBT:0 JCbCr:1 CabacInitPresent:1 AMVR:5 SMVD:3 LMCS:1 (Signal:SDR Opt:0) CIIP:0 MIP:1 AFFINE:2 (PROF:1, Type:1) MMVD:3 DisFracMMVD:1 SbTMVP:1 GPM:3 LFNST:1 MTS:0 ISP:3 TS:2 TSLog2MaxSize:3 useChromaTS:0 BDPCM:2 IBC:2 
ENC. ALG. CFG: QPA:0 HAD:1 RDQ:1 RDQTS:1 ASR:1 MinSearchWindow:96 RestrictMESampling:0 EDO:2 MCTF:2 [L:0, T:0] 
FAST TOOL CFG: ECU:0 FEN:1 FDM:1 ESD:0 FastSearch:4 LCTUFast:1 FastMrg:2 PBIntraFast:1 AMaxBT:1 FastQtBtEnc:1 ContentBasedFastQtbt:1 FastMIP:4 FastIntraTools:1 FastLocalDualTree:1 FastSubPel:1 QtbttExtraFast:2 IBCFastMethod:3 
RATE CONTROL CFG: RateControl:0 
PARALLEL PROCESSING CFG: NumThreads:0 MaxParallelFrames:0 WppBitEqual:0 WF:0

POC    0 TId: 0 (  IDR_N_LP, I-SLICE, QP 19 )     219240 bits [Y 42.3652 dB    U 44.8999 dB    V 45.4793 dB] [ET  4311 ] [L0 ] [L1 ]
POC    8 TId: 2 (      STSA, B-SLICE, QP 23 )     112008 bits [Y 41.8052 dB    U 42.5459 dB    V 42.9327 dB] [ET  2175 ] [L0 0 ] [L1 0 ]
POC    4 TId: 3 (      STSA, B-SLICE, QP 26 )      54168 bits [Y 39.9234 dB    U 41.6943 dB    V 42.2786 dB] [ET  1353 ] [L0 0 8 ] [L1 8 0 ]
POC    2 TId: 4 (      STSA, B-SLICE, QP 28 )      30528 bits [Y 38.8705 dB    U 41.8355 dB    V 42.2501 dB] [ET   849 ] [L0 0 4 ] [L1 4 8 ]
POC    1 TId: 5 (      STSA, B-SLICE, QP 29 )      17584 bits [Y 38.7476 dB    U 42.2589 dB    V 42.9786 dB] [ET   489 ] [L0 0 2 ] [L1 2 4 ]
POC    3 TId: 5 (      STSA, B-SLICE, QP 29 )      16904 bits [Y 38.4202 dB    U 41.2174 dB    V 41.7278 dB] [ET   451 ] [L0 2 0 ] [L1 4 8 ]
POC    6 TId: 4 (      STSA, B-SLICE, QP 28 )      29656 bits [Y 38.7819 dB    U 41.1955 dB    V 41.6027 dB] [ET   828 ] [L0 4 0 ] [L1 8 4 ]
POC    5 TId: 5 (      STSA, B-SLICE, QP 29 )      15968 bits [Y 38.2518 dB    U 41.0524 dB    V 41.5978 dB] [ET   426 ] [L0 4 0 ] [L1 6 8 ]
POC    7 TId: 5 (      STSA, B-SLICE, QP 29 )      16224 bits [Y 38.3813 dB    U 41.1159 dB    V 41.7784 dB] [ET   466 ] [L0 6 4 ] [L1 8 6 ]
POC    9 TId: 5 (      STSA, B-SLICE, QP 29 )      25032 bits [Y 38.2101 dB    U 40.7262 dB    V 41.1366 dB] [ET   704 ] [L0 8 0 ] [L1 8 0 ]

	Total Frames |   Bitrate     Y-PSNR    U-PSNR    V-PSNR    YUV-PSNR   
	       10    a    1611.9360   39.3757   41.8542   42.3763   39.9187

 finished @ Wed Jul  6 14:49:18 2022
 Total Time:    11971.408 sec. [user]    12064.280 sec. [elapsed]

Level: 0
Inject Calls: 2222077448
Errors injected by bit:
	Bit 0: 22170
	Bit 1: 22376
	Bit 2: 22143
	Bit 3: 21997
	Bit 4: 22223
	Bit 5: 22279
	Bit 6: 21974
	Bit 7: 22062

Total errors injected: 177224
