
vvencFFapp: Encoder Version 1.0.0 [Linux][GCC 9.4.0][64 bit][SIMD=AVX2]
 started @ Fri Jul  8 20:20:00 2022
CODING TOOL CFG: CTU128 QT44BTT21 IBD:1 CIP:0 SAO:1 ALF:1 (NonLinLuma:0 NonLinChr:0) CCALF:1 WPP:0 WPP-Substreams:1 TMVP:1 DQ:1 (Thr: 4) SDH:0 CST:1 BDOF:1 DMVR:1 MTSImplicit:1 SBT:0 JCbCr:1 CabacInitPresent:1 AMVR:5 SMVD:3 LMCS:1 (Signal:SDR Opt:0) CIIP:0 MIP:1 AFFINE:2 (PROF:1, Type:1) MMVD:3 DisFracMMVD:1 SbTMVP:1 GPM:3 LFNST:1 MTS:0 ISP:3 TS:2 TSLog2MaxSize:3 useChromaTS:0 BDPCM:2 IBC:2 
ENC. ALG. CFG: QPA:0 HAD:1 RDQ:1 RDQTS:1 ASR:1 MinSearchWindow:96 RestrictMESampling:0 EDO:2 MCTF:2 [L:0, T:0] 
FAST TOOL CFG: ECU:0 FEN:1 FDM:1 ESD:0 FastSearch:4 LCTUFast:1 FastMrg:2 PBIntraFast:1 AMaxBT:1 FastQtBtEnc:1 ContentBasedFastQtbt:1 FastMIP:4 FastIntraTools:1 FastLocalDualTree:1 FastSubPel:1 QtbttExtraFast:2 IBCFastMethod:3 
RATE CONTROL CFG: RateControl:0 
PARALLEL PROCESSING CFG: NumThreads:0 MaxParallelFrames:0 WppBitEqual:0 WF:0

512 256 800 544 144 144
POC    0 TId: 0 (  IDR_N_LP, I-SLICE, QP 24 )     143272 bits [Y 40.3303 dB    U 41.9221 dB    V 42.6348 dB] [ET   397 ] [L0 ] [L1 ]
POC    8 TId: 2 (      STSA, B-SLICE, QP 29 )      58776 bits [Y 37.2901 dB    U 39.0945 dB    V 39.5135 dB] [ET   866 ] [L0 0 ] [L1 0 ]
POC    4 TId: 3 (      STSA, B-SLICE, QP 32 )      25336 bits [Y 35.8590 dB    U 38.8604 dB    V 39.3213 dB] [ET  1373 ] [L0 0 8 ] [L1 8 0 ]
POC    2 TId: 4 (      STSA, B-SLICE, QP 34 )      13296 bits [Y 35.1847 dB    U 39.3359 dB    V 39.7634 dB] [ET  1377 ] [L0 0 4 ] [L1 4 8 ]
POC    1 TId: 5 (      STSA, B-SLICE, QP 36 )       6008 bits [Y 35.0407 dB    U 39.7775 dB    V 40.4283 dB] [ET   939 ] [L0 0 2 ] [L1 2 4 ]
POC    3 TId: 5 (      STSA, B-SLICE, QP 36 )       5840 bits [Y 34.4307 dB    U 38.7687 dB    V 39.2406 dB] [ET  1046 ] [L0 2 0 ] [L1 4 8 ]
POC    6 TId: 4 (      STSA, B-SLICE, QP 34 )      13520 bits [Y 34.9556 dB    U 38.3557 dB    V 38.8101 dB] [ET  1321 ] [L0 4 0 ] [L1 8 4 ]
POC    5 TId: 5 (      STSA, B-SLICE, QP 36 )       5240 bits [Y 34.2430 dB    U 38.4482 dB    V 38.8972 dB] [ET  1043 ] [L0 4 0 ] [L1 6 8 ]
POC    7 TId: 5 (      STSA, B-SLICE, QP 36 )       5336 bits [Y 34.3993 dB    U 38.4071 dB    V 39.0164 dB] [ET   812 ] [L0 6 4 ] [L1 8 6 ]
POC    9 TId: 5 (      STSA, B-SLICE, QP 36 )       9112 bits [Y 33.9966 dB    U 38.0265 dB    V 38.0995 dB] [ET   829 ] [L0 8 0 ] [L1 8 0 ]

	Total Frames |   Bitrate     Y-PSNR    U-PSNR    V-PSNR    YUV-PSNR   
	       10    a     857.2080   35.5730   39.0997   39.5725   36.2298

 finished @ Fri Jul  8 23:06:54 2022
 Total Time:     9990.256 sec. [user]    10014.176 sec. [elapsed]

Level: 0
Inject Calls: 1949377135
Errors injected by bit:
	Bit 0: 1949836
	Bit 1: 1950496
	Bit 2: 1947394
	Bit 3: 1948593
	Bit 4: 1951405
	Bit 5: 1949058
	Bit 6: 1950344
	Bit 7: 1949176

Total errors injected: 15596302
