
vvencFFapp: Encoder Version 1.0.0 [Linux][GCC 9.4.0][64 bit][SIMD=AVX2]
 started @ Sun Jul 10 22:03:39 2022
CODING TOOL CFG: CTU128 QT44BTT21 IBD:1 CIP:0 SAO:1 ALF:1 (NonLinLuma:0 NonLinChr:0) CCALF:1 WPP:0 WPP-Substreams:1 TMVP:1 DQ:1 (Thr: 4) SDH:0 CST:1 BDOF:1 DMVR:1 MTSImplicit:1 SBT:0 JCbCr:1 CabacInitPresent:1 AMVR:5 SMVD:3 LMCS:1 (Signal:SDR Opt:0) CIIP:0 MIP:1 AFFINE:2 (PROF:1, Type:1) MMVD:3 DisFracMMVD:1 SbTMVP:1 GPM:3 LFNST:1 MTS:0 ISP:3 TS:2 TSLog2MaxSize:3 useChromaTS:0 BDPCM:2 IBC:2 
ENC. ALG. CFG: QPA:0 HAD:1 RDQ:1 RDQTS:1 ASR:1 MinSearchWindow:96 RestrictMESampling:0 EDO:2 MCTF:2 [L:0, T:0] 
FAST TOOL CFG: ECU:0 FEN:1 FDM:1 ESD:0 FastSearch:4 LCTUFast:1 FastMrg:2 PBIntraFast:1 AMaxBT:1 FastQtBtEnc:1 ContentBasedFastQtbt:1 FastMIP:4 FastIntraTools:1 FastLocalDualTree:1 FastSubPel:1 QtbttExtraFast:2 IBCFastMethod:3 
RATE CONTROL CFG: RateControl:0 
PARALLEL PROCESSING CFG: NumThreads:0 MaxParallelFrames:0 WppBitEqual:0 WF:0

512 256 800 544 144 144
POC    0 TId: 0 (  IDR_N_LP, I-SLICE, QP 24 )     143272 bits [Y 40.3303 dB    U 41.9221 dB    V 42.6348 dB] [ET   400 ] [L0 ] [L1 ]
POC    8 TId: 2 (      STSA, B-SLICE, QP 29 )      59160 bits [Y 37.3526 dB    U 39.2295 dB    V 39.5654 dB] [ET   944 ] [L0 0 ] [L1 0 ]
POC    4 TId: 3 (      STSA, B-SLICE, QP 32 )      25248 bits [Y 35.8996 dB    U 38.8278 dB    V 39.3166 dB] [ET  1461 ] [L0 0 8 ] [L1 8 0 ]
POC    2 TId: 4 (      STSA, B-SLICE, QP 34 )      13568 bits [Y 35.3043 dB    U 39.3214 dB    V 40.0651 dB] [ET  1379 ] [L0 0 4 ] [L1 4 8 ]
POC    1 TId: 5 (      STSA, B-SLICE, QP 36 )       6352 bits [Y 35.1466 dB    U 39.7162 dB    V 40.6388 dB] [ET   972 ] [L0 0 2 ] [L1 2 4 ]
POC    3 TId: 5 (      STSA, B-SLICE, QP 36 )       5560 bits [Y 34.4166 dB    U 38.9010 dB    V 39.2681 dB] [ET  1023 ] [L0 2 0 ] [L1 4 8 ]
POC    6 TId: 4 (      STSA, B-SLICE, QP 34 )      13456 bits [Y 35.0466 dB    U 38.4881 dB    V 39.1277 dB] [ET  1338 ] [L0 4 0 ] [L1 8 4 ]
POC    5 TId: 5 (      STSA, B-SLICE, QP 36 )       5496 bits [Y 34.3879 dB    U 38.4923 dB    V 39.0976 dB] [ET  1073 ] [L0 4 0 ] [L1 6 8 ]
POC    7 TId: 5 (      STSA, B-SLICE, QP 36 )       5352 bits [Y 34.4926 dB    U 38.4582 dB    V 39.0899 dB] [ET   809 ] [L0 6 4 ] [L1 8 6 ]
POC    9 TId: 5 (      STSA, B-SLICE, QP 36 )       8864 bits [Y 33.9668 dB    U 38.0469 dB    V 38.1171 dB] [ET   870 ] [L0 8 0 ] [L1 8 0 ]

	Total Frames |   Bitrate     Y-PSNR    U-PSNR    V-PSNR    YUV-PSNR   
	       10    a     858.9840   35.6344   39.1403   39.6921   36.2968

 finished @ Mon Jul 11 00:54:58 2022
 Total Time:    10255.995 sec. [user]    10279.615 sec. [elapsed]

Level: 0
Inject Calls: 1979711560
Errors injected by bit:
	Bit 0: 19873
	Bit 1: 19829
	Bit 2: 19676
	Bit 3: 19802
	Bit 4: 19881
	Bit 5: 19887
	Bit 6: 19715
	Bit 7: 19803

Total errors injected: 158466
