
vvencFFapp: Encoder Version 1.0.0 [Linux][GCC 9.4.0][64 bit][SIMD=AVX2]
 started @ Mon Jul 11 11:28:55 2022
CODING TOOL CFG: CTU128 QT44BTT21 IBD:1 CIP:0 SAO:1 ALF:1 (NonLinLuma:0 NonLinChr:0) CCALF:1 WPP:0 WPP-Substreams:1 TMVP:1 DQ:1 (Thr: 4) SDH:0 CST:1 BDOF:1 DMVR:1 MTSImplicit:1 SBT:0 JCbCr:1 CabacInitPresent:1 AMVR:5 SMVD:3 LMCS:1 (Signal:SDR Opt:0) CIIP:0 MIP:1 AFFINE:2 (PROF:1, Type:1) MMVD:3 DisFracMMVD:1 SbTMVP:1 GPM:3 LFNST:1 MTS:0 ISP:3 TS:2 TSLog2MaxSize:3 useChromaTS:0 BDPCM:2 IBC:2 
ENC. ALG. CFG: QPA:0 HAD:1 RDQ:1 RDQTS:1 ASR:1 MinSearchWindow:96 RestrictMESampling:0 EDO:2 MCTF:2 [L:0, T:0] 
FAST TOOL CFG: ECU:0 FEN:1 FDM:1 ESD:0 FastSearch:4 LCTUFast:1 FastMrg:2 PBIntraFast:1 AMaxBT:1 FastQtBtEnc:1 ContentBasedFastQtbt:1 FastMIP:4 FastIntraTools:1 FastLocalDualTree:1 FastSubPel:1 QtbttExtraFast:2 IBCFastMethod:3 
RATE CONTROL CFG: RateControl:0 
PARALLEL PROCESSING CFG: NumThreads:0 MaxParallelFrames:0 WppBitEqual:0 WF:0

512 256 800 544 144 144
POC    0 TId: 0 (  IDR_N_LP, I-SLICE, QP 34 )      49816 bits [Y 33.3501 dB    U 36.7628 dB    V 37.0041 dB] [ET   261 ] [L0 ] [L1 ]
POC    8 TId: 2 (      STSA, B-SLICE, QP 40 )      14208 bits [Y 29.8652 dB    U 35.0023 dB    V 34.8554 dB] [ET   582 ] [L0 0 ] [L1 0 ]
POC    4 TId: 3 (      STSA, B-SLICE, QP 43 )       5848 bits [Y 29.2165 dB    U 35.1838 dB    V 35.3027 dB] [ET   917 ] [L0 0 8 ] [L1 8 0 ]
POC    2 TId: 4 (      STSA, B-SLICE, QP 45 )       2776 bits [Y 29.0410 dB    U 35.4123 dB    V 35.5553 dB] [ET   867 ] [L0 0 4 ] [L1 4 8 ]
POC    1 TId: 5 (      STSA, B-SLICE, QP 46 )       1200 bits [Y 29.4029 dB    U 35.7571 dB    V 35.9435 dB] [ET   500 ] [L0 0 2 ] [L1 2 4 ]
POC    3 TId: 5 (      STSA, B-SLICE, QP 46 )       1312 bits [Y 28.6532 dB    U 35.2466 dB    V 35.3070 dB] [ET   716 ] [L0 2 0 ] [L1 4 8 ]
POC    6 TId: 4 (      STSA, B-SLICE, QP 45 )       2536 bits [Y 28.4291 dB    U 34.9245 dB    V 34.8174 dB] [ET   871 ] [L0 4 0 ] [L1 8 4 ]
POC    5 TId: 5 (      STSA, B-SLICE, QP 46 )        936 bits [Y 28.4281 dB    U 35.0186 dB    V 34.9825 dB] [ET   669 ] [L0 4 0 ] [L1 6 8 ]
POC    7 TId: 5 (      STSA, B-SLICE, QP 46 )        976 bits [Y 28.6417 dB    U 34.7543 dB    V 34.6703 dB] [ET   515 ] [L0 6 4 ] [L1 8 6 ]
POC    9 TId: 5 (      STSA, B-SLICE, QP 46 )       2144 bits [Y 28.2621 dB    U 34.4600 dB    V 34.1160 dB] [ET   635 ] [L0 8 0 ] [L1 8 0 ]

	Total Frames |   Bitrate     Y-PSNR    U-PSNR    V-PSNR    YUV-PSNR   
	       10    a     245.2560   29.3290   35.2522   35.2554   30.3969

 finished @ Mon Jul 11 13:17:57 2022
 Total Time:     6510.509 sec. [user]     6542.908 sec. [elapsed]

Level: 0
Inject Calls: 1298636754
Errors injected by bit:
	Bit 0: 1297177
	Bit 1: 1297736
	Bit 2: 1298800
	Bit 3: 1297868
	Bit 4: 1297186
	Bit 5: 1298797
	Bit 6: 1299763
	Bit 7: 1298338

Total errors injected: 10385665
