
vvencFFapp: Encoder Version 1.0.0 [Linux][GCC 9.4.0][64 bit][SIMD=AVX2]
 started @ Fri Jul  8 12:29:50 2022
CODING TOOL CFG: CTU128 QT44BTT21 IBD:1 CIP:0 SAO:1 ALF:1 (NonLinLuma:0 NonLinChr:0) CCALF:1 WPP:0 WPP-Substreams:1 TMVP:1 DQ:1 (Thr: 4) SDH:0 CST:1 BDOF:1 DMVR:1 MTSImplicit:1 SBT:0 JCbCr:1 CabacInitPresent:1 AMVR:5 SMVD:3 LMCS:1 (Signal:SDR Opt:0) CIIP:0 MIP:1 AFFINE:2 (PROF:1, Type:1) MMVD:3 DisFracMMVD:1 SbTMVP:1 GPM:3 LFNST:1 MTS:0 ISP:3 TS:2 TSLog2MaxSize:3 useChromaTS:0 BDPCM:2 IBC:2 
ENC. ALG. CFG: QPA:0 HAD:1 RDQ:1 RDQTS:1 ASR:1 MinSearchWindow:96 RestrictMESampling:0 EDO:2 MCTF:2 [L:0, T:0] 
FAST TOOL CFG: ECU:0 FEN:1 FDM:1 ESD:0 FastSearch:4 LCTUFast:1 FastMrg:2 PBIntraFast:1 AMaxBT:1 FastQtBtEnc:1 ContentBasedFastQtbt:1 FastMIP:4 FastIntraTools:1 FastLocalDualTree:1 FastSubPel:1 QtbttExtraFast:2 IBCFastMethod:3 
RATE CONTROL CFG: RateControl:0 
PARALLEL PROCESSING CFG: NumThreads:0 MaxParallelFrames:0 WppBitEqual:0 WF:0

512 256 800 544 144 144
POC    0 TId: 0 (  IDR_N_LP, I-SLICE, QP 19 )     218376 bits [Y 43.7095 dB    U 44.9341 dB    V 45.4033 dB] [ET   650 ] [L0 ] [L1 ]
POC    8 TId: 2 (      STSA, B-SLICE, QP 23 )     111072 bits [Y 41.8352 dB    U 42.5137 dB    V 42.9688 dB] [ET  1111 ] [L0 0 ] [L1 0 ]
POC    4 TId: 3 (      STSA, B-SLICE, QP 26 )      54216 bits [Y 39.9442 dB    U 41.7417 dB    V 42.1433 dB] [ET  1464 ] [L0 0 8 ] [L1 8 0 ]
POC    2 TId: 4 (      STSA, B-SLICE, QP 28 )      30352 bits [Y 38.9997 dB    U 41.8046 dB    V 42.2529 dB] [ET  1722 ] [L0 0 4 ] [L1 4 8 ]
POC    1 TId: 5 (      STSA, B-SLICE, QP 29 )      17080 bits [Y 38.8001 dB    U 42.1855 dB    V 42.8178 dB] [ET  1275 ] [L0 0 2 ] [L1 2 4 ]
POC    3 TId: 5 (      STSA, B-SLICE, QP 29 )      16760 bits [Y 38.4317 dB    U 41.3112 dB    V 41.5831 dB] [ET  1471 ] [L0 2 0 ] [L1 4 8 ]
POC    6 TId: 4 (      STSA, B-SLICE, QP 28 )      29144 bits [Y 38.8211 dB    U 41.1584 dB    V 41.6388 dB] [ET  1640 ] [L0 4 0 ] [L1 8 4 ]
POC    5 TId: 5 (      STSA, B-SLICE, QP 29 )      15848 bits [Y 38.3828 dB    U 41.1289 dB    V 41.5720 dB] [ET  1431 ] [L0 4 0 ] [L1 6 8 ]
POC    7 TId: 5 (      STSA, B-SLICE, QP 29 )      16256 bits [Y 38.4397 dB    U 41.2083 dB    V 41.6977 dB] [ET  1215 ] [L0 6 4 ] [L1 8 6 ]
POC    9 TId: 5 (      STSA, B-SLICE, QP 29 )      25504 bits [Y 38.3076 dB    U 40.8287 dB    V 41.2393 dB] [ET  1176 ] [L0 8 0 ] [L1 8 0 ]

	Total Frames |   Bitrate     Y-PSNR    U-PSNR    V-PSNR    YUV-PSNR   
	       10    a    1603.8240   39.5672   41.8815   42.3317   40.0135

 finished @ Fri Jul  8 16:09:16 2022
 Total Time:    13134.653 sec. [user]    13166.134 sec. [elapsed]

Level: 0
Inject Calls: 2505774629
Errors injected by bit:
	Bit 0: 25246
	Bit 1: 25417
	Bit 2: 25291
	Bit 3: 25112
	Bit 4: 25114
	Bit 5: 25046
	Bit 6: 24699
	Bit 7: 24922

Total errors injected: 200847
