
vvencFFapp: Encoder Version 1.0.0 [Linux][GCC 9.4.0][64 bit][SIMD=AVX2]
 started @ Fri Jul  8 08:59:45 2022
CODING TOOL CFG: CTU128 QT44BTT21 IBD:1 CIP:0 SAO:1 ALF:1 (NonLinLuma:0 NonLinChr:0) CCALF:1 WPP:0 WPP-Substreams:1 TMVP:1 DQ:1 (Thr: 4) SDH:0 CST:1 BDOF:1 DMVR:1 MTSImplicit:1 SBT:0 JCbCr:1 CabacInitPresent:1 AMVR:5 SMVD:3 LMCS:1 (Signal:SDR Opt:0) CIIP:0 MIP:1 AFFINE:2 (PROF:1, Type:1) MMVD:3 DisFracMMVD:1 SbTMVP:1 GPM:3 LFNST:1 MTS:0 ISP:3 TS:2 TSLog2MaxSize:3 useChromaTS:0 BDPCM:2 IBC:2 
ENC. ALG. CFG: QPA:0 HAD:1 RDQ:1 RDQTS:1 ASR:1 MinSearchWindow:96 RestrictMESampling:0 EDO:2 MCTF:2 [L:0, T:0] 
FAST TOOL CFG: ECU:0 FEN:1 FDM:1 ESD:0 FastSearch:4 LCTUFast:1 FastMrg:2 PBIntraFast:1 AMaxBT:1 FastQtBtEnc:1 ContentBasedFastQtbt:1 FastMIP:4 FastIntraTools:1 FastLocalDualTree:1 FastSubPel:1 QtbttExtraFast:2 IBCFastMethod:3 
RATE CONTROL CFG: RateControl:0 
PARALLEL PROCESSING CFG: NumThreads:0 MaxParallelFrames:0 WppBitEqual:0 WF:0

512 256 800 544 144 144
POC    0 TId: 0 (  IDR_N_LP, I-SLICE, QP 19 )     218376 bits [Y 43.7095 dB    U 44.9341 dB    V 45.4033 dB] [ET   460 ] [L0 ] [L1 ]
POC    8 TId: 2 (      STSA, B-SLICE, QP 23 )     111504 bits [Y 41.8112 dB    U 42.5544 dB    V 43.0081 dB] [ET   899 ] [L0 0 ] [L1 0 ]
POC    4 TId: 3 (      STSA, B-SLICE, QP 26 )      53920 bits [Y 39.9615 dB    U 41.7054 dB    V 42.1852 dB] [ET  1341 ] [L0 0 8 ] [L1 8 0 ]
POC    2 TId: 4 (      STSA, B-SLICE, QP 28 )      31160 bits [Y 38.9788 dB    U 41.9621 dB    V 42.4125 dB] [ET  1680 ] [L0 0 4 ] [L1 4 8 ]
POC    1 TId: 5 (      STSA, B-SLICE, QP 29 )      17232 bits [Y 38.8371 dB    U 42.2026 dB    V 42.8957 dB] [ET  1278 ] [L0 0 2 ] [L1 2 4 ]
POC    3 TId: 5 (      STSA, B-SLICE, QP 29 )      16616 bits [Y 38.3901 dB    U 41.2853 dB    V 41.8510 dB] [ET  1388 ] [L0 2 0 ] [L1 4 8 ]
POC    6 TId: 4 (      STSA, B-SLICE, QP 28 )      28920 bits [Y 38.7814 dB    U 41.1362 dB    V 41.5465 dB] [ET  1542 ] [L0 4 0 ] [L1 8 4 ]
POC    5 TId: 5 (      STSA, B-SLICE, QP 29 )      15840 bits [Y 38.3108 dB    U 41.0229 dB    V 41.6228 dB] [ET  1409 ] [L0 4 0 ] [L1 6 8 ]
POC    7 TId: 5 (      STSA, B-SLICE, QP 29 )      16112 bits [Y 38.3644 dB    U 41.1896 dB    V 41.6726 dB] [ET  1177 ] [L0 6 4 ] [L1 8 6 ]
POC    9 TId: 5 (      STSA, B-SLICE, QP 29 )      24776 bits [Y 38.2446 dB    U 40.7075 dB    V 41.1112 dB] [ET  1163 ] [L0 8 0 ] [L1 8 0 ]

	Total Frames |   Bitrate     Y-PSNR    U-PSNR    V-PSNR    YUV-PSNR   
	       10    a    1603.3680   39.5389   41.8700   42.3709   39.9886

 finished @ Fri Jul  8 12:25:33 2022
 Total Time:    12325.100 sec. [user]    12348.121 sec. [elapsed]

Level: 0
Inject Calls: 2430012530
Errors injected by bit:
	Bit 0: 2426151
	Bit 1: 2431492
	Bit 2: 2429422
	Bit 3: 2430236
	Bit 4: 2430959
	Bit 5: 2431456
	Bit 6: 2430861
	Bit 7: 2429859

Total errors injected: 19440436
