
vvencFFapp: Encoder Version 1.0.0 [Linux][GCC 9.4.0][64 bit][SIMD=AVX2]
 started @ Wed Jul 13 08:29:06 2022
CODING TOOL CFG: CTU128 QT44BTT21 IBD:1 CIP:0 SAO:1 ALF:1 (NonLinLuma:0 NonLinChr:0) CCALF:1 WPP:0 WPP-Substreams:1 TMVP:1 DQ:1 (Thr: 4) SDH:0 CST:1 BDOF:1 DMVR:1 MTSImplicit:1 SBT:0 JCbCr:1 CabacInitPresent:1 AMVR:5 SMVD:3 LMCS:1 (Signal:SDR Opt:0) CIIP:0 MIP:1 AFFINE:2 (PROF:1, Type:1) MMVD:3 DisFracMMVD:1 SbTMVP:1 GPM:3 LFNST:1 MTS:0 ISP:3 TS:2 TSLog2MaxSize:3 useChromaTS:0 BDPCM:2 IBC:2 
ENC. ALG. CFG: QPA:0 HAD:1 RDQ:1 RDQTS:1 ASR:1 MinSearchWindow:96 RestrictMESampling:0 EDO:2 MCTF:2 [L:0, T:0] 
FAST TOOL CFG: ECU:0 FEN:1 FDM:1 ESD:0 FastSearch:4 LCTUFast:1 FastMrg:2 PBIntraFast:1 AMaxBT:1 FastQtBtEnc:1 ContentBasedFastQtbt:1 FastMIP:4 FastIntraTools:1 FastLocalDualTree:1 FastSubPel:1 QtbttExtraFast:2 IBCFastMethod:3 
RATE CONTROL CFG: RateControl:0 
PARALLEL PROCESSING CFG: NumThreads:0 MaxParallelFrames:0 WppBitEqual:0 WF:0

512 256 800 544 144 144
POC    0 TId: 0 (  IDR_N_LP, I-SLICE, QP 19 )     218376 bits [Y 43.7095 dB    U 44.9341 dB    V 45.4033 dB] [ET   455 ] [L0 ] [L1 ]
POC    8 TId: 2 (      STSA, B-SLICE, QP 23 )     111200 bits [Y 41.8380 dB    U 42.4329 dB    V 42.8834 dB] [ET   955 ] [L0 0 ] [L1 0 ]
POC    4 TId: 3 (      STSA, B-SLICE, QP 26 )      53376 bits [Y 39.9743 dB    U 41.7157 dB    V 42.0183 dB] [ET  1512 ] [L0 0 8 ] [L1 8 0 ]
POC    2 TId: 4 (      STSA, B-SLICE, QP 28 )      30160 bits [Y 38.9618 dB    U 41.8678 dB    V 42.1950 dB] [ET  1835 ] [L0 0 4 ] [L1 4 8 ]
POC    1 TId: 5 (      STSA, B-SLICE, QP 29 )      17592 bits [Y 38.8411 dB    U 42.2629 dB    V 42.8100 dB] [ET  1041 ] [L0 0 2 ] [L1 2 4 ]
POC    3 TId: 5 (      STSA, B-SLICE, QP 29 )      16808 bits [Y 38.4671 dB    U 41.3002 dB    V 41.6365 dB] [ET  1222 ] [L0 2 0 ] [L1 4 8 ]
POC    6 TId: 4 (      STSA, B-SLICE, QP 28 )      29288 bits [Y 38.8159 dB    U 41.1649 dB    V 41.5547 dB] [ET  1630 ] [L0 4 0 ] [L1 8 4 ]
POC    5 TId: 5 (      STSA, B-SLICE, QP 29 )      16176 bits [Y 38.3916 dB    U 41.0154 dB    V 41.5339 dB] [ET  1127 ] [L0 4 0 ] [L1 6 8 ]
POC    7 TId: 5 (      STSA, B-SLICE, QP 29 )      16416 bits [Y 38.4329 dB    U 41.1944 dB    V 41.6128 dB] [ET  1033 ] [L0 6 4 ] [L1 8 6 ]
POC    9 TId: 5 (      STSA, B-SLICE, QP 29 )      25312 bits [Y 38.3216 dB    U 40.7364 dB    V 41.1157 dB] [ET  1164 ] [L0 8 0 ] [L1 8 0 ]

	Total Frames |   Bitrate     Y-PSNR    U-PSNR    V-PSNR    YUV-PSNR   
	       10    a    1604.1120   39.5754   41.8625   42.2764   40.0120

 finished @ Wed Jul 13 11:48:50 2022
 Total Time:    11951.798 sec. [user]    11984.033 sec. [elapsed]

Level: 0
Inject Calls: 2389144232
Errors injected by bit:
	Bit 0: 2389615
	Bit 1: 2386389
	Bit 2: 2392061
	Bit 3: 2387523
	Bit 4: 2387243
	Bit 5: 2391488
	Bit 6: 2392948
	Bit 7: 2388997

Total errors injected: 19116264
