
vvencFFapp: Encoder Version 1.0.0 [Linux][GCC 9.4.0][64 bit][SIMD=AVX2]
 started @ Wed Jul 13 11:54:11 2022
CODING TOOL CFG: CTU128 QT44BTT21 IBD:1 CIP:0 SAO:1 ALF:1 (NonLinLuma:0 NonLinChr:0) CCALF:1 WPP:0 WPP-Substreams:1 TMVP:1 DQ:1 (Thr: 4) SDH:0 CST:1 BDOF:1 DMVR:1 MTSImplicit:1 SBT:0 JCbCr:1 CabacInitPresent:1 AMVR:5 SMVD:3 LMCS:1 (Signal:SDR Opt:0) CIIP:0 MIP:1 AFFINE:2 (PROF:1, Type:1) MMVD:3 DisFracMMVD:1 SbTMVP:1 GPM:3 LFNST:1 MTS:0 ISP:3 TS:2 TSLog2MaxSize:3 useChromaTS:0 BDPCM:2 IBC:2 
ENC. ALG. CFG: QPA:0 HAD:1 RDQ:1 RDQTS:1 ASR:1 MinSearchWindow:96 RestrictMESampling:0 EDO:2 MCTF:2 [L:0, T:0] 
FAST TOOL CFG: ECU:0 FEN:1 FDM:1 ESD:0 FastSearch:4 LCTUFast:1 FastMrg:2 PBIntraFast:1 AMaxBT:1 FastQtBtEnc:1 ContentBasedFastQtbt:1 FastMIP:4 FastIntraTools:1 FastLocalDualTree:1 FastSubPel:1 QtbttExtraFast:2 IBCFastMethod:3 
RATE CONTROL CFG: RateControl:0 
PARALLEL PROCESSING CFG: NumThreads:0 MaxParallelFrames:0 WppBitEqual:0 WF:0

512 256 800 544 144 144
POC    0 TId: 0 (  IDR_N_LP, I-SLICE, QP 19 )     218376 bits [Y 43.7095 dB    U 44.9341 dB    V 45.4033 dB] [ET   587 ] [L0 ] [L1 ]
POC    8 TId: 2 (      STSA, B-SLICE, QP 23 )     111112 bits [Y 41.8057 dB    U 42.5283 dB    V 42.9629 dB] [ET  1183 ] [L0 0 ] [L1 0 ]
POC    4 TId: 3 (      STSA, B-SLICE, QP 26 )      53744 bits [Y 39.9271 dB    U 41.8441 dB    V 42.2256 dB] [ET  1563 ] [L0 0 8 ] [L1 8 0 ]
POC    2 TId: 4 (      STSA, B-SLICE, QP 28 )      30168 bits [Y 38.8934 dB    U 41.8448 dB    V 42.2543 dB] [ET  1765 ] [L0 0 4 ] [L1 4 8 ]
POC    1 TId: 5 (      STSA, B-SLICE, QP 29 )      17464 bits [Y 38.8133 dB    U 42.2547 dB    V 42.9187 dB] [ET  1063 ] [L0 0 2 ] [L1 2 4 ]
POC    3 TId: 5 (      STSA, B-SLICE, QP 29 )      16720 bits [Y 38.4529 dB    U 41.3454 dB    V 41.6515 dB] [ET  1263 ] [L0 2 0 ] [L1 4 8 ]
POC    6 TId: 4 (      STSA, B-SLICE, QP 28 )      29224 bits [Y 38.7884 dB    U 41.1434 dB    V 41.7135 dB] [ET  1599 ] [L0 4 0 ] [L1 8 4 ]
POC    5 TId: 5 (      STSA, B-SLICE, QP 29 )      16120 bits [Y 38.3973 dB    U 41.0593 dB    V 41.6975 dB] [ET  1173 ] [L0 4 0 ] [L1 6 8 ]
POC    7 TId: 5 (      STSA, B-SLICE, QP 29 )      16016 bits [Y 38.3733 dB    U 41.2088 dB    V 41.7701 dB] [ET   986 ] [L0 6 4 ] [L1 8 6 ]
POC    9 TId: 5 (      STSA, B-SLICE, QP 29 )      24248 bits [Y 38.2120 dB    U 40.7189 dB    V 41.1788 dB] [ET  1169 ] [L0 8 0 ] [L1 8 0 ]

	Total Frames |   Bitrate     Y-PSNR    U-PSNR    V-PSNR    YUV-PSNR   
	       10    a    1599.5760   39.5373   41.8882   42.3776   39.9928

 finished @ Wed Jul 13 15:20:13 2022
 Total Time:    12327.449 sec. [user]    12362.156 sec. [elapsed]

Level: 0
Inject Calls: 2378839468
Errors injected by bit:
	Bit 0: 23866
	Bit 1: 23658
	Bit 2: 23516
	Bit 3: 23736
	Bit 4: 23526
	Bit 5: 23730
	Bit 6: 23874
	Bit 7: 23712

Total errors injected: 189618
