
vvencFFapp: Encoder Version 1.0.0 [Linux][GCC 9.4.0][64 bit][SIMD=AVX2]
 started @ Thu Jul 14 06:34:34 2022
CODING TOOL CFG: CTU128 QT44BTT21 IBD:1 CIP:0 SAO:1 ALF:1 (NonLinLuma:0 NonLinChr:0) CCALF:1 WPP:0 WPP-Substreams:1 TMVP:1 DQ:1 (Thr: 4) SDH:0 CST:1 BDOF:1 DMVR:1 MTSImplicit:1 SBT:0 JCbCr:1 CabacInitPresent:1 AMVR:5 SMVD:3 LMCS:1 (Signal:SDR Opt:0) CIIP:0 MIP:1 AFFINE:2 (PROF:1, Type:1) MMVD:3 DisFracMMVD:1 SbTMVP:1 GPM:3 LFNST:1 MTS:0 ISP:3 TS:2 TSLog2MaxSize:3 useChromaTS:0 BDPCM:2 IBC:2 
ENC. ALG. CFG: QPA:0 HAD:1 RDQ:1 RDQTS:1 ASR:1 MinSearchWindow:96 RestrictMESampling:0 EDO:2 MCTF:2 [L:0, T:0] 
FAST TOOL CFG: ECU:0 FEN:1 FDM:1 ESD:0 FastSearch:4 LCTUFast:1 FastMrg:2 PBIntraFast:1 AMaxBT:1 FastQtBtEnc:1 ContentBasedFastQtbt:1 FastMIP:4 FastIntraTools:1 FastLocalDualTree:1 FastSubPel:1 QtbttExtraFast:2 IBCFastMethod:3 
RATE CONTROL CFG: RateControl:0 
PARALLEL PROCESSING CFG: NumThreads:0 MaxParallelFrames:0 WppBitEqual:0 WF:0

512 256 800 544 144 144
POC    0 TId: 0 (  IDR_N_LP, I-SLICE, QP 29 )      88576 bits [Y 36.8846 dB    U 39.2203 dB    V 39.8543 dB] [ET   244 ] [L0 ] [L1 ]
POC    8 TId: 2 (      STSA, B-SLICE, QP 35 )      26984 bits [Y 32.9888 dB    U 36.2610 dB    V 36.5032 dB] [ET   734 ] [L0 0 ] [L1 0 ]
POC    4 TId: 3 (      STSA, B-SLICE, QP 38 )      11504 bits [Y 32.1080 dB    U 36.8938 dB    V 37.2126 dB] [ET  1418 ] [L0 0 8 ] [L1 8 0 ]
POC    2 TId: 4 (      STSA, B-SLICE, QP 40 )       5664 bits [Y 31.7303 dB    U 37.6144 dB    V 37.9734 dB] [ET  1290 ] [L0 0 4 ] [L1 4 8 ]
POC    1 TId: 5 (      STSA, B-SLICE, QP 41 )       2752 bits [Y 32.1550 dB    U 37.8556 dB    V 38.5336 dB] [ET   638 ] [L0 0 2 ] [L1 2 4 ]
POC    3 TId: 5 (      STSA, B-SLICE, QP 41 )       2696 bits [Y 31.2569 dB    U 36.9812 dB    V 37.3822 dB] [ET   893 ] [L0 2 0 ] [L1 4 8 ]
POC    6 TId: 4 (      STSA, B-SLICE, QP 40 )       5744 bits [Y 31.2647 dB    U 36.4335 dB    V 36.6538 dB] [ET  1193 ] [L0 4 0 ] [L1 8 4 ]
POC    5 TId: 5 (      STSA, B-SLICE, QP 41 )       2416 bits [Y 31.0948 dB    U 36.5576 dB    V 36.8924 dB] [ET   717 ] [L0 4 0 ] [L1 6 8 ]
POC    7 TId: 5 (      STSA, B-SLICE, QP 41 )       2320 bits [Y 31.2868 dB    U 36.1990 dB    V 36.4995 dB] [ET   494 ] [L0 6 4 ] [L1 8 6 ]
POC    9 TId: 5 (      STSA, B-SLICE, QP 41 )       4088 bits [Y 30.7682 dB    U 35.8313 dB    V 35.6052 dB] [ET   886 ] [L0 8 0 ] [L1 8 0 ]

	Total Frames |   Bitrate     Y-PSNR    U-PSNR    V-PSNR    YUV-PSNR   
	       10    a     458.2320   32.1538   36.9848   37.3110   33.0397

 finished @ Thu Jul 14 08:56:32 2022
 Total Time:     8493.115 sec. [user]     8517.829 sec. [elapsed]

Level: 0
Inject Calls: 1754004204
Errors injected by bit:
	Bit 0: 176121
	Bit 1: 175773
	Bit 2: 175220
	Bit 3: 175307
	Bit 4: 175363
	Bit 5: 176023
	Bit 6: 175661
	Bit 7: 175675

Total errors injected: 1405143
