
vvencFFapp: Encoder Version 1.0.0 [Linux][GCC 9.4.0][64 bit][SIMD=AVX2]
 started @ Wed Jul 27 20:40:19 2022
CODING TOOL CFG: CTU128 QT44BTT21 IBD:1 CIP:0 SAO:1 ALF:1 (NonLinLuma:0 NonLinChr:0) CCALF:1 WPP:0 WPP-Substreams:1 TMVP:1 DQ:1 (Thr: 4) SDH:0 CST:1 BDOF:1 DMVR:1 MTSImplicit:1 SBT:0 JCbCr:1 CabacInitPresent:1 AMVR:5 SMVD:3 LMCS:1 (Signal:SDR Opt:0) CIIP:0 MIP:1 AFFINE:2 (PROF:1, Type:1) MMVD:3 DisFracMMVD:1 SbTMVP:1 GPM:3 LFNST:1 MTS:0 ISP:3 TS:2 TSLog2MaxSize:3 useChromaTS:0 BDPCM:2 IBC:2 
ENC. ALG. CFG: QPA:0 HAD:1 RDQ:1 RDQTS:1 ASR:1 MinSearchWindow:96 RestrictMESampling:0 EDO:2 MCTF:2 [L:0, T:0] 
FAST TOOL CFG: ECU:0 FEN:1 FDM:1 ESD:0 FastSearch:4 LCTUFast:1 FastMrg:2 PBIntraFast:1 AMaxBT:1 FastQtBtEnc:1 ContentBasedFastQtbt:1 FastMIP:4 FastIntraTools:1 FastLocalDualTree:1 FastSubPel:1 QtbttExtraFast:2 IBCFastMethod:3 
RATE CONTROL CFG: RateControl:0 
PARALLEL PROCESSING CFG: NumThreads:0 MaxParallelFrames:0 WppBitEqual:0 WF:0

POC    0 TId: 0 (  IDR_N_LP, I-SLICE, QP 34 )      49944 bits [Y 33.3844 dB    U 36.7968 dB    V 37.1055 dB] [ET   717 ] [L0 ] [L1 ]
POC    8 TId: 2 (      STSA, B-SLICE, QP 40 )      14056 bits [Y 29.8100 dB    U 34.9010 dB    V 34.8721 dB] [ET   158 ] [L0 0 ] [L1 0 ]
POC    4 TId: 3 (      STSA, B-SLICE, QP 43 )       5600 bits [Y 29.1615 dB    U 35.3461 dB    V 35.1574 dB] [ET    58 ] [L0 0 8 ] [L1 8 0 ]
POC    2 TId: 4 (      STSA, B-SLICE, QP 45 )       2792 bits [Y 29.0440 dB    U 35.4944 dB    V 35.5249 dB] [ET    29 ] [L0 0 4 ] [L1 4 8 ]
POC    1 TId: 5 (      STSA, B-SLICE, QP 46 )       1336 bits [Y 29.5478 dB    U 35.8058 dB    V 36.1049 dB] [ET    12 ] [L0 0 2 ] [L1 2 4 ]
POC    3 TId: 5 (      STSA, B-SLICE, QP 46 )       1184 bits [Y 28.5324 dB    U 35.3286 dB    V 35.2976 dB] [ET    13 ] [L0 2 0 ] [L1 4 8 ]
POC    6 TId: 4 (      STSA, B-SLICE, QP 45 )       2712 bits [Y 28.4815 dB    U 34.8726 dB    V 34.7029 dB] [ET    28 ] [L0 4 0 ] [L1 8 4 ]
POC    5 TId: 5 (      STSA, B-SLICE, QP 46 )        944 bits [Y 28.3905 dB    U 34.8083 dB    V 34.9147 dB] [ET    11 ] [L0 4 0 ] [L1 6 8 ]
POC    7 TId: 5 (      STSA, B-SLICE, QP 46 )       1104 bits [Y 28.6632 dB    U 34.8495 dB    V 34.7787 dB] [ET     9 ] [L0 6 4 ] [L1 8 6 ]
POC    9 TId: 5 (      STSA, B-SLICE, QP 46 )       2168 bits [Y 28.2394 dB    U 34.3400 dB    V 34.0911 dB] [ET    14 ] [L0 8 0 ] [L1 8 0 ]

	Total Frames |   Bitrate     Y-PSNR    U-PSNR    V-PSNR    YUV-PSNR   
	       10    a     245.5200   29.3255   35.2543   35.2550   30.3896

 finished @ Wed Jul 27 20:58:00 2022
 Total Time:     1059.390 sec. [user]     1061.123 sec. [elapsed]

Level: 0
Inject Calls: 125480305
Errors injected by bit:
	Bit 0: 1271
	Bit 1: 1227
	Bit 2: 1237
	Bit 3: 1285
	Bit 4: 1229
	Bit 5: 1248
	Bit 6: 1271
	Bit 7: 1235

Total errors injected: 10003
