
vvencFFapp: Encoder Version 1.0.0 [Linux][GCC 9.4.0][64 bit][SIMD=AVX2]
 started @ Wed Jul 27 17:05:14 2022
CODING TOOL CFG: CTU128 QT44BTT21 IBD:1 CIP:0 SAO:1 ALF:1 (NonLinLuma:0 NonLinChr:0) CCALF:1 WPP:0 WPP-Substreams:1 TMVP:1 DQ:1 (Thr: 4) SDH:0 CST:1 BDOF:1 DMVR:1 MTSImplicit:1 SBT:0 JCbCr:1 CabacInitPresent:1 AMVR:5 SMVD:3 LMCS:1 (Signal:SDR Opt:0) CIIP:0 MIP:1 AFFINE:2 (PROF:1, Type:1) MMVD:3 DisFracMMVD:1 SbTMVP:1 GPM:3 LFNST:1 MTS:0 ISP:3 TS:2 TSLog2MaxSize:3 useChromaTS:0 BDPCM:2 IBC:2 
ENC. ALG. CFG: QPA:0 HAD:1 RDQ:1 RDQTS:1 ASR:1 MinSearchWindow:96 RestrictMESampling:0 EDO:2 MCTF:2 [L:0, T:0] 
FAST TOOL CFG: ECU:0 FEN:1 FDM:1 ESD:0 FastSearch:4 LCTUFast:1 FastMrg:2 PBIntraFast:1 AMaxBT:1 FastQtBtEnc:1 ContentBasedFastQtbt:1 FastMIP:4 FastIntraTools:1 FastLocalDualTree:1 FastSubPel:1 QtbttExtraFast:2 IBCFastMethod:3 
RATE CONTROL CFG: RateControl:0 
PARALLEL PROCESSING CFG: NumThreads:0 MaxParallelFrames:0 WppBitEqual:0 WF:0

POC    0 TId: 0 (  IDR_N_LP, I-SLICE, QP 24 )     143232 bits [Y 40.2777 dB    U 41.8194 dB    V 42.5982 dB] [ET   925 ] [L0 ] [L1 ]
POC    8 TId: 2 (      STSA, B-SLICE, QP 29 )      58816 bits [Y 37.2651 dB    U 39.1699 dB    V 39.5414 dB] [ET   326 ] [L0 0 ] [L1 0 ]
POC    4 TId: 3 (      STSA, B-SLICE, QP 32 )      25216 bits [Y 35.8346 dB    U 38.8187 dB    V 39.2277 dB] [ET   176 ] [L0 0 8 ] [L1 8 0 ]
POC    2 TId: 4 (      STSA, B-SLICE, QP 34 )      13648 bits [Y 35.2660 dB    U 39.1834 dB    V 39.8440 dB] [ET    96 ] [L0 0 4 ] [L1 4 8 ]
POC    1 TId: 5 (      STSA, B-SLICE, QP 36 )       6064 bits [Y 35.0534 dB    U 39.8192 dB    V 40.5005 dB] [ET    47 ] [L0 0 2 ] [L1 2 4 ]
POC    3 TId: 5 (      STSA, B-SLICE, QP 36 )       5832 bits [Y 34.4703 dB    U 38.6787 dB    V 39.2405 dB] [ET    41 ] [L0 2 0 ] [L1 4 8 ]
POC    6 TId: 4 (      STSA, B-SLICE, QP 34 )      13552 bits [Y 34.9633 dB    U 38.4966 dB    V 38.9266 dB] [ET    94 ] [L0 4 0 ] [L1 8 4 ]
POC    5 TId: 5 (      STSA, B-SLICE, QP 36 )       5520 bits [Y 34.3341 dB    U 38.4994 dB    V 38.9308 dB] [ET    41 ] [L0 4 0 ] [L1 6 8 ]
POC    7 TId: 5 (      STSA, B-SLICE, QP 36 )       5176 bits [Y 34.3956 dB    U 38.3984 dB    V 38.9292 dB] [ET    32 ] [L0 6 4 ] [L1 8 6 ]
POC    9 TId: 5 (      STSA, B-SLICE, QP 36 )       8840 bits [Y 34.0140 dB    U 37.9918 dB    V 37.9998 dB] [ET    54 ] [L0 8 0 ] [L1 8 0 ]

	Total Frames |   Bitrate     Y-PSNR    U-PSNR    V-PSNR    YUV-PSNR   
	       10    a     857.6880   35.5874   39.0876   39.5739   36.2483

 finished @ Wed Jul 27 17:35:55 2022
 Total Time:     1836.395 sec. [user]     1840.999 sec. [elapsed]

Level: 0
Inject Calls: 190730237
Errors injected by bit:
	Bit 0: 190990
	Bit 1: 191297
	Bit 2: 190941
	Bit 3: 190169
	Bit 4: 190762
	Bit 5: 191065
	Bit 6: 191217
	Bit 7: 191821

Total errors injected: 1528262
