
vvencFFapp: Encoder Version 1.0.0 [Linux][GCC 9.4.0][64 bit][SIMD=AVX2]
 started @ Wed Jul 27 17:40:15 2022
CODING TOOL CFG: CTU128 QT44BTT21 IBD:1 CIP:0 SAO:1 ALF:1 (NonLinLuma:0 NonLinChr:0) CCALF:1 WPP:0 WPP-Substreams:1 TMVP:1 DQ:1 (Thr: 4) SDH:0 CST:1 BDOF:1 DMVR:1 MTSImplicit:1 SBT:0 JCbCr:1 CabacInitPresent:1 AMVR:5 SMVD:3 LMCS:1 (Signal:SDR Opt:0) CIIP:0 MIP:1 AFFINE:2 (PROF:1, Type:1) MMVD:3 DisFracMMVD:1 SbTMVP:1 GPM:3 LFNST:1 MTS:0 ISP:3 TS:2 TSLog2MaxSize:3 useChromaTS:0 BDPCM:2 IBC:2 
ENC. ALG. CFG: QPA:0 HAD:1 RDQ:1 RDQTS:1 ASR:1 MinSearchWindow:96 RestrictMESampling:0 EDO:2 MCTF:2 [L:0, T:0] 
FAST TOOL CFG: ECU:0 FEN:1 FDM:1 ESD:0 FastSearch:4 LCTUFast:1 FastMrg:2 PBIntraFast:1 AMaxBT:1 FastQtBtEnc:1 ContentBasedFastQtbt:1 FastMIP:4 FastIntraTools:1 FastLocalDualTree:1 FastSubPel:1 QtbttExtraFast:2 IBCFastMethod:3 
RATE CONTROL CFG: RateControl:0 
PARALLEL PROCESSING CFG: NumThreads:0 MaxParallelFrames:0 WppBitEqual:0 WF:0

POC    0 TId: 0 (  IDR_N_LP, I-SLICE, QP 24 )     142608 bits [Y 40.3003 dB    U 41.7172 dB    V 42.5697 dB] [ET   888 ] [L0 ] [L1 ]
POC    8 TId: 2 (      STSA, B-SLICE, QP 29 )      59384 bits [Y 37.3299 dB    U 39.1916 dB    V 39.5209 dB] [ET   317 ] [L0 0 ] [L1 0 ]
POC    4 TId: 3 (      STSA, B-SLICE, QP 32 )      25336 bits [Y 35.9452 dB    U 38.7913 dB    V 39.2300 dB] [ET   174 ] [L0 0 8 ] [L1 8 0 ]
POC    2 TId: 4 (      STSA, B-SLICE, QP 34 )      13176 bits [Y 35.2631 dB    U 39.2354 dB    V 39.8587 dB] [ET    80 ] [L0 0 4 ] [L1 4 8 ]
POC    1 TId: 5 (      STSA, B-SLICE, QP 36 )       6144 bits [Y 35.0799 dB    U 39.6255 dB    V 40.5025 dB] [ET    30 ] [L0 0 2 ] [L1 2 4 ]
POC    3 TId: 5 (      STSA, B-SLICE, QP 36 )       5768 bits [Y 34.4866 dB    U 38.7476 dB    V 39.1232 dB] [ET    43 ] [L0 2 0 ] [L1 4 8 ]
POC    6 TId: 4 (      STSA, B-SLICE, QP 34 )      13032 bits [Y 34.9552 dB    U 38.3405 dB    V 38.8197 dB] [ET    97 ] [L0 4 0 ] [L1 8 4 ]
POC    5 TId: 5 (      STSA, B-SLICE, QP 36 )       5528 bits [Y 34.4213 dB    U 38.3601 dB    V 38.8532 dB] [ET    41 ] [L0 4 0 ] [L1 6 8 ]
POC    7 TId: 5 (      STSA, B-SLICE, QP 36 )       5160 bits [Y 34.3540 dB    U 38.4491 dB    V 39.0510 dB] [ET    38 ] [L0 6 4 ] [L1 8 6 ]
POC    9 TId: 5 (      STSA, B-SLICE, QP 36 )       9184 bits [Y 34.0415 dB    U 38.0011 dB    V 38.0788 dB] [ET    62 ] [L0 8 0 ] [L1 8 0 ]

	Total Frames |   Bitrate     Y-PSNR    U-PSNR    V-PSNR    YUV-PSNR   
	       10    a     855.9600   35.6177   39.0459   39.5608   36.2669

 finished @ Wed Jul 27 18:09:54 2022
 Total Time:     1774.019 sec. [user]     1778.800 sec. [elapsed]

Level: 0
Inject Calls: 190958838
Errors injected by bit:
	Bit 0: 1910
	Bit 1: 1953
	Bit 2: 1870
	Bit 3: 1892
	Bit 4: 1890
	Bit 5: 1981
	Bit 6: 1923
	Bit 7: 1945

Total errors injected: 15364
