
vvencFFapp: Encoder Version 1.0.0 [Linux][GCC 9.4.0][64 bit][SIMD=AVX2]
 started @ Wed Jul 27 19:25:17 2022
CODING TOOL CFG: CTU128 QT44BTT21 IBD:1 CIP:0 SAO:1 ALF:1 (NonLinLuma:0 NonLinChr:0) CCALF:1 WPP:0 WPP-Substreams:1 TMVP:1 DQ:1 (Thr: 4) SDH:0 CST:1 BDOF:1 DMVR:1 MTSImplicit:1 SBT:0 JCbCr:1 CabacInitPresent:1 AMVR:5 SMVD:3 LMCS:1 (Signal:SDR Opt:0) CIIP:0 MIP:1 AFFINE:2 (PROF:1, Type:1) MMVD:3 DisFracMMVD:1 SbTMVP:1 GPM:3 LFNST:1 MTS:0 ISP:3 TS:2 TSLog2MaxSize:3 useChromaTS:0 BDPCM:2 IBC:2 
ENC. ALG. CFG: QPA:0 HAD:1 RDQ:1 RDQTS:1 ASR:1 MinSearchWindow:96 RestrictMESampling:0 EDO:2 MCTF:2 [L:0, T:0] 
FAST TOOL CFG: ECU:0 FEN:1 FDM:1 ESD:0 FastSearch:4 LCTUFast:1 FastMrg:2 PBIntraFast:1 AMaxBT:1 FastQtBtEnc:1 ContentBasedFastQtbt:1 FastMIP:4 FastIntraTools:1 FastLocalDualTree:1 FastSubPel:1 QtbttExtraFast:2 IBCFastMethod:3 
RATE CONTROL CFG: RateControl:0 
PARALLEL PROCESSING CFG: NumThreads:0 MaxParallelFrames:0 WppBitEqual:0 WF:0

POC    0 TId: 0 (  IDR_N_LP, I-SLICE, QP 29 )      87968 bits [Y 36.8142 dB    U 39.1437 dB    V 39.9311 dB] [ET   829 ] [L0 ] [L1 ]
POC    8 TId: 2 (      STSA, B-SLICE, QP 35 )      27096 bits [Y 33.0284 dB    U 36.3659 dB    V 36.4398 dB] [ET   230 ] [L0 0 ] [L1 0 ]
POC    4 TId: 3 (      STSA, B-SLICE, QP 38 )      11760 bits [Y 32.1736 dB    U 36.7699 dB    V 37.2816 dB] [ET   111 ] [L0 0 8 ] [L1 8 0 ]
POC    2 TId: 4 (      STSA, B-SLICE, QP 40 )       5792 bits [Y 31.7877 dB    U 37.2699 dB    V 37.8788 dB] [ET    54 ] [L0 0 4 ] [L1 4 8 ]
POC    1 TId: 5 (      STSA, B-SLICE, QP 41 )       2608 bits [Y 32.1045 dB    U 37.7900 dB    V 38.4899 dB] [ET    24 ] [L0 0 2 ] [L1 2 4 ]
POC    3 TId: 5 (      STSA, B-SLICE, QP 41 )       2632 bits [Y 31.2363 dB    U 36.7527 dB    V 37.3312 dB] [ET    25 ] [L0 2 0 ] [L1 4 8 ]
POC    6 TId: 4 (      STSA, B-SLICE, QP 40 )       5720 bits [Y 31.2841 dB    U 36.3383 dB    V 36.5848 dB] [ET    48 ] [L0 4 0 ] [L1 8 4 ]
POC    5 TId: 5 (      STSA, B-SLICE, QP 41 )       2312 bits [Y 31.0515 dB    U 36.4195 dB    V 36.9047 dB] [ET    23 ] [L0 4 0 ] [L1 6 8 ]
POC    7 TId: 5 (      STSA, B-SLICE, QP 41 )       2344 bits [Y 31.3084 dB    U 36.1083 dB    V 36.3938 dB] [ET    14 ] [L0 6 4 ] [L1 8 6 ]
POC    9 TId: 5 (      STSA, B-SLICE, QP 41 )       4384 bits [Y 30.9011 dB    U 35.8186 dB    V 35.8003 dB] [ET    24 ] [L0 8 0 ] [L1 8 0 ]

	Total Frames |   Bitrate     Y-PSNR    U-PSNR    V-PSNR    YUV-PSNR   
	       10    a     457.8480   32.1690   36.8777   37.3036   33.0517

 finished @ Wed Jul 27 19:48:31 2022
 Total Time:     1390.652 sec. [user]     1393.432 sec. [elapsed]

Level: 0
Inject Calls: 150346828
Errors injected by bit:
	Bit 0: 1483
	Bit 1: 1526
	Bit 2: 1568
	Bit 3: 1491
	Bit 4: 1553
	Bit 5: 1476
	Bit 6: 1511
	Bit 7: 1494

Total errors injected: 12102
