
vvencFFapp: Encoder Version 1.0.0 [Linux][GCC 9.4.0][64 bit][SIMD=AVX2]
 started @ Wed Jul 27 19:20:17 2022
CODING TOOL CFG: CTU128 QT44BTT21 IBD:1 CIP:0 SAO:1 ALF:1 (NonLinLuma:0 NonLinChr:0) CCALF:1 WPP:0 WPP-Substreams:1 TMVP:1 DQ:1 (Thr: 4) SDH:0 CST:1 BDOF:1 DMVR:1 MTSImplicit:1 SBT:0 JCbCr:1 CabacInitPresent:1 AMVR:5 SMVD:3 LMCS:1 (Signal:SDR Opt:0) CIIP:0 MIP:1 AFFINE:2 (PROF:1, Type:1) MMVD:3 DisFracMMVD:1 SbTMVP:1 GPM:3 LFNST:1 MTS:0 ISP:3 TS:2 TSLog2MaxSize:3 useChromaTS:0 BDPCM:2 IBC:2 
ENC. ALG. CFG: QPA:0 HAD:1 RDQ:1 RDQTS:1 ASR:1 MinSearchWindow:96 RestrictMESampling:0 EDO:2 MCTF:2 [L:0, T:0] 
FAST TOOL CFG: ECU:0 FEN:1 FDM:1 ESD:0 FastSearch:4 LCTUFast:1 FastMrg:2 PBIntraFast:1 AMaxBT:1 FastQtBtEnc:1 ContentBasedFastQtbt:1 FastMIP:4 FastIntraTools:1 FastLocalDualTree:1 FastSubPel:1 QtbttExtraFast:2 IBCFastMethod:3 
RATE CONTROL CFG: RateControl:0 
PARALLEL PROCESSING CFG: NumThreads:0 MaxParallelFrames:0 WppBitEqual:0 WF:0

POC    0 TId: 0 (  IDR_N_LP, I-SLICE, QP 29 )      88232 bits [Y 36.8835 dB    U 39.1694 dB    V 39.8724 dB] [ET   733 ] [L0 ] [L1 ]
POC    8 TId: 2 (      STSA, B-SLICE, QP 35 )      26896 bits [Y 32.9071 dB    U 36.2843 dB    V 36.4893 dB] [ET   218 ] [L0 0 ] [L1 0 ]
POC    4 TId: 3 (      STSA, B-SLICE, QP 38 )      11648 bits [Y 32.1354 dB    U 36.7950 dB    V 37.1542 dB] [ET   114 ] [L0 0 8 ] [L1 8 0 ]
POC    2 TId: 4 (      STSA, B-SLICE, QP 40 )       5856 bits [Y 31.8738 dB    U 37.2600 dB    V 37.8175 dB] [ET    55 ] [L0 0 4 ] [L1 4 8 ]
POC    1 TId: 5 (      STSA, B-SLICE, QP 41 )       2712 bits [Y 32.2756 dB    U 37.6484 dB    V 38.2674 dB] [ET    25 ] [L0 0 2 ] [L1 2 4 ]
POC    3 TId: 5 (      STSA, B-SLICE, QP 41 )       2784 bits [Y 31.3515 dB    U 36.7575 dB    V 37.3431 dB] [ET    27 ] [L0 2 0 ] [L1 4 8 ]
POC    6 TId: 4 (      STSA, B-SLICE, QP 40 )       6088 bits [Y 31.3469 dB    U 36.4924 dB    V 36.8036 dB] [ET    50 ] [L0 4 0 ] [L1 8 4 ]
POC    5 TId: 5 (      STSA, B-SLICE, QP 41 )       2488 bits [Y 31.1847 dB    U 36.5143 dB    V 36.9632 dB] [ET    25 ] [L0 4 0 ] [L1 6 8 ]
POC    7 TId: 5 (      STSA, B-SLICE, QP 41 )       2416 bits [Y 31.3040 dB    U 36.2282 dB    V 36.5783 dB] [ET    24 ] [L0 6 4 ] [L1 8 6 ]
POC    9 TId: 5 (      STSA, B-SLICE, QP 41 )       4208 bits [Y 30.7707 dB    U 35.8948 dB    V 35.6915 dB] [ET    42 ] [L0 8 0 ] [L1 8 0 ]

	Total Frames |   Bitrate     Y-PSNR    U-PSNR    V-PSNR    YUV-PSNR   
	       10    a     459.9840   32.2033   36.9044   37.2980   33.0834

 finished @ Wed Jul 27 19:42:22 2022
 Total Time:     1323.036 sec. [user]     1324.641 sec. [elapsed]

Level: 0
Inject Calls: 150774142
Errors injected by bit:
	Bit 0: 1533
	Bit 1: 1508
	Bit 2: 1499
	Bit 3: 1545
	Bit 4: 1435
	Bit 5: 1467
	Bit 6: 1563
	Bit 7: 1528

Total errors injected: 12078
