
vvencFFapp: Encoder Version 1.0.0 [Linux][GCC 9.4.0][64 bit][SIMD=AVX2]
 started @ Wed Jul 27 08:53:21 2022
CODING TOOL CFG: CTU128 QT44BTT21 IBD:1 CIP:0 SAO:1 ALF:1 (NonLinLuma:0 NonLinChr:0) CCALF:1 WPP:0 WPP-Substreams:1 TMVP:1 DQ:1 (Thr: 4) SDH:0 CST:1 BDOF:1 DMVR:1 MTSImplicit:1 SBT:0 JCbCr:1 CabacInitPresent:1 AMVR:5 SMVD:3 LMCS:1 (Signal:SDR Opt:0) CIIP:0 MIP:1 AFFINE:2 (PROF:1, Type:1) MMVD:3 DisFracMMVD:1 SbTMVP:1 GPM:3 LFNST:1 MTS:0 ISP:3 TS:2 TSLog2MaxSize:3 useChromaTS:0 BDPCM:2 IBC:2 
ENC. ALG. CFG: QPA:0 HAD:1 RDQ:1 RDQTS:1 ASR:1 MinSearchWindow:96 RestrictMESampling:0 EDO:2 MCTF:2 [L:0, T:0] 
FAST TOOL CFG: ECU:0 FEN:1 FDM:1 ESD:0 FastSearch:4 LCTUFast:1 FastMrg:2 PBIntraFast:1 AMaxBT:1 FastQtBtEnc:1 ContentBasedFastQtbt:1 FastMIP:4 FastIntraTools:1 FastLocalDualTree:1 FastSubPel:1 QtbttExtraFast:2 IBCFastMethod:3 
RATE CONTROL CFG: RateControl:0 
PARALLEL PROCESSING CFG: NumThreads:0 MaxParallelFrames:0 WppBitEqual:0 WF:0

POC    0 TId: 0 (  IDR_N_LP, I-SLICE, QP 19 )     218904 bits [Y 43.4505 dB    U 44.9463 dB    V 45.4236 dB] [ET   934 ] [L0 ] [L1 ]
POC    8 TId: 2 (      STSA, B-SLICE, QP 23 )     112608 bits [Y 41.8438 dB    U 42.5790 dB    V 42.9373 dB] [ET   389 ] [L0 0 ] [L1 0 ]
POC    4 TId: 3 (      STSA, B-SLICE, QP 26 )      53488 bits [Y 39.9296 dB    U 41.6604 dB    V 42.1382 dB] [ET   163 ] [L0 0 8 ] [L1 8 0 ]
POC    2 TId: 4 (      STSA, B-SLICE, QP 28 )      29904 bits [Y 38.9195 dB    U 41.8320 dB    V 42.0903 dB] [ET    99 ] [L0 0 4 ] [L1 4 8 ]
POC    1 TId: 5 (      STSA, B-SLICE, QP 29 )      17448 bits [Y 38.8255 dB    U 42.2574 dB    V 42.7256 dB] [ET    59 ] [L0 0 2 ] [L1 2 4 ]
POC    3 TId: 5 (      STSA, B-SLICE, QP 29 )      16752 bits [Y 38.4132 dB    U 41.2337 dB    V 41.6494 dB] [ET    54 ] [L0 2 0 ] [L1 4 8 ]
POC    6 TId: 4 (      STSA, B-SLICE, QP 28 )      28968 bits [Y 38.7779 dB    U 41.1468 dB    V 41.5260 dB] [ET    94 ] [L0 4 0 ] [L1 8 4 ]
POC    5 TId: 5 (      STSA, B-SLICE, QP 29 )      15744 bits [Y 38.2941 dB    U 41.0257 dB    V 41.6316 dB] [ET    53 ] [L0 4 0 ] [L1 6 8 ]
POC    7 TId: 5 (      STSA, B-SLICE, QP 29 )      16088 bits [Y 38.3704 dB    U 41.2328 dB    V 41.6117 dB] [ET    53 ] [L0 6 4 ] [L1 8 6 ]
POC    9 TId: 5 (      STSA, B-SLICE, QP 29 )      24888 bits [Y 38.2236 dB    U 40.7897 dB    V 41.1583 dB] [ET    80 ] [L0 8 0 ] [L1 8 0 ]

	Total Frames |   Bitrate     Y-PSNR    U-PSNR    V-PSNR    YUV-PSNR   
	       10    a    1604.3760   39.5048   41.8704   42.2892   39.9652

 finished @ Wed Jul 27 09:26:29 2022
 Total Time:     1982.236 sec. [user]     1987.315 sec. [elapsed]

Level: 0
Inject Calls: 249801430
Errors injected by bit:
	Bit 0: 249268
	Bit 1: 250254
	Bit 2: 248745
	Bit 3: 249799
	Bit 4: 249766
	Bit 5: 250146
	Bit 6: 250523
	Bit 7: 248965

Total errors injected: 1997466
