
vvencFFapp: Encoder Version 1.0.0 [Linux][GCC 9.4.0][64 bit][SIMD=AVX2]
 started @ Wed Jul 27 14:55:12 2022
CODING TOOL CFG: CTU128 QT44BTT21 IBD:1 CIP:0 SAO:1 ALF:1 (NonLinLuma:0 NonLinChr:0) CCALF:1 WPP:0 WPP-Substreams:1 TMVP:1 DQ:1 (Thr: 4) SDH:0 CST:1 BDOF:1 DMVR:1 MTSImplicit:1 SBT:0 JCbCr:1 CabacInitPresent:1 AMVR:5 SMVD:3 LMCS:1 (Signal:SDR Opt:0) CIIP:0 MIP:1 AFFINE:2 (PROF:1, Type:1) MMVD:3 DisFracMMVD:1 SbTMVP:1 GPM:3 LFNST:1 MTS:0 ISP:3 TS:2 TSLog2MaxSize:3 useChromaTS:0 BDPCM:2 IBC:2 
ENC. ALG. CFG: QPA:0 HAD:1 RDQ:1 RDQTS:1 ASR:1 MinSearchWindow:96 RestrictMESampling:0 EDO:2 MCTF:2 [L:0, T:0] 
FAST TOOL CFG: ECU:0 FEN:1 FDM:1 ESD:0 FastSearch:4 LCTUFast:1 FastMrg:2 PBIntraFast:1 AMaxBT:1 FastQtBtEnc:1 ContentBasedFastQtbt:1 FastMIP:4 FastIntraTools:1 FastLocalDualTree:1 FastSubPel:1 QtbttExtraFast:2 IBCFastMethod:3 
RATE CONTROL CFG: RateControl:0 
PARALLEL PROCESSING CFG: NumThreads:0 MaxParallelFrames:0 WppBitEqual:0 WF:0

POC    0 TId: 0 (  IDR_N_LP, I-SLICE, QP 19 )     219056 bits [Y 43.5555 dB    U 44.8728 dB    V 45.3784 dB] [ET  1020 ] [L0 ] [L1 ]
POC    8 TId: 2 (      STSA, B-SLICE, QP 23 )     111240 bits [Y 41.8211 dB    U 42.4963 dB    V 42.9080 dB] [ET   405 ] [L0 0 ] [L1 0 ]
POC    4 TId: 3 (      STSA, B-SLICE, QP 26 )      54088 bits [Y 39.9905 dB    U 41.7548 dB    V 42.1323 dB] [ET   253 ] [L0 0 8 ] [L1 8 0 ]
POC    2 TId: 4 (      STSA, B-SLICE, QP 28 )      30632 bits [Y 38.9634 dB    U 41.8795 dB    V 42.2977 dB] [ET   158 ] [L0 0 4 ] [L1 4 8 ]
POC    1 TId: 5 (      STSA, B-SLICE, QP 29 )      17280 bits [Y 38.8525 dB    U 42.2565 dB    V 42.7787 dB] [ET    94 ] [L0 0 2 ] [L1 2 4 ]
POC    3 TId: 5 (      STSA, B-SLICE, QP 29 )      16776 bits [Y 38.4525 dB    U 41.3093 dB    V 41.7703 dB] [ET    87 ] [L0 2 0 ] [L1 4 8 ]
POC    6 TId: 4 (      STSA, B-SLICE, QP 28 )      29384 bits [Y 38.8534 dB    U 41.1149 dB    V 41.6408 dB] [ET   153 ] [L0 4 0 ] [L1 8 4 ]
POC    5 TId: 5 (      STSA, B-SLICE, QP 29 )      15360 bits [Y 38.3046 dB    U 41.0081 dB    V 41.6187 dB] [ET    85 ] [L0 4 0 ] [L1 6 8 ]
POC    7 TId: 5 (      STSA, B-SLICE, QP 29 )      16432 bits [Y 38.4317 dB    U 41.1594 dB    V 41.6308 dB] [ET    85 ] [L0 6 4 ] [L1 8 6 ]
POC    9 TId: 5 (      STSA, B-SLICE, QP 29 )      25248 bits [Y 38.2783 dB    U 40.7615 dB    V 41.0770 dB] [ET   124 ] [L0 8 0 ] [L1 8 0 ]

	Total Frames |   Bitrate     Y-PSNR    U-PSNR    V-PSNR    YUV-PSNR   
	       10    a    1606.4880   39.5503   41.8613   42.3233   40.0032

 finished @ Wed Jul 27 15:36:25 2022
 Total Time:     2465.742 sec. [user]     2473.226 sec. [elapsed]

Level: 0
Inject Calls: 250633920
Errors injected by bit:
	Bit 0: 25056
	Bit 1: 25135
	Bit 2: 25001
	Bit 3: 25013
	Bit 4: 24848
	Bit 5: 25091
	Bit 6: 25094
	Bit 7: 25072

Total errors injected: 200310
