
vvencFFapp: Encoder Version 1.0.0 [Linux][GCC 9.4.0][64 bit][SIMD=AVX2]
 started @ Wed Jul 27 14:55:12 2022
CODING TOOL CFG: CTU128 QT44BTT21 IBD:1 CIP:0 SAO:1 ALF:1 (NonLinLuma:0 NonLinChr:0) CCALF:1 WPP:0 WPP-Substreams:1 TMVP:1 DQ:1 (Thr: 4) SDH:0 CST:1 BDOF:1 DMVR:1 MTSImplicit:1 SBT:0 JCbCr:1 CabacInitPresent:1 AMVR:5 SMVD:3 LMCS:1 (Signal:SDR Opt:0) CIIP:0 MIP:1 AFFINE:2 (PROF:1, Type:1) MMVD:3 DisFracMMVD:1 SbTMVP:1 GPM:3 LFNST:1 MTS:0 ISP:3 TS:2 TSLog2MaxSize:3 useChromaTS:0 BDPCM:2 IBC:2 
ENC. ALG. CFG: QPA:0 HAD:1 RDQ:1 RDQTS:1 ASR:1 MinSearchWindow:96 RestrictMESampling:0 EDO:2 MCTF:2 [L:0, T:0] 
FAST TOOL CFG: ECU:0 FEN:1 FDM:1 ESD:0 FastSearch:4 LCTUFast:1 FastMrg:2 PBIntraFast:1 AMaxBT:1 FastQtBtEnc:1 ContentBasedFastQtbt:1 FastMIP:4 FastIntraTools:1 FastLocalDualTree:1 FastSubPel:1 QtbttExtraFast:2 IBCFastMethod:3 
RATE CONTROL CFG: RateControl:0 
PARALLEL PROCESSING CFG: NumThreads:0 MaxParallelFrames:0 WppBitEqual:0 WF:0

POC    0 TId: 0 (  IDR_N_LP, I-SLICE, QP 19 )     218568 bits [Y 43.7207 dB    U 44.8885 dB    V 45.3890 dB] [ET  1041 ] [L0 ] [L1 ]
POC    8 TId: 2 (      STSA, B-SLICE, QP 23 )     111320 bits [Y 41.7938 dB    U 42.4818 dB    V 42.8743 dB] [ET   405 ] [L0 0 ] [L1 0 ]
POC    4 TId: 3 (      STSA, B-SLICE, QP 26 )      55696 bits [Y 39.9403 dB    U 41.6775 dB    V 42.0383 dB] [ET   259 ] [L0 0 8 ] [L1 8 0 ]
POC    2 TId: 4 (      STSA, B-SLICE, QP 28 )      30328 bits [Y 38.9496 dB    U 41.8542 dB    V 42.1862 dB] [ET   158 ] [L0 0 4 ] [L1 4 8 ]
POC    1 TId: 5 (      STSA, B-SLICE, QP 29 )      17424 bits [Y 38.9026 dB    U 42.1074 dB    V 42.7973 dB] [ET    97 ] [L0 0 2 ] [L1 2 4 ]
POC    3 TId: 5 (      STSA, B-SLICE, QP 29 )      16336 bits [Y 38.4225 dB    U 41.2439 dB    V 41.5872 dB] [ET    87 ] [L0 2 0 ] [L1 4 8 ]
POC    6 TId: 4 (      STSA, B-SLICE, QP 28 )      28896 bits [Y 38.8188 dB    U 41.1340 dB    V 41.4579 dB] [ET   151 ] [L0 4 0 ] [L1 8 4 ]
POC    5 TId: 5 (      STSA, B-SLICE, QP 29 )      15776 bits [Y 38.3554 dB    U 41.0951 dB    V 41.5858 dB] [ET    86 ] [L0 4 0 ] [L1 6 8 ]
POC    7 TId: 5 (      STSA, B-SLICE, QP 29 )      16144 bits [Y 38.3957 dB    U 41.1730 dB    V 41.5996 dB] [ET    86 ] [L0 6 4 ] [L1 8 6 ]
POC    9 TId: 5 (      STSA, B-SLICE, QP 29 )      25496 bits [Y 38.2384 dB    U 40.7154 dB    V 41.1951 dB] [ET   115 ] [L0 8 0 ] [L1 8 0 ]

	Total Frames |   Bitrate     Y-PSNR    U-PSNR    V-PSNR    YUV-PSNR   
	       10    a    1607.9520   39.5538   41.8371   42.2711   39.9901

 finished @ Wed Jul 27 15:36:47 2022
 Total Time:     2486.132 sec. [user]     2494.749 sec. [elapsed]

Level: 0
Inject Calls: 254019136
Errors injected by bit:
	Bit 0: 25386
	Bit 1: 25541
	Bit 2: 25323
	Bit 3: 25515
	Bit 4: 25249
	Bit 5: 25430
	Bit 6: 25339
	Bit 7: 25413

Total errors injected: 203196
