
vvencFFapp: Encoder Version 1.0.0 [Linux][GCC 9.4.0][64 bit][SIMD=AVX2]
 started @ Wed Jul 27 19:00:17 2022
CODING TOOL CFG: CTU128 QT44BTT21 IBD:1 CIP:0 SAO:1 ALF:1 (NonLinLuma:0 NonLinChr:0) CCALF:1 WPP:0 WPP-Substreams:1 TMVP:1 DQ:1 (Thr: 4) SDH:0 CST:1 BDOF:1 DMVR:1 MTSImplicit:1 SBT:0 JCbCr:1 CabacInitPresent:1 AMVR:5 SMVD:3 LMCS:1 (Signal:SDR Opt:0) CIIP:0 MIP:1 AFFINE:2 (PROF:1, Type:1) MMVD:3 DisFracMMVD:1 SbTMVP:1 GPM:3 LFNST:1 MTS:0 ISP:3 TS:2 TSLog2MaxSize:3 useChromaTS:0 BDPCM:2 IBC:2 
ENC. ALG. CFG: QPA:0 HAD:1 RDQ:1 RDQTS:1 ASR:1 MinSearchWindow:96 RestrictMESampling:0 EDO:2 MCTF:2 [L:0, T:0] 
FAST TOOL CFG: ECU:0 FEN:1 FDM:1 ESD:0 FastSearch:4 LCTUFast:1 FastMrg:2 PBIntraFast:1 AMaxBT:1 FastQtBtEnc:1 ContentBasedFastQtbt:1 FastMIP:4 FastIntraTools:1 FastLocalDualTree:1 FastSubPel:1 QtbttExtraFast:2 IBCFastMethod:3 
RATE CONTROL CFG: RateControl:0 
PARALLEL PROCESSING CFG: NumThreads:0 MaxParallelFrames:0 WppBitEqual:0 WF:0

POC    0 TId: 0 (  IDR_N_LP, I-SLICE, QP 29 )      87528 bits [Y 36.8187 dB    U 39.1697 dB    V 39.9125 dB] [ET   798 ] [L0 ] [L1 ]
POC    8 TId: 2 (      STSA, B-SLICE, QP 35 )      27712 bits [Y 32.9738 dB    U 36.1132 dB    V 36.2833 dB] [ET   241 ] [L0 0 ] [L1 0 ]
POC    4 TId: 3 (      STSA, B-SLICE, QP 38 )      11544 bits [Y 32.0806 dB    U 36.7559 dB    V 37.0936 dB] [ET   116 ] [L0 0 8 ] [L1 8 0 ]
POC    2 TId: 4 (      STSA, B-SLICE, QP 40 )       5616 bits [Y 31.7481 dB    U 37.1546 dB    V 37.7335 dB] [ET    51 ] [L0 0 4 ] [L1 4 8 ]
POC    1 TId: 5 (      STSA, B-SLICE, QP 41 )       2800 bits [Y 32.1371 dB    U 37.7475 dB    V 38.4223 dB] [ET    26 ] [L0 0 2 ] [L1 2 4 ]
POC    3 TId: 5 (      STSA, B-SLICE, QP 41 )       2800 bits [Y 31.3224 dB    U 36.6871 dB    V 37.1130 dB] [ET    27 ] [L0 2 0 ] [L1 4 8 ]
POC    6 TId: 4 (      STSA, B-SLICE, QP 40 )       5832 bits [Y 31.2762 dB    U 36.2682 dB    V 36.6270 dB] [ET    50 ] [L0 4 0 ] [L1 8 4 ]
POC    5 TId: 5 (      STSA, B-SLICE, QP 41 )       2600 bits [Y 31.2585 dB    U 36.4053 dB    V 36.7366 dB] [ET    24 ] [L0 4 0 ] [L1 6 8 ]
POC    7 TId: 5 (      STSA, B-SLICE, QP 41 )       2384 bits [Y 31.2485 dB    U 36.1213 dB    V 36.4021 dB] [ET    20 ] [L0 6 4 ] [L1 8 6 ]
POC    9 TId: 5 (      STSA, B-SLICE, QP 41 )       4136 bits [Y 30.7523 dB    U 35.6798 dB    V 35.7430 dB] [ET    38 ] [L0 8 0 ] [L1 8 0 ]

	Total Frames |   Bitrate     Y-PSNR    U-PSNR    V-PSNR    YUV-PSNR   
	       10    a     458.8560   32.1616   36.8103   37.2067   33.0347

 finished @ Wed Jul 27 19:23:41 2022
 Total Time:     1399.210 sec. [user]     1403.459 sec. [elapsed]

Level: 0
Inject Calls: 154514330
Errors injected by bit:
	Bit 0: 15420
	Bit 1: 15382
	Bit 2: 15499
	Bit 3: 15545
	Bit 4: 15699
	Bit 5: 15382
	Bit 6: 15287
	Bit 7: 15482

Total errors injected: 123696
