
vvencFFapp: Encoder Version 1.0.0 [Linux][GCC 9.4.0][64 bit][SIMD=AVX2]
 started @ Wed Jul 27 17:05:15 2022
CODING TOOL CFG: CTU128 QT44BTT21 IBD:1 CIP:0 SAO:1 ALF:1 (NonLinLuma:0 NonLinChr:0) CCALF:1 WPP:0 WPP-Substreams:1 TMVP:1 DQ:1 (Thr: 4) SDH:0 CST:1 BDOF:1 DMVR:1 MTSImplicit:1 SBT:0 JCbCr:1 CabacInitPresent:1 AMVR:5 SMVD:3 LMCS:1 (Signal:SDR Opt:0) CIIP:0 MIP:1 AFFINE:2 (PROF:1, Type:1) MMVD:3 DisFracMMVD:1 SbTMVP:1 GPM:3 LFNST:1 MTS:0 ISP:3 TS:2 TSLog2MaxSize:3 useChromaTS:0 BDPCM:2 IBC:2 
ENC. ALG. CFG: QPA:0 HAD:1 RDQ:1 RDQTS:1 ASR:1 MinSearchWindow:96 RestrictMESampling:0 EDO:2 MCTF:2 [L:0, T:0] 
FAST TOOL CFG: ECU:0 FEN:1 FDM:1 ESD:0 FastSearch:4 LCTUFast:1 FastMrg:2 PBIntraFast:1 AMaxBT:1 FastQtBtEnc:1 ContentBasedFastQtbt:1 FastMIP:4 FastIntraTools:1 FastLocalDualTree:1 FastSubPel:1 QtbttExtraFast:2 IBCFastMethod:3 
RATE CONTROL CFG: RateControl:0 
PARALLEL PROCESSING CFG: NumThreads:0 MaxParallelFrames:0 WppBitEqual:0 WF:0

POC    0 TId: 0 (  IDR_N_LP, I-SLICE, QP 24 )     143304 bits [Y 40.2416 dB    U 41.7966 dB    V 42.6647 dB] [ET   906 ] [L0 ] [L1 ]
POC    8 TId: 2 (      STSA, B-SLICE, QP 29 )      58800 bits [Y 37.2420 dB    U 39.1565 dB    V 39.4609 dB] [ET   321 ] [L0 0 ] [L1 0 ]
POC    4 TId: 3 (      STSA, B-SLICE, QP 32 )      25552 bits [Y 35.8715 dB    U 38.8236 dB    V 39.2860 dB] [ET   175 ] [L0 0 8 ] [L1 8 0 ]
POC    2 TId: 4 (      STSA, B-SLICE, QP 34 )      13648 bits [Y 35.2887 dB    U 39.4114 dB    V 39.8359 dB] [ET    98 ] [L0 0 4 ] [L1 4 8 ]
POC    1 TId: 5 (      STSA, B-SLICE, QP 36 )       6080 bits [Y 35.1411 dB    U 39.7132 dB    V 40.5280 dB] [ET    48 ] [L0 0 2 ] [L1 2 4 ]
POC    3 TId: 5 (      STSA, B-SLICE, QP 36 )       5840 bits [Y 34.4697 dB    U 38.8240 dB    V 39.3047 dB] [ET    43 ] [L0 2 0 ] [L1 4 8 ]
POC    6 TId: 4 (      STSA, B-SLICE, QP 34 )      13320 bits [Y 34.9678 dB    U 38.5863 dB    V 38.8225 dB] [ET    92 ] [L0 4 0 ] [L1 8 4 ]
POC    5 TId: 5 (      STSA, B-SLICE, QP 36 )       5344 bits [Y 34.3793 dB    U 38.4292 dB    V 38.8947 dB] [ET    41 ] [L0 4 0 ] [L1 6 8 ]
POC    7 TId: 5 (      STSA, B-SLICE, QP 36 )       5432 bits [Y 34.4191 dB    U 38.4804 dB    V 38.8164 dB] [ET    39 ] [L0 6 4 ] [L1 8 6 ]
POC    9 TId: 5 (      STSA, B-SLICE, QP 36 )       9104 bits [Y 33.9835 dB    U 38.0957 dB    V 38.1262 dB] [ET    60 ] [L0 8 0 ] [L1 8 0 ]

	Total Frames |   Bitrate     Y-PSNR    U-PSNR    V-PSNR    YUV-PSNR   
	       10    a     859.2720   35.6004   39.1317   39.5740   36.2666

 finished @ Wed Jul 27 17:35:48 2022
 Total Time:     1830.133 sec. [user]     1833.735 sec. [elapsed]

Level: 0
Inject Calls: 194421714
Errors injected by bit:
	Bit 0: 194546
	Bit 1: 195238
	Bit 2: 193857
	Bit 3: 194467
	Bit 4: 194362
	Bit 5: 193768
	Bit 6: 194162
	Bit 7: 194897

Total errors injected: 1555297
