
vvencFFapp: Encoder Version 1.0.0 [Linux][GCC 9.4.0][64 bit][SIMD=AVX2]
 started @ Wed Jul 27 17:10:15 2022
CODING TOOL CFG: CTU128 QT44BTT21 IBD:1 CIP:0 SAO:1 ALF:1 (NonLinLuma:0 NonLinChr:0) CCALF:1 WPP:0 WPP-Substreams:1 TMVP:1 DQ:1 (Thr: 4) SDH:0 CST:1 BDOF:1 DMVR:1 MTSImplicit:1 SBT:0 JCbCr:1 CabacInitPresent:1 AMVR:5 SMVD:3 LMCS:1 (Signal:SDR Opt:0) CIIP:0 MIP:1 AFFINE:2 (PROF:1, Type:1) MMVD:3 DisFracMMVD:1 SbTMVP:1 GPM:3 LFNST:1 MTS:0 ISP:3 TS:2 TSLog2MaxSize:3 useChromaTS:0 BDPCM:2 IBC:2 
ENC. ALG. CFG: QPA:0 HAD:1 RDQ:1 RDQTS:1 ASR:1 MinSearchWindow:96 RestrictMESampling:0 EDO:2 MCTF:2 [L:0, T:0] 
FAST TOOL CFG: ECU:0 FEN:1 FDM:1 ESD:0 FastSearch:4 LCTUFast:1 FastMrg:2 PBIntraFast:1 AMaxBT:1 FastQtBtEnc:1 ContentBasedFastQtbt:1 FastMIP:4 FastIntraTools:1 FastLocalDualTree:1 FastSubPel:1 QtbttExtraFast:2 IBCFastMethod:3 
RATE CONTROL CFG: RateControl:0 
PARALLEL PROCESSING CFG: NumThreads:0 MaxParallelFrames:0 WppBitEqual:0 WF:0

POC    0 TId: 0 (  IDR_N_LP, I-SLICE, QP 24 )     142768 bits [Y 40.3399 dB    U 41.7495 dB    V 42.5984 dB] [ET   914 ] [L0 ] [L1 ]
POC    8 TId: 2 (      STSA, B-SLICE, QP 29 )      58392 bits [Y 37.3112 dB    U 39.2515 dB    V 39.5393 dB] [ET   322 ] [L0 0 ] [L1 0 ]
POC    4 TId: 3 (      STSA, B-SLICE, QP 32 )      25376 bits [Y 35.8509 dB    U 38.8307 dB    V 39.3666 dB] [ET   176 ] [L0 0 8 ] [L1 8 0 ]
POC    2 TId: 4 (      STSA, B-SLICE, QP 34 )      13240 bits [Y 35.1563 dB    U 39.2934 dB    V 39.8230 dB] [ET    95 ] [L0 0 4 ] [L1 4 8 ]
POC    1 TId: 5 (      STSA, B-SLICE, QP 36 )       6016 bits [Y 35.0292 dB    U 39.7335 dB    V 40.4342 dB] [ET    40 ] [L0 0 2 ] [L1 2 4 ]
POC    3 TId: 5 (      STSA, B-SLICE, QP 36 )       6008 bits [Y 34.4547 dB    U 38.7587 dB    V 39.2897 dB] [ET    26 ] [L0 2 0 ] [L1 4 8 ]
POC    6 TId: 4 (      STSA, B-SLICE, QP 34 )      13448 bits [Y 34.9830 dB    U 38.4795 dB    V 38.9159 dB] [ET    60 ] [L0 4 0 ] [L1 8 4 ]
POC    5 TId: 5 (      STSA, B-SLICE, QP 36 )       5688 bits [Y 34.3763 dB    U 38.4790 dB    V 39.0126 dB] [ET    26 ] [L0 4 0 ] [L1 6 8 ]
POC    7 TId: 5 (      STSA, B-SLICE, QP 36 )       5416 bits [Y 34.4567 dB    U 38.4732 dB    V 39.0026 dB] [ET    23 ] [L0 6 4 ] [L1 8 6 ]
POC    9 TId: 5 (      STSA, B-SLICE, QP 36 )       9080 bits [Y 34.0136 dB    U 38.0945 dB    V 38.0712 dB] [ET    39 ] [L0 8 0 ] [L1 8 0 ]

	Total Frames |   Bitrate     Y-PSNR    U-PSNR    V-PSNR    YUV-PSNR   
	       10    a     856.2960   35.5972   39.1144   39.6053   36.2589

 finished @ Wed Jul 27 17:39:05 2022
 Total Time:     1725.231 sec. [user]     1730.201 sec. [elapsed]

Level: 0
Inject Calls: 189825429
Errors injected by bit:
	Bit 0: 18932
	Bit 1: 18911
	Bit 2: 18740
	Bit 3: 19077
	Bit 4: 18718
	Bit 5: 18867
	Bit 6: 18965
	Bit 7: 18735

Total errors injected: 150945
