
vvencFFapp: Encoder Version 1.0.0 [Linux][GCC 9.4.0][64 bit][SIMD=AVX2]
 started @ Wed Jul 27 15:40:13 2022
CODING TOOL CFG: CTU128 QT44BTT21 IBD:1 CIP:0 SAO:1 ALF:1 (NonLinLuma:0 NonLinChr:0) CCALF:1 WPP:0 WPP-Substreams:1 TMVP:1 DQ:1 (Thr: 4) SDH:0 CST:1 BDOF:1 DMVR:1 MTSImplicit:1 SBT:0 JCbCr:1 CabacInitPresent:1 AMVR:5 SMVD:3 LMCS:1 (Signal:SDR Opt:0) CIIP:0 MIP:1 AFFINE:2 (PROF:1, Type:1) MMVD:3 DisFracMMVD:1 SbTMVP:1 GPM:3 LFNST:1 MTS:0 ISP:3 TS:2 TSLog2MaxSize:3 useChromaTS:0 BDPCM:2 IBC:2 
ENC. ALG. CFG: QPA:0 HAD:1 RDQ:1 RDQTS:1 ASR:1 MinSearchWindow:96 RestrictMESampling:0 EDO:2 MCTF:2 [L:0, T:0] 
FAST TOOL CFG: ECU:0 FEN:1 FDM:1 ESD:0 FastSearch:4 LCTUFast:1 FastMrg:2 PBIntraFast:1 AMaxBT:1 FastQtBtEnc:1 ContentBasedFastQtbt:1 FastMIP:4 FastIntraTools:1 FastLocalDualTree:1 FastSubPel:1 QtbttExtraFast:2 IBCFastMethod:3 
RATE CONTROL CFG: RateControl:0 
PARALLEL PROCESSING CFG: NumThreads:0 MaxParallelFrames:0 WppBitEqual:0 WF:0

POC    0 TId: 0 (  IDR_N_LP, I-SLICE, QP 19 )     218624 bits [Y 43.7170 dB    U 44.9368 dB    V 45.4243 dB] [ET  1022 ] [L0 ] [L1 ]
POC    8 TId: 2 (      STSA, B-SLICE, QP 23 )     111552 bits [Y 41.8455 dB    U 42.5494 dB    V 43.0368 dB] [ET   403 ] [L0 0 ] [L1 0 ]
POC    4 TId: 3 (      STSA, B-SLICE, QP 26 )      53808 bits [Y 39.9738 dB    U 41.7537 dB    V 42.2158 dB] [ET   251 ] [L0 0 8 ] [L1 8 0 ]
POC    2 TId: 4 (      STSA, B-SLICE, QP 28 )      29888 bits [Y 38.9390 dB    U 41.9177 dB    V 42.2913 dB] [ET   156 ] [L0 0 4 ] [L1 4 8 ]
POC    1 TId: 5 (      STSA, B-SLICE, QP 29 )      17192 bits [Y 38.8440 dB    U 42.3212 dB    V 42.9619 dB] [ET    96 ] [L0 0 2 ] [L1 2 4 ]
POC    3 TId: 5 (      STSA, B-SLICE, QP 29 )      16768 bits [Y 38.4522 dB    U 41.2947 dB    V 41.7334 dB] [ET    88 ] [L0 2 0 ] [L1 4 8 ]
POC    6 TId: 4 (      STSA, B-SLICE, QP 28 )      29552 bits [Y 38.8419 dB    U 41.2124 dB    V 41.7713 dB] [ET   153 ] [L0 4 0 ] [L1 8 4 ]
POC    5 TId: 5 (      STSA, B-SLICE, QP 29 )      15768 bits [Y 38.3568 dB    U 41.0555 dB    V 41.7725 dB] [ET    85 ] [L0 4 0 ] [L1 6 8 ]
POC    7 TId: 5 (      STSA, B-SLICE, QP 29 )      16088 bits [Y 38.4210 dB    U 41.0966 dB    V 41.7833 dB] [ET    82 ] [L0 6 4 ] [L1 8 6 ]
POC    9 TId: 5 (      STSA, B-SLICE, QP 29 )      24984 bits [Y 38.2864 dB    U 40.7639 dB    V 41.2018 dB] [ET   129 ] [L0 8 0 ] [L1 8 0 ]

	Total Frames |   Bitrate     Y-PSNR    U-PSNR    V-PSNR    YUV-PSNR   
	       10    a    1602.6720   39.5678   41.8902   42.4192   40.0215

 finished @ Wed Jul 27 16:21:27 2022
 Total Time:     2465.258 sec. [user]     2473.880 sec. [elapsed]

Level: 0
Inject Calls: 250861764
Errors injected by bit:
	Bit 0: 254
	Bit 1: 249
	Bit 2: 246
	Bit 3: 270
	Bit 4: 284
	Bit 5: 262
	Bit 6: 252
	Bit 7: 240

Total errors injected: 2057
