
vvencFFapp: Encoder Version 1.0.0 [Linux][GCC 9.4.0][64 bit][SIMD=AVX2]
 started @ Wed Jul 27 17:05:14 2022
CODING TOOL CFG: CTU128 QT44BTT21 IBD:1 CIP:0 SAO:1 ALF:1 (NonLinLuma:0 NonLinChr:0) CCALF:1 WPP:0 WPP-Substreams:1 TMVP:1 DQ:1 (Thr: 4) SDH:0 CST:1 BDOF:1 DMVR:1 MTSImplicit:1 SBT:0 JCbCr:1 CabacInitPresent:1 AMVR:5 SMVD:3 LMCS:1 (Signal:SDR Opt:0) CIIP:0 MIP:1 AFFINE:2 (PROF:1, Type:1) MMVD:3 DisFracMMVD:1 SbTMVP:1 GPM:3 LFNST:1 MTS:0 ISP:3 TS:2 TSLog2MaxSize:3 useChromaTS:0 BDPCM:2 IBC:2 
ENC. ALG. CFG: QPA:0 HAD:1 RDQ:1 RDQTS:1 ASR:1 MinSearchWindow:96 RestrictMESampling:0 EDO:2 MCTF:2 [L:0, T:0] 
FAST TOOL CFG: ECU:0 FEN:1 FDM:1 ESD:0 FastSearch:4 LCTUFast:1 FastMrg:2 PBIntraFast:1 AMaxBT:1 FastQtBtEnc:1 ContentBasedFastQtbt:1 FastMIP:4 FastIntraTools:1 FastLocalDualTree:1 FastSubPel:1 QtbttExtraFast:2 IBCFastMethod:3 
RATE CONTROL CFG: RateControl:0 
PARALLEL PROCESSING CFG: NumThreads:0 MaxParallelFrames:0 WppBitEqual:0 WF:0

POC    0 TId: 0 (  IDR_N_LP, I-SLICE, QP 24 )     142752 bits [Y 40.1539 dB    U 41.7163 dB    V 42.4732 dB] [ET   952 ] [L0 ] [L1 ]
POC    8 TId: 2 (      STSA, B-SLICE, QP 29 )      59808 bits [Y 37.2555 dB    U 39.1591 dB    V 39.4442 dB] [ET   260 ] [L0 0 ] [L1 0 ]
POC    4 TId: 3 (      STSA, B-SLICE, QP 32 )      25432 bits [Y 35.8843 dB    U 38.8066 dB    V 39.3443 dB] [ET   186 ] [L0 0 8 ] [L1 8 0 ]
POC    2 TId: 4 (      STSA, B-SLICE, QP 34 )      13800 bits [Y 35.2805 dB    U 39.3142 dB    V 39.9843 dB] [ET    97 ] [L0 0 4 ] [L1 4 8 ]
POC    1 TId: 5 (      STSA, B-SLICE, QP 36 )       5912 bits [Y 35.0372 dB    U 39.8311 dB    V 40.5733 dB] [ET    46 ] [L0 0 2 ] [L1 2 4 ]
POC    3 TId: 5 (      STSA, B-SLICE, QP 36 )       5696 bits [Y 34.4144 dB    U 38.7382 dB    V 39.3339 dB] [ET    44 ] [L0 2 0 ] [L1 4 8 ]
POC    6 TId: 4 (      STSA, B-SLICE, QP 34 )      13440 bits [Y 34.8928 dB    U 38.3644 dB    V 38.9986 dB] [ET    96 ] [L0 4 0 ] [L1 8 4 ]
POC    5 TId: 5 (      STSA, B-SLICE, QP 36 )       5376 bits [Y 34.3500 dB    U 38.3912 dB    V 39.1471 dB] [ET    42 ] [L0 4 0 ] [L1 6 8 ]
POC    7 TId: 5 (      STSA, B-SLICE, QP 36 )       5752 bits [Y 34.5075 dB    U 38.4940 dB    V 38.9473 dB] [ET    37 ] [L0 6 4 ] [L1 8 6 ]
POC    9 TId: 5 (      STSA, B-SLICE, QP 36 )       9120 bits [Y 33.9482 dB    U 38.0774 dB    V 37.9840 dB] [ET    47 ] [L0 8 0 ] [L1 8 0 ]

	Total Frames |   Bitrate     Y-PSNR    U-PSNR    V-PSNR    YUV-PSNR   
	       10    a     861.2640   35.5724   39.0892   39.6230   36.2464

 finished @ Wed Jul 27 17:35:33 2022
 Total Time:     1814.045 sec. [user]     1818.214 sec. [elapsed]

Level: 0
Inject Calls: 194361061
Errors injected by bit:
	Bit 0: 194810
	Bit 1: 194249
	Bit 2: 194851
	Bit 3: 195043
	Bit 4: 194091
	Bit 5: 194487
	Bit 6: 194213
	Bit 7: 194535

Total errors injected: 1556279
