
vvencFFapp: Encoder Version 1.0.0 [Linux][GCC 9.4.0][64 bit][SIMD=AVX2]
 started @ Wed Jul 27 18:15:16 2022
CODING TOOL CFG: CTU128 QT44BTT21 IBD:1 CIP:0 SAO:1 ALF:1 (NonLinLuma:0 NonLinChr:0) CCALF:1 WPP:0 WPP-Substreams:1 TMVP:1 DQ:1 (Thr: 4) SDH:0 CST:1 BDOF:1 DMVR:1 MTSImplicit:1 SBT:0 JCbCr:1 CabacInitPresent:1 AMVR:5 SMVD:3 LMCS:1 (Signal:SDR Opt:0) CIIP:0 MIP:1 AFFINE:2 (PROF:1, Type:1) MMVD:3 DisFracMMVD:1 SbTMVP:1 GPM:3 LFNST:1 MTS:0 ISP:3 TS:2 TSLog2MaxSize:3 useChromaTS:0 BDPCM:2 IBC:2 
ENC. ALG. CFG: QPA:0 HAD:1 RDQ:1 RDQTS:1 ASR:1 MinSearchWindow:96 RestrictMESampling:0 EDO:2 MCTF:2 [L:0, T:0] 
FAST TOOL CFG: ECU:0 FEN:1 FDM:1 ESD:0 FastSearch:4 LCTUFast:1 FastMrg:2 PBIntraFast:1 AMaxBT:1 FastQtBtEnc:1 ContentBasedFastQtbt:1 FastMIP:4 FastIntraTools:1 FastLocalDualTree:1 FastSubPel:1 QtbttExtraFast:2 IBCFastMethod:3 
RATE CONTROL CFG: RateControl:0 
PARALLEL PROCESSING CFG: NumThreads:0 MaxParallelFrames:0 WppBitEqual:0 WF:0

POC    0 TId: 0 (  IDR_N_LP, I-SLICE, QP 24 )     143192 bits [Y 40.3260 dB    U 41.9221 dB    V 42.6348 dB] [ET   921 ] [L0 ] [L1 ]
POC    8 TId: 2 (      STSA, B-SLICE, QP 29 )      58976 bits [Y 37.2981 dB    U 39.2205 dB    V 39.6049 dB] [ET   295 ] [L0 0 ] [L1 0 ]
POC    4 TId: 3 (      STSA, B-SLICE, QP 32 )      25192 bits [Y 35.8608 dB    U 38.8388 dB    V 39.3196 dB] [ET   173 ] [L0 0 8 ] [L1 8 0 ]
POC    2 TId: 4 (      STSA, B-SLICE, QP 34 )      13808 bits [Y 35.2808 dB    U 39.2631 dB    V 39.8398 dB] [ET    84 ] [L0 0 4 ] [L1 4 8 ]
POC    1 TId: 5 (      STSA, B-SLICE, QP 36 )       6176 bits [Y 35.1417 dB    U 39.8093 dB    V 40.5950 dB] [ET    39 ] [L0 0 2 ] [L1 2 4 ]
POC    3 TId: 5 (      STSA, B-SLICE, QP 36 )       5608 bits [Y 34.4148 dB    U 38.8378 dB    V 39.2355 dB] [ET    44 ] [L0 2 0 ] [L1 4 8 ]
POC    6 TId: 4 (      STSA, B-SLICE, QP 34 )      12968 bits [Y 34.9197 dB    U 38.4408 dB    V 39.0659 dB] [ET    95 ] [L0 4 0 ] [L1 8 4 ]
POC    5 TId: 5 (      STSA, B-SLICE, QP 36 )       5432 bits [Y 34.3606 dB    U 38.4394 dB    V 39.0699 dB] [ET    36 ] [L0 4 0 ] [L1 6 8 ]
POC    7 TId: 5 (      STSA, B-SLICE, QP 36 )       5424 bits [Y 34.4125 dB    U 38.5544 dB    V 39.0941 dB] [ET    33 ] [L0 6 4 ] [L1 8 6 ]
POC    9 TId: 5 (      STSA, B-SLICE, QP 36 )       8680 bits [Y 33.9141 dB    U 38.0858 dB    V 38.0719 dB] [ET    54 ] [L0 8 0 ] [L1 8 0 ]

	Total Frames |   Bitrate     Y-PSNR    U-PSNR    V-PSNR    YUV-PSNR   
	       10    a     856.3680   35.5929   39.1412   39.6532   36.2570

 finished @ Wed Jul 27 18:45:02 2022
 Total Time:     1782.496 sec. [user]     1785.321 sec. [elapsed]

Level: 0
Inject Calls: 191067370
Errors injected by bit:
	Bit 0: 17
	Bit 1: 19
	Bit 2: 12
	Bit 3: 21
	Bit 4: 19
	Bit 5: 14
	Bit 6: 13
	Bit 7: 25

Total errors injected: 140
