
vvencFFapp: Encoder Version 1.0.0 [Linux][GCC 9.4.0][64 bit][SIMD=AVX2]
 started @ Wed Jul 27 15:40:13 2022
CODING TOOL CFG: CTU128 QT44BTT21 IBD:1 CIP:0 SAO:1 ALF:1 (NonLinLuma:0 NonLinChr:0) CCALF:1 WPP:0 WPP-Substreams:1 TMVP:1 DQ:1 (Thr: 4) SDH:0 CST:1 BDOF:1 DMVR:1 MTSImplicit:1 SBT:0 JCbCr:1 CabacInitPresent:1 AMVR:5 SMVD:3 LMCS:1 (Signal:SDR Opt:0) CIIP:0 MIP:1 AFFINE:2 (PROF:1, Type:1) MMVD:3 DisFracMMVD:1 SbTMVP:1 GPM:3 LFNST:1 MTS:0 ISP:3 TS:2 TSLog2MaxSize:3 useChromaTS:0 BDPCM:2 IBC:2 
ENC. ALG. CFG: QPA:0 HAD:1 RDQ:1 RDQTS:1 ASR:1 MinSearchWindow:96 RestrictMESampling:0 EDO:2 MCTF:2 [L:0, T:0] 
FAST TOOL CFG: ECU:0 FEN:1 FDM:1 ESD:0 FastSearch:4 LCTUFast:1 FastMrg:2 PBIntraFast:1 AMaxBT:1 FastQtBtEnc:1 ContentBasedFastQtbt:1 FastMIP:4 FastIntraTools:1 FastLocalDualTree:1 FastSubPel:1 QtbttExtraFast:2 IBCFastMethod:3 
RATE CONTROL CFG: RateControl:0 
PARALLEL PROCESSING CFG: NumThreads:0 MaxParallelFrames:0 WppBitEqual:0 WF:0

POC    0 TId: 0 (  IDR_N_LP, I-SLICE, QP 19 )     218424 bits [Y 43.7386 dB    U 44.9469 dB    V 45.3426 dB] [ET  1021 ] [L0 ] [L1 ]
POC    8 TId: 2 (      STSA, B-SLICE, QP 23 )     111824 bits [Y 41.8141 dB    U 42.4569 dB    V 42.9951 dB] [ET   404 ] [L0 0 ] [L1 0 ]
POC    4 TId: 3 (      STSA, B-SLICE, QP 26 )      54720 bits [Y 39.9173 dB    U 41.7538 dB    V 42.1582 dB] [ET   253 ] [L0 0 8 ] [L1 8 0 ]
POC    2 TId: 4 (      STSA, B-SLICE, QP 28 )      30592 bits [Y 38.9544 dB    U 41.8075 dB    V 42.2077 dB] [ET   157 ] [L0 0 4 ] [L1 4 8 ]
POC    1 TId: 5 (      STSA, B-SLICE, QP 29 )      17784 bits [Y 38.8623 dB    U 42.1858 dB    V 42.8924 dB] [ET    95 ] [L0 0 2 ] [L1 2 4 ]
POC    3 TId: 5 (      STSA, B-SLICE, QP 29 )      16608 bits [Y 38.4293 dB    U 41.2668 dB    V 41.6420 dB] [ET    86 ] [L0 2 0 ] [L1 4 8 ]
POC    6 TId: 4 (      STSA, B-SLICE, QP 28 )      29096 bits [Y 38.7918 dB    U 41.0398 dB    V 41.6292 dB] [ET   152 ] [L0 4 0 ] [L1 8 4 ]
POC    5 TId: 5 (      STSA, B-SLICE, QP 29 )      16280 bits [Y 38.3097 dB    U 41.0519 dB    V 41.6983 dB] [ET    86 ] [L0 4 0 ] [L1 6 8 ]
POC    7 TId: 5 (      STSA, B-SLICE, QP 29 )      16016 bits [Y 38.3718 dB    U 41.0722 dB    V 41.7870 dB] [ET    85 ] [L0 6 4 ] [L1 8 6 ]
POC    9 TId: 5 (      STSA, B-SLICE, QP 29 )      25472 bits [Y 38.3109 dB    U 40.6620 dB    V 41.2451 dB] [ET   129 ] [L0 8 0 ] [L1 8 0 ]

	Total Frames |   Bitrate     Y-PSNR    U-PSNR    V-PSNR    YUV-PSNR   
	       10    a    1610.4480   39.5500   41.8244   42.3597   39.9929

 finished @ Wed Jul 27 16:21:32 2022
 Total Time:     2473.836 sec. [user]     2479.402 sec. [elapsed]

Level: 0
Inject Calls: 251369141
Errors injected by bit:
	Bit 0: 2544
	Bit 1: 2465
	Bit 2: 2535
	Bit 3: 2475
	Bit 4: 2550
	Bit 5: 2514
	Bit 6: 2479
	Bit 7: 2505

Total errors injected: 20067
