
vvencFFapp: Encoder Version 1.0.0 [Linux][GCC 9.4.0][64 bit][SIMD=AVX2]
 started @ Wed Jul 27 14:55:12 2022
CODING TOOL CFG: CTU128 QT44BTT21 IBD:1 CIP:0 SAO:1 ALF:1 (NonLinLuma:0 NonLinChr:0) CCALF:1 WPP:0 WPP-Substreams:1 TMVP:1 DQ:1 (Thr: 4) SDH:0 CST:1 BDOF:1 DMVR:1 MTSImplicit:1 SBT:0 JCbCr:1 CabacInitPresent:1 AMVR:5 SMVD:3 LMCS:1 (Signal:SDR Opt:0) CIIP:0 MIP:1 AFFINE:2 (PROF:1, Type:1) MMVD:3 DisFracMMVD:1 SbTMVP:1 GPM:3 LFNST:1 MTS:0 ISP:3 TS:2 TSLog2MaxSize:3 useChromaTS:0 BDPCM:2 IBC:2 
ENC. ALG. CFG: QPA:0 HAD:1 RDQ:1 RDQTS:1 ASR:1 MinSearchWindow:96 RestrictMESampling:0 EDO:2 MCTF:2 [L:0, T:0] 
FAST TOOL CFG: ECU:0 FEN:1 FDM:1 ESD:0 FastSearch:4 LCTUFast:1 FastMrg:2 PBIntraFast:1 AMaxBT:1 FastQtBtEnc:1 ContentBasedFastQtbt:1 FastMIP:4 FastIntraTools:1 FastLocalDualTree:1 FastSubPel:1 QtbttExtraFast:2 IBCFastMethod:3 
RATE CONTROL CFG: RateControl:0 
PARALLEL PROCESSING CFG: NumThreads:0 MaxParallelFrames:0 WppBitEqual:0 WF:0

POC    0 TId: 0 (  IDR_N_LP, I-SLICE, QP 19 )     219296 bits [Y 43.7367 dB    U 44.8347 dB    V 45.3929 dB] [ET  1026 ] [L0 ] [L1 ]
POC    8 TId: 2 (      STSA, B-SLICE, QP 23 )     110520 bits [Y 41.8002 dB    U 42.5294 dB    V 42.9564 dB] [ET   403 ] [L0 0 ] [L1 0 ]
POC    4 TId: 3 (      STSA, B-SLICE, QP 26 )      53424 bits [Y 39.9359 dB    U 41.7828 dB    V 42.2339 dB] [ET   253 ] [L0 0 8 ] [L1 8 0 ]
POC    2 TId: 4 (      STSA, B-SLICE, QP 28 )      29992 bits [Y 38.9304 dB    U 41.7373 dB    V 42.2309 dB] [ET   159 ] [L0 0 4 ] [L1 4 8 ]
POC    1 TId: 5 (      STSA, B-SLICE, QP 29 )      17704 bits [Y 38.8811 dB    U 42.3009 dB    V 42.8149 dB] [ET    94 ] [L0 0 2 ] [L1 2 4 ]
POC    3 TId: 5 (      STSA, B-SLICE, QP 29 )      16504 bits [Y 38.4150 dB    U 41.2064 dB    V 41.6939 dB] [ET    86 ] [L0 2 0 ] [L1 4 8 ]
POC    6 TId: 4 (      STSA, B-SLICE, QP 28 )      29768 bits [Y 38.8326 dB    U 41.1685 dB    V 41.7044 dB] [ET   152 ] [L0 4 0 ] [L1 8 4 ]
POC    5 TId: 5 (      STSA, B-SLICE, QP 29 )      15952 bits [Y 38.3761 dB    U 41.0718 dB    V 41.7406 dB] [ET    87 ] [L0 4 0 ] [L1 6 8 ]
POC    7 TId: 5 (      STSA, B-SLICE, QP 29 )      16248 bits [Y 38.4833 dB    U 41.2171 dB    V 41.7506 dB] [ET    83 ] [L0 6 4 ] [L1 8 6 ]
POC    9 TId: 5 (      STSA, B-SLICE, QP 29 )      25016 bits [Y 38.2607 dB    U 40.7464 dB    V 41.2387 dB] [ET   128 ] [L0 8 0 ] [L1 8 0 ]

	Total Frames |   Bitrate     Y-PSNR    U-PSNR    V-PSNR    YUV-PSNR   
	       10    a    1603.2720   39.5652   41.8595   42.3757   40.0142

 finished @ Wed Jul 27 15:36:34 2022
 Total Time:     2470.923 sec. [user]     2481.604 sec. [elapsed]

Level: 0
Inject Calls: 250854061
Errors injected by bit:
	Bit 0: 2475
	Bit 1: 2443
	Bit 2: 2523
	Bit 3: 2529
	Bit 4: 2495
	Bit 5: 2578
	Bit 6: 2525
	Bit 7: 2568

Total errors injected: 20136
