
vvencFFapp: Encoder Version 1.0.0 [Linux][GCC 9.4.0][64 bit][SIMD=AVX2]
 started @ Thu Jul  7 03:03:32 2022
CODING TOOL CFG: CTU128 QT44BTT21 IBD:1 CIP:0 SAO:1 ALF:1 (NonLinLuma:0 NonLinChr:0) CCALF:1 WPP:0 WPP-Substreams:1 TMVP:1 DQ:1 (Thr: 4) SDH:0 CST:1 BDOF:1 DMVR:1 MTSImplicit:1 SBT:0 JCbCr:1 CabacInitPresent:1 AMVR:5 SMVD:3 LMCS:1 (Signal:SDR Opt:0) CIIP:0 MIP:1 AFFINE:2 (PROF:1, Type:1) MMVD:3 DisFracMMVD:1 SbTMVP:1 GPM:3 LFNST:1 MTS:0 ISP:3 TS:2 TSLog2MaxSize:3 useChromaTS:0 BDPCM:2 IBC:2 
ENC. ALG. CFG: QPA:0 HAD:1 RDQ:1 RDQTS:1 ASR:1 MinSearchWindow:96 RestrictMESampling:0 EDO:2 MCTF:2 [L:0, T:0] 
FAST TOOL CFG: ECU:0 FEN:1 FDM:1 ESD:0 FastSearch:4 LCTUFast:1 FastMrg:2 PBIntraFast:1 AMaxBT:1 FastQtBtEnc:1 ContentBasedFastQtbt:1 FastMIP:4 FastIntraTools:1 FastLocalDualTree:1 FastSubPel:1 QtbttExtraFast:2 IBCFastMethod:3 
RATE CONTROL CFG: RateControl:0 
PARALLEL PROCESSING CFG: NumThreads:0 MaxParallelFrames:0 WppBitEqual:0 WF:0

POC    0 TId: 0 (  IDR_N_LP, I-SLICE, QP 29 )      99920 bits [Y 31.2967 dB    U 38.8967 dB    V 39.4212 dB] [ET  3675 ] [L0 ] [L1 ]
POC    8 TId: 2 (      STSA, B-SLICE, QP 35 )      27520 bits [Y 29.5090 dB    U 35.0481 dB    V 34.7710 dB] [ET   879 ] [L0 0 ] [L1 0 ]
POC    4 TId: 3 (      STSA, B-SLICE, QP 38 )      10064 bits [Y 29.9001 dB    U 36.2874 dB    V 36.3198 dB] [ET   756 ] [L0 0 8 ] [L1 8 0 ]
POC    2 TId: 4 (      STSA, B-SLICE, QP 40 )       5272 bits [Y 29.9914 dB    U 36.9414 dB    V 37.1606 dB] [ET   627 ] [L0 0 4 ] [L1 4 8 ]
POC    1 TId: 5 (      STSA, B-SLICE, QP 41 )       2248 bits [Y 30.1951 dB    U 37.1088 dB    V 37.7978 dB] [ET   463 ] [L0 0 2 ] [L1 2 4 ]
POC    3 TId: 5 (      STSA, B-SLICE, QP 41 )       2456 bits [Y 29.8173 dB    U 36.4102 dB    V 36.7493 dB] [ET   515 ] [L0 2 0 ] [L1 4 8 ]
POC    6 TId: 4 (      STSA, B-SLICE, QP 40 )       5872 bits [Y 29.6942 dB    U 35.7864 dB    V 35.8197 dB] [ET   659 ] [L0 4 0 ] [L1 8 4 ]
POC    5 TId: 5 (      STSA, B-SLICE, QP 41 )       2136 bits [Y 29.4817 dB    U 35.5208 dB    V 35.9586 dB] [ET   473 ] [L0 4 0 ] [L1 6 8 ]
POC    7 TId: 5 (      STSA, B-SLICE, QP 41 )       2216 bits [Y 29.3810 dB    U 35.3809 dB    V 35.5156 dB] [ET   464 ] [L0 6 4 ] [L1 8 6 ]
POC    9 TId: 5 (      STSA, B-SLICE, QP 41 )       4144 bits [Y 28.7286 dB    U 34.6457 dB    V 34.0197 dB] [ET   524 ] [L0 8 0 ] [L1 8 0 ]

	Total Frames |   Bitrate     Y-PSNR    U-PSNR    V-PSNR    YUV-PSNR   
	       10    a     485.5440   29.7995   36.2026   36.3533   31.0386

 finished @ Thu Jul  7 05:34:17 2022
 Total Time:     8986.043 sec. [user]     9044.899 sec. [elapsed]

Level: 0
Inject Calls: 1760182976
Errors injected by bit:
	Bit 0: 1760261
	Bit 1: 1760545
	Bit 2: 1759021
	Bit 3: 1758346
	Bit 4: 1759161
	Bit 5: 1759170
	Bit 6: 1759738
	Bit 7: 1761691

Total errors injected: 14077933
