
vvencFFapp: Encoder Version 1.0.0 [Linux][GCC 9.4.0][64 bit][SIMD=AVX2]
 started @ Wed Jul  6 18:58:23 2022
CODING TOOL CFG: CTU128 QT44BTT21 IBD:1 CIP:0 SAO:1 ALF:1 (NonLinLuma:0 NonLinChr:0) CCALF:1 WPP:0 WPP-Substreams:1 TMVP:1 DQ:1 (Thr: 4) SDH:0 CST:1 BDOF:1 DMVR:1 MTSImplicit:1 SBT:0 JCbCr:1 CabacInitPresent:1 AMVR:5 SMVD:3 LMCS:1 (Signal:SDR Opt:0) CIIP:0 MIP:1 AFFINE:2 (PROF:1, Type:1) MMVD:3 DisFracMMVD:1 SbTMVP:1 GPM:3 LFNST:1 MTS:0 ISP:3 TS:2 TSLog2MaxSize:3 useChromaTS:0 BDPCM:2 IBC:2 
ENC. ALG. CFG: QPA:0 HAD:1 RDQ:1 RDQTS:1 ASR:1 MinSearchWindow:96 RestrictMESampling:0 EDO:2 MCTF:2 [L:0, T:0] 
FAST TOOL CFG: ECU:0 FEN:1 FDM:1 ESD:0 FastSearch:4 LCTUFast:1 FastMrg:2 PBIntraFast:1 AMaxBT:1 FastQtBtEnc:1 ContentBasedFastQtbt:1 FastMIP:4 FastIntraTools:1 FastLocalDualTree:1 FastSubPel:1 QtbttExtraFast:2 IBCFastMethod:3 
RATE CONTROL CFG: RateControl:0 
PARALLEL PROCESSING CFG: NumThreads:0 MaxParallelFrames:0 WppBitEqual:0 WF:0

POC    0 TId: 0 (  IDR_N_LP, I-SLICE, QP 24 )     161352 bits [Y 31.8108 dB    U 41.5133 dB    V 42.1859 dB] [ET  3845 ] [L0 ] [L1 ]
POC    8 TId: 2 (      STSA, B-SLICE, QP 29 )      64216 bits [Y 32.0069 dB    U 37.2402 dB    V 37.5085 dB] [ET  1018 ] [L0 0 ] [L1 0 ]
POC    4 TId: 3 (      STSA, B-SLICE, QP 32 )      23712 bits [Y 32.5473 dB    U 37.9939 dB    V 38.3139 dB] [ET   836 ] [L0 0 8 ] [L1 8 0 ]
POC    2 TId: 4 (      STSA, B-SLICE, QP 34 )      12352 bits [Y 32.2202 dB    U 38.5188 dB    V 39.0789 dB] [ET   694 ] [L0 0 4 ] [L1 4 8 ]
POC    1 TId: 5 (      STSA, B-SLICE, QP 36 )       5560 bits [Y 31.8283 dB    U 38.3680 dB    V 39.4155 dB] [ET   515 ] [L0 0 2 ] [L1 2 4 ]
POC    3 TId: 5 (      STSA, B-SLICE, QP 36 )       4448 bits [Y 31.6177 dB    U 37.9056 dB    V 38.2967 dB] [ET   479 ] [L0 2 0 ] [L1 4 8 ]
POC    6 TId: 4 (      STSA, B-SLICE, QP 34 )      12088 bits [Y 32.1287 dB    U 37.2995 dB    V 37.7636 dB] [ET   677 ] [L0 4 0 ] [L1 8 4 ]
POC    5 TId: 5 (      STSA, B-SLICE, QP 36 )       4728 bits [Y 31.6085 dB    U 37.2671 dB    V 37.9590 dB] [ET   483 ] [L0 4 0 ] [L1 6 8 ]
POC    7 TId: 5 (      STSA, B-SLICE, QP 36 )       4920 bits [Y 31.8654 dB    U 37.2723 dB    V 37.7894 dB] [ET   486 ] [L0 6 4 ] [L1 8 6 ]
POC    9 TId: 5 (      STSA, B-SLICE, QP 36 )       8712 bits [Y 30.8211 dB    U 36.3705 dB    V 37.2315 dB] [ET   597 ] [L0 8 0 ] [L1 8 0 ]

	Total Frames |   Bitrate     Y-PSNR    U-PSNR    V-PSNR    YUV-PSNR   
	       10    a     906.2640   31.8455   37.9749   38.5543   33.0980

 finished @ Wed Jul  6 21:39:07 2022
 Total Time:     9565.791 sec. [user]     9643.992 sec. [elapsed]

Level: 0
Inject Calls: 1818694456
Errors injected by bit:
	Bit 0: 1818326
	Bit 1: 1820189
	Bit 2: 1818362
	Bit 3: 1818341
	Bit 4: 1818770
	Bit 5: 1820487
	Bit 6: 1817194
	Bit 7: 1818848

Total errors injected: 14550517
