
vvencFFapp: Encoder Version 1.0.0 [Linux][GCC 9.4.0][64 bit][SIMD=AVX2]
 started @ Thu Jul  7 14:03:47 2022
CODING TOOL CFG: CTU128 QT44BTT21 IBD:1 CIP:0 SAO:1 ALF:1 (NonLinLuma:0 NonLinChr:0) CCALF:1 WPP:0 WPP-Substreams:1 TMVP:1 DQ:1 (Thr: 4) SDH:0 CST:1 BDOF:1 DMVR:1 MTSImplicit:1 SBT:0 JCbCr:1 CabacInitPresent:1 AMVR:5 SMVD:3 LMCS:1 (Signal:SDR Opt:0) CIIP:0 MIP:1 AFFINE:2 (PROF:1, Type:1) MMVD:3 DisFracMMVD:1 SbTMVP:1 GPM:3 LFNST:1 MTS:0 ISP:3 TS:2 TSLog2MaxSize:3 useChromaTS:0 BDPCM:2 IBC:2 
ENC. ALG. CFG: QPA:0 HAD:1 RDQ:1 RDQTS:1 ASR:1 MinSearchWindow:96 RestrictMESampling:0 EDO:2 MCTF:2 [L:0, T:0] 
FAST TOOL CFG: ECU:0 FEN:1 FDM:1 ESD:0 FastSearch:4 LCTUFast:1 FastMrg:2 PBIntraFast:1 AMaxBT:1 FastQtBtEnc:1 ContentBasedFastQtbt:1 FastMIP:4 FastIntraTools:1 FastLocalDualTree:1 FastSubPel:1 QtbttExtraFast:2 IBCFastMethod:3 
RATE CONTROL CFG: RateControl:0 
PARALLEL PROCESSING CFG: NumThreads:0 MaxParallelFrames:0 WppBitEqual:0 WF:0

POC    0 TId: 0 (  IDR_N_LP, I-SLICE, QP 34 )      50176 bits [Y 33.3796 dB    U 36.8176 dB    V 37.0962 dB] [ET  3222 ] [L0 ] [L1 ]
POC    8 TId: 2 (      STSA, B-SLICE, QP 40 )      13848 bits [Y 29.7756 dB    U 35.0448 dB    V 34.8045 dB] [ET   987 ] [L0 0 ] [L1 0 ]
POC    4 TId: 3 (      STSA, B-SLICE, QP 43 )       5688 bits [Y 29.1518 dB    U 35.1868 dB    V 35.4488 dB] [ET   492 ] [L0 0 8 ] [L1 8 0 ]
POC    2 TId: 4 (      STSA, B-SLICE, QP 45 )       2856 bits [Y 29.1904 dB    U 35.3681 dB    V 35.7830 dB] [ET   278 ] [L0 0 4 ] [L1 4 8 ]
POC    1 TId: 5 (      STSA, B-SLICE, QP 46 )       1296 bits [Y 29.6314 dB    U 35.6828 dB    V 36.1339 dB] [ET   113 ] [L0 0 2 ] [L1 2 4 ]
POC    3 TId: 5 (      STSA, B-SLICE, QP 46 )       1304 bits [Y 28.6925 dB    U 35.0377 dB    V 35.5280 dB] [ET    91 ] [L0 2 0 ] [L1 4 8 ]
POC    6 TId: 4 (      STSA, B-SLICE, QP 45 )       2360 bits [Y 28.3216 dB    U 34.9185 dB    V 34.9293 dB] [ET   257 ] [L0 4 0 ] [L1 8 4 ]
POC    5 TId: 5 (      STSA, B-SLICE, QP 46 )        984 bits [Y 28.3033 dB    U 34.7758 dB    V 35.1574 dB] [ET    87 ] [L0 4 0 ] [L1 6 8 ]
POC    7 TId: 5 (      STSA, B-SLICE, QP 46 )       1152 bits [Y 28.7133 dB    U 34.9056 dB    V 34.8795 dB] [ET    84 ] [L0 6 4 ] [L1 8 6 ]
POC    9 TId: 5 (      STSA, B-SLICE, QP 46 )       1952 bits [Y 28.1408 dB    U 34.5267 dB    V 33.8829 dB] [ET   163 ] [L0 8 0 ] [L1 8 0 ]

	Total Frames |   Bitrate     Y-PSNR    U-PSNR    V-PSNR    YUV-PSNR   
	       10    a     244.8480   29.3300   35.2264   35.3644   30.3941

 finished @ Thu Jul  7 15:40:12 2022
 Total Time:     5739.723 sec. [user]     5785.656 sec. [elapsed]

Level: 0
Inject Calls: 1117085752
Errors injected by bit:
	Bit 0: 1084
	Bit 1: 1149
	Bit 2: 1142
	Bit 3: 1115
	Bit 4: 1068
	Bit 5: 1101
	Bit 6: 1135
	Bit 7: 1113

Total errors injected: 8907
