
vvencFFapp: Encoder Version 1.0.0 [Linux][GCC 9.4.0][64 bit][SIMD=AVX2]
 started @ Thu Jul  7 14:08:47 2022
CODING TOOL CFG: CTU128 QT44BTT21 IBD:1 CIP:0 SAO:1 ALF:1 (NonLinLuma:0 NonLinChr:0) CCALF:1 WPP:0 WPP-Substreams:1 TMVP:1 DQ:1 (Thr: 4) SDH:0 CST:1 BDOF:1 DMVR:1 MTSImplicit:1 SBT:0 JCbCr:1 CabacInitPresent:1 AMVR:5 SMVD:3 LMCS:1 (Signal:SDR Opt:0) CIIP:0 MIP:1 AFFINE:2 (PROF:1, Type:1) MMVD:3 DisFracMMVD:1 SbTMVP:1 GPM:3 LFNST:1 MTS:0 ISP:3 TS:2 TSLog2MaxSize:3 useChromaTS:0 BDPCM:2 IBC:2 
ENC. ALG. CFG: QPA:0 HAD:1 RDQ:1 RDQTS:1 ASR:1 MinSearchWindow:96 RestrictMESampling:0 EDO:2 MCTF:2 [L:0, T:0] 
FAST TOOL CFG: ECU:0 FEN:1 FDM:1 ESD:0 FastSearch:4 LCTUFast:1 FastMrg:2 PBIntraFast:1 AMaxBT:1 FastQtBtEnc:1 ContentBasedFastQtbt:1 FastMIP:4 FastIntraTools:1 FastLocalDualTree:1 FastSubPel:1 QtbttExtraFast:2 IBCFastMethod:3 
RATE CONTROL CFG: RateControl:0 
PARALLEL PROCESSING CFG: NumThreads:0 MaxParallelFrames:0 WppBitEqual:0 WF:0

POC    0 TId: 0 (  IDR_N_LP, I-SLICE, QP 34 )      50280 bits [Y 33.4091 dB    U 36.6875 dB    V 37.0805 dB] [ET  3404 ] [L0 ] [L1 ]
POC    8 TId: 2 (      STSA, B-SLICE, QP 40 )      14056 bits [Y 29.8165 dB    U 35.1069 dB    V 35.0038 dB] [ET   984 ] [L0 0 ] [L1 0 ]
POC    4 TId: 3 (      STSA, B-SLICE, QP 43 )       5864 bits [Y 29.1747 dB    U 35.2086 dB    V 35.3894 dB] [ET   463 ] [L0 0 8 ] [L1 8 0 ]
POC    2 TId: 4 (      STSA, B-SLICE, QP 45 )       2776 bits [Y 28.9906 dB    U 35.3895 dB    V 35.8238 dB] [ET   257 ] [L0 0 4 ] [L1 4 8 ]
POC    1 TId: 5 (      STSA, B-SLICE, QP 46 )       1128 bits [Y 29.5244 dB    U 35.7469 dB    V 36.1875 dB] [ET   111 ] [L0 0 2 ] [L1 2 4 ]
POC    3 TId: 5 (      STSA, B-SLICE, QP 46 )       1232 bits [Y 28.6447 dB    U 35.1479 dB    V 35.5234 dB] [ET   105 ] [L0 2 0 ] [L1 4 8 ]
POC    6 TId: 4 (      STSA, B-SLICE, QP 45 )       2560 bits [Y 28.3956 dB    U 35.0587 dB    V 34.9684 dB] [ET   213 ] [L0 4 0 ] [L1 8 4 ]
POC    5 TId: 5 (      STSA, B-SLICE, QP 46 )       1112 bits [Y 28.5001 dB    U 35.0730 dB    V 35.0984 dB] [ET    55 ] [L0 4 0 ] [L1 6 8 ]
POC    7 TId: 5 (      STSA, B-SLICE, QP 46 )       1056 bits [Y 28.5639 dB    U 34.8866 dB    V 34.9649 dB] [ET    58 ] [L0 6 4 ] [L1 8 6 ]
POC    9 TId: 5 (      STSA, B-SLICE, QP 46 )       1928 bits [Y 28.2003 dB    U 34.6496 dB    V 34.1723 dB] [ET   123 ] [L0 8 0 ] [L1 8 0 ]

	Total Frames |   Bitrate     Y-PSNR    U-PSNR    V-PSNR    YUV-PSNR   
	       10    a     245.9760   29.3220   35.2955   35.4212   30.3972

 finished @ Thu Jul  7 15:45:12 2022
 Total Time:     5743.366 sec. [user]     5784.880 sec. [elapsed]

Level: 0
Inject Calls: 1118423752
Errors injected by bit:
	Bit 0: 1094
	Bit 1: 1097
	Bit 2: 1168
	Bit 3: 1129
	Bit 4: 1113
	Bit 5: 1101
	Bit 6: 1152
	Bit 7: 1133

Total errors injected: 8987
