
vvencFFapp: Encoder Version 1.0.0 [Linux][GCC 9.4.0][64 bit][SIMD=AVX2]
 started @ Thu Jul  7 07:43:39 2022
CODING TOOL CFG: CTU128 QT44BTT21 IBD:1 CIP:0 SAO:1 ALF:1 (NonLinLuma:0 NonLinChr:0) CCALF:1 WPP:0 WPP-Substreams:1 TMVP:1 DQ:1 (Thr: 4) SDH:0 CST:1 BDOF:1 DMVR:1 MTSImplicit:1 SBT:0 JCbCr:1 CabacInitPresent:1 AMVR:5 SMVD:3 LMCS:1 (Signal:SDR Opt:0) CIIP:0 MIP:1 AFFINE:2 (PROF:1, Type:1) MMVD:3 DisFracMMVD:1 SbTMVP:1 GPM:3 LFNST:1 MTS:0 ISP:3 TS:2 TSLog2MaxSize:3 useChromaTS:0 BDPCM:2 IBC:2 
ENC. ALG. CFG: QPA:0 HAD:1 RDQ:1 RDQTS:1 ASR:1 MinSearchWindow:96 RestrictMESampling:0 EDO:2 MCTF:2 [L:0, T:0] 
FAST TOOL CFG: ECU:0 FEN:1 FDM:1 ESD:0 FastSearch:4 LCTUFast:1 FastMrg:2 PBIntraFast:1 AMaxBT:1 FastQtBtEnc:1 ContentBasedFastQtbt:1 FastMIP:4 FastIntraTools:1 FastLocalDualTree:1 FastSubPel:1 QtbttExtraFast:2 IBCFastMethod:3 
RATE CONTROL CFG: RateControl:0 
PARALLEL PROCESSING CFG: NumThreads:0 MaxParallelFrames:0 WppBitEqual:0 WF:0

POC    0 TId: 0 (  IDR_N_LP, I-SLICE, QP 29 )      88496 bits [Y 36.8970 dB    U 39.2046 dB    V 39.8295 dB] [ET  3693 ] [L0 ] [L1 ]
POC    8 TId: 2 (      STSA, B-SLICE, QP 35 )      27176 bits [Y 32.9746 dB    U 36.2791 dB    V 36.4739 dB] [ET  1251 ] [L0 0 ] [L1 0 ]
POC    4 TId: 3 (      STSA, B-SLICE, QP 38 )      11448 bits [Y 31.9399 dB    U 36.9236 dB    V 37.0629 dB] [ET   709 ] [L0 0 8 ] [L1 8 0 ]
POC    2 TId: 4 (      STSA, B-SLICE, QP 40 )       6016 bits [Y 31.8410 dB    U 37.4081 dB    V 37.9123 dB] [ET   403 ] [L0 0 4 ] [L1 4 8 ]
POC    1 TId: 5 (      STSA, B-SLICE, QP 41 )       2888 bits [Y 32.1967 dB    U 37.7789 dB    V 38.3599 dB] [ET   176 ] [L0 0 2 ] [L1 2 4 ]
POC    3 TId: 5 (      STSA, B-SLICE, QP 41 )       2688 bits [Y 31.2236 dB    U 36.9276 dB    V 37.2849 dB] [ET   179 ] [L0 2 0 ] [L1 4 8 ]
POC    6 TId: 4 (      STSA, B-SLICE, QP 40 )       5600 bits [Y 31.2170 dB    U 36.5099 dB    V 36.7319 dB] [ET   337 ] [L0 4 0 ] [L1 8 4 ]
POC    5 TId: 5 (      STSA, B-SLICE, QP 41 )       2320 bits [Y 31.1167 dB    U 36.7313 dB    V 36.8433 dB] [ET   168 ] [L0 4 0 ] [L1 6 8 ]
POC    7 TId: 5 (      STSA, B-SLICE, QP 41 )       2368 bits [Y 31.3154 dB    U 36.2466 dB    V 36.5290 dB] [ET   153 ] [L0 6 4 ] [L1 8 6 ]
POC    9 TId: 5 (      STSA, B-SLICE, QP 41 )       4192 bits [Y 30.8223 dB    U 35.7838 dB    V 35.6164 dB] [ET   316 ] [L0 8 0 ] [L1 8 0 ]

	Total Frames |   Bitrate     Y-PSNR    U-PSNR    V-PSNR    YUV-PSNR   
	       10    a     459.5760   32.1544   36.9794   37.2644   33.0388

 finished @ Thu Jul  7 09:46:55 2022
 Total Time:     7324.770 sec. [user]     7396.176 sec. [elapsed]

Level: 0
Inject Calls: 1407059608
Errors injected by bit:
	Bit 0: 164
	Bit 1: 133
	Bit 2: 150
	Bit 3: 137
	Bit 4: 128
	Bit 5: 162
	Bit 6: 147
	Bit 7: 129

Total errors injected: 1150
