
vvencFFapp: Encoder Version 1.0.0 [Linux][GCC 9.4.0][64 bit][SIMD=AVX2]
 started @ Thu Jul  7 09:58:41 2022
CODING TOOL CFG: CTU128 QT44BTT21 IBD:1 CIP:0 SAO:1 ALF:1 (NonLinLuma:0 NonLinChr:0) CCALF:1 WPP:0 WPP-Substreams:1 TMVP:1 DQ:1 (Thr: 4) SDH:0 CST:1 BDOF:1 DMVR:1 MTSImplicit:1 SBT:0 JCbCr:1 CabacInitPresent:1 AMVR:5 SMVD:3 LMCS:1 (Signal:SDR Opt:0) CIIP:0 MIP:1 AFFINE:2 (PROF:1, Type:1) MMVD:3 DisFracMMVD:1 SbTMVP:1 GPM:3 LFNST:1 MTS:0 ISP:3 TS:2 TSLog2MaxSize:3 useChromaTS:0 BDPCM:2 IBC:2 
ENC. ALG. CFG: QPA:0 HAD:1 RDQ:1 RDQTS:1 ASR:1 MinSearchWindow:96 RestrictMESampling:0 EDO:2 MCTF:2 [L:0, T:0] 
FAST TOOL CFG: ECU:0 FEN:1 FDM:1 ESD:0 FastSearch:4 LCTUFast:1 FastMrg:2 PBIntraFast:1 AMaxBT:1 FastQtBtEnc:1 ContentBasedFastQtbt:1 FastMIP:4 FastIntraTools:1 FastLocalDualTree:1 FastSubPel:1 QtbttExtraFast:2 IBCFastMethod:3 
RATE CONTROL CFG: RateControl:0 
PARALLEL PROCESSING CFG: NumThreads:0 MaxParallelFrames:0 WppBitEqual:0 WF:0

POC    0 TId: 0 (  IDR_N_LP, I-SLICE, QP 34 )      56640 bits [Y 31.0601 dB    U 36.2062 dB    V 36.5298 dB] [ET  3349 ] [L0 ] [L1 ]
POC    8 TId: 2 (      STSA, B-SLICE, QP 40 )      15920 bits [Y 27.6107 dB    U 33.6741 dB    V 32.8290 dB] [ET   702 ] [L0 0 ] [L1 0 ]
POC    4 TId: 3 (      STSA, B-SLICE, QP 43 )       5424 bits [Y 28.0006 dB    U 34.4857 dB    V 34.5150 dB] [ET   733 ] [L0 0 8 ] [L1 8 0 ]
POC    2 TId: 4 (      STSA, B-SLICE, QP 45 )       2496 bits [Y 28.0918 dB    U 34.8967 dB    V 35.1461 dB] [ET   578 ] [L0 0 4 ] [L1 4 8 ]
POC    1 TId: 5 (      STSA, B-SLICE, QP 46 )       1256 bits [Y 28.7959 dB    U 35.2503 dB    V 35.6339 dB] [ET   461 ] [L0 0 2 ] [L1 2 4 ]
POC    3 TId: 5 (      STSA, B-SLICE, QP 46 )       1072 bits [Y 27.8349 dB    U 34.6093 dB    V 34.8131 dB] [ET   490 ] [L0 2 0 ] [L1 4 8 ]
POC    6 TId: 4 (      STSA, B-SLICE, QP 45 )       2528 bits [Y 27.4742 dB    U 33.8312 dB    V 33.9893 dB] [ET   728 ] [L0 4 0 ] [L1 8 4 ]
POC    5 TId: 5 (      STSA, B-SLICE, QP 46 )        824 bits [Y 27.6291 dB    U 34.0525 dB    V 34.3027 dB] [ET   429 ] [L0 4 0 ] [L1 6 8 ]
POC    7 TId: 5 (      STSA, B-SLICE, QP 46 )        984 bits [Y 27.4287 dB    U 33.7661 dB    V 33.8646 dB] [ET   463 ] [L0 6 4 ] [L1 8 6 ]
POC    9 TId: 5 (      STSA, B-SLICE, QP 46 )       1984 bits [Y 26.8971 dB    U 33.3982 dB    V 33.0808 dB] [ET   672 ] [L0 8 0 ] [L1 8 0 ]

	Total Frames |   Bitrate     Y-PSNR    U-PSNR    V-PSNR    YUV-PSNR   
	       10    a     267.3840   28.0823   34.4170   34.4704   29.2508

 finished @ Thu Jul  7 12:22:20 2022
 Total Time:     8538.434 sec. [user]     8618.245 sec. [elapsed]

Level: 0
Inject Calls: 1700086504
Errors injected by bit:
	Bit 0: 1701920
	Bit 1: 1699185
	Bit 2: 1698887
	Bit 3: 1700875
	Bit 4: 1700203
	Bit 5: 1701142
	Bit 6: 1700399
	Bit 7: 1699516

Total errors injected: 13602127
