
vvencFFapp: Encoder Version 1.0.0 [Linux][GCC 9.4.0][64 bit][SIMD=AVX2]
 started @ Wed Jul  6 11:28:14 2022
CODING TOOL CFG: CTU128 QT44BTT21 IBD:1 CIP:0 SAO:1 ALF:1 (NonLinLuma:0 NonLinChr:0) CCALF:1 WPP:0 WPP-Substreams:1 TMVP:1 DQ:1 (Thr: 4) SDH:0 CST:1 BDOF:1 DMVR:1 MTSImplicit:1 SBT:0 JCbCr:1 CabacInitPresent:1 AMVR:5 SMVD:3 LMCS:1 (Signal:SDR Opt:0) CIIP:0 MIP:1 AFFINE:2 (PROF:1, Type:1) MMVD:3 DisFracMMVD:1 SbTMVP:1 GPM:3 LFNST:1 MTS:0 ISP:3 TS:2 TSLog2MaxSize:3 useChromaTS:0 BDPCM:2 IBC:2 
ENC. ALG. CFG: QPA:0 HAD:1 RDQ:1 RDQTS:1 ASR:1 MinSearchWindow:96 RestrictMESampling:0 EDO:2 MCTF:2 [L:0, T:0] 
FAST TOOL CFG: ECU:0 FEN:1 FDM:1 ESD:0 FastSearch:4 LCTUFast:1 FastMrg:2 PBIntraFast:1 AMaxBT:1 FastQtBtEnc:1 ContentBasedFastQtbt:1 FastMIP:4 FastIntraTools:1 FastLocalDualTree:1 FastSubPel:1 QtbttExtraFast:2 IBCFastMethod:3 
RATE CONTROL CFG: RateControl:0 
PARALLEL PROCESSING CFG: NumThreads:0 MaxParallelFrames:0 WppBitEqual:0 WF:0

POC    0 TId: 0 (  IDR_N_LP, I-SLICE, QP 19 )     223232 bits [Y 36.0988 dB    U 44.8516 dB    V 45.4422 dB] [ET  4098 ] [L0 ] [L1 ]
POC    8 TId: 2 (      STSA, B-SLICE, QP 23 )     115488 bits [Y 41.7060 dB    U 42.5089 dB    V 42.9270 dB] [ET  1641 ] [L0 0 ] [L1 0 ]
POC    4 TId: 3 (      STSA, B-SLICE, QP 26 )      56912 bits [Y 39.6486 dB    U 41.7002 dB    V 42.0908 dB] [ET  1029 ] [L0 0 8 ] [L1 8 0 ]
POC    2 TId: 4 (      STSA, B-SLICE, QP 28 )      31696 bits [Y 38.1213 dB    U 41.6715 dB    V 42.0271 dB] [ET   646 ] [L0 0 4 ] [L1 4 8 ]
POC    1 TId: 5 (      STSA, B-SLICE, QP 29 )      16480 bits [Y 36.4384 dB    U 41.7456 dB    V 42.4359 dB] [ET   404 ] [L0 0 2 ] [L1 2 4 ]
POC    3 TId: 5 (      STSA, B-SLICE, QP 29 )      15360 bits [Y 37.0300 dB    U 41.0576 dB    V 41.4570 dB] [ET   389 ] [L0 2 0 ] [L1 4 8 ]
POC    6 TId: 4 (      STSA, B-SLICE, QP 28 )      29640 bits [Y 38.4086 dB    U 41.0097 dB    V 41.4748 dB] [ET   637 ] [L0 4 0 ] [L1 8 4 ]
POC    5 TId: 5 (      STSA, B-SLICE, QP 29 )      14216 bits [Y 36.8984 dB    U 40.7689 dB    V 41.3297 dB] [ET   385 ] [L0 4 0 ] [L1 6 8 ]
POC    7 TId: 5 (      STSA, B-SLICE, QP 29 )      14688 bits [Y 36.9915 dB    U 41.0343 dB    V 41.4862 dB] [ET   397 ] [L0 6 4 ] [L1 8 6 ]
POC    9 TId: 5 (      STSA, B-SLICE, QP 29 )      24632 bits [Y 37.7189 dB    U 40.8102 dB    V 41.0193 dB] [ET   549 ] [L0 8 0 ] [L1 8 0 ]

	Total Frames |   Bitrate     Y-PSNR    U-PSNR    V-PSNR    YUV-PSNR   
	       10    a    1627.0320   37.9060   41.7158   42.1690   38.6458

 finished @ Wed Jul  6 14:18:01 2022
 Total Time:    10110.425 sec. [user]    10187.381 sec. [elapsed]

Level: 0
Inject Calls: 1863146112
Errors injected by bit:
	Bit 0: 186638
	Bit 1: 186609
	Bit 2: 187236
	Bit 3: 186712
	Bit 4: 186298
	Bit 5: 186567
	Bit 6: 186751
	Bit 7: 185396

Total errors injected: 1492207
