
vvencFFapp: Encoder Version 1.0.0 [Linux][GCC 9.4.0][64 bit][SIMD=AVX2]
 started @ Thu Jul  7 05:13:36 2022
CODING TOOL CFG: CTU128 QT44BTT21 IBD:1 CIP:0 SAO:1 ALF:1 (NonLinLuma:0 NonLinChr:0) CCALF:1 WPP:0 WPP-Substreams:1 TMVP:1 DQ:1 (Thr: 4) SDH:0 CST:1 BDOF:1 DMVR:1 MTSImplicit:1 SBT:0 JCbCr:1 CabacInitPresent:1 AMVR:5 SMVD:3 LMCS:1 (Signal:SDR Opt:0) CIIP:0 MIP:1 AFFINE:2 (PROF:1, Type:1) MMVD:3 DisFracMMVD:1 SbTMVP:1 GPM:3 LFNST:1 MTS:0 ISP:3 TS:2 TSLog2MaxSize:3 useChromaTS:0 BDPCM:2 IBC:2 
ENC. ALG. CFG: QPA:0 HAD:1 RDQ:1 RDQTS:1 ASR:1 MinSearchWindow:96 RestrictMESampling:0 EDO:2 MCTF:2 [L:0, T:0] 
FAST TOOL CFG: ECU:0 FEN:1 FDM:1 ESD:0 FastSearch:4 LCTUFast:1 FastMrg:2 PBIntraFast:1 AMaxBT:1 FastQtBtEnc:1 ContentBasedFastQtbt:1 FastMIP:4 FastIntraTools:1 FastLocalDualTree:1 FastSubPel:1 QtbttExtraFast:2 IBCFastMethod:3 
RATE CONTROL CFG: RateControl:0 
PARALLEL PROCESSING CFG: NumThreads:0 MaxParallelFrames:0 WppBitEqual:0 WF:0

POC    0 TId: 0 (  IDR_N_LP, I-SLICE, QP 29 )      90208 bits [Y 34.9239 dB    U 39.1361 dB    V 39.8703 dB] [ET  3500 ] [L0 ] [L1 ]
POC    8 TId: 2 (      STSA, B-SLICE, QP 35 )      27944 bits [Y 32.5742 dB    U 36.3353 dB    V 35.9800 dB] [ET  1035 ] [L0 0 ] [L1 0 ]
POC    4 TId: 3 (      STSA, B-SLICE, QP 38 )      11584 bits [Y 31.8486 dB    U 36.9200 dB    V 37.1339 dB] [ET   546 ] [L0 0 8 ] [L1 8 0 ]
POC    2 TId: 4 (      STSA, B-SLICE, QP 40 )       5552 bits [Y 31.3439 dB    U 37.4120 dB    V 37.8253 dB] [ET   373 ] [L0 0 4 ] [L1 4 8 ]
POC    1 TId: 5 (      STSA, B-SLICE, QP 41 )       2664 bits [Y 31.6140 dB    U 37.6447 dB    V 38.3836 dB] [ET   226 ] [L0 0 2 ] [L1 2 4 ]
POC    3 TId: 5 (      STSA, B-SLICE, QP 41 )       2784 bits [Y 30.8371 dB    U 36.7935 dB    V 37.3250 dB] [ET   231 ] [L0 2 0 ] [L1 4 8 ]
POC    6 TId: 4 (      STSA, B-SLICE, QP 40 )       5576 bits [Y 31.0602 dB    U 36.4698 dB    V 36.5171 dB] [ET   356 ] [L0 4 0 ] [L1 8 4 ]
POC    5 TId: 5 (      STSA, B-SLICE, QP 41 )       2240 bits [Y 30.7911 dB    U 36.2878 dB    V 36.7293 dB] [ET   216 ] [L0 4 0 ] [L1 6 8 ]
POC    7 TId: 5 (      STSA, B-SLICE, QP 41 )       2096 bits [Y 30.8883 dB    U 36.1866 dB    V 36.2645 dB] [ET   212 ] [L0 6 4 ] [L1 8 6 ]
POC    9 TId: 5 (      STSA, B-SLICE, QP 41 )       4320 bits [Y 30.5981 dB    U 35.9041 dB    V 35.7932 dB] [ET   336 ] [L0 8 0 ] [L1 8 0 ]

	Total Frames |   Bitrate     Y-PSNR    U-PSNR    V-PSNR    YUV-PSNR   
	       10    a     464.9040   31.6479   36.9090   37.1822   32.6794

 finished @ Thu Jul  7 07:11:01 2022
 Total Time:     6994.809 sec. [user]     7045.084 sec. [elapsed]

Level: 0
Inject Calls: 1325861920
Errors injected by bit:
	Bit 0: 132002
	Bit 1: 132749
	Bit 2: 133035
	Bit 3: 132636
	Bit 4: 132249
	Bit 5: 132181
	Bit 6: 132530
	Bit 7: 132664

Total errors injected: 1060046
