
vvencFFapp: Encoder Version 1.0.0 [Linux][GCC 9.4.0][64 bit][SIMD=AVX2]
 started @ Wed Jul  6 08:43:10 2022
CODING TOOL CFG: CTU128 QT44BTT21 IBD:1 CIP:0 SAO:1 ALF:1 (NonLinLuma:0 NonLinChr:0) CCALF:1 WPP:0 WPP-Substreams:1 TMVP:1 DQ:1 (Thr: 4) SDH:0 CST:1 BDOF:1 DMVR:1 MTSImplicit:1 SBT:0 JCbCr:1 CabacInitPresent:1 AMVR:5 SMVD:3 LMCS:1 (Signal:SDR Opt:0) CIIP:0 MIP:1 AFFINE:2 (PROF:1, Type:1) MMVD:3 DisFracMMVD:1 SbTMVP:1 GPM:3 LFNST:1 MTS:0 ISP:3 TS:2 TSLog2MaxSize:3 useChromaTS:0 BDPCM:2 IBC:2 
ENC. ALG. CFG: QPA:0 HAD:1 RDQ:1 RDQTS:1 ASR:1 MinSearchWindow:96 RestrictMESampling:0 EDO:2 MCTF:2 [L:0, T:0] 
FAST TOOL CFG: ECU:0 FEN:1 FDM:1 ESD:0 FastSearch:4 LCTUFast:1 FastMrg:2 PBIntraFast:1 AMaxBT:1 FastQtBtEnc:1 ContentBasedFastQtbt:1 FastMIP:4 FastIntraTools:1 FastLocalDualTree:1 FastSubPel:1 QtbttExtraFast:2 IBCFastMethod:3 
RATE CONTROL CFG: RateControl:0 
PARALLEL PROCESSING CFG: NumThreads:0 MaxParallelFrames:0 WppBitEqual:0 WF:0

POC    0 TId: 0 (  IDR_N_LP, I-SLICE, QP 19 )     244304 bits [Y 32.4473 dB    U 44.6225 dB    V 45.0901 dB] [ET  3474 ] [L0 ] [L1 ]
POC    8 TId: 2 (      STSA, B-SLICE, QP 23 )     124440 bits [Y 33.7821 dB    U 39.3687 dB    V 39.3914 dB] [ET  1159 ] [L0 0 ] [L1 0 ]
POC    4 TId: 3 (      STSA, B-SLICE, QP 26 )      53416 bits [Y 34.7113 dB    U 40.0403 dB    V 40.5674 dB] [ET   890 ] [L0 0 8 ] [L1 8 0 ]
POC    2 TId: 4 (      STSA, B-SLICE, QP 28 )      28992 bits [Y 34.1125 dB    U 40.1547 dB    V 40.7088 dB] [ET   760 ] [L0 0 4 ] [L1 4 8 ]
POC    1 TId: 5 (      STSA, B-SLICE, QP 29 )      16176 bits [Y 34.5591 dB    U 39.5924 dB    V 40.7836 dB] [ET   571 ] [L0 0 2 ] [L1 2 4 ]
POC    3 TId: 5 (      STSA, B-SLICE, QP 29 )      14080 bits [Y 33.5966 dB    U 39.3935 dB    V 39.9109 dB] [ET   494 ] [L0 2 0 ] [L1 4 8 ]
POC    6 TId: 4 (      STSA, B-SLICE, QP 28 )      28400 bits [Y 34.9441 dB    U 39.6208 dB    V 40.1267 dB] [ET   720 ] [L0 4 0 ] [L1 8 4 ]
POC    5 TId: 5 (      STSA, B-SLICE, QP 29 )      13144 bits [Y 33.9038 dB    U 38.2638 dB    V 39.8780 dB] [ET   547 ] [L0 4 0 ] [L1 6 8 ]
POC    7 TId: 5 (      STSA, B-SLICE, QP 29 )      15376 bits [Y 34.4140 dB    U 39.6892 dB    V 40.2019 dB] [ET   525 ] [L0 6 4 ] [L1 8 6 ]
POC    9 TId: 5 (      STSA, B-SLICE, QP 29 )      25672 bits [Y 34.1726 dB    U 39.1206 dB    V 39.4705 dB] [ET   634 ] [L0 8 0 ] [L1 8 0 ]

	Total Frames |   Bitrate     Y-PSNR    U-PSNR    V-PSNR    YUV-PSNR   
	       10    a    1692.0000   34.0643   39.9867   40.6129   35.2624

 finished @ Wed Jul  6 11:26:14 2022
 Total Time:     9698.439 sec. [user]     9783.690 sec. [elapsed]

Level: 0
Inject Calls: 1902290440
Errors injected by bit:
	Bit 0: 1903828
	Bit 1: 1900291
	Bit 2: 1901673
	Bit 3: 1901632
	Bit 4: 1902022
	Bit 5: 1900325
	Bit 6: 1901661
	Bit 7: 1901780

Total errors injected: 15213212
