
vvencFFapp: Encoder Version 1.0.0 [Linux][GCC 9.4.0][64 bit][SIMD=AVX2]
 started @ Thu Jul  7 13:13:46 2022
CODING TOOL CFG: CTU128 QT44BTT21 IBD:1 CIP:0 SAO:1 ALF:1 (NonLinLuma:0 NonLinChr:0) CCALF:1 WPP:0 WPP-Substreams:1 TMVP:1 DQ:1 (Thr: 4) SDH:0 CST:1 BDOF:1 DMVR:1 MTSImplicit:1 SBT:0 JCbCr:1 CabacInitPresent:1 AMVR:5 SMVD:3 LMCS:1 (Signal:SDR Opt:0) CIIP:0 MIP:1 AFFINE:2 (PROF:1, Type:1) MMVD:3 DisFracMMVD:1 SbTMVP:1 GPM:3 LFNST:1 MTS:0 ISP:3 TS:2 TSLog2MaxSize:3 useChromaTS:0 BDPCM:2 IBC:2 
ENC. ALG. CFG: QPA:0 HAD:1 RDQ:1 RDQTS:1 ASR:1 MinSearchWindow:96 RestrictMESampling:0 EDO:2 MCTF:2 [L:0, T:0] 
FAST TOOL CFG: ECU:0 FEN:1 FDM:1 ESD:0 FastSearch:4 LCTUFast:1 FastMrg:2 PBIntraFast:1 AMaxBT:1 FastQtBtEnc:1 ContentBasedFastQtbt:1 FastMIP:4 FastIntraTools:1 FastLocalDualTree:1 FastSubPel:1 QtbttExtraFast:2 IBCFastMethod:3 
RATE CONTROL CFG: RateControl:0 
PARALLEL PROCESSING CFG: NumThreads:0 MaxParallelFrames:0 WppBitEqual:0 WF:0

POC    0 TId: 0 (  IDR_N_LP, I-SLICE, QP 34 )      49920 bits [Y 33.3880 dB    U 36.7709 dB    V 36.8188 dB] [ET  3218 ] [L0 ] [L1 ]
POC    8 TId: 2 (      STSA, B-SLICE, QP 40 )      14224 bits [Y 29.9014 dB    U 34.9374 dB    V 34.9342 dB] [ET   917 ] [L0 0 ] [L1 0 ]
POC    4 TId: 3 (      STSA, B-SLICE, QP 43 )       5720 bits [Y 29.1643 dB    U 35.4009 dB    V 35.2861 dB] [ET   473 ] [L0 0 8 ] [L1 8 0 ]
POC    2 TId: 4 (      STSA, B-SLICE, QP 45 )       2776 bits [Y 29.1515 dB    U 35.3962 dB    V 35.3875 dB] [ET   275 ] [L0 0 4 ] [L1 4 8 ]
POC    1 TId: 5 (      STSA, B-SLICE, QP 46 )       1192 bits [Y 29.5726 dB    U 35.8725 dB    V 36.0019 dB] [ET   110 ] [L0 0 2 ] [L1 2 4 ]
POC    3 TId: 5 (      STSA, B-SLICE, QP 46 )       1088 bits [Y 28.5619 dB    U 35.3441 dB    V 35.1561 dB] [ET   107 ] [L0 2 0 ] [L1 4 8 ]
POC    6 TId: 4 (      STSA, B-SLICE, QP 45 )       2624 bits [Y 28.5100 dB    U 34.8752 dB    V 34.9388 dB] [ET   253 ] [L0 4 0 ] [L1 8 4 ]
POC    5 TId: 5 (      STSA, B-SLICE, QP 46 )       1072 bits [Y 28.5003 dB    U 34.9537 dB    V 35.0386 dB] [ET    90 ] [L0 4 0 ] [L1 6 8 ]
POC    7 TId: 5 (      STSA, B-SLICE, QP 46 )        992 bits [Y 28.7098 dB    U 34.6811 dB    V 34.8427 dB] [ET    84 ] [L0 6 4 ] [L1 8 6 ]
POC    9 TId: 5 (      STSA, B-SLICE, QP 46 )       2136 bits [Y 28.3106 dB    U 34.4255 dB    V 34.1976 dB] [ET   186 ] [L0 8 0 ] [L1 8 0 ]

	Total Frames |   Bitrate     Y-PSNR    U-PSNR    V-PSNR    YUV-PSNR   
	       10    a     245.2320   29.3770   35.2657   35.2602   30.4406

 finished @ Thu Jul  7 14:49:11 2022
 Total Time:     5680.298 sec. [user]     5725.174 sec. [elapsed]

Level: 0
Inject Calls: 1098768072
Errors injected by bit:
	Bit 0: 1125
	Bit 1: 1125
	Bit 2: 1072
	Bit 3: 1116
	Bit 4: 1058
	Bit 5: 1070
	Bit 6: 1107
	Bit 7: 1085

Total errors injected: 8758
