
vvencFFapp: Encoder Version 1.0.0 [Linux][GCC 9.4.0][64 bit][SIMD=AVX2]
 started @ Thu Jul  7 05:43:36 2022
CODING TOOL CFG: CTU128 QT44BTT21 IBD:1 CIP:0 SAO:1 ALF:1 (NonLinLuma:0 NonLinChr:0) CCALF:1 WPP:0 WPP-Substreams:1 TMVP:1 DQ:1 (Thr: 4) SDH:0 CST:1 BDOF:1 DMVR:1 MTSImplicit:1 SBT:0 JCbCr:1 CabacInitPresent:1 AMVR:5 SMVD:3 LMCS:1 (Signal:SDR Opt:0) CIIP:0 MIP:1 AFFINE:2 (PROF:1, Type:1) MMVD:3 DisFracMMVD:1 SbTMVP:1 GPM:3 LFNST:1 MTS:0 ISP:3 TS:2 TSLog2MaxSize:3 useChromaTS:0 BDPCM:2 IBC:2 
ENC. ALG. CFG: QPA:0 HAD:1 RDQ:1 RDQTS:1 ASR:1 MinSearchWindow:96 RestrictMESampling:0 EDO:2 MCTF:2 [L:0, T:0] 
FAST TOOL CFG: ECU:0 FEN:1 FDM:1 ESD:0 FastSearch:4 LCTUFast:1 FastMrg:2 PBIntraFast:1 AMaxBT:1 FastQtBtEnc:1 ContentBasedFastQtbt:1 FastMIP:4 FastIntraTools:1 FastLocalDualTree:1 FastSubPel:1 QtbttExtraFast:2 IBCFastMethod:3 
RATE CONTROL CFG: RateControl:0 
PARALLEL PROCESSING CFG: NumThreads:0 MaxParallelFrames:0 WppBitEqual:0 WF:0

POC    0 TId: 0 (  IDR_N_LP, I-SLICE, QP 29 )      88200 bits [Y 36.2134 dB    U 39.0713 dB    V 39.8045 dB] [ET  3819 ] [L0 ] [L1 ]
POC    8 TId: 2 (      STSA, B-SLICE, QP 35 )      27096 bits [Y 32.9364 dB    U 36.1676 dB    V 36.2330 dB] [ET  1311 ] [L0 0 ] [L1 0 ]
POC    4 TId: 3 (      STSA, B-SLICE, QP 38 )      11608 bits [Y 32.0590 dB    U 36.6936 dB    V 37.2151 dB] [ET   688 ] [L0 0 8 ] [L1 8 0 ]
POC    2 TId: 4 (      STSA, B-SLICE, QP 40 )       5752 bits [Y 31.7159 dB    U 37.2623 dB    V 37.8969 dB] [ET   387 ] [L0 0 4 ] [L1 4 8 ]
POC    1 TId: 5 (      STSA, B-SLICE, QP 41 )       2944 bits [Y 32.1411 dB    U 37.7151 dB    V 38.3123 dB] [ET   173 ] [L0 0 2 ] [L1 2 4 ]
POC    3 TId: 5 (      STSA, B-SLICE, QP 41 )       2744 bits [Y 31.1849 dB    U 36.9172 dB    V 37.3382 dB] [ET   185 ] [L0 2 0 ] [L1 4 8 ]
POC    6 TId: 4 (      STSA, B-SLICE, QP 40 )       5688 bits [Y 31.2255 dB    U 36.2570 dB    V 36.5473 dB] [ET   370 ] [L0 4 0 ] [L1 8 4 ]
POC    5 TId: 5 (      STSA, B-SLICE, QP 41 )       2312 bits [Y 31.0673 dB    U 36.3273 dB    V 36.7460 dB] [ET   162 ] [L0 4 0 ] [L1 6 8 ]
POC    7 TId: 5 (      STSA, B-SLICE, QP 41 )       2288 bits [Y 31.2324 dB    U 36.0898 dB    V 36.2850 dB] [ET   152 ] [L0 6 4 ] [L1 8 6 ]
POC    9 TId: 5 (      STSA, B-SLICE, QP 41 )       4352 bits [Y 30.8450 dB    U 35.9192 dB    V 35.6561 dB] [ET   303 ] [L0 8 0 ] [L1 8 0 ]

	Total Frames |   Bitrate     Y-PSNR    U-PSNR    V-PSNR    YUV-PSNR   
	       10    a     458.9520   32.0621   36.8420   37.2034   32.9827

 finished @ Thu Jul  7 07:49:38 2022
 Total Time:     7502.392 sec. [user]     7561.875 sec. [elapsed]

Level: 0
Inject Calls: 1409641872
Errors injected by bit:
	Bit 0: 14122
	Bit 1: 14149
	Bit 2: 14092
	Bit 3: 13943
	Bit 4: 14059
	Bit 5: 14186
	Bit 6: 14129
	Bit 7: 14032

Total errors injected: 112712
