vvencFFapp: Fraunhofer VVC Encoder ver. 1.5.0 [Linux][GCC 11.3.0][64 bit][SIMD=AVX2]
 started @ Fri Apr 14 01:36:03 2023
CODING TOOL CFG: CTU128 QT44BTT21 IBD:1 SAO:1 ALF:1 (NonLinLuma:0 NonLinChr:0) CCALF:1 Tiles:1x1 Slices:1 WPP:0 WPP-Substreams:1 TMVP:1 DQ:1 SDH:0 CST:1 BDOF:1 DMVR:1 MTSImplicit:1 SBT:0 JCbCr:1 CabacInitPresent:1 AMVR:5 SMVD:3 LMCS:2 (Signal:SDR Opt:0) CIIP:0 MIP:1 AFFINE:2 (PROF:1, Type:1) MMVD:3 DisFracMMVD:1 SbTMVP:1 GPM:3 LFNST:1 MTS:0 ISP:3 TS:2 TSLog2MaxSize:4 useChromaTS:0 BDPCM:2 IBC:2 BCW:0 
ENC. ALG. CFG: QPA:0 HAD:1 RDQ:1 RDQTS:1 ASR:1 MinSearchWindow:96 RestrictMESampling:0 EDO:2 MCTF:2 
PRE-ANALYSIS CFG: STA:1 LeadFrames:0 TrailFrames:0 
FAST TOOL CFG: ECU:0 FEN:1 FDM:1 FastSearch:4 (SCC:2) LCTUFast:1 FastMrg:2 PBIntraFast:1 AMaxBT:1 FastQtBtEnc:1 ContentBasedFastQtbt:0 FastMIP:3 FastIntraTools:0 IntraEstDecBit:2 FastLocalDualTree:1 IntegerET:0 FastSubPel:1 QtbttExtraFast:3 FastTTSplit:0 IBCFastMethod:3 FIM:0 ALFSpeed:0 QuantThr: 4 
RATE CONTROL CFG: RateControl:0 LookAhead:0 
PARALLEL PROCESSING CFG: NumThreads:0 MaxParallelFrames:0 WppBitEqual:0 WF:0 

POC     0 TId: 0 (  IDR_N_LP, I-SLICE, QP 19, TF 3)     629392 bits [Y 41.1842 dB    U 43.2214 dB    V 44.1771 dB] [ET   273 ] [L0 ] [L1 ]
POC    16 TId: 1 (      STSA, B-SLICE, QP 22, TF 2)     444496 bits [Y 42.3014 dB    U 43.3697 dB    V 44.2712 dB] [ET   663 ] [L0 0 ] [L1 0 ]
POC     8 TId: 2 (      STSA, B-SLICE, QP 23, TF 1)     349576 bits [Y 40.6416 dB    U 42.0504 dB    V 43.2274 dB] [ET  1066 ] [L0 0 16 ] [L1 16 0 ]
POC     4 TId: 3 (      STSA, B-SLICE, QP 26, TF 0)     177992 bits [Y 38.9485 dB    U 41.3781 dB    V 42.5379 dB] [ET  1111 ] [L0 0 8 ] [L1 8 16 ]
POC     2 TId: 4 (      STSA, B-SLICE, QP 28)           107744 bits [Y 38.3553 dB    U 41.4531 dB    V 42.5727 dB] [ET  1026 ] [L0 0 4 ] [L1 4 8 ]
POC     1 TId: 5 (      STSA, B-SLICE, QP 29)            66928 bits [Y 37.8792 dB    U 41.4674 dB    V 42.7473 dB] [ET   804 ] [L0 0 2 ] [L1 2 4 ]
POC     3 TId: 5 (      STSA, B-SLICE, QP 29)            64392 bits [Y 37.7017 dB    U 41.0589 dB    V 42.2217 dB] [ET   970 ] [L0 2 0 ] [L1 4 8 ]
POC     6 TId: 4 (      STSA, B-SLICE, QP 28)           102120 bits [Y 38.3270 dB    U 41.1601 dB    V 42.3476 dB] [ET  1141 ] [L0 4 0 ] [L1 8 16 ]
POC     5 TId: 5 (      STSA, B-SLICE, QP 29)            61432 bits [Y 37.7354 dB    U 40.9009 dB    V 42.2623 dB] [ET   954 ] [L0 4 0 ] [L1 6 8 ]
POC     7 TId: 5 (      STSA, B-SLICE, QP 29)            63408 bits [Y 37.8273 dB    U 40.9522 dB    V 42.1775 dB] [ET   954 ] [L0 6 4 ] [L1 8 16 ]
POC    12 TId: 3 (      STSA, B-SLICE, QP 26, TF 0)     185320 bits [Y 38.9661 dB    U 41.6013 dB    V 42.4698 dB] [ET  1175 ] [L0 8 0 ] [L1 16 8 ]
POC    10 TId: 4 (      STSA, B-SLICE, QP 28)           114296 bits [Y 38.3278 dB    U 41.1502 dB    V 42.0588 dB] [ET  1262 ] [L0 8 0 ] [L1 12 16 ]
POC     9 TId: 5 (      STSA, B-SLICE, QP 29)            65320 bits [Y 37.8532 dB    U 41.0409 dB    V 42.1962 dB] [ET   942 ] [L0 8 0 ] [L1 10 12 ]
POC    11 TId: 5 (      STSA, B-SLICE, QP 29)            68904 bits [Y 37.7459 dB    U 41.0111 dB    V 41.9101 dB] [ET  1010 ] [L0 10 8 ] [L1 12 16 ]
POC    14 TId: 4 (      STSA, B-SLICE, QP 28)           116624 bits [Y 38.3832 dB    U 41.2132 dB    V 42.2600 dB] [ET  1055 ] [L0 12 8 ] [L1 16 12 ]
POC    13 TId: 5 (      STSA, B-SLICE, QP 29)            65408 bits [Y 37.7591 dB    U 41.0246 dB    V 42.0218 dB] [ET   979 ] [L0 12 8 ] [L1 14 16 ]
POC    15 TId: 5 (      STSA, B-SLICE, QP 29)            67776 bits [Y 37.8697 dB    U 41.2045 dB    V 42.4644 dB] [ET   847 ] [L0 14 12 ] [L1 16 14 ]

	Total Frames |   Bitrate     Y-PSNR    U-PSNR    V-PSNR    YUV-PSNR   
	       17    a    4854.9318   38.6945   41.4858   42.5838   39.3935

 finished @ Fri Apr 14 06:06:51 2023
 Total Time:    16225.973 sec. [user]    16248.234 sec. [elapsed]

Level: 0
Inject Calls: 20076760334
Errors injected by bit:
	Bit 0: 19996
	Bit 1: 19891
	Bit 2: 20164
	Bit 3: 20213
	Bit 4: 19979
	Bit 5: 20313
	Bit 6: 20108
	Bit 7: 20210

Total errors injected: 160874
