vvencFFapp: Fraunhofer VVC Encoder ver. 1.5.0 [Linux][GCC 11.3.0][64 bit][SIMD=AVX2]
 started @ Thu Apr 13 02:45:39 2023
CODING TOOL CFG: CTU128 QT44BTT21 IBD:1 SAO:1 ALF:1 (NonLinLuma:0 NonLinChr:0) CCALF:1 Tiles:1x1 Slices:1 WPP:0 WPP-Substreams:1 TMVP:1 DQ:1 SDH:0 CST:1 BDOF:1 DMVR:1 MTSImplicit:1 SBT:0 JCbCr:1 CabacInitPresent:1 AMVR:5 SMVD:3 LMCS:2 (Signal:SDR Opt:0) CIIP:0 MIP:1 AFFINE:2 (PROF:1, Type:1) MMVD:3 DisFracMMVD:1 SbTMVP:1 GPM:3 LFNST:1 MTS:0 ISP:3 TS:2 TSLog2MaxSize:4 useChromaTS:0 BDPCM:2 IBC:2 BCW:0 
ENC. ALG. CFG: QPA:0 HAD:1 RDQ:1 RDQTS:1 ASR:1 MinSearchWindow:96 RestrictMESampling:0 EDO:2 MCTF:2 
PRE-ANALYSIS CFG: STA:1 LeadFrames:0 TrailFrames:0 
FAST TOOL CFG: ECU:0 FEN:1 FDM:1 FastSearch:4 (SCC:2) LCTUFast:1 FastMrg:2 PBIntraFast:1 AMaxBT:1 FastQtBtEnc:1 ContentBasedFastQtbt:0 FastMIP:3 FastIntraTools:0 IntraEstDecBit:2 FastLocalDualTree:1 IntegerET:0 FastSubPel:1 QtbttExtraFast:3 FastTTSplit:0 IBCFastMethod:3 FIM:0 ALFSpeed:0 QuantThr: 4 
RATE CONTROL CFG: RateControl:0 LookAhead:0 
PARALLEL PROCESSING CFG: NumThreads:0 MaxParallelFrames:0 WppBitEqual:0 WF:0 

POC     0 TId: 0 (  IDR_N_LP, I-SLICE, QP 19, TF 3)     629392 bits [Y 41.1842 dB    U 43.2214 dB    V 44.1771 dB] [ET   278 ] [L0 ] [L1 ]
POC    16 TId: 1 (      STSA, B-SLICE, QP 22, TF 2)     443144 bits [Y 42.2992 dB    U 43.3810 dB    V 44.1945 dB] [ET   654 ] [L0 0 ] [L1 0 ]
POC     8 TId: 2 (      STSA, B-SLICE, QP 23, TF 1)     350824 bits [Y 40.6596 dB    U 42.0452 dB    V 43.2200 dB] [ET  1064 ] [L0 0 16 ] [L1 16 0 ]
POC     4 TId: 3 (      STSA, B-SLICE, QP 26, TF 0)     178216 bits [Y 38.9206 dB    U 41.4425 dB    V 42.5475 dB] [ET  1109 ] [L0 0 8 ] [L1 8 16 ]
POC     2 TId: 4 (      STSA, B-SLICE, QP 28)           107808 bits [Y 38.3425 dB    U 41.4744 dB    V 42.6610 dB] [ET   994 ] [L0 0 4 ] [L1 4 8 ]
POC     1 TId: 5 (      STSA, B-SLICE, QP 29)            67112 bits [Y 37.8867 dB    U 41.4885 dB    V 42.7121 dB] [ET   800 ] [L0 0 2 ] [L1 2 4 ]
POC     3 TId: 5 (      STSA, B-SLICE, QP 29)            64368 bits [Y 37.7346 dB    U 41.0520 dB    V 42.2433 dB] [ET   958 ] [L0 2 0 ] [L1 4 8 ]
POC     6 TId: 4 (      STSA, B-SLICE, QP 28)           104288 bits [Y 38.3682 dB    U 41.1512 dB    V 42.3021 dB] [ET  1152 ] [L0 4 0 ] [L1 8 16 ]
POC     5 TId: 5 (      STSA, B-SLICE, QP 29)            60080 bits [Y 37.7049 dB    U 40.9411 dB    V 42.1926 dB] [ET   930 ] [L0 4 0 ] [L1 6 8 ]
POC     7 TId: 5 (      STSA, B-SLICE, QP 29)            63160 bits [Y 37.8303 dB    U 40.8920 dB    V 42.1411 dB] [ET   929 ] [L0 6 4 ] [L1 8 16 ]
POC    12 TId: 3 (      STSA, B-SLICE, QP 26, TF 0)     184392 bits [Y 38.9753 dB    U 41.5241 dB    V 42.4099 dB] [ET  1162 ] [L0 8 0 ] [L1 16 8 ]
POC    10 TId: 4 (      STSA, B-SLICE, QP 28)           114544 bits [Y 38.3290 dB    U 41.1077 dB    V 42.0317 dB] [ET  1255 ] [L0 8 0 ] [L1 12 16 ]
POC     9 TId: 5 (      STSA, B-SLICE, QP 29)            64176 bits [Y 37.8294 dB    U 40.8906 dB    V 42.1578 dB] [ET   942 ] [L0 8 0 ] [L1 10 12 ]
POC    11 TId: 5 (      STSA, B-SLICE, QP 29)            67968 bits [Y 37.7236 dB    U 40.9490 dB    V 41.8741 dB] [ET  1005 ] [L0 10 8 ] [L1 12 16 ]
POC    14 TId: 4 (      STSA, B-SLICE, QP 28)           114472 bits [Y 38.3739 dB    U 41.1844 dB    V 42.2994 dB] [ET  1033 ] [L0 12 8 ] [L1 16 12 ]
POC    13 TId: 5 (      STSA, B-SLICE, QP 29)            64712 bits [Y 37.7341 dB    U 41.0228 dB    V 41.9658 dB] [ET   961 ] [L0 12 8 ] [L1 14 16 ]
POC    15 TId: 5 (      STSA, B-SLICE, QP 29)            68184 bits [Y 37.8795 dB    U 41.1984 dB    V 42.4455 dB] [ET   837 ] [L0 14 12 ] [L1 16 14 ]

	Total Frames |   Bitrate     Y-PSNR    U-PSNR    V-PSNR    YUV-PSNR   
	       17    a    4847.3647   38.6927   41.4686   42.5633   39.3878

 finished @ Thu Apr 13 07:13:41 2023
 Total Time:    16076.630 sec. [user]    16082.303 sec. [elapsed]

Level: 0
Inject Calls: 19887041471
Errors injected by bit:
	Bit 0: 1987677
	Bit 1: 1988617
	Bit 2: 1989329
	Bit 3: 1987545
	Bit 4: 1988154
	Bit 5: 1989960
	Bit 6: 1989148
	Bit 7: 1989587

Total errors injected: 15910017
