vvencFFapp: Fraunhofer VVC Encoder ver. 1.5.0 [Linux][GCC 11.3.0][64 bit][SIMD=AVX2]
 started @ Fri Apr 14 19:41:22 2023
CODING TOOL CFG: CTU128 QT44BTT21 IBD:1 SAO:1 ALF:1 (NonLinLuma:0 NonLinChr:0) CCALF:1 Tiles:1x1 Slices:1 WPP:0 WPP-Substreams:1 TMVP:1 DQ:1 SDH:0 CST:1 BDOF:1 DMVR:1 MTSImplicit:1 SBT:0 JCbCr:1 CabacInitPresent:1 AMVR:5 SMVD:3 LMCS:2 (Signal:SDR Opt:0) CIIP:0 MIP:1 AFFINE:2 (PROF:1, Type:1) MMVD:3 DisFracMMVD:1 SbTMVP:1 GPM:3 LFNST:1 MTS:0 ISP:3 TS:2 TSLog2MaxSize:4 useChromaTS:0 BDPCM:2 IBC:2 BCW:0 
ENC. ALG. CFG: QPA:0 HAD:1 RDQ:1 RDQTS:1 ASR:1 MinSearchWindow:96 RestrictMESampling:0 EDO:2 MCTF:2 
PRE-ANALYSIS CFG: STA:1 LeadFrames:0 TrailFrames:0 
FAST TOOL CFG: ECU:0 FEN:1 FDM:1 FastSearch:4 (SCC:2) LCTUFast:1 FastMrg:2 PBIntraFast:1 AMaxBT:1 FastQtBtEnc:1 ContentBasedFastQtbt:0 FastMIP:3 FastIntraTools:0 IntraEstDecBit:2 FastLocalDualTree:1 IntegerET:0 FastSubPel:1 QtbttExtraFast:3 FastTTSplit:0 IBCFastMethod:3 FIM:0 ALFSpeed:0 QuantThr: 4 
RATE CONTROL CFG: RateControl:0 LookAhead:0 
PARALLEL PROCESSING CFG: NumThreads:0 MaxParallelFrames:0 WppBitEqual:0 WF:0 

POC     0 TId: 0 (  IDR_N_LP, I-SLICE, QP 24, TF 3)     399128 bits [Y 38.6505 dB    U 40.8666 dB    V 42.1124 dB] [ET   222 ] [L0 ] [L1 ]
POC    16 TId: 1 (      STSA, B-SLICE, QP 28, TF 2)     241024 bits [Y 38.5410 dB    U 40.3088 dB    V 41.4771 dB] [ET   546 ] [L0 0 ] [L1 0 ]
POC     8 TId: 2 (      STSA, B-SLICE, QP 29, TF 1)     179072 bits [Y 37.2255 dB    U 39.5408 dB    V 40.7315 dB] [ET   892 ] [L0 0 16 ] [L1 16 0 ]
POC     4 TId: 3 (      STSA, B-SLICE, QP 32, TF 0)      79288 bits [Y 35.9273 dB    U 39.1064 dB    V 40.2868 dB] [ET   931 ] [L0 0 8 ] [L1 8 16 ]
POC     2 TId: 4 (      STSA, B-SLICE, QP 34)            45360 bits [Y 35.6425 dB    U 39.2695 dB    V 40.5227 dB] [ET   798 ] [L0 0 4 ] [L1 4 8 ]
POC     1 TId: 5 (      STSA, B-SLICE, QP 36)            22888 bits [Y 35.3138 dB    U 39.4613 dB    V 40.6534 dB] [ET   613 ] [L0 0 2 ] [L1 2 4 ]
POC     3 TId: 5 (      STSA, B-SLICE, QP 36)            20504 bits [Y 34.8464 dB    U 38.8194 dB    V 40.1894 dB] [ET   703 ] [L0 2 0 ] [L1 4 8 ]
POC     6 TId: 4 (      STSA, B-SLICE, QP 34)            43256 bits [Y 35.4859 dB    U 38.8205 dB    V 39.9548 dB] [ET   886 ] [L0 4 0 ] [L1 8 16 ]
POC     5 TId: 5 (      STSA, B-SLICE, QP 36)            19928 bits [Y 34.8747 dB    U 38.7430 dB    V 39.9928 dB] [ET   711 ] [L0 4 0 ] [L1 6 8 ]
POC     7 TId: 5 (      STSA, B-SLICE, QP 36)            20584 bits [Y 34.9928 dB    U 38.7178 dB    V 39.9331 dB] [ET   706 ] [L0 6 4 ] [L1 8 16 ]
POC    12 TId: 3 (      STSA, B-SLICE, QP 32, TF 0)      83656 bits [Y 35.7848 dB    U 39.2188 dB    V 39.9705 dB] [ET   979 ] [L0 8 0 ] [L1 16 8 ]
POC    10 TId: 4 (      STSA, B-SLICE, QP 34)            47560 bits [Y 35.3570 dB    U 38.8221 dB    V 39.6525 dB] [ET  1008 ] [L0 8 0 ] [L1 12 16 ]
POC     9 TId: 5 (      STSA, B-SLICE, QP 36)            20624 bits [Y 34.9362 dB    U 38.8175 dB    V 39.8540 dB] [ET   708 ] [L0 8 0 ] [L1 10 12 ]
POC    11 TId: 5 (      STSA, B-SLICE, QP 36)            20248 bits [Y 34.7032 dB    U 38.7358 dB    V 39.6129 dB] [ET   722 ] [L0 10 8 ] [L1 12 16 ]
POC    14 TId: 4 (      STSA, B-SLICE, QP 34)            42976 bits [Y 35.3192 dB    U 38.9580 dB    V 40.0622 dB] [ET   788 ] [L0 12 8 ] [L1 16 12 ]
POC    13 TId: 5 (      STSA, B-SLICE, QP 36)            19488 bits [Y 34.7499 dB    U 38.8484 dB    V 39.8080 dB] [ET   718 ] [L0 12 8 ] [L1 14 16 ]
POC    15 TId: 5 (      STSA, B-SLICE, QP 36)            19336 bits [Y 34.9614 dB    U 39.2702 dB    V 40.3765 dB] [ET   598 ] [L0 14 12 ] [L1 16 14 ]

	Total Frames |   Bitrate     Y-PSNR    U-PSNR    V-PSNR    YUV-PSNR   
	       17    a    2338.0941   35.7242   39.1956   40.3053   36.5687

 finished @ Fri Apr 14 23:10:29 2023
 Total Time:    12546.755 sec. [user]    12547.281 sec. [elapsed]

Level: 0
Inject Calls: 15669505500
Errors injected by bit:
	Bit 0: 15674522
	Bit 1: 15675218
	Bit 2: 15671203
	Bit 3: 15673402
	Bit 4: 15671146
	Bit 5: 15671718
	Bit 6: 15674544
	Bit 7: 15661729

Total errors injected: 125373482
