vvencFFapp: Fraunhofer VVC Encoder ver. 1.5.0 [Linux][GCC 11.3.0][64 bit][SIMD=AVX2]
 started @ Mon Apr 17 12:31:49 2023
CODING TOOL CFG: CTU128 QT44BTT21 IBD:1 SAO:1 ALF:1 (NonLinLuma:0 NonLinChr:0) CCALF:1 Tiles:1x1 Slices:1 WPP:0 WPP-Substreams:1 TMVP:1 DQ:1 SDH:0 CST:1 BDOF:1 DMVR:1 MTSImplicit:1 SBT:0 JCbCr:1 CabacInitPresent:1 AMVR:5 SMVD:3 LMCS:2 (Signal:SDR Opt:0) CIIP:0 MIP:1 AFFINE:2 (PROF:1, Type:1) MMVD:3 DisFracMMVD:1 SbTMVP:1 GPM:3 LFNST:1 MTS:0 ISP:3 TS:2 TSLog2MaxSize:4 useChromaTS:0 BDPCM:2 IBC:2 BCW:0 
ENC. ALG. CFG: QPA:0 HAD:1 RDQ:1 RDQTS:1 ASR:1 MinSearchWindow:96 RestrictMESampling:0 EDO:2 MCTF:2 
PRE-ANALYSIS CFG: STA:1 LeadFrames:0 TrailFrames:0 
FAST TOOL CFG: ECU:0 FEN:1 FDM:1 FastSearch:4 (SCC:2) LCTUFast:1 FastMrg:2 PBIntraFast:1 AMaxBT:1 FastQtBtEnc:1 ContentBasedFastQtbt:0 FastMIP:3 FastIntraTools:0 IntraEstDecBit:2 FastLocalDualTree:1 IntegerET:0 FastSubPel:1 QtbttExtraFast:3 FastTTSplit:0 IBCFastMethod:3 FIM:0 ALFSpeed:0 QuantThr: 4 
RATE CONTROL CFG: RateControl:0 LookAhead:0 
PARALLEL PROCESSING CFG: NumThreads:0 MaxParallelFrames:0 WppBitEqual:0 WF:0 

POC     0 TId: 0 (  IDR_N_LP, I-SLICE, QP 29, TF 2)     245544 bits [Y 36.0242 dB    U 38.6082 dB    V 40.2672 dB] [ET   193 ] [L0 ] [L1 ]
POC    16 TId: 1 (      STSA, B-SLICE, QP 34, TF 1)     118616 bits [Y 34.6780 dB    U 37.4454 dB    V 38.5865 dB] [ET   515 ] [L0 0 ] [L1 0 ]
POC     8 TId: 2 (      STSA, B-SLICE, QP 35, TF 0)      82776 bits [Y 33.8041 dB    U 37.0726 dB    V 38.2351 dB] [ET   857 ] [L0 0 16 ] [L1 16 0 ]
POC     4 TId: 3 (      STSA, B-SLICE, QP 38)            35608 bits [Y 33.0400 dB    U 37.1972 dB    V 38.4797 dB] [ET   831 ] [L0 0 8 ] [L1 8 16 ]
POC     2 TId: 4 (      STSA, B-SLICE, QP 40)            19536 bits [Y 32.7236 dB    U 37.4659 dB    V 38.9182 dB] [ET   691 ] [L0 0 4 ] [L1 4 8 ]
POC     1 TId: 5 (      STSA, B-SLICE, QP 41)            10808 bits [Y 32.9450 dB    U 37.5375 dB    V 39.1545 dB] [ET   509 ] [L0 0 2 ] [L1 2 4 ]
POC     3 TId: 5 (      STSA, B-SLICE, QP 41)             9880 bits [Y 32.2884 dB    U 37.1387 dB    V 38.5146 dB] [ET   606 ] [L0 2 0 ] [L1 4 8 ]
POC     6 TId: 4 (      STSA, B-SLICE, QP 40)            18472 bits [Y 32.4328 dB    U 36.9070 dB    V 38.1325 dB] [ET   810 ] [L0 4 0 ] [L1 8 16 ]
POC     5 TId: 5 (      STSA, B-SLICE, QP 41)             9032 bits [Y 32.3130 dB    U 36.9145 dB    V 38.3173 dB] [ET   688 ] [L0 4 0 ] [L1 6 8 ]
POC     7 TId: 5 (      STSA, B-SLICE, QP 41)             9304 bits [Y 32.3025 dB    U 36.7714 dB    V 37.9705 dB] [ET   609 ] [L0 6 4 ] [L1 8 16 ]
POC    12 TId: 3 (      STSA, B-SLICE, QP 38)            36680 bits [Y 32.8193 dB    U 37.0783 dB    V 37.8916 dB] [ET   888 ] [L0 8 0 ] [L1 16 8 ]
POC    10 TId: 4 (      STSA, B-SLICE, QP 40)            20472 bits [Y 32.2480 dB    U 36.8311 dB    V 37.7514 dB] [ET   856 ] [L0 8 0 ] [L1 12 16 ]
POC     9 TId: 5 (      STSA, B-SLICE, QP 41)             9768 bits [Y 32.2150 dB    U 36.8579 dB    V 37.8767 dB] [ET   596 ] [L0 8 0 ] [L1 10 12 ]
POC    11 TId: 5 (      STSA, B-SLICE, QP 41)             9504 bits [Y 32.0643 dB    U 36.8548 dB    V 37.6347 dB] [ET   662 ] [L0 10 8 ] [L1 12 16 ]
POC    14 TId: 4 (      STSA, B-SLICE, QP 40)            17928 bits [Y 32.3393 dB    U 36.9451 dB    V 37.9730 dB] [ET   699 ] [L0 12 8 ] [L1 16 12 ]
POC    13 TId: 5 (      STSA, B-SLICE, QP 41)             9024 bits [Y 32.1326 dB    U 36.8842 dB    V 37.8284 dB] [ET   606 ] [L0 12 8 ] [L1 14 16 ]
POC    15 TId: 5 (      STSA, B-SLICE, QP 41)             8296 bits [Y 32.4543 dB    U 37.0526 dB    V 38.1803 dB] [ET   505 ] [L0 14 12 ] [L1 16 14 ]

	Total Frames |   Bitrate     Y-PSNR    U-PSNR    V-PSNR    YUV-PSNR   
	       17    a    1184.5553   32.8720   37.1507   38.3360   33.8789

 finished @ Mon Apr 17 15:37:24 2023
 Total Time:    10996.095 sec. [user]    11134.869 sec. [elapsed]

Level: 0
Inject Calls: 13102769767
Errors injected by bit:
	Bit 0: 130609
	Bit 1: 131695
	Bit 2: 130678
	Bit 3: 131046
	Bit 4: 130273
	Bit 5: 131252
	Bit 6: 131278
	Bit 7: 130717

Total errors injected: 1047548
