vvencFFapp: Fraunhofer VVC Encoder ver. 1.5.0 [Linux][GCC 11.3.0][64 bit][SIMD=AVX2]
 started @ Thu Apr 13 02:40:39 2023
CODING TOOL CFG: CTU128 QT44BTT21 IBD:1 SAO:1 ALF:1 (NonLinLuma:0 NonLinChr:0) CCALF:1 Tiles:1x1 Slices:1 WPP:0 WPP-Substreams:1 TMVP:1 DQ:1 SDH:0 CST:1 BDOF:1 DMVR:1 MTSImplicit:1 SBT:0 JCbCr:1 CabacInitPresent:1 AMVR:5 SMVD:3 LMCS:2 (Signal:SDR Opt:0) CIIP:0 MIP:1 AFFINE:2 (PROF:1, Type:1) MMVD:3 DisFracMMVD:1 SbTMVP:1 GPM:3 LFNST:1 MTS:0 ISP:3 TS:2 TSLog2MaxSize:4 useChromaTS:0 BDPCM:2 IBC:2 BCW:0 
ENC. ALG. CFG: QPA:0 HAD:1 RDQ:1 RDQTS:1 ASR:1 MinSearchWindow:96 RestrictMESampling:0 EDO:2 MCTF:2 
PRE-ANALYSIS CFG: STA:1 LeadFrames:0 TrailFrames:0 
FAST TOOL CFG: ECU:0 FEN:1 FDM:1 FastSearch:4 (SCC:2) LCTUFast:1 FastMrg:2 PBIntraFast:1 AMaxBT:1 FastQtBtEnc:1 ContentBasedFastQtbt:0 FastMIP:3 FastIntraTools:0 IntraEstDecBit:2 FastLocalDualTree:1 IntegerET:0 FastSubPel:1 QtbttExtraFast:3 FastTTSplit:0 IBCFastMethod:3 FIM:0 ALFSpeed:0 QuantThr: 4 
RATE CONTROL CFG: RateControl:0 LookAhead:0 
PARALLEL PROCESSING CFG: NumThreads:0 MaxParallelFrames:0 WppBitEqual:0 WF:0 

POC     0 TId: 0 (  IDR_N_LP, I-SLICE, QP 19, TF 3)     629392 bits [Y 41.1842 dB    U 43.2214 dB    V 44.1771 dB] [ET   273 ] [L0 ] [L1 ]
POC    16 TId: 1 (      STSA, B-SLICE, QP 22, TF 2)     439600 bits [Y 42.2981 dB    U 43.3414 dB    V 44.2901 dB] [ET   655 ] [L0 0 ] [L1 0 ]
POC     8 TId: 2 (      STSA, B-SLICE, QP 23, TF 1)     349952 bits [Y 40.6542 dB    U 42.0152 dB    V 43.2216 dB] [ET  1071 ] [L0 0 16 ] [L1 16 0 ]
POC     4 TId: 3 (      STSA, B-SLICE, QP 26, TF 0)     176408 bits [Y 38.9376 dB    U 41.4132 dB    V 42.5484 dB] [ET  1100 ] [L0 0 8 ] [L1 8 16 ]
POC     2 TId: 4 (      STSA, B-SLICE, QP 28)           108624 bits [Y 38.3797 dB    U 41.4006 dB    V 42.5575 dB] [ET  1023 ] [L0 0 4 ] [L1 4 8 ]
POC     1 TId: 5 (      STSA, B-SLICE, QP 29)            67400 bits [Y 37.8956 dB    U 41.4886 dB    V 42.7039 dB] [ET   826 ] [L0 0 2 ] [L1 2 4 ]
POC     3 TId: 5 (      STSA, B-SLICE, QP 29)            64304 bits [Y 37.7193 dB    U 41.0400 dB    V 42.2224 dB] [ET   945 ] [L0 2 0 ] [L1 4 8 ]
POC     6 TId: 4 (      STSA, B-SLICE, QP 28)           102496 bits [Y 38.3216 dB    U 41.1247 dB    V 42.3343 dB] [ET  1154 ] [L0 4 0 ] [L1 8 16 ]
POC     5 TId: 5 (      STSA, B-SLICE, QP 29)            60968 bits [Y 37.7263 dB    U 40.8874 dB    V 42.1837 dB] [ET   946 ] [L0 4 0 ] [L1 6 8 ]
POC     7 TId: 5 (      STSA, B-SLICE, QP 29)            63688 bits [Y 37.8431 dB    U 40.9378 dB    V 42.1482 dB] [ET   939 ] [L0 6 4 ] [L1 8 16 ]
POC    12 TId: 3 (      STSA, B-SLICE, QP 26, TF 0)     185440 bits [Y 38.9682 dB    U 41.5685 dB    V 42.4180 dB] [ET  1175 ] [L0 8 0 ] [L1 16 8 ]
POC    10 TId: 4 (      STSA, B-SLICE, QP 28)           114616 bits [Y 38.3174 dB    U 41.1122 dB    V 42.0356 dB] [ET  1253 ] [L0 8 0 ] [L1 12 16 ]
POC     9 TId: 5 (      STSA, B-SLICE, QP 29)            65288 bits [Y 37.8280 dB    U 40.9371 dB    V 42.1842 dB] [ET   939 ] [L0 8 0 ] [L1 10 12 ]
POC    11 TId: 5 (      STSA, B-SLICE, QP 29)            68216 bits [Y 37.7235 dB    U 40.9338 dB    V 41.7860 dB] [ET  1021 ] [L0 10 8 ] [L1 12 16 ]
POC    14 TId: 4 (      STSA, B-SLICE, QP 28)           116440 bits [Y 38.3968 dB    U 41.1923 dB    V 42.2695 dB] [ET  1043 ] [L0 12 8 ] [L1 16 12 ]
POC    13 TId: 5 (      STSA, B-SLICE, QP 29)            65824 bits [Y 37.7436 dB    U 40.9557 dB    V 42.0186 dB] [ET   977 ] [L0 12 8 ] [L1 14 16 ]
POC    15 TId: 5 (      STSA, B-SLICE, QP 29)            69480 bits [Y 37.9084 dB    U 41.2316 dB    V 42.4744 dB] [ET   846 ] [L0 14 12 ] [L1 16 14 ]

	Total Frames |   Bitrate     Y-PSNR    U-PSNR    V-PSNR    YUV-PSNR   
	       17    a    4849.6518   38.6968   41.4589   42.5631   39.3906

 finished @ Thu Apr 13 07:10:43 2023
 Total Time:    16192.265 sec. [user]    16204.142 sec. [elapsed]

Level: 0
Inject Calls: 19880230582
Errors injected by bit:
	Bit 0: 1987346
	Bit 1: 1985537
	Bit 2: 1988567
	Bit 3: 1989627
	Bit 4: 1987002
	Bit 5: 1988077
	Bit 6: 1987226
	Bit 7: 1988767

Total errors injected: 15902149
