vvencFFapp: Fraunhofer VVC Encoder ver. 1.5.0 [Linux][GCC 11.3.0][64 bit][SIMD=AVX2]
 started @ Tue Apr 18 05:02:06 2023
CODING TOOL CFG: CTU128 QT44BTT21 IBD:1 SAO:1 ALF:1 (NonLinLuma:0 NonLinChr:0) CCALF:1 Tiles:1x1 Slices:1 WPP:0 WPP-Substreams:1 TMVP:1 DQ:1 SDH:0 CST:1 BDOF:1 DMVR:1 MTSImplicit:1 SBT:0 JCbCr:1 CabacInitPresent:1 AMVR:5 SMVD:3 LMCS:2 (Signal:SDR Opt:0) CIIP:0 MIP:1 AFFINE:2 (PROF:1, Type:1) MMVD:3 DisFracMMVD:1 SbTMVP:1 GPM:3 LFNST:1 MTS:0 ISP:3 TS:2 TSLog2MaxSize:4 useChromaTS:0 BDPCM:2 IBC:2 BCW:0 
ENC. ALG. CFG: QPA:0 HAD:1 RDQ:1 RDQTS:1 ASR:1 MinSearchWindow:96 RestrictMESampling:0 EDO:2 MCTF:2 
PRE-ANALYSIS CFG: STA:1 LeadFrames:0 TrailFrames:0 
FAST TOOL CFG: ECU:0 FEN:1 FDM:1 FastSearch:4 (SCC:2) LCTUFast:1 FastMrg:2 PBIntraFast:1 AMaxBT:1 FastQtBtEnc:1 ContentBasedFastQtbt:0 FastMIP:3 FastIntraTools:0 IntraEstDecBit:2 FastLocalDualTree:1 IntegerET:0 FastSubPel:1 QtbttExtraFast:3 FastTTSplit:0 IBCFastMethod:3 FIM:0 ALFSpeed:0 QuantThr: 4 
RATE CONTROL CFG: RateControl:0 LookAhead:0 
PARALLEL PROCESSING CFG: NumThreads:0 MaxParallelFrames:0 WppBitEqual:0 WF:0 

POC     0 TId: 0 (  IDR_N_LP, I-SLICE, QP 34, TF 2)     137312 bits [Y 33.0393 dB    U 36.5932 dB    V 37.9362 dB] [ET   134 ] [L0 ] [L1 ]
POC    16 TId: 1 (      STSA, B-SLICE, QP 40, TF 1)      50872 bits [Y 30.8211 dB    U 36.0028 dB    V 36.8157 dB] [ET   395 ] [L0 0 ] [L1 0 ]
POC     8 TId: 2 (      STSA, B-SLICE, QP 40, TF 0)      41056 bits [Y 30.7770 dB    U 35.8069 dB    V 36.8963 dB] [ET   725 ] [L0 0 16 ] [L1 16 0 ]
POC     4 TId: 3 (      STSA, B-SLICE, QP 43)            17264 bits [Y 30.2130 dB    U 35.7930 dB    V 36.7740 dB] [ET   649 ] [L0 0 8 ] [L1 8 16 ]
POC     2 TId: 4 (      STSA, B-SLICE, QP 45)             9648 bits [Y 30.1057 dB    U 35.7991 dB    V 37.0315 dB] [ET   535 ] [L0 0 4 ] [L1 4 8 ]
POC     1 TId: 5 (      STSA, B-SLICE, QP 46)             4808 bits [Y 30.3657 dB    U 35.9214 dB    V 37.2678 dB] [ET   391 ] [L0 0 2 ] [L1 2 4 ]
POC     3 TId: 5 (      STSA, B-SLICE, QP 46)             4320 bits [Y 29.7252 dB    U 35.5659 dB    V 36.7682 dB] [ET   500 ] [L0 2 0 ] [L1 4 8 ]
POC     6 TId: 4 (      STSA, B-SLICE, QP 45)             8624 bits [Y 29.6800 dB    U 35.4985 dB    V 36.5979 dB] [ET   697 ] [L0 4 0 ] [L1 8 16 ]
POC     5 TId: 5 (      STSA, B-SLICE, QP 46)             3920 bits [Y 29.6144 dB    U 35.5567 dB    V 36.7308 dB] [ET   494 ] [L0 4 0 ] [L1 6 8 ]
POC     7 TId: 5 (      STSA, B-SLICE, QP 46)             4016 bits [Y 29.6544 dB    U 35.3796 dB    V 36.5627 dB] [ET   452 ] [L0 6 4 ] [L1 8 16 ]
POC    12 TId: 3 (      STSA, B-SLICE, QP 43)            17928 bits [Y 29.8715 dB    U 35.6756 dB    V 36.2613 dB] [ET   735 ] [L0 8 0 ] [L1 16 8 ]
POC    10 TId: 4 (      STSA, B-SLICE, QP 45)             9664 bits [Y 29.3763 dB    U 35.4559 dB    V 36.2621 dB] [ET   674 ] [L0 8 0 ] [L1 12 16 ]
POC     9 TId: 5 (      STSA, B-SLICE, QP 46)             4000 bits [Y 29.4047 dB    U 35.5372 dB    V 36.4903 dB] [ET   471 ] [L0 8 0 ] [L1 10 12 ]
POC    11 TId: 5 (      STSA, B-SLICE, QP 46)             4360 bits [Y 29.3125 dB    U 35.5497 dB    V 36.2113 dB] [ET   458 ] [L0 10 8 ] [L1 12 16 ]
POC    14 TId: 4 (      STSA, B-SLICE, QP 45)             8192 bits [Y 29.4499 dB    U 35.5392 dB    V 36.1064 dB] [ET   557 ] [L0 12 8 ] [L1 16 12 ]
POC    13 TId: 5 (      STSA, B-SLICE, QP 46)             4176 bits [Y 29.4476 dB    U 35.5047 dB    V 36.0742 dB] [ET   461 ] [L0 12 8 ] [L1 14 16 ]
POC    15 TId: 5 (      STSA, B-SLICE, QP 46)             3784 bits [Y 29.7175 dB    U 35.7092 dB    V 36.4038 dB] [ET   412 ] [L0 14 12 ] [L1 16 14 ]

	Total Frames |   Bitrate     Y-PSNR    U-PSNR    V-PSNR    YUV-PSNR   
	       17    a     589.3129   30.0339   35.6993   36.6583   31.2245

 finished @ Tue Apr 18 07:27:58 2023
 Total Time:     8751.609 sec. [user]     8752.048 sec. [elapsed]

Level: 0
Inject Calls: 11016814698
Errors injected by bit:
	Bit 0: 11000
	Bit 1: 11177
	Bit 2: 11064
	Bit 3: 11016
	Bit 4: 10989
	Bit 5: 10949
	Bit 6: 11081
	Bit 7: 11119

Total errors injected: 88395
