vvencFFapp: Fraunhofer VVC Encoder ver. 1.5.0 [Linux][GCC 11.3.0][64 bit][SIMD=AVX2]
 started @ Tue Apr 18 02:32:04 2023
CODING TOOL CFG: CTU128 QT44BTT21 IBD:1 SAO:1 ALF:1 (NonLinLuma:0 NonLinChr:0) CCALF:1 Tiles:1x1 Slices:1 WPP:0 WPP-Substreams:1 TMVP:1 DQ:1 SDH:0 CST:1 BDOF:1 DMVR:1 MTSImplicit:1 SBT:0 JCbCr:1 CabacInitPresent:1 AMVR:5 SMVD:3 LMCS:2 (Signal:SDR Opt:0) CIIP:0 MIP:1 AFFINE:2 (PROF:1, Type:1) MMVD:3 DisFracMMVD:1 SbTMVP:1 GPM:3 LFNST:1 MTS:0 ISP:3 TS:2 TSLog2MaxSize:4 useChromaTS:0 BDPCM:2 IBC:2 BCW:0 
ENC. ALG. CFG: QPA:0 HAD:1 RDQ:1 RDQTS:1 ASR:1 MinSearchWindow:96 RestrictMESampling:0 EDO:2 MCTF:2 
PRE-ANALYSIS CFG: STA:1 LeadFrames:0 TrailFrames:0 
FAST TOOL CFG: ECU:0 FEN:1 FDM:1 FastSearch:4 (SCC:2) LCTUFast:1 FastMrg:2 PBIntraFast:1 AMaxBT:1 FastQtBtEnc:1 ContentBasedFastQtbt:0 FastMIP:3 FastIntraTools:0 IntraEstDecBit:2 FastLocalDualTree:1 IntegerET:0 FastSubPel:1 QtbttExtraFast:3 FastTTSplit:0 IBCFastMethod:3 FIM:0 ALFSpeed:0 QuantThr: 4 
RATE CONTROL CFG: RateControl:0 LookAhead:0 
PARALLEL PROCESSING CFG: NumThreads:0 MaxParallelFrames:0 WppBitEqual:0 WF:0 

POC     0 TId: 0 (  IDR_N_LP, I-SLICE, QP 34, TF 2)     137312 bits [Y 33.0393 dB    U 36.5932 dB    V 37.9362 dB] [ET   134 ] [L0 ] [L1 ]
POC    16 TId: 1 (      STSA, B-SLICE, QP 40, TF 1)      50816 bits [Y 30.8300 dB    U 35.9941 dB    V 36.9092 dB] [ET   404 ] [L0 0 ] [L1 0 ]
POC     8 TId: 2 (      STSA, B-SLICE, QP 40, TF 0)      40168 bits [Y 30.7299 dB    U 35.8395 dB    V 36.9256 dB] [ET   725 ] [L0 0 16 ] [L1 16 0 ]
POC     4 TId: 3 (      STSA, B-SLICE, QP 43)            17056 bits [Y 30.1753 dB    U 35.8108 dB    V 36.9021 dB] [ET   661 ] [L0 0 8 ] [L1 8 16 ]
POC     2 TId: 4 (      STSA, B-SLICE, QP 45)             9488 bits [Y 30.0498 dB    U 35.8321 dB    V 37.0829 dB] [ET   539 ] [L0 0 4 ] [L1 4 8 ]
POC     1 TId: 5 (      STSA, B-SLICE, QP 46)             4800 bits [Y 30.3360 dB    U 35.8997 dB    V 37.2493 dB] [ET   402 ] [L0 0 2 ] [L1 2 4 ]
POC     3 TId: 5 (      STSA, B-SLICE, QP 46)             4368 bits [Y 29.7114 dB    U 35.6657 dB    V 36.7563 dB] [ET   505 ] [L0 2 0 ] [L1 4 8 ]
POC     6 TId: 4 (      STSA, B-SLICE, QP 45)             8648 bits [Y 29.6421 dB    U 35.5482 dB    V 36.6527 dB] [ET   695 ] [L0 4 0 ] [L1 8 16 ]
POC     5 TId: 5 (      STSA, B-SLICE, QP 46)             4072 bits [Y 29.5699 dB    U 35.5924 dB    V 36.7211 dB] [ET   501 ] [L0 4 0 ] [L1 6 8 ]
POC     7 TId: 5 (      STSA, B-SLICE, QP 46)             4080 bits [Y 29.6157 dB    U 35.5409 dB    V 36.6212 dB] [ET   440 ] [L0 6 4 ] [L1 8 16 ]
POC    12 TId: 3 (      STSA, B-SLICE, QP 43)            18544 bits [Y 29.9028 dB    U 35.7167 dB    V 36.2113 dB] [ET   717 ] [L0 8 0 ] [L1 16 8 ]
POC    10 TId: 4 (      STSA, B-SLICE, QP 45)             9504 bits [Y 29.4233 dB    U 35.4744 dB    V 36.2246 dB] [ET   658 ] [L0 8 0 ] [L1 12 16 ]
POC     9 TId: 5 (      STSA, B-SLICE, QP 46)             3768 bits [Y 29.4493 dB    U 35.5830 dB    V 36.4724 dB] [ET   454 ] [L0 8 0 ] [L1 10 12 ]
POC    11 TId: 5 (      STSA, B-SLICE, QP 46)             3912 bits [Y 29.2542 dB    U 35.4823 dB    V 36.1327 dB] [ET   500 ] [L0 10 8 ] [L1 12 16 ]
POC    14 TId: 4 (      STSA, B-SLICE, QP 45)             8496 bits [Y 29.4718 dB    U 35.5717 dB    V 36.0361 dB] [ET   545 ] [L0 12 8 ] [L1 16 12 ]
POC    13 TId: 5 (      STSA, B-SLICE, QP 46)             4080 bits [Y 29.3596 dB    U 35.5532 dB    V 36.1219 dB] [ET   507 ] [L0 12 8 ] [L1 14 16 ]
POC    15 TId: 5 (      STSA, B-SLICE, QP 46)             3816 bits [Y 29.6696 dB    U 35.7471 dB    V 36.3559 dB] [ET   396 ] [L0 14 12 ] [L1 16 14 ]

	Total Frames |   Bitrate     Y-PSNR    U-PSNR    V-PSNR    YUV-PSNR   
	       17    a     587.5200   30.0135   35.7321   36.6654   31.2082

 finished @ Tue Apr 18 04:58:38 2023
 Total Time:     8794.247 sec. [user]     8794.424 sec. [elapsed]

Level: 0
Inject Calls: 10985667868
Errors injected by bit:
	Bit 0: 110030
	Bit 1: 110417
	Bit 2: 109806
	Bit 3: 109974
	Bit 4: 109085
	Bit 5: 109720
	Bit 6: 110290
	Bit 7: 109618

Total errors injected: 878940
