vvencFFapp: Fraunhofer VVC Encoder ver. 1.5.0 [Linux][GCC 11.3.0][64 bit][SIMD=AVX2]
 started @ Tue Apr 18 00:07:01 2023
CODING TOOL CFG: CTU128 QT44BTT21 IBD:1 SAO:1 ALF:1 (NonLinLuma:0 NonLinChr:0) CCALF:1 Tiles:1x1 Slices:1 WPP:0 WPP-Substreams:1 TMVP:1 DQ:1 SDH:0 CST:1 BDOF:1 DMVR:1 MTSImplicit:1 SBT:0 JCbCr:1 CabacInitPresent:1 AMVR:5 SMVD:3 LMCS:2 (Signal:SDR Opt:0) CIIP:0 MIP:1 AFFINE:2 (PROF:1, Type:1) MMVD:3 DisFracMMVD:1 SbTMVP:1 GPM:3 LFNST:1 MTS:0 ISP:3 TS:2 TSLog2MaxSize:4 useChromaTS:0 BDPCM:2 IBC:2 BCW:0 
ENC. ALG. CFG: QPA:0 HAD:1 RDQ:1 RDQTS:1 ASR:1 MinSearchWindow:96 RestrictMESampling:0 EDO:2 MCTF:2 
PRE-ANALYSIS CFG: STA:1 LeadFrames:0 TrailFrames:0 
FAST TOOL CFG: ECU:0 FEN:1 FDM:1 FastSearch:4 (SCC:2) LCTUFast:1 FastMrg:2 PBIntraFast:1 AMaxBT:1 FastQtBtEnc:1 ContentBasedFastQtbt:0 FastMIP:3 FastIntraTools:0 IntraEstDecBit:2 FastLocalDualTree:1 IntegerET:0 FastSubPel:1 QtbttExtraFast:3 FastTTSplit:0 IBCFastMethod:3 FIM:0 ALFSpeed:0 QuantThr: 4 
RATE CONTROL CFG: RateControl:0 LookAhead:0 
PARALLEL PROCESSING CFG: NumThreads:0 MaxParallelFrames:0 WppBitEqual:0 WF:0 

POC     0 TId: 0 (  IDR_N_LP, I-SLICE, QP 34, TF 2)     137312 bits [Y 33.0393 dB    U 36.5932 dB    V 37.9362 dB] [ET   133 ] [L0 ] [L1 ]
POC    16 TId: 1 (      STSA, B-SLICE, QP 40, TF 1)      49480 bits [Y 30.7763 dB    U 36.0467 dB    V 36.9147 dB] [ET   396 ] [L0 0 ] [L1 0 ]
POC     8 TId: 2 (      STSA, B-SLICE, QP 40, TF 0)      40848 bits [Y 30.7771 dB    U 35.7830 dB    V 36.8850 dB] [ET   703 ] [L0 0 16 ] [L1 16 0 ]
POC     4 TId: 3 (      STSA, B-SLICE, QP 43)            16880 bits [Y 30.1596 dB    U 35.6742 dB    V 36.8087 dB] [ET   664 ] [L0 0 8 ] [L1 8 16 ]
POC     2 TId: 4 (      STSA, B-SLICE, QP 45)             9056 bits [Y 30.0218 dB    U 35.7863 dB    V 37.0818 dB] [ET   524 ] [L0 0 4 ] [L1 4 8 ]
POC     1 TId: 5 (      STSA, B-SLICE, QP 46)             4600 bits [Y 30.3000 dB    U 35.8994 dB    V 37.2519 dB] [ET   417 ] [L0 0 2 ] [L1 2 4 ]
POC     3 TId: 5 (      STSA, B-SLICE, QP 46)             4680 bits [Y 29.7259 dB    U 35.5212 dB    V 36.8005 dB] [ET   482 ] [L0 2 0 ] [L1 4 8 ]
POC     6 TId: 4 (      STSA, B-SLICE, QP 45)             8488 bits [Y 29.6153 dB    U 35.5153 dB    V 36.6249 dB] [ET   656 ] [L0 4 0 ] [L1 8 16 ]
POC     5 TId: 5 (      STSA, B-SLICE, QP 46)             4024 bits [Y 29.5396 dB    U 35.4544 dB    V 36.7475 dB] [ET   460 ] [L0 4 0 ] [L1 6 8 ]
POC     7 TId: 5 (      STSA, B-SLICE, QP 46)             3672 bits [Y 29.6152 dB    U 35.4126 dB    V 36.6049 dB] [ET   430 ] [L0 6 4 ] [L1 8 16 ]
POC    12 TId: 3 (      STSA, B-SLICE, QP 43)            18208 bits [Y 29.8066 dB    U 35.7220 dB    V 36.2428 dB] [ET   699 ] [L0 8 0 ] [L1 16 8 ]
POC    10 TId: 4 (      STSA, B-SLICE, QP 45)             9192 bits [Y 29.3236 dB    U 35.4331 dB    V 36.2061 dB] [ET   682 ] [L0 8 0 ] [L1 12 16 ]
POC     9 TId: 5 (      STSA, B-SLICE, QP 46)             4024 bits [Y 29.4224 dB    U 35.4948 dB    V 36.4802 dB] [ET   445 ] [L0 8 0 ] [L1 10 12 ]
POC    11 TId: 5 (      STSA, B-SLICE, QP 46)             4272 bits [Y 29.2852 dB    U 35.5711 dB    V 36.1229 dB] [ET   497 ] [L0 10 8 ] [L1 12 16 ]
POC    14 TId: 4 (      STSA, B-SLICE, QP 45)             8256 bits [Y 29.4173 dB    U 35.5913 dB    V 36.1717 dB] [ET   559 ] [L0 12 8 ] [L1 16 12 ]
POC    13 TId: 5 (      STSA, B-SLICE, QP 46)             3952 bits [Y 29.3429 dB    U 35.5637 dB    V 36.1637 dB] [ET   464 ] [L0 12 8 ] [L1 14 16 ]
POC    15 TId: 5 (      STSA, B-SLICE, QP 46)             3800 bits [Y 29.6774 dB    U 35.7021 dB    V 36.3961 dB] [ET   367 ] [L0 14 12 ] [L1 16 14 ]

	Total Frames |   Bitrate     Y-PSNR    U-PSNR    V-PSNR    YUV-PSNR   
	       17    a     583.6659   29.9909   35.6920   36.6729   31.1851

 finished @ Tue Apr 18 02:30:12 2023
 Total Time:     8590.770 sec. [user]     8590.933 sec. [elapsed]

Level: 0
Inject Calls: 10736096972
Errors injected by bit:
	Bit 0: 1075862
	Bit 1: 1071283
	Bit 2: 1072873
	Bit 3: 1072999
	Bit 4: 1073542
	Bit 5: 1073920
	Bit 6: 1073873
	Bit 7: 1072974

Total errors injected: 8587326
