vvencFFapp: Fraunhofer VVC Encoder ver. 1.5.0 [Linux][GCC 11.3.0][64 bit][SIMD=AVX2]
 started @ Fri Apr 14 10:51:13 2023
CODING TOOL CFG: CTU128 QT44BTT21 IBD:1 SAO:1 ALF:1 (NonLinLuma:0 NonLinChr:0) CCALF:1 Tiles:1x1 Slices:1 WPP:0 WPP-Substreams:1 TMVP:1 DQ:1 SDH:0 CST:1 BDOF:1 DMVR:1 MTSImplicit:1 SBT:0 JCbCr:1 CabacInitPresent:1 AMVR:5 SMVD:3 LMCS:2 (Signal:SDR Opt:0) CIIP:0 MIP:1 AFFINE:2 (PROF:1, Type:1) MMVD:3 DisFracMMVD:1 SbTMVP:1 GPM:3 LFNST:1 MTS:0 ISP:3 TS:2 TSLog2MaxSize:4 useChromaTS:0 BDPCM:2 IBC:2 BCW:0 
ENC. ALG. CFG: QPA:0 HAD:1 RDQ:1 RDQTS:1 ASR:1 MinSearchWindow:96 RestrictMESampling:0 EDO:2 MCTF:2 
PRE-ANALYSIS CFG: STA:1 LeadFrames:0 TrailFrames:0 
FAST TOOL CFG: ECU:0 FEN:1 FDM:1 FastSearch:4 (SCC:2) LCTUFast:1 FastMrg:2 PBIntraFast:1 AMaxBT:1 FastQtBtEnc:1 ContentBasedFastQtbt:0 FastMIP:3 FastIntraTools:0 IntraEstDecBit:2 FastLocalDualTree:1 IntegerET:0 FastSubPel:1 QtbttExtraFast:3 FastTTSplit:0 IBCFastMethod:3 FIM:0 ALFSpeed:0 QuantThr: 4 
RATE CONTROL CFG: RateControl:0 LookAhead:0 
PARALLEL PROCESSING CFG: NumThreads:0 MaxParallelFrames:0 WppBitEqual:0 WF:0 

POC     0 TId: 0 (  IDR_N_LP, I-SLICE, QP 19, TF 3)     629392 bits [Y 41.1842 dB    U 43.2214 dB    V 44.1771 dB] [ET   278 ] [L0 ] [L1 ]
POC    16 TId: 1 (      STSA, B-SLICE, QP 22, TF 2)     444496 bits [Y 42.3014 dB    U 43.3697 dB    V 44.2712 dB] [ET   666 ] [L0 0 ] [L1 0 ]
POC     8 TId: 2 (      STSA, B-SLICE, QP 23, TF 1)     348944 bits [Y 40.6378 dB    U 42.0237 dB    V 43.1952 dB] [ET  1077 ] [L0 0 16 ] [L1 16 0 ]
POC     4 TId: 3 (      STSA, B-SLICE, QP 26, TF 0)     178432 bits [Y 38.9316 dB    U 41.4641 dB    V 42.5968 dB] [ET  1117 ] [L0 0 8 ] [L1 8 16 ]
POC     2 TId: 4 (      STSA, B-SLICE, QP 28)           108040 bits [Y 38.3482 dB    U 41.4849 dB    V 42.5648 dB] [ET  1013 ] [L0 0 4 ] [L1 4 8 ]
POC     1 TId: 5 (      STSA, B-SLICE, QP 29)            67632 bits [Y 37.9031 dB    U 41.4567 dB    V 42.6843 dB] [ET   816 ] [L0 0 2 ] [L1 2 4 ]
POC     3 TId: 5 (      STSA, B-SLICE, QP 29)            64888 bits [Y 37.7286 dB    U 41.0258 dB    V 42.2179 dB] [ET   979 ] [L0 2 0 ] [L1 4 8 ]
POC     6 TId: 4 (      STSA, B-SLICE, QP 28)           102984 bits [Y 38.3524 dB    U 41.1705 dB    V 42.3420 dB] [ET  1170 ] [L0 4 0 ] [L1 8 16 ]
POC     5 TId: 5 (      STSA, B-SLICE, QP 29)            60632 bits [Y 37.7167 dB    U 40.8971 dB    V 42.2679 dB] [ET   940 ] [L0 4 0 ] [L1 6 8 ]
POC     7 TId: 5 (      STSA, B-SLICE, QP 29)            62728 bits [Y 37.7966 dB    U 40.9276 dB    V 42.1418 dB] [ET   950 ] [L0 6 4 ] [L1 8 16 ]
POC    12 TId: 3 (      STSA, B-SLICE, QP 26, TF 0)     184880 bits [Y 38.9737 dB    U 41.6043 dB    V 42.4645 dB] [ET  1187 ] [L0 8 0 ] [L1 16 8 ]
POC    10 TId: 4 (      STSA, B-SLICE, QP 28)           115216 bits [Y 38.3348 dB    U 41.1890 dB    V 42.0500 dB] [ET  1269 ] [L0 8 0 ] [L1 12 16 ]
POC     9 TId: 5 (      STSA, B-SLICE, QP 29)            64424 bits [Y 37.8233 dB    U 40.9875 dB    V 42.2126 dB] [ET   972 ] [L0 8 0 ] [L1 10 12 ]
POC    11 TId: 5 (      STSA, B-SLICE, QP 29)            68160 bits [Y 37.7498 dB    U 41.0332 dB    V 41.9133 dB] [ET  1032 ] [L0 10 8 ] [L1 12 16 ]
POC    14 TId: 4 (      STSA, B-SLICE, QP 28)           115576 bits [Y 38.3994 dB    U 41.2075 dB    V 42.3275 dB] [ET  1053 ] [L0 12 8 ] [L1 16 12 ]
POC    13 TId: 5 (      STSA, B-SLICE, QP 29)            65624 bits [Y 37.7727 dB    U 40.9957 dB    V 42.0256 dB] [ET   992 ] [L0 12 8 ] [L1 14 16 ]
POC    15 TId: 5 (      STSA, B-SLICE, QP 29)            67384 bits [Y 37.8646 dB    U 41.1516 dB    V 42.4893 dB] [ET   849 ] [L0 14 12 ] [L1 16 14 ]

	Total Frames |   Bitrate     Y-PSNR    U-PSNR    V-PSNR    YUV-PSNR   
	       17    a    4851.9388   38.6952   41.4829   42.5848   39.3940

 finished @ Fri Apr 14 15:24:12 2023
 Total Time:    16366.704 sec. [user]    16379.069 sec. [elapsed]

Level: 0
Inject Calls: 20121366632
Errors injected by bit:
	Bit 0: 1935
	Bit 1: 2055
	Bit 2: 1978
	Bit 3: 1949
	Bit 4: 2011
	Bit 5: 2000
	Bit 6: 1971
	Bit 7: 2100

Total errors injected: 15999
