vvencFFapp: Fraunhofer VVC Encoder ver. 1.5.0 [Linux][GCC 11.3.0][64 bit][SIMD=AVX2]
 started @ Mon Apr 17 05:57:23 2023
CODING TOOL CFG: CTU128 QT44BTT21 IBD:1 SAO:1 ALF:1 (NonLinLuma:0 NonLinChr:0) CCALF:1 Tiles:1x1 Slices:1 WPP:0 WPP-Substreams:1 TMVP:1 DQ:1 SDH:0 CST:1 BDOF:1 DMVR:1 MTSImplicit:1 SBT:0 JCbCr:1 CabacInitPresent:1 AMVR:5 SMVD:3 LMCS:2 (Signal:SDR Opt:0) CIIP:0 MIP:1 AFFINE:2 (PROF:1, Type:1) MMVD:3 DisFracMMVD:1 SbTMVP:1 GPM:3 LFNST:1 MTS:0 ISP:3 TS:2 TSLog2MaxSize:4 useChromaTS:0 BDPCM:2 IBC:2 BCW:0 
ENC. ALG. CFG: QPA:0 HAD:1 RDQ:1 RDQTS:1 ASR:1 MinSearchWindow:96 RestrictMESampling:0 EDO:2 MCTF:2 
PRE-ANALYSIS CFG: STA:1 LeadFrames:0 TrailFrames:0 
FAST TOOL CFG: ECU:0 FEN:1 FDM:1 FastSearch:4 (SCC:2) LCTUFast:1 FastMrg:2 PBIntraFast:1 AMaxBT:1 FastQtBtEnc:1 ContentBasedFastQtbt:0 FastMIP:3 FastIntraTools:0 IntraEstDecBit:2 FastLocalDualTree:1 IntegerET:0 FastSubPel:1 QtbttExtraFast:3 FastTTSplit:0 IBCFastMethod:3 FIM:0 ALFSpeed:0 QuantThr: 4 
RATE CONTROL CFG: RateControl:0 LookAhead:0 
PARALLEL PROCESSING CFG: NumThreads:0 MaxParallelFrames:0 WppBitEqual:0 WF:0 

POC     0 TId: 0 (  IDR_N_LP, I-SLICE, QP 29, TF 2)     245544 bits [Y 36.0242 dB    U 38.6082 dB    V 40.2672 dB] [ET   169 ] [L0 ] [L1 ]
POC    16 TId: 1 (      STSA, B-SLICE, QP 34, TF 1)     117112 bits [Y 34.6806 dB    U 37.5045 dB    V 38.5195 dB] [ET   482 ] [L0 0 ] [L1 0 ]
POC     8 TId: 2 (      STSA, B-SLICE, QP 35, TF 0)      82016 bits [Y 33.7899 dB    U 37.0861 dB    V 38.3462 dB] [ET   793 ] [L0 0 16 ] [L1 16 0 ]
POC     4 TId: 3 (      STSA, B-SLICE, QP 38)            36000 bits [Y 32.9946 dB    U 37.1362 dB    V 38.5735 dB] [ET   770 ] [L0 0 8 ] [L1 8 16 ]
POC     2 TId: 4 (      STSA, B-SLICE, QP 40)            19872 bits [Y 32.6823 dB    U 37.4360 dB    V 38.9172 dB] [ET   637 ] [L0 0 4 ] [L1 4 8 ]
POC     1 TId: 5 (      STSA, B-SLICE, QP 41)            10912 bits [Y 32.9044 dB    U 37.5353 dB    V 39.1551 dB] [ET   461 ] [L0 0 2 ] [L1 2 4 ]
POC     3 TId: 5 (      STSA, B-SLICE, QP 41)            10088 bits [Y 32.3280 dB    U 37.0347 dB    V 38.5736 dB] [ET   571 ] [L0 2 0 ] [L1 4 8 ]
POC     6 TId: 4 (      STSA, B-SLICE, QP 40)            18648 bits [Y 32.4077 dB    U 36.9534 dB    V 38.1724 dB] [ET   781 ] [L0 4 0 ] [L1 8 16 ]
POC     5 TId: 5 (      STSA, B-SLICE, QP 41)             9096 bits [Y 32.2511 dB    U 36.9096 dB    V 38.3829 dB] [ET   621 ] [L0 4 0 ] [L1 6 8 ]
POC     7 TId: 5 (      STSA, B-SLICE, QP 41)             8848 bits [Y 32.2591 dB    U 36.7472 dB    V 38.0761 dB] [ET   580 ] [L0 6 4 ] [L1 8 16 ]
POC    12 TId: 3 (      STSA, B-SLICE, QP 38)            36848 bits [Y 32.8099 dB    U 37.1057 dB    V 37.9596 dB] [ET   818 ] [L0 8 0 ] [L1 16 8 ]
POC    10 TId: 4 (      STSA, B-SLICE, QP 40)            20712 bits [Y 32.2205 dB    U 36.8849 dB    V 37.8467 dB] [ET   783 ] [L0 8 0 ] [L1 12 16 ]
POC     9 TId: 5 (      STSA, B-SLICE, QP 41)             9264 bits [Y 32.1221 dB    U 36.7739 dB    V 37.8794 dB] [ET   578 ] [L0 8 0 ] [L1 10 12 ]
POC    11 TId: 5 (      STSA, B-SLICE, QP 41)             9288 bits [Y 31.9857 dB    U 36.9092 dB    V 37.7155 dB] [ET   632 ] [L0 10 8 ] [L1 12 16 ]
POC    14 TId: 4 (      STSA, B-SLICE, QP 40)            18568 bits [Y 32.3611 dB    U 36.9692 dB    V 37.9117 dB] [ET   633 ] [L0 12 8 ] [L1 16 12 ]
POC    13 TId: 5 (      STSA, B-SLICE, QP 41)             9008 bits [Y 32.1330 dB    U 36.8789 dB    V 37.8678 dB] [ET   558 ] [L0 12 8 ] [L1 14 16 ]
POC    15 TId: 5 (      STSA, B-SLICE, QP 41)             8512 bits [Y 32.4723 dB    U 37.0534 dB    V 38.0743 dB] [ET   488 ] [L0 14 12 ] [L1 16 14 ]

	Total Frames |   Bitrate     Y-PSNR    U-PSNR    V-PSNR    YUV-PSNR   
	       17    a    1182.9459   32.8486   37.1486   38.3670   33.8589

 finished @ Mon Apr 17 08:50:12 2023
 Total Time:    10368.972 sec. [user]    10369.254 sec. [elapsed]

Level: 0
Inject Calls: 13166278369
Errors injected by bit:
	Bit 0: 131336
	Bit 1: 131870
	Bit 2: 131654
	Bit 3: 132023
	Bit 4: 131422
	Bit 5: 131585
	Bit 6: 131693
	Bit 7: 132204

Total errors injected: 1053787
