vvencFFapp: Fraunhofer VVC Encoder ver. 1.5.0 [Linux][GCC 11.3.0][64 bit][SIMD=AVX2]
 started @ Mon Apr 24 01:10:02 2023
CODING TOOL CFG: CTU128 QT44BTT21 IBD:1 SAO:1 ALF:1 (NonLinLuma:0 NonLinChr:0) CCALF:1 Tiles:1x1 Slices:1 WPP:0 WPP-Substreams:1 TMVP:1 DQ:1 SDH:0 CST:1 BDOF:1 DMVR:1 MTSImplicit:1 SBT:0 JCbCr:1 CabacInitPresent:1 AMVR:5 SMVD:3 LMCS:2 (Signal:SDR Opt:0) CIIP:0 MIP:1 AFFINE:2 (PROF:1, Type:1) MMVD:3 DisFracMMVD:1 SbTMVP:1 GPM:3 LFNST:1 MTS:0 ISP:3 TS:2 TSLog2MaxSize:4 useChromaTS:0 BDPCM:2 IBC:2 BCW:0 
ENC. ALG. CFG: QPA:0 HAD:1 RDQ:1 RDQTS:1 ASR:1 MinSearchWindow:96 RestrictMESampling:0 EDO:2 MCTF:2 
PRE-ANALYSIS CFG: STA:1 LeadFrames:0 TrailFrames:0 
FAST TOOL CFG: ECU:0 FEN:1 FDM:1 FastSearch:4 (SCC:2) LCTUFast:1 FastMrg:2 PBIntraFast:1 AMaxBT:1 FastQtBtEnc:1 ContentBasedFastQtbt:0 FastMIP:3 FastIntraTools:0 IntraEstDecBit:2 FastLocalDualTree:1 IntegerET:0 FastSubPel:1 QtbttExtraFast:3 FastTTSplit:0 IBCFastMethod:3 FIM:0 ALFSpeed:0 QuantThr: 4 
RATE CONTROL CFG: RateControl:0 LookAhead:0 
PARALLEL PROCESSING CFG: NumThreads:0 MaxParallelFrames:0 WppBitEqual:0 WF:0 

POC     0 TId: 0 (  IDR_N_LP, I-SLICE, QP 19, TF 3)     629392 bits [Y 41.1842 dB    U 43.2214 dB    V 44.1771 dB] [ET   293 ] [L0 ] [L1 ]
POC    16 TId: 1 (      STSA, B-SLICE, QP 22, TF 2)     445504 bits [Y 42.3081 dB    U 43.4057 dB    V 44.2535 dB] [ET   241 ] [L0 0 ] [L1 0 ]
POC     8 TId: 2 (      STSA, B-SLICE, QP 23, TF 1)     350568 bits [Y 40.6677 dB    U 42.0529 dB    V 43.1782 dB] [ET   190 ] [L0 0 16 ] [L1 16 0 ]
POC     4 TId: 3 (      STSA, B-SLICE, QP 26, TF 0)     177000 bits [Y 38.9427 dB    U 41.4121 dB    V 42.5490 dB] [ET   115 ] [L0 0 8 ] [L1 8 16 ]
POC     2 TId: 4 (      STSA, B-SLICE, QP 28)           107080 bits [Y 38.3399 dB    U 41.4324 dB    V 42.6231 dB] [ET    75 ] [L0 0 4 ] [L1 4 8 ]
POC     1 TId: 5 (      STSA, B-SLICE, QP 29)            66960 bits [Y 37.8833 dB    U 41.5019 dB    V 42.7698 dB] [ET    48 ] [L0 0 2 ] [L1 2 4 ]
POC     3 TId: 5 (      STSA, B-SLICE, QP 29)            64568 bits [Y 37.7296 dB    U 41.0455 dB    V 42.2444 dB] [ET    48 ] [L0 2 0 ] [L1 4 8 ]
POC     6 TId: 4 (      STSA, B-SLICE, QP 28)           103856 bits [Y 38.3490 dB    U 41.1961 dB    V 42.3168 dB] [ET    73 ] [L0 4 0 ] [L1 8 16 ]
POC     5 TId: 5 (      STSA, B-SLICE, QP 29)            59992 bits [Y 37.7256 dB    U 40.9075 dB    V 42.1268 dB] [ET    47 ] [L0 4 0 ] [L1 6 8 ]
POC     7 TId: 5 (      STSA, B-SLICE, QP 29)            63304 bits [Y 37.8052 dB    U 40.9851 dB    V 42.1259 dB] [ET    48 ] [L0 6 4 ] [L1 8 16 ]
POC    12 TId: 3 (      STSA, B-SLICE, QP 26, TF 0)     183376 bits [Y 38.9507 dB    U 41.5234 dB    V 42.3828 dB] [ET   133 ] [L0 8 0 ] [L1 16 8 ]
POC    10 TId: 4 (      STSA, B-SLICE, QP 28)           114776 bits [Y 38.3177 dB    U 41.1050 dB    V 41.9518 dB] [ET    81 ] [L0 8 0 ] [L1 12 16 ]
POC     9 TId: 5 (      STSA, B-SLICE, QP 29)            65424 bits [Y 37.8631 dB    U 40.9374 dB    V 42.1397 dB] [ET    50 ] [L0 8 0 ] [L1 10 12 ]
POC    11 TId: 5 (      STSA, B-SLICE, QP 29)            68384 bits [Y 37.7430 dB    U 40.9301 dB    V 41.8493 dB] [ET    53 ] [L0 10 8 ] [L1 12 16 ]
POC    14 TId: 4 (      STSA, B-SLICE, QP 28)           116136 bits [Y 38.3838 dB    U 41.2290 dB    V 42.2986 dB] [ET    78 ] [L0 12 8 ] [L1 16 12 ]
POC    13 TId: 5 (      STSA, B-SLICE, QP 29)            65368 bits [Y 37.7352 dB    U 40.9796 dB    V 42.0338 dB] [ET    51 ] [L0 12 8 ] [L1 14 16 ]
POC    15 TId: 5 (      STSA, B-SLICE, QP 29)            68568 bits [Y 37.9003 dB    U 41.2389 dB    V 42.4840 dB] [ET    49 ] [L0 14 12 ] [L1 16 14 ]

	Total Frames |   Bitrate     Y-PSNR    U-PSNR    V-PSNR    YUV-PSNR   
	       17    a    4853.3929   38.6958   41.4767   42.5591   39.3908

 finished @ Mon Apr 24 01:38:13 2023
 Total Time:     1690.725 sec. [user]     1690.790 sec. [elapsed]

Level: 0
Inject Calls: 140847232
Errors injected by bit:
	Bit 0: 14246
	Bit 1: 14007
	Bit 2: 14095
	Bit 3: 14016
	Bit 4: 13969
	Bit 5: 14403
	Bit 6: 14039
	Bit 7: 14070

Total errors injected: 112845
