vvencFFapp: Fraunhofer VVC Encoder ver. 1.5.0 [Linux][GCC 11.3.0][64 bit][SIMD=AVX2]
 started @ Mon Apr 24 00:40:02 2023
CODING TOOL CFG: CTU128 QT44BTT21 IBD:1 SAO:1 ALF:1 (NonLinLuma:0 NonLinChr:0) CCALF:1 Tiles:1x1 Slices:1 WPP:0 WPP-Substreams:1 TMVP:1 DQ:1 SDH:0 CST:1 BDOF:1 DMVR:1 MTSImplicit:1 SBT:0 JCbCr:1 CabacInitPresent:1 AMVR:5 SMVD:3 LMCS:2 (Signal:SDR Opt:0) CIIP:0 MIP:1 AFFINE:2 (PROF:1, Type:1) MMVD:3 DisFracMMVD:1 SbTMVP:1 GPM:3 LFNST:1 MTS:0 ISP:3 TS:2 TSLog2MaxSize:4 useChromaTS:0 BDPCM:2 IBC:2 BCW:0 
ENC. ALG. CFG: QPA:0 HAD:1 RDQ:1 RDQTS:1 ASR:1 MinSearchWindow:96 RestrictMESampling:0 EDO:2 MCTF:2 
PRE-ANALYSIS CFG: STA:1 LeadFrames:0 TrailFrames:0 
FAST TOOL CFG: ECU:0 FEN:1 FDM:1 FastSearch:4 (SCC:2) LCTUFast:1 FastMrg:2 PBIntraFast:1 AMaxBT:1 FastQtBtEnc:1 ContentBasedFastQtbt:0 FastMIP:3 FastIntraTools:0 IntraEstDecBit:2 FastLocalDualTree:1 IntegerET:0 FastSubPel:1 QtbttExtraFast:3 FastTTSplit:0 IBCFastMethod:3 FIM:0 ALFSpeed:0 QuantThr: 4 
RATE CONTROL CFG: RateControl:0 LookAhead:0 
PARALLEL PROCESSING CFG: NumThreads:0 MaxParallelFrames:0 WppBitEqual:0 WF:0 

POC     0 TId: 0 (  IDR_N_LP, I-SLICE, QP 19, TF 3)     629392 bits [Y 41.1842 dB    U 43.2214 dB    V 44.1771 dB] [ET   294 ] [L0 ] [L1 ]
POC    16 TId: 1 (      STSA, B-SLICE, QP 22, TF 2)     444080 bits [Y 42.3112 dB    U 43.3768 dB    V 44.2229 dB] [ET   223 ] [L0 0 ] [L1 0 ]
POC     8 TId: 2 (      STSA, B-SLICE, QP 23, TF 1)     350832 bits [Y 40.6740 dB    U 42.0387 dB    V 43.1926 dB] [ET   189 ] [L0 0 16 ] [L1 16 0 ]
POC     4 TId: 3 (      STSA, B-SLICE, QP 26, TF 0)     176608 bits [Y 38.9453 dB    U 41.4382 dB    V 42.5399 dB] [ET   126 ] [L0 0 8 ] [L1 8 16 ]
POC     2 TId: 4 (      STSA, B-SLICE, QP 28)           107456 bits [Y 38.3594 dB    U 41.4904 dB    V 42.5555 dB] [ET    76 ] [L0 0 4 ] [L1 4 8 ]
POC     1 TId: 5 (      STSA, B-SLICE, QP 29)            68496 bits [Y 37.9262 dB    U 41.5341 dB    V 42.7418 dB] [ET    49 ] [L0 0 2 ] [L1 2 4 ]
POC     3 TId: 5 (      STSA, B-SLICE, QP 29)            64144 bits [Y 37.7041 dB    U 41.0875 dB    V 42.2578 dB] [ET    49 ] [L0 2 0 ] [L1 4 8 ]
POC     6 TId: 4 (      STSA, B-SLICE, QP 28)           101872 bits [Y 38.3323 dB    U 41.1128 dB    V 42.2779 dB] [ET    74 ] [L0 4 0 ] [L1 8 16 ]
POC     5 TId: 5 (      STSA, B-SLICE, QP 29)            60960 bits [Y 37.7268 dB    U 40.8924 dB    V 42.1193 dB] [ET    48 ] [L0 4 0 ] [L1 6 8 ]
POC     7 TId: 5 (      STSA, B-SLICE, QP 29)            63064 bits [Y 37.8094 dB    U 40.9588 dB    V 42.1012 dB] [ET    49 ] [L0 6 4 ] [L1 8 16 ]
POC    12 TId: 3 (      STSA, B-SLICE, QP 26, TF 0)     183912 bits [Y 38.9720 dB    U 41.5657 dB    V 42.4576 dB] [ET   132 ] [L0 8 0 ] [L1 16 8 ]
POC    10 TId: 4 (      STSA, B-SLICE, QP 28)           114360 bits [Y 38.3271 dB    U 41.1617 dB    V 42.0665 dB] [ET    80 ] [L0 8 0 ] [L1 12 16 ]
POC     9 TId: 5 (      STSA, B-SLICE, QP 29)            64192 bits [Y 37.8183 dB    U 41.0374 dB    V 42.1608 dB] [ET    49 ] [L0 8 0 ] [L1 10 12 ]
POC    11 TId: 5 (      STSA, B-SLICE, QP 29)            68288 bits [Y 37.7418 dB    U 41.0030 dB    V 41.8378 dB] [ET    52 ] [L0 10 8 ] [L1 12 16 ]
POC    14 TId: 4 (      STSA, B-SLICE, QP 28)           115600 bits [Y 38.3882 dB    U 41.2195 dB    V 42.2547 dB] [ET    78 ] [L0 12 8 ] [L1 16 12 ]
POC    13 TId: 5 (      STSA, B-SLICE, QP 29)            65360 bits [Y 37.7186 dB    U 41.0061 dB    V 41.9913 dB] [ET    49 ] [L0 12 8 ] [L1 14 16 ]
POC    15 TId: 5 (      STSA, B-SLICE, QP 29)            68728 bits [Y 37.8881 dB    U 41.2199 dB    V 42.4528 dB] [ET    48 ] [L0 14 12 ] [L1 16 14 ]

	Total Frames |   Bitrate     Y-PSNR    U-PSNR    V-PSNR    YUV-PSNR   
	       17    a    4848.2541   38.6957   41.4920   42.5534   39.3913

 finished @ Mon Apr 24 01:08:03 2023
 Total Time:     1681.418 sec. [user]     1681.502 sec. [elapsed]

Level: 0
Inject Calls: 126053376
Errors injected by bit:
	Bit 0: 125872
	Bit 1: 126118
	Bit 2: 125824
	Bit 3: 126205
	Bit 4: 125971
	Bit 5: 126324
	Bit 6: 126105
	Bit 7: 126168

Total errors injected: 1008587
