vvencFFapp: Fraunhofer VVC Encoder ver. 1.5.0 [Linux][GCC 11.3.0][64 bit][SIMD=AVX2]
 started @ Mon Apr 24 04:10:05 2023
CODING TOOL CFG: CTU128 QT44BTT21 IBD:1 SAO:1 ALF:1 (NonLinLuma:0 NonLinChr:0) CCALF:1 Tiles:1x1 Slices:1 WPP:0 WPP-Substreams:1 TMVP:1 DQ:1 SDH:0 CST:1 BDOF:1 DMVR:1 MTSImplicit:1 SBT:0 JCbCr:1 CabacInitPresent:1 AMVR:5 SMVD:3 LMCS:2 (Signal:SDR Opt:0) CIIP:0 MIP:1 AFFINE:2 (PROF:1, Type:1) MMVD:3 DisFracMMVD:1 SbTMVP:1 GPM:3 LFNST:1 MTS:0 ISP:3 TS:2 TSLog2MaxSize:4 useChromaTS:0 BDPCM:2 IBC:2 BCW:0 
ENC. ALG. CFG: QPA:0 HAD:1 RDQ:1 RDQTS:1 ASR:1 MinSearchWindow:96 RestrictMESampling:0 EDO:2 MCTF:2 
PRE-ANALYSIS CFG: STA:1 LeadFrames:0 TrailFrames:0 
FAST TOOL CFG: ECU:0 FEN:1 FDM:1 FastSearch:4 (SCC:2) LCTUFast:1 FastMrg:2 PBIntraFast:1 AMaxBT:1 FastQtBtEnc:1 ContentBasedFastQtbt:0 FastMIP:3 FastIntraTools:0 IntraEstDecBit:2 FastLocalDualTree:1 IntegerET:0 FastSubPel:1 QtbttExtraFast:3 FastTTSplit:0 IBCFastMethod:3 FIM:0 ALFSpeed:0 QuantThr: 4 
RATE CONTROL CFG: RateControl:0 LookAhead:0 
PARALLEL PROCESSING CFG: NumThreads:0 MaxParallelFrames:0 WppBitEqual:0 WF:0 

POC     0 TId: 0 (  IDR_N_LP, I-SLICE, QP 24, TF 3)     399128 bits [Y 38.6505 dB    U 40.8666 dB    V 42.1124 dB] [ET   236 ] [L0 ] [L1 ]
POC    16 TId: 1 (      STSA, B-SLICE, QP 28, TF 2)     241096 bits [Y 38.5564 dB    U 40.3327 dB    V 41.5057 dB] [ET   180 ] [L0 0 ] [L1 0 ]
POC     8 TId: 2 (      STSA, B-SLICE, QP 29, TF 1)     178120 bits [Y 37.2219 dB    U 39.5959 dB    V 40.8065 dB] [ET   133 ] [L0 0 16 ] [L1 16 0 ]
POC     4 TId: 3 (      STSA, B-SLICE, QP 32, TF 0)      78328 bits [Y 35.9500 dB    U 39.1414 dB    V 40.3208 dB] [ET    98 ] [L0 0 8 ] [L1 8 16 ]
POC     2 TId: 4 (      STSA, B-SLICE, QP 34)            45448 bits [Y 35.6418 dB    U 39.2548 dB    V 40.4453 dB] [ET    45 ] [L0 0 4 ] [L1 4 8 ]
POC     1 TId: 5 (      STSA, B-SLICE, QP 36)            23232 bits [Y 35.3179 dB    U 39.4688 dB    V 40.7506 dB] [ET    25 ] [L0 0 2 ] [L1 2 4 ]
POC     3 TId: 5 (      STSA, B-SLICE, QP 36)            21000 bits [Y 34.9026 dB    U 38.8902 dB    V 40.0923 dB] [ET    26 ] [L0 2 0 ] [L1 4 8 ]
POC     6 TId: 4 (      STSA, B-SLICE, QP 34)            43264 bits [Y 35.4897 dB    U 38.9023 dB    V 40.0795 dB] [ET    44 ] [L0 4 0 ] [L1 8 16 ]
POC     5 TId: 5 (      STSA, B-SLICE, QP 36)            19560 bits [Y 34.8820 dB    U 38.7657 dB    V 40.0102 dB] [ET    25 ] [L0 4 0 ] [L1 6 8 ]
POC     7 TId: 5 (      STSA, B-SLICE, QP 36)            21256 bits [Y 35.0356 dB    U 38.7632 dB    V 39.9662 dB] [ET    25 ] [L0 6 4 ] [L1 8 16 ]
POC    12 TId: 3 (      STSA, B-SLICE, QP 32, TF 0)      79432 bits [Y 35.7629 dB    U 39.2795 dB    V 40.1026 dB] [ET    93 ] [L0 8 0 ] [L1 16 8 ]
POC    10 TId: 4 (      STSA, B-SLICE, QP 34)            47064 bits [Y 35.3772 dB    U 38.7807 dB    V 39.7648 dB] [ET    47 ] [L0 8 0 ] [L1 12 16 ]
POC     9 TId: 5 (      STSA, B-SLICE, QP 36)            20496 bits [Y 34.9776 dB    U 38.7769 dB    V 39.9293 dB] [ET    26 ] [L0 8 0 ] [L1 10 12 ]
POC    11 TId: 5 (      STSA, B-SLICE, QP 36)            21200 bits [Y 34.7660 dB    U 38.7602 dB    V 39.5946 dB] [ET    26 ] [L0 10 8 ] [L1 12 16 ]
POC    14 TId: 4 (      STSA, B-SLICE, QP 34)            43568 bits [Y 35.3060 dB    U 38.9661 dB    V 39.9773 dB] [ET    44 ] [L0 12 8 ] [L1 16 12 ]
POC    13 TId: 5 (      STSA, B-SLICE, QP 36)            19432 bits [Y 34.7272 dB    U 38.8298 dB    V 39.8188 dB] [ET    25 ] [L0 12 8 ] [L1 14 16 ]
POC    15 TId: 5 (      STSA, B-SLICE, QP 36)            18912 bits [Y 34.9155 dB    U 39.2177 dB    V 40.3552 dB] [ET    24 ] [L0 14 12 ] [L1 16 14 ]

	Total Frames |   Bitrate     Y-PSNR    U-PSNR    V-PSNR    YUV-PSNR   
	       17    a    2330.3576   35.7342   39.2113   40.3313   36.5813

 finished @ Mon Apr 24 04:29:04 2023
 Total Time:     1138.434 sec. [user]     1138.595 sec. [elapsed]

Level: 0
Inject Calls: 158869120
Errors injected by bit:
	Bit 0: 1545
	Bit 1: 1646
	Bit 2: 1682
	Bit 3: 1555
	Bit 4: 1581
	Bit 5: 1598
	Bit 6: 1619
	Bit 7: 1579

Total errors injected: 12805
