vvencFFapp: Fraunhofer VVC Encoder ver. 1.5.0 [Linux][GCC 11.3.0][64 bit][SIMD=AVX2]
 started @ Mon Apr 24 08:35:10 2023
CODING TOOL CFG: CTU128 QT44BTT21 IBD:1 SAO:1 ALF:1 (NonLinLuma:0 NonLinChr:0) CCALF:1 Tiles:1x1 Slices:1 WPP:0 WPP-Substreams:1 TMVP:1 DQ:1 SDH:0 CST:1 BDOF:1 DMVR:1 MTSImplicit:1 SBT:0 JCbCr:1 CabacInitPresent:1 AMVR:5 SMVD:3 LMCS:2 (Signal:SDR Opt:0) CIIP:0 MIP:1 AFFINE:2 (PROF:1, Type:1) MMVD:3 DisFracMMVD:1 SbTMVP:1 GPM:3 LFNST:1 MTS:0 ISP:3 TS:2 TSLog2MaxSize:4 useChromaTS:0 BDPCM:2 IBC:2 BCW:0 
ENC. ALG. CFG: QPA:0 HAD:1 RDQ:1 RDQTS:1 ASR:1 MinSearchWindow:96 RestrictMESampling:0 EDO:2 MCTF:2 
PRE-ANALYSIS CFG: STA:1 LeadFrames:0 TrailFrames:0 
FAST TOOL CFG: ECU:0 FEN:1 FDM:1 FastSearch:4 (SCC:2) LCTUFast:1 FastMrg:2 PBIntraFast:1 AMaxBT:1 FastQtBtEnc:1 ContentBasedFastQtbt:0 FastMIP:3 FastIntraTools:0 IntraEstDecBit:2 FastLocalDualTree:1 IntegerET:0 FastSubPel:1 QtbttExtraFast:3 FastTTSplit:0 IBCFastMethod:3 FIM:0 ALFSpeed:0 QuantThr: 4 
RATE CONTROL CFG: RateControl:0 LookAhead:0 
PARALLEL PROCESSING CFG: NumThreads:0 MaxParallelFrames:0 WppBitEqual:0 WF:0 

POC     0 TId: 0 (  IDR_N_LP, I-SLICE, QP 19, TF 3)    1305264 bits [Y 45.1634 dB    U 45.3294 dB    V 46.0388 dB] [ET   400 ] [L0 ] [L1 ]
POC    16 TId: 1 (      STSA, B-SLICE, QP 22, TF 2)     584576 bits [Y 40.7188 dB    U 42.1513 dB    V 42.8978 dB] [ET   306 ] [L0 0 ] [L1 0 ]
POC     8 TId: 2 (      STSA, B-SLICE, QP 23, TF 1)     367600 bits [Y 39.4858 dB    U 41.7959 dB    V 42.7178 dB] [ET   168 ] [L0 0 16 ] [L1 16 0 ]
POC     4 TId: 3 (      STSA, B-SLICE, QP 26, TF 0)     188976 bits [Y 38.1459 dB    U 41.4741 dB    V 42.4429 dB] [ET   110 ] [L0 0 8 ] [L1 8 16 ]
POC     2 TId: 4 (      STSA, B-SLICE, QP 28)              256 bits [Y 45.1634 dB    U 45.3294 dB    V 46.0388 dB] [ET     3 ] [L0 0 4 ] [L1 4 8 ]
POC     1 TId: 5 (      STSA, B-SLICE, QP 29)              240 bits [Y 45.1634 dB    U 45.3294 dB    V 46.0388 dB] [ET     2 ] [L0 0 2 ] [L1 2 4 ]
POC     3 TId: 5 (      STSA, B-SLICE, QP 29)            72752 bits [Y 37.8452 dB    U 41.7121 dB    V 42.8981 dB] [ET    40 ] [L0 2 0 ] [L1 4 8 ]
POC     6 TId: 4 (      STSA, B-SLICE, QP 28)           131112 bits [Y 37.4414 dB    U 41.1255 dB    V 41.9477 dB] [ET    70 ] [L0 4 0 ] [L1 8 16 ]
POC     5 TId: 5 (      STSA, B-SLICE, QP 29)            75104 bits [Y 37.0563 dB    U 41.1164 dB    V 41.9149 dB] [ET    42 ] [L0 4 0 ] [L1 6 8 ]
POC     7 TId: 5 (      STSA, B-SLICE, QP 29)            72496 bits [Y 37.3830 dB    U 41.2186 dB    V 41.9216 dB] [ET    41 ] [L0 6 4 ] [L1 8 16 ]
POC    12 TId: 3 (      STSA, B-SLICE, QP 26, TF 0)     208080 bits [Y 37.9646 dB    U 41.1096 dB    V 41.7759 dB] [ET   123 ] [L0 8 0 ] [L1 16 8 ]
POC    10 TId: 4 (      STSA, B-SLICE, QP 28)           128272 bits [Y 37.3615 dB    U 40.9984 dB    V 41.4324 dB] [ET    73 ] [L0 8 0 ] [L1 12 16 ]
POC     9 TId: 5 (      STSA, B-SLICE, QP 29)            71232 bits [Y 37.3211 dB    U 41.2168 dB    V 41.7955 dB] [ET    40 ] [L0 8 0 ] [L1 10 12 ]
POC    11 TId: 5 (      STSA, B-SLICE, QP 29)            71856 bits [Y 37.0633 dB    U 40.9029 dB    V 41.5029 dB] [ET    42 ] [L0 10 8 ] [L1 12 16 ]
POC    14 TId: 4 (      STSA, B-SLICE, QP 28)           128256 bits [Y 37.3612 dB    U 41.0958 dB    V 41.7275 dB] [ET    67 ] [L0 12 8 ] [L1 16 12 ]
POC    13 TId: 5 (      STSA, B-SLICE, QP 29)            72616 bits [Y 36.9478 dB    U 40.9067 dB    V 41.5693 dB] [ET    41 ] [L0 12 8 ] [L1 14 16 ]
POC    15 TId: 5 (      STSA, B-SLICE, QP 29)            73536 bits [Y 37.3266 dB    U 41.3201 dB    V 41.9311 dB] [ET    37 ] [L0 14 12 ] [L1 16 14 ]

	Total Frames |   Bitrate     Y-PSNR    U-PSNR    V-PSNR    YUV-PSNR   
	       17    a   10447.7176   39.1125   42.0078   42.7407   39.3180

 finished @ Mon Apr 24 09:02:11 2023
 Total Time:     1619.783 sec. [user]     1620.358 sec. [elapsed]

Level: 0
Inject Calls: 238672128
Errors injected by bit:
	Bit 0: 24088
	Bit 1: 23719
	Bit 2: 23948
	Bit 3: 23838
	Bit 4: 23927
	Bit 5: 23752
	Bit 6: 23774
	Bit 7: 23773

Total errors injected: 190819
