vvencFFapp: Fraunhofer VVC Encoder ver. 1.5.0 [Linux][GCC 11.3.0][64 bit][SIMD=AVX2]
 started @ Mon Apr 24 13:55:17 2023
CODING TOOL CFG: CTU128 QT44BTT21 IBD:1 SAO:1 ALF:1 (NonLinLuma:0 NonLinChr:0) CCALF:1 Tiles:1x1 Slices:1 WPP:0 WPP-Substreams:1 TMVP:1 DQ:1 SDH:0 CST:1 BDOF:1 DMVR:1 MTSImplicit:1 SBT:0 JCbCr:1 CabacInitPresent:1 AMVR:5 SMVD:3 LMCS:2 (Signal:SDR Opt:0) CIIP:0 MIP:1 AFFINE:2 (PROF:1, Type:1) MMVD:3 DisFracMMVD:1 SbTMVP:1 GPM:3 LFNST:1 MTS:0 ISP:3 TS:2 TSLog2MaxSize:4 useChromaTS:0 BDPCM:2 IBC:2 BCW:0 
ENC. ALG. CFG: QPA:0 HAD:1 RDQ:1 RDQTS:1 ASR:1 MinSearchWindow:96 RestrictMESampling:0 EDO:2 MCTF:2 
PRE-ANALYSIS CFG: STA:1 LeadFrames:0 TrailFrames:0 
FAST TOOL CFG: ECU:0 FEN:1 FDM:1 FastSearch:4 (SCC:2) LCTUFast:1 FastMrg:2 PBIntraFast:1 AMaxBT:1 FastQtBtEnc:1 ContentBasedFastQtbt:0 FastMIP:3 FastIntraTools:0 IntraEstDecBit:2 FastLocalDualTree:1 IntegerET:0 FastSubPel:1 QtbttExtraFast:3 FastTTSplit:0 IBCFastMethod:3 FIM:0 ALFSpeed:0 QuantThr: 4 
RATE CONTROL CFG: RateControl:0 LookAhead:0 
PARALLEL PROCESSING CFG: NumThreads:0 MaxParallelFrames:0 WppBitEqual:0 WF:0 

POC     0 TId: 0 (  IDR_N_LP, I-SLICE, QP 29, TF 2)     546496 bits [Y 36.1634 dB    U 38.4868 dB    V 39.1184 dB] [ET   304 ] [L0 ] [L1 ]
POC    16 TId: 1 (      STSA, B-SLICE, QP 34, TF 1)     129232 bits [Y 32.1286 dB    U 36.6673 dB    V 37.0665 dB] [ET   206 ] [L0 0 ] [L1 0 ]
POC     8 TId: 2 (      STSA, B-SLICE, QP 35, TF 0)      78000 bits [Y 31.9990 dB    U 36.7693 dB    V 37.3033 dB] [ET   103 ] [L0 0 16 ] [L1 16 0 ]
POC     4 TId: 3 (      STSA, B-SLICE, QP 38)            36528 bits [Y 31.5332 dB    U 37.1090 dB    V 37.6111 dB] [ET    60 ] [L0 0 8 ] [L1 8 16 ]
POC     2 TId: 4 (      STSA, B-SLICE, QP 40)              232 bits [Y 36.1634 dB    U 38.4868 dB    V 39.1184 dB] [ET     3 ] [L0 0 4 ] [L1 4 8 ]
POC     1 TId: 5 (      STSA, B-SLICE, QP 41)              224 bits [Y 36.1634 dB    U 38.4868 dB    V 39.1184 dB] [ET     1 ] [L0 0 2 ] [L1 2 4 ]
POC     3 TId: 5 (      STSA, B-SLICE, QP 41)             7376 bits [Y 31.4585 dB    U 37.3862 dB    V 38.1161 dB] [ET    11 ] [L0 2 0 ] [L1 4 8 ]
POC     6 TId: 4 (      STSA, B-SLICE, QP 40)            20952 bits [Y 30.4490 dB    U 36.8762 dB    V 37.1415 dB] [ET    24 ] [L0 4 0 ] [L1 8 16 ]
POC     5 TId: 5 (      STSA, B-SLICE, QP 41)             7904 bits [Y 30.2927 dB    U 36.9223 dB    V 37.3839 dB] [ET    13 ] [L0 4 0 ] [L1 6 8 ]
POC     7 TId: 5 (      STSA, B-SLICE, QP 41)             7520 bits [Y 30.3764 dB    U 36.7113 dB    V 37.1530 dB] [ET    11 ] [L0 6 4 ] [L1 8 16 ]
POC    12 TId: 3 (      STSA, B-SLICE, QP 38)            40720 bits [Y 30.8236 dB    U 36.6350 dB    V 36.7915 dB] [ET    67 ] [L0 8 0 ] [L1 16 8 ]
POC    10 TId: 4 (      STSA, B-SLICE, QP 40)            19472 bits [Y 30.3061 dB    U 36.6192 dB    V 36.6806 dB] [ET    24 ] [L0 8 0 ] [L1 12 16 ]
POC     9 TId: 5 (      STSA, B-SLICE, QP 41)             7384 bits [Y 30.3177 dB    U 36.6055 dB    V 36.9934 dB] [ET    11 ] [L0 8 0 ] [L1 10 12 ]
POC    11 TId: 5 (      STSA, B-SLICE, QP 41)             7648 bits [Y 30.0578 dB    U 36.5896 dB    V 36.7222 dB] [ET    12 ] [L0 10 8 ] [L1 12 16 ]
POC    14 TId: 4 (      STSA, B-SLICE, QP 40)            19624 bits [Y 30.1905 dB    U 36.5407 dB    V 36.7728 dB] [ET    23 ] [L0 12 8 ] [L1 16 12 ]
POC    13 TId: 5 (      STSA, B-SLICE, QP 41)             8112 bits [Y 29.9656 dB    U 36.5872 dB    V 36.7912 dB] [ET    12 ] [L0 12 8 ] [L1 14 16 ]
POC    15 TId: 5 (      STSA, B-SLICE, QP 41)             8360 bits [Y 30.2892 dB    U 36.5605 dB    V 36.8702 dB] [ET    12 ] [L0 14 12 ] [L1 16 14 ]

	Total Frames |   Bitrate     Y-PSNR    U-PSNR    V-PSNR    YUV-PSNR   
	       17    a    2781.7176   31.6870   37.0612   37.4560   32.5001

 finished @ Mon Apr 24 14:10:29 2023
 Total Time:      912.532 sec. [user]      912.589 sec. [elapsed]

Level: 0
Inject Calls: 259762304
Errors injected by bit:
	Bit 0: 290
	Bit 1: 283
	Bit 2: 276
	Bit 3: 283
	Bit 4: 268
	Bit 5: 282
	Bit 6: 258
	Bit 7: 240

Total errors injected: 2180
