vvencFFapp: Fraunhofer VVC Encoder ver. 1.5.0 [Linux][GCC 11.3.0][64 bit][SIMD=AVX2]
 started @ Fri Apr  7 05:36:39 2023
CODING TOOL CFG: CTU128 QT44BTT21 IBD:1 SAO:1 ALF:1 (NonLinLuma:0 NonLinChr:0) CCALF:1 Tiles:1x1 Slices:1 WPP:0 WPP-Substreams:1 TMVP:1 DQ:1 SDH:0 CST:1 BDOF:1 DMVR:1 MTSImplicit:1 SBT:0 JCbCr:1 CabacInitPresent:1 AMVR:5 SMVD:3 LMCS:2 (Signal:SDR Opt:0) CIIP:0 MIP:1 AFFINE:2 (PROF:1, Type:1) MMVD:3 DisFracMMVD:1 SbTMVP:1 GPM:3 LFNST:1 MTS:0 ISP:3 TS:2 TSLog2MaxSize:4 useChromaTS:0 BDPCM:2 IBC:2 BCW:0 
ENC. ALG. CFG: QPA:0 HAD:1 RDQ:1 RDQTS:1 ASR:1 MinSearchWindow:96 RestrictMESampling:0 EDO:2 MCTF:2 
PRE-ANALYSIS CFG: STA:1 LeadFrames:0 TrailFrames:0 
FAST TOOL CFG: ECU:0 FEN:1 FDM:1 FastSearch:4 (SCC:2) LCTUFast:1 FastMrg:2 PBIntraFast:1 AMaxBT:1 FastQtBtEnc:1 ContentBasedFastQtbt:0 FastMIP:3 FastIntraTools:0 IntraEstDecBit:2 FastLocalDualTree:1 IntegerET:0 FastSubPel:1 QtbttExtraFast:3 FastTTSplit:0 IBCFastMethod:3 FIM:0 ALFSpeed:0 QuantThr: 4 
RATE CONTROL CFG: RateControl:0 LookAhead:0 
PARALLEL PROCESSING CFG: NumThreads:0 MaxParallelFrames:0 WppBitEqual:0 WF:0 

POC     0 TId: 0 (  IDR_N_LP, I-SLICE, QP 19, TF 3)     564808 bits [Y 45.1467 dB    U 46.3576 dB    V 47.8581 dB] [ET   362 ] [L0 ] [L1 ]
POC    16 TId: 1 (      STSA, B-SLICE, QP 22, TF 2)     141360 bits [Y 42.6831 dB    U 44.8437 dB    V 45.9956 dB] [ET   583 ] [L0 0 ] [L1 0 ]
POC     8 TId: 2 (      STSA, B-SLICE, QP 23, TF 1)      79280 bits [Y 42.2890 dB    U 44.7126 dB    V 46.1127 dB] [ET   965 ] [L0 0 16 ] [L1 16 0 ]
POC     4 TId: 3 (      STSA, B-SLICE, QP 26, TF 0)      46840 bits [Y 41.9253 dB    U 44.4171 dB    V 45.6579 dB] [ET   878 ] [L0 0 8 ] [L1 8 16 ]
POC     2 TId: 4 (      STSA, B-SLICE, QP 28)            25072 bits [Y 41.9350 dB    U 44.8006 dB    V 46.0527 dB] [ET   730 ] [L0 0 4 ] [L1 4 8 ]
POC     1 TId: 5 (      STSA, B-SLICE, QP 29)              256 bits [Y 45.1467 dB    U 46.3576 dB    V 47.8581 dB] [ET   318 ] [L0 0 2 ] [L1 2 4 ]
POC     3 TId: 5 (      STSA, B-SLICE, QP 29)            19384 bits [Y 41.5842 dB    U 44.3506 dB    V 45.4840 dB] [ET   709 ] [L0 2 0 ] [L1 4 8 ]
POC     6 TId: 4 (      STSA, B-SLICE, QP 28)            31568 bits [Y 41.5963 dB    U 44.1909 dB    V 45.3635 dB] [ET   897 ] [L0 4 0 ] [L1 8 16 ]
POC     5 TId: 5 (      STSA, B-SLICE, QP 29)            20968 bits [Y 41.2379 dB    U 44.0269 dB    V 45.1799 dB] [ET   814 ] [L0 4 0 ] [L1 6 8 ]
POC     7 TId: 5 (      STSA, B-SLICE, QP 29)            21536 bits [Y 41.1483 dB    U 44.2202 dB    V 45.3166 dB] [ET   734 ] [L0 6 4 ] [L1 8 16 ]
POC    12 TId: 3 (      STSA, B-SLICE, QP 26, TF 0)      54816 bits [Y 41.4833 dB    U 44.1716 dB    V 45.2680 dB] [ET   893 ] [L0 8 0 ] [L1 16 8 ]
POC    10 TId: 4 (      STSA, B-SLICE, QP 28)            36120 bits [Y 41.2445 dB    U 44.0314 dB    V 45.0868 dB] [ET  1042 ] [L0 8 0 ] [L1 12 16 ]
POC     9 TId: 5 (      STSA, B-SLICE, QP 29)            20344 bits [Y 41.5119 dB    U 44.2688 dB    V 45.3008 dB] [ET   758 ] [L0 8 0 ] [L1 10 12 ]
POC    11 TId: 5 (      STSA, B-SLICE, QP 29)            22472 bits [Y 41.2333 dB    U 44.0511 dB    V 44.9129 dB] [ET   757 ] [L0 10 8 ] [L1 12 16 ]
POC    14 TId: 4 (      STSA, B-SLICE, QP 28)            37512 bits [Y 41.2497 dB    U 43.9657 dB    V 44.7434 dB] [ET   775 ] [L0 12 8 ] [L1 16 12 ]
POC    13 TId: 5 (      STSA, B-SLICE, QP 29)            22736 bits [Y 41.0553 dB    U 43.9095 dB    V 44.7454 dB] [ET   679 ] [L0 12 8 ] [L1 14 16 ]
POC    15 TId: 5 (      STSA, B-SLICE, QP 29)            21192 bits [Y 41.0705 dB    U 44.1267 dB    V 44.8345 dB] [ET   527 ] [L0 14 12 ] [L1 16 14 ]

	Total Frames |   Bitrate     Y-PSNR    U-PSNR    V-PSNR    YUV-PSNR   
	       17    a    3430.1882   41.9730   44.5178   45.6336   42.6442

 finished @ Fri Apr  7 09:03:56 2023
 Total Time:    12420.967 sec. [user]    12437.097 sec. [elapsed]

Level: 0
Inject Calls: 14682919168
Errors injected by bit:
	Bit 0: 1467770
	Bit 1: 1467660
	Bit 2: 1468649
	Bit 3: 1469466
	Bit 4: 1467410
	Bit 5: 1468427
	Bit 6: 1470513
	Bit 7: 1468229

Total errors injected: 11748124
