vvencFFapp: Fraunhofer VVC Encoder ver. 1.5.0 [Linux][GCC 11.3.0][64 bit][SIMD=AVX2]
 started @ Tue Apr  4 20:00:33 2023
CODING TOOL CFG: CTU128 QT44BTT21 IBD:1 SAO:1 ALF:1 (NonLinLuma:0 NonLinChr:0) CCALF:1 Tiles:1x1 Slices:1 WPP:0 WPP-Substreams:1 TMVP:1 DQ:1 SDH:0 CST:1 BDOF:1 DMVR:1 MTSImplicit:1 SBT:0 JCbCr:1 CabacInitPresent:1 AMVR:5 SMVD:3 LMCS:2 (Signal:SDR Opt:0) CIIP:0 MIP:1 AFFINE:2 (PROF:1, Type:1) MMVD:3 DisFracMMVD:1 SbTMVP:1 GPM:3 LFNST:1 MTS:0 ISP:3 TS:2 TSLog2MaxSize:4 useChromaTS:0 BDPCM:2 IBC:2 BCW:0 
ENC. ALG. CFG: QPA:0 HAD:1 RDQ:1 RDQTS:1 ASR:1 MinSearchWindow:96 RestrictMESampling:0 EDO:2 MCTF:2 
PRE-ANALYSIS CFG: STA:1 LeadFrames:0 TrailFrames:0 
FAST TOOL CFG: ECU:0 FEN:1 FDM:1 FastSearch:4 (SCC:2) LCTUFast:1 FastMrg:2 PBIntraFast:1 AMaxBT:1 FastQtBtEnc:1 ContentBasedFastQtbt:0 FastMIP:3 FastIntraTools:0 IntraEstDecBit:2 FastLocalDualTree:1 IntegerET:0 FastSubPel:1 QtbttExtraFast:3 FastTTSplit:0 IBCFastMethod:3 FIM:0 ALFSpeed:0 QuantThr: 4 
RATE CONTROL CFG: RateControl:0 LookAhead:0 
PARALLEL PROCESSING CFG: NumThreads:0 MaxParallelFrames:0 WppBitEqual:0 WF:0 

POC     0 TId: 0 (  IDR_N_LP, I-SLICE, QP 19, TF 3)     581848 bits [Y 42.2672 dB    U 45.0524 dB    V 46.9660 dB] [ET   327 ] [L0 ] [L1 ]
POC    16 TId: 1 (      STSA, B-SLICE, QP 22, TF 2)     217208 bits [Y 41.6152 dB    U 44.1934 dB    V 45.8461 dB] [ET   583 ] [L0 0 ] [L1 0 ]
POC     8 TId: 2 (      STSA, B-SLICE, QP 23, TF 1)      98512 bits [Y 40.9425 dB    U 44.1934 dB    V 45.9626 dB] [ET   695 ] [L0 0 16 ] [L1 16 0 ]
POC     4 TId: 3 (      STSA, B-SLICE, QP 26, TF 0)      43696 bits [Y 40.5486 dB    U 44.3231 dB    V 46.1597 dB] [ET   616 ] [L0 0 8 ] [L1 8 16 ]
POC     2 TId: 4 (      STSA, B-SLICE, QP 28)            21168 bits [Y 40.5778 dB    U 44.6210 dB    V 46.4562 dB] [ET   488 ] [L0 0 4 ] [L1 4 8 ]
POC     1 TId: 5 (      STSA, B-SLICE, QP 29)             9032 bits [Y 40.8432 dB    U 44.8046 dB    V 46.6722 dB] [ET   377 ] [L0 0 2 ] [L1 2 4 ]
POC     3 TId: 5 (      STSA, B-SLICE, QP 29)            10112 bits [Y 40.2419 dB    U 44.4667 dB    V 46.2019 dB] [ET   457 ] [L0 2 0 ] [L1 4 8 ]
POC     6 TId: 4 (      STSA, B-SLICE, QP 28)            21688 bits [Y 40.1426 dB    U 44.1237 dB    V 45.8887 dB] [ET   538 ] [L0 4 0 ] [L1 8 16 ]
POC     5 TId: 5 (      STSA, B-SLICE, QP 29)            10192 bits [Y 40.0042 dB    U 44.0933 dB    V 45.9572 dB] [ET   450 ] [L0 4 0 ] [L1 6 8 ]
POC     7 TId: 5 (      STSA, B-SLICE, QP 29)             9664 bits [Y 40.0875 dB    U 44.1712 dB    V 45.8134 dB] [ET   474 ] [L0 6 4 ] [L1 8 16 ]
POC    12 TId: 3 (      STSA, B-SLICE, QP 26, TF 0)      49056 bits [Y 40.2436 dB    U 43.9419 dB    V 45.5874 dB] [ET   605 ] [L0 8 0 ] [L1 16 8 ]
POC    10 TId: 4 (      STSA, B-SLICE, QP 28)            23272 bits [Y 40.0387 dB    U 43.9711 dB    V 45.5689 dB] [ET   670 ] [L0 8 0 ] [L1 12 16 ]
POC     9 TId: 5 (      STSA, B-SLICE, QP 29)            10360 bits [Y 40.0129 dB    U 44.0945 dB    V 45.7841 dB] [ET   466 ] [L0 8 0 ] [L1 10 12 ]
POC    11 TId: 5 (      STSA, B-SLICE, QP 29)            11088 bits [Y 39.8376 dB    U 43.9229 dB    V 45.5494 dB] [ET   471 ] [L0 10 8 ] [L1 12 16 ]
POC    14 TId: 4 (      STSA, B-SLICE, QP 28)            27280 bits [Y 40.0012 dB    U 43.8605 dB    V 45.4079 dB] [ET   523 ] [L0 12 8 ] [L1 16 12 ]
POC    13 TId: 5 (      STSA, B-SLICE, QP 29)            12976 bits [Y 39.7408 dB    U 43.8588 dB    V 45.4784 dB] [ET   512 ] [L0 12 8 ] [L1 14 16 ]
POC    15 TId: 5 (      STSA, B-SLICE, QP 29)            13968 bits [Y 39.9491 dB    U 43.9532 dB    V 45.4594 dB] [ET   399 ] [L0 14 12 ] [L1 16 14 ]

	Total Frames |   Bitrate     Y-PSNR    U-PSNR    V-PSNR    YUV-PSNR   
	       17    a    4133.3647   40.4173   44.2144   45.9270   41.4383

 finished @ Tue Apr  4 22:25:04 2023
 Total Time:     8593.865 sec. [user]     8671.013 sec. [elapsed]

Level: 0
Inject Calls: 10048375115
Errors injected by bit:
	Bit 0: 1004562
	Bit 1: 1004708
	Bit 2: 1005834
	Bit 3: 1004497
	Bit 4: 1007105
	Bit 5: 1003098
	Bit 6: 1004414
	Bit 7: 1004838

Total errors injected: 8039056
