vvencFFapp: Fraunhofer VVC Encoder ver. 1.5.0 [Linux][GCC 11.3.0][64 bit][SIMD=AVX2]
 started @ Wed Apr  5 10:55:50 2023
CODING TOOL CFG: CTU128 QT44BTT21 IBD:1 SAO:1 ALF:1 (NonLinLuma:0 NonLinChr:0) CCALF:1 Tiles:1x1 Slices:1 WPP:0 WPP-Substreams:1 TMVP:1 DQ:1 SDH:0 CST:1 BDOF:1 DMVR:1 MTSImplicit:1 SBT:0 JCbCr:1 CabacInitPresent:1 AMVR:5 SMVD:3 LMCS:2 (Signal:SDR Opt:0) CIIP:0 MIP:1 AFFINE:2 (PROF:1, Type:1) MMVD:3 DisFracMMVD:1 SbTMVP:1 GPM:3 LFNST:1 MTS:0 ISP:3 TS:2 TSLog2MaxSize:4 useChromaTS:0 BDPCM:2 IBC:2 BCW:0 
ENC. ALG. CFG: QPA:0 HAD:1 RDQ:1 RDQTS:1 ASR:1 MinSearchWindow:96 RestrictMESampling:0 EDO:2 MCTF:2 
PRE-ANALYSIS CFG: STA:1 LeadFrames:0 TrailFrames:0 
FAST TOOL CFG: ECU:0 FEN:1 FDM:1 FastSearch:4 (SCC:2) LCTUFast:1 FastMrg:2 PBIntraFast:1 AMaxBT:1 FastQtBtEnc:1 ContentBasedFastQtbt:0 FastMIP:3 FastIntraTools:0 IntraEstDecBit:2 FastLocalDualTree:1 IntegerET:0 FastSubPel:1 QtbttExtraFast:3 FastTTSplit:0 IBCFastMethod:3 FIM:0 ALFSpeed:0 QuantThr: 4 
RATE CONTROL CFG: RateControl:0 LookAhead:0 
PARALLEL PROCESSING CFG: NumThreads:0 MaxParallelFrames:0 WppBitEqual:0 WF:0 

POC     0 TId: 0 (  IDR_N_LP, I-SLICE, QP 24, TF 3)     377624 bits [Y 40.2668 dB    U 43.0828 dB    V 44.6158 dB] [ET   268 ] [L0 ] [L1 ]
POC    16 TId: 1 (      STSA, B-SLICE, QP 28, TF 2)     101736 bits [Y 38.6895 dB    U 42.0327 dB    V 43.2055 dB] [ET   456 ] [L0 0 ] [L1 0 ]
POC     8 TId: 2 (      STSA, B-SLICE, QP 29, TF 1)      45552 bits [Y 38.5855 dB    U 42.2514 dB    V 43.6430 dB] [ET   549 ] [L0 0 16 ] [L1 16 0 ]
POC     4 TId: 3 (      STSA, B-SLICE, QP 32, TF 0)      18960 bits [Y 38.2989 dB    U 42.4531 dB    V 43.8247 dB] [ET   505 ] [L0 0 8 ] [L1 8 16 ]
POC     2 TId: 4 (      STSA, B-SLICE, QP 34)             7928 bits [Y 38.3950 dB    U 42.7792 dB    V 44.1200 dB] [ET   390 ] [L0 0 4 ] [L1 4 8 ]
POC     1 TId: 5 (      STSA, B-SLICE, QP 36)             2872 bits [Y 38.7719 dB    U 42.8929 dB    V 44.4092 dB] [ET   279 ] [L0 0 2 ] [L1 2 4 ]
POC     3 TId: 5 (      STSA, B-SLICE, QP 36)             3200 bits [Y 37.8845 dB    U 42.6574 dB    V 43.9722 dB] [ET   360 ] [L0 2 0 ] [L1 4 8 ]
POC     6 TId: 4 (      STSA, B-SLICE, QP 34)             9000 bits [Y 37.8514 dB    U 42.3249 dB    V 43.6313 dB] [ET   455 ] [L0 4 0 ] [L1 8 16 ]
POC     5 TId: 5 (      STSA, B-SLICE, QP 36)             3472 bits [Y 37.7045 dB    U 42.3559 dB    V 43.7216 dB] [ET   339 ] [L0 4 0 ] [L1 6 8 ]
POC     7 TId: 5 (      STSA, B-SLICE, QP 36)             2896 bits [Y 37.7462 dB    U 42.3257 dB    V 43.6204 dB] [ET   370 ] [L0 6 4 ] [L1 8 16 ]
POC    12 TId: 3 (      STSA, B-SLICE, QP 32, TF 0)      21720 bits [Y 37.8094 dB    U 42.0386 dB    V 43.2138 dB] [ET   542 ] [L0 8 0 ] [L1 16 8 ]
POC    10 TId: 4 (      STSA, B-SLICE, QP 34)             9536 bits [Y 37.5764 dB    U 42.1424 dB    V 43.3197 dB] [ET   514 ] [L0 8 0 ] [L1 12 16 ]
POC     9 TId: 5 (      STSA, B-SLICE, QP 36)             3552 bits [Y 37.6164 dB    U 42.1949 dB    V 43.5190 dB] [ET   351 ] [L0 8 0 ] [L1 10 12 ]
POC    11 TId: 5 (      STSA, B-SLICE, QP 36)             3480 bits [Y 37.3017 dB    U 42.0309 dB    V 43.2592 dB] [ET   389 ] [L0 10 8 ] [L1 12 16 ]
POC    14 TId: 4 (      STSA, B-SLICE, QP 34)            10944 bits [Y 37.4456 dB    U 41.9487 dB    V 43.0303 dB] [ET   419 ] [L0 12 8 ] [L1 16 12 ]
POC    13 TId: 5 (      STSA, B-SLICE, QP 36)             4208 bits [Y 37.2012 dB    U 41.9515 dB    V 43.1161 dB] [ET   373 ] [L0 12 8 ] [L1 14 16 ]
POC    15 TId: 5 (      STSA, B-SLICE, QP 36)             4056 bits [Y 37.3677 dB    U 41.9913 dB    V 43.0601 dB] [ET   289 ] [L0 14 12 ] [L1 16 14 ]

	Total Frames |   Bitrate     Y-PSNR    U-PSNR    V-PSNR    YUV-PSNR   
	       17    a    2226.1271   38.0301   42.3208   43.6048   39.0862

 finished @ Wed Apr  5 12:50:17 2023
 Total Time:     6851.274 sec. [user]     6867.248 sec. [elapsed]

Level: 0
Inject Calls: 7948909677
Errors injected by bit:
	Bit 0: 7948269
	Bit 1: 7945596
	Bit 2: 7945785
	Bit 3: 7946981
	Bit 4: 7948252
	Bit 5: 7951566
	Bit 6: 7949612
	Bit 7: 7946119

Total errors injected: 63582180
