vvencFFapp: Fraunhofer VVC Encoder ver. 1.5.0 [Linux][GCC 11.3.0][64 bit][SIMD=AVX2]
 started @ Sun Apr  9 06:27:33 2023
CODING TOOL CFG: CTU128 QT44BTT21 IBD:1 SAO:1 ALF:1 (NonLinLuma:0 NonLinChr:0) CCALF:1 Tiles:1x1 Slices:1 WPP:0 WPP-Substreams:1 TMVP:1 DQ:1 SDH:0 CST:1 BDOF:1 DMVR:1 MTSImplicit:1 SBT:0 JCbCr:1 CabacInitPresent:1 AMVR:5 SMVD:3 LMCS:2 (Signal:SDR Opt:0) CIIP:0 MIP:1 AFFINE:2 (PROF:1, Type:1) MMVD:3 DisFracMMVD:1 SbTMVP:1 GPM:3 LFNST:1 MTS:0 ISP:3 TS:2 TSLog2MaxSize:4 useChromaTS:0 BDPCM:2 IBC:2 BCW:0 
ENC. ALG. CFG: QPA:0 HAD:1 RDQ:1 RDQTS:1 ASR:1 MinSearchWindow:96 RestrictMESampling:0 EDO:2 MCTF:2 
PRE-ANALYSIS CFG: STA:1 LeadFrames:0 TrailFrames:0 
FAST TOOL CFG: ECU:0 FEN:1 FDM:1 FastSearch:4 (SCC:2) LCTUFast:1 FastMrg:2 PBIntraFast:1 AMaxBT:1 FastQtBtEnc:1 ContentBasedFastQtbt:0 FastMIP:3 FastIntraTools:0 IntraEstDecBit:2 FastLocalDualTree:1 IntegerET:0 FastSubPel:1 QtbttExtraFast:3 FastTTSplit:0 IBCFastMethod:3 FIM:0 ALFSpeed:0 QuantThr: 4 
RATE CONTROL CFG: RateControl:0 LookAhead:0 
PARALLEL PROCESSING CFG: NumThreads:0 MaxParallelFrames:0 WppBitEqual:0 WF:0 

POC     0 TId: 0 (  IDR_N_LP, I-SLICE, QP 29, TF 2)     160808 bits [Y 38.4367 dB    U 41.6230 dB    V 42.6136 dB] [ET   184 ] [L0 ] [L1 ]
POC    16 TId: 1 (      STSA, B-SLICE, QP 34, TF 1)      30544 bits [Y 36.4768 dB    U 39.9255 dB    V 40.0504 dB] [ET   374 ] [L0 0 ] [L1 0 ]
POC     8 TId: 2 (      STSA, B-SLICE, QP 35, TF 0)      19280 bits [Y 36.5098 dB    U 40.0472 dB    V 40.8438 dB] [ET   614 ] [L0 0 16 ] [L1 16 0 ]
POC     4 TId: 3 (      STSA, B-SLICE, QP 38)            11456 bits [Y 36.1271 dB    U 40.2589 dB    V 40.8554 dB] [ET   572 ] [L0 0 8 ] [L1 8 16 ]
POC     2 TId: 4 (      STSA, B-SLICE, QP 40)             4992 bits [Y 36.2744 dB    U 40.8176 dB    V 41.4259 dB] [ET   392 ] [L0 0 4 ] [L1 4 8 ]
POC     1 TId: 5 (      STSA, B-SLICE, QP 41)              248 bits [Y 38.4123 dB    U 41.6168 dB    V 42.6090 dB] [ET   219 ] [L0 0 2 ] [L1 2 4 ]
POC     3 TId: 5 (      STSA, B-SLICE, QP 41)             3360 bits [Y 35.7523 dB    U 40.3998 dB    V 40.7604 dB] [ET   410 ] [L0 2 0 ] [L1 4 8 ]
POC     6 TId: 4 (      STSA, B-SLICE, QP 40)             6296 bits [Y 35.5176 dB    U 40.0825 dB    V 40.5254 dB] [ET   529 ] [L0 4 0 ] [L1 8 16 ]
POC     5 TId: 5 (      STSA, B-SLICE, QP 41)             3576 bits [Y 35.2620 dB    U 40.0803 dB    V 40.5019 dB] [ET   414 ] [L0 4 0 ] [L1 6 8 ]
POC     7 TId: 5 (      STSA, B-SLICE, QP 41)             3280 bits [Y 35.2474 dB    U 40.0271 dB    V 40.5375 dB] [ET   382 ] [L0 6 4 ] [L1 8 16 ]
POC    12 TId: 3 (      STSA, B-SLICE, QP 38)            13264 bits [Y 35.6112 dB    U 39.7708 dB    V 40.2646 dB] [ET   596 ] [L0 8 0 ] [L1 16 8 ]
POC    10 TId: 4 (      STSA, B-SLICE, QP 40)             7240 bits [Y 35.3183 dB    U 39.7898 dB    V 40.3121 dB] [ET   609 ] [L0 8 0 ] [L1 12 16 ]
POC     9 TId: 5 (      STSA, B-SLICE, QP 41)             3384 bits [Y 35.6156 dB    U 39.8887 dB    V 40.5014 dB] [ET   437 ] [L0 8 0 ] [L1 10 12 ]
POC    11 TId: 5 (      STSA, B-SLICE, QP 41)             3816 bits [Y 35.2689 dB    U 39.7562 dB    V 39.9765 dB] [ET   438 ] [L0 10 8 ] [L1 12 16 ]
POC    14 TId: 4 (      STSA, B-SLICE, QP 40)             7416 bits [Y 35.1946 dB    U 39.6703 dB    V 39.7948 dB] [ET   437 ] [L0 12 8 ] [L1 16 12 ]
POC    13 TId: 5 (      STSA, B-SLICE, QP 41)             3448 bits [Y 35.0385 dB    U 39.7420 dB    V 39.8595 dB] [ET   435 ] [L0 12 8 ] [L1 14 16 ]
POC    15 TId: 5 (      STSA, B-SLICE, QP 41)             3048 bits [Y 35.1357 dB    U 39.7178 dB    V 39.6554 dB] [ET   326 ] [L0 14 12 ] [L1 16 14 ]

	Total Frames |   Bitrate     Y-PSNR    U-PSNR    V-PSNR    YUV-PSNR   
	       17    a     839.5765   35.9529   40.1891   40.6522   36.9022

 finished @ Sun Apr  9 08:30:32 2023
 Total Time:     7378.679 sec. [user]     7378.916 sec. [elapsed]

Level: 0
Inject Calls: 8920502262
Errors injected by bit:
	Bit 0: 8918940
	Bit 1: 8915627
	Bit 2: 8925724
	Bit 3: 8923936
	Bit 4: 8923277
	Bit 5: 8920707
	Bit 6: 8915186
	Bit 7: 8918469

Total errors injected: 71361866
