vvencFFapp: Fraunhofer VVC Encoder ver. 1.5.0 [Linux][GCC 11.3.0][64 bit][SIMD=AVX2]
 started @ Fri Apr 14 20:36:23 2023
CODING TOOL CFG: CTU128 QT44BTT21 IBD:1 SAO:1 ALF:1 (NonLinLuma:0 NonLinChr:0) CCALF:1 Tiles:1x1 Slices:1 WPP:0 WPP-Substreams:1 TMVP:1 DQ:1 SDH:0 CST:1 BDOF:1 DMVR:1 MTSImplicit:1 SBT:0 JCbCr:1 CabacInitPresent:1 AMVR:5 SMVD:3 LMCS:2 (Signal:SDR Opt:0) CIIP:0 MIP:1 AFFINE:2 (PROF:1, Type:1) MMVD:3 DisFracMMVD:1 SbTMVP:1 GPM:3 LFNST:1 MTS:0 ISP:3 TS:2 TSLog2MaxSize:4 useChromaTS:0 BDPCM:2 IBC:2 BCW:0 
ENC. ALG. CFG: QPA:0 HAD:1 RDQ:1 RDQTS:1 ASR:1 MinSearchWindow:96 RestrictMESampling:0 EDO:2 MCTF:2 
PRE-ANALYSIS CFG: STA:1 LeadFrames:0 TrailFrames:0 
FAST TOOL CFG: ECU:0 FEN:1 FDM:1 FastSearch:4 (SCC:2) LCTUFast:1 FastMrg:2 PBIntraFast:1 AMaxBT:1 FastQtBtEnc:1 ContentBasedFastQtbt:0 FastMIP:3 FastIntraTools:0 IntraEstDecBit:2 FastLocalDualTree:1 IntegerET:0 FastSubPel:1 QtbttExtraFast:3 FastTTSplit:0 IBCFastMethod:3 FIM:0 ALFSpeed:0 QuantThr: 4 
RATE CONTROL CFG: RateControl:0 LookAhead:0 
PARALLEL PROCESSING CFG: NumThreads:0 MaxParallelFrames:0 WppBitEqual:0 WF:0 

POC     0 TId: 0 (  IDR_N_LP, I-SLICE, QP 24, TF 3)     399128 bits [Y 38.6505 dB    U 40.8666 dB    V 42.1124 dB] [ET   222 ] [L0 ] [L1 ]
POC    16 TId: 1 (      STSA, B-SLICE, QP 28, TF 2)     238040 bits [Y 38.5455 dB    U 40.2674 dB    V 41.4381 dB] [ET   547 ] [L0 0 ] [L1 0 ]
POC     8 TId: 2 (      STSA, B-SLICE, QP 29, TF 1)     177992 bits [Y 37.2400 dB    U 39.5561 dB    V 40.6669 dB] [ET   878 ] [L0 0 16 ] [L1 16 0 ]
POC     4 TId: 3 (      STSA, B-SLICE, QP 32, TF 0)      77792 bits [Y 35.9005 dB    U 39.1339 dB    V 40.2924 dB] [ET   922 ] [L0 0 8 ] [L1 8 16 ]
POC     2 TId: 4 (      STSA, B-SLICE, QP 34)            44832 bits [Y 35.6546 dB    U 39.2989 dB    V 40.4800 dB] [ET   796 ] [L0 0 4 ] [L1 4 8 ]
POC     1 TId: 5 (      STSA, B-SLICE, QP 36)            23144 bits [Y 35.2887 dB    U 39.4952 dB    V 40.7311 dB] [ET   568 ] [L0 0 2 ] [L1 2 4 ]
POC     3 TId: 5 (      STSA, B-SLICE, QP 36)            21104 bits [Y 34.8759 dB    U 38.8633 dB    V 40.1024 dB] [ET   715 ] [L0 2 0 ] [L1 4 8 ]
POC     6 TId: 4 (      STSA, B-SLICE, QP 34)            42848 bits [Y 35.4430 dB    U 38.8731 dB    V 40.0473 dB] [ET   934 ] [L0 4 0 ] [L1 8 16 ]
POC     5 TId: 5 (      STSA, B-SLICE, QP 36)            19544 bits [Y 34.8858 dB    U 38.7804 dB    V 40.0813 dB] [ET   724 ] [L0 4 0 ] [L1 6 8 ]
POC     7 TId: 5 (      STSA, B-SLICE, QP 36)            21232 bits [Y 35.0046 dB    U 38.7440 dB    V 39.9848 dB] [ET   693 ] [L0 6 4 ] [L1 8 16 ]
POC    12 TId: 3 (      STSA, B-SLICE, QP 32, TF 0)      82048 bits [Y 35.7475 dB    U 39.1756 dB    V 39.9851 dB] [ET   956 ] [L0 8 0 ] [L1 16 8 ]
POC    10 TId: 4 (      STSA, B-SLICE, QP 34)            47120 bits [Y 35.3871 dB    U 38.8168 dB    V 39.6550 dB] [ET   984 ] [L0 8 0 ] [L1 12 16 ]
POC     9 TId: 5 (      STSA, B-SLICE, QP 36)            21104 bits [Y 34.9648 dB    U 38.7493 dB    V 39.8885 dB] [ET   697 ] [L0 8 0 ] [L1 10 12 ]
POC    11 TId: 5 (      STSA, B-SLICE, QP 36)            20824 bits [Y 34.7305 dB    U 38.7018 dB    V 39.5415 dB] [ET   756 ] [L0 10 8 ] [L1 12 16 ]
POC    14 TId: 4 (      STSA, B-SLICE, QP 34)            44072 bits [Y 35.3001 dB    U 38.9382 dB    V 39.9504 dB] [ET   801 ] [L0 12 8 ] [L1 16 12 ]
POC    13 TId: 5 (      STSA, B-SLICE, QP 36)            19496 bits [Y 34.7470 dB    U 38.8103 dB    V 39.7151 dB] [ET   682 ] [L0 12 8 ] [L1 14 16 ]
POC    15 TId: 5 (      STSA, B-SLICE, QP 36)            19096 bits [Y 34.9599 dB    U 39.1560 dB    V 40.2748 dB] [ET   590 ] [L0 14 12 ] [L1 16 14 ]

	Total Frames |   Bitrate     Y-PSNR    U-PSNR    V-PSNR    YUV-PSNR   
	       17    a    2328.3812   35.7250   39.1898   40.2910   36.5685

 finished @ Sat Apr 15 00:04:25 2023
 Total Time:    12481.594 sec. [user]    12481.926 sec. [elapsed]

Level: 0
Inject Calls: 15680248250
Errors injected by bit:
	Bit 0: 15679331
	Bit 1: 15680413
	Bit 2: 15671460
	Bit 3: 15684271
	Bit 4: 15675411
	Bit 5: 15683404
	Bit 6: 15680029
	Bit 7: 15686325

Total errors injected: 125440644
