vvencFFapp: Fraunhofer VVC Encoder ver. 1.5.0 [Linux][GCC 11.3.0][64 bit][SIMD=AVX2]
 started @ Tue Apr 18 04:57:06 2023
CODING TOOL CFG: CTU128 QT44BTT21 IBD:1 SAO:1 ALF:1 (NonLinLuma:0 NonLinChr:0) CCALF:1 Tiles:1x1 Slices:1 WPP:0 WPP-Substreams:1 TMVP:1 DQ:1 SDH:0 CST:1 BDOF:1 DMVR:1 MTSImplicit:1 SBT:0 JCbCr:1 CabacInitPresent:1 AMVR:5 SMVD:3 LMCS:2 (Signal:SDR Opt:0) CIIP:0 MIP:1 AFFINE:2 (PROF:1, Type:1) MMVD:3 DisFracMMVD:1 SbTMVP:1 GPM:3 LFNST:1 MTS:0 ISP:3 TS:2 TSLog2MaxSize:4 useChromaTS:0 BDPCM:2 IBC:2 BCW:0 
ENC. ALG. CFG: QPA:0 HAD:1 RDQ:1 RDQTS:1 ASR:1 MinSearchWindow:96 RestrictMESampling:0 EDO:2 MCTF:2 
PRE-ANALYSIS CFG: STA:1 LeadFrames:0 TrailFrames:0 
FAST TOOL CFG: ECU:0 FEN:1 FDM:1 FastSearch:4 (SCC:2) LCTUFast:1 FastMrg:2 PBIntraFast:1 AMaxBT:1 FastQtBtEnc:1 ContentBasedFastQtbt:0 FastMIP:3 FastIntraTools:0 IntraEstDecBit:2 FastLocalDualTree:1 IntegerET:0 FastSubPel:1 QtbttExtraFast:3 FastTTSplit:0 IBCFastMethod:3 FIM:0 ALFSpeed:0 QuantThr: 4 
RATE CONTROL CFG: RateControl:0 LookAhead:0 
PARALLEL PROCESSING CFG: NumThreads:0 MaxParallelFrames:0 WppBitEqual:0 WF:0 

POC     0 TId: 0 (  IDR_N_LP, I-SLICE, QP 34, TF 2)     137312 bits [Y 33.0393 dB    U 36.5932 dB    V 37.9362 dB] [ET   133 ] [L0 ] [L1 ]
POC    16 TId: 1 (      STSA, B-SLICE, QP 40, TF 1)      50344 bits [Y 30.8201 dB    U 36.0107 dB    V 36.8183 dB] [ET   385 ] [L0 0 ] [L1 0 ]
POC     8 TId: 2 (      STSA, B-SLICE, QP 40, TF 0)      40336 bits [Y 30.7288 dB    U 35.8497 dB    V 36.8467 dB] [ET   718 ] [L0 0 16 ] [L1 16 0 ]
POC     4 TId: 3 (      STSA, B-SLICE, QP 43)            17192 bits [Y 30.1855 dB    U 35.6539 dB    V 36.9401 dB] [ET   649 ] [L0 0 8 ] [L1 8 16 ]
POC     2 TId: 4 (      STSA, B-SLICE, QP 45)             9480 bits [Y 30.0758 dB    U 35.7594 dB    V 37.0601 dB] [ET   538 ] [L0 0 4 ] [L1 4 8 ]
POC     1 TId: 5 (      STSA, B-SLICE, QP 46)             4968 bits [Y 30.4319 dB    U 35.8000 dB    V 37.3023 dB] [ET   430 ] [L0 0 2 ] [L1 2 4 ]
POC     3 TId: 5 (      STSA, B-SLICE, QP 46)             4256 bits [Y 29.6950 dB    U 35.5006 dB    V 36.7173 dB] [ET   504 ] [L0 2 0 ] [L1 4 8 ]
POC     6 TId: 4 (      STSA, B-SLICE, QP 45)             8680 bits [Y 29.6740 dB    U 35.4030 dB    V 36.5366 dB] [ET   660 ] [L0 4 0 ] [L1 8 16 ]
POC     5 TId: 5 (      STSA, B-SLICE, QP 46)             3960 bits [Y 29.5882 dB    U 35.4402 dB    V 36.7023 dB] [ET   504 ] [L0 4 0 ] [L1 6 8 ]
POC     7 TId: 5 (      STSA, B-SLICE, QP 46)             3776 bits [Y 29.6008 dB    U 35.4139 dB    V 36.5593 dB] [ET   444 ] [L0 6 4 ] [L1 8 16 ]
POC    12 TId: 3 (      STSA, B-SLICE, QP 43)            17960 bits [Y 29.8045 dB    U 35.7162 dB    V 36.1739 dB] [ET   730 ] [L0 8 0 ] [L1 16 8 ]
POC    10 TId: 4 (      STSA, B-SLICE, QP 45)             9440 bits [Y 29.3438 dB    U 35.5269 dB    V 36.0801 dB] [ET   677 ] [L0 8 0 ] [L1 12 16 ]
POC     9 TId: 5 (      STSA, B-SLICE, QP 46)             3960 bits [Y 29.4663 dB    U 35.5390 dB    V 36.5121 dB] [ET   466 ] [L0 8 0 ] [L1 10 12 ]
POC    11 TId: 5 (      STSA, B-SLICE, QP 46)             4024 bits [Y 29.2474 dB    U 35.6095 dB    V 36.0682 dB] [ET   468 ] [L0 10 8 ] [L1 12 16 ]
POC    14 TId: 4 (      STSA, B-SLICE, QP 45)             8280 bits [Y 29.4280 dB    U 35.6499 dB    V 36.0519 dB] [ET   557 ] [L0 12 8 ] [L1 16 12 ]
POC    13 TId: 5 (      STSA, B-SLICE, QP 46)             3888 bits [Y 29.3321 dB    U 35.5785 dB    V 35.9483 dB] [ET   465 ] [L0 12 8 ] [L1 14 16 ]
POC    15 TId: 5 (      STSA, B-SLICE, QP 46)             3936 bits [Y 29.6988 dB    U 35.7129 dB    V 36.3021 dB] [ET   411 ] [L0 14 12 ] [L1 16 14 ]

	Total Frames |   Bitrate     Y-PSNR    U-PSNR    V-PSNR    YUV-PSNR   
	       17    a     585.5153   30.0094   35.6916   36.6209   31.1985

 finished @ Tue Apr 18 07:23:00 2023
 Total Time:     8753.812 sec. [user]     8754.055 sec. [elapsed]

Level: 0
Inject Calls: 10940131110
Errors injected by bit:
	Bit 0: 11017
	Bit 1: 11087
	Bit 2: 11010
	Bit 3: 11064
	Bit 4: 10946
	Bit 5: 10806
	Bit 6: 10785
	Bit 7: 10936

Total errors injected: 87651
