vvencFFapp: Fraunhofer VVC Encoder ver. 1.5.0 [Linux][GCC 11.3.0][64 bit][SIMD=AVX2]
 started @ Tue Apr 18 00:12:01 2023
CODING TOOL CFG: CTU128 QT44BTT21 IBD:1 SAO:1 ALF:1 (NonLinLuma:0 NonLinChr:0) CCALF:1 Tiles:1x1 Slices:1 WPP:0 WPP-Substreams:1 TMVP:1 DQ:1 SDH:0 CST:1 BDOF:1 DMVR:1 MTSImplicit:1 SBT:0 JCbCr:1 CabacInitPresent:1 AMVR:5 SMVD:3 LMCS:2 (Signal:SDR Opt:0) CIIP:0 MIP:1 AFFINE:2 (PROF:1, Type:1) MMVD:3 DisFracMMVD:1 SbTMVP:1 GPM:3 LFNST:1 MTS:0 ISP:3 TS:2 TSLog2MaxSize:4 useChromaTS:0 BDPCM:2 IBC:2 BCW:0 
ENC. ALG. CFG: QPA:0 HAD:1 RDQ:1 RDQTS:1 ASR:1 MinSearchWindow:96 RestrictMESampling:0 EDO:2 MCTF:2 
PRE-ANALYSIS CFG: STA:1 LeadFrames:0 TrailFrames:0 
FAST TOOL CFG: ECU:0 FEN:1 FDM:1 FastSearch:4 (SCC:2) LCTUFast:1 FastMrg:2 PBIntraFast:1 AMaxBT:1 FastQtBtEnc:1 ContentBasedFastQtbt:0 FastMIP:3 FastIntraTools:0 IntraEstDecBit:2 FastLocalDualTree:1 IntegerET:0 FastSubPel:1 QtbttExtraFast:3 FastTTSplit:0 IBCFastMethod:3 FIM:0 ALFSpeed:0 QuantThr: 4 
RATE CONTROL CFG: RateControl:0 LookAhead:0 
PARALLEL PROCESSING CFG: NumThreads:0 MaxParallelFrames:0 WppBitEqual:0 WF:0 

POC     0 TId: 0 (  IDR_N_LP, I-SLICE, QP 34, TF 2)     137312 bits [Y 33.0393 dB    U 36.5932 dB    V 37.9362 dB] [ET   134 ] [L0 ] [L1 ]
POC    16 TId: 1 (      STSA, B-SLICE, QP 40, TF 1)      50472 bits [Y 30.7586 dB    U 36.0265 dB    V 36.8308 dB] [ET   401 ] [L0 0 ] [L1 0 ]
POC     8 TId: 2 (      STSA, B-SLICE, QP 40, TF 0)      40408 bits [Y 30.7208 dB    U 35.7885 dB    V 36.8406 dB] [ET   730 ] [L0 0 16 ] [L1 16 0 ]
POC     4 TId: 3 (      STSA, B-SLICE, QP 43)            17032 bits [Y 30.1930 dB    U 35.7322 dB    V 36.9604 dB] [ET   663 ] [L0 0 8 ] [L1 8 16 ]
POC     2 TId: 4 (      STSA, B-SLICE, QP 45)             9328 bits [Y 30.0458 dB    U 35.7545 dB    V 37.0475 dB] [ET   520 ] [L0 0 4 ] [L1 4 8 ]
POC     1 TId: 5 (      STSA, B-SLICE, QP 46)             4760 bits [Y 30.3595 dB    U 35.8115 dB    V 37.3125 dB] [ET   385 ] [L0 0 2 ] [L1 2 4 ]
POC     3 TId: 5 (      STSA, B-SLICE, QP 46)             4408 bits [Y 29.7013 dB    U 35.5644 dB    V 36.7509 dB] [ET   464 ] [L0 2 0 ] [L1 4 8 ]
POC     6 TId: 4 (      STSA, B-SLICE, QP 45)             8408 bits [Y 29.6793 dB    U 35.4929 dB    V 36.6370 dB] [ET   673 ] [L0 4 0 ] [L1 8 16 ]
POC     5 TId: 5 (      STSA, B-SLICE, QP 46)             3872 bits [Y 29.5469 dB    U 35.4960 dB    V 36.7006 dB] [ET   491 ] [L0 4 0 ] [L1 6 8 ]
POC     7 TId: 5 (      STSA, B-SLICE, QP 46)             3728 bits [Y 29.5688 dB    U 35.3768 dB    V 36.4809 dB] [ET   468 ] [L0 6 4 ] [L1 8 16 ]
POC    12 TId: 3 (      STSA, B-SLICE, QP 43)            18344 bits [Y 29.8218 dB    U 35.7878 dB    V 36.2368 dB] [ET   736 ] [L0 8 0 ] [L1 16 8 ]
POC    10 TId: 4 (      STSA, B-SLICE, QP 45)             9456 bits [Y 29.3980 dB    U 35.4901 dB    V 36.2081 dB] [ET   710 ] [L0 8 0 ] [L1 12 16 ]
POC     9 TId: 5 (      STSA, B-SLICE, QP 46)             3936 bits [Y 29.4714 dB    U 35.5634 dB    V 36.4024 dB] [ET   453 ] [L0 8 0 ] [L1 10 12 ]
POC    11 TId: 5 (      STSA, B-SLICE, QP 46)             4008 bits [Y 29.2285 dB    U 35.4974 dB    V 36.0996 dB] [ET   502 ] [L0 10 8 ] [L1 12 16 ]
POC    14 TId: 4 (      STSA, B-SLICE, QP 45)             8312 bits [Y 29.4230 dB    U 35.6761 dB    V 36.1064 dB] [ET   536 ] [L0 12 8 ] [L1 16 12 ]
POC    13 TId: 5 (      STSA, B-SLICE, QP 46)             3968 bits [Y 29.3329 dB    U 35.6509 dB    V 36.0452 dB] [ET   441 ] [L0 12 8 ] [L1 14 16 ]
POC    15 TId: 5 (      STSA, B-SLICE, QP 46)             3632 bits [Y 29.6566 dB    U 35.6944 dB    V 36.2938 dB] [ET   407 ] [L0 14 12 ] [L1 16 14 ]

	Total Frames |   Bitrate     Y-PSNR    U-PSNR    V-PSNR    YUV-PSNR   
	       17    a     584.7953   29.9968   35.7057   36.6406   31.1900

 finished @ Tue Apr 18 02:37:30 2023
 Total Time:     8728.563 sec. [user]     8728.727 sec. [elapsed]

Level: 0
Inject Calls: 10892332075
Errors injected by bit:
	Bit 0: 1090689
	Bit 1: 1088125
	Bit 2: 1090253
	Bit 3: 1088169
	Bit 4: 1089097
	Bit 5: 1087682
	Bit 6: 1089232
	Bit 7: 1087974

Total errors injected: 8711221
