vvencFFapp: Fraunhofer VVC Encoder ver. 1.5.0 [Linux][GCC 11.3.0][64 bit][SIMD=AVX2]
 started @ Sat Apr  8 11:47:14 2023
CODING TOOL CFG: CTU128 QT44BTT21 IBD:1 SAO:1 ALF:1 (NonLinLuma:0 NonLinChr:0) CCALF:1 Tiles:1x1 Slices:1 WPP:0 WPP-Substreams:1 TMVP:1 DQ:1 SDH:0 CST:1 BDOF:1 DMVR:1 MTSImplicit:1 SBT:0 JCbCr:1 CabacInitPresent:1 AMVR:5 SMVD:3 LMCS:2 (Signal:SDR Opt:0) CIIP:0 MIP:1 AFFINE:2 (PROF:1, Type:1) MMVD:3 DisFracMMVD:1 SbTMVP:1 GPM:3 LFNST:1 MTS:0 ISP:3 TS:2 TSLog2MaxSize:4 useChromaTS:0 BDPCM:2 IBC:2 BCW:0 
ENC. ALG. CFG: QPA:0 HAD:1 RDQ:1 RDQTS:1 ASR:1 MinSearchWindow:96 RestrictMESampling:0 EDO:2 MCTF:2 
PRE-ANALYSIS CFG: STA:1 LeadFrames:0 TrailFrames:0 
FAST TOOL CFG: ECU:0 FEN:1 FDM:1 FastSearch:4 (SCC:2) LCTUFast:1 FastMrg:2 PBIntraFast:1 AMaxBT:1 FastQtBtEnc:1 ContentBasedFastQtbt:0 FastMIP:3 FastIntraTools:0 IntraEstDecBit:2 FastLocalDualTree:1 IntegerET:0 FastSubPel:1 QtbttExtraFast:3 FastTTSplit:0 IBCFastMethod:3 FIM:0 ALFSpeed:0 QuantThr: 4 
RATE CONTROL CFG: RateControl:0 LookAhead:0 
PARALLEL PROCESSING CFG: NumThreads:0 MaxParallelFrames:0 WppBitEqual:0 WF:0 

POC     0 TId: 0 (  IDR_N_LP, I-SLICE, QP 24, TF 3)     303696 bits [Y 41.6478 dB    U 43.8365 dB    V 45.0113 dB] [ET   265 ] [L0 ] [L1 ]
POC    16 TId: 1 (      STSA, B-SLICE, QP 28, TF 2)      65512 bits [Y 39.5727 dB    U 42.4160 dB    V 43.1491 dB] [ET   438 ] [L0 0 ] [L1 0 ]
POC     8 TId: 2 (      STSA, B-SLICE, QP 29, TF 1)      38600 bits [Y 39.4725 dB    U 42.5073 dB    V 43.5238 dB] [ET   725 ] [L0 0 16 ] [L1 16 0 ]
POC     4 TId: 3 (      STSA, B-SLICE, QP 32, TF 0)      22760 bits [Y 39.0676 dB    U 42.1967 dB    V 43.1198 dB] [ET   721 ] [L0 0 8 ] [L1 8 16 ]
POC     2 TId: 4 (      STSA, B-SLICE, QP 34)            10696 bits [Y 39.1507 dB    U 42.7241 dB    V 43.5229 dB] [ET   569 ] [L0 0 4 ] [L1 4 8 ]
POC     1 TId: 5 (      STSA, B-SLICE, QP 36)              240 bits [Y 41.6478 dB    U 43.8365 dB    V 45.0113 dB] [ET   220 ] [L0 0 2 ] [L1 2 4 ]
POC     3 TId: 5 (      STSA, B-SLICE, QP 36)             6832 bits [Y 38.4706 dB    U 42.2434 dB    V 42.8427 dB] [ET   484 ] [L0 2 0 ] [L1 4 8 ]
POC     6 TId: 4 (      STSA, B-SLICE, QP 34)            14584 bits [Y 38.7194 dB    U 42.1175 dB    V 42.8025 dB] [ET   706 ] [L0 4 0 ] [L1 8 16 ]
POC     5 TId: 5 (      STSA, B-SLICE, QP 36)             6936 bits [Y 38.0909 dB    U 41.9280 dB    V 42.5640 dB] [ET   535 ] [L0 4 0 ] [L1 6 8 ]
POC     7 TId: 5 (      STSA, B-SLICE, QP 36)             6992 bits [Y 37.9692 dB    U 42.0684 dB    V 42.8792 dB] [ET   472 ] [L0 6 4 ] [L1 8 16 ]
POC    12 TId: 3 (      STSA, B-SLICE, QP 32, TF 0)      25656 bits [Y 38.4862 dB    U 41.8280 dB    V 42.4858 dB] [ET   720 ] [L0 8 0 ] [L1 16 8 ]
POC    10 TId: 4 (      STSA, B-SLICE, QP 34)            15872 bits [Y 38.3293 dB    U 41.8019 dB    V 42.3011 dB] [ET   868 ] [L0 8 0 ] [L1 12 16 ]
POC     9 TId: 5 (      STSA, B-SLICE, QP 36)             6856 bits [Y 38.3302 dB    U 42.0492 dB    V 42.5581 dB] [ET   493 ] [L0 8 0 ] [L1 10 12 ]
POC    11 TId: 5 (      STSA, B-SLICE, QP 36)             8080 bits [Y 38.0288 dB    U 41.7874 dB    V 42.1827 dB] [ET   539 ] [L0 10 8 ] [L1 12 16 ]
POC    14 TId: 4 (      STSA, B-SLICE, QP 34)            16256 bits [Y 38.2694 dB    U 41.6829 dB    V 42.0366 dB] [ET   616 ] [L0 12 8 ] [L1 16 12 ]
POC    13 TId: 5 (      STSA, B-SLICE, QP 36)             7736 bits [Y 37.8472 dB    U 41.6720 dB    V 42.0037 dB] [ET   538 ] [L0 12 8 ] [L1 14 16 ]
POC    15 TId: 5 (      STSA, B-SLICE, QP 36)             7032 bits [Y 37.9532 dB    U 41.9165 dB    V 42.1276 dB] [ET   386 ] [L0 14 12 ] [L1 16 14 ]

	Total Frames |   Bitrate     Y-PSNR    U-PSNR    V-PSNR    YUV-PSNR   
	       17    a    1659.8118   38.8855   42.2713   42.9484   39.6921

 finished @ Sat Apr  8 14:22:26 2023
 Total Time:     9310.454 sec. [user]     9312.666 sec. [elapsed]

Level: 0
Inject Calls: 11178488400
Errors injected by bit:
	Bit 0: 1115549
	Bit 1: 1119978
	Bit 2: 1117722
	Bit 3: 1117444
	Bit 4: 1117396
	Bit 5: 1118697
	Bit 6: 1119907
	Bit 7: 1118169

Total errors injected: 8944862
