vvencFFapp: Fraunhofer VVC Encoder ver. 1.5.0 [Linux][GCC 11.3.0][64 bit][SIMD=AVX2]
 started @ Sun Apr  9 08:37:35 2023
CODING TOOL CFG: CTU128 QT44BTT21 IBD:1 SAO:1 ALF:1 (NonLinLuma:0 NonLinChr:0) CCALF:1 Tiles:1x1 Slices:1 WPP:0 WPP-Substreams:1 TMVP:1 DQ:1 SDH:0 CST:1 BDOF:1 DMVR:1 MTSImplicit:1 SBT:0 JCbCr:1 CabacInitPresent:1 AMVR:5 SMVD:3 LMCS:2 (Signal:SDR Opt:0) CIIP:0 MIP:1 AFFINE:2 (PROF:1, Type:1) MMVD:3 DisFracMMVD:1 SbTMVP:1 GPM:3 LFNST:1 MTS:0 ISP:3 TS:2 TSLog2MaxSize:4 useChromaTS:0 BDPCM:2 IBC:2 BCW:0 
ENC. ALG. CFG: QPA:0 HAD:1 RDQ:1 RDQTS:1 ASR:1 MinSearchWindow:96 RestrictMESampling:0 EDO:2 MCTF:2 
PRE-ANALYSIS CFG: STA:1 LeadFrames:0 TrailFrames:0 
FAST TOOL CFG: ECU:0 FEN:1 FDM:1 FastSearch:4 (SCC:2) LCTUFast:1 FastMrg:2 PBIntraFast:1 AMaxBT:1 FastQtBtEnc:1 ContentBasedFastQtbt:0 FastMIP:3 FastIntraTools:0 IntraEstDecBit:2 FastLocalDualTree:1 IntegerET:0 FastSubPel:1 QtbttExtraFast:3 FastTTSplit:0 IBCFastMethod:3 FIM:0 ALFSpeed:0 QuantThr: 4 
RATE CONTROL CFG: RateControl:0 LookAhead:0 
PARALLEL PROCESSING CFG: NumThreads:0 MaxParallelFrames:0 WppBitEqual:0 WF:0 

POC     0 TId: 0 (  IDR_N_LP, I-SLICE, QP 29, TF 2)     160808 bits [Y 38.4367 dB    U 41.6230 dB    V 42.6136 dB] [ET   186 ] [L0 ] [L1 ]
POC    16 TId: 1 (      STSA, B-SLICE, QP 34, TF 1)      31264 bits [Y 36.5275 dB    U 40.0719 dB    V 40.1655 dB] [ET   377 ] [L0 0 ] [L1 0 ]
POC     8 TId: 2 (      STSA, B-SLICE, QP 35, TF 0)      19064 bits [Y 36.5030 dB    U 40.0009 dB    V 40.8957 dB] [ET   641 ] [L0 0 16 ] [L1 16 0 ]
POC     4 TId: 3 (      STSA, B-SLICE, QP 38)            11560 bits [Y 36.1658 dB    U 40.2189 dB    V 40.9204 dB] [ET   584 ] [L0 0 8 ] [L1 8 16 ]
POC     2 TId: 4 (      STSA, B-SLICE, QP 40)             4896 bits [Y 36.3286 dB    U 40.8945 dB    V 41.3675 dB] [ET   422 ] [L0 0 4 ] [L1 4 8 ]
POC     1 TId: 5 (      STSA, B-SLICE, QP 41)              224 bits [Y 38.4363 dB    U 41.6226 dB    V 42.6134 dB] [ET   214 ] [L0 0 2 ] [L1 2 4 ]
POC     3 TId: 5 (      STSA, B-SLICE, QP 41)             3408 bits [Y 35.7976 dB    U 40.4101 dB    V 40.7582 dB] [ET   410 ] [L0 2 0 ] [L1 4 8 ]
POC     6 TId: 4 (      STSA, B-SLICE, QP 40)             6136 bits [Y 35.5482 dB    U 39.9061 dB    V 40.4970 dB] [ET   518 ] [L0 4 0 ] [L1 8 16 ]
POC     5 TId: 5 (      STSA, B-SLICE, QP 41)             3408 bits [Y 35.2580 dB    U 39.9643 dB    V 40.5546 dB] [ET   416 ] [L0 4 0 ] [L1 6 8 ]
POC     7 TId: 5 (      STSA, B-SLICE, QP 41)             3320 bits [Y 35.2895 dB    U 39.9206 dB    V 40.4626 dB] [ET   460 ] [L0 6 4 ] [L1 8 16 ]
POC    12 TId: 3 (      STSA, B-SLICE, QP 38)            13312 bits [Y 35.6435 dB    U 39.8399 dB    V 40.3299 dB] [ET   603 ] [L0 8 0 ] [L1 16 8 ]
POC    10 TId: 4 (      STSA, B-SLICE, QP 40)             7024 bits [Y 35.2973 dB    U 39.7859 dB    V 40.3309 dB] [ET   605 ] [L0 8 0 ] [L1 12 16 ]
POC     9 TId: 5 (      STSA, B-SLICE, QP 41)             3288 bits [Y 35.6716 dB    U 39.9147 dB    V 40.4648 dB] [ET   455 ] [L0 8 0 ] [L1 10 12 ]
POC    11 TId: 5 (      STSA, B-SLICE, QP 41)             3936 bits [Y 35.2774 dB    U 39.6949 dB    V 40.0067 dB] [ET   416 ] [L0 10 8 ] [L1 12 16 ]
POC    14 TId: 4 (      STSA, B-SLICE, QP 40)             7536 bits [Y 35.2902 dB    U 39.6668 dB    V 39.8577 dB] [ET   454 ] [L0 12 8 ] [L1 16 12 ]
POC    13 TId: 5 (      STSA, B-SLICE, QP 41)             3456 bits [Y 35.0689 dB    U 39.8426 dB    V 39.8489 dB] [ET   461 ] [L0 12 8 ] [L1 14 16 ]
POC    15 TId: 5 (      STSA, B-SLICE, QP 41)             3056 bits [Y 35.2427 dB    U 39.7843 dB    V 39.8504 dB] [ET   345 ] [L0 14 12 ] [L1 16 14 ]

	Total Frames |   Bitrate     Y-PSNR    U-PSNR    V-PSNR    YUV-PSNR   
	       17    a     840.2824   35.9872   40.1860   40.6787   36.9347

 finished @ Sun Apr  9 10:43:56 2023
 Total Time:     7580.146 sec. [user]     7580.680 sec. [elapsed]

Level: 0
Inject Calls: 9072394735
Errors injected by bit:
	Bit 0: 905058
	Bit 1: 907881
	Bit 2: 908225
	Bit 3: 908296
	Bit 4: 908003
	Bit 5: 905926
	Bit 6: 907126
	Bit 7: 908445

Total errors injected: 7258960
