vvencFFapp: Fraunhofer VVC Encoder ver. 1.5.0 [Linux][GCC 11.3.0][64 bit][SIMD=AVX2]
 started @ Sun Apr  9 23:27:52 2023
CODING TOOL CFG: CTU128 QT44BTT21 IBD:1 SAO:1 ALF:1 (NonLinLuma:0 NonLinChr:0) CCALF:1 Tiles:1x1 Slices:1 WPP:0 WPP-Substreams:1 TMVP:1 DQ:1 SDH:0 CST:1 BDOF:1 DMVR:1 MTSImplicit:1 SBT:0 JCbCr:1 CabacInitPresent:1 AMVR:5 SMVD:3 LMCS:2 (Signal:SDR Opt:0) CIIP:0 MIP:1 AFFINE:2 (PROF:1, Type:1) MMVD:3 DisFracMMVD:1 SbTMVP:1 GPM:3 LFNST:1 MTS:0 ISP:3 TS:2 TSLog2MaxSize:4 useChromaTS:0 BDPCM:2 IBC:2 BCW:0 
ENC. ALG. CFG: QPA:0 HAD:1 RDQ:1 RDQTS:1 ASR:1 MinSearchWindow:96 RestrictMESampling:0 EDO:2 MCTF:2 
PRE-ANALYSIS CFG: STA:1 LeadFrames:0 TrailFrames:0 
FAST TOOL CFG: ECU:0 FEN:1 FDM:1 FastSearch:4 (SCC:2) LCTUFast:1 FastMrg:2 PBIntraFast:1 AMaxBT:1 FastQtBtEnc:1 ContentBasedFastQtbt:0 FastMIP:3 FastIntraTools:0 IntraEstDecBit:2 FastLocalDualTree:1 IntegerET:0 FastSubPel:1 QtbttExtraFast:3 FastTTSplit:0 IBCFastMethod:3 FIM:0 ALFSpeed:0 QuantThr: 4 
RATE CONTROL CFG: RateControl:0 LookAhead:0 
PARALLEL PROCESSING CFG: NumThreads:0 MaxParallelFrames:0 WppBitEqual:0 WF:0 

POC     0 TId: 0 (  IDR_N_LP, I-SLICE, QP 34, TF 2)      85368 bits [Y 35.6254 dB    U 39.1515 dB    V 40.0627 dB] [ET   134 ] [L0 ] [L1 ]
POC    16 TId: 1 (      STSA, B-SLICE, QP 40, TF 1)      15776 bits [Y 33.6161 dB    U 38.0482 dB    V 38.0797 dB] [ET   295 ] [L0 0 ] [L1 0 ]
POC     8 TId: 2 (      STSA, B-SLICE, QP 40, TF 0)      10880 bits [Y 33.8679 dB    U 38.2197 dB    V 39.0159 dB] [ET   541 ] [L0 0 16 ] [L1 16 0 ]
POC     4 TId: 3 (      STSA, B-SLICE, QP 43)             6432 bits [Y 33.5234 dB    U 38.3274 dB    V 38.8597 dB] [ET   469 ] [L0 0 8 ] [L1 8 16 ]
POC     2 TId: 4 (      STSA, B-SLICE, QP 45)             2312 bits [Y 33.7347 dB    U 38.5470 dB    V 39.1142 dB] [ET   377 ] [L0 0 4 ] [L1 4 8 ]
POC     1 TId: 5 (      STSA, B-SLICE, QP 46)              256 bits [Y 35.6213 dB    U 39.1472 dB    V 40.0643 dB] [ET   174 ] [L0 0 2 ] [L1 2 4 ]
POC     3 TId: 5 (      STSA, B-SLICE, QP 46)             1432 bits [Y 33.2205 dB    U 38.1754 dB    V 38.5086 dB] [ET   292 ] [L0 2 0 ] [L1 4 8 ]
POC     6 TId: 4 (      STSA, B-SLICE, QP 45)             3328 bits [Y 32.9952 dB    U 38.1110 dB    V 38.5625 dB] [ET   434 ] [L0 4 0 ] [L1 8 16 ]
POC     5 TId: 5 (      STSA, B-SLICE, QP 46)             1480 bits [Y 32.7658 dB    U 38.1299 dB    V 38.6087 dB] [ET   334 ] [L0 4 0 ] [L1 6 8 ]
POC     7 TId: 5 (      STSA, B-SLICE, QP 46)             1680 bits [Y 32.8351 dB    U 37.9803 dB    V 38.5636 dB] [ET   322 ] [L0 6 4 ] [L1 8 16 ]
POC    12 TId: 3 (      STSA, B-SLICE, QP 43)             7048 bits [Y 32.9498 dB    U 37.9887 dB    V 38.3632 dB] [ET   485 ] [L0 8 0 ] [L1 16 8 ]
POC    10 TId: 4 (      STSA, B-SLICE, QP 45)             3576 bits [Y 32.7704 dB    U 37.9772 dB    V 38.3116 dB] [ET   478 ] [L0 8 0 ] [L1 12 16 ]
POC     9 TId: 5 (      STSA, B-SLICE, QP 46)             1472 bits [Y 33.0188 dB    U 37.8733 dB    V 38.4064 dB] [ET   307 ] [L0 8 0 ] [L1 10 12 ]
POC    11 TId: 5 (      STSA, B-SLICE, QP 46)             1928 bits [Y 32.7628 dB    U 37.8874 dB    V 38.0905 dB] [ET   322 ] [L0 10 8 ] [L1 12 16 ]
POC    14 TId: 4 (      STSA, B-SLICE, QP 45)             3224 bits [Y 32.6032 dB    U 37.7679 dB    V 37.8529 dB] [ET   390 ] [L0 12 8 ] [L1 16 12 ]
POC    13 TId: 5 (      STSA, B-SLICE, QP 46)             1416 bits [Y 32.5199 dB    U 37.9128 dB    V 38.0626 dB] [ET   325 ] [L0 12 8 ] [L1 14 16 ]
POC    15 TId: 5 (      STSA, B-SLICE, QP 46)             1440 bits [Y 32.6932 dB    U 37.8610 dB    V 37.8267 dB] [ET   267 ] [L0 14 12 ] [L1 16 14 ]

	Total Frames |   Bitrate     Y-PSNR    U-PSNR    V-PSNR    YUV-PSNR   
	       17    a     438.3765   33.3602   38.1827   38.6090   34.4093

 finished @ Mon Apr 10 01:07:13 2023
 Total Time:     5960.598 sec. [user]     5961.091 sec. [elapsed]

Level: 0
Inject Calls: 7192373537
Errors injected by bit:
	Bit 0: 7189761
	Bit 1: 7191935
	Bit 2: 7193422
	Bit 3: 7194475
	Bit 4: 7196615
	Bit 5: 7193175
	Bit 6: 7189663
	Bit 7: 7193770

Total errors injected: 57542816
