vvencFFapp: Fraunhofer VVC Encoder ver. 1.5.0 [Linux][GCC 11.3.0][64 bit][SIMD=AVX2]
 started @ Sun Apr 16 03:46:55 2023
CODING TOOL CFG: CTU128 QT44BTT21 IBD:1 SAO:1 ALF:1 (NonLinLuma:0 NonLinChr:0) CCALF:1 Tiles:1x1 Slices:1 WPP:0 WPP-Substreams:1 TMVP:1 DQ:1 SDH:0 CST:1 BDOF:1 DMVR:1 MTSImplicit:1 SBT:0 JCbCr:1 CabacInitPresent:1 AMVR:5 SMVD:3 LMCS:2 (Signal:SDR Opt:0) CIIP:0 MIP:1 AFFINE:2 (PROF:1, Type:1) MMVD:3 DisFracMMVD:1 SbTMVP:1 GPM:3 LFNST:1 MTS:0 ISP:3 TS:2 TSLog2MaxSize:4 useChromaTS:0 BDPCM:2 IBC:2 BCW:0 
ENC. ALG. CFG: QPA:0 HAD:1 RDQ:1 RDQTS:1 ASR:1 MinSearchWindow:96 RestrictMESampling:0 EDO:2 MCTF:2 
PRE-ANALYSIS CFG: STA:1 LeadFrames:0 TrailFrames:0 
FAST TOOL CFG: ECU:0 FEN:1 FDM:1 FastSearch:4 (SCC:2) LCTUFast:1 FastMrg:2 PBIntraFast:1 AMaxBT:1 FastQtBtEnc:1 ContentBasedFastQtbt:0 FastMIP:3 FastIntraTools:0 IntraEstDecBit:2 FastLocalDualTree:1 IntegerET:0 FastSubPel:1 QtbttExtraFast:3 FastTTSplit:0 IBCFastMethod:3 FIM:0 ALFSpeed:0 QuantThr: 4 
RATE CONTROL CFG: RateControl:0 LookAhead:0 
PARALLEL PROCESSING CFG: NumThreads:0 MaxParallelFrames:0 WppBitEqual:0 WF:0 

POC     0 TId: 0 (  IDR_N_LP, I-SLICE, QP 24, TF 3)     399128 bits [Y 38.6505 dB    U 40.8666 dB    V 42.1124 dB] [ET   222 ] [L0 ] [L1 ]
POC    16 TId: 1 (      STSA, B-SLICE, QP 28, TF 2)     239824 bits [Y 38.5251 dB    U 40.3776 dB    V 41.4994 dB] [ET   542 ] [L0 0 ] [L1 0 ]
POC     8 TId: 2 (      STSA, B-SLICE, QP 29, TF 1)     178392 bits [Y 37.2099 dB    U 39.5376 dB    V 40.7867 dB] [ET   897 ] [L0 0 16 ] [L1 16 0 ]
POC     4 TId: 3 (      STSA, B-SLICE, QP 32, TF 0)      77768 bits [Y 35.9340 dB    U 39.1781 dB    V 40.2507 dB] [ET   926 ] [L0 0 8 ] [L1 8 16 ]
POC     2 TId: 4 (      STSA, B-SLICE, QP 34)            44640 bits [Y 35.6417 dB    U 39.2696 dB    V 40.5011 dB] [ET   816 ] [L0 0 4 ] [L1 4 8 ]
POC     1 TId: 5 (      STSA, B-SLICE, QP 36)            22872 bits [Y 35.2906 dB    U 39.4625 dB    V 40.7593 dB] [ET   604 ] [L0 0 2 ] [L1 2 4 ]
POC     3 TId: 5 (      STSA, B-SLICE, QP 36)            20304 bits [Y 34.8785 dB    U 38.9207 dB    V 40.0577 dB] [ET   711 ] [L0 2 0 ] [L1 4 8 ]
POC     6 TId: 4 (      STSA, B-SLICE, QP 34)            42576 bits [Y 35.4566 dB    U 38.8835 dB    V 40.0343 dB] [ET   933 ] [L0 4 0 ] [L1 8 16 ]
POC     5 TId: 5 (      STSA, B-SLICE, QP 36)            19280 bits [Y 34.8800 dB    U 38.7836 dB    V 40.0875 dB] [ET   739 ] [L0 4 0 ] [L1 6 8 ]
POC     7 TId: 5 (      STSA, B-SLICE, QP 36)            21520 bits [Y 35.0404 dB    U 38.7212 dB    V 40.0155 dB] [ET   742 ] [L0 6 4 ] [L1 8 16 ]
POC    12 TId: 3 (      STSA, B-SLICE, QP 32, TF 0)      79328 bits [Y 35.7871 dB    U 39.1870 dB    V 40.0370 dB] [ET   974 ] [L0 8 0 ] [L1 16 8 ]
POC    10 TId: 4 (      STSA, B-SLICE, QP 34)            46904 bits [Y 35.3644 dB    U 38.8456 dB    V 39.7274 dB] [ET  1013 ] [L0 8 0 ] [L1 12 16 ]
POC     9 TId: 5 (      STSA, B-SLICE, QP 36)            20944 bits [Y 34.9590 dB    U 38.7848 dB    V 39.8783 dB] [ET   707 ] [L0 8 0 ] [L1 10 12 ]
POC    11 TId: 5 (      STSA, B-SLICE, QP 36)            20584 bits [Y 34.7484 dB    U 38.8016 dB    V 39.6296 dB] [ET   768 ] [L0 10 8 ] [L1 12 16 ]
POC    14 TId: 4 (      STSA, B-SLICE, QP 34)            44288 bits [Y 35.3456 dB    U 38.9891 dB    V 40.0955 dB] [ET   794 ] [L0 12 8 ] [L1 16 12 ]
POC    13 TId: 5 (      STSA, B-SLICE, QP 36)            19360 bits [Y 34.7475 dB    U 38.7998 dB    V 39.8261 dB] [ET   704 ] [L0 12 8 ] [L1 14 16 ]
POC    15 TId: 5 (      STSA, B-SLICE, QP 36)            19096 bits [Y 34.9575 dB    U 39.2422 dB    V 40.3436 dB] [ET   631 ] [L0 14 12 ] [L1 16 14 ]

	Total Frames |   Bitrate     Y-PSNR    U-PSNR    V-PSNR    YUV-PSNR   
	       17    a    2323.7788   35.7304   39.2148   40.3319   36.5795

 finished @ Sun Apr 16 07:19:15 2023
 Total Time:    12739.643 sec. [user]    12739.642 sec. [elapsed]

Level: 0
Inject Calls: 16058523081
Errors injected by bit:
	Bit 0: 16004
	Bit 1: 16014
	Bit 2: 15932
	Bit 3: 15902
	Bit 4: 16135
	Bit 5: 16114
	Bit 6: 16058
	Bit 7: 16084

Total errors injected: 128243
