vvencFFapp: Fraunhofer VVC Encoder ver. 1.5.0 [Linux][GCC 11.3.0][64 bit][SIMD=AVX2]
 started @ Sun Apr  9 06:32:33 2023
CODING TOOL CFG: CTU128 QT44BTT21 IBD:1 SAO:1 ALF:1 (NonLinLuma:0 NonLinChr:0) CCALF:1 Tiles:1x1 Slices:1 WPP:0 WPP-Substreams:1 TMVP:1 DQ:1 SDH:0 CST:1 BDOF:1 DMVR:1 MTSImplicit:1 SBT:0 JCbCr:1 CabacInitPresent:1 AMVR:5 SMVD:3 LMCS:2 (Signal:SDR Opt:0) CIIP:0 MIP:1 AFFINE:2 (PROF:1, Type:1) MMVD:3 DisFracMMVD:1 SbTMVP:1 GPM:3 LFNST:1 MTS:0 ISP:3 TS:2 TSLog2MaxSize:4 useChromaTS:0 BDPCM:2 IBC:2 BCW:0 
ENC. ALG. CFG: QPA:0 HAD:1 RDQ:1 RDQTS:1 ASR:1 MinSearchWindow:96 RestrictMESampling:0 EDO:2 MCTF:2 
PRE-ANALYSIS CFG: STA:1 LeadFrames:0 TrailFrames:0 
FAST TOOL CFG: ECU:0 FEN:1 FDM:1 FastSearch:4 (SCC:2) LCTUFast:1 FastMrg:2 PBIntraFast:1 AMaxBT:1 FastQtBtEnc:1 ContentBasedFastQtbt:0 FastMIP:3 FastIntraTools:0 IntraEstDecBit:2 FastLocalDualTree:1 IntegerET:0 FastSubPel:1 QtbttExtraFast:3 FastTTSplit:0 IBCFastMethod:3 FIM:0 ALFSpeed:0 QuantThr: 4 
RATE CONTROL CFG: RateControl:0 LookAhead:0 
PARALLEL PROCESSING CFG: NumThreads:0 MaxParallelFrames:0 WppBitEqual:0 WF:0 

POC     0 TId: 0 (  IDR_N_LP, I-SLICE, QP 29, TF 2)     160808 bits [Y 38.4367 dB    U 41.6230 dB    V 42.6136 dB] [ET   186 ] [L0 ] [L1 ]
POC    16 TId: 1 (      STSA, B-SLICE, QP 34, TF 1)      31248 bits [Y 36.5162 dB    U 39.9583 dB    V 40.1465 dB] [ET   379 ] [L0 0 ] [L1 0 ]
POC     8 TId: 2 (      STSA, B-SLICE, QP 35, TF 0)      18912 bits [Y 36.4880 dB    U 39.9599 dB    V 40.8582 dB] [ET   638 ] [L0 0 16 ] [L1 16 0 ]
POC     4 TId: 3 (      STSA, B-SLICE, QP 38)            11656 bits [Y 36.1557 dB    U 40.1222 dB    V 40.8904 dB] [ET   564 ] [L0 0 8 ] [L1 8 16 ]
POC     2 TId: 4 (      STSA, B-SLICE, QP 40)             4936 bits [Y 36.3100 dB    U 40.9015 dB    V 41.4332 dB] [ET   385 ] [L0 0 4 ] [L1 4 8 ]
POC     1 TId: 5 (      STSA, B-SLICE, QP 41)              272 bits [Y 38.4362 dB    U 41.6230 dB    V 42.6136 dB] [ET   213 ] [L0 0 2 ] [L1 2 4 ]
POC     3 TId: 5 (      STSA, B-SLICE, QP 41)             3104 bits [Y 35.7604 dB    U 40.3377 dB    V 40.6890 dB] [ET   388 ] [L0 2 0 ] [L1 4 8 ]
POC     6 TId: 4 (      STSA, B-SLICE, QP 40)             6424 bits [Y 35.5489 dB    U 39.9779 dB    V 40.5289 dB] [ET   506 ] [L0 4 0 ] [L1 8 16 ]
POC     5 TId: 5 (      STSA, B-SLICE, QP 41)             3456 bits [Y 35.2884 dB    U 39.9771 dB    V 40.5490 dB] [ET   406 ] [L0 4 0 ] [L1 6 8 ]
POC     7 TId: 5 (      STSA, B-SLICE, QP 41)             3248 bits [Y 35.2096 dB    U 39.9343 dB    V 40.5443 dB] [ET   436 ] [L0 6 4 ] [L1 8 16 ]
POC    12 TId: 3 (      STSA, B-SLICE, QP 38)            13528 bits [Y 35.6190 dB    U 39.7128 dB    V 40.1979 dB] [ET   580 ] [L0 8 0 ] [L1 16 8 ]
POC    10 TId: 4 (      STSA, B-SLICE, QP 40)             7240 bits [Y 35.3011 dB    U 39.7102 dB    V 40.3431 dB] [ET   594 ] [L0 8 0 ] [L1 12 16 ]
POC     9 TId: 5 (      STSA, B-SLICE, QP 41)             3712 bits [Y 35.6730 dB    U 39.8181 dB    V 40.6092 dB] [ET   404 ] [L0 8 0 ] [L1 10 12 ]
POC    11 TId: 5 (      STSA, B-SLICE, QP 41)             3744 bits [Y 35.2174 dB    U 39.7161 dB    V 40.0003 dB] [ET   420 ] [L0 10 8 ] [L1 12 16 ]
POC    14 TId: 4 (      STSA, B-SLICE, QP 40)             7168 bits [Y 35.2225 dB    U 39.5392 dB    V 39.7132 dB] [ET   436 ] [L0 12 8 ] [L1 16 12 ]
POC    13 TId: 5 (      STSA, B-SLICE, QP 41)             3232 bits [Y 35.0148 dB    U 39.6367 dB    V 39.7566 dB] [ET   457 ] [L0 12 8 ] [L1 14 16 ]
POC    15 TId: 5 (      STSA, B-SLICE, QP 41)             2984 bits [Y 35.2568 dB    U 39.6589 dB    V 39.7754 dB] [ET   335 ] [L0 14 12 ] [L1 16 14 ]

	Total Frames |   Bitrate     Y-PSNR    U-PSNR    V-PSNR    YUV-PSNR   
	       17    a     840.2118   35.9679   40.1298   40.6625   36.9104

 finished @ Sun Apr  9 08:34:54 2023
 Total Time:     7340.461 sec. [user]     7340.972 sec. [elapsed]

Level: 0
Inject Calls: 8800441100
Errors injected by bit:
	Bit 0: 8797631
	Bit 1: 8800666
	Bit 2: 8797573
	Bit 3: 8806682
	Bit 4: 8798663
	Bit 5: 8798994
	Bit 6: 8801054
	Bit 7: 8803563

Total errors injected: 70404826
