vvencFFapp: Fraunhofer VVC Encoder ver. 1.5.0 [Linux][GCC 11.3.0][64 bit][SIMD=AVX2]
 started @ Fri Apr  7 02:06:36 2023
CODING TOOL CFG: CTU128 QT44BTT21 IBD:1 SAO:1 ALF:1 (NonLinLuma:0 NonLinChr:0) CCALF:1 Tiles:1x1 Slices:1 WPP:0 WPP-Substreams:1 TMVP:1 DQ:1 SDH:0 CST:1 BDOF:1 DMVR:1 MTSImplicit:1 SBT:0 JCbCr:1 CabacInitPresent:1 AMVR:5 SMVD:3 LMCS:2 (Signal:SDR Opt:0) CIIP:0 MIP:1 AFFINE:2 (PROF:1, Type:1) MMVD:3 DisFracMMVD:1 SbTMVP:1 GPM:3 LFNST:1 MTS:0 ISP:3 TS:2 TSLog2MaxSize:4 useChromaTS:0 BDPCM:2 IBC:2 BCW:0 
ENC. ALG. CFG: QPA:0 HAD:1 RDQ:1 RDQTS:1 ASR:1 MinSearchWindow:96 RestrictMESampling:0 EDO:2 MCTF:2 
PRE-ANALYSIS CFG: STA:1 LeadFrames:0 TrailFrames:0 
FAST TOOL CFG: ECU:0 FEN:1 FDM:1 FastSearch:4 (SCC:2) LCTUFast:1 FastMrg:2 PBIntraFast:1 AMaxBT:1 FastQtBtEnc:1 ContentBasedFastQtbt:0 FastMIP:3 FastIntraTools:0 IntraEstDecBit:2 FastLocalDualTree:1 IntegerET:0 FastSubPel:1 QtbttExtraFast:3 FastTTSplit:0 IBCFastMethod:3 FIM:0 ALFSpeed:0 QuantThr: 4 
RATE CONTROL CFG: RateControl:0 LookAhead:0 
PARALLEL PROCESSING CFG: NumThreads:0 MaxParallelFrames:0 WppBitEqual:0 WF:0 

POC     0 TId: 0 (  IDR_N_LP, I-SLICE, QP 19, TF 3)     564808 bits [Y 45.1467 dB    U 46.3576 dB    V 47.8581 dB] [ET   358 ] [L0 ] [L1 ]
POC    16 TId: 1 (      STSA, B-SLICE, QP 22, TF 2)     140440 bits [Y 42.6855 dB    U 44.8410 dB    V 45.9864 dB] [ET   588 ] [L0 0 ] [L1 0 ]
POC     8 TId: 2 (      STSA, B-SLICE, QP 23, TF 1)      80216 bits [Y 42.3050 dB    U 44.7435 dB    V 46.2048 dB] [ET   965 ] [L0 0 16 ] [L1 16 0 ]
POC     4 TId: 3 (      STSA, B-SLICE, QP 26, TF 0)      47752 bits [Y 41.9185 dB    U 44.4902 dB    V 45.7942 dB] [ET   860 ] [L0 0 8 ] [L1 8 16 ]
POC     2 TId: 4 (      STSA, B-SLICE, QP 28)            25120 bits [Y 41.8996 dB    U 44.7998 dB    V 46.0640 dB] [ET   723 ] [L0 0 4 ] [L1 4 8 ]
POC     1 TId: 5 (      STSA, B-SLICE, QP 29)              304 bits [Y 45.1402 dB    U 46.3568 dB    V 47.8553 dB] [ET   317 ] [L0 0 2 ] [L1 2 4 ]
POC     3 TId: 5 (      STSA, B-SLICE, QP 29)            19464 bits [Y 41.5774 dB    U 44.3274 dB    V 45.5180 dB] [ET   694 ] [L0 2 0 ] [L1 4 8 ]
POC     6 TId: 4 (      STSA, B-SLICE, QP 28)            30896 bits [Y 41.5619 dB    U 44.2499 dB    V 45.3973 dB] [ET   863 ] [L0 4 0 ] [L1 8 16 ]
POC     5 TId: 5 (      STSA, B-SLICE, QP 29)            20880 bits [Y 41.2319 dB    U 44.0984 dB    V 45.2396 dB] [ET   766 ] [L0 4 0 ] [L1 6 8 ]
POC     7 TId: 5 (      STSA, B-SLICE, QP 29)            22256 bits [Y 41.1569 dB    U 44.2619 dB    V 45.2668 dB] [ET   760 ] [L0 6 4 ] [L1 8 16 ]
POC    12 TId: 3 (      STSA, B-SLICE, QP 26, TF 0)      55328 bits [Y 41.5029 dB    U 44.1149 dB    V 45.2496 dB] [ET   894 ] [L0 8 0 ] [L1 16 8 ]
POC    10 TId: 4 (      STSA, B-SLICE, QP 28)            36336 bits [Y 41.2379 dB    U 44.0648 dB    V 45.0161 dB] [ET  1034 ] [L0 8 0 ] [L1 12 16 ]
POC     9 TId: 5 (      STSA, B-SLICE, QP 29)            20584 bits [Y 41.4793 dB    U 44.3258 dB    V 45.3995 dB] [ET   720 ] [L0 8 0 ] [L1 10 12 ]
POC    11 TId: 5 (      STSA, B-SLICE, QP 29)            22480 bits [Y 41.2312 dB    U 44.0642 dB    V 44.8865 dB] [ET   761 ] [L0 10 8 ] [L1 12 16 ]
POC    14 TId: 4 (      STSA, B-SLICE, QP 28)            37320 bits [Y 41.2202 dB    U 43.8672 dB    V 44.7324 dB] [ET   752 ] [L0 12 8 ] [L1 16 12 ]
POC    13 TId: 5 (      STSA, B-SLICE, QP 29)            22368 bits [Y 41.0771 dB    U 43.9047 dB    V 44.7588 dB] [ET   693 ] [L0 12 8 ] [L1 14 16 ]
POC    15 TId: 5 (      STSA, B-SLICE, QP 29)            21368 bits [Y 41.0799 dB    U 44.1056 dB    V 44.7514 dB] [ET   528 ] [L0 14 12 ] [L1 16 14 ]

	Total Frames |   Bitrate     Y-PSNR    U-PSNR    V-PSNR    YUV-PSNR   
	       17    a    3435.0588   41.9678   44.5279   45.6458   42.6419

 finished @ Fri Apr  7 05:31:29 2023
 Total Time:    12244.303 sec. [user]    12292.976 sec. [elapsed]

Level: 0
Inject Calls: 14394124718
Errors injected by bit:
	Bit 0: 14390621
	Bit 1: 14394006
	Bit 2: 14391870
	Bit 3: 14391796
	Bit 4: 14386324
	Bit 5: 14390578
	Bit 6: 14398698
	Bit 7: 14396084

Total errors injected: 115139977
