vvencFFapp: Fraunhofer VVC Encoder ver. 1.5.0 [Linux][GCC 11.3.0][64 bit][SIMD=AVX2]
 started @ Sat Apr  8 17:02:19 2023
CODING TOOL CFG: CTU128 QT44BTT21 IBD:1 SAO:1 ALF:1 (NonLinLuma:0 NonLinChr:0) CCALF:1 Tiles:1x1 Slices:1 WPP:0 WPP-Substreams:1 TMVP:1 DQ:1 SDH:0 CST:1 BDOF:1 DMVR:1 MTSImplicit:1 SBT:0 JCbCr:1 CabacInitPresent:1 AMVR:5 SMVD:3 LMCS:2 (Signal:SDR Opt:0) CIIP:0 MIP:1 AFFINE:2 (PROF:1, Type:1) MMVD:3 DisFracMMVD:1 SbTMVP:1 GPM:3 LFNST:1 MTS:0 ISP:3 TS:2 TSLog2MaxSize:4 useChromaTS:0 BDPCM:2 IBC:2 BCW:0 
ENC. ALG. CFG: QPA:0 HAD:1 RDQ:1 RDQTS:1 ASR:1 MinSearchWindow:96 RestrictMESampling:0 EDO:2 MCTF:2 
PRE-ANALYSIS CFG: STA:1 LeadFrames:0 TrailFrames:0 
FAST TOOL CFG: ECU:0 FEN:1 FDM:1 FastSearch:4 (SCC:2) LCTUFast:1 FastMrg:2 PBIntraFast:1 AMaxBT:1 FastQtBtEnc:1 ContentBasedFastQtbt:0 FastMIP:3 FastIntraTools:0 IntraEstDecBit:2 FastLocalDualTree:1 IntegerET:0 FastSubPel:1 QtbttExtraFast:3 FastTTSplit:0 IBCFastMethod:3 FIM:0 ALFSpeed:0 QuantThr: 4 
RATE CONTROL CFG: RateControl:0 LookAhead:0 
PARALLEL PROCESSING CFG: NumThreads:0 MaxParallelFrames:0 WppBitEqual:0 WF:0 

POC     0 TId: 0 (  IDR_N_LP, I-SLICE, QP 24, TF 3)     303696 bits [Y 41.6478 dB    U 43.8365 dB    V 45.0113 dB] [ET   261 ] [L0 ] [L1 ]
POC    16 TId: 1 (      STSA, B-SLICE, QP 28, TF 2)      65656 bits [Y 39.5819 dB    U 42.4499 dB    V 43.0954 dB] [ET   443 ] [L0 0 ] [L1 0 ]
POC     8 TId: 2 (      STSA, B-SLICE, QP 29, TF 1)      38440 bits [Y 39.4787 dB    U 42.5011 dB    V 43.4910 dB] [ET   730 ] [L0 0 16 ] [L1 16 0 ]
POC     4 TId: 3 (      STSA, B-SLICE, QP 32, TF 0)      23192 bits [Y 39.1119 dB    U 42.1720 dB    V 43.1018 dB] [ET   742 ] [L0 0 8 ] [L1 8 16 ]
POC     2 TId: 4 (      STSA, B-SLICE, QP 34)            10752 bits [Y 39.1581 dB    U 42.6621 dB    V 43.4497 dB] [ET   603 ] [L0 0 4 ] [L1 4 8 ]
POC     1 TId: 5 (      STSA, B-SLICE, QP 36)              240 bits [Y 41.6478 dB    U 43.8365 dB    V 45.0113 dB] [ET   222 ] [L0 0 2 ] [L1 2 4 ]
POC     3 TId: 5 (      STSA, B-SLICE, QP 36)             6608 bits [Y 38.4939 dB    U 42.2077 dB    V 42.8214 dB] [ET   488 ] [L0 2 0 ] [L1 4 8 ]
POC     6 TId: 4 (      STSA, B-SLICE, QP 34)            14504 bits [Y 38.6987 dB    U 42.0572 dB    V 42.8232 dB] [ET   715 ] [L0 4 0 ] [L1 8 16 ]
POC     5 TId: 5 (      STSA, B-SLICE, QP 36)             6848 bits [Y 38.0910 dB    U 41.8252 dB    V 42.5386 dB] [ET   515 ] [L0 4 0 ] [L1 6 8 ]
POC     7 TId: 5 (      STSA, B-SLICE, QP 36)             7272 bits [Y 38.0016 dB    U 42.0390 dB    V 42.6251 dB] [ET   512 ] [L0 6 4 ] [L1 8 16 ]
POC    12 TId: 3 (      STSA, B-SLICE, QP 32, TF 0)      26040 bits [Y 38.5319 dB    U 41.8517 dB    V 42.6616 dB] [ET   757 ] [L0 8 0 ] [L1 16 8 ]
POC    10 TId: 4 (      STSA, B-SLICE, QP 34)            15792 bits [Y 38.3050 dB    U 41.8199 dB    V 42.3474 dB] [ET   858 ] [L0 8 0 ] [L1 12 16 ]
POC     9 TId: 5 (      STSA, B-SLICE, QP 36)             6848 bits [Y 38.3677 dB    U 42.0998 dB    V 42.5838 dB] [ET   498 ] [L0 8 0 ] [L1 10 12 ]
POC    11 TId: 5 (      STSA, B-SLICE, QP 36)             8024 bits [Y 38.0225 dB    U 41.8488 dB    V 42.2623 dB] [ET   514 ] [L0 10 8 ] [L1 12 16 ]
POC    14 TId: 4 (      STSA, B-SLICE, QP 34)            16656 bits [Y 38.2422 dB    U 41.6596 dB    V 42.2342 dB] [ET   666 ] [L0 12 8 ] [L1 16 12 ]
POC    13 TId: 5 (      STSA, B-SLICE, QP 36)             7832 bits [Y 37.8452 dB    U 41.6658 dB    V 42.0482 dB] [ET   545 ] [L0 12 8 ] [L1 14 16 ]
POC    15 TId: 5 (      STSA, B-SLICE, QP 36)             7024 bits [Y 37.9733 dB    U 41.9175 dB    V 42.2012 dB] [ET   374 ] [L0 14 12 ] [L1 16 14 ]

	Total Frames |   Bitrate     Y-PSNR    U-PSNR    V-PSNR    YUV-PSNR   
	       17    a    1663.0118   38.8941   42.2618   42.9593   39.6998

 finished @ Sat Apr  8 19:39:59 2023
 Total Time:     9433.029 sec. [user]     9460.238 sec. [elapsed]

Level: 0
Inject Calls: 11292905637
Errors injected by bit:
	Bit 0: 112732
	Bit 1: 112759
	Bit 2: 112764
	Bit 3: 112765
	Bit 4: 113276
	Bit 5: 112476
	Bit 6: 113887
	Bit 7: 112740

Total errors injected: 903399
