vvencFFapp: Fraunhofer VVC Encoder ver. 1.5.0 [Linux][GCC 11.3.0][64 bit][SIMD=AVX2]
 started @ Thu Apr 20 16:03:25 2023
CODING TOOL CFG: CTU128 QT44BTT21 IBD:1 SAO:1 ALF:1 (NonLinLuma:0 NonLinChr:0) CCALF:1 Tiles:1x1 Slices:1 WPP:0 WPP-Substreams:1 TMVP:1 DQ:1 SDH:0 CST:1 BDOF:1 DMVR:1 MTSImplicit:1 SBT:0 JCbCr:1 CabacInitPresent:1 AMVR:5 SMVD:3 LMCS:2 (Signal:SDR Opt:0) CIIP:0 MIP:1 AFFINE:2 (PROF:1, Type:1) MMVD:3 DisFracMMVD:1 SbTMVP:1 GPM:3 LFNST:1 MTS:0 ISP:3 TS:2 TSLog2MaxSize:4 useChromaTS:0 BDPCM:2 IBC:2 BCW:0 
ENC. ALG. CFG: QPA:0 HAD:1 RDQ:1 RDQTS:1 ASR:1 MinSearchWindow:96 RestrictMESampling:0 EDO:2 MCTF:2 
PRE-ANALYSIS CFG: STA:1 LeadFrames:0 TrailFrames:0 
FAST TOOL CFG: ECU:0 FEN:1 FDM:1 FastSearch:4 (SCC:2) LCTUFast:1 FastMrg:2 PBIntraFast:1 AMaxBT:1 FastQtBtEnc:1 ContentBasedFastQtbt:0 FastMIP:3 FastIntraTools:0 IntraEstDecBit:2 FastLocalDualTree:1 IntegerET:0 FastSubPel:1 QtbttExtraFast:3 FastTTSplit:0 IBCFastMethod:3 FIM:0 ALFSpeed:0 QuantThr: 4 
RATE CONTROL CFG: RateControl:0 LookAhead:0 
PARALLEL PROCESSING CFG: NumThreads:0 MaxParallelFrames:0 WppBitEqual:0 WF:0 

POC     0 TId: 0 (  IDR_N_LP, I-SLICE, QP 29, TF 2)     546496 bits [Y 36.1634 dB    U 38.4868 dB    V 39.1184 dB] [ET   291 ] [L0 ] [L1 ]
POC    16 TId: 1 (      STSA, B-SLICE, QP 34, TF 1)     128872 bits [Y 32.1196 dB    U 36.6665 dB    V 37.0666 dB] [ET   488 ] [L0 0 ] [L1 0 ]
POC     8 TId: 2 (      STSA, B-SLICE, QP 35, TF 0)      77824 bits [Y 31.9888 dB    U 36.7220 dB    V 37.2354 dB] [ET   711 ] [L0 0 16 ] [L1 16 0 ]
POC     4 TId: 3 (      STSA, B-SLICE, QP 38)            36584 bits [Y 31.5212 dB    U 37.0548 dB    V 37.5640 dB] [ET   684 ] [L0 0 8 ] [L1 8 16 ]
POC     2 TId: 4 (      STSA, B-SLICE, QP 40)              240 bits [Y 36.1634 dB    U 38.4868 dB    V 39.1184 dB] [ET   298 ] [L0 0 4 ] [L1 4 8 ]
POC     1 TId: 5 (      STSA, B-SLICE, QP 41)              224 bits [Y 36.1634 dB    U 38.4868 dB    V 39.1184 dB] [ET   203 ] [L0 0 2 ] [L1 2 4 ]
POC     3 TId: 5 (      STSA, B-SLICE, QP 41)             7600 bits [Y 31.4667 dB    U 37.3353 dB    V 38.1653 dB] [ET   478 ] [L0 2 0 ] [L1 4 8 ]
POC     6 TId: 4 (      STSA, B-SLICE, QP 40)            21112 bits [Y 30.4871 dB    U 36.8656 dB    V 37.1183 dB] [ET   640 ] [L0 4 0 ] [L1 8 16 ]
POC     5 TId: 5 (      STSA, B-SLICE, QP 41)             7648 bits [Y 30.2976 dB    U 36.8727 dB    V 37.3439 dB] [ET   464 ] [L0 4 0 ] [L1 6 8 ]
POC     7 TId: 5 (      STSA, B-SLICE, QP 41)             7496 bits [Y 30.3753 dB    U 36.7846 dB    V 37.0965 dB] [ET   444 ] [L0 6 4 ] [L1 8 16 ]
POC    12 TId: 3 (      STSA, B-SLICE, QP 38)            41024 bits [Y 30.8106 dB    U 36.6318 dB    V 36.8358 dB] [ET   730 ] [L0 8 0 ] [L1 16 8 ]
POC    10 TId: 4 (      STSA, B-SLICE, QP 40)            19456 bits [Y 30.2816 dB    U 36.5223 dB    V 36.7010 dB] [ET   681 ] [L0 8 0 ] [L1 12 16 ]
POC     9 TId: 5 (      STSA, B-SLICE, QP 41)             7552 bits [Y 30.3308 dB    U 36.5884 dB    V 37.0085 dB] [ET   448 ] [L0 8 0 ] [L1 10 12 ]
POC    11 TId: 5 (      STSA, B-SLICE, QP 41)             7824 bits [Y 30.0251 dB    U 36.5422 dB    V 36.7878 dB] [ET   459 ] [L0 10 8 ] [L1 12 16 ]
POC    14 TId: 4 (      STSA, B-SLICE, QP 40)            19448 bits [Y 30.2037 dB    U 36.5356 dB    V 36.8523 dB] [ET   515 ] [L0 12 8 ] [L1 16 12 ]
POC    13 TId: 5 (      STSA, B-SLICE, QP 41)             7808 bits [Y 29.9621 dB    U 36.5802 dB    V 36.8978 dB] [ET   464 ] [L0 12 8 ] [L1 14 16 ]
POC    15 TId: 5 (      STSA, B-SLICE, QP 41)             8120 bits [Y 30.2918 dB    U 36.5350 dB    V 36.8921 dB] [ET   359 ] [L0 14 12 ] [L1 16 14 ]

	Total Frames |   Bitrate     Y-PSNR    U-PSNR    V-PSNR    YUV-PSNR   
	       17    a    2780.3765   31.6854   37.0410   37.4659   32.4982

 finished @ Thu Apr 20 18:22:57 2023
 Total Time:     8370.609 sec. [user]     8372.102 sec. [elapsed]

Level: 0
Inject Calls: 10362398906
Errors injected by bit:
	Bit 0: 10365851
	Bit 1: 10360066
	Bit 2: 10366243
	Bit 3: 10359039
	Bit 4: 10368665
	Bit 5: 10363682
	Bit 6: 10363008
	Bit 7: 10364389

Total errors injected: 82910943
