vvencFFapp: Fraunhofer VVC Encoder ver. 1.5.0 [Linux][GCC 11.3.0][64 bit][SIMD=AVX2]
 started @ Sun Apr  9 08:37:35 2023
CODING TOOL CFG: CTU128 QT44BTT21 IBD:1 SAO:1 ALF:1 (NonLinLuma:0 NonLinChr:0) CCALF:1 Tiles:1x1 Slices:1 WPP:0 WPP-Substreams:1 TMVP:1 DQ:1 SDH:0 CST:1 BDOF:1 DMVR:1 MTSImplicit:1 SBT:0 JCbCr:1 CabacInitPresent:1 AMVR:5 SMVD:3 LMCS:2 (Signal:SDR Opt:0) CIIP:0 MIP:1 AFFINE:2 (PROF:1, Type:1) MMVD:3 DisFracMMVD:1 SbTMVP:1 GPM:3 LFNST:1 MTS:0 ISP:3 TS:2 TSLog2MaxSize:4 useChromaTS:0 BDPCM:2 IBC:2 BCW:0 
ENC. ALG. CFG: QPA:0 HAD:1 RDQ:1 RDQTS:1 ASR:1 MinSearchWindow:96 RestrictMESampling:0 EDO:2 MCTF:2 
PRE-ANALYSIS CFG: STA:1 LeadFrames:0 TrailFrames:0 
FAST TOOL CFG: ECU:0 FEN:1 FDM:1 FastSearch:4 (SCC:2) LCTUFast:1 FastMrg:2 PBIntraFast:1 AMaxBT:1 FastQtBtEnc:1 ContentBasedFastQtbt:0 FastMIP:3 FastIntraTools:0 IntraEstDecBit:2 FastLocalDualTree:1 IntegerET:0 FastSubPel:1 QtbttExtraFast:3 FastTTSplit:0 IBCFastMethod:3 FIM:0 ALFSpeed:0 QuantThr: 4 
RATE CONTROL CFG: RateControl:0 LookAhead:0 
PARALLEL PROCESSING CFG: NumThreads:0 MaxParallelFrames:0 WppBitEqual:0 WF:0 

POC     0 TId: 0 (  IDR_N_LP, I-SLICE, QP 29, TF 2)     160808 bits [Y 38.4367 dB    U 41.6230 dB    V 42.6136 dB] [ET   186 ] [L0 ] [L1 ]
POC    16 TId: 1 (      STSA, B-SLICE, QP 34, TF 1)      30816 bits [Y 36.5124 dB    U 39.9044 dB    V 39.9779 dB] [ET   371 ] [L0 0 ] [L1 0 ]
POC     8 TId: 2 (      STSA, B-SLICE, QP 35, TF 0)      18976 bits [Y 36.5031 dB    U 40.0342 dB    V 40.9258 dB] [ET   628 ] [L0 0 16 ] [L1 16 0 ]
POC     4 TId: 3 (      STSA, B-SLICE, QP 38)            11832 bits [Y 36.2003 dB    U 40.1903 dB    V 40.8990 dB] [ET   580 ] [L0 0 8 ] [L1 8 16 ]
POC     2 TId: 4 (      STSA, B-SLICE, QP 40)             5120 bits [Y 36.2760 dB    U 40.8758 dB    V 41.5353 dB] [ET   383 ] [L0 0 4 ] [L1 4 8 ]
POC     1 TId: 5 (      STSA, B-SLICE, QP 41)              232 bits [Y 38.4367 dB    U 41.6230 dB    V 42.6136 dB] [ET   211 ] [L0 0 2 ] [L1 2 4 ]
POC     3 TId: 5 (      STSA, B-SLICE, QP 41)             3288 bits [Y 35.7793 dB    U 40.3515 dB    V 40.7919 dB] [ET   394 ] [L0 2 0 ] [L1 4 8 ]
POC     6 TId: 4 (      STSA, B-SLICE, QP 40)             6240 bits [Y 35.4935 dB    U 40.0765 dB    V 40.5122 dB] [ET   524 ] [L0 4 0 ] [L1 8 16 ]
POC     5 TId: 5 (      STSA, B-SLICE, QP 41)             3400 bits [Y 35.2554 dB    U 40.0180 dB    V 40.5194 dB] [ET   381 ] [L0 4 0 ] [L1 6 8 ]
POC     7 TId: 5 (      STSA, B-SLICE, QP 41)             3440 bits [Y 35.3684 dB    U 39.9622 dB    V 40.4597 dB] [ET   411 ] [L0 6 4 ] [L1 8 16 ]
POC    12 TId: 3 (      STSA, B-SLICE, QP 38)            13456 bits [Y 35.6426 dB    U 39.7825 dB    V 40.2008 dB] [ET   565 ] [L0 8 0 ] [L1 16 8 ]
POC    10 TId: 4 (      STSA, B-SLICE, QP 40)             7272 bits [Y 35.3428 dB    U 39.8184 dB    V 40.3625 dB] [ET   591 ] [L0 8 0 ] [L1 12 16 ]
POC     9 TId: 5 (      STSA, B-SLICE, QP 41)             3472 bits [Y 35.6758 dB    U 39.8740 dB    V 40.4731 dB] [ET   415 ] [L0 8 0 ] [L1 10 12 ]
POC    11 TId: 5 (      STSA, B-SLICE, QP 41)             3704 bits [Y 35.2527 dB    U 39.6685 dB    V 40.1569 dB] [ET   423 ] [L0 10 8 ] [L1 12 16 ]
POC    14 TId: 4 (      STSA, B-SLICE, QP 40)             7592 bits [Y 35.2090 dB    U 39.6727 dB    V 39.6641 dB] [ET   447 ] [L0 12 8 ] [L1 16 12 ]
POC    13 TId: 5 (      STSA, B-SLICE, QP 41)             3504 bits [Y 35.0472 dB    U 39.7787 dB    V 39.9519 dB] [ET   436 ] [L0 12 8 ] [L1 14 16 ]
POC    15 TId: 5 (      STSA, B-SLICE, QP 41)             2952 bits [Y 35.1998 dB    U 39.7241 dB    V 39.6680 dB] [ET   345 ] [L0 14 12 ] [L1 16 14 ]

	Total Frames |   Bitrate     Y-PSNR    U-PSNR    V-PSNR    YUV-PSNR   
	       17    a     841.4824   35.9783   40.1752   40.6662   36.9243

 finished @ Sun Apr  9 10:39:21 2023
 Total Time:     7305.887 sec. [user]     7305.974 sec. [elapsed]

Level: 0
Inject Calls: 8869713931
Errors injected by bit:
	Bit 0: 887383
	Bit 1: 886524
	Bit 2: 888302
	Bit 3: 888660
	Bit 4: 885530
	Bit 5: 889069
	Bit 6: 884447
	Bit 7: 885987

Total errors injected: 7095902
