vvencFFapp: Fraunhofer VVC Encoder ver. 1.5.0 [Linux][GCC 11.3.0][64 bit][SIMD=AVX2]
 started @ Thu Apr  6 15:41:24 2023
CODING TOOL CFG: CTU128 QT44BTT21 IBD:1 SAO:1 ALF:1 (NonLinLuma:0 NonLinChr:0) CCALF:1 Tiles:1x1 Slices:1 WPP:0 WPP-Substreams:1 TMVP:1 DQ:1 SDH:0 CST:1 BDOF:1 DMVR:1 MTSImplicit:1 SBT:0 JCbCr:1 CabacInitPresent:1 AMVR:5 SMVD:3 LMCS:2 (Signal:SDR Opt:0) CIIP:0 MIP:1 AFFINE:2 (PROF:1, Type:1) MMVD:3 DisFracMMVD:1 SbTMVP:1 GPM:3 LFNST:1 MTS:0 ISP:3 TS:2 TSLog2MaxSize:4 useChromaTS:0 BDPCM:2 IBC:2 BCW:0 
ENC. ALG. CFG: QPA:0 HAD:1 RDQ:1 RDQTS:1 ASR:1 MinSearchWindow:96 RestrictMESampling:0 EDO:2 MCTF:2 
PRE-ANALYSIS CFG: STA:1 LeadFrames:0 TrailFrames:0 
FAST TOOL CFG: ECU:0 FEN:1 FDM:1 FastSearch:4 (SCC:2) LCTUFast:1 FastMrg:2 PBIntraFast:1 AMaxBT:1 FastQtBtEnc:1 ContentBasedFastQtbt:0 FastMIP:3 FastIntraTools:0 IntraEstDecBit:2 FastLocalDualTree:1 IntegerET:0 FastSubPel:1 QtbttExtraFast:3 FastTTSplit:0 IBCFastMethod:3 FIM:0 ALFSpeed:0 QuantThr: 4 
RATE CONTROL CFG: RateControl:0 LookAhead:0 
PARALLEL PROCESSING CFG: NumThreads:0 MaxParallelFrames:0 WppBitEqual:0 WF:0 

POC     0 TId: 0 (  IDR_N_LP, I-SLICE, QP 34, TF 2)     142152 bits [Y 34.7290 dB    U 39.0714 dB    V 39.9878 dB] [ET   159 ] [L0 ] [L1 ]
POC    16 TId: 1 (      STSA, B-SLICE, QP 40, TF 1)      22568 bits [Y 32.3334 dB    U 38.1879 dB    V 38.8330 dB] [ET   273 ] [L0 0 ] [L1 0 ]
POC     8 TId: 2 (      STSA, B-SLICE, QP 40, TF 0)      10784 bits [Y 32.8630 dB    U 38.4571 dB    V 39.2538 dB] [ET   368 ] [L0 0 16 ] [L1 16 0 ]
POC     4 TId: 3 (      STSA, B-SLICE, QP 43)             4256 bits [Y 32.8272 dB    U 38.6512 dB    V 39.4501 dB] [ET   298 ] [L0 0 8 ] [L1 8 16 ]
POC     2 TId: 4 (      STSA, B-SLICE, QP 45)             1784 bits [Y 33.0282 dB    U 38.8331 dB    V 39.7127 dB] [ET   205 ] [L0 0 4 ] [L1 4 8 ]
POC     1 TId: 5 (      STSA, B-SLICE, QP 46)              712 bits [Y 33.5929 dB    U 38.8986 dB    V 39.9065 dB] [ET   165 ] [L0 0 2 ] [L1 2 4 ]
POC     3 TId: 5 (      STSA, B-SLICE, QP 46)              576 bits [Y 32.7065 dB    U 38.8125 dB    V 39.6251 dB] [ET   216 ] [L0 2 0 ] [L1 4 8 ]
POC     6 TId: 4 (      STSA, B-SLICE, QP 45)             1952 bits [Y 32.3839 dB    U 38.5557 dB    V 39.3584 dB] [ET   265 ] [L0 4 0 ] [L1 8 16 ]
POC     5 TId: 5 (      STSA, B-SLICE, QP 46)              872 bits [Y 32.4154 dB    U 38.5552 dB    V 39.4045 dB] [ET   214 ] [L0 4 0 ] [L1 6 8 ]
POC     7 TId: 5 (      STSA, B-SLICE, QP 46)              792 bits [Y 32.4681 dB    U 38.4913 dB    V 39.3258 dB] [ET   232 ] [L0 6 4 ] [L1 8 16 ]
POC    12 TId: 3 (      STSA, B-SLICE, QP 43)             4952 bits [Y 32.0193 dB    U 38.2762 dB    V 38.9687 dB] [ET   330 ] [L0 8 0 ] [L1 16 8 ]
POC    10 TId: 4 (      STSA, B-SLICE, QP 45)             1768 bits [Y 32.0410 dB    U 38.3506 dB    V 39.0669 dB] [ET   270 ] [L0 8 0 ] [L1 12 16 ]
POC     9 TId: 5 (      STSA, B-SLICE, QP 46)              840 bits [Y 32.2972 dB    U 38.4437 dB    V 39.2142 dB] [ET   237 ] [L0 8 0 ] [L1 10 12 ]
POC    11 TId: 5 (      STSA, B-SLICE, QP 46)              712 bits [Y 31.7863 dB    U 38.2668 dB    V 38.9460 dB] [ET   241 ] [L0 10 8 ] [L1 12 16 ]
POC    14 TId: 4 (      STSA, B-SLICE, QP 45)             2104 bits [Y 31.6785 dB    U 38.2000 dB    V 38.8908 dB] [ET   233 ] [L0 12 8 ] [L1 16 12 ]
POC    13 TId: 5 (      STSA, B-SLICE, QP 46)             1040 bits [Y 31.6998 dB    U 38.2829 dB    V 38.9705 dB] [ET   243 ] [L0 12 8 ] [L1 14 16 ]
POC    15 TId: 5 (      STSA, B-SLICE, QP 46)             1032 bits [Y 31.7695 dB    U 38.2517 dB    V 38.8983 dB] [ET   181 ] [L0 14 12 ] [L1 16 14 ]

	Total Frames |   Bitrate     Y-PSNR    U-PSNR    V-PSNR    YUV-PSNR   
	       17    a     701.9859   32.5082   38.5051   39.2831   33.7399

 finished @ Thu Apr  6 16:50:27 2023
 Total Time:     4142.850 sec. [user]     4142.941 sec. [elapsed]

Level: 0
Inject Calls: 4991205353
Errors injected by bit:
	Bit 0: 4990968
	Bit 1: 4989247
	Bit 2: 4989995
	Bit 3: 4990399
	Bit 4: 4992919
	Bit 5: 4989511
	Bit 6: 4990557
	Bit 7: 4990703

Total errors injected: 39924299
