vvencFFapp: Fraunhofer VVC Encoder ver. 1.5.0 [Linux][GCC 11.3.0][64 bit][SIMD=AVX2]
 started @ Thu Apr 13 07:15:43 2023
CODING TOOL CFG: CTU128 QT44BTT21 IBD:1 SAO:1 ALF:1 (NonLinLuma:0 NonLinChr:0) CCALF:1 Tiles:1x1 Slices:1 WPP:0 WPP-Substreams:1 TMVP:1 DQ:1 SDH:0 CST:1 BDOF:1 DMVR:1 MTSImplicit:1 SBT:0 JCbCr:1 CabacInitPresent:1 AMVR:5 SMVD:3 LMCS:2 (Signal:SDR Opt:0) CIIP:0 MIP:1 AFFINE:2 (PROF:1, Type:1) MMVD:3 DisFracMMVD:1 SbTMVP:1 GPM:3 LFNST:1 MTS:0 ISP:3 TS:2 TSLog2MaxSize:4 useChromaTS:0 BDPCM:2 IBC:2 BCW:0 
ENC. ALG. CFG: QPA:0 HAD:1 RDQ:1 RDQTS:1 ASR:1 MinSearchWindow:96 RestrictMESampling:0 EDO:2 MCTF:2 
PRE-ANALYSIS CFG: STA:1 LeadFrames:0 TrailFrames:0 
FAST TOOL CFG: ECU:0 FEN:1 FDM:1 FastSearch:4 (SCC:2) LCTUFast:1 FastMrg:2 PBIntraFast:1 AMaxBT:1 FastQtBtEnc:1 ContentBasedFastQtbt:0 FastMIP:3 FastIntraTools:0 IntraEstDecBit:2 FastLocalDualTree:1 IntegerET:0 FastSubPel:1 QtbttExtraFast:3 FastTTSplit:0 IBCFastMethod:3 FIM:0 ALFSpeed:0 QuantThr: 4 
RATE CONTROL CFG: RateControl:0 LookAhead:0 
PARALLEL PROCESSING CFG: NumThreads:0 MaxParallelFrames:0 WppBitEqual:0 WF:0 

POC     0 TId: 0 (  IDR_N_LP, I-SLICE, QP 19, TF 3)     629392 bits [Y 41.1842 dB    U 43.2214 dB    V 44.1771 dB] [ET   277 ] [L0 ] [L1 ]
POC    16 TId: 1 (      STSA, B-SLICE, QP 22, TF 2)     442832 bits [Y 42.3098 dB    U 43.3549 dB    V 44.2575 dB] [ET   674 ] [L0 0 ] [L1 0 ]
POC     8 TId: 2 (      STSA, B-SLICE, QP 23, TF 1)     350168 bits [Y 40.6566 dB    U 42.0551 dB    V 43.1494 dB] [ET  1071 ] [L0 0 16 ] [L1 16 0 ]
POC     4 TId: 3 (      STSA, B-SLICE, QP 26, TF 0)     176920 bits [Y 38.9467 dB    U 41.4207 dB    V 42.5528 dB] [ET  1108 ] [L0 0 8 ] [L1 8 16 ]
POC     2 TId: 4 (      STSA, B-SLICE, QP 28)           106848 bits [Y 38.3525 dB    U 41.4658 dB    V 42.5764 dB] [ET  1074 ] [L0 0 4 ] [L1 4 8 ]
POC     1 TId: 5 (      STSA, B-SLICE, QP 29)            68208 bits [Y 37.9112 dB    U 41.5421 dB    V 42.7689 dB] [ET   835 ] [L0 0 2 ] [L1 2 4 ]
POC     3 TId: 5 (      STSA, B-SLICE, QP 29)            64296 bits [Y 37.7279 dB    U 41.0792 dB    V 42.2922 dB] [ET   969 ] [L0 2 0 ] [L1 4 8 ]
POC     6 TId: 4 (      STSA, B-SLICE, QP 28)           102120 bits [Y 38.3291 dB    U 41.1547 dB    V 42.3166 dB] [ET  1171 ] [L0 4 0 ] [L1 8 16 ]
POC     5 TId: 5 (      STSA, B-SLICE, QP 29)            60976 bits [Y 37.7225 dB    U 40.9542 dB    V 42.2089 dB] [ET   966 ] [L0 4 0 ] [L1 6 8 ]
POC     7 TId: 5 (      STSA, B-SLICE, QP 29)            63368 bits [Y 37.8242 dB    U 40.9266 dB    V 42.1273 dB] [ET   980 ] [L0 6 4 ] [L1 8 16 ]
POC    12 TId: 3 (      STSA, B-SLICE, QP 26, TF 0)     184472 bits [Y 38.9568 dB    U 41.5956 dB    V 42.4134 dB] [ET  1184 ] [L0 8 0 ] [L1 16 8 ]
POC    10 TId: 4 (      STSA, B-SLICE, QP 28)           114048 bits [Y 38.3090 dB    U 41.2144 dB    V 42.0539 dB] [ET  1286 ] [L0 8 0 ] [L1 12 16 ]
POC     9 TId: 5 (      STSA, B-SLICE, QP 29)            64760 bits [Y 37.8340 dB    U 40.9935 dB    V 42.1724 dB] [ET   978 ] [L0 8 0 ] [L1 10 12 ]
POC    11 TId: 5 (      STSA, B-SLICE, QP 29)            68456 bits [Y 37.7375 dB    U 40.9897 dB    V 41.8506 dB] [ET  1039 ] [L0 10 8 ] [L1 12 16 ]
POC    14 TId: 4 (      STSA, B-SLICE, QP 28)           114800 bits [Y 38.3679 dB    U 41.1971 dB    V 42.2340 dB] [ET  1059 ] [L0 12 8 ] [L1 16 12 ]
POC    13 TId: 5 (      STSA, B-SLICE, QP 29)            65848 bits [Y 37.7596 dB    U 40.9881 dB    V 42.0303 dB] [ET   985 ] [L0 12 8 ] [L1 14 16 ]
POC    15 TId: 5 (      STSA, B-SLICE, QP 29)            67808 bits [Y 37.8635 dB    U 41.2447 dB    V 42.4078 dB] [ET   859 ] [L0 14 12 ] [L1 16 14 ]

	Total Frames |   Bitrate     Y-PSNR    U-PSNR    V-PSNR    YUV-PSNR   
	       17    a    4844.6824   38.6937   41.4940   42.5641   39.3917

 finished @ Thu Apr 13 11:51:15 2023
 Total Time:    16528.510 sec. [user]    16531.841 sec. [elapsed]

Level: 0
Inject Calls: 20006022177
Errors injected by bit:
	Bit 0: 199343
	Bit 1: 200429
	Bit 2: 200241
	Bit 3: 199779
	Bit 4: 200314
	Bit 5: 200080
	Bit 6: 199574
	Bit 7: 200220

Total errors injected: 1599980
