vvencFFapp: Fraunhofer VVC Encoder ver. 1.5.0 [Linux][GCC 11.3.0][64 bit][SIMD=AVX2]
 started @ Wed Apr  5 18:35:59 2023
CODING TOOL CFG: CTU128 QT44BTT21 IBD:1 SAO:1 ALF:1 (NonLinLuma:0 NonLinChr:0) CCALF:1 Tiles:1x1 Slices:1 WPP:0 WPP-Substreams:1 TMVP:1 DQ:1 SDH:0 CST:1 BDOF:1 DMVR:1 MTSImplicit:1 SBT:0 JCbCr:1 CabacInitPresent:1 AMVR:5 SMVD:3 LMCS:2 (Signal:SDR Opt:0) CIIP:0 MIP:1 AFFINE:2 (PROF:1, Type:1) MMVD:3 DisFracMMVD:1 SbTMVP:1 GPM:3 LFNST:1 MTS:0 ISP:3 TS:2 TSLog2MaxSize:4 useChromaTS:0 BDPCM:2 IBC:2 BCW:0 
ENC. ALG. CFG: QPA:0 HAD:1 RDQ:1 RDQTS:1 ASR:1 MinSearchWindow:96 RestrictMESampling:0 EDO:2 MCTF:2 
PRE-ANALYSIS CFG: STA:1 LeadFrames:0 TrailFrames:0 
FAST TOOL CFG: ECU:0 FEN:1 FDM:1 FastSearch:4 (SCC:2) LCTUFast:1 FastMrg:2 PBIntraFast:1 AMaxBT:1 FastQtBtEnc:1 ContentBasedFastQtbt:0 FastMIP:3 FastIntraTools:0 IntraEstDecBit:2 FastLocalDualTree:1 IntegerET:0 FastSubPel:1 QtbttExtraFast:3 FastTTSplit:0 IBCFastMethod:3 FIM:0 ALFSpeed:0 QuantThr: 4 
RATE CONTROL CFG: RateControl:0 LookAhead:0 
PARALLEL PROCESSING CFG: NumThreads:0 MaxParallelFrames:0 WppBitEqual:0 WF:0 

POC     0 TId: 0 (  IDR_N_LP, I-SLICE, QP 24, TF 3)     377624 bits [Y 40.2668 dB    U 43.0828 dB    V 44.6158 dB] [ET   267 ] [L0 ] [L1 ]
POC    16 TId: 1 (      STSA, B-SLICE, QP 28, TF 2)     101608 bits [Y 38.6908 dB    U 42.0360 dB    V 43.2235 dB] [ET   433 ] [L0 0 ] [L1 0 ]
POC     8 TId: 2 (      STSA, B-SLICE, QP 29, TF 1)      45176 bits [Y 38.5957 dB    U 42.2369 dB    V 43.6500 dB] [ET   532 ] [L0 0 16 ] [L1 16 0 ]
POC     4 TId: 3 (      STSA, B-SLICE, QP 32, TF 0)      18840 bits [Y 38.3102 dB    U 42.4577 dB    V 43.8234 dB] [ET   511 ] [L0 0 8 ] [L1 8 16 ]
POC     2 TId: 4 (      STSA, B-SLICE, QP 34)             8296 bits [Y 38.4402 dB    U 42.7745 dB    V 44.1540 dB] [ET   383 ] [L0 0 4 ] [L1 4 8 ]
POC     1 TId: 5 (      STSA, B-SLICE, QP 36)             2792 bits [Y 38.7379 dB    U 42.8789 dB    V 44.4204 dB] [ET   260 ] [L0 0 2 ] [L1 2 4 ]
POC     3 TId: 5 (      STSA, B-SLICE, QP 36)             3144 bits [Y 37.8562 dB    U 42.6787 dB    V 44.0068 dB] [ET   333 ] [L0 2 0 ] [L1 4 8 ]
POC     6 TId: 4 (      STSA, B-SLICE, QP 34)             9272 bits [Y 37.8733 dB    U 42.3558 dB    V 43.6988 dB] [ET   445 ] [L0 4 0 ] [L1 8 16 ]
POC     5 TId: 5 (      STSA, B-SLICE, QP 36)             3480 bits [Y 37.6800 dB    U 42.3816 dB    V 43.7589 dB] [ET   334 ] [L0 4 0 ] [L1 6 8 ]
POC     7 TId: 5 (      STSA, B-SLICE, QP 36)             2864 bits [Y 37.7547 dB    U 42.3049 dB    V 43.6331 dB] [ET   349 ] [L0 6 4 ] [L1 8 16 ]
POC    12 TId: 3 (      STSA, B-SLICE, QP 32, TF 0)      21144 bits [Y 37.7524 dB    U 41.9958 dB    V 43.1730 dB] [ET   503 ] [L0 8 0 ] [L1 16 8 ]
POC    10 TId: 4 (      STSA, B-SLICE, QP 34)             9768 bits [Y 37.6555 dB    U 42.1087 dB    V 43.3531 dB] [ET   508 ] [L0 8 0 ] [L1 12 16 ]
POC     9 TId: 5 (      STSA, B-SLICE, QP 36)             3584 bits [Y 37.6714 dB    U 42.2116 dB    V 43.5646 dB] [ET   354 ] [L0 8 0 ] [L1 10 12 ]
POC    11 TId: 5 (      STSA, B-SLICE, QP 36)             3464 bits [Y 37.2816 dB    U 42.0205 dB    V 43.2440 dB] [ET   341 ] [L0 10 8 ] [L1 12 16 ]
POC    14 TId: 4 (      STSA, B-SLICE, QP 34)            10720 bits [Y 37.4445 dB    U 41.9285 dB    V 42.9418 dB] [ET   394 ] [L0 12 8 ] [L1 16 12 ]
POC    13 TId: 5 (      STSA, B-SLICE, QP 36)             4160 bits [Y 37.1762 dB    U 41.9172 dB    V 43.0580 dB] [ET   380 ] [L0 12 8 ] [L1 14 16 ]
POC    15 TId: 5 (      STSA, B-SLICE, QP 36)             4064 bits [Y 37.3504 dB    U 41.9634 dB    V 43.0530 dB] [ET   280 ] [L0 14 12 ] [L1 16 14 ]

	Total Frames |   Bitrate     Y-PSNR    U-PSNR    V-PSNR    YUV-PSNR   
	       17    a    2223.5294   38.0316   42.3137   43.6101   39.0868

 finished @ Wed Apr  5 20:26:23 2023
 Total Time:     6623.677 sec. [user]     6623.732 sec. [elapsed]

Level: 0
Inject Calls: 7775544184
Errors injected by bit:
	Bit 0: 77825
	Bit 1: 77578
	Bit 2: 77585
	Bit 3: 77714
	Bit 4: 78025
	Bit 5: 77945
	Bit 6: 77592
	Bit 7: 78037

Total errors injected: 622301
