vvencFFapp: Fraunhofer VVC Encoder ver. 1.5.0 [Linux][GCC 11.3.0][64 bit][SIMD=AVX2]
 started @ Sat Apr  8 09:07:11 2023
CODING TOOL CFG: CTU128 QT44BTT21 IBD:1 SAO:1 ALF:1 (NonLinLuma:0 NonLinChr:0) CCALF:1 Tiles:1x1 Slices:1 WPP:0 WPP-Substreams:1 TMVP:1 DQ:1 SDH:0 CST:1 BDOF:1 DMVR:1 MTSImplicit:1 SBT:0 JCbCr:1 CabacInitPresent:1 AMVR:5 SMVD:3 LMCS:2 (Signal:SDR Opt:0) CIIP:0 MIP:1 AFFINE:2 (PROF:1, Type:1) MMVD:3 DisFracMMVD:1 SbTMVP:1 GPM:3 LFNST:1 MTS:0 ISP:3 TS:2 TSLog2MaxSize:4 useChromaTS:0 BDPCM:2 IBC:2 BCW:0 
ENC. ALG. CFG: QPA:0 HAD:1 RDQ:1 RDQTS:1 ASR:1 MinSearchWindow:96 RestrictMESampling:0 EDO:2 MCTF:2 
PRE-ANALYSIS CFG: STA:1 LeadFrames:0 TrailFrames:0 
FAST TOOL CFG: ECU:0 FEN:1 FDM:1 FastSearch:4 (SCC:2) LCTUFast:1 FastMrg:2 PBIntraFast:1 AMaxBT:1 FastQtBtEnc:1 ContentBasedFastQtbt:0 FastMIP:3 FastIntraTools:0 IntraEstDecBit:2 FastLocalDualTree:1 IntegerET:0 FastSubPel:1 QtbttExtraFast:3 FastTTSplit:0 IBCFastMethod:3 FIM:0 ALFSpeed:0 QuantThr: 4 
RATE CONTROL CFG: RateControl:0 LookAhead:0 
PARALLEL PROCESSING CFG: NumThreads:0 MaxParallelFrames:0 WppBitEqual:0 WF:0 

POC     0 TId: 0 (  IDR_N_LP, I-SLICE, QP 24, TF 3)     303696 bits [Y 41.6478 dB    U 43.8365 dB    V 45.0113 dB] [ET   266 ] [L0 ] [L1 ]
POC    16 TId: 1 (      STSA, B-SLICE, QP 28, TF 2)      65272 bits [Y 39.5692 dB    U 42.4688 dB    V 43.0804 dB] [ET   448 ] [L0 0 ] [L1 0 ]
POC     8 TId: 2 (      STSA, B-SLICE, QP 29, TF 1)      38848 bits [Y 39.4558 dB    U 42.4786 dB    V 43.4747 dB] [ET   724 ] [L0 0 16 ] [L1 16 0 ]
POC     4 TId: 3 (      STSA, B-SLICE, QP 32, TF 0)      22816 bits [Y 39.0801 dB    U 42.1708 dB    V 43.1309 dB] [ET   722 ] [L0 0 8 ] [L1 8 16 ]
POC     2 TId: 4 (      STSA, B-SLICE, QP 34)            10888 bits [Y 39.1178 dB    U 42.6234 dB    V 43.4924 dB] [ET   567 ] [L0 0 4 ] [L1 4 8 ]
POC     1 TId: 5 (      STSA, B-SLICE, QP 36)              288 bits [Y 41.6437 dB    U 43.8359 dB    V 45.0103 dB] [ET   227 ] [L0 0 2 ] [L1 2 4 ]
POC     3 TId: 5 (      STSA, B-SLICE, QP 36)             6832 bits [Y 38.4594 dB    U 42.0274 dB    V 42.8938 dB] [ET   492 ] [L0 2 0 ] [L1 4 8 ]
POC     6 TId: 4 (      STSA, B-SLICE, QP 34)            14680 bits [Y 38.7218 dB    U 42.1147 dB    V 42.8143 dB] [ET   709 ] [L0 4 0 ] [L1 8 16 ]
POC     5 TId: 5 (      STSA, B-SLICE, QP 36)             7136 bits [Y 38.0948 dB    U 41.9376 dB    V 42.6627 dB] [ET   540 ] [L0 4 0 ] [L1 6 8 ]
POC     7 TId: 5 (      STSA, B-SLICE, QP 36)             6824 bits [Y 37.9581 dB    U 42.0908 dB    V 42.7737 dB] [ET   459 ] [L0 6 4 ] [L1 8 16 ]
POC    12 TId: 3 (      STSA, B-SLICE, QP 32, TF 0)      26208 bits [Y 38.5024 dB    U 41.8677 dB    V 42.5174 dB] [ET   731 ] [L0 8 0 ] [L1 16 8 ]
POC    10 TId: 4 (      STSA, B-SLICE, QP 34)            15952 bits [Y 38.3078 dB    U 41.8810 dB    V 42.4222 dB] [ET   851 ] [L0 8 0 ] [L1 12 16 ]
POC     9 TId: 5 (      STSA, B-SLICE, QP 36)             6984 bits [Y 38.3433 dB    U 42.0836 dB    V 42.6758 dB] [ET   490 ] [L0 8 0 ] [L1 10 12 ]
POC    11 TId: 5 (      STSA, B-SLICE, QP 36)             7896 bits [Y 38.0504 dB    U 41.8605 dB    V 42.1995 dB] [ET   534 ] [L0 10 8 ] [L1 12 16 ]
POC    14 TId: 4 (      STSA, B-SLICE, QP 34)            16488 bits [Y 38.2018 dB    U 41.6456 dB    V 42.1250 dB] [ET   635 ] [L0 12 8 ] [L1 16 12 ]
POC    13 TId: 5 (      STSA, B-SLICE, QP 36)             7848 bits [Y 37.8662 dB    U 41.7254 dB    V 42.1399 dB] [ET   498 ] [L0 12 8 ] [L1 14 16 ]
POC    15 TId: 5 (      STSA, B-SLICE, QP 36)             7056 bits [Y 37.9520 dB    U 41.9126 dB    V 42.1849 dB] [ET   363 ] [L0 14 12 ] [L1 16 14 ]

	Total Frames |   Bitrate     Y-PSNR    U-PSNR    V-PSNR    YUV-PSNR   
	       17    a    1663.8588   38.8807   42.2683   42.9770   39.6910

 finished @ Sat Apr  8 11:41:43 2023
 Total Time:     9270.785 sec. [user]     9272.660 sec. [elapsed]

Level: 0
Inject Calls: 11111606887
Errors injected by bit:
	Bit 0: 11108978
	Bit 1: 11107531
	Bit 2: 11112315
	Bit 3: 11107413
	Bit 4: 11111422
	Bit 5: 11113779
	Bit 6: 11110331
	Bit 7: 11108836

Total errors injected: 88880605
