vvencFFapp: Fraunhofer VVC Encoder ver. 1.5.0 [Linux][GCC 11.3.0][64 bit][SIMD=AVX2]
 started @ Tue Apr  4 20:05:33 2023
CODING TOOL CFG: CTU128 QT44BTT21 IBD:1 SAO:1 ALF:1 (NonLinLuma:0 NonLinChr:0) CCALF:1 Tiles:1x1 Slices:1 WPP:0 WPP-Substreams:1 TMVP:1 DQ:1 SDH:0 CST:1 BDOF:1 DMVR:1 MTSImplicit:1 SBT:0 JCbCr:1 CabacInitPresent:1 AMVR:5 SMVD:3 LMCS:2 (Signal:SDR Opt:0) CIIP:0 MIP:1 AFFINE:2 (PROF:1, Type:1) MMVD:3 DisFracMMVD:1 SbTMVP:1 GPM:3 LFNST:1 MTS:0 ISP:3 TS:2 TSLog2MaxSize:4 useChromaTS:0 BDPCM:2 IBC:2 BCW:0 
ENC. ALG. CFG: QPA:0 HAD:1 RDQ:1 RDQTS:1 ASR:1 MinSearchWindow:96 RestrictMESampling:0 EDO:2 MCTF:2 
PRE-ANALYSIS CFG: STA:1 LeadFrames:0 TrailFrames:0 
FAST TOOL CFG: ECU:0 FEN:1 FDM:1 FastSearch:4 (SCC:2) LCTUFast:1 FastMrg:2 PBIntraFast:1 AMaxBT:1 FastQtBtEnc:1 ContentBasedFastQtbt:0 FastMIP:3 FastIntraTools:0 IntraEstDecBit:2 FastLocalDualTree:1 IntegerET:0 FastSubPel:1 QtbttExtraFast:3 FastTTSplit:0 IBCFastMethod:3 FIM:0 ALFSpeed:0 QuantThr: 4 
RATE CONTROL CFG: RateControl:0 LookAhead:0 
PARALLEL PROCESSING CFG: NumThreads:0 MaxParallelFrames:0 WppBitEqual:0 WF:0 

POC     0 TId: 0 (  IDR_N_LP, I-SLICE, QP 19, TF 3)     581848 bits [Y 42.2672 dB    U 45.0524 dB    V 46.9660 dB] [ET   341 ] [L0 ] [L1 ]
POC    16 TId: 1 (      STSA, B-SLICE, QP 22, TF 2)     216576 bits [Y 41.6131 dB    U 44.2124 dB    V 45.8235 dB] [ET   582 ] [L0 0 ] [L1 0 ]
POC     8 TId: 2 (      STSA, B-SLICE, QP 23, TF 1)      98272 bits [Y 40.9429 dB    U 44.1689 dB    V 45.9918 dB] [ET   687 ] [L0 0 16 ] [L1 16 0 ]
POC     4 TId: 3 (      STSA, B-SLICE, QP 26, TF 0)      43208 bits [Y 40.5391 dB    U 44.3036 dB    V 46.1465 dB] [ET   603 ] [L0 0 8 ] [L1 8 16 ]
POC     2 TId: 4 (      STSA, B-SLICE, QP 28)            21056 bits [Y 40.5601 dB    U 44.6059 dB    V 46.4118 dB] [ET   488 ] [L0 0 4 ] [L1 4 8 ]
POC     1 TId: 5 (      STSA, B-SLICE, QP 29)             8904 bits [Y 40.8457 dB    U 44.8059 dB    V 46.6524 dB] [ET   371 ] [L0 0 2 ] [L1 2 4 ]
POC     3 TId: 5 (      STSA, B-SLICE, QP 29)            10216 bits [Y 40.2296 dB    U 44.4832 dB    V 46.2244 dB] [ET   470 ] [L0 2 0 ] [L1 4 8 ]
POC     6 TId: 4 (      STSA, B-SLICE, QP 28)            21432 bits [Y 40.1348 dB    U 44.1522 dB    V 45.9147 dB] [ET   553 ] [L0 4 0 ] [L1 8 16 ]
POC     5 TId: 5 (      STSA, B-SLICE, QP 29)            10040 bits [Y 39.9999 dB    U 44.1192 dB    V 45.9527 dB] [ET   441 ] [L0 4 0 ] [L1 6 8 ]
POC     7 TId: 5 (      STSA, B-SLICE, QP 29)             9536 bits [Y 40.0914 dB    U 44.1689 dB    V 45.8176 dB] [ET   477 ] [L0 6 4 ] [L1 8 16 ]
POC    12 TId: 3 (      STSA, B-SLICE, QP 26, TF 0)      49648 bits [Y 40.2450 dB    U 43.9433 dB    V 45.5747 dB] [ET   615 ] [L0 8 0 ] [L1 16 8 ]
POC    10 TId: 4 (      STSA, B-SLICE, QP 28)            23512 bits [Y 40.0587 dB    U 43.9585 dB    V 45.5549 dB] [ET   683 ] [L0 8 0 ] [L1 12 16 ]
POC     9 TId: 5 (      STSA, B-SLICE, QP 29)            10312 bits [Y 40.0151 dB    U 44.0698 dB    V 45.7876 dB] [ET   447 ] [L0 8 0 ] [L1 10 12 ]
POC    11 TId: 5 (      STSA, B-SLICE, QP 29)            11120 bits [Y 39.8497 dB    U 43.8997 dB    V 45.5668 dB] [ET   478 ] [L0 10 8 ] [L1 12 16 ]
POC    14 TId: 4 (      STSA, B-SLICE, QP 28)            27376 bits [Y 39.9782 dB    U 43.8768 dB    V 45.4644 dB] [ET   516 ] [L0 12 8 ] [L1 16 12 ]
POC    13 TId: 5 (      STSA, B-SLICE, QP 29)            13144 bits [Y 39.7579 dB    U 43.8471 dB    V 45.4774 dB] [ET   555 ] [L0 12 8 ] [L1 14 16 ]
POC    15 TId: 5 (      STSA, B-SLICE, QP 29)            14016 bits [Y 39.9645 dB    U 43.9715 dB    V 45.5350 dB] [ET   374 ] [L0 14 12 ] [L1 16 14 ]

	Total Frames |   Bitrate     Y-PSNR    U-PSNR    V-PSNR    YUV-PSNR   
	       17    a    4130.1741   40.4172   44.2141   45.9331   41.4389

 finished @ Tue Apr  4 22:30:33 2023
 Total Time:     8624.800 sec. [user]     8699.333 sec. [elapsed]

Level: 0
Inject Calls: 10102335993
Errors injected by bit:
	Bit 0: 1010000
	Bit 1: 1009878
	Bit 2: 1009989
	Bit 3: 1010497
	Bit 4: 1011032
	Bit 5: 1011420
	Bit 6: 1009083
	Bit 7: 1011078

Total errors injected: 8082977
