vvencFFapp: Fraunhofer VVC Encoder ver. 1.5.0 [Linux][GCC 11.3.0][64 bit][SIMD=AVX2]
 started @ Sat Apr 15 06:16:33 2023
CODING TOOL CFG: CTU128 QT44BTT21 IBD:1 SAO:1 ALF:1 (NonLinLuma:0 NonLinChr:0) CCALF:1 Tiles:1x1 Slices:1 WPP:0 WPP-Substreams:1 TMVP:1 DQ:1 SDH:0 CST:1 BDOF:1 DMVR:1 MTSImplicit:1 SBT:0 JCbCr:1 CabacInitPresent:1 AMVR:5 SMVD:3 LMCS:2 (Signal:SDR Opt:0) CIIP:0 MIP:1 AFFINE:2 (PROF:1, Type:1) MMVD:3 DisFracMMVD:1 SbTMVP:1 GPM:3 LFNST:1 MTS:0 ISP:3 TS:2 TSLog2MaxSize:4 useChromaTS:0 BDPCM:2 IBC:2 BCW:0 
ENC. ALG. CFG: QPA:0 HAD:1 RDQ:1 RDQTS:1 ASR:1 MinSearchWindow:96 RestrictMESampling:0 EDO:2 MCTF:2 
PRE-ANALYSIS CFG: STA:1 LeadFrames:0 TrailFrames:0 
FAST TOOL CFG: ECU:0 FEN:1 FDM:1 FastSearch:4 (SCC:2) LCTUFast:1 FastMrg:2 PBIntraFast:1 AMaxBT:1 FastQtBtEnc:1 ContentBasedFastQtbt:0 FastMIP:3 FastIntraTools:0 IntraEstDecBit:2 FastLocalDualTree:1 IntegerET:0 FastSubPel:1 QtbttExtraFast:3 FastTTSplit:0 IBCFastMethod:3 FIM:0 ALFSpeed:0 QuantThr: 4 
RATE CONTROL CFG: RateControl:0 LookAhead:0 
PARALLEL PROCESSING CFG: NumThreads:0 MaxParallelFrames:0 WppBitEqual:0 WF:0 

POC     0 TId: 0 (  IDR_N_LP, I-SLICE, QP 24, TF 3)     399128 bits [Y 38.6505 dB    U 40.8666 dB    V 42.1124 dB] [ET   224 ] [L0 ] [L1 ]
POC    16 TId: 1 (      STSA, B-SLICE, QP 28, TF 2)     238560 bits [Y 38.5460 dB    U 40.3021 dB    V 41.5320 dB] [ET   537 ] [L0 0 ] [L1 0 ]
POC     8 TId: 2 (      STSA, B-SLICE, QP 29, TF 1)     179760 bits [Y 37.2174 dB    U 39.5651 dB    V 40.7705 dB] [ET   904 ] [L0 0 16 ] [L1 16 0 ]
POC     4 TId: 3 (      STSA, B-SLICE, QP 32, TF 0)      77432 bits [Y 35.9143 dB    U 39.1921 dB    V 40.2699 dB] [ET   919 ] [L0 0 8 ] [L1 8 16 ]
POC     2 TId: 4 (      STSA, B-SLICE, QP 34)            44280 bits [Y 35.6241 dB    U 39.2970 dB    V 40.5680 dB] [ET   819 ] [L0 0 4 ] [L1 4 8 ]
POC     1 TId: 5 (      STSA, B-SLICE, QP 36)            22688 bits [Y 35.3250 dB    U 39.4598 dB    V 40.7109 dB] [ET   597 ] [L0 0 2 ] [L1 2 4 ]
POC     3 TId: 5 (      STSA, B-SLICE, QP 36)            21080 bits [Y 34.8875 dB    U 38.9364 dB    V 40.1756 dB] [ET   716 ] [L0 2 0 ] [L1 4 8 ]
POC     6 TId: 4 (      STSA, B-SLICE, QP 34)            43400 bits [Y 35.4971 dB    U 38.8404 dB    V 40.0871 dB] [ET   928 ] [L0 4 0 ] [L1 8 16 ]
POC     5 TId: 5 (      STSA, B-SLICE, QP 36)            19336 bits [Y 34.8969 dB    U 38.7740 dB    V 40.0370 dB] [ET   724 ] [L0 4 0 ] [L1 6 8 ]
POC     7 TId: 5 (      STSA, B-SLICE, QP 36)            20856 bits [Y 35.0130 dB    U 38.6598 dB    V 39.9063 dB] [ET   731 ] [L0 6 4 ] [L1 8 16 ]
POC    12 TId: 3 (      STSA, B-SLICE, QP 32, TF 0)      81400 bits [Y 35.7997 dB    U 39.2821 dB    V 40.1344 dB] [ET   968 ] [L0 8 0 ] [L1 16 8 ]
POC    10 TId: 4 (      STSA, B-SLICE, QP 34)            47248 bits [Y 35.4244 dB    U 38.8113 dB    V 39.6874 dB] [ET   995 ] [L0 8 0 ] [L1 12 16 ]
POC     9 TId: 5 (      STSA, B-SLICE, QP 36)            21080 bits [Y 34.9830 dB    U 38.7753 dB    V 39.9648 dB] [ET   715 ] [L0 8 0 ] [L1 10 12 ]
POC    11 TId: 5 (      STSA, B-SLICE, QP 36)            21008 bits [Y 34.7622 dB    U 38.7891 dB    V 39.7044 dB] [ET   764 ] [L0 10 8 ] [L1 12 16 ]
POC    14 TId: 4 (      STSA, B-SLICE, QP 34)            44240 bits [Y 35.3616 dB    U 39.0055 dB    V 40.1005 dB] [ET   815 ] [L0 12 8 ] [L1 16 12 ]
POC    13 TId: 5 (      STSA, B-SLICE, QP 36)            19400 bits [Y 34.7804 dB    U 38.8435 dB    V 39.8180 dB] [ET   695 ] [L0 12 8 ] [L1 14 16 ]
POC    15 TId: 5 (      STSA, B-SLICE, QP 36)            19224 bits [Y 34.9551 dB    U 39.2170 dB    V 40.4413 dB] [ET   602 ] [L0 14 12 ] [L1 16 14 ]

	Total Frames |   Bitrate     Y-PSNR    U-PSNR    V-PSNR    YUV-PSNR   
	       17    a    2329.6235   35.7434   39.2128   40.3542   36.5923

 finished @ Sat Apr 15 09:47:42 2023
 Total Time:    12668.740 sec. [user]    12669.008 sec. [elapsed]

Level: 0
Inject Calls: 15952591698
Errors injected by bit:
	Bit 0: 1594705
	Bit 1: 1596896
	Bit 2: 1596364
	Bit 3: 1594947
	Bit 4: 1596065
	Bit 5: 1596485
	Bit 6: 1595682
	Bit 7: 1595384

Total errors injected: 12766528
