vvencFFapp: Fraunhofer VVC Encoder ver. 1.5.0 [Linux][GCC 11.3.0][64 bit][SIMD=AVX2]
 started @ Sat Apr 15 14:21:41 2023
CODING TOOL CFG: CTU128 QT44BTT21 IBD:1 SAO:1 ALF:1 (NonLinLuma:0 NonLinChr:0) CCALF:1 Tiles:1x1 Slices:1 WPP:0 WPP-Substreams:1 TMVP:1 DQ:1 SDH:0 CST:1 BDOF:1 DMVR:1 MTSImplicit:1 SBT:0 JCbCr:1 CabacInitPresent:1 AMVR:5 SMVD:3 LMCS:2 (Signal:SDR Opt:0) CIIP:0 MIP:1 AFFINE:2 (PROF:1, Type:1) MMVD:3 DisFracMMVD:1 SbTMVP:1 GPM:3 LFNST:1 MTS:0 ISP:3 TS:2 TSLog2MaxSize:4 useChromaTS:0 BDPCM:2 IBC:2 BCW:0 
ENC. ALG. CFG: QPA:0 HAD:1 RDQ:1 RDQTS:1 ASR:1 MinSearchWindow:96 RestrictMESampling:0 EDO:2 MCTF:2 
PRE-ANALYSIS CFG: STA:1 LeadFrames:0 TrailFrames:0 
FAST TOOL CFG: ECU:0 FEN:1 FDM:1 FastSearch:4 (SCC:2) LCTUFast:1 FastMrg:2 PBIntraFast:1 AMaxBT:1 FastQtBtEnc:1 ContentBasedFastQtbt:0 FastMIP:3 FastIntraTools:0 IntraEstDecBit:2 FastLocalDualTree:1 IntegerET:0 FastSubPel:1 QtbttExtraFast:3 FastTTSplit:0 IBCFastMethod:3 FIM:0 ALFSpeed:0 QuantThr: 4 
RATE CONTROL CFG: RateControl:0 LookAhead:0 
PARALLEL PROCESSING CFG: NumThreads:0 MaxParallelFrames:0 WppBitEqual:0 WF:0 

POC     0 TId: 0 (  IDR_N_LP, I-SLICE, QP 24, TF 3)     399128 bits [Y 38.6505 dB    U 40.8666 dB    V 42.1124 dB] [ET   223 ] [L0 ] [L1 ]
POC    16 TId: 1 (      STSA, B-SLICE, QP 28, TF 2)     240424 bits [Y 38.5393 dB    U 40.3588 dB    V 41.4955 dB] [ET   541 ] [L0 0 ] [L1 0 ]
POC     8 TId: 2 (      STSA, B-SLICE, QP 29, TF 1)     180976 bits [Y 37.2607 dB    U 39.5567 dB    V 40.7311 dB] [ET   889 ] [L0 0 16 ] [L1 16 0 ]
POC     4 TId: 3 (      STSA, B-SLICE, QP 32, TF 0)      78632 bits [Y 35.9638 dB    U 39.1723 dB    V 40.2612 dB] [ET   923 ] [L0 0 8 ] [L1 8 16 ]
POC     2 TId: 4 (      STSA, B-SLICE, QP 34)            44984 bits [Y 35.6409 dB    U 39.2922 dB    V 40.5033 dB] [ET   825 ] [L0 0 4 ] [L1 4 8 ]
POC     1 TId: 5 (      STSA, B-SLICE, QP 36)            22728 bits [Y 35.2943 dB    U 39.4873 dB    V 40.7474 dB] [ET   586 ] [L0 0 2 ] [L1 2 4 ]
POC     3 TId: 5 (      STSA, B-SLICE, QP 36)            21152 bits [Y 34.9135 dB    U 38.8503 dB    V 40.1578 dB] [ET   711 ] [L0 2 0 ] [L1 4 8 ]
POC     6 TId: 4 (      STSA, B-SLICE, QP 34)            42504 bits [Y 35.4544 dB    U 38.8849 dB    V 39.9871 dB] [ET   935 ] [L0 4 0 ] [L1 8 16 ]
POC     5 TId: 5 (      STSA, B-SLICE, QP 36)            19464 bits [Y 34.9213 dB    U 38.7745 dB    V 39.9685 dB] [ET   760 ] [L0 4 0 ] [L1 6 8 ]
POC     7 TId: 5 (      STSA, B-SLICE, QP 36)            20920 bits [Y 35.0367 dB    U 38.7730 dB    V 39.9950 dB] [ET   717 ] [L0 6 4 ] [L1 8 16 ]
POC    12 TId: 3 (      STSA, B-SLICE, QP 32, TF 0)      79368 bits [Y 35.7822 dB    U 39.2160 dB    V 40.0310 dB] [ET   982 ] [L0 8 0 ] [L1 16 8 ]
POC    10 TId: 4 (      STSA, B-SLICE, QP 34)            46784 bits [Y 35.3743 dB    U 38.8753 dB    V 39.7245 dB] [ET  1011 ] [L0 8 0 ] [L1 12 16 ]
POC     9 TId: 5 (      STSA, B-SLICE, QP 36)            20328 bits [Y 34.9498 dB    U 38.7658 dB    V 39.9135 dB] [ET   713 ] [L0 8 0 ] [L1 10 12 ]
POC    11 TId: 5 (      STSA, B-SLICE, QP 36)            20928 bits [Y 34.7449 dB    U 38.7221 dB    V 39.5614 dB] [ET   759 ] [L0 10 8 ] [L1 12 16 ]
POC    14 TId: 4 (      STSA, B-SLICE, QP 34)            44280 bits [Y 35.3529 dB    U 38.9887 dB    V 40.1076 dB] [ET   803 ] [L0 12 8 ] [L1 16 12 ]
POC    13 TId: 5 (      STSA, B-SLICE, QP 36)            19360 bits [Y 34.7551 dB    U 38.8018 dB    V 39.7939 dB] [ET   702 ] [L0 12 8 ] [L1 14 16 ]
POC    15 TId: 5 (      STSA, B-SLICE, QP 36)            19160 bits [Y 34.9952 dB    U 39.2370 dB    V 40.4240 dB] [ET   643 ] [L0 14 12 ] [L1 16 14 ]

	Total Frames |   Bitrate     Y-PSNR    U-PSNR    V-PSNR    YUV-PSNR   
	       17    a    2331.3882   35.7429   39.2131   40.3244   36.5889

 finished @ Sat Apr 15 17:54:02 2023
 Total Time:    12740.255 sec. [user]    12740.525 sec. [elapsed]

Level: 0
Inject Calls: 16055723100
Errors injected by bit:
	Bit 0: 160145
	Bit 1: 160454
	Bit 2: 159903
	Bit 3: 159811
	Bit 4: 160843
	Bit 5: 161012
	Bit 6: 160543
	Bit 7: 160626

Total errors injected: 1283337
