vvencFFapp: Fraunhofer VVC Encoder ver. 1.5.0 [Linux][GCC 11.3.0][64 bit][SIMD=AVX2]
 started @ Tue Apr  4 15:05:27 2023
CODING TOOL CFG: CTU128 QT44BTT21 IBD:1 SAO:1 ALF:1 (NonLinLuma:0 NonLinChr:0) CCALF:1 Tiles:1x1 Slices:1 WPP:0 WPP-Substreams:1 TMVP:1 DQ:1 SDH:0 CST:1 BDOF:1 DMVR:1 MTSImplicit:1 SBT:0 JCbCr:1 CabacInitPresent:1 AMVR:5 SMVD:3 LMCS:2 (Signal:SDR Opt:0) CIIP:0 MIP:1 AFFINE:2 (PROF:1, Type:1) MMVD:3 DisFracMMVD:1 SbTMVP:1 GPM:3 LFNST:1 MTS:0 ISP:3 TS:2 TSLog2MaxSize:4 useChromaTS:0 BDPCM:2 IBC:2 BCW:0 
ENC. ALG. CFG: QPA:0 HAD:1 RDQ:1 RDQTS:1 ASR:1 MinSearchWindow:96 RestrictMESampling:0 EDO:2 MCTF:2 
PRE-ANALYSIS CFG: STA:1 LeadFrames:0 TrailFrames:0 
FAST TOOL CFG: ECU:0 FEN:1 FDM:1 FastSearch:4 (SCC:2) LCTUFast:1 FastMrg:2 PBIntraFast:1 AMaxBT:1 FastQtBtEnc:1 ContentBasedFastQtbt:0 FastMIP:3 FastIntraTools:0 IntraEstDecBit:2 FastLocalDualTree:1 IntegerET:0 FastSubPel:1 QtbttExtraFast:3 FastTTSplit:0 IBCFastMethod:3 FIM:0 ALFSpeed:0 QuantThr: 4 
RATE CONTROL CFG: RateControl:0 LookAhead:0 
PARALLEL PROCESSING CFG: NumThreads:0 MaxParallelFrames:0 WppBitEqual:0 WF:0 

POC     0 TId: 0 (  IDR_N_LP, I-SLICE, QP 19, TF 3)     581848 bits [Y 42.2672 dB    U 45.0524 dB    V 46.9660 dB] [ET   352 ] [L0 ] [L1 ]
POC    16 TId: 1 (      STSA, B-SLICE, QP 22, TF 2)     218080 bits [Y 41.6210 dB    U 44.2114 dB    V 45.8621 dB] [ET   613 ] [L0 0 ] [L1 0 ]
POC     8 TId: 2 (      STSA, B-SLICE, QP 23, TF 1)      98376 bits [Y 40.9332 dB    U 44.1700 dB    V 46.0096 dB] [ET   733 ] [L0 0 16 ] [L1 16 0 ]
POC     4 TId: 3 (      STSA, B-SLICE, QP 26, TF 0)      44488 bits [Y 40.5528 dB    U 44.2906 dB    V 46.1287 dB] [ET   620 ] [L0 0 8 ] [L1 8 16 ]
POC     2 TId: 4 (      STSA, B-SLICE, QP 28)            21504 bits [Y 40.5710 dB    U 44.6178 dB    V 46.3871 dB] [ET   515 ] [L0 0 4 ] [L1 4 8 ]
POC     1 TId: 5 (      STSA, B-SLICE, QP 29)             9096 bits [Y 40.8522 dB    U 44.8196 dB    V 46.6465 dB] [ET   415 ] [L0 0 2 ] [L1 2 4 ]
POC     3 TId: 5 (      STSA, B-SLICE, QP 29)             9936 bits [Y 40.2280 dB    U 44.4763 dB    V 46.2253 dB] [ET   464 ] [L0 2 0 ] [L1 4 8 ]
POC     6 TId: 4 (      STSA, B-SLICE, QP 28)            21648 bits [Y 40.1149 dB    U 44.1002 dB    V 45.8397 dB] [ET   559 ] [L0 4 0 ] [L1 8 16 ]
POC     5 TId: 5 (      STSA, B-SLICE, QP 29)            10528 bits [Y 40.0104 dB    U 44.0562 dB    V 45.9244 dB] [ET   471 ] [L0 4 0 ] [L1 6 8 ]
POC     7 TId: 5 (      STSA, B-SLICE, QP 29)             9248 bits [Y 40.0628 dB    U 44.1662 dB    V 45.8216 dB] [ET   496 ] [L0 6 4 ] [L1 8 16 ]
POC    12 TId: 3 (      STSA, B-SLICE, QP 26, TF 0)      49080 bits [Y 40.2525 dB    U 43.9812 dB    V 45.5916 dB] [ET   600 ] [L0 8 0 ] [L1 16 8 ]
POC    10 TId: 4 (      STSA, B-SLICE, QP 28)            23784 bits [Y 40.0632 dB    U 43.9818 dB    V 45.6603 dB] [ET   674 ] [L0 8 0 ] [L1 12 16 ]
POC     9 TId: 5 (      STSA, B-SLICE, QP 29)             9912 bits [Y 40.0247 dB    U 44.0857 dB    V 45.8286 dB] [ET   463 ] [L0 8 0 ] [L1 10 12 ]
POC    11 TId: 5 (      STSA, B-SLICE, QP 29)            11016 bits [Y 39.8501 dB    U 43.9348 dB    V 45.6349 dB] [ET   477 ] [L0 10 8 ] [L1 12 16 ]
POC    14 TId: 4 (      STSA, B-SLICE, QP 28)            27592 bits [Y 39.9918 dB    U 43.8749 dB    V 45.4197 dB] [ET   536 ] [L0 12 8 ] [L1 16 12 ]
POC    13 TId: 5 (      STSA, B-SLICE, QP 29)            13056 bits [Y 39.7548 dB    U 43.8418 dB    V 45.4848 dB] [ET   547 ] [L0 12 8 ] [L1 14 16 ]
POC    15 TId: 5 (      STSA, B-SLICE, QP 29)            13800 bits [Y 39.9331 dB    U 43.9885 dB    V 45.5215 dB] [ET   393 ] [L0 14 12 ] [L1 16 14 ]

	Total Frames |   Bitrate     Y-PSNR    U-PSNR    V-PSNR    YUV-PSNR   
	       17    a    4139.9718   40.4167   44.2147   45.9384   41.4385

 finished @ Tue Apr  4 17:34:33 2023
 Total Time:     8938.021 sec. [user]     8945.230 sec. [elapsed]

Level: 0
Inject Calls: 10301549465
Errors injected by bit:
	Bit 0: 10298868
	Bit 1: 10300870
	Bit 2: 10298718
	Bit 3: 10305095
	Bit 4: 10300055
	Bit 5: 10304871
	Bit 6: 10300009
	Bit 7: 10305004

Total errors injected: 82413490
