vvencFFapp: Fraunhofer VVC Encoder ver. 1.5.0 [Linux][GCC 11.3.0][64 bit][SIMD=AVX2]
 started @ Sat Apr 15 20:36:48 2023
CODING TOOL CFG: CTU128 QT44BTT21 IBD:1 SAO:1 ALF:1 (NonLinLuma:0 NonLinChr:0) CCALF:1 Tiles:1x1 Slices:1 WPP:0 WPP-Substreams:1 TMVP:1 DQ:1 SDH:0 CST:1 BDOF:1 DMVR:1 MTSImplicit:1 SBT:0 JCbCr:1 CabacInitPresent:1 AMVR:5 SMVD:3 LMCS:2 (Signal:SDR Opt:0) CIIP:0 MIP:1 AFFINE:2 (PROF:1, Type:1) MMVD:3 DisFracMMVD:1 SbTMVP:1 GPM:3 LFNST:1 MTS:0 ISP:3 TS:2 TSLog2MaxSize:4 useChromaTS:0 BDPCM:2 IBC:2 BCW:0 
ENC. ALG. CFG: QPA:0 HAD:1 RDQ:1 RDQTS:1 ASR:1 MinSearchWindow:96 RestrictMESampling:0 EDO:2 MCTF:2 
PRE-ANALYSIS CFG: STA:1 LeadFrames:0 TrailFrames:0 
FAST TOOL CFG: ECU:0 FEN:1 FDM:1 FastSearch:4 (SCC:2) LCTUFast:1 FastMrg:2 PBIntraFast:1 AMaxBT:1 FastQtBtEnc:1 ContentBasedFastQtbt:0 FastMIP:3 FastIntraTools:0 IntraEstDecBit:2 FastLocalDualTree:1 IntegerET:0 FastSubPel:1 QtbttExtraFast:3 FastTTSplit:0 IBCFastMethod:3 FIM:0 ALFSpeed:0 QuantThr: 4 
RATE CONTROL CFG: RateControl:0 LookAhead:0 
PARALLEL PROCESSING CFG: NumThreads:0 MaxParallelFrames:0 WppBitEqual:0 WF:0 

POC     0 TId: 0 (  IDR_N_LP, I-SLICE, QP 24, TF 3)     399128 bits [Y 38.6505 dB    U 40.8666 dB    V 42.1124 dB] [ET   224 ] [L0 ] [L1 ]
POC    16 TId: 1 (      STSA, B-SLICE, QP 28, TF 2)     240944 bits [Y 38.5392 dB    U 40.3301 dB    V 41.4768 dB] [ET   544 ] [L0 0 ] [L1 0 ]
POC     8 TId: 2 (      STSA, B-SLICE, QP 29, TF 1)     179096 bits [Y 37.2290 dB    U 39.5602 dB    V 40.7780 dB] [ET   899 ] [L0 0 16 ] [L1 16 0 ]
POC     4 TId: 3 (      STSA, B-SLICE, QP 32, TF 0)      78240 bits [Y 35.9313 dB    U 39.1595 dB    V 40.3711 dB] [ET   928 ] [L0 0 8 ] [L1 8 16 ]
POC     2 TId: 4 (      STSA, B-SLICE, QP 34)            45432 bits [Y 35.6755 dB    U 39.3001 dB    V 40.5285 dB] [ET   835 ] [L0 0 4 ] [L1 4 8 ]
POC     1 TId: 5 (      STSA, B-SLICE, QP 36)            22672 bits [Y 35.2967 dB    U 39.5014 dB    V 40.7416 dB] [ET   595 ] [L0 0 2 ] [L1 2 4 ]
POC     3 TId: 5 (      STSA, B-SLICE, QP 36)            20872 bits [Y 34.9016 dB    U 38.9284 dB    V 40.2667 dB] [ET   733 ] [L0 2 0 ] [L1 4 8 ]
POC     6 TId: 4 (      STSA, B-SLICE, QP 34)            43840 bits [Y 35.5148 dB    U 38.8953 dB    V 40.0232 dB] [ET   962 ] [L0 4 0 ] [L1 8 16 ]
POC     5 TId: 5 (      STSA, B-SLICE, QP 36)            19088 bits [Y 34.9002 dB    U 38.7858 dB    V 40.0834 dB] [ET   735 ] [L0 4 0 ] [L1 6 8 ]
POC     7 TId: 5 (      STSA, B-SLICE, QP 36)            20960 bits [Y 35.0040 dB    U 38.7522 dB    V 40.0548 dB] [ET   712 ] [L0 6 4 ] [L1 8 16 ]
POC    12 TId: 3 (      STSA, B-SLICE, QP 32, TF 0)      80624 bits [Y 35.7780 dB    U 39.1877 dB    V 40.1101 dB] [ET   972 ] [L0 8 0 ] [L1 16 8 ]
POC    10 TId: 4 (      STSA, B-SLICE, QP 34)            46744 bits [Y 35.3927 dB    U 38.8935 dB    V 39.6583 dB] [ET  1017 ] [L0 8 0 ] [L1 12 16 ]
POC     9 TId: 5 (      STSA, B-SLICE, QP 36)            21136 bits [Y 34.9968 dB    U 38.7658 dB    V 39.9251 dB] [ET   704 ] [L0 8 0 ] [L1 10 12 ]
POC    11 TId: 5 (      STSA, B-SLICE, QP 36)            20448 bits [Y 34.7450 dB    U 38.7577 dB    V 39.6277 dB] [ET   734 ] [L0 10 8 ] [L1 12 16 ]
POC    14 TId: 4 (      STSA, B-SLICE, QP 34)            44712 bits [Y 35.3380 dB    U 38.9747 dB    V 40.0211 dB] [ET   803 ] [L0 12 8 ] [L1 16 12 ]
POC    13 TId: 5 (      STSA, B-SLICE, QP 36)            19080 bits [Y 34.7049 dB    U 38.8102 dB    V 39.8306 dB] [ET   721 ] [L0 12 8 ] [L1 14 16 ]
POC    15 TId: 5 (      STSA, B-SLICE, QP 36)            19184 bits [Y 34.9613 dB    U 39.1680 dB    V 40.3416 dB] [ET   637 ] [L0 14 12 ] [L1 16 14 ]

	Total Frames |   Bitrate     Y-PSNR    U-PSNR    V-PSNR    YUV-PSNR   
	       17    a    2333.2941   35.7388   39.2140   40.3501   36.5872

 finished @ Sun Apr 16 00:09:40 2023
 Total Time:    12772.319 sec. [user]    12772.331 sec. [elapsed]

Level: 0
Inject Calls: 16076509029
Errors injected by bit:
	Bit 0: 16220
	Bit 1: 15971
	Bit 2: 16243
	Bit 3: 15906
	Bit 4: 16075
	Bit 5: 16157
	Bit 6: 15980
	Bit 7: 16095

Total errors injected: 128647
