vvencFFapp: Fraunhofer VVC Encoder ver. 1.5.0 [Linux][GCC 11.3.0][64 bit][SIMD=AVX2]
 started @ Sat Apr 15 09:51:37 2023
CODING TOOL CFG: CTU128 QT44BTT21 IBD:1 SAO:1 ALF:1 (NonLinLuma:0 NonLinChr:0) CCALF:1 Tiles:1x1 Slices:1 WPP:0 WPP-Substreams:1 TMVP:1 DQ:1 SDH:0 CST:1 BDOF:1 DMVR:1 MTSImplicit:1 SBT:0 JCbCr:1 CabacInitPresent:1 AMVR:5 SMVD:3 LMCS:2 (Signal:SDR Opt:0) CIIP:0 MIP:1 AFFINE:2 (PROF:1, Type:1) MMVD:3 DisFracMMVD:1 SbTMVP:1 GPM:3 LFNST:1 MTS:0 ISP:3 TS:2 TSLog2MaxSize:4 useChromaTS:0 BDPCM:2 IBC:2 BCW:0 
ENC. ALG. CFG: QPA:0 HAD:1 RDQ:1 RDQTS:1 ASR:1 MinSearchWindow:96 RestrictMESampling:0 EDO:2 MCTF:2 
PRE-ANALYSIS CFG: STA:1 LeadFrames:0 TrailFrames:0 
FAST TOOL CFG: ECU:0 FEN:1 FDM:1 FastSearch:4 (SCC:2) LCTUFast:1 FastMrg:2 PBIntraFast:1 AMaxBT:1 FastQtBtEnc:1 ContentBasedFastQtbt:0 FastMIP:3 FastIntraTools:0 IntraEstDecBit:2 FastLocalDualTree:1 IntegerET:0 FastSubPel:1 QtbttExtraFast:3 FastTTSplit:0 IBCFastMethod:3 FIM:0 ALFSpeed:0 QuantThr: 4 
RATE CONTROL CFG: RateControl:0 LookAhead:0 
PARALLEL PROCESSING CFG: NumThreads:0 MaxParallelFrames:0 WppBitEqual:0 WF:0 

POC     0 TId: 0 (  IDR_N_LP, I-SLICE, QP 24, TF 3)     399128 bits [Y 38.6505 dB    U 40.8666 dB    V 42.1124 dB] [ET   224 ] [L0 ] [L1 ]
POC    16 TId: 1 (      STSA, B-SLICE, QP 28, TF 2)     241312 bits [Y 38.5529 dB    U 40.3365 dB    V 41.4228 dB] [ET   543 ] [L0 0 ] [L1 0 ]
POC     8 TId: 2 (      STSA, B-SLICE, QP 29, TF 1)     179912 bits [Y 37.2244 dB    U 39.5941 dB    V 40.8652 dB] [ET   904 ] [L0 0 16 ] [L1 16 0 ]
POC     4 TId: 3 (      STSA, B-SLICE, QP 32, TF 0)      77936 bits [Y 35.9470 dB    U 39.1575 dB    V 40.3404 dB] [ET   918 ] [L0 0 8 ] [L1 8 16 ]
POC     2 TId: 4 (      STSA, B-SLICE, QP 34)            44432 bits [Y 35.6318 dB    U 39.3254 dB    V 40.5598 dB] [ET   826 ] [L0 0 4 ] [L1 4 8 ]
POC     1 TId: 5 (      STSA, B-SLICE, QP 36)            23032 bits [Y 35.2991 dB    U 39.4774 dB    V 40.7720 dB] [ET   585 ] [L0 0 2 ] [L1 2 4 ]
POC     3 TId: 5 (      STSA, B-SLICE, QP 36)            21128 bits [Y 34.8979 dB    U 38.9159 dB    V 40.1732 dB] [ET   713 ] [L0 2 0 ] [L1 4 8 ]
POC     6 TId: 4 (      STSA, B-SLICE, QP 34)            42624 bits [Y 35.4707 dB    U 38.8930 dB    V 40.0872 dB] [ET   942 ] [L0 4 0 ] [L1 8 16 ]
POC     5 TId: 5 (      STSA, B-SLICE, QP 36)            19552 bits [Y 34.8886 dB    U 38.8091 dB    V 40.1088 dB] [ET   745 ] [L0 4 0 ] [L1 6 8 ]
POC     7 TId: 5 (      STSA, B-SLICE, QP 36)            21120 bits [Y 35.0020 dB    U 38.7317 dB    V 40.1137 dB] [ET   713 ] [L0 6 4 ] [L1 8 16 ]
POC    12 TId: 3 (      STSA, B-SLICE, QP 32, TF 0)      80544 bits [Y 35.8110 dB    U 39.2155 dB    V 40.0564 dB] [ET   973 ] [L0 8 0 ] [L1 16 8 ]
POC    10 TId: 4 (      STSA, B-SLICE, QP 34)            47616 bits [Y 35.4202 dB    U 38.8271 dB    V 39.7312 dB] [ET   989 ] [L0 8 0 ] [L1 12 16 ]
POC     9 TId: 5 (      STSA, B-SLICE, QP 36)            21288 bits [Y 34.9784 dB    U 38.7623 dB    V 39.9517 dB] [ET   714 ] [L0 8 0 ] [L1 10 12 ]
POC    11 TId: 5 (      STSA, B-SLICE, QP 36)            21248 bits [Y 34.7674 dB    U 38.7413 dB    V 39.6024 dB] [ET   760 ] [L0 10 8 ] [L1 12 16 ]
POC    14 TId: 4 (      STSA, B-SLICE, QP 34)            43648 bits [Y 35.3417 dB    U 38.9883 dB    V 40.0304 dB] [ET   806 ] [L0 12 8 ] [L1 16 12 ]
POC    13 TId: 5 (      STSA, B-SLICE, QP 36)            19952 bits [Y 34.7848 dB    U 38.8640 dB    V 39.7537 dB] [ET   699 ] [L0 12 8 ] [L1 14 16 ]
POC    15 TId: 5 (      STSA, B-SLICE, QP 36)            19416 bits [Y 34.9761 dB    U 39.1887 dB    V 40.2738 dB] [ET   606 ] [L0 14 12 ] [L1 16 14 ]

	Total Frames |   Bitrate     Y-PSNR    U-PSNR    V-PSNR    YUV-PSNR   
	       17    a    2336.2729   35.7438   39.2173   40.3503   36.5923

 finished @ Sat Apr 15 13:22:53 2023
 Total Time:    12676.050 sec. [user]    12676.491 sec. [elapsed]

Level: 0
Inject Calls: 15934714774
Errors injected by bit:
	Bit 0: 1594067
	Bit 1: 1592615
	Bit 2: 1593129
	Bit 3: 1592109
	Bit 4: 1592031
	Bit 5: 1594173
	Bit 6: 1593356
	Bit 7: 1592881

Total errors injected: 12744361
