vvencFFapp: Fraunhofer VVC Encoder ver. 1.5.0 [Linux][GCC 11.3.0][64 bit][SIMD=AVX2]
 started @ Thu Apr  6 06:01:12 2023
CODING TOOL CFG: CTU128 QT44BTT21 IBD:1 SAO:1 ALF:1 (NonLinLuma:0 NonLinChr:0) CCALF:1 Tiles:1x1 Slices:1 WPP:0 WPP-Substreams:1 TMVP:1 DQ:1 SDH:0 CST:1 BDOF:1 DMVR:1 MTSImplicit:1 SBT:0 JCbCr:1 CabacInitPresent:1 AMVR:5 SMVD:3 LMCS:2 (Signal:SDR Opt:0) CIIP:0 MIP:1 AFFINE:2 (PROF:1, Type:1) MMVD:3 DisFracMMVD:1 SbTMVP:1 GPM:3 LFNST:1 MTS:0 ISP:3 TS:2 TSLog2MaxSize:4 useChromaTS:0 BDPCM:2 IBC:2 BCW:0 
ENC. ALG. CFG: QPA:0 HAD:1 RDQ:1 RDQTS:1 ASR:1 MinSearchWindow:96 RestrictMESampling:0 EDO:2 MCTF:2 
PRE-ANALYSIS CFG: STA:1 LeadFrames:0 TrailFrames:0 
FAST TOOL CFG: ECU:0 FEN:1 FDM:1 FastSearch:4 (SCC:2) LCTUFast:1 FastMrg:2 PBIntraFast:1 AMaxBT:1 FastQtBtEnc:1 ContentBasedFastQtbt:0 FastMIP:3 FastIntraTools:0 IntraEstDecBit:2 FastLocalDualTree:1 IntegerET:0 FastSubPel:1 QtbttExtraFast:3 FastTTSplit:0 IBCFastMethod:3 FIM:0 ALFSpeed:0 QuantThr: 4 
RATE CONTROL CFG: RateControl:0 LookAhead:0 
PARALLEL PROCESSING CFG: NumThreads:0 MaxParallelFrames:0 WppBitEqual:0 WF:0 

POC     0 TId: 0 (  IDR_N_LP, I-SLICE, QP 29, TF 2)     239000 bits [Y 37.7621 dB    U 41.1947 dB    V 42.2796 dB] [ET   203 ] [L0 ] [L1 ]
POC    16 TId: 1 (      STSA, B-SLICE, QP 34, TF 1)      48448 bits [Y 35.5786 dB    U 39.9180 dB    V 40.5776 dB] [ET   358 ] [L0 0 ] [L1 0 ]
POC     8 TId: 2 (      STSA, B-SLICE, QP 35, TF 0)      20712 bits [Y 35.7564 dB    U 40.2755 dB    V 41.0506 dB] [ET   458 ] [L0 0 16 ] [L1 16 0 ]
POC     4 TId: 3 (      STSA, B-SLICE, QP 38)             8184 bits [Y 35.5878 dB    U 40.6076 dB    V 41.4254 dB] [ET   371 ] [L0 0 8 ] [L1 8 16 ]
POC     2 TId: 4 (      STSA, B-SLICE, QP 40)             3688 bits [Y 35.7997 dB    U 40.9169 dB    V 41.8537 dB] [ET   274 ] [L0 0 4 ] [L1 4 8 ]
POC     1 TId: 5 (      STSA, B-SLICE, QP 41)             1336 bits [Y 36.3091 dB    U 40.9928 dB    V 42.0910 dB] [ET   191 ] [L0 0 2 ] [L1 2 4 ]
POC     3 TId: 5 (      STSA, B-SLICE, QP 41)             1464 bits [Y 35.3904 dB    U 40.8367 dB    V 41.6665 dB] [ET   271 ] [L0 2 0 ] [L1 4 8 ]
POC     6 TId: 4 (      STSA, B-SLICE, QP 40)             3792 bits [Y 35.1318 dB    U 40.5030 dB    V 41.3122 dB] [ET   348 ] [L0 4 0 ] [L1 8 16 ]
POC     5 TId: 5 (      STSA, B-SLICE, QP 41)             1608 bits [Y 35.0718 dB    U 40.5059 dB    V 41.3559 dB] [ET   254 ] [L0 4 0 ] [L1 6 8 ]
POC     7 TId: 5 (      STSA, B-SLICE, QP 41)             1272 bits [Y 35.1628 dB    U 40.3914 dB    V 41.2099 dB] [ET   247 ] [L0 6 4 ] [L1 8 16 ]
POC    12 TId: 3 (      STSA, B-SLICE, QP 38)            10136 bits [Y 34.9501 dB    U 40.1123 dB    V 40.7841 dB] [ET   412 ] [L0 8 0 ] [L1 16 8 ]
POC    10 TId: 4 (      STSA, B-SLICE, QP 40)             3608 bits [Y 34.7742 dB    U 40.1998 dB    V 40.9171 dB] [ET   351 ] [L0 8 0 ] [L1 12 16 ]
POC     9 TId: 5 (      STSA, B-SLICE, QP 41)             1672 bits [Y 34.9839 dB    U 40.2896 dB    V 41.0280 dB] [ET   295 ] [L0 8 0 ] [L1 10 12 ]
POC    11 TId: 5 (      STSA, B-SLICE, QP 41)             1768 bits [Y 34.6092 dB    U 40.1124 dB    V 40.8568 dB] [ET   263 ] [L0 10 8 ] [L1 12 16 ]
POC    14 TId: 4 (      STSA, B-SLICE, QP 40)             4560 bits [Y 34.5601 dB    U 39.9737 dB    V 40.6702 dB] [ET   291 ] [L0 12 8 ] [L1 16 12 ]
POC    13 TId: 5 (      STSA, B-SLICE, QP 41)             2056 bits [Y 34.5120 dB    U 40.0376 dB    V 40.7696 dB] [ET   280 ] [L0 12 8 ] [L1 14 16 ]
POC    15 TId: 5 (      STSA, B-SLICE, QP 41)             2000 bits [Y 34.6547 dB    U 39.9660 dB    V 40.5640 dB] [ET   223 ] [L0 14 12 ] [L1 16 14 ]

	Total Frames |   Bitrate     Y-PSNR    U-PSNR    V-PSNR    YUV-PSNR   
	       17    a    1254.0141   35.3291   40.4020   41.2007   36.4533

 finished @ Thu Apr  6 07:26:16 2023
 Total Time:     5103.564 sec. [user]     5103.991 sec. [elapsed]

Level: 0
Inject Calls: 6058936307
Errors injected by bit:
	Bit 0: 606274
	Bit 1: 606745
	Bit 2: 604588
	Bit 3: 605631
	Bit 4: 605023
	Bit 5: 606760
	Bit 6: 605807
	Bit 7: 605151

Total errors injected: 4845979
