vvencFFapp: Fraunhofer VVC Encoder ver. 1.5.0 [Linux][GCC 11.3.0][64 bit][SIMD=AVX2]
 started @ Sat Apr  8 22:17:24 2023
CODING TOOL CFG: CTU128 QT44BTT21 IBD:1 SAO:1 ALF:1 (NonLinLuma:0 NonLinChr:0) CCALF:1 Tiles:1x1 Slices:1 WPP:0 WPP-Substreams:1 TMVP:1 DQ:1 SDH:0 CST:1 BDOF:1 DMVR:1 MTSImplicit:1 SBT:0 JCbCr:1 CabacInitPresent:1 AMVR:5 SMVD:3 LMCS:2 (Signal:SDR Opt:0) CIIP:0 MIP:1 AFFINE:2 (PROF:1, Type:1) MMVD:3 DisFracMMVD:1 SbTMVP:1 GPM:3 LFNST:1 MTS:0 ISP:3 TS:2 TSLog2MaxSize:4 useChromaTS:0 BDPCM:2 IBC:2 BCW:0 
ENC. ALG. CFG: QPA:0 HAD:1 RDQ:1 RDQTS:1 ASR:1 MinSearchWindow:96 RestrictMESampling:0 EDO:2 MCTF:2 
PRE-ANALYSIS CFG: STA:1 LeadFrames:0 TrailFrames:0 
FAST TOOL CFG: ECU:0 FEN:1 FDM:1 FastSearch:4 (SCC:2) LCTUFast:1 FastMrg:2 PBIntraFast:1 AMaxBT:1 FastQtBtEnc:1 ContentBasedFastQtbt:0 FastMIP:3 FastIntraTools:0 IntraEstDecBit:2 FastLocalDualTree:1 IntegerET:0 FastSubPel:1 QtbttExtraFast:3 FastTTSplit:0 IBCFastMethod:3 FIM:0 ALFSpeed:0 QuantThr: 4 
RATE CONTROL CFG: RateControl:0 LookAhead:0 
PARALLEL PROCESSING CFG: NumThreads:0 MaxParallelFrames:0 WppBitEqual:0 WF:0 

POC     0 TId: 0 (  IDR_N_LP, I-SLICE, QP 24, TF 3)     303696 bits [Y 41.6478 dB    U 43.8365 dB    V 45.0113 dB] [ET   268 ] [L0 ] [L1 ]
POC    16 TId: 1 (      STSA, B-SLICE, QP 28, TF 2)      64776 bits [Y 39.5390 dB    U 42.4115 dB    V 43.0903 dB] [ET   450 ] [L0 0 ] [L1 0 ]
POC     8 TId: 2 (      STSA, B-SLICE, QP 29, TF 1)      38288 bits [Y 39.4576 dB    U 42.5193 dB    V 43.4037 dB] [ET   725 ] [L0 0 16 ] [L1 16 0 ]
POC     4 TId: 3 (      STSA, B-SLICE, QP 32, TF 0)      22696 bits [Y 39.0587 dB    U 42.2929 dB    V 43.1644 dB] [ET   739 ] [L0 0 8 ] [L1 8 16 ]
POC     2 TId: 4 (      STSA, B-SLICE, QP 34)            10656 bits [Y 39.1389 dB    U 42.7235 dB    V 43.4913 dB] [ET   580 ] [L0 0 4 ] [L1 4 8 ]
POC     1 TId: 5 (      STSA, B-SLICE, QP 36)              240 bits [Y 41.6478 dB    U 43.8365 dB    V 45.0113 dB] [ET   220 ] [L0 0 2 ] [L1 2 4 ]
POC     3 TId: 5 (      STSA, B-SLICE, QP 36)             6800 bits [Y 38.5063 dB    U 42.1852 dB    V 42.8139 dB] [ET   486 ] [L0 2 0 ] [L1 4 8 ]
POC     6 TId: 4 (      STSA, B-SLICE, QP 34)            14576 bits [Y 38.7415 dB    U 42.1208 dB    V 42.7843 dB] [ET   695 ] [L0 4 0 ] [L1 8 16 ]
POC     5 TId: 5 (      STSA, B-SLICE, QP 36)             6896 bits [Y 38.0702 dB    U 41.9390 dB    V 42.6624 dB] [ET   508 ] [L0 4 0 ] [L1 6 8 ]
POC     7 TId: 5 (      STSA, B-SLICE, QP 36)             7064 bits [Y 37.9860 dB    U 42.0675 dB    V 42.8334 dB] [ET   499 ] [L0 6 4 ] [L1 8 16 ]
POC    12 TId: 3 (      STSA, B-SLICE, QP 32, TF 0)      25704 bits [Y 38.5044 dB    U 41.8155 dB    V 42.5529 dB] [ET   741 ] [L0 8 0 ] [L1 16 8 ]
POC    10 TId: 4 (      STSA, B-SLICE, QP 34)            16208 bits [Y 38.3439 dB    U 41.8264 dB    V 42.3240 dB] [ET   845 ] [L0 8 0 ] [L1 12 16 ]
POC     9 TId: 5 (      STSA, B-SLICE, QP 36)             6592 bits [Y 38.3075 dB    U 42.1265 dB    V 42.4752 dB] [ET   497 ] [L0 8 0 ] [L1 10 12 ]
POC    11 TId: 5 (      STSA, B-SLICE, QP 36)             7976 bits [Y 37.9852 dB    U 41.7919 dB    V 42.1784 dB] [ET   530 ] [L0 10 8 ] [L1 12 16 ]
POC    14 TId: 4 (      STSA, B-SLICE, QP 34)            16456 bits [Y 38.1829 dB    U 41.5809 dB    V 42.1193 dB] [ET   664 ] [L0 12 8 ] [L1 16 12 ]
POC    13 TId: 5 (      STSA, B-SLICE, QP 36)             7952 bits [Y 37.8248 dB    U 41.7516 dB    V 42.0669 dB] [ET   518 ] [L0 12 8 ] [L1 14 16 ]
POC    15 TId: 5 (      STSA, B-SLICE, QP 36)             7200 bits [Y 37.9286 dB    U 41.9063 dB    V 42.2024 dB] [ET   390 ] [L0 14 12 ] [L1 16 14 ]

	Total Frames |   Bitrate     Y-PSNR    U-PSNR    V-PSNR    YUV-PSNR   
	       17    a    1658.1647   38.8748   42.2783   42.9521   39.6836

 finished @ Sun Apr  9 00:53:37 2023
 Total Time:     9362.601 sec. [user]     9372.923 sec. [elapsed]

Level: 0
Inject Calls: 11193862824
Errors injected by bit:
	Bit 0: 11098
	Bit 1: 11276
	Bit 2: 11390
	Bit 3: 11360
	Bit 4: 11240
	Bit 5: 11196
	Bit 6: 11393
	Bit 7: 11273

Total errors injected: 90226
