vvencFFapp: Fraunhofer VVC Encoder ver. 1.5.0 [Linux][GCC 11.3.0][64 bit][SIMD=AVX2]
 started @ Thu Apr  6 06:51:13 2023
CODING TOOL CFG: CTU128 QT44BTT21 IBD:1 SAO:1 ALF:1 (NonLinLuma:0 NonLinChr:0) CCALF:1 Tiles:1x1 Slices:1 WPP:0 WPP-Substreams:1 TMVP:1 DQ:1 SDH:0 CST:1 BDOF:1 DMVR:1 MTSImplicit:1 SBT:0 JCbCr:1 CabacInitPresent:1 AMVR:5 SMVD:3 LMCS:2 (Signal:SDR Opt:0) CIIP:0 MIP:1 AFFINE:2 (PROF:1, Type:1) MMVD:3 DisFracMMVD:1 SbTMVP:1 GPM:3 LFNST:1 MTS:0 ISP:3 TS:2 TSLog2MaxSize:4 useChromaTS:0 BDPCM:2 IBC:2 BCW:0 
ENC. ALG. CFG: QPA:0 HAD:1 RDQ:1 RDQTS:1 ASR:1 MinSearchWindow:96 RestrictMESampling:0 EDO:2 MCTF:2 
PRE-ANALYSIS CFG: STA:1 LeadFrames:0 TrailFrames:0 
FAST TOOL CFG: ECU:0 FEN:1 FDM:1 FastSearch:4 (SCC:2) LCTUFast:1 FastMrg:2 PBIntraFast:1 AMaxBT:1 FastQtBtEnc:1 ContentBasedFastQtbt:0 FastMIP:3 FastIntraTools:0 IntraEstDecBit:2 FastLocalDualTree:1 IntegerET:0 FastSubPel:1 QtbttExtraFast:3 FastTTSplit:0 IBCFastMethod:3 FIM:0 ALFSpeed:0 QuantThr: 4 
RATE CONTROL CFG: RateControl:0 LookAhead:0 
PARALLEL PROCESSING CFG: NumThreads:0 MaxParallelFrames:0 WppBitEqual:0 WF:0 

POC     0 TId: 0 (  IDR_N_LP, I-SLICE, QP 29, TF 2)     239000 bits [Y 37.7621 dB    U 41.1947 dB    V 42.2796 dB] [ET   201 ] [L0 ] [L1 ]
POC    16 TId: 1 (      STSA, B-SLICE, QP 34, TF 1)      48560 bits [Y 35.5634 dB    U 39.8309 dB    V 40.5974 dB] [ET   351 ] [L0 0 ] [L1 0 ]
POC     8 TId: 2 (      STSA, B-SLICE, QP 35, TF 0)      20552 bits [Y 35.7504 dB    U 40.2468 dB    V 41.1368 dB] [ET   454 ] [L0 0 16 ] [L1 16 0 ]
POC     4 TId: 3 (      STSA, B-SLICE, QP 38)             8360 bits [Y 35.6093 dB    U 40.6249 dB    V 41.5622 dB] [ET   383 ] [L0 0 8 ] [L1 8 16 ]
POC     2 TId: 4 (      STSA, B-SLICE, QP 40)             3640 bits [Y 35.8267 dB    U 40.9183 dB    V 41.8903 dB] [ET   251 ] [L0 0 4 ] [L1 4 8 ]
POC     1 TId: 5 (      STSA, B-SLICE, QP 41)             1448 bits [Y 36.3763 dB    U 41.0245 dB    V 42.1274 dB] [ET   187 ] [L0 0 2 ] [L1 2 4 ]
POC     3 TId: 5 (      STSA, B-SLICE, QP 41)             1416 bits [Y 35.3188 dB    U 40.8472 dB    V 41.7431 dB] [ET   268 ] [L0 2 0 ] [L1 4 8 ]
POC     6 TId: 4 (      STSA, B-SLICE, QP 40)             3632 bits [Y 35.0969 dB    U 40.4972 dB    V 41.3458 dB] [ET   313 ] [L0 4 0 ] [L1 8 16 ]
POC     5 TId: 5 (      STSA, B-SLICE, QP 41)             1536 bits [Y 35.0721 dB    U 40.5314 dB    V 41.4701 dB] [ET   249 ] [L0 4 0 ] [L1 6 8 ]
POC     7 TId: 5 (      STSA, B-SLICE, QP 41)             1232 bits [Y 35.1644 dB    U 40.3707 dB    V 41.2576 dB] [ET   274 ] [L0 6 4 ] [L1 8 16 ]
POC    12 TId: 3 (      STSA, B-SLICE, QP 38)             9920 bits [Y 34.9075 dB    U 40.1036 dB    V 40.8348 dB] [ET   421 ] [L0 8 0 ] [L1 16 8 ]
POC    10 TId: 4 (      STSA, B-SLICE, QP 40)             3784 bits [Y 34.7830 dB    U 40.1518 dB    V 40.9640 dB] [ET   348 ] [L0 8 0 ] [L1 12 16 ]
POC     9 TId: 5 (      STSA, B-SLICE, QP 41)             1680 bits [Y 34.9837 dB    U 40.2525 dB    V 41.0642 dB] [ET   277 ] [L0 8 0 ] [L1 10 12 ]
POC    11 TId: 5 (      STSA, B-SLICE, QP 41)             1736 bits [Y 34.5497 dB    U 40.0993 dB    V 40.8693 dB] [ET   268 ] [L0 10 8 ] [L1 12 16 ]
POC    14 TId: 4 (      STSA, B-SLICE, QP 40)             4856 bits [Y 34.6120 dB    U 39.9251 dB    V 40.7013 dB] [ET   293 ] [L0 12 8 ] [L1 16 12 ]
POC    13 TId: 5 (      STSA, B-SLICE, QP 41)             2176 bits [Y 34.5496 dB    U 40.0228 dB    V 40.7408 dB] [ET   270 ] [L0 12 8 ] [L1 14 16 ]
POC    15 TId: 5 (      STSA, B-SLICE, QP 41)             1992 bits [Y 34.6523 dB    U 39.8884 dB    V 40.6128 dB] [ET   220 ] [L0 14 12 ] [L1 16 14 ]

	Total Frames |   Bitrate     Y-PSNR    U-PSNR    V-PSNR    YUV-PSNR   
	       17    a    1254.7765   35.3281   40.3841   41.2469   36.4529

 finished @ Thu Apr  6 08:15:15 2023
 Total Time:     5041.165 sec. [user]     5041.252 sec. [elapsed]

Level: 0
Inject Calls: 5966983795
Errors injected by bit:
	Bit 0: 596850
	Bit 1: 595923
	Bit 2: 597596
	Bit 3: 597901
	Bit 4: 595982
	Bit 5: 596235
	Bit 6: 596068
	Bit 7: 597527

Total errors injected: 4774082
