vvencFFapp: Fraunhofer VVC Encoder ver. 1.5.0 [Linux][GCC 11.3.0][64 bit][SIMD=AVX2]
 started @ Sun Apr 16 18:27:10 2023
CODING TOOL CFG: CTU128 QT44BTT21 IBD:1 SAO:1 ALF:1 (NonLinLuma:0 NonLinChr:0) CCALF:1 Tiles:1x1 Slices:1 WPP:0 WPP-Substreams:1 TMVP:1 DQ:1 SDH:0 CST:1 BDOF:1 DMVR:1 MTSImplicit:1 SBT:0 JCbCr:1 CabacInitPresent:1 AMVR:5 SMVD:3 LMCS:2 (Signal:SDR Opt:0) CIIP:0 MIP:1 AFFINE:2 (PROF:1, Type:1) MMVD:3 DisFracMMVD:1 SbTMVP:1 GPM:3 LFNST:1 MTS:0 ISP:3 TS:2 TSLog2MaxSize:4 useChromaTS:0 BDPCM:2 IBC:2 BCW:0 
ENC. ALG. CFG: QPA:0 HAD:1 RDQ:1 RDQTS:1 ASR:1 MinSearchWindow:96 RestrictMESampling:0 EDO:2 MCTF:2 
PRE-ANALYSIS CFG: STA:1 LeadFrames:0 TrailFrames:0 
FAST TOOL CFG: ECU:0 FEN:1 FDM:1 FastSearch:4 (SCC:2) LCTUFast:1 FastMrg:2 PBIntraFast:1 AMaxBT:1 FastQtBtEnc:1 ContentBasedFastQtbt:0 FastMIP:3 FastIntraTools:0 IntraEstDecBit:2 FastLocalDualTree:1 IntegerET:0 FastSubPel:1 QtbttExtraFast:3 FastTTSplit:0 IBCFastMethod:3 FIM:0 ALFSpeed:0 QuantThr: 4 
RATE CONTROL CFG: RateControl:0 LookAhead:0 
PARALLEL PROCESSING CFG: NumThreads:0 MaxParallelFrames:0 WppBitEqual:0 WF:0 

POC     0 TId: 0 (  IDR_N_LP, I-SLICE, QP 29, TF 2)     245544 bits [Y 36.0242 dB    U 38.6082 dB    V 40.2672 dB] [ET   169 ] [L0 ] [L1 ]
POC    16 TId: 1 (      STSA, B-SLICE, QP 34, TF 1)     117024 bits [Y 34.6602 dB    U 37.5111 dB    V 38.6058 dB] [ET   465 ] [L0 0 ] [L1 0 ]
POC     8 TId: 2 (      STSA, B-SLICE, QP 35, TF 0)      81944 bits [Y 33.7917 dB    U 37.1098 dB    V 38.2532 dB] [ET   768 ] [L0 0 16 ] [L1 16 0 ]
POC     4 TId: 3 (      STSA, B-SLICE, QP 38)            35840 bits [Y 33.0233 dB    U 37.2809 dB    V 38.4372 dB] [ET   764 ] [L0 0 8 ] [L1 8 16 ]
POC     2 TId: 4 (      STSA, B-SLICE, QP 40)            19624 bits [Y 32.6654 dB    U 37.5670 dB    V 38.9617 dB] [ET   608 ] [L0 0 4 ] [L1 4 8 ]
POC     1 TId: 5 (      STSA, B-SLICE, QP 41)            10584 bits [Y 32.8685 dB    U 37.5996 dB    V 39.1263 dB] [ET   463 ] [L0 0 2 ] [L1 2 4 ]
POC     3 TId: 5 (      STSA, B-SLICE, QP 41)             9656 bits [Y 32.2280 dB    U 37.2140 dB    V 38.4985 dB] [ET   549 ] [L0 2 0 ] [L1 4 8 ]
POC     6 TId: 4 (      STSA, B-SLICE, QP 40)            18592 bits [Y 32.4043 dB    U 36.9684 dB    V 38.2275 dB] [ET   752 ] [L0 4 0 ] [L1 8 16 ]
POC     5 TId: 5 (      STSA, B-SLICE, QP 41)             9408 bits [Y 32.2652 dB    U 37.0097 dB    V 38.2838 dB] [ET   588 ] [L0 4 0 ] [L1 6 8 ]
POC     7 TId: 5 (      STSA, B-SLICE, QP 41)             9248 bits [Y 32.2621 dB    U 36.7699 dB    V 38.0622 dB] [ET   554 ] [L0 6 4 ] [L1 8 16 ]
POC    12 TId: 3 (      STSA, B-SLICE, QP 38)            36856 bits [Y 32.7491 dB    U 37.1405 dB    V 37.8882 dB] [ET   795 ] [L0 8 0 ] [L1 16 8 ]
POC    10 TId: 4 (      STSA, B-SLICE, QP 40)            20392 bits [Y 32.1805 dB    U 36.9813 dB    V 37.7520 dB] [ET   748 ] [L0 8 0 ] [L1 12 16 ]
POC     9 TId: 5 (      STSA, B-SLICE, QP 41)             9688 bits [Y 32.1676 dB    U 36.8789 dB    V 37.8967 dB] [ET   532 ] [L0 8 0 ] [L1 10 12 ]
POC    11 TId: 5 (      STSA, B-SLICE, QP 41)             9432 bits [Y 31.9909 dB    U 36.9497 dB    V 37.6824 dB] [ET   588 ] [L0 10 8 ] [L1 12 16 ]
POC    14 TId: 4 (      STSA, B-SLICE, QP 40)            18544 bits [Y 32.3350 dB    U 36.9719 dB    V 37.8653 dB] [ET   640 ] [L0 12 8 ] [L1 16 12 ]
POC    13 TId: 5 (      STSA, B-SLICE, QP 41)             9480 bits [Y 32.1155 dB    U 36.8983 dB    V 37.7464 dB] [ET   545 ] [L0 12 8 ] [L1 14 16 ]
POC    15 TId: 5 (      STSA, B-SLICE, QP 41)             8408 bits [Y 32.4531 dB    U 37.0731 dB    V 38.1631 dB] [ET   477 ] [L0 14 12 ] [L1 16 14 ]

	Total Frames |   Bitrate     Y-PSNR    U-PSNR    V-PSNR    YUV-PSNR   
	       17    a    1182.8188   32.8344   37.2078   38.3363   33.8490

 finished @ Sun Apr 16 21:14:11 2023
 Total Time:    10019.914 sec. [user]    10020.214 sec. [elapsed]

Level: 0
Inject Calls: 12768625978
Errors injected by bit:
	Bit 0: 12768257
	Bit 1: 12764840
	Bit 2: 12767876
	Bit 3: 12766521
	Bit 4: 12769115
	Bit 5: 12770218
	Bit 6: 12771051
	Bit 7: 12772539

Total errors injected: 102150417
