vvencFFapp: Fraunhofer VVC Encoder ver. 1.5.0 [Linux][GCC 11.3.0][64 bit][SIMD=AVX2]
 started @ Mon Apr 17 03:02:19 2023
CODING TOOL CFG: CTU128 QT44BTT21 IBD:1 SAO:1 ALF:1 (NonLinLuma:0 NonLinChr:0) CCALF:1 Tiles:1x1 Slices:1 WPP:0 WPP-Substreams:1 TMVP:1 DQ:1 SDH:0 CST:1 BDOF:1 DMVR:1 MTSImplicit:1 SBT:0 JCbCr:1 CabacInitPresent:1 AMVR:5 SMVD:3 LMCS:2 (Signal:SDR Opt:0) CIIP:0 MIP:1 AFFINE:2 (PROF:1, Type:1) MMVD:3 DisFracMMVD:1 SbTMVP:1 GPM:3 LFNST:1 MTS:0 ISP:3 TS:2 TSLog2MaxSize:4 useChromaTS:0 BDPCM:2 IBC:2 BCW:0 
ENC. ALG. CFG: QPA:0 HAD:1 RDQ:1 RDQTS:1 ASR:1 MinSearchWindow:96 RestrictMESampling:0 EDO:2 MCTF:2 
PRE-ANALYSIS CFG: STA:1 LeadFrames:0 TrailFrames:0 
FAST TOOL CFG: ECU:0 FEN:1 FDM:1 FastSearch:4 (SCC:2) LCTUFast:1 FastMrg:2 PBIntraFast:1 AMaxBT:1 FastQtBtEnc:1 ContentBasedFastQtbt:0 FastMIP:3 FastIntraTools:0 IntraEstDecBit:2 FastLocalDualTree:1 IntegerET:0 FastSubPel:1 QtbttExtraFast:3 FastTTSplit:0 IBCFastMethod:3 FIM:0 ALFSpeed:0 QuantThr: 4 
RATE CONTROL CFG: RateControl:0 LookAhead:0 
PARALLEL PROCESSING CFG: NumThreads:0 MaxParallelFrames:0 WppBitEqual:0 WF:0 

POC     0 TId: 0 (  IDR_N_LP, I-SLICE, QP 29, TF 2)     245544 bits [Y 36.0242 dB    U 38.6082 dB    V 40.2672 dB] [ET   169 ] [L0 ] [L1 ]
POC    16 TId: 1 (      STSA, B-SLICE, QP 34, TF 1)     115496 bits [Y 34.6581 dB    U 37.4601 dB    V 38.5704 dB] [ET   471 ] [L0 0 ] [L1 0 ]
POC     8 TId: 2 (      STSA, B-SLICE, QP 35, TF 0)      82560 bits [Y 33.8111 dB    U 37.0331 dB    V 38.2362 dB] [ET   782 ] [L0 0 16 ] [L1 16 0 ]
POC     4 TId: 3 (      STSA, B-SLICE, QP 38)            35920 bits [Y 33.0302 dB    U 37.1507 dB    V 38.5965 dB] [ET   765 ] [L0 0 8 ] [L1 8 16 ]
POC     2 TId: 4 (      STSA, B-SLICE, QP 40)            18944 bits [Y 32.6528 dB    U 37.4922 dB    V 38.9459 dB] [ET   631 ] [L0 0 4 ] [L1 4 8 ]
POC     1 TId: 5 (      STSA, B-SLICE, QP 41)            10848 bits [Y 32.9036 dB    U 37.6150 dB    V 39.1661 dB] [ET   474 ] [L0 0 2 ] [L1 2 4 ]
POC     3 TId: 5 (      STSA, B-SLICE, QP 41)            10056 bits [Y 32.2782 dB    U 37.0490 dB    V 38.4846 dB] [ET   580 ] [L0 2 0 ] [L1 4 8 ]
POC     6 TId: 4 (      STSA, B-SLICE, QP 40)            18656 bits [Y 32.4514 dB    U 36.8937 dB    V 38.2070 dB] [ET   793 ] [L0 4 0 ] [L1 8 16 ]
POC     5 TId: 5 (      STSA, B-SLICE, QP 41)             9136 bits [Y 32.2974 dB    U 36.9219 dB    V 38.4627 dB] [ET   599 ] [L0 4 0 ] [L1 6 8 ]
POC     7 TId: 5 (      STSA, B-SLICE, QP 41)             9128 bits [Y 32.2785 dB    U 36.6256 dB    V 37.9990 dB] [ET   574 ] [L0 6 4 ] [L1 8 16 ]
POC    12 TId: 3 (      STSA, B-SLICE, QP 38)            36536 bits [Y 32.8197 dB    U 37.1788 dB    V 37.8905 dB] [ET   797 ] [L0 8 0 ] [L1 16 8 ]
POC    10 TId: 4 (      STSA, B-SLICE, QP 40)            20416 bits [Y 32.2378 dB    U 36.8755 dB    V 37.7351 dB] [ET   794 ] [L0 8 0 ] [L1 12 16 ]
POC     9 TId: 5 (      STSA, B-SLICE, QP 41)             9944 bits [Y 32.2167 dB    U 36.7976 dB    V 37.8796 dB] [ET   530 ] [L0 8 0 ] [L1 10 12 ]
POC    11 TId: 5 (      STSA, B-SLICE, QP 41)             9128 bits [Y 31.9731 dB    U 36.9207 dB    V 37.7050 dB] [ET   584 ] [L0 10 8 ] [L1 12 16 ]
POC    14 TId: 4 (      STSA, B-SLICE, QP 40)            19224 bits [Y 32.3509 dB    U 37.1015 dB    V 37.8369 dB] [ET   632 ] [L0 12 8 ] [L1 16 12 ]
POC    13 TId: 5 (      STSA, B-SLICE, QP 41)             9264 bits [Y 32.1449 dB    U 36.9785 dB    V 37.7553 dB] [ET   593 ] [L0 12 8 ] [L1 14 16 ]
POC    15 TId: 5 (      STSA, B-SLICE, QP 41)             8728 bits [Y 32.4984 dB    U 37.1621 dB    V 38.0947 dB] [ET   475 ] [L0 14 12 ] [L1 16 14 ]

	Total Frames |   Bitrate     Y-PSNR    U-PSNR    V-PSNR    YUV-PSNR   
	       17    a    1181.5200   32.8604   37.1685   38.3431   33.8700

 finished @ Mon Apr 17 05:53:16 2023
 Total Time:    10256.319 sec. [user]    10256.604 sec. [elapsed]

Level: 0
Inject Calls: 13128165359
Errors injected by bit:
	Bit 0: 1310276
	Bit 1: 1311561
	Bit 2: 1315750
	Bit 3: 1311812
	Bit 4: 1312957
	Bit 5: 1313529
	Bit 6: 1312523
	Bit 7: 1312409

Total errors injected: 10500817
