vvencFFapp: Fraunhofer VVC Encoder ver. 1.5.0 [Linux][GCC 11.3.0][64 bit][SIMD=AVX2]
 started @ Fri Apr  7 19:26:55 2023
CODING TOOL CFG: CTU128 QT44BTT21 IBD:1 SAO:1 ALF:1 (NonLinLuma:0 NonLinChr:0) CCALF:1 Tiles:1x1 Slices:1 WPP:0 WPP-Substreams:1 TMVP:1 DQ:1 SDH:0 CST:1 BDOF:1 DMVR:1 MTSImplicit:1 SBT:0 JCbCr:1 CabacInitPresent:1 AMVR:5 SMVD:3 LMCS:2 (Signal:SDR Opt:0) CIIP:0 MIP:1 AFFINE:2 (PROF:1, Type:1) MMVD:3 DisFracMMVD:1 SbTMVP:1 GPM:3 LFNST:1 MTS:0 ISP:3 TS:2 TSLog2MaxSize:4 useChromaTS:0 BDPCM:2 IBC:2 BCW:0 
ENC. ALG. CFG: QPA:0 HAD:1 RDQ:1 RDQTS:1 ASR:1 MinSearchWindow:96 RestrictMESampling:0 EDO:2 MCTF:2 
PRE-ANALYSIS CFG: STA:1 LeadFrames:0 TrailFrames:0 
FAST TOOL CFG: ECU:0 FEN:1 FDM:1 FastSearch:4 (SCC:2) LCTUFast:1 FastMrg:2 PBIntraFast:1 AMaxBT:1 FastQtBtEnc:1 ContentBasedFastQtbt:0 FastMIP:3 FastIntraTools:0 IntraEstDecBit:2 FastLocalDualTree:1 IntegerET:0 FastSubPel:1 QtbttExtraFast:3 FastTTSplit:0 IBCFastMethod:3 FIM:0 ALFSpeed:0 QuantThr: 4 
RATE CONTROL CFG: RateControl:0 LookAhead:0 
PARALLEL PROCESSING CFG: NumThreads:0 MaxParallelFrames:0 WppBitEqual:0 WF:0 

POC     0 TId: 0 (  IDR_N_LP, I-SLICE, QP 19, TF 3)     564808 bits [Y 45.1467 dB    U 46.3576 dB    V 47.8581 dB] [ET   364 ] [L0 ] [L1 ]
POC    16 TId: 1 (      STSA, B-SLICE, QP 22, TF 2)     140448 bits [Y 42.6751 dB    U 44.8737 dB    V 45.9566 dB] [ET   569 ] [L0 0 ] [L1 0 ]
POC     8 TId: 2 (      STSA, B-SLICE, QP 23, TF 1)      79304 bits [Y 42.2988 dB    U 44.6948 dB    V 46.1538 dB] [ET   974 ] [L0 0 16 ] [L1 16 0 ]
POC     4 TId: 3 (      STSA, B-SLICE, QP 26, TF 0)      46904 bits [Y 41.8902 dB    U 44.4370 dB    V 45.7246 dB] [ET   879 ] [L0 0 8 ] [L1 8 16 ]
POC     2 TId: 4 (      STSA, B-SLICE, QP 28)            24736 bits [Y 41.9052 dB    U 44.8060 dB    V 46.0310 dB] [ET   702 ] [L0 0 4 ] [L1 4 8 ]
POC     1 TId: 5 (      STSA, B-SLICE, QP 29)              256 bits [Y 45.1467 dB    U 46.3576 dB    V 47.8581 dB] [ET   314 ] [L0 0 2 ] [L1 2 4 ]
POC     3 TId: 5 (      STSA, B-SLICE, QP 29)            18912 bits [Y 41.5753 dB    U 44.3528 dB    V 45.5647 dB] [ET   702 ] [L0 2 0 ] [L1 4 8 ]
POC     6 TId: 4 (      STSA, B-SLICE, QP 28)            31896 bits [Y 41.5982 dB    U 44.1898 dB    V 45.3696 dB] [ET   909 ] [L0 4 0 ] [L1 8 16 ]
POC     5 TId: 5 (      STSA, B-SLICE, QP 29)            20848 bits [Y 41.2523 dB    U 44.0360 dB    V 45.2416 dB] [ET   837 ] [L0 4 0 ] [L1 6 8 ]
POC     7 TId: 5 (      STSA, B-SLICE, QP 29)            21952 bits [Y 41.1913 dB    U 44.2073 dB    V 45.3332 dB] [ET   727 ] [L0 6 4 ] [L1 8 16 ]
POC    12 TId: 3 (      STSA, B-SLICE, QP 26, TF 0)      54912 bits [Y 41.4880 dB    U 44.1583 dB    V 45.2437 dB] [ET   871 ] [L0 8 0 ] [L1 16 8 ]
POC    10 TId: 4 (      STSA, B-SLICE, QP 28)            35736 bits [Y 41.2626 dB    U 44.0367 dB    V 45.0278 dB] [ET  1037 ] [L0 8 0 ] [L1 12 16 ]
POC     9 TId: 5 (      STSA, B-SLICE, QP 29)            20096 bits [Y 41.4963 dB    U 44.2357 dB    V 45.3098 dB] [ET   724 ] [L0 8 0 ] [L1 10 12 ]
POC    11 TId: 5 (      STSA, B-SLICE, QP 29)            22848 bits [Y 41.2298 dB    U 43.9854 dB    V 44.8592 dB] [ET   757 ] [L0 10 8 ] [L1 12 16 ]
POC    14 TId: 4 (      STSA, B-SLICE, QP 28)            37104 bits [Y 41.2368 dB    U 43.9540 dB    V 44.7961 dB] [ET   768 ] [L0 12 8 ] [L1 16 12 ]
POC    13 TId: 5 (      STSA, B-SLICE, QP 29)            23008 bits [Y 41.0677 dB    U 43.9637 dB    V 44.8223 dB] [ET   692 ] [L0 12 8 ] [L1 14 16 ]
POC    15 TId: 5 (      STSA, B-SLICE, QP 29)            20992 bits [Y 41.0616 dB    U 44.1355 dB    V 44.7823 dB] [ET   530 ] [L0 14 12 ] [L1 16 14 ]

	Total Frames |   Bitrate     Y-PSNR    U-PSNR    V-PSNR    YUV-PSNR   
	       17    a    3425.7647   41.9719   44.5166   45.6431   42.6445

 finished @ Fri Apr  7 22:53:10 2023
 Total Time:    12352.097 sec. [user]    12374.361 sec. [elapsed]

Level: 0
Inject Calls: 14689681583
Errors injected by bit:
	Bit 0: 14497
	Bit 1: 14565
	Bit 2: 14675
	Bit 3: 14625
	Bit 4: 14924
	Bit 5: 14692
	Bit 6: 14704
	Bit 7: 14756

Total errors injected: 117438
