vvencFFapp: Fraunhofer VVC Encoder ver. 1.5.0 [Linux][GCC 11.3.0][64 bit][SIMD=AVX2]
 started @ Thu Apr  6 03:01:09 2023
CODING TOOL CFG: CTU128 QT44BTT21 IBD:1 SAO:1 ALF:1 (NonLinLuma:0 NonLinChr:0) CCALF:1 Tiles:1x1 Slices:1 WPP:0 WPP-Substreams:1 TMVP:1 DQ:1 SDH:0 CST:1 BDOF:1 DMVR:1 MTSImplicit:1 SBT:0 JCbCr:1 CabacInitPresent:1 AMVR:5 SMVD:3 LMCS:2 (Signal:SDR Opt:0) CIIP:0 MIP:1 AFFINE:2 (PROF:1, Type:1) MMVD:3 DisFracMMVD:1 SbTMVP:1 GPM:3 LFNST:1 MTS:0 ISP:3 TS:2 TSLog2MaxSize:4 useChromaTS:0 BDPCM:2 IBC:2 BCW:0 
ENC. ALG. CFG: QPA:0 HAD:1 RDQ:1 RDQTS:1 ASR:1 MinSearchWindow:96 RestrictMESampling:0 EDO:2 MCTF:2 
PRE-ANALYSIS CFG: STA:1 LeadFrames:0 TrailFrames:0 
FAST TOOL CFG: ECU:0 FEN:1 FDM:1 FastSearch:4 (SCC:2) LCTUFast:1 FastMrg:2 PBIntraFast:1 AMaxBT:1 FastQtBtEnc:1 ContentBasedFastQtbt:0 FastMIP:3 FastIntraTools:0 IntraEstDecBit:2 FastLocalDualTree:1 IntegerET:0 FastSubPel:1 QtbttExtraFast:3 FastTTSplit:0 IBCFastMethod:3 FIM:0 ALFSpeed:0 QuantThr: 4 
RATE CONTROL CFG: RateControl:0 LookAhead:0 
PARALLEL PROCESSING CFG: NumThreads:0 MaxParallelFrames:0 WppBitEqual:0 WF:0 

POC     0 TId: 0 (  IDR_N_LP, I-SLICE, QP 29, TF 2)     239000 bits [Y 37.7621 dB    U 41.1947 dB    V 42.2796 dB] [ET   204 ] [L0 ] [L1 ]
POC    16 TId: 1 (      STSA, B-SLICE, QP 34, TF 1)      48752 bits [Y 35.5748 dB    U 39.8291 dB    V 40.6085 dB] [ET   355 ] [L0 0 ] [L1 0 ]
POC     8 TId: 2 (      STSA, B-SLICE, QP 35, TF 0)      20704 bits [Y 35.7593 dB    U 40.2218 dB    V 41.1085 dB] [ET   465 ] [L0 0 16 ] [L1 16 0 ]
POC     4 TId: 3 (      STSA, B-SLICE, QP 38)             8072 bits [Y 35.5884 dB    U 40.6418 dB    V 41.4897 dB] [ET   411 ] [L0 0 8 ] [L1 8 16 ]
POC     2 TId: 4 (      STSA, B-SLICE, QP 40)             3808 bits [Y 35.8140 dB    U 40.9576 dB    V 41.9242 dB] [ET   268 ] [L0 0 4 ] [L1 4 8 ]
POC     1 TId: 5 (      STSA, B-SLICE, QP 41)             1384 bits [Y 36.3731 dB    U 41.0195 dB    V 42.1163 dB] [ET   198 ] [L0 0 2 ] [L1 2 4 ]
POC     3 TId: 5 (      STSA, B-SLICE, QP 41)             1336 bits [Y 35.3621 dB    U 40.8688 dB    V 41.7385 dB] [ET   273 ] [L0 2 0 ] [L1 4 8 ]
POC     6 TId: 4 (      STSA, B-SLICE, QP 40)             3600 bits [Y 35.0891 dB    U 40.4737 dB    V 41.2827 dB] [ET   338 ] [L0 4 0 ] [L1 8 16 ]
POC     5 TId: 5 (      STSA, B-SLICE, QP 41)             1552 bits [Y 35.0488 dB    U 40.4973 dB    V 41.3739 dB] [ET   253 ] [L0 4 0 ] [L1 6 8 ]
POC     7 TId: 5 (      STSA, B-SLICE, QP 41)             1440 bits [Y 35.1818 dB    U 40.3550 dB    V 41.1996 dB] [ET   261 ] [L0 6 4 ] [L1 8 16 ]
POC    12 TId: 3 (      STSA, B-SLICE, QP 38)             9880 bits [Y 34.9054 dB    U 40.0534 dB    V 40.8692 dB] [ET   410 ] [L0 8 0 ] [L1 16 8 ]
POC    10 TId: 4 (      STSA, B-SLICE, QP 40)             3920 bits [Y 34.7512 dB    U 40.1023 dB    V 40.9477 dB] [ET   354 ] [L0 8 0 ] [L1 12 16 ]
POC     9 TId: 5 (      STSA, B-SLICE, QP 41)             1584 bits [Y 34.9023 dB    U 40.2408 dB    V 41.0848 dB] [ET   287 ] [L0 8 0 ] [L1 10 12 ]
POC    11 TId: 5 (      STSA, B-SLICE, QP 41)             1904 bits [Y 34.5714 dB    U 40.0671 dB    V 40.8925 dB] [ET   275 ] [L0 10 8 ] [L1 12 16 ]
POC    14 TId: 4 (      STSA, B-SLICE, QP 40)             4696 bits [Y 34.5505 dB    U 39.8738 dB    V 40.6844 dB] [ET   303 ] [L0 12 8 ] [L1 16 12 ]
POC    13 TId: 5 (      STSA, B-SLICE, QP 41)             1984 bits [Y 34.4682 dB    U 39.9951 dB    V 40.8150 dB] [ET   292 ] [L0 12 8 ] [L1 14 16 ]
POC    15 TId: 5 (      STSA, B-SLICE, QP 41)             2056 bits [Y 34.6241 dB    U 39.8729 dB    V 40.6179 dB] [ET   216 ] [L0 14 12 ] [L1 16 14 ]

	Total Frames |   Bitrate     Y-PSNR    U-PSNR    V-PSNR    YUV-PSNR   
	       17    a    1255.3129   35.3133   40.3685   41.2372   36.4364

 finished @ Thu Apr  6 04:27:24 2023
 Total Time:     5174.510 sec. [user]     5175.106 sec. [elapsed]

Level: 0
Inject Calls: 6109568473
Errors injected by bit:
	Bit 0: 6108999
	Bit 1: 6107948
	Bit 2: 6106435
	Bit 3: 6110701
	Bit 4: 6110677
	Bit 5: 6108341
	Bit 6: 6109653
	Bit 7: 6107383

Total errors injected: 48870137
