vvencFFapp: Fraunhofer VVC Encoder ver. 1.5.0 [Linux][GCC 11.3.0][64 bit][SIMD=AVX2]
 started @ Sat Apr 15 21:36:49 2023
CODING TOOL CFG: CTU128 QT44BTT21 IBD:1 SAO:1 ALF:1 (NonLinLuma:0 NonLinChr:0) CCALF:1 Tiles:1x1 Slices:1 WPP:0 WPP-Substreams:1 TMVP:1 DQ:1 SDH:0 CST:1 BDOF:1 DMVR:1 MTSImplicit:1 SBT:0 JCbCr:1 CabacInitPresent:1 AMVR:5 SMVD:3 LMCS:2 (Signal:SDR Opt:0) CIIP:0 MIP:1 AFFINE:2 (PROF:1, Type:1) MMVD:3 DisFracMMVD:1 SbTMVP:1 GPM:3 LFNST:1 MTS:0 ISP:3 TS:2 TSLog2MaxSize:4 useChromaTS:0 BDPCM:2 IBC:2 BCW:0 
ENC. ALG. CFG: QPA:0 HAD:1 RDQ:1 RDQTS:1 ASR:1 MinSearchWindow:96 RestrictMESampling:0 EDO:2 MCTF:2 
PRE-ANALYSIS CFG: STA:1 LeadFrames:0 TrailFrames:0 
FAST TOOL CFG: ECU:0 FEN:1 FDM:1 FastSearch:4 (SCC:2) LCTUFast:1 FastMrg:2 PBIntraFast:1 AMaxBT:1 FastQtBtEnc:1 ContentBasedFastQtbt:0 FastMIP:3 FastIntraTools:0 IntraEstDecBit:2 FastLocalDualTree:1 IntegerET:0 FastSubPel:1 QtbttExtraFast:3 FastTTSplit:0 IBCFastMethod:3 FIM:0 ALFSpeed:0 QuantThr: 4 
RATE CONTROL CFG: RateControl:0 LookAhead:0 
PARALLEL PROCESSING CFG: NumThreads:0 MaxParallelFrames:0 WppBitEqual:0 WF:0 

POC     0 TId: 0 (  IDR_N_LP, I-SLICE, QP 24, TF 3)     399128 bits [Y 38.6505 dB    U 40.8666 dB    V 42.1124 dB] [ET   222 ] [L0 ] [L1 ]
POC    16 TId: 1 (      STSA, B-SLICE, QP 28, TF 2)     240408 bits [Y 38.5399 dB    U 40.3746 dB    V 41.5365 dB] [ET   546 ] [L0 0 ] [L1 0 ]
POC     8 TId: 2 (      STSA, B-SLICE, QP 29, TF 1)     179392 bits [Y 37.2341 dB    U 39.5270 dB    V 40.6831 dB] [ET   912 ] [L0 0 16 ] [L1 16 0 ]
POC     4 TId: 3 (      STSA, B-SLICE, QP 32, TF 0)      77792 bits [Y 35.9473 dB    U 39.1200 dB    V 40.2994 dB] [ET   936 ] [L0 0 8 ] [L1 8 16 ]
POC     2 TId: 4 (      STSA, B-SLICE, QP 34)            45424 bits [Y 35.6622 dB    U 39.3255 dB    V 40.5265 dB] [ET   827 ] [L0 0 4 ] [L1 4 8 ]
POC     1 TId: 5 (      STSA, B-SLICE, QP 36)            23424 bits [Y 35.3657 dB    U 39.4694 dB    V 40.8340 dB] [ET   599 ] [L0 0 2 ] [L1 2 4 ]
POC     3 TId: 5 (      STSA, B-SLICE, QP 36)            20408 bits [Y 34.8794 dB    U 38.9186 dB    V 40.1139 dB] [ET   714 ] [L0 2 0 ] [L1 4 8 ]
POC     6 TId: 4 (      STSA, B-SLICE, QP 34)            43048 bits [Y 35.4796 dB    U 38.8597 dB    V 39.9879 dB] [ET   934 ] [L0 4 0 ] [L1 8 16 ]
POC     5 TId: 5 (      STSA, B-SLICE, QP 36)            19664 bits [Y 34.9323 dB    U 38.7656 dB    V 40.0638 dB] [ET   740 ] [L0 4 0 ] [L1 6 8 ]
POC     7 TId: 5 (      STSA, B-SLICE, QP 36)            20840 bits [Y 35.0279 dB    U 38.7585 dB    V 39.8751 dB] [ET   739 ] [L0 6 4 ] [L1 8 16 ]
POC    12 TId: 3 (      STSA, B-SLICE, QP 32, TF 0)      78992 bits [Y 35.7620 dB    U 39.2127 dB    V 40.0163 dB] [ET   985 ] [L0 8 0 ] [L1 16 8 ]
POC    10 TId: 4 (      STSA, B-SLICE, QP 34)            46592 bits [Y 35.3683 dB    U 38.7720 dB    V 39.6514 dB] [ET  1001 ] [L0 8 0 ] [L1 12 16 ]
POC     9 TId: 5 (      STSA, B-SLICE, QP 36)            20952 bits [Y 34.9498 dB    U 38.7342 dB    V 39.8247 dB] [ET   728 ] [L0 8 0 ] [L1 10 12 ]
POC    11 TId: 5 (      STSA, B-SLICE, QP 36)            20648 bits [Y 34.7311 dB    U 38.6970 dB    V 39.5701 dB] [ET   769 ] [L0 10 8 ] [L1 12 16 ]
POC    14 TId: 4 (      STSA, B-SLICE, QP 34)            43600 bits [Y 35.3169 dB    U 38.9669 dB    V 40.0013 dB] [ET   818 ] [L0 12 8 ] [L1 16 12 ]
POC    13 TId: 5 (      STSA, B-SLICE, QP 36)            19760 bits [Y 34.7566 dB    U 38.8077 dB    V 39.7699 dB] [ET   713 ] [L0 12 8 ] [L1 14 16 ]
POC    15 TId: 5 (      STSA, B-SLICE, QP 36)            19056 bits [Y 34.9888 dB    U 39.2127 dB    V 40.3972 dB] [ET   637 ] [L0 14 12 ] [L1 16 14 ]

	Total Frames |   Bitrate     Y-PSNR    U-PSNR    V-PSNR    YUV-PSNR   
	       17    a    2327.8729   35.7407   39.1993   40.3096   36.5846

 finished @ Sun Apr 16 01:10:48 2023
 Total Time:    12838.949 sec. [user]    12839.211 sec. [elapsed]

Level: 0
Inject Calls: 16111453121
Errors injected by bit:
	Bit 0: 16068
	Bit 1: 15950
	Bit 2: 16118
	Bit 3: 16237
	Bit 4: 15967
	Bit 5: 16044
	Bit 6: 16050
	Bit 7: 16224

Total errors injected: 128658
