vvencFFapp: Fraunhofer VVC Encoder ver. 1.5.0 [Linux][GCC 11.3.0][64 bit][SIMD=AVX2]
 started @ Wed Apr  5 14:55:55 2023
CODING TOOL CFG: CTU128 QT44BTT21 IBD:1 SAO:1 ALF:1 (NonLinLuma:0 NonLinChr:0) CCALF:1 Tiles:1x1 Slices:1 WPP:0 WPP-Substreams:1 TMVP:1 DQ:1 SDH:0 CST:1 BDOF:1 DMVR:1 MTSImplicit:1 SBT:0 JCbCr:1 CabacInitPresent:1 AMVR:5 SMVD:3 LMCS:2 (Signal:SDR Opt:0) CIIP:0 MIP:1 AFFINE:2 (PROF:1, Type:1) MMVD:3 DisFracMMVD:1 SbTMVP:1 GPM:3 LFNST:1 MTS:0 ISP:3 TS:2 TSLog2MaxSize:4 useChromaTS:0 BDPCM:2 IBC:2 BCW:0 
ENC. ALG. CFG: QPA:0 HAD:1 RDQ:1 RDQTS:1 ASR:1 MinSearchWindow:96 RestrictMESampling:0 EDO:2 MCTF:2 
PRE-ANALYSIS CFG: STA:1 LeadFrames:0 TrailFrames:0 
FAST TOOL CFG: ECU:0 FEN:1 FDM:1 FastSearch:4 (SCC:2) LCTUFast:1 FastMrg:2 PBIntraFast:1 AMaxBT:1 FastQtBtEnc:1 ContentBasedFastQtbt:0 FastMIP:3 FastIntraTools:0 IntraEstDecBit:2 FastLocalDualTree:1 IntegerET:0 FastSubPel:1 QtbttExtraFast:3 FastTTSplit:0 IBCFastMethod:3 FIM:0 ALFSpeed:0 QuantThr: 4 
RATE CONTROL CFG: RateControl:0 LookAhead:0 
PARALLEL PROCESSING CFG: NumThreads:0 MaxParallelFrames:0 WppBitEqual:0 WF:0 

POC     0 TId: 0 (  IDR_N_LP, I-SLICE, QP 24, TF 3)     377624 bits [Y 40.2668 dB    U 43.0828 dB    V 44.6158 dB] [ET   268 ] [L0 ] [L1 ]
POC    16 TId: 1 (      STSA, B-SLICE, QP 28, TF 2)     101928 bits [Y 38.6939 dB    U 42.0512 dB    V 43.1729 dB] [ET   442 ] [L0 0 ] [L1 0 ]
POC     8 TId: 2 (      STSA, B-SLICE, QP 29, TF 1)      44352 bits [Y 38.5574 dB    U 42.2096 dB    V 43.5956 dB] [ET   524 ] [L0 0 16 ] [L1 16 0 ]
POC     4 TId: 3 (      STSA, B-SLICE, QP 32, TF 0)      18880 bits [Y 38.2866 dB    U 42.4190 dB    V 43.8290 dB] [ET   517 ] [L0 0 8 ] [L1 8 16 ]
POC     2 TId: 4 (      STSA, B-SLICE, QP 34)             7984 bits [Y 38.4008 dB    U 42.7599 dB    V 44.1660 dB] [ET   384 ] [L0 0 4 ] [L1 4 8 ]
POC     1 TId: 5 (      STSA, B-SLICE, QP 36)             2904 bits [Y 38.7627 dB    U 42.8687 dB    V 44.4117 dB] [ET   267 ] [L0 0 2 ] [L1 2 4 ]
POC     3 TId: 5 (      STSA, B-SLICE, QP 36)             3448 bits [Y 37.8650 dB    U 42.6394 dB    V 44.0088 dB] [ET   354 ] [L0 2 0 ] [L1 4 8 ]
POC     6 TId: 4 (      STSA, B-SLICE, QP 34)             8992 bits [Y 37.8542 dB    U 42.3379 dB    V 43.6814 dB] [ET   448 ] [L0 4 0 ] [L1 8 16 ]
POC     5 TId: 5 (      STSA, B-SLICE, QP 36)             3504 bits [Y 37.6643 dB    U 42.3447 dB    V 43.7282 dB] [ET   336 ] [L0 4 0 ] [L1 6 8 ]
POC     7 TId: 5 (      STSA, B-SLICE, QP 36)             2960 bits [Y 37.7475 dB    U 42.3100 dB    V 43.6218 dB] [ET   336 ] [L0 6 4 ] [L1 8 16 ]
POC    12 TId: 3 (      STSA, B-SLICE, QP 32, TF 0)      22048 bits [Y 37.8186 dB    U 41.9985 dB    V 43.1514 dB] [ET   511 ] [L0 8 0 ] [L1 16 8 ]
POC    10 TId: 4 (      STSA, B-SLICE, QP 34)             9328 bits [Y 37.6113 dB    U 42.1003 dB    V 43.3271 dB] [ET   477 ] [L0 8 0 ] [L1 12 16 ]
POC     9 TId: 5 (      STSA, B-SLICE, QP 36)             3416 bits [Y 37.6229 dB    U 42.1815 dB    V 43.5002 dB] [ET   329 ] [L0 8 0 ] [L1 10 12 ]
POC    11 TId: 5 (      STSA, B-SLICE, QP 36)             3632 bits [Y 37.3414 dB    U 42.0283 dB    V 43.2562 dB] [ET   327 ] [L0 10 8 ] [L1 12 16 ]
POC    14 TId: 4 (      STSA, B-SLICE, QP 34)            10712 bits [Y 37.4291 dB    U 41.9661 dB    V 42.9642 dB] [ET   397 ] [L0 12 8 ] [L1 16 12 ]
POC    13 TId: 5 (      STSA, B-SLICE, QP 36)             4216 bits [Y 37.2183 dB    U 41.9366 dB    V 43.0944 dB] [ET   361 ] [L0 12 8 ] [L1 14 16 ]
POC    15 TId: 5 (      STSA, B-SLICE, QP 36)             4192 bits [Y 37.3562 dB    U 41.9924 dB    V 43.0386 dB] [ET   291 ] [L0 14 12 ] [L1 16 14 ]

	Total Frames |   Bitrate     Y-PSNR    U-PSNR    V-PSNR    YUV-PSNR   
	       17    a    2223.9529   38.0292   42.3075   43.5978   39.0845

 finished @ Wed Apr  5 16:45:40 2023
 Total Time:     6584.100 sec. [user]     6585.016 sec. [elapsed]

Level: 0
Inject Calls: 7768115081
Errors injected by bit:
	Bit 0: 776641
	Bit 1: 777716
	Bit 2: 776659
	Bit 3: 776559
	Bit 4: 776078
	Bit 5: 776904
	Bit 6: 777672
	Bit 7: 777272

Total errors injected: 6215501
