vvencFFapp: Fraunhofer VVC Encoder ver. 1.5.0 [Linux][GCC 11.3.0][64 bit][SIMD=AVX2]
 started @ Wed Apr  5 00:55:39 2023
CODING TOOL CFG: CTU128 QT44BTT21 IBD:1 SAO:1 ALF:1 (NonLinLuma:0 NonLinChr:0) CCALF:1 Tiles:1x1 Slices:1 WPP:0 WPP-Substreams:1 TMVP:1 DQ:1 SDH:0 CST:1 BDOF:1 DMVR:1 MTSImplicit:1 SBT:0 JCbCr:1 CabacInitPresent:1 AMVR:5 SMVD:3 LMCS:2 (Signal:SDR Opt:0) CIIP:0 MIP:1 AFFINE:2 (PROF:1, Type:1) MMVD:3 DisFracMMVD:1 SbTMVP:1 GPM:3 LFNST:1 MTS:0 ISP:3 TS:2 TSLog2MaxSize:4 useChromaTS:0 BDPCM:2 IBC:2 BCW:0 
ENC. ALG. CFG: QPA:0 HAD:1 RDQ:1 RDQTS:1 ASR:1 MinSearchWindow:96 RestrictMESampling:0 EDO:2 MCTF:2 
PRE-ANALYSIS CFG: STA:1 LeadFrames:0 TrailFrames:0 
FAST TOOL CFG: ECU:0 FEN:1 FDM:1 FastSearch:4 (SCC:2) LCTUFast:1 FastMrg:2 PBIntraFast:1 AMaxBT:1 FastQtBtEnc:1 ContentBasedFastQtbt:0 FastMIP:3 FastIntraTools:0 IntraEstDecBit:2 FastLocalDualTree:1 IntegerET:0 FastSubPel:1 QtbttExtraFast:3 FastTTSplit:0 IBCFastMethod:3 FIM:0 ALFSpeed:0 QuantThr: 4 
RATE CONTROL CFG: RateControl:0 LookAhead:0 
PARALLEL PROCESSING CFG: NumThreads:0 MaxParallelFrames:0 WppBitEqual:0 WF:0 

POC     0 TId: 0 (  IDR_N_LP, I-SLICE, QP 19, TF 3)     581848 bits [Y 42.2672 dB    U 45.0524 dB    V 46.9660 dB] [ET   338 ] [L0 ] [L1 ]
POC    16 TId: 1 (      STSA, B-SLICE, QP 22, TF 2)     216200 bits [Y 41.6037 dB    U 44.1950 dB    V 45.8819 dB] [ET   576 ] [L0 0 ] [L1 0 ]
POC     8 TId: 2 (      STSA, B-SLICE, QP 23, TF 1)      97752 bits [Y 40.9475 dB    U 44.1860 dB    V 45.9852 dB] [ET   700 ] [L0 0 16 ] [L1 16 0 ]
POC     4 TId: 3 (      STSA, B-SLICE, QP 26, TF 0)      44032 bits [Y 40.5713 dB    U 44.2925 dB    V 46.1027 dB] [ET   613 ] [L0 0 8 ] [L1 8 16 ]
POC     2 TId: 4 (      STSA, B-SLICE, QP 28)            20936 bits [Y 40.5357 dB    U 44.6339 dB    V 46.4049 dB] [ET   502 ] [L0 0 4 ] [L1 4 8 ]
POC     1 TId: 5 (      STSA, B-SLICE, QP 29)             9032 bits [Y 40.8549 dB    U 44.8242 dB    V 46.6662 dB] [ET   365 ] [L0 0 2 ] [L1 2 4 ]
POC     3 TId: 5 (      STSA, B-SLICE, QP 29)            10288 bits [Y 40.2568 dB    U 44.4742 dB    V 46.2033 dB] [ET   442 ] [L0 2 0 ] [L1 4 8 ]
POC     6 TId: 4 (      STSA, B-SLICE, QP 28)            21488 bits [Y 40.1344 dB    U 44.1579 dB    V 45.8778 dB] [ET   541 ] [L0 4 0 ] [L1 8 16 ]
POC     5 TId: 5 (      STSA, B-SLICE, QP 29)            10552 bits [Y 40.0269 dB    U 44.0671 dB    V 45.8942 dB] [ET   434 ] [L0 4 0 ] [L1 6 8 ]
POC     7 TId: 5 (      STSA, B-SLICE, QP 29)             9384 bits [Y 40.0763 dB    U 44.1746 dB    V 45.8602 dB] [ET   476 ] [L0 6 4 ] [L1 8 16 ]
POC    12 TId: 3 (      STSA, B-SLICE, QP 26, TF 0)      48496 bits [Y 40.2444 dB    U 43.9656 dB    V 45.6282 dB] [ET   600 ] [L0 8 0 ] [L1 16 8 ]
POC    10 TId: 4 (      STSA, B-SLICE, QP 28)            23480 bits [Y 40.0553 dB    U 43.9642 dB    V 45.6068 dB] [ET   649 ] [L0 8 0 ] [L1 12 16 ]
POC     9 TId: 5 (      STSA, B-SLICE, QP 29)            10232 bits [Y 40.0193 dB    U 44.1137 dB    V 45.7889 dB] [ET   460 ] [L0 8 0 ] [L1 10 12 ]
POC    11 TId: 5 (      STSA, B-SLICE, QP 29)            11096 bits [Y 39.8405 dB    U 43.9318 dB    V 45.5986 dB] [ET   467 ] [L0 10 8 ] [L1 12 16 ]
POC    14 TId: 4 (      STSA, B-SLICE, QP 28)            27144 bits [Y 39.9841 dB    U 43.8975 dB    V 45.4442 dB] [ET   516 ] [L0 12 8 ] [L1 16 12 ]
POC    13 TId: 5 (      STSA, B-SLICE, QP 29)            12896 bits [Y 39.7513 dB    U 43.8384 dB    V 45.4987 dB] [ET   546 ] [L0 12 8 ] [L1 14 16 ]
POC    15 TId: 5 (      STSA, B-SLICE, QP 29)            13464 bits [Y 39.9349 dB    U 43.9435 dB    V 45.5243 dB] [ET   372 ] [L0 14 12 ] [L1 16 14 ]

	Total Frames |   Bitrate     Y-PSNR    U-PSNR    V-PSNR    YUV-PSNR   
	       17    a    4123.4824   40.4179   44.2184   45.9372   41.4400

 finished @ Wed Apr  5 03:19:11 2023
 Total Time:     8562.664 sec. [user]     8612.853 sec. [elapsed]

Level: 0
Inject Calls: 9994077114
Errors injected by bit:
	Bit 0: 99693
	Bit 1: 99576
	Bit 2: 99796
	Bit 3: 99158
	Bit 4: 100028
	Bit 5: 100001
	Bit 6: 100006
	Bit 7: 100214

Total errors injected: 798472
