vvencFFapp: Fraunhofer VVC Encoder ver. 1.5.0 [Linux][GCC 11.3.0][64 bit][SIMD=AVX2]
 started @ Mon Apr 10 01:22:54 2023
CODING TOOL CFG: CTU128 QT44BTT21 IBD:1 SAO:1 ALF:1 (NonLinLuma:0 NonLinChr:0) CCALF:1 Tiles:1x1 Slices:1 WPP:0 WPP-Substreams:1 TMVP:1 DQ:1 SDH:0 CST:1 BDOF:1 DMVR:1 MTSImplicit:1 SBT:0 JCbCr:1 CabacInitPresent:1 AMVR:5 SMVD:3 LMCS:2 (Signal:SDR Opt:0) CIIP:0 MIP:1 AFFINE:2 (PROF:1, Type:1) MMVD:3 DisFracMMVD:1 SbTMVP:1 GPM:3 LFNST:1 MTS:0 ISP:3 TS:2 TSLog2MaxSize:4 useChromaTS:0 BDPCM:2 IBC:2 BCW:0 
ENC. ALG. CFG: QPA:0 HAD:1 RDQ:1 RDQTS:1 ASR:1 MinSearchWindow:96 RestrictMESampling:0 EDO:2 MCTF:2 
PRE-ANALYSIS CFG: STA:1 LeadFrames:0 TrailFrames:0 
FAST TOOL CFG: ECU:0 FEN:1 FDM:1 FastSearch:4 (SCC:2) LCTUFast:1 FastMrg:2 PBIntraFast:1 AMaxBT:1 FastQtBtEnc:1 ContentBasedFastQtbt:0 FastMIP:3 FastIntraTools:0 IntraEstDecBit:2 FastLocalDualTree:1 IntegerET:0 FastSubPel:1 QtbttExtraFast:3 FastTTSplit:0 IBCFastMethod:3 FIM:0 ALFSpeed:0 QuantThr: 4 
RATE CONTROL CFG: RateControl:0 LookAhead:0 
PARALLEL PROCESSING CFG: NumThreads:0 MaxParallelFrames:0 WppBitEqual:0 WF:0 

POC     0 TId: 0 (  IDR_N_LP, I-SLICE, QP 34, TF 2)      85368 bits [Y 35.6254 dB    U 39.1515 dB    V 40.0627 dB] [ET   133 ] [L0 ] [L1 ]
POC    16 TId: 1 (      STSA, B-SLICE, QP 40, TF 1)      15888 bits [Y 33.6057 dB    U 38.1085 dB    V 37.9866 dB] [ET   291 ] [L0 0 ] [L1 0 ]
POC     8 TId: 2 (      STSA, B-SLICE, QP 40, TF 0)      11168 bits [Y 33.9337 dB    U 38.3590 dB    V 39.0323 dB] [ET   536 ] [L0 0 16 ] [L1 16 0 ]
POC     4 TId: 3 (      STSA, B-SLICE, QP 43)             6112 bits [Y 33.4861 dB    U 38.3303 dB    V 38.9398 dB] [ET   453 ] [L0 0 8 ] [L1 8 16 ]
POC     2 TId: 4 (      STSA, B-SLICE, QP 45)             2408 bits [Y 33.8152 dB    U 38.5716 dB    V 39.2686 dB] [ET   323 ] [L0 0 4 ] [L1 4 8 ]
POC     1 TId: 5 (      STSA, B-SLICE, QP 46)              224 bits [Y 35.6254 dB    U 39.1515 dB    V 40.0627 dB] [ET   173 ] [L0 0 2 ] [L1 2 4 ]
POC     3 TId: 5 (      STSA, B-SLICE, QP 46)             1456 bits [Y 33.1768 dB    U 38.1322 dB    V 38.7326 dB] [ET   278 ] [L0 2 0 ] [L1 4 8 ]
POC     6 TId: 4 (      STSA, B-SLICE, QP 45)             3136 bits [Y 32.9688 dB    U 38.1393 dB    V 38.3879 dB] [ET   432 ] [L0 4 0 ] [L1 8 16 ]
POC     5 TId: 5 (      STSA, B-SLICE, QP 46)             1440 bits [Y 32.7571 dB    U 38.0787 dB    V 38.6164 dB] [ET   330 ] [L0 4 0 ] [L1 6 8 ]
POC     7 TId: 5 (      STSA, B-SLICE, QP 46)             1744 bits [Y 32.8693 dB    U 38.1218 dB    V 38.5506 dB] [ET   325 ] [L0 6 4 ] [L1 8 16 ]
POC    12 TId: 3 (      STSA, B-SLICE, QP 43)             6920 bits [Y 32.9750 dB    U 37.9946 dB    V 38.4115 dB] [ET   482 ] [L0 8 0 ] [L1 16 8 ]
POC    10 TId: 4 (      STSA, B-SLICE, QP 45)             3496 bits [Y 32.8418 dB    U 37.9271 dB    V 37.9161 dB] [ET   530 ] [L0 8 0 ] [L1 12 16 ]
POC     9 TId: 5 (      STSA, B-SLICE, QP 46)             1504 bits [Y 33.1556 dB    U 38.1550 dB    V 38.5005 dB] [ET   304 ] [L0 8 0 ] [L1 10 12 ]
POC    11 TId: 5 (      STSA, B-SLICE, QP 46)             1800 bits [Y 32.7200 dB    U 37.9207 dB    V 37.9769 dB] [ET   338 ] [L0 10 8 ] [L1 12 16 ]
POC    14 TId: 4 (      STSA, B-SLICE, QP 45)             3320 bits [Y 32.5860 dB    U 37.8780 dB    V 37.8029 dB] [ET   400 ] [L0 12 8 ] [L1 16 12 ]
POC    13 TId: 5 (      STSA, B-SLICE, QP 46)             1520 bits [Y 32.5398 dB    U 37.8752 dB    V 38.0817 dB] [ET   329 ] [L0 12 8 ] [L1 14 16 ]
POC    15 TId: 5 (      STSA, B-SLICE, QP 46)             1448 bits [Y 32.7386 dB    U 37.9069 dB    V 37.8131 dB] [ET   269 ] [L0 14 12 ] [L1 16 14 ]

	Total Frames |   Bitrate     Y-PSNR    U-PSNR    V-PSNR    YUV-PSNR   
	       17    a     438.0941   33.3777   38.2236   38.5966   34.4262

 finished @ Mon Apr 10 03:01:52 2023
 Total Time:     5937.958 sec. [user]     5938.445 sec. [elapsed]

Level: 0
Inject Calls: 7203227543
Errors injected by bit:
	Bit 0: 719873
	Bit 1: 719005
	Bit 2: 721545
	Bit 3: 720420
	Bit 4: 720232
	Bit 5: 720377
	Bit 6: 720468
	Bit 7: 719193

Total errors injected: 5761113
