vvencFFapp: Fraunhofer VVC Encoder ver. 1.5.0 [Linux][GCC 11.3.0][64 bit][SIMD=AVX2]
 started @ Sat Apr 15 17:01:44 2023
CODING TOOL CFG: CTU128 QT44BTT21 IBD:1 SAO:1 ALF:1 (NonLinLuma:0 NonLinChr:0) CCALF:1 Tiles:1x1 Slices:1 WPP:0 WPP-Substreams:1 TMVP:1 DQ:1 SDH:0 CST:1 BDOF:1 DMVR:1 MTSImplicit:1 SBT:0 JCbCr:1 CabacInitPresent:1 AMVR:5 SMVD:3 LMCS:2 (Signal:SDR Opt:0) CIIP:0 MIP:1 AFFINE:2 (PROF:1, Type:1) MMVD:3 DisFracMMVD:1 SbTMVP:1 GPM:3 LFNST:1 MTS:0 ISP:3 TS:2 TSLog2MaxSize:4 useChromaTS:0 BDPCM:2 IBC:2 BCW:0 
ENC. ALG. CFG: QPA:0 HAD:1 RDQ:1 RDQTS:1 ASR:1 MinSearchWindow:96 RestrictMESampling:0 EDO:2 MCTF:2 
PRE-ANALYSIS CFG: STA:1 LeadFrames:0 TrailFrames:0 
FAST TOOL CFG: ECU:0 FEN:1 FDM:1 FastSearch:4 (SCC:2) LCTUFast:1 FastMrg:2 PBIntraFast:1 AMaxBT:1 FastQtBtEnc:1 ContentBasedFastQtbt:0 FastMIP:3 FastIntraTools:0 IntraEstDecBit:2 FastLocalDualTree:1 IntegerET:0 FastSubPel:1 QtbttExtraFast:3 FastTTSplit:0 IBCFastMethod:3 FIM:0 ALFSpeed:0 QuantThr: 4 
RATE CONTROL CFG: RateControl:0 LookAhead:0 
PARALLEL PROCESSING CFG: NumThreads:0 MaxParallelFrames:0 WppBitEqual:0 WF:0 

POC     0 TId: 0 (  IDR_N_LP, I-SLICE, QP 24, TF 3)     399128 bits [Y 38.6505 dB    U 40.8666 dB    V 42.1124 dB] [ET   224 ] [L0 ] [L1 ]
POC    16 TId: 1 (      STSA, B-SLICE, QP 28, TF 2)     239152 bits [Y 38.5565 dB    U 40.3193 dB    V 41.4727 dB] [ET   546 ] [L0 0 ] [L1 0 ]
POC     8 TId: 2 (      STSA, B-SLICE, QP 29, TF 1)     179208 bits [Y 37.2359 dB    U 39.5293 dB    V 40.7184 dB] [ET   919 ] [L0 0 16 ] [L1 16 0 ]
POC     4 TId: 3 (      STSA, B-SLICE, QP 32, TF 0)      77328 bits [Y 35.9484 dB    U 39.2284 dB    V 40.3247 dB] [ET   918 ] [L0 0 8 ] [L1 8 16 ]
POC     2 TId: 4 (      STSA, B-SLICE, QP 34)            45616 bits [Y 35.6679 dB    U 39.3606 dB    V 40.4151 dB] [ET   834 ] [L0 0 4 ] [L1 4 8 ]
POC     1 TId: 5 (      STSA, B-SLICE, QP 36)            23120 bits [Y 35.3074 dB    U 39.4823 dB    V 40.7195 dB] [ET   594 ] [L0 0 2 ] [L1 2 4 ]
POC     3 TId: 5 (      STSA, B-SLICE, QP 36)            21448 bits [Y 34.9275 dB    U 38.9971 dB    V 40.1537 dB] [ET   727 ] [L0 2 0 ] [L1 4 8 ]
POC     6 TId: 4 (      STSA, B-SLICE, QP 34)            42664 bits [Y 35.4668 dB    U 38.8593 dB    V 39.9700 dB] [ET   938 ] [L0 4 0 ] [L1 8 16 ]
POC     5 TId: 5 (      STSA, B-SLICE, QP 36)            19896 bits [Y 34.9202 dB    U 38.7999 dB    V 39.9663 dB] [ET   734 ] [L0 4 0 ] [L1 6 8 ]
POC     7 TId: 5 (      STSA, B-SLICE, QP 36)            20800 bits [Y 35.0394 dB    U 38.7627 dB    V 39.9357 dB] [ET   724 ] [L0 6 4 ] [L1 8 16 ]
POC    12 TId: 3 (      STSA, B-SLICE, QP 32, TF 0)      79408 bits [Y 35.7792 dB    U 39.2699 dB    V 40.0858 dB] [ET   997 ] [L0 8 0 ] [L1 16 8 ]
POC    10 TId: 4 (      STSA, B-SLICE, QP 34)            47000 bits [Y 35.4035 dB    U 38.7693 dB    V 39.6702 dB] [ET  1007 ] [L0 8 0 ] [L1 12 16 ]
POC     9 TId: 5 (      STSA, B-SLICE, QP 36)            20600 bits [Y 34.9714 dB    U 38.7620 dB    V 39.8687 dB] [ET   712 ] [L0 8 0 ] [L1 10 12 ]
POC    11 TId: 5 (      STSA, B-SLICE, QP 36)            20536 bits [Y 34.7437 dB    U 38.7244 dB    V 39.5826 dB] [ET   763 ] [L0 10 8 ] [L1 12 16 ]
POC    14 TId: 4 (      STSA, B-SLICE, QP 34)            44280 bits [Y 35.3389 dB    U 39.0154 dB    V 40.0638 dB] [ET   828 ] [L0 12 8 ] [L1 16 12 ]
POC    13 TId: 5 (      STSA, B-SLICE, QP 36)            19288 bits [Y 34.7504 dB    U 38.8231 dB    V 39.7740 dB] [ET   724 ] [L0 12 8 ] [L1 14 16 ]
POC    15 TId: 5 (      STSA, B-SLICE, QP 36)            18952 bits [Y 34.9587 dB    U 39.2094 dB    V 40.3666 dB] [ET   609 ] [L0 14 12 ] [L1 16 14 ]

	Total Frames |   Bitrate     Y-PSNR    U-PSNR    V-PSNR    YUV-PSNR   
	       17    a    2326.6306   35.7451   39.2223   40.3059   36.5903

 finished @ Sat Apr 15 20:35:18 2023
 Total Time:    12814.072 sec. [user]    12814.234 sec. [elapsed]

Level: 0
Inject Calls: 15997271271
Errors injected by bit:
	Bit 0: 159603
	Bit 1: 159854
	Bit 2: 159866
	Bit 3: 159694
	Bit 4: 160206
	Bit 5: 159992
	Bit 6: 160130
	Bit 7: 160007

Total errors injected: 1279352
