vvencFFapp: Fraunhofer VVC Encoder ver. 1.5.0 [Linux][GCC 11.3.0][64 bit][SIMD=AVX2]
 started @ Thu Apr  6 15:36:23 2023
CODING TOOL CFG: CTU128 QT44BTT21 IBD:1 SAO:1 ALF:1 (NonLinLuma:0 NonLinChr:0) CCALF:1 Tiles:1x1 Slices:1 WPP:0 WPP-Substreams:1 TMVP:1 DQ:1 SDH:0 CST:1 BDOF:1 DMVR:1 MTSImplicit:1 SBT:0 JCbCr:1 CabacInitPresent:1 AMVR:5 SMVD:3 LMCS:2 (Signal:SDR Opt:0) CIIP:0 MIP:1 AFFINE:2 (PROF:1, Type:1) MMVD:3 DisFracMMVD:1 SbTMVP:1 GPM:3 LFNST:1 MTS:0 ISP:3 TS:2 TSLog2MaxSize:4 useChromaTS:0 BDPCM:2 IBC:2 BCW:0 
ENC. ALG. CFG: QPA:0 HAD:1 RDQ:1 RDQTS:1 ASR:1 MinSearchWindow:96 RestrictMESampling:0 EDO:2 MCTF:2 
PRE-ANALYSIS CFG: STA:1 LeadFrames:0 TrailFrames:0 
FAST TOOL CFG: ECU:0 FEN:1 FDM:1 FastSearch:4 (SCC:2) LCTUFast:1 FastMrg:2 PBIntraFast:1 AMaxBT:1 FastQtBtEnc:1 ContentBasedFastQtbt:0 FastMIP:3 FastIntraTools:0 IntraEstDecBit:2 FastLocalDualTree:1 IntegerET:0 FastSubPel:1 QtbttExtraFast:3 FastTTSplit:0 IBCFastMethod:3 FIM:0 ALFSpeed:0 QuantThr: 4 
RATE CONTROL CFG: RateControl:0 LookAhead:0 
PARALLEL PROCESSING CFG: NumThreads:0 MaxParallelFrames:0 WppBitEqual:0 WF:0 

POC     0 TId: 0 (  IDR_N_LP, I-SLICE, QP 34, TF 2)     142152 bits [Y 34.7290 dB    U 39.0714 dB    V 39.9878 dB] [ET   159 ] [L0 ] [L1 ]
POC    16 TId: 1 (      STSA, B-SLICE, QP 40, TF 1)      22344 bits [Y 32.2781 dB    U 38.2634 dB    V 38.7446 dB] [ET   275 ] [L0 0 ] [L1 0 ]
POC     8 TId: 2 (      STSA, B-SLICE, QP 40, TF 0)      11104 bits [Y 32.8876 dB    U 38.5045 dB    V 39.3251 dB] [ET   360 ] [L0 0 16 ] [L1 16 0 ]
POC     4 TId: 3 (      STSA, B-SLICE, QP 43)             4160 bits [Y 32.8367 dB    U 38.7297 dB    V 39.5404 dB] [ET   305 ] [L0 0 8 ] [L1 8 16 ]
POC     2 TId: 4 (      STSA, B-SLICE, QP 45)             1720 bits [Y 33.0286 dB    U 38.8515 dB    V 39.7293 dB] [ET   213 ] [L0 0 4 ] [L1 4 8 ]
POC     1 TId: 5 (      STSA, B-SLICE, QP 46)              600 bits [Y 33.5072 dB    U 38.9331 dB    V 39.9151 dB] [ET   155 ] [L0 0 2 ] [L1 2 4 ]
POC     3 TId: 5 (      STSA, B-SLICE, QP 46)              544 bits [Y 32.7002 dB    U 38.8803 dB    V 39.6991 dB] [ET   212 ] [L0 2 0 ] [L1 4 8 ]
POC     6 TId: 4 (      STSA, B-SLICE, QP 45)             2048 bits [Y 32.4349 dB    U 38.6207 dB    V 39.4377 dB] [ET   262 ] [L0 4 0 ] [L1 8 16 ]
POC     5 TId: 5 (      STSA, B-SLICE, QP 46)              808 bits [Y 32.4371 dB    U 38.6506 dB    V 39.4728 dB] [ET   215 ] [L0 4 0 ] [L1 6 8 ]
POC     7 TId: 5 (      STSA, B-SLICE, QP 46)              704 bits [Y 32.4432 dB    U 38.5783 dB    V 39.3805 dB] [ET   233 ] [L0 6 4 ] [L1 8 16 ]
POC    12 TId: 3 (      STSA, B-SLICE, QP 43)             4984 bits [Y 31.9804 dB    U 38.3331 dB    V 39.0425 dB] [ET   338 ] [L0 8 0 ] [L1 16 8 ]
POC    10 TId: 4 (      STSA, B-SLICE, QP 45)             1952 bits [Y 32.0291 dB    U 38.4368 dB    V 39.1120 dB] [ET   291 ] [L0 8 0 ] [L1 12 16 ]
POC     9 TId: 5 (      STSA, B-SLICE, QP 46)              920 bits [Y 32.3385 dB    U 38.5127 dB    V 39.3101 dB] [ET   229 ] [L0 8 0 ] [L1 10 12 ]
POC    11 TId: 5 (      STSA, B-SLICE, QP 46)              832 bits [Y 31.8105 dB    U 38.3660 dB    V 39.0583 dB] [ET   231 ] [L0 10 8 ] [L1 12 16 ]
POC    14 TId: 4 (      STSA, B-SLICE, QP 45)             2136 bits [Y 31.6462 dB    U 38.2615 dB    V 38.8934 dB] [ET   231 ] [L0 12 8 ] [L1 16 12 ]
POC    13 TId: 5 (      STSA, B-SLICE, QP 46)             1008 bits [Y 31.6177 dB    U 38.3208 dB    V 38.9358 dB] [ET   234 ] [L0 12 8 ] [L1 14 16 ]
POC    15 TId: 5 (      STSA, B-SLICE, QP 46)             1040 bits [Y 31.7738 dB    U 38.3078 dB    V 38.8440 dB] [ET   185 ] [L0 14 12 ] [L1 16 14 ]

	Total Frames |   Bitrate     Y-PSNR    U-PSNR    V-PSNR    YUV-PSNR   
	       17    a     702.5506   32.4987   38.5660   39.3193   33.7361

 finished @ Thu Apr  6 16:45:25 2023
 Total Time:     4141.243 sec. [user]     4141.423 sec. [elapsed]

Level: 0
Inject Calls: 5010559027
Errors injected by bit:
	Bit 0: 5012035
	Bit 1: 5010808
	Bit 2: 5010794
	Bit 3: 5010822
	Bit 4: 5010923
	Bit 5: 5011643
	Bit 6: 5011860
	Bit 7: 5009110

Total errors injected: 40087995
