vvencFFapp: Fraunhofer VVC Encoder ver. 1.5.0 [Linux][GCC 11.3.0][64 bit][SIMD=AVX2]
 started @ Sun Apr  9 10:22:37 2023
CODING TOOL CFG: CTU128 QT44BTT21 IBD:1 SAO:1 ALF:1 (NonLinLuma:0 NonLinChr:0) CCALF:1 Tiles:1x1 Slices:1 WPP:0 WPP-Substreams:1 TMVP:1 DQ:1 SDH:0 CST:1 BDOF:1 DMVR:1 MTSImplicit:1 SBT:0 JCbCr:1 CabacInitPresent:1 AMVR:5 SMVD:3 LMCS:2 (Signal:SDR Opt:0) CIIP:0 MIP:1 AFFINE:2 (PROF:1, Type:1) MMVD:3 DisFracMMVD:1 SbTMVP:1 GPM:3 LFNST:1 MTS:0 ISP:3 TS:2 TSLog2MaxSize:4 useChromaTS:0 BDPCM:2 IBC:2 BCW:0 
ENC. ALG. CFG: QPA:0 HAD:1 RDQ:1 RDQTS:1 ASR:1 MinSearchWindow:96 RestrictMESampling:0 EDO:2 MCTF:2 
PRE-ANALYSIS CFG: STA:1 LeadFrames:0 TrailFrames:0 
FAST TOOL CFG: ECU:0 FEN:1 FDM:1 FastSearch:4 (SCC:2) LCTUFast:1 FastMrg:2 PBIntraFast:1 AMaxBT:1 FastQtBtEnc:1 ContentBasedFastQtbt:0 FastMIP:3 FastIntraTools:0 IntraEstDecBit:2 FastLocalDualTree:1 IntegerET:0 FastSubPel:1 QtbttExtraFast:3 FastTTSplit:0 IBCFastMethod:3 FIM:0 ALFSpeed:0 QuantThr: 4 
RATE CONTROL CFG: RateControl:0 LookAhead:0 
PARALLEL PROCESSING CFG: NumThreads:0 MaxParallelFrames:0 WppBitEqual:0 WF:0 

POC     0 TId: 0 (  IDR_N_LP, I-SLICE, QP 29, TF 2)     160808 bits [Y 38.4367 dB    U 41.6230 dB    V 42.6136 dB] [ET   186 ] [L0 ] [L1 ]
POC    16 TId: 1 (      STSA, B-SLICE, QP 34, TF 1)      30792 bits [Y 36.4751 dB    U 39.8636 dB    V 40.1138 dB] [ET   382 ] [L0 0 ] [L1 0 ]
POC     8 TId: 2 (      STSA, B-SLICE, QP 35, TF 0)      18688 bits [Y 36.4680 dB    U 40.0463 dB    V 40.8352 dB] [ET   624 ] [L0 0 16 ] [L1 16 0 ]
POC     4 TId: 3 (      STSA, B-SLICE, QP 38)            11896 bits [Y 36.2000 dB    U 40.2291 dB    V 40.8979 dB] [ET   572 ] [L0 0 8 ] [L1 8 16 ]
POC     2 TId: 4 (      STSA, B-SLICE, QP 40)             4616 bits [Y 36.2412 dB    U 40.9026 dB    V 41.3781 dB] [ET   390 ] [L0 0 4 ] [L1 4 8 ]
POC     1 TId: 5 (      STSA, B-SLICE, QP 41)              232 bits [Y 38.4376 dB    U 41.6248 dB    V 42.6134 dB] [ET   207 ] [L0 0 2 ] [L1 2 4 ]
POC     3 TId: 5 (      STSA, B-SLICE, QP 41)             3184 bits [Y 35.7367 dB    U 40.4129 dB    V 40.8463 dB] [ET   402 ] [L0 2 0 ] [L1 4 8 ]
POC     6 TId: 4 (      STSA, B-SLICE, QP 40)             6504 bits [Y 35.5472 dB    U 40.0993 dB    V 40.5693 dB] [ET   546 ] [L0 4 0 ] [L1 8 16 ]
POC     5 TId: 5 (      STSA, B-SLICE, QP 41)             3296 bits [Y 35.2321 dB    U 40.0134 dB    V 40.5628 dB] [ET   388 ] [L0 4 0 ] [L1 6 8 ]
POC     7 TId: 5 (      STSA, B-SLICE, QP 41)             3312 bits [Y 35.3080 dB    U 39.9358 dB    V 40.4535 dB] [ET   413 ] [L0 6 4 ] [L1 8 16 ]
POC    12 TId: 3 (      STSA, B-SLICE, QP 38)            13640 bits [Y 35.6443 dB    U 39.8024 dB    V 40.1785 dB] [ET   575 ] [L0 8 0 ] [L1 16 8 ]
POC    10 TId: 4 (      STSA, B-SLICE, QP 40)             7168 bits [Y 35.3547 dB    U 39.7167 dB    V 40.2774 dB] [ET   582 ] [L0 8 0 ] [L1 12 16 ]
POC     9 TId: 5 (      STSA, B-SLICE, QP 41)             3328 bits [Y 35.6395 dB    U 39.8696 dB    V 40.4000 dB] [ET   413 ] [L0 8 0 ] [L1 10 12 ]
POC    11 TId: 5 (      STSA, B-SLICE, QP 41)             3816 bits [Y 35.2352 dB    U 39.6953 dB    V 39.9723 dB] [ET   418 ] [L0 10 8 ] [L1 12 16 ]
POC    14 TId: 4 (      STSA, B-SLICE, QP 40)             7304 bits [Y 35.2048 dB    U 39.5937 dB    V 39.8140 dB] [ET   461 ] [L0 12 8 ] [L1 16 12 ]
POC    13 TId: 5 (      STSA, B-SLICE, QP 41)             3600 bits [Y 35.0552 dB    U 39.7697 dB    V 39.8190 dB] [ET   432 ] [L0 12 8 ] [L1 14 16 ]
POC    15 TId: 5 (      STSA, B-SLICE, QP 41)             3048 bits [Y 35.2322 dB    U 39.6516 dB    V 39.6811 dB] [ET   327 ] [L0 14 12 ] [L1 16 14 ]

	Total Frames |   Bitrate     Y-PSNR    U-PSNR    V-PSNR    YUV-PSNR   
	       17    a     838.9176   35.9675   40.1676   40.6486   36.9136

 finished @ Sun Apr  9 12:24:50 2023
 Total Time:     7331.975 sec. [user]     7332.429 sec. [elapsed]

Level: 0
Inject Calls: 8855362381
Errors injected by bit:
	Bit 0: 883014
	Bit 1: 884211
	Bit 2: 886499
	Bit 3: 885362
	Bit 4: 885881
	Bit 5: 886608
	Bit 6: 885088
	Bit 7: 885864

Total errors injected: 7082527
