vvencFFapp: Fraunhofer VVC Encoder ver. 1.5.0 [Linux][GCC 11.3.0][64 bit][SIMD=AVX2]
 started @ Sat Apr  8 17:12:19 2023
CODING TOOL CFG: CTU128 QT44BTT21 IBD:1 SAO:1 ALF:1 (NonLinLuma:0 NonLinChr:0) CCALF:1 Tiles:1x1 Slices:1 WPP:0 WPP-Substreams:1 TMVP:1 DQ:1 SDH:0 CST:1 BDOF:1 DMVR:1 MTSImplicit:1 SBT:0 JCbCr:1 CabacInitPresent:1 AMVR:5 SMVD:3 LMCS:2 (Signal:SDR Opt:0) CIIP:0 MIP:1 AFFINE:2 (PROF:1, Type:1) MMVD:3 DisFracMMVD:1 SbTMVP:1 GPM:3 LFNST:1 MTS:0 ISP:3 TS:2 TSLog2MaxSize:4 useChromaTS:0 BDPCM:2 IBC:2 BCW:0 
ENC. ALG. CFG: QPA:0 HAD:1 RDQ:1 RDQTS:1 ASR:1 MinSearchWindow:96 RestrictMESampling:0 EDO:2 MCTF:2 
PRE-ANALYSIS CFG: STA:1 LeadFrames:0 TrailFrames:0 
FAST TOOL CFG: ECU:0 FEN:1 FDM:1 FastSearch:4 (SCC:2) LCTUFast:1 FastMrg:2 PBIntraFast:1 AMaxBT:1 FastQtBtEnc:1 ContentBasedFastQtbt:0 FastMIP:3 FastIntraTools:0 IntraEstDecBit:2 FastLocalDualTree:1 IntegerET:0 FastSubPel:1 QtbttExtraFast:3 FastTTSplit:0 IBCFastMethod:3 FIM:0 ALFSpeed:0 QuantThr: 4 
RATE CONTROL CFG: RateControl:0 LookAhead:0 
PARALLEL PROCESSING CFG: NumThreads:0 MaxParallelFrames:0 WppBitEqual:0 WF:0 

POC     0 TId: 0 (  IDR_N_LP, I-SLICE, QP 24, TF 3)     303696 bits [Y 41.6478 dB    U 43.8365 dB    V 45.0113 dB] [ET   263 ] [L0 ] [L1 ]
POC    16 TId: 1 (      STSA, B-SLICE, QP 28, TF 2)      65464 bits [Y 39.5776 dB    U 42.4165 dB    V 43.0966 dB] [ET   441 ] [L0 0 ] [L1 0 ]
POC     8 TId: 2 (      STSA, B-SLICE, QP 29, TF 1)      38680 bits [Y 39.4987 dB    U 42.4577 dB    V 43.5362 dB] [ET   737 ] [L0 0 16 ] [L1 16 0 ]
POC     4 TId: 3 (      STSA, B-SLICE, QP 32, TF 0)      22944 bits [Y 39.1298 dB    U 42.1770 dB    V 43.1477 dB] [ET   727 ] [L0 0 8 ] [L1 8 16 ]
POC     2 TId: 4 (      STSA, B-SLICE, QP 34)            10896 bits [Y 39.1797 dB    U 42.6592 dB    V 43.5403 dB] [ET   579 ] [L0 0 4 ] [L1 4 8 ]
POC     1 TId: 5 (      STSA, B-SLICE, QP 36)              240 bits [Y 41.6478 dB    U 43.8365 dB    V 45.0113 dB] [ET   219 ] [L0 0 2 ] [L1 2 4 ]
POC     3 TId: 5 (      STSA, B-SLICE, QP 36)             6992 bits [Y 38.5775 dB    U 42.1707 dB    V 42.8844 dB] [ET   487 ] [L0 2 0 ] [L1 4 8 ]
POC     6 TId: 4 (      STSA, B-SLICE, QP 34)            14640 bits [Y 38.7370 dB    U 42.0579 dB    V 42.7822 dB] [ET   700 ] [L0 4 0 ] [L1 8 16 ]
POC     5 TId: 5 (      STSA, B-SLICE, QP 36)             6936 bits [Y 38.0786 dB    U 41.8922 dB    V 42.5903 dB] [ET   556 ] [L0 4 0 ] [L1 6 8 ]
POC     7 TId: 5 (      STSA, B-SLICE, QP 36)             7200 bits [Y 38.0138 dB    U 42.0461 dB    V 42.8315 dB] [ET   493 ] [L0 6 4 ] [L1 8 16 ]
POC    12 TId: 3 (      STSA, B-SLICE, QP 32, TF 0)      26040 bits [Y 38.5281 dB    U 41.8689 dB    V 42.5521 dB] [ET   751 ] [L0 8 0 ] [L1 16 8 ]
POC    10 TId: 4 (      STSA, B-SLICE, QP 34)            15912 bits [Y 38.3227 dB    U 41.7493 dB    V 42.4253 dB] [ET   847 ] [L0 8 0 ] [L1 12 16 ]
POC     9 TId: 5 (      STSA, B-SLICE, QP 36)             6992 bits [Y 38.3701 dB    U 42.1139 dB    V 42.6497 dB] [ET   517 ] [L0 8 0 ] [L1 10 12 ]
POC    11 TId: 5 (      STSA, B-SLICE, QP 36)             8040 bits [Y 38.0452 dB    U 41.7252 dB    V 42.1654 dB] [ET   538 ] [L0 10 8 ] [L1 12 16 ]
POC    14 TId: 4 (      STSA, B-SLICE, QP 34)            16400 bits [Y 38.2680 dB    U 41.5515 dB    V 42.0955 dB] [ET   632 ] [L0 12 8 ] [L1 16 12 ]
POC    13 TId: 5 (      STSA, B-SLICE, QP 36)             7664 bits [Y 37.8385 dB    U 41.7353 dB    V 42.0314 dB] [ET   502 ] [L0 12 8 ] [L1 14 16 ]
POC    15 TId: 5 (      STSA, B-SLICE, QP 36)             7056 bits [Y 37.9537 dB    U 41.8401 dB    V 42.2616 dB] [ET   385 ] [L0 14 12 ] [L1 16 14 ]

	Total Frames |   Bitrate     Y-PSNR    U-PSNR    V-PSNR    YUV-PSNR   
	       17    a    1664.0941   38.9067   42.2432   42.9772   39.7099

 finished @ Sat Apr  8 19:48:50 2023
 Total Time:     9363.372 sec. [user]     9390.805 sec. [elapsed]

Level: 0
Inject Calls: 11257336545
Errors injected by bit:
	Bit 0: 113348
	Bit 1: 112721
	Bit 2: 112860
	Bit 3: 113209
	Bit 4: 113356
	Bit 5: 112757
	Bit 6: 111993
	Bit 7: 112407

Total errors injected: 902651
