vvencFFapp: Fraunhofer VVC Encoder ver. 1.5.0 [Linux][GCC 11.3.0][64 bit][SIMD=AVX2]
 started @ Sun Apr 23 21:29:58 2023
CODING TOOL CFG: CTU128 QT44BTT21 IBD:1 SAO:1 ALF:1 (NonLinLuma:0 NonLinChr:0) CCALF:1 Tiles:1x1 Slices:1 WPP:0 WPP-Substreams:1 TMVP:1 DQ:1 SDH:0 CST:1 BDOF:1 DMVR:1 MTSImplicit:1 SBT:0 JCbCr:1 CabacInitPresent:1 AMVR:5 SMVD:3 LMCS:2 (Signal:SDR Opt:0) CIIP:0 MIP:1 AFFINE:2 (PROF:1, Type:1) MMVD:3 DisFracMMVD:1 SbTMVP:1 GPM:3 LFNST:1 MTS:0 ISP:3 TS:2 TSLog2MaxSize:4 useChromaTS:0 BDPCM:2 IBC:2 BCW:0 
ENC. ALG. CFG: QPA:0 HAD:1 RDQ:1 RDQTS:1 ASR:1 MinSearchWindow:96 RestrictMESampling:0 EDO:2 MCTF:2 
PRE-ANALYSIS CFG: STA:1 LeadFrames:0 TrailFrames:0 
FAST TOOL CFG: ECU:0 FEN:1 FDM:1 FastSearch:4 (SCC:2) LCTUFast:1 FastMrg:2 PBIntraFast:1 AMaxBT:1 FastQtBtEnc:1 ContentBasedFastQtbt:0 FastMIP:3 FastIntraTools:0 IntraEstDecBit:2 FastLocalDualTree:1 IntegerET:0 FastSubPel:1 QtbttExtraFast:3 FastTTSplit:0 IBCFastMethod:3 FIM:0 ALFSpeed:0 QuantThr: 4 
RATE CONTROL CFG: RateControl:0 LookAhead:0 
PARALLEL PROCESSING CFG: NumThreads:0 MaxParallelFrames:0 WppBitEqual:0 WF:0 

POC     0 TId: 0 (  IDR_N_LP, I-SLICE, QP 24, TF 3)     303696 bits [Y 41.6478 dB    U 43.8365 dB    V 45.0113 dB] [ET   270 ] [L0 ] [L1 ]
POC    16 TId: 1 (      STSA, B-SLICE, QP 28, TF 2)      65424 bits [Y 39.5755 dB    U 42.4502 dB    V 43.1425 dB] [ET    78 ] [L0 0 ] [L1 0 ]
POC     8 TId: 2 (      STSA, B-SLICE, QP 29, TF 1)      38256 bits [Y 39.4836 dB    U 42.5054 dB    V 43.3924 dB] [ET    61 ] [L0 0 16 ] [L1 16 0 ]
POC     4 TId: 3 (      STSA, B-SLICE, QP 32, TF 0)      23024 bits [Y 39.0872 dB    U 42.1746 dB    V 43.1707 dB] [ET    43 ] [L0 0 8 ] [L1 8 16 ]
POC     2 TId: 4 (      STSA, B-SLICE, QP 34)            10512 bits [Y 39.1324 dB    U 42.6882 dB    V 43.5014 dB] [ET    16 ] [L0 0 4 ] [L1 4 8 ]
POC     1 TId: 5 (      STSA, B-SLICE, QP 36)              240 bits [Y 41.6478 dB    U 43.8365 dB    V 45.0113 dB] [ET     2 ] [L0 0 2 ] [L1 2 4 ]
POC     3 TId: 5 (      STSA, B-SLICE, QP 36)             6808 bits [Y 38.4774 dB    U 42.0970 dB    V 42.8818 dB] [ET    11 ] [L0 2 0 ] [L1 4 8 ]
POC     6 TId: 4 (      STSA, B-SLICE, QP 34)            14944 bits [Y 38.7399 dB    U 42.1220 dB    V 42.8575 dB] [ET    21 ] [L0 4 0 ] [L1 8 16 ]
POC     5 TId: 5 (      STSA, B-SLICE, QP 36)             6984 bits [Y 38.0667 dB    U 41.9140 dB    V 42.6529 dB] [ET    11 ] [L0 4 0 ] [L1 6 8 ]
POC     7 TId: 5 (      STSA, B-SLICE, QP 36)             7152 bits [Y 38.0108 dB    U 42.1582 dB    V 42.8166 dB] [ET    11 ] [L0 6 4 ] [L1 8 16 ]
POC    12 TId: 3 (      STSA, B-SLICE, QP 32, TF 0)      25816 bits [Y 38.5213 dB    U 41.8639 dB    V 42.4144 dB] [ET    57 ] [L0 8 0 ] [L1 16 8 ]
POC    10 TId: 4 (      STSA, B-SLICE, QP 34)            15872 bits [Y 38.3097 dB    U 41.8179 dB    V 42.3369 dB] [ET    24 ] [L0 8 0 ] [L1 12 16 ]
POC     9 TId: 5 (      STSA, B-SLICE, QP 36)             6984 bits [Y 38.3511 dB    U 41.9983 dB    V 42.6833 dB] [ET    11 ] [L0 8 0 ] [L1 10 12 ]
POC    11 TId: 5 (      STSA, B-SLICE, QP 36)             8016 bits [Y 38.0197 dB    U 41.7663 dB    V 42.2252 dB] [ET    12 ] [L0 10 8 ] [L1 12 16 ]
POC    14 TId: 4 (      STSA, B-SLICE, QP 34)            16512 bits [Y 38.2576 dB    U 41.6408 dB    V 42.0840 dB] [ET    23 ] [L0 12 8 ] [L1 16 12 ]
POC    13 TId: 5 (      STSA, B-SLICE, QP 36)             8016 bits [Y 37.9043 dB    U 41.7486 dB    V 42.0306 dB] [ET    12 ] [L0 12 8 ] [L1 14 16 ]
POC    15 TId: 5 (      STSA, B-SLICE, QP 36)             6736 bits [Y 37.8888 dB    U 41.7925 dB    V 42.2291 dB] [ET     9 ] [L0 14 12 ] [L1 16 14 ]

	Total Frames |   Bitrate     Y-PSNR    U-PSNR    V-PSNR    YUV-PSNR   
	       17    a    1661.7412   38.8895   42.2595   42.9672   39.6961

 finished @ Sun Apr 23 21:41:28 2023
 Total Time:      689.331 sec. [user]      689.531 sec. [elapsed]

Level: 0
Inject Calls: 85983232
Errors injected by bit:
	Bit 0: 870
	Bit 1: 854
	Bit 2: 828
	Bit 3: 830
	Bit 4: 845
	Bit 5: 852
	Bit 6: 866
	Bit 7: 901

Total errors injected: 6846
