vvencFFapp: Fraunhofer VVC Encoder ver. 1.5.0 [Linux][GCC 11.3.0][64 bit][SIMD=AVX2]
 started @ Sun Apr 23 14:20:19 2023
CODING TOOL CFG: CTU128 QT44BTT21 IBD:1 SAO:1 ALF:1 (NonLinLuma:0 NonLinChr:0) CCALF:1 Tiles:1x1 Slices:1 WPP:0 WPP-Substreams:1 TMVP:1 DQ:1 SDH:0 CST:1 BDOF:1 DMVR:1 MTSImplicit:1 SBT:0 JCbCr:1 CabacInitPresent:1 AMVR:5 SMVD:3 LMCS:2 (Signal:SDR Opt:0) CIIP:0 MIP:1 AFFINE:2 (PROF:1, Type:1) MMVD:3 DisFracMMVD:1 SbTMVP:1 GPM:3 LFNST:1 MTS:0 ISP:3 TS:2 TSLog2MaxSize:4 useChromaTS:0 BDPCM:2 IBC:2 BCW:0 
ENC. ALG. CFG: QPA:0 HAD:1 RDQ:1 RDQTS:1 ASR:1 MinSearchWindow:96 RestrictMESampling:0 EDO:2 MCTF:2 
PRE-ANALYSIS CFG: STA:1 LeadFrames:0 TrailFrames:0 
FAST TOOL CFG: ECU:0 FEN:1 FDM:1 FastSearch:4 (SCC:2) LCTUFast:1 FastMrg:2 PBIntraFast:1 AMaxBT:1 FastQtBtEnc:1 ContentBasedFastQtbt:0 FastMIP:3 FastIntraTools:0 IntraEstDecBit:2 FastLocalDualTree:1 IntegerET:0 FastSubPel:1 QtbttExtraFast:3 FastTTSplit:0 IBCFastMethod:3 FIM:0 ALFSpeed:0 QuantThr: 4 
RATE CONTROL CFG: RateControl:0 LookAhead:0 
PARALLEL PROCESSING CFG: NumThreads:0 MaxParallelFrames:0 WppBitEqual:0 WF:0 

POC     0 TId: 0 (  IDR_N_LP, I-SLICE, QP 34, TF 2)     142152 bits [Y 34.7290 dB    U 39.0714 dB    V 39.9878 dB] [ET   159 ] [L0 ] [L1 ]
POC    16 TId: 1 (      STSA, B-SLICE, QP 40, TF 1)      22288 bits [Y 32.2961 dB    U 38.1681 dB    V 38.8594 dB] [ET    39 ] [L0 0 ] [L1 0 ]
POC     8 TId: 2 (      STSA, B-SLICE, QP 40, TF 0)      11192 bits [Y 32.8955 dB    U 38.4228 dB    V 39.2733 dB] [ET    37 ] [L0 0 16 ] [L1 16 0 ]
POC     4 TId: 3 (      STSA, B-SLICE, QP 43)             4328 bits [Y 32.8214 dB    U 38.6948 dB    V 39.5047 dB] [ET    19 ] [L0 0 8 ] [L1 8 16 ]
POC     2 TId: 4 (      STSA, B-SLICE, QP 45)             1928 bits [Y 33.1388 dB    U 38.9006 dB    V 39.7879 dB] [ET     4 ] [L0 0 4 ] [L1 4 8 ]
POC     1 TId: 5 (      STSA, B-SLICE, QP 46)              752 bits [Y 33.6587 dB    U 38.9131 dB    V 39.9242 dB] [ET     2 ] [L0 0 2 ] [L1 2 4 ]
POC     3 TId: 5 (      STSA, B-SLICE, QP 46)              656 bits [Y 32.7614 dB    U 38.8676 dB    V 39.6848 dB] [ET     2 ] [L0 2 0 ] [L1 4 8 ]
POC     6 TId: 4 (      STSA, B-SLICE, QP 45)             1880 bits [Y 32.3365 dB    U 38.5828 dB    V 39.4286 dB] [ET     4 ] [L0 4 0 ] [L1 8 16 ]
POC     5 TId: 5 (      STSA, B-SLICE, QP 46)              752 bits [Y 32.3158 dB    U 38.5928 dB    V 39.4324 dB] [ET     2 ] [L0 4 0 ] [L1 6 8 ]
POC     7 TId: 5 (      STSA, B-SLICE, QP 46)              776 bits [Y 32.4820 dB    U 38.5415 dB    V 39.3747 dB] [ET     2 ] [L0 6 4 ] [L1 8 16 ]
POC    12 TId: 3 (      STSA, B-SLICE, QP 43)             5032 bits [Y 32.0035 dB    U 38.3153 dB    V 39.0943 dB] [ET    24 ] [L0 8 0 ] [L1 16 8 ]
POC    10 TId: 4 (      STSA, B-SLICE, QP 45)             1848 bits [Y 31.9929 dB    U 38.3492 dB    V 39.1292 dB] [ET     4 ] [L0 8 0 ] [L1 12 16 ]
POC     9 TId: 5 (      STSA, B-SLICE, QP 46)              864 bits [Y 32.2760 dB    U 38.4482 dB    V 39.2910 dB] [ET     2 ] [L0 8 0 ] [L1 10 12 ]
POC    11 TId: 5 (      STSA, B-SLICE, QP 46)              768 bits [Y 31.7967 dB    U 38.2857 dB    V 39.1107 dB] [ET     2 ] [L0 10 8 ] [L1 12 16 ]
POC    14 TId: 4 (      STSA, B-SLICE, QP 45)             2112 bits [Y 31.6571 dB    U 38.2317 dB    V 38.9063 dB] [ET     4 ] [L0 12 8 ] [L1 16 12 ]
POC    13 TId: 5 (      STSA, B-SLICE, QP 46)             1024 bits [Y 31.6219 dB    U 38.2585 dB    V 39.0298 dB] [ET     3 ] [L0 12 8 ] [L1 14 16 ]
POC    15 TId: 5 (      STSA, B-SLICE, QP 46)             1016 bits [Y 31.7360 dB    U 38.2382 dB    V 38.8484 dB] [ET     2 ] [L0 14 12 ] [L1 16 14 ]

	Total Frames |   Bitrate     Y-PSNR    U-PSNR    V-PSNR    YUV-PSNR   
	       17    a     703.6518   32.5011   38.5225   39.3334   33.7331

 finished @ Sun Apr 23 14:25:46 2023
 Total Time:      326.166 sec. [user]      326.227 sec. [elapsed]

Level: 0
Inject Calls: 73638912
Errors injected by bit:
	Bit 0: 7362
	Bit 1: 7405
	Bit 2: 7399
	Bit 3: 7441
	Bit 4: 7393
	Bit 5: 7296
	Bit 6: 7345
	Bit 7: 7268

Total errors injected: 58909
