vvencFFapp: Fraunhofer VVC Encoder ver. 1.5.0 [Linux][GCC 11.3.0][64 bit][SIMD=AVX2]
 started @ Mon Apr 24 05:40:07 2023
CODING TOOL CFG: CTU128 QT44BTT21 IBD:1 SAO:1 ALF:1 (NonLinLuma:0 NonLinChr:0) CCALF:1 Tiles:1x1 Slices:1 WPP:0 WPP-Substreams:1 TMVP:1 DQ:1 SDH:0 CST:1 BDOF:1 DMVR:1 MTSImplicit:1 SBT:0 JCbCr:1 CabacInitPresent:1 AMVR:5 SMVD:3 LMCS:2 (Signal:SDR Opt:0) CIIP:0 MIP:1 AFFINE:2 (PROF:1, Type:1) MMVD:3 DisFracMMVD:1 SbTMVP:1 GPM:3 LFNST:1 MTS:0 ISP:3 TS:2 TSLog2MaxSize:4 useChromaTS:0 BDPCM:2 IBC:2 BCW:0 
ENC. ALG. CFG: QPA:0 HAD:1 RDQ:1 RDQTS:1 ASR:1 MinSearchWindow:96 RestrictMESampling:0 EDO:2 MCTF:2 
PRE-ANALYSIS CFG: STA:1 LeadFrames:0 TrailFrames:0 
FAST TOOL CFG: ECU:0 FEN:1 FDM:1 FastSearch:4 (SCC:2) LCTUFast:1 FastMrg:2 PBIntraFast:1 AMaxBT:1 FastQtBtEnc:1 ContentBasedFastQtbt:0 FastMIP:3 FastIntraTools:0 IntraEstDecBit:2 FastLocalDualTree:1 IntegerET:0 FastSubPel:1 QtbttExtraFast:3 FastTTSplit:0 IBCFastMethod:3 FIM:0 ALFSpeed:0 QuantThr: 4 
RATE CONTROL CFG: RateControl:0 LookAhead:0 
PARALLEL PROCESSING CFG: NumThreads:0 MaxParallelFrames:0 WppBitEqual:0 WF:0 

POC     0 TId: 0 (  IDR_N_LP, I-SLICE, QP 29, TF 2)     245544 bits [Y 36.0242 dB    U 38.6082 dB    V 40.2672 dB] [ET   179 ] [L0 ] [L1 ]
POC    16 TId: 1 (      STSA, B-SLICE, QP 34, TF 1)     115352 bits [Y 34.7121 dB    U 37.5482 dB    V 38.5326 dB] [ET   127 ] [L0 0 ] [L1 0 ]
POC     8 TId: 2 (      STSA, B-SLICE, QP 35, TF 0)      83288 bits [Y 33.8052 dB    U 37.0957 dB    V 38.1693 dB] [ET   111 ] [L0 0 16 ] [L1 16 0 ]
POC     4 TId: 3 (      STSA, B-SLICE, QP 38)            35456 bits [Y 32.9991 dB    U 37.2132 dB    V 38.3959 dB] [ET    70 ] [L0 0 8 ] [L1 8 16 ]
POC     2 TId: 4 (      STSA, B-SLICE, QP 40)            19408 bits [Y 32.6891 dB    U 37.4799 dB    V 38.9029 dB] [ET    25 ] [L0 0 4 ] [L1 4 8 ]
POC     1 TId: 5 (      STSA, B-SLICE, QP 41)            10840 bits [Y 32.9305 dB    U 37.6503 dB    V 39.1729 dB] [ET    14 ] [L0 0 2 ] [L1 2 4 ]
POC     3 TId: 5 (      STSA, B-SLICE, QP 41)            10072 bits [Y 32.2942 dB    U 37.1405 dB    V 38.4911 dB] [ET    16 ] [L0 2 0 ] [L1 4 8 ]
POC     6 TId: 4 (      STSA, B-SLICE, QP 40)            18832 bits [Y 32.4458 dB    U 36.9987 dB    V 38.2069 dB] [ET    26 ] [L0 4 0 ] [L1 8 16 ]
POC     5 TId: 5 (      STSA, B-SLICE, QP 41)             9584 bits [Y 32.3183 dB    U 36.9885 dB    V 38.2410 dB] [ET    16 ] [L0 4 0 ] [L1 6 8 ]
POC     7 TId: 5 (      STSA, B-SLICE, QP 41)             8968 bits [Y 32.2449 dB    U 36.6916 dB    V 38.0500 dB] [ET    15 ] [L0 6 4 ] [L1 8 16 ]
POC    12 TId: 3 (      STSA, B-SLICE, QP 38)            36448 bits [Y 32.8362 dB    U 37.1979 dB    V 37.9133 dB] [ET    66 ] [L0 8 0 ] [L1 16 8 ]
POC    10 TId: 4 (      STSA, B-SLICE, QP 40)            20192 bits [Y 32.2032 dB    U 36.9132 dB    V 37.6530 dB] [ET    29 ] [L0 8 0 ] [L1 12 16 ]
POC     9 TId: 5 (      STSA, B-SLICE, QP 41)             9712 bits [Y 32.2221 dB    U 36.8746 dB    V 37.7457 dB] [ET    15 ] [L0 8 0 ] [L1 10 12 ]
POC    11 TId: 5 (      STSA, B-SLICE, QP 41)             9656 bits [Y 31.9969 dB    U 36.9570 dB    V 37.7180 dB] [ET    16 ] [L0 10 8 ] [L1 12 16 ]
POC    14 TId: 4 (      STSA, B-SLICE, QP 40)            18600 bits [Y 32.3719 dB    U 37.0533 dB    V 37.8591 dB] [ET    25 ] [L0 12 8 ] [L1 16 12 ]
POC    13 TId: 5 (      STSA, B-SLICE, QP 41)             8840 bits [Y 32.1115 dB    U 36.9414 dB    V 37.7106 dB] [ET    15 ] [L0 12 8 ] [L1 14 16 ]
POC    15 TId: 5 (      STSA, B-SLICE, QP 41)             8792 bits [Y 32.5391 dB    U 37.0943 dB    V 38.1113 dB] [ET    13 ] [L0 14 12 ] [L1 16 14 ]

	Total Frames |   Bitrate     Y-PSNR    U-PSNR    V-PSNR    YUV-PSNR   
	       17    a    1181.6188   32.8673   37.2027   38.3024   33.8754

 finished @ Mon Apr 24 05:53:18 2023
 Total Time:      791.114 sec. [user]      791.192 sec. [elapsed]

Level: 0
Inject Calls: 146068224
Errors injected by bit:
	Bit 0: 14557
	Bit 1: 14847
	Bit 2: 14596
	Bit 3: 14497
	Bit 4: 14707
	Bit 5: 14706
	Bit 6: 14459
	Bit 7: 14436

Total errors injected: 116805
