vvencFFapp: Fraunhofer VVC Encoder ver. 1.5.0 [Linux][GCC 11.3.0][64 bit][SIMD=AVX2]
 started @ Sun Apr 23 13:30:18 2023
CODING TOOL CFG: CTU128 QT44BTT21 IBD:1 SAO:1 ALF:1 (NonLinLuma:0 NonLinChr:0) CCALF:1 Tiles:1x1 Slices:1 WPP:0 WPP-Substreams:1 TMVP:1 DQ:1 SDH:0 CST:1 BDOF:1 DMVR:1 MTSImplicit:1 SBT:0 JCbCr:1 CabacInitPresent:1 AMVR:5 SMVD:3 LMCS:2 (Signal:SDR Opt:0) CIIP:0 MIP:1 AFFINE:2 (PROF:1, Type:1) MMVD:3 DisFracMMVD:1 SbTMVP:1 GPM:3 LFNST:1 MTS:0 ISP:3 TS:2 TSLog2MaxSize:4 useChromaTS:0 BDPCM:2 IBC:2 BCW:0 
ENC. ALG. CFG: QPA:0 HAD:1 RDQ:1 RDQTS:1 ASR:1 MinSearchWindow:96 RestrictMESampling:0 EDO:2 MCTF:2 
PRE-ANALYSIS CFG: STA:1 LeadFrames:0 TrailFrames:0 
FAST TOOL CFG: ECU:0 FEN:1 FDM:1 FastSearch:4 (SCC:2) LCTUFast:1 FastMrg:2 PBIntraFast:1 AMaxBT:1 FastQtBtEnc:1 ContentBasedFastQtbt:0 FastMIP:3 FastIntraTools:0 IntraEstDecBit:2 FastLocalDualTree:1 IntegerET:0 FastSubPel:1 QtbttExtraFast:3 FastTTSplit:0 IBCFastMethod:3 FIM:0 ALFSpeed:0 QuantThr: 4 
RATE CONTROL CFG: RateControl:0 LookAhead:0 
PARALLEL PROCESSING CFG: NumThreads:0 MaxParallelFrames:0 WppBitEqual:0 WF:0 

POC     0 TId: 0 (  IDR_N_LP, I-SLICE, QP 29, TF 2)     239000 bits [Y 37.7621 dB    U 41.1947 dB    V 42.2796 dB] [ET   200 ] [L0 ] [L1 ]
POC    16 TId: 1 (      STSA, B-SLICE, QP 34, TF 1)      48152 bits [Y 35.5446 dB    U 39.9180 dB    V 40.6496 dB] [ET    66 ] [L0 0 ] [L1 0 ]
POC     8 TId: 2 (      STSA, B-SLICE, QP 35, TF 0)      20304 bits [Y 35.7407 dB    U 40.2817 dB    V 41.0569 dB] [ET    44 ] [L0 0 16 ] [L1 16 0 ]
POC     4 TId: 3 (      STSA, B-SLICE, QP 38)             8248 bits [Y 35.5941 dB    U 40.6579 dB    V 41.5095 dB] [ET    26 ] [L0 0 8 ] [L1 8 16 ]
POC     2 TId: 4 (      STSA, B-SLICE, QP 40)             3552 bits [Y 35.8019 dB    U 40.9086 dB    V 41.8573 dB] [ET     5 ] [L0 0 4 ] [L1 4 8 ]
POC     1 TId: 5 (      STSA, B-SLICE, QP 41)             1400 bits [Y 36.2911 dB    U 41.0044 dB    V 42.0962 dB] [ET     3 ] [L0 0 2 ] [L1 2 4 ]
POC     3 TId: 5 (      STSA, B-SLICE, QP 41)             1616 bits [Y 35.4095 dB    U 40.8497 dB    V 41.6950 dB] [ET     3 ] [L0 2 0 ] [L1 4 8 ]
POC     6 TId: 4 (      STSA, B-SLICE, QP 40)             3680 bits [Y 35.0995 dB    U 40.5034 dB    V 41.2757 dB] [ET     6 ] [L0 4 0 ] [L1 8 16 ]
POC     5 TId: 5 (      STSA, B-SLICE, QP 41)             1672 bits [Y 35.1081 dB    U 40.5278 dB    V 41.4164 dB] [ET     3 ] [L0 4 0 ] [L1 6 8 ]
POC     7 TId: 5 (      STSA, B-SLICE, QP 41)             1368 bits [Y 35.1353 dB    U 40.3883 dB    V 41.1777 dB] [ET     3 ] [L0 6 4 ] [L1 8 16 ]
POC    12 TId: 3 (      STSA, B-SLICE, QP 38)            10064 bits [Y 34.9326 dB    U 40.1261 dB    V 40.8595 dB] [ET    40 ] [L0 8 0 ] [L1 16 8 ]
POC    10 TId: 4 (      STSA, B-SLICE, QP 40)             3920 bits [Y 34.8076 dB    U 40.1570 dB    V 40.9700 dB] [ET     7 ] [L0 8 0 ] [L1 12 16 ]
POC     9 TId: 5 (      STSA, B-SLICE, QP 41)             1640 bits [Y 35.0195 dB    U 40.2694 dB    V 41.0610 dB] [ET     4 ] [L0 8 0 ] [L1 10 12 ]
POC    11 TId: 5 (      STSA, B-SLICE, QP 41)             1920 bits [Y 34.5935 dB    U 40.0794 dB    V 40.9036 dB] [ET     4 ] [L0 10 8 ] [L1 12 16 ]
POC    14 TId: 4 (      STSA, B-SLICE, QP 40)             4448 bits [Y 34.5923 dB    U 39.9634 dB    V 40.7409 dB] [ET     7 ] [L0 12 8 ] [L1 16 12 ]
POC    13 TId: 5 (      STSA, B-SLICE, QP 41)             2112 bits [Y 34.5001 dB    U 40.0738 dB    V 40.8167 dB] [ET     4 ] [L0 12 8 ] [L1 14 16 ]
POC    15 TId: 5 (      STSA, B-SLICE, QP 41)             2048 bits [Y 34.6608 dB    U 39.9537 dB    V 40.6457 dB] [ET     3 ] [L0 14 12 ] [L1 16 14 ]

	Total Frames |   Bitrate     Y-PSNR    U-PSNR    V-PSNR    YUV-PSNR   
	       17    a    1253.4494   35.3290   40.4034   41.2360   36.4560

 finished @ Sun Apr 23 13:37:42 2023
 Total Time:      443.581 sec. [user]      443.707 sec. [elapsed]

Level: 0
Inject Calls: 111165696
Errors injected by bit:
	Bit 0: 1097
	Bit 1: 1066
	Bit 2: 1169
	Bit 3: 1169
	Bit 4: 1058
	Bit 5: 1109
	Bit 6: 1123
	Bit 7: 1085

Total errors injected: 8876
