vvencFFapp: Fraunhofer VVC Encoder ver. 1.5.0 [Linux][GCC 11.3.0][64 bit][SIMD=AVX2]
 started @ Mon Apr 24 15:15:18 2023
CODING TOOL CFG: CTU128 QT44BTT21 IBD:1 SAO:1 ALF:1 (NonLinLuma:0 NonLinChr:0) CCALF:1 Tiles:1x1 Slices:1 WPP:0 WPP-Substreams:1 TMVP:1 DQ:1 SDH:0 CST:1 BDOF:1 DMVR:1 MTSImplicit:1 SBT:0 JCbCr:1 CabacInitPresent:1 AMVR:5 SMVD:3 LMCS:2 (Signal:SDR Opt:0) CIIP:0 MIP:1 AFFINE:2 (PROF:1, Type:1) MMVD:3 DisFracMMVD:1 SbTMVP:1 GPM:3 LFNST:1 MTS:0 ISP:3 TS:2 TSLog2MaxSize:4 useChromaTS:0 BDPCM:2 IBC:2 BCW:0 
ENC. ALG. CFG: QPA:0 HAD:1 RDQ:1 RDQTS:1 ASR:1 MinSearchWindow:96 RestrictMESampling:0 EDO:2 MCTF:2 
PRE-ANALYSIS CFG: STA:1 LeadFrames:0 TrailFrames:0 
FAST TOOL CFG: ECU:0 FEN:1 FDM:1 FastSearch:4 (SCC:2) LCTUFast:1 FastMrg:2 PBIntraFast:1 AMaxBT:1 FastQtBtEnc:1 ContentBasedFastQtbt:0 FastMIP:3 FastIntraTools:0 IntraEstDecBit:2 FastLocalDualTree:1 IntegerET:0 FastSubPel:1 QtbttExtraFast:3 FastTTSplit:0 IBCFastMethod:3 FIM:0 ALFSpeed:0 QuantThr: 4 
RATE CONTROL CFG: RateControl:0 LookAhead:0 
PARALLEL PROCESSING CFG: NumThreads:0 MaxParallelFrames:0 WppBitEqual:0 WF:0 

POC     0 TId: 0 (  IDR_N_LP, I-SLICE, QP 34, TF 2)     322424 bits [Y 32.2570 dB    U 35.9047 dB    V 36.4408 dB] [ET   241 ] [L0 ] [L1 ]
POC    16 TId: 1 (      STSA, B-SLICE, QP 40, TF 1)      52792 bits [Y 28.5017 dB    U 34.9651 dB    V 35.0060 dB] [ET   228 ] [L0 0 ] [L1 0 ]
POC     8 TId: 2 (      STSA, B-SLICE, QP 40, TF 0)      36296 bits [Y 28.8817 dB    U 35.1892 dB    V 35.4634 dB] [ET    85 ] [L0 0 16 ] [L1 16 0 ]
POC     4 TId: 3 (      STSA, B-SLICE, QP 43)            14880 bits [Y 28.6239 dB    U 35.1850 dB    V 35.5080 dB] [ET    49 ] [L0 0 8 ] [L1 8 16 ]
POC     2 TId: 4 (      STSA, B-SLICE, QP 45)              216 bits [Y 32.2570 dB    U 35.9047 dB    V 36.4408 dB] [ET     2 ] [L0 0 4 ] [L1 4 8 ]
POC     1 TId: 5 (      STSA, B-SLICE, QP 46)              160 bits [Y 32.2570 dB    U 35.9047 dB    V 36.4408 dB] [ET     1 ] [L0 0 2 ] [L1 2 4 ]
POC     3 TId: 5 (      STSA, B-SLICE, QP 46)             1992 bits [Y 28.8654 dB    U 35.2965 dB    V 35.9371 dB] [ET     5 ] [L0 2 0 ] [L1 4 8 ]
POC     6 TId: 4 (      STSA, B-SLICE, QP 45)             7512 bits [Y 27.7225 dB    U 35.0747 dB    V 35.2444 dB] [ET    14 ] [L0 4 0 ] [L1 8 16 ]
POC     5 TId: 5 (      STSA, B-SLICE, QP 46)             2008 bits [Y 27.6757 dB    U 35.0780 dB    V 35.3470 dB] [ET     6 ] [L0 4 0 ] [L1 6 8 ]
POC     7 TId: 5 (      STSA, B-SLICE, QP 46)             1896 bits [Y 27.7747 dB    U 35.0854 dB    V 35.2907 dB] [ET     5 ] [L0 6 4 ] [L1 8 16 ]
POC    12 TId: 3 (      STSA, B-SLICE, QP 43)            17576 bits [Y 27.7867 dB    U 35.0317 dB    V 34.9950 dB] [ET    53 ] [L0 8 0 ] [L1 16 8 ]
POC    10 TId: 4 (      STSA, B-SLICE, QP 45)             7120 bits [Y 27.4588 dB    U 35.0246 dB    V 34.8514 dB] [ET    14 ] [L0 8 0 ] [L1 12 16 ]
POC     9 TId: 5 (      STSA, B-SLICE, QP 46)             2120 bits [Y 27.7067 dB    U 35.0518 dB    V 35.2354 dB] [ET     6 ] [L0 8 0 ] [L1 10 12 ]
POC    11 TId: 5 (      STSA, B-SLICE, QP 46)             2360 bits [Y 27.3337 dB    U 34.9976 dB    V 34.9801 dB] [ET     6 ] [L0 10 8 ] [L1 12 16 ]
POC    14 TId: 4 (      STSA, B-SLICE, QP 45)             6760 bits [Y 27.3244 dB    U 34.8873 dB    V 34.8559 dB] [ET    13 ] [L0 12 8 ] [L1 16 12 ]
POC    13 TId: 5 (      STSA, B-SLICE, QP 46)             2208 bits [Y 27.2624 dB    U 34.9381 dB    V 34.9031 dB] [ET     7 ] [L0 12 8 ] [L1 14 16 ]
POC    15 TId: 5 (      STSA, B-SLICE, QP 46)             2464 bits [Y 27.4693 dB    U 34.8387 dB    V 34.9181 dB] [ET     7 ] [L0 14 12 ] [L1 16 14 ]

	Total Frames |   Bitrate     Y-PSNR    U-PSNR    V-PSNR    YUV-PSNR   
	       17    a    1414.0706   28.6564   35.1975   35.4034   29.7079

 finished @ Mon Apr 24 15:27:51 2023
 Total Time:      753.523 sec. [user]      753.586 sec. [elapsed]

Level: 0
Inject Calls: 327718784
Errors injected by bit:
	Bit 0: 3239
	Bit 1: 3352
	Bit 2: 3330
	Bit 3: 3229
	Bit 4: 3255
	Bit 5: 3298
	Bit 6: 3311
	Bit 7: 3231

Total errors injected: 26245
