vvencFFapp: Fraunhofer VVC Encoder ver. 1.5.0 [Linux][GCC 11.3.0][64 bit][SIMD=AVX2]
 started @ Sun Apr 23 14:10:19 2023
CODING TOOL CFG: CTU128 QT44BTT21 IBD:1 SAO:1 ALF:1 (NonLinLuma:0 NonLinChr:0) CCALF:1 Tiles:1x1 Slices:1 WPP:0 WPP-Substreams:1 TMVP:1 DQ:1 SDH:0 CST:1 BDOF:1 DMVR:1 MTSImplicit:1 SBT:0 JCbCr:1 CabacInitPresent:1 AMVR:5 SMVD:3 LMCS:2 (Signal:SDR Opt:0) CIIP:0 MIP:1 AFFINE:2 (PROF:1, Type:1) MMVD:3 DisFracMMVD:1 SbTMVP:1 GPM:3 LFNST:1 MTS:0 ISP:3 TS:2 TSLog2MaxSize:4 useChromaTS:0 BDPCM:2 IBC:2 BCW:0 
ENC. ALG. CFG: QPA:0 HAD:1 RDQ:1 RDQTS:1 ASR:1 MinSearchWindow:96 RestrictMESampling:0 EDO:2 MCTF:2 
PRE-ANALYSIS CFG: STA:1 LeadFrames:0 TrailFrames:0 
FAST TOOL CFG: ECU:0 FEN:1 FDM:1 FastSearch:4 (SCC:2) LCTUFast:1 FastMrg:2 PBIntraFast:1 AMaxBT:1 FastQtBtEnc:1 ContentBasedFastQtbt:0 FastMIP:3 FastIntraTools:0 IntraEstDecBit:2 FastLocalDualTree:1 IntegerET:0 FastSubPel:1 QtbttExtraFast:3 FastTTSplit:0 IBCFastMethod:3 FIM:0 ALFSpeed:0 QuantThr: 4 
RATE CONTROL CFG: RateControl:0 LookAhead:0 
PARALLEL PROCESSING CFG: NumThreads:0 MaxParallelFrames:0 WppBitEqual:0 WF:0 

POC     0 TId: 0 (  IDR_N_LP, I-SLICE, QP 34, TF 2)     142152 bits [Y 34.7290 dB    U 39.0714 dB    V 39.9878 dB] [ET   159 ] [L0 ] [L1 ]
POC    16 TId: 1 (      STSA, B-SLICE, QP 40, TF 1)      22416 bits [Y 32.2917 dB    U 38.1871 dB    V 38.8265 dB] [ET    36 ] [L0 0 ] [L1 0 ]
POC     8 TId: 2 (      STSA, B-SLICE, QP 40, TF 0)      11160 bits [Y 32.8947 dB    U 38.4252 dB    V 39.3314 dB] [ET    33 ] [L0 0 16 ] [L1 16 0 ]
POC     4 TId: 3 (      STSA, B-SLICE, QP 43)             4280 bits [Y 32.8573 dB    U 38.7324 dB    V 39.4870 dB] [ET    16 ] [L0 0 8 ] [L1 8 16 ]
POC     2 TId: 4 (      STSA, B-SLICE, QP 45)             1904 bits [Y 33.1310 dB    U 38.8075 dB    V 39.7083 dB] [ET     4 ] [L0 0 4 ] [L1 4 8 ]
POC     1 TId: 5 (      STSA, B-SLICE, QP 46)              776 bits [Y 33.6644 dB    U 38.9035 dB    V 39.9068 dB] [ET     2 ] [L0 0 2 ] [L1 2 4 ]
POC     3 TId: 5 (      STSA, B-SLICE, QP 46)              656 bits [Y 32.7562 dB    U 38.8590 dB    V 39.6744 dB] [ET     2 ] [L0 2 0 ] [L1 4 8 ]
POC     6 TId: 4 (      STSA, B-SLICE, QP 45)             1944 bits [Y 32.4464 dB    U 38.6313 dB    V 39.4983 dB] [ET     4 ] [L0 4 0 ] [L1 8 16 ]
POC     5 TId: 5 (      STSA, B-SLICE, QP 46)              880 bits [Y 32.4296 dB    U 38.6307 dB    V 39.4810 dB] [ET     3 ] [L0 4 0 ] [L1 6 8 ]
POC     7 TId: 5 (      STSA, B-SLICE, QP 46)              696 bits [Y 32.5186 dB    U 38.4694 dB    V 39.4174 dB] [ET     2 ] [L0 6 4 ] [L1 8 16 ]
POC    12 TId: 3 (      STSA, B-SLICE, QP 43)             5080 bits [Y 32.0589 dB    U 38.2676 dB    V 39.0945 dB] [ET    19 ] [L0 8 0 ] [L1 16 8 ]
POC    10 TId: 4 (      STSA, B-SLICE, QP 45)             1760 bits [Y 32.0164 dB    U 38.3345 dB    V 39.1535 dB] [ET     4 ] [L0 8 0 ] [L1 12 16 ]
POC     9 TId: 5 (      STSA, B-SLICE, QP 46)              888 bits [Y 32.3076 dB    U 38.4648 dB    V 39.3059 dB] [ET     2 ] [L0 8 0 ] [L1 10 12 ]
POC    11 TId: 5 (      STSA, B-SLICE, QP 46)              760 bits [Y 31.8437 dB    U 38.2935 dB    V 39.1242 dB] [ET     3 ] [L0 10 8 ] [L1 12 16 ]
POC    14 TId: 4 (      STSA, B-SLICE, QP 45)             2264 bits [Y 31.7289 dB    U 38.1901 dB    V 38.9114 dB] [ET     4 ] [L0 12 8 ] [L1 16 12 ]
POC    13 TId: 5 (      STSA, B-SLICE, QP 46)             1000 bits [Y 31.6509 dB    U 38.1917 dB    V 39.0028 dB] [ET     3 ] [L0 12 8 ] [L1 14 16 ]
POC    15 TId: 5 (      STSA, B-SLICE, QP 46)              960 bits [Y 31.7483 dB    U 38.2613 dB    V 38.9368 dB] [ET     2 ] [L0 14 12 ] [L1 16 14 ]

	Total Frames |   Bitrate     Y-PSNR    U-PSNR    V-PSNR    YUV-PSNR   
	       17    a     704.3859   32.5337   38.5130   39.3440   33.7644

 finished @ Sun Apr 23 14:15:31 2023
 Total Time:      312.061 sec. [user]      312.122 sec. [elapsed]

Level: 0
Inject Calls: 55785600
Errors injected by bit:
	Bit 0: 56055
	Bit 1: 55888
	Bit 2: 56164
	Bit 3: 55774
	Bit 4: 55980
	Bit 5: 55586
	Bit 6: 56094
	Bit 7: 55508

Total errors injected: 447049
