vvencFFapp: Fraunhofer VVC Encoder ver. 1.5.0 [Linux][GCC 11.3.0][64 bit][SIMD=AVX2]
 started @ Mon Apr 24 07:10:09 2023
CODING TOOL CFG: CTU128 QT44BTT21 IBD:1 SAO:1 ALF:1 (NonLinLuma:0 NonLinChr:0) CCALF:1 Tiles:1x1 Slices:1 WPP:0 WPP-Substreams:1 TMVP:1 DQ:1 SDH:0 CST:1 BDOF:1 DMVR:1 MTSImplicit:1 SBT:0 JCbCr:1 CabacInitPresent:1 AMVR:5 SMVD:3 LMCS:2 (Signal:SDR Opt:0) CIIP:0 MIP:1 AFFINE:2 (PROF:1, Type:1) MMVD:3 DisFracMMVD:1 SbTMVP:1 GPM:3 LFNST:1 MTS:0 ISP:3 TS:2 TSLog2MaxSize:4 useChromaTS:0 BDPCM:2 IBC:2 BCW:0 
ENC. ALG. CFG: QPA:0 HAD:1 RDQ:1 RDQTS:1 ASR:1 MinSearchWindow:96 RestrictMESampling:0 EDO:2 MCTF:2 
PRE-ANALYSIS CFG: STA:1 LeadFrames:0 TrailFrames:0 
FAST TOOL CFG: ECU:0 FEN:1 FDM:1 FastSearch:4 (SCC:2) LCTUFast:1 FastMrg:2 PBIntraFast:1 AMaxBT:1 FastQtBtEnc:1 ContentBasedFastQtbt:0 FastMIP:3 FastIntraTools:0 IntraEstDecBit:2 FastLocalDualTree:1 IntegerET:0 FastSubPel:1 QtbttExtraFast:3 FastTTSplit:0 IBCFastMethod:3 FIM:0 ALFSpeed:0 QuantThr: 4 
RATE CONTROL CFG: RateControl:0 LookAhead:0 
PARALLEL PROCESSING CFG: NumThreads:0 MaxParallelFrames:0 WppBitEqual:0 WF:0 

POC     0 TId: 0 (  IDR_N_LP, I-SLICE, QP 34, TF 2)     137312 bits [Y 33.0393 dB    U 36.5932 dB    V 37.9362 dB] [ET   138 ] [L0 ] [L1 ]
POC    16 TId: 1 (      STSA, B-SLICE, QP 40, TF 1)      50120 bits [Y 30.8080 dB    U 36.0223 dB    V 36.8395 dB] [ET   103 ] [L0 0 ] [L1 0 ]
POC     8 TId: 2 (      STSA, B-SLICE, QP 40, TF 0)      40320 bits [Y 30.7346 dB    U 35.8479 dB    V 36.8571 dB] [ET    92 ] [L0 0 16 ] [L1 16 0 ]
POC     4 TId: 3 (      STSA, B-SLICE, QP 43)            16792 bits [Y 30.1316 dB    U 35.6917 dB    V 36.8082 dB] [ET    56 ] [L0 0 8 ] [L1 8 16 ]
POC     2 TId: 4 (      STSA, B-SLICE, QP 45)             9352 bits [Y 30.0631 dB    U 35.7731 dB    V 37.0914 dB] [ET    15 ] [L0 0 4 ] [L1 4 8 ]
POC     1 TId: 5 (      STSA, B-SLICE, QP 46)             4896 bits [Y 30.3308 dB    U 35.9150 dB    V 37.3184 dB] [ET     9 ] [L0 0 2 ] [L1 2 4 ]
POC     3 TId: 5 (      STSA, B-SLICE, QP 46)             4192 bits [Y 29.6915 dB    U 35.5137 dB    V 36.6248 dB] [ET    10 ] [L0 2 0 ] [L1 4 8 ]
POC     6 TId: 4 (      STSA, B-SLICE, QP 45)             8416 bits [Y 29.6606 dB    U 35.5199 dB    V 36.4527 dB] [ET    16 ] [L0 4 0 ] [L1 8 16 ]
POC     5 TId: 5 (      STSA, B-SLICE, QP 46)             4224 bits [Y 29.5809 dB    U 35.4722 dB    V 36.6408 dB] [ET     9 ] [L0 4 0 ] [L1 6 8 ]
POC     7 TId: 5 (      STSA, B-SLICE, QP 46)             3480 bits [Y 29.5075 dB    U 35.4015 dB    V 36.4948 dB] [ET     8 ] [L0 6 4 ] [L1 8 16 ]
POC    12 TId: 3 (      STSA, B-SLICE, QP 43)            17840 bits [Y 29.8232 dB    U 35.6970 dB    V 36.1491 dB] [ET    50 ] [L0 8 0 ] [L1 16 8 ]
POC    10 TId: 4 (      STSA, B-SLICE, QP 45)             9344 bits [Y 29.3439 dB    U 35.4724 dB    V 36.0663 dB] [ET    18 ] [L0 8 0 ] [L1 12 16 ]
POC     9 TId: 5 (      STSA, B-SLICE, QP 46)             3640 bits [Y 29.4190 dB    U 35.5756 dB    V 36.4594 dB] [ET     9 ] [L0 8 0 ] [L1 10 12 ]
POC    11 TId: 5 (      STSA, B-SLICE, QP 46)             3832 bits [Y 29.2150 dB    U 35.5213 dB    V 36.0487 dB] [ET     9 ] [L0 10 8 ] [L1 12 16 ]
POC    14 TId: 4 (      STSA, B-SLICE, QP 45)             8192 bits [Y 29.4392 dB    U 35.6305 dB    V 36.0453 dB] [ET    16 ] [L0 12 8 ] [L1 16 12 ]
POC    13 TId: 5 (      STSA, B-SLICE, QP 46)             4040 bits [Y 29.3385 dB    U 35.5592 dB    V 36.0716 dB] [ET     9 ] [L0 12 8 ] [L1 14 16 ]
POC    15 TId: 5 (      STSA, B-SLICE, QP 46)             3840 bits [Y 29.6893 dB    U 35.7857 dB    V 36.3517 dB] [ET     8 ] [L0 14 12 ] [L1 16 14 ]

	Total Frames |   Bitrate     Y-PSNR    U-PSNR    V-PSNR    YUV-PSNR   
	       17    a     582.0565   29.9892   35.7054   36.6033   31.1802

 finished @ Mon Apr 24 07:19:59 2023
 Total Time:      590.661 sec. [user]      590.722 sec. [elapsed]

Level: 0
Inject Calls: 162734848
Errors injected by bit:
	Bit 0: 1631
	Bit 1: 1621
	Bit 2: 1622
	Bit 3: 1647
	Bit 4: 1601
	Bit 5: 1656
	Bit 6: 1632
	Bit 7: 1634

Total errors injected: 13044
