vvencFFapp: Fraunhofer VVC Encoder ver. 1.5.0 [Linux][GCC 11.3.0][64 bit][SIMD=AVX2]
 started @ Mon Apr 24 06:40:08 2023
CODING TOOL CFG: CTU128 QT44BTT21 IBD:1 SAO:1 ALF:1 (NonLinLuma:0 NonLinChr:0) CCALF:1 Tiles:1x1 Slices:1 WPP:0 WPP-Substreams:1 TMVP:1 DQ:1 SDH:0 CST:1 BDOF:1 DMVR:1 MTSImplicit:1 SBT:0 JCbCr:1 CabacInitPresent:1 AMVR:5 SMVD:3 LMCS:2 (Signal:SDR Opt:0) CIIP:0 MIP:1 AFFINE:2 (PROF:1, Type:1) MMVD:3 DisFracMMVD:1 SbTMVP:1 GPM:3 LFNST:1 MTS:0 ISP:3 TS:2 TSLog2MaxSize:4 useChromaTS:0 BDPCM:2 IBC:2 BCW:0 
ENC. ALG. CFG: QPA:0 HAD:1 RDQ:1 RDQTS:1 ASR:1 MinSearchWindow:96 RestrictMESampling:0 EDO:2 MCTF:2 
PRE-ANALYSIS CFG: STA:1 LeadFrames:0 TrailFrames:0 
FAST TOOL CFG: ECU:0 FEN:1 FDM:1 FastSearch:4 (SCC:2) LCTUFast:1 FastMrg:2 PBIntraFast:1 AMaxBT:1 FastQtBtEnc:1 ContentBasedFastQtbt:0 FastMIP:3 FastIntraTools:0 IntraEstDecBit:2 FastLocalDualTree:1 IntegerET:0 FastSubPel:1 QtbttExtraFast:3 FastTTSplit:0 IBCFastMethod:3 FIM:0 ALFSpeed:0 QuantThr: 4 
RATE CONTROL CFG: RateControl:0 LookAhead:0 
PARALLEL PROCESSING CFG: NumThreads:0 MaxParallelFrames:0 WppBitEqual:0 WF:0 

POC     0 TId: 0 (  IDR_N_LP, I-SLICE, QP 34, TF 2)     137312 bits [Y 33.0393 dB    U 36.5932 dB    V 37.9362 dB] [ET   138 ] [L0 ] [L1 ]
POC    16 TId: 1 (      STSA, B-SLICE, QP 40, TF 1)      50344 bits [Y 30.8201 dB    U 36.0107 dB    V 36.8183 dB] [ET    61 ] [L0 0 ] [L1 0 ]
POC     8 TId: 2 (      STSA, B-SLICE, QP 40, TF 0)      40336 bits [Y 30.7288 dB    U 35.8497 dB    V 36.8467 dB] [ET    55 ] [L0 0 16 ] [L1 16 0 ]
POC     4 TId: 3 (      STSA, B-SLICE, QP 43)            17056 bits [Y 30.1647 dB    U 35.6505 dB    V 36.7793 dB] [ET    28 ] [L0 0 8 ] [L1 8 16 ]
POC     2 TId: 4 (      STSA, B-SLICE, QP 45)             9160 bits [Y 30.0674 dB    U 35.7332 dB    V 37.0243 dB] [ET    15 ] [L0 0 4 ] [L1 4 8 ]
POC     1 TId: 5 (      STSA, B-SLICE, QP 46)             4936 bits [Y 30.3457 dB    U 35.8566 dB    V 37.2758 dB] [ET     9 ] [L0 0 2 ] [L1 2 4 ]
POC     3 TId: 5 (      STSA, B-SLICE, QP 46)             4312 bits [Y 29.7364 dB    U 35.4798 dB    V 36.6338 dB] [ET     9 ] [L0 2 0 ] [L1 4 8 ]
POC     6 TId: 4 (      STSA, B-SLICE, QP 45)             8808 bits [Y 29.6765 dB    U 35.4776 dB    V 36.4750 dB] [ET    16 ] [L0 4 0 ] [L1 8 16 ]
POC     5 TId: 5 (      STSA, B-SLICE, QP 46)             4224 bits [Y 29.6398 dB    U 35.4415 dB    V 36.6533 dB] [ET     9 ] [L0 4 0 ] [L1 6 8 ]
POC     7 TId: 5 (      STSA, B-SLICE, QP 46)             3792 bits [Y 29.6235 dB    U 35.3579 dB    V 36.5168 dB] [ET     8 ] [L0 6 4 ] [L1 8 16 ]
POC    12 TId: 3 (      STSA, B-SLICE, QP 43)            17984 bits [Y 29.8231 dB    U 35.6657 dB    V 36.1503 dB] [ET    31 ] [L0 8 0 ] [L1 16 8 ]
POC    10 TId: 4 (      STSA, B-SLICE, QP 45)             9272 bits [Y 29.3648 dB    U 35.4962 dB    V 36.1715 dB] [ET    17 ] [L0 8 0 ] [L1 12 16 ]
POC     9 TId: 5 (      STSA, B-SLICE, QP 46)             3904 bits [Y 29.4315 dB    U 35.6243 dB    V 36.3864 dB] [ET     9 ] [L0 8 0 ] [L1 10 12 ]
POC    11 TId: 5 (      STSA, B-SLICE, QP 46)             3896 bits [Y 29.2130 dB    U 35.4226 dB    V 36.1154 dB] [ET     9 ] [L0 10 8 ] [L1 12 16 ]
POC    14 TId: 4 (      STSA, B-SLICE, QP 45)             8248 bits [Y 29.4448 dB    U 35.5798 dB    V 36.0250 dB] [ET    17 ] [L0 12 8 ] [L1 16 12 ]
POC    13 TId: 5 (      STSA, B-SLICE, QP 46)             3728 bits [Y 29.3160 dB    U 35.5737 dB    V 36.0953 dB] [ET     9 ] [L0 12 8 ] [L1 14 16 ]
POC    15 TId: 5 (      STSA, B-SLICE, QP 46)             3640 bits [Y 29.6895 dB    U 35.7335 dB    V 36.2179 dB] [ET     9 ] [L0 14 12 ] [L1 16 14 ]

	Total Frames |   Bitrate     Y-PSNR    U-PSNR    V-PSNR    YUV-PSNR   
	       17    a     584.0329   30.0073   35.6792   36.5954   31.1953

 finished @ Mon Apr 24 06:47:52 2023
 Total Time:      464.162 sec. [user]      464.226 sec. [elapsed]

Level: 0
Inject Calls: 0
Errors injected by bit:
	Bit 0: 0
	Bit 1: 0
	Bit 2: 0
	Bit 3: 0
	Bit 4: 0
	Bit 5: 0
	Bit 6: 0
	Bit 7: 0

Total errors injected: 0
