vvencFFapp: Fraunhofer VVC Encoder ver. 1.5.0 [Linux][GCC 11.3.0][64 bit][SIMD=AVX2]
 started @ Mon Apr 24 15:00:18 2023
CODING TOOL CFG: CTU128 QT44BTT21 IBD:1 SAO:1 ALF:1 (NonLinLuma:0 NonLinChr:0) CCALF:1 Tiles:1x1 Slices:1 WPP:0 WPP-Substreams:1 TMVP:1 DQ:1 SDH:0 CST:1 BDOF:1 DMVR:1 MTSImplicit:1 SBT:0 JCbCr:1 CabacInitPresent:1 AMVR:5 SMVD:3 LMCS:2 (Signal:SDR Opt:0) CIIP:0 MIP:1 AFFINE:2 (PROF:1, Type:1) MMVD:3 DisFracMMVD:1 SbTMVP:1 GPM:3 LFNST:1 MTS:0 ISP:3 TS:2 TSLog2MaxSize:4 useChromaTS:0 BDPCM:2 IBC:2 BCW:0 
ENC. ALG. CFG: QPA:0 HAD:1 RDQ:1 RDQTS:1 ASR:1 MinSearchWindow:96 RestrictMESampling:0 EDO:2 MCTF:2 
PRE-ANALYSIS CFG: STA:1 LeadFrames:0 TrailFrames:0 
FAST TOOL CFG: ECU:0 FEN:1 FDM:1 FastSearch:4 (SCC:2) LCTUFast:1 FastMrg:2 PBIntraFast:1 AMaxBT:1 FastQtBtEnc:1 ContentBasedFastQtbt:0 FastMIP:3 FastIntraTools:0 IntraEstDecBit:2 FastLocalDualTree:1 IntegerET:0 FastSubPel:1 QtbttExtraFast:3 FastTTSplit:0 IBCFastMethod:3 FIM:0 ALFSpeed:0 QuantThr: 4 
RATE CONTROL CFG: RateControl:0 LookAhead:0 
PARALLEL PROCESSING CFG: NumThreads:0 MaxParallelFrames:0 WppBitEqual:0 WF:0 

POC     0 TId: 0 (  IDR_N_LP, I-SLICE, QP 34, TF 2)     322424 bits [Y 32.2570 dB    U 35.9047 dB    V 36.4408 dB] [ET   241 ] [L0 ] [L1 ]
POC    16 TId: 1 (      STSA, B-SLICE, QP 40, TF 1)      52984 bits [Y 28.4905 dB    U 34.9571 dB    V 35.0242 dB] [ET   228 ] [L0 0 ] [L1 0 ]
POC     8 TId: 2 (      STSA, B-SLICE, QP 40, TF 0)      36280 bits [Y 28.8690 dB    U 35.1733 dB    V 35.4347 dB] [ET    94 ] [L0 0 16 ] [L1 16 0 ]
POC     4 TId: 3 (      STSA, B-SLICE, QP 43)            14736 bits [Y 28.6143 dB    U 35.1921 dB    V 35.4895 dB] [ET    49 ] [L0 0 8 ] [L1 8 16 ]
POC     2 TId: 4 (      STSA, B-SLICE, QP 45)              216 bits [Y 32.2570 dB    U 35.9047 dB    V 36.4408 dB] [ET     2 ] [L0 0 4 ] [L1 4 8 ]
POC     1 TId: 5 (      STSA, B-SLICE, QP 46)              160 bits [Y 32.2570 dB    U 35.9047 dB    V 36.4408 dB] [ET     1 ] [L0 0 2 ] [L1 2 4 ]
POC     3 TId: 5 (      STSA, B-SLICE, QP 46)             2104 bits [Y 28.8833 dB    U 35.2217 dB    V 35.8774 dB] [ET     5 ] [L0 2 0 ] [L1 4 8 ]
POC     6 TId: 4 (      STSA, B-SLICE, QP 45)             7688 bits [Y 27.7369 dB    U 35.1126 dB    V 35.2160 dB] [ET    13 ] [L0 4 0 ] [L1 8 16 ]
POC     5 TId: 5 (      STSA, B-SLICE, QP 46)             2168 bits [Y 27.6877 dB    U 35.0772 dB    V 35.3443 dB] [ET     6 ] [L0 4 0 ] [L1 6 8 ]
POC     7 TId: 5 (      STSA, B-SLICE, QP 46)             2136 bits [Y 27.7668 dB    U 35.0649 dB    V 35.3014 dB] [ET     5 ] [L0 6 4 ] [L1 8 16 ]
POC    12 TId: 3 (      STSA, B-SLICE, QP 43)            16712 bits [Y 27.7590 dB    U 35.0055 dB    V 35.0250 dB] [ET    51 ] [L0 8 0 ] [L1 16 8 ]
POC    10 TId: 4 (      STSA, B-SLICE, QP 45)             7120 bits [Y 27.4691 dB    U 35.0368 dB    V 34.8353 dB] [ET    14 ] [L0 8 0 ] [L1 12 16 ]
POC     9 TId: 5 (      STSA, B-SLICE, QP 46)             2032 bits [Y 27.6803 dB    U 35.0465 dB    V 35.1636 dB] [ET     6 ] [L0 8 0 ] [L1 10 12 ]
POC    11 TId: 5 (      STSA, B-SLICE, QP 46)             2072 bits [Y 27.3164 dB    U 34.9940 dB    V 34.9487 dB] [ET     6 ] [L0 10 8 ] [L1 12 16 ]
POC    14 TId: 4 (      STSA, B-SLICE, QP 45)             6912 bits [Y 27.3247 dB    U 34.9039 dB    V 34.8559 dB] [ET    13 ] [L0 12 8 ] [L1 16 12 ]
POC    13 TId: 5 (      STSA, B-SLICE, QP 46)             2144 bits [Y 27.2554 dB    U 34.9588 dB    V 34.9459 dB] [ET     6 ] [L0 12 8 ] [L1 14 16 ]
POC    15 TId: 5 (      STSA, B-SLICE, QP 46)             2424 bits [Y 27.4712 dB    U 34.8641 dB    V 34.9510 dB] [ET     6 ] [L0 14 12 ] [L1 16 14 ]

	Total Frames |   Bitrate     Y-PSNR    U-PSNR    V-PSNR    YUV-PSNR   
	       17    a    1412.6824   28.6527   35.1954   35.3962   29.7037

 finished @ Mon Apr 24 15:12:59 2023
 Total Time:      761.029 sec. [user]      761.087 sec. [elapsed]

Level: 0
Inject Calls: 328492928
Errors injected by bit:
	Bit 0: 33051
	Bit 1: 32673
	Bit 2: 32863
	Bit 3: 32750
	Bit 4: 32728
	Bit 5: 32978
	Bit 6: 32941
	Bit 7: 32801

Total errors injected: 262785
