vvencFFapp: Fraunhofer VVC Encoder ver. 1.5.0 [Linux][GCC 11.3.0][64 bit][SIMD=AVX2]
 started @ Sun Apr 23 22:24:59 2023
CODING TOOL CFG: CTU128 QT44BTT21 IBD:1 SAO:1 ALF:1 (NonLinLuma:0 NonLinChr:0) CCALF:1 Tiles:1x1 Slices:1 WPP:0 WPP-Substreams:1 TMVP:1 DQ:1 SDH:0 CST:1 BDOF:1 DMVR:1 MTSImplicit:1 SBT:0 JCbCr:1 CabacInitPresent:1 AMVR:5 SMVD:3 LMCS:2 (Signal:SDR Opt:0) CIIP:0 MIP:1 AFFINE:2 (PROF:1, Type:1) MMVD:3 DisFracMMVD:1 SbTMVP:1 GPM:3 LFNST:1 MTS:0 ISP:3 TS:2 TSLog2MaxSize:4 useChromaTS:0 BDPCM:2 IBC:2 BCW:0 
ENC. ALG. CFG: QPA:0 HAD:1 RDQ:1 RDQTS:1 ASR:1 MinSearchWindow:96 RestrictMESampling:0 EDO:2 MCTF:2 
PRE-ANALYSIS CFG: STA:1 LeadFrames:0 TrailFrames:0 
FAST TOOL CFG: ECU:0 FEN:1 FDM:1 FastSearch:4 (SCC:2) LCTUFast:1 FastMrg:2 PBIntraFast:1 AMaxBT:1 FastQtBtEnc:1 ContentBasedFastQtbt:0 FastMIP:3 FastIntraTools:0 IntraEstDecBit:2 FastLocalDualTree:1 IntegerET:0 FastSubPel:1 QtbttExtraFast:3 FastTTSplit:0 IBCFastMethod:3 FIM:0 ALFSpeed:0 QuantThr: 4 
RATE CONTROL CFG: RateControl:0 LookAhead:0 
PARALLEL PROCESSING CFG: NumThreads:0 MaxParallelFrames:0 WppBitEqual:0 WF:0 

POC     0 TId: 0 (  IDR_N_LP, I-SLICE, QP 29, TF 2)     160808 bits [Y 38.4367 dB    U 41.6230 dB    V 42.6136 dB] [ET   187 ] [L0 ] [L1 ]
POC    16 TId: 1 (      STSA, B-SLICE, QP 34, TF 1)      30896 bits [Y 36.4936 dB    U 39.9469 dB    V 40.1435 dB] [ET    48 ] [L0 0 ] [L1 0 ]
POC     8 TId: 2 (      STSA, B-SLICE, QP 35, TF 0)      19288 bits [Y 36.5328 dB    U 40.0699 dB    V 40.7541 dB] [ET    39 ] [L0 0 16 ] [L1 16 0 ]
POC     4 TId: 3 (      STSA, B-SLICE, QP 38)            11808 bits [Y 36.1664 dB    U 40.2597 dB    V 40.9805 dB] [ET    32 ] [L0 0 8 ] [L1 8 16 ]
POC     2 TId: 4 (      STSA, B-SLICE, QP 40)             4968 bits [Y 36.2717 dB    U 40.8467 dB    V 41.3019 dB] [ET     9 ] [L0 0 4 ] [L1 4 8 ]
POC     1 TId: 5 (      STSA, B-SLICE, QP 41)              232 bits [Y 38.4367 dB    U 41.6230 dB    V 42.6136 dB] [ET     2 ] [L0 0 2 ] [L1 2 4 ]
POC     3 TId: 5 (      STSA, B-SLICE, QP 41)             3160 bits [Y 35.7302 dB    U 40.4104 dB    V 40.8627 dB] [ET     7 ] [L0 2 0 ] [L1 4 8 ]
POC     6 TId: 4 (      STSA, B-SLICE, QP 40)             6280 bits [Y 35.5889 dB    U 40.0547 dB    V 40.4749 dB] [ET    13 ] [L0 4 0 ] [L1 8 16 ]
POC     5 TId: 5 (      STSA, B-SLICE, QP 41)             3360 bits [Y 35.3079 dB    U 39.9781 dB    V 40.5651 dB] [ET     7 ] [L0 4 0 ] [L1 6 8 ]
POC     7 TId: 5 (      STSA, B-SLICE, QP 41)             3408 bits [Y 35.3344 dB    U 39.9461 dB    V 40.4187 dB] [ET     7 ] [L0 6 4 ] [L1 8 16 ]
POC    12 TId: 3 (      STSA, B-SLICE, QP 38)            13160 bits [Y 35.6334 dB    U 39.7171 dB    V 40.0771 dB] [ET    42 ] [L0 8 0 ] [L1 16 8 ]
POC    10 TId: 4 (      STSA, B-SLICE, QP 40)             7104 bits [Y 35.2813 dB    U 39.8395 dB    V 40.2901 dB] [ET    13 ] [L0 8 0 ] [L1 12 16 ]
POC     9 TId: 5 (      STSA, B-SLICE, QP 41)             3488 bits [Y 35.7070 dB    U 39.9274 dB    V 40.4831 dB] [ET     7 ] [L0 8 0 ] [L1 10 12 ]
POC    11 TId: 5 (      STSA, B-SLICE, QP 41)             3840 bits [Y 35.2694 dB    U 39.6991 dB    V 40.0831 dB] [ET     7 ] [L0 10 8 ] [L1 12 16 ]
POC    14 TId: 4 (      STSA, B-SLICE, QP 40)             7456 bits [Y 35.2644 dB    U 39.5845 dB    V 39.7176 dB] [ET    13 ] [L0 12 8 ] [L1 16 12 ]
POC    13 TId: 5 (      STSA, B-SLICE, QP 41)             3592 bits [Y 35.0520 dB    U 39.6899 dB    V 39.8432 dB] [ET     8 ] [L0 12 8 ] [L1 14 16 ]
POC    15 TId: 5 (      STSA, B-SLICE, QP 41)             3120 bits [Y 35.2294 dB    U 39.7427 dB    V 39.7964 dB] [ET     6 ] [L0 14 12 ] [L1 16 14 ]

	Total Frames |   Bitrate     Y-PSNR    U-PSNR    V-PSNR    YUV-PSNR   
	       17    a     841.0824   35.9845   40.1740   40.6482   36.9293

 finished @ Sun Apr 23 22:32:39 2023
 Total Time:      459.672 sec. [user]      459.731 sec. [elapsed]

Level: 0
Inject Calls: 56879744
Errors injected by bit:
	Bit 0: 56955
	Bit 1: 56958
	Bit 2: 56847
	Bit 3: 56721
	Bit 4: 56846
	Bit 5: 56922
	Bit 6: 56503
	Bit 7: 56683

Total errors injected: 454435
