vvencFFapp: Fraunhofer VVC Encoder ver. 1.5.0 [Linux][GCC 11.3.0][64 bit][SIMD=AVX2]
 started @ Mon Apr 24 15:25:18 2023
CODING TOOL CFG: CTU128 QT44BTT21 IBD:1 SAO:1 ALF:1 (NonLinLuma:0 NonLinChr:0) CCALF:1 Tiles:1x1 Slices:1 WPP:0 WPP-Substreams:1 TMVP:1 DQ:1 SDH:0 CST:1 BDOF:1 DMVR:1 MTSImplicit:1 SBT:0 JCbCr:1 CabacInitPresent:1 AMVR:5 SMVD:3 LMCS:2 (Signal:SDR Opt:0) CIIP:0 MIP:1 AFFINE:2 (PROF:1, Type:1) MMVD:3 DisFracMMVD:1 SbTMVP:1 GPM:3 LFNST:1 MTS:0 ISP:3 TS:2 TSLog2MaxSize:4 useChromaTS:0 BDPCM:2 IBC:2 BCW:0 
ENC. ALG. CFG: QPA:0 HAD:1 RDQ:1 RDQTS:1 ASR:1 MinSearchWindow:96 RestrictMESampling:0 EDO:2 MCTF:2 
PRE-ANALYSIS CFG: STA:1 LeadFrames:0 TrailFrames:0 
FAST TOOL CFG: ECU:0 FEN:1 FDM:1 FastSearch:4 (SCC:2) LCTUFast:1 FastMrg:2 PBIntraFast:1 AMaxBT:1 FastQtBtEnc:1 ContentBasedFastQtbt:0 FastMIP:3 FastIntraTools:0 IntraEstDecBit:2 FastLocalDualTree:1 IntegerET:0 FastSubPel:1 QtbttExtraFast:3 FastTTSplit:0 IBCFastMethod:3 FIM:0 ALFSpeed:0 QuantThr: 4 
RATE CONTROL CFG: RateControl:0 LookAhead:0 
PARALLEL PROCESSING CFG: NumThreads:0 MaxParallelFrames:0 WppBitEqual:0 WF:0 

POC     0 TId: 0 (  IDR_N_LP, I-SLICE, QP 34, TF 2)     322424 bits [Y 32.2570 dB    U 35.9047 dB    V 36.4408 dB] [ET   237 ] [L0 ] [L1 ]
POC    16 TId: 1 (      STSA, B-SLICE, QP 40, TF 1)      53264 bits [Y 28.4965 dB    U 34.9420 dB    V 34.9834 dB] [ET   209 ] [L0 0 ] [L1 0 ]
POC     8 TId: 2 (      STSA, B-SLICE, QP 40, TF 0)      36360 bits [Y 28.8765 dB    U 35.1975 dB    V 35.4884 dB] [ET   117 ] [L0 0 16 ] [L1 16 0 ]
POC     4 TId: 3 (      STSA, B-SLICE, QP 43)            15064 bits [Y 28.6132 dB    U 35.2326 dB    V 35.4585 dB] [ET    51 ] [L0 0 8 ] [L1 8 16 ]
POC     2 TId: 4 (      STSA, B-SLICE, QP 45)              224 bits [Y 32.2570 dB    U 35.9047 dB    V 36.4408 dB] [ET     2 ] [L0 0 4 ] [L1 4 8 ]
POC     1 TId: 5 (      STSA, B-SLICE, QP 46)              224 bits [Y 32.2570 dB    U 35.9047 dB    V 36.4408 dB] [ET     1 ] [L0 0 2 ] [L1 2 4 ]
POC     3 TId: 5 (      STSA, B-SLICE, QP 46)             2048 bits [Y 28.8835 dB    U 35.2700 dB    V 35.9320 dB] [ET     5 ] [L0 2 0 ] [L1 4 8 ]
POC     6 TId: 4 (      STSA, B-SLICE, QP 45)             7424 bits [Y 27.7203 dB    U 35.1565 dB    V 35.1907 dB] [ET    13 ] [L0 4 0 ] [L1 8 16 ]
POC     5 TId: 5 (      STSA, B-SLICE, QP 46)             2168 bits [Y 27.6903 dB    U 35.1341 dB    V 35.3153 dB] [ET     6 ] [L0 4 0 ] [L1 6 8 ]
POC     7 TId: 5 (      STSA, B-SLICE, QP 46)             1792 bits [Y 27.7414 dB    U 35.1243 dB    V 35.3023 dB] [ET     5 ] [L0 6 4 ] [L1 8 16 ]
POC    12 TId: 3 (      STSA, B-SLICE, QP 43)            17216 bits [Y 27.7579 dB    U 34.9724 dB    V 34.9607 dB] [ET    48 ] [L0 8 0 ] [L1 16 8 ]
POC    10 TId: 4 (      STSA, B-SLICE, QP 45)             7480 bits [Y 27.5037 dB    U 35.0181 dB    V 34.8787 dB] [ET    14 ] [L0 8 0 ] [L1 12 16 ]
POC     9 TId: 5 (      STSA, B-SLICE, QP 46)             2112 bits [Y 27.7338 dB    U 35.0539 dB    V 35.1726 dB] [ET     6 ] [L0 8 0 ] [L1 10 12 ]
POC    11 TId: 5 (      STSA, B-SLICE, QP 46)             2144 bits [Y 27.3489 dB    U 34.9007 dB    V 34.9174 dB] [ET     6 ] [L0 10 8 ] [L1 12 16 ]
POC    14 TId: 4 (      STSA, B-SLICE, QP 45)             6880 bits [Y 27.2970 dB    U 34.8609 dB    V 34.8718 dB] [ET    14 ] [L0 12 8 ] [L1 16 12 ]
POC    13 TId: 5 (      STSA, B-SLICE, QP 46)             2032 bits [Y 27.2074 dB    U 34.8834 dB    V 34.9371 dB] [ET     7 ] [L0 12 8 ] [L1 14 16 ]
POC    15 TId: 5 (      STSA, B-SLICE, QP 46)             2328 bits [Y 27.4458 dB    U 34.8276 dB    V 34.8881 dB] [ET     7 ] [L0 14 12 ] [L1 16 14 ]

	Total Frames |   Bitrate     Y-PSNR    U-PSNR    V-PSNR    YUV-PSNR   
	       17    a    1415.2471   28.6522   35.1934   35.3894   29.7022

 finished @ Mon Apr 24 15:38:01 2023
 Total Time:      762.681 sec. [user]      762.762 sec. [elapsed]

Level: 0
Inject Calls: 331068928
Errors injected by bit:
	Bit 0: 3334
	Bit 1: 3336
	Bit 2: 3391
	Bit 3: 3358
	Bit 4: 3244
	Bit 5: 3340
	Bit 6: 3410
	Bit 7: 3353

Total errors injected: 26766
