vvencFFapp: Fraunhofer VVC Encoder ver. 1.5.0 [Linux][GCC 11.3.0][64 bit][SIMD=AVX2]
 started @ Mon Apr 24 05:40:07 2023
CODING TOOL CFG: CTU128 QT44BTT21 IBD:1 SAO:1 ALF:1 (NonLinLuma:0 NonLinChr:0) CCALF:1 Tiles:1x1 Slices:1 WPP:0 WPP-Substreams:1 TMVP:1 DQ:1 SDH:0 CST:1 BDOF:1 DMVR:1 MTSImplicit:1 SBT:0 JCbCr:1 CabacInitPresent:1 AMVR:5 SMVD:3 LMCS:2 (Signal:SDR Opt:0) CIIP:0 MIP:1 AFFINE:2 (PROF:1, Type:1) MMVD:3 DisFracMMVD:1 SbTMVP:1 GPM:3 LFNST:1 MTS:0 ISP:3 TS:2 TSLog2MaxSize:4 useChromaTS:0 BDPCM:2 IBC:2 BCW:0 
ENC. ALG. CFG: QPA:0 HAD:1 RDQ:1 RDQTS:1 ASR:1 MinSearchWindow:96 RestrictMESampling:0 EDO:2 MCTF:2 
PRE-ANALYSIS CFG: STA:1 LeadFrames:0 TrailFrames:0 
FAST TOOL CFG: ECU:0 FEN:1 FDM:1 FastSearch:4 (SCC:2) LCTUFast:1 FastMrg:2 PBIntraFast:1 AMaxBT:1 FastQtBtEnc:1 ContentBasedFastQtbt:0 FastMIP:3 FastIntraTools:0 IntraEstDecBit:2 FastLocalDualTree:1 IntegerET:0 FastSubPel:1 QtbttExtraFast:3 FastTTSplit:0 IBCFastMethod:3 FIM:0 ALFSpeed:0 QuantThr: 4 
RATE CONTROL CFG: RateControl:0 LookAhead:0 
PARALLEL PROCESSING CFG: NumThreads:0 MaxParallelFrames:0 WppBitEqual:0 WF:0 

POC     0 TId: 0 (  IDR_N_LP, I-SLICE, QP 29, TF 2)     245544 bits [Y 36.0242 dB    U 38.6082 dB    V 40.2672 dB] [ET   179 ] [L0 ] [L1 ]
POC    16 TId: 1 (      STSA, B-SLICE, QP 34, TF 1)     115656 bits [Y 34.7043 dB    U 37.4873 dB    V 38.5960 dB] [ET   115 ] [L0 0 ] [L1 0 ]
POC     8 TId: 2 (      STSA, B-SLICE, QP 35, TF 0)      83752 bits [Y 33.8266 dB    U 37.0804 dB    V 38.2552 dB] [ET    99 ] [L0 0 16 ] [L1 16 0 ]
POC     4 TId: 3 (      STSA, B-SLICE, QP 38)            35680 bits [Y 33.0195 dB    U 37.2116 dB    V 38.4879 dB] [ET    84 ] [L0 0 8 ] [L1 8 16 ]
POC     2 TId: 4 (      STSA, B-SLICE, QP 40)            19920 bits [Y 32.7254 dB    U 37.5776 dB    V 38.9800 dB] [ET    25 ] [L0 0 4 ] [L1 4 8 ]
POC     1 TId: 5 (      STSA, B-SLICE, QP 41)            10856 bits [Y 32.9625 dB    U 37.6378 dB    V 39.1656 dB] [ET    15 ] [L0 0 2 ] [L1 2 4 ]
POC     3 TId: 5 (      STSA, B-SLICE, QP 41)            10096 bits [Y 32.3236 dB    U 37.1122 dB    V 38.5411 dB] [ET    15 ] [L0 2 0 ] [L1 4 8 ]
POC     6 TId: 4 (      STSA, B-SLICE, QP 40)            18832 bits [Y 32.4500 dB    U 37.0434 dB    V 38.3131 dB] [ET    26 ] [L0 4 0 ] [L1 8 16 ]
POC     5 TId: 5 (      STSA, B-SLICE, QP 41)             9232 bits [Y 32.2808 dB    U 37.0134 dB    V 38.4316 dB] [ET    15 ] [L0 4 0 ] [L1 6 8 ]
POC     7 TId: 5 (      STSA, B-SLICE, QP 41)             9384 bits [Y 32.3293 dB    U 36.6918 dB    V 38.0432 dB] [ET    15 ] [L0 6 4 ] [L1 8 16 ]
POC    12 TId: 3 (      STSA, B-SLICE, QP 38)            37640 bits [Y 32.8037 dB    U 37.1284 dB    V 37.9451 dB] [ET    73 ] [L0 8 0 ] [L1 16 8 ]
POC    10 TId: 4 (      STSA, B-SLICE, QP 40)            20808 bits [Y 32.2171 dB    U 36.9435 dB    V 37.7473 dB] [ET    28 ] [L0 8 0 ] [L1 12 16 ]
POC     9 TId: 5 (      STSA, B-SLICE, QP 41)             9592 bits [Y 32.2246 dB    U 36.8814 dB    V 37.8900 dB] [ET    15 ] [L0 8 0 ] [L1 10 12 ]
POC    11 TId: 5 (      STSA, B-SLICE, QP 41)             9832 bits [Y 32.0415 dB    U 36.9431 dB    V 37.7109 dB] [ET    16 ] [L0 10 8 ] [L1 12 16 ]
POC    14 TId: 4 (      STSA, B-SLICE, QP 40)            18104 bits [Y 32.3337 dB    U 36.9741 dB    V 37.8316 dB] [ET    26 ] [L0 12 8 ] [L1 16 12 ]
POC    13 TId: 5 (      STSA, B-SLICE, QP 41)             9104 bits [Y 32.1181 dB    U 36.8984 dB    V 37.7829 dB] [ET    15 ] [L0 12 8 ] [L1 14 16 ]
POC    15 TId: 5 (      STSA, B-SLICE, QP 41)             8176 bits [Y 32.4372 dB    U 36.9983 dB    V 38.1109 dB] [ET    13 ] [L0 14 12 ] [L1 16 14 ]

	Total Frames |   Bitrate     Y-PSNR    U-PSNR    V-PSNR    YUV-PSNR   
	       17    a    1186.2494   32.8719   37.1901   38.3588   33.8821

 finished @ Mon Apr 24 05:53:16 2023
 Total Time:      788.550 sec. [user]      788.615 sec. [elapsed]

Level: 0
Inject Calls: 148573952
Errors injected by bit:
	Bit 0: 14678
	Bit 1: 14766
	Bit 2: 14986
	Bit 3: 14814
	Bit 4: 14914
	Bit 5: 14910
	Bit 6: 14878
	Bit 7: 14798

Total errors injected: 118744
