vvencFFapp: Fraunhofer VVC Encoder ver. 1.5.0 [Linux][GCC 11.3.0][64 bit][SIMD=AVX2]
 started @ Sun Apr 23 23:20:00 2023
CODING TOOL CFG: CTU128 QT44BTT21 IBD:1 SAO:1 ALF:1 (NonLinLuma:0 NonLinChr:0) CCALF:1 Tiles:1x1 Slices:1 WPP:0 WPP-Substreams:1 TMVP:1 DQ:1 SDH:0 CST:1 BDOF:1 DMVR:1 MTSImplicit:1 SBT:0 JCbCr:1 CabacInitPresent:1 AMVR:5 SMVD:3 LMCS:2 (Signal:SDR Opt:0) CIIP:0 MIP:1 AFFINE:2 (PROF:1, Type:1) MMVD:3 DisFracMMVD:1 SbTMVP:1 GPM:3 LFNST:1 MTS:0 ISP:3 TS:2 TSLog2MaxSize:4 useChromaTS:0 BDPCM:2 IBC:2 BCW:0 
ENC. ALG. CFG: QPA:0 HAD:1 RDQ:1 RDQTS:1 ASR:1 MinSearchWindow:96 RestrictMESampling:0 EDO:2 MCTF:2 
PRE-ANALYSIS CFG: STA:1 LeadFrames:0 TrailFrames:0 
FAST TOOL CFG: ECU:0 FEN:1 FDM:1 FastSearch:4 (SCC:2) LCTUFast:1 FastMrg:2 PBIntraFast:1 AMaxBT:1 FastQtBtEnc:1 ContentBasedFastQtbt:0 FastMIP:3 FastIntraTools:0 IntraEstDecBit:2 FastLocalDualTree:1 IntegerET:0 FastSubPel:1 QtbttExtraFast:3 FastTTSplit:0 IBCFastMethod:3 FIM:0 ALFSpeed:0 QuantThr: 4 
RATE CONTROL CFG: RateControl:0 LookAhead:0 
PARALLEL PROCESSING CFG: NumThreads:0 MaxParallelFrames:0 WppBitEqual:0 WF:0 

POC     0 TId: 0 (  IDR_N_LP, I-SLICE, QP 34, TF 2)      85368 bits [Y 35.6254 dB    U 39.1515 dB    V 40.0627 dB] [ET   134 ] [L0 ] [L1 ]
POC    16 TId: 1 (      STSA, B-SLICE, QP 40, TF 1)      15776 bits [Y 33.6354 dB    U 38.0266 dB    V 38.0465 dB] [ET    35 ] [L0 0 ] [L1 0 ]
POC     8 TId: 2 (      STSA, B-SLICE, QP 40, TF 0)      11096 bits [Y 33.9219 dB    U 38.2795 dB    V 39.1943 dB] [ET    34 ] [L0 0 16 ] [L1 16 0 ]
POC     4 TId: 3 (      STSA, B-SLICE, QP 43)             6176 bits [Y 33.5736 dB    U 38.2753 dB    V 38.8054 dB] [ET    23 ] [L0 0 8 ] [L1 8 16 ]
POC     2 TId: 4 (      STSA, B-SLICE, QP 45)             2344 bits [Y 33.7866 dB    U 38.5647 dB    V 39.1377 dB] [ET     6 ] [L0 0 4 ] [L1 4 8 ]
POC     1 TId: 5 (      STSA, B-SLICE, QP 46)              176 bits [Y 35.6254 dB    U 39.1515 dB    V 40.0627 dB] [ET     1 ] [L0 0 2 ] [L1 2 4 ]
POC     3 TId: 5 (      STSA, B-SLICE, QP 46)             1536 bits [Y 33.2192 dB    U 38.1633 dB    V 38.7000 dB] [ET     4 ] [L0 2 0 ] [L1 4 8 ]
POC     6 TId: 4 (      STSA, B-SLICE, QP 45)             3104 bits [Y 33.0146 dB    U 38.0817 dB    V 38.3476 dB] [ET     8 ] [L0 4 0 ] [L1 8 16 ]
POC     5 TId: 5 (      STSA, B-SLICE, QP 46)             1408 bits [Y 32.7846 dB    U 38.0742 dB    V 38.5349 dB] [ET     4 ] [L0 4 0 ] [L1 6 8 ]
POC     7 TId: 5 (      STSA, B-SLICE, QP 46)             1656 bits [Y 32.8886 dB    U 38.0577 dB    V 38.5429 dB] [ET     4 ] [L0 6 4 ] [L1 8 16 ]
POC    12 TId: 3 (      STSA, B-SLICE, QP 43)             6832 bits [Y 33.0089 dB    U 37.7778 dB    V 38.3756 dB] [ET    51 ] [L0 8 0 ] [L1 16 8 ]
POC    10 TId: 4 (      STSA, B-SLICE, QP 45)             3480 bits [Y 32.8128 dB    U 37.8933 dB    V 37.8950 dB] [ET     9 ] [L0 8 0 ] [L1 12 16 ]
POC     9 TId: 5 (      STSA, B-SLICE, QP 46)             1464 bits [Y 33.1947 dB    U 38.0543 dB    V 38.4885 dB] [ET     4 ] [L0 8 0 ] [L1 10 12 ]
POC    11 TId: 5 (      STSA, B-SLICE, QP 46)             1816 bits [Y 32.7487 dB    U 37.8159 dB    V 37.8864 dB] [ET     5 ] [L0 10 8 ] [L1 12 16 ]
POC    14 TId: 4 (      STSA, B-SLICE, QP 45)             3504 bits [Y 32.6504 dB    U 37.7185 dB    V 37.8076 dB] [ET     9 ] [L0 12 8 ] [L1 16 12 ]
POC    13 TId: 5 (      STSA, B-SLICE, QP 46)             1440 bits [Y 32.4970 dB    U 37.7972 dB    V 38.0395 dB] [ET     4 ] [L0 12 8 ] [L1 14 16 ]
POC    15 TId: 5 (      STSA, B-SLICE, QP 46)             1496 bits [Y 32.7899 dB    U 37.8162 dB    V 37.8246 dB] [ET     4 ] [L0 14 12 ] [L1 16 14 ]

	Total Frames |   Bitrate     Y-PSNR    U-PSNR    V-PSNR    YUV-PSNR   
	       17    a     437.2706   33.3987   38.1588   38.5736   34.4392

 finished @ Sun Apr 23 23:25:55 2023
 Total Time:      354.353 sec. [user]      354.484 sec. [elapsed]

Level: 0
Inject Calls: 82657920
Errors injected by bit:
	Bit 0: 82635
	Bit 1: 82350
	Bit 2: 83026
	Bit 3: 81990
	Bit 4: 82386
	Bit 5: 82537
	Bit 6: 83019
	Bit 7: 82693

Total errors injected: 660636
