vvencFFapp: Fraunhofer VVC Encoder ver. 1.5.0 [Linux][GCC 11.3.0][64 bit][SIMD=AVX2]
 started @ Thu Apr  6 23:35:19 2023
CODING TOOL CFG: CTU128 QT44BTT21 IBD:1 SAO:1 ALF:1 (NonLinLuma:0 NonLinChr:0) CCALF:1 Tiles:1x1 Slices:1 WPP:0 WPP-Substreams:1 TMVP:1 DQ:1 SDH:0 CST:1 BDOF:1 DMVR:1 MTSImplicit:1 SBT:0 JCbCr:1 CabacInitPresent:1 AMVR:5 SMVD:3 LMCS:2 (Signal:SDR Opt:0) CIIP:0 MIP:1 AFFINE:2 (PROF:1, Type:1) MMVD:3 DisFracMMVD:1 SbTMVP:1 GPM:3 LFNST:1 MTS:0 ISP:3 TS:2 TSLog2MaxSize:4 useChromaTS:0 BDPCM:2 IBC:2 BCW:0 
ENC. ALG. CFG: QPA:0 HAD:1 RDQ:1 RDQTS:1 ASR:1 MinSearchWindow:96 RestrictMESampling:0 EDO:2 MCTF:2 
PRE-ANALYSIS CFG: STA:1 LeadFrames:0 TrailFrames:0 
FAST TOOL CFG: ECU:0 FEN:1 FDM:1 FastSearch:4 (SCC:2) LCTUFast:1 FastMrg:2 PBIntraFast:1 AMaxBT:1 FastQtBtEnc:1 ContentBasedFastQtbt:0 FastMIP:3 FastIntraTools:0 IntraEstDecBit:2 FastLocalDualTree:1 IntegerET:0 FastSubPel:1 QtbttExtraFast:3 FastTTSplit:0 IBCFastMethod:3 FIM:0 ALFSpeed:0 QuantThr: 4 
RATE CONTROL CFG: RateControl:0 LookAhead:0 
PARALLEL PROCESSING CFG: NumThreads:0 MaxParallelFrames:0 WppBitEqual:0 WF:0 

POC     0 TId: 0 (  IDR_N_LP, I-SLICE, QP 24, TF 3)     303696 bits [Y 41.6478 dB    U 43.8365 dB    V 45.0113 dB] [ET   381 ] [L0 ] [L1 ]
POC    16 TId: 1 (      STSA, B-SLICE, QP 28, TF 2)      65168 bits [Y 39.5711 dB    U 42.4355 dB    V 43.1770 dB] [ET   870 ] [L0 0 ] [L1 0 ]
POC     8 TId: 2 (      STSA, B-SLICE, QP 29, TF 1)      37872 bits [Y 39.4775 dB    U 42.4403 dB    V 43.4012 dB] [ET  1218 ] [L0 0 16 ] [L1 16 0 ]
POC     4 TId: 3 (      STSA, B-SLICE, QP 32, TF 0)      23088 bits [Y 39.1212 dB    U 42.2461 dB    V 43.1489 dB] [ET  1202 ] [L0 0 8 ] [L1 8 16 ]
POC     2 TId: 4 (      STSA, B-SLICE, QP 34)            10576 bits [Y 39.1521 dB    U 42.6589 dB    V 43.5063 dB] [ET   764 ] [L0 0 4 ] [L1 4 8 ]
POC     1 TId: 5 (      STSA, B-SLICE, QP 36)              240 bits [Y 41.6478 dB    U 43.8365 dB    V 45.0113 dB] [ET   236 ] [L0 0 2 ] [L1 2 4 ]
POC     3 TId: 5 (      STSA, B-SLICE, QP 36)             6624 bits [Y 38.4632 dB    U 42.1987 dB    V 42.7854 dB] [ET   742 ] [L0 2 0 ] [L1 4 8 ]
POC     6 TId: 4 (      STSA, B-SLICE, QP 34)            14640 bits [Y 38.7426 dB    U 42.0915 dB    V 42.7206 dB] [ET  1035 ] [L0 4 0 ] [L1 8 16 ]
POC     5 TId: 5 (      STSA, B-SLICE, QP 36)             7040 bits [Y 38.1136 dB    U 41.9875 dB    V 42.5912 dB] [ET   673 ] [L0 4 0 ] [L1 6 8 ]
POC     7 TId: 5 (      STSA, B-SLICE, QP 36)             7248 bits [Y 38.0480 dB    U 42.0216 dB    V 42.7787 dB] [ET   705 ] [L0 6 4 ] [L1 8 16 ]
POC    12 TId: 3 (      STSA, B-SLICE, QP 32, TF 0)      25664 bits [Y 38.4917 dB    U 41.9086 dB    V 42.4984 dB] [ET  1386 ] [L0 8 0 ] [L1 16 8 ]
POC    10 TId: 4 (      STSA, B-SLICE, QP 34)            15888 bits [Y 38.2975 dB    U 41.8516 dB    V 42.3054 dB] [ET  1166 ] [L0 8 0 ] [L1 12 16 ]
POC     9 TId: 5 (      STSA, B-SLICE, QP 36)             6872 bits [Y 38.3418 dB    U 42.1099 dB    V 42.6578 dB] [ET   720 ] [L0 8 0 ] [L1 10 12 ]
POC    11 TId: 5 (      STSA, B-SLICE, QP 36)             8216 bits [Y 38.0130 dB    U 41.9050 dB    V 42.1898 dB] [ET   714 ] [L0 10 8 ] [L1 12 16 ]
POC    14 TId: 4 (      STSA, B-SLICE, QP 34)            16736 bits [Y 38.2338 dB    U 41.5711 dB    V 42.0912 dB] [ET   982 ] [L0 12 8 ] [L1 16 12 ]
POC    13 TId: 5 (      STSA, B-SLICE, QP 36)             7688 bits [Y 37.8292 dB    U 41.6900 dB    V 42.1035 dB] [ET   662 ] [L0 12 8 ] [L1 14 16 ]
POC    15 TId: 5 (      STSA, B-SLICE, QP 36)             6968 bits [Y 37.9550 dB    U 41.8895 dB    V 42.2132 dB] [ET   513 ] [L0 14 12 ] [L1 16 14 ]

	Total Frames |   Bitrate     Y-PSNR    U-PSNR    V-PSNR    YUV-PSNR   
	       17    a    1659.4824   38.8910   42.2752   42.9524   39.6978

 finished @ Fri Apr  7 03:28:23 2023
 Total Time:    13974.896 sec. [user]    13984.388 sec. [elapsed]

Level: 0
Inject Calls: 15945359011
Errors injected by bit:
	Bit 0: 1595127
	Bit 1: 1592925
	Bit 2: 1596936
	Bit 3: 1595206
	Bit 4: 1595014
	Bit 5: 1591336
	Bit 6: 1595594
	Bit 7: 1593031

Total errors injected: 12755169
