vvencFFapp: Fraunhofer VVC Encoder ver. 1.5.0 [Linux][GCC 11.3.0][64 bit][SIMD=AVX2]
 started @ Wed Apr  5 17:19:46 2023
CODING TOOL CFG: CTU128 QT44BTT21 IBD:1 SAO:1 ALF:1 (NonLinLuma:0 NonLinChr:0) CCALF:1 Tiles:1x1 Slices:1 WPP:0 WPP-Substreams:1 TMVP:1 DQ:1 SDH:0 CST:1 BDOF:1 DMVR:1 MTSImplicit:1 SBT:0 JCbCr:1 CabacInitPresent:1 AMVR:5 SMVD:3 LMCS:2 (Signal:SDR Opt:0) CIIP:0 MIP:1 AFFINE:2 (PROF:1, Type:1) MMVD:3 DisFracMMVD:1 SbTMVP:1 GPM:3 LFNST:1 MTS:0 ISP:3 TS:2 TSLog2MaxSize:4 useChromaTS:0 BDPCM:2 IBC:2 BCW:0 
ENC. ALG. CFG: QPA:0 HAD:1 RDQ:1 RDQTS:1 ASR:1 MinSearchWindow:96 RestrictMESampling:0 EDO:2 MCTF:2 
PRE-ANALYSIS CFG: STA:1 LeadFrames:0 TrailFrames:0 
FAST TOOL CFG: ECU:0 FEN:1 FDM:1 FastSearch:4 (SCC:2) LCTUFast:1 FastMrg:2 PBIntraFast:1 AMaxBT:1 FastQtBtEnc:1 ContentBasedFastQtbt:0 FastMIP:3 FastIntraTools:0 IntraEstDecBit:2 FastLocalDualTree:1 IntegerET:0 FastSubPel:1 QtbttExtraFast:3 FastTTSplit:0 IBCFastMethod:3 FIM:0 ALFSpeed:0 QuantThr: 4 
RATE CONTROL CFG: RateControl:0 LookAhead:0 
PARALLEL PROCESSING CFG: NumThreads:0 MaxParallelFrames:0 WppBitEqual:0 WF:0 

POC     0 TId: 0 (  IDR_N_LP, I-SLICE, QP 19, TF 3)     564808 bits [Y 45.1467 dB    U 46.3576 dB    V 47.8581 dB] [ET   472 ] [L0 ] [L1 ]
POC    16 TId: 1 (      STSA, B-SLICE, QP 22, TF 2)     140736 bits [Y 42.6746 dB    U 44.8623 dB    V 45.9686 dB] [ET  1306 ] [L0 0 ] [L1 0 ]
POC     8 TId: 2 (      STSA, B-SLICE, QP 23, TF 1)      79480 bits [Y 42.2976 dB    U 44.7349 dB    V 46.1733 dB] [ET  1589 ] [L0 0 16 ] [L1 16 0 ]
POC     4 TId: 3 (      STSA, B-SLICE, QP 26, TF 0)      47792 bits [Y 41.9269 dB    U 44.4893 dB    V 45.7380 dB] [ET  1349 ] [L0 0 8 ] [L1 8 16 ]
POC     2 TId: 4 (      STSA, B-SLICE, QP 28)            25424 bits [Y 41.9058 dB    U 44.8108 dB    V 46.0760 dB] [ET   991 ] [L0 0 4 ] [L1 4 8 ]
POC     1 TId: 5 (      STSA, B-SLICE, QP 29)              256 bits [Y 45.1467 dB    U 46.3576 dB    V 47.8581 dB] [ET   360 ] [L0 0 2 ] [L1 2 4 ]
POC     3 TId: 5 (      STSA, B-SLICE, QP 29)            19040 bits [Y 41.5665 dB    U 44.3498 dB    V 45.4818 dB] [ET   949 ] [L0 2 0 ] [L1 4 8 ]
POC     6 TId: 4 (      STSA, B-SLICE, QP 28)            31584 bits [Y 41.5626 dB    U 44.2476 dB    V 45.4435 dB] [ET  1284 ] [L0 4 0 ] [L1 8 16 ]
POC     5 TId: 5 (      STSA, B-SLICE, QP 29)            20984 bits [Y 41.2371 dB    U 44.0900 dB    V 45.2778 dB] [ET  1059 ] [L0 4 0 ] [L1 6 8 ]
POC     7 TId: 5 (      STSA, B-SLICE, QP 29)            21864 bits [Y 41.1942 dB    U 44.2523 dB    V 45.2481 dB] [ET  1054 ] [L0 6 4 ] [L1 8 16 ]
POC    12 TId: 3 (      STSA, B-SLICE, QP 26, TF 0)      54584 bits [Y 41.4854 dB    U 44.1170 dB    V 45.2608 dB] [ET  1654 ] [L0 8 0 ] [L1 16 8 ]
POC    10 TId: 4 (      STSA, B-SLICE, QP 28)            35584 bits [Y 41.2476 dB    U 44.0367 dB    V 45.0430 dB] [ET  1429 ] [L0 8 0 ] [L1 12 16 ]
POC     9 TId: 5 (      STSA, B-SLICE, QP 29)            20288 bits [Y 41.4720 dB    U 44.3090 dB    V 45.2937 dB] [ET  1020 ] [L0 8 0 ] [L1 10 12 ]
POC    11 TId: 5 (      STSA, B-SLICE, QP 29)            22672 bits [Y 41.2381 dB    U 44.0114 dB    V 44.7927 dB] [ET  1037 ] [L0 10 8 ] [L1 12 16 ]
POC    14 TId: 4 (      STSA, B-SLICE, QP 28)            37440 bits [Y 41.2588 dB    U 43.9896 dB    V 44.7659 dB] [ET  1198 ] [L0 12 8 ] [L1 16 12 ]
POC    13 TId: 5 (      STSA, B-SLICE, QP 29)            22464 bits [Y 41.0811 dB    U 43.9688 dB    V 44.7707 dB] [ET   975 ] [L0 12 8 ] [L1 14 16 ]
POC    15 TId: 5 (      STSA, B-SLICE, QP 29)            21544 bits [Y 41.0682 dB    U 44.1481 dB    V 44.7769 dB] [ET   768 ] [L0 14 12 ] [L1 16 14 ]

	Total Frames |   Bitrate     Y-PSNR    U-PSNR    V-PSNR    YUV-PSNR   
	       17    a    3431.0118   41.9712   44.5372   45.6369   42.6455

 finished @ Wed Apr  5 22:28:15 2023
 Total Time:    18496.026 sec. [user]    18508.896 sec. [elapsed]

Level: 0
Inject Calls: 20462435558
Errors injected by bit:
	Bit 0: 20471430
	Bit 1: 20458347
	Bit 2: 20463072
	Bit 3: 20466551
	Bit 4: 20460312
	Bit 5: 20473002
	Bit 6: 20464146
	Bit 7: 20461031

Total errors injected: 163717891
