vvencFFapp: Fraunhofer VVC Encoder ver. 1.5.0 [Linux][GCC 11.3.0][64 bit][SIMD=AVX2]
 started @ Mon Apr 24 22:05:49 2023
CODING TOOL CFG: CTU128 QT44BTT21 IBD:1 SAO:1 ALF:1 (NonLinLuma:0 NonLinChr:0) CCALF:1 Tiles:1x1 Slices:1 WPP:0 WPP-Substreams:1 TMVP:1 DQ:1 SDH:0 CST:1 BDOF:1 DMVR:1 MTSImplicit:1 SBT:0 JCbCr:1 CabacInitPresent:1 AMVR:5 SMVD:3 LMCS:2 (Signal:SDR Opt:0) CIIP:0 MIP:1 AFFINE:2 (PROF:1, Type:1) MMVD:3 DisFracMMVD:1 SbTMVP:1 GPM:3 LFNST:1 MTS:0 ISP:3 TS:2 TSLog2MaxSize:4 useChromaTS:0 BDPCM:2 IBC:2 BCW:0 
ENC. ALG. CFG: QPA:0 HAD:1 RDQ:1 RDQTS:1 ASR:1 MinSearchWindow:96 RestrictMESampling:0 EDO:2 MCTF:2 
PRE-ANALYSIS CFG: STA:1 LeadFrames:0 TrailFrames:0 
FAST TOOL CFG: ECU:0 FEN:1 FDM:1 FastSearch:4 (SCC:2) LCTUFast:1 FastMrg:2 PBIntraFast:1 AMaxBT:1 FastQtBtEnc:1 ContentBasedFastQtbt:0 FastMIP:3 FastIntraTools:0 IntraEstDecBit:2 FastLocalDualTree:1 IntegerET:0 FastSubPel:1 QtbttExtraFast:3 FastTTSplit:0 IBCFastMethod:3 FIM:0 ALFSpeed:0 QuantThr: 4 
RATE CONTROL CFG: RateControl:0 LookAhead:0 
PARALLEL PROCESSING CFG: NumThreads:0 MaxParallelFrames:0 WppBitEqual:0 WF:0 

POC     0 TId: 0 (  IDR_N_LP, I-SLICE, QP 29, TF 2)     160808 bits [Y 38.4367 dB    U 41.6230 dB    V 42.6136 dB] [ET   265 ] [L0 ] [L1 ]
POC    16 TId: 1 (      STSA, B-SLICE, QP 34, TF 1)      30632 bits [Y 36.4724 dB    U 39.7944 dB    V 40.1699 dB] [ET   797 ] [L0 0 ] [L1 0 ]
POC     8 TId: 2 (      STSA, B-SLICE, QP 35, TF 0)      19088 bits [Y 36.5077 dB    U 39.9633 dB    V 40.8107 dB] [ET  1131 ] [L0 0 16 ] [L1 16 0 ]
POC     4 TId: 3 (      STSA, B-SLICE, QP 38)            11808 bits [Y 36.1794 dB    U 40.1289 dB    V 40.7708 dB] [ET   997 ] [L0 0 8 ] [L1 8 16 ]
POC     2 TId: 4 (      STSA, B-SLICE, QP 40)             4824 bits [Y 36.2364 dB    U 40.8462 dB    V 41.3419 dB] [ET   706 ] [L0 0 4 ] [L1 4 8 ]
POC     1 TId: 5 (      STSA, B-SLICE, QP 41)              176 bits [Y 38.4367 dB    U 41.6230 dB    V 42.6136 dB] [ET   230 ] [L0 0 2 ] [L1 2 4 ]
POC     3 TId: 5 (      STSA, B-SLICE, QP 41)             3216 bits [Y 35.7741 dB    U 40.3393 dB    V 40.8211 dB] [ET   543 ] [L0 2 0 ] [L1 4 8 ]
POC     6 TId: 4 (      STSA, B-SLICE, QP 40)             6448 bits [Y 35.5233 dB    U 40.0309 dB    V 40.5647 dB] [ET   766 ] [L0 4 0 ] [L1 8 16 ]
POC     5 TId: 5 (      STSA, B-SLICE, QP 41)             3624 bits [Y 35.3529 dB    U 39.9479 dB    V 40.4036 dB] [ET   542 ] [L0 4 0 ] [L1 6 8 ]
POC     7 TId: 5 (      STSA, B-SLICE, QP 41)             3288 bits [Y 35.2723 dB    U 39.9346 dB    V 40.3797 dB] [ET   499 ] [L0 6 4 ] [L1 8 16 ]
POC    12 TId: 3 (      STSA, B-SLICE, QP 38)            13200 bits [Y 35.6153 dB    U 39.6878 dB    V 40.2153 dB] [ET  1159 ] [L0 8 0 ] [L1 16 8 ]
POC    10 TId: 4 (      STSA, B-SLICE, QP 40)             7136 bits [Y 35.3053 dB    U 39.7524 dB    V 40.2006 dB] [ET   965 ] [L0 8 0 ] [L1 12 16 ]
POC     9 TId: 5 (      STSA, B-SLICE, QP 41)             3512 bits [Y 35.6876 dB    U 39.8225 dB    V 40.4431 dB] [ET   566 ] [L0 8 0 ] [L1 10 12 ]
POC    11 TId: 5 (      STSA, B-SLICE, QP 41)             3528 bits [Y 35.1921 dB    U 39.6476 dB    V 39.9841 dB] [ET   567 ] [L0 10 8 ] [L1 12 16 ]
POC    14 TId: 4 (      STSA, B-SLICE, QP 40)             7576 bits [Y 35.2491 dB    U 39.5434 dB    V 39.9726 dB] [ET   665 ] [L0 12 8 ] [L1 16 12 ]
POC    13 TId: 5 (      STSA, B-SLICE, QP 41)             3560 bits [Y 35.0603 dB    U 39.6316 dB    V 39.9370 dB] [ET   612 ] [L0 12 8 ] [L1 14 16 ]
POC    15 TId: 5 (      STSA, B-SLICE, QP 41)             3216 bits [Y 35.2467 dB    U 39.5645 dB    V 39.7461 dB] [ET   414 ] [L0 14 12 ] [L1 16 14 ]

	Total Frames |   Bitrate     Y-PSNR    U-PSNR    V-PSNR    YUV-PSNR   
	       17    a     840.1176   35.9734   40.1107   40.6464   36.9143

 finished @ Tue Apr 25 01:16:27 2023
 Total Time:    11436.401 sec. [user]    11437.526 sec. [elapsed]

Level: 0
Inject Calls: 12863426886
Errors injected by bit:
	Bit 0: 128646
	Bit 1: 128371
	Bit 2: 128900
	Bit 3: 128697
	Bit 4: 128557
	Bit 5: 128763
	Bit 6: 128892
	Bit 7: 128661

Total errors injected: 1029487
