vvencFFapp: Fraunhofer VVC Encoder ver. 1.5.0 [Linux][GCC 11.3.0][64 bit][SIMD=AVX2]
 started @ Thu Apr  6 14:05:10 2023
CODING TOOL CFG: CTU128 QT44BTT21 IBD:1 SAO:1 ALF:1 (NonLinLuma:0 NonLinChr:0) CCALF:1 Tiles:1x1 Slices:1 WPP:0 WPP-Substreams:1 TMVP:1 DQ:1 SDH:0 CST:1 BDOF:1 DMVR:1 MTSImplicit:1 SBT:0 JCbCr:1 CabacInitPresent:1 AMVR:5 SMVD:3 LMCS:2 (Signal:SDR Opt:0) CIIP:0 MIP:1 AFFINE:2 (PROF:1, Type:1) MMVD:3 DisFracMMVD:1 SbTMVP:1 GPM:3 LFNST:1 MTS:0 ISP:3 TS:2 TSLog2MaxSize:4 useChromaTS:0 BDPCM:2 IBC:2 BCW:0 
ENC. ALG. CFG: QPA:0 HAD:1 RDQ:1 RDQTS:1 ASR:1 MinSearchWindow:96 RestrictMESampling:0 EDO:2 MCTF:2 
PRE-ANALYSIS CFG: STA:1 LeadFrames:0 TrailFrames:0 
FAST TOOL CFG: ECU:0 FEN:1 FDM:1 FastSearch:4 (SCC:2) LCTUFast:1 FastMrg:2 PBIntraFast:1 AMaxBT:1 FastQtBtEnc:1 ContentBasedFastQtbt:0 FastMIP:3 FastIntraTools:0 IntraEstDecBit:2 FastLocalDualTree:1 IntegerET:0 FastSubPel:1 QtbttExtraFast:3 FastTTSplit:0 IBCFastMethod:3 FIM:0 ALFSpeed:0 QuantThr: 4 
RATE CONTROL CFG: RateControl:0 LookAhead:0 
PARALLEL PROCESSING CFG: NumThreads:0 MaxParallelFrames:0 WppBitEqual:0 WF:0 

POC     0 TId: 0 (  IDR_N_LP, I-SLICE, QP 19, TF 3)     564808 bits [Y 45.1467 dB    U 46.3576 dB    V 47.8581 dB] [ET   510 ] [L0 ] [L1 ]
POC    16 TId: 1 (      STSA, B-SLICE, QP 22, TF 2)     140648 bits [Y 42.6837 dB    U 44.8682 dB    V 45.9608 dB] [ET  1181 ] [L0 0 ] [L1 0 ]
POC     8 TId: 2 (      STSA, B-SLICE, QP 23, TF 1)      79032 bits [Y 42.3079 dB    U 44.7164 dB    V 46.1463 dB] [ET  1560 ] [L0 0 16 ] [L1 16 0 ]
POC     4 TId: 3 (      STSA, B-SLICE, QP 26, TF 0)      47784 bits [Y 41.9382 dB    U 44.4722 dB    V 45.7204 dB] [ET  1488 ] [L0 0 8 ] [L1 8 16 ]
POC     2 TId: 4 (      STSA, B-SLICE, QP 28)            25512 bits [Y 41.9501 dB    U 44.8047 dB    V 46.0670 dB] [ET  1028 ] [L0 0 4 ] [L1 4 8 ]
POC     1 TId: 5 (      STSA, B-SLICE, QP 29)              256 bits [Y 45.1467 dB    U 46.3576 dB    V 47.8581 dB] [ET   372 ] [L0 0 2 ] [L1 2 4 ]
POC     3 TId: 5 (      STSA, B-SLICE, QP 29)            19032 bits [Y 41.5731 dB    U 44.3577 dB    V 45.5433 dB] [ET  1007 ] [L0 2 0 ] [L1 4 8 ]
POC     6 TId: 4 (      STSA, B-SLICE, QP 28)            31400 bits [Y 41.5770 dB    U 44.2442 dB    V 45.4132 dB] [ET  1405 ] [L0 4 0 ] [L1 8 16 ]
POC     5 TId: 5 (      STSA, B-SLICE, QP 29)            20560 bits [Y 41.2438 dB    U 44.0865 dB    V 45.2336 dB] [ET  1049 ] [L0 4 0 ] [L1 6 8 ]
POC     7 TId: 5 (      STSA, B-SLICE, QP 29)            22312 bits [Y 41.1778 dB    U 44.2867 dB    V 45.2657 dB] [ET  1021 ] [L0 6 4 ] [L1 8 16 ]
POC    12 TId: 3 (      STSA, B-SLICE, QP 26, TF 0)      54896 bits [Y 41.5116 dB    U 44.1798 dB    V 45.2774 dB] [ET  1680 ] [L0 8 0 ] [L1 16 8 ]
POC    10 TId: 4 (      STSA, B-SLICE, QP 28)            35104 bits [Y 41.2522 dB    U 44.0874 dB    V 45.0707 dB] [ET  1459 ] [L0 8 0 ] [L1 12 16 ]
POC     9 TId: 5 (      STSA, B-SLICE, QP 29)            20208 bits [Y 41.4975 dB    U 44.2367 dB    V 45.3407 dB] [ET  1040 ] [L0 8 0 ] [L1 10 12 ]
POC    11 TId: 5 (      STSA, B-SLICE, QP 29)            23352 bits [Y 41.2685 dB    U 44.0912 dB    V 44.7927 dB] [ET  1066 ] [L0 10 8 ] [L1 12 16 ]
POC    14 TId: 4 (      STSA, B-SLICE, QP 28)            37728 bits [Y 41.2509 dB    U 43.9210 dB    V 44.7306 dB] [ET  1178 ] [L0 12 8 ] [L1 16 12 ]
POC    13 TId: 5 (      STSA, B-SLICE, QP 29)            22216 bits [Y 41.0897 dB    U 43.9572 dB    V 44.7601 dB] [ET   977 ] [L0 12 8 ] [L1 14 16 ]
POC    15 TId: 5 (      STSA, B-SLICE, QP 29)            21320 bits [Y 41.0944 dB    U 44.1121 dB    V 44.7546 dB] [ET   758 ] [L0 14 12 ] [L1 16 14 ]

	Total Frames |   Bitrate     Y-PSNR    U-PSNR    V-PSNR    YUV-PSNR   
	       17    a    3429.9059   41.9829   44.5375   45.6349   42.6553

 finished @ Thu Apr  6 19:18:29 2023
 Total Time:    18784.866 sec. [user]    18798.444 sec. [elapsed]

Level: 0
Inject Calls: 20787524371
Errors injected by bit:
	Bit 0: 2095
	Bit 1: 2049
	Bit 2: 2056
	Bit 3: 2078
	Bit 4: 2078
	Bit 5: 2036
	Bit 6: 2117
	Bit 7: 2035

Total errors injected: 16544
