vvencFFapp: Fraunhofer VVC Encoder ver. 1.5.0 [Linux][GCC 11.3.0][64 bit][SIMD=AVX2]
 started @ Mon Apr 24 14:35:40 2023
CODING TOOL CFG: CTU128 QT44BTT21 IBD:1 SAO:1 ALF:1 (NonLinLuma:0 NonLinChr:0) CCALF:1 Tiles:1x1 Slices:1 WPP:0 WPP-Substreams:1 TMVP:1 DQ:1 SDH:0 CST:1 BDOF:1 DMVR:1 MTSImplicit:1 SBT:0 JCbCr:1 CabacInitPresent:1 AMVR:5 SMVD:3 LMCS:2 (Signal:SDR Opt:0) CIIP:0 MIP:1 AFFINE:2 (PROF:1, Type:1) MMVD:3 DisFracMMVD:1 SbTMVP:1 GPM:3 LFNST:1 MTS:0 ISP:3 TS:2 TSLog2MaxSize:4 useChromaTS:0 BDPCM:2 IBC:2 BCW:0 
ENC. ALG. CFG: QPA:0 HAD:1 RDQ:1 RDQTS:1 ASR:1 MinSearchWindow:96 RestrictMESampling:0 EDO:2 MCTF:2 
PRE-ANALYSIS CFG: STA:1 LeadFrames:0 TrailFrames:0 
FAST TOOL CFG: ECU:0 FEN:1 FDM:1 FastSearch:4 (SCC:2) LCTUFast:1 FastMrg:2 PBIntraFast:1 AMaxBT:1 FastQtBtEnc:1 ContentBasedFastQtbt:0 FastMIP:3 FastIntraTools:0 IntraEstDecBit:2 FastLocalDualTree:1 IntegerET:0 FastSubPel:1 QtbttExtraFast:3 FastTTSplit:0 IBCFastMethod:3 FIM:0 ALFSpeed:0 QuantThr: 4 
RATE CONTROL CFG: RateControl:0 LookAhead:0 
PARALLEL PROCESSING CFG: NumThreads:0 MaxParallelFrames:0 WppBitEqual:0 WF:0 

POC     0 TId: 0 (  IDR_N_LP, I-SLICE, QP 24, TF 3)     303696 bits [Y 41.6478 dB    U 43.8365 dB    V 45.0113 dB] [ET   471 ] [L0 ] [L1 ]
POC    16 TId: 1 (      STSA, B-SLICE, QP 28, TF 2)      65184 bits [Y 39.5487 dB    U 42.4415 dB    V 43.1389 dB] [ET   926 ] [L0 0 ] [L1 0 ]
POC     8 TId: 2 (      STSA, B-SLICE, QP 29, TF 1)      38608 bits [Y 39.4757 dB    U 42.4337 dB    V 43.5348 dB] [ET  1311 ] [L0 0 16 ] [L1 16 0 ]
POC     4 TId: 3 (      STSA, B-SLICE, QP 32, TF 0)      22480 bits [Y 39.0702 dB    U 42.1521 dB    V 43.1488 dB] [ET  1290 ] [L0 0 8 ] [L1 8 16 ]
POC     2 TId: 4 (      STSA, B-SLICE, QP 34)            10904 bits [Y 39.1602 dB    U 42.6980 dB    V 43.4352 dB] [ET   803 ] [L0 0 4 ] [L1 4 8 ]
POC     1 TId: 5 (      STSA, B-SLICE, QP 36)              240 bits [Y 41.6478 dB    U 43.8365 dB    V 45.0113 dB] [ET   241 ] [L0 0 2 ] [L1 2 4 ]
POC     3 TId: 5 (      STSA, B-SLICE, QP 36)             6856 bits [Y 38.4963 dB    U 42.2419 dB    V 43.0259 dB] [ET   708 ] [L0 2 0 ] [L1 4 8 ]
POC     6 TId: 4 (      STSA, B-SLICE, QP 34)            14776 bits [Y 38.7455 dB    U 42.0777 dB    V 42.9183 dB] [ET  1037 ] [L0 4 0 ] [L1 8 16 ]
POC     5 TId: 5 (      STSA, B-SLICE, QP 36)             7024 bits [Y 38.0918 dB    U 41.9380 dB    V 42.6171 dB] [ET   684 ] [L0 4 0 ] [L1 6 8 ]
POC     7 TId: 5 (      STSA, B-SLICE, QP 36)             6880 bits [Y 38.0220 dB    U 42.0648 dB    V 42.6676 dB] [ET   708 ] [L0 6 4 ] [L1 8 16 ]
POC    12 TId: 3 (      STSA, B-SLICE, QP 32, TF 0)      26240 bits [Y 38.4955 dB    U 41.8616 dB    V 42.4635 dB] [ET  1387 ] [L0 8 0 ] [L1 16 8 ]
POC    10 TId: 4 (      STSA, B-SLICE, QP 34)            15632 bits [Y 38.2851 dB    U 41.7831 dB    V 42.4237 dB] [ET  1256 ] [L0 8 0 ] [L1 12 16 ]
POC     9 TId: 5 (      STSA, B-SLICE, QP 36)             6912 bits [Y 38.3765 dB    U 41.9921 dB    V 42.6594 dB] [ET   700 ] [L0 8 0 ] [L1 10 12 ]
POC    11 TId: 5 (      STSA, B-SLICE, QP 36)             8136 bits [Y 38.0326 dB    U 41.7706 dB    V 42.1657 dB] [ET   746 ] [L0 10 8 ] [L1 12 16 ]
POC    14 TId: 4 (      STSA, B-SLICE, QP 34)            16720 bits [Y 38.2435 dB    U 41.6625 dB    V 42.0303 dB] [ET   954 ] [L0 12 8 ] [L1 16 12 ]
POC    13 TId: 5 (      STSA, B-SLICE, QP 36)             7736 bits [Y 37.8511 dB    U 41.6740 dB    V 41.9463 dB] [ET   713 ] [L0 12 8 ] [L1 14 16 ]
POC    15 TId: 5 (      STSA, B-SLICE, QP 36)             6808 bits [Y 37.9459 dB    U 41.8595 dB    V 42.1371 dB] [ET   554 ] [L0 14 12 ] [L1 16 14 ]

	Total Frames |   Bitrate     Y-PSNR    U-PSNR    V-PSNR    YUV-PSNR   
	       17    a    1661.2706   38.8904   42.2544   42.9609   39.6961

 finished @ Mon Apr 24 18:37:24 2023
 Total Time:    14491.240 sec. [user]    14504.221 sec. [elapsed]

Level: 0
Inject Calls: 16012466816
Errors injected by bit:
	Bit 0: 15863
	Bit 1: 15929
	Bit 2: 16252
	Bit 3: 16137
	Bit 4: 15951
	Bit 5: 15998
	Bit 6: 15987
	Bit 7: 16114

Total errors injected: 128231
