vvencFFapp: Fraunhofer VVC Encoder ver. 1.5.0 [Linux][GCC 11.3.0][64 bit][SIMD=AVX2]
 started @ Tue Apr 25 04:20:56 2023
CODING TOOL CFG: CTU128 QT44BTT21 IBD:1 SAO:1 ALF:1 (NonLinLuma:0 NonLinChr:0) CCALF:1 Tiles:1x1 Slices:1 WPP:0 WPP-Substreams:1 TMVP:1 DQ:1 SDH:0 CST:1 BDOF:1 DMVR:1 MTSImplicit:1 SBT:0 JCbCr:1 CabacInitPresent:1 AMVR:5 SMVD:3 LMCS:2 (Signal:SDR Opt:0) CIIP:0 MIP:1 AFFINE:2 (PROF:1, Type:1) MMVD:3 DisFracMMVD:1 SbTMVP:1 GPM:3 LFNST:1 MTS:0 ISP:3 TS:2 TSLog2MaxSize:4 useChromaTS:0 BDPCM:2 IBC:2 BCW:0 
ENC. ALG. CFG: QPA:0 HAD:1 RDQ:1 RDQTS:1 ASR:1 MinSearchWindow:96 RestrictMESampling:0 EDO:2 MCTF:2 
PRE-ANALYSIS CFG: STA:1 LeadFrames:0 TrailFrames:0 
FAST TOOL CFG: ECU:0 FEN:1 FDM:1 FastSearch:4 (SCC:2) LCTUFast:1 FastMrg:2 PBIntraFast:1 AMaxBT:1 FastQtBtEnc:1 ContentBasedFastQtbt:0 FastMIP:3 FastIntraTools:0 IntraEstDecBit:2 FastLocalDualTree:1 IntegerET:0 FastSubPel:1 QtbttExtraFast:3 FastTTSplit:0 IBCFastMethod:3 FIM:0 ALFSpeed:0 QuantThr: 4 
RATE CONTROL CFG: RateControl:0 LookAhead:0 
PARALLEL PROCESSING CFG: NumThreads:0 MaxParallelFrames:0 WppBitEqual:0 WF:0 

POC     0 TId: 0 (  IDR_N_LP, I-SLICE, QP 34, TF 2)      85368 bits [Y 35.6254 dB    U 39.1515 dB    V 40.0627 dB] [ET   194 ] [L0 ] [L1 ]
POC    16 TId: 1 (      STSA, B-SLICE, QP 40, TF 1)      15848 bits [Y 33.6230 dB    U 38.0670 dB    V 38.2248 dB] [ET   647 ] [L0 0 ] [L1 0 ]
POC     8 TId: 2 (      STSA, B-SLICE, QP 40, TF 0)      11032 bits [Y 33.8765 dB    U 38.2277 dB    V 39.0679 dB] [ET   978 ] [L0 0 16 ] [L1 16 0 ]
POC     4 TId: 3 (      STSA, B-SLICE, QP 43)             6288 bits [Y 33.4959 dB    U 38.2620 dB    V 38.7551 dB] [ET   922 ] [L0 0 8 ] [L1 8 16 ]
POC     2 TId: 4 (      STSA, B-SLICE, QP 45)             2464 bits [Y 33.8098 dB    U 38.5655 dB    V 39.1529 dB] [ET   477 ] [L0 0 4 ] [L1 4 8 ]
POC     1 TId: 5 (      STSA, B-SLICE, QP 46)              224 bits [Y 35.6254 dB    U 39.1515 dB    V 40.0627 dB] [ET   182 ] [L0 0 2 ] [L1 2 4 ]
POC     3 TId: 5 (      STSA, B-SLICE, QP 46)             1448 bits [Y 33.2216 dB    U 38.2042 dB    V 38.7348 dB] [ET   393 ] [L0 2 0 ] [L1 4 8 ]
POC     6 TId: 4 (      STSA, B-SLICE, QP 45)             3160 bits [Y 33.0414 dB    U 38.0320 dB    V 38.3914 dB] [ET   669 ] [L0 4 0 ] [L1 8 16 ]
POC     5 TId: 5 (      STSA, B-SLICE, QP 46)             1368 bits [Y 32.7148 dB    U 37.9431 dB    V 38.5019 dB] [ET   444 ] [L0 4 0 ] [L1 6 8 ]
POC     7 TId: 5 (      STSA, B-SLICE, QP 46)             1576 bits [Y 32.8206 dB    U 37.9627 dB    V 38.4536 dB] [ET   404 ] [L0 6 4 ] [L1 8 16 ]
POC    12 TId: 3 (      STSA, B-SLICE, QP 43)             6920 bits [Y 33.0132 dB    U 37.9071 dB    V 38.3627 dB] [ET  1260 ] [L0 8 0 ] [L1 16 8 ]
POC    10 TId: 4 (      STSA, B-SLICE, QP 45)             3736 bits [Y 32.8632 dB    U 37.9151 dB    V 38.1238 dB] [ET   864 ] [L0 8 0 ] [L1 12 16 ]
POC     9 TId: 5 (      STSA, B-SLICE, QP 46)             1472 bits [Y 33.1266 dB    U 37.9567 dB    V 38.4266 dB] [ET   479 ] [L0 8 0 ] [L1 10 12 ]
POC    11 TId: 5 (      STSA, B-SLICE, QP 46)             1816 bits [Y 32.7992 dB    U 37.7363 dB    V 38.1422 dB] [ET   440 ] [L0 10 8 ] [L1 12 16 ]
POC    14 TId: 4 (      STSA, B-SLICE, QP 45)             3352 bits [Y 32.6468 dB    U 37.7797 dB    V 37.8714 dB] [ET   545 ] [L0 12 8 ] [L1 16 12 ]
POC    13 TId: 5 (      STSA, B-SLICE, QP 46)             1336 bits [Y 32.5020 dB    U 37.8668 dB    V 38.1022 dB] [ET   425 ] [L0 12 8 ] [L1 14 16 ]
POC    15 TId: 5 (      STSA, B-SLICE, QP 46)             1448 bits [Y 32.7609 dB    U 37.9168 dB    V 37.9309 dB] [ET   344 ] [L0 14 12 ] [L1 16 14 ]

	Total Frames |   Bitrate     Y-PSNR    U-PSNR    V-PSNR    YUV-PSNR   
	       17    a     437.8118   33.3863   38.1556   38.6099   34.4311

 finished @ Tue Apr 25 07:02:16 2023
 Total Time:     9674.253 sec. [user]     9680.515 sec. [elapsed]

Level: 0
Inject Calls: 11011820478
Errors injected by bit:
	Bit 0: 1101927
	Bit 1: 1101879
	Bit 2: 1100195
	Bit 3: 1104348
	Bit 4: 1100271
	Bit 5: 1101014
	Bit 6: 1100628
	Bit 7: 1099198

Total errors injected: 8809460
