vvencFFapp: Fraunhofer VVC Encoder ver. 1.5.0 [Linux][GCC 11.3.0][64 bit][SIMD=AVX2]
 started @ Fri Apr  7 03:30:24 2023
CODING TOOL CFG: CTU128 QT44BTT21 IBD:1 SAO:1 ALF:1 (NonLinLuma:0 NonLinChr:0) CCALF:1 Tiles:1x1 Slices:1 WPP:0 WPP-Substreams:1 TMVP:1 DQ:1 SDH:0 CST:1 BDOF:1 DMVR:1 MTSImplicit:1 SBT:0 JCbCr:1 CabacInitPresent:1 AMVR:5 SMVD:3 LMCS:2 (Signal:SDR Opt:0) CIIP:0 MIP:1 AFFINE:2 (PROF:1, Type:1) MMVD:3 DisFracMMVD:1 SbTMVP:1 GPM:3 LFNST:1 MTS:0 ISP:3 TS:2 TSLog2MaxSize:4 useChromaTS:0 BDPCM:2 IBC:2 BCW:0 
ENC. ALG. CFG: QPA:0 HAD:1 RDQ:1 RDQTS:1 ASR:1 MinSearchWindow:96 RestrictMESampling:0 EDO:2 MCTF:2 
PRE-ANALYSIS CFG: STA:1 LeadFrames:0 TrailFrames:0 
FAST TOOL CFG: ECU:0 FEN:1 FDM:1 FastSearch:4 (SCC:2) LCTUFast:1 FastMrg:2 PBIntraFast:1 AMaxBT:1 FastQtBtEnc:1 ContentBasedFastQtbt:0 FastMIP:3 FastIntraTools:0 IntraEstDecBit:2 FastLocalDualTree:1 IntegerET:0 FastSubPel:1 QtbttExtraFast:3 FastTTSplit:0 IBCFastMethod:3 FIM:0 ALFSpeed:0 QuantThr: 4 
RATE CONTROL CFG: RateControl:0 LookAhead:0 
PARALLEL PROCESSING CFG: NumThreads:0 MaxParallelFrames:0 WppBitEqual:0 WF:0 

POC     0 TId: 0 (  IDR_N_LP, I-SLICE, QP 24, TF 3)     303696 bits [Y 41.6478 dB    U 43.8365 dB    V 45.0113 dB] [ET   463 ] [L0 ] [L1 ]
POC    16 TId: 1 (      STSA, B-SLICE, QP 28, TF 2)      65976 bits [Y 39.5823 dB    U 42.4174 dB    V 43.1858 dB] [ET   890 ] [L0 0 ] [L1 0 ]
POC     8 TId: 2 (      STSA, B-SLICE, QP 29, TF 1)      38800 bits [Y 39.4621 dB    U 42.5072 dB    V 43.5612 dB] [ET  1155 ] [L0 0 16 ] [L1 16 0 ]
POC     4 TId: 3 (      STSA, B-SLICE, QP 32, TF 0)      23224 bits [Y 39.1364 dB    U 42.2650 dB    V 43.1519 dB] [ET  1242 ] [L0 0 8 ] [L1 8 16 ]
POC     2 TId: 4 (      STSA, B-SLICE, QP 34)            10688 bits [Y 39.1590 dB    U 42.6511 dB    V 43.5370 dB] [ET   857 ] [L0 0 4 ] [L1 4 8 ]
POC     1 TId: 5 (      STSA, B-SLICE, QP 36)              240 bits [Y 41.6478 dB    U 43.8365 dB    V 45.0113 dB] [ET   246 ] [L0 0 2 ] [L1 2 4 ]
POC     3 TId: 5 (      STSA, B-SLICE, QP 36)             7024 bits [Y 38.4930 dB    U 42.1775 dB    V 42.7717 dB] [ET   799 ] [L0 2 0 ] [L1 4 8 ]
POC     6 TId: 4 (      STSA, B-SLICE, QP 34)            14328 bits [Y 38.7174 dB    U 42.1224 dB    V 42.8196 dB] [ET  1119 ] [L0 4 0 ] [L1 8 16 ]
POC     5 TId: 5 (      STSA, B-SLICE, QP 36)             7264 bits [Y 38.1070 dB    U 41.9286 dB    V 42.6825 dB] [ET   687 ] [L0 4 0 ] [L1 6 8 ]
POC     7 TId: 5 (      STSA, B-SLICE, QP 36)             7056 bits [Y 38.0083 dB    U 42.1873 dB    V 42.8140 dB] [ET   830 ] [L0 6 4 ] [L1 8 16 ]
POC    12 TId: 3 (      STSA, B-SLICE, QP 32, TF 0)      25616 bits [Y 38.4941 dB    U 41.8331 dB    V 42.5483 dB] [ET  1575 ] [L0 8 0 ] [L1 16 8 ]
POC    10 TId: 4 (      STSA, B-SLICE, QP 34)            15960 bits [Y 38.3160 dB    U 41.7843 dB    V 42.4351 dB] [ET  1270 ] [L0 8 0 ] [L1 12 16 ]
POC     9 TId: 5 (      STSA, B-SLICE, QP 36)             6672 bits [Y 38.3334 dB    U 42.0221 dB    V 42.7237 dB] [ET   684 ] [L0 8 0 ] [L1 10 12 ]
POC    11 TId: 5 (      STSA, B-SLICE, QP 36)             7960 bits [Y 38.0041 dB    U 41.7974 dB    V 42.1898 dB] [ET   732 ] [L0 10 8 ] [L1 12 16 ]
POC    14 TId: 4 (      STSA, B-SLICE, QP 34)            16240 bits [Y 38.2692 dB    U 41.6037 dB    V 42.2349 dB] [ET   942 ] [L0 12 8 ] [L1 16 12 ]
POC    13 TId: 5 (      STSA, B-SLICE, QP 36)             7808 bits [Y 37.8485 dB    U 41.6636 dB    V 42.0800 dB] [ET   697 ] [L0 12 8 ] [L1 14 16 ]
POC    15 TId: 5 (      STSA, B-SLICE, QP 36)             6544 bits [Y 37.9350 dB    U 41.8932 dB    V 42.2988 dB] [ET   542 ] [L0 14 12 ] [L1 16 14 ]

	Total Frames |   Bitrate     Y-PSNR    U-PSNR    V-PSNR    YUV-PSNR   
	       17    a    1662.0471   38.8918   42.2663   43.0033   39.7016

 finished @ Fri Apr  7 07:36:14 2023
 Total Time:    14740.621 sec. [user]    14750.172 sec. [elapsed]

Level: 0
Inject Calls: 16302778953
Errors injected by bit:
	Bit 0: 163103
	Bit 1: 162947
	Bit 2: 162808
	Bit 3: 162515
	Bit 4: 163261
	Bit 5: 163033
	Bit 6: 162418
	Bit 7: 163916

Total errors injected: 1304001
