vvencFFapp: Fraunhofer VVC Encoder ver. 1.5.0 [Linux][GCC 11.3.0][64 bit][SIMD=AVX2]
 started @ Mon Apr 24 18:50:46 2023
CODING TOOL CFG: CTU128 QT44BTT21 IBD:1 SAO:1 ALF:1 (NonLinLuma:0 NonLinChr:0) CCALF:1 Tiles:1x1 Slices:1 WPP:0 WPP-Substreams:1 TMVP:1 DQ:1 SDH:0 CST:1 BDOF:1 DMVR:1 MTSImplicit:1 SBT:0 JCbCr:1 CabacInitPresent:1 AMVR:5 SMVD:3 LMCS:2 (Signal:SDR Opt:0) CIIP:0 MIP:1 AFFINE:2 (PROF:1, Type:1) MMVD:3 DisFracMMVD:1 SbTMVP:1 GPM:3 LFNST:1 MTS:0 ISP:3 TS:2 TSLog2MaxSize:4 useChromaTS:0 BDPCM:2 IBC:2 BCW:0 
ENC. ALG. CFG: QPA:0 HAD:1 RDQ:1 RDQTS:1 ASR:1 MinSearchWindow:96 RestrictMESampling:0 EDO:2 MCTF:2 
PRE-ANALYSIS CFG: STA:1 LeadFrames:0 TrailFrames:0 
FAST TOOL CFG: ECU:0 FEN:1 FDM:1 FastSearch:4 (SCC:2) LCTUFast:1 FastMrg:2 PBIntraFast:1 AMaxBT:1 FastQtBtEnc:1 ContentBasedFastQtbt:0 FastMIP:3 FastIntraTools:0 IntraEstDecBit:2 FastLocalDualTree:1 IntegerET:0 FastSubPel:1 QtbttExtraFast:3 FastTTSplit:0 IBCFastMethod:3 FIM:0 ALFSpeed:0 QuantThr: 4 
RATE CONTROL CFG: RateControl:0 LookAhead:0 
PARALLEL PROCESSING CFG: NumThreads:0 MaxParallelFrames:0 WppBitEqual:0 WF:0 

POC     0 TId: 0 (  IDR_N_LP, I-SLICE, QP 29, TF 2)     160808 bits [Y 38.4367 dB    U 41.6230 dB    V 42.6136 dB] [ET   296 ] [L0 ] [L1 ]
POC    16 TId: 1 (      STSA, B-SLICE, QP 34, TF 1)      30824 bits [Y 36.5006 dB    U 39.9395 dB    V 40.1282 dB] [ET   791 ] [L0 0 ] [L1 0 ]
POC     8 TId: 2 (      STSA, B-SLICE, QP 35, TF 0)      19176 bits [Y 36.5197 dB    U 40.0719 dB    V 40.8439 dB] [ET  1130 ] [L0 0 16 ] [L1 16 0 ]
POC     4 TId: 3 (      STSA, B-SLICE, QP 38)            11768 bits [Y 36.1651 dB    U 40.2183 dB    V 40.8065 dB] [ET  1245 ] [L0 0 8 ] [L1 8 16 ]
POC     2 TId: 4 (      STSA, B-SLICE, QP 40)             5024 bits [Y 36.2632 dB    U 40.8048 dB    V 41.4386 dB] [ET   592 ] [L0 0 4 ] [L1 4 8 ]
POC     1 TId: 5 (      STSA, B-SLICE, QP 41)              168 bits [Y 38.4367 dB    U 41.6230 dB    V 42.6136 dB] [ET   233 ] [L0 0 2 ] [L1 2 4 ]
POC     3 TId: 5 (      STSA, B-SLICE, QP 41)             3360 bits [Y 35.7743 dB    U 40.3961 dB    V 40.7562 dB] [ET   532 ] [L0 2 0 ] [L1 4 8 ]
POC     6 TId: 4 (      STSA, B-SLICE, QP 40)             6368 bits [Y 35.5697 dB    U 39.9732 dB    V 40.5503 dB] [ET   833 ] [L0 4 0 ] [L1 8 16 ]
POC     5 TId: 5 (      STSA, B-SLICE, QP 41)             3456 bits [Y 35.3382 dB    U 39.9774 dB    V 40.5492 dB] [ET   602 ] [L0 4 0 ] [L1 6 8 ]
POC     7 TId: 5 (      STSA, B-SLICE, QP 41)             3296 bits [Y 35.3090 dB    U 39.8617 dB    V 40.4248 dB] [ET   585 ] [L0 6 4 ] [L1 8 16 ]
POC    12 TId: 3 (      STSA, B-SLICE, QP 38)            13392 bits [Y 35.6285 dB    U 39.7865 dB    V 40.1553 dB] [ET  1087 ] [L0 8 0 ] [L1 16 8 ]
POC    10 TId: 4 (      STSA, B-SLICE, QP 40)             7288 bits [Y 35.3341 dB    U 39.8210 dB    V 40.1957 dB] [ET   959 ] [L0 8 0 ] [L1 12 16 ]
POC     9 TId: 5 (      STSA, B-SLICE, QP 41)             3384 bits [Y 35.6629 dB    U 39.8766 dB    V 40.4267 dB] [ET   591 ] [L0 8 0 ] [L1 10 12 ]
POC    11 TId: 5 (      STSA, B-SLICE, QP 41)             3840 bits [Y 35.3095 dB    U 39.7910 dB    V 39.9995 dB] [ET   587 ] [L0 10 8 ] [L1 12 16 ]
POC    14 TId: 4 (      STSA, B-SLICE, QP 40)             7712 bits [Y 35.2563 dB    U 39.6339 dB    V 39.7978 dB] [ET   679 ] [L0 12 8 ] [L1 16 12 ]
POC    13 TId: 5 (      STSA, B-SLICE, QP 41)             3664 bits [Y 35.1159 dB    U 39.7388 dB    V 39.7632 dB] [ET   535 ] [L0 12 8 ] [L1 14 16 ]
POC    15 TId: 5 (      STSA, B-SLICE, QP 41)             3088 bits [Y 35.2030 dB    U 39.7132 dB    V 39.6560 dB] [ET   447 ] [L0 14 12 ] [L1 16 14 ]

	Total Frames |   Bitrate     Y-PSNR    U-PSNR    V-PSNR    YUV-PSNR   
	       17    a     842.9882   35.9896   40.1676   40.6305   36.9328

 finished @ Mon Apr 24 22:06:22 2023
 Total Time:    11732.448 sec. [user]    11736.400 sec. [elapsed]

Level: 0
Inject Calls: 13047578207
Errors injected by bit:
	Bit 0: 1304410
	Bit 1: 1305353
	Bit 2: 1305925
	Bit 3: 1303343
	Bit 4: 1304140
	Bit 5: 1303516
	Bit 6: 1303509
	Bit 7: 1304459

Total errors injected: 10434655
