vvencFFapp: Fraunhofer VVC Encoder ver. 1.5.0 [Linux][GCC 11.3.0][64 bit][SIMD=AVX2]
 started @ Mon Apr 24 19:00:45 2023
CODING TOOL CFG: CTU128 QT44BTT21 IBD:1 SAO:1 ALF:1 (NonLinLuma:0 NonLinChr:0) CCALF:1 Tiles:1x1 Slices:1 WPP:0 WPP-Substreams:1 TMVP:1 DQ:1 SDH:0 CST:1 BDOF:1 DMVR:1 MTSImplicit:1 SBT:0 JCbCr:1 CabacInitPresent:1 AMVR:5 SMVD:3 LMCS:2 (Signal:SDR Opt:0) CIIP:0 MIP:1 AFFINE:2 (PROF:1, Type:1) MMVD:3 DisFracMMVD:1 SbTMVP:1 GPM:3 LFNST:1 MTS:0 ISP:3 TS:2 TSLog2MaxSize:4 useChromaTS:0 BDPCM:2 IBC:2 BCW:0 
ENC. ALG. CFG: QPA:0 HAD:1 RDQ:1 RDQTS:1 ASR:1 MinSearchWindow:96 RestrictMESampling:0 EDO:2 MCTF:2 
PRE-ANALYSIS CFG: STA:1 LeadFrames:0 TrailFrames:0 
FAST TOOL CFG: ECU:0 FEN:1 FDM:1 FastSearch:4 (SCC:2) LCTUFast:1 FastMrg:2 PBIntraFast:1 AMaxBT:1 FastQtBtEnc:1 ContentBasedFastQtbt:0 FastMIP:3 FastIntraTools:0 IntraEstDecBit:2 FastLocalDualTree:1 IntegerET:0 FastSubPel:1 QtbttExtraFast:3 FastTTSplit:0 IBCFastMethod:3 FIM:0 ALFSpeed:0 QuantThr: 4 
RATE CONTROL CFG: RateControl:0 LookAhead:0 
PARALLEL PROCESSING CFG: NumThreads:0 MaxParallelFrames:0 WppBitEqual:0 WF:0 

POC     0 TId: 0 (  IDR_N_LP, I-SLICE, QP 29, TF 2)     160808 bits [Y 38.4367 dB    U 41.6230 dB    V 42.6136 dB] [ET   271 ] [L0 ] [L1 ]
POC    16 TId: 1 (      STSA, B-SLICE, QP 34, TF 1)      30776 bits [Y 36.4898 dB    U 39.9431 dB    V 40.0971 dB] [ET  1170 ] [L0 0 ] [L1 0 ]
POC     8 TId: 2 (      STSA, B-SLICE, QP 35, TF 0)      19336 bits [Y 36.5674 dB    U 40.1169 dB    V 40.8818 dB] [ET  1147 ] [L0 0 16 ] [L1 16 0 ]
POC     4 TId: 3 (      STSA, B-SLICE, QP 38)            12096 bits [Y 36.2209 dB    U 40.1760 dB    V 40.9560 dB] [ET  1139 ] [L0 0 8 ] [L1 8 16 ]
POC     2 TId: 4 (      STSA, B-SLICE, QP 40)             4976 bits [Y 36.2577 dB    U 40.8268 dB    V 41.4276 dB] [ET   626 ] [L0 0 4 ] [L1 4 8 ]
POC     1 TId: 5 (      STSA, B-SLICE, QP 41)              232 bits [Y 38.4367 dB    U 41.6230 dB    V 42.6136 dB] [ET   241 ] [L0 0 2 ] [L1 2 4 ]
POC     3 TId: 5 (      STSA, B-SLICE, QP 41)             3472 bits [Y 35.8117 dB    U 40.3080 dB    V 40.8309 dB] [ET   514 ] [L0 2 0 ] [L1 4 8 ]
POC     6 TId: 4 (      STSA, B-SLICE, QP 40)             6352 bits [Y 35.5809 dB    U 40.0439 dB    V 40.5160 dB] [ET   801 ] [L0 4 0 ] [L1 8 16 ]
POC     5 TId: 5 (      STSA, B-SLICE, QP 41)             3504 bits [Y 35.3399 dB    U 40.0248 dB    V 40.5159 dB] [ET   546 ] [L0 4 0 ] [L1 6 8 ]
POC     7 TId: 5 (      STSA, B-SLICE, QP 41)             3328 bits [Y 35.2754 dB    U 40.0298 dB    V 40.5468 dB] [ET   545 ] [L0 6 4 ] [L1 8 16 ]
POC    12 TId: 3 (      STSA, B-SLICE, QP 38)            13464 bits [Y 35.6716 dB    U 39.8184 dB    V 40.0932 dB] [ET  1332 ] [L0 8 0 ] [L1 16 8 ]
POC    10 TId: 4 (      STSA, B-SLICE, QP 40)             7216 bits [Y 35.3788 dB    U 39.8386 dB    V 40.3183 dB] [ET   912 ] [L0 8 0 ] [L1 12 16 ]
POC     9 TId: 5 (      STSA, B-SLICE, QP 41)             3384 bits [Y 35.6366 dB    U 39.9379 dB    V 40.5461 dB] [ET   638 ] [L0 8 0 ] [L1 10 12 ]
POC    11 TId: 5 (      STSA, B-SLICE, QP 41)             3904 bits [Y 35.2588 dB    U 39.7412 dB    V 40.0021 dB] [ET   608 ] [L0 10 8 ] [L1 12 16 ]
POC    14 TId: 4 (      STSA, B-SLICE, QP 40)             7456 bits [Y 35.2421 dB    U 39.7702 dB    V 39.8236 dB] [ET   700 ] [L0 12 8 ] [L1 16 12 ]
POC    13 TId: 5 (      STSA, B-SLICE, QP 41)             3416 bits [Y 35.0630 dB    U 39.8281 dB    V 39.8097 dB] [ET   548 ] [L0 12 8 ] [L1 14 16 ]
POC    15 TId: 5 (      STSA, B-SLICE, QP 41)             3056 bits [Y 35.2257 dB    U 39.7682 dB    V 39.6741 dB] [ET   479 ] [L0 14 12 ] [L1 16 14 ]

	Total Frames |   Bitrate     Y-PSNR    U-PSNR    V-PSNR    YUV-PSNR   
	       17    a     843.4588   35.9938   40.2010   40.6627   36.9404

 finished @ Mon Apr 24 22:24:36 2023
 Total Time:    12228.569 sec. [user]    12230.726 sec. [elapsed]

Level: 0
Inject Calls: 13623225751
Errors injected by bit:
	Bit 0: 1364182
	Bit 1: 1362954
	Bit 2: 1362848
	Bit 3: 1362924
	Bit 4: 1361761
	Bit 5: 1360655
	Bit 6: 1360860
	Bit 7: 1362445

Total errors injected: 10898629
