
vvencFFapp: Encoder Version 1.0.0 [Linux][GCC 9.4.0][64 bit][SIMD=AVX2]
 started @ Mon Jul 11 11:33:56 2022
CODING TOOL CFG: CTU128 QT44BTT21 IBD:1 CIP:0 SAO:1 ALF:1 (NonLinLuma:0 NonLinChr:0) CCALF:1 WPP:0 WPP-Substreams:1 TMVP:1 DQ:1 (Thr: 4) SDH:0 CST:1 BDOF:1 DMVR:1 MTSImplicit:1 SBT:0 JCbCr:1 CabacInitPresent:1 AMVR:5 SMVD:3 LMCS:1 (Signal:SDR Opt:0) CIIP:0 MIP:1 AFFINE:2 (PROF:1, Type:1) MMVD:3 DisFracMMVD:1 SbTMVP:1 GPM:3 LFNST:1 MTS:0 ISP:3 TS:2 TSLog2MaxSize:3 useChromaTS:0 BDPCM:2 IBC:2 
ENC. ALG. CFG: QPA:0 HAD:1 RDQ:1 RDQTS:1 ASR:1 MinSearchWindow:96 RestrictMESampling:0 EDO:2 MCTF:2 [L:0, T:0] 
FAST TOOL CFG: ECU:0 FEN:1 FDM:1 ESD:0 FastSearch:4 LCTUFast:1 FastMrg:2 PBIntraFast:1 AMaxBT:1 FastQtBtEnc:1 ContentBasedFastQtbt:1 FastMIP:4 FastIntraTools:1 FastLocalDualTree:1 FastSubPel:1 QtbttExtraFast:2 IBCFastMethod:3 
RATE CONTROL CFG: RateControl:0 
PARALLEL PROCESSING CFG: NumThreads:0 MaxParallelFrames:0 WppBitEqual:0 WF:0

512 256 800 544 144 144
POC    0 TId: 0 (  IDR_N_LP, I-SLICE, QP 34 )      49816 bits [Y 33.3501 dB    U 36.7628 dB    V 37.0041 dB] [ET   347 ] [L0 ] [L1 ]
POC    8 TId: 2 (      STSA, B-SLICE, QP 40 )      13904 bits [Y 29.8548 dB    U 34.9327 dB    V 34.9715 dB] [ET   694 ] [L0 0 ] [L1 0 ]
POC    4 TId: 3 (      STSA, B-SLICE, QP 43 )       5720 bits [Y 29.1997 dB    U 35.4224 dB    V 35.2992 dB] [ET   907 ] [L0 0 8 ] [L1 8 0 ]
POC    2 TId: 4 (      STSA, B-SLICE, QP 45 )       2736 bits [Y 28.9984 dB    U 35.5196 dB    V 35.5302 dB] [ET   892 ] [L0 0 4 ] [L1 4 8 ]
POC    1 TId: 5 (      STSA, B-SLICE, QP 46 )       1176 bits [Y 29.4429 dB    U 35.7223 dB    V 35.9244 dB] [ET   530 ] [L0 0 2 ] [L1 2 4 ]
POC    3 TId: 5 (      STSA, B-SLICE, QP 46 )       1200 bits [Y 28.6794 dB    U 35.2330 dB    V 35.2881 dB] [ET   659 ] [L0 2 0 ] [L1 4 8 ]
POC    6 TId: 4 (      STSA, B-SLICE, QP 45 )       2576 bits [Y 28.4808 dB    U 35.0486 dB    V 34.7889 dB] [ET   854 ] [L0 4 0 ] [L1 8 4 ]
POC    5 TId: 5 (      STSA, B-SLICE, QP 46 )        992 bits [Y 28.3627 dB    U 35.0409 dB    V 34.9647 dB] [ET   703 ] [L0 4 0 ] [L1 6 8 ]
POC    7 TId: 5 (      STSA, B-SLICE, QP 46 )       1072 bits [Y 28.6625 dB    U 34.8217 dB    V 34.8007 dB] [ET   516 ] [L0 6 4 ] [L1 8 6 ]
POC    9 TId: 5 (      STSA, B-SLICE, QP 46 )       2064 bits [Y 28.2263 dB    U 34.2751 dB    V 34.1668 dB] [ET   593 ] [L0 8 0 ] [L1 8 0 ]

	Total Frames |   Bitrate     Y-PSNR    U-PSNR    V-PSNR    YUV-PSNR   
	       10    a     243.7680   29.3258   35.2779   35.2739   30.3958

 finished @ Mon Jul 11 13:25:42 2022
 Total Time:     6679.083 sec. [user]     6706.374 sec. [elapsed]

Level: 0
Inject Calls: 1295567910
Errors injected by bit:
	Bit 0: 1294039
	Bit 1: 1295297
	Bit 2: 1295553
	Bit 3: 1296621
	Bit 4: 1296789
	Bit 5: 1295120
	Bit 6: 1296253
	Bit 7: 1295071

Total errors injected: 10364743
