
vvencFFapp: Encoder Version 1.0.0 [Linux][GCC 9.4.0][64 bit][SIMD=AVX2]
 started @ Fri Jul  8 12:29:50 2022
CODING TOOL CFG: CTU128 QT44BTT21 IBD:1 CIP:0 SAO:1 ALF:1 (NonLinLuma:0 NonLinChr:0) CCALF:1 WPP:0 WPP-Substreams:1 TMVP:1 DQ:1 (Thr: 4) SDH:0 CST:1 BDOF:1 DMVR:1 MTSImplicit:1 SBT:0 JCbCr:1 CabacInitPresent:1 AMVR:5 SMVD:3 LMCS:1 (Signal:SDR Opt:0) CIIP:0 MIP:1 AFFINE:2 (PROF:1, Type:1) MMVD:3 DisFracMMVD:1 SbTMVP:1 GPM:3 LFNST:1 MTS:0 ISP:3 TS:2 TSLog2MaxSize:3 useChromaTS:0 BDPCM:2 IBC:2 
ENC. ALG. CFG: QPA:0 HAD:1 RDQ:1 RDQTS:1 ASR:1 MinSearchWindow:96 RestrictMESampling:0 EDO:2 MCTF:2 [L:0, T:0] 
FAST TOOL CFG: ECU:0 FEN:1 FDM:1 ESD:0 FastSearch:4 LCTUFast:1 FastMrg:2 PBIntraFast:1 AMaxBT:1 FastQtBtEnc:1 ContentBasedFastQtbt:1 FastMIP:4 FastIntraTools:1 FastLocalDualTree:1 FastSubPel:1 QtbttExtraFast:2 IBCFastMethod:3 
RATE CONTROL CFG: RateControl:0 
PARALLEL PROCESSING CFG: NumThreads:0 MaxParallelFrames:0 WppBitEqual:0 WF:0

512 256 800 544 144 144
POC    0 TId: 0 (  IDR_N_LP, I-SLICE, QP 19 )     218376 bits [Y 43.7095 dB    U 44.9341 dB    V 45.4033 dB] [ET   650 ] [L0 ] [L1 ]
POC    8 TId: 2 (      STSA, B-SLICE, QP 23 )     111544 bits [Y 41.8096 dB    U 42.5780 dB    V 42.9773 dB] [ET  1052 ] [L0 0 ] [L1 0 ]
POC    4 TId: 3 (      STSA, B-SLICE, QP 26 )      53512 bits [Y 39.9641 dB    U 41.8083 dB    V 42.1596 dB] [ET  1551 ] [L0 0 8 ] [L1 8 0 ]
POC    2 TId: 4 (      STSA, B-SLICE, QP 28 )      29984 bits [Y 38.9591 dB    U 41.8381 dB    V 42.2598 dB] [ET  1754 ] [L0 0 4 ] [L1 4 8 ]
POC    1 TId: 5 (      STSA, B-SLICE, QP 29 )      17568 bits [Y 38.8520 dB    U 42.2178 dB    V 42.8714 dB] [ET  1291 ] [L0 0 2 ] [L1 2 4 ]
POC    3 TId: 5 (      STSA, B-SLICE, QP 29 )      16656 bits [Y 38.4554 dB    U 41.2862 dB    V 41.6629 dB] [ET  1394 ] [L0 2 0 ] [L1 4 8 ]
POC    6 TId: 4 (      STSA, B-SLICE, QP 28 )      29352 bits [Y 38.7906 dB    U 41.2451 dB    V 41.7125 dB] [ET  1601 ] [L0 4 0 ] [L1 8 4 ]
POC    5 TId: 5 (      STSA, B-SLICE, QP 29 )      15648 bits [Y 38.3286 dB    U 41.1406 dB    V 41.6281 dB] [ET  1452 ] [L0 4 0 ] [L1 6 8 ]
POC    7 TId: 5 (      STSA, B-SLICE, QP 29 )      15840 bits [Y 38.3614 dB    U 41.2141 dB    V 41.6711 dB] [ET  1188 ] [L0 6 4 ] [L1 8 6 ]
POC    9 TId: 5 (      STSA, B-SLICE, QP 29 )      25000 bits [Y 38.2336 dB    U 40.7760 dB    V 41.2201 dB] [ET  1136 ] [L0 8 0 ] [L1 8 0 ]

	Total Frames |   Bitrate     Y-PSNR    U-PSNR    V-PSNR    YUV-PSNR   
	       10    a    1600.4400   39.5464   41.9038   42.3566   39.9992

 finished @ Fri Jul  8 16:07:52 2022
 Total Time:    13047.333 sec. [user]    13082.003 sec. [elapsed]

Level: 0
Inject Calls: 2475261570
Errors injected by bit:
	Bit 0: 248493
	Bit 1: 247521
	Bit 2: 247732
	Bit 3: 247732
	Bit 4: 247425
	Bit 5: 247669
	Bit 6: 247185
	Bit 7: 247693

Total errors injected: 1981450
