
vvencFFapp: Encoder Version 1.0.0 [Linux][GCC 9.4.0][64 bit][SIMD=AVX2]
 started @ Mon Jul 11 06:33:48 2022
CODING TOOL CFG: CTU128 QT44BTT21 IBD:1 CIP:0 SAO:1 ALF:1 (NonLinLuma:0 NonLinChr:0) CCALF:1 WPP:0 WPP-Substreams:1 TMVP:1 DQ:1 (Thr: 4) SDH:0 CST:1 BDOF:1 DMVR:1 MTSImplicit:1 SBT:0 JCbCr:1 CabacInitPresent:1 AMVR:5 SMVD:3 LMCS:1 (Signal:SDR Opt:0) CIIP:0 MIP:1 AFFINE:2 (PROF:1, Type:1) MMVD:3 DisFracMMVD:1 SbTMVP:1 GPM:3 LFNST:1 MTS:0 ISP:3 TS:2 TSLog2MaxSize:3 useChromaTS:0 BDPCM:2 IBC:2 
ENC. ALG. CFG: QPA:0 HAD:1 RDQ:1 RDQTS:1 ASR:1 MinSearchWindow:96 RestrictMESampling:0 EDO:2 MCTF:2 [L:0, T:0] 
FAST TOOL CFG: ECU:0 FEN:1 FDM:1 ESD:0 FastSearch:4 LCTUFast:1 FastMrg:2 PBIntraFast:1 AMaxBT:1 FastQtBtEnc:1 ContentBasedFastQtbt:1 FastMIP:4 FastIntraTools:1 FastLocalDualTree:1 FastSubPel:1 QtbttExtraFast:2 IBCFastMethod:3 
RATE CONTROL CFG: RateControl:0 
PARALLEL PROCESSING CFG: NumThreads:0 MaxParallelFrames:0 WppBitEqual:0 WF:0

512 256 800 544 144 144
POC    0 TId: 0 (  IDR_N_LP, I-SLICE, QP 29 )      88576 bits [Y 36.8846 dB    U 39.2203 dB    V 39.8543 dB] [ET   411 ] [L0 ] [L1 ]
POC    8 TId: 2 (      STSA, B-SLICE, QP 35 )      27424 bits [Y 32.9611 dB    U 36.1751 dB    V 36.3639 dB] [ET   846 ] [L0 0 ] [L1 0 ]
POC    4 TId: 3 (      STSA, B-SLICE, QP 38 )      11432 bits [Y 32.0629 dB    U 36.9436 dB    V 37.2385 dB] [ET  1196 ] [L0 0 8 ] [L1 8 0 ]
POC    2 TId: 4 (      STSA, B-SLICE, QP 40 )       5824 bits [Y 31.7598 dB    U 37.3899 dB    V 37.7828 dB] [ET  1112 ] [L0 0 4 ] [L1 4 8 ]
POC    1 TId: 5 (      STSA, B-SLICE, QP 41 )       2680 bits [Y 32.1425 dB    U 37.7145 dB    V 38.4487 dB] [ET   728 ] [L0 0 2 ] [L1 2 4 ]
POC    3 TId: 5 (      STSA, B-SLICE, QP 41 )       2736 bits [Y 31.3342 dB    U 36.7876 dB    V 37.1761 dB] [ET   951 ] [L0 2 0 ] [L1 4 8 ]
POC    6 TId: 4 (      STSA, B-SLICE, QP 40 )       5976 bits [Y 31.3710 dB    U 36.2752 dB    V 36.4564 dB] [ET  1032 ] [L0 4 0 ] [L1 8 4 ]
POC    5 TId: 5 (      STSA, B-SLICE, QP 41 )       2488 bits [Y 31.1794 dB    U 36.5192 dB    V 36.8763 dB] [ET   940 ] [L0 4 0 ] [L1 6 8 ]
POC    7 TId: 5 (      STSA, B-SLICE, QP 41 )       2256 bits [Y 31.2584 dB    U 36.0126 dB    V 36.4378 dB] [ET   679 ] [L0 6 4 ] [L1 8 6 ]
POC    9 TId: 5 (      STSA, B-SLICE, QP 41 )       4288 bits [Y 30.8544 dB    U 35.7670 dB    V 35.5840 dB] [ET   629 ] [L0 8 0 ] [L1 8 0 ]

	Total Frames |   Bitrate     Y-PSNR    U-PSNR    V-PSNR    YUV-PSNR   
	       10    a     461.0400   32.1808   36.8805   37.2219   33.0562

 finished @ Mon Jul 11 08:56:03 2022
 Total Time:     8516.940 sec. [user]     8534.422 sec. [elapsed]

Level: 0
Inject Calls: 1670902186
Errors injected by bit:
	Bit 0: 16914
	Bit 1: 16753
	Bit 2: 16516
	Bit 3: 16623
	Bit 4: 16836
	Bit 5: 16545
	Bit 6: 16861
	Bit 7: 16706

Total errors injected: 133754
