
vvencFFapp: Encoder Version 1.0.0 [Linux][GCC 9.4.0][64 bit][SIMD=AVX2]
 started @ Sun Jul 10 22:03:39 2022
CODING TOOL CFG: CTU128 QT44BTT21 IBD:1 CIP:0 SAO:1 ALF:1 (NonLinLuma:0 NonLinChr:0) CCALF:1 WPP:0 WPP-Substreams:1 TMVP:1 DQ:1 (Thr: 4) SDH:0 CST:1 BDOF:1 DMVR:1 MTSImplicit:1 SBT:0 JCbCr:1 CabacInitPresent:1 AMVR:5 SMVD:3 LMCS:1 (Signal:SDR Opt:0) CIIP:0 MIP:1 AFFINE:2 (PROF:1, Type:1) MMVD:3 DisFracMMVD:1 SbTMVP:1 GPM:3 LFNST:1 MTS:0 ISP:3 TS:2 TSLog2MaxSize:3 useChromaTS:0 BDPCM:2 IBC:2 
ENC. ALG. CFG: QPA:0 HAD:1 RDQ:1 RDQTS:1 ASR:1 MinSearchWindow:96 RestrictMESampling:0 EDO:2 MCTF:2 [L:0, T:0] 
FAST TOOL CFG: ECU:0 FEN:1 FDM:1 ESD:0 FastSearch:4 LCTUFast:1 FastMrg:2 PBIntraFast:1 AMaxBT:1 FastQtBtEnc:1 ContentBasedFastQtbt:1 FastMIP:4 FastIntraTools:1 FastLocalDualTree:1 FastSubPel:1 QtbttExtraFast:2 IBCFastMethod:3 
RATE CONTROL CFG: RateControl:0 
PARALLEL PROCESSING CFG: NumThreads:0 MaxParallelFrames:0 WppBitEqual:0 WF:0

512 256 800 544 144 144
POC    0 TId: 0 (  IDR_N_LP, I-SLICE, QP 24 )     143272 bits [Y 40.3303 dB    U 41.9221 dB    V 42.6348 dB] [ET   402 ] [L0 ] [L1 ]
POC    8 TId: 2 (      STSA, B-SLICE, QP 29 )      59000 bits [Y 37.3183 dB    U 39.2344 dB    V 39.5731 dB] [ET   938 ] [L0 0 ] [L1 0 ]
POC    4 TId: 3 (      STSA, B-SLICE, QP 32 )      25232 bits [Y 35.8825 dB    U 38.8964 dB    V 39.4279 dB] [ET  1470 ] [L0 0 8 ] [L1 8 0 ]
POC    2 TId: 4 (      STSA, B-SLICE, QP 34 )      13640 bits [Y 35.2842 dB    U 39.3365 dB    V 39.7984 dB] [ET  1418 ] [L0 0 4 ] [L1 4 8 ]
POC    1 TId: 5 (      STSA, B-SLICE, QP 36 )       6256 bits [Y 35.1099 dB    U 39.9257 dB    V 40.5108 dB] [ET   973 ] [L0 0 2 ] [L1 2 4 ]
POC    3 TId: 5 (      STSA, B-SLICE, QP 36 )       5920 bits [Y 34.4975 dB    U 38.8714 dB    V 39.3923 dB] [ET  1033 ] [L0 2 0 ] [L1 4 8 ]
POC    6 TId: 4 (      STSA, B-SLICE, QP 34 )      13160 bits [Y 34.9460 dB    U 38.3453 dB    V 38.8343 dB] [ET  1355 ] [L0 4 0 ] [L1 8 4 ]
POC    5 TId: 5 (      STSA, B-SLICE, QP 36 )       5656 bits [Y 34.3921 dB    U 38.5003 dB    V 39.0123 dB] [ET  1061 ] [L0 4 0 ] [L1 6 8 ]
POC    7 TId: 5 (      STSA, B-SLICE, QP 36 )       5424 bits [Y 34.4281 dB    U 38.4493 dB    V 39.0293 dB] [ET   790 ] [L0 6 4 ] [L1 8 6 ]
POC    9 TId: 5 (      STSA, B-SLICE, QP 36 )       8840 bits [Y 33.9573 dB    U 38.0509 dB    V 38.0419 dB] [ET   885 ] [L0 8 0 ] [L1 8 0 ]

	Total Frames |   Bitrate     Y-PSNR    U-PSNR    V-PSNR    YUV-PSNR   
	       10    a     859.2000   35.6146   39.1532   39.6255   36.2760

 finished @ Mon Jul 11 00:55:54 2022
 Total Time:    10309.668 sec. [user]    10335.682 sec. [elapsed]

Level: 0
Inject Calls: 1967895061
Errors injected by bit:
	Bit 0: 196750
	Bit 1: 196770
	Bit 2: 196778
	Bit 3: 196301
	Bit 4: 197398
	Bit 5: 196311
	Bit 6: 197446
	Bit 7: 196937

Total errors injected: 1574691
