
vvencFFapp: Encoder Version 1.0.0 [Linux][GCC 9.4.0][64 bit][SIMD=AVX2]
 started @ Wed Jul 13 19:14:19 2022
CODING TOOL CFG: CTU128 QT44BTT21 IBD:1 CIP:0 SAO:1 ALF:1 (NonLinLuma:0 NonLinChr:0) CCALF:1 WPP:0 WPP-Substreams:1 TMVP:1 DQ:1 (Thr: 4) SDH:0 CST:1 BDOF:1 DMVR:1 MTSImplicit:1 SBT:0 JCbCr:1 CabacInitPresent:1 AMVR:5 SMVD:3 LMCS:1 (Signal:SDR Opt:0) CIIP:0 MIP:1 AFFINE:2 (PROF:1, Type:1) MMVD:3 DisFracMMVD:1 SbTMVP:1 GPM:3 LFNST:1 MTS:0 ISP:3 TS:2 TSLog2MaxSize:3 useChromaTS:0 BDPCM:2 IBC:2 
ENC. ALG. CFG: QPA:0 HAD:1 RDQ:1 RDQTS:1 ASR:1 MinSearchWindow:96 RestrictMESampling:0 EDO:2 MCTF:2 [L:0, T:0] 
FAST TOOL CFG: ECU:0 FEN:1 FDM:1 ESD:0 FastSearch:4 LCTUFast:1 FastMrg:2 PBIntraFast:1 AMaxBT:1 FastQtBtEnc:1 ContentBasedFastQtbt:1 FastMIP:4 FastIntraTools:1 FastLocalDualTree:1 FastSubPel:1 QtbttExtraFast:2 IBCFastMethod:3 
RATE CONTROL CFG: RateControl:0 
PARALLEL PROCESSING CFG: NumThreads:0 MaxParallelFrames:0 WppBitEqual:0 WF:0

512 256 800 544 144 144
POC    0 TId: 0 (  IDR_N_LP, I-SLICE, QP 24 )     143272 bits [Y 40.3303 dB    U 41.9221 dB    V 42.6348 dB] [ET   517 ] [L0 ] [L1 ]
POC    8 TId: 2 (      STSA, B-SLICE, QP 29 )      59312 bits [Y 37.2819 dB    U 39.0649 dB    V 39.5255 dB] [ET  1052 ] [L0 0 ] [L1 0 ]
POC    4 TId: 3 (      STSA, B-SLICE, QP 32 )      25528 bits [Y 35.9278 dB    U 38.8145 dB    V 39.2353 dB] [ET  1612 ] [L0 0 8 ] [L1 8 0 ]
POC    2 TId: 4 (      STSA, B-SLICE, QP 34 )      13592 bits [Y 35.2803 dB    U 39.3193 dB    V 39.8042 dB] [ET  1467 ] [L0 0 4 ] [L1 4 8 ]
POC    1 TId: 5 (      STSA, B-SLICE, QP 36 )       6088 bits [Y 35.1373 dB    U 39.8929 dB    V 40.5499 dB] [ET   768 ] [L0 0 2 ] [L1 2 4 ]
POC    3 TId: 5 (      STSA, B-SLICE, QP 36 )       5808 bits [Y 34.4721 dB    U 38.7822 dB    V 39.1625 dB] [ET   960 ] [L0 2 0 ] [L1 4 8 ]
POC    6 TId: 4 (      STSA, B-SLICE, QP 34 )      13400 bits [Y 34.9726 dB    U 38.4939 dB    V 39.0350 dB] [ET  1452 ] [L0 4 0 ] [L1 8 4 ]
POC    5 TId: 5 (      STSA, B-SLICE, QP 36 )       5472 bits [Y 34.3622 dB    U 38.5070 dB    V 39.0326 dB] [ET   822 ] [L0 4 0 ] [L1 6 8 ]
POC    7 TId: 5 (      STSA, B-SLICE, QP 36 )       5272 bits [Y 34.4411 dB    U 38.5080 dB    V 39.1448 dB] [ET   757 ] [L0 6 4 ] [L1 8 6 ]
POC    9 TId: 5 (      STSA, B-SLICE, QP 36 )       8984 bits [Y 33.9617 dB    U 37.9008 dB    V 38.0371 dB] [ET   957 ] [L0 8 0 ] [L1 8 0 ]

	Total Frames |   Bitrate     Y-PSNR    U-PSNR    V-PSNR    YUV-PSNR   
	       10    a     860.1840   35.6167   39.1206   39.6162   36.2745

 finished @ Wed Jul 13 22:07:13 2022
 Total Time:    10343.493 sec. [user]    10373.766 sec. [elapsed]

Level: 0
Inject Calls: 2013428464
Errors injected by bit:
	Bit 0: 2009459
	Bit 1: 2013808
	Bit 2: 2012183
	Bit 3: 2015951
	Bit 4: 2013311
	Bit 5: 2013909
	Bit 6: 2012549
	Bit 7: 2015395

Total errors injected: 16106565
