
vvencFFapp: Encoder Version 1.0.0 [Linux][GCC 9.4.0][64 bit][SIMD=AVX2]
 started @ Thu Jul 14 04:09:31 2022
CODING TOOL CFG: CTU128 QT44BTT21 IBD:1 CIP:0 SAO:1 ALF:1 (NonLinLuma:0 NonLinChr:0) CCALF:1 WPP:0 WPP-Substreams:1 TMVP:1 DQ:1 (Thr: 4) SDH:0 CST:1 BDOF:1 DMVR:1 MTSImplicit:1 SBT:0 JCbCr:1 CabacInitPresent:1 AMVR:5 SMVD:3 LMCS:1 (Signal:SDR Opt:0) CIIP:0 MIP:1 AFFINE:2 (PROF:1, Type:1) MMVD:3 DisFracMMVD:1 SbTMVP:1 GPM:3 LFNST:1 MTS:0 ISP:3 TS:2 TSLog2MaxSize:3 useChromaTS:0 BDPCM:2 IBC:2 
ENC. ALG. CFG: QPA:0 HAD:1 RDQ:1 RDQTS:1 ASR:1 MinSearchWindow:96 RestrictMESampling:0 EDO:2 MCTF:2 [L:0, T:0] 
FAST TOOL CFG: ECU:0 FEN:1 FDM:1 ESD:0 FastSearch:4 LCTUFast:1 FastMrg:2 PBIntraFast:1 AMaxBT:1 FastQtBtEnc:1 ContentBasedFastQtbt:1 FastMIP:4 FastIntraTools:1 FastLocalDualTree:1 FastSubPel:1 QtbttExtraFast:2 IBCFastMethod:3 
RATE CONTROL CFG: RateControl:0 
PARALLEL PROCESSING CFG: NumThreads:0 MaxParallelFrames:0 WppBitEqual:0 WF:0

512 256 800 544 144 144
POC    0 TId: 0 (  IDR_N_LP, I-SLICE, QP 29 )      88576 bits [Y 36.8846 dB    U 39.2203 dB    V 39.8543 dB] [ET   370 ] [L0 ] [L1 ]
POC    8 TId: 2 (      STSA, B-SLICE, QP 35 )      27368 bits [Y 32.9665 dB    U 36.3717 dB    V 36.5660 dB] [ET   756 ] [L0 0 ] [L1 0 ]
POC    4 TId: 3 (      STSA, B-SLICE, QP 38 )      11680 bits [Y 32.1439 dB    U 36.8546 dB    V 37.1774 dB] [ET  1504 ] [L0 0 8 ] [L1 8 0 ]
POC    2 TId: 4 (      STSA, B-SLICE, QP 40 )       5696 bits [Y 31.7845 dB    U 37.4161 dB    V 37.9887 dB] [ET  1313 ] [L0 0 4 ] [L1 4 8 ]
POC    1 TId: 5 (      STSA, B-SLICE, QP 41 )       2704 bits [Y 32.1124 dB    U 37.8118 dB    V 38.5391 dB] [ET   559 ] [L0 0 2 ] [L1 2 4 ]
POC    3 TId: 5 (      STSA, B-SLICE, QP 41 )       2648 bits [Y 31.3531 dB    U 36.8767 dB    V 37.2348 dB] [ET   860 ] [L0 2 0 ] [L1 4 8 ]
POC    6 TId: 4 (      STSA, B-SLICE, QP 40 )       5808 bits [Y 31.2531 dB    U 36.5602 dB    V 36.8125 dB] [ET  1226 ] [L0 4 0 ] [L1 8 4 ]
POC    5 TId: 5 (      STSA, B-SLICE, QP 41 )       2448 bits [Y 31.1912 dB    U 36.6477 dB    V 37.0019 dB] [ET   735 ] [L0 4 0 ] [L1 6 8 ]
POC    7 TId: 5 (      STSA, B-SLICE, QP 41 )       2112 bits [Y 31.2120 dB    U 36.2602 dB    V 36.5979 dB] [ET   530 ] [L0 6 4 ] [L1 8 6 ]
POC    9 TId: 5 (      STSA, B-SLICE, QP 41 )       4352 bits [Y 30.8545 dB    U 35.9096 dB    V 35.7952 dB] [ET   907 ] [L0 8 0 ] [L1 8 0 ]

	Total Frames |   Bitrate     Y-PSNR    U-PSNR    V-PSNR    YUV-PSNR   
	       10    a     460.1760   32.1756   36.9929   37.3568   33.0680

 finished @ Thu Jul 14 06:35:43 2022
 Total Time:     8748.348 sec. [user]     8771.492 sec. [elapsed]

Level: 0
Inject Calls: 1769151400
Errors injected by bit:
	Bit 0: 1769283
	Bit 1: 1768372
	Bit 2: 1768560
	Bit 3: 1770362
	Bit 4: 1768383
	Bit 5: 1769285
	Bit 6: 1768852
	Bit 7: 1767472

Total errors injected: 14150569
