
vvencFFapp: Encoder Version 1.0.0 [Linux][GCC 9.4.0][64 bit][SIMD=AVX2]
 started @ Thu Jul 14 04:09:30 2022
CODING TOOL CFG: CTU128 QT44BTT21 IBD:1 CIP:0 SAO:1 ALF:1 (NonLinLuma:0 NonLinChr:0) CCALF:1 WPP:0 WPP-Substreams:1 TMVP:1 DQ:1 (Thr: 4) SDH:0 CST:1 BDOF:1 DMVR:1 MTSImplicit:1 SBT:0 JCbCr:1 CabacInitPresent:1 AMVR:5 SMVD:3 LMCS:1 (Signal:SDR Opt:0) CIIP:0 MIP:1 AFFINE:2 (PROF:1, Type:1) MMVD:3 DisFracMMVD:1 SbTMVP:1 GPM:3 LFNST:1 MTS:0 ISP:3 TS:2 TSLog2MaxSize:3 useChromaTS:0 BDPCM:2 IBC:2 
ENC. ALG. CFG: QPA:0 HAD:1 RDQ:1 RDQTS:1 ASR:1 MinSearchWindow:96 RestrictMESampling:0 EDO:2 MCTF:2 [L:0, T:0] 
FAST TOOL CFG: ECU:0 FEN:1 FDM:1 ESD:0 FastSearch:4 LCTUFast:1 FastMrg:2 PBIntraFast:1 AMaxBT:1 FastQtBtEnc:1 ContentBasedFastQtbt:1 FastMIP:4 FastIntraTools:1 FastLocalDualTree:1 FastSubPel:1 QtbttExtraFast:2 IBCFastMethod:3 
RATE CONTROL CFG: RateControl:0 
PARALLEL PROCESSING CFG: NumThreads:0 MaxParallelFrames:0 WppBitEqual:0 WF:0

512 256 800 544 144 144
POC    0 TId: 0 (  IDR_N_LP, I-SLICE, QP 29 )      88576 bits [Y 36.8846 dB    U 39.2203 dB    V 39.8543 dB] [ET   330 ] [L0 ] [L1 ]
POC    8 TId: 2 (      STSA, B-SLICE, QP 35 )      27240 bits [Y 33.0285 dB    U 36.2461 dB    V 36.2788 dB] [ET   857 ] [L0 0 ] [L1 0 ]
POC    4 TId: 3 (      STSA, B-SLICE, QP 38 )      11384 bits [Y 32.0980 dB    U 36.8476 dB    V 37.2337 dB] [ET  1334 ] [L0 0 8 ] [L1 8 0 ]
POC    2 TId: 4 (      STSA, B-SLICE, QP 40 )       5896 bits [Y 31.8706 dB    U 37.4071 dB    V 37.9056 dB] [ET  1216 ] [L0 0 4 ] [L1 4 8 ]
POC    1 TId: 5 (      STSA, B-SLICE, QP 41 )       2840 bits [Y 32.2286 dB    U 37.7922 dB    V 38.5679 dB] [ET   616 ] [L0 0 2 ] [L1 2 4 ]
POC    3 TId: 5 (      STSA, B-SLICE, QP 41 )       2736 bits [Y 31.2592 dB    U 36.9082 dB    V 37.4097 dB] [ET   859 ] [L0 2 0 ] [L1 4 8 ]
POC    6 TId: 4 (      STSA, B-SLICE, QP 40 )       5968 bits [Y 31.3010 dB    U 36.5263 dB    V 36.6797 dB] [ET  1202 ] [L0 4 0 ] [L1 8 4 ]
POC    5 TId: 5 (      STSA, B-SLICE, QP 41 )       2496 bits [Y 31.1125 dB    U 36.4794 dB    V 36.9113 dB] [ET   701 ] [L0 4 0 ] [L1 6 8 ]
POC    7 TId: 5 (      STSA, B-SLICE, QP 41 )       2296 bits [Y 31.3256 dB    U 36.2040 dB    V 36.4483 dB] [ET   495 ] [L0 6 4 ] [L1 8 6 ]
POC    9 TId: 5 (      STSA, B-SLICE, QP 41 )       4464 bits [Y 30.8706 dB    U 35.8758 dB    V 35.7875 dB] [ET   957 ] [L0 8 0 ] [L1 8 0 ]

	Total Frames |   Bitrate     Y-PSNR    U-PSNR    V-PSNR    YUV-PSNR   
	       10    a     461.6880   32.1979   36.9507   37.3077   33.0791

 finished @ Thu Jul 14 06:32:27 2022
 Total Time:     8550.900 sec. [user]     8576.930 sec. [elapsed]

Level: 0
Inject Calls: 1727602520
Errors injected by bit:
	Bit 0: 1728071
	Bit 1: 1727210
	Bit 2: 1726663
	Bit 3: 1724791
	Bit 4: 1727974
	Bit 5: 1727231
	Bit 6: 1727755
	Bit 7: 1726054

Total errors injected: 13815749
