
vvencFFapp: Encoder Version 1.0.0 [Linux][GCC 9.4.0][64 bit][SIMD=AVX2]
 started @ Thu Jul 14 04:19:32 2022
CODING TOOL CFG: CTU128 QT44BTT21 IBD:1 CIP:0 SAO:1 ALF:1 (NonLinLuma:0 NonLinChr:0) CCALF:1 WPP:0 WPP-Substreams:1 TMVP:1 DQ:1 (Thr: 4) SDH:0 CST:1 BDOF:1 DMVR:1 MTSImplicit:1 SBT:0 JCbCr:1 CabacInitPresent:1 AMVR:5 SMVD:3 LMCS:1 (Signal:SDR Opt:0) CIIP:0 MIP:1 AFFINE:2 (PROF:1, Type:1) MMVD:3 DisFracMMVD:1 SbTMVP:1 GPM:3 LFNST:1 MTS:0 ISP:3 TS:2 TSLog2MaxSize:3 useChromaTS:0 BDPCM:2 IBC:2 
ENC. ALG. CFG: QPA:0 HAD:1 RDQ:1 RDQTS:1 ASR:1 MinSearchWindow:96 RestrictMESampling:0 EDO:2 MCTF:2 [L:0, T:0] 
FAST TOOL CFG: ECU:0 FEN:1 FDM:1 ESD:0 FastSearch:4 LCTUFast:1 FastMrg:2 PBIntraFast:1 AMaxBT:1 FastQtBtEnc:1 ContentBasedFastQtbt:1 FastMIP:4 FastIntraTools:1 FastLocalDualTree:1 FastSubPel:1 QtbttExtraFast:2 IBCFastMethod:3 
RATE CONTROL CFG: RateControl:0 
PARALLEL PROCESSING CFG: NumThreads:0 MaxParallelFrames:0 WppBitEqual:0 WF:0

512 256 800 544 144 144
POC    0 TId: 0 (  IDR_N_LP, I-SLICE, QP 29 )      88576 bits [Y 36.8846 dB    U 39.2203 dB    V 39.8543 dB] [ET   466 ] [L0 ] [L1 ]
POC    8 TId: 2 (      STSA, B-SLICE, QP 35 )      27128 bits [Y 32.9995 dB    U 36.2582 dB    V 36.4058 dB] [ET  1020 ] [L0 0 ] [L1 0 ]
POC    4 TId: 3 (      STSA, B-SLICE, QP 38 )      11520 bits [Y 32.1077 dB    U 36.9047 dB    V 37.0664 dB] [ET  1443 ] [L0 0 8 ] [L1 8 0 ]
POC    2 TId: 4 (      STSA, B-SLICE, QP 40 )       5896 bits [Y 31.8320 dB    U 37.4784 dB    V 37.8957 dB] [ET  1374 ] [L0 0 4 ] [L1 4 8 ]
POC    1 TId: 5 (      STSA, B-SLICE, QP 41 )       2616 bits [Y 32.1565 dB    U 37.7968 dB    V 38.3066 dB] [ET   622 ] [L0 0 2 ] [L1 2 4 ]
POC    3 TId: 5 (      STSA, B-SLICE, QP 41 )       2784 bits [Y 31.3687 dB    U 36.8291 dB    V 37.2666 dB] [ET   871 ] [L0 2 0 ] [L1 4 8 ]
POC    6 TId: 4 (      STSA, B-SLICE, QP 40 )       5600 bits [Y 31.1889 dB    U 36.3376 dB    V 36.6914 dB] [ET  1272 ] [L0 4 0 ] [L1 8 4 ]
POC    5 TId: 5 (      STSA, B-SLICE, QP 41 )       2528 bits [Y 31.1365 dB    U 36.5198 dB    V 36.9308 dB] [ET   677 ] [L0 4 0 ] [L1 6 8 ]
POC    7 TId: 5 (      STSA, B-SLICE, QP 41 )       2224 bits [Y 31.1982 dB    U 36.1338 dB    V 36.4990 dB] [ET   588 ] [L0 6 4 ] [L1 8 6 ]
POC    9 TId: 5 (      STSA, B-SLICE, QP 41 )       4200 bits [Y 30.8125 dB    U 35.8175 dB    V 35.5583 dB] [ET   851 ] [L0 8 0 ] [L1 8 0 ]

	Total Frames |   Bitrate     Y-PSNR    U-PSNR    V-PSNR    YUV-PSNR   
	       10    a     459.2160   32.1685   36.9296   37.2475   33.0458

 finished @ Thu Jul 14 06:52:47 2022
 Total Time:     9172.740 sec. [user]     9195.346 sec. [elapsed]

Level: 0
Inject Calls: 1789614292
Errors injected by bit:
	Bit 0: 1789190
	Bit 1: 1788602
	Bit 2: 1789419
	Bit 3: 1790486
	Bit 4: 1790931
	Bit 5: 1789280
	Bit 6: 1791351
	Bit 7: 1790312

Total errors injected: 14319571
