
vvencFFapp: Encoder Version 1.0.0 [Linux][GCC 9.4.0][64 bit][SIMD=AVX2]
 started @ Wed Jul 27 15:40:13 2022
CODING TOOL CFG: CTU128 QT44BTT21 IBD:1 CIP:0 SAO:1 ALF:1 (NonLinLuma:0 NonLinChr:0) CCALF:1 WPP:0 WPP-Substreams:1 TMVP:1 DQ:1 (Thr: 4) SDH:0 CST:1 BDOF:1 DMVR:1 MTSImplicit:1 SBT:0 JCbCr:1 CabacInitPresent:1 AMVR:5 SMVD:3 LMCS:1 (Signal:SDR Opt:0) CIIP:0 MIP:1 AFFINE:2 (PROF:1, Type:1) MMVD:3 DisFracMMVD:1 SbTMVP:1 GPM:3 LFNST:1 MTS:0 ISP:3 TS:2 TSLog2MaxSize:3 useChromaTS:0 BDPCM:2 IBC:2 
ENC. ALG. CFG: QPA:0 HAD:1 RDQ:1 RDQTS:1 ASR:1 MinSearchWindow:96 RestrictMESampling:0 EDO:2 MCTF:2 [L:0, T:0] 
FAST TOOL CFG: ECU:0 FEN:1 FDM:1 ESD:0 FastSearch:4 LCTUFast:1 FastMrg:2 PBIntraFast:1 AMaxBT:1 FastQtBtEnc:1 ContentBasedFastQtbt:1 FastMIP:4 FastIntraTools:1 FastLocalDualTree:1 FastSubPel:1 QtbttExtraFast:2 IBCFastMethod:3 
RATE CONTROL CFG: RateControl:0 
PARALLEL PROCESSING CFG: NumThreads:0 MaxParallelFrames:0 WppBitEqual:0 WF:0

POC    0 TId: 0 (  IDR_N_LP, I-SLICE, QP 19 )     218904 bits [Y 43.7207 dB    U 44.8902 dB    V 45.4345 dB] [ET  1022 ] [L0 ] [L1 ]
POC    8 TId: 2 (      STSA, B-SLICE, QP 23 )     111584 bits [Y 41.8388 dB    U 42.4772 dB    V 43.0588 dB] [ET   405 ] [L0 0 ] [L1 0 ]
POC    4 TId: 3 (      STSA, B-SLICE, QP 26 )      53648 bits [Y 39.9299 dB    U 41.7006 dB    V 42.3413 dB] [ET   249 ] [L0 0 8 ] [L1 8 0 ]
POC    2 TId: 4 (      STSA, B-SLICE, QP 28 )      30648 bits [Y 38.9447 dB    U 41.9219 dB    V 42.4472 dB] [ET   155 ] [L0 0 4 ] [L1 4 8 ]
POC    1 TId: 5 (      STSA, B-SLICE, QP 29 )      17144 bits [Y 38.7973 dB    U 42.1287 dB    V 42.9360 dB] [ET    93 ] [L0 0 2 ] [L1 2 4 ]
POC    3 TId: 5 (      STSA, B-SLICE, QP 29 )      16592 bits [Y 38.4387 dB    U 41.3142 dB    V 41.8116 dB] [ET    86 ] [L0 2 0 ] [L1 4 8 ]
POC    6 TId: 4 (      STSA, B-SLICE, QP 28 )      29304 bits [Y 38.7807 dB    U 41.1865 dB    V 41.8129 dB] [ET   151 ] [L0 4 0 ] [L1 8 4 ]
POC    5 TId: 5 (      STSA, B-SLICE, QP 29 )      16032 bits [Y 38.3018 dB    U 41.0495 dB    V 41.7654 dB] [ET    86 ] [L0 4 0 ] [L1 6 8 ]
POC    7 TId: 5 (      STSA, B-SLICE, QP 29 )      16160 bits [Y 38.4076 dB    U 41.2634 dB    V 41.7717 dB] [ET    85 ] [L0 6 4 ] [L1 8 6 ]
POC    9 TId: 5 (      STSA, B-SLICE, QP 29 )      25320 bits [Y 38.2522 dB    U 40.7551 dB    V 41.2459 dB] [ET   127 ] [L0 8 0 ] [L1 8 0 ]

	Total Frames |   Bitrate     Y-PSNR    U-PSNR    V-PSNR    YUV-PSNR   
	       10    a    1606.0080   39.5413   41.8687   42.4625   40.0009

 finished @ Wed Jul 27 16:21:23 2022
 Total Time:     2464.741 sec. [user]     2469.907 sec. [elapsed]

Level: 0
Inject Calls: 251236544
Errors injected by bit:
	Bit 0: 2498
	Bit 1: 2601
	Bit 2: 2509
	Bit 3: 2557
	Bit 4: 2509
	Bit 5: 2488
	Bit 6: 2469
	Bit 7: 2601

Total errors injected: 20232
