
vvencFFapp: Encoder Version 1.0.0 [Linux][GCC 9.4.0][64 bit][SIMD=AVX2]
 started @ Wed Jul 27 20:45:19 2022
CODING TOOL CFG: CTU128 QT44BTT21 IBD:1 CIP:0 SAO:1 ALF:1 (NonLinLuma:0 NonLinChr:0) CCALF:1 WPP:0 WPP-Substreams:1 TMVP:1 DQ:1 (Thr: 4) SDH:0 CST:1 BDOF:1 DMVR:1 MTSImplicit:1 SBT:0 JCbCr:1 CabacInitPresent:1 AMVR:5 SMVD:3 LMCS:1 (Signal:SDR Opt:0) CIIP:0 MIP:1 AFFINE:2 (PROF:1, Type:1) MMVD:3 DisFracMMVD:1 SbTMVP:1 GPM:3 LFNST:1 MTS:0 ISP:3 TS:2 TSLog2MaxSize:3 useChromaTS:0 BDPCM:2 IBC:2 
ENC. ALG. CFG: QPA:0 HAD:1 RDQ:1 RDQTS:1 ASR:1 MinSearchWindow:96 RestrictMESampling:0 EDO:2 MCTF:2 [L:0, T:0] 
FAST TOOL CFG: ECU:0 FEN:1 FDM:1 ESD:0 FastSearch:4 LCTUFast:1 FastMrg:2 PBIntraFast:1 AMaxBT:1 FastQtBtEnc:1 ContentBasedFastQtbt:1 FastMIP:4 FastIntraTools:1 FastLocalDualTree:1 FastSubPel:1 QtbttExtraFast:2 IBCFastMethod:3 
RATE CONTROL CFG: RateControl:0 
PARALLEL PROCESSING CFG: NumThreads:0 MaxParallelFrames:0 WppBitEqual:0 WF:0

POC    0 TId: 0 (  IDR_N_LP, I-SLICE, QP 34 )      50048 bits [Y 33.3959 dB    U 36.6737 dB    V 37.0518 dB] [ET   724 ] [L0 ] [L1 ]
POC    8 TId: 2 (      STSA, B-SLICE, QP 40 )      14064 bits [Y 29.8377 dB    U 34.8557 dB    V 35.0190 dB] [ET   119 ] [L0 0 ] [L1 0 ]
POC    4 TId: 3 (      STSA, B-SLICE, QP 43 )       5928 bits [Y 29.1763 dB    U 35.1486 dB    V 35.4444 dB] [ET    39 ] [L0 0 8 ] [L1 8 0 ]
POC    2 TId: 4 (      STSA, B-SLICE, QP 45 )       2824 bits [Y 29.1092 dB    U 35.3701 dB    V 35.6627 dB] [ET    22 ] [L0 0 4 ] [L1 4 8 ]
POC    1 TId: 5 (      STSA, B-SLICE, QP 46 )       1224 bits [Y 29.4558 dB    U 35.7130 dB    V 36.1001 dB] [ET    13 ] [L0 0 2 ] [L1 2 4 ]
POC    3 TId: 5 (      STSA, B-SLICE, QP 46 )       1280 bits [Y 28.6657 dB    U 35.1092 dB    V 35.4515 dB] [ET    15 ] [L0 2 0 ] [L1 4 8 ]
POC    6 TId: 4 (      STSA, B-SLICE, QP 45 )       2496 bits [Y 28.4209 dB    U 34.8278 dB    V 35.0405 dB] [ET    29 ] [L0 4 0 ] [L1 8 4 ]
POC    5 TId: 5 (      STSA, B-SLICE, QP 46 )       1072 bits [Y 28.3726 dB    U 34.9751 dB    V 35.2268 dB] [ET    13 ] [L0 4 0 ] [L1 6 8 ]
POC    7 TId: 5 (      STSA, B-SLICE, QP 46 )       1008 bits [Y 28.5735 dB    U 34.6567 dB    V 34.9537 dB] [ET    12 ] [L0 6 4 ] [L1 8 6 ]
POC    9 TId: 5 (      STSA, B-SLICE, QP 46 )       1992 bits [Y 28.2061 dB    U 34.3778 dB    V 34.1066 dB] [ET    21 ] [L0 8 0 ] [L1 8 0 ]

	Total Frames |   Bitrate     Y-PSNR    U-PSNR    V-PSNR    YUV-PSNR   
	       10    a     245.8080   29.3214   35.1708   35.4057   30.3886

 finished @ Wed Jul 27 21:02:16 2022
 Total Time:     1015.615 sec. [user]     1017.057 sec. [elapsed]

Level: 0
Inject Calls: 125401917
Errors injected by bit:
	Bit 0: 1256
	Bit 1: 1224
	Bit 2: 1248
	Bit 3: 1316
	Bit 4: 1240
	Bit 5: 1266
	Bit 6: 1284
	Bit 7: 1254

Total errors injected: 10088
