
vvencFFapp: Encoder Version 1.0.0 [Linux][GCC 9.4.0][64 bit][SIMD=AVX2]
 started @ Wed Jul 27 17:05:14 2022
CODING TOOL CFG: CTU128 QT44BTT21 IBD:1 CIP:0 SAO:1 ALF:1 (NonLinLuma:0 NonLinChr:0) CCALF:1 WPP:0 WPP-Substreams:1 TMVP:1 DQ:1 (Thr: 4) SDH:0 CST:1 BDOF:1 DMVR:1 MTSImplicit:1 SBT:0 JCbCr:1 CabacInitPresent:1 AMVR:5 SMVD:3 LMCS:1 (Signal:SDR Opt:0) CIIP:0 MIP:1 AFFINE:2 (PROF:1, Type:1) MMVD:3 DisFracMMVD:1 SbTMVP:1 GPM:3 LFNST:1 MTS:0 ISP:3 TS:2 TSLog2MaxSize:3 useChromaTS:0 BDPCM:2 IBC:2 
ENC. ALG. CFG: QPA:0 HAD:1 RDQ:1 RDQTS:1 ASR:1 MinSearchWindow:96 RestrictMESampling:0 EDO:2 MCTF:2 [L:0, T:0] 
FAST TOOL CFG: ECU:0 FEN:1 FDM:1 ESD:0 FastSearch:4 LCTUFast:1 FastMrg:2 PBIntraFast:1 AMaxBT:1 FastQtBtEnc:1 ContentBasedFastQtbt:1 FastMIP:4 FastIntraTools:1 FastLocalDualTree:1 FastSubPel:1 QtbttExtraFast:2 IBCFastMethod:3 
RATE CONTROL CFG: RateControl:0 
PARALLEL PROCESSING CFG: NumThreads:0 MaxParallelFrames:0 WppBitEqual:0 WF:0

POC    0 TId: 0 (  IDR_N_LP, I-SLICE, QP 24 )     143072 bits [Y 40.1923 dB    U 41.8072 dB    V 42.5625 dB] [ET   848 ] [L0 ] [L1 ]
POC    8 TId: 2 (      STSA, B-SLICE, QP 29 )      58896 bits [Y 37.2659 dB    U 39.2108 dB    V 39.5745 dB] [ET   326 ] [L0 0 ] [L1 0 ]
POC    4 TId: 3 (      STSA, B-SLICE, QP 32 )      25080 bits [Y 35.8667 dB    U 38.8768 dB    V 39.2910 dB] [ET   178 ] [L0 0 8 ] [L1 8 0 ]
POC    2 TId: 4 (      STSA, B-SLICE, QP 34 )      13688 bits [Y 35.2673 dB    U 39.4426 dB    V 39.8013 dB] [ET    96 ] [L0 0 4 ] [L1 4 8 ]
POC    1 TId: 5 (      STSA, B-SLICE, QP 36 )       5960 bits [Y 35.0822 dB    U 39.8767 dB    V 40.5812 dB] [ET    44 ] [L0 0 2 ] [L1 2 4 ]
POC    3 TId: 5 (      STSA, B-SLICE, QP 36 )       5792 bits [Y 34.4280 dB    U 38.8844 dB    V 39.1693 dB] [ET    42 ] [L0 2 0 ] [L1 4 8 ]
POC    6 TId: 4 (      STSA, B-SLICE, QP 34 )      13360 bits [Y 34.9360 dB    U 38.5122 dB    V 38.8510 dB] [ET    94 ] [L0 4 0 ] [L1 8 4 ]
POC    5 TId: 5 (      STSA, B-SLICE, QP 36 )       5392 bits [Y 34.2996 dB    U 38.4721 dB    V 38.9093 dB] [ET    40 ] [L0 4 0 ] [L1 6 8 ]
POC    7 TId: 5 (      STSA, B-SLICE, QP 36 )       5480 bits [Y 34.4343 dB    U 38.5358 dB    V 38.9101 dB] [ET    38 ] [L0 6 4 ] [L1 8 6 ]
POC    9 TId: 5 (      STSA, B-SLICE, QP 36 )       9144 bits [Y 34.0808 dB    U 38.0557 dB    V 38.0274 dB] [ET    62 ] [L0 8 0 ] [L1 8 0 ]

	Total Frames |   Bitrate     Y-PSNR    U-PSNR    V-PSNR    YUV-PSNR   
	       10    a     857.5920   35.5853   39.1674   39.5678   36.2588

 finished @ Wed Jul 27 17:34:52 2022
 Total Time:     1772.832 sec. [user]     1777.574 sec. [elapsed]

Level: 0
Inject Calls: 192685735
Errors injected by bit:
	Bit 0: 193093
	Bit 1: 192819
	Bit 2: 192753
	Bit 3: 193032
	Bit 4: 192546
	Bit 5: 193354
	Bit 6: 192582
	Bit 7: 192557

Total errors injected: 1542736
