
vvencFFapp: Encoder Version 1.0.0 [Linux][GCC 9.4.0][64 bit][SIMD=AVX2]
 started @ Wed Jul 27 14:55:12 2022
CODING TOOL CFG: CTU128 QT44BTT21 IBD:1 CIP:0 SAO:1 ALF:1 (NonLinLuma:0 NonLinChr:0) CCALF:1 WPP:0 WPP-Substreams:1 TMVP:1 DQ:1 (Thr: 4) SDH:0 CST:1 BDOF:1 DMVR:1 MTSImplicit:1 SBT:0 JCbCr:1 CabacInitPresent:1 AMVR:5 SMVD:3 LMCS:1 (Signal:SDR Opt:0) CIIP:0 MIP:1 AFFINE:2 (PROF:1, Type:1) MMVD:3 DisFracMMVD:1 SbTMVP:1 GPM:3 LFNST:1 MTS:0 ISP:3 TS:2 TSLog2MaxSize:3 useChromaTS:0 BDPCM:2 IBC:2 
ENC. ALG. CFG: QPA:0 HAD:1 RDQ:1 RDQTS:1 ASR:1 MinSearchWindow:96 RestrictMESampling:0 EDO:2 MCTF:2 [L:0, T:0] 
FAST TOOL CFG: ECU:0 FEN:1 FDM:1 ESD:0 FastSearch:4 LCTUFast:1 FastMrg:2 PBIntraFast:1 AMaxBT:1 FastQtBtEnc:1 ContentBasedFastQtbt:1 FastMIP:4 FastIntraTools:1 FastLocalDualTree:1 FastSubPel:1 QtbttExtraFast:2 IBCFastMethod:3 
RATE CONTROL CFG: RateControl:0 
PARALLEL PROCESSING CFG: NumThreads:0 MaxParallelFrames:0 WppBitEqual:0 WF:0

POC    0 TId: 0 (  IDR_N_LP, I-SLICE, QP 19 )     218232 bits [Y 43.6737 dB    U 44.8529 dB    V 45.3767 dB] [ET  1020 ] [L0 ] [L1 ]
POC    8 TId: 2 (      STSA, B-SLICE, QP 23 )     111720 bits [Y 41.8453 dB    U 42.6042 dB    V 42.9784 dB] [ET   405 ] [L0 0 ] [L1 0 ]
POC    4 TId: 3 (      STSA, B-SLICE, QP 26 )      52920 bits [Y 39.8931 dB    U 41.6529 dB    V 42.2076 dB] [ET   252 ] [L0 0 8 ] [L1 8 0 ]
POC    2 TId: 4 (      STSA, B-SLICE, QP 28 )      30392 bits [Y 38.9515 dB    U 41.9125 dB    V 42.2993 dB] [ET   159 ] [L0 0 4 ] [L1 4 8 ]
POC    1 TId: 5 (      STSA, B-SLICE, QP 29 )      17648 bits [Y 38.8569 dB    U 42.1490 dB    V 42.7788 dB] [ET    96 ] [L0 0 2 ] [L1 2 4 ]
POC    3 TId: 5 (      STSA, B-SLICE, QP 29 )      16384 bits [Y 38.4264 dB    U 41.3197 dB    V 41.7941 dB] [ET    88 ] [L0 2 0 ] [L1 4 8 ]
POC    6 TId: 4 (      STSA, B-SLICE, QP 28 )      29432 bits [Y 38.8479 dB    U 41.1296 dB    V 41.6985 dB] [ET   150 ] [L0 4 0 ] [L1 8 4 ]
POC    5 TId: 5 (      STSA, B-SLICE, QP 29 )      15952 bits [Y 38.3807 dB    U 40.9419 dB    V 41.7294 dB] [ET    84 ] [L0 4 0 ] [L1 6 8 ]
POC    7 TId: 5 (      STSA, B-SLICE, QP 29 )      15808 bits [Y 38.4470 dB    U 41.2523 dB    V 41.7009 dB] [ET    83 ] [L0 6 4 ] [L1 8 6 ]
POC    9 TId: 5 (      STSA, B-SLICE, QP 29 )      25304 bits [Y 38.3242 dB    U 40.8322 dB    V 41.2974 dB] [ET   125 ] [L0 8 0 ] [L1 8 0 ]

	Total Frames |   Bitrate     Y-PSNR    U-PSNR    V-PSNR    YUV-PSNR   
	       10    a    1601.3760   39.5647   41.8647   42.3861   40.0187

 finished @ Wed Jul 27 15:36:25 2022
 Total Time:     2464.837 sec. [user]     2472.686 sec. [elapsed]

Level: 0
Inject Calls: 250564622
Errors injected by bit:
	Bit 0: 24778
	Bit 1: 24952
	Bit 2: 24624
	Bit 3: 25102
	Bit 4: 25230
	Bit 5: 25033
	Bit 6: 24950
	Bit 7: 24966

Total errors injected: 199635
