
vvencFFapp: Encoder Version 1.0.0 [Linux][GCC 9.4.0][64 bit][SIMD=AVX2]
 started @ Wed Jul 27 17:35:15 2022
CODING TOOL CFG: CTU128 QT44BTT21 IBD:1 CIP:0 SAO:1 ALF:1 (NonLinLuma:0 NonLinChr:0) CCALF:1 WPP:0 WPP-Substreams:1 TMVP:1 DQ:1 (Thr: 4) SDH:0 CST:1 BDOF:1 DMVR:1 MTSImplicit:1 SBT:0 JCbCr:1 CabacInitPresent:1 AMVR:5 SMVD:3 LMCS:1 (Signal:SDR Opt:0) CIIP:0 MIP:1 AFFINE:2 (PROF:1, Type:1) MMVD:3 DisFracMMVD:1 SbTMVP:1 GPM:3 LFNST:1 MTS:0 ISP:3 TS:2 TSLog2MaxSize:3 useChromaTS:0 BDPCM:2 IBC:2 
ENC. ALG. CFG: QPA:0 HAD:1 RDQ:1 RDQTS:1 ASR:1 MinSearchWindow:96 RestrictMESampling:0 EDO:2 MCTF:2 [L:0, T:0] 
FAST TOOL CFG: ECU:0 FEN:1 FDM:1 ESD:0 FastSearch:4 LCTUFast:1 FastMrg:2 PBIntraFast:1 AMaxBT:1 FastQtBtEnc:1 ContentBasedFastQtbt:1 FastMIP:4 FastIntraTools:1 FastLocalDualTree:1 FastSubPel:1 QtbttExtraFast:2 IBCFastMethod:3 
RATE CONTROL CFG: RateControl:0 
PARALLEL PROCESSING CFG: NumThreads:0 MaxParallelFrames:0 WppBitEqual:0 WF:0

POC    0 TId: 0 (  IDR_N_LP, I-SLICE, QP 24 )     142424 bits [Y 40.3129 dB    U 41.7274 dB    V 42.5230 dB] [ET   792 ] [L0 ] [L1 ]
POC    8 TId: 2 (      STSA, B-SLICE, QP 29 )      58608 bits [Y 37.2515 dB    U 39.1982 dB    V 39.4694 dB] [ET   325 ] [L0 0 ] [L1 0 ]
POC    4 TId: 3 (      STSA, B-SLICE, QP 32 )      25200 bits [Y 35.8388 dB    U 38.8088 dB    V 39.3387 dB] [ET   182 ] [L0 0 8 ] [L1 8 0 ]
POC    2 TId: 4 (      STSA, B-SLICE, QP 34 )      13472 bits [Y 35.2396 dB    U 39.2749 dB    V 39.8256 dB] [ET    98 ] [L0 0 4 ] [L1 4 8 ]
POC    1 TId: 5 (      STSA, B-SLICE, QP 36 )       6096 bits [Y 35.1125 dB    U 39.6194 dB    V 40.4524 dB] [ET    48 ] [L0 0 2 ] [L1 2 4 ]
POC    3 TId: 5 (      STSA, B-SLICE, QP 36 )       5672 bits [Y 34.3458 dB    U 38.7231 dB    V 39.2358 dB] [ET    41 ] [L0 2 0 ] [L1 4 8 ]
POC    6 TId: 4 (      STSA, B-SLICE, QP 34 )      13424 bits [Y 34.8787 dB    U 38.3666 dB    V 38.8915 dB] [ET   100 ] [L0 4 0 ] [L1 8 4 ]
POC    5 TId: 5 (      STSA, B-SLICE, QP 36 )       5560 bits [Y 34.3547 dB    U 38.4203 dB    V 39.0041 dB] [ET    41 ] [L0 4 0 ] [L1 6 8 ]
POC    7 TId: 5 (      STSA, B-SLICE, QP 36 )       5552 bits [Y 34.4612 dB    U 38.5377 dB    V 38.9958 dB] [ET    38 ] [L0 6 4 ] [L1 8 6 ]
POC    9 TId: 5 (      STSA, B-SLICE, QP 36 )       9008 bits [Y 33.9343 dB    U 38.0754 dB    V 38.1315 dB] [ET    61 ] [L0 8 0 ] [L1 8 0 ]

	Total Frames |   Bitrate     Y-PSNR    U-PSNR    V-PSNR    YUV-PSNR   
	       10    a     855.0480   35.5730   39.0752   39.5868   36.2328

 finished @ Wed Jul 27 18:04:11 2022
 Total Time:     1732.661 sec. [user]     1736.344 sec. [elapsed]

Level: 0
Inject Calls: 191038499
Errors injected by bit:
	Bit 0: 19141
	Bit 1: 19099
	Bit 2: 19125
	Bit 3: 19012
	Bit 4: 19117
	Bit 5: 18921
	Bit 6: 19259
	Bit 7: 19111

Total errors injected: 152785
