
vvencFFapp: Encoder Version 1.0.0 [Linux][GCC 9.4.0][64 bit][SIMD=AVX2]
 started @ Wed Jul 27 15:40:13 2022
CODING TOOL CFG: CTU128 QT44BTT21 IBD:1 CIP:0 SAO:1 ALF:1 (NonLinLuma:0 NonLinChr:0) CCALF:1 WPP:0 WPP-Substreams:1 TMVP:1 DQ:1 (Thr: 4) SDH:0 CST:1 BDOF:1 DMVR:1 MTSImplicit:1 SBT:0 JCbCr:1 CabacInitPresent:1 AMVR:5 SMVD:3 LMCS:1 (Signal:SDR Opt:0) CIIP:0 MIP:1 AFFINE:2 (PROF:1, Type:1) MMVD:3 DisFracMMVD:1 SbTMVP:1 GPM:3 LFNST:1 MTS:0 ISP:3 TS:2 TSLog2MaxSize:3 useChromaTS:0 BDPCM:2 IBC:2 
ENC. ALG. CFG: QPA:0 HAD:1 RDQ:1 RDQTS:1 ASR:1 MinSearchWindow:96 RestrictMESampling:0 EDO:2 MCTF:2 [L:0, T:0] 
FAST TOOL CFG: ECU:0 FEN:1 FDM:1 ESD:0 FastSearch:4 LCTUFast:1 FastMrg:2 PBIntraFast:1 AMaxBT:1 FastQtBtEnc:1 ContentBasedFastQtbt:1 FastMIP:4 FastIntraTools:1 FastLocalDualTree:1 FastSubPel:1 QtbttExtraFast:2 IBCFastMethod:3 
RATE CONTROL CFG: RateControl:0 
PARALLEL PROCESSING CFG: NumThreads:0 MaxParallelFrames:0 WppBitEqual:0 WF:0

POC    0 TId: 0 (  IDR_N_LP, I-SLICE, QP 19 )     218496 bits [Y 43.7074 dB    U 44.9305 dB    V 45.4370 dB] [ET  1036 ] [L0 ] [L1 ]
POC    8 TId: 2 (      STSA, B-SLICE, QP 23 )     111624 bits [Y 41.8252 dB    U 42.6076 dB    V 43.0675 dB] [ET   404 ] [L0 0 ] [L1 0 ]
POC    4 TId: 3 (      STSA, B-SLICE, QP 26 )      53856 bits [Y 39.9275 dB    U 41.8793 dB    V 42.2896 dB] [ET   254 ] [L0 0 8 ] [L1 8 0 ]
POC    2 TId: 4 (      STSA, B-SLICE, QP 28 )      30032 bits [Y 38.9263 dB    U 41.7981 dB    V 42.0839 dB] [ET   161 ] [L0 0 4 ] [L1 4 8 ]
POC    1 TId: 5 (      STSA, B-SLICE, QP 29 )      17760 bits [Y 38.9134 dB    U 42.2864 dB    V 42.9373 dB] [ET    94 ] [L0 0 2 ] [L1 2 4 ]
POC    3 TId: 5 (      STSA, B-SLICE, QP 29 )      16592 bits [Y 38.4379 dB    U 41.4194 dB    V 41.8061 dB] [ET    86 ] [L0 2 0 ] [L1 4 8 ]
POC    6 TId: 4 (      STSA, B-SLICE, QP 28 )      29288 bits [Y 38.8368 dB    U 41.2064 dB    V 41.6572 dB] [ET   152 ] [L0 4 0 ] [L1 8 4 ]
POC    5 TId: 5 (      STSA, B-SLICE, QP 29 )      15968 bits [Y 38.3064 dB    U 41.1351 dB    V 41.7061 dB] [ET    83 ] [L0 4 0 ] [L1 6 8 ]
POC    7 TId: 5 (      STSA, B-SLICE, QP 29 )      16232 bits [Y 38.4905 dB    U 41.2160 dB    V 41.6931 dB] [ET    85 ] [L0 6 4 ] [L1 8 6 ]
POC    9 TId: 5 (      STSA, B-SLICE, QP 29 )      25032 bits [Y 38.2659 dB    U 40.7677 dB    V 41.2054 dB] [ET   121 ] [L0 8 0 ] [L1 8 0 ]

	Total Frames |   Bitrate     Y-PSNR    U-PSNR    V-PSNR    YUV-PSNR   
	       10    a    1604.6400   39.5637   41.9246   42.3883   40.0208

 finished @ Wed Jul 27 16:21:37 2022
 Total Time:     2477.202 sec. [user]     2484.166 sec. [elapsed]

Level: 0
Inject Calls: 252460008
Errors injected by bit:
	Bit 0: 2575
	Bit 1: 2438
	Bit 2: 2498
	Bit 3: 2471
	Bit 4: 2492
	Bit 5: 2519
	Bit 6: 2588
	Bit 7: 2569

Total errors injected: 20150
