
vvencFFapp: Encoder Version 1.0.0 [Linux][GCC 9.4.0][64 bit][SIMD=AVX2]
 started @ Wed Jul 27 17:35:15 2022
CODING TOOL CFG: CTU128 QT44BTT21 IBD:1 CIP:0 SAO:1 ALF:1 (NonLinLuma:0 NonLinChr:0) CCALF:1 WPP:0 WPP-Substreams:1 TMVP:1 DQ:1 (Thr: 4) SDH:0 CST:1 BDOF:1 DMVR:1 MTSImplicit:1 SBT:0 JCbCr:1 CabacInitPresent:1 AMVR:5 SMVD:3 LMCS:1 (Signal:SDR Opt:0) CIIP:0 MIP:1 AFFINE:2 (PROF:1, Type:1) MMVD:3 DisFracMMVD:1 SbTMVP:1 GPM:3 LFNST:1 MTS:0 ISP:3 TS:2 TSLog2MaxSize:3 useChromaTS:0 BDPCM:2 IBC:2 
ENC. ALG. CFG: QPA:0 HAD:1 RDQ:1 RDQTS:1 ASR:1 MinSearchWindow:96 RestrictMESampling:0 EDO:2 MCTF:2 [L:0, T:0] 
FAST TOOL CFG: ECU:0 FEN:1 FDM:1 ESD:0 FastSearch:4 LCTUFast:1 FastMrg:2 PBIntraFast:1 AMaxBT:1 FastQtBtEnc:1 ContentBasedFastQtbt:1 FastMIP:4 FastIntraTools:1 FastLocalDualTree:1 FastSubPel:1 QtbttExtraFast:2 IBCFastMethod:3 
RATE CONTROL CFG: RateControl:0 
PARALLEL PROCESSING CFG: NumThreads:0 MaxParallelFrames:0 WppBitEqual:0 WF:0

POC    0 TId: 0 (  IDR_N_LP, I-SLICE, QP 24 )     142776 bits [Y 40.2765 dB    U 41.8225 dB    V 42.6034 dB] [ET   791 ] [L0 ] [L1 ]
POC    8 TId: 2 (      STSA, B-SLICE, QP 29 )      58120 bits [Y 37.2732 dB    U 39.2079 dB    V 39.6481 dB] [ET   325 ] [L0 0 ] [L1 0 ]
POC    4 TId: 3 (      STSA, B-SLICE, QP 32 )      25184 bits [Y 35.9003 dB    U 38.9536 dB    V 39.3645 dB] [ET   181 ] [L0 0 8 ] [L1 8 0 ]
POC    2 TId: 4 (      STSA, B-SLICE, QP 34 )      13920 bits [Y 35.2807 dB    U 39.1314 dB    V 39.8933 dB] [ET    98 ] [L0 0 4 ] [L1 4 8 ]
POC    1 TId: 5 (      STSA, B-SLICE, QP 36 )       6264 bits [Y 35.1277 dB    U 39.6529 dB    V 40.5722 dB] [ET    46 ] [L0 0 2 ] [L1 2 4 ]
POC    3 TId: 5 (      STSA, B-SLICE, QP 36 )       5720 bits [Y 34.4217 dB    U 38.8753 dB    V 39.3669 dB] [ET    41 ] [L0 2 0 ] [L1 4 8 ]
POC    6 TId: 4 (      STSA, B-SLICE, QP 34 )      13136 bits [Y 34.9011 dB    U 38.5619 dB    V 38.9818 dB] [ET    93 ] [L0 4 0 ] [L1 8 4 ]
POC    5 TId: 5 (      STSA, B-SLICE, QP 36 )       5368 bits [Y 34.3414 dB    U 38.4801 dB    V 38.9988 dB] [ET    42 ] [L0 4 0 ] [L1 6 8 ]
POC    7 TId: 5 (      STSA, B-SLICE, QP 36 )       5304 bits [Y 34.3524 dB    U 38.5738 dB    V 39.0523 dB] [ET    37 ] [L0 6 4 ] [L1 8 6 ]
POC    9 TId: 5 (      STSA, B-SLICE, QP 36 )       9168 bits [Y 34.0194 dB    U 38.0611 dB    V 38.2037 dB] [ET    64 ] [L0 8 0 ] [L1 8 0 ]

	Total Frames |   Bitrate     Y-PSNR    U-PSNR    V-PSNR    YUV-PSNR   
	       10    a     854.8800   35.5895   39.1321   39.6685   36.2605

 finished @ Wed Jul 27 18:04:04 2022
 Total Time:     1725.812 sec. [user]     1728.737 sec. [elapsed]

Level: 0
Inject Calls: 192108256
Errors injected by bit:
	Bit 0: 19229
	Bit 1: 19232
	Bit 2: 19139
	Bit 3: 19101
	Bit 4: 19532
	Bit 5: 19108
	Bit 6: 19266
	Bit 7: 19401

Total errors injected: 154008
