
vvencFFapp: Encoder Version 1.0.0 [Linux][GCC 9.4.0][64 bit][SIMD=AVX2]
 started @ Wed Jul 27 19:00:17 2022
CODING TOOL CFG: CTU128 QT44BTT21 IBD:1 CIP:0 SAO:1 ALF:1 (NonLinLuma:0 NonLinChr:0) CCALF:1 WPP:0 WPP-Substreams:1 TMVP:1 DQ:1 (Thr: 4) SDH:0 CST:1 BDOF:1 DMVR:1 MTSImplicit:1 SBT:0 JCbCr:1 CabacInitPresent:1 AMVR:5 SMVD:3 LMCS:1 (Signal:SDR Opt:0) CIIP:0 MIP:1 AFFINE:2 (PROF:1, Type:1) MMVD:3 DisFracMMVD:1 SbTMVP:1 GPM:3 LFNST:1 MTS:0 ISP:3 TS:2 TSLog2MaxSize:3 useChromaTS:0 BDPCM:2 IBC:2 
ENC. ALG. CFG: QPA:0 HAD:1 RDQ:1 RDQTS:1 ASR:1 MinSearchWindow:96 RestrictMESampling:0 EDO:2 MCTF:2 [L:0, T:0] 
FAST TOOL CFG: ECU:0 FEN:1 FDM:1 ESD:0 FastSearch:4 LCTUFast:1 FastMrg:2 PBIntraFast:1 AMaxBT:1 FastQtBtEnc:1 ContentBasedFastQtbt:1 FastMIP:4 FastIntraTools:1 FastLocalDualTree:1 FastSubPel:1 QtbttExtraFast:2 IBCFastMethod:3 
RATE CONTROL CFG: RateControl:0 
PARALLEL PROCESSING CFG: NumThreads:0 MaxParallelFrames:0 WppBitEqual:0 WF:0

POC    0 TId: 0 (  IDR_N_LP, I-SLICE, QP 29 )      88080 bits [Y 36.8519 dB    U 39.1189 dB    V 39.8658 dB] [ET   805 ] [L0 ] [L1 ]
POC    8 TId: 2 (      STSA, B-SLICE, QP 35 )      27000 bits [Y 32.9919 dB    U 36.2140 dB    V 36.1889 dB] [ET   242 ] [L0 0 ] [L1 0 ]
POC    4 TId: 3 (      STSA, B-SLICE, QP 38 )      11536 bits [Y 32.0920 dB    U 36.9693 dB    V 37.2765 dB] [ET    71 ] [L0 0 8 ] [L1 8 0 ]
POC    2 TId: 4 (      STSA, B-SLICE, QP 40 )       6184 bits [Y 31.8577 dB    U 37.4043 dB    V 37.9228 dB] [ET    32 ] [L0 0 4 ] [L1 4 8 ]
POC    1 TId: 5 (      STSA, B-SLICE, QP 41 )       2840 bits [Y 32.1952 dB    U 37.8264 dB    V 38.4712 dB] [ET    15 ] [L0 0 2 ] [L1 2 4 ]
POC    3 TId: 5 (      STSA, B-SLICE, QP 41 )       2872 bits [Y 31.4057 dB    U 36.8012 dB    V 37.3231 dB] [ET    15 ] [L0 2 0 ] [L1 4 8 ]
POC    6 TId: 4 (      STSA, B-SLICE, QP 40 )       5616 bits [Y 31.2283 dB    U 36.4864 dB    V 36.5509 dB] [ET    43 ] [L0 4 0 ] [L1 8 4 ]
POC    5 TId: 5 (      STSA, B-SLICE, QP 41 )       2376 bits [Y 31.0464 dB    U 36.5036 dB    V 36.8455 dB] [ET    24 ] [L0 4 0 ] [L1 6 8 ]
POC    7 TId: 5 (      STSA, B-SLICE, QP 41 )       2392 bits [Y 31.2981 dB    U 36.1463 dB    V 36.3142 dB] [ET    24 ] [L0 6 4 ] [L1 8 6 ]
POC    9 TId: 5 (      STSA, B-SLICE, QP 41 )       4432 bits [Y 30.7916 dB    U 35.8436 dB    V 35.6825 dB] [ET    37 ] [L0 8 0 ] [L1 8 0 ]

	Total Frames |   Bitrate     Y-PSNR    U-PSNR    V-PSNR    YUV-PSNR   
	       10    a     459.9840   32.1759   36.9314   37.2441   33.0541

 finished @ Wed Jul 27 19:22:16 2022
 Total Time:     1315.599 sec. [user]     1319.135 sec. [elapsed]

Level: 0
Inject Calls: 148769230
Errors injected by bit:
	Bit 0: 149078
	Bit 1: 149115
	Bit 2: 148833
	Bit 3: 147984
	Bit 4: 148601
	Bit 5: 148351
	Bit 6: 148522
	Bit 7: 148889

Total errors injected: 1189373
