
vvencFFapp: Encoder Version 1.0.0 [Linux][GCC 9.4.0][64 bit][SIMD=AVX2]
 started @ Wed Jul 27 14:55:12 2022
CODING TOOL CFG: CTU128 QT44BTT21 IBD:1 CIP:0 SAO:1 ALF:1 (NonLinLuma:0 NonLinChr:0) CCALF:1 WPP:0 WPP-Substreams:1 TMVP:1 DQ:1 (Thr: 4) SDH:0 CST:1 BDOF:1 DMVR:1 MTSImplicit:1 SBT:0 JCbCr:1 CabacInitPresent:1 AMVR:5 SMVD:3 LMCS:1 (Signal:SDR Opt:0) CIIP:0 MIP:1 AFFINE:2 (PROF:1, Type:1) MMVD:3 DisFracMMVD:1 SbTMVP:1 GPM:3 LFNST:1 MTS:0 ISP:3 TS:2 TSLog2MaxSize:3 useChromaTS:0 BDPCM:2 IBC:2 
ENC. ALG. CFG: QPA:0 HAD:1 RDQ:1 RDQTS:1 ASR:1 MinSearchWindow:96 RestrictMESampling:0 EDO:2 MCTF:2 [L:0, T:0] 
FAST TOOL CFG: ECU:0 FEN:1 FDM:1 ESD:0 FastSearch:4 LCTUFast:1 FastMrg:2 PBIntraFast:1 AMaxBT:1 FastQtBtEnc:1 ContentBasedFastQtbt:1 FastMIP:4 FastIntraTools:1 FastLocalDualTree:1 FastSubPel:1 QtbttExtraFast:2 IBCFastMethod:3 
RATE CONTROL CFG: RateControl:0 
PARALLEL PROCESSING CFG: NumThreads:0 MaxParallelFrames:0 WppBitEqual:0 WF:0

POC    0 TId: 0 (  IDR_N_LP, I-SLICE, QP 19 )     218296 bits [Y 43.6793 dB    U 44.9299 dB    V 45.4194 dB] [ET  1015 ] [L0 ] [L1 ]
POC    8 TId: 2 (      STSA, B-SLICE, QP 23 )     111448 bits [Y 41.8152 dB    U 42.4647 dB    V 43.0123 dB] [ET   405 ] [L0 0 ] [L1 0 ]
POC    4 TId: 3 (      STSA, B-SLICE, QP 26 )      54280 bits [Y 39.9374 dB    U 41.7506 dB    V 42.1522 dB] [ET   254 ] [L0 0 8 ] [L1 8 0 ]
POC    2 TId: 4 (      STSA, B-SLICE, QP 28 )      30464 bits [Y 38.9285 dB    U 41.8846 dB    V 42.2780 dB] [ET   155 ] [L0 0 4 ] [L1 4 8 ]
POC    1 TId: 5 (      STSA, B-SLICE, QP 29 )      17400 bits [Y 38.8683 dB    U 42.1309 dB    V 42.8184 dB] [ET    95 ] [L0 0 2 ] [L1 2 4 ]
POC    3 TId: 5 (      STSA, B-SLICE, QP 29 )      16872 bits [Y 38.4602 dB    U 41.1323 dB    V 41.7255 dB] [ET    86 ] [L0 2 0 ] [L1 4 8 ]
POC    6 TId: 4 (      STSA, B-SLICE, QP 28 )      29696 bits [Y 38.7892 dB    U 41.1525 dB    V 41.7266 dB] [ET   150 ] [L0 4 0 ] [L1 8 4 ]
POC    5 TId: 5 (      STSA, B-SLICE, QP 29 )      16032 bits [Y 38.3863 dB    U 41.0758 dB    V 41.6122 dB] [ET    84 ] [L0 4 0 ] [L1 6 8 ]
POC    7 TId: 5 (      STSA, B-SLICE, QP 29 )      15608 bits [Y 38.3287 dB    U 41.1293 dB    V 41.6861 dB] [ET    83 ] [L0 6 4 ] [L1 8 6 ]
POC    9 TId: 5 (      STSA, B-SLICE, QP 29 )      25280 bits [Y 38.2487 dB    U 40.7083 dB    V 41.1569 dB] [ET   127 ] [L0 8 0 ] [L1 8 0 ]

	Total Frames |   Bitrate     Y-PSNR    U-PSNR    V-PSNR    YUV-PSNR   
	       10    a    1606.1280   39.5442   41.8359   42.3588   39.9918

 finished @ Wed Jul 27 15:36:18 2022
 Total Time:     2459.309 sec. [user]     2466.262 sec. [elapsed]

Level: 0
Inject Calls: 249167406
Errors injected by bit:
	Bit 0: 24992
	Bit 1: 25327
	Bit 2: 24963
	Bit 3: 24949
	Bit 4: 24726
	Bit 5: 24745
	Bit 6: 25002
	Bit 7: 24953

Total errors injected: 199657
