
vvencFFapp: Encoder Version 1.0.0 [Linux][GCC 9.4.0][64 bit][SIMD=AVX2]
 started @ Wed Jul 27 20:45:19 2022
CODING TOOL CFG: CTU128 QT44BTT21 IBD:1 CIP:0 SAO:1 ALF:1 (NonLinLuma:0 NonLinChr:0) CCALF:1 WPP:0 WPP-Substreams:1 TMVP:1 DQ:1 (Thr: 4) SDH:0 CST:1 BDOF:1 DMVR:1 MTSImplicit:1 SBT:0 JCbCr:1 CabacInitPresent:1 AMVR:5 SMVD:3 LMCS:1 (Signal:SDR Opt:0) CIIP:0 MIP:1 AFFINE:2 (PROF:1, Type:1) MMVD:3 DisFracMMVD:1 SbTMVP:1 GPM:3 LFNST:1 MTS:0 ISP:3 TS:2 TSLog2MaxSize:3 useChromaTS:0 BDPCM:2 IBC:2 
ENC. ALG. CFG: QPA:0 HAD:1 RDQ:1 RDQTS:1 ASR:1 MinSearchWindow:96 RestrictMESampling:0 EDO:2 MCTF:2 [L:0, T:0] 
FAST TOOL CFG: ECU:0 FEN:1 FDM:1 ESD:0 FastSearch:4 LCTUFast:1 FastMrg:2 PBIntraFast:1 AMaxBT:1 FastQtBtEnc:1 ContentBasedFastQtbt:1 FastMIP:4 FastIntraTools:1 FastLocalDualTree:1 FastSubPel:1 QtbttExtraFast:2 IBCFastMethod:3 
RATE CONTROL CFG: RateControl:0 
PARALLEL PROCESSING CFG: NumThreads:0 MaxParallelFrames:0 WppBitEqual:0 WF:0

POC    0 TId: 0 (  IDR_N_LP, I-SLICE, QP 34 )      49936 bits [Y 33.3557 dB    U 36.8030 dB    V 37.0616 dB] [ET   624 ] [L0 ] [L1 ]
POC    8 TId: 2 (      STSA, B-SLICE, QP 40 )      14520 bits [Y 29.9190 dB    U 34.9679 dB    V 34.8414 dB] [ET   161 ] [L0 0 ] [L1 0 ]
POC    4 TId: 3 (      STSA, B-SLICE, QP 43 )       5736 bits [Y 29.1656 dB    U 35.1759 dB    V 35.4529 dB] [ET    61 ] [L0 0 8 ] [L1 8 0 ]
POC    2 TId: 4 (      STSA, B-SLICE, QP 45 )       2864 bits [Y 29.0586 dB    U 35.2737 dB    V 35.6172 dB] [ET    32 ] [L0 0 4 ] [L1 4 8 ]
POC    1 TId: 5 (      STSA, B-SLICE, QP 46 )       1224 bits [Y 29.5662 dB    U 35.7353 dB    V 36.0990 dB] [ET    13 ] [L0 0 2 ] [L1 2 4 ]
POC    3 TId: 5 (      STSA, B-SLICE, QP 46 )       1368 bits [Y 28.6627 dB    U 35.2424 dB    V 35.4988 dB] [ET    15 ] [L0 2 0 ] [L1 4 8 ]
POC    6 TId: 4 (      STSA, B-SLICE, QP 45 )       2656 bits [Y 28.5020 dB    U 34.8333 dB    V 34.8753 dB] [ET    31 ] [L0 4 0 ] [L1 8 4 ]
POC    5 TId: 5 (      STSA, B-SLICE, QP 46 )       1032 bits [Y 28.5139 dB    U 34.8929 dB    V 35.1219 dB] [ET    14 ] [L0 4 0 ] [L1 6 8 ]
POC    7 TId: 5 (      STSA, B-SLICE, QP 46 )       1080 bits [Y 28.6627 dB    U 34.7080 dB    V 34.6737 dB] [ET    12 ] [L0 6 4 ] [L1 8 6 ]
POC    9 TId: 5 (      STSA, B-SLICE, QP 46 )       1976 bits [Y 28.2650 dB    U 34.3932 dB    V 34.1328 dB] [ET    23 ] [L0 8 0 ] [L1 8 0 ]

	Total Frames |   Bitrate     Y-PSNR    U-PSNR    V-PSNR    YUV-PSNR   
	       10    a     247.1760   29.3671   35.2026   35.3375   30.4330

 finished @ Wed Jul 27 21:01:57 2022
 Total Time:      993.041 sec. [user]      997.465 sec. [elapsed]

Level: 0
Inject Calls: 123013607
Errors injected by bit:
	Bit 0: 136
	Bit 1: 124
	Bit 2: 105
	Bit 3: 117
	Bit 4: 102
	Bit 5: 116
	Bit 6: 121
	Bit 7: 126

Total errors injected: 947
