
vvencFFapp: Encoder Version 1.0.0 [Linux][GCC 9.4.0][64 bit][SIMD=AVX2]
 started @ Wed Jul 27 18:15:16 2022
CODING TOOL CFG: CTU128 QT44BTT21 IBD:1 CIP:0 SAO:1 ALF:1 (NonLinLuma:0 NonLinChr:0) CCALF:1 WPP:0 WPP-Substreams:1 TMVP:1 DQ:1 (Thr: 4) SDH:0 CST:1 BDOF:1 DMVR:1 MTSImplicit:1 SBT:0 JCbCr:1 CabacInitPresent:1 AMVR:5 SMVD:3 LMCS:1 (Signal:SDR Opt:0) CIIP:0 MIP:1 AFFINE:2 (PROF:1, Type:1) MMVD:3 DisFracMMVD:1 SbTMVP:1 GPM:3 LFNST:1 MTS:0 ISP:3 TS:2 TSLog2MaxSize:3 useChromaTS:0 BDPCM:2 IBC:2 
ENC. ALG. CFG: QPA:0 HAD:1 RDQ:1 RDQTS:1 ASR:1 MinSearchWindow:96 RestrictMESampling:0 EDO:2 MCTF:2 [L:0, T:0] 
FAST TOOL CFG: ECU:0 FEN:1 FDM:1 ESD:0 FastSearch:4 LCTUFast:1 FastMrg:2 PBIntraFast:1 AMaxBT:1 FastQtBtEnc:1 ContentBasedFastQtbt:1 FastMIP:4 FastIntraTools:1 FastLocalDualTree:1 FastSubPel:1 QtbttExtraFast:2 IBCFastMethod:3 
RATE CONTROL CFG: RateControl:0 
PARALLEL PROCESSING CFG: NumThreads:0 MaxParallelFrames:0 WppBitEqual:0 WF:0

POC    0 TId: 0 (  IDR_N_LP, I-SLICE, QP 24 )     143064 bits [Y 40.3129 dB    U 41.7652 dB    V 42.5761 dB] [ET   928 ] [L0 ] [L1 ]
POC    8 TId: 2 (      STSA, B-SLICE, QP 29 )      59320 bits [Y 37.2966 dB    U 39.0158 dB    V 39.6476 dB] [ET   327 ] [L0 0 ] [L1 0 ]
POC    4 TId: 3 (      STSA, B-SLICE, QP 32 )      25568 bits [Y 35.8909 dB    U 38.9177 dB    V 39.4475 dB] [ET   176 ] [L0 0 8 ] [L1 8 0 ]
POC    2 TId: 4 (      STSA, B-SLICE, QP 34 )      13664 bits [Y 35.2407 dB    U 39.2849 dB    V 40.0323 dB] [ET    95 ] [L0 0 4 ] [L1 4 8 ]
POC    1 TId: 5 (      STSA, B-SLICE, QP 36 )       6328 bits [Y 35.1002 dB    U 39.6938 dB    V 40.5776 dB] [ET    42 ] [L0 0 2 ] [L1 2 4 ]
POC    3 TId: 5 (      STSA, B-SLICE, QP 36 )       5904 bits [Y 34.4984 dB    U 38.8183 dB    V 39.3327 dB] [ET    38 ] [L0 2 0 ] [L1 4 8 ]
POC    6 TId: 4 (      STSA, B-SLICE, QP 34 )      13128 bits [Y 34.9519 dB    U 38.3818 dB    V 38.8890 dB] [ET    93 ] [L0 4 0 ] [L1 8 4 ]
POC    5 TId: 5 (      STSA, B-SLICE, QP 36 )       5576 bits [Y 34.4155 dB    U 38.4367 dB    V 38.9289 dB] [ET    41 ] [L0 4 0 ] [L1 6 8 ]
POC    7 TId: 5 (      STSA, B-SLICE, QP 36 )       5160 bits [Y 34.3590 dB    U 38.3546 dB    V 39.0073 dB] [ET    38 ] [L0 6 4 ] [L1 8 6 ]
POC    9 TId: 5 (      STSA, B-SLICE, QP 36 )       8960 bits [Y 33.9794 dB    U 37.8523 dB    V 38.2520 dB] [ET    61 ] [L0 8 0 ] [L1 8 0 ]

	Total Frames |   Bitrate     Y-PSNR    U-PSNR    V-PSNR    YUV-PSNR   
	       10    a     860.0160   35.6045   39.0521   39.6691   36.2644

 finished @ Wed Jul 27 18:46:08 2022
 Total Time:     1845.592 sec. [user]     1851.564 sec. [elapsed]

Level: 0
Inject Calls: 191327387
Errors injected by bit:
	Bit 0: 213
	Bit 1: 188
	Bit 2: 183
	Bit 3: 207
	Bit 4: 202
	Bit 5: 185
	Bit 6: 200
	Bit 7: 209

Total errors injected: 1587
