
vvencFFapp: Encoder Version 1.0.0 [Linux][GCC 9.4.0][64 bit][SIMD=AVX2]
 started @ Wed Jul 27 18:05:16 2022
CODING TOOL CFG: CTU128 QT44BTT21 IBD:1 CIP:0 SAO:1 ALF:1 (NonLinLuma:0 NonLinChr:0) CCALF:1 WPP:0 WPP-Substreams:1 TMVP:1 DQ:1 (Thr: 4) SDH:0 CST:1 BDOF:1 DMVR:1 MTSImplicit:1 SBT:0 JCbCr:1 CabacInitPresent:1 AMVR:5 SMVD:3 LMCS:1 (Signal:SDR Opt:0) CIIP:0 MIP:1 AFFINE:2 (PROF:1, Type:1) MMVD:3 DisFracMMVD:1 SbTMVP:1 GPM:3 LFNST:1 MTS:0 ISP:3 TS:2 TSLog2MaxSize:3 useChromaTS:0 BDPCM:2 IBC:2 
ENC. ALG. CFG: QPA:0 HAD:1 RDQ:1 RDQTS:1 ASR:1 MinSearchWindow:96 RestrictMESampling:0 EDO:2 MCTF:2 [L:0, T:0] 
FAST TOOL CFG: ECU:0 FEN:1 FDM:1 ESD:0 FastSearch:4 LCTUFast:1 FastMrg:2 PBIntraFast:1 AMaxBT:1 FastQtBtEnc:1 ContentBasedFastQtbt:1 FastMIP:4 FastIntraTools:1 FastLocalDualTree:1 FastSubPel:1 QtbttExtraFast:2 IBCFastMethod:3 
RATE CONTROL CFG: RateControl:0 
PARALLEL PROCESSING CFG: NumThreads:0 MaxParallelFrames:0 WppBitEqual:0 WF:0

POC    0 TId: 0 (  IDR_N_LP, I-SLICE, QP 24 )     142632 bits [Y 40.3176 dB    U 41.7685 dB    V 42.6472 dB] [ET   783 ] [L0 ] [L1 ]
POC    8 TId: 2 (      STSA, B-SLICE, QP 29 )      58352 bits [Y 37.3194 dB    U 39.1586 dB    V 39.5823 dB] [ET   324 ] [L0 0 ] [L1 0 ]
POC    4 TId: 3 (      STSA, B-SLICE, QP 32 )      24848 bits [Y 35.8826 dB    U 38.8136 dB    V 39.2573 dB] [ET   175 ] [L0 0 8 ] [L1 8 0 ]
POC    2 TId: 4 (      STSA, B-SLICE, QP 34 )      13792 bits [Y 35.3049 dB    U 39.2608 dB    V 39.6974 dB] [ET    99 ] [L0 0 4 ] [L1 4 8 ]
POC    1 TId: 5 (      STSA, B-SLICE, QP 36 )       5912 bits [Y 35.0777 dB    U 39.5947 dB    V 40.3787 dB] [ET    50 ] [L0 0 2 ] [L1 2 4 ]
POC    3 TId: 5 (      STSA, B-SLICE, QP 36 )       5976 bits [Y 34.4583 dB    U 38.8286 dB    V 39.1381 dB] [ET    42 ] [L0 2 0 ] [L1 4 8 ]
POC    6 TId: 4 (      STSA, B-SLICE, QP 34 )      13472 bits [Y 34.9890 dB    U 38.4342 dB    V 39.0559 dB] [ET    92 ] [L0 4 0 ] [L1 8 4 ]
POC    5 TId: 5 (      STSA, B-SLICE, QP 36 )       5680 bits [Y 34.4205 dB    U 38.4481 dB    V 38.9828 dB] [ET    39 ] [L0 4 0 ] [L1 6 8 ]
POC    7 TId: 5 (      STSA, B-SLICE, QP 36 )       5344 bits [Y 34.4626 dB    U 38.4297 dB    V 38.9222 dB] [ET    38 ] [L0 6 4 ] [L1 8 6 ]
POC    9 TId: 5 (      STSA, B-SLICE, QP 36 )       9032 bits [Y 34.0055 dB    U 38.0747 dB    V 38.1221 dB] [ET    62 ] [L0 8 0 ] [L1 8 0 ]

	Total Frames |   Bitrate     Y-PSNR    U-PSNR    V-PSNR    YUV-PSNR   
	       10    a     855.1200   35.6238   39.0811   39.5784   36.2779

 finished @ Wed Jul 27 18:33:50 2022
 Total Time:     1709.824 sec. [user]     1714.699 sec. [elapsed]

Level: 0
Inject Calls: 187816427
Errors injected by bit:
	Bit 0: 184
	Bit 1: 191
	Bit 2: 202
	Bit 3: 201
	Bit 4: 204
	Bit 5: 199
	Bit 6: 165
	Bit 7: 195

Total errors injected: 1541
