
vvencFFapp: Encoder Version 1.0.0 [Linux][GCC 9.4.0][64 bit][SIMD=AVX2]
 started @ Wed Jul 27 19:20:17 2022
CODING TOOL CFG: CTU128 QT44BTT21 IBD:1 CIP:0 SAO:1 ALF:1 (NonLinLuma:0 NonLinChr:0) CCALF:1 WPP:0 WPP-Substreams:1 TMVP:1 DQ:1 (Thr: 4) SDH:0 CST:1 BDOF:1 DMVR:1 MTSImplicit:1 SBT:0 JCbCr:1 CabacInitPresent:1 AMVR:5 SMVD:3 LMCS:1 (Signal:SDR Opt:0) CIIP:0 MIP:1 AFFINE:2 (PROF:1, Type:1) MMVD:3 DisFracMMVD:1 SbTMVP:1 GPM:3 LFNST:1 MTS:0 ISP:3 TS:2 TSLog2MaxSize:3 useChromaTS:0 BDPCM:2 IBC:2 
ENC. ALG. CFG: QPA:0 HAD:1 RDQ:1 RDQTS:1 ASR:1 MinSearchWindow:96 RestrictMESampling:0 EDO:2 MCTF:2 [L:0, T:0] 
FAST TOOL CFG: ECU:0 FEN:1 FDM:1 ESD:0 FastSearch:4 LCTUFast:1 FastMrg:2 PBIntraFast:1 AMaxBT:1 FastQtBtEnc:1 ContentBasedFastQtbt:1 FastMIP:4 FastIntraTools:1 FastLocalDualTree:1 FastSubPel:1 QtbttExtraFast:2 IBCFastMethod:3 
RATE CONTROL CFG: RateControl:0 
PARALLEL PROCESSING CFG: NumThreads:0 MaxParallelFrames:0 WppBitEqual:0 WF:0

POC    0 TId: 0 (  IDR_N_LP, I-SLICE, QP 29 )      88384 bits [Y 36.8937 dB    U 39.1499 dB    V 39.9964 dB] [ET   807 ] [L0 ] [L1 ]
POC    8 TId: 2 (      STSA, B-SLICE, QP 35 )      27048 bits [Y 33.0548 dB    U 36.0762 dB    V 36.4544 dB] [ET   246 ] [L0 0 ] [L1 0 ]
POC    4 TId: 3 (      STSA, B-SLICE, QP 38 )      11544 bits [Y 32.1238 dB    U 36.7013 dB    V 37.3722 dB] [ET   107 ] [L0 0 8 ] [L1 8 0 ]
POC    2 TId: 4 (      STSA, B-SLICE, QP 40 )       5888 bits [Y 31.7879 dB    U 37.4370 dB    V 37.8938 dB] [ET    54 ] [L0 0 4 ] [L1 4 8 ]
POC    1 TId: 5 (      STSA, B-SLICE, QP 41 )       2712 bits [Y 32.0896 dB    U 37.8960 dB    V 38.4608 dB] [ET    24 ] [L0 0 2 ] [L1 2 4 ]
POC    3 TId: 5 (      STSA, B-SLICE, QP 41 )       2624 bits [Y 31.2866 dB    U 36.8456 dB    V 37.4907 dB] [ET    27 ] [L0 2 0 ] [L1 4 8 ]
POC    6 TId: 4 (      STSA, B-SLICE, QP 40 )       5896 bits [Y 31.3397 dB    U 36.3634 dB    V 36.8318 dB] [ET    52 ] [L0 4 0 ] [L1 8 4 ]
POC    5 TId: 5 (      STSA, B-SLICE, QP 41 )       2192 bits [Y 31.0622 dB    U 36.3777 dB    V 37.0997 dB] [ET    22 ] [L0 4 0 ] [L1 6 8 ]
POC    7 TId: 5 (      STSA, B-SLICE, QP 41 )       2216 bits [Y 31.3406 dB    U 36.1417 dB    V 36.6541 dB] [ET    19 ] [L0 6 4 ] [L1 8 6 ]
POC    9 TId: 5 (      STSA, B-SLICE, QP 41 )       4120 bits [Y 30.8710 dB    U 35.6058 dB    V 35.6141 dB] [ET    38 ] [L0 8 0 ] [L1 8 0 ]

	Total Frames |   Bitrate     Y-PSNR    U-PSNR    V-PSNR    YUV-PSNR   
	       10    a     457.8720   32.1850   36.8595   37.3868   33.0649

 finished @ Wed Jul 27 19:43:43 2022
 Total Time:     1403.388 sec. [user]     1405.427 sec. [elapsed]

Level: 0
Inject Calls: 150927824
Errors injected by bit:
	Bit 0: 1558
	Bit 1: 1497
	Bit 2: 1507
	Bit 3: 1517
	Bit 4: 1563
	Bit 5: 1534
	Bit 6: 1533
	Bit 7: 1513

Total errors injected: 12222
