
vvencFFapp: Encoder Version 1.0.0 [Linux][GCC 9.4.0][64 bit][SIMD=AVX2]
 started @ Wed Jul 27 20:20:18 2022
CODING TOOL CFG: CTU128 QT44BTT21 IBD:1 CIP:0 SAO:1 ALF:1 (NonLinLuma:0 NonLinChr:0) CCALF:1 WPP:0 WPP-Substreams:1 TMVP:1 DQ:1 (Thr: 4) SDH:0 CST:1 BDOF:1 DMVR:1 MTSImplicit:1 SBT:0 JCbCr:1 CabacInitPresent:1 AMVR:5 SMVD:3 LMCS:1 (Signal:SDR Opt:0) CIIP:0 MIP:1 AFFINE:2 (PROF:1, Type:1) MMVD:3 DisFracMMVD:1 SbTMVP:1 GPM:3 LFNST:1 MTS:0 ISP:3 TS:2 TSLog2MaxSize:3 useChromaTS:0 BDPCM:2 IBC:2 
ENC. ALG. CFG: QPA:0 HAD:1 RDQ:1 RDQTS:1 ASR:1 MinSearchWindow:96 RestrictMESampling:0 EDO:2 MCTF:2 [L:0, T:0] 
FAST TOOL CFG: ECU:0 FEN:1 FDM:1 ESD:0 FastSearch:4 LCTUFast:1 FastMrg:2 PBIntraFast:1 AMaxBT:1 FastQtBtEnc:1 ContentBasedFastQtbt:1 FastMIP:4 FastIntraTools:1 FastLocalDualTree:1 FastSubPel:1 QtbttExtraFast:2 IBCFastMethod:3 
RATE CONTROL CFG: RateControl:0 
PARALLEL PROCESSING CFG: NumThreads:0 MaxParallelFrames:0 WppBitEqual:0 WF:0

POC    0 TId: 0 (  IDR_N_LP, I-SLICE, QP 34 )      50312 bits [Y 33.3888 dB    U 36.6975 dB    V 37.0654 dB] [ET   698 ] [L0 ] [L1 ]
POC    8 TId: 2 (      STSA, B-SLICE, QP 40 )      13936 bits [Y 29.8491 dB    U 34.9982 dB    V 34.8461 dB] [ET   127 ] [L0 0 ] [L1 0 ]
POC    4 TId: 3 (      STSA, B-SLICE, QP 43 )       5736 bits [Y 29.0819 dB    U 35.1303 dB    V 35.0507 dB] [ET    38 ] [L0 0 8 ] [L1 8 0 ]
POC    2 TId: 4 (      STSA, B-SLICE, QP 45 )       2952 bits [Y 29.1890 dB    U 35.2808 dB    V 35.6914 dB] [ET    19 ] [L0 0 4 ] [L1 4 8 ]
POC    1 TId: 5 (      STSA, B-SLICE, QP 46 )       1296 bits [Y 29.5239 dB    U 35.7194 dB    V 36.3089 dB] [ET     7 ] [L0 0 2 ] [L1 2 4 ]
POC    3 TId: 5 (      STSA, B-SLICE, QP 46 )       1264 bits [Y 28.6533 dB    U 35.1376 dB    V 35.3363 dB] [ET    11 ] [L0 2 0 ] [L1 4 8 ]
POC    6 TId: 4 (      STSA, B-SLICE, QP 45 )       2728 bits [Y 28.4495 dB    U 34.8172 dB    V 34.7967 dB] [ET    33 ] [L0 4 0 ] [L1 8 4 ]
POC    5 TId: 5 (      STSA, B-SLICE, QP 46 )       1056 bits [Y 28.4184 dB    U 34.8382 dB    V 34.8986 dB] [ET    13 ] [L0 4 0 ] [L1 6 8 ]
POC    7 TId: 5 (      STSA, B-SLICE, QP 46 )       1064 bits [Y 28.6415 dB    U 34.6985 dB    V 34.7917 dB] [ET    12 ] [L0 6 4 ] [L1 8 6 ]
POC    9 TId: 5 (      STSA, B-SLICE, QP 46 )       2160 bits [Y 28.3088 dB    U 34.3983 dB    V 33.9525 dB] [ET    23 ] [L0 8 0 ] [L1 8 0 ]

	Total Frames |   Bitrate     Y-PSNR    U-PSNR    V-PSNR    YUV-PSNR   
	       10    a     247.5120   29.3504   35.1716   35.2738   30.4102

 finished @ Wed Jul 27 20:36:49 2022
 Total Time:      989.460 sec. [user]      990.294 sec. [elapsed]

Level: 0
Inject Calls: 126663095
Errors injected by bit:
	Bit 0: 126869
	Bit 1: 126739
	Bit 2: 126196
	Bit 3: 126917
	Bit 4: 126606
	Bit 5: 126574
	Bit 6: 126635
	Bit 7: 126472

Total errors injected: 1013008
