
vvencFFapp: Encoder Version 1.0.0 [Linux][GCC 9.4.0][64 bit][SIMD=AVX2]
 started @ Wed Jul 27 20:20:18 2022
CODING TOOL CFG: CTU128 QT44BTT21 IBD:1 CIP:0 SAO:1 ALF:1 (NonLinLuma:0 NonLinChr:0) CCALF:1 WPP:0 WPP-Substreams:1 TMVP:1 DQ:1 (Thr: 4) SDH:0 CST:1 BDOF:1 DMVR:1 MTSImplicit:1 SBT:0 JCbCr:1 CabacInitPresent:1 AMVR:5 SMVD:3 LMCS:1 (Signal:SDR Opt:0) CIIP:0 MIP:1 AFFINE:2 (PROF:1, Type:1) MMVD:3 DisFracMMVD:1 SbTMVP:1 GPM:3 LFNST:1 MTS:0 ISP:3 TS:2 TSLog2MaxSize:3 useChromaTS:0 BDPCM:2 IBC:2 
ENC. ALG. CFG: QPA:0 HAD:1 RDQ:1 RDQTS:1 ASR:1 MinSearchWindow:96 RestrictMESampling:0 EDO:2 MCTF:2 [L:0, T:0] 
FAST TOOL CFG: ECU:0 FEN:1 FDM:1 ESD:0 FastSearch:4 LCTUFast:1 FastMrg:2 PBIntraFast:1 AMaxBT:1 FastQtBtEnc:1 ContentBasedFastQtbt:1 FastMIP:4 FastIntraTools:1 FastLocalDualTree:1 FastSubPel:1 QtbttExtraFast:2 IBCFastMethod:3 
RATE CONTROL CFG: RateControl:0 
PARALLEL PROCESSING CFG: NumThreads:0 MaxParallelFrames:0 WppBitEqual:0 WF:0

POC    0 TId: 0 (  IDR_N_LP, I-SLICE, QP 34 )      50232 bits [Y 33.3590 dB    U 36.6300 dB    V 37.1075 dB] [ET   713 ] [L0 ] [L1 ]
POC    8 TId: 2 (      STSA, B-SLICE, QP 40 )      14160 bits [Y 29.8347 dB    U 34.9670 dB    V 34.8809 dB] [ET   104 ] [L0 0 ] [L1 0 ]
POC    4 TId: 3 (      STSA, B-SLICE, QP 43 )       5528 bits [Y 29.0373 dB    U 35.0700 dB    V 35.2847 dB] [ET    38 ] [L0 0 8 ] [L1 8 0 ]
POC    2 TId: 4 (      STSA, B-SLICE, QP 45 )       2872 bits [Y 29.0591 dB    U 35.1285 dB    V 35.5061 dB] [ET    21 ] [L0 0 4 ] [L1 4 8 ]
POC    1 TId: 5 (      STSA, B-SLICE, QP 46 )       1304 bits [Y 29.5851 dB    U 35.7139 dB    V 36.0925 dB] [ET     8 ] [L0 0 2 ] [L1 2 4 ]
POC    3 TId: 5 (      STSA, B-SLICE, QP 46 )       1344 bits [Y 28.6238 dB    U 35.0039 dB    V 35.4405 dB] [ET     9 ] [L0 2 0 ] [L1 4 8 ]
POC    6 TId: 4 (      STSA, B-SLICE, QP 45 )       2592 bits [Y 28.3848 dB    U 34.8210 dB    V 34.8157 dB] [ET    30 ] [L0 4 0 ] [L1 8 4 ]
POC    5 TId: 5 (      STSA, B-SLICE, QP 46 )       1000 bits [Y 28.4229 dB    U 34.9090 dB    V 35.0112 dB] [ET    13 ] [L0 4 0 ] [L1 6 8 ]
POC    7 TId: 5 (      STSA, B-SLICE, QP 46 )       1104 bits [Y 28.6705 dB    U 34.7238 dB    V 34.8704 dB] [ET    12 ] [L0 6 4 ] [L1 8 6 ]
POC    9 TId: 5 (      STSA, B-SLICE, QP 46 )       2104 bits [Y 28.2286 dB    U 34.4798 dB    V 34.0827 dB] [ET    23 ] [L0 8 0 ] [L1 8 0 ]

	Total Frames |   Bitrate     Y-PSNR    U-PSNR    V-PSNR    YUV-PSNR   
	       10    a     246.7200   29.3206   35.1447   35.3092   30.3835

 finished @ Wed Jul 27 20:36:39 2022
 Total Time:      979.277 sec. [user]      980.958 sec. [elapsed]

Level: 0
Inject Calls: 124088889
Errors injected by bit:
	Bit 0: 124580
	Bit 1: 124304
	Bit 2: 124035
	Bit 3: 124080
	Bit 4: 123629
	Bit 5: 124121
	Bit 6: 123625
	Bit 7: 123340

Total errors injected: 991714
