
vvencFFapp: Encoder Version 1.0.0 [Linux][GCC 9.4.0][64 bit][SIMD=AVX2]
 started @ Wed Jul 27 18:50:16 2022
CODING TOOL CFG: CTU128 QT44BTT21 IBD:1 CIP:0 SAO:1 ALF:1 (NonLinLuma:0 NonLinChr:0) CCALF:1 WPP:0 WPP-Substreams:1 TMVP:1 DQ:1 (Thr: 4) SDH:0 CST:1 BDOF:1 DMVR:1 MTSImplicit:1 SBT:0 JCbCr:1 CabacInitPresent:1 AMVR:5 SMVD:3 LMCS:1 (Signal:SDR Opt:0) CIIP:0 MIP:1 AFFINE:2 (PROF:1, Type:1) MMVD:3 DisFracMMVD:1 SbTMVP:1 GPM:3 LFNST:1 MTS:0 ISP:3 TS:2 TSLog2MaxSize:3 useChromaTS:0 BDPCM:2 IBC:2 
ENC. ALG. CFG: QPA:0 HAD:1 RDQ:1 RDQTS:1 ASR:1 MinSearchWindow:96 RestrictMESampling:0 EDO:2 MCTF:2 [L:0, T:0] 
FAST TOOL CFG: ECU:0 FEN:1 FDM:1 ESD:0 FastSearch:4 LCTUFast:1 FastMrg:2 PBIntraFast:1 AMaxBT:1 FastQtBtEnc:1 ContentBasedFastQtbt:1 FastMIP:4 FastIntraTools:1 FastLocalDualTree:1 FastSubPel:1 QtbttExtraFast:2 IBCFastMethod:3 
RATE CONTROL CFG: RateControl:0 
PARALLEL PROCESSING CFG: NumThreads:0 MaxParallelFrames:0 WppBitEqual:0 WF:0

POC    0 TId: 0 (  IDR_N_LP, I-SLICE, QP 29 )      88280 bits [Y 36.8145 dB    U 39.1461 dB    V 39.9954 dB] [ET   635 ] [L0 ] [L1 ]
POC    8 TId: 2 (      STSA, B-SLICE, QP 35 )      27208 bits [Y 33.0158 dB    U 36.0579 dB    V 36.3288 dB] [ET   213 ] [L0 0 ] [L1 0 ]
POC    4 TId: 3 (      STSA, B-SLICE, QP 38 )      11200 bits [Y 32.0746 dB    U 36.6714 dB    V 37.1864 dB] [ET    83 ] [L0 0 8 ] [L1 8 0 ]
POC    2 TId: 4 (      STSA, B-SLICE, QP 40 )       5856 bits [Y 31.8310 dB    U 37.2761 dB    V 37.9230 dB] [ET    56 ] [L0 0 4 ] [L1 4 8 ]
POC    1 TId: 5 (      STSA, B-SLICE, QP 41 )       2768 bits [Y 32.1362 dB    U 37.7826 dB    V 38.4903 dB] [ET    27 ] [L0 0 2 ] [L1 2 4 ]
POC    3 TId: 5 (      STSA, B-SLICE, QP 41 )       2784 bits [Y 31.3376 dB    U 36.6264 dB    V 37.2353 dB] [ET    25 ] [L0 2 0 ] [L1 4 8 ]
POC    6 TId: 4 (      STSA, B-SLICE, QP 40 )       5696 bits [Y 31.2426 dB    U 36.2062 dB    V 36.6128 dB] [ET    50 ] [L0 4 0 ] [L1 8 4 ]
POC    5 TId: 5 (      STSA, B-SLICE, QP 41 )       2256 bits [Y 31.0714 dB    U 36.3832 dB    V 36.9020 dB] [ET    23 ] [L0 4 0 ] [L1 6 8 ]
POC    7 TId: 5 (      STSA, B-SLICE, QP 41 )       2256 bits [Y 31.2769 dB    U 36.0806 dB    V 36.4458 dB] [ET    20 ] [L0 6 4 ] [L1 8 6 ]
POC    9 TId: 5 (      STSA, B-SLICE, QP 41 )       4392 bits [Y 30.8794 dB    U 35.6744 dB    V 35.6328 dB] [ET    26 ] [L0 8 0 ] [L1 8 0 ]

	Total Frames |   Bitrate     Y-PSNR    U-PSNR    V-PSNR    YUV-PSNR   
	       10    a     458.0880   32.1680   36.7905   37.2753   33.0423

 finished @ Wed Jul 27 19:09:45 2022
 Total Time:     1165.572 sec. [user]     1168.420 sec. [elapsed]

Level: 0
Inject Calls: 149083506
Errors injected by bit:
	Bit 0: 149518
	Bit 1: 148414
	Bit 2: 148986
	Bit 3: 148939
	Bit 4: 149256
	Bit 5: 149188
	Bit 6: 148852
	Bit 7: 148625

Total errors injected: 1191778
