
vvencFFapp: Encoder Version 1.0.0 [Linux][GCC 9.4.0][64 bit][SIMD=AVX2]
 started @ Wed Jul 27 19:25:17 2022
CODING TOOL CFG: CTU128 QT44BTT21 IBD:1 CIP:0 SAO:1 ALF:1 (NonLinLuma:0 NonLinChr:0) CCALF:1 WPP:0 WPP-Substreams:1 TMVP:1 DQ:1 (Thr: 4) SDH:0 CST:1 BDOF:1 DMVR:1 MTSImplicit:1 SBT:0 JCbCr:1 CabacInitPresent:1 AMVR:5 SMVD:3 LMCS:1 (Signal:SDR Opt:0) CIIP:0 MIP:1 AFFINE:2 (PROF:1, Type:1) MMVD:3 DisFracMMVD:1 SbTMVP:1 GPM:3 LFNST:1 MTS:0 ISP:3 TS:2 TSLog2MaxSize:3 useChromaTS:0 BDPCM:2 IBC:2 
ENC. ALG. CFG: QPA:0 HAD:1 RDQ:1 RDQTS:1 ASR:1 MinSearchWindow:96 RestrictMESampling:0 EDO:2 MCTF:2 [L:0, T:0] 
FAST TOOL CFG: ECU:0 FEN:1 FDM:1 ESD:0 FastSearch:4 LCTUFast:1 FastMrg:2 PBIntraFast:1 AMaxBT:1 FastQtBtEnc:1 ContentBasedFastQtbt:1 FastMIP:4 FastIntraTools:1 FastLocalDualTree:1 FastSubPel:1 QtbttExtraFast:2 IBCFastMethod:3 
RATE CONTROL CFG: RateControl:0 
PARALLEL PROCESSING CFG: NumThreads:0 MaxParallelFrames:0 WppBitEqual:0 WF:0

POC    0 TId: 0 (  IDR_N_LP, I-SLICE, QP 29 )      88088 bits [Y 36.8545 dB    U 39.1230 dB    V 39.8767 dB] [ET   742 ] [L0 ] [L1 ]
POC    8 TId: 2 (      STSA, B-SLICE, QP 35 )      27216 bits [Y 32.9535 dB    U 36.1507 dB    V 36.2746 dB] [ET   252 ] [L0 0 ] [L1 0 ]
POC    4 TId: 3 (      STSA, B-SLICE, QP 38 )      11696 bits [Y 32.1115 dB    U 36.9164 dB    V 37.0117 dB] [ET   111 ] [L0 0 8 ] [L1 8 0 ]
POC    2 TId: 4 (      STSA, B-SLICE, QP 40 )       5760 bits [Y 31.8202 dB    U 37.5358 dB    V 37.8493 dB] [ET    54 ] [L0 0 4 ] [L1 4 8 ]
POC    1 TId: 5 (      STSA, B-SLICE, QP 41 )       2728 bits [Y 32.1037 dB    U 37.8590 dB    V 38.2259 dB] [ET    26 ] [L0 0 2 ] [L1 2 4 ]
POC    3 TId: 5 (      STSA, B-SLICE, QP 41 )       2776 bits [Y 31.3711 dB    U 36.9837 dB    V 37.1687 dB] [ET    28 ] [L0 2 0 ] [L1 4 8 ]
POC    6 TId: 4 (      STSA, B-SLICE, QP 40 )       6056 bits [Y 31.3738 dB    U 36.2463 dB    V 36.4424 dB] [ET    51 ] [L0 4 0 ] [L1 8 4 ]
POC    5 TId: 5 (      STSA, B-SLICE, QP 41 )       2256 bits [Y 31.1011 dB    U 36.5455 dB    V 36.7718 dB] [ET    23 ] [L0 4 0 ] [L1 6 8 ]
POC    7 TId: 5 (      STSA, B-SLICE, QP 41 )       2160 bits [Y 31.2926 dB    U 36.0473 dB    V 36.2491 dB] [ET    25 ] [L0 6 4 ] [L1 8 6 ]
POC    9 TId: 5 (      STSA, B-SLICE, QP 41 )       4392 bits [Y 30.8845 dB    U 35.7618 dB    V 35.4422 dB] [ET    36 ] [L0 8 0 ] [L1 8 0 ]

	Total Frames |   Bitrate     Y-PSNR    U-PSNR    V-PSNR    YUV-PSNR   
	       10    a     459.3840   32.1867   36.9170   37.1312   33.0596

 finished @ Wed Jul 27 19:47:56 2022
 Total Time:     1358.769 sec. [user]     1359.232 sec. [elapsed]

Level: 0
Inject Calls: 150344882
Errors injected by bit:
	Bit 0: 1471
	Bit 1: 1481
	Bit 2: 1490
	Bit 3: 1411
	Bit 4: 1418
	Bit 5: 1554
	Bit 6: 1563
	Bit 7: 1504

Total errors injected: 11892
