
vvencFFapp: Encoder Version 1.0.0 [Linux][GCC 9.4.0][64 bit][SIMD=AVX2]
 started @ Wed Jul 27 18:55:17 2022
CODING TOOL CFG: CTU128 QT44BTT21 IBD:1 CIP:0 SAO:1 ALF:1 (NonLinLuma:0 NonLinChr:0) CCALF:1 WPP:0 WPP-Substreams:1 TMVP:1 DQ:1 (Thr: 4) SDH:0 CST:1 BDOF:1 DMVR:1 MTSImplicit:1 SBT:0 JCbCr:1 CabacInitPresent:1 AMVR:5 SMVD:3 LMCS:1 (Signal:SDR Opt:0) CIIP:0 MIP:1 AFFINE:2 (PROF:1, Type:1) MMVD:3 DisFracMMVD:1 SbTMVP:1 GPM:3 LFNST:1 MTS:0 ISP:3 TS:2 TSLog2MaxSize:3 useChromaTS:0 BDPCM:2 IBC:2 
ENC. ALG. CFG: QPA:0 HAD:1 RDQ:1 RDQTS:1 ASR:1 MinSearchWindow:96 RestrictMESampling:0 EDO:2 MCTF:2 [L:0, T:0] 
FAST TOOL CFG: ECU:0 FEN:1 FDM:1 ESD:0 FastSearch:4 LCTUFast:1 FastMrg:2 PBIntraFast:1 AMaxBT:1 FastQtBtEnc:1 ContentBasedFastQtbt:1 FastMIP:4 FastIntraTools:1 FastLocalDualTree:1 FastSubPel:1 QtbttExtraFast:2 IBCFastMethod:3 
RATE CONTROL CFG: RateControl:0 
PARALLEL PROCESSING CFG: NumThreads:0 MaxParallelFrames:0 WppBitEqual:0 WF:0

POC    0 TId: 0 (  IDR_N_LP, I-SLICE, QP 29 )      88120 bits [Y 36.8038 dB    U 39.0438 dB    V 39.8946 dB] [ET   769 ] [L0 ] [L1 ]
POC    8 TId: 2 (      STSA, B-SLICE, QP 35 )      27176 bits [Y 32.9396 dB    U 36.0628 dB    V 36.4994 dB] [ET   229 ] [L0 0 ] [L1 0 ]
POC    4 TId: 3 (      STSA, B-SLICE, QP 38 )      11360 bits [Y 32.0784 dB    U 36.7342 dB    V 37.2606 dB] [ET   109 ] [L0 0 8 ] [L1 8 0 ]
POC    2 TId: 4 (      STSA, B-SLICE, QP 40 )       5880 bits [Y 31.7656 dB    U 37.2190 dB    V 37.8987 dB] [ET    53 ] [L0 0 4 ] [L1 4 8 ]
POC    1 TId: 5 (      STSA, B-SLICE, QP 41 )       2760 bits [Y 32.1935 dB    U 37.7805 dB    V 38.3447 dB] [ET    24 ] [L0 0 2 ] [L1 2 4 ]
POC    3 TId: 5 (      STSA, B-SLICE, QP 41 )       2792 bits [Y 31.3536 dB    U 36.8913 dB    V 37.2896 dB] [ET    29 ] [L0 2 0 ] [L1 4 8 ]
POC    6 TId: 4 (      STSA, B-SLICE, QP 40 )       5568 bits [Y 31.1785 dB    U 36.2903 dB    V 36.6775 dB] [ET    52 ] [L0 4 0 ] [L1 8 4 ]
POC    5 TId: 5 (      STSA, B-SLICE, QP 41 )       2432 bits [Y 31.0637 dB    U 36.4329 dB    V 36.9660 dB] [ET    23 ] [L0 4 0 ] [L1 6 8 ]
POC    7 TId: 5 (      STSA, B-SLICE, QP 41 )       2416 bits [Y 31.2733 dB    U 36.1823 dB    V 36.5708 dB] [ET    20 ] [L0 6 4 ] [L1 8 6 ]
POC    9 TId: 5 (      STSA, B-SLICE, QP 41 )       4576 bits [Y 30.9190 dB    U 35.7221 dB    V 35.7906 dB] [ET    40 ] [L0 8 0 ] [L1 8 0 ]

	Total Frames |   Bitrate     Y-PSNR    U-PSNR    V-PSNR    YUV-PSNR   
	       10    a     459.2400   32.1569   36.8359   37.3193   33.0423

 finished @ Wed Jul 27 19:17:57 2022
 Total Time:     1355.969 sec. [user]     1359.928 sec. [elapsed]

Level: 0
Inject Calls: 150349573
Errors injected by bit:
	Bit 0: 150434
	Bit 1: 150837
	Bit 2: 150275
	Bit 3: 149480
	Bit 4: 149679
	Bit 5: 150037
	Bit 6: 149838
	Bit 7: 149370

Total errors injected: 1199950
