
vvencFFapp: Encoder Version 1.0.0 [Linux][GCC 9.4.0][64 bit][SIMD=AVX2]
 started @ Wed Jul 27 19:10:17 2022
CODING TOOL CFG: CTU128 QT44BTT21 IBD:1 CIP:0 SAO:1 ALF:1 (NonLinLuma:0 NonLinChr:0) CCALF:1 WPP:0 WPP-Substreams:1 TMVP:1 DQ:1 (Thr: 4) SDH:0 CST:1 BDOF:1 DMVR:1 MTSImplicit:1 SBT:0 JCbCr:1 CabacInitPresent:1 AMVR:5 SMVD:3 LMCS:1 (Signal:SDR Opt:0) CIIP:0 MIP:1 AFFINE:2 (PROF:1, Type:1) MMVD:3 DisFracMMVD:1 SbTMVP:1 GPM:3 LFNST:1 MTS:0 ISP:3 TS:2 TSLog2MaxSize:3 useChromaTS:0 BDPCM:2 IBC:2 
ENC. ALG. CFG: QPA:0 HAD:1 RDQ:1 RDQTS:1 ASR:1 MinSearchWindow:96 RestrictMESampling:0 EDO:2 MCTF:2 [L:0, T:0] 
FAST TOOL CFG: ECU:0 FEN:1 FDM:1 ESD:0 FastSearch:4 LCTUFast:1 FastMrg:2 PBIntraFast:1 AMaxBT:1 FastQtBtEnc:1 ContentBasedFastQtbt:1 FastMIP:4 FastIntraTools:1 FastLocalDualTree:1 FastSubPel:1 QtbttExtraFast:2 IBCFastMethod:3 
RATE CONTROL CFG: RateControl:0 
PARALLEL PROCESSING CFG: NumThreads:0 MaxParallelFrames:0 WppBitEqual:0 WF:0

POC    0 TId: 0 (  IDR_N_LP, I-SLICE, QP 29 )      88120 bits [Y 36.8560 dB    U 39.1129 dB    V 39.8929 dB] [ET   769 ] [L0 ] [L1 ]
POC    8 TId: 2 (      STSA, B-SLICE, QP 35 )      27440 bits [Y 33.0318 dB    U 36.2729 dB    V 36.3247 dB] [ET   172 ] [L0 0 ] [L1 0 ]
POC    4 TId: 3 (      STSA, B-SLICE, QP 38 )      11576 bits [Y 32.1014 dB    U 36.8084 dB    V 37.1250 dB] [ET    99 ] [L0 0 8 ] [L1 8 0 ]
POC    2 TId: 4 (      STSA, B-SLICE, QP 40 )       5768 bits [Y 31.8035 dB    U 37.4177 dB    V 37.9385 dB] [ET    43 ] [L0 0 4 ] [L1 4 8 ]
POC    1 TId: 5 (      STSA, B-SLICE, QP 41 )       2776 bits [Y 32.1050 dB    U 37.6352 dB    V 38.4817 dB] [ET    15 ] [L0 0 2 ] [L1 2 4 ]
POC    3 TId: 5 (      STSA, B-SLICE, QP 41 )       2920 bits [Y 31.3733 dB    U 36.9565 dB    V 37.2278 dB] [ET    16 ] [L0 2 0 ] [L1 4 8 ]
POC    6 TId: 4 (      STSA, B-SLICE, QP 40 )       5744 bits [Y 31.2719 dB    U 36.4274 dB    V 36.4722 dB] [ET    31 ] [L0 4 0 ] [L1 8 4 ]
POC    5 TId: 5 (      STSA, B-SLICE, QP 41 )       2584 bits [Y 31.1890 dB    U 36.4537 dB    V 36.8336 dB] [ET    15 ] [L0 4 0 ] [L1 6 8 ]
POC    7 TId: 5 (      STSA, B-SLICE, QP 41 )       2400 bits [Y 31.3036 dB    U 36.1260 dB    V 36.4396 dB] [ET    13 ] [L0 6 4 ] [L1 8 6 ]
POC    9 TId: 5 (      STSA, B-SLICE, QP 41 )       4400 bits [Y 30.8115 dB    U 35.7880 dB    V 35.7659 dB] [ET    28 ] [L0 8 0 ] [L1 8 0 ]

	Total Frames |   Bitrate     Y-PSNR    U-PSNR    V-PSNR    YUV-PSNR   
	       10    a     461.1840   32.1847   36.8999   37.2502   33.0630

 finished @ Wed Jul 27 19:30:28 2022
 Total Time:     1207.770 sec. [user]     1211.132 sec. [elapsed]

Level: 0
Inject Calls: 148297867
Errors injected by bit:
	Bit 0: 14719
	Bit 1: 14740
	Bit 2: 15067
	Bit 3: 14844
	Bit 4: 15045
	Bit 5: 14949
	Bit 6: 14694
	Bit 7: 14796

Total errors injected: 118854
