
vvencFFapp: Encoder Version 1.0.0 [Linux][GCC 9.4.0][64 bit][SIMD=AVX2]
 started @ Wed Jul 27 08:53:21 2022
CODING TOOL CFG: CTU128 QT44BTT21 IBD:1 CIP:0 SAO:1 ALF:1 (NonLinLuma:0 NonLinChr:0) CCALF:1 WPP:0 WPP-Substreams:1 TMVP:1 DQ:1 (Thr: 4) SDH:0 CST:1 BDOF:1 DMVR:1 MTSImplicit:1 SBT:0 JCbCr:1 CabacInitPresent:1 AMVR:5 SMVD:3 LMCS:1 (Signal:SDR Opt:0) CIIP:0 MIP:1 AFFINE:2 (PROF:1, Type:1) MMVD:3 DisFracMMVD:1 SbTMVP:1 GPM:3 LFNST:1 MTS:0 ISP:3 TS:2 TSLog2MaxSize:3 useChromaTS:0 BDPCM:2 IBC:2 
ENC. ALG. CFG: QPA:0 HAD:1 RDQ:1 RDQTS:1 ASR:1 MinSearchWindow:96 RestrictMESampling:0 EDO:2 MCTF:2 [L:0, T:0] 
FAST TOOL CFG: ECU:0 FEN:1 FDM:1 ESD:0 FastSearch:4 LCTUFast:1 FastMrg:2 PBIntraFast:1 AMaxBT:1 FastQtBtEnc:1 ContentBasedFastQtbt:1 FastMIP:4 FastIntraTools:1 FastLocalDualTree:1 FastSubPel:1 QtbttExtraFast:2 IBCFastMethod:3 
RATE CONTROL CFG: RateControl:0 
PARALLEL PROCESSING CFG: NumThreads:0 MaxParallelFrames:0 WppBitEqual:0 WF:0

POC    0 TId: 0 (  IDR_N_LP, I-SLICE, QP 19 )     219304 bits [Y 43.4688 dB    U 44.9487 dB    V 45.5051 dB] [ET   937 ] [L0 ] [L1 ]
POC    8 TId: 2 (      STSA, B-SLICE, QP 23 )     111648 bits [Y 41.7998 dB    U 42.5693 dB    V 43.0294 dB] [ET   370 ] [L0 0 ] [L1 0 ]
POC    4 TId: 3 (      STSA, B-SLICE, QP 26 )      54672 bits [Y 39.9493 dB    U 41.7941 dB    V 42.2738 dB] [ET   184 ] [L0 0 8 ] [L1 8 0 ]
POC    2 TId: 4 (      STSA, B-SLICE, QP 28 )      30856 bits [Y 39.0022 dB    U 41.8543 dB    V 42.3447 dB] [ET   101 ] [L0 0 4 ] [L1 4 8 ]
POC    1 TId: 5 (      STSA, B-SLICE, QP 29 )      17640 bits [Y 38.8465 dB    U 42.2578 dB    V 42.9723 dB] [ET    60 ] [L0 0 2 ] [L1 2 4 ]
POC    3 TId: 5 (      STSA, B-SLICE, QP 29 )      16368 bits [Y 38.4052 dB    U 41.3976 dB    V 41.7873 dB] [ET    54 ] [L0 2 0 ] [L1 4 8 ]
POC    6 TId: 4 (      STSA, B-SLICE, QP 28 )      29448 bits [Y 38.8414 dB    U 41.1672 dB    V 41.7210 dB] [ET    96 ] [L0 4 0 ] [L1 8 4 ]
POC    5 TId: 5 (      STSA, B-SLICE, QP 29 )      16064 bits [Y 38.3463 dB    U 41.1370 dB    V 41.6457 dB] [ET    53 ] [L0 4 0 ] [L1 6 8 ]
POC    7 TId: 5 (      STSA, B-SLICE, QP 29 )      16328 bits [Y 38.4117 dB    U 41.1871 dB    V 41.7232 dB] [ET    54 ] [L0 6 4 ] [L1 8 6 ]
POC    9 TId: 5 (      STSA, B-SLICE, QP 29 )      25192 bits [Y 38.2213 dB    U 40.6785 dB    V 41.1690 dB] [ET    80 ] [L0 8 0 ] [L1 8 0 ]

	Total Frames |   Bitrate     Y-PSNR    U-PSNR    V-PSNR    YUV-PSNR   
	       10    a    1612.5600   39.5293   41.8991   42.4171   40.0033

 finished @ Wed Jul 27 09:26:41 2022
 Total Time:     1995.932 sec. [user]     1999.776 sec. [elapsed]

Level: 0
Inject Calls: 252101342
Errors injected by bit:
	Bit 0: 252011
	Bit 1: 251842
	Bit 2: 252456
	Bit 3: 252262
	Bit 4: 253392
	Bit 5: 251979
	Bit 6: 252114
	Bit 7: 252427

Total errors injected: 2018483
