
vvencFFapp: Encoder Version 1.0.0 [Linux][GCC 9.4.0][64 bit][SIMD=AVX2]
 started @ Wed Jul 27 17:40:15 2022
CODING TOOL CFG: CTU128 QT44BTT21 IBD:1 CIP:0 SAO:1 ALF:1 (NonLinLuma:0 NonLinChr:0) CCALF:1 WPP:0 WPP-Substreams:1 TMVP:1 DQ:1 (Thr: 4) SDH:0 CST:1 BDOF:1 DMVR:1 MTSImplicit:1 SBT:0 JCbCr:1 CabacInitPresent:1 AMVR:5 SMVD:3 LMCS:1 (Signal:SDR Opt:0) CIIP:0 MIP:1 AFFINE:2 (PROF:1, Type:1) MMVD:3 DisFracMMVD:1 SbTMVP:1 GPM:3 LFNST:1 MTS:0 ISP:3 TS:2 TSLog2MaxSize:3 useChromaTS:0 BDPCM:2 IBC:2 
ENC. ALG. CFG: QPA:0 HAD:1 RDQ:1 RDQTS:1 ASR:1 MinSearchWindow:96 RestrictMESampling:0 EDO:2 MCTF:2 [L:0, T:0] 
FAST TOOL CFG: ECU:0 FEN:1 FDM:1 ESD:0 FastSearch:4 LCTUFast:1 FastMrg:2 PBIntraFast:1 AMaxBT:1 FastQtBtEnc:1 ContentBasedFastQtbt:1 FastMIP:4 FastIntraTools:1 FastLocalDualTree:1 FastSubPel:1 QtbttExtraFast:2 IBCFastMethod:3 
RATE CONTROL CFG: RateControl:0 
PARALLEL PROCESSING CFG: NumThreads:0 MaxParallelFrames:0 WppBitEqual:0 WF:0

POC    0 TId: 0 (  IDR_N_LP, I-SLICE, QP 24 )     143016 bits [Y 40.3231 dB    U 41.7894 dB    V 42.6038 dB] [ET   930 ] [L0 ] [L1 ]
POC    8 TId: 2 (      STSA, B-SLICE, QP 29 )      58728 bits [Y 37.3017 dB    U 39.2400 dB    V 39.5109 dB] [ET   323 ] [L0 0 ] [L1 0 ]
POC    4 TId: 3 (      STSA, B-SLICE, QP 32 )      25032 bits [Y 35.8782 dB    U 38.8112 dB    V 39.3022 dB] [ET   176 ] [L0 0 8 ] [L1 8 0 ]
POC    2 TId: 4 (      STSA, B-SLICE, QP 34 )      13672 bits [Y 35.2373 dB    U 39.2316 dB    V 39.7640 dB] [ET    96 ] [L0 0 4 ] [L1 4 8 ]
POC    1 TId: 5 (      STSA, B-SLICE, QP 36 )       5872 bits [Y 34.9939 dB    U 39.7197 dB    V 40.4497 dB] [ET    44 ] [L0 0 2 ] [L1 2 4 ]
POC    3 TId: 5 (      STSA, B-SLICE, QP 36 )       6096 bits [Y 34.4763 dB    U 38.7090 dB    V 39.2150 dB] [ET    41 ] [L0 2 0 ] [L1 4 8 ]
POC    6 TId: 4 (      STSA, B-SLICE, QP 34 )      13432 bits [Y 34.9304 dB    U 38.5578 dB    V 38.8796 dB] [ET    96 ] [L0 4 0 ] [L1 8 4 ]
POC    5 TId: 5 (      STSA, B-SLICE, QP 36 )       5408 bits [Y 34.3140 dB    U 38.5326 dB    V 39.0337 dB] [ET    42 ] [L0 4 0 ] [L1 6 8 ]
POC    7 TId: 5 (      STSA, B-SLICE, QP 36 )       5392 bits [Y 34.3940 dB    U 38.4580 dB    V 38.9304 dB] [ET    36 ] [L0 6 4 ] [L1 8 6 ]
POC    9 TId: 5 (      STSA, B-SLICE, QP 36 )       8768 bits [Y 33.9099 dB    U 38.1014 dB    V 37.9884 dB] [ET    61 ] [L0 8 0 ] [L1 8 0 ]

	Total Frames |   Bitrate     Y-PSNR    U-PSNR    V-PSNR    YUV-PSNR   
	       10    a     856.2480   35.5759   39.1151   39.5678   36.2333

 finished @ Wed Jul 27 18:11:12 2022
 Total Time:     1851.224 sec. [user]     1856.601 sec. [elapsed]

Level: 0
Inject Calls: 192877869
Errors injected by bit:
	Bit 0: 1920
	Bit 1: 1952
	Bit 2: 1915
	Bit 3: 1936
	Bit 4: 1942
	Bit 5: 1835
	Bit 6: 1928
	Bit 7: 1968

Total errors injected: 15396
