
vvencFFapp: Encoder Version 1.0.0 [Linux][GCC 9.4.0][64 bit][SIMD=AVX2]
 started @ Wed Jul 27 21:00:19 2022
CODING TOOL CFG: CTU128 QT44BTT21 IBD:1 CIP:0 SAO:1 ALF:1 (NonLinLuma:0 NonLinChr:0) CCALF:1 WPP:0 WPP-Substreams:1 TMVP:1 DQ:1 (Thr: 4) SDH:0 CST:1 BDOF:1 DMVR:1 MTSImplicit:1 SBT:0 JCbCr:1 CabacInitPresent:1 AMVR:5 SMVD:3 LMCS:1 (Signal:SDR Opt:0) CIIP:0 MIP:1 AFFINE:2 (PROF:1, Type:1) MMVD:3 DisFracMMVD:1 SbTMVP:1 GPM:3 LFNST:1 MTS:0 ISP:3 TS:2 TSLog2MaxSize:3 useChromaTS:0 BDPCM:2 IBC:2 
ENC. ALG. CFG: QPA:0 HAD:1 RDQ:1 RDQTS:1 ASR:1 MinSearchWindow:96 RestrictMESampling:0 EDO:2 MCTF:2 [L:0, T:0] 
FAST TOOL CFG: ECU:0 FEN:1 FDM:1 ESD:0 FastSearch:4 LCTUFast:1 FastMrg:2 PBIntraFast:1 AMaxBT:1 FastQtBtEnc:1 ContentBasedFastQtbt:1 FastMIP:4 FastIntraTools:1 FastLocalDualTree:1 FastSubPel:1 QtbttExtraFast:2 IBCFastMethod:3 
RATE CONTROL CFG: RateControl:0 
PARALLEL PROCESSING CFG: NumThreads:0 MaxParallelFrames:0 WppBitEqual:0 WF:0

POC    0 TId: 0 (  IDR_N_LP, I-SLICE, QP 34 )      50024 bits [Y 33.3862 dB    U 36.8410 dB    V 36.9307 dB] [ET   611 ] [L0 ] [L1 ]
POC    8 TId: 2 (      STSA, B-SLICE, QP 40 )      14424 bits [Y 29.8163 dB    U 34.9649 dB    V 34.8807 dB] [ET   161 ] [L0 0 ] [L1 0 ]
POC    4 TId: 3 (      STSA, B-SLICE, QP 43 )       5592 bits [Y 29.1504 dB    U 35.1778 dB    V 35.3713 dB] [ET    64 ] [L0 0 8 ] [L1 8 0 ]
POC    2 TId: 4 (      STSA, B-SLICE, QP 45 )       2688 bits [Y 29.0436 dB    U 35.5374 dB    V 35.4622 dB] [ET    31 ] [L0 0 4 ] [L1 4 8 ]
POC    1 TId: 5 (      STSA, B-SLICE, QP 46 )       1144 bits [Y 29.4971 dB    U 35.8176 dB    V 35.9515 dB] [ET    15 ] [L0 0 2 ] [L1 2 4 ]
POC    3 TId: 5 (      STSA, B-SLICE, QP 46 )       1224 bits [Y 28.5967 dB    U 35.2236 dB    V 35.4147 dB] [ET    13 ] [L0 2 0 ] [L1 4 8 ]
POC    6 TId: 4 (      STSA, B-SLICE, QP 45 )       2400 bits [Y 28.3819 dB    U 34.9354 dB    V 34.9127 dB] [ET    27 ] [L0 4 0 ] [L1 8 4 ]
POC    5 TId: 5 (      STSA, B-SLICE, QP 46 )        912 bits [Y 28.3328 dB    U 34.9183 dB    V 35.1275 dB] [ET    10 ] [L0 4 0 ] [L1 6 8 ]
POC    7 TId: 5 (      STSA, B-SLICE, QP 46 )       1104 bits [Y 28.5900 dB    U 34.8031 dB    V 34.8404 dB] [ET     6 ] [L0 6 4 ] [L1 8 6 ]
POC    9 TId: 5 (      STSA, B-SLICE, QP 46 )       2080 bits [Y 28.2661 dB    U 34.5836 dB    V 34.0964 dB] [ET    12 ] [L0 8 0 ] [L1 8 0 ]

	Total Frames |   Bitrate     Y-PSNR    U-PSNR    V-PSNR    YUV-PSNR   
	       10    a     244.7760   29.3061   35.2803   35.2988   30.3753

 finished @ Wed Jul 27 21:16:20 2022
 Total Time:      958.040 sec. [user]      960.330 sec. [elapsed]

Level: 0
Inject Calls: 121807238
Errors injected by bit:
	Bit 0: 137
	Bit 1: 122
	Bit 2: 137
	Bit 3: 136
	Bit 4: 130
	Bit 5: 116
	Bit 6: 114
	Bit 7: 123

Total errors injected: 1015
