
vvencFFapp: Encoder Version 1.0.0 [Linux][GCC 9.4.0][64 bit][SIMD=AVX2]
 started @ Wed Jul 27 17:40:15 2022
CODING TOOL CFG: CTU128 QT44BTT21 IBD:1 CIP:0 SAO:1 ALF:1 (NonLinLuma:0 NonLinChr:0) CCALF:1 WPP:0 WPP-Substreams:1 TMVP:1 DQ:1 (Thr: 4) SDH:0 CST:1 BDOF:1 DMVR:1 MTSImplicit:1 SBT:0 JCbCr:1 CabacInitPresent:1 AMVR:5 SMVD:3 LMCS:1 (Signal:SDR Opt:0) CIIP:0 MIP:1 AFFINE:2 (PROF:1, Type:1) MMVD:3 DisFracMMVD:1 SbTMVP:1 GPM:3 LFNST:1 MTS:0 ISP:3 TS:2 TSLog2MaxSize:3 useChromaTS:0 BDPCM:2 IBC:2 
ENC. ALG. CFG: QPA:0 HAD:1 RDQ:1 RDQTS:1 ASR:1 MinSearchWindow:96 RestrictMESampling:0 EDO:2 MCTF:2 [L:0, T:0] 
FAST TOOL CFG: ECU:0 FEN:1 FDM:1 ESD:0 FastSearch:4 LCTUFast:1 FastMrg:2 PBIntraFast:1 AMaxBT:1 FastQtBtEnc:1 ContentBasedFastQtbt:1 FastMIP:4 FastIntraTools:1 FastLocalDualTree:1 FastSubPel:1 QtbttExtraFast:2 IBCFastMethod:3 
RATE CONTROL CFG: RateControl:0 
PARALLEL PROCESSING CFG: NumThreads:0 MaxParallelFrames:0 WppBitEqual:0 WF:0

POC    0 TId: 0 (  IDR_N_LP, I-SLICE, QP 24 )     142248 bits [Y 40.2887 dB    U 41.7546 dB    V 42.6283 dB] [ET   922 ] [L0 ] [L1 ]
POC    8 TId: 2 (      STSA, B-SLICE, QP 29 )      58632 bits [Y 37.2827 dB    U 39.3194 dB    V 39.5555 dB] [ET   321 ] [L0 0 ] [L1 0 ]
POC    4 TId: 3 (      STSA, B-SLICE, QP 32 )      24792 bits [Y 35.8537 dB    U 38.9299 dB    V 39.3571 dB] [ET   179 ] [L0 0 8 ] [L1 8 0 ]
POC    2 TId: 4 (      STSA, B-SLICE, QP 34 )      13712 bits [Y 35.3034 dB    U 39.3969 dB    V 39.9016 dB] [ET    97 ] [L0 0 4 ] [L1 4 8 ]
POC    1 TId: 5 (      STSA, B-SLICE, QP 36 )       6000 bits [Y 35.1211 dB    U 39.6564 dB    V 40.5335 dB] [ET    47 ] [L0 0 2 ] [L1 2 4 ]
POC    3 TId: 5 (      STSA, B-SLICE, QP 36 )       5992 bits [Y 34.5241 dB    U 38.7747 dB    V 39.2359 dB] [ET    44 ] [L0 2 0 ] [L1 4 8 ]
POC    6 TId: 4 (      STSA, B-SLICE, QP 34 )      13392 bits [Y 34.9323 dB    U 38.4345 dB    V 38.9732 dB] [ET    91 ] [L0 4 0 ] [L1 8 4 ]
POC    5 TId: 5 (      STSA, B-SLICE, QP 36 )       5544 bits [Y 34.3671 dB    U 38.5726 dB    V 39.1138 dB] [ET    42 ] [L0 4 0 ] [L1 6 8 ]
POC    7 TId: 5 (      STSA, B-SLICE, QP 36 )       5272 bits [Y 34.3993 dB    U 38.6177 dB    V 39.0120 dB] [ET    39 ] [L0 6 4 ] [L1 8 6 ]
POC    9 TId: 5 (      STSA, B-SLICE, QP 36 )       9056 bits [Y 34.0466 dB    U 38.2151 dB    V 38.0357 dB] [ET    63 ] [L0 8 0 ] [L1 8 0 ]

	Total Frames |   Bitrate     Y-PSNR    U-PSNR    V-PSNR    YUV-PSNR   
	       10    a     853.9200   35.6119   39.1672   39.6347   36.2832

 finished @ Wed Jul 27 18:11:11 2022
 Total Time:     1848.442 sec. [user]     1855.490 sec. [elapsed]

Level: 0
Inject Calls: 192092800
Errors injected by bit:
	Bit 0: 1934
	Bit 1: 1958
	Bit 2: 1864
	Bit 3: 1969
	Bit 4: 1875
	Bit 5: 1883
	Bit 6: 1994
	Bit 7: 1959

Total errors injected: 15436
