
vvencFFapp: Encoder Version 1.0.0 [Linux][GCC 9.4.0][64 bit][SIMD=AVX2]
 started @ Wed Jul 27 18:55:17 2022
CODING TOOL CFG: CTU128 QT44BTT21 IBD:1 CIP:0 SAO:1 ALF:1 (NonLinLuma:0 NonLinChr:0) CCALF:1 WPP:0 WPP-Substreams:1 TMVP:1 DQ:1 (Thr: 4) SDH:0 CST:1 BDOF:1 DMVR:1 MTSImplicit:1 SBT:0 JCbCr:1 CabacInitPresent:1 AMVR:5 SMVD:3 LMCS:1 (Signal:SDR Opt:0) CIIP:0 MIP:1 AFFINE:2 (PROF:1, Type:1) MMVD:3 DisFracMMVD:1 SbTMVP:1 GPM:3 LFNST:1 MTS:0 ISP:3 TS:2 TSLog2MaxSize:3 useChromaTS:0 BDPCM:2 IBC:2 
ENC. ALG. CFG: QPA:0 HAD:1 RDQ:1 RDQTS:1 ASR:1 MinSearchWindow:96 RestrictMESampling:0 EDO:2 MCTF:2 [L:0, T:0] 
FAST TOOL CFG: ECU:0 FEN:1 FDM:1 ESD:0 FastSearch:4 LCTUFast:1 FastMrg:2 PBIntraFast:1 AMaxBT:1 FastQtBtEnc:1 ContentBasedFastQtbt:1 FastMIP:4 FastIntraTools:1 FastLocalDualTree:1 FastSubPel:1 QtbttExtraFast:2 IBCFastMethod:3 
RATE CONTROL CFG: RateControl:0 
PARALLEL PROCESSING CFG: NumThreads:0 MaxParallelFrames:0 WppBitEqual:0 WF:0

POC    0 TId: 0 (  IDR_N_LP, I-SLICE, QP 29 )      88416 bits [Y 36.8218 dB    U 39.1419 dB    V 40.0139 dB] [ET   740 ] [L0 ] [L1 ]
POC    8 TId: 2 (      STSA, B-SLICE, QP 35 )      27632 bits [Y 33.0332 dB    U 36.2824 dB    V 36.4556 dB] [ET   233 ] [L0 0 ] [L1 0 ]
POC    4 TId: 3 (      STSA, B-SLICE, QP 38 )      11440 bits [Y 32.1284 dB    U 36.8553 dB    V 37.0908 dB] [ET   107 ] [L0 0 8 ] [L1 8 0 ]
POC    2 TId: 4 (      STSA, B-SLICE, QP 40 )       5768 bits [Y 31.8236 dB    U 37.2486 dB    V 37.7776 dB] [ET    55 ] [L0 0 4 ] [L1 4 8 ]
POC    1 TId: 5 (      STSA, B-SLICE, QP 41 )       2824 bits [Y 32.1173 dB    U 37.7066 dB    V 38.3982 dB] [ET    28 ] [L0 0 2 ] [L1 2 4 ]
POC    3 TId: 5 (      STSA, B-SLICE, QP 41 )       2880 bits [Y 31.3949 dB    U 36.7523 dB    V 37.3177 dB] [ET    25 ] [L0 2 0 ] [L1 4 8 ]
POC    6 TId: 4 (      STSA, B-SLICE, QP 40 )       5864 bits [Y 31.3132 dB    U 36.4799 dB    V 36.7315 dB] [ET    51 ] [L0 4 0 ] [L1 8 4 ]
POC    5 TId: 5 (      STSA, B-SLICE, QP 41 )       2560 bits [Y 31.2502 dB    U 36.5220 dB    V 36.8537 dB] [ET    23 ] [L0 4 0 ] [L1 6 8 ]
POC    7 TId: 5 (      STSA, B-SLICE, QP 41 )       2224 bits [Y 31.2241 dB    U 36.1960 dB    V 36.4808 dB] [ET    20 ] [L0 6 4 ] [L1 8 6 ]
POC    9 TId: 5 (      STSA, B-SLICE, QP 41 )       4432 bits [Y 30.8695 dB    U 35.7930 dB    V 35.7501 dB] [ET    39 ] [L0 8 0 ] [L1 8 0 ]

	Total Frames |   Bitrate     Y-PSNR    U-PSNR    V-PSNR    YUV-PSNR   
	       10    a     462.1200   32.1976   36.8978   37.2870   33.0808

 finished @ Wed Jul 27 19:17:28 2022
 Total Time:     1326.871 sec. [user]     1331.353 sec. [elapsed]

Level: 0
Inject Calls: 149341071
Errors injected by bit:
	Bit 0: 148694
	Bit 1: 149214
	Bit 2: 149406
	Bit 3: 149501
	Bit 4: 149436
	Bit 5: 149351
	Bit 6: 148917
	Bit 7: 149323

Total errors injected: 1193842
