
vvencFFapp: Encoder Version 1.0.0 [Linux][GCC 9.4.0][64 bit][SIMD=AVX2]
 started @ Wed Jul 27 15:40:13 2022
CODING TOOL CFG: CTU128 QT44BTT21 IBD:1 CIP:0 SAO:1 ALF:1 (NonLinLuma:0 NonLinChr:0) CCALF:1 WPP:0 WPP-Substreams:1 TMVP:1 DQ:1 (Thr: 4) SDH:0 CST:1 BDOF:1 DMVR:1 MTSImplicit:1 SBT:0 JCbCr:1 CabacInitPresent:1 AMVR:5 SMVD:3 LMCS:1 (Signal:SDR Opt:0) CIIP:0 MIP:1 AFFINE:2 (PROF:1, Type:1) MMVD:3 DisFracMMVD:1 SbTMVP:1 GPM:3 LFNST:1 MTS:0 ISP:3 TS:2 TSLog2MaxSize:3 useChromaTS:0 BDPCM:2 IBC:2 
ENC. ALG. CFG: QPA:0 HAD:1 RDQ:1 RDQTS:1 ASR:1 MinSearchWindow:96 RestrictMESampling:0 EDO:2 MCTF:2 [L:0, T:0] 
FAST TOOL CFG: ECU:0 FEN:1 FDM:1 ESD:0 FastSearch:4 LCTUFast:1 FastMrg:2 PBIntraFast:1 AMaxBT:1 FastQtBtEnc:1 ContentBasedFastQtbt:1 FastMIP:4 FastIntraTools:1 FastLocalDualTree:1 FastSubPel:1 QtbttExtraFast:2 IBCFastMethod:3 
RATE CONTROL CFG: RateControl:0 
PARALLEL PROCESSING CFG: NumThreads:0 MaxParallelFrames:0 WppBitEqual:0 WF:0

POC    0 TId: 0 (  IDR_N_LP, I-SLICE, QP 19 )     217960 bits [Y 43.7194 dB    U 44.9262 dB    V 45.4309 dB] [ET  1021 ] [L0 ] [L1 ]
POC    8 TId: 2 (      STSA, B-SLICE, QP 23 )     112136 bits [Y 41.8079 dB    U 42.5539 dB    V 43.0171 dB] [ET   408 ] [L0 0 ] [L1 0 ]
POC    4 TId: 3 (      STSA, B-SLICE, QP 26 )      53808 bits [Y 39.9479 dB    U 41.6733 dB    V 42.1837 dB] [ET   254 ] [L0 0 8 ] [L1 8 0 ]
POC    2 TId: 4 (      STSA, B-SLICE, QP 28 )      30248 bits [Y 38.9369 dB    U 41.7948 dB    V 42.2536 dB] [ET   156 ] [L0 0 4 ] [L1 4 8 ]
POC    1 TId: 5 (      STSA, B-SLICE, QP 29 )      16848 bits [Y 38.7761 dB    U 42.2420 dB    V 42.8664 dB] [ET    94 ] [L0 0 2 ] [L1 2 4 ]
POC    3 TId: 5 (      STSA, B-SLICE, QP 29 )      16584 bits [Y 38.4436 dB    U 41.2675 dB    V 41.7783 dB] [ET    86 ] [L0 2 0 ] [L1 4 8 ]
POC    6 TId: 4 (      STSA, B-SLICE, QP 28 )      29312 bits [Y 38.8064 dB    U 41.1475 dB    V 41.8114 dB] [ET   152 ] [L0 4 0 ] [L1 8 4 ]
POC    5 TId: 5 (      STSA, B-SLICE, QP 29 )      16168 bits [Y 38.3551 dB    U 41.0570 dB    V 41.7047 dB] [ET    87 ] [L0 4 0 ] [L1 6 8 ]
POC    7 TId: 5 (      STSA, B-SLICE, QP 29 )      16320 bits [Y 38.4400 dB    U 41.1780 dB    V 41.8724 dB] [ET    83 ] [L0 6 4 ] [L1 8 6 ]
POC    9 TId: 5 (      STSA, B-SLICE, QP 29 )      24800 bits [Y 38.1868 dB    U 40.8155 dB    V 41.2686 dB] [ET   128 ] [L0 8 0 ] [L1 8 0 ]

	Total Frames |   Bitrate     Y-PSNR    U-PSNR    V-PSNR    YUV-PSNR   
	       10    a    1602.5520   39.5420   41.8656   42.4187   39.9977

 finished @ Wed Jul 27 16:21:33 2022
 Total Time:     2472.551 sec. [user]     2479.790 sec. [elapsed]

Level: 0
Inject Calls: 250702473
Errors injected by bit:
	Bit 0: 254
	Bit 1: 270
	Bit 2: 261
	Bit 3: 252
	Bit 4: 286
	Bit 5: 255
	Bit 6: 237
	Bit 7: 229

Total errors injected: 2044
