
vvencFFapp: Encoder Version 1.0.0 [Linux][GCC 9.4.0][64 bit][SIMD=AVX2]
 started @ Wed Jul 27 20:40:19 2022
CODING TOOL CFG: CTU128 QT44BTT21 IBD:1 CIP:0 SAO:1 ALF:1 (NonLinLuma:0 NonLinChr:0) CCALF:1 WPP:0 WPP-Substreams:1 TMVP:1 DQ:1 (Thr: 4) SDH:0 CST:1 BDOF:1 DMVR:1 MTSImplicit:1 SBT:0 JCbCr:1 CabacInitPresent:1 AMVR:5 SMVD:3 LMCS:1 (Signal:SDR Opt:0) CIIP:0 MIP:1 AFFINE:2 (PROF:1, Type:1) MMVD:3 DisFracMMVD:1 SbTMVP:1 GPM:3 LFNST:1 MTS:0 ISP:3 TS:2 TSLog2MaxSize:3 useChromaTS:0 BDPCM:2 IBC:2 
ENC. ALG. CFG: QPA:0 HAD:1 RDQ:1 RDQTS:1 ASR:1 MinSearchWindow:96 RestrictMESampling:0 EDO:2 MCTF:2 [L:0, T:0] 
FAST TOOL CFG: ECU:0 FEN:1 FDM:1 ESD:0 FastSearch:4 LCTUFast:1 FastMrg:2 PBIntraFast:1 AMaxBT:1 FastQtBtEnc:1 ContentBasedFastQtbt:1 FastMIP:4 FastIntraTools:1 FastLocalDualTree:1 FastSubPel:1 QtbttExtraFast:2 IBCFastMethod:3 
RATE CONTROL CFG: RateControl:0 
PARALLEL PROCESSING CFG: NumThreads:0 MaxParallelFrames:0 WppBitEqual:0 WF:0

POC    0 TId: 0 (  IDR_N_LP, I-SLICE, QP 34 )      49840 bits [Y 33.3524 dB    U 36.7856 dB    V 36.9899 dB] [ET   724 ] [L0 ] [L1 ]
POC    8 TId: 2 (      STSA, B-SLICE, QP 40 )      14272 bits [Y 29.8988 dB    U 34.9168 dB    V 34.8854 dB] [ET   163 ] [L0 0 ] [L1 0 ]
POC    4 TId: 3 (      STSA, B-SLICE, QP 43 )       5344 bits [Y 29.0615 dB    U 35.2536 dB    V 35.3106 dB] [ET    62 ] [L0 0 8 ] [L1 8 0 ]
POC    2 TId: 4 (      STSA, B-SLICE, QP 45 )       2800 bits [Y 29.1221 dB    U 35.5499 dB    V 35.6883 dB] [ET    34 ] [L0 0 4 ] [L1 4 8 ]
POC    1 TId: 5 (      STSA, B-SLICE, QP 46 )       1312 bits [Y 29.6881 dB    U 35.8590 dB    V 36.0278 dB] [ET    14 ] [L0 0 2 ] [L1 2 4 ]
POC    3 TId: 5 (      STSA, B-SLICE, QP 46 )       1376 bits [Y 28.7019 dB    U 35.3129 dB    V 35.3790 dB] [ET    14 ] [L0 2 0 ] [L1 4 8 ]
POC    6 TId: 4 (      STSA, B-SLICE, QP 45 )       2680 bits [Y 28.4338 dB    U 34.8680 dB    V 34.8928 dB] [ET    29 ] [L0 4 0 ] [L1 8 4 ]
POC    5 TId: 5 (      STSA, B-SLICE, QP 46 )       1088 bits [Y 28.4416 dB    U 34.8555 dB    V 34.9956 dB] [ET    12 ] [L0 4 0 ] [L1 6 8 ]
POC    7 TId: 5 (      STSA, B-SLICE, QP 46 )       1112 bits [Y 28.5851 dB    U 34.7970 dB    V 34.8034 dB] [ET    11 ] [L0 6 4 ] [L1 8 6 ]
POC    9 TId: 5 (      STSA, B-SLICE, QP 46 )       2128 bits [Y 28.2740 dB    U 34.3144 dB    V 34.1782 dB] [ET    13 ] [L0 8 0 ] [L1 8 0 ]

	Total Frames |   Bitrate     Y-PSNR    U-PSNR    V-PSNR    YUV-PSNR   
	       10    a     245.8560   29.3559   35.2513   35.3151   30.4215

 finished @ Wed Jul 27 20:58:25 2022
 Total Time:     1082.472 sec. [user]     1085.944 sec. [elapsed]

Level: 0
Inject Calls: 121831573
Errors injected by bit:
	Bit 0: 1184
	Bit 1: 1223
	Bit 2: 1184
	Bit 3: 1227
	Bit 4: 1207
	Bit 5: 1281
	Bit 6: 1269
	Bit 7: 1201

Total errors injected: 9776
