
vvencFFapp: Encoder Version 1.0.0 [Linux][GCC 9.4.0][64 bit][SIMD=AVX2]
 started @ Thu Jul  7 12:23:44 2022
CODING TOOL CFG: CTU128 QT44BTT21 IBD:1 CIP:0 SAO:1 ALF:1 (NonLinLuma:0 NonLinChr:0) CCALF:1 WPP:0 WPP-Substreams:1 TMVP:1 DQ:1 (Thr: 4) SDH:0 CST:1 BDOF:1 DMVR:1 MTSImplicit:1 SBT:0 JCbCr:1 CabacInitPresent:1 AMVR:5 SMVD:3 LMCS:1 (Signal:SDR Opt:0) CIIP:0 MIP:1 AFFINE:2 (PROF:1, Type:1) MMVD:3 DisFracMMVD:1 SbTMVP:1 GPM:3 LFNST:1 MTS:0 ISP:3 TS:2 TSLog2MaxSize:3 useChromaTS:0 BDPCM:2 IBC:2 
ENC. ALG. CFG: QPA:0 HAD:1 RDQ:1 RDQTS:1 ASR:1 MinSearchWindow:96 RestrictMESampling:0 EDO:2 MCTF:2 [L:0, T:0] 
FAST TOOL CFG: ECU:0 FEN:1 FDM:1 ESD:0 FastSearch:4 LCTUFast:1 FastMrg:2 PBIntraFast:1 AMaxBT:1 FastQtBtEnc:1 ContentBasedFastQtbt:1 FastMIP:4 FastIntraTools:1 FastLocalDualTree:1 FastSubPel:1 QtbttExtraFast:2 IBCFastMethod:3 
RATE CONTROL CFG: RateControl:0 
PARALLEL PROCESSING CFG: NumThreads:0 MaxParallelFrames:0 WppBitEqual:0 WF:0

POC    0 TId: 0 (  IDR_N_LP, I-SLICE, QP 34 )      51040 bits [Y 32.3791 dB    U 36.6440 dB    V 36.9066 dB] [ET  3024 ] [L0 ] [L1 ]
POC    8 TId: 2 (      STSA, B-SLICE, QP 40 )      14696 bits [Y 29.6293 dB    U 34.7214 dB    V 34.5712 dB] [ET   773 ] [L0 0 ] [L1 0 ]
POC    4 TId: 3 (      STSA, B-SLICE, QP 43 )       6056 bits [Y 29.0140 dB    U 35.2491 dB    V 35.2293 dB] [ET   415 ] [L0 0 8 ] [L1 8 0 ]
POC    2 TId: 4 (      STSA, B-SLICE, QP 45 )       2888 bits [Y 28.7949 dB    U 35.4363 dB    V 35.6034 dB] [ET   290 ] [L0 0 4 ] [L1 4 8 ]
POC    1 TId: 5 (      STSA, B-SLICE, QP 46 )       1160 bits [Y 29.2249 dB    U 35.7894 dB    V 36.1693 dB] [ET   162 ] [L0 0 2 ] [L1 2 4 ]
POC    3 TId: 5 (      STSA, B-SLICE, QP 46 )       1152 bits [Y 28.4339 dB    U 35.1695 dB    V 35.2164 dB] [ET   187 ] [L0 2 0 ] [L1 4 8 ]
POC    6 TId: 4 (      STSA, B-SLICE, QP 45 )       2560 bits [Y 28.2746 dB    U 34.7323 dB    V 34.7489 dB] [ET   308 ] [L0 4 0 ] [L1 8 4 ]
POC    5 TId: 5 (      STSA, B-SLICE, QP 46 )       1056 bits [Y 28.2870 dB    U 34.7465 dB    V 34.8832 dB] [ET   174 ] [L0 4 0 ] [L1 6 8 ]
POC    7 TId: 5 (      STSA, B-SLICE, QP 46 )       1032 bits [Y 28.4236 dB    U 34.4294 dB    V 34.6204 dB] [ET   163 ] [L0 6 4 ] [L1 8 6 ]
POC    9 TId: 5 (      STSA, B-SLICE, QP 46 )       2032 bits [Y 28.0559 dB    U 34.2966 dB    V 33.7760 dB] [ET   269 ] [L0 8 0 ] [L1 8 0 ]

	Total Frames |   Bitrate     Y-PSNR    U-PSNR    V-PSNR    YUV-PSNR   
	       10    a     251.0160   29.0517   35.1214   35.1725   30.1784

 finished @ Thu Jul  7 13:59:59 2022
 Total Time:     5728.349 sec. [user]     5775.102 sec. [elapsed]

Level: 0
Inject Calls: 1117856680
Errors injected by bit:
	Bit 0: 111733
	Bit 1: 111755
	Bit 2: 111820
	Bit 3: 111804
	Bit 4: 111731
	Bit 5: 111726
	Bit 6: 111514
	Bit 7: 112235

Total errors injected: 894318
