
vvencFFapp: Encoder Version 1.0.0 [Linux][GCC 9.4.0][64 bit][SIMD=AVX2]
 started @ Wed Jul  6 14:18:18 2022
CODING TOOL CFG: CTU128 QT44BTT21 IBD:1 CIP:0 SAO:1 ALF:1 (NonLinLuma:0 NonLinChr:0) CCALF:1 WPP:0 WPP-Substreams:1 TMVP:1 DQ:1 (Thr: 4) SDH:0 CST:1 BDOF:1 DMVR:1 MTSImplicit:1 SBT:0 JCbCr:1 CabacInitPresent:1 AMVR:5 SMVD:3 LMCS:1 (Signal:SDR Opt:0) CIIP:0 MIP:1 AFFINE:2 (PROF:1, Type:1) MMVD:3 DisFracMMVD:1 SbTMVP:1 GPM:3 LFNST:1 MTS:0 ISP:3 TS:2 TSLog2MaxSize:3 useChromaTS:0 BDPCM:2 IBC:2 
ENC. ALG. CFG: QPA:0 HAD:1 RDQ:1 RDQTS:1 ASR:1 MinSearchWindow:96 RestrictMESampling:0 EDO:2 MCTF:2 [L:0, T:0] 
FAST TOOL CFG: ECU:0 FEN:1 FDM:1 ESD:0 FastSearch:4 LCTUFast:1 FastMrg:2 PBIntraFast:1 AMaxBT:1 FastQtBtEnc:1 ContentBasedFastQtbt:1 FastMIP:4 FastIntraTools:1 FastLocalDualTree:1 FastSubPel:1 QtbttExtraFast:2 IBCFastMethod:3 
RATE CONTROL CFG: RateControl:0 
PARALLEL PROCESSING CFG: NumThreads:0 MaxParallelFrames:0 WppBitEqual:0 WF:0

POC    0 TId: 0 (  IDR_N_LP, I-SLICE, QP 19 )     218888 bits [Y 43.7481 dB    U 44.8677 dB    V 45.3903 dB] [ET  4354 ] [L0 ] [L1 ]
POC    8 TId: 2 (      STSA, B-SLICE, QP 23 )     112008 bits [Y 41.7943 dB    U 42.5146 dB    V 43.0679 dB] [ET  2233 ] [L0 0 ] [L1 0 ]
POC    4 TId: 3 (      STSA, B-SLICE, QP 26 )      53136 bits [Y 39.8823 dB    U 41.7582 dB    V 42.2332 dB] [ET  1339 ] [L0 0 8 ] [L1 8 0 ]
POC    2 TId: 4 (      STSA, B-SLICE, QP 28 )      30592 bits [Y 39.0032 dB    U 41.8263 dB    V 42.1591 dB] [ET   908 ] [L0 0 4 ] [L1 4 8 ]
POC    1 TId: 5 (      STSA, B-SLICE, QP 29 )      17224 bits [Y 38.8135 dB    U 42.0991 dB    V 42.8340 dB] [ET   539 ] [L0 0 2 ] [L1 2 4 ]
POC    3 TId: 5 (      STSA, B-SLICE, QP 29 )      16640 bits [Y 38.4327 dB    U 41.2989 dB    V 41.6666 dB] [ET   471 ] [L0 2 0 ] [L1 4 8 ]
POC    6 TId: 4 (      STSA, B-SLICE, QP 28 )      29520 bits [Y 38.8340 dB    U 41.1666 dB    V 41.6895 dB] [ET   824 ] [L0 4 0 ] [L1 8 4 ]
POC    5 TId: 5 (      STSA, B-SLICE, QP 29 )      15896 bits [Y 38.3361 dB    U 41.1517 dB    V 41.5546 dB] [ET   465 ] [L0 4 0 ] [L1 6 8 ]
POC    7 TId: 5 (      STSA, B-SLICE, QP 29 )      16088 bits [Y 38.3948 dB    U 41.2260 dB    V 41.8130 dB] [ET   437 ] [L0 6 4 ] [L1 8 6 ]
POC    9 TId: 5 (      STSA, B-SLICE, QP 29 )      25576 bits [Y 38.2937 dB    U 40.8218 dB    V 41.2315 dB] [ET   717 ] [L0 8 0 ] [L1 8 0 ]

	Total Frames |   Bitrate     Y-PSNR    U-PSNR    V-PSNR    YUV-PSNR   
	       10    a    1606.7040   39.5533   41.8731   42.3640   40.0040

 finished @ Wed Jul  6 17:43:17 2022
 Total Time:    12208.214 sec. [user]    12299.666 sec. [elapsed]

Level: 0
Inject Calls: 2299103936
Errors injected by bit:
	Bit 0: 2232
	Bit 1: 2277
	Bit 2: 2293
	Bit 3: 2351
	Bit 4: 2337
	Bit 5: 2267
	Bit 6: 2285
	Bit 7: 2225

Total errors injected: 18267
