
vvencFFapp: Encoder Version 1.0.0 [Linux][GCC 9.4.0][64 bit][SIMD=AVX2]
 started @ Thu Jul  7 08:58:40 2022
CODING TOOL CFG: CTU128 QT44BTT21 IBD:1 CIP:0 SAO:1 ALF:1 (NonLinLuma:0 NonLinChr:0) CCALF:1 WPP:0 WPP-Substreams:1 TMVP:1 DQ:1 (Thr: 4) SDH:0 CST:1 BDOF:1 DMVR:1 MTSImplicit:1 SBT:0 JCbCr:1 CabacInitPresent:1 AMVR:5 SMVD:3 LMCS:1 (Signal:SDR Opt:0) CIIP:0 MIP:1 AFFINE:2 (PROF:1, Type:1) MMVD:3 DisFracMMVD:1 SbTMVP:1 GPM:3 LFNST:1 MTS:0 ISP:3 TS:2 TSLog2MaxSize:3 useChromaTS:0 BDPCM:2 IBC:2 
ENC. ALG. CFG: QPA:0 HAD:1 RDQ:1 RDQTS:1 ASR:1 MinSearchWindow:96 RestrictMESampling:0 EDO:2 MCTF:2 [L:0, T:0] 
FAST TOOL CFG: ECU:0 FEN:1 FDM:1 ESD:0 FastSearch:4 LCTUFast:1 FastMrg:2 PBIntraFast:1 AMaxBT:1 FastQtBtEnc:1 ContentBasedFastQtbt:1 FastMIP:4 FastIntraTools:1 FastLocalDualTree:1 FastSubPel:1 QtbttExtraFast:2 IBCFastMethod:3 
RATE CONTROL CFG: RateControl:0 
PARALLEL PROCESSING CFG: NumThreads:0 MaxParallelFrames:0 WppBitEqual:0 WF:0

POC    0 TId: 0 (  IDR_N_LP, I-SLICE, QP 29 )      88176 bits [Y 36.8666 dB    U 39.2065 dB    V 39.8499 dB] [ET  3540 ] [L0 ] [L1 ]
POC    8 TId: 2 (      STSA, B-SLICE, QP 35 )      26952 bits [Y 33.0230 dB    U 36.3154 dB    V 36.5056 dB] [ET  1289 ] [L0 0 ] [L1 0 ]
POC    4 TId: 3 (      STSA, B-SLICE, QP 38 )      11504 bits [Y 32.1588 dB    U 36.6951 dB    V 37.1269 dB] [ET   714 ] [L0 0 8 ] [L1 8 0 ]
POC    2 TId: 4 (      STSA, B-SLICE, QP 40 )       5792 bits [Y 31.8112 dB    U 37.3314 dB    V 37.9561 dB] [ET   402 ] [L0 0 4 ] [L1 4 8 ]
POC    1 TId: 5 (      STSA, B-SLICE, QP 41 )       2920 bits [Y 32.2401 dB    U 37.8057 dB    V 38.4489 dB] [ET   180 ] [L0 0 2 ] [L1 2 4 ]
POC    3 TId: 5 (      STSA, B-SLICE, QP 41 )       2792 bits [Y 31.3198 dB    U 36.9150 dB    V 37.3735 dB] [ET   189 ] [L0 2 0 ] [L1 4 8 ]
POC    6 TId: 4 (      STSA, B-SLICE, QP 40 )       5776 bits [Y 31.3428 dB    U 36.2966 dB    V 36.6032 dB] [ET   401 ] [L0 4 0 ] [L1 8 4 ]
POC    5 TId: 5 (      STSA, B-SLICE, QP 41 )       2368 bits [Y 31.2393 dB    U 36.3966 dB    V 36.8608 dB] [ET   160 ] [L0 4 0 ] [L1 6 8 ]
POC    7 TId: 5 (      STSA, B-SLICE, QP 41 )       2368 bits [Y 31.2569 dB    U 36.1584 dB    V 36.5154 dB] [ET   144 ] [L0 6 4 ] [L1 8 6 ]
POC    9 TId: 5 (      STSA, B-SLICE, QP 41 )       4320 bits [Y 30.8671 dB    U 35.8583 dB    V 35.6685 dB] [ET   303 ] [L0 8 0 ] [L1 8 0 ]

	Total Frames |   Bitrate     Y-PSNR    U-PSNR    V-PSNR    YUV-PSNR   
	       10    a     458.9040   32.2126   36.8979   37.2909   33.0902

 finished @ Thu Jul  7 11:00:54 2022
 Total Time:     7265.152 sec. [user]     7334.010 sec. [elapsed]

Level: 0
Inject Calls: 1401038336
Errors injected by bit:
	Bit 0: 133
	Bit 1: 143
	Bit 2: 173
	Bit 3: 126
	Bit 4: 138
	Bit 5: 168
	Bit 6: 149
	Bit 7: 133

Total errors injected: 1163
