
vvencFFapp: Encoder Version 1.0.0 [Linux][GCC 9.4.0][64 bit][SIMD=AVX2]
 started @ Wed Jul  6 21:33:26 2022
CODING TOOL CFG: CTU128 QT44BTT21 IBD:1 CIP:0 SAO:1 ALF:1 (NonLinLuma:0 NonLinChr:0) CCALF:1 WPP:0 WPP-Substreams:1 TMVP:1 DQ:1 (Thr: 4) SDH:0 CST:1 BDOF:1 DMVR:1 MTSImplicit:1 SBT:0 JCbCr:1 CabacInitPresent:1 AMVR:5 SMVD:3 LMCS:1 (Signal:SDR Opt:0) CIIP:0 MIP:1 AFFINE:2 (PROF:1, Type:1) MMVD:3 DisFracMMVD:1 SbTMVP:1 GPM:3 LFNST:1 MTS:0 ISP:3 TS:2 TSLog2MaxSize:3 useChromaTS:0 BDPCM:2 IBC:2 
ENC. ALG. CFG: QPA:0 HAD:1 RDQ:1 RDQTS:1 ASR:1 MinSearchWindow:96 RestrictMESampling:0 EDO:2 MCTF:2 [L:0, T:0] 
FAST TOOL CFG: ECU:0 FEN:1 FDM:1 ESD:0 FastSearch:4 LCTUFast:1 FastMrg:2 PBIntraFast:1 AMaxBT:1 FastQtBtEnc:1 ContentBasedFastQtbt:1 FastMIP:4 FastIntraTools:1 FastLocalDualTree:1 FastSubPel:1 QtbttExtraFast:2 IBCFastMethod:3 
RATE CONTROL CFG: RateControl:0 
PARALLEL PROCESSING CFG: NumThreads:0 MaxParallelFrames:0 WppBitEqual:0 WF:0

POC    0 TId: 0 (  IDR_N_LP, I-SLICE, QP 24 )     142808 bits [Y 39.0294 dB    U 41.7076 dB    V 42.5341 dB] [ET  3991 ] [L0 ] [L1 ]
POC    8 TId: 2 (      STSA, B-SLICE, QP 29 )      58408 bits [Y 37.2636 dB    U 39.2657 dB    V 39.4726 dB] [ET  1757 ] [L0 0 ] [L1 0 ]
POC    4 TId: 3 (      STSA, B-SLICE, QP 32 )      25608 bits [Y 35.8827 dB    U 38.8508 dB    V 39.3066 dB] [ET   953 ] [L0 0 8 ] [L1 8 0 ]
POC    2 TId: 4 (      STSA, B-SLICE, QP 34 )      13528 bits [Y 35.1804 dB    U 39.1879 dB    V 39.9951 dB] [ET   568 ] [L0 0 4 ] [L1 4 8 ]
POC    1 TId: 5 (      STSA, B-SLICE, QP 36 )       5928 bits [Y 34.9189 dB    U 39.5754 dB    V 40.5180 dB] [ET   278 ] [L0 0 2 ] [L1 2 4 ]
POC    3 TId: 5 (      STSA, B-SLICE, QP 36 )       5616 bits [Y 34.3480 dB    U 38.7575 dB    V 39.2579 dB] [ET   239 ] [L0 2 0 ] [L1 4 8 ]
POC    6 TId: 4 (      STSA, B-SLICE, QP 34 )      13568 bits [Y 34.8892 dB    U 38.4060 dB    V 38.8496 dB] [ET   575 ] [L0 4 0 ] [L1 8 4 ]
POC    5 TId: 5 (      STSA, B-SLICE, QP 36 )       5224 bits [Y 34.2347 dB    U 38.3714 dB    V 38.8661 dB] [ET   245 ] [L0 4 0 ] [L1 6 8 ]
POC    7 TId: 5 (      STSA, B-SLICE, QP 36 )       4992 bits [Y 34.3309 dB    U 38.5206 dB    V 38.9482 dB] [ET   232 ] [L0 6 4 ] [L1 8 6 ]
POC    9 TId: 5 (      STSA, B-SLICE, QP 36 )       9072 bits [Y 34.0239 dB    U 38.0740 dB    V 38.2082 dB] [ET   393 ] [L0 8 0 ] [L1 8 0 ]

	Total Frames |   Bitrate     Y-PSNR    U-PSNR    V-PSNR    YUV-PSNR   
	       10    a     854.2560   35.4102   39.0717   39.5957   36.1620

 finished @ Thu Jul  7 00:07:29 2022
 Total Time:     9174.840 sec. [user]     9243.107 sec. [elapsed]

Level: 0
Inject Calls: 1715434424
Errors injected by bit:
	Bit 0: 17092
	Bit 1: 17118
	Bit 2: 17310
	Bit 3: 17232
	Bit 4: 17114
	Bit 5: 17157
	Bit 6: 17170
	Bit 7: 17270

Total errors injected: 137463
