
vvencFFapp: Encoder Version 1.0.0 [Linux][GCC 9.4.0][64 bit][SIMD=AVX2]
 started @ Wed Jul  6 21:18:26 2022
CODING TOOL CFG: CTU128 QT44BTT21 IBD:1 CIP:0 SAO:1 ALF:1 (NonLinLuma:0 NonLinChr:0) CCALF:1 WPP:0 WPP-Substreams:1 TMVP:1 DQ:1 (Thr: 4) SDH:0 CST:1 BDOF:1 DMVR:1 MTSImplicit:1 SBT:0 JCbCr:1 CabacInitPresent:1 AMVR:5 SMVD:3 LMCS:1 (Signal:SDR Opt:0) CIIP:0 MIP:1 AFFINE:2 (PROF:1, Type:1) MMVD:3 DisFracMMVD:1 SbTMVP:1 GPM:3 LFNST:1 MTS:0 ISP:3 TS:2 TSLog2MaxSize:3 useChromaTS:0 BDPCM:2 IBC:2 
ENC. ALG. CFG: QPA:0 HAD:1 RDQ:1 RDQTS:1 ASR:1 MinSearchWindow:96 RestrictMESampling:0 EDO:2 MCTF:2 [L:0, T:0] 
FAST TOOL CFG: ECU:0 FEN:1 FDM:1 ESD:0 FastSearch:4 LCTUFast:1 FastMrg:2 PBIntraFast:1 AMaxBT:1 FastQtBtEnc:1 ContentBasedFastQtbt:1 FastMIP:4 FastIntraTools:1 FastLocalDualTree:1 FastSubPel:1 QtbttExtraFast:2 IBCFastMethod:3 
RATE CONTROL CFG: RateControl:0 
PARALLEL PROCESSING CFG: NumThreads:0 MaxParallelFrames:0 WppBitEqual:0 WF:0

POC    0 TId: 0 (  IDR_N_LP, I-SLICE, QP 24 )     145152 bits [Y 36.8670 dB    U 41.7453 dB    V 42.6193 dB] [ET  3617 ] [L0 ] [L1 ]
POC    8 TId: 2 (      STSA, B-SLICE, QP 29 )      61144 bits [Y 37.1435 dB    U 39.0177 dB    V 39.5416 dB] [ET  1359 ] [L0 0 ] [L1 0 ]
POC    4 TId: 3 (      STSA, B-SLICE, QP 32 )      26000 bits [Y 35.2065 dB    U 38.7103 dB    V 39.2368 dB] [ET   775 ] [L0 0 8 ] [L1 8 0 ]
POC    2 TId: 4 (      STSA, B-SLICE, QP 34 )      13120 bits [Y 34.5026 dB    U 39.0889 dB    V 39.8200 dB] [ET   468 ] [L0 0 4 ] [L1 4 8 ]
POC    1 TId: 5 (      STSA, B-SLICE, QP 36 )       5984 bits [Y 34.2633 dB    U 39.4290 dB    V 40.4875 dB] [ET   283 ] [L0 0 2 ] [L1 2 4 ]
POC    3 TId: 5 (      STSA, B-SLICE, QP 36 )       5392 bits [Y 33.4305 dB    U 38.4413 dB    V 39.0551 dB] [ET   261 ] [L0 2 0 ] [L1 4 8 ]
POC    6 TId: 4 (      STSA, B-SLICE, QP 34 )      13400 bits [Y 34.5097 dB    U 38.4197 dB    V 38.8704 dB] [ET   455 ] [L0 4 0 ] [L1 8 4 ]
POC    5 TId: 5 (      STSA, B-SLICE, QP 36 )       5216 bits [Y 33.3375 dB    U 38.3623 dB    V 38.9663 dB] [ET   253 ] [L0 4 0 ] [L1 6 8 ]
POC    7 TId: 5 (      STSA, B-SLICE, QP 36 )       4688 bits [Y 33.6483 dB    U 38.1705 dB    V 38.7697 dB] [ET   253 ] [L0 6 4 ] [L1 8 6 ]
POC    9 TId: 5 (      STSA, B-SLICE, QP 36 )       9032 bits [Y 33.5957 dB    U 37.8902 dB    V 37.9619 dB] [ET   442 ] [L0 8 0 ] [L1 8 0 ]

	Total Frames |   Bitrate     Y-PSNR    U-PSNR    V-PSNR    YUV-PSNR   
	       10    a     867.3840   34.6504   38.9275   39.5329   35.5430

 finished @ Wed Jul  6 23:34:44 2022
 Total Time:     8120.181 sec. [user]     8178.407 sec. [elapsed]

Level: 0
Inject Calls: 1555338280
Errors injected by bit:
	Bit 0: 156093
	Bit 1: 155548
	Bit 2: 155893
	Bit 3: 155988
	Bit 4: 155461
	Bit 5: 155603
	Bit 6: 155421
	Bit 7: 155950

Total errors injected: 1245957
