
vvencFFapp: Encoder Version 1.0.0 [Linux][GCC 9.4.0][64 bit][SIMD=AVX2]
 started @ Wed Jul  6 21:33:26 2022
CODING TOOL CFG: CTU128 QT44BTT21 IBD:1 CIP:0 SAO:1 ALF:1 (NonLinLuma:0 NonLinChr:0) CCALF:1 WPP:0 WPP-Substreams:1 TMVP:1 DQ:1 (Thr: 4) SDH:0 CST:1 BDOF:1 DMVR:1 MTSImplicit:1 SBT:0 JCbCr:1 CabacInitPresent:1 AMVR:5 SMVD:3 LMCS:1 (Signal:SDR Opt:0) CIIP:0 MIP:1 AFFINE:2 (PROF:1, Type:1) MMVD:3 DisFracMMVD:1 SbTMVP:1 GPM:3 LFNST:1 MTS:0 ISP:3 TS:2 TSLog2MaxSize:3 useChromaTS:0 BDPCM:2 IBC:2 
ENC. ALG. CFG: QPA:0 HAD:1 RDQ:1 RDQTS:1 ASR:1 MinSearchWindow:96 RestrictMESampling:0 EDO:2 MCTF:2 [L:0, T:0] 
FAST TOOL CFG: ECU:0 FEN:1 FDM:1 ESD:0 FastSearch:4 LCTUFast:1 FastMrg:2 PBIntraFast:1 AMaxBT:1 FastQtBtEnc:1 ContentBasedFastQtbt:1 FastMIP:4 FastIntraTools:1 FastLocalDualTree:1 FastSubPel:1 QtbttExtraFast:2 IBCFastMethod:3 
RATE CONTROL CFG: RateControl:0 
PARALLEL PROCESSING CFG: NumThreads:0 MaxParallelFrames:0 WppBitEqual:0 WF:0

POC    0 TId: 0 (  IDR_N_LP, I-SLICE, QP 24 )     142224 bits [Y 39.8107 dB    U 41.6780 dB    V 42.5380 dB] [ET  4134 ] [L0 ] [L1 ]
POC    8 TId: 2 (      STSA, B-SLICE, QP 29 )      59096 bits [Y 37.2762 dB    U 39.0208 dB    V 39.3533 dB] [ET  1763 ] [L0 0 ] [L1 0 ]
POC    4 TId: 3 (      STSA, B-SLICE, QP 32 )      25096 bits [Y 35.8264 dB    U 38.7607 dB    V 39.2711 dB] [ET   932 ] [L0 0 8 ] [L1 8 0 ]
POC    2 TId: 4 (      STSA, B-SLICE, QP 34 )      13632 bits [Y 35.2092 dB    U 39.2354 dB    V 39.7071 dB] [ET   571 ] [L0 0 4 ] [L1 4 8 ]
POC    1 TId: 5 (      STSA, B-SLICE, QP 36 )       5920 bits [Y 34.9354 dB    U 39.7439 dB    V 40.4185 dB] [ET   277 ] [L0 0 2 ] [L1 2 4 ]
POC    3 TId: 5 (      STSA, B-SLICE, QP 36 )       5720 bits [Y 34.3263 dB    U 38.6559 dB    V 39.1195 dB] [ET   258 ] [L0 2 0 ] [L1 4 8 ]
POC    6 TId: 4 (      STSA, B-SLICE, QP 34 )      13464 bits [Y 34.9123 dB    U 38.3274 dB    V 38.7220 dB] [ET   584 ] [L0 4 0 ] [L1 8 4 ]
POC    5 TId: 5 (      STSA, B-SLICE, QP 36 )       5496 bits [Y 34.3052 dB    U 38.4062 dB    V 38.8389 dB] [ET   236 ] [L0 4 0 ] [L1 6 8 ]
POC    7 TId: 5 (      STSA, B-SLICE, QP 36 )       5168 bits [Y 34.3874 dB    U 38.3975 dB    V 38.8445 dB] [ET   220 ] [L0 6 4 ] [L1 8 6 ]
POC    9 TId: 5 (      STSA, B-SLICE, QP 36 )       9224 bits [Y 34.0364 dB    U 37.9582 dB    V 38.0157 dB] [ET   457 ] [L0 8 0 ] [L1 8 0 ]

	Total Frames |   Bitrate     Y-PSNR    U-PSNR    V-PSNR    YUV-PSNR   
	       10    a     855.1200   35.5026   39.0184   39.4829   36.1867

 finished @ Thu Jul  7 00:10:51 2022
 Total Time:     9366.058 sec. [user]     9444.697 sec. [elapsed]

Level: 0
Inject Calls: 1744921832
Errors injected by bit:
	Bit 0: 17456
	Bit 1: 17580
	Bit 2: 17378
	Bit 3: 17644
	Bit 4: 17385
	Bit 5: 17431
	Bit 6: 17570
	Bit 7: 17619

Total errors injected: 140063
