
vvencFFapp: Encoder Version 1.0.0 [Linux][GCC 9.4.0][64 bit][SIMD=AVX2]
 started @ Thu Jul  7 12:43:45 2022
CODING TOOL CFG: CTU128 QT44BTT21 IBD:1 CIP:0 SAO:1 ALF:1 (NonLinLuma:0 NonLinChr:0) CCALF:1 WPP:0 WPP-Substreams:1 TMVP:1 DQ:1 (Thr: 4) SDH:0 CST:1 BDOF:1 DMVR:1 MTSImplicit:1 SBT:0 JCbCr:1 CabacInitPresent:1 AMVR:5 SMVD:3 LMCS:1 (Signal:SDR Opt:0) CIIP:0 MIP:1 AFFINE:2 (PROF:1, Type:1) MMVD:3 DisFracMMVD:1 SbTMVP:1 GPM:3 LFNST:1 MTS:0 ISP:3 TS:2 TSLog2MaxSize:3 useChromaTS:0 BDPCM:2 IBC:2 
ENC. ALG. CFG: QPA:0 HAD:1 RDQ:1 RDQTS:1 ASR:1 MinSearchWindow:96 RestrictMESampling:0 EDO:2 MCTF:2 [L:0, T:0] 
FAST TOOL CFG: ECU:0 FEN:1 FDM:1 ESD:0 FastSearch:4 LCTUFast:1 FastMrg:2 PBIntraFast:1 AMaxBT:1 FastQtBtEnc:1 ContentBasedFastQtbt:1 FastMIP:4 FastIntraTools:1 FastLocalDualTree:1 FastSubPel:1 QtbttExtraFast:2 IBCFastMethod:3 
RATE CONTROL CFG: RateControl:0 
PARALLEL PROCESSING CFG: NumThreads:0 MaxParallelFrames:0 WppBitEqual:0 WF:0

POC    0 TId: 0 (  IDR_N_LP, I-SLICE, QP 34 )      50296 bits [Y 33.1537 dB    U 36.6912 dB    V 37.1438 dB] [ET  3285 ] [L0 ] [L1 ]
POC    8 TId: 2 (      STSA, B-SLICE, QP 40 )      14000 bits [Y 29.8858 dB    U 35.1924 dB    V 34.9140 dB] [ET   953 ] [L0 0 ] [L1 0 ]
POC    4 TId: 3 (      STSA, B-SLICE, QP 43 )       5600 bits [Y 29.0538 dB    U 35.2749 dB    V 35.3873 dB] [ET   435 ] [L0 0 8 ] [L1 8 0 ]
POC    2 TId: 4 (      STSA, B-SLICE, QP 45 )       2840 bits [Y 29.0862 dB    U 35.5011 dB    V 35.7288 dB] [ET   176 ] [L0 0 4 ] [L1 4 8 ]
POC    1 TId: 5 (      STSA, B-SLICE, QP 46 )       1176 bits [Y 29.4385 dB    U 35.9486 dB    V 36.3854 dB] [ET   114 ] [L0 0 2 ] [L1 2 4 ]
POC    3 TId: 5 (      STSA, B-SLICE, QP 46 )       1168 bits [Y 28.6020 dB    U 35.1683 dB    V 35.4963 dB] [ET   110 ] [L0 2 0 ] [L1 4 8 ]
POC    6 TId: 4 (      STSA, B-SLICE, QP 45 )       2608 bits [Y 28.4607 dB    U 34.9499 dB    V 34.8929 dB] [ET   245 ] [L0 4 0 ] [L1 8 4 ]
POC    5 TId: 5 (      STSA, B-SLICE, QP 46 )       1200 bits [Y 28.5222 dB    U 35.0144 dB    V 35.1173 dB] [ET    95 ] [L0 4 0 ] [L1 6 8 ]
POC    7 TId: 5 (      STSA, B-SLICE, QP 46 )       1000 bits [Y 28.5847 dB    U 34.8039 dB    V 34.8788 dB] [ET    88 ] [L0 6 4 ] [L1 8 6 ]
POC    9 TId: 5 (      STSA, B-SLICE, QP 46 )       2048 bits [Y 28.1969 dB    U 34.8077 dB    V 34.1205 dB] [ET   210 ] [L0 8 0 ] [L1 8 0 ]

	Total Frames |   Bitrate     Y-PSNR    U-PSNR    V-PSNR    YUV-PSNR   
	       10    a     245.8080   29.2984   35.3352   35.4065   30.3918

 finished @ Thu Jul  7 14:19:08 2022
 Total Time:     5664.749 sec. [user]     5722.741 sec. [elapsed]

Level: 0
Inject Calls: 1085168600
Errors injected by bit:
	Bit 0: 10750
	Bit 1: 10891
	Bit 2: 10721
	Bit 3: 10793
	Bit 4: 10678
	Bit 5: 10643
	Bit 6: 10843
	Bit 7: 10815

Total errors injected: 86134
