
vvencFFapp: Encoder Version 1.0.0 [Linux][GCC 9.4.0][64 bit][SIMD=AVX2]
 started @ Wed Jul  6 15:33:19 2022
CODING TOOL CFG: CTU128 QT44BTT21 IBD:1 CIP:0 SAO:1 ALF:1 (NonLinLuma:0 NonLinChr:0) CCALF:1 WPP:0 WPP-Substreams:1 TMVP:1 DQ:1 (Thr: 4) SDH:0 CST:1 BDOF:1 DMVR:1 MTSImplicit:1 SBT:0 JCbCr:1 CabacInitPresent:1 AMVR:5 SMVD:3 LMCS:1 (Signal:SDR Opt:0) CIIP:0 MIP:1 AFFINE:2 (PROF:1, Type:1) MMVD:3 DisFracMMVD:1 SbTMVP:1 GPM:3 LFNST:1 MTS:0 ISP:3 TS:2 TSLog2MaxSize:3 useChromaTS:0 BDPCM:2 IBC:2 
ENC. ALG. CFG: QPA:0 HAD:1 RDQ:1 RDQTS:1 ASR:1 MinSearchWindow:96 RestrictMESampling:0 EDO:2 MCTF:2 [L:0, T:0] 
FAST TOOL CFG: ECU:0 FEN:1 FDM:1 ESD:0 FastSearch:4 LCTUFast:1 FastMrg:2 PBIntraFast:1 AMaxBT:1 FastQtBtEnc:1 ContentBasedFastQtbt:1 FastMIP:4 FastIntraTools:1 FastLocalDualTree:1 FastSubPel:1 QtbttExtraFast:2 IBCFastMethod:3 
RATE CONTROL CFG: RateControl:0 
PARALLEL PROCESSING CFG: NumThreads:0 MaxParallelFrames:0 WppBitEqual:0 WF:0

POC    0 TId: 0 (  IDR_N_LP, I-SLICE, QP 19 )     217928 bits [Y 43.7289 dB    U 44.9209 dB    V 45.4157 dB] [ET  4529 ] [L0 ] [L1 ]
POC    8 TId: 2 (      STSA, B-SLICE, QP 23 )     110896 bits [Y 41.8343 dB    U 42.4977 dB    V 43.0390 dB] [ET  2261 ] [L0 0 ] [L1 0 ]
POC    4 TId: 3 (      STSA, B-SLICE, QP 26 )      53456 bits [Y 39.9204 dB    U 41.8409 dB    V 42.2326 dB] [ET  1368 ] [L0 0 8 ] [L1 8 0 ]
POC    2 TId: 4 (      STSA, B-SLICE, QP 28 )      30296 bits [Y 38.9610 dB    U 41.9360 dB    V 42.2700 dB] [ET   945 ] [L0 0 4 ] [L1 4 8 ]
POC    1 TId: 5 (      STSA, B-SLICE, QP 29 )      17480 bits [Y 38.8706 dB    U 42.3521 dB    V 42.9339 dB] [ET   539 ] [L0 0 2 ] [L1 2 4 ]
POC    3 TId: 5 (      STSA, B-SLICE, QP 29 )      16800 bits [Y 38.4413 dB    U 41.3219 dB    V 41.6764 dB] [ET   452 ] [L0 2 0 ] [L1 4 8 ]
POC    6 TId: 4 (      STSA, B-SLICE, QP 28 )      29504 bits [Y 38.8178 dB    U 41.2050 dB    V 41.7184 dB] [ET   684 ] [L0 4 0 ] [L1 8 4 ]
POC    5 TId: 5 (      STSA, B-SLICE, QP 29 )      15688 bits [Y 38.3351 dB    U 41.0458 dB    V 41.7045 dB] [ET   342 ] [L0 4 0 ] [L1 6 8 ]
POC    7 TId: 5 (      STSA, B-SLICE, QP 29 )      16424 bits [Y 38.4515 dB    U 41.2650 dB    V 41.8610 dB] [ET   454 ] [L0 6 4 ] [L1 8 6 ]
POC    9 TId: 5 (      STSA, B-SLICE, QP 29 )      24888 bits [Y 38.2593 dB    U 40.8520 dB    V 41.2359 dB] [ET   653 ] [L0 8 0 ] [L1 8 0 ]

	Total Frames |   Bitrate     Y-PSNR    U-PSNR    V-PSNR    YUV-PSNR   
	       10    a    1600.0800   39.5620   41.9237   42.4087   40.0202

 finished @ Wed Jul  6 18:57:18 2022
 Total Time:    12127.593 sec. [user]    12239.581 sec. [elapsed]

Level: 0
Inject Calls: 2342951168
Errors injected by bit:
	Bit 0: 256
	Bit 1: 195
	Bit 2: 250
	Bit 3: 241
	Bit 4: 236
	Bit 5: 231
	Bit 6: 225
	Bit 7: 226

Total errors injected: 1860
