
vvencFFapp: Encoder Version 1.0.0 [Linux][GCC 9.4.0][64 bit][SIMD=AVX2]
 started @ Thu Jul  7 00:03:29 2022
CODING TOOL CFG: CTU128 QT44BTT21 IBD:1 CIP:0 SAO:1 ALF:1 (NonLinLuma:0 NonLinChr:0) CCALF:1 WPP:0 WPP-Substreams:1 TMVP:1 DQ:1 (Thr: 4) SDH:0 CST:1 BDOF:1 DMVR:1 MTSImplicit:1 SBT:0 JCbCr:1 CabacInitPresent:1 AMVR:5 SMVD:3 LMCS:1 (Signal:SDR Opt:0) CIIP:0 MIP:1 AFFINE:2 (PROF:1, Type:1) MMVD:3 DisFracMMVD:1 SbTMVP:1 GPM:3 LFNST:1 MTS:0 ISP:3 TS:2 TSLog2MaxSize:3 useChromaTS:0 BDPCM:2 IBC:2 
ENC. ALG. CFG: QPA:0 HAD:1 RDQ:1 RDQTS:1 ASR:1 MinSearchWindow:96 RestrictMESampling:0 EDO:2 MCTF:2 [L:0, T:0] 
FAST TOOL CFG: ECU:0 FEN:1 FDM:1 ESD:0 FastSearch:4 LCTUFast:1 FastMrg:2 PBIntraFast:1 AMaxBT:1 FastQtBtEnc:1 ContentBasedFastQtbt:1 FastMIP:4 FastIntraTools:1 FastLocalDualTree:1 FastSubPel:1 QtbttExtraFast:2 IBCFastMethod:3 
RATE CONTROL CFG: RateControl:0 
PARALLEL PROCESSING CFG: NumThreads:0 MaxParallelFrames:0 WppBitEqual:0 WF:0

POC    0 TId: 0 (  IDR_N_LP, I-SLICE, QP 24 )     142192 bits [Y 40.3055 dB    U 41.7242 dB    V 42.5350 dB] [ET  4012 ] [L0 ] [L1 ]
POC    8 TId: 2 (      STSA, B-SLICE, QP 29 )      59728 bits [Y 37.2604 dB    U 39.1377 dB    V 39.4440 dB] [ET  1832 ] [L0 0 ] [L1 0 ]
POC    4 TId: 3 (      STSA, B-SLICE, QP 32 )      25408 bits [Y 35.8490 dB    U 38.9092 dB    V 39.2295 dB] [ET  1050 ] [L0 0 8 ] [L1 8 0 ]
POC    2 TId: 4 (      STSA, B-SLICE, QP 34 )      13904 bits [Y 35.2984 dB    U 39.2446 dB    V 39.7752 dB] [ET   612 ] [L0 0 4 ] [L1 4 8 ]
POC    1 TId: 5 (      STSA, B-SLICE, QP 36 )       6072 bits [Y 35.1521 dB    U 39.6466 dB    V 40.4689 dB] [ET   303 ] [L0 0 2 ] [L1 2 4 ]
POC    3 TId: 5 (      STSA, B-SLICE, QP 36 )       5680 bits [Y 34.4677 dB    U 38.8037 dB    V 39.1461 dB] [ET   251 ] [L0 2 0 ] [L1 4 8 ]
POC    6 TId: 4 (      STSA, B-SLICE, QP 34 )      13360 bits [Y 34.9229 dB    U 38.4696 dB    V 38.8832 dB] [ET   589 ] [L0 4 0 ] [L1 8 4 ]
POC    5 TId: 5 (      STSA, B-SLICE, QP 36 )       5464 bits [Y 34.3831 dB    U 38.4278 dB    V 38.9961 dB] [ET   243 ] [L0 4 0 ] [L1 6 8 ]
POC    7 TId: 5 (      STSA, B-SLICE, QP 36 )       5376 bits [Y 34.3952 dB    U 38.4291 dB    V 38.8801 dB] [ET   238 ] [L0 6 4 ] [L1 8 6 ]
POC    9 TId: 5 (      STSA, B-SLICE, QP 36 )       9248 bits [Y 34.0153 dB    U 38.1329 dB    V 38.0070 dB] [ET   427 ] [L0 8 0 ] [L1 8 0 ]

	Total Frames |   Bitrate     Y-PSNR    U-PSNR    V-PSNR    YUV-PSNR   
	       10    a     859.2960   35.6050   39.0925   39.5365   36.2611

 finished @ Thu Jul  7 02:42:58 2022
 Total Time:     9504.116 sec. [user]     9568.715 sec. [elapsed]

Level: 0
Inject Calls: 1786634976
Errors injected by bit:
	Bit 0: 1809
	Bit 1: 1716
	Bit 2: 1768
	Bit 3: 1776
	Bit 4: 1736
	Bit 5: 1852
	Bit 6: 1802
	Bit 7: 1834

Total errors injected: 14293
