
vvencFFapp: Encoder Version 1.0.0 [Linux][GCC 9.4.0][64 bit][SIMD=AVX2]
 started @ Thu Jul  7 05:33:36 2022
CODING TOOL CFG: CTU128 QT44BTT21 IBD:1 CIP:0 SAO:1 ALF:1 (NonLinLuma:0 NonLinChr:0) CCALF:1 WPP:0 WPP-Substreams:1 TMVP:1 DQ:1 (Thr: 4) SDH:0 CST:1 BDOF:1 DMVR:1 MTSImplicit:1 SBT:0 JCbCr:1 CabacInitPresent:1 AMVR:5 SMVD:3 LMCS:1 (Signal:SDR Opt:0) CIIP:0 MIP:1 AFFINE:2 (PROF:1, Type:1) MMVD:3 DisFracMMVD:1 SbTMVP:1 GPM:3 LFNST:1 MTS:0 ISP:3 TS:2 TSLog2MaxSize:3 useChromaTS:0 BDPCM:2 IBC:2 
ENC. ALG. CFG: QPA:0 HAD:1 RDQ:1 RDQTS:1 ASR:1 MinSearchWindow:96 RestrictMESampling:0 EDO:2 MCTF:2 [L:0, T:0] 
FAST TOOL CFG: ECU:0 FEN:1 FDM:1 ESD:0 FastSearch:4 LCTUFast:1 FastMrg:2 PBIntraFast:1 AMaxBT:1 FastQtBtEnc:1 ContentBasedFastQtbt:1 FastMIP:4 FastIntraTools:1 FastLocalDualTree:1 FastSubPel:1 QtbttExtraFast:2 IBCFastMethod:3 
RATE CONTROL CFG: RateControl:0 
PARALLEL PROCESSING CFG: NumThreads:0 MaxParallelFrames:0 WppBitEqual:0 WF:0

POC    0 TId: 0 (  IDR_N_LP, I-SLICE, QP 29 )      90280 bits [Y 35.3582 dB    U 39.1749 dB    V 39.9180 dB] [ET  3362 ] [L0 ] [L1 ]
POC    8 TId: 2 (      STSA, B-SLICE, QP 35 )      28032 bits [Y 32.8048 dB    U 36.0266 dB    V 36.3013 dB] [ET  1008 ] [L0 0 ] [L1 0 ]
POC    4 TId: 3 (      STSA, B-SLICE, QP 38 )      11520 bits [Y 31.8365 dB    U 36.5848 dB    V 36.9338 dB] [ET   566 ] [L0 0 8 ] [L1 8 0 ]
POC    2 TId: 4 (      STSA, B-SLICE, QP 40 )       5616 bits [Y 31.3143 dB    U 37.3106 dB    V 37.5948 dB] [ET   348 ] [L0 0 4 ] [L1 4 8 ]
POC    1 TId: 5 (      STSA, B-SLICE, QP 41 )       2688 bits [Y 31.5866 dB    U 37.5948 dB    V 38.2944 dB] [ET   222 ] [L0 0 2 ] [L1 2 4 ]
POC    3 TId: 5 (      STSA, B-SLICE, QP 41 )       2832 bits [Y 31.0472 dB    U 36.7510 dB    V 37.1459 dB] [ET   233 ] [L0 2 0 ] [L1 4 8 ]
POC    6 TId: 4 (      STSA, B-SLICE, QP 40 )       5744 bits [Y 31.0473 dB    U 36.1648 dB    V 36.4767 dB] [ET   346 ] [L0 4 0 ] [L1 8 4 ]
POC    5 TId: 5 (      STSA, B-SLICE, QP 41 )       2096 bits [Y 30.6384 dB    U 36.1614 dB    V 36.6282 dB] [ET   224 ] [L0 4 0 ] [L1 6 8 ]
POC    7 TId: 5 (      STSA, B-SLICE, QP 41 )       1944 bits [Y 30.7208 dB    U 35.9138 dB    V 36.3582 dB] [ET   225 ] [L0 6 4 ] [L1 8 6 ]
POC    9 TId: 5 (      STSA, B-SLICE, QP 41 )       4336 bits [Y 30.6131 dB    U 35.6109 dB    V 35.6950 dB] [ET   338 ] [L0 8 0 ] [L1 8 0 ]

	Total Frames |   Bitrate     Y-PSNR    U-PSNR    V-PSNR    YUV-PSNR   
	       10    a     465.2640   31.6967   36.7293   37.1346   32.6777

 finished @ Thu Jul  7 07:28:19 2022
 Total Time:     6836.882 sec. [user]     6882.574 sec. [elapsed]

Level: 0
Inject Calls: 1306331544
Errors injected by bit:
	Bit 0: 130258
	Bit 1: 130808
	Bit 2: 130505
	Bit 3: 130994
	Bit 4: 130191
	Bit 5: 130999
	Bit 6: 130570
	Bit 7: 130748

Total errors injected: 1045073
