
vvencFFapp: Encoder Version 1.0.0 [Linux][GCC 9.4.0][64 bit][SIMD=AVX2]
 started @ Wed Jul  6 21:43:27 2022
CODING TOOL CFG: CTU128 QT44BTT21 IBD:1 CIP:0 SAO:1 ALF:1 (NonLinLuma:0 NonLinChr:0) CCALF:1 WPP:0 WPP-Substreams:1 TMVP:1 DQ:1 (Thr: 4) SDH:0 CST:1 BDOF:1 DMVR:1 MTSImplicit:1 SBT:0 JCbCr:1 CabacInitPresent:1 AMVR:5 SMVD:3 LMCS:1 (Signal:SDR Opt:0) CIIP:0 MIP:1 AFFINE:2 (PROF:1, Type:1) MMVD:3 DisFracMMVD:1 SbTMVP:1 GPM:3 LFNST:1 MTS:0 ISP:3 TS:2 TSLog2MaxSize:3 useChromaTS:0 BDPCM:2 IBC:2 
ENC. ALG. CFG: QPA:0 HAD:1 RDQ:1 RDQTS:1 ASR:1 MinSearchWindow:96 RestrictMESampling:0 EDO:2 MCTF:2 [L:0, T:0] 
FAST TOOL CFG: ECU:0 FEN:1 FDM:1 ESD:0 FastSearch:4 LCTUFast:1 FastMrg:2 PBIntraFast:1 AMaxBT:1 FastQtBtEnc:1 ContentBasedFastQtbt:1 FastMIP:4 FastIntraTools:1 FastLocalDualTree:1 FastSubPel:1 QtbttExtraFast:2 IBCFastMethod:3 
RATE CONTROL CFG: RateControl:0 
PARALLEL PROCESSING CFG: NumThreads:0 MaxParallelFrames:0 WppBitEqual:0 WF:0

POC    0 TId: 0 (  IDR_N_LP, I-SLICE, QP 24 )     142776 bits [Y 40.0187 dB    U 41.7492 dB    V 42.5546 dB] [ET  4143 ] [L0 ] [L1 ]
POC    8 TId: 2 (      STSA, B-SLICE, QP 29 )      59520 bits [Y 37.2926 dB    U 39.2012 dB    V 39.4562 dB] [ET  1728 ] [L0 0 ] [L1 0 ]
POC    4 TId: 3 (      STSA, B-SLICE, QP 32 )      25680 bits [Y 35.8315 dB    U 38.7350 dB    V 39.2901 dB] [ET   966 ] [L0 0 8 ] [L1 8 0 ]
POC    2 TId: 4 (      STSA, B-SLICE, QP 34 )      13704 bits [Y 35.2154 dB    U 39.2694 dB    V 39.9834 dB] [ET   624 ] [L0 0 4 ] [L1 4 8 ]
POC    1 TId: 5 (      STSA, B-SLICE, QP 36 )       5920 bits [Y 35.0046 dB    U 39.6255 dB    V 40.4230 dB] [ET   303 ] [L0 0 2 ] [L1 2 4 ]
POC    3 TId: 5 (      STSA, B-SLICE, QP 36 )       5832 bits [Y 34.4128 dB    U 38.7702 dB    V 39.3940 dB] [ET   247 ] [L0 2 0 ] [L1 4 8 ]
POC    6 TId: 4 (      STSA, B-SLICE, QP 34 )      13696 bits [Y 34.9927 dB    U 38.4471 dB    V 38.8997 dB] [ET   568 ] [L0 4 0 ] [L1 8 4 ]
POC    5 TId: 5 (      STSA, B-SLICE, QP 36 )       5608 bits [Y 34.3539 dB    U 38.4206 dB    V 39.0255 dB] [ET   234 ] [L0 4 0 ] [L1 6 8 ]
POC    7 TId: 5 (      STSA, B-SLICE, QP 36 )       5048 bits [Y 34.3059 dB    U 38.4783 dB    V 38.9441 dB] [ET   159 ] [L0 6 4 ] [L1 8 6 ]
POC    9 TId: 5 (      STSA, B-SLICE, QP 36 )       9112 bits [Y 33.9781 dB    U 38.1614 dB    V 38.0242 dB] [ET   460 ] [L0 8 0 ] [L1 8 0 ]

	Total Frames |   Bitrate     Y-PSNR    U-PSNR    V-PSNR    YUV-PSNR   
	       10    a     860.6880   35.5406   39.0858   39.5995   36.2227

 finished @ Thu Jul  7 00:20:51 2022
 Total Time:     9369.345 sec. [user]     9444.311 sec. [elapsed]

Level: 0
Inject Calls: 1762501768
Errors injected by bit:
	Bit 0: 17711
	Bit 1: 17393
	Bit 2: 17562
	Bit 3: 17619
	Bit 4: 17659
	Bit 5: 17727
	Bit 6: 17521
	Bit 7: 17724

Total errors injected: 140916
