
vvencFFapp: Encoder Version 1.0.0 [Linux][GCC 9.4.0][64 bit][SIMD=AVX2]
 started @ Wed Jul  6 09:08:11 2022
CODING TOOL CFG: CTU128 QT44BTT21 IBD:1 CIP:0 SAO:1 ALF:1 (NonLinLuma:0 NonLinChr:0) CCALF:1 WPP:0 WPP-Substreams:1 TMVP:1 DQ:1 (Thr: 4) SDH:0 CST:1 BDOF:1 DMVR:1 MTSImplicit:1 SBT:0 JCbCr:1 CabacInitPresent:1 AMVR:5 SMVD:3 LMCS:1 (Signal:SDR Opt:0) CIIP:0 MIP:1 AFFINE:2 (PROF:1, Type:1) MMVD:3 DisFracMMVD:1 SbTMVP:1 GPM:3 LFNST:1 MTS:0 ISP:3 TS:2 TSLog2MaxSize:3 useChromaTS:0 BDPCM:2 IBC:2 
ENC. ALG. CFG: QPA:0 HAD:1 RDQ:1 RDQTS:1 ASR:1 MinSearchWindow:96 RestrictMESampling:0 EDO:2 MCTF:2 [L:0, T:0] 
FAST TOOL CFG: ECU:0 FEN:1 FDM:1 ESD:0 FastSearch:4 LCTUFast:1 FastMrg:2 PBIntraFast:1 AMaxBT:1 FastQtBtEnc:1 ContentBasedFastQtbt:1 FastMIP:4 FastIntraTools:1 FastLocalDualTree:1 FastSubPel:1 QtbttExtraFast:2 IBCFastMethod:3 
RATE CONTROL CFG: RateControl:0 
PARALLEL PROCESSING CFG: NumThreads:0 MaxParallelFrames:0 WppBitEqual:0 WF:0

POC    0 TId: 0 (  IDR_N_LP, I-SLICE, QP 19 )     244344 bits [Y 31.6700 dB    U 44.5911 dB    V 45.0900 dB] [ET  3893 ] [L0 ] [L1 ]
POC    8 TId: 2 (      STSA, B-SLICE, QP 23 )     127256 bits [Y 34.0329 dB    U 39.2159 dB    V 39.0538 dB] [ET  1209 ] [L0 0 ] [L1 0 ]
POC    4 TId: 3 (      STSA, B-SLICE, QP 26 )      57328 bits [Y 35.2180 dB    U 40.3739 dB    V 40.7853 dB] [ET   940 ] [L0 0 8 ] [L1 8 0 ]
POC    2 TId: 4 (      STSA, B-SLICE, QP 28 )      28376 bits [Y 34.3822 dB    U 40.0833 dB    V 40.8016 dB] [ET   735 ] [L0 0 4 ] [L1 4 8 ]
POC    1 TId: 5 (      STSA, B-SLICE, QP 29 )      16896 bits [Y 34.4205 dB    U 40.1684 dB    V 40.8856 dB] [ET   567 ] [L0 0 2 ] [L1 2 4 ]
POC    3 TId: 5 (      STSA, B-SLICE, QP 29 )      13488 bits [Y 33.8970 dB    U 39.7197 dB    V 40.0760 dB] [ET   512 ] [L0 2 0 ] [L1 4 8 ]
POC    6 TId: 4 (      STSA, B-SLICE, QP 28 )      27952 bits [Y 34.1114 dB    U 39.3171 dB    V 39.4018 dB] [ET   640 ] [L0 4 0 ] [L1 8 4 ]
POC    5 TId: 5 (      STSA, B-SLICE, QP 29 )      13680 bits [Y 33.9350 dB    U 39.6167 dB    V 40.1279 dB] [ET   502 ] [L0 4 0 ] [L1 6 8 ]
POC    7 TId: 5 (      STSA, B-SLICE, QP 29 )      15368 bits [Y 34.2774 dB    U 39.5550 dB    V 39.6505 dB] [ET   513 ] [L0 6 4 ] [L1 8 6 ]
POC    9 TId: 5 (      STSA, B-SLICE, QP 29 )      25304 bits [Y 33.8916 dB    U 38.8995 dB    V 39.3035 dB] [ET   622 ] [L0 8 0 ] [L1 8 0 ]

	Total Frames |   Bitrate     Y-PSNR    U-PSNR    V-PSNR    YUV-PSNR   
	       10    a    1709.9760   33.9836   40.1541   40.5176   35.1597

 finished @ Wed Jul  6 11:57:17 2022
 Total Time:    10069.600 sec. [user]    10145.308 sec. [elapsed]

Level: 0
Inject Calls: 1912188648
Errors injected by bit:
	Bit 0: 1913242
	Bit 1: 1911197
	Bit 2: 1910720
	Bit 3: 1913656
	Bit 4: 1913150
	Bit 5: 1911829
	Bit 6: 1911733
	Bit 7: 1913681

Total errors injected: 15299208
