
vvencFFapp: Encoder Version 1.0.0 [Linux][GCC 9.4.0][64 bit][SIMD=AVX2]
 started @ Thu Jul  7 09:58:42 2022
CODING TOOL CFG: CTU128 QT44BTT21 IBD:1 CIP:0 SAO:1 ALF:1 (NonLinLuma:0 NonLinChr:0) CCALF:1 WPP:0 WPP-Substreams:1 TMVP:1 DQ:1 (Thr: 4) SDH:0 CST:1 BDOF:1 DMVR:1 MTSImplicit:1 SBT:0 JCbCr:1 CabacInitPresent:1 AMVR:5 SMVD:3 LMCS:1 (Signal:SDR Opt:0) CIIP:0 MIP:1 AFFINE:2 (PROF:1, Type:1) MMVD:3 DisFracMMVD:1 SbTMVP:1 GPM:3 LFNST:1 MTS:0 ISP:3 TS:2 TSLog2MaxSize:3 useChromaTS:0 BDPCM:2 IBC:2 
ENC. ALG. CFG: QPA:0 HAD:1 RDQ:1 RDQTS:1 ASR:1 MinSearchWindow:96 RestrictMESampling:0 EDO:2 MCTF:2 [L:0, T:0] 
FAST TOOL CFG: ECU:0 FEN:1 FDM:1 ESD:0 FastSearch:4 LCTUFast:1 FastMrg:2 PBIntraFast:1 AMaxBT:1 FastQtBtEnc:1 ContentBasedFastQtbt:1 FastMIP:4 FastIntraTools:1 FastLocalDualTree:1 FastSubPel:1 QtbttExtraFast:2 IBCFastMethod:3 
RATE CONTROL CFG: RateControl:0 
PARALLEL PROCESSING CFG: NumThreads:0 MaxParallelFrames:0 WppBitEqual:0 WF:0

POC    0 TId: 0 (  IDR_N_LP, I-SLICE, QP 34 )      56912 bits [Y 30.5302 dB    U 36.2036 dB    V 36.5545 dB] [ET  3409 ] [L0 ] [L1 ]
POC    8 TId: 2 (      STSA, B-SLICE, QP 40 )      14976 bits [Y 27.5688 dB    U 33.7191 dB    V 33.9438 dB] [ET   776 ] [L0 0 ] [L1 0 ]
POC    4 TId: 3 (      STSA, B-SLICE, QP 43 )       5272 bits [Y 27.9110 dB    U 34.4917 dB    V 34.0143 dB] [ET   736 ] [L0 0 8 ] [L1 8 0 ]
POC    2 TId: 4 (      STSA, B-SLICE, QP 45 )       2472 bits [Y 27.7569 dB    U 34.7141 dB    V 34.7097 dB] [ET   555 ] [L0 0 4 ] [L1 4 8 ]
POC    1 TId: 5 (      STSA, B-SLICE, QP 46 )       1208 bits [Y 28.6306 dB    U 35.4627 dB    V 35.4428 dB] [ET   406 ] [L0 0 2 ] [L1 2 4 ]
POC    3 TId: 5 (      STSA, B-SLICE, QP 46 )        968 bits [Y 27.4106 dB    U 34.2417 dB    V 34.1390 dB] [ET   470 ] [L0 2 0 ] [L1 4 8 ]
POC    6 TId: 4 (      STSA, B-SLICE, QP 45 )       2512 bits [Y 27.4449 dB    U 33.9110 dB    V 33.9798 dB] [ET   680 ] [L0 4 0 ] [L1 8 4 ]
POC    5 TId: 5 (      STSA, B-SLICE, QP 46 )       1048 bits [Y 27.4886 dB    U 33.8674 dB    V 33.8447 dB] [ET   429 ] [L0 4 0 ] [L1 6 8 ]
POC    7 TId: 5 (      STSA, B-SLICE, QP 46 )       1104 bits [Y 27.4418 dB    U 33.7915 dB    V 34.0236 dB] [ET   476 ] [L0 6 4 ] [L1 8 6 ]
POC    9 TId: 5 (      STSA, B-SLICE, QP 46 )       2128 bits [Y 26.9608 dB    U 33.5026 dB    V 33.1348 dB] [ET   654 ] [L0 8 0 ] [L1 8 0 ]

	Total Frames |   Bitrate     Y-PSNR    U-PSNR    V-PSNR    YUV-PSNR   
	       10    a     265.8000   27.9144   34.3906   34.3787   29.1196

 finished @ Thu Jul  7 12:22:05 2022
 Total Time:     8522.372 sec. [user]     8602.929 sec. [elapsed]

Level: 0
Inject Calls: 1679975584
Errors injected by bit:
	Bit 0: 1679353
	Bit 1: 1681663
	Bit 2: 1678982
	Bit 3: 1680177
	Bit 4: 1680050
	Bit 5: 1679192
	Bit 6: 1678565
	Bit 7: 1679423

Total errors injected: 13437405
