
vvencFFapp: Encoder Version 1.0.0 [Linux][GCC 9.4.0][64 bit][SIMD=AVX2]
 started @ Thu Jul  7 07:13:38 2022
CODING TOOL CFG: CTU128 QT44BTT21 IBD:1 CIP:0 SAO:1 ALF:1 (NonLinLuma:0 NonLinChr:0) CCALF:1 WPP:0 WPP-Substreams:1 TMVP:1 DQ:1 (Thr: 4) SDH:0 CST:1 BDOF:1 DMVR:1 MTSImplicit:1 SBT:0 JCbCr:1 CabacInitPresent:1 AMVR:5 SMVD:3 LMCS:1 (Signal:SDR Opt:0) CIIP:0 MIP:1 AFFINE:2 (PROF:1, Type:1) MMVD:3 DisFracMMVD:1 SbTMVP:1 GPM:3 LFNST:1 MTS:0 ISP:3 TS:2 TSLog2MaxSize:3 useChromaTS:0 BDPCM:2 IBC:2 
ENC. ALG. CFG: QPA:0 HAD:1 RDQ:1 RDQTS:1 ASR:1 MinSearchWindow:96 RestrictMESampling:0 EDO:2 MCTF:2 [L:0, T:0] 
FAST TOOL CFG: ECU:0 FEN:1 FDM:1 ESD:0 FastSearch:4 LCTUFast:1 FastMrg:2 PBIntraFast:1 AMaxBT:1 FastQtBtEnc:1 ContentBasedFastQtbt:1 FastMIP:4 FastIntraTools:1 FastLocalDualTree:1 FastSubPel:1 QtbttExtraFast:2 IBCFastMethod:3 
RATE CONTROL CFG: RateControl:0 
PARALLEL PROCESSING CFG: NumThreads:0 MaxParallelFrames:0 WppBitEqual:0 WF:0

POC    0 TId: 0 (  IDR_N_LP, I-SLICE, QP 29 )      88480 bits [Y 36.8724 dB    U 39.2203 dB    V 39.9102 dB] [ET  3733 ] [L0 ] [L1 ]
POC    8 TId: 2 (      STSA, B-SLICE, QP 35 )      27536 bits [Y 32.9344 dB    U 36.3143 dB    V 36.2600 dB] [ET  1320 ] [L0 0 ] [L1 0 ]
POC    4 TId: 3 (      STSA, B-SLICE, QP 38 )      11888 bits [Y 32.0961 dB    U 36.7840 dB    V 37.0217 dB] [ET   717 ] [L0 0 8 ] [L1 8 0 ]
POC    2 TId: 4 (      STSA, B-SLICE, QP 40 )       5792 bits [Y 31.7992 dB    U 37.4103 dB    V 37.6757 dB] [ET   356 ] [L0 0 4 ] [L1 4 8 ]
POC    1 TId: 5 (      STSA, B-SLICE, QP 41 )       2752 bits [Y 32.1390 dB    U 37.7925 dB    V 38.4133 dB] [ET   191 ] [L0 0 2 ] [L1 2 4 ]
POC    3 TId: 5 (      STSA, B-SLICE, QP 41 )       2816 bits [Y 31.3836 dB    U 36.8491 dB    V 37.1397 dB] [ET   185 ] [L0 2 0 ] [L1 4 8 ]
POC    6 TId: 4 (      STSA, B-SLICE, QP 40 )       6016 bits [Y 31.3006 dB    U 36.4993 dB    V 36.5383 dB] [ET   378 ] [L0 4 0 ] [L1 8 4 ]
POC    5 TId: 5 (      STSA, B-SLICE, QP 41 )       2432 bits [Y 31.1052 dB    U 36.5471 dB    V 36.7316 dB] [ET   160 ] [L0 4 0 ] [L1 6 8 ]
POC    7 TId: 5 (      STSA, B-SLICE, QP 41 )       2384 bits [Y 31.2899 dB    U 36.2526 dB    V 36.4140 dB] [ET   155 ] [L0 6 4 ] [L1 8 6 ]
POC    9 TId: 5 (      STSA, B-SLICE, QP 41 )       4496 bits [Y 30.7873 dB    U 35.8110 dB    V 35.7898 dB] [ET   329 ] [L0 8 0 ] [L1 8 0 ]

	Total Frames |   Bitrate     Y-PSNR    U-PSNR    V-PSNR    YUV-PSNR   
	       10    a     463.7760   32.1708   36.9481   37.1894   33.0495

 finished @ Thu Jul  7 09:19:13 2022
 Total Time:     7463.719 sec. [user]     7535.183 sec. [elapsed]

Level: 0
Inject Calls: 1427433192
Errors injected by bit:
	Bit 0: 1412
	Bit 1: 1369
	Bit 2: 1375
	Bit 3: 1394
	Bit 4: 1463
	Bit 5: 1413
	Bit 6: 1391
	Bit 7: 1395

Total errors injected: 11212
