
vvencFFapp: Encoder Version 1.0.0 [Linux][GCC 9.4.0][64 bit][SIMD=AVX2]
 started @ Thu Jul  7 07:53:39 2022
CODING TOOL CFG: CTU128 QT44BTT21 IBD:1 CIP:0 SAO:1 ALF:1 (NonLinLuma:0 NonLinChr:0) CCALF:1 WPP:0 WPP-Substreams:1 TMVP:1 DQ:1 (Thr: 4) SDH:0 CST:1 BDOF:1 DMVR:1 MTSImplicit:1 SBT:0 JCbCr:1 CabacInitPresent:1 AMVR:5 SMVD:3 LMCS:1 (Signal:SDR Opt:0) CIIP:0 MIP:1 AFFINE:2 (PROF:1, Type:1) MMVD:3 DisFracMMVD:1 SbTMVP:1 GPM:3 LFNST:1 MTS:0 ISP:3 TS:2 TSLog2MaxSize:3 useChromaTS:0 BDPCM:2 IBC:2 
ENC. ALG. CFG: QPA:0 HAD:1 RDQ:1 RDQTS:1 ASR:1 MinSearchWindow:96 RestrictMESampling:0 EDO:2 MCTF:2 [L:0, T:0] 
FAST TOOL CFG: ECU:0 FEN:1 FDM:1 ESD:0 FastSearch:4 LCTUFast:1 FastMrg:2 PBIntraFast:1 AMaxBT:1 FastQtBtEnc:1 ContentBasedFastQtbt:1 FastMIP:4 FastIntraTools:1 FastLocalDualTree:1 FastSubPel:1 QtbttExtraFast:2 IBCFastMethod:3 
RATE CONTROL CFG: RateControl:0 
PARALLEL PROCESSING CFG: NumThreads:0 MaxParallelFrames:0 WppBitEqual:0 WF:0

POC    0 TId: 0 (  IDR_N_LP, I-SLICE, QP 29 )      88312 bits [Y 36.8375 dB    U 39.2409 dB    V 39.9229 dB] [ET  3766 ] [L0 ] [L1 ]
POC    8 TId: 2 (      STSA, B-SLICE, QP 35 )      26752 bits [Y 32.9384 dB    U 36.2738 dB    V 36.4930 dB] [ET  1361 ] [L0 0 ] [L1 0 ]
POC    4 TId: 3 (      STSA, B-SLICE, QP 38 )      11296 bits [Y 32.1037 dB    U 36.9010 dB    V 37.2557 dB] [ET   704 ] [L0 0 8 ] [L1 8 0 ]
POC    2 TId: 4 (      STSA, B-SLICE, QP 40 )       5416 bits [Y 31.7054 dB    U 37.4144 dB    V 37.8907 dB] [ET   410 ] [L0 0 4 ] [L1 4 8 ]
POC    1 TId: 5 (      STSA, B-SLICE, QP 41 )       2768 bits [Y 32.1670 dB    U 37.8321 dB    V 38.4912 dB] [ET   190 ] [L0 0 2 ] [L1 2 4 ]
POC    3 TId: 5 (      STSA, B-SLICE, QP 41 )       2688 bits [Y 31.3209 dB    U 36.8971 dB    V 37.2537 dB] [ET   185 ] [L0 2 0 ] [L1 4 8 ]
POC    6 TId: 4 (      STSA, B-SLICE, QP 40 )       6088 bits [Y 31.3777 dB    U 36.5642 dB    V 36.6903 dB] [ET   316 ] [L0 4 0 ] [L1 8 4 ]
POC    5 TId: 5 (      STSA, B-SLICE, QP 41 )       2560 bits [Y 31.2220 dB    U 36.7508 dB    V 36.9556 dB] [ET   146 ] [L0 4 0 ] [L1 6 8 ]
POC    7 TId: 5 (      STSA, B-SLICE, QP 41 )       2232 bits [Y 31.2452 dB    U 36.3600 dB    V 36.5676 dB] [ET   120 ] [L0 6 4 ] [L1 8 6 ]
POC    9 TId: 5 (      STSA, B-SLICE, QP 41 )       4328 bits [Y 30.7784 dB    U 35.8428 dB    V 35.8707 dB] [ET   282 ] [L0 8 0 ] [L1 8 0 ]

	Total Frames |   Bitrate     Y-PSNR    U-PSNR    V-PSNR    YUV-PSNR   
	       10    a     457.3200   32.1696   37.0077   37.3391   33.0658

 finished @ Thu Jul  7 09:58:30 2022
 Total Time:     7403.874 sec. [user]     7490.718 sec. [elapsed]

Level: 0
Inject Calls: 1418715128
Errors injected by bit:
	Bit 0: 152
	Bit 1: 131
	Bit 2: 127
	Bit 3: 137
	Bit 4: 159
	Bit 5: 130
	Bit 6: 150
	Bit 7: 152

Total errors injected: 1138
