
vvencFFapp: Encoder Version 1.0.0 [Linux][GCC 9.4.0][64 bit][SIMD=AVX2]
 started @ Thu Jul  7 03:08:33 2022
CODING TOOL CFG: CTU128 QT44BTT21 IBD:1 CIP:0 SAO:1 ALF:1 (NonLinLuma:0 NonLinChr:0) CCALF:1 WPP:0 WPP-Substreams:1 TMVP:1 DQ:1 (Thr: 4) SDH:0 CST:1 BDOF:1 DMVR:1 MTSImplicit:1 SBT:0 JCbCr:1 CabacInitPresent:1 AMVR:5 SMVD:3 LMCS:1 (Signal:SDR Opt:0) CIIP:0 MIP:1 AFFINE:2 (PROF:1, Type:1) MMVD:3 DisFracMMVD:1 SbTMVP:1 GPM:3 LFNST:1 MTS:0 ISP:3 TS:2 TSLog2MaxSize:3 useChromaTS:0 BDPCM:2 IBC:2 
ENC. ALG. CFG: QPA:0 HAD:1 RDQ:1 RDQTS:1 ASR:1 MinSearchWindow:96 RestrictMESampling:0 EDO:2 MCTF:2 [L:0, T:0] 
FAST TOOL CFG: ECU:0 FEN:1 FDM:1 ESD:0 FastSearch:4 LCTUFast:1 FastMrg:2 PBIntraFast:1 AMaxBT:1 FastQtBtEnc:1 ContentBasedFastQtbt:1 FastMIP:4 FastIntraTools:1 FastLocalDualTree:1 FastSubPel:1 QtbttExtraFast:2 IBCFastMethod:3 
RATE CONTROL CFG: RateControl:0 
PARALLEL PROCESSING CFG: NumThreads:0 MaxParallelFrames:0 WppBitEqual:0 WF:0

POC    0 TId: 0 (  IDR_N_LP, I-SLICE, QP 29 )     100128 bits [Y 31.6850 dB    U 38.9168 dB    V 39.5271 dB] [ET  3639 ] [L0 ] [L1 ]
POC    8 TId: 2 (      STSA, B-SLICE, QP 35 )      27696 bits [Y 29.2506 dB    U 34.6786 dB    V 34.9997 dB] [ET   977 ] [L0 0 ] [L1 0 ]
POC    4 TId: 3 (      STSA, B-SLICE, QP 38 )      10120 bits [Y 29.9512 dB    U 36.0080 dB    V 36.1282 dB] [ET   746 ] [L0 0 8 ] [L1 8 0 ]
POC    2 TId: 4 (      STSA, B-SLICE, QP 40 )       4952 bits [Y 29.7774 dB    U 36.7216 dB    V 37.1253 dB] [ET   610 ] [L0 0 4 ] [L1 4 8 ]
POC    1 TId: 5 (      STSA, B-SLICE, QP 41 )       2512 bits [Y 30.3377 dB    U 37.0885 dB    V 37.6654 dB] [ET   431 ] [L0 0 2 ] [L1 2 4 ]
POC    3 TId: 5 (      STSA, B-SLICE, QP 41 )       2576 bits [Y 29.8792 dB    U 36.2839 dB    V 36.5405 dB] [ET   443 ] [L0 2 0 ] [L1 4 8 ]
POC    6 TId: 4 (      STSA, B-SLICE, QP 40 )       5672 bits [Y 29.6349 dB    U 35.2628 dB    V 35.5794 dB] [ET   679 ] [L0 4 0 ] [L1 8 4 ]
POC    5 TId: 5 (      STSA, B-SLICE, QP 41 )       1944 bits [Y 29.4040 dB    U 35.2484 dB    V 35.6217 dB] [ET   466 ] [L0 4 0 ] [L1 6 8 ]
POC    7 TId: 5 (      STSA, B-SLICE, QP 41 )       2288 bits [Y 29.3243 dB    U 35.0398 dB    V 35.3967 dB] [ET   496 ] [L0 6 4 ] [L1 8 6 ]
POC    9 TId: 5 (      STSA, B-SLICE, QP 41 )       4608 bits [Y 28.8851 dB    U 34.7570 dB    V 34.7336 dB] [ET   623 ] [L0 8 0 ] [L1 8 0 ]

	Total Frames |   Bitrate     Y-PSNR    U-PSNR    V-PSNR    YUV-PSNR   
	       10    a     487.4880   29.8129   36.0005   36.3318   31.0273

 finished @ Thu Jul  7 05:40:35 2022
 Total Time:     9054.944 sec. [user]     9121.963 sec. [elapsed]

Level: 0
Inject Calls: 1758580856
Errors injected by bit:
	Bit 0: 1755901
	Bit 1: 1757380
	Bit 2: 1758928
	Bit 3: 1759428
	Bit 4: 1759699
	Bit 5: 1756255
	Bit 6: 1759974
	Bit 7: 1759665

Total errors injected: 14067230
