vvencFFapp: Fraunhofer VVC Encoder ver. 1.5.0 [Linux][GCC 11.3.0][64 bit][SIMD=AVX2]
 started @ Wed Apr 12 17:40:29 2023
CODING TOOL CFG: CTU128 QT44BTT21 IBD:1 SAO:1 ALF:1 (NonLinLuma:0 NonLinChr:0) CCALF:1 Tiles:1x1 Slices:1 WPP:0 WPP-Substreams:1 TMVP:1 DQ:1 SDH:0 CST:1 BDOF:1 DMVR:1 MTSImplicit:1 SBT:0 JCbCr:1 CabacInitPresent:1 AMVR:5 SMVD:3 LMCS:2 (Signal:SDR Opt:0) CIIP:0 MIP:1 AFFINE:2 (PROF:1, Type:1) MMVD:3 DisFracMMVD:1 SbTMVP:1 GPM:3 LFNST:1 MTS:0 ISP:3 TS:2 TSLog2MaxSize:4 useChromaTS:0 BDPCM:2 IBC:2 BCW:0 
ENC. ALG. CFG: QPA:0 HAD:1 RDQ:1 RDQTS:1 ASR:1 MinSearchWindow:96 RestrictMESampling:0 EDO:2 MCTF:2 
PRE-ANALYSIS CFG: STA:1 LeadFrames:0 TrailFrames:0 
FAST TOOL CFG: ECU:0 FEN:1 FDM:1 FastSearch:4 (SCC:2) LCTUFast:1 FastMrg:2 PBIntraFast:1 AMaxBT:1 FastQtBtEnc:1 ContentBasedFastQtbt:0 FastMIP:3 FastIntraTools:0 IntraEstDecBit:2 FastLocalDualTree:1 IntegerET:0 FastSubPel:1 QtbttExtraFast:3 FastTTSplit:0 IBCFastMethod:3 FIM:0 ALFSpeed:0 QuantThr: 4 
RATE CONTROL CFG: RateControl:0 LookAhead:0 
PARALLEL PROCESSING CFG: NumThreads:0 MaxParallelFrames:0 WppBitEqual:0 WF:0 

POC     0 TId: 0 (  IDR_N_LP, I-SLICE, QP 19, TF 3)     629392 bits [Y 41.1842 dB    U 43.2214 dB    V 44.1771 dB] [ET   278 ] [L0 ] [L1 ]
POC    16 TId: 1 (      STSA, B-SLICE, QP 22, TF 2)     456104 bits [Y 42.3048 dB    U 43.4187 dB    V 44.2230 dB] [ET   675 ] [L0 0 ] [L1 0 ]
POC     8 TId: 2 (      STSA, B-SLICE, QP 23, TF 1)     350312 bits [Y 40.6659 dB    U 42.0167 dB    V 43.2553 dB] [ET  1071 ] [L0 0 16 ] [L1 16 0 ]
POC     4 TId: 3 (      STSA, B-SLICE, QP 26, TF 0)     176056 bits [Y 38.9225 dB    U 41.3950 dB    V 42.5499 dB] [ET  1101 ] [L0 0 8 ] [L1 8 16 ]
POC     2 TId: 4 (      STSA, B-SLICE, QP 28)           107648 bits [Y 38.3385 dB    U 41.4623 dB    V 42.6397 dB] [ET  1005 ] [L0 0 4 ] [L1 4 8 ]
POC     1 TId: 5 (      STSA, B-SLICE, QP 29)            67432 bits [Y 37.8889 dB    U 41.5437 dB    V 42.8096 dB] [ET   790 ] [L0 0 2 ] [L1 2 4 ]
POC     3 TId: 5 (      STSA, B-SLICE, QP 29)            64992 bits [Y 37.7143 dB    U 41.0494 dB    V 42.2878 dB] [ET   911 ] [L0 2 0 ] [L1 4 8 ]
POC     6 TId: 4 (      STSA, B-SLICE, QP 28)           103152 bits [Y 38.3131 dB    U 41.1402 dB    V 42.3515 dB] [ET  1130 ] [L0 4 0 ] [L1 8 16 ]
POC     5 TId: 5 (      STSA, B-SLICE, QP 29)            60488 bits [Y 37.6974 dB    U 40.8943 dB    V 42.2424 dB] [ET   932 ] [L0 4 0 ] [L1 6 8 ]
POC     7 TId: 5 (      STSA, B-SLICE, QP 29)            64128 bits [Y 37.8277 dB    U 40.8900 dB    V 42.1059 dB] [ET   934 ] [L0 6 4 ] [L1 8 16 ]
POC    12 TId: 3 (      STSA, B-SLICE, QP 26, TF 0)     185120 bits [Y 38.9848 dB    U 41.5475 dB    V 42.3654 dB] [ET  1160 ] [L0 8 0 ] [L1 16 8 ]
POC    10 TId: 4 (      STSA, B-SLICE, QP 28)           114240 bits [Y 38.3126 dB    U 41.1836 dB    V 42.0661 dB] [ET  1217 ] [L0 8 0 ] [L1 12 16 ]
POC     9 TId: 5 (      STSA, B-SLICE, QP 29)            64784 bits [Y 37.8331 dB    U 40.9383 dB    V 42.1977 dB] [ET   928 ] [L0 8 0 ] [L1 10 12 ]
POC    11 TId: 5 (      STSA, B-SLICE, QP 29)            69040 bits [Y 37.7231 dB    U 40.9935 dB    V 41.8546 dB] [ET  1011 ] [L0 10 8 ] [L1 12 16 ]
POC    14 TId: 4 (      STSA, B-SLICE, QP 28)           115504 bits [Y 38.3651 dB    U 41.2074 dB    V 42.2667 dB] [ET  1034 ] [L0 12 8 ] [L1 16 12 ]
POC    13 TId: 5 (      STSA, B-SLICE, QP 29)            66160 bits [Y 37.7474 dB    U 40.9588 dB    V 42.0167 dB] [ET   966 ] [L0 12 8 ] [L1 14 16 ]
POC    15 TId: 5 (      STSA, B-SLICE, QP 29)            68760 bits [Y 37.8596 dB    U 41.2365 dB    V 42.4624 dB] [ET   838 ] [L0 14 12 ] [L1 16 14 ]

	Total Frames |   Bitrate     Y-PSNR    U-PSNR    V-PSNR    YUV-PSNR   
	       17    a    4876.4329   38.6872   41.4763   42.5807   39.3847

 finished @ Wed Apr 12 22:07:06 2023
 Total Time:    15992.856 sec. [user]    15997.116 sec. [elapsed]

Level: 0
Inject Calls: 19692391354
Errors injected by bit:
	Bit 0: 19685770
	Bit 1: 19693107
	Bit 2: 19691067
	Bit 3: 19696206
	Bit 4: 19696149
	Bit 5: 19684135
	Bit 6: 19693278
	Bit 7: 19697256

Total errors injected: 157536968
