vvencFFapp: Fraunhofer VVC Encoder ver. 1.5.0 [Linux][GCC 11.3.0][64 bit][SIMD=AVX2]
 started @ Tue Apr 18 02:42:04 2023
CODING TOOL CFG: CTU128 QT44BTT21 IBD:1 SAO:1 ALF:1 (NonLinLuma:0 NonLinChr:0) CCALF:1 Tiles:1x1 Slices:1 WPP:0 WPP-Substreams:1 TMVP:1 DQ:1 SDH:0 CST:1 BDOF:1 DMVR:1 MTSImplicit:1 SBT:0 JCbCr:1 CabacInitPresent:1 AMVR:5 SMVD:3 LMCS:2 (Signal:SDR Opt:0) CIIP:0 MIP:1 AFFINE:2 (PROF:1, Type:1) MMVD:3 DisFracMMVD:1 SbTMVP:1 GPM:3 LFNST:1 MTS:0 ISP:3 TS:2 TSLog2MaxSize:4 useChromaTS:0 BDPCM:2 IBC:2 BCW:0 
ENC. ALG. CFG: QPA:0 HAD:1 RDQ:1 RDQTS:1 ASR:1 MinSearchWindow:96 RestrictMESampling:0 EDO:2 MCTF:2 
PRE-ANALYSIS CFG: STA:1 LeadFrames:0 TrailFrames:0 
FAST TOOL CFG: ECU:0 FEN:1 FDM:1 FastSearch:4 (SCC:2) LCTUFast:1 FastMrg:2 PBIntraFast:1 AMaxBT:1 FastQtBtEnc:1 ContentBasedFastQtbt:0 FastMIP:3 FastIntraTools:0 IntraEstDecBit:2 FastLocalDualTree:1 IntegerET:0 FastSubPel:1 QtbttExtraFast:3 FastTTSplit:0 IBCFastMethod:3 FIM:0 ALFSpeed:0 QuantThr: 4 
RATE CONTROL CFG: RateControl:0 LookAhead:0 
PARALLEL PROCESSING CFG: NumThreads:0 MaxParallelFrames:0 WppBitEqual:0 WF:0 

POC     0 TId: 0 (  IDR_N_LP, I-SLICE, QP 34, TF 2)     137312 bits [Y 33.0393 dB    U 36.5932 dB    V 37.9362 dB] [ET   134 ] [L0 ] [L1 ]
POC    16 TId: 1 (      STSA, B-SLICE, QP 40, TF 1)      49784 bits [Y 30.8760 dB    U 35.9143 dB    V 36.8679 dB] [ET   407 ] [L0 0 ] [L1 0 ]
POC     8 TId: 2 (      STSA, B-SLICE, QP 40, TF 0)      40032 bits [Y 30.7233 dB    U 35.7574 dB    V 36.7582 dB] [ET   735 ] [L0 0 16 ] [L1 16 0 ]
POC     4 TId: 3 (      STSA, B-SLICE, QP 43)            16872 bits [Y 30.1679 dB    U 35.7320 dB    V 36.8589 dB] [ET   675 ] [L0 0 8 ] [L1 8 16 ]
POC     2 TId: 4 (      STSA, B-SLICE, QP 45)             9272 bits [Y 30.0475 dB    U 35.6968 dB    V 37.0875 dB] [ET   546 ] [L0 0 4 ] [L1 4 8 ]
POC     1 TId: 5 (      STSA, B-SLICE, QP 46)             4920 bits [Y 30.3979 dB    U 35.8555 dB    V 37.2754 dB] [ET   411 ] [L0 0 2 ] [L1 2 4 ]
POC     3 TId: 5 (      STSA, B-SLICE, QP 46)             4352 bits [Y 29.7247 dB    U 35.5430 dB    V 36.7275 dB] [ET   495 ] [L0 2 0 ] [L1 4 8 ]
POC     6 TId: 4 (      STSA, B-SLICE, QP 45)             8864 bits [Y 29.6976 dB    U 35.4750 dB    V 36.5344 dB] [ET   661 ] [L0 4 0 ] [L1 8 16 ]
POC     5 TId: 5 (      STSA, B-SLICE, QP 46)             3840 bits [Y 29.5926 dB    U 35.5313 dB    V 36.7442 dB] [ET   515 ] [L0 4 0 ] [L1 6 8 ]
POC     7 TId: 5 (      STSA, B-SLICE, QP 46)             3648 bits [Y 29.5540 dB    U 35.4140 dB    V 36.4973 dB] [ET   464 ] [L0 6 4 ] [L1 8 16 ]
POC    12 TId: 3 (      STSA, B-SLICE, QP 43)            18032 bits [Y 29.8278 dB    U 35.5931 dB    V 36.2296 dB] [ET   757 ] [L0 8 0 ] [L1 16 8 ]
POC    10 TId: 4 (      STSA, B-SLICE, QP 45)             9504 bits [Y 29.3785 dB    U 35.4374 dB    V 36.1942 dB] [ET   697 ] [L0 8 0 ] [L1 12 16 ]
POC     9 TId: 5 (      STSA, B-SLICE, QP 46)             3632 bits [Y 29.3637 dB    U 35.4383 dB    V 36.3643 dB] [ET   457 ] [L0 8 0 ] [L1 10 12 ]
POC    11 TId: 5 (      STSA, B-SLICE, QP 46)             4208 bits [Y 29.2778 dB    U 35.4569 dB    V 36.0796 dB] [ET   502 ] [L0 10 8 ] [L1 12 16 ]
POC    14 TId: 4 (      STSA, B-SLICE, QP 45)             8288 bits [Y 29.4558 dB    U 35.5071 dB    V 36.1207 dB] [ET   568 ] [L0 12 8 ] [L1 16 12 ]
POC    13 TId: 5 (      STSA, B-SLICE, QP 46)             4216 bits [Y 29.3870 dB    U 35.4824 dB    V 36.0759 dB] [ET   446 ] [L0 12 8 ] [L1 14 16 ]
POC    15 TId: 5 (      STSA, B-SLICE, QP 46)             3800 bits [Y 29.7040 dB    U 35.5997 dB    V 36.2519 dB] [ET   405 ] [L0 14 12 ] [L1 16 14 ]

	Total Frames |   Bitrate     Y-PSNR    U-PSNR    V-PSNR    YUV-PSNR   
	       17    a     583.3694   30.0127   35.6487   36.6237   31.1993

 finished @ Tue Apr 18 05:10:15 2023
 Total Time:     8891.098 sec. [user]     8891.378 sec. [elapsed]

Level: 0
Inject Calls: 10898743387
Errors injected by bit:
	Bit 0: 109229
	Bit 1: 108889
	Bit 2: 109181
	Bit 3: 108578
	Bit 4: 108890
	Bit 5: 108789
	Bit 6: 108934
	Bit 7: 108957

Total errors injected: 871447
