vvencFFapp: Fraunhofer VVC Encoder ver. 1.5.0 [Linux][GCC 11.3.0][64 bit][SIMD=AVX2]
 started @ Mon Apr 17 21:36:58 2023
CODING TOOL CFG: CTU128 QT44BTT21 IBD:1 SAO:1 ALF:1 (NonLinLuma:0 NonLinChr:0) CCALF:1 Tiles:1x1 Slices:1 WPP:0 WPP-Substreams:1 TMVP:1 DQ:1 SDH:0 CST:1 BDOF:1 DMVR:1 MTSImplicit:1 SBT:0 JCbCr:1 CabacInitPresent:1 AMVR:5 SMVD:3 LMCS:2 (Signal:SDR Opt:0) CIIP:0 MIP:1 AFFINE:2 (PROF:1, Type:1) MMVD:3 DisFracMMVD:1 SbTMVP:1 GPM:3 LFNST:1 MTS:0 ISP:3 TS:2 TSLog2MaxSize:4 useChromaTS:0 BDPCM:2 IBC:2 BCW:0 
ENC. ALG. CFG: QPA:0 HAD:1 RDQ:1 RDQTS:1 ASR:1 MinSearchWindow:96 RestrictMESampling:0 EDO:2 MCTF:2 
PRE-ANALYSIS CFG: STA:1 LeadFrames:0 TrailFrames:0 
FAST TOOL CFG: ECU:0 FEN:1 FDM:1 FastSearch:4 (SCC:2) LCTUFast:1 FastMrg:2 PBIntraFast:1 AMaxBT:1 FastQtBtEnc:1 ContentBasedFastQtbt:0 FastMIP:3 FastIntraTools:0 IntraEstDecBit:2 FastLocalDualTree:1 IntegerET:0 FastSubPel:1 QtbttExtraFast:3 FastTTSplit:0 IBCFastMethod:3 FIM:0 ALFSpeed:0 QuantThr: 4 
RATE CONTROL CFG: RateControl:0 LookAhead:0 
PARALLEL PROCESSING CFG: NumThreads:0 MaxParallelFrames:0 WppBitEqual:0 WF:0 

POC     0 TId: 0 (  IDR_N_LP, I-SLICE, QP 34, TF 2)     137312 bits [Y 33.0393 dB    U 36.5932 dB    V 37.9362 dB] [ET   133 ] [L0 ] [L1 ]
POC    16 TId: 1 (      STSA, B-SLICE, QP 40, TF 1)      50104 bits [Y 30.9000 dB    U 36.0664 dB    V 36.8753 dB] [ET   401 ] [L0 0 ] [L1 0 ]
POC     8 TId: 2 (      STSA, B-SLICE, QP 40, TF 0)      40240 bits [Y 30.7092 dB    U 35.8886 dB    V 36.8243 dB] [ET   715 ] [L0 0 16 ] [L1 16 0 ]
POC     4 TId: 3 (      STSA, B-SLICE, QP 43)            17392 bits [Y 30.2000 dB    U 35.7427 dB    V 36.8939 dB] [ET   628 ] [L0 0 8 ] [L1 8 16 ]
POC     2 TId: 4 (      STSA, B-SLICE, QP 45)             9408 bits [Y 30.0534 dB    U 35.7781 dB    V 37.2015 dB] [ET   519 ] [L0 0 4 ] [L1 4 8 ]
POC     1 TId: 5 (      STSA, B-SLICE, QP 46)             4680 bits [Y 30.3340 dB    U 35.9312 dB    V 37.3855 dB] [ET   384 ] [L0 0 2 ] [L1 2 4 ]
POC     3 TId: 5 (      STSA, B-SLICE, QP 46)             4248 bits [Y 29.7674 dB    U 35.5725 dB    V 36.7888 dB] [ET   463 ] [L0 2 0 ] [L1 4 8 ]
POC     6 TId: 4 (      STSA, B-SLICE, QP 45)             8288 bits [Y 29.6249 dB    U 35.4743 dB    V 36.4565 dB] [ET   652 ] [L0 4 0 ] [L1 8 16 ]
POC     5 TId: 5 (      STSA, B-SLICE, QP 46)             3888 bits [Y 29.5694 dB    U 35.5628 dB    V 36.7498 dB] [ET   477 ] [L0 4 0 ] [L1 6 8 ]
POC     7 TId: 5 (      STSA, B-SLICE, QP 46)             3968 bits [Y 29.6113 dB    U 35.4317 dB    V 36.5163 dB] [ET   443 ] [L0 6 4 ] [L1 8 16 ]
POC    12 TId: 3 (      STSA, B-SLICE, QP 43)            18432 bits [Y 29.8616 dB    U 35.7735 dB    V 36.3989 dB] [ET   737 ] [L0 8 0 ] [L1 16 8 ]
POC    10 TId: 4 (      STSA, B-SLICE, QP 45)             9392 bits [Y 29.3478 dB    U 35.4984 dB    V 36.2761 dB] [ET   636 ] [L0 8 0 ] [L1 12 16 ]
POC     9 TId: 5 (      STSA, B-SLICE, QP 46)             3824 bits [Y 29.4111 dB    U 35.6066 dB    V 36.4950 dB] [ET   451 ] [L0 8 0 ] [L1 10 12 ]
POC    11 TId: 5 (      STSA, B-SLICE, QP 46)             4160 bits [Y 29.2940 dB    U 35.4546 dB    V 36.1935 dB] [ET   470 ] [L0 10 8 ] [L1 12 16 ]
POC    14 TId: 4 (      STSA, B-SLICE, QP 45)             8048 bits [Y 29.4262 dB    U 35.6343 dB    V 36.1301 dB] [ET   559 ] [L0 12 8 ] [L1 16 12 ]
POC    13 TId: 5 (      STSA, B-SLICE, QP 46)             4088 bits [Y 29.3980 dB    U 35.5939 dB    V 36.2198 dB] [ET   436 ] [L0 12 8 ] [L1 14 16 ]
POC    15 TId: 5 (      STSA, B-SLICE, QP 46)             3648 bits [Y 29.6786 dB    U 35.6918 dB    V 36.3283 dB] [ET   376 ] [L0 14 12 ] [L1 16 14 ]

	Total Frames |   Bitrate     Y-PSNR    U-PSNR    V-PSNR    YUV-PSNR   
	       17    a     584.3294   30.0133   35.7232   36.6865   31.2075

 finished @ Mon Apr 17 23:58:33 2023
 Total Time:     8494.009 sec. [user]     8494.182 sec. [elapsed]

Level: 0
Inject Calls: 10557741590
Errors injected by bit:
	Bit 0: 10558198
	Bit 1: 10551686
	Bit 2: 10551323
	Bit 3: 10554846
	Bit 4: 10549688
	Bit 5: 10555130
	Bit 6: 10558533
	Bit 7: 10557332

Total errors injected: 84436736
