vvencFFapp: Fraunhofer VVC Encoder ver. 1.5.0 [Linux][GCC 11.3.0][64 bit][SIMD=AVX2]
 started @ Thu Apr 13 11:55:48 2023
CODING TOOL CFG: CTU128 QT44BTT21 IBD:1 SAO:1 ALF:1 (NonLinLuma:0 NonLinChr:0) CCALF:1 Tiles:1x1 Slices:1 WPP:0 WPP-Substreams:1 TMVP:1 DQ:1 SDH:0 CST:1 BDOF:1 DMVR:1 MTSImplicit:1 SBT:0 JCbCr:1 CabacInitPresent:1 AMVR:5 SMVD:3 LMCS:2 (Signal:SDR Opt:0) CIIP:0 MIP:1 AFFINE:2 (PROF:1, Type:1) MMVD:3 DisFracMMVD:1 SbTMVP:1 GPM:3 LFNST:1 MTS:0 ISP:3 TS:2 TSLog2MaxSize:4 useChromaTS:0 BDPCM:2 IBC:2 BCW:0 
ENC. ALG. CFG: QPA:0 HAD:1 RDQ:1 RDQTS:1 ASR:1 MinSearchWindow:96 RestrictMESampling:0 EDO:2 MCTF:2 
PRE-ANALYSIS CFG: STA:1 LeadFrames:0 TrailFrames:0 
FAST TOOL CFG: ECU:0 FEN:1 FDM:1 FastSearch:4 (SCC:2) LCTUFast:1 FastMrg:2 PBIntraFast:1 AMaxBT:1 FastQtBtEnc:1 ContentBasedFastQtbt:0 FastMIP:3 FastIntraTools:0 IntraEstDecBit:2 FastLocalDualTree:1 IntegerET:0 FastSubPel:1 QtbttExtraFast:3 FastTTSplit:0 IBCFastMethod:3 FIM:0 ALFSpeed:0 QuantThr: 4 
RATE CONTROL CFG: RateControl:0 LookAhead:0 
PARALLEL PROCESSING CFG: NumThreads:0 MaxParallelFrames:0 WppBitEqual:0 WF:0 

POC     0 TId: 0 (  IDR_N_LP, I-SLICE, QP 19, TF 3)     629392 bits [Y 41.1842 dB    U 43.2214 dB    V 44.1771 dB] [ET   278 ] [L0 ] [L1 ]
POC    16 TId: 1 (      STSA, B-SLICE, QP 22, TF 2)     444752 bits [Y 42.3084 dB    U 43.3772 dB    V 44.2315 dB] [ET   662 ] [L0 0 ] [L1 0 ]
POC     8 TId: 2 (      STSA, B-SLICE, QP 23, TF 1)     350640 bits [Y 40.6529 dB    U 42.0512 dB    V 43.1796 dB] [ET  1085 ] [L0 0 16 ] [L1 16 0 ]
POC     4 TId: 3 (      STSA, B-SLICE, QP 26, TF 0)     176544 bits [Y 38.9379 dB    U 41.4420 dB    V 42.5396 dB] [ET  1119 ] [L0 0 8 ] [L1 8 16 ]
POC     2 TId: 4 (      STSA, B-SLICE, QP 28)           108664 bits [Y 38.3769 dB    U 41.4378 dB    V 42.6201 dB] [ET  1023 ] [L0 0 4 ] [L1 4 8 ]
POC     1 TId: 5 (      STSA, B-SLICE, QP 29)            66832 bits [Y 37.8809 dB    U 41.5516 dB    V 42.7323 dB] [ET   834 ] [L0 0 2 ] [L1 2 4 ]
POC     3 TId: 5 (      STSA, B-SLICE, QP 29)            63664 bits [Y 37.6924 dB    U 41.0394 dB    V 42.2688 dB] [ET   955 ] [L0 2 0 ] [L1 4 8 ]
POC     6 TId: 4 (      STSA, B-SLICE, QP 28)           102168 bits [Y 38.3523 dB    U 41.1552 dB    V 42.2931 dB] [ET  1140 ] [L0 4 0 ] [L1 8 16 ]
POC     5 TId: 5 (      STSA, B-SLICE, QP 29)            62072 bits [Y 37.7683 dB    U 40.9060 dB    V 42.1577 dB] [ET   970 ] [L0 4 0 ] [L1 6 8 ]
POC     7 TId: 5 (      STSA, B-SLICE, QP 29)            62704 bits [Y 37.8077 dB    U 40.9515 dB    V 42.0781 dB] [ET   960 ] [L0 6 4 ] [L1 8 16 ]
POC    12 TId: 3 (      STSA, B-SLICE, QP 26, TF 0)     183824 bits [Y 38.9798 dB    U 41.5585 dB    V 42.3866 dB] [ET  1201 ] [L0 8 0 ] [L1 16 8 ]
POC    10 TId: 4 (      STSA, B-SLICE, QP 28)           113360 bits [Y 38.2873 dB    U 41.1053 dB    V 42.0274 dB] [ET  1258 ] [L0 8 0 ] [L1 12 16 ]
POC     9 TId: 5 (      STSA, B-SLICE, QP 29)            63984 bits [Y 37.8136 dB    U 40.9831 dB    V 42.1985 dB] [ET   948 ] [L0 8 0 ] [L1 10 12 ]
POC    11 TId: 5 (      STSA, B-SLICE, QP 29)            68208 bits [Y 37.7450 dB    U 40.9822 dB    V 41.8186 dB] [ET  1048 ] [L0 10 8 ] [L1 12 16 ]
POC    14 TId: 4 (      STSA, B-SLICE, QP 28)           114464 bits [Y 38.3749 dB    U 41.2042 dB    V 42.3060 dB] [ET  1050 ] [L0 12 8 ] [L1 16 12 ]
POC    13 TId: 5 (      STSA, B-SLICE, QP 29)            64704 bits [Y 37.7405 dB    U 40.9893 dB    V 41.9704 dB] [ET   958 ] [L0 12 8 ] [L1 14 16 ]
POC    15 TId: 5 (      STSA, B-SLICE, QP 29)            67896 bits [Y 37.8841 dB    U 41.2220 dB    V 42.4405 dB] [ET   833 ] [L0 14 12 ] [L1 16 14 ]

	Total Frames |   Bitrate     Y-PSNR    U-PSNR    V-PSNR    YUV-PSNR   
	       17    a    4842.1271   38.6934   41.4810   42.5545   39.3887

 finished @ Thu Apr 13 16:28:08 2023
 Total Time:    16308.239 sec. [user]    16339.842 sec. [elapsed]

Level: 0
Inject Calls: 19991251484
Errors injected by bit:
	Bit 0: 199786
	Bit 1: 200519
	Bit 2: 199527
	Bit 3: 199123
	Bit 4: 199445
	Bit 5: 199597
	Bit 6: 200096
	Bit 7: 200432

Total errors injected: 1598525
