vvencFFapp: Fraunhofer VVC Encoder ver. 1.5.0 [Linux][GCC 11.3.0][64 bit][SIMD=AVX2]
 started @ Tue Apr 18 02:32:04 2023
CODING TOOL CFG: CTU128 QT44BTT21 IBD:1 SAO:1 ALF:1 (NonLinLuma:0 NonLinChr:0) CCALF:1 Tiles:1x1 Slices:1 WPP:0 WPP-Substreams:1 TMVP:1 DQ:1 SDH:0 CST:1 BDOF:1 DMVR:1 MTSImplicit:1 SBT:0 JCbCr:1 CabacInitPresent:1 AMVR:5 SMVD:3 LMCS:2 (Signal:SDR Opt:0) CIIP:0 MIP:1 AFFINE:2 (PROF:1, Type:1) MMVD:3 DisFracMMVD:1 SbTMVP:1 GPM:3 LFNST:1 MTS:0 ISP:3 TS:2 TSLog2MaxSize:4 useChromaTS:0 BDPCM:2 IBC:2 BCW:0 
ENC. ALG. CFG: QPA:0 HAD:1 RDQ:1 RDQTS:1 ASR:1 MinSearchWindow:96 RestrictMESampling:0 EDO:2 MCTF:2 
PRE-ANALYSIS CFG: STA:1 LeadFrames:0 TrailFrames:0 
FAST TOOL CFG: ECU:0 FEN:1 FDM:1 FastSearch:4 (SCC:2) LCTUFast:1 FastMrg:2 PBIntraFast:1 AMaxBT:1 FastQtBtEnc:1 ContentBasedFastQtbt:0 FastMIP:3 FastIntraTools:0 IntraEstDecBit:2 FastLocalDualTree:1 IntegerET:0 FastSubPel:1 QtbttExtraFast:3 FastTTSplit:0 IBCFastMethod:3 FIM:0 ALFSpeed:0 QuantThr: 4 
RATE CONTROL CFG: RateControl:0 LookAhead:0 
PARALLEL PROCESSING CFG: NumThreads:0 MaxParallelFrames:0 WppBitEqual:0 WF:0 

POC     0 TId: 0 (  IDR_N_LP, I-SLICE, QP 34, TF 2)     137312 bits [Y 33.0393 dB    U 36.5932 dB    V 37.9362 dB] [ET   134 ] [L0 ] [L1 ]
POC    16 TId: 1 (      STSA, B-SLICE, QP 40, TF 1)      50504 bits [Y 30.8202 dB    U 36.0547 dB    V 36.8787 dB] [ET   385 ] [L0 0 ] [L1 0 ]
POC     8 TId: 2 (      STSA, B-SLICE, QP 40, TF 0)      40456 bits [Y 30.7355 dB    U 35.8155 dB    V 36.8952 dB] [ET   738 ] [L0 0 16 ] [L1 16 0 ]
POC     4 TId: 3 (      STSA, B-SLICE, QP 43)            17120 bits [Y 30.1789 dB    U 35.6932 dB    V 36.8671 dB] [ET   645 ] [L0 0 8 ] [L1 8 16 ]
POC     2 TId: 4 (      STSA, B-SLICE, QP 45)             9392 bits [Y 30.0685 dB    U 35.7868 dB    V 37.0819 dB] [ET   511 ] [L0 0 4 ] [L1 4 8 ]
POC     1 TId: 5 (      STSA, B-SLICE, QP 46)             4864 bits [Y 30.3773 dB    U 35.8925 dB    V 37.3293 dB] [ET   398 ] [L0 0 2 ] [L1 2 4 ]
POC     3 TId: 5 (      STSA, B-SLICE, QP 46)             4320 bits [Y 29.7115 dB    U 35.6201 dB    V 36.7354 dB] [ET   513 ] [L0 2 0 ] [L1 4 8 ]
POC     6 TId: 4 (      STSA, B-SLICE, QP 45)             8624 bits [Y 29.6567 dB    U 35.3708 dB    V 36.6797 dB] [ET   676 ] [L0 4 0 ] [L1 8 16 ]
POC     5 TId: 5 (      STSA, B-SLICE, QP 46)             4000 bits [Y 29.6127 dB    U 35.4527 dB    V 36.7829 dB] [ET   482 ] [L0 4 0 ] [L1 6 8 ]
POC     7 TId: 5 (      STSA, B-SLICE, QP 46)             3864 bits [Y 29.6485 dB    U 35.3262 dB    V 36.6124 dB] [ET   453 ] [L0 6 4 ] [L1 8 16 ]
POC    12 TId: 3 (      STSA, B-SLICE, QP 43)            18040 bits [Y 29.8179 dB    U 35.7198 dB    V 36.2024 dB] [ET   739 ] [L0 8 0 ] [L1 16 8 ]
POC    10 TId: 4 (      STSA, B-SLICE, QP 45)             9536 bits [Y 29.3591 dB    U 35.4792 dB    V 36.2630 dB] [ET   662 ] [L0 8 0 ] [L1 12 16 ]
POC     9 TId: 5 (      STSA, B-SLICE, QP 46)             3976 bits [Y 29.4331 dB    U 35.5171 dB    V 36.3554 dB] [ET   455 ] [L0 8 0 ] [L1 10 12 ]
POC    11 TId: 5 (      STSA, B-SLICE, QP 46)             4096 bits [Y 29.2419 dB    U 35.5416 dB    V 36.1302 dB] [ET   518 ] [L0 10 8 ] [L1 12 16 ]
POC    14 TId: 4 (      STSA, B-SLICE, QP 45)             8400 bits [Y 29.4469 dB    U 35.6505 dB    V 36.1125 dB] [ET   565 ] [L0 12 8 ] [L1 16 12 ]
POC    13 TId: 5 (      STSA, B-SLICE, QP 46)             4120 bits [Y 29.3359 dB    U 35.5783 dB    V 36.0977 dB] [ET   440 ] [L0 12 8 ] [L1 14 16 ]
POC    15 TId: 5 (      STSA, B-SLICE, QP 46)             3792 bits [Y 29.6737 dB    U 35.7515 dB    V 36.3014 dB] [ET   430 ] [L0 14 12 ] [L1 16 14 ]

	Total Frames |   Bitrate     Y-PSNR    U-PSNR    V-PSNR    YUV-PSNR   
	       17    a     586.6165   30.0093   35.6967   36.6624   31.2012

 finished @ Tue Apr 18 04:58:02 2023
 Total Time:     8757.556 sec. [user]     8758.254 sec. [elapsed]

Level: 0
Inject Calls: 10950607583
Errors injected by bit:
	Bit 0: 110163
	Bit 1: 109127
	Bit 2: 109715
	Bit 3: 109041
	Bit 4: 110009
	Bit 5: 109727
	Bit 6: 109649
	Bit 7: 109757

Total errors injected: 877188
