vvencFFapp: Fraunhofer VVC Encoder ver. 1.5.0 [Linux][GCC 11.3.0][64 bit][SIMD=AVX2]
 started @ Mon Apr 17 15:41:52 2023
CODING TOOL CFG: CTU128 QT44BTT21 IBD:1 SAO:1 ALF:1 (NonLinLuma:0 NonLinChr:0) CCALF:1 Tiles:1x1 Slices:1 WPP:0 WPP-Substreams:1 TMVP:1 DQ:1 SDH:0 CST:1 BDOF:1 DMVR:1 MTSImplicit:1 SBT:0 JCbCr:1 CabacInitPresent:1 AMVR:5 SMVD:3 LMCS:2 (Signal:SDR Opt:0) CIIP:0 MIP:1 AFFINE:2 (PROF:1, Type:1) MMVD:3 DisFracMMVD:1 SbTMVP:1 GPM:3 LFNST:1 MTS:0 ISP:3 TS:2 TSLog2MaxSize:4 useChromaTS:0 BDPCM:2 IBC:2 BCW:0 
ENC. ALG. CFG: QPA:0 HAD:1 RDQ:1 RDQTS:1 ASR:1 MinSearchWindow:96 RestrictMESampling:0 EDO:2 MCTF:2 
PRE-ANALYSIS CFG: STA:1 LeadFrames:0 TrailFrames:0 
FAST TOOL CFG: ECU:0 FEN:1 FDM:1 FastSearch:4 (SCC:2) LCTUFast:1 FastMrg:2 PBIntraFast:1 AMaxBT:1 FastQtBtEnc:1 ContentBasedFastQtbt:0 FastMIP:3 FastIntraTools:0 IntraEstDecBit:2 FastLocalDualTree:1 IntegerET:0 FastSubPel:1 QtbttExtraFast:3 FastTTSplit:0 IBCFastMethod:3 FIM:0 ALFSpeed:0 QuantThr: 4 
RATE CONTROL CFG: RateControl:0 LookAhead:0 
PARALLEL PROCESSING CFG: NumThreads:0 MaxParallelFrames:0 WppBitEqual:0 WF:0 

POC     0 TId: 0 (  IDR_N_LP, I-SLICE, QP 29, TF 2)     245544 bits [Y 36.0242 dB    U 38.6082 dB    V 40.2672 dB] [ET   175 ] [L0 ] [L1 ]
POC    16 TId: 1 (      STSA, B-SLICE, QP 34, TF 1)     115128 bits [Y 34.7039 dB    U 37.4704 dB    V 38.4870 dB] [ET   504 ] [L0 0 ] [L1 0 ]
POC     8 TId: 2 (      STSA, B-SLICE, QP 35, TF 0)      83256 bits [Y 33.7907 dB    U 37.0276 dB    V 38.3106 dB] [ET   831 ] [L0 0 16 ] [L1 16 0 ]
POC     4 TId: 3 (      STSA, B-SLICE, QP 38)            35768 bits [Y 33.0439 dB    U 37.1811 dB    V 38.4994 dB] [ET   794 ] [L0 0 8 ] [L1 8 16 ]
POC     2 TId: 4 (      STSA, B-SLICE, QP 40)            19424 bits [Y 32.6944 dB    U 37.5556 dB    V 38.9437 dB] [ET   664 ] [L0 0 4 ] [L1 4 8 ]
POC     1 TId: 5 (      STSA, B-SLICE, QP 41)            10704 bits [Y 32.9286 dB    U 37.6036 dB    V 39.1818 dB] [ET   489 ] [L0 0 2 ] [L1 2 4 ]
POC     3 TId: 5 (      STSA, B-SLICE, QP 41)             9712 bits [Y 32.2657 dB    U 37.0868 dB    V 38.5020 dB] [ET   587 ] [L0 2 0 ] [L1 4 8 ]
POC     6 TId: 4 (      STSA, B-SLICE, QP 40)            19096 bits [Y 32.4247 dB    U 36.9621 dB    V 38.3781 dB] [ET   855 ] [L0 4 0 ] [L1 8 16 ]
POC     5 TId: 5 (      STSA, B-SLICE, QP 41)             9408 bits [Y 32.2701 dB    U 36.9216 dB    V 38.4173 dB] [ET   656 ] [L0 4 0 ] [L1 6 8 ]
POC     7 TId: 5 (      STSA, B-SLICE, QP 41)             9256 bits [Y 32.2759 dB    U 36.7805 dB    V 38.0947 dB] [ET   603 ] [L0 6 4 ] [L1 8 16 ]
POC    12 TId: 3 (      STSA, B-SLICE, QP 38)            36440 bits [Y 32.8208 dB    U 37.1691 dB    V 37.9523 dB] [ET   853 ] [L0 8 0 ] [L1 16 8 ]
POC    10 TId: 4 (      STSA, B-SLICE, QP 40)            20368 bits [Y 32.2431 dB    U 36.8310 dB    V 37.7306 dB] [ET   854 ] [L0 8 0 ] [L1 12 16 ]
POC     9 TId: 5 (      STSA, B-SLICE, QP 41)             9968 bits [Y 32.2057 dB    U 36.8428 dB    V 37.9151 dB] [ET   601 ] [L0 8 0 ] [L1 10 12 ]
POC    11 TId: 5 (      STSA, B-SLICE, QP 41)             9824 bits [Y 32.0200 dB    U 36.8742 dB    V 37.6898 dB] [ET   639 ] [L0 10 8 ] [L1 12 16 ]
POC    14 TId: 4 (      STSA, B-SLICE, QP 40)            18504 bits [Y 32.3519 dB    U 36.9488 dB    V 37.8560 dB] [ET   677 ] [L0 12 8 ] [L1 16 12 ]
POC    13 TId: 5 (      STSA, B-SLICE, QP 41)             8944 bits [Y 32.0987 dB    U 36.9281 dB    V 37.7320 dB] [ET   619 ] [L0 12 8 ] [L1 14 16 ]
POC    15 TId: 5 (      STSA, B-SLICE, QP 41)             8344 bits [Y 32.4504 dB    U 37.0201 dB    V 37.9975 dB] [ET   515 ] [L0 14 12 ] [L1 16 14 ]

	Total Frames |   Bitrate     Y-PSNR    U-PSNR    V-PSNR    YUV-PSNR   
	       17    a    1181.8024   32.8596   37.1654   38.3503   33.8684

 finished @ Mon Apr 17 18:44:02 2023
 Total Time:    10895.708 sec. [user]    10929.887 sec. [elapsed]

Level: 0
Inject Calls: 13224971600
Errors injected by bit:
	Bit 0: 13021
	Bit 1: 13232
	Bit 2: 13065
	Bit 3: 13302
	Bit 4: 13154
	Bit 5: 13239
	Bit 6: 13291
	Bit 7: 13319

Total errors injected: 105623
