vvencFFapp: Fraunhofer VVC Encoder ver. 1.5.0 [Linux][GCC 11.3.0][64 bit][SIMD=AVX2]
 started @ Wed Apr 12 13:05:24 2023
CODING TOOL CFG: CTU128 QT44BTT21 IBD:1 SAO:1 ALF:1 (NonLinLuma:0 NonLinChr:0) CCALF:1 Tiles:1x1 Slices:1 WPP:0 WPP-Substreams:1 TMVP:1 DQ:1 SDH:0 CST:1 BDOF:1 DMVR:1 MTSImplicit:1 SBT:0 JCbCr:1 CabacInitPresent:1 AMVR:5 SMVD:3 LMCS:2 (Signal:SDR Opt:0) CIIP:0 MIP:1 AFFINE:2 (PROF:1, Type:1) MMVD:3 DisFracMMVD:1 SbTMVP:1 GPM:3 LFNST:1 MTS:0 ISP:3 TS:2 TSLog2MaxSize:4 useChromaTS:0 BDPCM:2 IBC:2 BCW:0 
ENC. ALG. CFG: QPA:0 HAD:1 RDQ:1 RDQTS:1 ASR:1 MinSearchWindow:96 RestrictMESampling:0 EDO:2 MCTF:2 
PRE-ANALYSIS CFG: STA:1 LeadFrames:0 TrailFrames:0 
FAST TOOL CFG: ECU:0 FEN:1 FDM:1 FastSearch:4 (SCC:2) LCTUFast:1 FastMrg:2 PBIntraFast:1 AMaxBT:1 FastQtBtEnc:1 ContentBasedFastQtbt:0 FastMIP:3 FastIntraTools:0 IntraEstDecBit:2 FastLocalDualTree:1 IntegerET:0 FastSubPel:1 QtbttExtraFast:3 FastTTSplit:0 IBCFastMethod:3 FIM:0 ALFSpeed:0 QuantThr: 4 
RATE CONTROL CFG: RateControl:0 LookAhead:0 
PARALLEL PROCESSING CFG: NumThreads:0 MaxParallelFrames:0 WppBitEqual:0 WF:0 

POC     0 TId: 0 (  IDR_N_LP, I-SLICE, QP 19, TF 3)     629392 bits [Y 41.1842 dB    U 43.2214 dB    V 44.1771 dB] [ET   290 ] [L0 ] [L1 ]
POC    16 TId: 1 (      STSA, B-SLICE, QP 22, TF 2)     443096 bits [Y 42.3140 dB    U 43.4259 dB    V 44.2556 dB] [ET   687 ] [L0 0 ] [L1 0 ]
POC     8 TId: 2 (      STSA, B-SLICE, QP 23, TF 1)     350728 bits [Y 40.6477 dB    U 42.0251 dB    V 43.2041 dB] [ET  1095 ] [L0 0 16 ] [L1 16 0 ]
POC     4 TId: 3 (      STSA, B-SLICE, QP 26, TF 0)     176376 bits [Y 38.9232 dB    U 41.4057 dB    V 42.5631 dB] [ET  1130 ] [L0 0 8 ] [L1 8 16 ]
POC     2 TId: 4 (      STSA, B-SLICE, QP 28)           107440 bits [Y 38.3291 dB    U 41.4212 dB    V 42.6144 dB] [ET  1049 ] [L0 0 4 ] [L1 4 8 ]
POC     1 TId: 5 (      STSA, B-SLICE, QP 29)            67400 bits [Y 37.8682 dB    U 41.4991 dB    V 42.7643 dB] [ET   821 ] [L0 0 2 ] [L1 2 4 ]
POC     3 TId: 5 (      STSA, B-SLICE, QP 29)            65440 bits [Y 37.7196 dB    U 41.0172 dB    V 42.1915 dB] [ET   996 ] [L0 2 0 ] [L1 4 8 ]
POC     6 TId: 4 (      STSA, B-SLICE, QP 28)           101320 bits [Y 38.3001 dB    U 41.1115 dB    V 42.2991 dB] [ET  1180 ] [L0 4 0 ] [L1 8 16 ]
POC     5 TId: 5 (      STSA, B-SLICE, QP 29)            61152 bits [Y 37.7226 dB    U 40.8441 dB    V 42.1511 dB] [ET   973 ] [L0 4 0 ] [L1 6 8 ]
POC     7 TId: 5 (      STSA, B-SLICE, QP 29)            63504 bits [Y 37.7926 dB    U 40.9185 dB    V 42.0995 dB] [ET   965 ] [L0 6 4 ] [L1 8 16 ]
POC    12 TId: 3 (      STSA, B-SLICE, QP 26, TF 0)     185192 bits [Y 38.9733 dB    U 41.6122 dB    V 42.4099 dB] [ET  1194 ] [L0 8 0 ] [L1 16 8 ]
POC    10 TId: 4 (      STSA, B-SLICE, QP 28)           115488 bits [Y 38.3163 dB    U 41.1347 dB    V 42.0395 dB] [ET  1263 ] [L0 8 0 ] [L1 12 16 ]
POC     9 TId: 5 (      STSA, B-SLICE, QP 29)            64632 bits [Y 37.8179 dB    U 40.9547 dB    V 42.1682 dB] [ET   939 ] [L0 8 0 ] [L1 10 12 ]
POC    11 TId: 5 (      STSA, B-SLICE, QP 29)            67736 bits [Y 37.7240 dB    U 41.0034 dB    V 41.8133 dB] [ET  1020 ] [L0 10 8 ] [L1 12 16 ]
POC    14 TId: 4 (      STSA, B-SLICE, QP 28)           116512 bits [Y 38.3950 dB    U 41.1997 dB    V 42.2461 dB] [ET  1047 ] [L0 12 8 ] [L1 16 12 ]
POC    13 TId: 5 (      STSA, B-SLICE, QP 29)            65928 bits [Y 37.7566 dB    U 40.9553 dB    V 41.9934 dB] [ET   971 ] [L0 12 8 ] [L1 14 16 ]
POC    15 TId: 5 (      STSA, B-SLICE, QP 29)            68568 bits [Y 37.8696 dB    U 41.2373 dB    V 42.4632 dB] [ET   833 ] [L0 14 12 ] [L1 16 14 ]

	Total Frames |   Bitrate     Y-PSNR    U-PSNR    V-PSNR    YUV-PSNR   
	       17    a    4852.7718   38.6855   41.4698   42.5561   39.3804

 finished @ Wed Apr 12 17:39:53 2023
 Total Time:    16354.297 sec. [user]    16469.565 sec. [elapsed]

Level: 0
Inject Calls: 19743272703
Errors injected by bit:
	Bit 0: 19737283
	Bit 1: 19746099
	Bit 2: 19732208
	Bit 3: 19741949
	Bit 4: 19744309
	Bit 5: 19738179
	Bit 6: 19741451
	Bit 7: 19746395

Total errors injected: 157927873
