vvencFFapp: Fraunhofer VVC Encoder ver. 1.5.0 [Linux][GCC 11.3.0][64 bit][SIMD=AVX2]
 started @ Tue Apr 18 02:27:03 2023
CODING TOOL CFG: CTU128 QT44BTT21 IBD:1 SAO:1 ALF:1 (NonLinLuma:0 NonLinChr:0) CCALF:1 Tiles:1x1 Slices:1 WPP:0 WPP-Substreams:1 TMVP:1 DQ:1 SDH:0 CST:1 BDOF:1 DMVR:1 MTSImplicit:1 SBT:0 JCbCr:1 CabacInitPresent:1 AMVR:5 SMVD:3 LMCS:2 (Signal:SDR Opt:0) CIIP:0 MIP:1 AFFINE:2 (PROF:1, Type:1) MMVD:3 DisFracMMVD:1 SbTMVP:1 GPM:3 LFNST:1 MTS:0 ISP:3 TS:2 TSLog2MaxSize:4 useChromaTS:0 BDPCM:2 IBC:2 BCW:0 
ENC. ALG. CFG: QPA:0 HAD:1 RDQ:1 RDQTS:1 ASR:1 MinSearchWindow:96 RestrictMESampling:0 EDO:2 MCTF:2 
PRE-ANALYSIS CFG: STA:1 LeadFrames:0 TrailFrames:0 
FAST TOOL CFG: ECU:0 FEN:1 FDM:1 FastSearch:4 (SCC:2) LCTUFast:1 FastMrg:2 PBIntraFast:1 AMaxBT:1 FastQtBtEnc:1 ContentBasedFastQtbt:0 FastMIP:3 FastIntraTools:0 IntraEstDecBit:2 FastLocalDualTree:1 IntegerET:0 FastSubPel:1 QtbttExtraFast:3 FastTTSplit:0 IBCFastMethod:3 FIM:0 ALFSpeed:0 QuantThr: 4 
RATE CONTROL CFG: RateControl:0 LookAhead:0 
PARALLEL PROCESSING CFG: NumThreads:0 MaxParallelFrames:0 WppBitEqual:0 WF:0 

POC     0 TId: 0 (  IDR_N_LP, I-SLICE, QP 34, TF 2)     137312 bits [Y 33.0393 dB    U 36.5932 dB    V 37.9362 dB] [ET   134 ] [L0 ] [L1 ]
POC    16 TId: 1 (      STSA, B-SLICE, QP 40, TF 1)      50440 bits [Y 30.8307 dB    U 36.0818 dB    V 36.8857 dB] [ET   391 ] [L0 0 ] [L1 0 ]
POC     8 TId: 2 (      STSA, B-SLICE, QP 40, TF 0)      39808 bits [Y 30.7344 dB    U 35.7271 dB    V 36.8151 dB] [ET   722 ] [L0 0 16 ] [L1 16 0 ]
POC     4 TId: 3 (      STSA, B-SLICE, QP 43)            16968 bits [Y 30.1447 dB    U 35.6825 dB    V 36.8891 dB] [ET   655 ] [L0 0 8 ] [L1 8 16 ]
POC     2 TId: 4 (      STSA, B-SLICE, QP 45)             9720 bits [Y 30.0697 dB    U 35.7471 dB    V 36.9998 dB] [ET   542 ] [L0 0 4 ] [L1 4 8 ]
POC     1 TId: 5 (      STSA, B-SLICE, QP 46)             4984 bits [Y 30.4100 dB    U 35.7962 dB    V 37.3209 dB] [ET   423 ] [L0 0 2 ] [L1 2 4 ]
POC     3 TId: 5 (      STSA, B-SLICE, QP 46)             4376 bits [Y 29.6808 dB    U 35.4744 dB    V 36.7468 dB] [ET   471 ] [L0 2 0 ] [L1 4 8 ]
POC     6 TId: 4 (      STSA, B-SLICE, QP 45)             8672 bits [Y 29.6809 dB    U 35.4114 dB    V 36.5399 dB] [ET   686 ] [L0 4 0 ] [L1 8 16 ]
POC     5 TId: 5 (      STSA, B-SLICE, QP 46)             4040 bits [Y 29.5825 dB    U 35.3416 dB    V 36.6867 dB] [ET   498 ] [L0 4 0 ] [L1 6 8 ]
POC     7 TId: 5 (      STSA, B-SLICE, QP 46)             3992 bits [Y 29.6666 dB    U 35.3776 dB    V 36.4935 dB] [ET   485 ] [L0 6 4 ] [L1 8 16 ]
POC    12 TId: 3 (      STSA, B-SLICE, QP 43)            18128 bits [Y 29.8591 dB    U 35.7422 dB    V 36.1837 dB] [ET   726 ] [L0 8 0 ] [L1 16 8 ]
POC    10 TId: 4 (      STSA, B-SLICE, QP 45)             9712 bits [Y 29.3784 dB    U 35.5046 dB    V 36.1734 dB] [ET   682 ] [L0 8 0 ] [L1 12 16 ]
POC     9 TId: 5 (      STSA, B-SLICE, QP 46)             3920 bits [Y 29.3929 dB    U 35.5308 dB    V 36.4642 dB] [ET   475 ] [L0 8 0 ] [L1 10 12 ]
POC    11 TId: 5 (      STSA, B-SLICE, QP 46)             4200 bits [Y 29.2537 dB    U 35.5493 dB    V 36.0667 dB] [ET   493 ] [L0 10 8 ] [L1 12 16 ]
POC    14 TId: 4 (      STSA, B-SLICE, QP 45)             8488 bits [Y 29.4280 dB    U 35.6068 dB    V 36.0893 dB] [ET   581 ] [L0 12 8 ] [L1 16 12 ]
POC    13 TId: 5 (      STSA, B-SLICE, QP 46)             4088 bits [Y 29.3667 dB    U 35.6002 dB    V 35.9741 dB] [ET   495 ] [L0 12 8 ] [L1 14 16 ]
POC    15 TId: 5 (      STSA, B-SLICE, QP 46)             3840 bits [Y 29.7277 dB    U 35.7739 dB    V 36.2748 dB] [ET   412 ] [L0 14 12 ] [L1 16 14 ]

	Total Frames |   Bitrate     Y-PSNR    U-PSNR    V-PSNR    YUV-PSNR   
	       17    a     587.0965   30.0145   35.6789   36.6200   31.2028

 finished @ Tue Apr 18 04:55:08 2023
 Total Time:     8884.650 sec. [user]     8884.897 sec. [elapsed]

Level: 0
Inject Calls: 11115093881
Errors injected by bit:
	Bit 0: 111678
	Bit 1: 110869
	Bit 2: 110708
	Bit 3: 111358
	Bit 4: 111130
	Bit 5: 111337
	Bit 6: 111364
	Bit 7: 110942

Total errors injected: 889386
