vvencFFapp: Fraunhofer VVC Encoder ver. 1.5.0 [Linux][GCC 11.3.0][64 bit][SIMD=AVX2]
 started @ Fri Apr 14 06:11:08 2023
CODING TOOL CFG: CTU128 QT44BTT21 IBD:1 SAO:1 ALF:1 (NonLinLuma:0 NonLinChr:0) CCALF:1 Tiles:1x1 Slices:1 WPP:0 WPP-Substreams:1 TMVP:1 DQ:1 SDH:0 CST:1 BDOF:1 DMVR:1 MTSImplicit:1 SBT:0 JCbCr:1 CabacInitPresent:1 AMVR:5 SMVD:3 LMCS:2 (Signal:SDR Opt:0) CIIP:0 MIP:1 AFFINE:2 (PROF:1, Type:1) MMVD:3 DisFracMMVD:1 SbTMVP:1 GPM:3 LFNST:1 MTS:0 ISP:3 TS:2 TSLog2MaxSize:4 useChromaTS:0 BDPCM:2 IBC:2 BCW:0 
ENC. ALG. CFG: QPA:0 HAD:1 RDQ:1 RDQTS:1 ASR:1 MinSearchWindow:96 RestrictMESampling:0 EDO:2 MCTF:2 
PRE-ANALYSIS CFG: STA:1 LeadFrames:0 TrailFrames:0 
FAST TOOL CFG: ECU:0 FEN:1 FDM:1 FastSearch:4 (SCC:2) LCTUFast:1 FastMrg:2 PBIntraFast:1 AMaxBT:1 FastQtBtEnc:1 ContentBasedFastQtbt:0 FastMIP:3 FastIntraTools:0 IntraEstDecBit:2 FastLocalDualTree:1 IntegerET:0 FastSubPel:1 QtbttExtraFast:3 FastTTSplit:0 IBCFastMethod:3 FIM:0 ALFSpeed:0 QuantThr: 4 
RATE CONTROL CFG: RateControl:0 LookAhead:0 
PARALLEL PROCESSING CFG: NumThreads:0 MaxParallelFrames:0 WppBitEqual:0 WF:0 

POC     0 TId: 0 (  IDR_N_LP, I-SLICE, QP 19, TF 3)     629392 bits [Y 41.1842 dB    U 43.2214 dB    V 44.1771 dB] [ET   275 ] [L0 ] [L1 ]
POC    16 TId: 1 (      STSA, B-SLICE, QP 22, TF 2)     450712 bits [Y 42.3148 dB    U 43.3963 dB    V 44.2617 dB] [ET   652 ] [L0 0 ] [L1 0 ]
POC     8 TId: 2 (      STSA, B-SLICE, QP 23, TF 1)     351240 bits [Y 40.6515 dB    U 42.0715 dB    V 43.1808 dB] [ET  1063 ] [L0 0 16 ] [L1 16 0 ]
POC     4 TId: 3 (      STSA, B-SLICE, QP 26, TF 0)     177648 bits [Y 38.9369 dB    U 41.4108 dB    V 42.5580 dB] [ET  1104 ] [L0 0 8 ] [L1 8 16 ]
POC     2 TId: 4 (      STSA, B-SLICE, QP 28)           108456 bits [Y 38.3673 dB    U 41.4534 dB    V 42.6356 dB] [ET  1025 ] [L0 0 4 ] [L1 4 8 ]
POC     1 TId: 5 (      STSA, B-SLICE, QP 29)            68128 bits [Y 37.9087 dB    U 41.5468 dB    V 42.7171 dB] [ET   819 ] [L0 0 2 ] [L1 2 4 ]
POC     3 TId: 5 (      STSA, B-SLICE, QP 29)            64104 bits [Y 37.7179 dB    U 41.0224 dB    V 42.2455 dB] [ET   940 ] [L0 2 0 ] [L1 4 8 ]
POC     6 TId: 4 (      STSA, B-SLICE, QP 28)           102624 bits [Y 38.3337 dB    U 41.1619 dB    V 42.3695 dB] [ET  1147 ] [L0 4 0 ] [L1 8 16 ]
POC     5 TId: 5 (      STSA, B-SLICE, QP 29)            61928 bits [Y 37.7374 dB    U 40.9340 dB    V 42.1703 dB] [ET   935 ] [L0 4 0 ] [L1 6 8 ]
POC     7 TId: 5 (      STSA, B-SLICE, QP 29)            62176 bits [Y 37.8019 dB    U 40.9134 dB    V 42.1007 dB] [ET   935 ] [L0 6 4 ] [L1 8 16 ]
POC    12 TId: 3 (      STSA, B-SLICE, QP 26, TF 0)     183840 bits [Y 38.9531 dB    U 41.5421 dB    V 42.4514 dB] [ET  1166 ] [L0 8 0 ] [L1 16 8 ]
POC    10 TId: 4 (      STSA, B-SLICE, QP 28)           113632 bits [Y 38.3051 dB    U 41.1151 dB    V 42.0874 dB] [ET  1237 ] [L0 8 0 ] [L1 12 16 ]
POC     9 TId: 5 (      STSA, B-SLICE, QP 29)            64048 bits [Y 37.8284 dB    U 40.9176 dB    V 42.1670 dB] [ET   942 ] [L0 8 0 ] [L1 10 12 ]
POC    11 TId: 5 (      STSA, B-SLICE, QP 29)            68544 bits [Y 37.7310 dB    U 40.9958 dB    V 41.8527 dB] [ET  1019 ] [L0 10 8 ] [L1 12 16 ]
POC    14 TId: 4 (      STSA, B-SLICE, QP 28)           116136 bits [Y 38.4169 dB    U 41.2074 dB    V 42.2842 dB] [ET  1045 ] [L0 12 8 ] [L1 16 12 ]
POC    13 TId: 5 (      STSA, B-SLICE, QP 29)            64656 bits [Y 37.7303 dB    U 40.9863 dB    V 41.9809 dB] [ET   985 ] [L0 12 8 ] [L1 14 16 ]
POC    15 TId: 5 (      STSA, B-SLICE, QP 29)            68048 bits [Y 37.8822 dB    U 41.2101 dB    V 42.4520 dB] [ET   853 ] [L0 14 12 ] [L1 16 14 ]

	Total Frames |   Bitrate     Y-PSNR    U-PSNR    V-PSNR    YUV-PSNR   
	       17    a    4862.3153   38.6942   41.4768   42.5701   39.3902

 finished @ Fri Apr 14 10:40:28 2023
 Total Time:    16158.249 sec. [user]    16159.913 sec. [elapsed]

Level: 0
Inject Calls: 19999674498
Errors injected by bit:
	Bit 0: 2002
	Bit 1: 2008
	Bit 2: 1959
	Bit 3: 2000
	Bit 4: 1955
	Bit 5: 1992
	Bit 6: 2010
	Bit 7: 1929

Total errors injected: 15855
