vvencFFapp: Fraunhofer VVC Encoder ver. 1.5.0 [Linux][GCC 11.3.0][64 bit][SIMD=AVX2]
 started @ Mon Apr 17 21:11:58 2023
CODING TOOL CFG: CTU128 QT44BTT21 IBD:1 SAO:1 ALF:1 (NonLinLuma:0 NonLinChr:0) CCALF:1 Tiles:1x1 Slices:1 WPP:0 WPP-Substreams:1 TMVP:1 DQ:1 SDH:0 CST:1 BDOF:1 DMVR:1 MTSImplicit:1 SBT:0 JCbCr:1 CabacInitPresent:1 AMVR:5 SMVD:3 LMCS:2 (Signal:SDR Opt:0) CIIP:0 MIP:1 AFFINE:2 (PROF:1, Type:1) MMVD:3 DisFracMMVD:1 SbTMVP:1 GPM:3 LFNST:1 MTS:0 ISP:3 TS:2 TSLog2MaxSize:4 useChromaTS:0 BDPCM:2 IBC:2 BCW:0 
ENC. ALG. CFG: QPA:0 HAD:1 RDQ:1 RDQTS:1 ASR:1 MinSearchWindow:96 RestrictMESampling:0 EDO:2 MCTF:2 
PRE-ANALYSIS CFG: STA:1 LeadFrames:0 TrailFrames:0 
FAST TOOL CFG: ECU:0 FEN:1 FDM:1 FastSearch:4 (SCC:2) LCTUFast:1 FastMrg:2 PBIntraFast:1 AMaxBT:1 FastQtBtEnc:1 ContentBasedFastQtbt:0 FastMIP:3 FastIntraTools:0 IntraEstDecBit:2 FastLocalDualTree:1 IntegerET:0 FastSubPel:1 QtbttExtraFast:3 FastTTSplit:0 IBCFastMethod:3 FIM:0 ALFSpeed:0 QuantThr: 4 
RATE CONTROL CFG: RateControl:0 LookAhead:0 
PARALLEL PROCESSING CFG: NumThreads:0 MaxParallelFrames:0 WppBitEqual:0 WF:0 

POC     0 TId: 0 (  IDR_N_LP, I-SLICE, QP 34, TF 2)     137312 bits [Y 33.0393 dB    U 36.5932 dB    V 37.9362 dB] [ET   134 ] [L0 ] [L1 ]
POC    16 TId: 1 (      STSA, B-SLICE, QP 40, TF 1)      50032 bits [Y 30.8665 dB    U 36.0339 dB    V 36.9059 dB] [ET   396 ] [L0 0 ] [L1 0 ]
POC     8 TId: 2 (      STSA, B-SLICE, QP 40, TF 0)      40288 bits [Y 30.7167 dB    U 35.8093 dB    V 36.8378 dB] [ET   691 ] [L0 0 16 ] [L1 16 0 ]
POC     4 TId: 3 (      STSA, B-SLICE, QP 43)            17136 bits [Y 30.1790 dB    U 35.7095 dB    V 36.8619 dB] [ET   648 ] [L0 0 8 ] [L1 8 16 ]
POC     2 TId: 4 (      STSA, B-SLICE, QP 45)             9368 bits [Y 30.0792 dB    U 35.7621 dB    V 36.9216 dB] [ET   521 ] [L0 0 4 ] [L1 4 8 ]
POC     1 TId: 5 (      STSA, B-SLICE, QP 46)             4984 bits [Y 30.4256 dB    U 35.8700 dB    V 37.1894 dB] [ET   380 ] [L0 0 2 ] [L1 2 4 ]
POC     3 TId: 5 (      STSA, B-SLICE, QP 46)             4264 bits [Y 29.6908 dB    U 35.4892 dB    V 36.6017 dB] [ET   501 ] [L0 2 0 ] [L1 4 8 ]
POC     6 TId: 4 (      STSA, B-SLICE, QP 45)             8632 bits [Y 29.6129 dB    U 35.4297 dB    V 36.5366 dB] [ET   702 ] [L0 4 0 ] [L1 8 16 ]
POC     5 TId: 5 (      STSA, B-SLICE, QP 46)             3752 bits [Y 29.5484 dB    U 35.4256 dB    V 36.6845 dB] [ET   482 ] [L0 4 0 ] [L1 6 8 ]
POC     7 TId: 5 (      STSA, B-SLICE, QP 46)             3864 bits [Y 29.5505 dB    U 35.3753 dB    V 36.5015 dB] [ET   438 ] [L0 6 4 ] [L1 8 16 ]
POC    12 TId: 3 (      STSA, B-SLICE, QP 43)            17888 bits [Y 29.8582 dB    U 35.5808 dB    V 36.2568 dB] [ET   710 ] [L0 8 0 ] [L1 16 8 ]
POC    10 TId: 4 (      STSA, B-SLICE, QP 45)             9584 bits [Y 29.3928 dB    U 35.4162 dB    V 36.2570 dB] [ET   652 ] [L0 8 0 ] [L1 12 16 ]
POC     9 TId: 5 (      STSA, B-SLICE, QP 46)             3624 bits [Y 29.3779 dB    U 35.5050 dB    V 36.3628 dB] [ET   444 ] [L0 8 0 ] [L1 10 12 ]
POC    11 TId: 5 (      STSA, B-SLICE, QP 46)             4288 bits [Y 29.2832 dB    U 35.4907 dB    V 36.0751 dB] [ET   490 ] [L0 10 8 ] [L1 12 16 ]
POC    14 TId: 4 (      STSA, B-SLICE, QP 45)             8200 bits [Y 29.4466 dB    U 35.5250 dB    V 36.0877 dB] [ET   533 ] [L0 12 8 ] [L1 16 12 ]
POC    13 TId: 5 (      STSA, B-SLICE, QP 46)             4104 bits [Y 29.4058 dB    U 35.4750 dB    V 36.0985 dB] [ET   443 ] [L0 12 8 ] [L1 14 16 ]
POC    15 TId: 5 (      STSA, B-SLICE, QP 46)             3544 bits [Y 29.6658 dB    U 35.6965 dB    V 36.2588 dB] [ET   399 ] [L0 14 12 ] [L1 16 14 ]

	Total Frames |   Bitrate     Y-PSNR    U-PSNR    V-PSNR    YUV-PSNR   
	       17    a     583.8776   30.0082   35.6581   36.6102   31.1948

 finished @ Mon Apr 17 23:34:57 2023
 Total Time:     8578.372 sec. [user]     8578.625 sec. [elapsed]

Level: 0
Inject Calls: 10674754659
Errors injected by bit:
	Bit 0: 10675958
	Bit 1: 10675343
	Bit 2: 10673332
	Bit 3: 10676084
	Bit 4: 10676434
	Bit 5: 10674642
	Bit 6: 10677700
	Bit 7: 10670151

Total errors injected: 85399644
