vvencFFapp: Fraunhofer VVC Encoder ver. 1.5.0 [Linux][GCC 11.3.0][64 bit][SIMD=AVX2]
 started @ Wed Apr 12 22:10:33 2023
CODING TOOL CFG: CTU128 QT44BTT21 IBD:1 SAO:1 ALF:1 (NonLinLuma:0 NonLinChr:0) CCALF:1 Tiles:1x1 Slices:1 WPP:0 WPP-Substreams:1 TMVP:1 DQ:1 SDH:0 CST:1 BDOF:1 DMVR:1 MTSImplicit:1 SBT:0 JCbCr:1 CabacInitPresent:1 AMVR:5 SMVD:3 LMCS:2 (Signal:SDR Opt:0) CIIP:0 MIP:1 AFFINE:2 (PROF:1, Type:1) MMVD:3 DisFracMMVD:1 SbTMVP:1 GPM:3 LFNST:1 MTS:0 ISP:3 TS:2 TSLog2MaxSize:4 useChromaTS:0 BDPCM:2 IBC:2 BCW:0 
ENC. ALG. CFG: QPA:0 HAD:1 RDQ:1 RDQTS:1 ASR:1 MinSearchWindow:96 RestrictMESampling:0 EDO:2 MCTF:2 
PRE-ANALYSIS CFG: STA:1 LeadFrames:0 TrailFrames:0 
FAST TOOL CFG: ECU:0 FEN:1 FDM:1 FastSearch:4 (SCC:2) LCTUFast:1 FastMrg:2 PBIntraFast:1 AMaxBT:1 FastQtBtEnc:1 ContentBasedFastQtbt:0 FastMIP:3 FastIntraTools:0 IntraEstDecBit:2 FastLocalDualTree:1 IntegerET:0 FastSubPel:1 QtbttExtraFast:3 FastTTSplit:0 IBCFastMethod:3 FIM:0 ALFSpeed:0 QuantThr: 4 
RATE CONTROL CFG: RateControl:0 LookAhead:0 
PARALLEL PROCESSING CFG: NumThreads:0 MaxParallelFrames:0 WppBitEqual:0 WF:0 

POC     0 TId: 0 (  IDR_N_LP, I-SLICE, QP 19, TF 3)     629392 bits [Y 41.1842 dB    U 43.2214 dB    V 44.1771 dB] [ET   276 ] [L0 ] [L1 ]
POC    16 TId: 1 (      STSA, B-SLICE, QP 22, TF 2)     439704 bits [Y 42.2977 dB    U 43.3383 dB    V 44.2132 dB] [ET   660 ] [L0 0 ] [L1 0 ]
POC     8 TId: 2 (      STSA, B-SLICE, QP 23, TF 1)     352240 bits [Y 40.6575 dB    U 42.0775 dB    V 43.2565 dB] [ET  1077 ] [L0 0 16 ] [L1 16 0 ]
POC     4 TId: 3 (      STSA, B-SLICE, QP 26, TF 0)     177272 bits [Y 38.9487 dB    U 41.4407 dB    V 42.5948 dB] [ET  1110 ] [L0 0 8 ] [L1 8 16 ]
POC     2 TId: 4 (      STSA, B-SLICE, QP 28)           107640 bits [Y 38.3615 dB    U 41.4663 dB    V 42.5566 dB] [ET  1040 ] [L0 0 4 ] [L1 4 8 ]
POC     1 TId: 5 (      STSA, B-SLICE, QP 29)            66536 bits [Y 37.8724 dB    U 41.5000 dB    V 42.7098 dB] [ET   800 ] [L0 0 2 ] [L1 2 4 ]
POC     3 TId: 5 (      STSA, B-SLICE, QP 29)            64496 bits [Y 37.7369 dB    U 41.0322 dB    V 42.2147 dB] [ET   946 ] [L0 2 0 ] [L1 4 8 ]
POC     6 TId: 4 (      STSA, B-SLICE, QP 28)           101504 bits [Y 38.3181 dB    U 41.1514 dB    V 42.3401 dB] [ET  1158 ] [L0 4 0 ] [L1 8 16 ]
POC     5 TId: 5 (      STSA, B-SLICE, QP 29)            61184 bits [Y 37.7385 dB    U 40.9676 dB    V 42.2164 dB] [ET   952 ] [L0 4 0 ] [L1 6 8 ]
POC     7 TId: 5 (      STSA, B-SLICE, QP 29)            63640 bits [Y 37.8118 dB    U 40.9708 dB    V 42.1094 dB] [ET   943 ] [L0 6 4 ] [L1 8 16 ]
POC    12 TId: 3 (      STSA, B-SLICE, QP 26, TF 0)     184512 bits [Y 38.9720 dB    U 41.5765 dB    V 42.4278 dB] [ET  1172 ] [L0 8 0 ] [L1 16 8 ]
POC    10 TId: 4 (      STSA, B-SLICE, QP 28)           113144 bits [Y 38.2934 dB    U 41.1048 dB    V 42.0664 dB] [ET  1259 ] [L0 8 0 ] [L1 12 16 ]
POC     9 TId: 5 (      STSA, B-SLICE, QP 29)            64088 bits [Y 37.8354 dB    U 40.9354 dB    V 42.1119 dB] [ET   944 ] [L0 8 0 ] [L1 10 12 ]
POC    11 TId: 5 (      STSA, B-SLICE, QP 29)            68080 bits [Y 37.7368 dB    U 40.9965 dB    V 41.8700 dB] [ET  1006 ] [L0 10 8 ] [L1 12 16 ]
POC    14 TId: 4 (      STSA, B-SLICE, QP 28)           115144 bits [Y 38.3573 dB    U 41.1866 dB    V 42.2319 dB] [ET  1048 ] [L0 12 8 ] [L1 16 12 ]
POC    13 TId: 5 (      STSA, B-SLICE, QP 29)            66328 bits [Y 37.7673 dB    U 41.0002 dB    V 41.9861 dB] [ET   992 ] [L0 12 8 ] [L1 14 16 ]
POC    15 TId: 5 (      STSA, B-SLICE, QP 29)            68288 bits [Y 37.8802 dB    U 41.2269 dB    V 42.3884 dB] [ET   820 ] [L0 14 12 ] [L1 16 14 ]

	Total Frames |   Bitrate     Y-PSNR    U-PSNR    V-PSNR    YUV-PSNR   
	       17    a    4840.9271   38.6923   41.4820   42.5571   39.3889

 finished @ Thu Apr 13 02:40:56 2023
 Total Time:    16207.331 sec. [user]    16222.347 sec. [elapsed]

Level: 0
Inject Calls: 19939055419
Errors injected by bit:
	Bit 0: 1992862
	Bit 1: 1995981
	Bit 2: 1991877
	Bit 3: 1994314
	Bit 4: 1993498
	Bit 5: 1992571
	Bit 6: 1995897
	Bit 7: 1994992

Total errors injected: 15951992
