vvencFFapp: Fraunhofer VVC Encoder ver. 1.5.0 [Linux][GCC 11.3.0][64 bit][SIMD=AVX2]
 started @ Wed Apr  5 18:30:59 2023
CODING TOOL CFG: CTU128 QT44BTT21 IBD:1 SAO:1 ALF:1 (NonLinLuma:0 NonLinChr:0) CCALF:1 Tiles:1x1 Slices:1 WPP:0 WPP-Substreams:1 TMVP:1 DQ:1 SDH:0 CST:1 BDOF:1 DMVR:1 MTSImplicit:1 SBT:0 JCbCr:1 CabacInitPresent:1 AMVR:5 SMVD:3 LMCS:2 (Signal:SDR Opt:0) CIIP:0 MIP:1 AFFINE:2 (PROF:1, Type:1) MMVD:3 DisFracMMVD:1 SbTMVP:1 GPM:3 LFNST:1 MTS:0 ISP:3 TS:2 TSLog2MaxSize:4 useChromaTS:0 BDPCM:2 IBC:2 BCW:0 
ENC. ALG. CFG: QPA:0 HAD:1 RDQ:1 RDQTS:1 ASR:1 MinSearchWindow:96 RestrictMESampling:0 EDO:2 MCTF:2 
PRE-ANALYSIS CFG: STA:1 LeadFrames:0 TrailFrames:0 
FAST TOOL CFG: ECU:0 FEN:1 FDM:1 FastSearch:4 (SCC:2) LCTUFast:1 FastMrg:2 PBIntraFast:1 AMaxBT:1 FastQtBtEnc:1 ContentBasedFastQtbt:0 FastMIP:3 FastIntraTools:0 IntraEstDecBit:2 FastLocalDualTree:1 IntegerET:0 FastSubPel:1 QtbttExtraFast:3 FastTTSplit:0 IBCFastMethod:3 FIM:0 ALFSpeed:0 QuantThr: 4 
RATE CONTROL CFG: RateControl:0 LookAhead:0 
PARALLEL PROCESSING CFG: NumThreads:0 MaxParallelFrames:0 WppBitEqual:0 WF:0 

POC     0 TId: 0 (  IDR_N_LP, I-SLICE, QP 24, TF 3)     377624 bits [Y 40.2668 dB    U 43.0828 dB    V 44.6158 dB] [ET   264 ] [L0 ] [L1 ]
POC    16 TId: 1 (      STSA, B-SLICE, QP 28, TF 2)     102024 bits [Y 38.7025 dB    U 42.0187 dB    V 43.2791 dB] [ET   441 ] [L0 0 ] [L1 0 ]
POC     8 TId: 2 (      STSA, B-SLICE, QP 29, TF 1)      44456 bits [Y 38.5870 dB    U 42.2226 dB    V 43.6273 dB] [ET   523 ] [L0 0 16 ] [L1 16 0 ]
POC     4 TId: 3 (      STSA, B-SLICE, QP 32, TF 0)      18840 bits [Y 38.3053 dB    U 42.4499 dB    V 43.8542 dB] [ET   519 ] [L0 0 8 ] [L1 8 16 ]
POC     2 TId: 4 (      STSA, B-SLICE, QP 34)             8344 bits [Y 38.4465 dB    U 42.8104 dB    V 44.2244 dB] [ET   380 ] [L0 0 4 ] [L1 4 8 ]
POC     1 TId: 5 (      STSA, B-SLICE, QP 36)             2872 bits [Y 38.7519 dB    U 42.9169 dB    V 44.4563 dB] [ET   242 ] [L0 0 2 ] [L1 2 4 ]
POC     3 TId: 5 (      STSA, B-SLICE, QP 36)             3528 bits [Y 37.9371 dB    U 42.6576 dB    V 44.0424 dB] [ET   337 ] [L0 2 0 ] [L1 4 8 ]
POC     6 TId: 4 (      STSA, B-SLICE, QP 34)             8976 bits [Y 37.8673 dB    U 42.3460 dB    V 43.7138 dB] [ET   446 ] [L0 4 0 ] [L1 8 16 ]
POC     5 TId: 5 (      STSA, B-SLICE, QP 36)             3432 bits [Y 37.6664 dB    U 42.3586 dB    V 43.7878 dB] [ET   343 ] [L0 4 0 ] [L1 6 8 ]
POC     7 TId: 5 (      STSA, B-SLICE, QP 36)             3016 bits [Y 37.7811 dB    U 42.3046 dB    V 43.6204 dB] [ET   354 ] [L0 6 4 ] [L1 8 16 ]
POC    12 TId: 3 (      STSA, B-SLICE, QP 32, TF 0)      21544 bits [Y 37.7841 dB    U 41.9731 dB    V 43.2007 dB] [ET   505 ] [L0 8 0 ] [L1 16 8 ]
POC    10 TId: 4 (      STSA, B-SLICE, QP 34)             9504 bits [Y 37.6266 dB    U 42.0867 dB    V 43.2687 dB] [ET   501 ] [L0 8 0 ] [L1 12 16 ]
POC     9 TId: 5 (      STSA, B-SLICE, QP 36)             3416 bits [Y 37.6159 dB    U 42.1904 dB    V 43.5081 dB] [ET   343 ] [L0 8 0 ] [L1 10 12 ]
POC    11 TId: 5 (      STSA, B-SLICE, QP 36)             3848 bits [Y 37.3451 dB    U 42.0134 dB    V 43.2861 dB] [ET   335 ] [L0 10 8 ] [L1 12 16 ]
POC    14 TId: 4 (      STSA, B-SLICE, QP 34)            11064 bits [Y 37.4769 dB    U 41.9313 dB    V 43.0640 dB] [ET   411 ] [L0 12 8 ] [L1 16 12 ]
POC    13 TId: 5 (      STSA, B-SLICE, QP 36)             4288 bits [Y 37.2245 dB    U 41.9048 dB    V 43.1554 dB] [ET   355 ] [L0 12 8 ] [L1 14 16 ]
POC    15 TId: 5 (      STSA, B-SLICE, QP 36)             4104 bits [Y 37.3565 dB    U 41.9875 dB    V 43.0915 dB] [ET   283 ] [L0 14 12 ] [L1 16 14 ]

	Total Frames |   Bitrate     Y-PSNR    U-PSNR    V-PSNR    YUV-PSNR   
	       17    a    2226.6353   38.0436   42.3091   43.6351   39.0992

 finished @ Wed Apr  5 20:20:55 2023
 Total Time:     6595.936 sec. [user]     6596.434 sec. [elapsed]

Level: 0
Inject Calls: 7745587842
Errors injected by bit:
	Bit 0: 77808
	Bit 1: 77410
	Bit 2: 77633
	Bit 3: 77441
	Bit 4: 77899
	Bit 5: 77979
	Bit 6: 77402
	Bit 7: 77957

Total errors injected: 621529
