vvencFFapp: Fraunhofer VVC Encoder ver. 1.5.0 [Linux][GCC 11.3.0][64 bit][SIMD=AVX2]
 started @ Sat Apr  8 17:07:19 2023
CODING TOOL CFG: CTU128 QT44BTT21 IBD:1 SAO:1 ALF:1 (NonLinLuma:0 NonLinChr:0) CCALF:1 Tiles:1x1 Slices:1 WPP:0 WPP-Substreams:1 TMVP:1 DQ:1 SDH:0 CST:1 BDOF:1 DMVR:1 MTSImplicit:1 SBT:0 JCbCr:1 CabacInitPresent:1 AMVR:5 SMVD:3 LMCS:2 (Signal:SDR Opt:0) CIIP:0 MIP:1 AFFINE:2 (PROF:1, Type:1) MMVD:3 DisFracMMVD:1 SbTMVP:1 GPM:3 LFNST:1 MTS:0 ISP:3 TS:2 TSLog2MaxSize:4 useChromaTS:0 BDPCM:2 IBC:2 BCW:0 
ENC. ALG. CFG: QPA:0 HAD:1 RDQ:1 RDQTS:1 ASR:1 MinSearchWindow:96 RestrictMESampling:0 EDO:2 MCTF:2 
PRE-ANALYSIS CFG: STA:1 LeadFrames:0 TrailFrames:0 
FAST TOOL CFG: ECU:0 FEN:1 FDM:1 FastSearch:4 (SCC:2) LCTUFast:1 FastMrg:2 PBIntraFast:1 AMaxBT:1 FastQtBtEnc:1 ContentBasedFastQtbt:0 FastMIP:3 FastIntraTools:0 IntraEstDecBit:2 FastLocalDualTree:1 IntegerET:0 FastSubPel:1 QtbttExtraFast:3 FastTTSplit:0 IBCFastMethod:3 FIM:0 ALFSpeed:0 QuantThr: 4 
RATE CONTROL CFG: RateControl:0 LookAhead:0 
PARALLEL PROCESSING CFG: NumThreads:0 MaxParallelFrames:0 WppBitEqual:0 WF:0 

POC     0 TId: 0 (  IDR_N_LP, I-SLICE, QP 24, TF 3)     303696 bits [Y 41.6478 dB    U 43.8365 dB    V 45.0113 dB] [ET   261 ] [L0 ] [L1 ]
POC    16 TId: 1 (      STSA, B-SLICE, QP 28, TF 2)      64632 bits [Y 39.5637 dB    U 42.4429 dB    V 43.0991 dB] [ET   440 ] [L0 0 ] [L1 0 ]
POC     8 TId: 2 (      STSA, B-SLICE, QP 29, TF 1)      38168 bits [Y 39.4765 dB    U 42.4004 dB    V 43.4386 dB] [ET   733 ] [L0 0 16 ] [L1 16 0 ]
POC     4 TId: 3 (      STSA, B-SLICE, QP 32, TF 0)      22896 bits [Y 39.1008 dB    U 42.1998 dB    V 43.1345 dB] [ET   752 ] [L0 0 8 ] [L1 8 16 ]
POC     2 TId: 4 (      STSA, B-SLICE, QP 34)            10752 bits [Y 39.1698 dB    U 42.7104 dB    V 43.6073 dB] [ET   605 ] [L0 0 4 ] [L1 4 8 ]
POC     1 TId: 5 (      STSA, B-SLICE, QP 36)              240 bits [Y 41.6478 dB    U 43.8365 dB    V 45.0113 dB] [ET   222 ] [L0 0 2 ] [L1 2 4 ]
POC     3 TId: 5 (      STSA, B-SLICE, QP 36)             6952 bits [Y 38.5500 dB    U 42.1921 dB    V 42.8815 dB] [ET   482 ] [L0 2 0 ] [L1 4 8 ]
POC     6 TId: 4 (      STSA, B-SLICE, QP 34)            14528 bits [Y 38.7185 dB    U 42.0214 dB    V 42.7687 dB] [ET   703 ] [L0 4 0 ] [L1 8 16 ]
POC     5 TId: 5 (      STSA, B-SLICE, QP 36)             7192 bits [Y 38.0546 dB    U 41.9278 dB    V 42.5336 dB] [ET   542 ] [L0 4 0 ] [L1 6 8 ]
POC     7 TId: 5 (      STSA, B-SLICE, QP 36)             6880 bits [Y 37.9438 dB    U 42.0501 dB    V 42.7121 dB] [ET   492 ] [L0 6 4 ] [L1 8 16 ]
POC    12 TId: 3 (      STSA, B-SLICE, QP 32, TF 0)      25960 bits [Y 38.5132 dB    U 41.8214 dB    V 42.5251 dB] [ET   740 ] [L0 8 0 ] [L1 16 8 ]
POC    10 TId: 4 (      STSA, B-SLICE, QP 34)            15904 bits [Y 38.2955 dB    U 41.7001 dB    V 42.3103 dB] [ET   874 ] [L0 8 0 ] [L1 12 16 ]
POC     9 TId: 5 (      STSA, B-SLICE, QP 36)             6840 bits [Y 38.3222 dB    U 41.9950 dB    V 42.6826 dB] [ET   520 ] [L0 8 0 ] [L1 10 12 ]
POC    11 TId: 5 (      STSA, B-SLICE, QP 36)             8072 bits [Y 38.0311 dB    U 41.7090 dB    V 42.2562 dB] [ET   576 ] [L0 10 8 ] [L1 12 16 ]
POC    14 TId: 4 (      STSA, B-SLICE, QP 34)            16568 bits [Y 38.2029 dB    U 41.6417 dB    V 41.9745 dB] [ET   662 ] [L0 12 8 ] [L1 16 12 ]
POC    13 TId: 5 (      STSA, B-SLICE, QP 36)             7528 bits [Y 37.7787 dB    U 41.5808 dB    V 41.9021 dB] [ET   512 ] [L0 12 8 ] [L1 14 16 ]
POC    15 TId: 5 (      STSA, B-SLICE, QP 36)             6888 bits [Y 37.9350 dB    U 41.8172 dB    V 42.1630 dB] [ET   372 ] [L0 14 12 ] [L1 16 14 ]

	Total Frames |   Bitrate     Y-PSNR    U-PSNR    V-PSNR    YUV-PSNR   
	       17    a    1657.9294   38.8795   42.2284   42.9419   39.6803

 finished @ Sat Apr  8 19:45:44 2023
 Total Time:     9478.569 sec. [user]     9505.383 sec. [elapsed]

Level: 0
Inject Calls: 11354888618
Errors injected by bit:
	Bit 0: 113603
	Bit 1: 113640
	Bit 2: 113952
	Bit 3: 113233
	Bit 4: 113540
	Bit 5: 113585
	Bit 6: 113554
	Bit 7: 113107

Total errors injected: 908214
