vvencFFapp: Fraunhofer VVC Encoder ver. 1.5.0 [Linux][GCC 11.3.0][64 bit][SIMD=AVX2]
 started @ Fri Apr  7 12:31:47 2023
CODING TOOL CFG: CTU128 QT44BTT21 IBD:1 SAO:1 ALF:1 (NonLinLuma:0 NonLinChr:0) CCALF:1 Tiles:1x1 Slices:1 WPP:0 WPP-Substreams:1 TMVP:1 DQ:1 SDH:0 CST:1 BDOF:1 DMVR:1 MTSImplicit:1 SBT:0 JCbCr:1 CabacInitPresent:1 AMVR:5 SMVD:3 LMCS:2 (Signal:SDR Opt:0) CIIP:0 MIP:1 AFFINE:2 (PROF:1, Type:1) MMVD:3 DisFracMMVD:1 SbTMVP:1 GPM:3 LFNST:1 MTS:0 ISP:3 TS:2 TSLog2MaxSize:4 useChromaTS:0 BDPCM:2 IBC:2 BCW:0 
ENC. ALG. CFG: QPA:0 HAD:1 RDQ:1 RDQTS:1 ASR:1 MinSearchWindow:96 RestrictMESampling:0 EDO:2 MCTF:2 
PRE-ANALYSIS CFG: STA:1 LeadFrames:0 TrailFrames:0 
FAST TOOL CFG: ECU:0 FEN:1 FDM:1 FastSearch:4 (SCC:2) LCTUFast:1 FastMrg:2 PBIntraFast:1 AMaxBT:1 FastQtBtEnc:1 ContentBasedFastQtbt:0 FastMIP:3 FastIntraTools:0 IntraEstDecBit:2 FastLocalDualTree:1 IntegerET:0 FastSubPel:1 QtbttExtraFast:3 FastTTSplit:0 IBCFastMethod:3 FIM:0 ALFSpeed:0 QuantThr: 4 
RATE CONTROL CFG: RateControl:0 LookAhead:0 
PARALLEL PROCESSING CFG: NumThreads:0 MaxParallelFrames:0 WppBitEqual:0 WF:0 

POC     0 TId: 0 (  IDR_N_LP, I-SLICE, QP 19, TF 3)     564808 bits [Y 45.1467 dB    U 46.3576 dB    V 47.8581 dB] [ET   355 ] [L0 ] [L1 ]
POC    16 TId: 1 (      STSA, B-SLICE, QP 22, TF 2)     141528 bits [Y 42.6884 dB    U 44.9017 dB    V 45.9668 dB] [ET   579 ] [L0 0 ] [L1 0 ]
POC     8 TId: 2 (      STSA, B-SLICE, QP 23, TF 1)      79848 bits [Y 42.3256 dB    U 44.7504 dB    V 46.1664 dB] [ET   966 ] [L0 0 16 ] [L1 16 0 ]
POC     4 TId: 3 (      STSA, B-SLICE, QP 26, TF 0)      48104 bits [Y 41.9518 dB    U 44.4277 dB    V 45.7731 dB] [ET   867 ] [L0 0 8 ] [L1 8 16 ]
POC     2 TId: 4 (      STSA, B-SLICE, QP 28)            24944 bits [Y 41.9360 dB    U 44.7322 dB    V 46.0521 dB] [ET   727 ] [L0 0 4 ] [L1 4 8 ]
POC     1 TId: 5 (      STSA, B-SLICE, QP 29)              256 bits [Y 45.1467 dB    U 46.3576 dB    V 47.8581 dB] [ET   309 ] [L0 0 2 ] [L1 2 4 ]
POC     3 TId: 5 (      STSA, B-SLICE, QP 29)            18952 bits [Y 41.5890 dB    U 44.3303 dB    V 45.5473 dB] [ET   707 ] [L0 2 0 ] [L1 4 8 ]
POC     6 TId: 4 (      STSA, B-SLICE, QP 28)            31360 bits [Y 41.5934 dB    U 44.1857 dB    V 45.3377 dB] [ET   869 ] [L0 4 0 ] [L1 8 16 ]
POC     5 TId: 5 (      STSA, B-SLICE, QP 29)            20720 bits [Y 41.2730 dB    U 44.0721 dB    V 45.3559 dB] [ET   786 ] [L0 4 0 ] [L1 6 8 ]
POC     7 TId: 5 (      STSA, B-SLICE, QP 29)            21752 bits [Y 41.1975 dB    U 44.2574 dB    V 45.3056 dB] [ET   715 ] [L0 6 4 ] [L1 8 16 ]
POC    12 TId: 3 (      STSA, B-SLICE, QP 26, TF 0)      55104 bits [Y 41.5438 dB    U 44.1709 dB    V 45.2246 dB] [ET   879 ] [L0 8 0 ] [L1 16 8 ]
POC    10 TId: 4 (      STSA, B-SLICE, QP 28)            35904 bits [Y 41.2959 dB    U 44.0274 dB    V 45.0683 dB] [ET  1041 ] [L0 8 0 ] [L1 12 16 ]
POC     9 TId: 5 (      STSA, B-SLICE, QP 29)            20328 bits [Y 41.5205 dB    U 44.2607 dB    V 45.3638 dB] [ET   711 ] [L0 8 0 ] [L1 10 12 ]
POC    11 TId: 5 (      STSA, B-SLICE, QP 29)            22400 bits [Y 41.2360 dB    U 44.0467 dB    V 44.8082 dB] [ET   744 ] [L0 10 8 ] [L1 12 16 ]
POC    14 TId: 4 (      STSA, B-SLICE, QP 28)            37416 bits [Y 41.2566 dB    U 43.9720 dB    V 44.7922 dB] [ET   763 ] [L0 12 8 ] [L1 16 12 ]
POC    13 TId: 5 (      STSA, B-SLICE, QP 29)            23072 bits [Y 41.1147 dB    U 43.9513 dB    V 44.7235 dB] [ET   691 ] [L0 12 8 ] [L1 14 16 ]
POC    15 TId: 5 (      STSA, B-SLICE, QP 29)            21240 bits [Y 41.0976 dB    U 44.1936 dB    V 44.8011 dB] [ET   509 ] [L0 14 12 ] [L1 16 14 ]

	Total Frames |   Bitrate     Y-PSNR    U-PSNR    V-PSNR    YUV-PSNR   
	       17    a    3434.5176   41.9949   44.5292   45.6472   42.6660

 finished @ Fri Apr  7 15:55:42 2023
 Total Time:    12226.586 sec. [user]    12235.140 sec. [elapsed]

Level: 0
Inject Calls: 14607550940
Errors injected by bit:
	Bit 0: 145549
	Bit 1: 146490
	Bit 2: 146811
	Bit 3: 146275
	Bit 4: 145783
	Bit 5: 146223
	Bit 6: 145989
	Bit 7: 145734

Total errors injected: 1168854
