vvencFFapp: Fraunhofer VVC Encoder ver. 1.5.0 [Linux][GCC 11.3.0][64 bit][SIMD=AVX2]
 started @ Sun Apr 16 00:11:51 2023
CODING TOOL CFG: CTU128 QT44BTT21 IBD:1 SAO:1 ALF:1 (NonLinLuma:0 NonLinChr:0) CCALF:1 Tiles:1x1 Slices:1 WPP:0 WPP-Substreams:1 TMVP:1 DQ:1 SDH:0 CST:1 BDOF:1 DMVR:1 MTSImplicit:1 SBT:0 JCbCr:1 CabacInitPresent:1 AMVR:5 SMVD:3 LMCS:2 (Signal:SDR Opt:0) CIIP:0 MIP:1 AFFINE:2 (PROF:1, Type:1) MMVD:3 DisFracMMVD:1 SbTMVP:1 GPM:3 LFNST:1 MTS:0 ISP:3 TS:2 TSLog2MaxSize:4 useChromaTS:0 BDPCM:2 IBC:2 BCW:0 
ENC. ALG. CFG: QPA:0 HAD:1 RDQ:1 RDQTS:1 ASR:1 MinSearchWindow:96 RestrictMESampling:0 EDO:2 MCTF:2 
PRE-ANALYSIS CFG: STA:1 LeadFrames:0 TrailFrames:0 
FAST TOOL CFG: ECU:0 FEN:1 FDM:1 FastSearch:4 (SCC:2) LCTUFast:1 FastMrg:2 PBIntraFast:1 AMaxBT:1 FastQtBtEnc:1 ContentBasedFastQtbt:0 FastMIP:3 FastIntraTools:0 IntraEstDecBit:2 FastLocalDualTree:1 IntegerET:0 FastSubPel:1 QtbttExtraFast:3 FastTTSplit:0 IBCFastMethod:3 FIM:0 ALFSpeed:0 QuantThr: 4 
RATE CONTROL CFG: RateControl:0 LookAhead:0 
PARALLEL PROCESSING CFG: NumThreads:0 MaxParallelFrames:0 WppBitEqual:0 WF:0 

POC     0 TId: 0 (  IDR_N_LP, I-SLICE, QP 24, TF 3)     399128 bits [Y 38.6505 dB    U 40.8666 dB    V 42.1124 dB] [ET   224 ] [L0 ] [L1 ]
POC    16 TId: 1 (      STSA, B-SLICE, QP 28, TF 2)     242912 bits [Y 38.5583 dB    U 40.3289 dB    V 41.4899 dB] [ET   546 ] [L0 0 ] [L1 0 ]
POC     8 TId: 2 (      STSA, B-SLICE, QP 29, TF 1)     179320 bits [Y 37.2247 dB    U 39.5495 dB    V 40.8158 dB] [ET   905 ] [L0 0 16 ] [L1 16 0 ]
POC     4 TId: 3 (      STSA, B-SLICE, QP 32, TF 0)      77888 bits [Y 35.9406 dB    U 39.1566 dB    V 40.3011 dB] [ET   928 ] [L0 0 8 ] [L1 8 16 ]
POC     2 TId: 4 (      STSA, B-SLICE, QP 34)            44272 bits [Y 35.6655 dB    U 39.2749 dB    V 40.5057 dB] [ET   835 ] [L0 0 4 ] [L1 4 8 ]
POC     1 TId: 5 (      STSA, B-SLICE, QP 36)            23608 bits [Y 35.3200 dB    U 39.4827 dB    V 40.8327 dB] [ET   584 ] [L0 0 2 ] [L1 2 4 ]
POC     3 TId: 5 (      STSA, B-SLICE, QP 36)            21224 bits [Y 34.9149 dB    U 38.9262 dB    V 40.1644 dB] [ET   728 ] [L0 2 0 ] [L1 4 8 ]
POC     6 TId: 4 (      STSA, B-SLICE, QP 34)            42688 bits [Y 35.4734 dB    U 38.8492 dB    V 40.0158 dB] [ET   925 ] [L0 4 0 ] [L1 8 16 ]
POC     5 TId: 5 (      STSA, B-SLICE, QP 36)            19424 bits [Y 34.8991 dB    U 38.8155 dB    V 40.0983 dB] [ET   709 ] [L0 4 0 ] [L1 6 8 ]
POC     7 TId: 5 (      STSA, B-SLICE, QP 36)            21248 bits [Y 35.0347 dB    U 38.7732 dB    V 40.0226 dB] [ET   723 ] [L0 6 4 ] [L1 8 16 ]
POC    12 TId: 3 (      STSA, B-SLICE, QP 32, TF 0)      80544 bits [Y 35.7881 dB    U 39.2341 dB    V 40.0676 dB] [ET   988 ] [L0 8 0 ] [L1 16 8 ]
POC    10 TId: 4 (      STSA, B-SLICE, QP 34)            47904 bits [Y 35.4089 dB    U 38.8542 dB    V 39.6803 dB] [ET  1021 ] [L0 8 0 ] [L1 12 16 ]
POC     9 TId: 5 (      STSA, B-SLICE, QP 36)            20608 bits [Y 34.9806 dB    U 38.8199 dB    V 39.9137 dB] [ET   710 ] [L0 8 0 ] [L1 10 12 ]
POC    11 TId: 5 (      STSA, B-SLICE, QP 36)            20624 bits [Y 34.7486 dB    U 38.8049 dB    V 39.6127 dB] [ET   765 ] [L0 10 8 ] [L1 12 16 ]
POC    14 TId: 4 (      STSA, B-SLICE, QP 34)            44352 bits [Y 35.3475 dB    U 39.0232 dB    V 40.0546 dB] [ET   809 ] [L0 12 8 ] [L1 16 12 ]
POC    13 TId: 5 (      STSA, B-SLICE, QP 36)            19192 bits [Y 34.7189 dB    U 38.8231 dB    V 39.8309 dB] [ET   715 ] [L0 12 8 ] [L1 14 16 ]
POC    15 TId: 5 (      STSA, B-SLICE, QP 36)            19008 bits [Y 34.9378 dB    U 39.2434 dB    V 40.3808 dB] [ET   633 ] [L0 14 12 ] [L1 16 14 ]

	Total Frames |   Bitrate     Y-PSNR    U-PSNR    V-PSNR    YUV-PSNR   
	       17    a    2336.3718   35.7419   39.2251   40.3470   36.5905

 finished @ Sun Apr 16 03:44:35 2023
 Total Time:    12763.313 sec. [user]    12763.954 sec. [elapsed]

Level: 0
Inject Calls: 15984542469
Errors injected by bit:
	Bit 0: 16078
	Bit 1: 15909
	Bit 2: 16054
	Bit 3: 15851
	Bit 4: 15929
	Bit 5: 15750
	Bit 6: 16020
	Bit 7: 15845

Total errors injected: 127436
