vvencFFapp: Fraunhofer VVC Encoder ver. 1.5.0 [Linux][GCC 11.3.0][64 bit][SIMD=AVX2]
 started @ Thu Apr  6 08:16:15 2023
CODING TOOL CFG: CTU128 QT44BTT21 IBD:1 SAO:1 ALF:1 (NonLinLuma:0 NonLinChr:0) CCALF:1 Tiles:1x1 Slices:1 WPP:0 WPP-Substreams:1 TMVP:1 DQ:1 SDH:0 CST:1 BDOF:1 DMVR:1 MTSImplicit:1 SBT:0 JCbCr:1 CabacInitPresent:1 AMVR:5 SMVD:3 LMCS:2 (Signal:SDR Opt:0) CIIP:0 MIP:1 AFFINE:2 (PROF:1, Type:1) MMVD:3 DisFracMMVD:1 SbTMVP:1 GPM:3 LFNST:1 MTS:0 ISP:3 TS:2 TSLog2MaxSize:4 useChromaTS:0 BDPCM:2 IBC:2 BCW:0 
ENC. ALG. CFG: QPA:0 HAD:1 RDQ:1 RDQTS:1 ASR:1 MinSearchWindow:96 RestrictMESampling:0 EDO:2 MCTF:2 
PRE-ANALYSIS CFG: STA:1 LeadFrames:0 TrailFrames:0 
FAST TOOL CFG: ECU:0 FEN:1 FDM:1 FastSearch:4 (SCC:2) LCTUFast:1 FastMrg:2 PBIntraFast:1 AMaxBT:1 FastQtBtEnc:1 ContentBasedFastQtbt:0 FastMIP:3 FastIntraTools:0 IntraEstDecBit:2 FastLocalDualTree:1 IntegerET:0 FastSubPel:1 QtbttExtraFast:3 FastTTSplit:0 IBCFastMethod:3 FIM:0 ALFSpeed:0 QuantThr: 4 
RATE CONTROL CFG: RateControl:0 LookAhead:0 
PARALLEL PROCESSING CFG: NumThreads:0 MaxParallelFrames:0 WppBitEqual:0 WF:0 

POC     0 TId: 0 (  IDR_N_LP, I-SLICE, QP 29, TF 2)     239000 bits [Y 37.7621 dB    U 41.1947 dB    V 42.2796 dB] [ET   200 ] [L0 ] [L1 ]
POC    16 TId: 1 (      STSA, B-SLICE, QP 34, TF 1)      48608 bits [Y 35.5618 dB    U 39.8874 dB    V 40.6580 dB] [ET   351 ] [L0 0 ] [L1 0 ]
POC     8 TId: 2 (      STSA, B-SLICE, QP 35, TF 0)      20712 bits [Y 35.7723 dB    U 40.2493 dB    V 41.0482 dB] [ET   440 ] [L0 0 16 ] [L1 16 0 ]
POC     4 TId: 3 (      STSA, B-SLICE, QP 38)             8384 bits [Y 35.6470 dB    U 40.6196 dB    V 41.5037 dB] [ET   392 ] [L0 0 8 ] [L1 8 16 ]
POC     2 TId: 4 (      STSA, B-SLICE, QP 40)             3792 bits [Y 35.8553 dB    U 40.9009 dB    V 41.8769 dB] [ET   259 ] [L0 0 4 ] [L1 4 8 ]
POC     1 TId: 5 (      STSA, B-SLICE, QP 41)             1416 bits [Y 36.3494 dB    U 41.0234 dB    V 42.1375 dB] [ET   190 ] [L0 0 2 ] [L1 2 4 ]
POC     3 TId: 5 (      STSA, B-SLICE, QP 41)             1456 bits [Y 35.4182 dB    U 40.8329 dB    V 41.7327 dB] [ET   272 ] [L0 2 0 ] [L1 4 8 ]
POC     6 TId: 4 (      STSA, B-SLICE, QP 40)             3976 bits [Y 35.1195 dB    U 40.4914 dB    V 41.2679 dB] [ET   334 ] [L0 4 0 ] [L1 8 16 ]
POC     5 TId: 5 (      STSA, B-SLICE, QP 41)             1632 bits [Y 35.1018 dB    U 40.5211 dB    V 41.3934 dB] [ET   251 ] [L0 4 0 ] [L1 6 8 ]
POC     7 TId: 5 (      STSA, B-SLICE, QP 41)             1352 bits [Y 35.1981 dB    U 40.3839 dB    V 41.1977 dB] [ET   256 ] [L0 6 4 ] [L1 8 16 ]
POC    12 TId: 3 (      STSA, B-SLICE, QP 38)            10192 bits [Y 34.9732 dB    U 40.0288 dB    V 40.9157 dB] [ET   410 ] [L0 8 0 ] [L1 16 8 ]
POC    10 TId: 4 (      STSA, B-SLICE, QP 40)             3952 bits [Y 34.8208 dB    U 40.1007 dB    V 40.9695 dB] [ET   355 ] [L0 8 0 ] [L1 12 16 ]
POC     9 TId: 5 (      STSA, B-SLICE, QP 41)             1608 bits [Y 34.9834 dB    U 40.2655 dB    V 41.1270 dB] [ET   276 ] [L0 8 0 ] [L1 10 12 ]
POC    11 TId: 5 (      STSA, B-SLICE, QP 41)             1896 bits [Y 34.6491 dB    U 40.0449 dB    V 40.8994 dB] [ET   256 ] [L0 10 8 ] [L1 12 16 ]
POC    14 TId: 4 (      STSA, B-SLICE, QP 40)             4560 bits [Y 34.5758 dB    U 39.8927 dB    V 40.7212 dB] [ET   304 ] [L0 12 8 ] [L1 16 12 ]
POC    13 TId: 5 (      STSA, B-SLICE, QP 41)             2072 bits [Y 34.5084 dB    U 39.9731 dB    V 40.8221 dB] [ET   264 ] [L0 12 8 ] [L1 14 16 ]
POC    15 TId: 5 (      STSA, B-SLICE, QP 41)             2048 bits [Y 34.6269 dB    U 39.9098 dB    V 40.5797 dB] [ET   213 ] [L0 14 12 ] [L1 16 14 ]

	Total Frames |   Bitrate     Y-PSNR    U-PSNR    V-PSNR    YUV-PSNR   
	       17    a    1258.7859   35.3484   40.3718   41.2430   36.4700

 finished @ Thu Apr  6 09:40:14 2023
 Total Time:     5038.471 sec. [user]     5038.696 sec. [elapsed]

Level: 0
Inject Calls: 5935071823
Errors injected by bit:
	Bit 0: 59110
	Bit 1: 59627
	Bit 2: 59227
	Bit 3: 59657
	Bit 4: 59624
	Bit 5: 59742
	Bit 6: 59293
	Bit 7: 59191

Total errors injected: 475471
