vvencFFapp: Fraunhofer VVC Encoder ver. 1.5.0 [Linux][GCC 11.3.0][64 bit][SIMD=AVX2]
 started @ Wed Apr  5 03:20:41 2023
CODING TOOL CFG: CTU128 QT44BTT21 IBD:1 SAO:1 ALF:1 (NonLinLuma:0 NonLinChr:0) CCALF:1 Tiles:1x1 Slices:1 WPP:0 WPP-Substreams:1 TMVP:1 DQ:1 SDH:0 CST:1 BDOF:1 DMVR:1 MTSImplicit:1 SBT:0 JCbCr:1 CabacInitPresent:1 AMVR:5 SMVD:3 LMCS:2 (Signal:SDR Opt:0) CIIP:0 MIP:1 AFFINE:2 (PROF:1, Type:1) MMVD:3 DisFracMMVD:1 SbTMVP:1 GPM:3 LFNST:1 MTS:0 ISP:3 TS:2 TSLog2MaxSize:4 useChromaTS:0 BDPCM:2 IBC:2 BCW:0 
ENC. ALG. CFG: QPA:0 HAD:1 RDQ:1 RDQTS:1 ASR:1 MinSearchWindow:96 RestrictMESampling:0 EDO:2 MCTF:2 
PRE-ANALYSIS CFG: STA:1 LeadFrames:0 TrailFrames:0 
FAST TOOL CFG: ECU:0 FEN:1 FDM:1 FastSearch:4 (SCC:2) LCTUFast:1 FastMrg:2 PBIntraFast:1 AMaxBT:1 FastQtBtEnc:1 ContentBasedFastQtbt:0 FastMIP:3 FastIntraTools:0 IntraEstDecBit:2 FastLocalDualTree:1 IntegerET:0 FastSubPel:1 QtbttExtraFast:3 FastTTSplit:0 IBCFastMethod:3 FIM:0 ALFSpeed:0 QuantThr: 4 
RATE CONTROL CFG: RateControl:0 LookAhead:0 
PARALLEL PROCESSING CFG: NumThreads:0 MaxParallelFrames:0 WppBitEqual:0 WF:0 

POC     0 TId: 0 (  IDR_N_LP, I-SLICE, QP 19, TF 3)     581848 bits [Y 42.2672 dB    U 45.0524 dB    V 46.9660 dB] [ET   340 ] [L0 ] [L1 ]
POC    16 TId: 1 (      STSA, B-SLICE, QP 22, TF 2)     217128 bits [Y 41.6160 dB    U 44.2060 dB    V 45.8740 dB] [ET   584 ] [L0 0 ] [L1 0 ]
POC     8 TId: 2 (      STSA, B-SLICE, QP 23, TF 1)      98464 bits [Y 40.9479 dB    U 44.1745 dB    V 46.0138 dB] [ET   681 ] [L0 0 16 ] [L1 16 0 ]
POC     4 TId: 3 (      STSA, B-SLICE, QP 26, TF 0)      43632 bits [Y 40.5586 dB    U 44.3036 dB    V 46.1199 dB] [ET   598 ] [L0 0 8 ] [L1 8 16 ]
POC     2 TId: 4 (      STSA, B-SLICE, QP 28)            21120 bits [Y 40.5743 dB    U 44.6666 dB    V 46.4512 dB] [ET   479 ] [L0 0 4 ] [L1 4 8 ]
POC     1 TId: 5 (      STSA, B-SLICE, QP 29)             8952 bits [Y 40.8460 dB    U 44.8153 dB    V 46.6984 dB] [ET   359 ] [L0 0 2 ] [L1 2 4 ]
POC     3 TId: 5 (      STSA, B-SLICE, QP 29)            10104 bits [Y 40.2472 dB    U 44.4856 dB    V 46.2166 dB] [ET   442 ] [L0 2 0 ] [L1 4 8 ]
POC     6 TId: 4 (      STSA, B-SLICE, QP 28)            21920 bits [Y 40.1608 dB    U 44.1118 dB    V 45.8555 dB] [ET   539 ] [L0 4 0 ] [L1 8 16 ]
POC     5 TId: 5 (      STSA, B-SLICE, QP 29)            10264 bits [Y 40.0214 dB    U 44.0553 dB    V 45.9131 dB] [ET   432 ] [L0 4 0 ] [L1 6 8 ]
POC     7 TId: 5 (      STSA, B-SLICE, QP 29)             9704 bits [Y 40.0985 dB    U 44.1624 dB    V 45.8305 dB] [ET   470 ] [L0 6 4 ] [L1 8 16 ]
POC    12 TId: 3 (      STSA, B-SLICE, QP 26, TF 0)      49528 bits [Y 40.2683 dB    U 43.9865 dB    V 45.5791 dB] [ET   578 ] [L0 8 0 ] [L1 16 8 ]
POC    10 TId: 4 (      STSA, B-SLICE, QP 28)            23328 bits [Y 40.0572 dB    U 43.9860 dB    V 45.6293 dB] [ET   667 ] [L0 8 0 ] [L1 12 16 ]
POC     9 TId: 5 (      STSA, B-SLICE, QP 29)            10192 bits [Y 40.0373 dB    U 44.0736 dB    V 45.8473 dB] [ET   452 ] [L0 8 0 ] [L1 10 12 ]
POC    11 TId: 5 (      STSA, B-SLICE, QP 29)            11288 bits [Y 39.8523 dB    U 43.9529 dB    V 45.6244 dB] [ET   454 ] [L0 10 8 ] [L1 12 16 ]
POC    14 TId: 4 (      STSA, B-SLICE, QP 28)            27240 bits [Y 39.9946 dB    U 43.8850 dB    V 45.4831 dB] [ET   532 ] [L0 12 8 ] [L1 16 12 ]
POC    13 TId: 5 (      STSA, B-SLICE, QP 29)            12912 bits [Y 39.7598 dB    U 43.8648 dB    V 45.5001 dB] [ET   521 ] [L0 12 8 ] [L1 14 16 ]
POC    15 TId: 5 (      STSA, B-SLICE, QP 29)            13896 bits [Y 39.9571 dB    U 43.9363 dB    V 45.5196 dB] [ET   387 ] [L0 14 12 ] [L1 16 14 ]

	Total Frames |   Bitrate     Y-PSNR    U-PSNR    V-PSNR    YUV-PSNR   
	       17    a    4134.7765   40.4273   44.2187   45.9483   41.4491

 finished @ Wed Apr  5 05:42:54 2023
 Total Time:     8453.933 sec. [user]     8532.453 sec. [elapsed]

Level: 0
Inject Calls: 9851544762
Errors injected by bit:
	Bit 0: 9771
	Bit 1: 9986
	Bit 2: 9745
	Bit 3: 9848
	Bit 4: 9791
	Bit 5: 9864
	Bit 6: 9910
	Bit 7: 9744

Total errors injected: 78659
