vvencFFapp: Fraunhofer VVC Encoder ver. 1.5.0 [Linux][GCC 11.3.0][64 bit][SIMD=AVX2]
 started @ Tue Apr 18 04:37:06 2023
CODING TOOL CFG: CTU128 QT44BTT21 IBD:1 SAO:1 ALF:1 (NonLinLuma:0 NonLinChr:0) CCALF:1 Tiles:1x1 Slices:1 WPP:0 WPP-Substreams:1 TMVP:1 DQ:1 SDH:0 CST:1 BDOF:1 DMVR:1 MTSImplicit:1 SBT:0 JCbCr:1 CabacInitPresent:1 AMVR:5 SMVD:3 LMCS:2 (Signal:SDR Opt:0) CIIP:0 MIP:1 AFFINE:2 (PROF:1, Type:1) MMVD:3 DisFracMMVD:1 SbTMVP:1 GPM:3 LFNST:1 MTS:0 ISP:3 TS:2 TSLog2MaxSize:4 useChromaTS:0 BDPCM:2 IBC:2 BCW:0 
ENC. ALG. CFG: QPA:0 HAD:1 RDQ:1 RDQTS:1 ASR:1 MinSearchWindow:96 RestrictMESampling:0 EDO:2 MCTF:2 
PRE-ANALYSIS CFG: STA:1 LeadFrames:0 TrailFrames:0 
FAST TOOL CFG: ECU:0 FEN:1 FDM:1 FastSearch:4 (SCC:2) LCTUFast:1 FastMrg:2 PBIntraFast:1 AMaxBT:1 FastQtBtEnc:1 ContentBasedFastQtbt:0 FastMIP:3 FastIntraTools:0 IntraEstDecBit:2 FastLocalDualTree:1 IntegerET:0 FastSubPel:1 QtbttExtraFast:3 FastTTSplit:0 IBCFastMethod:3 FIM:0 ALFSpeed:0 QuantThr: 4 
RATE CONTROL CFG: RateControl:0 LookAhead:0 
PARALLEL PROCESSING CFG: NumThreads:0 MaxParallelFrames:0 WppBitEqual:0 WF:0 

POC     0 TId: 0 (  IDR_N_LP, I-SLICE, QP 34, TF 2)     137312 bits [Y 33.0393 dB    U 36.5932 dB    V 37.9362 dB] [ET   134 ] [L0 ] [L1 ]
POC    16 TId: 1 (      STSA, B-SLICE, QP 40, TF 1)      50440 bits [Y 30.8368 dB    U 35.9981 dB    V 36.8190 dB] [ET   390 ] [L0 0 ] [L1 0 ]
POC     8 TId: 2 (      STSA, B-SLICE, QP 40, TF 0)      40824 bits [Y 30.7628 dB    U 35.8398 dB    V 36.8490 dB] [ET   724 ] [L0 0 16 ] [L1 16 0 ]
POC     4 TId: 3 (      STSA, B-SLICE, QP 43)            16856 bits [Y 30.1749 dB    U 35.6935 dB    V 36.8723 dB] [ET   643 ] [L0 0 8 ] [L1 8 16 ]
POC     2 TId: 4 (      STSA, B-SLICE, QP 45)             9232 bits [Y 30.0488 dB    U 35.7435 dB    V 37.1523 dB] [ET   533 ] [L0 0 4 ] [L1 4 8 ]
POC     1 TId: 5 (      STSA, B-SLICE, QP 46)             5048 bits [Y 30.3966 dB    U 35.8750 dB    V 37.3905 dB] [ET   426 ] [L0 0 2 ] [L1 2 4 ]
POC     3 TId: 5 (      STSA, B-SLICE, QP 46)             4144 bits [Y 29.6778 dB    U 35.5324 dB    V 36.6748 dB] [ET   468 ] [L0 2 0 ] [L1 4 8 ]
POC     6 TId: 4 (      STSA, B-SLICE, QP 45)             8712 bits [Y 29.7008 dB    U 35.4128 dB    V 36.5768 dB] [ET   671 ] [L0 4 0 ] [L1 8 16 ]
POC     5 TId: 5 (      STSA, B-SLICE, QP 46)             4112 bits [Y 29.5931 dB    U 35.5320 dB    V 36.7864 dB] [ET   510 ] [L0 4 0 ] [L1 6 8 ]
POC     7 TId: 5 (      STSA, B-SLICE, QP 46)             3528 bits [Y 29.5651 dB    U 35.3665 dB    V 36.5598 dB] [ET   438 ] [L0 6 4 ] [L1 8 16 ]
POC    12 TId: 3 (      STSA, B-SLICE, QP 43)            18328 bits [Y 29.8688 dB    U 35.7333 dB    V 36.1485 dB] [ET   745 ] [L0 8 0 ] [L1 16 8 ]
POC    10 TId: 4 (      STSA, B-SLICE, QP 45)             9376 bits [Y 29.3677 dB    U 35.5225 dB    V 36.1423 dB] [ET   711 ] [L0 8 0 ] [L1 12 16 ]
POC     9 TId: 5 (      STSA, B-SLICE, QP 46)             3880 bits [Y 29.4435 dB    U 35.5836 dB    V 36.3957 dB] [ET   465 ] [L0 8 0 ] [L1 10 12 ]
POC    11 TId: 5 (      STSA, B-SLICE, QP 46)             3936 bits [Y 29.2477 dB    U 35.5488 dB    V 36.0377 dB] [ET   462 ] [L0 10 8 ] [L1 12 16 ]
POC    14 TId: 4 (      STSA, B-SLICE, QP 45)             8344 bits [Y 29.4911 dB    U 35.6398 dB    V 36.0665 dB] [ET   579 ] [L0 12 8 ] [L1 16 12 ]
POC    13 TId: 5 (      STSA, B-SLICE, QP 46)             4048 bits [Y 29.4003 dB    U 35.5820 dB    V 36.0428 dB] [ET   433 ] [L0 12 8 ] [L1 14 16 ]
POC    15 TId: 5 (      STSA, B-SLICE, QP 46)             3520 bits [Y 29.6593 dB    U 35.7169 dB    V 36.3578 dB] [ET   395 ] [L0 14 12 ] [L1 16 14 ]

	Total Frames |   Bitrate     Y-PSNR    U-PSNR    V-PSNR    YUV-PSNR   
	       17    a     585.2471   30.0161   35.7008   36.6358   31.2063

 finished @ Tue Apr 18 07:02:46 2023
 Total Time:     8739.826 sec. [user]     8740.522 sec. [elapsed]

Level: 0
Inject Calls: 10926786257
Errors injected by bit:
	Bit 0: 11119
	Bit 1: 10708
	Bit 2: 10791
	Bit 3: 11021
	Bit 4: 10918
	Bit 5: 11006
	Bit 6: 10917
	Bit 7: 10825

Total errors injected: 87305
