vvencFFapp: Fraunhofer VVC Encoder ver. 1.5.0 [Linux][GCC 11.3.0][64 bit][SIMD=AVX2]
 started @ Tue Apr 18 02:07:03 2023
CODING TOOL CFG: CTU128 QT44BTT21 IBD:1 SAO:1 ALF:1 (NonLinLuma:0 NonLinChr:0) CCALF:1 Tiles:1x1 Slices:1 WPP:0 WPP-Substreams:1 TMVP:1 DQ:1 SDH:0 CST:1 BDOF:1 DMVR:1 MTSImplicit:1 SBT:0 JCbCr:1 CabacInitPresent:1 AMVR:5 SMVD:3 LMCS:2 (Signal:SDR Opt:0) CIIP:0 MIP:1 AFFINE:2 (PROF:1, Type:1) MMVD:3 DisFracMMVD:1 SbTMVP:1 GPM:3 LFNST:1 MTS:0 ISP:3 TS:2 TSLog2MaxSize:4 useChromaTS:0 BDPCM:2 IBC:2 BCW:0 
ENC. ALG. CFG: QPA:0 HAD:1 RDQ:1 RDQTS:1 ASR:1 MinSearchWindow:96 RestrictMESampling:0 EDO:2 MCTF:2 
PRE-ANALYSIS CFG: STA:1 LeadFrames:0 TrailFrames:0 
FAST TOOL CFG: ECU:0 FEN:1 FDM:1 FastSearch:4 (SCC:2) LCTUFast:1 FastMrg:2 PBIntraFast:1 AMaxBT:1 FastQtBtEnc:1 ContentBasedFastQtbt:0 FastMIP:3 FastIntraTools:0 IntraEstDecBit:2 FastLocalDualTree:1 IntegerET:0 FastSubPel:1 QtbttExtraFast:3 FastTTSplit:0 IBCFastMethod:3 FIM:0 ALFSpeed:0 QuantThr: 4 
RATE CONTROL CFG: RateControl:0 LookAhead:0 
PARALLEL PROCESSING CFG: NumThreads:0 MaxParallelFrames:0 WppBitEqual:0 WF:0 

POC     0 TId: 0 (  IDR_N_LP, I-SLICE, QP 34, TF 2)     137312 bits [Y 33.0393 dB    U 36.5932 dB    V 37.9362 dB] [ET   134 ] [L0 ] [L1 ]
POC    16 TId: 1 (      STSA, B-SLICE, QP 40, TF 1)      50288 bits [Y 30.8240 dB    U 36.0309 dB    V 36.8753 dB] [ET   395 ] [L0 0 ] [L1 0 ]
POC     8 TId: 2 (      STSA, B-SLICE, QP 40, TF 0)      40496 bits [Y 30.6972 dB    U 35.7652 dB    V 36.8904 dB] [ET   728 ] [L0 0 16 ] [L1 16 0 ]
POC     4 TId: 3 (      STSA, B-SLICE, QP 43)            17000 bits [Y 30.1368 dB    U 35.6858 dB    V 36.8617 dB] [ET   666 ] [L0 0 8 ] [L1 8 16 ]
POC     2 TId: 4 (      STSA, B-SLICE, QP 45)             9328 bits [Y 30.0441 dB    U 35.7604 dB    V 37.0461 dB] [ET   542 ] [L0 0 4 ] [L1 4 8 ]
POC     1 TId: 5 (      STSA, B-SLICE, QP 46)             4992 bits [Y 30.3970 dB    U 35.8824 dB    V 37.3490 dB] [ET   410 ] [L0 0 2 ] [L1 2 4 ]
POC     3 TId: 5 (      STSA, B-SLICE, QP 46)             4248 bits [Y 29.6747 dB    U 35.5631 dB    V 36.6952 dB] [ET   458 ] [L0 2 0 ] [L1 4 8 ]
POC     6 TId: 4 (      STSA, B-SLICE, QP 45)             8400 bits [Y 29.6442 dB    U 35.4906 dB    V 36.6015 dB] [ET   684 ] [L0 4 0 ] [L1 8 16 ]
POC     5 TId: 5 (      STSA, B-SLICE, QP 46)             3952 bits [Y 29.5677 dB    U 35.4768 dB    V 36.7208 dB] [ET   486 ] [L0 4 0 ] [L1 6 8 ]
POC     7 TId: 5 (      STSA, B-SLICE, QP 46)             3888 bits [Y 29.6033 dB    U 35.3293 dB    V 36.4788 dB] [ET   470 ] [L0 6 4 ] [L1 8 16 ]
POC    12 TId: 3 (      STSA, B-SLICE, QP 43)            18592 bits [Y 29.8222 dB    U 35.6459 dB    V 36.2370 dB] [ET   748 ] [L0 8 0 ] [L1 16 8 ]
POC    10 TId: 4 (      STSA, B-SLICE, QP 45)             9464 bits [Y 29.3731 dB    U 35.5555 dB    V 36.2275 dB] [ET   652 ] [L0 8 0 ] [L1 12 16 ]
POC     9 TId: 5 (      STSA, B-SLICE, QP 46)             3888 bits [Y 29.4110 dB    U 35.5385 dB    V 36.4564 dB] [ET   478 ] [L0 8 0 ] [L1 10 12 ]
POC    11 TId: 5 (      STSA, B-SLICE, QP 46)             4240 bits [Y 29.2757 dB    U 35.5228 dB    V 36.1677 dB] [ET   487 ] [L0 10 8 ] [L1 12 16 ]
POC    14 TId: 4 (      STSA, B-SLICE, QP 45)             8224 bits [Y 29.4002 dB    U 35.5354 dB    V 36.0552 dB] [ET   563 ] [L0 12 8 ] [L1 16 12 ]
POC    13 TId: 5 (      STSA, B-SLICE, QP 46)             3968 bits [Y 29.3668 dB    U 35.5092 dB    V 36.1010 dB] [ET   463 ] [L0 12 8 ] [L1 14 16 ]
POC    15 TId: 5 (      STSA, B-SLICE, QP 46)             3728 bits [Y 29.6624 dB    U 35.7387 dB    V 36.3244 dB] [ET   403 ] [L0 14 12 ] [L1 16 14 ]

	Total Frames |   Bitrate     Y-PSNR    U-PSNR    V-PSNR    YUV-PSNR   
	       17    a     585.8965   29.9965   35.6837   36.6485   31.1884

 finished @ Tue Apr 18 04:33:25 2023
 Total Time:     8781.534 sec. [user]     8782.181 sec. [elapsed]

Level: 0
Inject Calls: 10963489704
Errors injected by bit:
	Bit 0: 109631
	Bit 1: 109509
	Bit 2: 109534
	Bit 3: 110045
	Bit 4: 109497
	Bit 5: 109953
	Bit 6: 109829
	Bit 7: 109714

Total errors injected: 877712
