vvencFFapp: Fraunhofer VVC Encoder ver. 1.5.0 [Linux][GCC 11.3.0][64 bit][SIMD=AVX2]
 started @ Tue Apr  4 15:05:27 2023
CODING TOOL CFG: CTU128 QT44BTT21 IBD:1 SAO:1 ALF:1 (NonLinLuma:0 NonLinChr:0) CCALF:1 Tiles:1x1 Slices:1 WPP:0 WPP-Substreams:1 TMVP:1 DQ:1 SDH:0 CST:1 BDOF:1 DMVR:1 MTSImplicit:1 SBT:0 JCbCr:1 CabacInitPresent:1 AMVR:5 SMVD:3 LMCS:2 (Signal:SDR Opt:0) CIIP:0 MIP:1 AFFINE:2 (PROF:1, Type:1) MMVD:3 DisFracMMVD:1 SbTMVP:1 GPM:3 LFNST:1 MTS:0 ISP:3 TS:2 TSLog2MaxSize:4 useChromaTS:0 BDPCM:2 IBC:2 BCW:0 
ENC. ALG. CFG: QPA:0 HAD:1 RDQ:1 RDQTS:1 ASR:1 MinSearchWindow:96 RestrictMESampling:0 EDO:2 MCTF:2 
PRE-ANALYSIS CFG: STA:1 LeadFrames:0 TrailFrames:0 
FAST TOOL CFG: ECU:0 FEN:1 FDM:1 FastSearch:4 (SCC:2) LCTUFast:1 FastMrg:2 PBIntraFast:1 AMaxBT:1 FastQtBtEnc:1 ContentBasedFastQtbt:0 FastMIP:3 FastIntraTools:0 IntraEstDecBit:2 FastLocalDualTree:1 IntegerET:0 FastSubPel:1 QtbttExtraFast:3 FastTTSplit:0 IBCFastMethod:3 FIM:0 ALFSpeed:0 QuantThr: 4 
RATE CONTROL CFG: RateControl:0 LookAhead:0 
PARALLEL PROCESSING CFG: NumThreads:0 MaxParallelFrames:0 WppBitEqual:0 WF:0 

POC     0 TId: 0 (  IDR_N_LP, I-SLICE, QP 19, TF 3)     581848 bits [Y 42.2672 dB    U 45.0524 dB    V 46.9660 dB] [ET   351 ] [L0 ] [L1 ]
POC    16 TId: 1 (      STSA, B-SLICE, QP 22, TF 2)     217088 bits [Y 41.6205 dB    U 44.1937 dB    V 45.8576 dB] [ET   608 ] [L0 0 ] [L1 0 ]
POC     8 TId: 2 (      STSA, B-SLICE, QP 23, TF 1)      98000 bits [Y 40.9422 dB    U 44.1814 dB    V 45.9962 dB] [ET   721 ] [L0 0 16 ] [L1 16 0 ]
POC     4 TId: 3 (      STSA, B-SLICE, QP 26, TF 0)      44160 bits [Y 40.5736 dB    U 44.3394 dB    V 46.1386 dB] [ET   632 ] [L0 0 8 ] [L1 8 16 ]
POC     2 TId: 4 (      STSA, B-SLICE, QP 28)            20816 bits [Y 40.5553 dB    U 44.6177 dB    V 46.4090 dB] [ET   514 ] [L0 0 4 ] [L1 4 8 ]
POC     1 TId: 5 (      STSA, B-SLICE, QP 29)             9104 bits [Y 40.8461 dB    U 44.8153 dB    V 46.7102 dB] [ET   414 ] [L0 0 2 ] [L1 2 4 ]
POC     3 TId: 5 (      STSA, B-SLICE, QP 29)            10248 bits [Y 40.2036 dB    U 44.4908 dB    V 46.1976 dB] [ET   479 ] [L0 2 0 ] [L1 4 8 ]
POC     6 TId: 4 (      STSA, B-SLICE, QP 28)            21528 bits [Y 40.1351 dB    U 44.1418 dB    V 45.8630 dB] [ET   561 ] [L0 4 0 ] [L1 8 16 ]
POC     5 TId: 5 (      STSA, B-SLICE, QP 29)            10440 bits [Y 40.0113 dB    U 44.0872 dB    V 45.9544 dB] [ET   450 ] [L0 4 0 ] [L1 6 8 ]
POC     7 TId: 5 (      STSA, B-SLICE, QP 29)             9792 bits [Y 40.0882 dB    U 44.1862 dB    V 45.8393 dB] [ET   512 ] [L0 6 4 ] [L1 8 16 ]
POC    12 TId: 3 (      STSA, B-SLICE, QP 26, TF 0)      48880 bits [Y 40.2495 dB    U 43.9902 dB    V 45.6055 dB] [ET   614 ] [L0 8 0 ] [L1 16 8 ]
POC    10 TId: 4 (      STSA, B-SLICE, QP 28)            23400 bits [Y 40.0495 dB    U 43.9925 dB    V 45.6022 dB] [ET   646 ] [L0 8 0 ] [L1 12 16 ]
POC     9 TId: 5 (      STSA, B-SLICE, QP 29)            10352 bits [Y 40.0207 dB    U 44.0674 dB    V 45.8075 dB] [ET   459 ] [L0 8 0 ] [L1 10 12 ]
POC    11 TId: 5 (      STSA, B-SLICE, QP 29)            10768 bits [Y 39.8380 dB    U 43.9362 dB    V 45.6043 dB] [ET   478 ] [L0 10 8 ] [L1 12 16 ]
POC    14 TId: 4 (      STSA, B-SLICE, QP 28)            27400 bits [Y 39.9830 dB    U 43.8848 dB    V 45.4531 dB] [ET   535 ] [L0 12 8 ] [L1 16 12 ]
POC    13 TId: 5 (      STSA, B-SLICE, QP 29)            12720 bits [Y 39.7342 dB    U 43.8634 dB    V 45.5289 dB] [ET   538 ] [L0 12 8 ] [L1 14 16 ]
POC    15 TId: 5 (      STSA, B-SLICE, QP 29)            14160 bits [Y 39.9606 dB    U 43.9500 dB    V 45.4708 dB] [ET   399 ] [L0 14 12 ] [L1 16 14 ]

	Total Frames |   Bitrate     Y-PSNR    U-PSNR    V-PSNR    YUV-PSNR   
	       17    a    4131.8965   40.4164   44.2230   45.9414   41.4390

 finished @ Tue Apr  4 17:34:18 2023
 Total Time:     8924.665 sec. [user]     8930.220 sec. [elapsed]

Level: 0
Inject Calls: 10328962612
Errors injected by bit:
	Bit 0: 10327963
	Bit 1: 10327381
	Bit 2: 10327358
	Bit 3: 10331585
	Bit 4: 10327013
	Bit 5: 10331987
	Bit 6: 10326884
	Bit 7: 10325483

Total errors injected: 82625654
