vvencFFapp: Fraunhofer VVC Encoder ver. 1.5.0 [Linux][GCC 11.3.0][64 bit][SIMD=AVX2]
 started @ Thu Apr  6 05:26:12 2023
CODING TOOL CFG: CTU128 QT44BTT21 IBD:1 SAO:1 ALF:1 (NonLinLuma:0 NonLinChr:0) CCALF:1 Tiles:1x1 Slices:1 WPP:0 WPP-Substreams:1 TMVP:1 DQ:1 SDH:0 CST:1 BDOF:1 DMVR:1 MTSImplicit:1 SBT:0 JCbCr:1 CabacInitPresent:1 AMVR:5 SMVD:3 LMCS:2 (Signal:SDR Opt:0) CIIP:0 MIP:1 AFFINE:2 (PROF:1, Type:1) MMVD:3 DisFracMMVD:1 SbTMVP:1 GPM:3 LFNST:1 MTS:0 ISP:3 TS:2 TSLog2MaxSize:4 useChromaTS:0 BDPCM:2 IBC:2 BCW:0 
ENC. ALG. CFG: QPA:0 HAD:1 RDQ:1 RDQTS:1 ASR:1 MinSearchWindow:96 RestrictMESampling:0 EDO:2 MCTF:2 
PRE-ANALYSIS CFG: STA:1 LeadFrames:0 TrailFrames:0 
FAST TOOL CFG: ECU:0 FEN:1 FDM:1 FastSearch:4 (SCC:2) LCTUFast:1 FastMrg:2 PBIntraFast:1 AMaxBT:1 FastQtBtEnc:1 ContentBasedFastQtbt:0 FastMIP:3 FastIntraTools:0 IntraEstDecBit:2 FastLocalDualTree:1 IntegerET:0 FastSubPel:1 QtbttExtraFast:3 FastTTSplit:0 IBCFastMethod:3 FIM:0 ALFSpeed:0 QuantThr: 4 
RATE CONTROL CFG: RateControl:0 LookAhead:0 
PARALLEL PROCESSING CFG: NumThreads:0 MaxParallelFrames:0 WppBitEqual:0 WF:0 

POC     0 TId: 0 (  IDR_N_LP, I-SLICE, QP 29, TF 2)     239000 bits [Y 37.7621 dB    U 41.1947 dB    V 42.2796 dB] [ET   204 ] [L0 ] [L1 ]
POC    16 TId: 1 (      STSA, B-SLICE, QP 34, TF 1)      48600 bits [Y 35.5821 dB    U 39.8997 dB    V 40.6413 dB] [ET   362 ] [L0 0 ] [L1 0 ]
POC     8 TId: 2 (      STSA, B-SLICE, QP 35, TF 0)      20344 bits [Y 35.7444 dB    U 40.2760 dB    V 41.1508 dB] [ET   463 ] [L0 0 16 ] [L1 16 0 ]
POC     4 TId: 3 (      STSA, B-SLICE, QP 38)             8376 bits [Y 35.5984 dB    U 40.5990 dB    V 41.3908 dB] [ET   409 ] [L0 0 8 ] [L1 8 16 ]
POC     2 TId: 4 (      STSA, B-SLICE, QP 40)             3576 bits [Y 35.7670 dB    U 40.9427 dB    V 41.8871 dB] [ET   257 ] [L0 0 4 ] [L1 4 8 ]
POC     1 TId: 5 (      STSA, B-SLICE, QP 41)             1368 bits [Y 36.3032 dB    U 41.0408 dB    V 42.1273 dB] [ET   190 ] [L0 0 2 ] [L1 2 4 ]
POC     3 TId: 5 (      STSA, B-SLICE, QP 41)             1424 bits [Y 35.3644 dB    U 40.8514 dB    V 41.6762 dB] [ET   250 ] [L0 2 0 ] [L1 4 8 ]
POC     6 TId: 4 (      STSA, B-SLICE, QP 40)             3656 bits [Y 35.1127 dB    U 40.5012 dB    V 41.3087 dB] [ET   341 ] [L0 4 0 ] [L1 8 16 ]
POC     5 TId: 5 (      STSA, B-SLICE, QP 41)             1704 bits [Y 35.1244 dB    U 40.5099 dB    V 41.3404 dB] [ET   247 ] [L0 4 0 ] [L1 6 8 ]
POC     7 TId: 5 (      STSA, B-SLICE, QP 41)             1360 bits [Y 35.1364 dB    U 40.4174 dB    V 41.2429 dB] [ET   253 ] [L0 6 4 ] [L1 8 16 ]
POC    12 TId: 3 (      STSA, B-SLICE, QP 38)            10064 bits [Y 34.9461 dB    U 40.0965 dB    V 40.8617 dB] [ET   420 ] [L0 8 0 ] [L1 16 8 ]
POC    10 TId: 4 (      STSA, B-SLICE, QP 40)             3752 bits [Y 34.7759 dB    U 40.1526 dB    V 40.9448 dB] [ET   365 ] [L0 8 0 ] [L1 12 16 ]
POC     9 TId: 5 (      STSA, B-SLICE, QP 41)             1760 bits [Y 34.9596 dB    U 40.2454 dB    V 41.0509 dB] [ET   277 ] [L0 8 0 ] [L1 10 12 ]
POC    11 TId: 5 (      STSA, B-SLICE, QP 41)             1720 bits [Y 34.6246 dB    U 40.1120 dB    V 40.8790 dB] [ET   275 ] [L0 10 8 ] [L1 12 16 ]
POC    14 TId: 4 (      STSA, B-SLICE, QP 40)             4312 bits [Y 34.5606 dB    U 39.9128 dB    V 40.6596 dB] [ET   292 ] [L0 12 8 ] [L1 16 12 ]
POC    13 TId: 5 (      STSA, B-SLICE, QP 41)             2296 bits [Y 34.5243 dB    U 40.0245 dB    V 40.7559 dB] [ET   286 ] [L0 12 8 ] [L1 14 16 ]
POC    15 TId: 5 (      STSA, B-SLICE, QP 41)             2160 bits [Y 34.6866 dB    U 39.9654 dB    V 40.6482 dB] [ET   223 ] [L0 14 12 ] [L1 16 14 ]

	Total Frames |   Bitrate     Y-PSNR    U-PSNR    V-PSNR    YUV-PSNR   
	       17    a    1254.6071   35.3278   40.3966   41.2262   36.4539

 finished @ Thu Apr  6 06:51:40 2023
 Total Time:     5127.968 sec. [user]     5128.469 sec. [elapsed]

Level: 0
Inject Calls: 6042687951
Errors injected by bit:
	Bit 0: 604251
	Bit 1: 604515
	Bit 2: 604922
	Bit 3: 604813
	Bit 4: 602576
	Bit 5: 604984
	Bit 6: 603416
	Bit 7: 603186

Total errors injected: 4832663
