vvencFFapp: Fraunhofer VVC Encoder ver. 1.5.0 [Linux][GCC 11.3.0][64 bit][SIMD=AVX2]
 started @ Sat Apr 15 02:41:30 2023
CODING TOOL CFG: CTU128 QT44BTT21 IBD:1 SAO:1 ALF:1 (NonLinLuma:0 NonLinChr:0) CCALF:1 Tiles:1x1 Slices:1 WPP:0 WPP-Substreams:1 TMVP:1 DQ:1 SDH:0 CST:1 BDOF:1 DMVR:1 MTSImplicit:1 SBT:0 JCbCr:1 CabacInitPresent:1 AMVR:5 SMVD:3 LMCS:2 (Signal:SDR Opt:0) CIIP:0 MIP:1 AFFINE:2 (PROF:1, Type:1) MMVD:3 DisFracMMVD:1 SbTMVP:1 GPM:3 LFNST:1 MTS:0 ISP:3 TS:2 TSLog2MaxSize:4 useChromaTS:0 BDPCM:2 IBC:2 BCW:0 
ENC. ALG. CFG: QPA:0 HAD:1 RDQ:1 RDQTS:1 ASR:1 MinSearchWindow:96 RestrictMESampling:0 EDO:2 MCTF:2 
PRE-ANALYSIS CFG: STA:1 LeadFrames:0 TrailFrames:0 
FAST TOOL CFG: ECU:0 FEN:1 FDM:1 FastSearch:4 (SCC:2) LCTUFast:1 FastMrg:2 PBIntraFast:1 AMaxBT:1 FastQtBtEnc:1 ContentBasedFastQtbt:0 FastMIP:3 FastIntraTools:0 IntraEstDecBit:2 FastLocalDualTree:1 IntegerET:0 FastSubPel:1 QtbttExtraFast:3 FastTTSplit:0 IBCFastMethod:3 FIM:0 ALFSpeed:0 QuantThr: 4 
RATE CONTROL CFG: RateControl:0 LookAhead:0 
PARALLEL PROCESSING CFG: NumThreads:0 MaxParallelFrames:0 WppBitEqual:0 WF:0 

POC     0 TId: 0 (  IDR_N_LP, I-SLICE, QP 24, TF 3)     399128 bits [Y 38.6505 dB    U 40.8666 dB    V 42.1124 dB] [ET   222 ] [L0 ] [L1 ]
POC    16 TId: 1 (      STSA, B-SLICE, QP 28, TF 2)     237920 bits [Y 38.5419 dB    U 40.3498 dB    V 41.5110 dB] [ET   542 ] [L0 0 ] [L1 0 ]
POC     8 TId: 2 (      STSA, B-SLICE, QP 29, TF 1)     178440 bits [Y 37.2235 dB    U 39.5782 dB    V 40.7306 dB] [ET   895 ] [L0 0 16 ] [L1 16 0 ]
POC     4 TId: 3 (      STSA, B-SLICE, QP 32, TF 0)      76944 bits [Y 35.9145 dB    U 39.1900 dB    V 40.3463 dB] [ET   921 ] [L0 0 8 ] [L1 8 16 ]
POC     2 TId: 4 (      STSA, B-SLICE, QP 34)            44008 bits [Y 35.6265 dB    U 39.3344 dB    V 40.5694 dB] [ET   832 ] [L0 0 4 ] [L1 4 8 ]
POC     1 TId: 5 (      STSA, B-SLICE, QP 36)            22952 bits [Y 35.2774 dB    U 39.5447 dB    V 40.7437 dB] [ET   596 ] [L0 0 2 ] [L1 2 4 ]
POC     3 TId: 5 (      STSA, B-SLICE, QP 36)            20784 bits [Y 34.8933 dB    U 38.9449 dB    V 40.1524 dB] [ET   693 ] [L0 2 0 ] [L1 4 8 ]
POC     6 TId: 4 (      STSA, B-SLICE, QP 34)            43200 bits [Y 35.4591 dB    U 38.9290 dB    V 40.0473 dB] [ET   931 ] [L0 4 0 ] [L1 8 16 ]
POC     5 TId: 5 (      STSA, B-SLICE, QP 36)            19320 bits [Y 34.8576 dB    U 38.7800 dB    V 40.1280 dB] [ET   714 ] [L0 4 0 ] [L1 6 8 ]
POC     7 TId: 5 (      STSA, B-SLICE, QP 36)            21080 bits [Y 35.0360 dB    U 38.7756 dB    V 39.9919 dB] [ET   732 ] [L0 6 4 ] [L1 8 16 ]
POC    12 TId: 3 (      STSA, B-SLICE, QP 32, TF 0)      80960 bits [Y 35.7775 dB    U 39.1940 dB    V 40.0805 dB] [ET   985 ] [L0 8 0 ] [L1 16 8 ]
POC    10 TId: 4 (      STSA, B-SLICE, QP 34)            46696 bits [Y 35.3780 dB    U 38.8786 dB    V 39.7147 dB] [ET  1010 ] [L0 8 0 ] [L1 12 16 ]
POC     9 TId: 5 (      STSA, B-SLICE, QP 36)            20928 bits [Y 34.9699 dB    U 38.8000 dB    V 39.8865 dB] [ET   703 ] [L0 8 0 ] [L1 10 12 ]
POC    11 TId: 5 (      STSA, B-SLICE, QP 36)            20968 bits [Y 34.7430 dB    U 38.7716 dB    V 39.6099 dB] [ET   744 ] [L0 10 8 ] [L1 12 16 ]
POC    14 TId: 4 (      STSA, B-SLICE, QP 34)            43392 bits [Y 35.3209 dB    U 39.0238 dB    V 40.0456 dB] [ET   791 ] [L0 12 8 ] [L1 16 12 ]
POC    13 TId: 5 (      STSA, B-SLICE, QP 36)            19760 bits [Y 34.7725 dB    U 38.8465 dB    V 39.7290 dB] [ET   737 ] [L0 12 8 ] [L1 14 16 ]
POC    15 TId: 5 (      STSA, B-SLICE, QP 36)            18944 bits [Y 34.9460 dB    U 39.1823 dB    V 40.3970 dB] [ET   604 ] [L0 14 12 ] [L1 16 14 ]

	Total Frames |   Bitrate     Y-PSNR    U-PSNR    V-PSNR    YUV-PSNR   
	       17    a    2321.3365   35.7287   39.2347   40.3410   36.5800

 finished @ Sat Apr 15 06:12:39 2023
 Total Time:    12669.527 sec. [user]    12669.522 sec. [elapsed]

Level: 0
Inject Calls: 15948313598
Errors injected by bit:
	Bit 0: 1594708
	Bit 1: 1594716
	Bit 2: 1592738
	Bit 3: 1593332
	Bit 4: 1596106
	Bit 5: 1594328
	Bit 6: 1592753
	Bit 7: 1593661

Total errors injected: 12752342
