vvencFFapp: Fraunhofer VVC Encoder ver. 1.5.0 [Linux][GCC 11.3.0][64 bit][SIMD=AVX2]
 started @ Thu Apr  6 12:36:20 2023
CODING TOOL CFG: CTU128 QT44BTT21 IBD:1 SAO:1 ALF:1 (NonLinLuma:0 NonLinChr:0) CCALF:1 Tiles:1x1 Slices:1 WPP:0 WPP-Substreams:1 TMVP:1 DQ:1 SDH:0 CST:1 BDOF:1 DMVR:1 MTSImplicit:1 SBT:0 JCbCr:1 CabacInitPresent:1 AMVR:5 SMVD:3 LMCS:2 (Signal:SDR Opt:0) CIIP:0 MIP:1 AFFINE:2 (PROF:1, Type:1) MMVD:3 DisFracMMVD:1 SbTMVP:1 GPM:3 LFNST:1 MTS:0 ISP:3 TS:2 TSLog2MaxSize:4 useChromaTS:0 BDPCM:2 IBC:2 BCW:0 
ENC. ALG. CFG: QPA:0 HAD:1 RDQ:1 RDQTS:1 ASR:1 MinSearchWindow:96 RestrictMESampling:0 EDO:2 MCTF:2 
PRE-ANALYSIS CFG: STA:1 LeadFrames:0 TrailFrames:0 
FAST TOOL CFG: ECU:0 FEN:1 FDM:1 FastSearch:4 (SCC:2) LCTUFast:1 FastMrg:2 PBIntraFast:1 AMaxBT:1 FastQtBtEnc:1 ContentBasedFastQtbt:0 FastMIP:3 FastIntraTools:0 IntraEstDecBit:2 FastLocalDualTree:1 IntegerET:0 FastSubPel:1 QtbttExtraFast:3 FastTTSplit:0 IBCFastMethod:3 FIM:0 ALFSpeed:0 QuantThr: 4 
RATE CONTROL CFG: RateControl:0 LookAhead:0 
PARALLEL PROCESSING CFG: NumThreads:0 MaxParallelFrames:0 WppBitEqual:0 WF:0 

POC     0 TId: 0 (  IDR_N_LP, I-SLICE, QP 29, TF 2)     239000 bits [Y 37.7621 dB    U 41.1947 dB    V 42.2796 dB] [ET   202 ] [L0 ] [L1 ]
POC    16 TId: 1 (      STSA, B-SLICE, QP 34, TF 1)      48648 bits [Y 35.5613 dB    U 39.9150 dB    V 40.6477 dB] [ET   354 ] [L0 0 ] [L1 0 ]
POC     8 TId: 2 (      STSA, B-SLICE, QP 35, TF 0)      20688 bits [Y 35.7798 dB    U 40.2612 dB    V 41.0813 dB] [ET   435 ] [L0 0 16 ] [L1 16 0 ]
POC     4 TId: 3 (      STSA, B-SLICE, QP 38)             8072 bits [Y 35.6208 dB    U 40.6756 dB    V 41.5564 dB] [ET   369 ] [L0 0 8 ] [L1 8 16 ]
POC     2 TId: 4 (      STSA, B-SLICE, QP 40)             3544 bits [Y 35.7863 dB    U 40.9463 dB    V 41.9193 dB] [ET   268 ] [L0 0 4 ] [L1 4 8 ]
POC     1 TId: 5 (      STSA, B-SLICE, QP 41)             1384 bits [Y 36.3572 dB    U 41.0158 dB    V 42.1247 dB] [ET   188 ] [L0 0 2 ] [L1 2 4 ]
POC     3 TId: 5 (      STSA, B-SLICE, QP 41)             1448 bits [Y 35.3356 dB    U 40.8696 dB    V 41.7276 dB] [ET   277 ] [L0 2 0 ] [L1 4 8 ]
POC     6 TId: 4 (      STSA, B-SLICE, QP 40)             3808 bits [Y 35.0988 dB    U 40.5752 dB    V 41.3489 dB] [ET   328 ] [L0 4 0 ] [L1 8 16 ]
POC     5 TId: 5 (      STSA, B-SLICE, QP 41)             1688 bits [Y 35.1265 dB    U 40.5834 dB    V 41.4392 dB] [ET   240 ] [L0 4 0 ] [L1 6 8 ]
POC     7 TId: 5 (      STSA, B-SLICE, QP 41)             1232 bits [Y 35.1620 dB    U 40.3929 dB    V 41.1673 dB] [ET   254 ] [L0 6 4 ] [L1 8 16 ]
POC    12 TId: 3 (      STSA, B-SLICE, QP 38)             9888 bits [Y 34.9300 dB    U 40.0783 dB    V 40.8612 dB] [ET   415 ] [L0 8 0 ] [L1 16 8 ]
POC    10 TId: 4 (      STSA, B-SLICE, QP 40)             3488 bits [Y 34.7176 dB    U 40.1581 dB    V 40.9868 dB] [ET   344 ] [L0 8 0 ] [L1 12 16 ]
POC     9 TId: 5 (      STSA, B-SLICE, QP 41)             1648 bits [Y 34.9369 dB    U 40.2952 dB    V 41.0573 dB] [ET   266 ] [L0 8 0 ] [L1 10 12 ]
POC    11 TId: 5 (      STSA, B-SLICE, QP 41)             1600 bits [Y 34.5328 dB    U 40.0748 dB    V 40.8909 dB] [ET   250 ] [L0 10 8 ] [L1 12 16 ]
POC    14 TId: 4 (      STSA, B-SLICE, QP 40)             4552 bits [Y 34.5785 dB    U 39.9883 dB    V 40.7085 dB] [ET   291 ] [L0 12 8 ] [L1 16 12 ]
POC    13 TId: 5 (      STSA, B-SLICE, QP 41)             2056 bits [Y 34.5020 dB    U 40.0364 dB    V 40.7808 dB] [ET   260 ] [L0 12 8 ] [L1 14 16 ]
POC    15 TId: 5 (      STSA, B-SLICE, QP 41)             2120 bits [Y 34.6288 dB    U 40.0031 dB    V 40.6403 dB] [ET   217 ] [L0 14 12 ] [L1 16 14 ]

	Total Frames |   Bitrate     Y-PSNR    U-PSNR    V-PSNR    YUV-PSNR   
	       17    a    1252.4612   35.3186   40.4155   41.2481   36.4456

 finished @ Thu Apr  6 13:59:12 2023
 Total Time:     4970.964 sec. [user]     4971.324 sec. [elapsed]

Level: 0
Inject Calls: 5887479228
Errors injected by bit:
	Bit 0: 603
	Bit 1: 617
	Bit 2: 564
	Bit 3: 604
	Bit 4: 583
	Bit 5: 550
	Bit 6: 559
	Bit 7: 632

Total errors injected: 4712
