vvencFFapp: Fraunhofer VVC Encoder ver. 1.5.0 [Linux][GCC 11.3.0][64 bit][SIMD=AVX2]
 started @ Sun Apr  9 08:52:36 2023
CODING TOOL CFG: CTU128 QT44BTT21 IBD:1 SAO:1 ALF:1 (NonLinLuma:0 NonLinChr:0) CCALF:1 Tiles:1x1 Slices:1 WPP:0 WPP-Substreams:1 TMVP:1 DQ:1 SDH:0 CST:1 BDOF:1 DMVR:1 MTSImplicit:1 SBT:0 JCbCr:1 CabacInitPresent:1 AMVR:5 SMVD:3 LMCS:2 (Signal:SDR Opt:0) CIIP:0 MIP:1 AFFINE:2 (PROF:1, Type:1) MMVD:3 DisFracMMVD:1 SbTMVP:1 GPM:3 LFNST:1 MTS:0 ISP:3 TS:2 TSLog2MaxSize:4 useChromaTS:0 BDPCM:2 IBC:2 BCW:0 
ENC. ALG. CFG: QPA:0 HAD:1 RDQ:1 RDQTS:1 ASR:1 MinSearchWindow:96 RestrictMESampling:0 EDO:2 MCTF:2 
PRE-ANALYSIS CFG: STA:1 LeadFrames:0 TrailFrames:0 
FAST TOOL CFG: ECU:0 FEN:1 FDM:1 FastSearch:4 (SCC:2) LCTUFast:1 FastMrg:2 PBIntraFast:1 AMaxBT:1 FastQtBtEnc:1 ContentBasedFastQtbt:0 FastMIP:3 FastIntraTools:0 IntraEstDecBit:2 FastLocalDualTree:1 IntegerET:0 FastSubPel:1 QtbttExtraFast:3 FastTTSplit:0 IBCFastMethod:3 FIM:0 ALFSpeed:0 QuantThr: 4 
RATE CONTROL CFG: RateControl:0 LookAhead:0 
PARALLEL PROCESSING CFG: NumThreads:0 MaxParallelFrames:0 WppBitEqual:0 WF:0 

POC     0 TId: 0 (  IDR_N_LP, I-SLICE, QP 29, TF 2)     160808 bits [Y 38.4367 dB    U 41.6230 dB    V 42.6136 dB] [ET   186 ] [L0 ] [L1 ]
POC    16 TId: 1 (      STSA, B-SLICE, QP 34, TF 1)      30776 bits [Y 36.4778 dB    U 39.9342 dB    V 40.1393 dB] [ET   375 ] [L0 0 ] [L1 0 ]
POC     8 TId: 2 (      STSA, B-SLICE, QP 35, TF 0)      18880 bits [Y 36.4641 dB    U 39.9913 dB    V 40.7574 dB] [ET   629 ] [L0 0 16 ] [L1 16 0 ]
POC     4 TId: 3 (      STSA, B-SLICE, QP 38)            11688 bits [Y 36.1402 dB    U 40.2099 dB    V 40.9102 dB] [ET   589 ] [L0 0 8 ] [L1 8 16 ]
POC     2 TId: 4 (      STSA, B-SLICE, QP 40)             4960 bits [Y 36.3292 dB    U 40.8588 dB    V 41.3993 dB] [ET   384 ] [L0 0 4 ] [L1 4 8 ]
POC     1 TId: 5 (      STSA, B-SLICE, QP 41)              232 bits [Y 38.4367 dB    U 41.6230 dB    V 42.6136 dB] [ET   209 ] [L0 0 2 ] [L1 2 4 ]
POC     3 TId: 5 (      STSA, B-SLICE, QP 41)             3448 bits [Y 35.7575 dB    U 40.3225 dB    V 40.7506 dB] [ET   411 ] [L0 2 0 ] [L1 4 8 ]
POC     6 TId: 4 (      STSA, B-SLICE, QP 40)             6248 bits [Y 35.5437 dB    U 39.9920 dB    V 40.5697 dB] [ET   506 ] [L0 4 0 ] [L1 8 16 ]
POC     5 TId: 5 (      STSA, B-SLICE, QP 41)             3440 bits [Y 35.3096 dB    U 39.8991 dB    V 40.5408 dB] [ET   414 ] [L0 4 0 ] [L1 6 8 ]
POC     7 TId: 5 (      STSA, B-SLICE, QP 41)             3480 bits [Y 35.3092 dB    U 39.8507 dB    V 40.4280 dB] [ET   385 ] [L0 6 4 ] [L1 8 16 ]
POC    12 TId: 3 (      STSA, B-SLICE, QP 38)            13024 bits [Y 35.5968 dB    U 39.8889 dB    V 40.1976 dB] [ET   578 ] [L0 8 0 ] [L1 16 8 ]
POC    10 TId: 4 (      STSA, B-SLICE, QP 40)             7248 bits [Y 35.3239 dB    U 39.7953 dB    V 40.2243 dB] [ET   594 ] [L0 8 0 ] [L1 12 16 ]
POC     9 TId: 5 (      STSA, B-SLICE, QP 41)             3136 bits [Y 35.6123 dB    U 39.8028 dB    V 40.3265 dB] [ET   420 ] [L0 8 0 ] [L1 10 12 ]
POC    11 TId: 5 (      STSA, B-SLICE, QP 41)             3712 bits [Y 35.2154 dB    U 39.7182 dB    V 40.0001 dB] [ET   416 ] [L0 10 8 ] [L1 12 16 ]
POC    14 TId: 4 (      STSA, B-SLICE, QP 40)             7472 bits [Y 35.2049 dB    U 39.6352 dB    V 39.7838 dB] [ET   447 ] [L0 12 8 ] [L1 16 12 ]
POC    13 TId: 5 (      STSA, B-SLICE, QP 41)             3400 bits [Y 35.0456 dB    U 39.7625 dB    V 39.8587 dB] [ET   448 ] [L0 12 8 ] [L1 14 16 ]
POC    15 TId: 5 (      STSA, B-SLICE, QP 41)             3136 bits [Y 35.2924 dB    U 39.7217 dB    V 39.5972 dB] [ET   331 ] [L0 14 12 ] [L1 16 14 ]

	Total Frames |   Bitrate     Y-PSNR    U-PSNR    V-PSNR    YUV-PSNR   
	       17    a     838.4941   35.9704   40.1546   40.6301   36.9139

 finished @ Sun Apr  9 10:54:52 2023
 Total Time:     7336.465 sec. [user]     7336.591 sec. [elapsed]

Level: 0
Inject Calls: 8872964291
Errors injected by bit:
	Bit 0: 889018
	Bit 1: 887619
	Bit 2: 887617
	Bit 3: 886651
	Bit 4: 887439
	Bit 5: 886796
	Bit 6: 886528
	Bit 7: 887050

Total errors injected: 7098718
