vvencFFapp: Fraunhofer VVC Encoder ver. 1.5.0 [Linux][GCC 11.3.0][64 bit][SIMD=AVX2]
 started @ Thu Apr  6 21:31:30 2023
CODING TOOL CFG: CTU128 QT44BTT21 IBD:1 SAO:1 ALF:1 (NonLinLuma:0 NonLinChr:0) CCALF:1 Tiles:1x1 Slices:1 WPP:0 WPP-Substreams:1 TMVP:1 DQ:1 SDH:0 CST:1 BDOF:1 DMVR:1 MTSImplicit:1 SBT:0 JCbCr:1 CabacInitPresent:1 AMVR:5 SMVD:3 LMCS:2 (Signal:SDR Opt:0) CIIP:0 MIP:1 AFFINE:2 (PROF:1, Type:1) MMVD:3 DisFracMMVD:1 SbTMVP:1 GPM:3 LFNST:1 MTS:0 ISP:3 TS:2 TSLog2MaxSize:4 useChromaTS:0 BDPCM:2 IBC:2 BCW:0 
ENC. ALG. CFG: QPA:0 HAD:1 RDQ:1 RDQTS:1 ASR:1 MinSearchWindow:96 RestrictMESampling:0 EDO:2 MCTF:2 
PRE-ANALYSIS CFG: STA:1 LeadFrames:0 TrailFrames:0 
FAST TOOL CFG: ECU:0 FEN:1 FDM:1 FastSearch:4 (SCC:2) LCTUFast:1 FastMrg:2 PBIntraFast:1 AMaxBT:1 FastQtBtEnc:1 ContentBasedFastQtbt:0 FastMIP:3 FastIntraTools:0 IntraEstDecBit:2 FastLocalDualTree:1 IntegerET:0 FastSubPel:1 QtbttExtraFast:3 FastTTSplit:0 IBCFastMethod:3 FIM:0 ALFSpeed:0 QuantThr: 4 
RATE CONTROL CFG: RateControl:0 LookAhead:0 
PARALLEL PROCESSING CFG: NumThreads:0 MaxParallelFrames:0 WppBitEqual:0 WF:0 

POC     0 TId: 0 (  IDR_N_LP, I-SLICE, QP 34, TF 2)     142152 bits [Y 34.7290 dB    U 39.0714 dB    V 39.9878 dB] [ET   158 ] [L0 ] [L1 ]
POC    16 TId: 1 (      STSA, B-SLICE, QP 40, TF 1)      22488 bits [Y 32.3070 dB    U 38.1567 dB    V 38.8319 dB] [ET   269 ] [L0 0 ] [L1 0 ]
POC     8 TId: 2 (      STSA, B-SLICE, QP 40, TF 0)      10944 bits [Y 32.8455 dB    U 38.4585 dB    V 39.3471 dB] [ET   358 ] [L0 0 16 ] [L1 16 0 ]
POC     4 TId: 3 (      STSA, B-SLICE, QP 43)             4328 bits [Y 32.8869 dB    U 38.6448 dB    V 39.5103 dB] [ET   300 ] [L0 0 8 ] [L1 8 16 ]
POC     2 TId: 4 (      STSA, B-SLICE, QP 45)             1872 bits [Y 33.1625 dB    U 38.8260 dB    V 39.7233 dB] [ET   206 ] [L0 0 4 ] [L1 4 8 ]
POC     1 TId: 5 (      STSA, B-SLICE, QP 46)              648 bits [Y 33.6852 dB    U 38.9143 dB    V 39.9312 dB] [ET   156 ] [L0 0 2 ] [L1 2 4 ]
POC     3 TId: 5 (      STSA, B-SLICE, QP 46)              680 bits [Y 32.8238 dB    U 38.8121 dB    V 39.6853 dB] [ET   199 ] [L0 2 0 ] [L1 4 8 ]
POC     6 TId: 4 (      STSA, B-SLICE, QP 45)             2048 bits [Y 32.4305 dB    U 38.5827 dB    V 39.4514 dB] [ET   259 ] [L0 4 0 ] [L1 8 16 ]
POC     5 TId: 5 (      STSA, B-SLICE, QP 46)              880 bits [Y 32.4887 dB    U 38.5901 dB    V 39.4857 dB] [ET   210 ] [L0 4 0 ] [L1 6 8 ]
POC     7 TId: 5 (      STSA, B-SLICE, QP 46)              680 bits [Y 32.4337 dB    U 38.5485 dB    V 39.4741 dB] [ET   229 ] [L0 6 4 ] [L1 8 16 ]
POC    12 TId: 3 (      STSA, B-SLICE, QP 43)             5200 bits [Y 32.0135 dB    U 38.3046 dB    V 39.1165 dB] [ET   332 ] [L0 8 0 ] [L1 16 8 ]
POC    10 TId: 4 (      STSA, B-SLICE, QP 45)             1864 bits [Y 32.0198 dB    U 38.3899 dB    V 39.2015 dB] [ET   275 ] [L0 8 0 ] [L1 12 16 ]
POC     9 TId: 5 (      STSA, B-SLICE, QP 46)              760 bits [Y 32.2410 dB    U 38.4502 dB    V 39.3294 dB] [ET   223 ] [L0 8 0 ] [L1 10 12 ]
POC    11 TId: 5 (      STSA, B-SLICE, QP 46)              736 bits [Y 31.7730 dB    U 38.3172 dB    V 39.1445 dB] [ET   242 ] [L0 10 8 ] [L1 12 16 ]
POC    14 TId: 4 (      STSA, B-SLICE, QP 45)             2144 bits [Y 31.6255 dB    U 38.2235 dB    V 38.8676 dB] [ET   224 ] [L0 12 8 ] [L1 16 12 ]
POC    13 TId: 5 (      STSA, B-SLICE, QP 46)              992 bits [Y 31.6480 dB    U 38.3095 dB    V 39.0232 dB] [ET   234 ] [L0 12 8 ] [L1 14 16 ]
POC    15 TId: 5 (      STSA, B-SLICE, QP 46)              992 bits [Y 31.7704 dB    U 38.2255 dB    V 38.8633 dB] [ET   190 ] [L0 14 12 ] [L1 16 14 ]

	Total Frames |   Bitrate     Y-PSNR    U-PSNR    V-PSNR    YUV-PSNR   
	       17    a     703.7929   32.5226   38.5191   39.3514   33.7525

 finished @ Thu Apr  6 22:39:27 2023
 Total Time:     4077.017 sec. [user]     4077.293 sec. [elapsed]

Level: 0
Inject Calls: 4908392494
Errors injected by bit:
	Bit 0: 4947
	Bit 1: 4884
	Bit 2: 4891
	Bit 3: 4958
	Bit 4: 4899
	Bit 5: 4940
	Bit 6: 4951
	Bit 7: 4862

Total errors injected: 39332
