vvencFFapp: Fraunhofer VVC Encoder ver. 1.5.0 [Linux][GCC 11.3.0][64 bit][SIMD=AVX2]
 started @ Tue Apr 18 05:12:07 2023
CODING TOOL CFG: CTU128 QT44BTT21 IBD:1 SAO:1 ALF:1 (NonLinLuma:0 NonLinChr:0) CCALF:1 Tiles:1x1 Slices:1 WPP:0 WPP-Substreams:1 TMVP:1 DQ:1 SDH:0 CST:1 BDOF:1 DMVR:1 MTSImplicit:1 SBT:0 JCbCr:1 CabacInitPresent:1 AMVR:5 SMVD:3 LMCS:2 (Signal:SDR Opt:0) CIIP:0 MIP:1 AFFINE:2 (PROF:1, Type:1) MMVD:3 DisFracMMVD:1 SbTMVP:1 GPM:3 LFNST:1 MTS:0 ISP:3 TS:2 TSLog2MaxSize:4 useChromaTS:0 BDPCM:2 IBC:2 BCW:0 
ENC. ALG. CFG: QPA:0 HAD:1 RDQ:1 RDQTS:1 ASR:1 MinSearchWindow:96 RestrictMESampling:0 EDO:2 MCTF:2 
PRE-ANALYSIS CFG: STA:1 LeadFrames:0 TrailFrames:0 
FAST TOOL CFG: ECU:0 FEN:1 FDM:1 FastSearch:4 (SCC:2) LCTUFast:1 FastMrg:2 PBIntraFast:1 AMaxBT:1 FastQtBtEnc:1 ContentBasedFastQtbt:0 FastMIP:3 FastIntraTools:0 IntraEstDecBit:2 FastLocalDualTree:1 IntegerET:0 FastSubPel:1 QtbttExtraFast:3 FastTTSplit:0 IBCFastMethod:3 FIM:0 ALFSpeed:0 QuantThr: 4 
RATE CONTROL CFG: RateControl:0 LookAhead:0 
PARALLEL PROCESSING CFG: NumThreads:0 MaxParallelFrames:0 WppBitEqual:0 WF:0 

POC     0 TId: 0 (  IDR_N_LP, I-SLICE, QP 34, TF 2)     137312 bits [Y 33.0393 dB    U 36.5932 dB    V 37.9362 dB] [ET   135 ] [L0 ] [L1 ]
POC    16 TId: 1 (      STSA, B-SLICE, QP 40, TF 1)      50344 bits [Y 30.8201 dB    U 36.0107 dB    V 36.8183 dB] [ET   389 ] [L0 0 ] [L1 0 ]
POC     8 TId: 2 (      STSA, B-SLICE, QP 40, TF 0)      41080 bits [Y 30.7376 dB    U 35.8114 dB    V 36.8927 dB] [ET   727 ] [L0 0 16 ] [L1 16 0 ]
POC     4 TId: 3 (      STSA, B-SLICE, QP 43)            17288 bits [Y 30.1741 dB    U 35.6587 dB    V 36.8559 dB] [ET   630 ] [L0 0 8 ] [L1 8 16 ]
POC     2 TId: 4 (      STSA, B-SLICE, QP 45)             9472 bits [Y 30.0570 dB    U 35.7818 dB    V 37.0685 dB] [ET   533 ] [L0 0 4 ] [L1 4 8 ]
POC     1 TId: 5 (      STSA, B-SLICE, QP 46)             5088 bits [Y 30.3774 dB    U 35.8392 dB    V 37.2727 dB] [ET   433 ] [L0 0 2 ] [L1 2 4 ]
POC     3 TId: 5 (      STSA, B-SLICE, QP 46)             4280 bits [Y 29.7217 dB    U 35.5172 dB    V 36.7239 dB] [ET   493 ] [L0 2 0 ] [L1 4 8 ]
POC     6 TId: 4 (      STSA, B-SLICE, QP 45)             8664 bits [Y 29.6964 dB    U 35.4631 dB    V 36.5167 dB] [ET   673 ] [L0 4 0 ] [L1 8 16 ]
POC     5 TId: 5 (      STSA, B-SLICE, QP 46)             3992 bits [Y 29.5752 dB    U 35.4816 dB    V 36.7301 dB] [ET   495 ] [L0 4 0 ] [L1 6 8 ]
POC     7 TId: 5 (      STSA, B-SLICE, QP 46)             3864 bits [Y 29.5933 dB    U 35.3211 dB    V 36.5046 dB] [ET   461 ] [L0 6 4 ] [L1 8 16 ]
POC    12 TId: 3 (      STSA, B-SLICE, QP 43)            18256 bits [Y 29.8402 dB    U 35.7519 dB    V 36.1784 dB] [ET   727 ] [L0 8 0 ] [L1 16 8 ]
POC    10 TId: 4 (      STSA, B-SLICE, QP 45)             9288 bits [Y 29.3346 dB    U 35.5598 dB    V 36.1449 dB] [ET   663 ] [L0 8 0 ] [L1 12 16 ]
POC     9 TId: 5 (      STSA, B-SLICE, QP 46)             4072 bits [Y 29.4191 dB    U 35.6147 dB    V 36.4147 dB] [ET   430 ] [L0 8 0 ] [L1 10 12 ]
POC    11 TId: 5 (      STSA, B-SLICE, QP 46)             4008 bits [Y 29.2259 dB    U 35.5472 dB    V 36.0927 dB] [ET   463 ] [L0 10 8 ] [L1 12 16 ]
POC    14 TId: 4 (      STSA, B-SLICE, QP 45)             8272 bits [Y 29.4487 dB    U 35.6030 dB    V 35.9773 dB] [ET   594 ] [L0 12 8 ] [L1 16 12 ]
POC    13 TId: 5 (      STSA, B-SLICE, QP 46)             3952 bits [Y 29.3559 dB    U 35.5645 dB    V 35.9175 dB] [ET   420 ] [L0 12 8 ] [L1 14 16 ]
POC    15 TId: 5 (      STSA, B-SLICE, QP 46)             3616 bits [Y 29.7108 dB    U 35.7230 dB    V 36.1544 dB] [ET   400 ] [L0 14 12 ] [L1 16 14 ]

	Total Frames |   Bitrate     Y-PSNR    U-PSNR    V-PSNR    YUV-PSNR   
	       17    a     587.3788   30.0075   35.6966   36.6000   31.1962

 finished @ Tue Apr 18 07:36:48 2023
 Total Time:     8679.965 sec. [user]     8681.074 sec. [elapsed]

Level: 0
Inject Calls: 10853474657
Errors injected by bit:
	Bit 0: 10735
	Bit 1: 10945
	Bit 2: 10966
	Bit 3: 10925
	Bit 4: 10822
	Bit 5: 10675
	Bit 6: 10891
	Bit 7: 10783

Total errors injected: 86742
