vvencFFapp: Fraunhofer VVC Encoder ver. 1.5.0 [Linux][GCC 11.3.0][64 bit][SIMD=AVX2]
 started @ Fri Apr 14 23:11:26 2023
CODING TOOL CFG: CTU128 QT44BTT21 IBD:1 SAO:1 ALF:1 (NonLinLuma:0 NonLinChr:0) CCALF:1 Tiles:1x1 Slices:1 WPP:0 WPP-Substreams:1 TMVP:1 DQ:1 SDH:0 CST:1 BDOF:1 DMVR:1 MTSImplicit:1 SBT:0 JCbCr:1 CabacInitPresent:1 AMVR:5 SMVD:3 LMCS:2 (Signal:SDR Opt:0) CIIP:0 MIP:1 AFFINE:2 (PROF:1, Type:1) MMVD:3 DisFracMMVD:1 SbTMVP:1 GPM:3 LFNST:1 MTS:0 ISP:3 TS:2 TSLog2MaxSize:4 useChromaTS:0 BDPCM:2 IBC:2 BCW:0 
ENC. ALG. CFG: QPA:0 HAD:1 RDQ:1 RDQTS:1 ASR:1 MinSearchWindow:96 RestrictMESampling:0 EDO:2 MCTF:2 
PRE-ANALYSIS CFG: STA:1 LeadFrames:0 TrailFrames:0 
FAST TOOL CFG: ECU:0 FEN:1 FDM:1 FastSearch:4 (SCC:2) LCTUFast:1 FastMrg:2 PBIntraFast:1 AMaxBT:1 FastQtBtEnc:1 ContentBasedFastQtbt:0 FastMIP:3 FastIntraTools:0 IntraEstDecBit:2 FastLocalDualTree:1 IntegerET:0 FastSubPel:1 QtbttExtraFast:3 FastTTSplit:0 IBCFastMethod:3 FIM:0 ALFSpeed:0 QuantThr: 4 
RATE CONTROL CFG: RateControl:0 LookAhead:0 
PARALLEL PROCESSING CFG: NumThreads:0 MaxParallelFrames:0 WppBitEqual:0 WF:0 

POC     0 TId: 0 (  IDR_N_LP, I-SLICE, QP 24, TF 3)     399128 bits [Y 38.6505 dB    U 40.8666 dB    V 42.1124 dB] [ET   224 ] [L0 ] [L1 ]
POC    16 TId: 1 (      STSA, B-SLICE, QP 28, TF 2)     242584 bits [Y 38.5318 dB    U 40.3303 dB    V 41.4486 dB] [ET   542 ] [L0 0 ] [L1 0 ]
POC     8 TId: 2 (      STSA, B-SLICE, QP 29, TF 1)     182424 bits [Y 37.2435 dB    U 39.5943 dB    V 40.7952 dB] [ET   892 ] [L0 0 16 ] [L1 16 0 ]
POC     4 TId: 3 (      STSA, B-SLICE, QP 32, TF 0)      77656 bits [Y 35.9179 dB    U 39.1652 dB    V 40.2344 dB] [ET   924 ] [L0 0 8 ] [L1 8 16 ]
POC     2 TId: 4 (      STSA, B-SLICE, QP 34)            45176 bits [Y 35.6198 dB    U 39.3004 dB    V 40.4796 dB] [ET   824 ] [L0 0 4 ] [L1 4 8 ]
POC     1 TId: 5 (      STSA, B-SLICE, QP 36)            23248 bits [Y 35.2993 dB    U 39.4582 dB    V 40.8084 dB] [ET   570 ] [L0 0 2 ] [L1 2 4 ]
POC     3 TId: 5 (      STSA, B-SLICE, QP 36)            21160 bits [Y 34.8777 dB    U 38.9310 dB    V 40.0497 dB] [ET   707 ] [L0 2 0 ] [L1 4 8 ]
POC     6 TId: 4 (      STSA, B-SLICE, QP 34)            43176 bits [Y 35.4740 dB    U 38.8818 dB    V 40.0293 dB] [ET   920 ] [L0 4 0 ] [L1 8 16 ]
POC     5 TId: 5 (      STSA, B-SLICE, QP 36)            19760 bits [Y 34.8869 dB    U 38.7776 dB    V 40.0301 dB] [ET   746 ] [L0 4 0 ] [L1 6 8 ]
POC     7 TId: 5 (      STSA, B-SLICE, QP 36)            20808 bits [Y 34.9833 dB    U 38.7233 dB    V 39.9997 dB] [ET   692 ] [L0 6 4 ] [L1 8 16 ]
POC    12 TId: 3 (      STSA, B-SLICE, QP 32, TF 0)      80752 bits [Y 35.8019 dB    U 39.2908 dB    V 40.0840 dB] [ET   957 ] [L0 8 0 ] [L1 16 8 ]
POC    10 TId: 4 (      STSA, B-SLICE, QP 34)            46848 bits [Y 35.3752 dB    U 38.8041 dB    V 39.7921 dB] [ET  1008 ] [L0 8 0 ] [L1 12 16 ]
POC     9 TId: 5 (      STSA, B-SLICE, QP 36)            20840 bits [Y 34.9375 dB    U 38.7109 dB    V 39.9739 dB] [ET   695 ] [L0 8 0 ] [L1 10 12 ]
POC    11 TId: 5 (      STSA, B-SLICE, QP 36)            20520 bits [Y 34.7225 dB    U 38.8365 dB    V 39.6848 dB] [ET   745 ] [L0 10 8 ] [L1 12 16 ]
POC    14 TId: 4 (      STSA, B-SLICE, QP 34)            43920 bits [Y 35.2957 dB    U 39.0597 dB    V 40.1065 dB] [ET   793 ] [L0 12 8 ] [L1 16 12 ]
POC    13 TId: 5 (      STSA, B-SLICE, QP 36)            19360 bits [Y 34.7302 dB    U 38.9037 dB    V 39.8627 dB] [ET   687 ] [L0 12 8 ] [L1 14 16 ]
POC    15 TId: 5 (      STSA, B-SLICE, QP 36)            19216 bits [Y 34.9585 dB    U 39.1957 dB    V 40.3469 dB] [ET   597 ] [L0 14 12 ] [L1 16 14 ]

	Total Frames |   Bitrate     Y-PSNR    U-PSNR    V-PSNR    YUV-PSNR   
	       17    a    2341.0165   35.7239   39.2253   40.3434   36.5743

 finished @ Sat Apr 15 02:40:27 2023
 Total Time:    12540.579 sec. [user]    12540.964 sec. [elapsed]

Level: 0
Inject Calls: 15727127554
Errors injected by bit:
	Bit 0: 15729848
	Bit 1: 15723519
	Bit 2: 15727865
	Bit 3: 15729590
	Bit 4: 15726276
	Bit 5: 15735396
	Bit 6: 15717134
	Bit 7: 15730354

Total errors injected: 125819982
