vvencFFapp: Fraunhofer VVC Encoder ver. 1.5.0 [Linux][GCC 11.3.0][64 bit][SIMD=AVX2]
 started @ Sun Apr 16 15:37:07 2023
CODING TOOL CFG: CTU128 QT44BTT21 IBD:1 SAO:1 ALF:1 (NonLinLuma:0 NonLinChr:0) CCALF:1 Tiles:1x1 Slices:1 WPP:0 WPP-Substreams:1 TMVP:1 DQ:1 SDH:0 CST:1 BDOF:1 DMVR:1 MTSImplicit:1 SBT:0 JCbCr:1 CabacInitPresent:1 AMVR:5 SMVD:3 LMCS:2 (Signal:SDR Opt:0) CIIP:0 MIP:1 AFFINE:2 (PROF:1, Type:1) MMVD:3 DisFracMMVD:1 SbTMVP:1 GPM:3 LFNST:1 MTS:0 ISP:3 TS:2 TSLog2MaxSize:4 useChromaTS:0 BDPCM:2 IBC:2 BCW:0 
ENC. ALG. CFG: QPA:0 HAD:1 RDQ:1 RDQTS:1 ASR:1 MinSearchWindow:96 RestrictMESampling:0 EDO:2 MCTF:2 
PRE-ANALYSIS CFG: STA:1 LeadFrames:0 TrailFrames:0 
FAST TOOL CFG: ECU:0 FEN:1 FDM:1 FastSearch:4 (SCC:2) LCTUFast:1 FastMrg:2 PBIntraFast:1 AMaxBT:1 FastQtBtEnc:1 ContentBasedFastQtbt:0 FastMIP:3 FastIntraTools:0 IntraEstDecBit:2 FastLocalDualTree:1 IntegerET:0 FastSubPel:1 QtbttExtraFast:3 FastTTSplit:0 IBCFastMethod:3 FIM:0 ALFSpeed:0 QuantThr: 4 
RATE CONTROL CFG: RateControl:0 LookAhead:0 
PARALLEL PROCESSING CFG: NumThreads:0 MaxParallelFrames:0 WppBitEqual:0 WF:0 

POC     0 TId: 0 (  IDR_N_LP, I-SLICE, QP 29, TF 2)     245544 bits [Y 36.0242 dB    U 38.6082 dB    V 40.2672 dB] [ET   169 ] [L0 ] [L1 ]
POC    16 TId: 1 (      STSA, B-SLICE, QP 34, TF 1)     115304 bits [Y 34.6830 dB    U 37.4571 dB    V 38.6463 dB] [ET   459 ] [L0 0 ] [L1 0 ]
POC     8 TId: 2 (      STSA, B-SLICE, QP 35, TF 0)      82928 bits [Y 33.8025 dB    U 37.0682 dB    V 38.1942 dB] [ET   776 ] [L0 0 16 ] [L1 16 0 ]
POC     4 TId: 3 (      STSA, B-SLICE, QP 38)            35672 bits [Y 33.0072 dB    U 37.2297 dB    V 38.3932 dB] [ET   748 ] [L0 0 8 ] [L1 8 16 ]
POC     2 TId: 4 (      STSA, B-SLICE, QP 40)            20048 bits [Y 32.7098 dB    U 37.4123 dB    V 38.8840 dB] [ET   614 ] [L0 0 4 ] [L1 4 8 ]
POC     1 TId: 5 (      STSA, B-SLICE, QP 41)            10624 bits [Y 32.8989 dB    U 37.6190 dB    V 39.0732 dB] [ET   456 ] [L0 0 2 ] [L1 2 4 ]
POC     3 TId: 5 (      STSA, B-SLICE, QP 41)            10256 bits [Y 32.2915 dB    U 37.1447 dB    V 38.4076 dB] [ET   555 ] [L0 2 0 ] [L1 4 8 ]
POC     6 TId: 4 (      STSA, B-SLICE, QP 40)            18888 bits [Y 32.4278 dB    U 37.0042 dB    V 38.1249 dB] [ET   764 ] [L0 4 0 ] [L1 8 16 ]
POC     5 TId: 5 (      STSA, B-SLICE, QP 41)             9232 bits [Y 32.2813 dB    U 37.0344 dB    V 38.2881 dB] [ET   584 ] [L0 4 0 ] [L1 6 8 ]
POC     7 TId: 5 (      STSA, B-SLICE, QP 41)             8976 bits [Y 32.2374 dB    U 36.7265 dB    V 37.9665 dB] [ET   581 ] [L0 6 4 ] [L1 8 16 ]
POC    12 TId: 3 (      STSA, B-SLICE, QP 38)            36208 bits [Y 32.7836 dB    U 37.0998 dB    V 37.9395 dB] [ET   797 ] [L0 8 0 ] [L1 16 8 ]
POC    10 TId: 4 (      STSA, B-SLICE, QP 40)            20400 bits [Y 32.1716 dB    U 36.8754 dB    V 37.7402 dB] [ET   767 ] [L0 8 0 ] [L1 12 16 ]
POC     9 TId: 5 (      STSA, B-SLICE, QP 41)             9864 bits [Y 32.1812 dB    U 36.9135 dB    V 37.8225 dB] [ET   526 ] [L0 8 0 ] [L1 10 12 ]
POC    11 TId: 5 (      STSA, B-SLICE, QP 41)            10160 bits [Y 32.0723 dB    U 36.8396 dB    V 37.6332 dB] [ET   582 ] [L0 10 8 ] [L1 12 16 ]
POC    14 TId: 4 (      STSA, B-SLICE, QP 40)            18184 bits [Y 32.3261 dB    U 36.9142 dB    V 37.8484 dB] [ET   614 ] [L0 12 8 ] [L1 16 12 ]
POC    13 TId: 5 (      STSA, B-SLICE, QP 41)             8944 bits [Y 32.1071 dB    U 36.8337 dB    V 37.7129 dB] [ET   517 ] [L0 12 8 ] [L1 14 16 ]
POC    15 TId: 5 (      STSA, B-SLICE, QP 41)             8080 bits [Y 32.4319 dB    U 36.9535 dB    V 38.0793 dB] [ET   474 ] [L0 14 12 ] [L1 16 14 ]

	Total Frames |   Bitrate     Y-PSNR    U-PSNR    V-PSNR    YUV-PSNR   
	       17    a    1181.1388   32.8493   37.1608   38.2954   33.8560

 finished @ Sun Apr 16 18:23:46 2023
 Total Time:     9998.037 sec. [user]     9998.452 sec. [elapsed]

Level: 0
Inject Calls: 12710064295
Errors injected by bit:
	Bit 0: 12709533
	Bit 1: 12710396
	Bit 2: 12709626
	Bit 3: 12712649
	Bit 4: 12713289
	Bit 5: 12718215
	Bit 6: 12710299
	Bit 7: 12710402

Total errors injected: 101694409
