vvencFFapp: Fraunhofer VVC Encoder ver. 1.5.0 [Linux][GCC 11.3.0][64 bit][SIMD=AVX2]
 started @ Thu Apr  6 19:16:28 2023
CODING TOOL CFG: CTU128 QT44BTT21 IBD:1 SAO:1 ALF:1 (NonLinLuma:0 NonLinChr:0) CCALF:1 Tiles:1x1 Slices:1 WPP:0 WPP-Substreams:1 TMVP:1 DQ:1 SDH:0 CST:1 BDOF:1 DMVR:1 MTSImplicit:1 SBT:0 JCbCr:1 CabacInitPresent:1 AMVR:5 SMVD:3 LMCS:2 (Signal:SDR Opt:0) CIIP:0 MIP:1 AFFINE:2 (PROF:1, Type:1) MMVD:3 DisFracMMVD:1 SbTMVP:1 GPM:3 LFNST:1 MTS:0 ISP:3 TS:2 TSLog2MaxSize:4 useChromaTS:0 BDPCM:2 IBC:2 BCW:0 
ENC. ALG. CFG: QPA:0 HAD:1 RDQ:1 RDQTS:1 ASR:1 MinSearchWindow:96 RestrictMESampling:0 EDO:2 MCTF:2 
PRE-ANALYSIS CFG: STA:1 LeadFrames:0 TrailFrames:0 
FAST TOOL CFG: ECU:0 FEN:1 FDM:1 FastSearch:4 (SCC:2) LCTUFast:1 FastMrg:2 PBIntraFast:1 AMaxBT:1 FastQtBtEnc:1 ContentBasedFastQtbt:0 FastMIP:3 FastIntraTools:0 IntraEstDecBit:2 FastLocalDualTree:1 IntegerET:0 FastSubPel:1 QtbttExtraFast:3 FastTTSplit:0 IBCFastMethod:3 FIM:0 ALFSpeed:0 QuantThr: 4 
RATE CONTROL CFG: RateControl:0 LookAhead:0 
PARALLEL PROCESSING CFG: NumThreads:0 MaxParallelFrames:0 WppBitEqual:0 WF:0 

POC     0 TId: 0 (  IDR_N_LP, I-SLICE, QP 34, TF 2)     142152 bits [Y 34.7290 dB    U 39.0714 dB    V 39.9878 dB] [ET   158 ] [L0 ] [L1 ]
POC    16 TId: 1 (      STSA, B-SLICE, QP 40, TF 1)      22488 bits [Y 32.3070 dB    U 38.1567 dB    V 38.8319 dB] [ET   272 ] [L0 0 ] [L1 0 ]
POC     8 TId: 2 (      STSA, B-SLICE, QP 40, TF 0)      10888 bits [Y 32.8635 dB    U 38.4325 dB    V 39.3515 dB] [ET   355 ] [L0 0 16 ] [L1 16 0 ]
POC     4 TId: 3 (      STSA, B-SLICE, QP 43)             4416 bits [Y 32.9279 dB    U 38.6975 dB    V 39.5420 dB] [ET   297 ] [L0 0 8 ] [L1 8 16 ]
POC     2 TId: 4 (      STSA, B-SLICE, QP 45)             1832 bits [Y 33.1297 dB    U 38.8544 dB    V 39.7237 dB] [ET   208 ] [L0 0 4 ] [L1 4 8 ]
POC     1 TId: 5 (      STSA, B-SLICE, QP 46)              616 bits [Y 33.5814 dB    U 38.9198 dB    V 39.8937 dB] [ET   159 ] [L0 0 2 ] [L1 2 4 ]
POC     3 TId: 5 (      STSA, B-SLICE, QP 46)              656 bits [Y 32.7968 dB    U 38.8540 dB    V 39.6750 dB] [ET   215 ] [L0 2 0 ] [L1 4 8 ]
POC     6 TId: 4 (      STSA, B-SLICE, QP 45)             2008 bits [Y 32.3852 dB    U 38.6176 dB    V 39.4819 dB] [ET   276 ] [L0 4 0 ] [L1 8 16 ]
POC     5 TId: 5 (      STSA, B-SLICE, QP 46)              808 bits [Y 32.4607 dB    U 38.6266 dB    V 39.5080 dB] [ET   207 ] [L0 4 0 ] [L1 6 8 ]
POC     7 TId: 5 (      STSA, B-SLICE, QP 46)              696 bits [Y 32.4584 dB    U 38.5634 dB    V 39.4655 dB] [ET   226 ] [L0 6 4 ] [L1 8 16 ]
POC    12 TId: 3 (      STSA, B-SLICE, QP 43)             5136 bits [Y 32.0171 dB    U 38.3280 dB    V 39.0610 dB] [ET   340 ] [L0 8 0 ] [L1 16 8 ]
POC    10 TId: 4 (      STSA, B-SLICE, QP 45)             1800 bits [Y 32.0134 dB    U 38.3835 dB    V 39.2219 dB] [ET   280 ] [L0 8 0 ] [L1 12 16 ]
POC     9 TId: 5 (      STSA, B-SLICE, QP 46)              896 bits [Y 32.2927 dB    U 38.4792 dB    V 39.3456 dB] [ET   224 ] [L0 8 0 ] [L1 10 12 ]
POC    11 TId: 5 (      STSA, B-SLICE, QP 46)              832 bits [Y 31.8152 dB    U 38.3156 dB    V 39.1221 dB] [ET   245 ] [L0 10 8 ] [L1 12 16 ]
POC    14 TId: 4 (      STSA, B-SLICE, QP 45)             2152 bits [Y 31.6863 dB    U 38.2301 dB    V 38.8555 dB] [ET   231 ] [L0 12 8 ] [L1 16 12 ]
POC    13 TId: 5 (      STSA, B-SLICE, QP 46)             1024 bits [Y 31.6562 dB    U 38.2897 dB    V 38.9554 dB] [ET   239 ] [L0 12 8 ] [L1 14 16 ]
POC    15 TId: 5 (      STSA, B-SLICE, QP 46)             1016 bits [Y 31.7841 dB    U 38.2419 dB    V 38.8476 dB] [ET   184 ] [L0 14 12 ] [L1 16 14 ]

	Total Frames |   Bitrate     Y-PSNR    U-PSNR    V-PSNR    YUV-PSNR   
	       17    a     703.8212   32.5238   38.5331   39.3453   33.7568

 finished @ Thu Apr  6 20:25:18 2023
 Total Time:     4130.325 sec. [user]     4130.438 sec. [elapsed]

Level: 0
Inject Calls: 4968552324
Errors injected by bit:
	Bit 0: 49631
	Bit 1: 49740
	Bit 2: 49529
	Bit 3: 49773
	Bit 4: 49911
	Bit 5: 49465
	Bit 6: 49561
	Bit 7: 49674

Total errors injected: 397284
