vvencFFapp: Fraunhofer VVC Encoder ver. 1.5.0 [Linux][GCC 11.3.0][64 bit][SIMD=AVX2]
 started @ Sat Apr  8 14:42:16 2023
CODING TOOL CFG: CTU128 QT44BTT21 IBD:1 SAO:1 ALF:1 (NonLinLuma:0 NonLinChr:0) CCALF:1 Tiles:1x1 Slices:1 WPP:0 WPP-Substreams:1 TMVP:1 DQ:1 SDH:0 CST:1 BDOF:1 DMVR:1 MTSImplicit:1 SBT:0 JCbCr:1 CabacInitPresent:1 AMVR:5 SMVD:3 LMCS:2 (Signal:SDR Opt:0) CIIP:0 MIP:1 AFFINE:2 (PROF:1, Type:1) MMVD:3 DisFracMMVD:1 SbTMVP:1 GPM:3 LFNST:1 MTS:0 ISP:3 TS:2 TSLog2MaxSize:4 useChromaTS:0 BDPCM:2 IBC:2 BCW:0 
ENC. ALG. CFG: QPA:0 HAD:1 RDQ:1 RDQTS:1 ASR:1 MinSearchWindow:96 RestrictMESampling:0 EDO:2 MCTF:2 
PRE-ANALYSIS CFG: STA:1 LeadFrames:0 TrailFrames:0 
FAST TOOL CFG: ECU:0 FEN:1 FDM:1 FastSearch:4 (SCC:2) LCTUFast:1 FastMrg:2 PBIntraFast:1 AMaxBT:1 FastQtBtEnc:1 ContentBasedFastQtbt:0 FastMIP:3 FastIntraTools:0 IntraEstDecBit:2 FastLocalDualTree:1 IntegerET:0 FastSubPel:1 QtbttExtraFast:3 FastTTSplit:0 IBCFastMethod:3 FIM:0 ALFSpeed:0 QuantThr: 4 
RATE CONTROL CFG: RateControl:0 LookAhead:0 
PARALLEL PROCESSING CFG: NumThreads:0 MaxParallelFrames:0 WppBitEqual:0 WF:0 

POC     0 TId: 0 (  IDR_N_LP, I-SLICE, QP 24, TF 3)     303696 bits [Y 41.6478 dB    U 43.8365 dB    V 45.0113 dB] [ET   267 ] [L0 ] [L1 ]
POC    16 TId: 1 (      STSA, B-SLICE, QP 28, TF 2)      65512 bits [Y 39.5720 dB    U 42.4797 dB    V 43.0818 dB] [ET   448 ] [L0 0 ] [L1 0 ]
POC     8 TId: 2 (      STSA, B-SLICE, QP 29, TF 1)      38456 bits [Y 39.4964 dB    U 42.5176 dB    V 43.4714 dB] [ET   739 ] [L0 0 16 ] [L1 16 0 ]
POC     4 TId: 3 (      STSA, B-SLICE, QP 32, TF 0)      22984 bits [Y 39.0982 dB    U 42.2168 dB    V 43.1278 dB] [ET   727 ] [L0 0 8 ] [L1 8 16 ]
POC     2 TId: 4 (      STSA, B-SLICE, QP 34)            10848 bits [Y 39.1539 dB    U 42.6315 dB    V 43.4864 dB] [ET   585 ] [L0 0 4 ] [L1 4 8 ]
POC     1 TId: 5 (      STSA, B-SLICE, QP 36)              240 bits [Y 41.6478 dB    U 43.8365 dB    V 45.0113 dB] [ET   224 ] [L0 0 2 ] [L1 2 4 ]
POC     3 TId: 5 (      STSA, B-SLICE, QP 36)             6936 bits [Y 38.5630 dB    U 42.1975 dB    V 42.8680 dB] [ET   528 ] [L0 2 0 ] [L1 4 8 ]
POC     6 TId: 4 (      STSA, B-SLICE, QP 34)            14288 bits [Y 38.6952 dB    U 42.1471 dB    V 42.8158 dB] [ET   713 ] [L0 4 0 ] [L1 8 16 ]
POC     5 TId: 5 (      STSA, B-SLICE, QP 36)             6896 bits [Y 38.0964 dB    U 41.9548 dB    V 42.6358 dB] [ET   516 ] [L0 4 0 ] [L1 6 8 ]
POC     7 TId: 5 (      STSA, B-SLICE, QP 36)             6800 bits [Y 37.9978 dB    U 42.1827 dB    V 42.7322 dB] [ET   479 ] [L0 6 4 ] [L1 8 16 ]
POC    12 TId: 3 (      STSA, B-SLICE, QP 32, TF 0)      25736 bits [Y 38.5156 dB    U 41.8614 dB    V 42.5517 dB] [ET   749 ] [L0 8 0 ] [L1 16 8 ]
POC    10 TId: 4 (      STSA, B-SLICE, QP 34)            16320 bits [Y 38.3751 dB    U 41.8750 dB    V 42.3797 dB] [ET   852 ] [L0 8 0 ] [L1 12 16 ]
POC     9 TId: 5 (      STSA, B-SLICE, QP 36)             7072 bits [Y 38.3909 dB    U 42.1749 dB    V 42.6742 dB] [ET   490 ] [L0 8 0 ] [L1 10 12 ]
POC    11 TId: 5 (      STSA, B-SLICE, QP 36)             8016 bits [Y 38.0654 dB    U 41.8080 dB    V 42.0992 dB] [ET   547 ] [L0 10 8 ] [L1 12 16 ]
POC    14 TId: 4 (      STSA, B-SLICE, QP 34)            16368 bits [Y 38.2612 dB    U 41.5735 dB    V 41.9933 dB] [ET   627 ] [L0 12 8 ] [L1 16 12 ]
POC    13 TId: 5 (      STSA, B-SLICE, QP 36)             7720 bits [Y 37.8475 dB    U 41.7210 dB    V 41.9777 dB] [ET   471 ] [L0 12 8 ] [L1 14 16 ]
POC    15 TId: 5 (      STSA, B-SLICE, QP 36)             6864 bits [Y 37.9336 dB    U 41.8914 dB    V 42.0908 dB] [ET   382 ] [L0 14 12 ] [L1 16 14 ]

	Total Frames |   Bitrate     Y-PSNR    U-PSNR    V-PSNR    YUV-PSNR   
	       17    a    1661.0353   38.9034   42.2886   42.9417   39.7090

 finished @ Sat Apr  8 17:18:17 2023
 Total Time:     9359.900 sec. [user]     9360.574 sec. [elapsed]

Level: 0
Inject Calls: 11287638674
Errors injected by bit:
	Bit 0: 112438
	Bit 1: 112534
	Bit 2: 112823
	Bit 3: 112836
	Bit 4: 112597
	Bit 5: 112804
	Bit 6: 112666
	Bit 7: 112849

Total errors injected: 901547
