vvencFFapp: Fraunhofer VVC Encoder ver. 1.5.0 [Linux][GCC 11.3.0][64 bit][SIMD=AVX2]
 started @ Fri Apr 21 01:33:34 2023
CODING TOOL CFG: CTU128 QT44BTT21 IBD:1 SAO:1 ALF:1 (NonLinLuma:0 NonLinChr:0) CCALF:1 Tiles:1x1 Slices:1 WPP:0 WPP-Substreams:1 TMVP:1 DQ:1 SDH:0 CST:1 BDOF:1 DMVR:1 MTSImplicit:1 SBT:0 JCbCr:1 CabacInitPresent:1 AMVR:5 SMVD:3 LMCS:2 (Signal:SDR Opt:0) CIIP:0 MIP:1 AFFINE:2 (PROF:1, Type:1) MMVD:3 DisFracMMVD:1 SbTMVP:1 GPM:3 LFNST:1 MTS:0 ISP:3 TS:2 TSLog2MaxSize:4 useChromaTS:0 BDPCM:2 IBC:2 BCW:0 
ENC. ALG. CFG: QPA:0 HAD:1 RDQ:1 RDQTS:1 ASR:1 MinSearchWindow:96 RestrictMESampling:0 EDO:2 MCTF:2 
PRE-ANALYSIS CFG: STA:1 LeadFrames:0 TrailFrames:0 
FAST TOOL CFG: ECU:0 FEN:1 FDM:1 FastSearch:4 (SCC:2) LCTUFast:1 FastMrg:2 PBIntraFast:1 AMaxBT:1 FastQtBtEnc:1 ContentBasedFastQtbt:0 FastMIP:3 FastIntraTools:0 IntraEstDecBit:2 FastLocalDualTree:1 IntegerET:0 FastSubPel:1 QtbttExtraFast:3 FastTTSplit:0 IBCFastMethod:3 FIM:0 ALFSpeed:0 QuantThr: 4 
RATE CONTROL CFG: RateControl:0 LookAhead:0 
PARALLEL PROCESSING CFG: NumThreads:0 MaxParallelFrames:0 WppBitEqual:0 WF:0 

POC     0 TId: 0 (  IDR_N_LP, I-SLICE, QP 29, TF 2)     546496 bits [Y 36.1634 dB    U 38.4868 dB    V 39.1184 dB] [ET   290 ] [L0 ] [L1 ]
POC    16 TId: 1 (      STSA, B-SLICE, QP 34, TF 1)     129528 bits [Y 32.1441 dB    U 36.7167 dB    V 37.0394 dB] [ET   490 ] [L0 0 ] [L1 0 ]
POC     8 TId: 2 (      STSA, B-SLICE, QP 35, TF 0)      77736 bits [Y 31.9952 dB    U 36.7425 dB    V 37.2880 dB] [ET   728 ] [L0 0 16 ] [L1 16 0 ]
POC     4 TId: 3 (      STSA, B-SLICE, QP 38)            36112 bits [Y 31.5269 dB    U 37.1052 dB    V 37.5318 dB] [ET   680 ] [L0 0 8 ] [L1 8 16 ]
POC     2 TId: 4 (      STSA, B-SLICE, QP 40)              232 bits [Y 36.1634 dB    U 38.4868 dB    V 39.1184 dB] [ET   297 ] [L0 0 4 ] [L1 4 8 ]
POC     1 TId: 5 (      STSA, B-SLICE, QP 41)              224 bits [Y 36.1634 dB    U 38.4868 dB    V 39.1184 dB] [ET   202 ] [L0 0 2 ] [L1 2 4 ]
POC     3 TId: 5 (      STSA, B-SLICE, QP 41)             7912 bits [Y 31.5267 dB    U 37.4276 dB    V 38.1475 dB] [ET   466 ] [L0 2 0 ] [L1 4 8 ]
POC     6 TId: 4 (      STSA, B-SLICE, QP 40)            20592 bits [Y 30.4241 dB    U 36.8713 dB    V 37.1398 dB] [ET   655 ] [L0 4 0 ] [L1 8 16 ]
POC     5 TId: 5 (      STSA, B-SLICE, QP 41)             7424 bits [Y 30.2324 dB    U 36.8949 dB    V 37.2953 dB] [ET   472 ] [L0 4 0 ] [L1 6 8 ]
POC     7 TId: 5 (      STSA, B-SLICE, QP 41)             7512 bits [Y 30.3790 dB    U 36.7786 dB    V 37.1337 dB] [ET   452 ] [L0 6 4 ] [L1 8 16 ]
POC    12 TId: 3 (      STSA, B-SLICE, QP 38)            41464 bits [Y 30.8353 dB    U 36.6501 dB    V 36.8231 dB] [ET   727 ] [L0 8 0 ] [L1 16 8 ]
POC    10 TId: 4 (      STSA, B-SLICE, QP 40)            19360 bits [Y 30.2720 dB    U 36.6623 dB    V 36.7524 dB] [ET   680 ] [L0 8 0 ] [L1 12 16 ]
POC     9 TId: 5 (      STSA, B-SLICE, QP 41)             7664 bits [Y 30.3358 dB    U 36.6404 dB    V 36.9984 dB] [ET   452 ] [L0 8 0 ] [L1 10 12 ]
POC    11 TId: 5 (      STSA, B-SLICE, QP 41)             8128 bits [Y 30.0458 dB    U 36.6112 dB    V 36.7748 dB] [ET   459 ] [L0 10 8 ] [L1 12 16 ]
POC    14 TId: 4 (      STSA, B-SLICE, QP 40)            19576 bits [Y 30.1749 dB    U 36.5981 dB    V 36.8266 dB] [ET   521 ] [L0 12 8 ] [L1 16 12 ]
POC    13 TId: 5 (      STSA, B-SLICE, QP 41)             7704 bits [Y 29.9445 dB    U 36.6158 dB    V 36.8425 dB] [ET   461 ] [L0 12 8 ] [L1 14 16 ]
POC    15 TId: 5 (      STSA, B-SLICE, QP 41)             8040 bits [Y 30.2624 dB    U 36.5589 dB    V 36.8502 dB] [ET   365 ] [L0 14 12 ] [L1 16 14 ]

	Total Frames |   Bitrate     Y-PSNR    U-PSNR    V-PSNR    YUV-PSNR   
	       17    a    2781.4824   31.6817   37.0785   37.4587   32.4942

 finished @ Fri Apr 21 03:53:44 2023
 Total Time:     8409.007 sec. [user]     8409.258 sec. [elapsed]

Level: 0
Inject Calls: 10435562763
Errors injected by bit:
	Bit 0: 104351
	Bit 1: 104151
	Bit 2: 104105
	Bit 3: 105014
	Bit 4: 104544
	Bit 5: 104117
	Bit 6: 104018
	Bit 7: 104530

Total errors injected: 834830
