vvencFFapp: Fraunhofer VVC Encoder ver. 1.5.0 [Linux][GCC 11.3.0][64 bit][SIMD=AVX2]
 started @ Mon Apr 17 15:36:52 2023
CODING TOOL CFG: CTU128 QT44BTT21 IBD:1 SAO:1 ALF:1 (NonLinLuma:0 NonLinChr:0) CCALF:1 Tiles:1x1 Slices:1 WPP:0 WPP-Substreams:1 TMVP:1 DQ:1 SDH:0 CST:1 BDOF:1 DMVR:1 MTSImplicit:1 SBT:0 JCbCr:1 CabacInitPresent:1 AMVR:5 SMVD:3 LMCS:2 (Signal:SDR Opt:0) CIIP:0 MIP:1 AFFINE:2 (PROF:1, Type:1) MMVD:3 DisFracMMVD:1 SbTMVP:1 GPM:3 LFNST:1 MTS:0 ISP:3 TS:2 TSLog2MaxSize:4 useChromaTS:0 BDPCM:2 IBC:2 BCW:0 
ENC. ALG. CFG: QPA:0 HAD:1 RDQ:1 RDQTS:1 ASR:1 MinSearchWindow:96 RestrictMESampling:0 EDO:2 MCTF:2 
PRE-ANALYSIS CFG: STA:1 LeadFrames:0 TrailFrames:0 
FAST TOOL CFG: ECU:0 FEN:1 FDM:1 FastSearch:4 (SCC:2) LCTUFast:1 FastMrg:2 PBIntraFast:1 AMaxBT:1 FastQtBtEnc:1 ContentBasedFastQtbt:0 FastMIP:3 FastIntraTools:0 IntraEstDecBit:2 FastLocalDualTree:1 IntegerET:0 FastSubPel:1 QtbttExtraFast:3 FastTTSplit:0 IBCFastMethod:3 FIM:0 ALFSpeed:0 QuantThr: 4 
RATE CONTROL CFG: RateControl:0 LookAhead:0 
PARALLEL PROCESSING CFG: NumThreads:0 MaxParallelFrames:0 WppBitEqual:0 WF:0 

POC     0 TId: 0 (  IDR_N_LP, I-SLICE, QP 29, TF 2)     245544 bits [Y 36.0242 dB    U 38.6082 dB    V 40.2672 dB] [ET   172 ] [L0 ] [L1 ]
POC    16 TId: 1 (      STSA, B-SLICE, QP 34, TF 1)     116024 bits [Y 34.6933 dB    U 37.4729 dB    V 38.6661 dB] [ET   490 ] [L0 0 ] [L1 0 ]
POC     8 TId: 2 (      STSA, B-SLICE, QP 35, TF 0)      82192 bits [Y 33.8177 dB    U 37.1383 dB    V 38.2693 dB] [ET   805 ] [L0 0 16 ] [L1 16 0 ]
POC     4 TId: 3 (      STSA, B-SLICE, QP 38)            35808 bits [Y 33.0242 dB    U 37.1523 dB    V 38.4016 dB] [ET   779 ] [L0 0 8 ] [L1 8 16 ]
POC     2 TId: 4 (      STSA, B-SLICE, QP 40)            19616 bits [Y 32.6730 dB    U 37.4870 dB    V 38.9252 dB] [ET   661 ] [L0 0 4 ] [L1 4 8 ]
POC     1 TId: 5 (      STSA, B-SLICE, QP 41)            10520 bits [Y 32.8658 dB    U 37.6187 dB    V 39.1242 dB] [ET   512 ] [L0 0 2 ] [L1 2 4 ]
POC     3 TId: 5 (      STSA, B-SLICE, QP 41)            10032 bits [Y 32.3072 dB    U 37.0972 dB    V 38.4941 dB] [ET   574 ] [L0 2 0 ] [L1 4 8 ]
POC     6 TId: 4 (      STSA, B-SLICE, QP 40)            18880 bits [Y 32.4209 dB    U 36.9815 dB    V 38.1771 dB] [ET   796 ] [L0 4 0 ] [L1 8 16 ]
POC     5 TId: 5 (      STSA, B-SLICE, QP 41)             9416 bits [Y 32.3019 dB    U 36.9629 dB    V 38.2683 dB] [ET   639 ] [L0 4 0 ] [L1 6 8 ]
POC     7 TId: 5 (      STSA, B-SLICE, QP 41)             9224 bits [Y 32.2527 dB    U 36.7661 dB    V 38.0364 dB] [ET   589 ] [L0 6 4 ] [L1 8 16 ]
POC    12 TId: 3 (      STSA, B-SLICE, QP 38)            37280 bits [Y 32.8343 dB    U 37.1222 dB    V 37.8809 dB] [ET   830 ] [L0 8 0 ] [L1 16 8 ]
POC    10 TId: 4 (      STSA, B-SLICE, QP 40)            20424 bits [Y 32.2218 dB    U 36.9029 dB    V 37.7807 dB] [ET   817 ] [L0 8 0 ] [L1 12 16 ]
POC     9 TId: 5 (      STSA, B-SLICE, QP 41)             9872 bits [Y 32.1567 dB    U 36.8316 dB    V 37.8871 dB] [ET   600 ] [L0 8 0 ] [L1 10 12 ]
POC    11 TId: 5 (      STSA, B-SLICE, QP 41)             9808 bits [Y 32.0693 dB    U 36.9049 dB    V 37.7344 dB] [ET   605 ] [L0 10 8 ] [L1 12 16 ]
POC    14 TId: 4 (      STSA, B-SLICE, QP 40)            18512 bits [Y 32.3250 dB    U 36.9392 dB    V 37.8704 dB] [ET   647 ] [L0 12 8 ] [L1 16 12 ]
POC    13 TId: 5 (      STSA, B-SLICE, QP 41)             8736 bits [Y 32.0848 dB    U 36.8546 dB    V 37.7006 dB] [ET   569 ] [L0 12 8 ] [L1 14 16 ]
POC    15 TId: 5 (      STSA, B-SLICE, QP 41)             8368 bits [Y 32.4431 dB    U 37.0323 dB    V 38.0117 dB] [ET   474 ] [L0 14 12 ] [L1 16 14 ]

	Total Frames |   Bitrate     Y-PSNR    U-PSNR    V-PSNR    YUV-PSNR   
	       17    a    1182.8047   32.8539   37.1690   38.3233   33.8622

 finished @ Mon Apr 17 18:33:08 2023
 Total Time:    10542.003 sec. [user]    10576.065 sec. [elapsed]

Level: 0
Inject Calls: 13020779452
Errors injected by bit:
	Bit 0: 12869
	Bit 1: 13025
	Bit 2: 12856
	Bit 3: 12696
	Bit 4: 13197
	Bit 5: 13133
	Bit 6: 13024
	Bit 7: 13000

Total errors injected: 103800
