vvencFFapp: Fraunhofer VVC Encoder ver. 1.5.0 [Linux][GCC 11.3.0][64 bit][SIMD=AVX2]
 started @ Thu Apr 13 11:50:48 2023
CODING TOOL CFG: CTU128 QT44BTT21 IBD:1 SAO:1 ALF:1 (NonLinLuma:0 NonLinChr:0) CCALF:1 Tiles:1x1 Slices:1 WPP:0 WPP-Substreams:1 TMVP:1 DQ:1 SDH:0 CST:1 BDOF:1 DMVR:1 MTSImplicit:1 SBT:0 JCbCr:1 CabacInitPresent:1 AMVR:5 SMVD:3 LMCS:2 (Signal:SDR Opt:0) CIIP:0 MIP:1 AFFINE:2 (PROF:1, Type:1) MMVD:3 DisFracMMVD:1 SbTMVP:1 GPM:3 LFNST:1 MTS:0 ISP:3 TS:2 TSLog2MaxSize:4 useChromaTS:0 BDPCM:2 IBC:2 BCW:0 
ENC. ALG. CFG: QPA:0 HAD:1 RDQ:1 RDQTS:1 ASR:1 MinSearchWindow:96 RestrictMESampling:0 EDO:2 MCTF:2 
PRE-ANALYSIS CFG: STA:1 LeadFrames:0 TrailFrames:0 
FAST TOOL CFG: ECU:0 FEN:1 FDM:1 FastSearch:4 (SCC:2) LCTUFast:1 FastMrg:2 PBIntraFast:1 AMaxBT:1 FastQtBtEnc:1 ContentBasedFastQtbt:0 FastMIP:3 FastIntraTools:0 IntraEstDecBit:2 FastLocalDualTree:1 IntegerET:0 FastSubPel:1 QtbttExtraFast:3 FastTTSplit:0 IBCFastMethod:3 FIM:0 ALFSpeed:0 QuantThr: 4 
RATE CONTROL CFG: RateControl:0 LookAhead:0 
PARALLEL PROCESSING CFG: NumThreads:0 MaxParallelFrames:0 WppBitEqual:0 WF:0 

POC     0 TId: 0 (  IDR_N_LP, I-SLICE, QP 19, TF 3)     629392 bits [Y 41.1842 dB    U 43.2214 dB    V 44.1771 dB] [ET   274 ] [L0 ] [L1 ]
POC    16 TId: 1 (      STSA, B-SLICE, QP 22, TF 2)     441256 bits [Y 42.2957 dB    U 43.3402 dB    V 44.2510 dB] [ET   656 ] [L0 0 ] [L1 0 ]
POC     8 TId: 2 (      STSA, B-SLICE, QP 23, TF 1)     351568 bits [Y 40.6690 dB    U 42.0377 dB    V 43.2388 dB] [ET  1074 ] [L0 0 16 ] [L1 16 0 ]
POC     4 TId: 3 (      STSA, B-SLICE, QP 26, TF 0)     176240 bits [Y 38.9278 dB    U 41.3974 dB    V 42.5766 dB] [ET  1102 ] [L0 0 8 ] [L1 8 16 ]
POC     2 TId: 4 (      STSA, B-SLICE, QP 28)           108256 bits [Y 38.3526 dB    U 41.4347 dB    V 42.6016 dB] [ET  1044 ] [L0 0 4 ] [L1 4 8 ]
POC     1 TId: 5 (      STSA, B-SLICE, QP 29)            67416 bits [Y 37.8926 dB    U 41.5011 dB    V 42.7508 dB] [ET   814 ] [L0 0 2 ] [L1 2 4 ]
POC     3 TId: 5 (      STSA, B-SLICE, QP 29)            64304 bits [Y 37.7223 dB    U 41.0365 dB    V 42.2647 dB] [ET   959 ] [L0 2 0 ] [L1 4 8 ]
POC     6 TId: 4 (      STSA, B-SLICE, QP 28)           102160 bits [Y 38.3206 dB    U 41.1754 dB    V 42.3513 dB] [ET  1161 ] [L0 4 0 ] [L1 8 16 ]
POC     5 TId: 5 (      STSA, B-SLICE, QP 29)            60192 bits [Y 37.7064 dB    U 40.9241 dB    V 42.1653 dB] [ET   942 ] [L0 4 0 ] [L1 6 8 ]
POC     7 TId: 5 (      STSA, B-SLICE, QP 29)            62992 bits [Y 37.7918 dB    U 40.9564 dB    V 42.1915 dB] [ET   945 ] [L0 6 4 ] [L1 8 16 ]
POC    12 TId: 3 (      STSA, B-SLICE, QP 26, TF 0)     185504 bits [Y 38.9607 dB    U 41.6022 dB    V 42.4521 dB] [ET  1196 ] [L0 8 0 ] [L1 16 8 ]
POC    10 TId: 4 (      STSA, B-SLICE, QP 28)           112960 bits [Y 38.2941 dB    U 41.1517 dB    V 42.0979 dB] [ET  1255 ] [L0 8 0 ] [L1 12 16 ]
POC     9 TId: 5 (      STSA, B-SLICE, QP 29)            64512 bits [Y 37.8379 dB    U 40.9089 dB    V 42.1945 dB] [ET   956 ] [L0 8 0 ] [L1 10 12 ]
POC    11 TId: 5 (      STSA, B-SLICE, QP 29)            68192 bits [Y 37.7217 dB    U 41.0032 dB    V 41.8741 dB] [ET  1029 ] [L0 10 8 ] [L1 12 16 ]
POC    14 TId: 4 (      STSA, B-SLICE, QP 28)           115544 bits [Y 38.4044 dB    U 41.1987 dB    V 42.3013 dB] [ET  1039 ] [L0 12 8 ] [L1 16 12 ]
POC    13 TId: 5 (      STSA, B-SLICE, QP 29)            65248 bits [Y 37.7539 dB    U 40.9557 dB    V 42.0272 dB] [ET   961 ] [L0 12 8 ] [L1 14 16 ]
POC    15 TId: 5 (      STSA, B-SLICE, QP 29)            68288 bits [Y 37.8960 dB    U 41.2361 dB    V 42.4451 dB] [ET   850 ] [L0 14 12 ] [L1 16 14 ]

	Total Frames |   Bitrate     Y-PSNR    U-PSNR    V-PSNR    YUV-PSNR   
	       17    a    4842.3953   38.6901   41.4754   42.5859   39.3882

 finished @ Thu Apr 13 16:22:00 2023
 Total Time:    16264.049 sec. [user]    16271.997 sec. [elapsed]

Level: 0
Inject Calls: 20032995634
Errors injected by bit:
	Bit 0: 200100
	Bit 1: 200491
	Bit 2: 199627
	Bit 3: 200465
	Bit 4: 201221
	Bit 5: 200816
	Bit 6: 200547
	Bit 7: 200519

Total errors injected: 1603786
