vvencFFapp: Fraunhofer VVC Encoder ver. 1.5.0 [Linux][GCC 11.3.0][64 bit][SIMD=AVX2]
 started @ Thu Apr 20 01:23:08 2023
CODING TOOL CFG: CTU128 QT44BTT21 IBD:1 SAO:1 ALF:1 (NonLinLuma:0 NonLinChr:0) CCALF:1 Tiles:1x1 Slices:1 WPP:0 WPP-Substreams:1 TMVP:1 DQ:1 SDH:0 CST:1 BDOF:1 DMVR:1 MTSImplicit:1 SBT:0 JCbCr:1 CabacInitPresent:1 AMVR:5 SMVD:3 LMCS:2 (Signal:SDR Opt:0) CIIP:0 MIP:1 AFFINE:2 (PROF:1, Type:1) MMVD:3 DisFracMMVD:1 SbTMVP:1 GPM:3 LFNST:1 MTS:0 ISP:3 TS:2 TSLog2MaxSize:4 useChromaTS:0 BDPCM:2 IBC:2 BCW:0 
ENC. ALG. CFG: QPA:0 HAD:1 RDQ:1 RDQTS:1 ASR:1 MinSearchWindow:96 RestrictMESampling:0 EDO:2 MCTF:2 
PRE-ANALYSIS CFG: STA:1 LeadFrames:0 TrailFrames:0 
FAST TOOL CFG: ECU:0 FEN:1 FDM:1 FastSearch:4 (SCC:2) LCTUFast:1 FastMrg:2 PBIntraFast:1 AMaxBT:1 FastQtBtEnc:1 ContentBasedFastQtbt:0 FastMIP:3 FastIntraTools:0 IntraEstDecBit:2 FastLocalDualTree:1 IntegerET:0 FastSubPel:1 QtbttExtraFast:3 FastTTSplit:0 IBCFastMethod:3 FIM:0 ALFSpeed:0 QuantThr: 4 
RATE CONTROL CFG: RateControl:0 LookAhead:0 
PARALLEL PROCESSING CFG: NumThreads:0 MaxParallelFrames:0 WppBitEqual:0 WF:0 

POC     0 TId: 0 (  IDR_N_LP, I-SLICE, QP 24, TF 3)     868072 bits [Y 40.4710 dB    U 41.2896 dB    V 42.0298 dB] [ET   341 ] [L0 ] [L1 ]
POC    16 TId: 1 (      STSA, B-SLICE, QP 28, TF 2)     285672 bits [Y 36.0925 dB    U 39.1052 dB    V 39.7445 dB] [ET   576 ] [L0 0 ] [L1 0 ]
POC     8 TId: 2 (      STSA, B-SLICE, QP 29, TF 1)     173920 bits [Y 35.5648 dB    U 39.0560 dB    V 39.8964 dB] [ET   879 ] [L0 0 16 ] [L1 16 0 ]
POC     4 TId: 3 (      STSA, B-SLICE, QP 32, TF 0)      84504 bits [Y 34.7319 dB    U 38.9660 dB    V 39.7145 dB] [ET   816 ] [L0 0 8 ] [L1 8 16 ]
POC     2 TId: 4 (      STSA, B-SLICE, QP 34)              248 bits [Y 40.4710 dB    U 41.2896 dB    V 42.0298 dB] [ET   310 ] [L0 0 4 ] [L1 4 8 ]
POC     1 TId: 5 (      STSA, B-SLICE, QP 36)              232 bits [Y 40.4710 dB    U 41.2896 dB    V 42.0298 dB] [ET   226 ] [L0 0 2 ] [L1 2 4 ]
POC     3 TId: 5 (      STSA, B-SLICE, QP 36)            21912 bits [Y 34.2911 dB    U 39.2647 dB    V 40.1864 dB] [ET   616 ] [L0 2 0 ] [L1 4 8 ]
POC     6 TId: 4 (      STSA, B-SLICE, QP 34)            57056 bits [Y 33.9041 dB    U 38.7428 dB    V 39.2445 dB] [ET   823 ] [L0 4 0 ] [L1 8 16 ]
POC     5 TId: 5 (      STSA, B-SLICE, QP 36)            23168 bits [Y 33.2798 dB    U 38.7202 dB    V 39.3721 dB] [ET   588 ] [L0 4 0 ] [L1 6 8 ]
POC     7 TId: 5 (      STSA, B-SLICE, QP 36)            22184 bits [Y 33.4850 dB    U 38.7347 dB    V 39.2794 dB] [ET   571 ] [L0 6 4 ] [L1 8 16 ]
POC    12 TId: 3 (      STSA, B-SLICE, QP 32, TF 0)      95104 bits [Y 34.2149 dB    U 38.5981 dB    V 39.0232 dB] [ET   858 ] [L0 8 0 ] [L1 16 8 ]
POC    10 TId: 4 (      STSA, B-SLICE, QP 34)            53288 bits [Y 33.7136 dB    U 38.5473 dB    V 38.7067 dB] [ET   852 ] [L0 8 0 ] [L1 12 16 ]
POC     9 TId: 5 (      STSA, B-SLICE, QP 36)            21528 bits [Y 33.4287 dB    U 38.6831 dB    V 39.1601 dB] [ET   596 ] [L0 8 0 ] [L1 10 12 ]
POC    11 TId: 5 (      STSA, B-SLICE, QP 36)            22008 bits [Y 33.1326 dB    U 38.4817 dB    V 38.8258 dB] [ET   572 ] [L0 10 8 ] [L1 12 16 ]
POC    14 TId: 4 (      STSA, B-SLICE, QP 34)            55440 bits [Y 33.6637 dB    U 38.5612 dB    V 38.9485 dB] [ET   658 ] [L0 12 8 ] [L1 16 12 ]
POC    13 TId: 5 (      STSA, B-SLICE, QP 36)            21744 bits [Y 33.0306 dB    U 38.4972 dB    V 38.9091 dB] [ET   586 ] [L0 12 8 ] [L1 14 16 ]
POC    15 TId: 5 (      STSA, B-SLICE, QP 36)            21760 bits [Y 33.3927 dB    U 38.6714 dB    V 39.1594 dB] [ET   465 ] [L0 14 12 ] [L1 16 14 ]

	Total Frames |   Bitrate     Y-PSNR    U-PSNR    V-PSNR    YUV-PSNR   
	       17    a    5376.0000   35.1376   39.2058   39.7800   35.6524

 finished @ Thu Apr 20 04:15:35 2023
 Total Time:    10346.138 sec. [user]    10347.324 sec. [elapsed]

Level: 0
Inject Calls: 12682459243
Errors injected by bit:
	Bit 0: 126441
	Bit 1: 126432
	Bit 2: 127088
	Bit 3: 126456
	Bit 4: 127204
	Bit 5: 127126
	Bit 6: 126594
	Bit 7: 126956

Total errors injected: 1014297
