vvencFFapp: Fraunhofer VVC Encoder ver. 1.5.0 [Linux][GCC 11.3.0][64 bit][SIMD=AVX2]
 started @ Fri Apr  7 02:06:36 2023
CODING TOOL CFG: CTU128 QT44BTT21 IBD:1 SAO:1 ALF:1 (NonLinLuma:0 NonLinChr:0) CCALF:1 Tiles:1x1 Slices:1 WPP:0 WPP-Substreams:1 TMVP:1 DQ:1 SDH:0 CST:1 BDOF:1 DMVR:1 MTSImplicit:1 SBT:0 JCbCr:1 CabacInitPresent:1 AMVR:5 SMVD:3 LMCS:2 (Signal:SDR Opt:0) CIIP:0 MIP:1 AFFINE:2 (PROF:1, Type:1) MMVD:3 DisFracMMVD:1 SbTMVP:1 GPM:3 LFNST:1 MTS:0 ISP:3 TS:2 TSLog2MaxSize:4 useChromaTS:0 BDPCM:2 IBC:2 BCW:0 
ENC. ALG. CFG: QPA:0 HAD:1 RDQ:1 RDQTS:1 ASR:1 MinSearchWindow:96 RestrictMESampling:0 EDO:2 MCTF:2 
PRE-ANALYSIS CFG: STA:1 LeadFrames:0 TrailFrames:0 
FAST TOOL CFG: ECU:0 FEN:1 FDM:1 FastSearch:4 (SCC:2) LCTUFast:1 FastMrg:2 PBIntraFast:1 AMaxBT:1 FastQtBtEnc:1 ContentBasedFastQtbt:0 FastMIP:3 FastIntraTools:0 IntraEstDecBit:2 FastLocalDualTree:1 IntegerET:0 FastSubPel:1 QtbttExtraFast:3 FastTTSplit:0 IBCFastMethod:3 FIM:0 ALFSpeed:0 QuantThr: 4 
RATE CONTROL CFG: RateControl:0 LookAhead:0 
PARALLEL PROCESSING CFG: NumThreads:0 MaxParallelFrames:0 WppBitEqual:0 WF:0 

POC     0 TId: 0 (  IDR_N_LP, I-SLICE, QP 19, TF 3)     564808 bits [Y 45.1467 dB    U 46.3576 dB    V 47.8581 dB] [ET   358 ] [L0 ] [L1 ]
POC    16 TId: 1 (      STSA, B-SLICE, QP 22, TF 2)     141024 bits [Y 42.6751 dB    U 44.8787 dB    V 45.9114 dB] [ET   595 ] [L0 0 ] [L1 0 ]
POC     8 TId: 2 (      STSA, B-SLICE, QP 23, TF 1)      79928 bits [Y 42.3100 dB    U 44.7310 dB    V 46.1812 dB] [ET   970 ] [L0 0 16 ] [L1 16 0 ]
POC     4 TId: 3 (      STSA, B-SLICE, QP 26, TF 0)      47712 bits [Y 41.9348 dB    U 44.4375 dB    V 45.7047 dB] [ET   884 ] [L0 0 8 ] [L1 8 16 ]
POC     2 TId: 4 (      STSA, B-SLICE, QP 28)            25480 bits [Y 41.9117 dB    U 44.8296 dB    V 46.0867 dB] [ET   711 ] [L0 0 4 ] [L1 4 8 ]
POC     1 TId: 5 (      STSA, B-SLICE, QP 29)              256 bits [Y 45.1467 dB    U 46.3576 dB    V 47.8581 dB] [ET   328 ] [L0 0 2 ] [L1 2 4 ]
POC     3 TId: 5 (      STSA, B-SLICE, QP 29)            18872 bits [Y 41.5262 dB    U 44.3386 dB    V 45.5661 dB] [ET   684 ] [L0 2 0 ] [L1 4 8 ]
POC     6 TId: 4 (      STSA, B-SLICE, QP 28)            31736 bits [Y 41.5578 dB    U 44.1921 dB    V 45.3756 dB] [ET   887 ] [L0 4 0 ] [L1 8 16 ]
POC     5 TId: 5 (      STSA, B-SLICE, QP 29)            20616 bits [Y 41.2025 dB    U 44.0074 dB    V 45.2038 dB] [ET   819 ] [L0 4 0 ] [L1 6 8 ]
POC     7 TId: 5 (      STSA, B-SLICE, QP 29)            22072 bits [Y 41.1803 dB    U 44.2520 dB    V 45.2604 dB] [ET   694 ] [L0 6 4 ] [L1 8 16 ]
POC    12 TId: 3 (      STSA, B-SLICE, QP 26, TF 0)      54920 bits [Y 41.5100 dB    U 44.1493 dB    V 45.2642 dB] [ET   894 ] [L0 8 0 ] [L1 16 8 ]
POC    10 TId: 4 (      STSA, B-SLICE, QP 28)            35240 bits [Y 41.2209 dB    U 43.9811 dB    V 45.0491 dB] [ET  1016 ] [L0 8 0 ] [L1 12 16 ]
POC     9 TId: 5 (      STSA, B-SLICE, QP 29)            20248 bits [Y 41.4757 dB    U 44.2108 dB    V 45.3726 dB] [ET   750 ] [L0 8 0 ] [L1 10 12 ]
POC    11 TId: 5 (      STSA, B-SLICE, QP 29)            22376 bits [Y 41.2056 dB    U 44.0540 dB    V 44.8922 dB] [ET   739 ] [L0 10 8 ] [L1 12 16 ]
POC    14 TId: 4 (      STSA, B-SLICE, QP 28)            37848 bits [Y 41.2230 dB    U 43.9524 dB    V 44.8285 dB] [ET   755 ] [L0 12 8 ] [L1 16 12 ]
POC    13 TId: 5 (      STSA, B-SLICE, QP 29)            22520 bits [Y 41.0304 dB    U 43.9714 dB    V 44.8174 dB] [ET   688 ] [L0 12 8 ] [L1 14 16 ]
POC    15 TId: 5 (      STSA, B-SLICE, QP 29)            21344 bits [Y 41.1078 dB    U 44.1595 dB    V 44.7850 dB] [ET   531 ] [L0 14 12 ] [L1 16 14 ]

	Total Frames |   Bitrate     Y-PSNR    U-PSNR    V-PSNR    YUV-PSNR   
	       17    a    3432.3529   41.9627   44.5212   45.6480   42.6367

 finished @ Fri Apr  7 05:31:56 2023
 Total Time:    12280.484 sec. [user]    12320.606 sec. [elapsed]

Level: 0
Inject Calls: 14372813453
Errors injected by bit:
	Bit 0: 14374792
	Bit 1: 14370642
	Bit 2: 14366710
	Bit 3: 14371900
	Bit 4: 14371897
	Bit 5: 14369212
	Bit 6: 14376882
	Bit 7: 14380783

Total errors injected: 114982818
