vvencFFapp: Fraunhofer VVC Encoder ver. 1.5.0 [Linux][GCC 11.3.0][64 bit][SIMD=AVX2]
 started @ Wed Apr  5 12:50:52 2023
CODING TOOL CFG: CTU128 QT44BTT21 IBD:1 SAO:1 ALF:1 (NonLinLuma:0 NonLinChr:0) CCALF:1 Tiles:1x1 Slices:1 WPP:0 WPP-Substreams:1 TMVP:1 DQ:1 SDH:0 CST:1 BDOF:1 DMVR:1 MTSImplicit:1 SBT:0 JCbCr:1 CabacInitPresent:1 AMVR:5 SMVD:3 LMCS:2 (Signal:SDR Opt:0) CIIP:0 MIP:1 AFFINE:2 (PROF:1, Type:1) MMVD:3 DisFracMMVD:1 SbTMVP:1 GPM:3 LFNST:1 MTS:0 ISP:3 TS:2 TSLog2MaxSize:4 useChromaTS:0 BDPCM:2 IBC:2 BCW:0 
ENC. ALG. CFG: QPA:0 HAD:1 RDQ:1 RDQTS:1 ASR:1 MinSearchWindow:96 RestrictMESampling:0 EDO:2 MCTF:2 
PRE-ANALYSIS CFG: STA:1 LeadFrames:0 TrailFrames:0 
FAST TOOL CFG: ECU:0 FEN:1 FDM:1 FastSearch:4 (SCC:2) LCTUFast:1 FastMrg:2 PBIntraFast:1 AMaxBT:1 FastQtBtEnc:1 ContentBasedFastQtbt:0 FastMIP:3 FastIntraTools:0 IntraEstDecBit:2 FastLocalDualTree:1 IntegerET:0 FastSubPel:1 QtbttExtraFast:3 FastTTSplit:0 IBCFastMethod:3 FIM:0 ALFSpeed:0 QuantThr: 4 
RATE CONTROL CFG: RateControl:0 LookAhead:0 
PARALLEL PROCESSING CFG: NumThreads:0 MaxParallelFrames:0 WppBitEqual:0 WF:0 

POC     0 TId: 0 (  IDR_N_LP, I-SLICE, QP 24, TF 3)     377624 bits [Y 40.2668 dB    U 43.0828 dB    V 44.6158 dB] [ET   260 ] [L0 ] [L1 ]
POC    16 TId: 1 (      STSA, B-SLICE, QP 28, TF 2)     101640 bits [Y 38.6782 dB    U 42.0409 dB    V 43.2723 dB] [ET   443 ] [L0 0 ] [L1 0 ]
POC     8 TId: 2 (      STSA, B-SLICE, QP 29, TF 1)      44832 bits [Y 38.5933 dB    U 42.2159 dB    V 43.6409 dB] [ET   541 ] [L0 0 16 ] [L1 16 0 ]
POC     4 TId: 3 (      STSA, B-SLICE, QP 32, TF 0)      18664 bits [Y 38.3006 dB    U 42.4564 dB    V 43.8218 dB] [ET   531 ] [L0 0 8 ] [L1 8 16 ]
POC     2 TId: 4 (      STSA, B-SLICE, QP 34)             7904 bits [Y 38.4130 dB    U 42.7865 dB    V 44.1695 dB] [ET   390 ] [L0 0 4 ] [L1 4 8 ]
POC     1 TId: 5 (      STSA, B-SLICE, QP 36)             2928 bits [Y 38.7408 dB    U 42.8896 dB    V 44.4265 dB] [ET   280 ] [L0 0 2 ] [L1 2 4 ]
POC     3 TId: 5 (      STSA, B-SLICE, QP 36)             3232 bits [Y 37.9449 dB    U 42.6764 dB    V 44.0203 dB] [ET   353 ] [L0 2 0 ] [L1 4 8 ]
POC     6 TId: 4 (      STSA, B-SLICE, QP 34)             9016 bits [Y 37.8645 dB    U 42.3337 dB    V 43.7143 dB] [ET   480 ] [L0 4 0 ] [L1 8 16 ]
POC     5 TId: 5 (      STSA, B-SLICE, QP 36)             3552 bits [Y 37.7009 dB    U 42.3627 dB    V 43.7550 dB] [ET   354 ] [L0 4 0 ] [L1 6 8 ]
POC     7 TId: 5 (      STSA, B-SLICE, QP 36)             2776 bits [Y 37.7611 dB    U 42.2899 dB    V 43.6470 dB] [ET   349 ] [L0 6 4 ] [L1 8 16 ]
POC    12 TId: 3 (      STSA, B-SLICE, QP 32, TF 0)      21640 bits [Y 37.7731 dB    U 41.9814 dB    V 43.2166 dB] [ET   509 ] [L0 8 0 ] [L1 16 8 ]
POC    10 TId: 4 (      STSA, B-SLICE, QP 34)             9384 bits [Y 37.5823 dB    U 42.0914 dB    V 43.3408 dB] [ET   473 ] [L0 8 0 ] [L1 12 16 ]
POC     9 TId: 5 (      STSA, B-SLICE, QP 36)             3488 bits [Y 37.6010 dB    U 42.1665 dB    V 43.5136 dB] [ET   350 ] [L0 8 0 ] [L1 10 12 ]
POC    11 TId: 5 (      STSA, B-SLICE, QP 36)             3600 bits [Y 37.2892 dB    U 41.9925 dB    V 43.2228 dB] [ET   346 ] [L0 10 8 ] [L1 12 16 ]
POC    14 TId: 4 (      STSA, B-SLICE, QP 34)            10584 bits [Y 37.4288 dB    U 41.9458 dB    V 43.1465 dB] [ET   398 ] [L0 12 8 ] [L1 16 12 ]
POC    13 TId: 5 (      STSA, B-SLICE, QP 36)             4240 bits [Y 37.2112 dB    U 41.9151 dB    V 43.1609 dB] [ET   349 ] [L0 12 8 ] [L1 14 16 ]
POC    15 TId: 5 (      STSA, B-SLICE, QP 36)             4216 bits [Y 37.3504 dB    U 42.0029 dB    V 43.1497 dB] [ET   290 ] [L0 14 12 ] [L1 16 14 ]

	Total Frames |   Bitrate     Y-PSNR    U-PSNR    V-PSNR    YUV-PSNR   
	       17    a    2221.1294   38.0294   42.3077   43.6373   39.0864

 finished @ Wed Apr  5 14:42:46 2023
 Total Time:     6708.096 sec. [user]     6714.008 sec. [elapsed]

Level: 0
Inject Calls: 7850109237
Errors injected by bit:
	Bit 0: 7845034
	Bit 1: 7851002
	Bit 2: 7852143
	Bit 3: 7850031
	Bit 4: 7851671
	Bit 5: 7848863
	Bit 6: 7850888
	Bit 7: 7849154

Total errors injected: 62798786
