vvencFFapp: Fraunhofer VVC Encoder ver. 1.5.0 [Linux][GCC 11.3.0][64 bit][SIMD=AVX2]
 started @ Fri Apr  7 05:36:39 2023
CODING TOOL CFG: CTU128 QT44BTT21 IBD:1 SAO:1 ALF:1 (NonLinLuma:0 NonLinChr:0) CCALF:1 Tiles:1x1 Slices:1 WPP:0 WPP-Substreams:1 TMVP:1 DQ:1 SDH:0 CST:1 BDOF:1 DMVR:1 MTSImplicit:1 SBT:0 JCbCr:1 CabacInitPresent:1 AMVR:5 SMVD:3 LMCS:2 (Signal:SDR Opt:0) CIIP:0 MIP:1 AFFINE:2 (PROF:1, Type:1) MMVD:3 DisFracMMVD:1 SbTMVP:1 GPM:3 LFNST:1 MTS:0 ISP:3 TS:2 TSLog2MaxSize:4 useChromaTS:0 BDPCM:2 IBC:2 BCW:0 
ENC. ALG. CFG: QPA:0 HAD:1 RDQ:1 RDQTS:1 ASR:1 MinSearchWindow:96 RestrictMESampling:0 EDO:2 MCTF:2 
PRE-ANALYSIS CFG: STA:1 LeadFrames:0 TrailFrames:0 
FAST TOOL CFG: ECU:0 FEN:1 FDM:1 FastSearch:4 (SCC:2) LCTUFast:1 FastMrg:2 PBIntraFast:1 AMaxBT:1 FastQtBtEnc:1 ContentBasedFastQtbt:0 FastMIP:3 FastIntraTools:0 IntraEstDecBit:2 FastLocalDualTree:1 IntegerET:0 FastSubPel:1 QtbttExtraFast:3 FastTTSplit:0 IBCFastMethod:3 FIM:0 ALFSpeed:0 QuantThr: 4 
RATE CONTROL CFG: RateControl:0 LookAhead:0 
PARALLEL PROCESSING CFG: NumThreads:0 MaxParallelFrames:0 WppBitEqual:0 WF:0 

POC     0 TId: 0 (  IDR_N_LP, I-SLICE, QP 19, TF 3)     564808 bits [Y 45.1467 dB    U 46.3576 dB    V 47.8581 dB] [ET   364 ] [L0 ] [L1 ]
POC    16 TId: 1 (      STSA, B-SLICE, QP 22, TF 2)     140112 bits [Y 42.6655 dB    U 44.8732 dB    V 45.9683 dB] [ET   577 ] [L0 0 ] [L1 0 ]
POC     8 TId: 2 (      STSA, B-SLICE, QP 23, TF 1)      79232 bits [Y 42.3071 dB    U 44.7429 dB    V 46.1635 dB] [ET   975 ] [L0 0 16 ] [L1 16 0 ]
POC     4 TId: 3 (      STSA, B-SLICE, QP 26, TF 0)      47344 bits [Y 41.9328 dB    U 44.4435 dB    V 45.7687 dB] [ET   858 ] [L0 0 8 ] [L1 8 16 ]
POC     2 TId: 4 (      STSA, B-SLICE, QP 28)            25256 bits [Y 41.9268 dB    U 44.8051 dB    V 46.0280 dB] [ET   736 ] [L0 0 4 ] [L1 4 8 ]
POC     1 TId: 5 (      STSA, B-SLICE, QP 29)              256 bits [Y 45.1467 dB    U 46.3576 dB    V 47.8581 dB] [ET   316 ] [L0 0 2 ] [L1 2 4 ]
POC     3 TId: 5 (      STSA, B-SLICE, QP 29)            18776 bits [Y 41.5563 dB    U 44.3178 dB    V 45.5453 dB] [ET   710 ] [L0 2 0 ] [L1 4 8 ]
POC     6 TId: 4 (      STSA, B-SLICE, QP 28)            31808 bits [Y 41.6240 dB    U 44.2405 dB    V 45.3934 dB] [ET   891 ] [L0 4 0 ] [L1 8 16 ]
POC     5 TId: 5 (      STSA, B-SLICE, QP 29)            21120 bits [Y 41.2397 dB    U 44.0725 dB    V 45.2158 dB] [ET   811 ] [L0 4 0 ] [L1 6 8 ]
POC     7 TId: 5 (      STSA, B-SLICE, QP 29)            21224 bits [Y 41.1867 dB    U 44.2765 dB    V 45.3431 dB] [ET   711 ] [L0 6 4 ] [L1 8 16 ]
POC    12 TId: 3 (      STSA, B-SLICE, QP 26, TF 0)      54936 bits [Y 41.5023 dB    U 44.1681 dB    V 45.2117 dB] [ET   883 ] [L0 8 0 ] [L1 16 8 ]
POC    10 TId: 4 (      STSA, B-SLICE, QP 28)            36216 bits [Y 41.2499 dB    U 44.0737 dB    V 45.1113 dB] [ET  1025 ] [L0 8 0 ] [L1 12 16 ]
POC     9 TId: 5 (      STSA, B-SLICE, QP 29)            20264 bits [Y 41.4868 dB    U 44.2934 dB    V 45.2657 dB] [ET   735 ] [L0 8 0 ] [L1 10 12 ]
POC    11 TId: 5 (      STSA, B-SLICE, QP 29)            22456 bits [Y 41.2194 dB    U 44.0608 dB    V 44.8744 dB] [ET   760 ] [L0 10 8 ] [L1 12 16 ]
POC    14 TId: 4 (      STSA, B-SLICE, QP 28)            37224 bits [Y 41.2394 dB    U 43.9204 dB    V 44.7766 dB] [ET   748 ] [L0 12 8 ] [L1 16 12 ]
POC    13 TId: 5 (      STSA, B-SLICE, QP 29)            22456 bits [Y 41.0646 dB    U 43.9495 dB    V 44.7983 dB] [ET   705 ] [L0 12 8 ] [L1 14 16 ]
POC    15 TId: 5 (      STSA, B-SLICE, QP 29)            21160 bits [Y 41.0804 dB    U 44.1713 dB    V 44.8072 dB] [ET   533 ] [L0 14 12 ] [L1 16 14 ]

	Total Frames |   Bitrate     Y-PSNR    U-PSNR    V-PSNR    YUV-PSNR   
	       17    a    3425.4353   41.9750   44.5367   45.6463   42.6495

 finished @ Fri Apr  7 09:02:33 2023
 Total Time:    12342.648 sec. [user]    12353.495 sec. [elapsed]

Level: 0
Inject Calls: 14633877256
Errors injected by bit:
	Bit 0: 1462505
	Bit 1: 1463953
	Bit 2: 1463572
	Bit 3: 1463671
	Bit 4: 1461694
	Bit 5: 1465214
	Bit 6: 1463710
	Bit 7: 1463482

Total errors injected: 11707801
