vvencFFapp: Fraunhofer VVC Encoder ver. 1.5.0 [Linux][GCC 11.3.0][64 bit][SIMD=AVX2]
 started @ Tue Apr  4 22:30:36 2023
CODING TOOL CFG: CTU128 QT44BTT21 IBD:1 SAO:1 ALF:1 (NonLinLuma:0 NonLinChr:0) CCALF:1 Tiles:1x1 Slices:1 WPP:0 WPP-Substreams:1 TMVP:1 DQ:1 SDH:0 CST:1 BDOF:1 DMVR:1 MTSImplicit:1 SBT:0 JCbCr:1 CabacInitPresent:1 AMVR:5 SMVD:3 LMCS:2 (Signal:SDR Opt:0) CIIP:0 MIP:1 AFFINE:2 (PROF:1, Type:1) MMVD:3 DisFracMMVD:1 SbTMVP:1 GPM:3 LFNST:1 MTS:0 ISP:3 TS:2 TSLog2MaxSize:4 useChromaTS:0 BDPCM:2 IBC:2 BCW:0 
ENC. ALG. CFG: QPA:0 HAD:1 RDQ:1 RDQTS:1 ASR:1 MinSearchWindow:96 RestrictMESampling:0 EDO:2 MCTF:2 
PRE-ANALYSIS CFG: STA:1 LeadFrames:0 TrailFrames:0 
FAST TOOL CFG: ECU:0 FEN:1 FDM:1 FastSearch:4 (SCC:2) LCTUFast:1 FastMrg:2 PBIntraFast:1 AMaxBT:1 FastQtBtEnc:1 ContentBasedFastQtbt:0 FastMIP:3 FastIntraTools:0 IntraEstDecBit:2 FastLocalDualTree:1 IntegerET:0 FastSubPel:1 QtbttExtraFast:3 FastTTSplit:0 IBCFastMethod:3 FIM:0 ALFSpeed:0 QuantThr: 4 
RATE CONTROL CFG: RateControl:0 LookAhead:0 
PARALLEL PROCESSING CFG: NumThreads:0 MaxParallelFrames:0 WppBitEqual:0 WF:0 

POC     0 TId: 0 (  IDR_N_LP, I-SLICE, QP 19, TF 3)     581848 bits [Y 42.2672 dB    U 45.0524 dB    V 46.9660 dB] [ET   345 ] [L0 ] [L1 ]
POC    16 TId: 1 (      STSA, B-SLICE, QP 22, TF 2)     215752 bits [Y 41.6069 dB    U 44.2028 dB    V 45.8260 dB] [ET   583 ] [L0 0 ] [L1 0 ]
POC     8 TId: 2 (      STSA, B-SLICE, QP 23, TF 1)      97648 bits [Y 40.9444 dB    U 44.1903 dB    V 45.9927 dB] [ET   685 ] [L0 0 16 ] [L1 16 0 ]
POC     4 TId: 3 (      STSA, B-SLICE, QP 26, TF 0)      43176 bits [Y 40.5369 dB    U 44.3042 dB    V 46.1377 dB] [ET   620 ] [L0 0 8 ] [L1 8 16 ]
POC     2 TId: 4 (      STSA, B-SLICE, QP 28)            20856 bits [Y 40.5512 dB    U 44.6233 dB    V 46.3680 dB] [ET   491 ] [L0 0 4 ] [L1 4 8 ]
POC     1 TId: 5 (      STSA, B-SLICE, QP 29)             9200 bits [Y 40.8548 dB    U 44.8274 dB    V 46.6658 dB] [ET   369 ] [L0 0 2 ] [L1 2 4 ]
POC     3 TId: 5 (      STSA, B-SLICE, QP 29)            10888 bits [Y 40.2330 dB    U 44.4981 dB    V 46.2331 dB] [ET   449 ] [L0 2 0 ] [L1 4 8 ]
POC     6 TId: 4 (      STSA, B-SLICE, QP 28)            21928 bits [Y 40.1583 dB    U 44.1482 dB    V 45.8850 dB] [ET   541 ] [L0 4 0 ] [L1 8 16 ]
POC     5 TId: 5 (      STSA, B-SLICE, QP 29)            10416 bits [Y 40.0254 dB    U 44.0879 dB    V 45.9680 dB] [ET   432 ] [L0 4 0 ] [L1 6 8 ]
POC     7 TId: 5 (      STSA, B-SLICE, QP 29)             9696 bits [Y 40.0947 dB    U 44.1865 dB    V 45.8221 dB] [ET   477 ] [L0 6 4 ] [L1 8 16 ]
POC    12 TId: 3 (      STSA, B-SLICE, QP 26, TF 0)      49224 bits [Y 40.2618 dB    U 43.9739 dB    V 45.5364 dB] [ET   631 ] [L0 8 0 ] [L1 16 8 ]
POC    10 TId: 4 (      STSA, B-SLICE, QP 28)            23328 bits [Y 40.0612 dB    U 43.9825 dB    V 45.6017 dB] [ET   678 ] [L0 8 0 ] [L1 12 16 ]
POC     9 TId: 5 (      STSA, B-SLICE, QP 29)            10560 bits [Y 40.0432 dB    U 44.0881 dB    V 45.8024 dB] [ET   448 ] [L0 8 0 ] [L1 10 12 ]
POC    11 TId: 5 (      STSA, B-SLICE, QP 29)            11144 bits [Y 39.8675 dB    U 43.9357 dB    V 45.5895 dB] [ET   470 ] [L0 10 8 ] [L1 12 16 ]
POC    14 TId: 4 (      STSA, B-SLICE, QP 28)            27040 bits [Y 39.9772 dB    U 43.8670 dB    V 45.4275 dB] [ET   501 ] [L0 12 8 ] [L1 16 12 ]
POC    13 TId: 5 (      STSA, B-SLICE, QP 29)            13008 bits [Y 39.7663 dB    U 43.8420 dB    V 45.4424 dB] [ET   537 ] [L0 12 8 ] [L1 14 16 ]
POC    15 TId: 5 (      STSA, B-SLICE, QP 29)            13968 bits [Y 39.9442 dB    U 43.9564 dB    V 45.5123 dB] [ET   374 ] [L0 14 12 ] [L1 16 14 ]

	Total Frames |   Bitrate     Y-PSNR    U-PSNR    V-PSNR    YUV-PSNR   
	       17    a    4128.2824   40.4232   44.2216   45.9280   41.4447

 finished @ Wed Apr  5 00:54:44 2023
 Total Time:     8577.989 sec. [user]     8647.835 sec. [elapsed]

Level: 0
Inject Calls: 9957663942
Errors injected by bit:
	Bit 0: 99553
	Bit 1: 99617
	Bit 2: 99727
	Bit 3: 99672
	Bit 4: 99456
	Bit 5: 99379
	Bit 6: 99741
	Bit 7: 99601

Total errors injected: 796746
