vvencFFapp: Fraunhofer VVC Encoder ver. 1.5.0 [Linux][GCC 11.3.0][64 bit][SIMD=AVX2]
 started @ Sat Apr 22 05:27:30 2023
CODING TOOL CFG: CTU128 QT44BTT21 IBD:1 SAO:1 ALF:1 (NonLinLuma:0 NonLinChr:0) CCALF:1 Tiles:1x1 Slices:1 WPP:0 WPP-Substreams:1 TMVP:1 DQ:1 SDH:0 CST:1 BDOF:1 DMVR:1 MTSImplicit:1 SBT:0 JCbCr:1 CabacInitPresent:1 AMVR:5 SMVD:3 LMCS:2 (Signal:SDR Opt:0) CIIP:0 MIP:1 AFFINE:2 (PROF:1, Type:1) MMVD:3 DisFracMMVD:1 SbTMVP:1 GPM:3 LFNST:1 MTS:0 ISP:3 TS:2 TSLog2MaxSize:4 useChromaTS:0 BDPCM:2 IBC:2 BCW:0 
ENC. ALG. CFG: QPA:0 HAD:1 RDQ:1 RDQTS:1 ASR:1 MinSearchWindow:96 RestrictMESampling:0 EDO:2 MCTF:2 
PRE-ANALYSIS CFG: STA:1 LeadFrames:0 TrailFrames:0 
FAST TOOL CFG: ECU:0 FEN:1 FDM:1 FastSearch:4 (SCC:2) LCTUFast:1 FastMrg:2 PBIntraFast:1 AMaxBT:1 FastQtBtEnc:1 ContentBasedFastQtbt:0 FastMIP:3 FastIntraTools:0 IntraEstDecBit:2 FastLocalDualTree:1 IntegerET:0 FastSubPel:1 QtbttExtraFast:3 FastTTSplit:0 IBCFastMethod:3 FIM:0 ALFSpeed:0 QuantThr: 4 
RATE CONTROL CFG: RateControl:0 LookAhead:0 
PARALLEL PROCESSING CFG: NumThreads:0 MaxParallelFrames:0 WppBitEqual:0 WF:0 

POC     0 TId: 0 (  IDR_N_LP, I-SLICE, QP 34, TF 2)     137312 bits [Y 33.0393 dB    U 36.5932 dB    V 37.9362 dB] [ET   213 ] [L0 ] [L1 ]
POC    16 TId: 1 (      STSA, B-SLICE, QP 40, TF 1)      50584 bits [Y 30.8260 dB    U 36.0989 dB    V 36.9498 dB] [ET   795 ] [L0 0 ] [L1 0 ]
POC     8 TId: 2 (      STSA, B-SLICE, QP 40, TF 0)      41192 bits [Y 30.7497 dB    U 35.7812 dB    V 36.9084 dB] [ET  1219 ] [L0 0 16 ] [L1 16 0 ]
POC     4 TId: 3 (      STSA, B-SLICE, QP 43)            17208 bits [Y 30.2055 dB    U 35.6745 dB    V 36.8240 dB] [ET  1083 ] [L0 0 8 ] [L1 8 16 ]
POC     2 TId: 4 (      STSA, B-SLICE, QP 45)             9256 bits [Y 30.0848 dB    U 35.7873 dB    V 36.8757 dB] [ET   777 ] [L0 0 4 ] [L1 4 8 ]
POC     1 TId: 5 (      STSA, B-SLICE, QP 46)             4768 bits [Y 30.3687 dB    U 35.8418 dB    V 37.2326 dB] [ET   475 ] [L0 0 2 ] [L1 2 4 ]
POC     3 TId: 5 (      STSA, B-SLICE, QP 46)             4312 bits [Y 29.7370 dB    U 35.6088 dB    V 36.6954 dB] [ET   564 ] [L0 2 0 ] [L1 4 8 ]
POC     6 TId: 4 (      STSA, B-SLICE, QP 45)             8840 bits [Y 29.6680 dB    U 35.4497 dB    V 36.5686 dB] [ET  1078 ] [L0 4 0 ] [L1 8 16 ]
POC     5 TId: 5 (      STSA, B-SLICE, QP 46)             4120 bits [Y 29.6079 dB    U 35.3834 dB    V 36.6201 dB] [ET   661 ] [L0 4 0 ] [L1 6 8 ]
POC     7 TId: 5 (      STSA, B-SLICE, QP 46)             3776 bits [Y 29.6129 dB    U 35.3652 dB    V 36.5674 dB] [ET   564 ] [L0 6 4 ] [L1 8 16 ]
POC    12 TId: 3 (      STSA, B-SLICE, QP 43)            18008 bits [Y 29.8435 dB    U 35.7066 dB    V 36.3559 dB] [ET  1237 ] [L0 8 0 ] [L1 16 8 ]
POC    10 TId: 4 (      STSA, B-SLICE, QP 45)             9416 bits [Y 29.3562 dB    U 35.5248 dB    V 36.1913 dB] [ET  1098 ] [L0 8 0 ] [L1 12 16 ]
POC     9 TId: 5 (      STSA, B-SLICE, QP 46)             3888 bits [Y 29.4736 dB    U 35.4737 dB    V 36.5091 dB] [ET   600 ] [L0 8 0 ] [L1 10 12 ]
POC    11 TId: 5 (      STSA, B-SLICE, QP 46)             4088 bits [Y 29.2255 dB    U 35.5199 dB    V 36.1334 dB] [ET   619 ] [L0 10 8 ] [L1 12 16 ]
POC    14 TId: 4 (      STSA, B-SLICE, QP 45)             7976 bits [Y 29.4076 dB    U 35.5870 dB    V 36.1185 dB] [ET   865 ] [L0 12 8 ] [L1 16 12 ]
POC    13 TId: 5 (      STSA, B-SLICE, QP 46)             3632 bits [Y 29.2839 dB    U 35.5587 dB    V 36.1693 dB] [ET   574 ] [L0 12 8 ] [L1 14 16 ]
POC    15 TId: 5 (      STSA, B-SLICE, QP 46)             3696 bits [Y 29.6789 dB    U 35.7314 dB    V 36.2804 dB] [ET   463 ] [L0 14 12 ] [L1 16 14 ]

	Total Frames |   Bitrate     Y-PSNR    U-PSNR    V-PSNR    YUV-PSNR   
	       17    a     586.0094   30.0099   35.6874   36.6433   31.1996

 finished @ Sat Apr 22 09:02:28 2023
 Total Time:    12896.597 sec. [user]    12898.441 sec. [elapsed]

Level: 0
Inject Calls: 14865838784
Errors injected by bit:
	Bit 0: 148399
	Bit 1: 148769
	Bit 2: 148123
	Bit 3: 148943
	Bit 4: 148628
	Bit 5: 147927
	Bit 6: 149067
	Bit 7: 149519

Total errors injected: 1189375
