vvencFFapp: Fraunhofer VVC Encoder ver. 1.5.0 [Linux][GCC 11.3.0][64 bit][SIMD=AVX2]
 started @ Wed Apr 19 00:01:05 2023
CODING TOOL CFG: CTU128 QT44BTT21 IBD:1 SAO:1 ALF:1 (NonLinLuma:0 NonLinChr:0) CCALF:1 Tiles:1x1 Slices:1 WPP:0 WPP-Substreams:1 TMVP:1 DQ:1 SDH:0 CST:1 BDOF:1 DMVR:1 MTSImplicit:1 SBT:0 JCbCr:1 CabacInitPresent:1 AMVR:5 SMVD:3 LMCS:2 (Signal:SDR Opt:0) CIIP:0 MIP:1 AFFINE:2 (PROF:1, Type:1) MMVD:3 DisFracMMVD:1 SbTMVP:1 GPM:3 LFNST:1 MTS:0 ISP:3 TS:2 TSLog2MaxSize:4 useChromaTS:0 BDPCM:2 IBC:2 BCW:0 
ENC. ALG. CFG: QPA:0 HAD:1 RDQ:1 RDQTS:1 ASR:1 MinSearchWindow:96 RestrictMESampling:0 EDO:2 MCTF:2 
PRE-ANALYSIS CFG: STA:1 LeadFrames:0 TrailFrames:0 
FAST TOOL CFG: ECU:0 FEN:1 FDM:1 FastSearch:4 (SCC:2) LCTUFast:1 FastMrg:2 PBIntraFast:1 AMaxBT:1 FastQtBtEnc:1 ContentBasedFastQtbt:0 FastMIP:3 FastIntraTools:0 IntraEstDecBit:2 FastLocalDualTree:1 IntegerET:0 FastSubPel:1 QtbttExtraFast:3 FastTTSplit:0 IBCFastMethod:3 FIM:0 ALFSpeed:0 QuantThr: 4 
RATE CONTROL CFG: RateControl:0 LookAhead:0 
PARALLEL PROCESSING CFG: NumThreads:0 MaxParallelFrames:0 WppBitEqual:0 WF:0 

POC     0 TId: 0 (  IDR_N_LP, I-SLICE, QP 29, TF 2)     239000 bits [Y 37.7621 dB    U 41.1947 dB    V 42.2796 dB] [ET   320 ] [L0 ] [L1 ]
POC    16 TId: 1 (      STSA, B-SLICE, QP 34, TF 1)      48456 bits [Y 35.5473 dB    U 39.8329 dB    V 40.5970 dB] [ET   438 ] [L0 0 ] [L1 0 ]
POC     8 TId: 2 (      STSA, B-SLICE, QP 35, TF 0)      20832 bits [Y 35.7836 dB    U 40.2086 dB    V 41.1383 dB] [ET   501 ] [L0 0 16 ] [L1 16 0 ]
POC     4 TId: 3 (      STSA, B-SLICE, QP 38)             8304 bits [Y 35.6466 dB    U 40.6503 dB    V 41.5776 dB] [ET   401 ] [L0 0 8 ] [L1 8 16 ]
POC     2 TId: 4 (      STSA, B-SLICE, QP 40)             3696 bits [Y 35.8382 dB    U 40.9184 dB    V 41.8943 dB] [ET   269 ] [L0 0 4 ] [L1 4 8 ]
POC     1 TId: 5 (      STSA, B-SLICE, QP 41)             1328 bits [Y 36.3192 dB    U 41.0273 dB    V 42.1368 dB] [ET   174 ] [L0 0 2 ] [L1 2 4 ]
POC     3 TId: 5 (      STSA, B-SLICE, QP 41)             1488 bits [Y 35.3683 dB    U 40.8498 dB    V 41.7471 dB] [ET   204 ] [L0 2 0 ] [L1 4 8 ]
POC     6 TId: 4 (      STSA, B-SLICE, QP 40)             3776 bits [Y 35.1402 dB    U 40.4670 dB    V 41.3860 dB] [ET   364 ] [L0 4 0 ] [L1 8 16 ]
POC     5 TId: 5 (      STSA, B-SLICE, QP 41)             1504 bits [Y 35.0704 dB    U 40.5099 dB    V 41.4512 dB] [ET   215 ] [L0 4 0 ] [L1 6 8 ]
POC     7 TId: 5 (      STSA, B-SLICE, QP 41)             1328 bits [Y 35.1959 dB    U 40.3382 dB    V 41.2727 dB] [ET   222 ] [L0 6 4 ] [L1 8 16 ]
POC    12 TId: 3 (      STSA, B-SLICE, QP 38)             9992 bits [Y 34.9429 dB    U 39.9898 dB    V 40.8818 dB] [ET   495 ] [L0 8 0 ] [L1 16 8 ]
POC    10 TId: 4 (      STSA, B-SLICE, QP 40)             3840 bits [Y 34.7513 dB    U 40.0765 dB    V 40.9188 dB] [ET   371 ] [L0 8 0 ] [L1 12 16 ]
POC     9 TId: 5 (      STSA, B-SLICE, QP 41)             1696 bits [Y 34.9656 dB    U 40.2022 dB    V 41.0705 dB] [ET   318 ] [L0 8 0 ] [L1 10 12 ]
POC    11 TId: 5 (      STSA, B-SLICE, QP 41)             1816 bits [Y 34.5952 dB    U 39.9963 dB    V 40.8728 dB] [ET   239 ] [L0 10 8 ] [L1 12 16 ]
POC    14 TId: 4 (      STSA, B-SLICE, QP 40)             4472 bits [Y 34.5280 dB    U 39.8832 dB    V 40.6860 dB] [ET   300 ] [L0 12 8 ] [L1 16 12 ]
POC    13 TId: 5 (      STSA, B-SLICE, QP 41)             2160 bits [Y 34.4792 dB    U 39.9302 dB    V 40.7187 dB] [ET   231 ] [L0 12 8 ] [L1 14 16 ]
POC    15 TId: 5 (      STSA, B-SLICE, QP 41)             1992 bits [Y 34.5650 dB    U 39.8836 dB    V 40.5538 dB] [ET   170 ] [L0 14 12 ] [L1 16 14 ]

	Total Frames |   Bitrate     Y-PSNR    U-PSNR    V-PSNR    YUV-PSNR   
	       17    a    1255.3412   35.3235   40.3505   41.2460   36.4447

 finished @ Wed Apr 19 01:28:34 2023
 Total Time:     5245.326 sec. [user]     5249.230 sec. [elapsed]

Level: 0
Inject Calls: 5551490848
Errors injected by bit:
	Bit 0: 5551580
	Bit 1: 5548824
	Bit 2: 5553828
	Bit 3: 5551689
	Bit 4: 5552172
	Bit 5: 5553756
	Bit 6: 5549541
	Bit 7: 5547696

Total errors injected: 44409086
