vvencFFapp: Fraunhofer VVC Encoder ver. 1.5.0 [Linux][GCC 11.3.0][64 bit][SIMD=AVX2]
 started @ Wed Apr 19 01:41:05 2023
CODING TOOL CFG: CTU128 QT44BTT21 IBD:1 SAO:1 ALF:1 (NonLinLuma:0 NonLinChr:0) CCALF:1 Tiles:1x1 Slices:1 WPP:0 WPP-Substreams:1 TMVP:1 DQ:1 SDH:0 CST:1 BDOF:1 DMVR:1 MTSImplicit:1 SBT:0 JCbCr:1 CabacInitPresent:1 AMVR:5 SMVD:3 LMCS:2 (Signal:SDR Opt:0) CIIP:0 MIP:1 AFFINE:2 (PROF:1, Type:1) MMVD:3 DisFracMMVD:1 SbTMVP:1 GPM:3 LFNST:1 MTS:0 ISP:3 TS:2 TSLog2MaxSize:4 useChromaTS:0 BDPCM:2 IBC:2 BCW:0 
ENC. ALG. CFG: QPA:0 HAD:1 RDQ:1 RDQTS:1 ASR:1 MinSearchWindow:96 RestrictMESampling:0 EDO:2 MCTF:2 
PRE-ANALYSIS CFG: STA:1 LeadFrames:0 TrailFrames:0 
FAST TOOL CFG: ECU:0 FEN:1 FDM:1 FastSearch:4 (SCC:2) LCTUFast:1 FastMrg:2 PBIntraFast:1 AMaxBT:1 FastQtBtEnc:1 ContentBasedFastQtbt:0 FastMIP:3 FastIntraTools:0 IntraEstDecBit:2 FastLocalDualTree:1 IntegerET:0 FastSubPel:1 QtbttExtraFast:3 FastTTSplit:0 IBCFastMethod:3 FIM:0 ALFSpeed:0 QuantThr: 4 
RATE CONTROL CFG: RateControl:0 LookAhead:0 
PARALLEL PROCESSING CFG: NumThreads:0 MaxParallelFrames:0 WppBitEqual:0 WF:0 

POC     0 TId: 0 (  IDR_N_LP, I-SLICE, QP 29, TF 2)     239000 bits [Y 37.7621 dB    U 41.1947 dB    V 42.2796 dB] [ET   293 ] [L0 ] [L1 ]
POC    16 TId: 1 (      STSA, B-SLICE, QP 34, TF 1)      48712 bits [Y 35.5520 dB    U 39.9007 dB    V 40.6913 dB] [ET   507 ] [L0 0 ] [L1 0 ]
POC     8 TId: 2 (      STSA, B-SLICE, QP 35, TF 0)      20504 bits [Y 35.7634 dB    U 40.2857 dB    V 41.1270 dB] [ET   516 ] [L0 0 16 ] [L1 16 0 ]
POC     4 TId: 3 (      STSA, B-SLICE, QP 38)             8344 bits [Y 35.6272 dB    U 40.6422 dB    V 41.5187 dB] [ET   414 ] [L0 0 8 ] [L1 8 16 ]
POC     2 TId: 4 (      STSA, B-SLICE, QP 40)             3656 bits [Y 35.8172 dB    U 40.9352 dB    V 41.8637 dB] [ET   245 ] [L0 0 4 ] [L1 4 8 ]
POC     1 TId: 5 (      STSA, B-SLICE, QP 41)             1488 bits [Y 36.3419 dB    U 41.0219 dB    V 42.1212 dB] [ET   166 ] [L0 0 2 ] [L1 2 4 ]
POC     3 TId: 5 (      STSA, B-SLICE, QP 41)             1424 bits [Y 35.3888 dB    U 40.8362 dB    V 41.6770 dB] [ET   218 ] [L0 2 0 ] [L1 4 8 ]
POC     6 TId: 4 (      STSA, B-SLICE, QP 40)             3848 bits [Y 35.1699 dB    U 40.5359 dB    V 41.3282 dB] [ET   337 ] [L0 4 0 ] [L1 8 16 ]
POC     5 TId: 5 (      STSA, B-SLICE, QP 41)             1584 bits [Y 35.1049 dB    U 40.5409 dB    V 41.4203 dB] [ET   215 ] [L0 4 0 ] [L1 6 8 ]
POC     7 TId: 5 (      STSA, B-SLICE, QP 41)             1408 bits [Y 35.2188 dB    U 40.4191 dB    V 41.2320 dB] [ET   230 ] [L0 6 4 ] [L1 8 16 ]
POC    12 TId: 3 (      STSA, B-SLICE, QP 38)            10504 bits [Y 34.9825 dB    U 40.0935 dB    V 40.8633 dB] [ET   503 ] [L0 8 0 ] [L1 16 8 ]
POC    10 TId: 4 (      STSA, B-SLICE, QP 40)             3632 bits [Y 34.7797 dB    U 40.1794 dB    V 40.9747 dB] [ET   350 ] [L0 8 0 ] [L1 12 16 ]
POC     9 TId: 5 (      STSA, B-SLICE, QP 41)             1680 bits [Y 34.9561 dB    U 40.3049 dB    V 41.0871 dB] [ET   261 ] [L0 8 0 ] [L1 10 12 ]
POC    11 TId: 5 (      STSA, B-SLICE, QP 41)             1664 bits [Y 34.5845 dB    U 40.1268 dB    V 40.8653 dB] [ET   215 ] [L0 10 8 ] [L1 12 16 ]
POC    14 TId: 4 (      STSA, B-SLICE, QP 40)             4608 bits [Y 34.5565 dB    U 39.9164 dB    V 40.6826 dB] [ET   256 ] [L0 12 8 ] [L1 16 12 ]
POC    13 TId: 5 (      STSA, B-SLICE, QP 41)             2136 bits [Y 34.4845 dB    U 40.0357 dB    V 40.8056 dB] [ET   242 ] [L0 12 8 ] [L1 14 16 ]
POC    15 TId: 5 (      STSA, B-SLICE, QP 41)             2064 bits [Y 34.5975 dB    U 39.9721 dB    V 40.6847 dB] [ET   199 ] [L0 14 12 ] [L1 16 14 ]

	Total Frames |   Bitrate     Y-PSNR    U-PSNR    V-PSNR    YUV-PSNR   
	       17    a    1257.3741   35.3346   40.4083   41.2484   36.4599

 finished @ Wed Apr 19 03:07:27 2023
 Total Time:     5181.464 sec. [user]     5181.806 sec. [elapsed]

Level: 0
Inject Calls: 5668051168
Errors injected by bit:
	Bit 0: 5661
	Bit 1: 5641
	Bit 2: 5739
	Bit 3: 5737
	Bit 4: 5756
	Bit 5: 5779
	Bit 6: 5665
	Bit 7: 5634

Total errors injected: 45612
