vvencFFapp: Fraunhofer VVC Encoder ver. 1.5.0 [Linux][GCC 11.3.0][64 bit][SIMD=AVX2]
 started @ Mon Apr 17 22:40:36 2023
CODING TOOL CFG: CTU128 QT44BTT21 IBD:1 SAO:1 ALF:1 (NonLinLuma:0 NonLinChr:0) CCALF:1 Tiles:1x1 Slices:1 WPP:0 WPP-Substreams:1 TMVP:1 DQ:1 SDH:0 CST:1 BDOF:1 DMVR:1 MTSImplicit:1 SBT:0 JCbCr:1 CabacInitPresent:1 AMVR:5 SMVD:3 LMCS:2 (Signal:SDR Opt:0) CIIP:0 MIP:1 AFFINE:2 (PROF:1, Type:1) MMVD:3 DisFracMMVD:1 SbTMVP:1 GPM:3 LFNST:1 MTS:0 ISP:3 TS:2 TSLog2MaxSize:4 useChromaTS:0 BDPCM:2 IBC:2 BCW:0 
ENC. ALG. CFG: QPA:0 HAD:1 RDQ:1 RDQTS:1 ASR:1 MinSearchWindow:96 RestrictMESampling:0 EDO:2 MCTF:2 
PRE-ANALYSIS CFG: STA:1 LeadFrames:0 TrailFrames:0 
FAST TOOL CFG: ECU:0 FEN:1 FDM:1 FastSearch:4 (SCC:2) LCTUFast:1 FastMrg:2 PBIntraFast:1 AMaxBT:1 FastQtBtEnc:1 ContentBasedFastQtbt:0 FastMIP:3 FastIntraTools:0 IntraEstDecBit:2 FastLocalDualTree:1 IntegerET:0 FastSubPel:1 QtbttExtraFast:3 FastTTSplit:0 IBCFastMethod:3 FIM:0 ALFSpeed:0 QuantThr: 4 
RATE CONTROL CFG: RateControl:0 LookAhead:0 
PARALLEL PROCESSING CFG: NumThreads:0 MaxParallelFrames:0 WppBitEqual:0 WF:0 

POC     0 TId: 0 (  IDR_N_LP, I-SLICE, QP 24, TF 3)     303696 bits [Y 41.6478 dB    U 43.8365 dB    V 45.0113 dB] [ET   383 ] [L0 ] [L1 ]
POC    16 TId: 1 (      STSA, B-SLICE, QP 28, TF 2)      65104 bits [Y 39.5709 dB    U 42.4469 dB    V 43.0752 dB] [ET   623 ] [L0 0 ] [L1 0 ]
POC     8 TId: 2 (      STSA, B-SLICE, QP 29, TF 1)      38688 bits [Y 39.4752 dB    U 42.5114 dB    V 43.5136 dB] [ET   802 ] [L0 0 16 ] [L1 16 0 ]
POC     4 TId: 3 (      STSA, B-SLICE, QP 32, TF 0)      22576 bits [Y 39.0428 dB    U 42.1885 dB    V 43.1892 dB] [ET   826 ] [L0 0 8 ] [L1 8 16 ]
POC     2 TId: 4 (      STSA, B-SLICE, QP 34)            10752 bits [Y 39.1344 dB    U 42.6923 dB    V 43.5080 dB] [ET   600 ] [L0 0 4 ] [L1 4 8 ]
POC     1 TId: 5 (      STSA, B-SLICE, QP 36)              240 bits [Y 41.6478 dB    U 43.8365 dB    V 45.0113 dB] [ET   184 ] [L0 0 2 ] [L1 2 4 ]
POC     3 TId: 5 (      STSA, B-SLICE, QP 36)             7240 bits [Y 38.5812 dB    U 42.1419 dB    V 42.9335 dB] [ET   533 ] [L0 2 0 ] [L1 4 8 ]
POC     6 TId: 4 (      STSA, B-SLICE, QP 34)            15040 bits [Y 38.7600 dB    U 42.1232 dB    V 42.7943 dB] [ET   838 ] [L0 4 0 ] [L1 8 16 ]
POC     5 TId: 5 (      STSA, B-SLICE, QP 36)             6952 bits [Y 38.0740 dB    U 41.9239 dB    V 42.7194 dB] [ET   508 ] [L0 4 0 ] [L1 6 8 ]
POC     7 TId: 5 (      STSA, B-SLICE, QP 36)             7096 bits [Y 37.9924 dB    U 42.1004 dB    V 42.7578 dB] [ET   524 ] [L0 6 4 ] [L1 8 16 ]
POC    12 TId: 3 (      STSA, B-SLICE, QP 32, TF 0)      25672 bits [Y 38.5073 dB    U 41.9379 dB    V 42.4825 dB] [ET   860 ] [L0 8 0 ] [L1 16 8 ]
POC    10 TId: 4 (      STSA, B-SLICE, QP 34)            15608 bits [Y 38.3136 dB    U 41.7822 dB    V 42.3484 dB] [ET   903 ] [L0 8 0 ] [L1 12 16 ]
POC     9 TId: 5 (      STSA, B-SLICE, QP 36)             6792 bits [Y 38.3247 dB    U 42.0471 dB    V 42.6961 dB] [ET   531 ] [L0 8 0 ] [L1 10 12 ]
POC    11 TId: 5 (      STSA, B-SLICE, QP 36)             7880 bits [Y 38.0356 dB    U 41.8294 dB    V 41.9818 dB] [ET   523 ] [L0 10 8 ] [L1 12 16 ]
POC    14 TId: 4 (      STSA, B-SLICE, QP 34)            16744 bits [Y 38.2892 dB    U 41.5812 dB    V 42.0805 dB] [ET   643 ] [L0 12 8 ] [L1 16 12 ]
POC    13 TId: 5 (      STSA, B-SLICE, QP 36)             7576 bits [Y 37.8146 dB    U 41.6690 dB    V 41.9740 dB] [ET   616 ] [L0 12 8 ] [L1 14 16 ]
POC    15 TId: 5 (      STSA, B-SLICE, QP 36)             6728 bits [Y 37.9234 dB    U 41.7479 dB    V 42.0633 dB] [ET   383 ] [L0 14 12 ] [L1 16 14 ]

	Total Frames |   Bitrate     Y-PSNR    U-PSNR    V-PSNR    YUV-PSNR   
	       17    a    1659.9529   38.8903   42.2586   42.9494   39.6947

 finished @ Tue Apr 18 01:32:11 2023
 Total Time:    10292.237 sec. [user]    10295.184 sec. [elapsed]

Level: 0
Inject Calls: 11407833856
Errors injected by bit:
	Bit 0: 11505
	Bit 1: 11384
	Bit 2: 11554
	Bit 3: 11547
	Bit 4: 11216
	Bit 5: 11402
	Bit 6: 11489
	Bit 7: 11249

Total errors injected: 91346
