vvencFFapp: Fraunhofer VVC Encoder ver. 1.5.0 [Linux][GCC 11.3.0][64 bit][SIMD=AVX2]
 started @ Mon Apr 17 09:25:22 2023
CODING TOOL CFG: CTU128 QT44BTT21 IBD:1 SAO:1 ALF:1 (NonLinLuma:0 NonLinChr:0) CCALF:1 Tiles:1x1 Slices:1 WPP:0 WPP-Substreams:1 TMVP:1 DQ:1 SDH:0 CST:1 BDOF:1 DMVR:1 MTSImplicit:1 SBT:0 JCbCr:1 CabacInitPresent:1 AMVR:5 SMVD:3 LMCS:2 (Signal:SDR Opt:0) CIIP:0 MIP:1 AFFINE:2 (PROF:1, Type:1) MMVD:3 DisFracMMVD:1 SbTMVP:1 GPM:3 LFNST:1 MTS:0 ISP:3 TS:2 TSLog2MaxSize:4 useChromaTS:0 BDPCM:2 IBC:2 BCW:0 
ENC. ALG. CFG: QPA:0 HAD:1 RDQ:1 RDQTS:1 ASR:1 MinSearchWindow:96 RestrictMESampling:0 EDO:2 MCTF:2 
PRE-ANALYSIS CFG: STA:1 LeadFrames:0 TrailFrames:0 
FAST TOOL CFG: ECU:0 FEN:1 FDM:1 FastSearch:4 (SCC:2) LCTUFast:1 FastMrg:2 PBIntraFast:1 AMaxBT:1 FastQtBtEnc:1 ContentBasedFastQtbt:0 FastMIP:3 FastIntraTools:0 IntraEstDecBit:2 FastLocalDualTree:1 IntegerET:0 FastSubPel:1 QtbttExtraFast:3 FastTTSplit:0 IBCFastMethod:3 FIM:0 ALFSpeed:0 QuantThr: 4 
RATE CONTROL CFG: RateControl:0 LookAhead:0 
PARALLEL PROCESSING CFG: NumThreads:0 MaxParallelFrames:0 WppBitEqual:0 WF:0 

POC     0 TId: 0 (  IDR_N_LP, I-SLICE, QP 19, TF 3)     564808 bits [Y 45.1467 dB    U 46.3576 dB    V 47.8581 dB] [ET   508 ] [L0 ] [L1 ]
POC    16 TId: 1 (      STSA, B-SLICE, QP 22, TF 2)     140104 bits [Y 42.6678 dB    U 44.8819 dB    V 45.9087 dB] [ET   750 ] [L0 0 ] [L1 0 ]
POC     8 TId: 2 (      STSA, B-SLICE, QP 23, TF 1)      79016 bits [Y 42.2882 dB    U 44.6959 dB    V 46.1664 dB] [ET  1085 ] [L0 0 16 ] [L1 16 0 ]
POC     4 TId: 3 (      STSA, B-SLICE, QP 26, TF 0)      46904 bits [Y 41.9186 dB    U 44.3984 dB    V 45.6984 dB] [ET   934 ] [L0 0 8 ] [L1 8 16 ]
POC     2 TId: 4 (      STSA, B-SLICE, QP 28)            24968 bits [Y 41.9080 dB    U 44.7938 dB    V 46.0619 dB] [ET   672 ] [L0 0 4 ] [L1 4 8 ]
POC     1 TId: 5 (      STSA, B-SLICE, QP 29)              256 bits [Y 45.1467 dB    U 46.3576 dB    V 47.8581 dB] [ET   264 ] [L0 0 2 ] [L1 2 4 ]
POC     3 TId: 5 (      STSA, B-SLICE, QP 29)            19104 bits [Y 41.5700 dB    U 44.3366 dB    V 45.5747 dB] [ET   649 ] [L0 2 0 ] [L1 4 8 ]
POC     6 TId: 4 (      STSA, B-SLICE, QP 28)            31400 bits [Y 41.5943 dB    U 44.2009 dB    V 45.4217 dB] [ET   897 ] [L0 4 0 ] [L1 8 16 ]
POC     5 TId: 5 (      STSA, B-SLICE, QP 29)            20408 bits [Y 41.2105 dB    U 44.0580 dB    V 45.2398 dB] [ET   768 ] [L0 4 0 ] [L1 6 8 ]
POC     7 TId: 5 (      STSA, B-SLICE, QP 29)            22240 bits [Y 41.2190 dB    U 44.2765 dB    V 45.3078 dB] [ET   770 ] [L0 6 4 ] [L1 8 16 ]
POC    12 TId: 3 (      STSA, B-SLICE, QP 26, TF 0)      54440 bits [Y 41.4929 dB    U 44.2055 dB    V 45.2957 dB] [ET   940 ] [L0 8 0 ] [L1 16 8 ]
POC    10 TId: 4 (      STSA, B-SLICE, QP 28)            36104 bits [Y 41.2295 dB    U 44.0749 dB    V 45.1735 dB] [ET  1133 ] [L0 8 0 ] [L1 12 16 ]
POC     9 TId: 5 (      STSA, B-SLICE, QP 29)            19760 bits [Y 41.4776 dB    U 44.2186 dB    V 45.3208 dB] [ET   706 ] [L0 8 0 ] [L1 10 12 ]
POC    11 TId: 5 (      STSA, B-SLICE, QP 29)            22840 bits [Y 41.2369 dB    U 44.0185 dB    V 44.8758 dB] [ET   761 ] [L0 10 8 ] [L1 12 16 ]
POC    14 TId: 4 (      STSA, B-SLICE, QP 28)            36432 bits [Y 41.2097 dB    U 43.9751 dB    V 44.7829 dB] [ET   752 ] [L0 12 8 ] [L1 16 12 ]
POC    13 TId: 5 (      STSA, B-SLICE, QP 29)            22640 bits [Y 41.0656 dB    U 43.9461 dB    V 44.8145 dB] [ET   653 ] [L0 12 8 ] [L1 14 16 ]
POC    15 TId: 5 (      STSA, B-SLICE, QP 29)            21576 bits [Y 41.1054 dB    U 44.2007 dB    V 44.7973 dB] [ET   538 ] [L0 14 12 ] [L1 16 14 ]

	Total Frames |   Bitrate     Y-PSNR    U-PSNR    V-PSNR    YUV-PSNR   
	       17    a    3420.5882   41.9698   44.5292   45.6562   42.6455

 finished @ Mon Apr 17 12:58:38 2023
 Total Time:    12795.084 sec. [user]    12795.973 sec. [elapsed]

Level: 0
Inject Calls: 13832260768
Errors injected by bit:
	Bit 0: 1382691
	Bit 1: 1386175
	Bit 2: 1384003
	Bit 3: 1384708
	Bit 4: 1384077
	Bit 5: 1383180
	Bit 6: 1384441
	Bit 7: 1382834

Total errors injected: 11072109
