vvencFFapp: Fraunhofer VVC Encoder ver. 1.5.0 [Linux][GCC 11.3.0][64 bit][SIMD=AVX2]
 started @ Mon Apr 17 16:15:29 2023
CODING TOOL CFG: CTU128 QT44BTT21 IBD:1 SAO:1 ALF:1 (NonLinLuma:0 NonLinChr:0) CCALF:1 Tiles:1x1 Slices:1 WPP:0 WPP-Substreams:1 TMVP:1 DQ:1 SDH:0 CST:1 BDOF:1 DMVR:1 MTSImplicit:1 SBT:0 JCbCr:1 CabacInitPresent:1 AMVR:5 SMVD:3 LMCS:2 (Signal:SDR Opt:0) CIIP:0 MIP:1 AFFINE:2 (PROF:1, Type:1) MMVD:3 DisFracMMVD:1 SbTMVP:1 GPM:3 LFNST:1 MTS:0 ISP:3 TS:2 TSLog2MaxSize:4 useChromaTS:0 BDPCM:2 IBC:2 BCW:0 
ENC. ALG. CFG: QPA:0 HAD:1 RDQ:1 RDQTS:1 ASR:1 MinSearchWindow:96 RestrictMESampling:0 EDO:2 MCTF:2 
PRE-ANALYSIS CFG: STA:1 LeadFrames:0 TrailFrames:0 
FAST TOOL CFG: ECU:0 FEN:1 FDM:1 FastSearch:4 (SCC:2) LCTUFast:1 FastMrg:2 PBIntraFast:1 AMaxBT:1 FastQtBtEnc:1 ContentBasedFastQtbt:0 FastMIP:3 FastIntraTools:0 IntraEstDecBit:2 FastLocalDualTree:1 IntegerET:0 FastSubPel:1 QtbttExtraFast:3 FastTTSplit:0 IBCFastMethod:3 FIM:0 ALFSpeed:0 QuantThr: 4 
RATE CONTROL CFG: RateControl:0 LookAhead:0 
PARALLEL PROCESSING CFG: NumThreads:0 MaxParallelFrames:0 WppBitEqual:0 WF:0 

POC     0 TId: 0 (  IDR_N_LP, I-SLICE, QP 19, TF 3)     564808 bits [Y 45.1467 dB    U 46.3576 dB    V 47.8581 dB] [ET   555 ] [L0 ] [L1 ]
POC    16 TId: 1 (      STSA, B-SLICE, QP 22, TF 2)     140648 bits [Y 42.6837 dB    U 44.8682 dB    V 45.9608 dB] [ET   795 ] [L0 0 ] [L1 0 ]
POC     8 TId: 2 (      STSA, B-SLICE, QP 23, TF 1)      78888 bits [Y 42.3021 dB    U 44.6933 dB    V 46.1346 dB] [ET  1048 ] [L0 0 16 ] [L1 16 0 ]
POC     4 TId: 3 (      STSA, B-SLICE, QP 26, TF 0)      47424 bits [Y 41.9259 dB    U 44.4994 dB    V 45.7037 dB] [ET   989 ] [L0 0 8 ] [L1 8 16 ]
POC     2 TId: 4 (      STSA, B-SLICE, QP 28)            25288 bits [Y 41.9424 dB    U 44.8313 dB    V 46.0951 dB] [ET   665 ] [L0 0 4 ] [L1 4 8 ]
POC     1 TId: 5 (      STSA, B-SLICE, QP 29)              256 bits [Y 45.1467 dB    U 46.3576 dB    V 47.8581 dB] [ET   256 ] [L0 0 2 ] [L1 2 4 ]
POC     3 TId: 5 (      STSA, B-SLICE, QP 29)            19120 bits [Y 41.5483 dB    U 44.3402 dB    V 45.5554 dB] [ET   736 ] [L0 2 0 ] [L1 4 8 ]
POC     6 TId: 4 (      STSA, B-SLICE, QP 28)            32344 bits [Y 41.6131 dB    U 44.2268 dB    V 45.4161 dB] [ET   975 ] [L0 4 0 ] [L1 8 16 ]
POC     5 TId: 5 (      STSA, B-SLICE, QP 29)            20816 bits [Y 41.2402 dB    U 44.0669 dB    V 45.2452 dB] [ET   842 ] [L0 4 0 ] [L1 6 8 ]
POC     7 TId: 5 (      STSA, B-SLICE, QP 29)            21656 bits [Y 41.1775 dB    U 44.2591 dB    V 45.2840 dB] [ET   685 ] [L0 6 4 ] [L1 8 16 ]
POC    12 TId: 3 (      STSA, B-SLICE, QP 26, TF 0)      54824 bits [Y 41.5241 dB    U 44.1552 dB    V 45.1808 dB] [ET   948 ] [L0 8 0 ] [L1 16 8 ]
POC    10 TId: 4 (      STSA, B-SLICE, QP 28)            35584 bits [Y 41.2593 dB    U 44.0927 dB    V 45.1234 dB] [ET  1041 ] [L0 8 0 ] [L1 12 16 ]
POC     9 TId: 5 (      STSA, B-SLICE, QP 29)            20312 bits [Y 41.4981 dB    U 44.2827 dB    V 45.2989 dB] [ET   796 ] [L0 8 0 ] [L1 10 12 ]
POC    11 TId: 5 (      STSA, B-SLICE, QP 29)            22736 bits [Y 41.2383 dB    U 44.0267 dB    V 44.8133 dB] [ET   737 ] [L0 10 8 ] [L1 12 16 ]
POC    14 TId: 4 (      STSA, B-SLICE, QP 28)            37152 bits [Y 41.2489 dB    U 43.9794 dB    V 44.7796 dB] [ET   797 ] [L0 12 8 ] [L1 16 12 ]
POC    13 TId: 5 (      STSA, B-SLICE, QP 29)            22520 bits [Y 41.0812 dB    U 43.9605 dB    V 44.8139 dB] [ET   671 ] [L0 12 8 ] [L1 14 16 ]
POC    15 TId: 5 (      STSA, B-SLICE, QP 29)            21192 bits [Y 41.1042 dB    U 44.1770 dB    V 44.8545 dB] [ET   516 ] [L0 14 12 ] [L1 16 14 ]

	Total Frames |   Bitrate     Y-PSNR    U-PSNR    V-PSNR    YUV-PSNR   
	       17    a    3428.1412   41.9812   44.5397   45.6456   42.6553

 finished @ Mon Apr 17 19:53:18 2023
 Total Time:    13062.059 sec. [user]    13068.656 sec. [elapsed]

Level: 0
Inject Calls: 13806344704
Errors injected by bit:
	Bit 0: 1408
	Bit 1: 1278
	Bit 2: 1390
	Bit 3: 1380
	Bit 4: 1391
	Bit 5: 1386
	Bit 6: 1416
	Bit 7: 1322

Total errors injected: 10971
