vvencFFapp: Fraunhofer VVC Encoder ver. 1.5.0 [Linux][GCC 11.3.0][64 bit][SIMD=AVX2]
 started @ Fri Apr 21 21:07:21 2023
CODING TOOL CFG: CTU128 QT44BTT21 IBD:1 SAO:1 ALF:1 (NonLinLuma:0 NonLinChr:0) CCALF:1 Tiles:1x1 Slices:1 WPP:0 WPP-Substreams:1 TMVP:1 DQ:1 SDH:0 CST:1 BDOF:1 DMVR:1 MTSImplicit:1 SBT:0 JCbCr:1 CabacInitPresent:1 AMVR:5 SMVD:3 LMCS:2 (Signal:SDR Opt:0) CIIP:0 MIP:1 AFFINE:2 (PROF:1, Type:1) MMVD:3 DisFracMMVD:1 SbTMVP:1 GPM:3 LFNST:1 MTS:0 ISP:3 TS:2 TSLog2MaxSize:4 useChromaTS:0 BDPCM:2 IBC:2 BCW:0 
ENC. ALG. CFG: QPA:0 HAD:1 RDQ:1 RDQTS:1 ASR:1 MinSearchWindow:96 RestrictMESampling:0 EDO:2 MCTF:2 
PRE-ANALYSIS CFG: STA:1 LeadFrames:0 TrailFrames:0 
FAST TOOL CFG: ECU:0 FEN:1 FDM:1 FastSearch:4 (SCC:2) LCTUFast:1 FastMrg:2 PBIntraFast:1 AMaxBT:1 FastQtBtEnc:1 ContentBasedFastQtbt:0 FastMIP:3 FastIntraTools:0 IntraEstDecBit:2 FastLocalDualTree:1 IntegerET:0 FastSubPel:1 QtbttExtraFast:3 FastTTSplit:0 IBCFastMethod:3 FIM:0 ALFSpeed:0 QuantThr: 4 
RATE CONTROL CFG: RateControl:0 LookAhead:0 
PARALLEL PROCESSING CFG: NumThreads:0 MaxParallelFrames:0 WppBitEqual:0 WF:0 

POC     0 TId: 0 (  IDR_N_LP, I-SLICE, QP 29, TF 2)     245544 bits [Y 36.0242 dB    U 38.6082 dB    V 40.2672 dB] [ET   250 ] [L0 ] [L1 ]
POC    16 TId: 1 (      STSA, B-SLICE, QP 34, TF 1)     115704 bits [Y 34.6668 dB    U 37.4191 dB    V 38.5602 dB] [ET   968 ] [L0 0 ] [L1 0 ]
POC     8 TId: 2 (      STSA, B-SLICE, QP 35, TF 0)      82040 bits [Y 33.8046 dB    U 37.0747 dB    V 38.2728 dB] [ET  1247 ] [L0 0 16 ] [L1 16 0 ]
POC     4 TId: 3 (      STSA, B-SLICE, QP 38)            35216 bits [Y 33.0454 dB    U 37.1085 dB    V 38.4367 dB] [ET  1287 ] [L0 0 8 ] [L1 8 16 ]
POC     2 TId: 4 (      STSA, B-SLICE, QP 40)            19216 bits [Y 32.6493 dB    U 37.4704 dB    V 38.8841 dB] [ET   936 ] [L0 0 4 ] [L1 4 8 ]
POC     1 TId: 5 (      STSA, B-SLICE, QP 41)            10216 bits [Y 32.8821 dB    U 37.5663 dB    V 39.1067 dB] [ET   559 ] [L0 0 2 ] [L1 2 4 ]
POC     3 TId: 5 (      STSA, B-SLICE, QP 41)            10272 bits [Y 32.3304 dB    U 37.0356 dB    V 38.5011 dB] [ET   712 ] [L0 2 0 ] [L1 4 8 ]
POC     6 TId: 4 (      STSA, B-SLICE, QP 40)            18616 bits [Y 32.4304 dB    U 36.9529 dB    V 38.2154 dB] [ET  1129 ] [L0 4 0 ] [L1 8 16 ]
POC     5 TId: 5 (      STSA, B-SLICE, QP 41)             9400 bits [Y 32.3192 dB    U 36.8972 dB    V 38.2979 dB] [ET   746 ] [L0 4 0 ] [L1 6 8 ]
POC     7 TId: 5 (      STSA, B-SLICE, QP 41)             9232 bits [Y 32.2868 dB    U 36.7894 dB    V 38.1087 dB] [ET   798 ] [L0 6 4 ] [L1 8 16 ]
POC    12 TId: 3 (      STSA, B-SLICE, QP 38)            38144 bits [Y 32.7805 dB    U 37.1007 dB    V 37.9408 dB] [ET  1373 ] [L0 8 0 ] [L1 16 8 ]
POC    10 TId: 4 (      STSA, B-SLICE, QP 40)            20472 bits [Y 32.2019 dB    U 36.8664 dB    V 37.7887 dB] [ET  1215 ] [L0 8 0 ] [L1 12 16 ]
POC     9 TId: 5 (      STSA, B-SLICE, QP 41)             9592 bits [Y 32.1484 dB    U 36.7945 dB    V 37.8792 dB] [ET   692 ] [L0 8 0 ] [L1 10 12 ]
POC    11 TId: 5 (      STSA, B-SLICE, QP 41)             9800 bits [Y 32.0182 dB    U 36.8874 dB    V 37.7608 dB] [ET   782 ] [L0 10 8 ] [L1 12 16 ]
POC    14 TId: 4 (      STSA, B-SLICE, QP 40)            18416 bits [Y 32.3345 dB    U 36.9542 dB    V 37.8401 dB] [ET   925 ] [L0 12 8 ] [L1 16 12 ]
POC    13 TId: 5 (      STSA, B-SLICE, QP 41)             9296 bits [Y 32.1328 dB    U 36.8781 dB    V 37.8476 dB] [ET   674 ] [L0 12 8 ] [L1 14 16 ]
POC    15 TId: 5 (      STSA, B-SLICE, QP 41)             8680 bits [Y 32.4311 dB    U 37.0247 dB    V 38.0688 dB] [ET   597 ] [L0 14 12 ] [L1 16 14 ]

	Total Frames |   Bitrate     Y-PSNR    U-PSNR    V-PSNR    YUV-PSNR   
	       17    a    1182.0988   32.8522   37.1428   38.3398   33.8606

 finished @ Sat Apr 22 01:15:41 2023
 Total Time:    14895.460 sec. [user]    14900.744 sec. [elapsed]

Level: 0
Inject Calls: 16912070496
Errors injected by bit:
	Bit 0: 169352
	Bit 1: 168833
	Bit 2: 169718
	Bit 3: 168629
	Bit 4: 169005
	Bit 5: 168736
	Bit 6: 168535
	Bit 7: 168898

Total errors injected: 1351706
