vvencFFapp: Fraunhofer VVC Encoder ver. 1.5.0 [Linux][GCC 11.3.0][64 bit][SIMD=AVX2]
 started @ Mon Apr 17 12:30:25 2023
CODING TOOL CFG: CTU128 QT44BTT21 IBD:1 SAO:1 ALF:1 (NonLinLuma:0 NonLinChr:0) CCALF:1 Tiles:1x1 Slices:1 WPP:0 WPP-Substreams:1 TMVP:1 DQ:1 SDH:0 CST:1 BDOF:1 DMVR:1 MTSImplicit:1 SBT:0 JCbCr:1 CabacInitPresent:1 AMVR:5 SMVD:3 LMCS:2 (Signal:SDR Opt:0) CIIP:0 MIP:1 AFFINE:2 (PROF:1, Type:1) MMVD:3 DisFracMMVD:1 SbTMVP:1 GPM:3 LFNST:1 MTS:0 ISP:3 TS:2 TSLog2MaxSize:4 useChromaTS:0 BDPCM:2 IBC:2 BCW:0 
ENC. ALG. CFG: QPA:0 HAD:1 RDQ:1 RDQTS:1 ASR:1 MinSearchWindow:96 RestrictMESampling:0 EDO:2 MCTF:2 
PRE-ANALYSIS CFG: STA:1 LeadFrames:0 TrailFrames:0 
FAST TOOL CFG: ECU:0 FEN:1 FDM:1 FastSearch:4 (SCC:2) LCTUFast:1 FastMrg:2 PBIntraFast:1 AMaxBT:1 FastQtBtEnc:1 ContentBasedFastQtbt:0 FastMIP:3 FastIntraTools:0 IntraEstDecBit:2 FastLocalDualTree:1 IntegerET:0 FastSubPel:1 QtbttExtraFast:3 FastTTSplit:0 IBCFastMethod:3 FIM:0 ALFSpeed:0 QuantThr: 4 
RATE CONTROL CFG: RateControl:0 LookAhead:0 
PARALLEL PROCESSING CFG: NumThreads:0 MaxParallelFrames:0 WppBitEqual:0 WF:0 

POC     0 TId: 0 (  IDR_N_LP, I-SLICE, QP 19, TF 3)     564808 bits [Y 45.1467 dB    U 46.3576 dB    V 47.8581 dB] [ET   502 ] [L0 ] [L1 ]
POC    16 TId: 1 (      STSA, B-SLICE, QP 22, TF 2)     140840 bits [Y 42.6794 dB    U 44.8524 dB    V 45.9303 dB] [ET   834 ] [L0 0 ] [L1 0 ]
POC     8 TId: 2 (      STSA, B-SLICE, QP 23, TF 1)      79888 bits [Y 42.3118 dB    U 44.7234 dB    V 46.1509 dB] [ET   965 ] [L0 0 16 ] [L1 16 0 ]
POC     4 TId: 3 (      STSA, B-SLICE, QP 26, TF 0)      47408 bits [Y 41.9368 dB    U 44.4327 dB    V 45.7238 dB] [ET   917 ] [L0 0 8 ] [L1 8 16 ]
POC     2 TId: 4 (      STSA, B-SLICE, QP 28)            25488 bits [Y 41.9210 dB    U 44.7742 dB    V 46.0522 dB] [ET   706 ] [L0 0 4 ] [L1 4 8 ]
POC     1 TId: 5 (      STSA, B-SLICE, QP 29)              256 bits [Y 45.1467 dB    U 46.3576 dB    V 47.8581 dB] [ET   329 ] [L0 0 2 ] [L1 2 4 ]
POC     3 TId: 5 (      STSA, B-SLICE, QP 29)            19320 bits [Y 41.5803 dB    U 44.3957 dB    V 45.5383 dB] [ET   746 ] [L0 2 0 ] [L1 4 8 ]
POC     6 TId: 4 (      STSA, B-SLICE, QP 28)            31808 bits [Y 41.6072 dB    U 44.1991 dB    V 45.4490 dB] [ET  1012 ] [L0 4 0 ] [L1 8 16 ]
POC     5 TId: 5 (      STSA, B-SLICE, QP 29)            21256 bits [Y 41.2639 dB    U 44.0917 dB    V 45.2893 dB] [ET   802 ] [L0 4 0 ] [L1 6 8 ]
POC     7 TId: 5 (      STSA, B-SLICE, QP 29)            21952 bits [Y 41.2118 dB    U 44.2366 dB    V 45.3482 dB] [ET   739 ] [L0 6 4 ] [L1 8 16 ]
POC    12 TId: 3 (      STSA, B-SLICE, QP 26, TF 0)      54296 bits [Y 41.5055 dB    U 44.1761 dB    V 45.2489 dB] [ET   970 ] [L0 8 0 ] [L1 16 8 ]
POC    10 TId: 4 (      STSA, B-SLICE, QP 28)            35592 bits [Y 41.2768 dB    U 44.0502 dB    V 45.1262 dB] [ET  1046 ] [L0 8 0 ] [L1 12 16 ]
POC     9 TId: 5 (      STSA, B-SLICE, QP 29)            20320 bits [Y 41.5005 dB    U 44.2576 dB    V 45.3488 dB] [ET   760 ] [L0 8 0 ] [L1 10 12 ]
POC    11 TId: 5 (      STSA, B-SLICE, QP 29)            22888 bits [Y 41.2321 dB    U 44.1024 dB    V 44.8288 dB] [ET   804 ] [L0 10 8 ] [L1 12 16 ]
POC    14 TId: 4 (      STSA, B-SLICE, QP 28)            36528 bits [Y 41.2468 dB    U 43.8823 dB    V 44.6986 dB] [ET   817 ] [L0 12 8 ] [L1 16 12 ]
POC    13 TId: 5 (      STSA, B-SLICE, QP 29)            22448 bits [Y 41.0830 dB    U 43.8682 dB    V 44.7340 dB] [ET   701 ] [L0 12 8 ] [L1 14 16 ]
POC    15 TId: 5 (      STSA, B-SLICE, QP 29)            21344 bits [Y 41.0895 dB    U 44.2003 dB    V 44.7929 dB] [ET   582 ] [L0 14 12 ] [L1 16 14 ]

	Total Frames |   Bitrate     Y-PSNR    U-PSNR    V-PSNR    YUV-PSNR   
	       17    a    3430.7059   41.9847   44.5269   45.6457   42.6569

 finished @ Mon Apr 17 16:11:11 2023
 Total Time:    13245.235 sec. [user]    13246.781 sec. [elapsed]

Level: 0
Inject Calls: 14028620320
Errors injected by bit:
	Bit 0: 140829
	Bit 1: 140398
	Bit 2: 140029
	Bit 3: 139773
	Bit 4: 140301
	Bit 5: 140185
	Bit 6: 140136
	Bit 7: 140717

Total errors injected: 1122368
