vvencFFapp: Fraunhofer VVC Encoder ver. 1.5.0 [Linux][GCC 11.3.0][64 bit][SIMD=AVX2]
 started @ Fri Apr 21 06:47:05 2023
CODING TOOL CFG: CTU128 QT44BTT21 IBD:1 SAO:1 ALF:1 (NonLinLuma:0 NonLinChr:0) CCALF:1 Tiles:1x1 Slices:1 WPP:0 WPP-Substreams:1 TMVP:1 DQ:1 SDH:0 CST:1 BDOF:1 DMVR:1 MTSImplicit:1 SBT:0 JCbCr:1 CabacInitPresent:1 AMVR:5 SMVD:3 LMCS:2 (Signal:SDR Opt:0) CIIP:0 MIP:1 AFFINE:2 (PROF:1, Type:1) MMVD:3 DisFracMMVD:1 SbTMVP:1 GPM:3 LFNST:1 MTS:0 ISP:3 TS:2 TSLog2MaxSize:4 useChromaTS:0 BDPCM:2 IBC:2 BCW:0 
ENC. ALG. CFG: QPA:0 HAD:1 RDQ:1 RDQTS:1 ASR:1 MinSearchWindow:96 RestrictMESampling:0 EDO:2 MCTF:2 
PRE-ANALYSIS CFG: STA:1 LeadFrames:0 TrailFrames:0 
FAST TOOL CFG: ECU:0 FEN:1 FDM:1 FastSearch:4 (SCC:2) LCTUFast:1 FastMrg:2 PBIntraFast:1 AMaxBT:1 FastQtBtEnc:1 ContentBasedFastQtbt:0 FastMIP:3 FastIntraTools:0 IntraEstDecBit:2 FastLocalDualTree:1 IntegerET:0 FastSubPel:1 QtbttExtraFast:3 FastTTSplit:0 IBCFastMethod:3 FIM:0 ALFSpeed:0 QuantThr: 4 
RATE CONTROL CFG: RateControl:0 LookAhead:0 
PARALLEL PROCESSING CFG: NumThreads:0 MaxParallelFrames:0 WppBitEqual:0 WF:0 

POC     0 TId: 0 (  IDR_N_LP, I-SLICE, QP 24, TF 3)     399128 bits [Y 38.6505 dB    U 40.8666 dB    V 42.1124 dB] [ET   355 ] [L0 ] [L1 ]
POC    16 TId: 1 (      STSA, B-SLICE, QP 28, TF 2)     238480 bits [Y 38.5501 dB    U 40.3780 dB    V 41.5152 dB] [ET  1031 ] [L0 0 ] [L1 0 ]
POC     8 TId: 2 (      STSA, B-SLICE, QP 29, TF 1)     177848 bits [Y 37.2269 dB    U 39.5742 dB    V 40.7031 dB] [ET  1378 ] [L0 0 16 ] [L1 16 0 ]
POC     4 TId: 3 (      STSA, B-SLICE, QP 32, TF 0)      78568 bits [Y 35.9506 dB    U 39.1680 dB    V 40.3223 dB] [ET  1427 ] [L0 0 8 ] [L1 8 16 ]
POC     2 TId: 4 (      STSA, B-SLICE, QP 34)            45152 bits [Y 35.6515 dB    U 39.2746 dB    V 40.5001 dB] [ET  1119 ] [L0 0 4 ] [L1 4 8 ]
POC     1 TId: 5 (      STSA, B-SLICE, QP 36)            23464 bits [Y 35.3195 dB    U 39.5103 dB    V 40.7560 dB] [ET   748 ] [L0 0 2 ] [L1 2 4 ]
POC     3 TId: 5 (      STSA, B-SLICE, QP 36)            20952 bits [Y 34.9225 dB    U 38.8704 dB    V 40.1041 dB] [ET   884 ] [L0 2 0 ] [L1 4 8 ]
POC     6 TId: 4 (      STSA, B-SLICE, QP 34)            42320 bits [Y 35.4560 dB    U 38.8351 dB    V 40.0972 dB] [ET  1379 ] [L0 4 0 ] [L1 8 16 ]
POC     5 TId: 5 (      STSA, B-SLICE, QP 36)            19480 bits [Y 34.9025 dB    U 38.8420 dB    V 40.0922 dB] [ET   933 ] [L0 4 0 ] [L1 6 8 ]
POC     7 TId: 5 (      STSA, B-SLICE, QP 36)            20184 bits [Y 35.0154 dB    U 38.8054 dB    V 40.0405 dB] [ET  1025 ] [L0 6 4 ] [L1 8 16 ]
POC    12 TId: 3 (      STSA, B-SLICE, QP 32, TF 0)      79824 bits [Y 35.7951 dB    U 39.2562 dB    V 40.0845 dB] [ET  1505 ] [L0 8 0 ] [L1 16 8 ]
POC    10 TId: 4 (      STSA, B-SLICE, QP 34)            46704 bits [Y 35.3654 dB    U 38.8157 dB    V 39.7045 dB] [ET  1423 ] [L0 8 0 ] [L1 12 16 ]
POC     9 TId: 5 (      STSA, B-SLICE, QP 36)            20744 bits [Y 34.9854 dB    U 38.7343 dB    V 39.9407 dB] [ET   886 ] [L0 8 0 ] [L1 10 12 ]
POC    11 TId: 5 (      STSA, B-SLICE, QP 36)            20648 bits [Y 34.7504 dB    U 38.7662 dB    V 39.6822 dB] [ET  1002 ] [L0 10 8 ] [L1 12 16 ]
POC    14 TId: 4 (      STSA, B-SLICE, QP 34)            44320 bits [Y 35.3384 dB    U 38.9540 dB    V 39.9784 dB] [ET  1154 ] [L0 12 8 ] [L1 16 12 ]
POC    13 TId: 5 (      STSA, B-SLICE, QP 36)            19576 bits [Y 34.7911 dB    U 38.8526 dB    V 39.7422 dB] [ET   908 ] [L0 12 8 ] [L1 14 16 ]
POC    15 TId: 5 (      STSA, B-SLICE, QP 36)            19328 bits [Y 35.0005 dB    U 39.2143 dB    V 40.3207 dB] [ET   713 ] [L0 14 12 ] [L1 16 14 ]

	Total Frames |   Bitrate     Y-PSNR    U-PSNR    V-PSNR    YUV-PSNR   
	       17    a    2323.6235   35.7454   39.2187   40.3351   36.5931

 finished @ Fri Apr 21 11:45:14 2023
 Total Time:    17880.030 sec. [user]    17888.670 sec. [elapsed]

Level: 0
Inject Calls: 19807951840
Errors injected by bit:
	Bit 0: 197854
	Bit 1: 198798
	Bit 2: 197337
	Bit 3: 198079
	Bit 4: 197978
	Bit 5: 198212
	Bit 6: 197860
	Bit 7: 198352

Total errors injected: 1584470
