vvencFFapp: Fraunhofer VVC Encoder ver. 1.5.0 [Linux][GCC 11.3.0][64 bit][SIMD=AVX2]
 started @ Wed Apr 19 01:31:05 2023
CODING TOOL CFG: CTU128 QT44BTT21 IBD:1 SAO:1 ALF:1 (NonLinLuma:0 NonLinChr:0) CCALF:1 Tiles:1x1 Slices:1 WPP:0 WPP-Substreams:1 TMVP:1 DQ:1 SDH:0 CST:1 BDOF:1 DMVR:1 MTSImplicit:1 SBT:0 JCbCr:1 CabacInitPresent:1 AMVR:5 SMVD:3 LMCS:2 (Signal:SDR Opt:0) CIIP:0 MIP:1 AFFINE:2 (PROF:1, Type:1) MMVD:3 DisFracMMVD:1 SbTMVP:1 GPM:3 LFNST:1 MTS:0 ISP:3 TS:2 TSLog2MaxSize:4 useChromaTS:0 BDPCM:2 IBC:2 BCW:0 
ENC. ALG. CFG: QPA:0 HAD:1 RDQ:1 RDQTS:1 ASR:1 MinSearchWindow:96 RestrictMESampling:0 EDO:2 MCTF:2 
PRE-ANALYSIS CFG: STA:1 LeadFrames:0 TrailFrames:0 
FAST TOOL CFG: ECU:0 FEN:1 FDM:1 FastSearch:4 (SCC:2) LCTUFast:1 FastMrg:2 PBIntraFast:1 AMaxBT:1 FastQtBtEnc:1 ContentBasedFastQtbt:0 FastMIP:3 FastIntraTools:0 IntraEstDecBit:2 FastLocalDualTree:1 IntegerET:0 FastSubPel:1 QtbttExtraFast:3 FastTTSplit:0 IBCFastMethod:3 FIM:0 ALFSpeed:0 QuantThr: 4 
RATE CONTROL CFG: RateControl:0 LookAhead:0 
PARALLEL PROCESSING CFG: NumThreads:0 MaxParallelFrames:0 WppBitEqual:0 WF:0 

POC     0 TId: 0 (  IDR_N_LP, I-SLICE, QP 29, TF 2)     239000 bits [Y 37.7621 dB    U 41.1947 dB    V 42.2796 dB] [ET   306 ] [L0 ] [L1 ]
POC    16 TId: 1 (      STSA, B-SLICE, QP 34, TF 1)      48464 bits [Y 35.5585 dB    U 39.8867 dB    V 40.6003 dB] [ET   442 ] [L0 0 ] [L1 0 ]
POC     8 TId: 2 (      STSA, B-SLICE, QP 35, TF 0)      20768 bits [Y 35.7723 dB    U 40.3014 dB    V 41.1450 dB] [ET   504 ] [L0 0 16 ] [L1 16 0 ]
POC     4 TId: 3 (      STSA, B-SLICE, QP 38)             8168 bits [Y 35.6197 dB    U 40.6063 dB    V 41.5050 dB] [ET   430 ] [L0 0 8 ] [L1 8 16 ]
POC     2 TId: 4 (      STSA, B-SLICE, QP 40)             3688 bits [Y 35.8062 dB    U 40.9285 dB    V 41.9017 dB] [ET   252 ] [L0 0 4 ] [L1 4 8 ]
POC     1 TId: 5 (      STSA, B-SLICE, QP 41)             1352 bits [Y 36.3623 dB    U 41.0262 dB    V 42.1241 dB] [ET   176 ] [L0 0 2 ] [L1 2 4 ]
POC     3 TId: 5 (      STSA, B-SLICE, QP 41)             1408 bits [Y 35.3738 dB    U 40.8620 dB    V 41.7332 dB] [ET   204 ] [L0 2 0 ] [L1 4 8 ]
POC     6 TId: 4 (      STSA, B-SLICE, QP 40)             3976 bits [Y 35.1577 dB    U 40.4512 dB    V 41.3090 dB] [ET   305 ] [L0 4 0 ] [L1 8 16 ]
POC     5 TId: 5 (      STSA, B-SLICE, QP 41)             1488 bits [Y 35.0893 dB    U 40.4782 dB    V 41.4096 dB] [ET   219 ] [L0 4 0 ] [L1 6 8 ]
POC     7 TId: 5 (      STSA, B-SLICE, QP 41)             1376 bits [Y 35.2082 dB    U 40.3946 dB    V 41.2253 dB] [ET   232 ] [L0 6 4 ] [L1 8 16 ]
POC    12 TId: 3 (      STSA, B-SLICE, QP 38)            10168 bits [Y 34.9642 dB    U 40.0457 dB    V 40.8809 dB] [ET   466 ] [L0 8 0 ] [L1 16 8 ]
POC    10 TId: 4 (      STSA, B-SLICE, QP 40)             3664 bits [Y 34.7595 dB    U 40.1789 dB    V 41.0037 dB] [ET   332 ] [L0 8 0 ] [L1 12 16 ]
POC     9 TId: 5 (      STSA, B-SLICE, QP 41)             1552 bits [Y 34.9084 dB    U 40.2916 dB    V 41.0841 dB] [ET   235 ] [L0 8 0 ] [L1 10 12 ]
POC    11 TId: 5 (      STSA, B-SLICE, QP 41)             1800 bits [Y 34.6001 dB    U 40.0849 dB    V 40.9365 dB] [ET   221 ] [L0 10 8 ] [L1 12 16 ]
POC    14 TId: 4 (      STSA, B-SLICE, QP 40)             4440 bits [Y 34.5818 dB    U 39.9192 dB    V 40.7425 dB] [ET   288 ] [L0 12 8 ] [L1 16 12 ]
POC    13 TId: 5 (      STSA, B-SLICE, QP 41)             2152 bits [Y 34.5075 dB    U 40.0103 dB    V 40.7972 dB] [ET   238 ] [L0 12 8 ] [L1 14 16 ]
POC    15 TId: 5 (      STSA, B-SLICE, QP 41)             1944 bits [Y 34.5709 dB    U 39.9371 dB    V 40.6687 dB] [ET   182 ] [L0 14 12 ] [L1 16 14 ]

	Total Frames |   Bitrate     Y-PSNR    U-PSNR    V-PSNR    YUV-PSNR   
	       17    a    1254.3812   35.3296   40.3881   41.2557   36.4542

 finished @ Wed Apr 19 02:55:09 2023
 Total Time:     5043.070 sec. [user]     5043.626 sec. [elapsed]

Level: 0
Inject Calls: 5582081728
Errors injected by bit:
	Bit 0: 5382
	Bit 1: 5670
	Bit 2: 5659
	Bit 3: 5568
	Bit 4: 5768
	Bit 5: 5450
	Bit 6: 5670
	Bit 7: 5608

Total errors injected: 44775
