vvencFFapp: Fraunhofer VVC Encoder ver. 1.5.0 [Linux][GCC 11.3.0][64 bit][SIMD=AVX2]
 started @ Thu Apr 20 12:41:45 2023
CODING TOOL CFG: CTU128 QT44BTT21 IBD:1 SAO:1 ALF:1 (NonLinLuma:0 NonLinChr:0) CCALF:1 Tiles:1x1 Slices:1 WPP:0 WPP-Substreams:1 TMVP:1 DQ:1 SDH:0 CST:1 BDOF:1 DMVR:1 MTSImplicit:1 SBT:0 JCbCr:1 CabacInitPresent:1 AMVR:5 SMVD:3 LMCS:2 (Signal:SDR Opt:0) CIIP:0 MIP:1 AFFINE:2 (PROF:1, Type:1) MMVD:3 DisFracMMVD:1 SbTMVP:1 GPM:3 LFNST:1 MTS:0 ISP:3 TS:2 TSLog2MaxSize:4 useChromaTS:0 BDPCM:2 IBC:2 BCW:0 
ENC. ALG. CFG: QPA:0 HAD:1 RDQ:1 RDQTS:1 ASR:1 MinSearchWindow:96 RestrictMESampling:0 EDO:2 MCTF:2 
PRE-ANALYSIS CFG: STA:1 LeadFrames:0 TrailFrames:0 
FAST TOOL CFG: ECU:0 FEN:1 FDM:1 FastSearch:4 (SCC:2) LCTUFast:1 FastMrg:2 PBIntraFast:1 AMaxBT:1 FastQtBtEnc:1 ContentBasedFastQtbt:0 FastMIP:3 FastIntraTools:0 IntraEstDecBit:2 FastLocalDualTree:1 IntegerET:0 FastSubPel:1 QtbttExtraFast:3 FastTTSplit:0 IBCFastMethod:3 FIM:0 ALFSpeed:0 QuantThr: 4 
RATE CONTROL CFG: RateControl:0 LookAhead:0 
PARALLEL PROCESSING CFG: NumThreads:0 MaxParallelFrames:0 WppBitEqual:0 WF:0 

POC     0 TId: 0 (  IDR_N_LP, I-SLICE, QP 19, TF 3)     629392 bits [Y 41.1842 dB    U 43.2214 dB    V 44.1771 dB] [ET   438 ] [L0 ] [L1 ]
POC    16 TId: 1 (      STSA, B-SLICE, QP 22, TF 2)     440784 bits [Y 42.3086 dB    U 43.3361 dB    V 44.2354 dB] [ET  1271 ] [L0 0 ] [L1 0 ]
POC     8 TId: 2 (      STSA, B-SLICE, QP 23, TF 1)     352160 bits [Y 40.6861 dB    U 42.0345 dB    V 43.1951 dB] [ET  1572 ] [L0 0 16 ] [L1 16 0 ]
POC     4 TId: 3 (      STSA, B-SLICE, QP 26, TF 0)     177656 bits [Y 38.9381 dB    U 41.3853 dB    V 42.4893 dB] [ET  1637 ] [L0 0 8 ] [L1 8 16 ]
POC     2 TId: 4 (      STSA, B-SLICE, QP 28)           107080 bits [Y 38.3337 dB    U 41.4403 dB    V 42.5326 dB] [ET  1314 ] [L0 0 4 ] [L1 4 8 ]
POC     1 TId: 5 (      STSA, B-SLICE, QP 29)            67472 bits [Y 37.8735 dB    U 41.5020 dB    V 42.7010 dB] [ET   884 ] [L0 0 2 ] [L1 2 4 ]
POC     3 TId: 5 (      STSA, B-SLICE, QP 29)            64784 bits [Y 37.7037 dB    U 41.0387 dB    V 42.2089 dB] [ET  1087 ] [L0 2 0 ] [L1 4 8 ]
POC     6 TId: 4 (      STSA, B-SLICE, QP 28)           103552 bits [Y 38.3383 dB    U 41.1474 dB    V 42.3072 dB] [ET  1497 ] [L0 4 0 ] [L1 8 16 ]
POC     5 TId: 5 (      STSA, B-SLICE, QP 29)            60624 bits [Y 37.7337 dB    U 40.8922 dB    V 42.1226 dB] [ET  1136 ] [L0 4 0 ] [L1 6 8 ]
POC     7 TId: 5 (      STSA, B-SLICE, QP 29)            63336 bits [Y 37.8133 dB    U 40.9267 dB    V 42.0731 dB] [ET  1218 ] [L0 6 4 ] [L1 8 16 ]
POC    12 TId: 3 (      STSA, B-SLICE, QP 26, TF 0)     184152 bits [Y 38.9602 dB    U 41.5406 dB    V 42.3542 dB] [ET  1713 ] [L0 8 0 ] [L1 16 8 ]
POC    10 TId: 4 (      STSA, B-SLICE, QP 28)           115688 bits [Y 38.3212 dB    U 41.1462 dB    V 41.9597 dB] [ET  1810 ] [L0 8 0 ] [L1 12 16 ]
POC     9 TId: 5 (      STSA, B-SLICE, QP 29)            64712 bits [Y 37.8206 dB    U 40.9342 dB    V 42.1902 dB] [ET  1106 ] [L0 8 0 ] [L1 10 12 ]
POC    11 TId: 5 (      STSA, B-SLICE, QP 29)            67872 bits [Y 37.7269 dB    U 40.9691 dB    V 41.8126 dB] [ET  1223 ] [L0 10 8 ] [L1 12 16 ]
POC    14 TId: 4 (      STSA, B-SLICE, QP 28)           116200 bits [Y 38.3994 dB    U 41.2142 dB    V 42.2610 dB] [ET  1297 ] [L0 12 8 ] [L1 16 12 ]
POC    13 TId: 5 (      STSA, B-SLICE, QP 29)            65784 bits [Y 37.7625 dB    U 40.9486 dB    V 41.9790 dB] [ET  1109 ] [L0 12 8 ] [L1 14 16 ]
POC    15 TId: 5 (      STSA, B-SLICE, QP 29)            68592 bits [Y 37.8783 dB    U 41.2600 dB    V 42.4272 dB] [ET   937 ] [L0 14 12 ] [L1 16 14 ]

	Total Frames |   Bitrate     Y-PSNR    U-PSNR    V-PSNR    YUV-PSNR   
	       17    a    4852.6588   38.6931   41.4669   42.5309   39.3844

 finished @ Thu Apr 20 18:36:10 2023
 Total Time:    21253.565 sec. [user]    21265.202 sec. [elapsed]

Level: 0
Inject Calls: 22784995712
Errors injected by bit:
	Bit 0: 22789030
	Bit 1: 22788722
	Bit 2: 22787604
	Bit 3: 22784514
	Bit 4: 22788056
	Bit 5: 22792835
	Bit 6: 22781645
	Bit 7: 22785590

Total errors injected: 182297996
