vvencFFapp: Fraunhofer VVC Encoder ver. 1.5.0 [Linux][GCC 11.3.0][64 bit][SIMD=AVX2]
 started @ Wed Apr 19 04:36:10 2023
CODING TOOL CFG: CTU128 QT44BTT21 IBD:1 SAO:1 ALF:1 (NonLinLuma:0 NonLinChr:0) CCALF:1 Tiles:1x1 Slices:1 WPP:0 WPP-Substreams:1 TMVP:1 DQ:1 SDH:0 CST:1 BDOF:1 DMVR:1 MTSImplicit:1 SBT:0 JCbCr:1 CabacInitPresent:1 AMVR:5 SMVD:3 LMCS:2 (Signal:SDR Opt:0) CIIP:0 MIP:1 AFFINE:2 (PROF:1, Type:1) MMVD:3 DisFracMMVD:1 SbTMVP:1 GPM:3 LFNST:1 MTS:0 ISP:3 TS:2 TSLog2MaxSize:4 useChromaTS:0 BDPCM:2 IBC:2 BCW:0 
ENC. ALG. CFG: QPA:0 HAD:1 RDQ:1 RDQTS:1 ASR:1 MinSearchWindow:96 RestrictMESampling:0 EDO:2 MCTF:2 
PRE-ANALYSIS CFG: STA:1 LeadFrames:0 TrailFrames:0 
FAST TOOL CFG: ECU:0 FEN:1 FDM:1 FastSearch:4 (SCC:2) LCTUFast:1 FastMrg:2 PBIntraFast:1 AMaxBT:1 FastQtBtEnc:1 ContentBasedFastQtbt:0 FastMIP:3 FastIntraTools:0 IntraEstDecBit:2 FastLocalDualTree:1 IntegerET:0 FastSubPel:1 QtbttExtraFast:3 FastTTSplit:0 IBCFastMethod:3 FIM:0 ALFSpeed:0 QuantThr: 4 
RATE CONTROL CFG: RateControl:0 LookAhead:0 
PARALLEL PROCESSING CFG: NumThreads:0 MaxParallelFrames:0 WppBitEqual:0 WF:0 

POC     0 TId: 0 (  IDR_N_LP, I-SLICE, QP 34, TF 2)     142152 bits [Y 34.7290 dB    U 39.0714 dB    V 39.9878 dB] [ET   215 ] [L0 ] [L1 ]
POC    16 TId: 1 (      STSA, B-SLICE, QP 40, TF 1)      22400 bits [Y 32.2851 dB    U 38.2174 dB    V 38.8901 dB] [ET   377 ] [L0 0 ] [L1 0 ]
POC     8 TId: 2 (      STSA, B-SLICE, QP 40, TF 0)      11088 bits [Y 32.8928 dB    U 38.4699 dB    V 39.3136 dB] [ET   516 ] [L0 0 16 ] [L1 16 0 ]
POC     4 TId: 3 (      STSA, B-SLICE, QP 43)             4320 bits [Y 32.8446 dB    U 38.6505 dB    V 39.5135 dB] [ET   417 ] [L0 0 8 ] [L1 8 16 ]
POC     2 TId: 4 (      STSA, B-SLICE, QP 45)             1944 bits [Y 33.1211 dB    U 38.8820 dB    V 39.7393 dB] [ET   215 ] [L0 0 4 ] [L1 4 8 ]
POC     1 TId: 5 (      STSA, B-SLICE, QP 46)              680 bits [Y 33.6331 dB    U 38.9092 dB    V 39.9393 dB] [ET   150 ] [L0 0 2 ] [L1 2 4 ]
POC     3 TId: 5 (      STSA, B-SLICE, QP 46)              744 bits [Y 32.8256 dB    U 38.8384 dB    V 39.6790 dB] [ET   188 ] [L0 2 0 ] [L1 4 8 ]
POC     6 TId: 4 (      STSA, B-SLICE, QP 45)             1968 bits [Y 32.4102 dB    U 38.5841 dB    V 39.4150 dB] [ET   277 ] [L0 4 0 ] [L1 8 16 ]
POC     5 TId: 5 (      STSA, B-SLICE, QP 46)              904 bits [Y 32.4141 dB    U 38.5952 dB    V 39.4727 dB] [ET   207 ] [L0 4 0 ] [L1 6 8 ]
POC     7 TId: 5 (      STSA, B-SLICE, QP 46)              800 bits [Y 32.5584 dB    U 38.5662 dB    V 39.4114 dB] [ET   202 ] [L0 6 4 ] [L1 8 16 ]
POC    12 TId: 3 (      STSA, B-SLICE, QP 43)             5056 bits [Y 32.0270 dB    U 38.3232 dB    V 39.0906 dB] [ET   386 ] [L0 8 0 ] [L1 16 8 ]
POC    10 TId: 4 (      STSA, B-SLICE, QP 45)             1944 bits [Y 32.0596 dB    U 38.4138 dB    V 39.1959 dB] [ET   293 ] [L0 8 0 ] [L1 12 16 ]
POC     9 TId: 5 (      STSA, B-SLICE, QP 46)             1008 bits [Y 32.3718 dB    U 38.4913 dB    V 39.3165 dB] [ET   170 ] [L0 8 0 ] [L1 10 12 ]
POC    11 TId: 5 (      STSA, B-SLICE, QP 46)              832 bits [Y 31.8241 dB    U 38.3700 dB    V 39.1773 dB] [ET   172 ] [L0 10 8 ] [L1 12 16 ]
POC    14 TId: 4 (      STSA, B-SLICE, QP 45)             2200 bits [Y 31.6773 dB    U 38.2404 dB    V 38.9146 dB] [ET   192 ] [L0 12 8 ] [L1 16 12 ]
POC    13 TId: 5 (      STSA, B-SLICE, QP 46)             1040 bits [Y 31.6426 dB    U 38.3024 dB    V 39.0046 dB] [ET   201 ] [L0 12 8 ] [L1 14 16 ]
POC    15 TId: 5 (      STSA, B-SLICE, QP 46)             1136 bits [Y 31.8032 dB    U 38.2658 dB    V 38.9060 dB] [ET   165 ] [L0 14 12 ] [L1 16 14 ]

	Total Frames |   Bitrate     Y-PSNR    U-PSNR    V-PSNR    YUV-PSNR   
	       17    a     706.6447   32.5364   38.5407   39.3510   33.7689

 finished @ Wed Apr 19 05:48:47 2023
 Total Time:     4356.470 sec. [user]     4357.383 sec. [elapsed]

Level: 0
Inject Calls: 4775582368
Errors injected by bit:
	Bit 0: 47960
	Bit 1: 47877
	Bit 2: 47697
	Bit 3: 47645
	Bit 4: 47458
	Bit 5: 48109
	Bit 6: 47543
	Bit 7: 48117

Total errors injected: 382406
