vvencFFapp: Fraunhofer VVC Encoder ver. 1.5.0 [Linux][GCC 11.3.0][64 bit][SIMD=AVX2]
 started @ Wed Apr 19 04:26:08 2023
CODING TOOL CFG: CTU128 QT44BTT21 IBD:1 SAO:1 ALF:1 (NonLinLuma:0 NonLinChr:0) CCALF:1 Tiles:1x1 Slices:1 WPP:0 WPP-Substreams:1 TMVP:1 DQ:1 SDH:0 CST:1 BDOF:1 DMVR:1 MTSImplicit:1 SBT:0 JCbCr:1 CabacInitPresent:1 AMVR:5 SMVD:3 LMCS:2 (Signal:SDR Opt:0) CIIP:0 MIP:1 AFFINE:2 (PROF:1, Type:1) MMVD:3 DisFracMMVD:1 SbTMVP:1 GPM:3 LFNST:1 MTS:0 ISP:3 TS:2 TSLog2MaxSize:4 useChromaTS:0 BDPCM:2 IBC:2 BCW:0 
ENC. ALG. CFG: QPA:0 HAD:1 RDQ:1 RDQTS:1 ASR:1 MinSearchWindow:96 RestrictMESampling:0 EDO:2 MCTF:2 
PRE-ANALYSIS CFG: STA:1 LeadFrames:0 TrailFrames:0 
FAST TOOL CFG: ECU:0 FEN:1 FDM:1 FastSearch:4 (SCC:2) LCTUFast:1 FastMrg:2 PBIntraFast:1 AMaxBT:1 FastQtBtEnc:1 ContentBasedFastQtbt:0 FastMIP:3 FastIntraTools:0 IntraEstDecBit:2 FastLocalDualTree:1 IntegerET:0 FastSubPel:1 QtbttExtraFast:3 FastTTSplit:0 IBCFastMethod:3 FIM:0 ALFSpeed:0 QuantThr: 4 
RATE CONTROL CFG: RateControl:0 LookAhead:0 
PARALLEL PROCESSING CFG: NumThreads:0 MaxParallelFrames:0 WppBitEqual:0 WF:0 

POC     0 TId: 0 (  IDR_N_LP, I-SLICE, QP 34, TF 2)     142152 bits [Y 34.7290 dB    U 39.0714 dB    V 39.9878 dB] [ET   225 ] [L0 ] [L1 ]
POC    16 TId: 1 (      STSA, B-SLICE, QP 40, TF 1)      22400 bits [Y 32.2801 dB    U 38.1898 dB    V 38.8720 dB] [ET   370 ] [L0 0 ] [L1 0 ]
POC     8 TId: 2 (      STSA, B-SLICE, QP 40, TF 0)      10992 bits [Y 32.8812 dB    U 38.5173 dB    V 39.3722 dB] [ET   514 ] [L0 0 16 ] [L1 16 0 ]
POC     4 TId: 3 (      STSA, B-SLICE, QP 43)             4336 bits [Y 32.8262 dB    U 38.6886 dB    V 39.4994 dB] [ET   348 ] [L0 0 8 ] [L1 8 16 ]
POC     2 TId: 4 (      STSA, B-SLICE, QP 45)             1808 bits [Y 33.0852 dB    U 38.8477 dB    V 39.7428 dB] [ET   197 ] [L0 0 4 ] [L1 4 8 ]
POC     1 TId: 5 (      STSA, B-SLICE, QP 46)              688 bits [Y 33.5784 dB    U 38.9280 dB    V 39.9445 dB] [ET   144 ] [L0 0 2 ] [L1 2 4 ]
POC     3 TId: 5 (      STSA, B-SLICE, QP 46)              712 bits [Y 32.7684 dB    U 38.8496 dB    V 39.6590 dB] [ET   183 ] [L0 2 0 ] [L1 4 8 ]
POC     6 TId: 4 (      STSA, B-SLICE, QP 45)             1880 bits [Y 32.4135 dB    U 38.5755 dB    V 39.3964 dB] [ET   248 ] [L0 4 0 ] [L1 8 16 ]
POC     5 TId: 5 (      STSA, B-SLICE, QP 46)              840 bits [Y 32.3989 dB    U 38.6086 dB    V 39.4666 dB] [ET   191 ] [L0 4 0 ] [L1 6 8 ]
POC     7 TId: 5 (      STSA, B-SLICE, QP 46)              712 bits [Y 32.4629 dB    U 38.5867 dB    V 39.4500 dB] [ET   195 ] [L0 6 4 ] [L1 8 16 ]
POC    12 TId: 3 (      STSA, B-SLICE, QP 43)             5096 bits [Y 32.0272 dB    U 38.3352 dB    V 39.1310 dB] [ET   402 ] [L0 8 0 ] [L1 16 8 ]
POC    10 TId: 4 (      STSA, B-SLICE, QP 45)             1952 bits [Y 32.0557 dB    U 38.4365 dB    V 39.2356 dB] [ET   303 ] [L0 8 0 ] [L1 12 16 ]
POC     9 TId: 5 (      STSA, B-SLICE, QP 46)              984 bits [Y 32.3465 dB    U 38.5281 dB    V 39.3468 dB] [ET   198 ] [L0 8 0 ] [L1 10 12 ]
POC    11 TId: 5 (      STSA, B-SLICE, QP 46)              864 bits [Y 31.8566 dB    U 38.3487 dB    V 39.1332 dB] [ET   197 ] [L0 10 8 ] [L1 12 16 ]
POC    14 TId: 4 (      STSA, B-SLICE, QP 45)             2256 bits [Y 31.7223 dB    U 38.2369 dB    V 38.9357 dB] [ET   217 ] [L0 12 8 ] [L1 16 12 ]
POC    13 TId: 5 (      STSA, B-SLICE, QP 46)             1000 bits [Y 31.6560 dB    U 38.3155 dB    V 39.0415 dB] [ET   184 ] [L0 12 8 ] [L1 14 16 ]
POC    15 TId: 5 (      STSA, B-SLICE, QP 46)             1064 bits [Y 31.7794 dB    U 38.2848 dB    V 38.9952 dB] [ET   149 ] [L0 14 12 ] [L1 16 14 ]

	Total Frames |   Bitrate     Y-PSNR    U-PSNR    V-PSNR    YUV-PSNR   
	       17    a     704.9506   32.5216   38.5499   39.3653   33.7587

 finished @ Wed Apr 19 05:37:26 2023
 Total Time:     4276.877 sec. [user]     4277.866 sec. [elapsed]

Level: 0
Inject Calls: 4672458176
Errors injected by bit:
	Bit 0: 46632
	Bit 1: 46776
	Bit 2: 46815
	Bit 3: 46487
	Bit 4: 46572
	Bit 5: 47080
	Bit 6: 46500
	Bit 7: 46792

Total errors injected: 373654
