vvencFFapp: Fraunhofer VVC Encoder ver. 1.5.0 [Linux][GCC 11.3.0][64 bit][SIMD=AVX2]
 started @ Thu Apr 20 12:46:45 2023
CODING TOOL CFG: CTU128 QT44BTT21 IBD:1 SAO:1 ALF:1 (NonLinLuma:0 NonLinChr:0) CCALF:1 Tiles:1x1 Slices:1 WPP:0 WPP-Substreams:1 TMVP:1 DQ:1 SDH:0 CST:1 BDOF:1 DMVR:1 MTSImplicit:1 SBT:0 JCbCr:1 CabacInitPresent:1 AMVR:5 SMVD:3 LMCS:2 (Signal:SDR Opt:0) CIIP:0 MIP:1 AFFINE:2 (PROF:1, Type:1) MMVD:3 DisFracMMVD:1 SbTMVP:1 GPM:3 LFNST:1 MTS:0 ISP:3 TS:2 TSLog2MaxSize:4 useChromaTS:0 BDPCM:2 IBC:2 BCW:0 
ENC. ALG. CFG: QPA:0 HAD:1 RDQ:1 RDQTS:1 ASR:1 MinSearchWindow:96 RestrictMESampling:0 EDO:2 MCTF:2 
PRE-ANALYSIS CFG: STA:1 LeadFrames:0 TrailFrames:0 
FAST TOOL CFG: ECU:0 FEN:1 FDM:1 FastSearch:4 (SCC:2) LCTUFast:1 FastMrg:2 PBIntraFast:1 AMaxBT:1 FastQtBtEnc:1 ContentBasedFastQtbt:0 FastMIP:3 FastIntraTools:0 IntraEstDecBit:2 FastLocalDualTree:1 IntegerET:0 FastSubPel:1 QtbttExtraFast:3 FastTTSplit:0 IBCFastMethod:3 FIM:0 ALFSpeed:0 QuantThr: 4 
RATE CONTROL CFG: RateControl:0 LookAhead:0 
PARALLEL PROCESSING CFG: NumThreads:0 MaxParallelFrames:0 WppBitEqual:0 WF:0 

POC     0 TId: 0 (  IDR_N_LP, I-SLICE, QP 19, TF 3)     629392 bits [Y 41.1842 dB    U 43.2214 dB    V 44.1771 dB] [ET   433 ] [L0 ] [L1 ]
POC    16 TId: 1 (      STSA, B-SLICE, QP 22, TF 2)     442616 bits [Y 42.2935 dB    U 43.3806 dB    V 44.2816 dB] [ET  1234 ] [L0 0 ] [L1 0 ]
POC     8 TId: 2 (      STSA, B-SLICE, QP 23, TF 1)     350520 bits [Y 40.6631 dB    U 42.0825 dB    V 43.2634 dB] [ET  1534 ] [L0 0 16 ] [L1 16 0 ]
POC     4 TId: 3 (      STSA, B-SLICE, QP 26, TF 0)     176232 bits [Y 38.9223 dB    U 41.3930 dB    V 42.5788 dB] [ET  1646 ] [L0 0 8 ] [L1 8 16 ]
POC     2 TId: 4 (      STSA, B-SLICE, QP 28)           107912 bits [Y 38.3431 dB    U 41.4535 dB    V 42.5752 dB] [ET  1294 ] [L0 0 4 ] [L1 4 8 ]
POC     1 TId: 5 (      STSA, B-SLICE, QP 29)            67952 bits [Y 37.9027 dB    U 41.5181 dB    V 42.7252 dB] [ET   922 ] [L0 0 2 ] [L1 2 4 ]
POC     3 TId: 5 (      STSA, B-SLICE, QP 29)            65728 bits [Y 37.7263 dB    U 41.0338 dB    V 42.3009 dB] [ET  1108 ] [L0 2 0 ] [L1 4 8 ]
POC     6 TId: 4 (      STSA, B-SLICE, QP 28)           103136 bits [Y 38.3353 dB    U 41.1816 dB    V 42.3845 dB] [ET  1534 ] [L0 4 0 ] [L1 8 16 ]
POC     5 TId: 5 (      STSA, B-SLICE, QP 29)            61232 bits [Y 37.7258 dB    U 40.9215 dB    V 42.2564 dB] [ET  1066 ] [L0 4 0 ] [L1 6 8 ]
POC     7 TId: 5 (      STSA, B-SLICE, QP 29)            64192 bits [Y 37.8143 dB    U 40.9420 dB    V 42.1599 dB] [ET  1092 ] [L0 6 4 ] [L1 8 16 ]
POC    12 TId: 3 (      STSA, B-SLICE, QP 26, TF 0)     188584 bits [Y 38.9799 dB    U 41.5592 dB    V 42.4319 dB] [ET  1731 ] [L0 8 0 ] [L1 16 8 ]
POC    10 TId: 4 (      STSA, B-SLICE, QP 28)           114104 bits [Y 38.3179 dB    U 41.2157 dB    V 42.0049 dB] [ET  1722 ] [L0 8 0 ] [L1 12 16 ]
POC     9 TId: 5 (      STSA, B-SLICE, QP 29)            64496 bits [Y 37.8262 dB    U 40.9877 dB    V 42.1677 dB] [ET  1087 ] [L0 8 0 ] [L1 10 12 ]
POC    11 TId: 5 (      STSA, B-SLICE, QP 29)            68640 bits [Y 37.7357 dB    U 41.0087 dB    V 41.8103 dB] [ET  1195 ] [L0 10 8 ] [L1 12 16 ]
POC    14 TId: 4 (      STSA, B-SLICE, QP 28)           116776 bits [Y 38.4044 dB    U 41.1854 dB    V 42.3239 dB] [ET  1430 ] [L0 12 8 ] [L1 16 12 ]
POC    13 TId: 5 (      STSA, B-SLICE, QP 29)            65776 bits [Y 37.7528 dB    U 41.0249 dB    V 42.0042 dB] [ET  1122 ] [L0 12 8 ] [L1 14 16 ]
POC    15 TId: 5 (      STSA, B-SLICE, QP 29)            68888 bits [Y 37.8728 dB    U 41.2612 dB    V 42.4214 dB] [ET   943 ] [L0 14 12 ] [L1 16 14 ]

	Total Frames |   Bitrate     Y-PSNR    U-PSNR    V-PSNR    YUV-PSNR   
	       17    a    4863.8400   38.6941   41.4924   42.5804   39.3932

 finished @ Thu Apr 20 18:38:35 2023
 Total Time:    21097.880 sec. [user]    21110.368 sec. [elapsed]

Level: 0
Inject Calls: 22740969184
Errors injected by bit:
	Bit 0: 22732054
	Bit 1: 22745038
	Bit 2: 22740940
	Bit 3: 22737928
	Bit 4: 22736464
	Bit 5: 22738896
	Bit 6: 22737946
	Bit 7: 22740941

Total errors injected: 181910207
