vvencFFapp: Fraunhofer VVC Encoder ver. 1.5.0 [Linux][GCC 11.3.0][64 bit][SIMD=AVX2]
 started @ Wed Apr 19 00:11:05 2023
CODING TOOL CFG: CTU128 QT44BTT21 IBD:1 SAO:1 ALF:1 (NonLinLuma:0 NonLinChr:0) CCALF:1 Tiles:1x1 Slices:1 WPP:0 WPP-Substreams:1 TMVP:1 DQ:1 SDH:0 CST:1 BDOF:1 DMVR:1 MTSImplicit:1 SBT:0 JCbCr:1 CabacInitPresent:1 AMVR:5 SMVD:3 LMCS:2 (Signal:SDR Opt:0) CIIP:0 MIP:1 AFFINE:2 (PROF:1, Type:1) MMVD:3 DisFracMMVD:1 SbTMVP:1 GPM:3 LFNST:1 MTS:0 ISP:3 TS:2 TSLog2MaxSize:4 useChromaTS:0 BDPCM:2 IBC:2 BCW:0 
ENC. ALG. CFG: QPA:0 HAD:1 RDQ:1 RDQTS:1 ASR:1 MinSearchWindow:96 RestrictMESampling:0 EDO:2 MCTF:2 
PRE-ANALYSIS CFG: STA:1 LeadFrames:0 TrailFrames:0 
FAST TOOL CFG: ECU:0 FEN:1 FDM:1 FastSearch:4 (SCC:2) LCTUFast:1 FastMrg:2 PBIntraFast:1 AMaxBT:1 FastQtBtEnc:1 ContentBasedFastQtbt:0 FastMIP:3 FastIntraTools:0 IntraEstDecBit:2 FastLocalDualTree:1 IntegerET:0 FastSubPel:1 QtbttExtraFast:3 FastTTSplit:0 IBCFastMethod:3 FIM:0 ALFSpeed:0 QuantThr: 4 
RATE CONTROL CFG: RateControl:0 LookAhead:0 
PARALLEL PROCESSING CFG: NumThreads:0 MaxParallelFrames:0 WppBitEqual:0 WF:0 

POC     0 TId: 0 (  IDR_N_LP, I-SLICE, QP 29, TF 2)     239000 bits [Y 37.7621 dB    U 41.1947 dB    V 42.2796 dB] [ET   369 ] [L0 ] [L1 ]
POC    16 TId: 1 (      STSA, B-SLICE, QP 34, TF 1)      48312 bits [Y 35.5462 dB    U 39.8712 dB    V 40.6302 dB] [ET   466 ] [L0 0 ] [L1 0 ]
POC     8 TId: 2 (      STSA, B-SLICE, QP 35, TF 0)      20464 bits [Y 35.7354 dB    U 40.2100 dB    V 41.2080 dB] [ET   486 ] [L0 0 16 ] [L1 16 0 ]
POC     4 TId: 3 (      STSA, B-SLICE, QP 38)             8120 bits [Y 35.5971 dB    U 40.6358 dB    V 41.5201 dB] [ET   394 ] [L0 0 8 ] [L1 8 16 ]
POC     2 TId: 4 (      STSA, B-SLICE, QP 40)             3440 bits [Y 35.8176 dB    U 40.8832 dB    V 41.8415 dB] [ET   258 ] [L0 0 4 ] [L1 4 8 ]
POC     1 TId: 5 (      STSA, B-SLICE, QP 41)             1424 bits [Y 36.3684 dB    U 41.0452 dB    V 42.1219 dB] [ET   167 ] [L0 0 2 ] [L1 2 4 ]
POC     3 TId: 5 (      STSA, B-SLICE, QP 41)             1464 bits [Y 35.3343 dB    U 40.8275 dB    V 41.7092 dB] [ET   240 ] [L0 2 0 ] [L1 4 8 ]
POC     6 TId: 4 (      STSA, B-SLICE, QP 40)             3680 bits [Y 35.1162 dB    U 40.4609 dB    V 41.4028 dB] [ET   323 ] [L0 4 0 ] [L1 8 16 ]
POC     5 TId: 5 (      STSA, B-SLICE, QP 41)             1608 bits [Y 35.0452 dB    U 40.4990 dB    V 41.4593 dB] [ET   214 ] [L0 4 0 ] [L1 6 8 ]
POC     7 TId: 5 (      STSA, B-SLICE, QP 41)             1224 bits [Y 35.1549 dB    U 40.3425 dB    V 41.3237 dB] [ET   219 ] [L0 6 4 ] [L1 8 16 ]
POC    12 TId: 3 (      STSA, B-SLICE, QP 38)            10384 bits [Y 34.9512 dB    U 40.0450 dB    V 40.8953 dB] [ET   481 ] [L0 8 0 ] [L1 16 8 ]
POC    10 TId: 4 (      STSA, B-SLICE, QP 40)             4032 bits [Y 34.8094 dB    U 40.1319 dB    V 40.9716 dB] [ET   339 ] [L0 8 0 ] [L1 12 16 ]
POC     9 TId: 5 (      STSA, B-SLICE, QP 41)             1680 bits [Y 34.9854 dB    U 40.2338 dB    V 41.1692 dB] [ET   254 ] [L0 8 0 ] [L1 10 12 ]
POC    11 TId: 5 (      STSA, B-SLICE, QP 41)             1784 bits [Y 34.6242 dB    U 40.0584 dB    V 40.9359 dB] [ET   210 ] [L0 10 8 ] [L1 12 16 ]
POC    14 TId: 4 (      STSA, B-SLICE, QP 40)             4696 bits [Y 34.5600 dB    U 39.9320 dB    V 40.7900 dB] [ET   242 ] [L0 12 8 ] [L1 16 12 ]
POC    13 TId: 5 (      STSA, B-SLICE, QP 41)             2152 bits [Y 34.4796 dB    U 40.0024 dB    V 40.8472 dB] [ET   200 ] [L0 12 8 ] [L1 14 16 ]
POC    15 TId: 5 (      STSA, B-SLICE, QP 41)             2120 bits [Y 34.6064 dB    U 39.9098 dB    V 40.6547 dB] [ET   238 ] [L0 14 12 ] [L1 16 14 ]

	Total Frames |   Bitrate     Y-PSNR    U-PSNR    V-PSNR    YUV-PSNR   
	       17    a    1255.0024   35.3232   40.3696   41.2800   36.4493

 finished @ Wed Apr 19 01:36:19 2023
 Total Time:     5108.673 sec. [user]     5113.683 sec. [elapsed]

Level: 0
Inject Calls: 5557113312
Errors injected by bit:
	Bit 0: 555421
	Bit 1: 555371
	Bit 2: 555212
	Bit 3: 555360
	Bit 4: 556444
	Bit 5: 554966
	Bit 6: 554414
	Bit 7: 555506

Total errors injected: 4442694
