vvencFFapp: Fraunhofer VVC Encoder ver. 1.5.0 [Linux][GCC 11.3.0][64 bit][SIMD=AVX2]
 started @ Mon Apr 17 20:00:33 2023
CODING TOOL CFG: CTU128 QT44BTT21 IBD:1 SAO:1 ALF:1 (NonLinLuma:0 NonLinChr:0) CCALF:1 Tiles:1x1 Slices:1 WPP:0 WPP-Substreams:1 TMVP:1 DQ:1 SDH:0 CST:1 BDOF:1 DMVR:1 MTSImplicit:1 SBT:0 JCbCr:1 CabacInitPresent:1 AMVR:5 SMVD:3 LMCS:2 (Signal:SDR Opt:0) CIIP:0 MIP:1 AFFINE:2 (PROF:1, Type:1) MMVD:3 DisFracMMVD:1 SbTMVP:1 GPM:3 LFNST:1 MTS:0 ISP:3 TS:2 TSLog2MaxSize:4 useChromaTS:0 BDPCM:2 IBC:2 BCW:0 
ENC. ALG. CFG: QPA:0 HAD:1 RDQ:1 RDQTS:1 ASR:1 MinSearchWindow:96 RestrictMESampling:0 EDO:2 MCTF:2 
PRE-ANALYSIS CFG: STA:1 LeadFrames:0 TrailFrames:0 
FAST TOOL CFG: ECU:0 FEN:1 FDM:1 FastSearch:4 (SCC:2) LCTUFast:1 FastMrg:2 PBIntraFast:1 AMaxBT:1 FastQtBtEnc:1 ContentBasedFastQtbt:0 FastMIP:3 FastIntraTools:0 IntraEstDecBit:2 FastLocalDualTree:1 IntegerET:0 FastSubPel:1 QtbttExtraFast:3 FastTTSplit:0 IBCFastMethod:3 FIM:0 ALFSpeed:0 QuantThr: 4 
RATE CONTROL CFG: RateControl:0 LookAhead:0 
PARALLEL PROCESSING CFG: NumThreads:0 MaxParallelFrames:0 WppBitEqual:0 WF:0 

POC     0 TId: 0 (  IDR_N_LP, I-SLICE, QP 24, TF 3)     303696 bits [Y 41.6478 dB    U 43.8365 dB    V 45.0113 dB] [ET   366 ] [L0 ] [L1 ]
POC    16 TId: 1 (      STSA, B-SLICE, QP 28, TF 2)      64808 bits [Y 39.5509 dB    U 42.4624 dB    V 43.1149 dB] [ET   610 ] [L0 0 ] [L1 0 ]
POC     8 TId: 2 (      STSA, B-SLICE, QP 29, TF 1)      38440 bits [Y 39.4633 dB    U 42.5099 dB    V 43.4765 dB] [ET   776 ] [L0 0 16 ] [L1 16 0 ]
POC     4 TId: 3 (      STSA, B-SLICE, QP 32, TF 0)      22984 bits [Y 39.1012 dB    U 42.2126 dB    V 43.1177 dB] [ET   802 ] [L0 0 8 ] [L1 8 16 ]
POC     2 TId: 4 (      STSA, B-SLICE, QP 34)            10832 bits [Y 39.1519 dB    U 42.7014 dB    V 43.4245 dB] [ET   624 ] [L0 0 4 ] [L1 4 8 ]
POC     1 TId: 5 (      STSA, B-SLICE, QP 36)              240 bits [Y 41.6478 dB    U 43.8365 dB    V 45.0113 dB] [ET   187 ] [L0 0 2 ] [L1 2 4 ]
POC     3 TId: 5 (      STSA, B-SLICE, QP 36)             6864 bits [Y 38.4947 dB    U 42.1569 dB    V 42.8337 dB] [ET   482 ] [L0 2 0 ] [L1 4 8 ]
POC     6 TId: 4 (      STSA, B-SLICE, QP 34)            14736 bits [Y 38.7382 dB    U 42.0873 dB    V 42.8836 dB] [ET   830 ] [L0 4 0 ] [L1 8 16 ]
POC     5 TId: 5 (      STSA, B-SLICE, QP 36)             7216 bits [Y 38.1486 dB    U 41.8727 dB    V 42.7123 dB] [ET   526 ] [L0 4 0 ] [L1 6 8 ]
POC     7 TId: 5 (      STSA, B-SLICE, QP 36)             7208 bits [Y 37.9752 dB    U 42.1365 dB    V 42.7490 dB] [ET   592 ] [L0 6 4 ] [L1 8 16 ]
POC    12 TId: 3 (      STSA, B-SLICE, QP 32, TF 0)      26200 bits [Y 38.5319 dB    U 41.8611 dB    V 42.4387 dB] [ET   870 ] [L0 8 0 ] [L1 16 8 ]
POC    10 TId: 4 (      STSA, B-SLICE, QP 34)            15768 bits [Y 38.3022 dB    U 41.8282 dB    V 42.5159 dB] [ET   892 ] [L0 8 0 ] [L1 12 16 ]
POC     9 TId: 5 (      STSA, B-SLICE, QP 36)             7040 bits [Y 38.3455 dB    U 42.0730 dB    V 42.7014 dB] [ET   536 ] [L0 8 0 ] [L1 10 12 ]
POC    11 TId: 5 (      STSA, B-SLICE, QP 36)             7936 bits [Y 38.0057 dB    U 41.8296 dB    V 42.1545 dB] [ET   642 ] [L0 10 8 ] [L1 12 16 ]
POC    14 TId: 4 (      STSA, B-SLICE, QP 34)            16856 bits [Y 38.2765 dB    U 41.6698 dB    V 42.0408 dB] [ET   664 ] [L0 12 8 ] [L1 16 12 ]
POC    13 TId: 5 (      STSA, B-SLICE, QP 36)             7800 bits [Y 37.8306 dB    U 41.7339 dB    V 42.1848 dB] [ET   421 ] [L0 12 8 ] [L1 14 16 ]
POC    15 TId: 5 (      STSA, B-SLICE, QP 36)             6872 bits [Y 37.9457 dB    U 41.8246 dB    V 42.1332 dB] [ET   389 ] [L0 14 12 ] [L1 16 14 ]

	Total Frames |   Bitrate     Y-PSNR    U-PSNR    V-PSNR    YUV-PSNR   
	       17    a    1663.2235   38.8916   42.2725   42.9708   39.6999

 finished @ Mon Apr 17 22:50:59 2023
 Total Time:    10220.159 sec. [user]    10225.403 sec. [elapsed]

Level: 0
Inject Calls: 11356776320
Errors injected by bit:
	Bit 0: 113577
	Bit 1: 113297
	Bit 2: 113520
	Bit 3: 112995
	Bit 4: 113565
	Bit 5: 113651
	Bit 6: 113166
	Bit 7: 113230

Total errors injected: 907001
