vvencFFapp: Fraunhofer VVC Encoder ver. 1.5.0 [Linux][GCC 11.3.0][64 bit][SIMD=AVX2]
 started @ Tue Apr 18 12:55:52 2023
CODING TOOL CFG: CTU128 QT44BTT21 IBD:1 SAO:1 ALF:1 (NonLinLuma:0 NonLinChr:0) CCALF:1 Tiles:1x1 Slices:1 WPP:0 WPP-Substreams:1 TMVP:1 DQ:1 SDH:0 CST:1 BDOF:1 DMVR:1 MTSImplicit:1 SBT:0 JCbCr:1 CabacInitPresent:1 AMVR:5 SMVD:3 LMCS:2 (Signal:SDR Opt:0) CIIP:0 MIP:1 AFFINE:2 (PROF:1, Type:1) MMVD:3 DisFracMMVD:1 SbTMVP:1 GPM:3 LFNST:1 MTS:0 ISP:3 TS:2 TSLog2MaxSize:4 useChromaTS:0 BDPCM:2 IBC:2 BCW:0 
ENC. ALG. CFG: QPA:0 HAD:1 RDQ:1 RDQTS:1 ASR:1 MinSearchWindow:96 RestrictMESampling:0 EDO:2 MCTF:2 
PRE-ANALYSIS CFG: STA:1 LeadFrames:0 TrailFrames:0 
FAST TOOL CFG: ECU:0 FEN:1 FDM:1 FastSearch:4 (SCC:2) LCTUFast:1 FastMrg:2 PBIntraFast:1 AMaxBT:1 FastQtBtEnc:1 ContentBasedFastQtbt:0 FastMIP:3 FastIntraTools:0 IntraEstDecBit:2 FastLocalDualTree:1 IntegerET:0 FastSubPel:1 QtbttExtraFast:3 FastTTSplit:0 IBCFastMethod:3 FIM:0 ALFSpeed:0 QuantThr: 4 
RATE CONTROL CFG: RateControl:0 LookAhead:0 
PARALLEL PROCESSING CFG: NumThreads:0 MaxParallelFrames:0 WppBitEqual:0 WF:0 

POC     0 TId: 0 (  IDR_N_LP, I-SLICE, QP 19, TF 3)     581848 bits [Y 42.2672 dB    U 45.0524 dB    V 46.9660 dB] [ET   481 ] [L0 ] [L1 ]
POC    16 TId: 1 (      STSA, B-SLICE, QP 22, TF 2)     216112 bits [Y 41.6010 dB    U 44.2068 dB    V 45.8861 dB] [ET   708 ] [L0 0 ] [L1 0 ]
POC     8 TId: 2 (      STSA, B-SLICE, QP 23, TF 1)      98576 bits [Y 40.9575 dB    U 44.1934 dB    V 46.0077 dB] [ET   751 ] [L0 0 16 ] [L1 16 0 ]
POC     4 TId: 3 (      STSA, B-SLICE, QP 26, TF 0)      43328 bits [Y 40.5734 dB    U 44.2968 dB    V 46.0944 dB] [ET   644 ] [L0 0 8 ] [L1 8 16 ]
POC     2 TId: 4 (      STSA, B-SLICE, QP 28)            21080 bits [Y 40.5706 dB    U 44.6239 dB    V 46.4299 dB] [ET   458 ] [L0 0 4 ] [L1 4 8 ]
POC     1 TId: 5 (      STSA, B-SLICE, QP 29)             9096 bits [Y 40.8527 dB    U 44.8203 dB    V 46.7005 dB] [ET   376 ] [L0 0 2 ] [L1 2 4 ]
POC     3 TId: 5 (      STSA, B-SLICE, QP 29)            10128 bits [Y 40.2450 dB    U 44.4764 dB    V 46.1892 dB] [ET   417 ] [L0 2 0 ] [L1 4 8 ]
POC     6 TId: 4 (      STSA, B-SLICE, QP 28)            21328 bits [Y 40.1359 dB    U 44.1377 dB    V 45.8985 dB] [ET   561 ] [L0 4 0 ] [L1 8 16 ]
POC     5 TId: 5 (      STSA, B-SLICE, QP 29)            10184 bits [Y 40.0141 dB    U 44.0932 dB    V 45.9320 dB] [ET   424 ] [L0 4 0 ] [L1 6 8 ]
POC     7 TId: 5 (      STSA, B-SLICE, QP 29)             9704 bits [Y 40.1033 dB    U 44.1892 dB    V 45.8168 dB] [ET   478 ] [L0 6 4 ] [L1 8 16 ]
POC    12 TId: 3 (      STSA, B-SLICE, QP 26, TF 0)      48904 bits [Y 40.2515 dB    U 43.9783 dB    V 45.5787 dB] [ET   695 ] [L0 8 0 ] [L1 16 8 ]
POC    10 TId: 4 (      STSA, B-SLICE, QP 28)            23216 bits [Y 40.0630 dB    U 44.0095 dB    V 45.6042 dB] [ET   641 ] [L0 8 0 ] [L1 12 16 ]
POC     9 TId: 5 (      STSA, B-SLICE, QP 29)            10376 bits [Y 40.0372 dB    U 44.0925 dB    V 45.8316 dB] [ET   422 ] [L0 8 0 ] [L1 10 12 ]
POC    11 TId: 5 (      STSA, B-SLICE, QP 29)            10720 bits [Y 39.8256 dB    U 43.9502 dB    V 45.6147 dB] [ET   403 ] [L0 10 8 ] [L1 12 16 ]
POC    14 TId: 4 (      STSA, B-SLICE, QP 28)            27568 bits [Y 39.9851 dB    U 43.8731 dB    V 45.4716 dB] [ET   517 ] [L0 12 8 ] [L1 16 12 ]
POC    13 TId: 5 (      STSA, B-SLICE, QP 29)            12568 bits [Y 39.7480 dB    U 43.8609 dB    V 45.4754 dB] [ET   475 ] [L0 12 8 ] [L1 14 16 ]
POC    15 TId: 5 (      STSA, B-SLICE, QP 29)            13760 bits [Y 39.9382 dB    U 43.9428 dB    V 45.5064 dB] [ET   355 ] [L0 14 12 ] [L1 16 14 ]

	Total Frames |   Bitrate     Y-PSNR    U-PSNR    V-PSNR    YUV-PSNR   
	       17    a    4124.1035   40.4217   44.2234   45.9414   41.4439

 finished @ Tue Apr 18 15:22:53 2023
 Total Time:     8807.392 sec. [user]     8821.174 sec. [elapsed]

Level: 0
Inject Calls: 8927547616
Errors injected by bit:
	Bit 0: 892085
	Bit 1: 891796
	Bit 2: 894131
	Bit 3: 893920
	Bit 4: 893522
	Bit 5: 892631
	Bit 6: 892664
	Bit 7: 893782

Total errors injected: 7144531
