vvencFFapp: Fraunhofer VVC Encoder ver. 1.5.0 [Linux][GCC 11.3.0][64 bit][SIMD=AVX2]
 started @ Thu Apr 20 12:51:45 2023
CODING TOOL CFG: CTU128 QT44BTT21 IBD:1 SAO:1 ALF:1 (NonLinLuma:0 NonLinChr:0) CCALF:1 Tiles:1x1 Slices:1 WPP:0 WPP-Substreams:1 TMVP:1 DQ:1 SDH:0 CST:1 BDOF:1 DMVR:1 MTSImplicit:1 SBT:0 JCbCr:1 CabacInitPresent:1 AMVR:5 SMVD:3 LMCS:2 (Signal:SDR Opt:0) CIIP:0 MIP:1 AFFINE:2 (PROF:1, Type:1) MMVD:3 DisFracMMVD:1 SbTMVP:1 GPM:3 LFNST:1 MTS:0 ISP:3 TS:2 TSLog2MaxSize:4 useChromaTS:0 BDPCM:2 IBC:2 BCW:0 
ENC. ALG. CFG: QPA:0 HAD:1 RDQ:1 RDQTS:1 ASR:1 MinSearchWindow:96 RestrictMESampling:0 EDO:2 MCTF:2 
PRE-ANALYSIS CFG: STA:1 LeadFrames:0 TrailFrames:0 
FAST TOOL CFG: ECU:0 FEN:1 FDM:1 FastSearch:4 (SCC:2) LCTUFast:1 FastMrg:2 PBIntraFast:1 AMaxBT:1 FastQtBtEnc:1 ContentBasedFastQtbt:0 FastMIP:3 FastIntraTools:0 IntraEstDecBit:2 FastLocalDualTree:1 IntegerET:0 FastSubPel:1 QtbttExtraFast:3 FastTTSplit:0 IBCFastMethod:3 FIM:0 ALFSpeed:0 QuantThr: 4 
RATE CONTROL CFG: RateControl:0 LookAhead:0 
PARALLEL PROCESSING CFG: NumThreads:0 MaxParallelFrames:0 WppBitEqual:0 WF:0 

POC     0 TId: 0 (  IDR_N_LP, I-SLICE, QP 19, TF 3)     629392 bits [Y 41.1842 dB    U 43.2214 dB    V 44.1771 dB] [ET   476 ] [L0 ] [L1 ]
POC    16 TId: 1 (      STSA, B-SLICE, QP 22, TF 2)     441312 bits [Y 42.3048 dB    U 43.3630 dB    V 44.2678 dB] [ET  1213 ] [L0 0 ] [L1 0 ]
POC     8 TId: 2 (      STSA, B-SLICE, QP 23, TF 1)     351928 bits [Y 40.6674 dB    U 42.0791 dB    V 43.2168 dB] [ET  1620 ] [L0 0 16 ] [L1 16 0 ]
POC     4 TId: 3 (      STSA, B-SLICE, QP 26, TF 0)     176976 bits [Y 38.9442 dB    U 41.3759 dB    V 42.4914 dB] [ET  1608 ] [L0 0 8 ] [L1 8 16 ]
POC     2 TId: 4 (      STSA, B-SLICE, QP 28)           107632 bits [Y 38.3391 dB    U 41.4622 dB    V 42.5322 dB] [ET  1359 ] [L0 0 4 ] [L1 4 8 ]
POC     1 TId: 5 (      STSA, B-SLICE, QP 29)            67632 bits [Y 37.8812 dB    U 41.5075 dB    V 42.7015 dB] [ET   918 ] [L0 0 2 ] [L1 2 4 ]
POC     3 TId: 5 (      STSA, B-SLICE, QP 29)            65184 bits [Y 37.7356 dB    U 40.9926 dB    V 42.1736 dB] [ET  1076 ] [L0 2 0 ] [L1 4 8 ]
POC     6 TId: 4 (      STSA, B-SLICE, QP 28)           102880 bits [Y 38.3345 dB    U 41.1642 dB    V 42.3017 dB] [ET  1541 ] [L0 4 0 ] [L1 8 16 ]
POC     5 TId: 5 (      STSA, B-SLICE, QP 29)            61888 bits [Y 37.7246 dB    U 40.9220 dB    V 42.1211 dB] [ET  1164 ] [L0 4 0 ] [L1 6 8 ]
POC     7 TId: 5 (      STSA, B-SLICE, QP 29)            63160 bits [Y 37.8254 dB    U 40.8691 dB    V 42.1012 dB] [ET  1066 ] [L0 6 4 ] [L1 8 16 ]
POC    12 TId: 3 (      STSA, B-SLICE, QP 26, TF 0)     183096 bits [Y 38.9549 dB    U 41.5692 dB    V 42.3986 dB] [ET  1842 ] [L0 8 0 ] [L1 16 8 ]
POC    10 TId: 4 (      STSA, B-SLICE, QP 28)           114824 bits [Y 38.3110 dB    U 41.1498 dB    V 42.0207 dB] [ET  1658 ] [L0 8 0 ] [L1 12 16 ]
POC     9 TId: 5 (      STSA, B-SLICE, QP 29)            64688 bits [Y 37.8346 dB    U 40.9694 dB    V 42.2146 dB] [ET  1112 ] [L0 8 0 ] [L1 10 12 ]
POC    11 TId: 5 (      STSA, B-SLICE, QP 29)            69632 bits [Y 37.7284 dB    U 40.9724 dB    V 41.8998 dB] [ET  1174 ] [L0 10 8 ] [L1 12 16 ]
POC    14 TId: 4 (      STSA, B-SLICE, QP 28)           116616 bits [Y 38.3974 dB    U 41.2611 dB    V 42.2648 dB] [ET  1570 ] [L0 12 8 ] [L1 16 12 ]
POC    13 TId: 5 (      STSA, B-SLICE, QP 29)            65240 bits [Y 37.7465 dB    U 41.0153 dB    V 41.9723 dB] [ET  1106 ] [L0 12 8 ] [L1 14 16 ]
POC    15 TId: 5 (      STSA, B-SLICE, QP 29)            68752 bits [Y 37.8782 dB    U 41.2599 dB    V 42.3996 dB] [ET   942 ] [L0 14 12 ] [L1 16 14 ]

	Total Frames |   Bitrate     Y-PSNR    U-PSNR    V-PSNR    YUV-PSNR   
	       17    a    4854.4094   38.6937   41.4796   42.5444   39.3880

 finished @ Thu Apr 20 18:49:25 2023
 Total Time:    21449.112 sec. [user]    21460.300 sec. [elapsed]

Level: 0
Inject Calls: 22795219040
Errors injected by bit:
	Bit 0: 22797605
	Bit 1: 22790800
	Bit 2: 22792262
	Bit 3: 22795068
	Bit 4: 22799913
	Bit 5: 22799147
	Bit 6: 22799604
	Bit 7: 22792016

Total errors injected: 182366415
