vvencFFapp: Fraunhofer VVC Encoder ver. 1.5.0 [Linux][GCC 11.3.0][64 bit][SIMD=AVX2]
 started @ Mon Apr 17 19:45:34 2023
CODING TOOL CFG: CTU128 QT44BTT21 IBD:1 SAO:1 ALF:1 (NonLinLuma:0 NonLinChr:0) CCALF:1 Tiles:1x1 Slices:1 WPP:0 WPP-Substreams:1 TMVP:1 DQ:1 SDH:0 CST:1 BDOF:1 DMVR:1 MTSImplicit:1 SBT:0 JCbCr:1 CabacInitPresent:1 AMVR:5 SMVD:3 LMCS:2 (Signal:SDR Opt:0) CIIP:0 MIP:1 AFFINE:2 (PROF:1, Type:1) MMVD:3 DisFracMMVD:1 SbTMVP:1 GPM:3 LFNST:1 MTS:0 ISP:3 TS:2 TSLog2MaxSize:4 useChromaTS:0 BDPCM:2 IBC:2 BCW:0 
ENC. ALG. CFG: QPA:0 HAD:1 RDQ:1 RDQTS:1 ASR:1 MinSearchWindow:96 RestrictMESampling:0 EDO:2 MCTF:2 
PRE-ANALYSIS CFG: STA:1 LeadFrames:0 TrailFrames:0 
FAST TOOL CFG: ECU:0 FEN:1 FDM:1 FastSearch:4 (SCC:2) LCTUFast:1 FastMrg:2 PBIntraFast:1 AMaxBT:1 FastQtBtEnc:1 ContentBasedFastQtbt:0 FastMIP:3 FastIntraTools:0 IntraEstDecBit:2 FastLocalDualTree:1 IntegerET:0 FastSubPel:1 QtbttExtraFast:3 FastTTSplit:0 IBCFastMethod:3 FIM:0 ALFSpeed:0 QuantThr: 4 
RATE CONTROL CFG: RateControl:0 LookAhead:0 
PARALLEL PROCESSING CFG: NumThreads:0 MaxParallelFrames:0 WppBitEqual:0 WF:0 

POC     0 TId: 0 (  IDR_N_LP, I-SLICE, QP 24, TF 3)     303696 bits [Y 41.6478 dB    U 43.8365 dB    V 45.0113 dB] [ET   379 ] [L0 ] [L1 ]
POC    16 TId: 1 (      STSA, B-SLICE, QP 28, TF 2)      65216 bits [Y 39.5601 dB    U 42.4311 dB    V 43.0785 dB] [ET   619 ] [L0 0 ] [L1 0 ]
POC     8 TId: 2 (      STSA, B-SLICE, QP 29, TF 1)      38424 bits [Y 39.4657 dB    U 42.4449 dB    V 43.4596 dB] [ET   780 ] [L0 0 16 ] [L1 16 0 ]
POC     4 TId: 3 (      STSA, B-SLICE, QP 32, TF 0)      23088 bits [Y 39.1052 dB    U 42.1366 dB    V 43.0783 dB] [ET   816 ] [L0 0 8 ] [L1 8 16 ]
POC     2 TId: 4 (      STSA, B-SLICE, QP 34)            10752 bits [Y 39.1804 dB    U 42.6940 dB    V 43.5254 dB] [ET   566 ] [L0 0 4 ] [L1 4 8 ]
POC     1 TId: 5 (      STSA, B-SLICE, QP 36)              240 bits [Y 41.6478 dB    U 43.8365 dB    V 45.0113 dB] [ET   187 ] [L0 0 2 ] [L1 2 4 ]
POC     3 TId: 5 (      STSA, B-SLICE, QP 36)             6792 bits [Y 38.4941 dB    U 42.2280 dB    V 42.8388 dB] [ET   511 ] [L0 2 0 ] [L1 4 8 ]
POC     6 TId: 4 (      STSA, B-SLICE, QP 34)            14344 bits [Y 38.6728 dB    U 42.0381 dB    V 42.7894 dB] [ET   782 ] [L0 4 0 ] [L1 8 16 ]
POC     5 TId: 5 (      STSA, B-SLICE, QP 36)             7128 bits [Y 38.0616 dB    U 41.9016 dB    V 42.6583 dB] [ET   518 ] [L0 4 0 ] [L1 6 8 ]
POC     7 TId: 5 (      STSA, B-SLICE, QP 36)             7296 bits [Y 38.0057 dB    U 42.0341 dB    V 42.7894 dB] [ET   534 ] [L0 6 4 ] [L1 8 16 ]
POC    12 TId: 3 (      STSA, B-SLICE, QP 32, TF 0)      26144 bits [Y 38.5255 dB    U 41.8563 dB    V 42.4621 dB] [ET   874 ] [L0 8 0 ] [L1 16 8 ]
POC    10 TId: 4 (      STSA, B-SLICE, QP 34)            16000 bits [Y 38.3014 dB    U 41.7544 dB    V 42.3690 dB] [ET   977 ] [L0 8 0 ] [L1 12 16 ]
POC     9 TId: 5 (      STSA, B-SLICE, QP 36)             6624 bits [Y 38.3547 dB    U 42.1123 dB    V 42.6339 dB] [ET   485 ] [L0 8 0 ] [L1 10 12 ]
POC    11 TId: 5 (      STSA, B-SLICE, QP 36)             8128 bits [Y 38.0770 dB    U 41.8369 dB    V 42.1796 dB] [ET   590 ] [L0 10 8 ] [L1 12 16 ]
POC    14 TId: 4 (      STSA, B-SLICE, QP 34)            16656 bits [Y 38.2362 dB    U 41.6348 dB    V 42.0904 dB] [ET   748 ] [L0 12 8 ] [L1 16 12 ]
POC    13 TId: 5 (      STSA, B-SLICE, QP 36)             7888 bits [Y 37.8569 dB    U 41.7911 dB    V 41.9264 dB] [ET   500 ] [L0 12 8 ] [L1 14 16 ]
POC    15 TId: 5 (      STSA, B-SLICE, QP 36)             6888 bits [Y 37.9391 dB    U 41.8028 dB    V 42.0816 dB] [ET   382 ] [L0 14 12 ] [L1 16 14 ]

	Total Frames |   Bitrate     Y-PSNR    U-PSNR    V-PSNR    YUV-PSNR   
	       17    a    1662.6588   38.8901   42.2570   42.9402   39.6943

 finished @ Mon Apr 17 22:36:42 2023
 Total Time:    10262.448 sec. [user]    10267.987 sec. [elapsed]

Level: 0
Inject Calls: 11231352096
Errors injected by bit:
	Bit 0: 1123200
	Bit 1: 1122313
	Bit 2: 1123313
	Bit 3: 1123266
	Bit 4: 1124084
	Bit 5: 1122170
	Bit 6: 1123708
	Bit 7: 1123087

Total errors injected: 8985141
