vvencFFapp: Fraunhofer VVC Encoder ver. 1.5.0 [Linux][GCC 11.3.0][64 bit][SIMD=AVX2]
 started @ Tue Apr 18 20:16:00 2023
CODING TOOL CFG: CTU128 QT44BTT21 IBD:1 SAO:1 ALF:1 (NonLinLuma:0 NonLinChr:0) CCALF:1 Tiles:1x1 Slices:1 WPP:0 WPP-Substreams:1 TMVP:1 DQ:1 SDH:0 CST:1 BDOF:1 DMVR:1 MTSImplicit:1 SBT:0 JCbCr:1 CabacInitPresent:1 AMVR:5 SMVD:3 LMCS:2 (Signal:SDR Opt:0) CIIP:0 MIP:1 AFFINE:2 (PROF:1, Type:1) MMVD:3 DisFracMMVD:1 SbTMVP:1 GPM:3 LFNST:1 MTS:0 ISP:3 TS:2 TSLog2MaxSize:4 useChromaTS:0 BDPCM:2 IBC:2 BCW:0 
ENC. ALG. CFG: QPA:0 HAD:1 RDQ:1 RDQTS:1 ASR:1 MinSearchWindow:96 RestrictMESampling:0 EDO:2 MCTF:2 
PRE-ANALYSIS CFG: STA:1 LeadFrames:0 TrailFrames:0 
FAST TOOL CFG: ECU:0 FEN:1 FDM:1 FastSearch:4 (SCC:2) LCTUFast:1 FastMrg:2 PBIntraFast:1 AMaxBT:1 FastQtBtEnc:1 ContentBasedFastQtbt:0 FastMIP:3 FastIntraTools:0 IntraEstDecBit:2 FastLocalDualTree:1 IntegerET:0 FastSubPel:1 QtbttExtraFast:3 FastTTSplit:0 IBCFastMethod:3 FIM:0 ALFSpeed:0 QuantThr: 4 
RATE CONTROL CFG: RateControl:0 LookAhead:0 
PARALLEL PROCESSING CFG: NumThreads:0 MaxParallelFrames:0 WppBitEqual:0 WF:0 

POC     0 TId: 0 (  IDR_N_LP, I-SLICE, QP 24, TF 3)     377624 bits [Y 40.2668 dB    U 43.0828 dB    V 44.6158 dB] [ET   349 ] [L0 ] [L1 ]
POC    16 TId: 1 (      STSA, B-SLICE, QP 28, TF 2)     102144 bits [Y 38.6896 dB    U 42.0433 dB    V 43.2885 dB] [ET   544 ] [L0 0 ] [L1 0 ]
POC     8 TId: 2 (      STSA, B-SLICE, QP 29, TF 1)      44784 bits [Y 38.5897 dB    U 42.2596 dB    V 43.6561 dB] [ET   677 ] [L0 0 16 ] [L1 16 0 ]
POC     4 TId: 3 (      STSA, B-SLICE, QP 32, TF 0)      18560 bits [Y 38.2948 dB    U 42.4525 dB    V 43.7877 dB] [ET   547 ] [L0 0 8 ] [L1 8 16 ]
POC     2 TId: 4 (      STSA, B-SLICE, QP 34)             8400 bits [Y 38.4657 dB    U 42.7904 dB    V 44.1606 dB] [ET   415 ] [L0 0 4 ] [L1 4 8 ]
POC     1 TId: 5 (      STSA, B-SLICE, QP 36)             2840 bits [Y 38.7589 dB    U 42.8943 dB    V 44.4340 dB] [ET   237 ] [L0 0 2 ] [L1 2 4 ]
POC     3 TId: 5 (      STSA, B-SLICE, QP 36)             3320 bits [Y 37.9105 dB    U 42.6688 dB    V 43.9874 dB] [ET   289 ] [L0 2 0 ] [L1 4 8 ]
POC     6 TId: 4 (      STSA, B-SLICE, QP 34)             8664 bits [Y 37.8452 dB    U 42.3563 dB    V 43.6572 dB] [ET   423 ] [L0 4 0 ] [L1 8 16 ]
POC     5 TId: 5 (      STSA, B-SLICE, QP 36)             3472 bits [Y 37.6629 dB    U 42.3505 dB    V 43.7226 dB] [ET   295 ] [L0 4 0 ] [L1 6 8 ]
POC     7 TId: 5 (      STSA, B-SLICE, QP 36)             2904 bits [Y 37.7604 dB    U 42.3386 dB    V 43.6701 dB] [ET   303 ] [L0 6 4 ] [L1 8 16 ]
POC    12 TId: 3 (      STSA, B-SLICE, QP 32, TF 0)      21640 bits [Y 37.8039 dB    U 42.0332 dB    V 43.2546 dB] [ET   602 ] [L0 8 0 ] [L1 16 8 ]
POC    10 TId: 4 (      STSA, B-SLICE, QP 34)             9632 bits [Y 37.6382 dB    U 42.1299 dB    V 43.3752 dB] [ET   463 ] [L0 8 0 ] [L1 12 16 ]
POC     9 TId: 5 (      STSA, B-SLICE, QP 36)             3536 bits [Y 37.6462 dB    U 42.2151 dB    V 43.5765 dB] [ET   291 ] [L0 8 0 ] [L1 10 12 ]
POC    11 TId: 5 (      STSA, B-SLICE, QP 36)             3680 bits [Y 37.3447 dB    U 42.0549 dB    V 43.3105 dB] [ET   298 ] [L0 10 8 ] [L1 12 16 ]
POC    14 TId: 4 (      STSA, B-SLICE, QP 34)            10784 bits [Y 37.4574 dB    U 41.9853 dB    V 43.1225 dB] [ET   378 ] [L0 12 8 ] [L1 16 12 ]
POC    13 TId: 5 (      STSA, B-SLICE, QP 36)             4296 bits [Y 37.2131 dB    U 41.9699 dB    V 43.1692 dB] [ET   301 ] [L0 12 8 ] [L1 14 16 ]
POC    15 TId: 5 (      STSA, B-SLICE, QP 36)             4232 bits [Y 37.3583 dB    U 41.9634 dB    V 43.1818 dB] [ET   246 ] [L0 14 12 ] [L1 16 14 ]

	Total Frames |   Bitrate     Y-PSNR    U-PSNR    V-PSNR    YUV-PSNR   
	       17    a    2225.3365   38.0415   42.3288   43.6453   39.0998

 finished @ Tue Apr 18 22:07:13 2023
 Total Time:     6671.245 sec. [user]     6673.425 sec. [elapsed]

Level: 0
Inject Calls: 7120034272
Errors injected by bit:
	Bit 0: 71197
	Bit 1: 71793
	Bit 2: 71260
	Bit 3: 71333
	Bit 4: 71084
	Bit 5: 71322
	Bit 6: 70912
	Bit 7: 71390

Total errors injected: 570291
