vvencFFapp: Fraunhofer VVC Encoder ver. 1.5.0 [Linux][GCC 11.3.0][64 bit][SIMD=AVX2]
 started @ Tue Apr 18 04:00:42 2023
CODING TOOL CFG: CTU128 QT44BTT21 IBD:1 SAO:1 ALF:1 (NonLinLuma:0 NonLinChr:0) CCALF:1 Tiles:1x1 Slices:1 WPP:0 WPP-Substreams:1 TMVP:1 DQ:1 SDH:0 CST:1 BDOF:1 DMVR:1 MTSImplicit:1 SBT:0 JCbCr:1 CabacInitPresent:1 AMVR:5 SMVD:3 LMCS:2 (Signal:SDR Opt:0) CIIP:0 MIP:1 AFFINE:2 (PROF:1, Type:1) MMVD:3 DisFracMMVD:1 SbTMVP:1 GPM:3 LFNST:1 MTS:0 ISP:3 TS:2 TSLog2MaxSize:4 useChromaTS:0 BDPCM:2 IBC:2 BCW:0 
ENC. ALG. CFG: QPA:0 HAD:1 RDQ:1 RDQTS:1 ASR:1 MinSearchWindow:96 RestrictMESampling:0 EDO:2 MCTF:2 
PRE-ANALYSIS CFG: STA:1 LeadFrames:0 TrailFrames:0 
FAST TOOL CFG: ECU:0 FEN:1 FDM:1 FastSearch:4 (SCC:2) LCTUFast:1 FastMrg:2 PBIntraFast:1 AMaxBT:1 FastQtBtEnc:1 ContentBasedFastQtbt:0 FastMIP:3 FastIntraTools:0 IntraEstDecBit:2 FastLocalDualTree:1 IntegerET:0 FastSubPel:1 QtbttExtraFast:3 FastTTSplit:0 IBCFastMethod:3 FIM:0 ALFSpeed:0 QuantThr: 4 
RATE CONTROL CFG: RateControl:0 LookAhead:0 
PARALLEL PROCESSING CFG: NumThreads:0 MaxParallelFrames:0 WppBitEqual:0 WF:0 

POC     0 TId: 0 (  IDR_N_LP, I-SLICE, QP 29, TF 2)     160808 bits [Y 38.4367 dB    U 41.6230 dB    V 42.6136 dB] [ET   244 ] [L0 ] [L1 ]
POC    16 TId: 1 (      STSA, B-SLICE, QP 34, TF 1)      30648 bits [Y 36.4732 dB    U 40.0322 dB    V 40.0627 dB] [ET   526 ] [L0 0 ] [L1 0 ]
POC     8 TId: 2 (      STSA, B-SLICE, QP 35, TF 0)      18848 bits [Y 36.4840 dB    U 40.0433 dB    V 40.8392 dB] [ET   747 ] [L0 0 16 ] [L1 16 0 ]
POC     4 TId: 3 (      STSA, B-SLICE, QP 38)            11736 bits [Y 36.1374 dB    U 40.3082 dB    V 40.8978 dB] [ET   659 ] [L0 0 8 ] [L1 8 16 ]
POC     2 TId: 4 (      STSA, B-SLICE, QP 40)             4832 bits [Y 36.2300 dB    U 40.8817 dB    V 41.4167 dB] [ET   449 ] [L0 0 4 ] [L1 4 8 ]
POC     1 TId: 5 (      STSA, B-SLICE, QP 41)              232 bits [Y 38.4367 dB    U 41.6230 dB    V 42.6136 dB] [ET   179 ] [L0 0 2 ] [L1 2 4 ]
POC     3 TId: 5 (      STSA, B-SLICE, QP 41)             3136 bits [Y 35.7230 dB    U 40.3695 dB    V 40.7431 dB] [ET   379 ] [L0 2 0 ] [L1 4 8 ]
POC     6 TId: 4 (      STSA, B-SLICE, QP 40)             6320 bits [Y 35.5037 dB    U 40.0486 dB    V 40.5184 dB] [ET   602 ] [L0 4 0 ] [L1 8 16 ]
POC     5 TId: 5 (      STSA, B-SLICE, QP 41)             3392 bits [Y 35.2993 dB    U 39.9966 dB    V 40.5183 dB] [ET   511 ] [L0 4 0 ] [L1 6 8 ]
POC     7 TId: 5 (      STSA, B-SLICE, QP 41)             3304 bits [Y 35.2047 dB    U 40.0130 dB    V 40.5311 dB] [ET   487 ] [L0 6 4 ] [L1 8 16 ]
POC    12 TId: 3 (      STSA, B-SLICE, QP 38)            13152 bits [Y 35.5825 dB    U 39.8297 dB    V 40.2254 dB] [ET   685 ] [L0 8 0 ] [L1 16 8 ]
POC    10 TId: 4 (      STSA, B-SLICE, QP 40)             7128 bits [Y 35.2737 dB    U 39.8406 dB    V 40.2672 dB] [ET   667 ] [L0 8 0 ] [L1 12 16 ]
POC     9 TId: 5 (      STSA, B-SLICE, QP 41)             3248 bits [Y 35.6132 dB    U 39.8417 dB    V 40.4990 dB] [ET   431 ] [L0 8 0 ] [L1 10 12 ]
POC    11 TId: 5 (      STSA, B-SLICE, QP 41)             3824 bits [Y 35.2254 dB    U 39.7931 dB    V 39.8548 dB] [ET   538 ] [L0 10 8 ] [L1 12 16 ]
POC    14 TId: 4 (      STSA, B-SLICE, QP 40)             7456 bits [Y 35.2443 dB    U 39.7018 dB    V 39.8351 dB] [ET   539 ] [L0 12 8 ] [L1 16 12 ]
POC    13 TId: 5 (      STSA, B-SLICE, QP 41)             3272 bits [Y 35.0071 dB    U 39.7918 dB    V 39.8582 dB] [ET   486 ] [L0 12 8 ] [L1 14 16 ]
POC    15 TId: 5 (      STSA, B-SLICE, QP 41)             2912 bits [Y 35.1928 dB    U 39.8031 dB    V 39.6706 dB] [ET   370 ] [L0 14 12 ] [L1 16 14 ]

	Total Frames |   Bitrate     Y-PSNR    U-PSNR    V-PSNR    YUV-PSNR   
	       17    a     836.0235   35.9452   40.2083   40.6450   36.8961

 finished @ Tue Apr 18 06:22:33 2023
 Total Time:     8505.437 sec. [user]     8511.143 sec. [elapsed]

Level: 0
Inject Calls: 9430040608
Errors injected by bit:
	Bit 0: 94670
	Bit 1: 94236
	Bit 2: 94544
	Bit 3: 94295
	Bit 4: 94169
	Bit 5: 95004
	Bit 6: 94209
	Bit 7: 94538

Total errors injected: 755665
