vvencFFapp: Fraunhofer VVC Encoder ver. 1.5.0 [Linux][GCC 11.3.0][64 bit][SIMD=AVX2]
 started @ Thu Apr 20 10:51:43 2023
CODING TOOL CFG: CTU128 QT44BTT21 IBD:1 SAO:1 ALF:1 (NonLinLuma:0 NonLinChr:0) CCALF:1 Tiles:1x1 Slices:1 WPP:0 WPP-Substreams:1 TMVP:1 DQ:1 SDH:0 CST:1 BDOF:1 DMVR:1 MTSImplicit:1 SBT:0 JCbCr:1 CabacInitPresent:1 AMVR:5 SMVD:3 LMCS:2 (Signal:SDR Opt:0) CIIP:0 MIP:1 AFFINE:2 (PROF:1, Type:1) MMVD:3 DisFracMMVD:1 SbTMVP:1 GPM:3 LFNST:1 MTS:0 ISP:3 TS:2 TSLog2MaxSize:4 useChromaTS:0 BDPCM:2 IBC:2 BCW:0 
ENC. ALG. CFG: QPA:0 HAD:1 RDQ:1 RDQTS:1 ASR:1 MinSearchWindow:96 RestrictMESampling:0 EDO:2 MCTF:2 
PRE-ANALYSIS CFG: STA:1 LeadFrames:0 TrailFrames:0 
FAST TOOL CFG: ECU:0 FEN:1 FDM:1 FastSearch:4 (SCC:2) LCTUFast:1 FastMrg:2 PBIntraFast:1 AMaxBT:1 FastQtBtEnc:1 ContentBasedFastQtbt:0 FastMIP:3 FastIntraTools:0 IntraEstDecBit:2 FastLocalDualTree:1 IntegerET:0 FastSubPel:1 QtbttExtraFast:3 FastTTSplit:0 IBCFastMethod:3 FIM:0 ALFSpeed:0 QuantThr: 4 
RATE CONTROL CFG: RateControl:0 LookAhead:0 
PARALLEL PROCESSING CFG: NumThreads:0 MaxParallelFrames:0 WppBitEqual:0 WF:0 

POC     0 TId: 0 (  IDR_N_LP, I-SLICE, QP 34, TF 2)     322424 bits [Y 32.2570 dB    U 35.9047 dB    V 36.4408 dB] [ET   360 ] [L0 ] [L1 ]
POC    16 TId: 1 (      STSA, B-SLICE, QP 40, TF 1)      53288 bits [Y 28.4976 dB    U 34.9689 dB    V 34.9919 dB] [ET   723 ] [L0 0 ] [L1 0 ]
POC     8 TId: 2 (      STSA, B-SLICE, QP 40, TF 0)      36104 bits [Y 28.8679 dB    U 35.2194 dB    V 35.4849 dB] [ET   854 ] [L0 0 16 ] [L1 16 0 ]
POC     4 TId: 3 (      STSA, B-SLICE, QP 43)            15072 bits [Y 28.6135 dB    U 35.2574 dB    V 35.4730 dB] [ET   797 ] [L0 0 8 ] [L1 8 16 ]
POC     2 TId: 4 (      STSA, B-SLICE, QP 45)              224 bits [Y 32.2570 dB    U 35.9047 dB    V 36.4408 dB] [ET   221 ] [L0 0 4 ] [L1 4 8 ]
POC     1 TId: 5 (      STSA, B-SLICE, QP 46)              224 bits [Y 32.2570 dB    U 35.9047 dB    V 36.4408 dB] [ET   154 ] [L0 0 2 ] [L1 2 4 ]
POC     3 TId: 5 (      STSA, B-SLICE, QP 46)             1968 bits [Y 28.8675 dB    U 35.2820 dB    V 35.9203 dB] [ET   315 ] [L0 2 0 ] [L1 4 8 ]
POC     6 TId: 4 (      STSA, B-SLICE, QP 45)             7408 bits [Y 27.7021 dB    U 35.1189 dB    V 35.1572 dB] [ET   544 ] [L0 4 0 ] [L1 8 16 ]
POC     5 TId: 5 (      STSA, B-SLICE, QP 46)             1976 bits [Y 27.6636 dB    U 35.1246 dB    V 35.3055 dB] [ET   286 ] [L0 4 0 ] [L1 6 8 ]
POC     7 TId: 5 (      STSA, B-SLICE, QP 46)             1984 bits [Y 27.7598 dB    U 35.0937 dB    V 35.3094 dB] [ET   338 ] [L0 6 4 ] [L1 8 16 ]
POC    12 TId: 3 (      STSA, B-SLICE, QP 43)            17144 bits [Y 27.7857 dB    U 34.9748 dB    V 34.9241 dB] [ET   750 ] [L0 8 0 ] [L1 16 8 ]
POC    10 TId: 4 (      STSA, B-SLICE, QP 45)             7280 bits [Y 27.4400 dB    U 34.9718 dB    V 34.8516 dB] [ET   559 ] [L0 8 0 ] [L1 12 16 ]
POC     9 TId: 5 (      STSA, B-SLICE, QP 46)             2208 bits [Y 27.6965 dB    U 35.0827 dB    V 35.2207 dB] [ET   310 ] [L0 8 0 ] [L1 10 12 ]
POC    11 TId: 5 (      STSA, B-SLICE, QP 46)             2128 bits [Y 27.3000 dB    U 34.9504 dB    V 34.9463 dB] [ET   298 ] [L0 10 8 ] [L1 12 16 ]
POC    14 TId: 4 (      STSA, B-SLICE, QP 45)             6976 bits [Y 27.3338 dB    U 34.8489 dB    V 34.8334 dB] [ET   443 ] [L0 12 8 ] [L1 16 12 ]
POC    13 TId: 5 (      STSA, B-SLICE, QP 46)             2248 bits [Y 27.2545 dB    U 34.9003 dB    V 34.9253 dB] [ET   335 ] [L0 12 8 ] [L1 14 16 ]
POC    15 TId: 5 (      STSA, B-SLICE, QP 46)             2320 bits [Y 27.4606 dB    U 34.8752 dB    V 34.8971 dB] [ET   268 ] [L0 14 12 ] [L1 16 14 ]

	Total Frames |   Bitrate     Y-PSNR    U-PSNR    V-PSNR    YUV-PSNR   
	       17    a    1414.6353   28.6479   35.1990   35.3861   29.6982

 finished @ Thu Apr 20 12:57:51 2023
 Total Time:     7563.896 sec. [user]     7568.586 sec. [elapsed]

Level: 0
Inject Calls: 8232246752
Errors injected by bit:
	Bit 0: 801
	Bit 1: 791
	Bit 2: 861
	Bit 3: 748
	Bit 4: 820
	Bit 5: 832
	Bit 6: 809
	Bit 7: 841

Total errors injected: 6503
