vvencFFapp: Fraunhofer VVC Encoder ver. 1.5.0 [Linux][GCC 11.3.0][64 bit][SIMD=AVX2]
 started @ Fri Apr 21 11:42:11 2023
CODING TOOL CFG: CTU128 QT44BTT21 IBD:1 SAO:1 ALF:1 (NonLinLuma:0 NonLinChr:0) CCALF:1 Tiles:1x1 Slices:1 WPP:0 WPP-Substreams:1 TMVP:1 DQ:1 SDH:0 CST:1 BDOF:1 DMVR:1 MTSImplicit:1 SBT:0 JCbCr:1 CabacInitPresent:1 AMVR:5 SMVD:3 LMCS:2 (Signal:SDR Opt:0) CIIP:0 MIP:1 AFFINE:2 (PROF:1, Type:1) MMVD:3 DisFracMMVD:1 SbTMVP:1 GPM:3 LFNST:1 MTS:0 ISP:3 TS:2 TSLog2MaxSize:4 useChromaTS:0 BDPCM:2 IBC:2 BCW:0 
ENC. ALG. CFG: QPA:0 HAD:1 RDQ:1 RDQTS:1 ASR:1 MinSearchWindow:96 RestrictMESampling:0 EDO:2 MCTF:2 
PRE-ANALYSIS CFG: STA:1 LeadFrames:0 TrailFrames:0 
FAST TOOL CFG: ECU:0 FEN:1 FDM:1 FastSearch:4 (SCC:2) LCTUFast:1 FastMrg:2 PBIntraFast:1 AMaxBT:1 FastQtBtEnc:1 ContentBasedFastQtbt:0 FastMIP:3 FastIntraTools:0 IntraEstDecBit:2 FastLocalDualTree:1 IntegerET:0 FastSubPel:1 QtbttExtraFast:3 FastTTSplit:0 IBCFastMethod:3 FIM:0 ALFSpeed:0 QuantThr: 4 
RATE CONTROL CFG: RateControl:0 LookAhead:0 
PARALLEL PROCESSING CFG: NumThreads:0 MaxParallelFrames:0 WppBitEqual:0 WF:0 

POC     0 TId: 0 (  IDR_N_LP, I-SLICE, QP 24, TF 3)     399128 bits [Y 38.6505 dB    U 40.8666 dB    V 42.1124 dB] [ET   402 ] [L0 ] [L1 ]
POC    16 TId: 1 (      STSA, B-SLICE, QP 28, TF 2)     241176 bits [Y 38.5383 dB    U 40.3525 dB    V 41.4977 dB] [ET   987 ] [L0 0 ] [L1 0 ]
POC     8 TId: 2 (      STSA, B-SLICE, QP 29, TF 1)     179464 bits [Y 37.2348 dB    U 39.6046 dB    V 40.8126 dB] [ET  1378 ] [L0 0 16 ] [L1 16 0 ]
POC     4 TId: 3 (      STSA, B-SLICE, QP 32, TF 0)      77744 bits [Y 35.9511 dB    U 39.1984 dB    V 40.3342 dB] [ET  1442 ] [L0 0 8 ] [L1 8 16 ]
POC     2 TId: 4 (      STSA, B-SLICE, QP 34)            44584 bits [Y 35.6514 dB    U 39.3318 dB    V 40.5250 dB] [ET  1258 ] [L0 0 4 ] [L1 4 8 ]
POC     1 TId: 5 (      STSA, B-SLICE, QP 36)            23168 bits [Y 35.3224 dB    U 39.4849 dB    V 40.7819 dB] [ET   728 ] [L0 0 2 ] [L1 2 4 ]
POC     3 TId: 5 (      STSA, B-SLICE, QP 36)            20944 bits [Y 34.8938 dB    U 38.9184 dB    V 40.0652 dB] [ET   915 ] [L0 2 0 ] [L1 4 8 ]
POC     6 TId: 4 (      STSA, B-SLICE, QP 34)            42664 bits [Y 35.4813 dB    U 38.8605 dB    V 40.0357 dB] [ET  1303 ] [L0 4 0 ] [L1 8 16 ]
POC     5 TId: 5 (      STSA, B-SLICE, QP 36)            19496 bits [Y 34.9070 dB    U 38.7223 dB    V 40.0357 dB] [ET   897 ] [L0 4 0 ] [L1 6 8 ]
POC     7 TId: 5 (      STSA, B-SLICE, QP 36)            21592 bits [Y 35.0566 dB    U 38.7530 dB    V 40.0019 dB] [ET   941 ] [L0 6 4 ] [L1 8 16 ]
POC    12 TId: 3 (      STSA, B-SLICE, QP 32, TF 0)      81312 bits [Y 35.7481 dB    U 39.1865 dB    V 40.0042 dB] [ET  1624 ] [L0 8 0 ] [L1 16 8 ]
POC    10 TId: 4 (      STSA, B-SLICE, QP 34)            46656 bits [Y 35.3556 dB    U 38.8001 dB    V 39.7003 dB] [ET  1503 ] [L0 8 0 ] [L1 12 16 ]
POC     9 TId: 5 (      STSA, B-SLICE, QP 36)            20536 bits [Y 34.9628 dB    U 38.7910 dB    V 39.9148 dB] [ET   944 ] [L0 8 0 ] [L1 10 12 ]
POC    11 TId: 5 (      STSA, B-SLICE, QP 36)            20960 bits [Y 34.7912 dB    U 38.7512 dB    V 39.5956 dB] [ET   952 ] [L0 10 8 ] [L1 12 16 ]
POC    14 TId: 4 (      STSA, B-SLICE, QP 34)            44680 bits [Y 35.3414 dB    U 39.0106 dB    V 40.0273 dB] [ET  1083 ] [L0 12 8 ] [L1 16 12 ]
POC    13 TId: 5 (      STSA, B-SLICE, QP 36)            19336 bits [Y 34.7191 dB    U 38.8723 dB    V 39.8691 dB] [ET   861 ] [L0 12 8 ] [L1 14 16 ]
POC    15 TId: 5 (      STSA, B-SLICE, QP 36)            18968 bits [Y 34.9892 dB    U 39.2336 dB    V 40.3783 dB] [ET   772 ] [L0 14 12 ] [L1 16 14 ]

	Total Frames |   Bitrate     Y-PSNR    U-PSNR    V-PSNR    YUV-PSNR   
	       17    a    2333.6612   35.7409   39.2199   40.3348   36.5891

 finished @ Fri Apr 21 16:42:21 2023
 Total Time:    18006.477 sec. [user]    18009.417 sec. [elapsed]

Level: 0
Inject Calls: 19677282784
Errors injected by bit:
	Bit 0: 19556
	Bit 1: 19581
	Bit 2: 19440
	Bit 3: 19466
	Bit 4: 19772
	Bit 5: 19579
	Bit 6: 19763
	Bit 7: 19682

Total errors injected: 156839
