vvencFFapp: Fraunhofer VVC Encoder ver. 1.5.0 [Linux][GCC 11.3.0][64 bit][SIMD=AVX2]
 started @ Wed Apr 19 00:01:03 2023
CODING TOOL CFG: CTU128 QT44BTT21 IBD:1 SAO:1 ALF:1 (NonLinLuma:0 NonLinChr:0) CCALF:1 Tiles:1x1 Slices:1 WPP:0 WPP-Substreams:1 TMVP:1 DQ:1 SDH:0 CST:1 BDOF:1 DMVR:1 MTSImplicit:1 SBT:0 JCbCr:1 CabacInitPresent:1 AMVR:5 SMVD:3 LMCS:2 (Signal:SDR Opt:0) CIIP:0 MIP:1 AFFINE:2 (PROF:1, Type:1) MMVD:3 DisFracMMVD:1 SbTMVP:1 GPM:3 LFNST:1 MTS:0 ISP:3 TS:2 TSLog2MaxSize:4 useChromaTS:0 BDPCM:2 IBC:2 BCW:0 
ENC. ALG. CFG: QPA:0 HAD:1 RDQ:1 RDQTS:1 ASR:1 MinSearchWindow:96 RestrictMESampling:0 EDO:2 MCTF:2 
PRE-ANALYSIS CFG: STA:1 LeadFrames:0 TrailFrames:0 
FAST TOOL CFG: ECU:0 FEN:1 FDM:1 FastSearch:4 (SCC:2) LCTUFast:1 FastMrg:2 PBIntraFast:1 AMaxBT:1 FastQtBtEnc:1 ContentBasedFastQtbt:0 FastMIP:3 FastIntraTools:0 IntraEstDecBit:2 FastLocalDualTree:1 IntegerET:0 FastSubPel:1 QtbttExtraFast:3 FastTTSplit:0 IBCFastMethod:3 FIM:0 ALFSpeed:0 QuantThr: 4 
RATE CONTROL CFG: RateControl:0 LookAhead:0 
PARALLEL PROCESSING CFG: NumThreads:0 MaxParallelFrames:0 WppBitEqual:0 WF:0 

POC     0 TId: 0 (  IDR_N_LP, I-SLICE, QP 29, TF 2)     239000 bits [Y 37.7621 dB    U 41.1947 dB    V 42.2796 dB] [ET   303 ] [L0 ] [L1 ]
POC    16 TId: 1 (      STSA, B-SLICE, QP 34, TF 1)      48016 bits [Y 35.5417 dB    U 39.8825 dB    V 40.5726 dB] [ET   445 ] [L0 0 ] [L1 0 ]
POC     8 TId: 2 (      STSA, B-SLICE, QP 35, TF 0)      20472 bits [Y 35.7554 dB    U 40.2423 dB    V 41.0881 dB] [ET   537 ] [L0 0 16 ] [L1 16 0 ]
POC     4 TId: 3 (      STSA, B-SLICE, QP 38)             8136 bits [Y 35.5796 dB    U 40.6072 dB    V 41.3720 dB] [ET   483 ] [L0 0 8 ] [L1 8 16 ]
POC     2 TId: 4 (      STSA, B-SLICE, QP 40)             3592 bits [Y 35.7603 dB    U 40.8821 dB    V 41.8211 dB] [ET   245 ] [L0 0 4 ] [L1 4 8 ]
POC     1 TId: 5 (      STSA, B-SLICE, QP 41)             1464 bits [Y 36.3171 dB    U 41.0462 dB    V 42.1251 dB] [ET   167 ] [L0 0 2 ] [L1 2 4 ]
POC     3 TId: 5 (      STSA, B-SLICE, QP 41)             1408 bits [Y 35.2743 dB    U 40.8348 dB    V 41.6376 dB] [ET   212 ] [L0 2 0 ] [L1 4 8 ]
POC     6 TId: 4 (      STSA, B-SLICE, QP 40)             3784 bits [Y 35.1131 dB    U 40.4613 dB    V 41.2621 dB] [ET   311 ] [L0 4 0 ] [L1 8 16 ]
POC     5 TId: 5 (      STSA, B-SLICE, QP 41)             1624 bits [Y 35.0825 dB    U 40.5217 dB    V 41.3165 dB] [ET   232 ] [L0 4 0 ] [L1 6 8 ]
POC     7 TId: 5 (      STSA, B-SLICE, QP 41)             1264 bits [Y 35.1312 dB    U 40.3817 dB    V 41.1889 dB] [ET   247 ] [L0 6 4 ] [L1 8 16 ]
POC    12 TId: 3 (      STSA, B-SLICE, QP 38)            10192 bits [Y 34.9175 dB    U 40.1018 dB    V 40.8731 dB] [ET   475 ] [L0 8 0 ] [L1 16 8 ]
POC    10 TId: 4 (      STSA, B-SLICE, QP 40)             3872 bits [Y 34.7301 dB    U 40.1698 dB    V 40.9700 dB] [ET   347 ] [L0 8 0 ] [L1 12 16 ]
POC     9 TId: 5 (      STSA, B-SLICE, QP 41)             1712 bits [Y 34.9187 dB    U 40.2980 dB    V 41.0794 dB] [ET   247 ] [L0 8 0 ] [L1 10 12 ]
POC    11 TId: 5 (      STSA, B-SLICE, QP 41)             1784 bits [Y 34.5952 dB    U 40.1269 dB    V 40.9173 dB] [ET   228 ] [L0 10 8 ] [L1 12 16 ]
POC    14 TId: 4 (      STSA, B-SLICE, QP 40)             4576 bits [Y 34.5182 dB    U 39.9117 dB    V 40.6294 dB] [ET   280 ] [L0 12 8 ] [L1 16 12 ]
POC    13 TId: 5 (      STSA, B-SLICE, QP 41)             2232 bits [Y 34.4903 dB    U 40.0447 dB    V 40.7825 dB] [ET   234 ] [L0 12 8 ] [L1 14 16 ]
POC    15 TId: 5 (      STSA, B-SLICE, QP 41)             2120 bits [Y 34.6048 dB    U 39.9340 dB    V 40.5280 dB] [ET   183 ] [L0 14 12 ] [L1 16 14 ]

	Total Frames |   Bitrate     Y-PSNR    U-PSNR    V-PSNR    YUV-PSNR   
	       17    a    1253.8165   35.2995   40.3907   41.2025   36.4253

 finished @ Wed Apr 19 01:27:32 2023
 Total Time:     5184.285 sec. [user]     5188.622 sec. [elapsed]

Level: 0
Inject Calls: 5644602688
Errors injected by bit:
	Bit 0: 5644552
	Bit 1: 5643560
	Bit 2: 5646929
	Bit 3: 5647266
	Bit 4: 5642396
	Bit 5: 5644282
	Bit 6: 5643881
	Bit 7: 5639323

Total errors injected: 45152189
