vvencFFapp: Fraunhofer VVC Encoder ver. 1.5.0 [Linux][GCC 11.3.0][64 bit][SIMD=AVX2]
 started @ Fri Apr 21 12:17:11 2023
CODING TOOL CFG: CTU128 QT44BTT21 IBD:1 SAO:1 ALF:1 (NonLinLuma:0 NonLinChr:0) CCALF:1 Tiles:1x1 Slices:1 WPP:0 WPP-Substreams:1 TMVP:1 DQ:1 SDH:0 CST:1 BDOF:1 DMVR:1 MTSImplicit:1 SBT:0 JCbCr:1 CabacInitPresent:1 AMVR:5 SMVD:3 LMCS:2 (Signal:SDR Opt:0) CIIP:0 MIP:1 AFFINE:2 (PROF:1, Type:1) MMVD:3 DisFracMMVD:1 SbTMVP:1 GPM:3 LFNST:1 MTS:0 ISP:3 TS:2 TSLog2MaxSize:4 useChromaTS:0 BDPCM:2 IBC:2 BCW:0 
ENC. ALG. CFG: QPA:0 HAD:1 RDQ:1 RDQTS:1 ASR:1 MinSearchWindow:96 RestrictMESampling:0 EDO:2 MCTF:2 
PRE-ANALYSIS CFG: STA:1 LeadFrames:0 TrailFrames:0 
FAST TOOL CFG: ECU:0 FEN:1 FDM:1 FastSearch:4 (SCC:2) LCTUFast:1 FastMrg:2 PBIntraFast:1 AMaxBT:1 FastQtBtEnc:1 ContentBasedFastQtbt:0 FastMIP:3 FastIntraTools:0 IntraEstDecBit:2 FastLocalDualTree:1 IntegerET:0 FastSubPel:1 QtbttExtraFast:3 FastTTSplit:0 IBCFastMethod:3 FIM:0 ALFSpeed:0 QuantThr: 4 
RATE CONTROL CFG: RateControl:0 LookAhead:0 
PARALLEL PROCESSING CFG: NumThreads:0 MaxParallelFrames:0 WppBitEqual:0 WF:0 

POC     0 TId: 0 (  IDR_N_LP, I-SLICE, QP 24, TF 3)     399128 bits [Y 38.6505 dB    U 40.8666 dB    V 42.1124 dB] [ET   334 ] [L0 ] [L1 ]
POC    16 TId: 1 (      STSA, B-SLICE, QP 28, TF 2)     240408 bits [Y 38.5399 dB    U 40.3746 dB    V 41.5365 dB] [ET  1025 ] [L0 0 ] [L1 0 ]
POC     8 TId: 2 (      STSA, B-SLICE, QP 29, TF 1)     179392 bits [Y 37.2341 dB    U 39.5270 dB    V 40.6831 dB] [ET  1446 ] [L0 0 16 ] [L1 16 0 ]
POC     4 TId: 3 (      STSA, B-SLICE, QP 32, TF 0)      77792 bits [Y 35.9473 dB    U 39.1200 dB    V 40.2994 dB] [ET  1450 ] [L0 0 8 ] [L1 8 16 ]
POC     2 TId: 4 (      STSA, B-SLICE, QP 34)            45424 bits [Y 35.6622 dB    U 39.3255 dB    V 40.5265 dB] [ET  1102 ] [L0 0 4 ] [L1 4 8 ]
POC     1 TId: 5 (      STSA, B-SLICE, QP 36)            23144 bits [Y 35.3368 dB    U 39.4664 dB    V 40.8171 dB] [ET   695 ] [L0 0 2 ] [L1 2 4 ]
POC     3 TId: 5 (      STSA, B-SLICE, QP 36)            20408 bits [Y 34.8799 dB    U 38.9186 dB    V 40.1139 dB] [ET   929 ] [L0 2 0 ] [L1 4 8 ]
POC     6 TId: 4 (      STSA, B-SLICE, QP 34)            43040 bits [Y 35.4656 dB    U 38.8886 dB    V 39.9307 dB] [ET  1373 ] [L0 4 0 ] [L1 8 16 ]
POC     5 TId: 5 (      STSA, B-SLICE, QP 36)            19472 bits [Y 34.9213 dB    U 38.7549 dB    V 40.0409 dB] [ET   899 ] [L0 4 0 ] [L1 6 8 ]
POC     7 TId: 5 (      STSA, B-SLICE, QP 36)            20984 bits [Y 35.0107 dB    U 38.7581 dB    V 39.8988 dB] [ET   886 ] [L0 6 4 ] [L1 8 16 ]
POC    12 TId: 3 (      STSA, B-SLICE, QP 32, TF 0)      80768 bits [Y 35.7842 dB    U 39.2321 dB    V 40.0501 dB] [ET  1493 ] [L0 8 0 ] [L1 16 8 ]
POC    10 TId: 4 (      STSA, B-SLICE, QP 34)            46960 bits [Y 35.3897 dB    U 38.7950 dB    V 39.6566 dB] [ET  1389 ] [L0 8 0 ] [L1 12 16 ]
POC     9 TId: 5 (      STSA, B-SLICE, QP 36)            20816 bits [Y 34.9783 dB    U 38.7565 dB    V 39.8639 dB] [ET   915 ] [L0 8 0 ] [L1 10 12 ]
POC    11 TId: 5 (      STSA, B-SLICE, QP 36)            21392 bits [Y 34.7684 dB    U 38.7053 dB    V 39.6007 dB] [ET   940 ] [L0 10 8 ] [L1 12 16 ]
POC    14 TId: 4 (      STSA, B-SLICE, QP 34)            43280 bits [Y 35.3175 dB    U 38.9914 dB    V 40.0782 dB] [ET  1098 ] [L0 12 8 ] [L1 16 12 ]
POC    13 TId: 5 (      STSA, B-SLICE, QP 36)            19752 bits [Y 34.7486 dB    U 38.8143 dB    V 39.8272 dB] [ET   784 ] [L0 12 8 ] [L1 14 16 ]
POC    15 TId: 5 (      STSA, B-SLICE, QP 36)            18976 bits [Y 34.9829 dB    U 39.1584 dB    V 40.3736 dB] [ET   723 ] [L0 14 12 ] [L1 16 14 ]

	Total Frames |   Bitrate     Y-PSNR    U-PSNR    V-PSNR    YUV-PSNR   
	       17    a    2331.4165   35.7422   39.2031   40.3182   36.5872

 finished @ Fri Apr 21 17:08:47 2023
 Total Time:    17494.072 sec. [user]    17496.145 sec. [elapsed]

Level: 0
Inject Calls: 19724781440
Errors injected by bit:
	Bit 0: 2000
	Bit 1: 2003
	Bit 2: 2025
	Bit 3: 1918
	Bit 4: 1955
	Bit 5: 2021
	Bit 6: 1923
	Bit 7: 2030

Total errors injected: 15875
