vvencFFapp: Fraunhofer VVC Encoder ver. 1.5.0 [Linux][GCC 11.3.0][64 bit][SIMD=AVX2]
 started @ Thu Apr 20 13:21:46 2023
CODING TOOL CFG: CTU128 QT44BTT21 IBD:1 SAO:1 ALF:1 (NonLinLuma:0 NonLinChr:0) CCALF:1 Tiles:1x1 Slices:1 WPP:0 WPP-Substreams:1 TMVP:1 DQ:1 SDH:0 CST:1 BDOF:1 DMVR:1 MTSImplicit:1 SBT:0 JCbCr:1 CabacInitPresent:1 AMVR:5 SMVD:3 LMCS:2 (Signal:SDR Opt:0) CIIP:0 MIP:1 AFFINE:2 (PROF:1, Type:1) MMVD:3 DisFracMMVD:1 SbTMVP:1 GPM:3 LFNST:1 MTS:0 ISP:3 TS:2 TSLog2MaxSize:4 useChromaTS:0 BDPCM:2 IBC:2 BCW:0 
ENC. ALG. CFG: QPA:0 HAD:1 RDQ:1 RDQTS:1 ASR:1 MinSearchWindow:96 RestrictMESampling:0 EDO:2 MCTF:2 
PRE-ANALYSIS CFG: STA:1 LeadFrames:0 TrailFrames:0 
FAST TOOL CFG: ECU:0 FEN:1 FDM:1 FastSearch:4 (SCC:2) LCTUFast:1 FastMrg:2 PBIntraFast:1 AMaxBT:1 FastQtBtEnc:1 ContentBasedFastQtbt:0 FastMIP:3 FastIntraTools:0 IntraEstDecBit:2 FastLocalDualTree:1 IntegerET:0 FastSubPel:1 QtbttExtraFast:3 FastTTSplit:0 IBCFastMethod:3 FIM:0 ALFSpeed:0 QuantThr: 4 
RATE CONTROL CFG: RateControl:0 LookAhead:0 
PARALLEL PROCESSING CFG: NumThreads:0 MaxParallelFrames:0 WppBitEqual:0 WF:0 

POC     0 TId: 0 (  IDR_N_LP, I-SLICE, QP 19, TF 3)     629392 bits [Y 41.1842 dB    U 43.2214 dB    V 44.1771 dB] [ET   398 ] [L0 ] [L1 ]
POC    16 TId: 1 (      STSA, B-SLICE, QP 22, TF 2)     438528 bits [Y 42.3151 dB    U 43.3591 dB    V 44.2414 dB] [ET  1215 ] [L0 0 ] [L1 0 ]
POC     8 TId: 2 (      STSA, B-SLICE, QP 23, TF 1)     350456 bits [Y 40.6578 dB    U 42.0043 dB    V 43.2078 dB] [ET  1727 ] [L0 0 16 ] [L1 16 0 ]
POC     4 TId: 3 (      STSA, B-SLICE, QP 26, TF 0)     176296 bits [Y 38.9182 dB    U 41.4268 dB    V 42.5289 dB] [ET  1668 ] [L0 0 8 ] [L1 8 16 ]
POC     2 TId: 4 (      STSA, B-SLICE, QP 28)           108544 bits [Y 38.3790 dB    U 41.4468 dB    V 42.5939 dB] [ET  1343 ] [L0 0 4 ] [L1 4 8 ]
POC     1 TId: 5 (      STSA, B-SLICE, QP 29)            67056 bits [Y 37.8766 dB    U 41.5278 dB    V 42.6906 dB] [ET  1000 ] [L0 0 2 ] [L1 2 4 ]
POC     3 TId: 5 (      STSA, B-SLICE, QP 29)            64640 bits [Y 37.7222 dB    U 41.1114 dB    V 42.2253 dB] [ET  1073 ] [L0 2 0 ] [L1 4 8 ]
POC     6 TId: 4 (      STSA, B-SLICE, QP 28)           102648 bits [Y 38.3290 dB    U 41.1722 dB    V 42.2585 dB] [ET  1559 ] [L0 4 0 ] [L1 8 16 ]
POC     5 TId: 5 (      STSA, B-SLICE, QP 29)            61224 bits [Y 37.7182 dB    U 40.9158 dB    V 42.2366 dB] [ET  1116 ] [L0 4 0 ] [L1 6 8 ]
POC     7 TId: 5 (      STSA, B-SLICE, QP 29)            62384 bits [Y 37.7868 dB    U 40.9427 dB    V 42.1232 dB] [ET  1139 ] [L0 6 4 ] [L1 8 16 ]
POC    12 TId: 3 (      STSA, B-SLICE, QP 26, TF 0)     183304 bits [Y 38.9593 dB    U 41.5344 dB    V 42.3970 dB] [ET  1797 ] [L0 8 0 ] [L1 16 8 ]
POC    10 TId: 4 (      STSA, B-SLICE, QP 28)           113600 bits [Y 38.3045 dB    U 41.1625 dB    V 41.9970 dB] [ET  1691 ] [L0 8 0 ] [L1 12 16 ]
POC     9 TId: 5 (      STSA, B-SLICE, QP 29)            65104 bits [Y 37.8382 dB    U 40.9609 dB    V 42.1853 dB] [ET  1138 ] [L0 8 0 ] [L1 10 12 ]
POC    11 TId: 5 (      STSA, B-SLICE, QP 29)            68608 bits [Y 37.7421 dB    U 40.9259 dB    V 41.8365 dB] [ET  1149 ] [L0 10 8 ] [L1 12 16 ]
POC    14 TId: 4 (      STSA, B-SLICE, QP 28)           114720 bits [Y 38.3677 dB    U 41.1736 dB    V 42.2709 dB] [ET  1377 ] [L0 12 8 ] [L1 16 12 ]
POC    13 TId: 5 (      STSA, B-SLICE, QP 29)            65864 bits [Y 37.7508 dB    U 40.9567 dB    V 42.0218 dB] [ET  1161 ] [L0 12 8 ] [L1 14 16 ]
POC    15 TId: 5 (      STSA, B-SLICE, QP 29)            68016 bits [Y 37.8866 dB    U 41.1904 dB    V 42.4495 dB] [ET   946 ] [L0 14 12 ] [L1 16 14 ]

	Total Frames |   Bitrate     Y-PSNR    U-PSNR    V-PSNR    YUV-PSNR   
	       17    a    4835.9718   38.6904   41.4725   42.5554   39.3854

 finished @ Thu Apr 20 19:20:19 2023
 Total Time:    21501.337 sec. [user]    21513.224 sec. [elapsed]

Level: 0
Inject Calls: 23195475776
Errors injected by bit:
	Bit 0: 2318076
	Bit 1: 2319491
	Bit 2: 2319289
	Bit 3: 2321080
	Bit 4: 2320796
	Bit 5: 2318987
	Bit 6: 2321078
	Bit 7: 2319872

Total errors injected: 18558669
