vvencFFapp: Fraunhofer VVC Encoder ver. 1.5.0 [Linux][GCC 11.3.0][64 bit][SIMD=AVX2]
 started @ Tue Apr 18 18:10:57 2023
CODING TOOL CFG: CTU128 QT44BTT21 IBD:1 SAO:1 ALF:1 (NonLinLuma:0 NonLinChr:0) CCALF:1 Tiles:1x1 Slices:1 WPP:0 WPP-Substreams:1 TMVP:1 DQ:1 SDH:0 CST:1 BDOF:1 DMVR:1 MTSImplicit:1 SBT:0 JCbCr:1 CabacInitPresent:1 AMVR:5 SMVD:3 LMCS:2 (Signal:SDR Opt:0) CIIP:0 MIP:1 AFFINE:2 (PROF:1, Type:1) MMVD:3 DisFracMMVD:1 SbTMVP:1 GPM:3 LFNST:1 MTS:0 ISP:3 TS:2 TSLog2MaxSize:4 useChromaTS:0 BDPCM:2 IBC:2 BCW:0 
ENC. ALG. CFG: QPA:0 HAD:1 RDQ:1 RDQTS:1 ASR:1 MinSearchWindow:96 RestrictMESampling:0 EDO:2 MCTF:2 
PRE-ANALYSIS CFG: STA:1 LeadFrames:0 TrailFrames:0 
FAST TOOL CFG: ECU:0 FEN:1 FDM:1 FastSearch:4 (SCC:2) LCTUFast:1 FastMrg:2 PBIntraFast:1 AMaxBT:1 FastQtBtEnc:1 ContentBasedFastQtbt:0 FastMIP:3 FastIntraTools:0 IntraEstDecBit:2 FastLocalDualTree:1 IntegerET:0 FastSubPel:1 QtbttExtraFast:3 FastTTSplit:0 IBCFastMethod:3 FIM:0 ALFSpeed:0 QuantThr: 4 
RATE CONTROL CFG: RateControl:0 LookAhead:0 
PARALLEL PROCESSING CFG: NumThreads:0 MaxParallelFrames:0 WppBitEqual:0 WF:0 

POC     0 TId: 0 (  IDR_N_LP, I-SLICE, QP 24, TF 3)     377624 bits [Y 40.2668 dB    U 43.0828 dB    V 44.6158 dB] [ET   522 ] [L0 ] [L1 ]
POC    16 TId: 1 (      STSA, B-SLICE, QP 28, TF 2)     102120 bits [Y 38.6936 dB    U 42.0311 dB    V 43.2094 dB] [ET   546 ] [L0 0 ] [L1 0 ]
POC     8 TId: 2 (      STSA, B-SLICE, QP 29, TF 1)      45016 bits [Y 38.5669 dB    U 42.1615 dB    V 43.6288 dB] [ET   593 ] [L0 0 16 ] [L1 16 0 ]
POC     4 TId: 3 (      STSA, B-SLICE, QP 32, TF 0)      18584 bits [Y 38.2894 dB    U 42.4248 dB    V 43.8959 dB] [ET   542 ] [L0 0 8 ] [L1 8 16 ]
POC     2 TId: 4 (      STSA, B-SLICE, QP 34)             8016 bits [Y 38.4054 dB    U 42.7593 dB    V 44.1365 dB] [ET   368 ] [L0 0 4 ] [L1 4 8 ]
POC     1 TId: 5 (      STSA, B-SLICE, QP 36)             2888 bits [Y 38.7508 dB    U 42.9139 dB    V 44.4373 dB] [ET   265 ] [L0 0 2 ] [L1 2 4 ]
POC     3 TId: 5 (      STSA, B-SLICE, QP 36)             3232 bits [Y 37.8822 dB    U 42.6429 dB    V 44.0645 dB] [ET   326 ] [L0 2 0 ] [L1 4 8 ]
POC     6 TId: 4 (      STSA, B-SLICE, QP 34)             9128 bits [Y 37.8540 dB    U 42.3012 dB    V 43.6670 dB] [ET   417 ] [L0 4 0 ] [L1 8 16 ]
POC     5 TId: 5 (      STSA, B-SLICE, QP 36)             3520 bits [Y 37.6709 dB    U 42.3469 dB    V 43.7750 dB] [ET   299 ] [L0 4 0 ] [L1 6 8 ]
POC     7 TId: 5 (      STSA, B-SLICE, QP 36)             2696 bits [Y 37.7380 dB    U 42.2494 dB    V 43.6056 dB] [ET   315 ] [L0 6 4 ] [L1 8 16 ]
POC    12 TId: 3 (      STSA, B-SLICE, QP 32, TF 0)      22224 bits [Y 37.8213 dB    U 41.9556 dB    V 43.1516 dB] [ET   608 ] [L0 8 0 ] [L1 16 8 ]
POC    10 TId: 4 (      STSA, B-SLICE, QP 34)             9632 bits [Y 37.6150 dB    U 42.0708 dB    V 43.3050 dB] [ET   468 ] [L0 8 0 ] [L1 12 16 ]
POC     9 TId: 5 (      STSA, B-SLICE, QP 36)             3328 bits [Y 37.5865 dB    U 42.1382 dB    V 43.4605 dB] [ET   283 ] [L0 8 0 ] [L1 10 12 ]
POC    11 TId: 5 (      STSA, B-SLICE, QP 36)             3680 bits [Y 37.3434 dB    U 41.9827 dB    V 43.2086 dB] [ET   283 ] [L0 10 8 ] [L1 12 16 ]
POC    14 TId: 4 (      STSA, B-SLICE, QP 34)            10840 bits [Y 37.4272 dB    U 41.9000 dB    V 43.0111 dB] [ET   395 ] [L0 12 8 ] [L1 16 12 ]
POC    13 TId: 5 (      STSA, B-SLICE, QP 36)             4064 bits [Y 37.1775 dB    U 41.8702 dB    V 43.0559 dB] [ET   297 ] [L0 12 8 ] [L1 14 16 ]
POC    15 TId: 5 (      STSA, B-SLICE, QP 36)             4096 bits [Y 37.3623 dB    U 41.9703 dB    V 43.0689 dB] [ET   246 ] [L0 14 12 ] [L1 16 14 ]

	Total Frames |   Bitrate     Y-PSNR    U-PSNR    V-PSNR    YUV-PSNR   
	       17    a    2225.9576   38.0265   42.2825   43.6057   39.0800

 finished @ Tue Apr 18 20:04:07 2023
 Total Time:     6786.135 sec. [user]     6790.324 sec. [elapsed]

Level: 0
Inject Calls: 7074775872
Errors injected by bit:
	Bit 0: 7079559
	Bit 1: 7073627
	Bit 2: 7076962
	Bit 3: 7070479
	Bit 4: 7075343
	Bit 5: 7074816
	Bit 6: 7078104
	Bit 7: 7075206

Total errors injected: 56604096
