vvencFFapp: Fraunhofer VVC Encoder ver. 1.5.0 [Linux][GCC 11.3.0][64 bit][SIMD=AVX2]
 started @ Tue Apr 18 01:45:39 2023
CODING TOOL CFG: CTU128 QT44BTT21 IBD:1 SAO:1 ALF:1 (NonLinLuma:0 NonLinChr:0) CCALF:1 Tiles:1x1 Slices:1 WPP:0 WPP-Substreams:1 TMVP:1 DQ:1 SDH:0 CST:1 BDOF:1 DMVR:1 MTSImplicit:1 SBT:0 JCbCr:1 CabacInitPresent:1 AMVR:5 SMVD:3 LMCS:2 (Signal:SDR Opt:0) CIIP:0 MIP:1 AFFINE:2 (PROF:1, Type:1) MMVD:3 DisFracMMVD:1 SbTMVP:1 GPM:3 LFNST:1 MTS:0 ISP:3 TS:2 TSLog2MaxSize:4 useChromaTS:0 BDPCM:2 IBC:2 BCW:0 
ENC. ALG. CFG: QPA:0 HAD:1 RDQ:1 RDQTS:1 ASR:1 MinSearchWindow:96 RestrictMESampling:0 EDO:2 MCTF:2 
PRE-ANALYSIS CFG: STA:1 LeadFrames:0 TrailFrames:0 
FAST TOOL CFG: ECU:0 FEN:1 FDM:1 FastSearch:4 (SCC:2) LCTUFast:1 FastMrg:2 PBIntraFast:1 AMaxBT:1 FastQtBtEnc:1 ContentBasedFastQtbt:0 FastMIP:3 FastIntraTools:0 IntraEstDecBit:2 FastLocalDualTree:1 IntegerET:0 FastSubPel:1 QtbttExtraFast:3 FastTTSplit:0 IBCFastMethod:3 FIM:0 ALFSpeed:0 QuantThr: 4 
RATE CONTROL CFG: RateControl:0 LookAhead:0 
PARALLEL PROCESSING CFG: NumThreads:0 MaxParallelFrames:0 WppBitEqual:0 WF:0 

POC     0 TId: 0 (  IDR_N_LP, I-SLICE, QP 29, TF 2)     160808 bits [Y 38.4367 dB    U 41.6230 dB    V 42.6136 dB] [ET   276 ] [L0 ] [L1 ]
POC    16 TId: 1 (      STSA, B-SLICE, QP 34, TF 1)      30816 bits [Y 36.5058 dB    U 39.9140 dB    V 40.1395 dB] [ET   541 ] [L0 0 ] [L1 0 ]
POC     8 TId: 2 (      STSA, B-SLICE, QP 35, TF 0)      19056 bits [Y 36.5054 dB    U 40.0185 dB    V 40.9683 dB] [ET   738 ] [L0 0 16 ] [L1 16 0 ]
POC     4 TId: 3 (      STSA, B-SLICE, QP 38)            11768 bits [Y 36.1741 dB    U 40.1651 dB    V 40.9061 dB] [ET   670 ] [L0 0 8 ] [L1 8 16 ]
POC     2 TId: 4 (      STSA, B-SLICE, QP 40)             5208 bits [Y 36.3158 dB    U 40.8272 dB    V 41.4951 dB] [ET   430 ] [L0 0 4 ] [L1 4 8 ]
POC     1 TId: 5 (      STSA, B-SLICE, QP 41)              248 bits [Y 38.4353 dB    U 41.6228 dB    V 42.6135 dB] [ET   181 ] [L0 0 2 ] [L1 2 4 ]
POC     3 TId: 5 (      STSA, B-SLICE, QP 41)             3208 bits [Y 35.7410 dB    U 40.3472 dB    V 40.8085 dB] [ET   383 ] [L0 2 0 ] [L1 4 8 ]
POC     6 TId: 4 (      STSA, B-SLICE, QP 40)             6192 bits [Y 35.5467 dB    U 39.9822 dB    V 40.6221 dB] [ET   682 ] [L0 4 0 ] [L1 8 16 ]
POC     5 TId: 5 (      STSA, B-SLICE, QP 41)             3504 bits [Y 35.2892 dB    U 39.9459 dB    V 40.6355 dB] [ET   456 ] [L0 4 0 ] [L1 6 8 ]
POC     7 TId: 5 (      STSA, B-SLICE, QP 41)             3392 bits [Y 35.2520 dB    U 39.9130 dB    V 40.5206 dB] [ET   442 ] [L0 6 4 ] [L1 8 16 ]
POC    12 TId: 3 (      STSA, B-SLICE, QP 38)            13280 bits [Y 35.6639 dB    U 39.7530 dB    V 40.1909 dB] [ET   701 ] [L0 8 0 ] [L1 16 8 ]
POC    10 TId: 4 (      STSA, B-SLICE, QP 40)             7200 bits [Y 35.2980 dB    U 39.8207 dB    V 40.3391 dB] [ET   740 ] [L0 8 0 ] [L1 12 16 ]
POC     9 TId: 5 (      STSA, B-SLICE, QP 41)             3440 bits [Y 35.6488 dB    U 39.8732 dB    V 40.6767 dB] [ET   422 ] [L0 8 0 ] [L1 10 12 ]
POC    11 TId: 5 (      STSA, B-SLICE, QP 41)             3720 bits [Y 35.2195 dB    U 39.6302 dB    V 39.9761 dB] [ET   432 ] [L0 10 8 ] [L1 12 16 ]
POC    14 TId: 4 (      STSA, B-SLICE, QP 40)             7448 bits [Y 35.2390 dB    U 39.5038 dB    V 39.8438 dB] [ET   511 ] [L0 12 8 ] [L1 16 12 ]
POC    13 TId: 5 (      STSA, B-SLICE, QP 41)             3464 bits [Y 35.0663 dB    U 39.7027 dB    V 39.9098 dB] [ET   397 ] [L0 12 8 ] [L1 14 16 ]
POC    15 TId: 5 (      STSA, B-SLICE, QP 41)             2968 bits [Y 35.1518 dB    U 39.6707 dB    V 39.7185 dB] [ET   303 ] [L0 14 12 ] [L1 16 14 ]

	Total Frames |   Bitrate     Y-PSNR    U-PSNR    V-PSNR    YUV-PSNR   
	       17    a     840.3529   35.9699   40.1361   40.7046   36.9158

 finished @ Tue Apr 18 04:04:21 2023
 Total Time:     8313.650 sec. [user]     8321.527 sec. [elapsed]

Level: 0
Inject Calls: 9349739936
Errors injected by bit:
	Bit 0: 9349117
	Bit 1: 9352183
	Bit 2: 9350397
	Bit 3: 9346995
	Bit 4: 9354628
	Bit 5: 9353857
	Bit 6: 9350855
	Bit 7: 9346761

Total errors injected: 74804793
