vvencFFapp: Fraunhofer VVC Encoder ver. 1.5.0 [Linux][GCC 11.3.0][64 bit][SIMD=AVX2]
 started @ Fri Apr 21 11:32:11 2023
CODING TOOL CFG: CTU128 QT44BTT21 IBD:1 SAO:1 ALF:1 (NonLinLuma:0 NonLinChr:0) CCALF:1 Tiles:1x1 Slices:1 WPP:0 WPP-Substreams:1 TMVP:1 DQ:1 SDH:0 CST:1 BDOF:1 DMVR:1 MTSImplicit:1 SBT:0 JCbCr:1 CabacInitPresent:1 AMVR:5 SMVD:3 LMCS:2 (Signal:SDR Opt:0) CIIP:0 MIP:1 AFFINE:2 (PROF:1, Type:1) MMVD:3 DisFracMMVD:1 SbTMVP:1 GPM:3 LFNST:1 MTS:0 ISP:3 TS:2 TSLog2MaxSize:4 useChromaTS:0 BDPCM:2 IBC:2 BCW:0 
ENC. ALG. CFG: QPA:0 HAD:1 RDQ:1 RDQTS:1 ASR:1 MinSearchWindow:96 RestrictMESampling:0 EDO:2 MCTF:2 
PRE-ANALYSIS CFG: STA:1 LeadFrames:0 TrailFrames:0 
FAST TOOL CFG: ECU:0 FEN:1 FDM:1 FastSearch:4 (SCC:2) LCTUFast:1 FastMrg:2 PBIntraFast:1 AMaxBT:1 FastQtBtEnc:1 ContentBasedFastQtbt:0 FastMIP:3 FastIntraTools:0 IntraEstDecBit:2 FastLocalDualTree:1 IntegerET:0 FastSubPel:1 QtbttExtraFast:3 FastTTSplit:0 IBCFastMethod:3 FIM:0 ALFSpeed:0 QuantThr: 4 
RATE CONTROL CFG: RateControl:0 LookAhead:0 
PARALLEL PROCESSING CFG: NumThreads:0 MaxParallelFrames:0 WppBitEqual:0 WF:0 

POC     0 TId: 0 (  IDR_N_LP, I-SLICE, QP 24, TF 3)     399128 bits [Y 38.6505 dB    U 40.8666 dB    V 42.1124 dB] [ET   414 ] [L0 ] [L1 ]
POC    16 TId: 1 (      STSA, B-SLICE, QP 28, TF 2)     241496 bits [Y 38.5573 dB    U 40.3391 dB    V 41.4660 dB] [ET   974 ] [L0 0 ] [L1 0 ]
POC     8 TId: 2 (      STSA, B-SLICE, QP 29, TF 1)     179080 bits [Y 37.2405 dB    U 39.5326 dB    V 40.7049 dB] [ET  1427 ] [L0 0 16 ] [L1 16 0 ]
POC     4 TId: 3 (      STSA, B-SLICE, QP 32, TF 0)      78288 bits [Y 35.9405 dB    U 39.1170 dB    V 40.3300 dB] [ET  1493 ] [L0 0 8 ] [L1 8 16 ]
POC     2 TId: 4 (      STSA, B-SLICE, QP 34)            45544 bits [Y 35.6587 dB    U 39.2884 dB    V 40.4977 dB] [ET  1124 ] [L0 0 4 ] [L1 4 8 ]
POC     1 TId: 5 (      STSA, B-SLICE, QP 36)            23056 bits [Y 35.3051 dB    U 39.4784 dB    V 40.6415 dB] [ET   719 ] [L0 0 2 ] [L1 2 4 ]
POC     3 TId: 5 (      STSA, B-SLICE, QP 36)            20712 bits [Y 34.8895 dB    U 38.8708 dB    V 40.1514 dB] [ET   876 ] [L0 2 0 ] [L1 4 8 ]
POC     6 TId: 4 (      STSA, B-SLICE, QP 34)            43608 bits [Y 35.4754 dB    U 38.9104 dB    V 40.0263 dB] [ET  1301 ] [L0 4 0 ] [L1 8 16 ]
POC     5 TId: 5 (      STSA, B-SLICE, QP 36)            19128 bits [Y 34.9080 dB    U 38.8440 dB    V 40.1327 dB] [ET   898 ] [L0 4 0 ] [L1 6 8 ]
POC     7 TId: 5 (      STSA, B-SLICE, QP 36)            21184 bits [Y 35.0306 dB    U 38.7752 dB    V 40.0446 dB] [ET   892 ] [L0 6 4 ] [L1 8 16 ]
POC    12 TId: 3 (      STSA, B-SLICE, QP 32, TF 0)      80336 bits [Y 35.8000 dB    U 39.2574 dB    V 40.1290 dB] [ET  1524 ] [L0 8 0 ] [L1 16 8 ]
POC    10 TId: 4 (      STSA, B-SLICE, QP 34)            46776 bits [Y 35.3724 dB    U 38.8041 dB    V 39.7411 dB] [ET  1427 ] [L0 8 0 ] [L1 12 16 ]
POC     9 TId: 5 (      STSA, B-SLICE, QP 36)            20656 bits [Y 34.9860 dB    U 38.6659 dB    V 39.8578 dB] [ET   952 ] [L0 8 0 ] [L1 10 12 ]
POC    11 TId: 5 (      STSA, B-SLICE, QP 36)            20152 bits [Y 34.7250 dB    U 38.7690 dB    V 39.6075 dB] [ET   990 ] [L0 10 8 ] [L1 12 16 ]
POC    14 TId: 4 (      STSA, B-SLICE, QP 34)            43736 bits [Y 35.3192 dB    U 38.9703 dB    V 40.0737 dB] [ET  1078 ] [L0 12 8 ] [L1 16 12 ]
POC    13 TId: 5 (      STSA, B-SLICE, QP 36)            19200 bits [Y 34.7433 dB    U 38.9068 dB    V 39.8482 dB] [ET   859 ] [L0 12 8 ] [L1 14 16 ]
POC    15 TId: 5 (      STSA, B-SLICE, QP 36)            19232 bits [Y 34.9629 dB    U 39.1716 dB    V 40.3107 dB] [ET   757 ] [L0 14 12 ] [L1 16 14 ]

	Total Frames |   Bitrate     Y-PSNR    U-PSNR    V-PSNR    YUV-PSNR   
	       17    a    2331.7271   35.7391   39.2098   40.3338   36.5856

 finished @ Fri Apr 21 16:27:34 2023
 Total Time:    17720.500 sec. [user]    17722.812 sec. [elapsed]

Level: 0
Inject Calls: 19637754688
Errors injected by bit:
	Bit 0: 19401
	Bit 1: 19781
	Bit 2: 19518
	Bit 3: 19710
	Bit 4: 19395
	Bit 5: 19516
	Bit 6: 19833
	Bit 7: 19737

Total errors injected: 156891
