vvencFFapp: Fraunhofer VVC Encoder ver. 1.5.0 [Linux][GCC 11.3.0][64 bit][SIMD=AVX2]
 started @ Tue Apr 18 01:45:40 2023
CODING TOOL CFG: CTU128 QT44BTT21 IBD:1 SAO:1 ALF:1 (NonLinLuma:0 NonLinChr:0) CCALF:1 Tiles:1x1 Slices:1 WPP:0 WPP-Substreams:1 TMVP:1 DQ:1 SDH:0 CST:1 BDOF:1 DMVR:1 MTSImplicit:1 SBT:0 JCbCr:1 CabacInitPresent:1 AMVR:5 SMVD:3 LMCS:2 (Signal:SDR Opt:0) CIIP:0 MIP:1 AFFINE:2 (PROF:1, Type:1) MMVD:3 DisFracMMVD:1 SbTMVP:1 GPM:3 LFNST:1 MTS:0 ISP:3 TS:2 TSLog2MaxSize:4 useChromaTS:0 BDPCM:2 IBC:2 BCW:0 
ENC. ALG. CFG: QPA:0 HAD:1 RDQ:1 RDQTS:1 ASR:1 MinSearchWindow:96 RestrictMESampling:0 EDO:2 MCTF:2 
PRE-ANALYSIS CFG: STA:1 LeadFrames:0 TrailFrames:0 
FAST TOOL CFG: ECU:0 FEN:1 FDM:1 FastSearch:4 (SCC:2) LCTUFast:1 FastMrg:2 PBIntraFast:1 AMaxBT:1 FastQtBtEnc:1 ContentBasedFastQtbt:0 FastMIP:3 FastIntraTools:0 IntraEstDecBit:2 FastLocalDualTree:1 IntegerET:0 FastSubPel:1 QtbttExtraFast:3 FastTTSplit:0 IBCFastMethod:3 FIM:0 ALFSpeed:0 QuantThr: 4 
RATE CONTROL CFG: RateControl:0 LookAhead:0 
PARALLEL PROCESSING CFG: NumThreads:0 MaxParallelFrames:0 WppBitEqual:0 WF:0 

POC     0 TId: 0 (  IDR_N_LP, I-SLICE, QP 29, TF 2)     160808 bits [Y 38.4367 dB    U 41.6230 dB    V 42.6136 dB] [ET   270 ] [L0 ] [L1 ]
POC    16 TId: 1 (      STSA, B-SLICE, QP 34, TF 1)      30800 bits [Y 36.4773 dB    U 39.9188 dB    V 40.0945 dB] [ET   549 ] [L0 0 ] [L1 0 ]
POC     8 TId: 2 (      STSA, B-SLICE, QP 35, TF 0)      18912 bits [Y 36.5062 dB    U 40.0629 dB    V 40.7806 dB] [ET   715 ] [L0 0 16 ] [L1 16 0 ]
POC     4 TId: 3 (      STSA, B-SLICE, QP 38)            11912 bits [Y 36.2125 dB    U 40.1879 dB    V 40.9438 dB] [ET   693 ] [L0 0 8 ] [L1 8 16 ]
POC     2 TId: 4 (      STSA, B-SLICE, QP 40)             5112 bits [Y 36.3270 dB    U 40.8324 dB    V 41.3758 dB] [ET   430 ] [L0 0 4 ] [L1 4 8 ]
POC     1 TId: 5 (      STSA, B-SLICE, QP 41)              232 bits [Y 38.4367 dB    U 41.6230 dB    V 42.6136 dB] [ET   188 ] [L0 0 2 ] [L1 2 4 ]
POC     3 TId: 5 (      STSA, B-SLICE, QP 41)             3032 bits [Y 35.7417 dB    U 40.3780 dB    V 40.7620 dB] [ET   406 ] [L0 2 0 ] [L1 4 8 ]
POC     6 TId: 4 (      STSA, B-SLICE, QP 40)             6568 bits [Y 35.5850 dB    U 40.1030 dB    V 40.5708 dB] [ET   593 ] [L0 4 0 ] [L1 8 16 ]
POC     5 TId: 5 (      STSA, B-SLICE, QP 41)             3632 bits [Y 35.3283 dB    U 40.0118 dB    V 40.6740 dB] [ET   431 ] [L0 4 0 ] [L1 6 8 ]
POC     7 TId: 5 (      STSA, B-SLICE, QP 41)             3288 bits [Y 35.3029 dB    U 39.9067 dB    V 40.4950 dB] [ET   407 ] [L0 6 4 ] [L1 8 16 ]
POC    12 TId: 3 (      STSA, B-SLICE, QP 38)            13232 bits [Y 35.6256 dB    U 39.7033 dB    V 40.0812 dB] [ET   709 ] [L0 8 0 ] [L1 16 8 ]
POC    10 TId: 4 (      STSA, B-SLICE, QP 40)             7224 bits [Y 35.3471 dB    U 39.8406 dB    V 40.2096 dB] [ET   704 ] [L0 8 0 ] [L1 12 16 ]
POC     9 TId: 5 (      STSA, B-SLICE, QP 41)             3400 bits [Y 35.6926 dB    U 39.9701 dB    V 40.4375 dB] [ET   435 ] [L0 8 0 ] [L1 10 12 ]
POC    11 TId: 5 (      STSA, B-SLICE, QP 41)             3720 bits [Y 35.1897 dB    U 39.7653 dB    V 39.8746 dB] [ET   453 ] [L0 10 8 ] [L1 12 16 ]
POC    14 TId: 4 (      STSA, B-SLICE, QP 40)             7640 bits [Y 35.2467 dB    U 39.5965 dB    V 39.7685 dB] [ET   529 ] [L0 12 8 ] [L1 16 12 ]
POC    13 TId: 5 (      STSA, B-SLICE, QP 41)             3600 bits [Y 35.0482 dB    U 39.7131 dB    V 39.8695 dB] [ET   411 ] [L0 12 8 ] [L1 14 16 ]
POC    15 TId: 5 (      STSA, B-SLICE, QP 41)             2952 bits [Y 35.1850 dB    U 39.6950 dB    V 39.6945 dB] [ET   320 ] [L0 14 12 ] [L1 16 14 ]

	Total Frames |   Bitrate     Y-PSNR    U-PSNR    V-PSNR    YUV-PSNR   
	       17    a     841.3647   35.9817   40.1724   40.6388   36.9250

 finished @ Tue Apr 18 04:03:17 2023
 Total Time:     8248.510 sec. [user]     8257.063 sec. [elapsed]

Level: 0
Inject Calls: 9423083968
Errors injected by bit:
	Bit 0: 941314
	Bit 1: 941938
	Bit 2: 941426
	Bit 3: 942032
	Bit 4: 940166
	Bit 5: 942003
	Bit 6: 944239
	Bit 7: 941422

Total errors injected: 7534540
