vvencFFapp: Fraunhofer VVC Encoder ver. 1.5.0 [Linux][GCC 11.3.0][64 bit][SIMD=AVX2]
 started @ Thu Apr 20 12:46:46 2023
CODING TOOL CFG: CTU128 QT44BTT21 IBD:1 SAO:1 ALF:1 (NonLinLuma:0 NonLinChr:0) CCALF:1 Tiles:1x1 Slices:1 WPP:0 WPP-Substreams:1 TMVP:1 DQ:1 SDH:0 CST:1 BDOF:1 DMVR:1 MTSImplicit:1 SBT:0 JCbCr:1 CabacInitPresent:1 AMVR:5 SMVD:3 LMCS:2 (Signal:SDR Opt:0) CIIP:0 MIP:1 AFFINE:2 (PROF:1, Type:1) MMVD:3 DisFracMMVD:1 SbTMVP:1 GPM:3 LFNST:1 MTS:0 ISP:3 TS:2 TSLog2MaxSize:4 useChromaTS:0 BDPCM:2 IBC:2 BCW:0 
ENC. ALG. CFG: QPA:0 HAD:1 RDQ:1 RDQTS:1 ASR:1 MinSearchWindow:96 RestrictMESampling:0 EDO:2 MCTF:2 
PRE-ANALYSIS CFG: STA:1 LeadFrames:0 TrailFrames:0 
FAST TOOL CFG: ECU:0 FEN:1 FDM:1 FastSearch:4 (SCC:2) LCTUFast:1 FastMrg:2 PBIntraFast:1 AMaxBT:1 FastQtBtEnc:1 ContentBasedFastQtbt:0 FastMIP:3 FastIntraTools:0 IntraEstDecBit:2 FastLocalDualTree:1 IntegerET:0 FastSubPel:1 QtbttExtraFast:3 FastTTSplit:0 IBCFastMethod:3 FIM:0 ALFSpeed:0 QuantThr: 4 
RATE CONTROL CFG: RateControl:0 LookAhead:0 
PARALLEL PROCESSING CFG: NumThreads:0 MaxParallelFrames:0 WppBitEqual:0 WF:0 

POC     0 TId: 0 (  IDR_N_LP, I-SLICE, QP 19, TF 3)     629392 bits [Y 41.1842 dB    U 43.2214 dB    V 44.1771 dB] [ET   438 ] [L0 ] [L1 ]
POC    16 TId: 1 (      STSA, B-SLICE, QP 22, TF 2)     441840 bits [Y 42.3145 dB    U 43.3651 dB    V 44.2559 dB] [ET  1260 ] [L0 0 ] [L1 0 ]
POC     8 TId: 2 (      STSA, B-SLICE, QP 23, TF 1)     347672 bits [Y 40.6508 dB    U 42.0281 dB    V 43.2427 dB] [ET  1554 ] [L0 0 16 ] [L1 16 0 ]
POC     4 TId: 3 (      STSA, B-SLICE, QP 26, TF 0)     175328 bits [Y 38.8856 dB    U 41.3698 dB    V 42.5192 dB] [ET  1789 ] [L0 0 8 ] [L1 8 16 ]
POC     2 TId: 4 (      STSA, B-SLICE, QP 28)           108872 bits [Y 38.3568 dB    U 41.4081 dB    V 42.5993 dB] [ET  1352 ] [L0 0 4 ] [L1 4 8 ]
POC     1 TId: 5 (      STSA, B-SLICE, QP 29)            68056 bits [Y 37.9135 dB    U 41.5074 dB    V 42.7371 dB] [ET   942 ] [L0 0 2 ] [L1 2 4 ]
POC     3 TId: 5 (      STSA, B-SLICE, QP 29)            65008 bits [Y 37.6966 dB    U 41.0166 dB    V 42.2208 dB] [ET  1090 ] [L0 2 0 ] [L1 4 8 ]
POC     6 TId: 4 (      STSA, B-SLICE, QP 28)           103248 bits [Y 38.3176 dB    U 41.1404 dB    V 42.3138 dB] [ET  1494 ] [L0 4 0 ] [L1 8 16 ]
POC     5 TId: 5 (      STSA, B-SLICE, QP 29)            60488 bits [Y 37.6996 dB    U 40.9134 dB    V 42.1606 dB] [ET  1077 ] [L0 4 0 ] [L1 6 8 ]
POC     7 TId: 5 (      STSA, B-SLICE, QP 29)            63120 bits [Y 37.7988 dB    U 40.9456 dB    V 42.0990 dB] [ET  1188 ] [L0 6 4 ] [L1 8 16 ]
POC    12 TId: 3 (      STSA, B-SLICE, QP 26, TF 0)     184360 bits [Y 38.9649 dB    U 41.5659 dB    V 42.4008 dB] [ET  1801 ] [L0 8 0 ] [L1 16 8 ]
POC    10 TId: 4 (      STSA, B-SLICE, QP 28)           114928 bits [Y 38.3281 dB    U 41.1646 dB    V 42.0270 dB] [ET  1679 ] [L0 8 0 ] [L1 12 16 ]
POC     9 TId: 5 (      STSA, B-SLICE, QP 29)            65376 bits [Y 37.8339 dB    U 40.9638 dB    V 42.1574 dB] [ET  1132 ] [L0 8 0 ] [L1 10 12 ]
POC    11 TId: 5 (      STSA, B-SLICE, QP 29)            68256 bits [Y 37.7315 dB    U 40.9594 dB    V 41.8764 dB] [ET  1181 ] [L0 10 8 ] [L1 12 16 ]
POC    14 TId: 4 (      STSA, B-SLICE, QP 28)           114464 bits [Y 38.3425 dB    U 41.2075 dB    V 42.2039 dB] [ET  1365 ] [L0 12 8 ] [L1 16 12 ]
POC    13 TId: 5 (      STSA, B-SLICE, QP 29)            65616 bits [Y 37.7508 dB    U 41.0125 dB    V 42.0071 dB] [ET  1190 ] [L0 12 8 ] [L1 14 16 ]
POC    15 TId: 5 (      STSA, B-SLICE, QP 29)            69312 bits [Y 37.8753 dB    U 41.2712 dB    V 42.4936 dB] [ET   998 ] [L0 14 12 ] [L1 16 14 ]

	Total Frames |   Bitrate     Y-PSNR    U-PSNR    V-PSNR    YUV-PSNR   
	       17    a    4844.7106   38.6850   41.4742   42.5583   39.3812

 finished @ Thu Apr 20 18:45:54 2023
 Total Time:    21534.516 sec. [user]    21548.701 sec. [elapsed]

Level: 0
Inject Calls: 22828831968
Errors injected by bit:
	Bit 0: 22836245
	Bit 1: 22829469
	Bit 2: 22829705
	Bit 3: 22827862
	Bit 4: 22831893
	Bit 5: 22820528
	Bit 6: 22834250
	Bit 7: 22824925

Total errors injected: 182634877
