vvencFFapp: Fraunhofer VVC Encoder ver. 1.5.0 [Linux][GCC 11.3.0][64 bit][SIMD=AVX2]
 started @ Tue Apr 18 20:21:01 2023
CODING TOOL CFG: CTU128 QT44BTT21 IBD:1 SAO:1 ALF:1 (NonLinLuma:0 NonLinChr:0) CCALF:1 Tiles:1x1 Slices:1 WPP:0 WPP-Substreams:1 TMVP:1 DQ:1 SDH:0 CST:1 BDOF:1 DMVR:1 MTSImplicit:1 SBT:0 JCbCr:1 CabacInitPresent:1 AMVR:5 SMVD:3 LMCS:2 (Signal:SDR Opt:0) CIIP:0 MIP:1 AFFINE:2 (PROF:1, Type:1) MMVD:3 DisFracMMVD:1 SbTMVP:1 GPM:3 LFNST:1 MTS:0 ISP:3 TS:2 TSLog2MaxSize:4 useChromaTS:0 BDPCM:2 IBC:2 BCW:0 
ENC. ALG. CFG: QPA:0 HAD:1 RDQ:1 RDQTS:1 ASR:1 MinSearchWindow:96 RestrictMESampling:0 EDO:2 MCTF:2 
PRE-ANALYSIS CFG: STA:1 LeadFrames:0 TrailFrames:0 
FAST TOOL CFG: ECU:0 FEN:1 FDM:1 FastSearch:4 (SCC:2) LCTUFast:1 FastMrg:2 PBIntraFast:1 AMaxBT:1 FastQtBtEnc:1 ContentBasedFastQtbt:0 FastMIP:3 FastIntraTools:0 IntraEstDecBit:2 FastLocalDualTree:1 IntegerET:0 FastSubPel:1 QtbttExtraFast:3 FastTTSplit:0 IBCFastMethod:3 FIM:0 ALFSpeed:0 QuantThr: 4 
RATE CONTROL CFG: RateControl:0 LookAhead:0 
PARALLEL PROCESSING CFG: NumThreads:0 MaxParallelFrames:0 WppBitEqual:0 WF:0 

POC     0 TId: 0 (  IDR_N_LP, I-SLICE, QP 24, TF 3)     377624 bits [Y 40.2668 dB    U 43.0828 dB    V 44.6158 dB] [ET   481 ] [L0 ] [L1 ]
POC    16 TId: 1 (      STSA, B-SLICE, QP 28, TF 2)     101464 bits [Y 38.6784 dB    U 42.0682 dB    V 43.2421 dB] [ET   542 ] [L0 0 ] [L1 0 ]
POC     8 TId: 2 (      STSA, B-SLICE, QP 29, TF 1)      44416 bits [Y 38.5715 dB    U 42.2172 dB    V 43.6518 dB] [ET   580 ] [L0 0 16 ] [L1 16 0 ]
POC     4 TId: 3 (      STSA, B-SLICE, QP 32, TF 0)      18784 bits [Y 38.3380 dB    U 42.4906 dB    V 43.8802 dB] [ET   560 ] [L0 0 8 ] [L1 8 16 ]
POC     2 TId: 4 (      STSA, B-SLICE, QP 34)             8088 bits [Y 38.4265 dB    U 42.7986 dB    V 44.1743 dB] [ET   372 ] [L0 0 4 ] [L1 4 8 ]
POC     1 TId: 5 (      STSA, B-SLICE, QP 36)             2776 bits [Y 38.7376 dB    U 42.9036 dB    V 44.4480 dB] [ET   225 ] [L0 0 2 ] [L1 2 4 ]
POC     3 TId: 5 (      STSA, B-SLICE, QP 36)             3176 bits [Y 37.9253 dB    U 42.6709 dB    V 44.0356 dB] [ET   280 ] [L0 2 0 ] [L1 4 8 ]
POC     6 TId: 4 (      STSA, B-SLICE, QP 34)             8864 bits [Y 37.8714 dB    U 42.3536 dB    V 43.6583 dB] [ET   453 ] [L0 4 0 ] [L1 8 16 ]
POC     5 TId: 5 (      STSA, B-SLICE, QP 36)             3280 bits [Y 37.6965 dB    U 42.3665 dB    V 43.7254 dB] [ET   275 ] [L0 4 0 ] [L1 6 8 ]
POC     7 TId: 5 (      STSA, B-SLICE, QP 36)             2704 bits [Y 37.7472 dB    U 42.2984 dB    V 43.6413 dB] [ET   304 ] [L0 6 4 ] [L1 8 16 ]
POC    12 TId: 3 (      STSA, B-SLICE, QP 32, TF 0)      21744 bits [Y 37.8052 dB    U 42.0578 dB    V 43.2731 dB] [ET   566 ] [L0 8 0 ] [L1 16 8 ]
POC    10 TId: 4 (      STSA, B-SLICE, QP 34)             9720 bits [Y 37.6652 dB    U 42.1131 dB    V 43.3594 dB] [ET   451 ] [L0 8 0 ] [L1 12 16 ]
POC     9 TId: 5 (      STSA, B-SLICE, QP 36)             3520 bits [Y 37.6409 dB    U 42.2096 dB    V 43.5417 dB] [ET   281 ] [L0 8 0 ] [L1 10 12 ]
POC    11 TId: 5 (      STSA, B-SLICE, QP 36)             3744 bits [Y 37.3427 dB    U 42.0496 dB    V 43.2925 dB] [ET   286 ] [L0 10 8 ] [L1 12 16 ]
POC    14 TId: 4 (      STSA, B-SLICE, QP 34)            10520 bits [Y 37.4388 dB    U 41.9980 dB    V 43.1381 dB] [ET   394 ] [L0 12 8 ] [L1 16 12 ]
POC    13 TId: 5 (      STSA, B-SLICE, QP 36)             4152 bits [Y 37.1738 dB    U 41.9528 dB    V 43.1579 dB] [ET   294 ] [L0 12 8 ] [L1 14 16 ]
POC    15 TId: 5 (      STSA, B-SLICE, QP 36)             4160 bits [Y 37.3451 dB    U 42.0213 dB    V 43.1045 dB] [ET   255 ] [L0 14 12 ] [L1 16 14 ]

	Total Frames |   Bitrate     Y-PSNR    U-PSNR    V-PSNR    YUV-PSNR   
	       17    a    2219.0682   38.0395   42.3325   43.6435   39.0981

 finished @ Tue Apr 18 22:11:18 2023
 Total Time:     6613.014 sec. [user]     6616.903 sec. [elapsed]

Level: 0
Inject Calls: 7062316256
Errors injected by bit:
	Bit 0: 70787
	Bit 1: 70918
	Bit 2: 70953
	Bit 3: 70597
	Bit 4: 70425
	Bit 5: 70553
	Bit 6: 70663
	Bit 7: 70780

Total errors injected: 565676
