vvencFFapp: Fraunhofer VVC Encoder ver. 1.5.0 [Linux][GCC 11.3.0][64 bit][SIMD=AVX2]
 started @ Mon Apr 17 16:55:30 2023
CODING TOOL CFG: CTU128 QT44BTT21 IBD:1 SAO:1 ALF:1 (NonLinLuma:0 NonLinChr:0) CCALF:1 Tiles:1x1 Slices:1 WPP:0 WPP-Substreams:1 TMVP:1 DQ:1 SDH:0 CST:1 BDOF:1 DMVR:1 MTSImplicit:1 SBT:0 JCbCr:1 CabacInitPresent:1 AMVR:5 SMVD:3 LMCS:2 (Signal:SDR Opt:0) CIIP:0 MIP:1 AFFINE:2 (PROF:1, Type:1) MMVD:3 DisFracMMVD:1 SbTMVP:1 GPM:3 LFNST:1 MTS:0 ISP:3 TS:2 TSLog2MaxSize:4 useChromaTS:0 BDPCM:2 IBC:2 BCW:0 
ENC. ALG. CFG: QPA:0 HAD:1 RDQ:1 RDQTS:1 ASR:1 MinSearchWindow:96 RestrictMESampling:0 EDO:2 MCTF:2 
PRE-ANALYSIS CFG: STA:1 LeadFrames:0 TrailFrames:0 
FAST TOOL CFG: ECU:0 FEN:1 FDM:1 FastSearch:4 (SCC:2) LCTUFast:1 FastMrg:2 PBIntraFast:1 AMaxBT:1 FastQtBtEnc:1 ContentBasedFastQtbt:0 FastMIP:3 FastIntraTools:0 IntraEstDecBit:2 FastLocalDualTree:1 IntegerET:0 FastSubPel:1 QtbttExtraFast:3 FastTTSplit:0 IBCFastMethod:3 FIM:0 ALFSpeed:0 QuantThr: 4 
RATE CONTROL CFG: RateControl:0 LookAhead:0 
PARALLEL PROCESSING CFG: NumThreads:0 MaxParallelFrames:0 WppBitEqual:0 WF:0 

POC     0 TId: 0 (  IDR_N_LP, I-SLICE, QP 24, TF 3)     303696 bits [Y 41.6478 dB    U 43.8365 dB    V 45.0113 dB] [ET   430 ] [L0 ] [L1 ]
POC    16 TId: 1 (      STSA, B-SLICE, QP 28, TF 2)      65424 bits [Y 39.5759 dB    U 42.4192 dB    V 43.2003 dB] [ET   690 ] [L0 0 ] [L1 0 ]
POC     8 TId: 2 (      STSA, B-SLICE, QP 29, TF 1)      38688 bits [Y 39.4722 dB    U 42.4737 dB    V 43.4768 dB] [ET   827 ] [L0 0 16 ] [L1 16 0 ]
POC     4 TId: 3 (      STSA, B-SLICE, QP 32, TF 0)      23096 bits [Y 39.1027 dB    U 42.1955 dB    V 43.1832 dB] [ET   821 ] [L0 0 8 ] [L1 8 16 ]
POC     2 TId: 4 (      STSA, B-SLICE, QP 34)            10856 bits [Y 39.1779 dB    U 42.7207 dB    V 43.5098 dB] [ET   553 ] [L0 0 4 ] [L1 4 8 ]
POC     1 TId: 5 (      STSA, B-SLICE, QP 36)              240 bits [Y 41.6478 dB    U 43.8365 dB    V 45.0113 dB] [ET   189 ] [L0 0 2 ] [L1 2 4 ]
POC     3 TId: 5 (      STSA, B-SLICE, QP 36)             6720 bits [Y 38.5070 dB    U 42.1286 dB    V 42.8348 dB] [ET   468 ] [L0 2 0 ] [L1 4 8 ]
POC     6 TId: 4 (      STSA, B-SLICE, QP 34)            14600 bits [Y 38.7234 dB    U 42.1338 dB    V 42.7242 dB] [ET   744 ] [L0 4 0 ] [L1 8 16 ]
POC     5 TId: 5 (      STSA, B-SLICE, QP 36)             6944 bits [Y 38.0527 dB    U 41.9758 dB    V 42.6327 dB] [ET   487 ] [L0 4 0 ] [L1 6 8 ]
POC     7 TId: 5 (      STSA, B-SLICE, QP 36)             7376 bits [Y 38.0396 dB    U 42.1202 dB    V 42.7762 dB] [ET   514 ] [L0 6 4 ] [L1 8 16 ]
POC    12 TId: 3 (      STSA, B-SLICE, QP 32, TF 0)      25720 bits [Y 38.5141 dB    U 41.7693 dB    V 42.6204 dB] [ET   859 ] [L0 8 0 ] [L1 16 8 ]
POC    10 TId: 4 (      STSA, B-SLICE, QP 34)            15960 bits [Y 38.3240 dB    U 41.7447 dB    V 42.3552 dB] [ET   924 ] [L0 8 0 ] [L1 12 16 ]
POC     9 TId: 5 (      STSA, B-SLICE, QP 36)             6872 bits [Y 38.3498 dB    U 42.0170 dB    V 42.6578 dB] [ET   505 ] [L0 8 0 ] [L1 10 12 ]
POC    11 TId: 5 (      STSA, B-SLICE, QP 36)             7960 bits [Y 37.9812 dB    U 41.7443 dB    V 42.2388 dB] [ET   525 ] [L0 10 8 ] [L1 12 16 ]
POC    14 TId: 4 (      STSA, B-SLICE, QP 34)            16448 bits [Y 38.2101 dB    U 41.5694 dB    V 42.1643 dB] [ET   674 ] [L0 12 8 ] [L1 16 12 ]
POC    13 TId: 5 (      STSA, B-SLICE, QP 36)             7752 bits [Y 37.8241 dB    U 41.5644 dB    V 42.1161 dB] [ET   531 ] [L0 12 8 ] [L1 14 16 ]
POC    15 TId: 5 (      STSA, B-SLICE, QP 36)             7144 bits [Y 37.9721 dB    U 41.8543 dB    V 42.2756 dB] [ET   386 ] [L0 14 12 ] [L1 16 14 ]

	Total Frames |   Bitrate     Y-PSNR    U-PSNR    V-PSNR    YUV-PSNR   
	       17    a    1663.2235   38.8896   42.2414   42.9876   39.6955

 finished @ Mon Apr 17 19:44:32 2023
 Total Time:    10137.153 sec. [user]    10141.902 sec. [elapsed]

Level: 0
Inject Calls: 11140642656
Errors injected by bit:
	Bit 0: 11138340
	Bit 1: 11143868
	Bit 2: 11142232
	Bit 3: 11143136
	Bit 4: 11139210
	Bit 5: 11144763
	Bit 6: 11135108
	Bit 7: 11140897

Total errors injected: 89127554
