vvencFFapp: Fraunhofer VVC Encoder ver. 1.5.0 [Linux][GCC 11.3.0][64 bit][SIMD=AVX2]
 started @ Mon Apr 17 22:40:36 2023
CODING TOOL CFG: CTU128 QT44BTT21 IBD:1 SAO:1 ALF:1 (NonLinLuma:0 NonLinChr:0) CCALF:1 Tiles:1x1 Slices:1 WPP:0 WPP-Substreams:1 TMVP:1 DQ:1 SDH:0 CST:1 BDOF:1 DMVR:1 MTSImplicit:1 SBT:0 JCbCr:1 CabacInitPresent:1 AMVR:5 SMVD:3 LMCS:2 (Signal:SDR Opt:0) CIIP:0 MIP:1 AFFINE:2 (PROF:1, Type:1) MMVD:3 DisFracMMVD:1 SbTMVP:1 GPM:3 LFNST:1 MTS:0 ISP:3 TS:2 TSLog2MaxSize:4 useChromaTS:0 BDPCM:2 IBC:2 BCW:0 
ENC. ALG. CFG: QPA:0 HAD:1 RDQ:1 RDQTS:1 ASR:1 MinSearchWindow:96 RestrictMESampling:0 EDO:2 MCTF:2 
PRE-ANALYSIS CFG: STA:1 LeadFrames:0 TrailFrames:0 
FAST TOOL CFG: ECU:0 FEN:1 FDM:1 FastSearch:4 (SCC:2) LCTUFast:1 FastMrg:2 PBIntraFast:1 AMaxBT:1 FastQtBtEnc:1 ContentBasedFastQtbt:0 FastMIP:3 FastIntraTools:0 IntraEstDecBit:2 FastLocalDualTree:1 IntegerET:0 FastSubPel:1 QtbttExtraFast:3 FastTTSplit:0 IBCFastMethod:3 FIM:0 ALFSpeed:0 QuantThr: 4 
RATE CONTROL CFG: RateControl:0 LookAhead:0 
PARALLEL PROCESSING CFG: NumThreads:0 MaxParallelFrames:0 WppBitEqual:0 WF:0 

POC     0 TId: 0 (  IDR_N_LP, I-SLICE, QP 24, TF 3)     303696 bits [Y 41.6478 dB    U 43.8365 dB    V 45.0113 dB] [ET   364 ] [L0 ] [L1 ]
POC    16 TId: 1 (      STSA, B-SLICE, QP 28, TF 2)      65840 bits [Y 39.5745 dB    U 42.5312 dB    V 43.0801 dB] [ET   624 ] [L0 0 ] [L1 0 ]
POC     8 TId: 2 (      STSA, B-SLICE, QP 29, TF 1)      38544 bits [Y 39.4579 dB    U 42.5310 dB    V 43.5447 dB] [ET   876 ] [L0 0 16 ] [L1 16 0 ]
POC     4 TId: 3 (      STSA, B-SLICE, QP 32, TF 0)      23408 bits [Y 39.1222 dB    U 42.2219 dB    V 43.1179 dB] [ET   828 ] [L0 0 8 ] [L1 8 16 ]
POC     2 TId: 4 (      STSA, B-SLICE, QP 34)            10944 bits [Y 39.1516 dB    U 42.6517 dB    V 43.5005 dB] [ET   616 ] [L0 0 4 ] [L1 4 8 ]
POC     1 TId: 5 (      STSA, B-SLICE, QP 36)              240 bits [Y 41.6478 dB    U 43.8365 dB    V 45.0113 dB] [ET   182 ] [L0 0 2 ] [L1 2 4 ]
POC     3 TId: 5 (      STSA, B-SLICE, QP 36)             7016 bits [Y 38.5573 dB    U 42.1524 dB    V 42.9384 dB] [ET   527 ] [L0 2 0 ] [L1 4 8 ]
POC     6 TId: 4 (      STSA, B-SLICE, QP 34)            14880 bits [Y 38.7446 dB    U 42.0186 dB    V 42.7729 dB] [ET   773 ] [L0 4 0 ] [L1 8 16 ]
POC     5 TId: 5 (      STSA, B-SLICE, QP 36)             6904 bits [Y 38.0894 dB    U 41.9400 dB    V 42.6462 dB] [ET   505 ] [L0 4 0 ] [L1 6 8 ]
POC     7 TId: 5 (      STSA, B-SLICE, QP 36)             7088 bits [Y 37.9989 dB    U 42.0858 dB    V 42.7774 dB] [ET   510 ] [L0 6 4 ] [L1 8 16 ]
POC    12 TId: 3 (      STSA, B-SLICE, QP 32, TF 0)      25896 bits [Y 38.5271 dB    U 41.9108 dB    V 42.5329 dB] [ET   842 ] [L0 8 0 ] [L1 16 8 ]
POC    10 TId: 4 (      STSA, B-SLICE, QP 34)            16000 bits [Y 38.3234 dB    U 41.8260 dB    V 42.4178 dB] [ET  1135 ] [L0 8 0 ] [L1 12 16 ]
POC     9 TId: 5 (      STSA, B-SLICE, QP 36)             6584 bits [Y 38.3123 dB    U 42.0870 dB    V 42.6649 dB] [ET   579 ] [L0 8 0 ] [L1 10 12 ]
POC    11 TId: 5 (      STSA, B-SLICE, QP 36)             7664 bits [Y 37.9624 dB    U 41.7917 dB    V 42.1532 dB] [ET   572 ] [L0 10 8 ] [L1 12 16 ]
POC    14 TId: 4 (      STSA, B-SLICE, QP 34)            16568 bits [Y 38.2902 dB    U 41.7105 dB    V 42.0558 dB] [ET   787 ] [L0 12 8 ] [L1 16 12 ]
POC    13 TId: 5 (      STSA, B-SLICE, QP 36)             7800 bits [Y 37.8647 dB    U 41.6979 dB    V 42.0442 dB] [ET   475 ] [L0 12 8 ] [L1 14 16 ]
POC    15 TId: 5 (      STSA, B-SLICE, QP 36)             6688 bits [Y 37.9214 dB    U 41.9740 dB    V 42.3005 dB] [ET   316 ] [L0 14 12 ] [L1 16 14 ]

	Total Frames |   Bitrate     Y-PSNR    U-PSNR    V-PSNR    YUV-PSNR   
	       17    a    1664.0000   38.8937   42.2826   42.9747   39.7023

 finished @ Tue Apr 18 01:36:02 2023
 Total Time:    10522.188 sec. [user]    10526.136 sec. [elapsed]

Level: 0
Inject Calls: 11365003616
Errors injected by bit:
	Bit 0: 11491
	Bit 1: 11329
	Bit 2: 11272
	Bit 3: 11357
	Bit 4: 11353
	Bit 5: 11343
	Bit 6: 11219
	Bit 7: 11520

Total errors injected: 90884
