vvencFFapp: Fraunhofer VVC Encoder ver. 1.5.0 [Linux][GCC 11.3.0][64 bit][SIMD=AVX2]
 started @ Mon Apr 17 17:05:30 2023
CODING TOOL CFG: CTU128 QT44BTT21 IBD:1 SAO:1 ALF:1 (NonLinLuma:0 NonLinChr:0) CCALF:1 Tiles:1x1 Slices:1 WPP:0 WPP-Substreams:1 TMVP:1 DQ:1 SDH:0 CST:1 BDOF:1 DMVR:1 MTSImplicit:1 SBT:0 JCbCr:1 CabacInitPresent:1 AMVR:5 SMVD:3 LMCS:2 (Signal:SDR Opt:0) CIIP:0 MIP:1 AFFINE:2 (PROF:1, Type:1) MMVD:3 DisFracMMVD:1 SbTMVP:1 GPM:3 LFNST:1 MTS:0 ISP:3 TS:2 TSLog2MaxSize:4 useChromaTS:0 BDPCM:2 IBC:2 BCW:0 
ENC. ALG. CFG: QPA:0 HAD:1 RDQ:1 RDQTS:1 ASR:1 MinSearchWindow:96 RestrictMESampling:0 EDO:2 MCTF:2 
PRE-ANALYSIS CFG: STA:1 LeadFrames:0 TrailFrames:0 
FAST TOOL CFG: ECU:0 FEN:1 FDM:1 FastSearch:4 (SCC:2) LCTUFast:1 FastMrg:2 PBIntraFast:1 AMaxBT:1 FastQtBtEnc:1 ContentBasedFastQtbt:0 FastMIP:3 FastIntraTools:0 IntraEstDecBit:2 FastLocalDualTree:1 IntegerET:0 FastSubPel:1 QtbttExtraFast:3 FastTTSplit:0 IBCFastMethod:3 FIM:0 ALFSpeed:0 QuantThr: 4 
RATE CONTROL CFG: RateControl:0 LookAhead:0 
PARALLEL PROCESSING CFG: NumThreads:0 MaxParallelFrames:0 WppBitEqual:0 WF:0 

POC     0 TId: 0 (  IDR_N_LP, I-SLICE, QP 24, TF 3)     303696 bits [Y 41.6478 dB    U 43.8365 dB    V 45.0113 dB] [ET   387 ] [L0 ] [L1 ]
POC    16 TId: 1 (      STSA, B-SLICE, QP 28, TF 2)      65024 bits [Y 39.5529 dB    U 42.5104 dB    V 43.0824 dB] [ET   699 ] [L0 0 ] [L1 0 ]
POC     8 TId: 2 (      STSA, B-SLICE, QP 29, TF 1)      38344 bits [Y 39.4468 dB    U 42.4573 dB    V 43.4513 dB] [ET   799 ] [L0 0 16 ] [L1 16 0 ]
POC     4 TId: 3 (      STSA, B-SLICE, QP 32, TF 0)      23176 bits [Y 39.0733 dB    U 42.1844 dB    V 43.0743 dB] [ET   836 ] [L0 0 8 ] [L1 8 16 ]
POC     2 TId: 4 (      STSA, B-SLICE, QP 34)            10688 bits [Y 39.1615 dB    U 42.6677 dB    V 43.5715 dB] [ET   550 ] [L0 0 4 ] [L1 4 8 ]
POC     1 TId: 5 (      STSA, B-SLICE, QP 36)              240 bits [Y 41.6478 dB    U 43.8365 dB    V 45.0113 dB] [ET   184 ] [L0 0 2 ] [L1 2 4 ]
POC     3 TId: 5 (      STSA, B-SLICE, QP 36)             7160 bits [Y 38.5250 dB    U 42.1515 dB    V 42.8738 dB] [ET   494 ] [L0 2 0 ] [L1 4 8 ]
POC     6 TId: 4 (      STSA, B-SLICE, QP 34)            14352 bits [Y 38.6742 dB    U 42.0489 dB    V 42.7995 dB] [ET   746 ] [L0 4 0 ] [L1 8 16 ]
POC     5 TId: 5 (      STSA, B-SLICE, QP 36)             6760 bits [Y 38.0551 dB    U 41.9555 dB    V 42.6260 dB] [ET   496 ] [L0 4 0 ] [L1 6 8 ]
POC     7 TId: 5 (      STSA, B-SLICE, QP 36)             6992 bits [Y 37.9753 dB    U 42.1407 dB    V 42.7088 dB] [ET   524 ] [L0 6 4 ] [L1 8 16 ]
POC    12 TId: 3 (      STSA, B-SLICE, QP 32, TF 0)      26424 bits [Y 38.5160 dB    U 41.7947 dB    V 42.5297 dB] [ET   839 ] [L0 8 0 ] [L1 16 8 ]
POC    10 TId: 4 (      STSA, B-SLICE, QP 34)            16032 bits [Y 38.2984 dB    U 41.7858 dB    V 42.3668 dB] [ET   880 ] [L0 8 0 ] [L1 12 16 ]
POC     9 TId: 5 (      STSA, B-SLICE, QP 36)             6880 bits [Y 38.3351 dB    U 42.0644 dB    V 42.6920 dB] [ET   545 ] [L0 8 0 ] [L1 10 12 ]
POC    11 TId: 5 (      STSA, B-SLICE, QP 36)             7896 bits [Y 38.0261 dB    U 41.6601 dB    V 42.0719 dB] [ET   510 ] [L0 10 8 ] [L1 12 16 ]
POC    14 TId: 4 (      STSA, B-SLICE, QP 34)            16400 bits [Y 38.1822 dB    U 41.6662 dB    V 42.1070 dB] [ET   691 ] [L0 12 8 ] [L1 16 12 ]
POC    13 TId: 5 (      STSA, B-SLICE, QP 36)             7664 bits [Y 37.8167 dB    U 41.6268 dB    V 41.9792 dB] [ET   491 ] [L0 12 8 ] [L1 14 16 ]
POC    15 TId: 5 (      STSA, B-SLICE, QP 36)             7000 bits [Y 37.9276 dB    U 41.9612 dB    V 42.2042 dB] [ET   390 ] [L0 14 12 ] [L1 16 14 ]

	Total Frames |   Bitrate     Y-PSNR    U-PSNR    V-PSNR    YUV-PSNR   
	       17    a    1660.9647   38.8742   42.2558   42.9506   39.6805

 finished @ Mon Apr 17 19:53:27 2023
 Total Time:    10072.259 sec. [user]    10077.712 sec. [elapsed]

Level: 0
Inject Calls: 11164160992
Errors injected by bit:
	Bit 0: 11166573
	Bit 1: 11163404
	Bit 2: 11160975
	Bit 3: 11161146
	Bit 4: 11165162
	Bit 5: 11165601
	Bit 6: 11164324
	Bit 7: 11161433

Total errors injected: 89308618
