vvencFFapp: Fraunhofer VVC Encoder ver. 1.5.0 [Linux][GCC 11.3.0][64 bit][SIMD=AVX2]
 started @ Tue Apr 18 08:50:47 2023
CODING TOOL CFG: CTU128 QT44BTT21 IBD:1 SAO:1 ALF:1 (NonLinLuma:0 NonLinChr:0) CCALF:1 Tiles:1x1 Slices:1 WPP:0 WPP-Substreams:1 TMVP:1 DQ:1 SDH:0 CST:1 BDOF:1 DMVR:1 MTSImplicit:1 SBT:0 JCbCr:1 CabacInitPresent:1 AMVR:5 SMVD:3 LMCS:2 (Signal:SDR Opt:0) CIIP:0 MIP:1 AFFINE:2 (PROF:1, Type:1) MMVD:3 DisFracMMVD:1 SbTMVP:1 GPM:3 LFNST:1 MTS:0 ISP:3 TS:2 TSLog2MaxSize:4 useChromaTS:0 BDPCM:2 IBC:2 BCW:0 
ENC. ALG. CFG: QPA:0 HAD:1 RDQ:1 RDQTS:1 ASR:1 MinSearchWindow:96 RestrictMESampling:0 EDO:2 MCTF:2 
PRE-ANALYSIS CFG: STA:1 LeadFrames:0 TrailFrames:0 
FAST TOOL CFG: ECU:0 FEN:1 FDM:1 FastSearch:4 (SCC:2) LCTUFast:1 FastMrg:2 PBIntraFast:1 AMaxBT:1 FastQtBtEnc:1 ContentBasedFastQtbt:0 FastMIP:3 FastIntraTools:0 IntraEstDecBit:2 FastLocalDualTree:1 IntegerET:0 FastSubPel:1 QtbttExtraFast:3 FastTTSplit:0 IBCFastMethod:3 FIM:0 ALFSpeed:0 QuantThr: 4 
RATE CONTROL CFG: RateControl:0 LookAhead:0 
PARALLEL PROCESSING CFG: NumThreads:0 MaxParallelFrames:0 WppBitEqual:0 WF:0 

POC     0 TId: 0 (  IDR_N_LP, I-SLICE, QP 34, TF 2)      85368 bits [Y 35.6254 dB    U 39.1515 dB    V 40.0627 dB] [ET   183 ] [L0 ] [L1 ]
POC    16 TId: 1 (      STSA, B-SLICE, QP 40, TF 1)      15976 bits [Y 33.6082 dB    U 38.0866 dB    V 38.0634 dB] [ET   435 ] [L0 0 ] [L1 0 ]
POC     8 TId: 2 (      STSA, B-SLICE, QP 40, TF 0)      10912 bits [Y 33.9006 dB    U 38.2608 dB    V 39.0472 dB] [ET   761 ] [L0 0 16 ] [L1 16 0 ]
POC     4 TId: 3 (      STSA, B-SLICE, QP 43)             6408 bits [Y 33.5779 dB    U 38.2490 dB    V 38.6429 dB] [ET   575 ] [L0 0 8 ] [L1 8 16 ]
POC     2 TId: 4 (      STSA, B-SLICE, QP 45)             2360 bits [Y 33.7848 dB    U 38.5998 dB    V 39.2649 dB] [ET   418 ] [L0 0 4 ] [L1 4 8 ]
POC     1 TId: 5 (      STSA, B-SLICE, QP 46)              224 bits [Y 35.6254 dB    U 39.1515 dB    V 40.0627 dB] [ET   148 ] [L0 0 2 ] [L1 2 4 ]
POC     3 TId: 5 (      STSA, B-SLICE, QP 46)             1592 bits [Y 33.3197 dB    U 38.2481 dB    V 38.6949 dB] [ET   325 ] [L0 2 0 ] [L1 4 8 ]
POC     6 TId: 4 (      STSA, B-SLICE, QP 45)             3144 bits [Y 33.0149 dB    U 38.0450 dB    V 38.3546 dB] [ET   527 ] [L0 4 0 ] [L1 8 16 ]
POC     5 TId: 5 (      STSA, B-SLICE, QP 46)             1376 bits [Y 32.7131 dB    U 37.9783 dB    V 38.3650 dB] [ET   317 ] [L0 4 0 ] [L1 6 8 ]
POC     7 TId: 5 (      STSA, B-SLICE, QP 46)             1640 bits [Y 32.8335 dB    U 38.0690 dB    V 38.4738 dB] [ET   312 ] [L0 6 4 ] [L1 8 16 ]
POC    12 TId: 3 (      STSA, B-SLICE, QP 43)             6888 bits [Y 32.9879 dB    U 37.9038 dB    V 38.2785 dB] [ET   643 ] [L0 8 0 ] [L1 16 8 ]
POC    10 TId: 4 (      STSA, B-SLICE, QP 45)             3600 bits [Y 32.8147 dB    U 37.9333 dB    V 38.1476 dB] [ET   628 ] [L0 8 0 ] [L1 12 16 ]
POC     9 TId: 5 (      STSA, B-SLICE, QP 46)             1544 bits [Y 33.1989 dB    U 38.0481 dB    V 38.4958 dB] [ET   466 ] [L0 8 0 ] [L1 10 12 ]
POC    11 TId: 5 (      STSA, B-SLICE, QP 46)             1816 bits [Y 32.6881 dB    U 37.9031 dB    V 37.8843 dB] [ET   463 ] [L0 10 8 ] [L1 12 16 ]
POC    14 TId: 4 (      STSA, B-SLICE, QP 45)             3312 bits [Y 32.5911 dB    U 37.7081 dB    V 37.8387 dB] [ET   399 ] [L0 12 8 ] [L1 16 12 ]
POC    13 TId: 5 (      STSA, B-SLICE, QP 46)             1568 bits [Y 32.5951 dB    U 37.8695 dB    V 37.9519 dB] [ET   331 ] [L0 12 8 ] [L1 14 16 ]
POC    15 TId: 5 (      STSA, B-SLICE, QP 46)             1600 bits [Y 32.7743 dB    U 37.8521 dB    V 37.8745 dB] [ET   251 ] [L0 14 12 ] [L1 16 14 ]

	Total Frames |   Bitrate     Y-PSNR    U-PSNR    V-PSNR    YUV-PSNR   
	       17    a     439.2000   33.3914   38.1799   38.5590   34.4329

 finished @ Tue Apr 18 10:50:38 2023
 Total Time:     7188.897 sec. [user]     7191.384 sec. [elapsed]

Level: 0
Inject Calls: 8125986208
Errors injected by bit:
	Bit 0: 81210
	Bit 1: 81525
	Bit 2: 81596
	Bit 3: 81236
	Bit 4: 81161
	Bit 5: 81173
	Bit 6: 80819
	Bit 7: 81171

Total errors injected: 649891
