vvencFFapp: Fraunhofer VVC Encoder ver. 1.5.0 [Linux][GCC 11.3.0][64 bit][SIMD=AVX2]
 started @ Sat Apr 22 01:37:27 2023
CODING TOOL CFG: CTU128 QT44BTT21 IBD:1 SAO:1 ALF:1 (NonLinLuma:0 NonLinChr:0) CCALF:1 Tiles:1x1 Slices:1 WPP:0 WPP-Substreams:1 TMVP:1 DQ:1 SDH:0 CST:1 BDOF:1 DMVR:1 MTSImplicit:1 SBT:0 JCbCr:1 CabacInitPresent:1 AMVR:5 SMVD:3 LMCS:2 (Signal:SDR Opt:0) CIIP:0 MIP:1 AFFINE:2 (PROF:1, Type:1) MMVD:3 DisFracMMVD:1 SbTMVP:1 GPM:3 LFNST:1 MTS:0 ISP:3 TS:2 TSLog2MaxSize:4 useChromaTS:0 BDPCM:2 IBC:2 BCW:0 
ENC. ALG. CFG: QPA:0 HAD:1 RDQ:1 RDQTS:1 ASR:1 MinSearchWindow:96 RestrictMESampling:0 EDO:2 MCTF:2 
PRE-ANALYSIS CFG: STA:1 LeadFrames:0 TrailFrames:0 
FAST TOOL CFG: ECU:0 FEN:1 FDM:1 FastSearch:4 (SCC:2) LCTUFast:1 FastMrg:2 PBIntraFast:1 AMaxBT:1 FastQtBtEnc:1 ContentBasedFastQtbt:0 FastMIP:3 FastIntraTools:0 IntraEstDecBit:2 FastLocalDualTree:1 IntegerET:0 FastSubPel:1 QtbttExtraFast:3 FastTTSplit:0 IBCFastMethod:3 FIM:0 ALFSpeed:0 QuantThr: 4 
RATE CONTROL CFG: RateControl:0 LookAhead:0 
PARALLEL PROCESSING CFG: NumThreads:0 MaxParallelFrames:0 WppBitEqual:0 WF:0 

POC     0 TId: 0 (  IDR_N_LP, I-SLICE, QP 34, TF 2)     137312 bits [Y 33.0393 dB    U 36.5932 dB    V 37.9362 dB] [ET   210 ] [L0 ] [L1 ]
POC    16 TId: 1 (      STSA, B-SLICE, QP 40, TF 1)      50256 bits [Y 30.8902 dB    U 35.9539 dB    V 36.7576 dB] [ET   806 ] [L0 0 ] [L1 0 ]
POC     8 TId: 2 (      STSA, B-SLICE, QP 40, TF 0)      40784 bits [Y 30.7598 dB    U 35.8556 dB    V 36.8754 dB] [ET  1261 ] [L0 0 16 ] [L1 16 0 ]
POC     4 TId: 3 (      STSA, B-SLICE, QP 43)            16776 bits [Y 30.1603 dB    U 35.6702 dB    V 36.8595 dB] [ET  1112 ] [L0 0 8 ] [L1 8 16 ]
POC     2 TId: 4 (      STSA, B-SLICE, QP 45)             9552 bits [Y 30.0669 dB    U 35.7470 dB    V 36.9630 dB] [ET   807 ] [L0 0 4 ] [L1 4 8 ]
POC     1 TId: 5 (      STSA, B-SLICE, QP 46)             4984 bits [Y 30.4184 dB    U 35.9618 dB    V 37.3212 dB] [ET   468 ] [L0 0 2 ] [L1 2 4 ]
POC     3 TId: 5 (      STSA, B-SLICE, QP 46)             4384 bits [Y 29.7030 dB    U 35.4975 dB    V 36.6689 dB] [ET   635 ] [L0 2 0 ] [L1 4 8 ]
POC     6 TId: 4 (      STSA, B-SLICE, QP 45)             8392 bits [Y 29.6524 dB    U 35.4130 dB    V 36.5154 dB] [ET  1020 ] [L0 4 0 ] [L1 8 16 ]
POC     5 TId: 5 (      STSA, B-SLICE, QP 46)             4032 bits [Y 29.5664 dB    U 35.4283 dB    V 36.6583 dB] [ET   666 ] [L0 4 0 ] [L1 6 8 ]
POC     7 TId: 5 (      STSA, B-SLICE, QP 46)             3848 bits [Y 29.6174 dB    U 35.3604 dB    V 36.6078 dB] [ET   580 ] [L0 6 4 ] [L1 8 16 ]
POC    12 TId: 3 (      STSA, B-SLICE, QP 43)            18040 bits [Y 29.8452 dB    U 35.7642 dB    V 36.3193 dB] [ET  1196 ] [L0 8 0 ] [L1 16 8 ]
POC    10 TId: 4 (      STSA, B-SLICE, QP 45)             9648 bits [Y 29.3797 dB    U 35.5504 dB    V 36.2807 dB] [ET  1008 ] [L0 8 0 ] [L1 12 16 ]
POC     9 TId: 5 (      STSA, B-SLICE, QP 46)             3760 bits [Y 29.4278 dB    U 35.6017 dB    V 36.4177 dB] [ET   562 ] [L0 8 0 ] [L1 10 12 ]
POC    11 TId: 5 (      STSA, B-SLICE, QP 46)             4120 bits [Y 29.2428 dB    U 35.5316 dB    V 36.1684 dB] [ET   629 ] [L0 10 8 ] [L1 12 16 ]
POC    14 TId: 4 (      STSA, B-SLICE, QP 45)             8408 bits [Y 29.4722 dB    U 35.5640 dB    V 36.0264 dB] [ET   824 ] [L0 12 8 ] [L1 16 12 ]
POC    13 TId: 5 (      STSA, B-SLICE, QP 46)             4120 bits [Y 29.4269 dB    U 35.6355 dB    V 36.0786 dB] [ET   616 ] [L0 12 8 ] [L1 14 16 ]
POC    15 TId: 5 (      STSA, B-SLICE, QP 46)             3560 bits [Y 29.6570 dB    U 35.6409 dB    V 36.2251 dB] [ET   482 ] [L0 14 12 ] [L1 16 14 ]

	Total Frames |   Bitrate     Y-PSNR    U-PSNR    V-PSNR    YUV-PSNR   
	       17    a     585.8400   30.0192   35.6923   36.6282   31.2077

 finished @ Sat Apr 22 05:12:26 2023
 Total Time:    12897.961 sec. [user]    12898.708 sec. [elapsed]

Level: 0
Inject Calls: 14770136832
Errors injected by bit:
	Bit 0: 14759990
	Bit 1: 14770857
	Bit 2: 14768503
	Bit 3: 14769909
	Bit 4: 14769221
	Bit 5: 14770790
	Bit 6: 14773770
	Bit 7: 14768754

Total errors injected: 118151794
