vvencFFapp: Fraunhofer VVC Encoder ver. 1.5.0 [Linux][GCC 11.3.0][64 bit][SIMD=AVX2]
 started @ Mon Apr 17 19:45:33 2023
CODING TOOL CFG: CTU128 QT44BTT21 IBD:1 SAO:1 ALF:1 (NonLinLuma:0 NonLinChr:0) CCALF:1 Tiles:1x1 Slices:1 WPP:0 WPP-Substreams:1 TMVP:1 DQ:1 SDH:0 CST:1 BDOF:1 DMVR:1 MTSImplicit:1 SBT:0 JCbCr:1 CabacInitPresent:1 AMVR:5 SMVD:3 LMCS:2 (Signal:SDR Opt:0) CIIP:0 MIP:1 AFFINE:2 (PROF:1, Type:1) MMVD:3 DisFracMMVD:1 SbTMVP:1 GPM:3 LFNST:1 MTS:0 ISP:3 TS:2 TSLog2MaxSize:4 useChromaTS:0 BDPCM:2 IBC:2 BCW:0 
ENC. ALG. CFG: QPA:0 HAD:1 RDQ:1 RDQTS:1 ASR:1 MinSearchWindow:96 RestrictMESampling:0 EDO:2 MCTF:2 
PRE-ANALYSIS CFG: STA:1 LeadFrames:0 TrailFrames:0 
FAST TOOL CFG: ECU:0 FEN:1 FDM:1 FastSearch:4 (SCC:2) LCTUFast:1 FastMrg:2 PBIntraFast:1 AMaxBT:1 FastQtBtEnc:1 ContentBasedFastQtbt:0 FastMIP:3 FastIntraTools:0 IntraEstDecBit:2 FastLocalDualTree:1 IntegerET:0 FastSubPel:1 QtbttExtraFast:3 FastTTSplit:0 IBCFastMethod:3 FIM:0 ALFSpeed:0 QuantThr: 4 
RATE CONTROL CFG: RateControl:0 LookAhead:0 
PARALLEL PROCESSING CFG: NumThreads:0 MaxParallelFrames:0 WppBitEqual:0 WF:0 

POC     0 TId: 0 (  IDR_N_LP, I-SLICE, QP 24, TF 3)     303696 bits [Y 41.6478 dB    U 43.8365 dB    V 45.0113 dB] [ET   363 ] [L0 ] [L1 ]
POC    16 TId: 1 (      STSA, B-SLICE, QP 28, TF 2)      65536 bits [Y 39.5917 dB    U 42.4155 dB    V 43.1680 dB] [ET   592 ] [L0 0 ] [L1 0 ]
POC     8 TId: 2 (      STSA, B-SLICE, QP 29, TF 1)      38720 bits [Y 39.4975 dB    U 42.4242 dB    V 43.4809 dB] [ET   811 ] [L0 0 16 ] [L1 16 0 ]
POC     4 TId: 3 (      STSA, B-SLICE, QP 32, TF 0)      22848 bits [Y 39.0943 dB    U 42.1548 dB    V 43.1602 dB] [ET   786 ] [L0 0 8 ] [L1 8 16 ]
POC     2 TId: 4 (      STSA, B-SLICE, QP 34)            10960 bits [Y 39.1280 dB    U 42.6623 dB    V 43.4352 dB] [ET   568 ] [L0 0 4 ] [L1 4 8 ]
POC     1 TId: 5 (      STSA, B-SLICE, QP 36)              240 bits [Y 41.6478 dB    U 43.8365 dB    V 45.0113 dB] [ET   183 ] [L0 0 2 ] [L1 2 4 ]
POC     3 TId: 5 (      STSA, B-SLICE, QP 36)             7168 bits [Y 38.5223 dB    U 42.1252 dB    V 42.7844 dB] [ET   562 ] [L0 2 0 ] [L1 4 8 ]
POC     6 TId: 4 (      STSA, B-SLICE, QP 34)            14632 bits [Y 38.6982 dB    U 42.0711 dB    V 42.6962 dB] [ET   800 ] [L0 4 0 ] [L1 8 16 ]
POC     5 TId: 5 (      STSA, B-SLICE, QP 36)             7216 bits [Y 38.1488 dB    U 41.8738 dB    V 42.6138 dB] [ET   509 ] [L0 4 0 ] [L1 6 8 ]
POC     7 TId: 5 (      STSA, B-SLICE, QP 36)             7144 bits [Y 38.0398 dB    U 41.9915 dB    V 42.6356 dB] [ET   515 ] [L0 6 4 ] [L1 8 16 ]
POC    12 TId: 3 (      STSA, B-SLICE, QP 32, TF 0)      25872 bits [Y 38.5357 dB    U 41.7821 dB    V 42.5115 dB] [ET   848 ] [L0 8 0 ] [L1 16 8 ]
POC    10 TId: 4 (      STSA, B-SLICE, QP 34)            16056 bits [Y 38.3426 dB    U 41.7370 dB    V 42.3397 dB] [ET  1000 ] [L0 8 0 ] [L1 12 16 ]
POC     9 TId: 5 (      STSA, B-SLICE, QP 36)             6856 bits [Y 38.3474 dB    U 41.9620 dB    V 42.6156 dB] [ET   569 ] [L0 8 0 ] [L1 10 12 ]
POC    11 TId: 5 (      STSA, B-SLICE, QP 36)             7928 bits [Y 38.0434 dB    U 41.7835 dB    V 42.1405 dB] [ET   529 ] [L0 10 8 ] [L1 12 16 ]
POC    14 TId: 4 (      STSA, B-SLICE, QP 34)            16464 bits [Y 38.2687 dB    U 41.7063 dB    V 42.1010 dB] [ET   711 ] [L0 12 8 ] [L1 16 12 ]
POC    13 TId: 5 (      STSA, B-SLICE, QP 36)             7944 bits [Y 37.8944 dB    U 41.6962 dB    V 42.1639 dB] [ET   508 ] [L0 12 8 ] [L1 14 16 ]
POC    15 TId: 5 (      STSA, B-SLICE, QP 36)             6968 bits [Y 38.0109 dB    U 41.8402 dB    V 42.1355 dB] [ET   407 ] [L0 14 12 ] [L1 16 14 ]

	Total Frames |   Bitrate     Y-PSNR    U-PSNR    V-PSNR    YUV-PSNR   
	       17    a    1665.4353   38.9094   42.2293   42.9415   39.7099

 finished @ Mon Apr 17 22:36:52 2023
 Total Time:    10272.615 sec. [user]    10278.826 sec. [elapsed]

Level: 0
Inject Calls: 11320373664
Errors injected by bit:
	Bit 0: 1132740
	Bit 1: 1133060
	Bit 2: 1132402
	Bit 3: 1131257
	Bit 4: 1132450
	Bit 5: 1132372
	Bit 6: 1131736
	Bit 7: 1132050

Total errors injected: 9058067
