vvencFFapp: Fraunhofer VVC Encoder ver. 1.5.0 [Linux][GCC 11.3.0][64 bit][SIMD=AVX2]
 started @ Sat Apr 22 08:47:35 2023
CODING TOOL CFG: CTU128 QT44BTT21 IBD:1 SAO:1 ALF:1 (NonLinLuma:0 NonLinChr:0) CCALF:1 Tiles:1x1 Slices:1 WPP:0 WPP-Substreams:1 TMVP:1 DQ:1 SDH:0 CST:1 BDOF:1 DMVR:1 MTSImplicit:1 SBT:0 JCbCr:1 CabacInitPresent:1 AMVR:5 SMVD:3 LMCS:2 (Signal:SDR Opt:0) CIIP:0 MIP:1 AFFINE:2 (PROF:1, Type:1) MMVD:3 DisFracMMVD:1 SbTMVP:1 GPM:3 LFNST:1 MTS:0 ISP:3 TS:2 TSLog2MaxSize:4 useChromaTS:0 BDPCM:2 IBC:2 BCW:0 
ENC. ALG. CFG: QPA:0 HAD:1 RDQ:1 RDQTS:1 ASR:1 MinSearchWindow:96 RestrictMESampling:0 EDO:2 MCTF:2 
PRE-ANALYSIS CFG: STA:1 LeadFrames:0 TrailFrames:0 
FAST TOOL CFG: ECU:0 FEN:1 FDM:1 FastSearch:4 (SCC:2) LCTUFast:1 FastMrg:2 PBIntraFast:1 AMaxBT:1 FastQtBtEnc:1 ContentBasedFastQtbt:0 FastMIP:3 FastIntraTools:0 IntraEstDecBit:2 FastLocalDualTree:1 IntegerET:0 FastSubPel:1 QtbttExtraFast:3 FastTTSplit:0 IBCFastMethod:3 FIM:0 ALFSpeed:0 QuantThr: 4 
RATE CONTROL CFG: RateControl:0 LookAhead:0 
PARALLEL PROCESSING CFG: NumThreads:0 MaxParallelFrames:0 WppBitEqual:0 WF:0 

POC     0 TId: 0 (  IDR_N_LP, I-SLICE, QP 34, TF 2)     137312 bits [Y 33.0393 dB    U 36.5932 dB    V 37.9362 dB] [ET   210 ] [L0 ] [L1 ]
POC    16 TId: 1 (      STSA, B-SLICE, QP 40, TF 1)      51120 bits [Y 30.8183 dB    U 35.9930 dB    V 36.8237 dB] [ET   747 ] [L0 0 ] [L1 0 ]
POC     8 TId: 2 (      STSA, B-SLICE, QP 40, TF 0)      41032 bits [Y 30.7770 dB    U 35.7644 dB    V 36.9711 dB] [ET  1174 ] [L0 0 16 ] [L1 16 0 ]
POC     4 TId: 3 (      STSA, B-SLICE, QP 43)            16656 bits [Y 30.1570 dB    U 35.5908 dB    V 36.7942 dB] [ET  1072 ] [L0 0 8 ] [L1 8 16 ]
POC     2 TId: 4 (      STSA, B-SLICE, QP 45)             9328 bits [Y 30.0367 dB    U 35.6695 dB    V 36.9944 dB] [ET   817 ] [L0 0 4 ] [L1 4 8 ]
POC     1 TId: 5 (      STSA, B-SLICE, QP 46)             4848 bits [Y 30.3662 dB    U 35.8600 dB    V 37.2722 dB] [ET   487 ] [L0 0 2 ] [L1 2 4 ]
POC     3 TId: 5 (      STSA, B-SLICE, QP 46)             4176 bits [Y 29.6861 dB    U 35.4497 dB    V 36.7530 dB] [ET   609 ] [L0 2 0 ] [L1 4 8 ]
POC     6 TId: 4 (      STSA, B-SLICE, QP 45)             8408 bits [Y 29.6680 dB    U 35.4553 dB    V 36.5143 dB] [ET  1057 ] [L0 4 0 ] [L1 8 16 ]
POC     5 TId: 5 (      STSA, B-SLICE, QP 46)             4064 bits [Y 29.6046 dB    U 35.4155 dB    V 36.6406 dB] [ET   613 ] [L0 4 0 ] [L1 6 8 ]
POC     7 TId: 5 (      STSA, B-SLICE, QP 46)             3840 bits [Y 29.6214 dB    U 35.3811 dB    V 36.5461 dB] [ET   571 ] [L0 6 4 ] [L1 8 16 ]
POC    12 TId: 3 (      STSA, B-SLICE, QP 43)            18176 bits [Y 29.8791 dB    U 35.6977 dB    V 36.2642 dB] [ET  1301 ] [L0 8 0 ] [L1 16 8 ]
POC    10 TId: 4 (      STSA, B-SLICE, QP 45)             9512 bits [Y 29.3796 dB    U 35.5267 dB    V 36.2797 dB] [ET  1034 ] [L0 8 0 ] [L1 12 16 ]
POC     9 TId: 5 (      STSA, B-SLICE, QP 46)             3864 bits [Y 29.3720 dB    U 35.5849 dB    V 36.5546 dB] [ET   531 ] [L0 8 0 ] [L1 10 12 ]
POC    11 TId: 5 (      STSA, B-SLICE, QP 46)             3832 bits [Y 29.1933 dB    U 35.5294 dB    V 36.1649 dB] [ET   639 ] [L0 10 8 ] [L1 12 16 ]
POC    14 TId: 4 (      STSA, B-SLICE, QP 45)             8328 bits [Y 29.4902 dB    U 35.5964 dB    V 36.0708 dB] [ET   860 ] [L0 12 8 ] [L1 16 12 ]
POC    13 TId: 5 (      STSA, B-SLICE, QP 46)             3968 bits [Y 29.3920 dB    U 35.5926 dB    V 36.0477 dB] [ET   593 ] [L0 12 8 ] [L1 14 16 ]
POC    15 TId: 5 (      STSA, B-SLICE, QP 46)             3592 bits [Y 29.6747 dB    U 35.6859 dB    V 36.2830 dB] [ET   467 ] [L0 14 12 ] [L1 16 14 ]

	Total Frames |   Bitrate     Y-PSNR    U-PSNR    V-PSNR    YUV-PSNR   
	       17    a     585.9812   30.0091   35.6698   36.6418   31.1983

 finished @ Sat Apr 22 12:20:51 2023
 Total Time:    12791.695 sec. [user]    12796.210 sec. [elapsed]

Level: 0
Inject Calls: 14713617440
Errors injected by bit:
	Bit 0: 14732
	Bit 1: 14862
	Bit 2: 14770
	Bit 3: 14786
	Bit 4: 14966
	Bit 5: 14775
	Bit 6: 14668
	Bit 7: 14735

Total errors injected: 118294
