vvencFFapp: Fraunhofer VVC Encoder ver. 1.5.0 [Linux][GCC 11.3.0][64 bit][SIMD=AVX2]
 started @ Tue Apr 18 18:10:58 2023
CODING TOOL CFG: CTU128 QT44BTT21 IBD:1 SAO:1 ALF:1 (NonLinLuma:0 NonLinChr:0) CCALF:1 Tiles:1x1 Slices:1 WPP:0 WPP-Substreams:1 TMVP:1 DQ:1 SDH:0 CST:1 BDOF:1 DMVR:1 MTSImplicit:1 SBT:0 JCbCr:1 CabacInitPresent:1 AMVR:5 SMVD:3 LMCS:2 (Signal:SDR Opt:0) CIIP:0 MIP:1 AFFINE:2 (PROF:1, Type:1) MMVD:3 DisFracMMVD:1 SbTMVP:1 GPM:3 LFNST:1 MTS:0 ISP:3 TS:2 TSLog2MaxSize:4 useChromaTS:0 BDPCM:2 IBC:2 BCW:0 
ENC. ALG. CFG: QPA:0 HAD:1 RDQ:1 RDQTS:1 ASR:1 MinSearchWindow:96 RestrictMESampling:0 EDO:2 MCTF:2 
PRE-ANALYSIS CFG: STA:1 LeadFrames:0 TrailFrames:0 
FAST TOOL CFG: ECU:0 FEN:1 FDM:1 FastSearch:4 (SCC:2) LCTUFast:1 FastMrg:2 PBIntraFast:1 AMaxBT:1 FastQtBtEnc:1 ContentBasedFastQtbt:0 FastMIP:3 FastIntraTools:0 IntraEstDecBit:2 FastLocalDualTree:1 IntegerET:0 FastSubPel:1 QtbttExtraFast:3 FastTTSplit:0 IBCFastMethod:3 FIM:0 ALFSpeed:0 QuantThr: 4 
RATE CONTROL CFG: RateControl:0 LookAhead:0 
PARALLEL PROCESSING CFG: NumThreads:0 MaxParallelFrames:0 WppBitEqual:0 WF:0 

POC     0 TId: 0 (  IDR_N_LP, I-SLICE, QP 24, TF 3)     377624 bits [Y 40.2668 dB    U 43.0828 dB    V 44.6158 dB] [ET   398 ] [L0 ] [L1 ]
POC    16 TId: 1 (      STSA, B-SLICE, QP 28, TF 2)     102824 bits [Y 38.7113 dB    U 42.0339 dB    V 43.2781 dB] [ET   540 ] [L0 0 ] [L1 0 ]
POC     8 TId: 2 (      STSA, B-SLICE, QP 29, TF 1)      45048 bits [Y 38.5898 dB    U 42.2365 dB    V 43.6686 dB] [ET   583 ] [L0 0 16 ] [L1 16 0 ]
POC     4 TId: 3 (      STSA, B-SLICE, QP 32, TF 0)      19064 bits [Y 38.3044 dB    U 42.4434 dB    V 43.8243 dB] [ET   544 ] [L0 0 8 ] [L1 8 16 ]
POC     2 TId: 4 (      STSA, B-SLICE, QP 34)             7944 bits [Y 38.3974 dB    U 42.8060 dB    V 44.1625 dB] [ET   363 ] [L0 0 4 ] [L1 4 8 ]
POC     1 TId: 5 (      STSA, B-SLICE, QP 36)             2856 bits [Y 38.7481 dB    U 42.8961 dB    V 44.4268 dB] [ET   238 ] [L0 0 2 ] [L1 2 4 ]
POC     3 TId: 5 (      STSA, B-SLICE, QP 36)             3096 bits [Y 37.8695 dB    U 42.6785 dB    V 44.0448 dB] [ET   281 ] [L0 2 0 ] [L1 4 8 ]
POC     6 TId: 4 (      STSA, B-SLICE, QP 34)             8704 bits [Y 37.8692 dB    U 42.3650 dB    V 43.7147 dB] [ET   435 ] [L0 4 0 ] [L1 8 16 ]
POC     5 TId: 5 (      STSA, B-SLICE, QP 36)             3352 bits [Y 37.6433 dB    U 42.3586 dB    V 43.7360 dB] [ET   288 ] [L0 4 0 ] [L1 6 8 ]
POC     7 TId: 5 (      STSA, B-SLICE, QP 36)             2928 bits [Y 37.8260 dB    U 42.3126 dB    V 43.6712 dB] [ET   303 ] [L0 6 4 ] [L1 8 16 ]
POC    12 TId: 3 (      STSA, B-SLICE, QP 32, TF 0)      21344 bits [Y 37.7910 dB    U 41.9876 dB    V 43.1991 dB] [ET   563 ] [L0 8 0 ] [L1 16 8 ]
POC    10 TId: 4 (      STSA, B-SLICE, QP 34)             9736 bits [Y 37.6124 dB    U 42.1194 dB    V 43.3788 dB] [ET   464 ] [L0 8 0 ] [L1 12 16 ]
POC     9 TId: 5 (      STSA, B-SLICE, QP 36)             3312 bits [Y 37.6112 dB    U 42.2324 dB    V 43.5443 dB] [ET   289 ] [L0 8 0 ] [L1 10 12 ]
POC    11 TId: 5 (      STSA, B-SLICE, QP 36)             3648 bits [Y 37.2901 dB    U 42.0332 dB    V 43.3082 dB] [ET   286 ] [L0 10 8 ] [L1 12 16 ]
POC    14 TId: 4 (      STSA, B-SLICE, QP 34)            10712 bits [Y 37.4691 dB    U 41.9411 dB    V 43.0776 dB] [ET   412 ] [L0 12 8 ] [L1 16 12 ]
POC    13 TId: 5 (      STSA, B-SLICE, QP 36)             4224 bits [Y 37.2076 dB    U 41.9325 dB    V 43.1850 dB] [ET   294 ] [L0 12 8 ] [L1 14 16 ]
POC    15 TId: 5 (      STSA, B-SLICE, QP 36)             4296 bits [Y 37.3910 dB    U 41.9926 dB    V 43.0980 dB] [ET   253 ] [L0 14 12 ] [L1 16 14 ]

	Total Frames |   Bitrate     Y-PSNR    U-PSNR    V-PSNR    YUV-PSNR   
	       17    a    2226.0424   38.0352   42.3207   43.6432   39.0932

 finished @ Tue Apr 18 20:00:12 2023
 Total Time:     6546.556 sec. [user]     6553.611 sec. [elapsed]

Level: 0
Inject Calls: 7034920096
Errors injected by bit:
	Bit 0: 7036197
	Bit 1: 7032821
	Bit 2: 7036926
	Bit 3: 7037767
	Bit 4: 7034770
	Bit 5: 7036084
	Bit 6: 7035536
	Bit 7: 7033731

Total errors injected: 56283832
