vvencFFapp: Fraunhofer VVC Encoder ver. 1.5.0 [Linux][GCC 11.3.0][64 bit][SIMD=AVX2]
 started @ Tue Apr 18 08:40:47 2023
CODING TOOL CFG: CTU128 QT44BTT21 IBD:1 SAO:1 ALF:1 (NonLinLuma:0 NonLinChr:0) CCALF:1 Tiles:1x1 Slices:1 WPP:0 WPP-Substreams:1 TMVP:1 DQ:1 SDH:0 CST:1 BDOF:1 DMVR:1 MTSImplicit:1 SBT:0 JCbCr:1 CabacInitPresent:1 AMVR:5 SMVD:3 LMCS:2 (Signal:SDR Opt:0) CIIP:0 MIP:1 AFFINE:2 (PROF:1, Type:1) MMVD:3 DisFracMMVD:1 SbTMVP:1 GPM:3 LFNST:1 MTS:0 ISP:3 TS:2 TSLog2MaxSize:4 useChromaTS:0 BDPCM:2 IBC:2 BCW:0 
ENC. ALG. CFG: QPA:0 HAD:1 RDQ:1 RDQTS:1 ASR:1 MinSearchWindow:96 RestrictMESampling:0 EDO:2 MCTF:2 
PRE-ANALYSIS CFG: STA:1 LeadFrames:0 TrailFrames:0 
FAST TOOL CFG: ECU:0 FEN:1 FDM:1 FastSearch:4 (SCC:2) LCTUFast:1 FastMrg:2 PBIntraFast:1 AMaxBT:1 FastQtBtEnc:1 ContentBasedFastQtbt:0 FastMIP:3 FastIntraTools:0 IntraEstDecBit:2 FastLocalDualTree:1 IntegerET:0 FastSubPel:1 QtbttExtraFast:3 FastTTSplit:0 IBCFastMethod:3 FIM:0 ALFSpeed:0 QuantThr: 4 
RATE CONTROL CFG: RateControl:0 LookAhead:0 
PARALLEL PROCESSING CFG: NumThreads:0 MaxParallelFrames:0 WppBitEqual:0 WF:0 

POC     0 TId: 0 (  IDR_N_LP, I-SLICE, QP 34, TF 2)      85368 bits [Y 35.6254 dB    U 39.1515 dB    V 40.0627 dB] [ET   184 ] [L0 ] [L1 ]
POC    16 TId: 1 (      STSA, B-SLICE, QP 40, TF 1)      15992 bits [Y 33.6357 dB    U 38.0686 dB    V 38.0070 dB] [ET   446 ] [L0 0 ] [L1 0 ]
POC     8 TId: 2 (      STSA, B-SLICE, QP 40, TF 0)      11104 bits [Y 33.8944 dB    U 38.1700 dB    V 38.9794 dB] [ET   647 ] [L0 0 16 ] [L1 16 0 ]
POC     4 TId: 3 (      STSA, B-SLICE, QP 43)             6216 bits [Y 33.5749 dB    U 38.2041 dB    V 38.7864 dB] [ET   573 ] [L0 0 8 ] [L1 8 16 ]
POC     2 TId: 4 (      STSA, B-SLICE, QP 45)             2392 bits [Y 33.8027 dB    U 38.6342 dB    V 39.0716 dB] [ET   395 ] [L0 0 4 ] [L1 4 8 ]
POC     1 TId: 5 (      STSA, B-SLICE, QP 46)              224 bits [Y 35.6254 dB    U 39.1515 dB    V 40.0627 dB] [ET   148 ] [L0 0 2 ] [L1 2 4 ]
POC     3 TId: 5 (      STSA, B-SLICE, QP 46)             1632 bits [Y 33.2786 dB    U 38.1981 dB    V 38.6745 dB] [ET   341 ] [L0 2 0 ] [L1 4 8 ]
POC     6 TId: 4 (      STSA, B-SLICE, QP 45)             3136 bits [Y 33.0253 dB    U 38.0545 dB    V 38.5131 dB] [ET   486 ] [L0 4 0 ] [L1 8 16 ]
POC     5 TId: 5 (      STSA, B-SLICE, QP 46)             1608 bits [Y 32.8597 dB    U 38.0142 dB    V 38.5204 dB] [ET   342 ] [L0 4 0 ] [L1 6 8 ]
POC     7 TId: 5 (      STSA, B-SLICE, QP 46)             1608 bits [Y 32.8018 dB    U 37.9024 dB    V 38.4499 dB] [ET   321 ] [L0 6 4 ] [L1 8 16 ]
POC    12 TId: 3 (      STSA, B-SLICE, QP 43)             6872 bits [Y 33.0022 dB    U 37.9428 dB    V 38.2985 dB] [ET   774 ] [L0 8 0 ] [L1 16 8 ]
POC    10 TId: 4 (      STSA, B-SLICE, QP 45)             3496 bits [Y 32.7754 dB    U 37.8405 dB    V 38.1155 dB] [ET   713 ] [L0 8 0 ] [L1 12 16 ]
POC     9 TId: 5 (      STSA, B-SLICE, QP 46)             1512 bits [Y 33.1405 dB    U 37.9324 dB    V 38.4918 dB] [ET   368 ] [L0 8 0 ] [L1 10 12 ]
POC    11 TId: 5 (      STSA, B-SLICE, QP 46)             1920 bits [Y 32.7749 dB    U 37.7871 dB    V 38.0673 dB] [ET   338 ] [L0 10 8 ] [L1 12 16 ]
POC    14 TId: 4 (      STSA, B-SLICE, QP 45)             3200 bits [Y 32.5407 dB    U 37.7602 dB    V 37.8152 dB] [ET   466 ] [L0 12 8 ] [L1 16 12 ]
POC    13 TId: 5 (      STSA, B-SLICE, QP 46)             1480 bits [Y 32.5047 dB    U 37.9049 dB    V 38.0433 dB] [ET   328 ] [L0 12 8 ] [L1 14 16 ]
POC    15 TId: 5 (      STSA, B-SLICE, QP 46)             1480 bits [Y 32.7807 dB    U 37.8904 dB    V 37.8496 dB] [ET   207 ] [L0 14 12 ] [L1 16 14 ]

	Total Frames |   Bitrate     Y-PSNR    U-PSNR    V-PSNR    YUV-PSNR   
	       17    a     438.9412   33.3908   38.1534   38.5770   34.4315

 finished @ Tue Apr 18 10:38:59 2023
 Total Time:     7090.177 sec. [user]     7092.081 sec. [elapsed]

Level: 0
Inject Calls: 8147355456
Errors injected by bit:
	Bit 0: 813747
	Bit 1: 816201
	Bit 2: 816193
	Bit 3: 815460
	Bit 4: 815078
	Bit 5: 813729
	Bit 6: 813450
	Bit 7: 814402

Total errors injected: 6518260
