vvencFFapp: Fraunhofer VVC Encoder ver. 1.5.0 [Linux][GCC 11.3.0][64 bit][SIMD=AVX2]
 started @ Thu Apr 20 19:11:52 2023
CODING TOOL CFG: CTU128 QT44BTT21 IBD:1 SAO:1 ALF:1 (NonLinLuma:0 NonLinChr:0) CCALF:1 Tiles:1x1 Slices:1 WPP:0 WPP-Substreams:1 TMVP:1 DQ:1 SDH:0 CST:1 BDOF:1 DMVR:1 MTSImplicit:1 SBT:0 JCbCr:1 CabacInitPresent:1 AMVR:5 SMVD:3 LMCS:2 (Signal:SDR Opt:0) CIIP:0 MIP:1 AFFINE:2 (PROF:1, Type:1) MMVD:3 DisFracMMVD:1 SbTMVP:1 GPM:3 LFNST:1 MTS:0 ISP:3 TS:2 TSLog2MaxSize:4 useChromaTS:0 BDPCM:2 IBC:2 BCW:0 
ENC. ALG. CFG: QPA:0 HAD:1 RDQ:1 RDQTS:1 ASR:1 MinSearchWindow:96 RestrictMESampling:0 EDO:2 MCTF:2 
PRE-ANALYSIS CFG: STA:1 LeadFrames:0 TrailFrames:0 
FAST TOOL CFG: ECU:0 FEN:1 FDM:1 FastSearch:4 (SCC:2) LCTUFast:1 FastMrg:2 PBIntraFast:1 AMaxBT:1 FastQtBtEnc:1 ContentBasedFastQtbt:0 FastMIP:3 FastIntraTools:0 IntraEstDecBit:2 FastLocalDualTree:1 IntegerET:0 FastSubPel:1 QtbttExtraFast:3 FastTTSplit:0 IBCFastMethod:3 FIM:0 ALFSpeed:0 QuantThr: 4 
RATE CONTROL CFG: RateControl:0 LookAhead:0 
PARALLEL PROCESSING CFG: NumThreads:0 MaxParallelFrames:0 WppBitEqual:0 WF:0 

POC     0 TId: 0 (  IDR_N_LP, I-SLICE, QP 19, TF 3)     629392 bits [Y 41.1842 dB    U 43.2214 dB    V 44.1771 dB] [ET   704 ] [L0 ] [L1 ]
POC    16 TId: 1 (      STSA, B-SLICE, QP 22, TF 2)     455080 bits [Y 42.3151 dB    U 43.3654 dB    V 44.2117 dB] [ET  1286 ] [L0 0 ] [L1 0 ]
POC     8 TId: 2 (      STSA, B-SLICE, QP 23, TF 1)     349856 bits [Y 40.6641 dB    U 42.0190 dB    V 43.1813 dB] [ET  1651 ] [L0 0 16 ] [L1 16 0 ]
POC     4 TId: 3 (      STSA, B-SLICE, QP 26, TF 0)     175696 bits [Y 38.9164 dB    U 41.4111 dB    V 42.6036 dB] [ET  1608 ] [L0 0 8 ] [L1 8 16 ]
POC     2 TId: 4 (      STSA, B-SLICE, QP 28)           106776 bits [Y 38.3533 dB    U 41.4706 dB    V 42.6279 dB] [ET  1414 ] [L0 0 4 ] [L1 4 8 ]
POC     1 TId: 5 (      STSA, B-SLICE, QP 29)            67832 bits [Y 37.8836 dB    U 41.5426 dB    V 42.7520 dB] [ET   944 ] [L0 0 2 ] [L1 2 4 ]
POC     3 TId: 5 (      STSA, B-SLICE, QP 29)            64832 bits [Y 37.7298 dB    U 41.0421 dB    V 42.2898 dB] [ET  1214 ] [L0 2 0 ] [L1 4 8 ]
POC     6 TId: 4 (      STSA, B-SLICE, QP 28)           102704 bits [Y 38.3334 dB    U 41.1043 dB    V 42.3006 dB] [ET  1586 ] [L0 4 0 ] [L1 8 16 ]
POC     5 TId: 5 (      STSA, B-SLICE, QP 29)            60528 bits [Y 37.7103 dB    U 40.8559 dB    V 42.1464 dB] [ET  1060 ] [L0 4 0 ] [L1 6 8 ]
POC     7 TId: 5 (      STSA, B-SLICE, QP 29)            63280 bits [Y 37.8094 dB    U 40.9319 dB    V 42.1266 dB] [ET  1274 ] [L0 6 4 ] [L1 8 16 ]
POC    12 TId: 3 (      STSA, B-SLICE, QP 26, TF 0)     184592 bits [Y 38.9658 dB    U 41.5435 dB    V 42.4392 dB] [ET  1686 ] [L0 8 0 ] [L1 16 8 ]
POC    10 TId: 4 (      STSA, B-SLICE, QP 28)           113488 bits [Y 38.3026 dB    U 41.1534 dB    V 42.0220 dB] [ET  1690 ] [L0 8 0 ] [L1 12 16 ]
POC     9 TId: 5 (      STSA, B-SLICE, QP 29)            64464 bits [Y 37.8310 dB    U 40.9092 dB    V 42.1373 dB] [ET  1159 ] [L0 8 0 ] [L1 10 12 ]
POC    11 TId: 5 (      STSA, B-SLICE, QP 29)            68376 bits [Y 37.7413 dB    U 40.9460 dB    V 41.8613 dB] [ET  1179 ] [L0 10 8 ] [L1 12 16 ]
POC    14 TId: 4 (      STSA, B-SLICE, QP 28)           115624 bits [Y 38.3939 dB    U 41.1740 dB    V 42.2397 dB] [ET  1322 ] [L0 12 8 ] [L1 16 12 ]
POC    13 TId: 5 (      STSA, B-SLICE, QP 29)            65992 bits [Y 37.7613 dB    U 40.9285 dB    V 41.9928 dB] [ET  1125 ] [L0 12 8 ] [L1 14 16 ]
POC    15 TId: 5 (      STSA, B-SLICE, QP 29)            67872 bits [Y 37.8599 dB    U 41.1864 dB    V 42.4476 dB] [ET   957 ] [L0 14 12 ] [L1 16 14 ]

	Total Frames |   Bitrate     Y-PSNR    U-PSNR    V-PSNR    YUV-PSNR   
	       17    a    4864.2071   38.6915   41.4591   42.5622   39.3852

 finished @ Fri Apr 21 01:16:26 2023
 Total Time:    21863.025 sec. [user]    21873.945 sec. [elapsed]

Level: 0
Inject Calls: 23132455680
Errors injected by bit:
	Bit 0: 23107
	Bit 1: 23063
	Bit 2: 23096
	Bit 3: 23337
	Bit 4: 23038
	Bit 5: 23311
	Bit 6: 23107
	Bit 7: 23303

Total errors injected: 185362
