vvencFFapp: Fraunhofer VVC Encoder ver. 1.5.0 [Linux][GCC 11.3.0][64 bit][SIMD=AVX2]
 started @ Fri Apr 21 06:52:05 2023
CODING TOOL CFG: CTU128 QT44BTT21 IBD:1 SAO:1 ALF:1 (NonLinLuma:0 NonLinChr:0) CCALF:1 Tiles:1x1 Slices:1 WPP:0 WPP-Substreams:1 TMVP:1 DQ:1 SDH:0 CST:1 BDOF:1 DMVR:1 MTSImplicit:1 SBT:0 JCbCr:1 CabacInitPresent:1 AMVR:5 SMVD:3 LMCS:2 (Signal:SDR Opt:0) CIIP:0 MIP:1 AFFINE:2 (PROF:1, Type:1) MMVD:3 DisFracMMVD:1 SbTMVP:1 GPM:3 LFNST:1 MTS:0 ISP:3 TS:2 TSLog2MaxSize:4 useChromaTS:0 BDPCM:2 IBC:2 BCW:0 
ENC. ALG. CFG: QPA:0 HAD:1 RDQ:1 RDQTS:1 ASR:1 MinSearchWindow:96 RestrictMESampling:0 EDO:2 MCTF:2 
PRE-ANALYSIS CFG: STA:1 LeadFrames:0 TrailFrames:0 
FAST TOOL CFG: ECU:0 FEN:1 FDM:1 FastSearch:4 (SCC:2) LCTUFast:1 FastMrg:2 PBIntraFast:1 AMaxBT:1 FastQtBtEnc:1 ContentBasedFastQtbt:0 FastMIP:3 FastIntraTools:0 IntraEstDecBit:2 FastLocalDualTree:1 IntegerET:0 FastSubPel:1 QtbttExtraFast:3 FastTTSplit:0 IBCFastMethod:3 FIM:0 ALFSpeed:0 QuantThr: 4 
RATE CONTROL CFG: RateControl:0 LookAhead:0 
PARALLEL PROCESSING CFG: NumThreads:0 MaxParallelFrames:0 WppBitEqual:0 WF:0 

POC     0 TId: 0 (  IDR_N_LP, I-SLICE, QP 24, TF 3)     399128 bits [Y 38.6505 dB    U 40.8666 dB    V 42.1124 dB] [ET   348 ] [L0 ] [L1 ]
POC    16 TId: 1 (      STSA, B-SLICE, QP 28, TF 2)     242712 bits [Y 38.5644 dB    U 40.3077 dB    V 41.4523 dB] [ET  1034 ] [L0 0 ] [L1 0 ]
POC     8 TId: 2 (      STSA, B-SLICE, QP 29, TF 1)     180072 bits [Y 37.2428 dB    U 39.5491 dB    V 40.7308 dB] [ET  1375 ] [L0 0 16 ] [L1 16 0 ]
POC     4 TId: 3 (      STSA, B-SLICE, QP 32, TF 0)      78008 bits [Y 35.9275 dB    U 39.1621 dB    V 40.2999 dB] [ET  1487 ] [L0 0 8 ] [L1 8 16 ]
POC     2 TId: 4 (      STSA, B-SLICE, QP 34)            44568 bits [Y 35.6492 dB    U 39.2708 dB    V 40.4995 dB] [ET  1120 ] [L0 0 4 ] [L1 4 8 ]
POC     1 TId: 5 (      STSA, B-SLICE, QP 36)            23312 bits [Y 35.3399 dB    U 39.4730 dB    V 40.7412 dB] [ET   710 ] [L0 0 2 ] [L1 2 4 ]
POC     3 TId: 5 (      STSA, B-SLICE, QP 36)            21288 bits [Y 34.9093 dB    U 38.9350 dB    V 40.1589 dB] [ET   928 ] [L0 2 0 ] [L1 4 8 ]
POC     6 TId: 4 (      STSA, B-SLICE, QP 34)            43184 bits [Y 35.4676 dB    U 38.8861 dB    V 39.9202 dB] [ET  1296 ] [L0 4 0 ] [L1 8 16 ]
POC     5 TId: 5 (      STSA, B-SLICE, QP 36)            19672 bits [Y 34.9174 dB    U 38.8223 dB    V 40.0061 dB] [ET   910 ] [L0 4 0 ] [L1 6 8 ]
POC     7 TId: 5 (      STSA, B-SLICE, QP 36)            20312 bits [Y 35.0174 dB    U 38.7638 dB    V 39.9359 dB] [ET   911 ] [L0 6 4 ] [L1 8 16 ]
POC    12 TId: 3 (      STSA, B-SLICE, QP 32, TF 0)      80480 bits [Y 35.8146 dB    U 39.2307 dB    V 40.0995 dB] [ET  1521 ] [L0 8 0 ] [L1 16 8 ]
POC    10 TId: 4 (      STSA, B-SLICE, QP 34)            47880 bits [Y 35.3962 dB    U 38.8387 dB    V 39.7442 dB] [ET  1462 ] [L0 8 0 ] [L1 12 16 ]
POC     9 TId: 5 (      STSA, B-SLICE, QP 36)            21328 bits [Y 34.9653 dB    U 38.8253 dB    V 39.9628 dB] [ET   936 ] [L0 8 0 ] [L1 10 12 ]
POC    11 TId: 5 (      STSA, B-SLICE, QP 36)            21328 bits [Y 34.7554 dB    U 38.7805 dB    V 39.6205 dB] [ET  1052 ] [L0 10 8 ] [L1 12 16 ]
POC    14 TId: 4 (      STSA, B-SLICE, QP 34)            43904 bits [Y 35.3154 dB    U 39.0034 dB    V 40.0917 dB] [ET  1229 ] [L0 12 8 ] [L1 16 12 ]
POC    13 TId: 5 (      STSA, B-SLICE, QP 36)            19576 bits [Y 34.7583 dB    U 38.8459 dB    V 39.8428 dB] [ET   837 ] [L0 12 8 ] [L1 14 16 ]
POC    15 TId: 5 (      STSA, B-SLICE, QP 36)            19152 bits [Y 34.9628 dB    U 39.1903 dB    V 40.3570 dB] [ET   701 ] [L0 14 12 ] [L1 16 14 ]

	Total Frames |   Bitrate     Y-PSNR    U-PSNR    V-PSNR    YUV-PSNR   
	       17    a    2339.8306   35.7444   39.2207   40.3280   36.5910

 finished @ Fri Apr 21 11:49:58 2023
 Total Time:    17864.234 sec. [user]    17872.764 sec. [elapsed]

Level: 0
Inject Calls: 19775417728
Errors injected by bit:
	Bit 0: 197798
	Bit 1: 198029
	Bit 2: 197623
	Bit 3: 196908
	Bit 4: 198075
	Bit 5: 198275
	Bit 6: 198454
	Bit 7: 198237

Total errors injected: 1583399
