vvencFFapp: Fraunhofer VVC Encoder ver. 1.5.0 [Linux][GCC 11.3.0][64 bit][SIMD=AVX2]
 started @ Mon Apr 17 08:55:21 2023
CODING TOOL CFG: CTU128 QT44BTT21 IBD:1 SAO:1 ALF:1 (NonLinLuma:0 NonLinChr:0) CCALF:1 Tiles:1x1 Slices:1 WPP:0 WPP-Substreams:1 TMVP:1 DQ:1 SDH:0 CST:1 BDOF:1 DMVR:1 MTSImplicit:1 SBT:0 JCbCr:1 CabacInitPresent:1 AMVR:5 SMVD:3 LMCS:2 (Signal:SDR Opt:0) CIIP:0 MIP:1 AFFINE:2 (PROF:1, Type:1) MMVD:3 DisFracMMVD:1 SbTMVP:1 GPM:3 LFNST:1 MTS:0 ISP:3 TS:2 TSLog2MaxSize:4 useChromaTS:0 BDPCM:2 IBC:2 BCW:0 
ENC. ALG. CFG: QPA:0 HAD:1 RDQ:1 RDQTS:1 ASR:1 MinSearchWindow:96 RestrictMESampling:0 EDO:2 MCTF:2 
PRE-ANALYSIS CFG: STA:1 LeadFrames:0 TrailFrames:0 
FAST TOOL CFG: ECU:0 FEN:1 FDM:1 FastSearch:4 (SCC:2) LCTUFast:1 FastMrg:2 PBIntraFast:1 AMaxBT:1 FastQtBtEnc:1 ContentBasedFastQtbt:0 FastMIP:3 FastIntraTools:0 IntraEstDecBit:2 FastLocalDualTree:1 IntegerET:0 FastSubPel:1 QtbttExtraFast:3 FastTTSplit:0 IBCFastMethod:3 FIM:0 ALFSpeed:0 QuantThr: 4 
RATE CONTROL CFG: RateControl:0 LookAhead:0 
PARALLEL PROCESSING CFG: NumThreads:0 MaxParallelFrames:0 WppBitEqual:0 WF:0 

POC     0 TId: 0 (  IDR_N_LP, I-SLICE, QP 19, TF 3)     564808 bits [Y 45.1467 dB    U 46.3576 dB    V 47.8581 dB] [ET   542 ] [L0 ] [L1 ]
POC    16 TId: 1 (      STSA, B-SLICE, QP 22, TF 2)     140320 bits [Y 42.6784 dB    U 44.8876 dB    V 45.9378 dB] [ET   789 ] [L0 0 ] [L1 0 ]
POC     8 TId: 2 (      STSA, B-SLICE, QP 23, TF 1)      79992 bits [Y 42.3250 dB    U 44.7123 dB    V 46.1273 dB] [ET  1016 ] [L0 0 16 ] [L1 16 0 ]
POC     4 TId: 3 (      STSA, B-SLICE, QP 26, TF 0)      47528 bits [Y 41.9415 dB    U 44.4855 dB    V 45.7610 dB] [ET   945 ] [L0 0 8 ] [L1 8 16 ]
POC     2 TId: 4 (      STSA, B-SLICE, QP 28)            25040 bits [Y 41.9174 dB    U 44.8231 dB    V 46.0643 dB] [ET   666 ] [L0 0 4 ] [L1 4 8 ]
POC     1 TId: 5 (      STSA, B-SLICE, QP 29)              256 bits [Y 45.1467 dB    U 46.3576 dB    V 47.8581 dB] [ET   332 ] [L0 0 2 ] [L1 2 4 ]
POC     3 TId: 5 (      STSA, B-SLICE, QP 29)            19088 bits [Y 41.5877 dB    U 44.3484 dB    V 45.5101 dB] [ET   649 ] [L0 2 0 ] [L1 4 8 ]
POC     6 TId: 4 (      STSA, B-SLICE, QP 28)            31872 bits [Y 41.5994 dB    U 44.2290 dB    V 45.3493 dB] [ET   880 ] [L0 4 0 ] [L1 8 16 ]
POC     5 TId: 5 (      STSA, B-SLICE, QP 29)            20496 bits [Y 41.2392 dB    U 44.1098 dB    V 45.2785 dB] [ET   695 ] [L0 4 0 ] [L1 6 8 ]
POC     7 TId: 5 (      STSA, B-SLICE, QP 29)            21872 bits [Y 41.1880 dB    U 44.2644 dB    V 45.2575 dB] [ET   690 ] [L0 6 4 ] [L1 8 16 ]
POC    12 TId: 3 (      STSA, B-SLICE, QP 26, TF 0)      54960 bits [Y 41.4876 dB    U 44.1794 dB    V 45.3314 dB] [ET   983 ] [L0 8 0 ] [L1 16 8 ]
POC    10 TId: 4 (      STSA, B-SLICE, QP 28)            35968 bits [Y 41.2635 dB    U 44.0149 dB    V 45.1384 dB] [ET  1004 ] [L0 8 0 ] [L1 12 16 ]
POC     9 TId: 5 (      STSA, B-SLICE, QP 29)            20376 bits [Y 41.4857 dB    U 44.2386 dB    V 45.3817 dB] [ET   751 ] [L0 8 0 ] [L1 10 12 ]
POC    11 TId: 5 (      STSA, B-SLICE, QP 29)            22960 bits [Y 41.2180 dB    U 44.0175 dB    V 44.8764 dB] [ET   707 ] [L0 10 8 ] [L1 12 16 ]
POC    14 TId: 4 (      STSA, B-SLICE, QP 28)            37408 bits [Y 41.2618 dB    U 43.9250 dB    V 44.7575 dB] [ET   764 ] [L0 12 8 ] [L1 16 12 ]
POC    13 TId: 5 (      STSA, B-SLICE, QP 29)            22224 bits [Y 41.0446 dB    U 43.9249 dB    V 44.6508 dB] [ET   647 ] [L0 12 8 ] [L1 14 16 ]
POC    15 TId: 5 (      STSA, B-SLICE, QP 29)            21584 bits [Y 41.0832 dB    U 44.1798 dB    V 44.7776 dB] [ET   539 ] [L0 14 12 ] [L1 16 14 ]

	Total Frames |   Bitrate     Y-PSNR    U-PSNR    V-PSNR    YUV-PSNR   
	       17    a    3431.6235   41.9773   44.5327   45.6421   42.6502

 finished @ Mon Apr 17 12:25:37 2023
 Total Time:    12615.654 sec. [user]    12616.649 sec. [elapsed]

Level: 0
Inject Calls: 13646331072
Errors injected by bit:
	Bit 0: 13645038
	Bit 1: 13645746
	Bit 2: 13649098
	Bit 3: 13654487
	Bit 4: 13641579
	Bit 5: 13645199
	Bit 6: 13652483
	Bit 7: 13642550

Total errors injected: 109176180
