vvencFFapp: Fraunhofer VVC Encoder ver. 1.5.0 [Linux][GCC 11.3.0][64 bit][SIMD=AVX2]
 started @ Tue Apr 18 12:55:51 2023
CODING TOOL CFG: CTU128 QT44BTT21 IBD:1 SAO:1 ALF:1 (NonLinLuma:0 NonLinChr:0) CCALF:1 Tiles:1x1 Slices:1 WPP:0 WPP-Substreams:1 TMVP:1 DQ:1 SDH:0 CST:1 BDOF:1 DMVR:1 MTSImplicit:1 SBT:0 JCbCr:1 CabacInitPresent:1 AMVR:5 SMVD:3 LMCS:2 (Signal:SDR Opt:0) CIIP:0 MIP:1 AFFINE:2 (PROF:1, Type:1) MMVD:3 DisFracMMVD:1 SbTMVP:1 GPM:3 LFNST:1 MTS:0 ISP:3 TS:2 TSLog2MaxSize:4 useChromaTS:0 BDPCM:2 IBC:2 BCW:0 
ENC. ALG. CFG: QPA:0 HAD:1 RDQ:1 RDQTS:1 ASR:1 MinSearchWindow:96 RestrictMESampling:0 EDO:2 MCTF:2 
PRE-ANALYSIS CFG: STA:1 LeadFrames:0 TrailFrames:0 
FAST TOOL CFG: ECU:0 FEN:1 FDM:1 FastSearch:4 (SCC:2) LCTUFast:1 FastMrg:2 PBIntraFast:1 AMaxBT:1 FastQtBtEnc:1 ContentBasedFastQtbt:0 FastMIP:3 FastIntraTools:0 IntraEstDecBit:2 FastLocalDualTree:1 IntegerET:0 FastSubPel:1 QtbttExtraFast:3 FastTTSplit:0 IBCFastMethod:3 FIM:0 ALFSpeed:0 QuantThr: 4 
RATE CONTROL CFG: RateControl:0 LookAhead:0 
PARALLEL PROCESSING CFG: NumThreads:0 MaxParallelFrames:0 WppBitEqual:0 WF:0 

POC     0 TId: 0 (  IDR_N_LP, I-SLICE, QP 19, TF 3)     581848 bits [Y 42.2672 dB    U 45.0524 dB    V 46.9660 dB] [ET   470 ] [L0 ] [L1 ]
POC    16 TId: 1 (      STSA, B-SLICE, QP 22, TF 2)     216256 bits [Y 41.6183 dB    U 44.1933 dB    V 45.8358 dB] [ET   757 ] [L0 0 ] [L1 0 ]
POC     8 TId: 2 (      STSA, B-SLICE, QP 23, TF 1)      98616 bits [Y 40.9490 dB    U 44.1377 dB    V 45.9871 dB] [ET   753 ] [L0 0 16 ] [L1 16 0 ]
POC     4 TId: 3 (      STSA, B-SLICE, QP 26, TF 0)      43536 bits [Y 40.5536 dB    U 44.2991 dB    V 46.1362 dB] [ET   691 ] [L0 0 8 ] [L1 8 16 ]
POC     2 TId: 4 (      STSA, B-SLICE, QP 28)            21224 bits [Y 40.5607 dB    U 44.6119 dB    V 46.3802 dB] [ET   480 ] [L0 0 4 ] [L1 4 8 ]
POC     1 TId: 5 (      STSA, B-SLICE, QP 29)             8984 bits [Y 40.8498 dB    U 44.8222 dB    V 46.6716 dB] [ET   355 ] [L0 0 2 ] [L1 2 4 ]
POC     3 TId: 5 (      STSA, B-SLICE, QP 29)             9792 bits [Y 40.2278 dB    U 44.4688 dB    V 46.2278 dB] [ET   404 ] [L0 2 0 ] [L1 4 8 ]
POC     6 TId: 4 (      STSA, B-SLICE, QP 28)            21744 bits [Y 40.1391 dB    U 44.1261 dB    V 45.8883 dB] [ET   557 ] [L0 4 0 ] [L1 8 16 ]
POC     5 TId: 5 (      STSA, B-SLICE, QP 29)            10584 bits [Y 40.0213 dB    U 44.0653 dB    V 45.8788 dB] [ET   399 ] [L0 4 0 ] [L1 6 8 ]
POC     7 TId: 5 (      STSA, B-SLICE, QP 29)             9480 bits [Y 40.0927 dB    U 44.1384 dB    V 45.8284 dB] [ET   426 ] [L0 6 4 ] [L1 8 16 ]
POC    12 TId: 3 (      STSA, B-SLICE, QP 26, TF 0)      48168 bits [Y 40.2314 dB    U 43.9716 dB    V 45.5411 dB] [ET   662 ] [L0 8 0 ] [L1 16 8 ]
POC    10 TId: 4 (      STSA, B-SLICE, QP 28)            23424 bits [Y 40.0396 dB    U 43.9690 dB    V 45.6292 dB] [ET   643 ] [L0 8 0 ] [L1 12 16 ]
POC     9 TId: 5 (      STSA, B-SLICE, QP 29)            10480 bits [Y 40.0283 dB    U 44.0614 dB    V 45.8322 dB] [ET   399 ] [L0 8 0 ] [L1 10 12 ]
POC    11 TId: 5 (      STSA, B-SLICE, QP 29)            10936 bits [Y 39.8310 dB    U 43.9116 dB    V 45.5835 dB] [ET   420 ] [L0 10 8 ] [L1 12 16 ]
POC    14 TId: 4 (      STSA, B-SLICE, QP 28)            27304 bits [Y 39.9737 dB    U 43.8804 dB    V 45.3732 dB] [ET   510 ] [L0 12 8 ] [L1 16 12 ]
POC    13 TId: 5 (      STSA, B-SLICE, QP 29)            13424 bits [Y 39.7539 dB    U 43.8309 dB    V 45.4177 dB] [ET   452 ] [L0 12 8 ] [L1 14 16 ]
POC    15 TId: 5 (      STSA, B-SLICE, QP 29)            14304 bits [Y 39.9547 dB    U 43.9354 dB    V 45.5011 dB] [ET   343 ] [L0 14 12 ] [L1 16 14 ]

	Total Frames |   Bitrate     Y-PSNR    U-PSNR    V-PSNR    YUV-PSNR   
	       17    a    4129.7788   40.4172   44.2044   45.9223   41.4369

 finished @ Tue Apr 18 15:21:26 2023
 Total Time:     8720.799 sec. [user]     8735.260 sec. [elapsed]

Level: 0
Inject Calls: 8966391680
Errors injected by bit:
	Bit 0: 8963615
	Bit 1: 8963058
	Bit 2: 8965584
	Bit 3: 8968341
	Bit 4: 8970411
	Bit 5: 8972651
	Bit 6: 8971321
	Bit 7: 8967129

Total errors injected: 71742110
