vvencFFapp: Fraunhofer VVC Encoder ver. 1.5.0 [Linux][GCC 11.3.0][64 bit][SIMD=AVX2]
 started @ Fri Apr 21 00:41:59 2023
CODING TOOL CFG: CTU128 QT44BTT21 IBD:1 SAO:1 ALF:1 (NonLinLuma:0 NonLinChr:0) CCALF:1 Tiles:1x1 Slices:1 WPP:0 WPP-Substreams:1 TMVP:1 DQ:1 SDH:0 CST:1 BDOF:1 DMVR:1 MTSImplicit:1 SBT:0 JCbCr:1 CabacInitPresent:1 AMVR:5 SMVD:3 LMCS:2 (Signal:SDR Opt:0) CIIP:0 MIP:1 AFFINE:2 (PROF:1, Type:1) MMVD:3 DisFracMMVD:1 SbTMVP:1 GPM:3 LFNST:1 MTS:0 ISP:3 TS:2 TSLog2MaxSize:4 useChromaTS:0 BDPCM:2 IBC:2 BCW:0 
ENC. ALG. CFG: QPA:0 HAD:1 RDQ:1 RDQTS:1 ASR:1 MinSearchWindow:96 RestrictMESampling:0 EDO:2 MCTF:2 
PRE-ANALYSIS CFG: STA:1 LeadFrames:0 TrailFrames:0 
FAST TOOL CFG: ECU:0 FEN:1 FDM:1 FastSearch:4 (SCC:2) LCTUFast:1 FastMrg:2 PBIntraFast:1 AMaxBT:1 FastQtBtEnc:1 ContentBasedFastQtbt:0 FastMIP:3 FastIntraTools:0 IntraEstDecBit:2 FastLocalDualTree:1 IntegerET:0 FastSubPel:1 QtbttExtraFast:3 FastTTSplit:0 IBCFastMethod:3 FIM:0 ALFSpeed:0 QuantThr: 4 
RATE CONTROL CFG: RateControl:0 LookAhead:0 
PARALLEL PROCESSING CFG: NumThreads:0 MaxParallelFrames:0 WppBitEqual:0 WF:0 

POC     0 TId: 0 (  IDR_N_LP, I-SLICE, QP 19, TF 3)     629392 bits [Y 41.1842 dB    U 43.2214 dB    V 44.1771 dB] [ET   468 ] [L0 ] [L1 ]
POC    16 TId: 1 (      STSA, B-SLICE, QP 22, TF 2)     444056 bits [Y 42.2947 dB    U 43.3731 dB    V 44.2712 dB] [ET  1418 ] [L0 0 ] [L1 0 ]
POC     8 TId: 2 (      STSA, B-SLICE, QP 23, TF 1)     349632 bits [Y 40.6374 dB    U 42.0219 dB    V 43.1935 dB] [ET  1774 ] [L0 0 16 ] [L1 16 0 ]
POC     4 TId: 3 (      STSA, B-SLICE, QP 26, TF 0)     176640 bits [Y 38.9318 dB    U 41.4086 dB    V 42.5567 dB] [ET  1656 ] [L0 0 8 ] [L1 8 16 ]
POC     2 TId: 4 (      STSA, B-SLICE, QP 28)           107504 bits [Y 38.3378 dB    U 41.4934 dB    V 42.6336 dB] [ET  1376 ] [L0 0 4 ] [L1 4 8 ]
POC     1 TId: 5 (      STSA, B-SLICE, QP 29)            66848 bits [Y 37.8755 dB    U 41.5338 dB    V 42.7325 dB] [ET  1012 ] [L0 0 2 ] [L1 2 4 ]
POC     3 TId: 5 (      STSA, B-SLICE, QP 29)            64272 bits [Y 37.7263 dB    U 41.0148 dB    V 42.2257 dB] [ET  1129 ] [L0 2 0 ] [L1 4 8 ]
POC     6 TId: 4 (      STSA, B-SLICE, QP 28)           102720 bits [Y 38.3502 dB    U 41.1226 dB    V 42.3184 dB] [ET  1505 ] [L0 4 0 ] [L1 8 16 ]
POC     5 TId: 5 (      STSA, B-SLICE, QP 29)            61240 bits [Y 37.7474 dB    U 40.9022 dB    V 42.1616 dB] [ET  1101 ] [L0 4 0 ] [L1 6 8 ]
POC     7 TId: 5 (      STSA, B-SLICE, QP 29)            63520 bits [Y 37.8201 dB    U 40.8925 dB    V 42.1019 dB] [ET  1161 ] [L0 6 4 ] [L1 8 16 ]
POC    12 TId: 3 (      STSA, B-SLICE, QP 26, TF 0)     184416 bits [Y 38.9451 dB    U 41.5622 dB    V 42.4401 dB] [ET  1693 ] [L0 8 0 ] [L1 16 8 ]
POC    10 TId: 4 (      STSA, B-SLICE, QP 28)           114312 bits [Y 38.3184 dB    U 41.1328 dB    V 42.0358 dB] [ET  1662 ] [L0 8 0 ] [L1 12 16 ]
POC     9 TId: 5 (      STSA, B-SLICE, QP 29)            64952 bits [Y 37.8452 dB    U 40.9529 dB    V 42.1688 dB] [ET  1139 ] [L0 8 0 ] [L1 10 12 ]
POC    11 TId: 5 (      STSA, B-SLICE, QP 29)            67800 bits [Y 37.7281 dB    U 41.0277 dB    V 41.8300 dB] [ET  1279 ] [L0 10 8 ] [L1 12 16 ]
POC    14 TId: 4 (      STSA, B-SLICE, QP 28)           114984 bits [Y 38.3716 dB    U 41.2095 dB    V 42.2706 dB] [ET  1356 ] [L0 12 8 ] [L1 16 12 ]
POC    13 TId: 5 (      STSA, B-SLICE, QP 29)            66232 bits [Y 37.7644 dB    U 40.9749 dB    V 41.9628 dB] [ET  1143 ] [L0 12 8 ] [L1 14 16 ]
POC    15 TId: 5 (      STSA, B-SLICE, QP 29)            68640 bits [Y 37.8788 dB    U 41.1945 dB    V 42.4126 dB] [ET   968 ] [L0 14 12 ] [L1 16 14 ]

	Total Frames |   Bitrate     Y-PSNR    U-PSNR    V-PSNR    YUV-PSNR   
	       17    a    4847.9294   38.6916   41.4729   42.5584   39.3880

 finished @ Fri Apr 21 06:46:17 2023
 Total Time:    21857.431 sec. [user]    21858.715 sec. [elapsed]

Level: 0
Inject Calls: 23268988736
Errors injected by bit:
	Bit 0: 2283
	Bit 1: 2317
	Bit 2: 2294
	Bit 3: 2310
	Bit 4: 2305
	Bit 5: 2318
	Bit 6: 2316
	Bit 7: 2275

Total errors injected: 18418
