vvencFFapp: Fraunhofer VVC Encoder ver. 1.5.0 [Linux][GCC 11.3.0][64 bit][SIMD=AVX2]
 started @ Tue Apr 18 04:00:42 2023
CODING TOOL CFG: CTU128 QT44BTT21 IBD:1 SAO:1 ALF:1 (NonLinLuma:0 NonLinChr:0) CCALF:1 Tiles:1x1 Slices:1 WPP:0 WPP-Substreams:1 TMVP:1 DQ:1 SDH:0 CST:1 BDOF:1 DMVR:1 MTSImplicit:1 SBT:0 JCbCr:1 CabacInitPresent:1 AMVR:5 SMVD:3 LMCS:2 (Signal:SDR Opt:0) CIIP:0 MIP:1 AFFINE:2 (PROF:1, Type:1) MMVD:3 DisFracMMVD:1 SbTMVP:1 GPM:3 LFNST:1 MTS:0 ISP:3 TS:2 TSLog2MaxSize:4 useChromaTS:0 BDPCM:2 IBC:2 BCW:0 
ENC. ALG. CFG: QPA:0 HAD:1 RDQ:1 RDQTS:1 ASR:1 MinSearchWindow:96 RestrictMESampling:0 EDO:2 MCTF:2 
PRE-ANALYSIS CFG: STA:1 LeadFrames:0 TrailFrames:0 
FAST TOOL CFG: ECU:0 FEN:1 FDM:1 FastSearch:4 (SCC:2) LCTUFast:1 FastMrg:2 PBIntraFast:1 AMaxBT:1 FastQtBtEnc:1 ContentBasedFastQtbt:0 FastMIP:3 FastIntraTools:0 IntraEstDecBit:2 FastLocalDualTree:1 IntegerET:0 FastSubPel:1 QtbttExtraFast:3 FastTTSplit:0 IBCFastMethod:3 FIM:0 ALFSpeed:0 QuantThr: 4 
RATE CONTROL CFG: RateControl:0 LookAhead:0 
PARALLEL PROCESSING CFG: NumThreads:0 MaxParallelFrames:0 WppBitEqual:0 WF:0 

POC     0 TId: 0 (  IDR_N_LP, I-SLICE, QP 29, TF 2)     160808 bits [Y 38.4367 dB    U 41.6230 dB    V 42.6136 dB] [ET   245 ] [L0 ] [L1 ]
POC    16 TId: 1 (      STSA, B-SLICE, QP 34, TF 1)      31000 bits [Y 36.4869 dB    U 39.9375 dB    V 40.1562 dB] [ET   527 ] [L0 0 ] [L1 0 ]
POC     8 TId: 2 (      STSA, B-SLICE, QP 35, TF 0)      19136 bits [Y 36.4963 dB    U 40.0099 dB    V 40.8085 dB] [ET   721 ] [L0 0 16 ] [L1 16 0 ]
POC     4 TId: 3 (      STSA, B-SLICE, QP 38)            12032 bits [Y 36.2242 dB    U 40.1697 dB    V 40.9606 dB] [ET   660 ] [L0 0 8 ] [L1 8 16 ]
POC     2 TId: 4 (      STSA, B-SLICE, QP 40)             4856 bits [Y 36.2702 dB    U 40.8452 dB    V 41.3862 dB] [ET   447 ] [L0 0 4 ] [L1 4 8 ]
POC     1 TId: 5 (      STSA, B-SLICE, QP 41)              232 bits [Y 38.4367 dB    U 41.6230 dB    V 42.6136 dB] [ET   182 ] [L0 0 2 ] [L1 2 4 ]
POC     3 TId: 5 (      STSA, B-SLICE, QP 41)             3224 bits [Y 35.7915 dB    U 40.4603 dB    V 40.8632 dB] [ET   367 ] [L0 2 0 ] [L1 4 8 ]
POC     6 TId: 4 (      STSA, B-SLICE, QP 40)             6392 bits [Y 35.6027 dB    U 39.9989 dB    V 40.6367 dB] [ET   649 ] [L0 4 0 ] [L1 8 16 ]
POC     5 TId: 5 (      STSA, B-SLICE, QP 41)             3352 bits [Y 35.2909 dB    U 39.9544 dB    V 40.5676 dB] [ET   454 ] [L0 4 0 ] [L1 6 8 ]
POC     7 TId: 5 (      STSA, B-SLICE, QP 41)             3272 bits [Y 35.2705 dB    U 40.0037 dB    V 40.4384 dB] [ET   411 ] [L0 6 4 ] [L1 8 16 ]
POC    12 TId: 3 (      STSA, B-SLICE, QP 38)            13008 bits [Y 35.6083 dB    U 39.7379 dB    V 40.2029 dB] [ET   724 ] [L0 8 0 ] [L1 16 8 ]
POC    10 TId: 4 (      STSA, B-SLICE, QP 40)             6824 bits [Y 35.3104 dB    U 39.7430 dB    V 40.2343 dB] [ET   669 ] [L0 8 0 ] [L1 12 16 ]
POC     9 TId: 5 (      STSA, B-SLICE, QP 41)             3440 bits [Y 35.6885 dB    U 39.9085 dB    V 40.3533 dB] [ET   467 ] [L0 8 0 ] [L1 10 12 ]
POC    11 TId: 5 (      STSA, B-SLICE, QP 41)             3816 bits [Y 35.2577 dB    U 39.7732 dB    V 39.9297 dB] [ET   450 ] [L0 10 8 ] [L1 12 16 ]
POC    14 TId: 4 (      STSA, B-SLICE, QP 40)             7472 bits [Y 35.1942 dB    U 39.6510 dB    V 39.8450 dB] [ET   544 ] [L0 12 8 ] [L1 16 12 ]
POC    13 TId: 5 (      STSA, B-SLICE, QP 41)             3480 bits [Y 35.0236 dB    U 39.6417 dB    V 39.7953 dB] [ET   428 ] [L0 12 8 ] [L1 14 16 ]
POC    15 TId: 5 (      STSA, B-SLICE, QP 41)             3304 bits [Y 35.2326 dB    U 39.7607 dB    V 39.8095 dB] [ET   345 ] [L0 14 12 ] [L1 16 14 ]

	Total Frames |   Bitrate     Y-PSNR    U-PSNR    V-PSNR    YUV-PSNR   
	       17    a     840.1412   35.9778   40.1672   40.6597   36.9226

 finished @ Tue Apr 18 06:19:04 2023
 Total Time:     8295.318 sec. [user]     8302.073 sec. [elapsed]

Level: 0
Inject Calls: 9511706176
Errors injected by bit:
	Bit 0: 94791
	Bit 1: 95013
	Bit 2: 95022
	Bit 3: 95159
	Bit 4: 94874
	Bit 5: 95162
	Bit 6: 94662
	Bit 7: 95245

Total errors injected: 759928
