vvencFFapp: Fraunhofer VVC Encoder ver. 1.5.0 [Linux][GCC 11.3.0][64 bit][SIMD=AVX2]
 started @ Fri Apr 21 01:37:00 2023
CODING TOOL CFG: CTU128 QT44BTT21 IBD:1 SAO:1 ALF:1 (NonLinLuma:0 NonLinChr:0) CCALF:1 Tiles:1x1 Slices:1 WPP:0 WPP-Substreams:1 TMVP:1 DQ:1 SDH:0 CST:1 BDOF:1 DMVR:1 MTSImplicit:1 SBT:0 JCbCr:1 CabacInitPresent:1 AMVR:5 SMVD:3 LMCS:2 (Signal:SDR Opt:0) CIIP:0 MIP:1 AFFINE:2 (PROF:1, Type:1) MMVD:3 DisFracMMVD:1 SbTMVP:1 GPM:3 LFNST:1 MTS:0 ISP:3 TS:2 TSLog2MaxSize:4 useChromaTS:0 BDPCM:2 IBC:2 BCW:0 
ENC. ALG. CFG: QPA:0 HAD:1 RDQ:1 RDQTS:1 ASR:1 MinSearchWindow:96 RestrictMESampling:0 EDO:2 MCTF:2 
PRE-ANALYSIS CFG: STA:1 LeadFrames:0 TrailFrames:0 
FAST TOOL CFG: ECU:0 FEN:1 FDM:1 FastSearch:4 (SCC:2) LCTUFast:1 FastMrg:2 PBIntraFast:1 AMaxBT:1 FastQtBtEnc:1 ContentBasedFastQtbt:0 FastMIP:3 FastIntraTools:0 IntraEstDecBit:2 FastLocalDualTree:1 IntegerET:0 FastSubPel:1 QtbttExtraFast:3 FastTTSplit:0 IBCFastMethod:3 FIM:0 ALFSpeed:0 QuantThr: 4 
RATE CONTROL CFG: RateControl:0 LookAhead:0 
PARALLEL PROCESSING CFG: NumThreads:0 MaxParallelFrames:0 WppBitEqual:0 WF:0 

POC     0 TId: 0 (  IDR_N_LP, I-SLICE, QP 24, TF 3)     399128 bits [Y 38.6505 dB    U 40.8666 dB    V 42.1124 dB] [ET   375 ] [L0 ] [L1 ]
POC    16 TId: 1 (      STSA, B-SLICE, QP 28, TF 2)     239280 bits [Y 38.5297 dB    U 40.2946 dB    V 41.4783 dB] [ET  1034 ] [L0 0 ] [L1 0 ]
POC     8 TId: 2 (      STSA, B-SLICE, QP 29, TF 1)     179160 bits [Y 37.2186 dB    U 39.5351 dB    V 40.8087 dB] [ET  1466 ] [L0 0 16 ] [L1 16 0 ]
POC     4 TId: 3 (      STSA, B-SLICE, QP 32, TF 0)      78232 bits [Y 35.9237 dB    U 39.1621 dB    V 40.2462 dB] [ET  1553 ] [L0 0 8 ] [L1 8 16 ]
POC     2 TId: 4 (      STSA, B-SLICE, QP 34)            45368 bits [Y 35.6486 dB    U 39.3122 dB    V 40.4770 dB] [ET  1199 ] [L0 0 4 ] [L1 4 8 ]
POC     1 TId: 5 (      STSA, B-SLICE, QP 36)            22944 bits [Y 35.2888 dB    U 39.4967 dB    V 40.8105 dB] [ET   767 ] [L0 0 2 ] [L1 2 4 ]
POC     3 TId: 5 (      STSA, B-SLICE, QP 36)            21120 bits [Y 34.8821 dB    U 38.8935 dB    V 40.0917 dB] [ET   922 ] [L0 2 0 ] [L1 4 8 ]
POC     6 TId: 4 (      STSA, B-SLICE, QP 34)            43440 bits [Y 35.4932 dB    U 38.8465 dB    V 39.9586 dB] [ET  1383 ] [L0 4 0 ] [L1 8 16 ]
POC     5 TId: 5 (      STSA, B-SLICE, QP 36)            19224 bits [Y 34.8915 dB    U 38.7668 dB    V 40.0542 dB] [ET   895 ] [L0 4 0 ] [L1 6 8 ]
POC     7 TId: 5 (      STSA, B-SLICE, QP 36)            20720 bits [Y 35.0204 dB    U 38.7847 dB    V 40.0096 dB] [ET   879 ] [L0 6 4 ] [L1 8 16 ]
POC    12 TId: 3 (      STSA, B-SLICE, QP 32, TF 0)      79640 bits [Y 35.7707 dB    U 39.2089 dB    V 40.0942 dB] [ET  1546 ] [L0 8 0 ] [L1 16 8 ]
POC    10 TId: 4 (      STSA, B-SLICE, QP 34)            48344 bits [Y 35.4298 dB    U 38.8342 dB    V 39.7213 dB] [ET  1473 ] [L0 8 0 ] [L1 12 16 ]
POC     9 TId: 5 (      STSA, B-SLICE, QP 36)            21192 bits [Y 34.9604 dB    U 38.7469 dB    V 39.8631 dB] [ET   884 ] [L0 8 0 ] [L1 10 12 ]
POC    11 TId: 5 (      STSA, B-SLICE, QP 36)            21304 bits [Y 34.7584 dB    U 38.7909 dB    V 39.5964 dB] [ET   985 ] [L0 10 8 ] [L1 12 16 ]
POC    14 TId: 4 (      STSA, B-SLICE, QP 34)            43960 bits [Y 35.3005 dB    U 39.0202 dB    V 40.0770 dB] [ET  1142 ] [L0 12 8 ] [L1 16 12 ]
POC    13 TId: 5 (      STSA, B-SLICE, QP 36)            19392 bits [Y 34.7373 dB    U 38.7879 dB    V 39.8137 dB] [ET   896 ] [L0 12 8 ] [L1 14 16 ]
POC    15 TId: 5 (      STSA, B-SLICE, QP 36)            19176 bits [Y 34.9633 dB    U 39.2342 dB    V 40.3573 dB] [ET   706 ] [L0 14 12 ] [L1 16 14 ]

	Total Frames |   Bitrate     Y-PSNR    U-PSNR    V-PSNR    YUV-PSNR   
	       17    a    2332.2776   35.7334   39.2107   40.3277   36.5812

 finished @ Fri Apr 21 06:39:04 2023
 Total Time:    18122.984 sec. [user]    18124.030 sec. [elapsed]

Level: 0
Inject Calls: 19541213664
Errors injected by bit:
	Bit 0: 19541497
	Bit 1: 19534094
	Bit 2: 19544150
	Bit 3: 19538696
	Bit 4: 19544325
	Bit 5: 19539378
	Bit 6: 19540787
	Bit 7: 19539475

Total errors injected: 156322402
