vvencFFapp: Fraunhofer VVC Encoder ver. 1.5.0 [Linux][GCC 11.3.0][64 bit][SIMD=AVX2]
 started @ Fri Apr 21 11:57:12 2023
CODING TOOL CFG: CTU128 QT44BTT21 IBD:1 SAO:1 ALF:1 (NonLinLuma:0 NonLinChr:0) CCALF:1 Tiles:1x1 Slices:1 WPP:0 WPP-Substreams:1 TMVP:1 DQ:1 SDH:0 CST:1 BDOF:1 DMVR:1 MTSImplicit:1 SBT:0 JCbCr:1 CabacInitPresent:1 AMVR:5 SMVD:3 LMCS:2 (Signal:SDR Opt:0) CIIP:0 MIP:1 AFFINE:2 (PROF:1, Type:1) MMVD:3 DisFracMMVD:1 SbTMVP:1 GPM:3 LFNST:1 MTS:0 ISP:3 TS:2 TSLog2MaxSize:4 useChromaTS:0 BDPCM:2 IBC:2 BCW:0 
ENC. ALG. CFG: QPA:0 HAD:1 RDQ:1 RDQTS:1 ASR:1 MinSearchWindow:96 RestrictMESampling:0 EDO:2 MCTF:2 
PRE-ANALYSIS CFG: STA:1 LeadFrames:0 TrailFrames:0 
FAST TOOL CFG: ECU:0 FEN:1 FDM:1 FastSearch:4 (SCC:2) LCTUFast:1 FastMrg:2 PBIntraFast:1 AMaxBT:1 FastQtBtEnc:1 ContentBasedFastQtbt:0 FastMIP:3 FastIntraTools:0 IntraEstDecBit:2 FastLocalDualTree:1 IntegerET:0 FastSubPel:1 QtbttExtraFast:3 FastTTSplit:0 IBCFastMethod:3 FIM:0 ALFSpeed:0 QuantThr: 4 
RATE CONTROL CFG: RateControl:0 LookAhead:0 
PARALLEL PROCESSING CFG: NumThreads:0 MaxParallelFrames:0 WppBitEqual:0 WF:0 

POC     0 TId: 0 (  IDR_N_LP, I-SLICE, QP 24, TF 3)     399128 bits [Y 38.6505 dB    U 40.8666 dB    V 42.1124 dB] [ET   403 ] [L0 ] [L1 ]
POC    16 TId: 1 (      STSA, B-SLICE, QP 28, TF 2)     240840 bits [Y 38.5367 dB    U 40.3758 dB    V 41.5475 dB] [ET  1067 ] [L0 0 ] [L1 0 ]
POC     8 TId: 2 (      STSA, B-SLICE, QP 29, TF 1)     178480 bits [Y 37.2293 dB    U 39.5997 dB    V 40.7585 dB] [ET  1423 ] [L0 0 16 ] [L1 16 0 ]
POC     4 TId: 3 (      STSA, B-SLICE, QP 32, TF 0)      78496 bits [Y 35.9427 dB    U 39.1635 dB    V 40.2791 dB] [ET  1417 ] [L0 0 8 ] [L1 8 16 ]
POC     2 TId: 4 (      STSA, B-SLICE, QP 34)            44848 bits [Y 35.6537 dB    U 39.3302 dB    V 40.4682 dB] [ET  1180 ] [L0 0 4 ] [L1 4 8 ]
POC     1 TId: 5 (      STSA, B-SLICE, QP 36)            22936 bits [Y 35.3218 dB    U 39.5285 dB    V 40.7779 dB] [ET   704 ] [L0 0 2 ] [L1 2 4 ]
POC     3 TId: 5 (      STSA, B-SLICE, QP 36)            20392 bits [Y 34.8772 dB    U 38.9502 dB    V 40.0923 dB] [ET   877 ] [L0 2 0 ] [L1 4 8 ]
POC     6 TId: 4 (      STSA, B-SLICE, QP 34)            42688 bits [Y 35.4745 dB    U 38.8343 dB    V 39.9863 dB] [ET  1267 ] [L0 4 0 ] [L1 8 16 ]
POC     5 TId: 5 (      STSA, B-SLICE, QP 36)            19240 bits [Y 34.8888 dB    U 38.8171 dB    V 40.0326 dB] [ET   933 ] [L0 4 0 ] [L1 6 8 ]
POC     7 TId: 5 (      STSA, B-SLICE, QP 36)            21208 bits [Y 35.0195 dB    U 38.7501 dB    V 39.9659 dB] [ET   928 ] [L0 6 4 ] [L1 8 16 ]
POC    12 TId: 3 (      STSA, B-SLICE, QP 32, TF 0)      79072 bits [Y 35.7803 dB    U 39.2685 dB    V 40.0908 dB] [ET  1536 ] [L0 8 0 ] [L1 16 8 ]
POC    10 TId: 4 (      STSA, B-SLICE, QP 34)            46336 bits [Y 35.3765 dB    U 38.8244 dB    V 39.7050 dB] [ET  1491 ] [L0 8 0 ] [L1 12 16 ]
POC     9 TId: 5 (      STSA, B-SLICE, QP 36)            20928 bits [Y 34.9590 dB    U 38.8580 dB    V 39.9293 dB] [ET   915 ] [L0 8 0 ] [L1 10 12 ]
POC    11 TId: 5 (      STSA, B-SLICE, QP 36)            20912 bits [Y 34.7405 dB    U 38.7515 dB    V 39.6085 dB] [ET   936 ] [L0 10 8 ] [L1 12 16 ]
POC    14 TId: 4 (      STSA, B-SLICE, QP 34)            44880 bits [Y 35.3336 dB    U 39.0178 dB    V 40.0625 dB] [ET  1094 ] [L0 12 8 ] [L1 16 12 ]
POC    13 TId: 5 (      STSA, B-SLICE, QP 36)            19864 bits [Y 34.7801 dB    U 38.8170 dB    V 39.8968 dB] [ET   856 ] [L0 12 8 ] [L1 14 16 ]
POC    15 TId: 5 (      STSA, B-SLICE, QP 36)            19472 bits [Y 34.9754 dB    U 39.2084 dB    V 40.3498 dB] [ET   708 ] [L0 14 12 ] [L1 16 14 ]

	Total Frames |   Bitrate     Y-PSNR    U-PSNR    V-PSNR    YUV-PSNR   
	       17    a    2328.9176   35.7377   39.2330   40.3331   36.5871

 finished @ Fri Apr 21 16:53:08 2023
 Total Time:    17753.924 sec. [user]    17755.948 sec. [elapsed]

Level: 0
Inject Calls: 19741394528
Errors injected by bit:
	Bit 0: 1937
	Bit 1: 1893
	Bit 2: 2030
	Bit 3: 2046
	Bit 4: 2030
	Bit 5: 1979
	Bit 6: 1996
	Bit 7: 1941

Total errors injected: 15852
