vvencFFapp: Fraunhofer VVC Encoder ver. 1.5.0 [Linux][GCC 11.3.0][64 bit][SIMD=AVX2]
 started @ Mon Apr 17 12:30:25 2023
CODING TOOL CFG: CTU128 QT44BTT21 IBD:1 SAO:1 ALF:1 (NonLinLuma:0 NonLinChr:0) CCALF:1 Tiles:1x1 Slices:1 WPP:0 WPP-Substreams:1 TMVP:1 DQ:1 SDH:0 CST:1 BDOF:1 DMVR:1 MTSImplicit:1 SBT:0 JCbCr:1 CabacInitPresent:1 AMVR:5 SMVD:3 LMCS:2 (Signal:SDR Opt:0) CIIP:0 MIP:1 AFFINE:2 (PROF:1, Type:1) MMVD:3 DisFracMMVD:1 SbTMVP:1 GPM:3 LFNST:1 MTS:0 ISP:3 TS:2 TSLog2MaxSize:4 useChromaTS:0 BDPCM:2 IBC:2 BCW:0 
ENC. ALG. CFG: QPA:0 HAD:1 RDQ:1 RDQTS:1 ASR:1 MinSearchWindow:96 RestrictMESampling:0 EDO:2 MCTF:2 
PRE-ANALYSIS CFG: STA:1 LeadFrames:0 TrailFrames:0 
FAST TOOL CFG: ECU:0 FEN:1 FDM:1 FastSearch:4 (SCC:2) LCTUFast:1 FastMrg:2 PBIntraFast:1 AMaxBT:1 FastQtBtEnc:1 ContentBasedFastQtbt:0 FastMIP:3 FastIntraTools:0 IntraEstDecBit:2 FastLocalDualTree:1 IntegerET:0 FastSubPel:1 QtbttExtraFast:3 FastTTSplit:0 IBCFastMethod:3 FIM:0 ALFSpeed:0 QuantThr: 4 
RATE CONTROL CFG: RateControl:0 LookAhead:0 
PARALLEL PROCESSING CFG: NumThreads:0 MaxParallelFrames:0 WppBitEqual:0 WF:0 

POC     0 TId: 0 (  IDR_N_LP, I-SLICE, QP 19, TF 3)     564808 bits [Y 45.1467 dB    U 46.3576 dB    V 47.8581 dB] [ET   538 ] [L0 ] [L1 ]
POC    16 TId: 1 (      STSA, B-SLICE, QP 22, TF 2)     139968 bits [Y 42.6767 dB    U 44.8529 dB    V 45.9740 dB] [ET   766 ] [L0 0 ] [L1 0 ]
POC     8 TId: 2 (      STSA, B-SLICE, QP 23, TF 1)      79144 bits [Y 42.3163 dB    U 44.6848 dB    V 46.1844 dB] [ET   967 ] [L0 0 16 ] [L1 16 0 ]
POC     4 TId: 3 (      STSA, B-SLICE, QP 26, TF 0)      47312 bits [Y 41.9283 dB    U 44.3999 dB    V 45.7381 dB] [ET  1079 ] [L0 0 8 ] [L1 8 16 ]
POC     2 TId: 4 (      STSA, B-SLICE, QP 28)            25424 bits [Y 41.9363 dB    U 44.8316 dB    V 46.0775 dB] [ET   709 ] [L0 0 4 ] [L1 4 8 ]
POC     1 TId: 5 (      STSA, B-SLICE, QP 29)              256 bits [Y 45.1467 dB    U 46.3576 dB    V 47.8581 dB] [ET   261 ] [L0 0 2 ] [L1 2 4 ]
POC     3 TId: 5 (      STSA, B-SLICE, QP 29)            18904 bits [Y 41.5431 dB    U 44.3310 dB    V 45.5531 dB] [ET   717 ] [L0 2 0 ] [L1 4 8 ]
POC     6 TId: 4 (      STSA, B-SLICE, QP 28)            31544 bits [Y 41.5867 dB    U 44.2583 dB    V 45.4180 dB] [ET   957 ] [L0 4 0 ] [L1 8 16 ]
POC     5 TId: 5 (      STSA, B-SLICE, QP 29)            20880 bits [Y 41.2490 dB    U 44.0351 dB    V 45.2803 dB] [ET   768 ] [L0 4 0 ] [L1 6 8 ]
POC     7 TId: 5 (      STSA, B-SLICE, QP 29)            22184 bits [Y 41.2324 dB    U 44.2149 dB    V 45.3139 dB] [ET   783 ] [L0 6 4 ] [L1 8 16 ]
POC    12 TId: 3 (      STSA, B-SLICE, QP 26, TF 0)      54592 bits [Y 41.4841 dB    U 44.1823 dB    V 45.2212 dB] [ET  1135 ] [L0 8 0 ] [L1 16 8 ]
POC    10 TId: 4 (      STSA, B-SLICE, QP 28)            36088 bits [Y 41.2820 dB    U 44.0691 dB    V 45.1151 dB] [ET  1033 ] [L0 8 0 ] [L1 12 16 ]
POC     9 TId: 5 (      STSA, B-SLICE, QP 29)            20320 bits [Y 41.5168 dB    U 44.2992 dB    V 45.3485 dB] [ET   744 ] [L0 8 0 ] [L1 10 12 ]
POC    11 TId: 5 (      STSA, B-SLICE, QP 29)            23040 bits [Y 41.2442 dB    U 44.0606 dB    V 44.8997 dB] [ET   823 ] [L0 10 8 ] [L1 12 16 ]
POC    14 TId: 4 (      STSA, B-SLICE, QP 28)            37744 bits [Y 41.2631 dB    U 43.9170 dB    V 44.8483 dB] [ET   828 ] [L0 12 8 ] [L1 16 12 ]
POC    13 TId: 5 (      STSA, B-SLICE, QP 29)            22224 bits [Y 41.0865 dB    U 43.8910 dB    V 44.8369 dB] [ET   642 ] [L0 12 8 ] [L1 14 16 ]
POC    15 TId: 5 (      STSA, B-SLICE, QP 29)            21144 bits [Y 41.0884 dB    U 44.0986 dB    V 44.8103 dB] [ET   543 ] [L0 14 12 ] [L1 16 14 ]

	Total Frames |   Bitrate     Y-PSNR    U-PSNR    V-PSNR    YUV-PSNR   
	       17    a    3428.1647   41.9840   44.5201   45.6668   42.6576

 finished @ Mon Apr 17 16:12:11 2023
 Total Time:    13304.560 sec. [user]    13306.310 sec. [elapsed]

Level: 0
Inject Calls: 14008310720
Errors injected by bit:
	Bit 0: 140020
	Bit 1: 140363
	Bit 2: 140439
	Bit 3: 140092
	Bit 4: 140140
	Bit 5: 140193
	Bit 6: 139785
	Bit 7: 140103

Total errors injected: 1121135
