vvencFFapp: Fraunhofer VVC Encoder ver. 1.5.0 [Linux][GCC 11.3.0][64 bit][SIMD=AVX2]
 started @ Tue Apr 18 01:45:39 2023
CODING TOOL CFG: CTU128 QT44BTT21 IBD:1 SAO:1 ALF:1 (NonLinLuma:0 NonLinChr:0) CCALF:1 Tiles:1x1 Slices:1 WPP:0 WPP-Substreams:1 TMVP:1 DQ:1 SDH:0 CST:1 BDOF:1 DMVR:1 MTSImplicit:1 SBT:0 JCbCr:1 CabacInitPresent:1 AMVR:5 SMVD:3 LMCS:2 (Signal:SDR Opt:0) CIIP:0 MIP:1 AFFINE:2 (PROF:1, Type:1) MMVD:3 DisFracMMVD:1 SbTMVP:1 GPM:3 LFNST:1 MTS:0 ISP:3 TS:2 TSLog2MaxSize:4 useChromaTS:0 BDPCM:2 IBC:2 BCW:0 
ENC. ALG. CFG: QPA:0 HAD:1 RDQ:1 RDQTS:1 ASR:1 MinSearchWindow:96 RestrictMESampling:0 EDO:2 MCTF:2 
PRE-ANALYSIS CFG: STA:1 LeadFrames:0 TrailFrames:0 
FAST TOOL CFG: ECU:0 FEN:1 FDM:1 FastSearch:4 (SCC:2) LCTUFast:1 FastMrg:2 PBIntraFast:1 AMaxBT:1 FastQtBtEnc:1 ContentBasedFastQtbt:0 FastMIP:3 FastIntraTools:0 IntraEstDecBit:2 FastLocalDualTree:1 IntegerET:0 FastSubPel:1 QtbttExtraFast:3 FastTTSplit:0 IBCFastMethod:3 FIM:0 ALFSpeed:0 QuantThr: 4 
RATE CONTROL CFG: RateControl:0 LookAhead:0 
PARALLEL PROCESSING CFG: NumThreads:0 MaxParallelFrames:0 WppBitEqual:0 WF:0 

POC     0 TId: 0 (  IDR_N_LP, I-SLICE, QP 29, TF 2)     160808 bits [Y 38.4367 dB    U 41.6230 dB    V 42.6136 dB] [ET   271 ] [L0 ] [L1 ]
POC    16 TId: 1 (      STSA, B-SLICE, QP 34, TF 1)      30656 bits [Y 36.5015 dB    U 39.9276 dB    V 40.1236 dB] [ET   540 ] [L0 0 ] [L1 0 ]
POC     8 TId: 2 (      STSA, B-SLICE, QP 35, TF 0)      19152 bits [Y 36.5370 dB    U 39.9565 dB    V 40.8351 dB] [ET   748 ] [L0 0 16 ] [L1 16 0 ]
POC     4 TId: 3 (      STSA, B-SLICE, QP 38)            12000 bits [Y 36.2247 dB    U 40.2030 dB    V 40.8388 dB] [ET   632 ] [L0 0 8 ] [L1 8 16 ]
POC     2 TId: 4 (      STSA, B-SLICE, QP 40)             4992 bits [Y 36.2896 dB    U 40.8477 dB    V 41.4845 dB] [ET   447 ] [L0 0 4 ] [L1 4 8 ]
POC     1 TId: 5 (      STSA, B-SLICE, QP 41)              232 bits [Y 38.4376 dB    U 41.6248 dB    V 42.6134 dB] [ET   180 ] [L0 0 2 ] [L1 2 4 ]
POC     3 TId: 5 (      STSA, B-SLICE, QP 41)             3048 bits [Y 35.6846 dB    U 40.3241 dB    V 40.8697 dB] [ET   442 ] [L0 2 0 ] [L1 4 8 ]
POC     6 TId: 4 (      STSA, B-SLICE, QP 40)             6536 bits [Y 35.5945 dB    U 40.0027 dB    V 40.4898 dB] [ET   608 ] [L0 4 0 ] [L1 8 16 ]
POC     5 TId: 5 (      STSA, B-SLICE, QP 41)             3248 bits [Y 35.2793 dB    U 39.9629 dB    V 40.4120 dB] [ET   391 ] [L0 4 0 ] [L1 6 8 ]
POC     7 TId: 5 (      STSA, B-SLICE, QP 41)             3296 bits [Y 35.2751 dB    U 39.9222 dB    V 40.5475 dB] [ET   407 ] [L0 6 4 ] [L1 8 16 ]
POC    12 TId: 3 (      STSA, B-SLICE, QP 38)            13176 bits [Y 35.6550 dB    U 39.8104 dB    V 40.2697 dB] [ET   662 ] [L0 8 0 ] [L1 16 8 ]
POC    10 TId: 4 (      STSA, B-SLICE, QP 40)             7104 bits [Y 35.3322 dB    U 39.8008 dB    V 40.2393 dB] [ET   673 ] [L0 8 0 ] [L1 12 16 ]
POC     9 TId: 5 (      STSA, B-SLICE, QP 41)             3232 bits [Y 35.6596 dB    U 39.9053 dB    V 40.5427 dB] [ET   418 ] [L0 8 0 ] [L1 10 12 ]
POC    11 TId: 5 (      STSA, B-SLICE, QP 41)             3904 bits [Y 35.2639 dB    U 39.7826 dB    V 40.0710 dB] [ET   455 ] [L0 10 8 ] [L1 12 16 ]
POC    14 TId: 4 (      STSA, B-SLICE, QP 40)             7264 bits [Y 35.1878 dB    U 39.6094 dB    V 39.8868 dB] [ET   508 ] [L0 12 8 ] [L1 16 12 ]
POC    13 TId: 5 (      STSA, B-SLICE, QP 41)             3400 bits [Y 35.0221 dB    U 39.6737 dB    V 39.8859 dB] [ET   433 ] [L0 12 8 ] [L1 14 16 ]
POC    15 TId: 5 (      STSA, B-SLICE, QP 41)             3080 bits [Y 35.2127 dB    U 39.6830 dB    V 39.8303 dB] [ET   309 ] [L0 14 12 ] [L1 16 14 ]

	Total Frames |   Bitrate     Y-PSNR    U-PSNR    V-PSNR    YUV-PSNR   
	       17    a     838.6118   35.9761   40.1564   40.6796   36.9213

 finished @ Tue Apr 18 04:01:15 2023
 Total Time:     8130.358 sec. [user]     8135.585 sec. [elapsed]

Level: 0
Inject Calls: 9299353472
Errors injected by bit:
	Bit 0: 930916
	Bit 1: 930015
	Bit 2: 928292
	Bit 3: 930545
	Bit 4: 930373
	Bit 5: 929115
	Bit 6: 929117
	Bit 7: 929232

Total errors injected: 7437605
