vvencFFapp: Fraunhofer VVC Encoder ver. 1.5.0 [Linux][GCC 11.3.0][64 bit][SIMD=AVX2]
 started @ Fri Apr 21 06:57:05 2023
CODING TOOL CFG: CTU128 QT44BTT21 IBD:1 SAO:1 ALF:1 (NonLinLuma:0 NonLinChr:0) CCALF:1 Tiles:1x1 Slices:1 WPP:0 WPP-Substreams:1 TMVP:1 DQ:1 SDH:0 CST:1 BDOF:1 DMVR:1 MTSImplicit:1 SBT:0 JCbCr:1 CabacInitPresent:1 AMVR:5 SMVD:3 LMCS:2 (Signal:SDR Opt:0) CIIP:0 MIP:1 AFFINE:2 (PROF:1, Type:1) MMVD:3 DisFracMMVD:1 SbTMVP:1 GPM:3 LFNST:1 MTS:0 ISP:3 TS:2 TSLog2MaxSize:4 useChromaTS:0 BDPCM:2 IBC:2 BCW:0 
ENC. ALG. CFG: QPA:0 HAD:1 RDQ:1 RDQTS:1 ASR:1 MinSearchWindow:96 RestrictMESampling:0 EDO:2 MCTF:2 
PRE-ANALYSIS CFG: STA:1 LeadFrames:0 TrailFrames:0 
FAST TOOL CFG: ECU:0 FEN:1 FDM:1 FastSearch:4 (SCC:2) LCTUFast:1 FastMrg:2 PBIntraFast:1 AMaxBT:1 FastQtBtEnc:1 ContentBasedFastQtbt:0 FastMIP:3 FastIntraTools:0 IntraEstDecBit:2 FastLocalDualTree:1 IntegerET:0 FastSubPel:1 QtbttExtraFast:3 FastTTSplit:0 IBCFastMethod:3 FIM:0 ALFSpeed:0 QuantThr: 4 
RATE CONTROL CFG: RateControl:0 LookAhead:0 
PARALLEL PROCESSING CFG: NumThreads:0 MaxParallelFrames:0 WppBitEqual:0 WF:0 

POC     0 TId: 0 (  IDR_N_LP, I-SLICE, QP 24, TF 3)     399128 bits [Y 38.6505 dB    U 40.8666 dB    V 42.1124 dB] [ET   354 ] [L0 ] [L1 ]
POC    16 TId: 1 (      STSA, B-SLICE, QP 28, TF 2)     238600 bits [Y 38.5449 dB    U 40.3177 dB    V 41.5069 dB] [ET  1049 ] [L0 0 ] [L1 0 ]
POC     8 TId: 2 (      STSA, B-SLICE, QP 29, TF 1)     179224 bits [Y 37.2224 dB    U 39.5375 dB    V 40.7350 dB] [ET  1413 ] [L0 0 16 ] [L1 16 0 ]
POC     4 TId: 3 (      STSA, B-SLICE, QP 32, TF 0)      77880 bits [Y 35.9288 dB    U 39.1149 dB    V 40.3345 dB] [ET  1415 ] [L0 0 8 ] [L1 8 16 ]
POC     2 TId: 4 (      STSA, B-SLICE, QP 34)            45000 bits [Y 35.6471 dB    U 39.2890 dB    V 40.5510 dB] [ET  1107 ] [L0 0 4 ] [L1 4 8 ]
POC     1 TId: 5 (      STSA, B-SLICE, QP 36)            23176 bits [Y 35.3187 dB    U 39.4778 dB    V 40.8466 dB] [ET   705 ] [L0 0 2 ] [L1 2 4 ]
POC     3 TId: 5 (      STSA, B-SLICE, QP 36)            21672 bits [Y 34.9098 dB    U 38.8775 dB    V 40.2256 dB] [ET   887 ] [L0 2 0 ] [L1 4 8 ]
POC     6 TId: 4 (      STSA, B-SLICE, QP 34)            42504 bits [Y 35.4574 dB    U 38.9013 dB    V 40.0043 dB] [ET  1374 ] [L0 4 0 ] [L1 8 16 ]
POC     5 TId: 5 (      STSA, B-SLICE, QP 36)            19728 bits [Y 34.9127 dB    U 38.7989 dB    V 40.1372 dB] [ET   884 ] [L0 4 0 ] [L1 6 8 ]
POC     7 TId: 5 (      STSA, B-SLICE, QP 36)            21192 bits [Y 35.0298 dB    U 38.7549 dB    V 40.0044 dB] [ET   967 ] [L0 6 4 ] [L1 8 16 ]
POC    12 TId: 3 (      STSA, B-SLICE, QP 32, TF 0)      80288 bits [Y 35.7861 dB    U 39.2174 dB    V 40.0634 dB] [ET  1567 ] [L0 8 0 ] [L1 16 8 ]
POC    10 TId: 4 (      STSA, B-SLICE, QP 34)            46576 bits [Y 35.3633 dB    U 38.8477 dB    V 39.6309 dB] [ET  1461 ] [L0 8 0 ] [L1 12 16 ]
POC     9 TId: 5 (      STSA, B-SLICE, QP 36)            20784 bits [Y 34.9582 dB    U 38.7722 dB    V 39.9195 dB] [ET   909 ] [L0 8 0 ] [L1 10 12 ]
POC    11 TId: 5 (      STSA, B-SLICE, QP 36)            20808 bits [Y 34.7436 dB    U 38.7681 dB    V 39.6491 dB] [ET   942 ] [L0 10 8 ] [L1 12 16 ]
POC    14 TId: 4 (      STSA, B-SLICE, QP 34)            44368 bits [Y 35.3259 dB    U 39.0099 dB    V 40.0750 dB] [ET  1088 ] [L0 12 8 ] [L1 16 12 ]
POC    13 TId: 5 (      STSA, B-SLICE, QP 36)            19440 bits [Y 34.7542 dB    U 38.8407 dB    V 39.8154 dB] [ET   885 ] [L0 12 8 ] [L1 14 16 ]
POC    15 TId: 5 (      STSA, B-SLICE, QP 36)            19264 bits [Y 34.9619 dB    U 39.1981 dB    V 40.3812 dB] [ET   728 ] [L0 14 12 ] [L1 16 14 ]

	Total Frames |   Bitrate     Y-PSNR    U-PSNR    V-PSNR    YUV-PSNR   
	       17    a    2328.7624   35.7362   39.2112   40.3525   36.5854

 finished @ Fri Apr 21 11:52:56 2023
 Total Time:    17743.463 sec. [user]    17750.525 sec. [elapsed]

Level: 0
Inject Calls: 19684728800
Errors injected by bit:
	Bit 0: 197048
	Bit 1: 197280
	Bit 2: 196980
	Bit 3: 197309
	Bit 4: 196850
	Bit 5: 196509
	Bit 6: 196600
	Bit 7: 196400

Total errors injected: 1574976
