vvencFFapp: Fraunhofer VVC Encoder ver. 1.5.0 [Linux][GCC 11.3.0][64 bit][SIMD=AVX2]
 started @ Mon Apr 17 13:00:26 2023
CODING TOOL CFG: CTU128 QT44BTT21 IBD:1 SAO:1 ALF:1 (NonLinLuma:0 NonLinChr:0) CCALF:1 Tiles:1x1 Slices:1 WPP:0 WPP-Substreams:1 TMVP:1 DQ:1 SDH:0 CST:1 BDOF:1 DMVR:1 MTSImplicit:1 SBT:0 JCbCr:1 CabacInitPresent:1 AMVR:5 SMVD:3 LMCS:2 (Signal:SDR Opt:0) CIIP:0 MIP:1 AFFINE:2 (PROF:1, Type:1) MMVD:3 DisFracMMVD:1 SbTMVP:1 GPM:3 LFNST:1 MTS:0 ISP:3 TS:2 TSLog2MaxSize:4 useChromaTS:0 BDPCM:2 IBC:2 BCW:0 
ENC. ALG. CFG: QPA:0 HAD:1 RDQ:1 RDQTS:1 ASR:1 MinSearchWindow:96 RestrictMESampling:0 EDO:2 MCTF:2 
PRE-ANALYSIS CFG: STA:1 LeadFrames:0 TrailFrames:0 
FAST TOOL CFG: ECU:0 FEN:1 FDM:1 FastSearch:4 (SCC:2) LCTUFast:1 FastMrg:2 PBIntraFast:1 AMaxBT:1 FastQtBtEnc:1 ContentBasedFastQtbt:0 FastMIP:3 FastIntraTools:0 IntraEstDecBit:2 FastLocalDualTree:1 IntegerET:0 FastSubPel:1 QtbttExtraFast:3 FastTTSplit:0 IBCFastMethod:3 FIM:0 ALFSpeed:0 QuantThr: 4 
RATE CONTROL CFG: RateControl:0 LookAhead:0 
PARALLEL PROCESSING CFG: NumThreads:0 MaxParallelFrames:0 WppBitEqual:0 WF:0 

POC     0 TId: 0 (  IDR_N_LP, I-SLICE, QP 19, TF 3)     564808 bits [Y 45.1467 dB    U 46.3576 dB    V 47.8581 dB] [ET   493 ] [L0 ] [L1 ]
POC    16 TId: 1 (      STSA, B-SLICE, QP 22, TF 2)     140544 bits [Y 42.6829 dB    U 44.8753 dB    V 45.9475 dB] [ET   774 ] [L0 0 ] [L1 0 ]
POC     8 TId: 2 (      STSA, B-SLICE, QP 23, TF 1)      79592 bits [Y 42.3126 dB    U 44.7059 dB    V 46.1484 dB] [ET   996 ] [L0 0 16 ] [L1 16 0 ]
POC     4 TId: 3 (      STSA, B-SLICE, QP 26, TF 0)      47840 bits [Y 41.9149 dB    U 44.4712 dB    V 45.7240 dB] [ET   963 ] [L0 0 8 ] [L1 8 16 ]
POC     2 TId: 4 (      STSA, B-SLICE, QP 28)            25176 bits [Y 41.9567 dB    U 44.7953 dB    V 46.1052 dB] [ET   697 ] [L0 0 4 ] [L1 4 8 ]
POC     1 TId: 5 (      STSA, B-SLICE, QP 29)              256 bits [Y 45.1467 dB    U 46.3576 dB    V 47.8581 dB] [ET   258 ] [L0 0 2 ] [L1 2 4 ]
POC     3 TId: 5 (      STSA, B-SLICE, QP 29)            19096 bits [Y 41.5811 dB    U 44.3405 dB    V 45.5492 dB] [ET   710 ] [L0 2 0 ] [L1 4 8 ]
POC     6 TId: 4 (      STSA, B-SLICE, QP 28)            31928 bits [Y 41.5833 dB    U 44.1764 dB    V 45.4072 dB] [ET   941 ] [L0 4 0 ] [L1 8 16 ]
POC     5 TId: 5 (      STSA, B-SLICE, QP 29)            21184 bits [Y 41.2449 dB    U 44.1016 dB    V 45.3282 dB] [ET   727 ] [L0 4 0 ] [L1 6 8 ]
POC     7 TId: 5 (      STSA, B-SLICE, QP 29)            21888 bits [Y 41.2059 dB    U 44.2079 dB    V 45.2663 dB] [ET   718 ] [L0 6 4 ] [L1 8 16 ]
POC    12 TId: 3 (      STSA, B-SLICE, QP 26, TF 0)      54872 bits [Y 41.5173 dB    U 44.1747 dB    V 45.2543 dB] [ET   964 ] [L0 8 0 ] [L1 16 8 ]
POC    10 TId: 4 (      STSA, B-SLICE, QP 28)            36504 bits [Y 41.2977 dB    U 44.0118 dB    V 45.0616 dB] [ET  1039 ] [L0 8 0 ] [L1 12 16 ]
POC     9 TId: 5 (      STSA, B-SLICE, QP 29)            20360 bits [Y 41.5339 dB    U 44.2497 dB    V 45.3306 dB] [ET   806 ] [L0 8 0 ] [L1 10 12 ]
POC    11 TId: 5 (      STSA, B-SLICE, QP 29)            22552 bits [Y 41.2138 dB    U 44.0126 dB    V 44.7984 dB] [ET   837 ] [L0 10 8 ] [L1 12 16 ]
POC    14 TId: 4 (      STSA, B-SLICE, QP 28)            37536 bits [Y 41.2600 dB    U 43.9330 dB    V 44.7840 dB] [ET   781 ] [L0 12 8 ] [L1 16 12 ]
POC    13 TId: 5 (      STSA, B-SLICE, QP 29)            22464 bits [Y 41.0648 dB    U 43.9381 dB    V 44.8184 dB] [ET   722 ] [L0 12 8 ] [L1 14 16 ]
POC    15 TId: 5 (      STSA, B-SLICE, QP 29)            21024 bits [Y 41.0990 dB    U 44.1729 dB    V 44.8013 dB] [ET   566 ] [L0 14 12 ] [L1 16 14 ]

	Total Frames |   Bitrate     Y-PSNR    U-PSNR    V-PSNR    YUV-PSNR   
	       17    a    3434.1882   41.9860   44.5225   45.6495   42.6577

 finished @ Mon Apr 17 16:37:14 2023
 Total Time:    13005.604 sec. [user]    13007.873 sec. [elapsed]

Level: 0
Inject Calls: 13918790592
Errors injected by bit:
	Bit 0: 14021
	Bit 1: 13923
	Bit 2: 14010
	Bit 3: 13744
	Bit 4: 13938
	Bit 5: 13771
	Bit 6: 13704
	Bit 7: 13620

Total errors injected: 110731
