vvencFFapp: Fraunhofer VVC Encoder ver. 1.5.0 [Linux][GCC 11.3.0][64 bit][SIMD=AVX2]
 started @ Thu Apr 20 18:36:51 2023
CODING TOOL CFG: CTU128 QT44BTT21 IBD:1 SAO:1 ALF:1 (NonLinLuma:0 NonLinChr:0) CCALF:1 Tiles:1x1 Slices:1 WPP:0 WPP-Substreams:1 TMVP:1 DQ:1 SDH:0 CST:1 BDOF:1 DMVR:1 MTSImplicit:1 SBT:0 JCbCr:1 CabacInitPresent:1 AMVR:5 SMVD:3 LMCS:2 (Signal:SDR Opt:0) CIIP:0 MIP:1 AFFINE:2 (PROF:1, Type:1) MMVD:3 DisFracMMVD:1 SbTMVP:1 GPM:3 LFNST:1 MTS:0 ISP:3 TS:2 TSLog2MaxSize:4 useChromaTS:0 BDPCM:2 IBC:2 BCW:0 
ENC. ALG. CFG: QPA:0 HAD:1 RDQ:1 RDQTS:1 ASR:1 MinSearchWindow:96 RestrictMESampling:0 EDO:2 MCTF:2 
PRE-ANALYSIS CFG: STA:1 LeadFrames:0 TrailFrames:0 
FAST TOOL CFG: ECU:0 FEN:1 FDM:1 FastSearch:4 (SCC:2) LCTUFast:1 FastMrg:2 PBIntraFast:1 AMaxBT:1 FastQtBtEnc:1 ContentBasedFastQtbt:0 FastMIP:3 FastIntraTools:0 IntraEstDecBit:2 FastLocalDualTree:1 IntegerET:0 FastSubPel:1 QtbttExtraFast:3 FastTTSplit:0 IBCFastMethod:3 FIM:0 ALFSpeed:0 QuantThr: 4 
RATE CONTROL CFG: RateControl:0 LookAhead:0 
PARALLEL PROCESSING CFG: NumThreads:0 MaxParallelFrames:0 WppBitEqual:0 WF:0 

POC     0 TId: 0 (  IDR_N_LP, I-SLICE, QP 19, TF 3)     629392 bits [Y 41.1842 dB    U 43.2214 dB    V 44.1771 dB] [ET   422 ] [L0 ] [L1 ]
POC    16 TId: 1 (      STSA, B-SLICE, QP 22, TF 2)     442960 bits [Y 42.3130 dB    U 43.3537 dB    V 44.2566 dB] [ET  1263 ] [L0 0 ] [L1 0 ]
POC     8 TId: 2 (      STSA, B-SLICE, QP 23, TF 1)     349856 bits [Y 40.6510 dB    U 42.0402 dB    V 43.1711 dB] [ET  1607 ] [L0 0 16 ] [L1 16 0 ]
POC     4 TId: 3 (      STSA, B-SLICE, QP 26, TF 0)     176048 bits [Y 38.9233 dB    U 41.4155 dB    V 42.5143 dB] [ET  1650 ] [L0 0 8 ] [L1 8 16 ]
POC     2 TId: 4 (      STSA, B-SLICE, QP 28)           107904 bits [Y 38.3576 dB    U 41.4586 dB    V 42.5276 dB] [ET  1370 ] [L0 0 4 ] [L1 4 8 ]
POC     1 TId: 5 (      STSA, B-SLICE, QP 29)            67920 bits [Y 37.8988 dB    U 41.5461 dB    V 42.6727 dB] [ET   996 ] [L0 0 2 ] [L1 2 4 ]
POC     3 TId: 5 (      STSA, B-SLICE, QP 29)            64320 bits [Y 37.7187 dB    U 41.0585 dB    V 42.2143 dB] [ET  1088 ] [L0 2 0 ] [L1 4 8 ]
POC     6 TId: 4 (      STSA, B-SLICE, QP 28)           103080 bits [Y 38.3341 dB    U 41.1595 dB    V 42.3193 dB] [ET  1550 ] [L0 4 0 ] [L1 8 16 ]
POC     5 TId: 5 (      STSA, B-SLICE, QP 29)            61176 bits [Y 37.7360 dB    U 40.9034 dB    V 42.1855 dB] [ET  1114 ] [L0 4 0 ] [L1 6 8 ]
POC     7 TId: 5 (      STSA, B-SLICE, QP 29)            63120 bits [Y 37.8331 dB    U 40.9673 dB    V 42.1271 dB] [ET  1176 ] [L0 6 4 ] [L1 8 16 ]
POC    12 TId: 3 (      STSA, B-SLICE, QP 26, TF 0)     190768 bits [Y 38.9731 dB    U 41.5443 dB    V 42.3907 dB] [ET  1718 ] [L0 8 0 ] [L1 16 8 ]
POC    10 TId: 4 (      STSA, B-SLICE, QP 28)           113864 bits [Y 38.2978 dB    U 41.1703 dB    V 42.0338 dB] [ET  1835 ] [L0 8 0 ] [L1 12 16 ]
POC     9 TId: 5 (      STSA, B-SLICE, QP 29)            65448 bits [Y 37.8613 dB    U 40.9796 dB    V 42.1643 dB] [ET  1146 ] [L0 8 0 ] [L1 10 12 ]
POC    11 TId: 5 (      STSA, B-SLICE, QP 29)            68464 bits [Y 37.7411 dB    U 40.9788 dB    V 41.8738 dB] [ET  1243 ] [L0 10 8 ] [L1 12 16 ]
POC    14 TId: 4 (      STSA, B-SLICE, QP 28)           114168 bits [Y 38.3549 dB    U 41.2227 dB    V 42.2391 dB] [ET  1340 ] [L0 12 8 ] [L1 16 12 ]
POC    13 TId: 5 (      STSA, B-SLICE, QP 29)            65064 bits [Y 37.7553 dB    U 40.9702 dB    V 41.9370 dB] [ET  1126 ] [L0 12 8 ] [L1 14 16 ]
POC    15 TId: 5 (      STSA, B-SLICE, QP 29)            68208 bits [Y 37.8787 dB    U 41.2349 dB    V 42.3784 dB] [ET  1094 ] [L0 14 12 ] [L1 16 14 ]

	Total Frames |   Bitrate     Y-PSNR    U-PSNR    V-PSNR    YUV-PSNR   
	       17    a    4856.0471   38.6948   41.4838   42.5402   39.3898

 finished @ Fri Apr 21 00:39:25 2023
 Total Time:    21739.992 sec. [user]    21753.897 sec. [elapsed]

Level: 0
Inject Calls: 23263130496
Errors injected by bit:
	Bit 0: 232801
	Bit 1: 232724
	Bit 2: 232472
	Bit 3: 232523
	Bit 4: 233785
	Bit 5: 233029
	Bit 6: 232574
	Bit 7: 232265

Total errors injected: 1862173
