vvencFFapp: Fraunhofer VVC Encoder ver. 1.5.0 [Linux][GCC 11.3.0][64 bit][SIMD=AVX2]
 started @ Sat Apr 22 05:22:30 2023
CODING TOOL CFG: CTU128 QT44BTT21 IBD:1 SAO:1 ALF:1 (NonLinLuma:0 NonLinChr:0) CCALF:1 Tiles:1x1 Slices:1 WPP:0 WPP-Substreams:1 TMVP:1 DQ:1 SDH:0 CST:1 BDOF:1 DMVR:1 MTSImplicit:1 SBT:0 JCbCr:1 CabacInitPresent:1 AMVR:5 SMVD:3 LMCS:2 (Signal:SDR Opt:0) CIIP:0 MIP:1 AFFINE:2 (PROF:1, Type:1) MMVD:3 DisFracMMVD:1 SbTMVP:1 GPM:3 LFNST:1 MTS:0 ISP:3 TS:2 TSLog2MaxSize:4 useChromaTS:0 BDPCM:2 IBC:2 BCW:0 
ENC. ALG. CFG: QPA:0 HAD:1 RDQ:1 RDQTS:1 ASR:1 MinSearchWindow:96 RestrictMESampling:0 EDO:2 MCTF:2 
PRE-ANALYSIS CFG: STA:1 LeadFrames:0 TrailFrames:0 
FAST TOOL CFG: ECU:0 FEN:1 FDM:1 FastSearch:4 (SCC:2) LCTUFast:1 FastMrg:2 PBIntraFast:1 AMaxBT:1 FastQtBtEnc:1 ContentBasedFastQtbt:0 FastMIP:3 FastIntraTools:0 IntraEstDecBit:2 FastLocalDualTree:1 IntegerET:0 FastSubPel:1 QtbttExtraFast:3 FastTTSplit:0 IBCFastMethod:3 FIM:0 ALFSpeed:0 QuantThr: 4 
RATE CONTROL CFG: RateControl:0 LookAhead:0 
PARALLEL PROCESSING CFG: NumThreads:0 MaxParallelFrames:0 WppBitEqual:0 WF:0 

POC     0 TId: 0 (  IDR_N_LP, I-SLICE, QP 34, TF 2)     137312 bits [Y 33.0393 dB    U 36.5932 dB    V 37.9362 dB] [ET   217 ] [L0 ] [L1 ]
POC    16 TId: 1 (      STSA, B-SLICE, QP 40, TF 1)      49720 bits [Y 30.8863 dB    U 35.9310 dB    V 36.7221 dB] [ET   800 ] [L0 0 ] [L1 0 ]
POC     8 TId: 2 (      STSA, B-SLICE, QP 40, TF 0)      40712 bits [Y 30.7453 dB    U 35.7958 dB    V 36.8463 dB] [ET  1149 ] [L0 0 16 ] [L1 16 0 ]
POC     4 TId: 3 (      STSA, B-SLICE, QP 43)            17088 bits [Y 30.2095 dB    U 35.6893 dB    V 36.7974 dB] [ET  1163 ] [L0 0 8 ] [L1 8 16 ]
POC     2 TId: 4 (      STSA, B-SLICE, QP 45)             9336 bits [Y 30.0729 dB    U 35.7021 dB    V 37.0003 dB] [ET   813 ] [L0 0 4 ] [L1 4 8 ]
POC     1 TId: 5 (      STSA, B-SLICE, QP 46)             4800 bits [Y 30.3468 dB    U 35.8912 dB    V 37.3287 dB] [ET   458 ] [L0 0 2 ] [L1 2 4 ]
POC     3 TId: 5 (      STSA, B-SLICE, QP 46)             4200 bits [Y 29.7499 dB    U 35.5492 dB    V 36.6570 dB] [ET   516 ] [L0 2 0 ] [L1 4 8 ]
POC     6 TId: 4 (      STSA, B-SLICE, QP 45)             8600 bits [Y 29.6487 dB    U 35.4119 dB    V 36.3916 dB] [ET  1101 ] [L0 4 0 ] [L1 8 16 ]
POC     5 TId: 5 (      STSA, B-SLICE, QP 46)             4120 bits [Y 29.5983 dB    U 35.4516 dB    V 36.5776 dB] [ET   606 ] [L0 4 0 ] [L1 6 8 ]
POC     7 TId: 5 (      STSA, B-SLICE, QP 46)             3848 bits [Y 29.5927 dB    U 35.3235 dB    V 36.4843 dB] [ET   604 ] [L0 6 4 ] [L1 8 16 ]
POC    12 TId: 3 (      STSA, B-SLICE, QP 43)            18320 bits [Y 29.8805 dB    U 35.7182 dB    V 36.2072 dB] [ET  1282 ] [L0 8 0 ] [L1 16 8 ]
POC    10 TId: 4 (      STSA, B-SLICE, QP 45)             9728 bits [Y 29.3902 dB    U 35.5011 dB    V 36.1695 dB] [ET  1083 ] [L0 8 0 ] [L1 12 16 ]
POC     9 TId: 5 (      STSA, B-SLICE, QP 46)             3640 bits [Y 29.3884 dB    U 35.5205 dB    V 36.3875 dB] [ET   570 ] [L0 8 0 ] [L1 10 12 ]
POC    11 TId: 5 (      STSA, B-SLICE, QP 46)             4064 bits [Y 29.2594 dB    U 35.5041 dB    V 36.0539 dB] [ET   612 ] [L0 10 8 ] [L1 12 16 ]
POC    14 TId: 4 (      STSA, B-SLICE, QP 45)             8248 bits [Y 29.4081 dB    U 35.5455 dB    V 36.0670 dB] [ET   933 ] [L0 12 8 ] [L1 16 12 ]
POC    13 TId: 5 (      STSA, B-SLICE, QP 46)             3880 bits [Y 29.4260 dB    U 35.5510 dB    V 36.0669 dB] [ET   539 ] [L0 12 8 ] [L1 14 16 ]
POC    15 TId: 5 (      STSA, B-SLICE, QP 46)             3608 bits [Y 29.6748 dB    U 35.6281 dB    V 36.2157 dB] [ET   435 ] [L0 14 12 ] [L1 16 14 ]

	Total Frames |   Bitrate     Y-PSNR    U-PSNR    V-PSNR    YUV-PSNR   
	       17    a     584.5129   30.0187   35.6651   36.5829   31.2035

 finished @ Sat Apr 22 08:57:24 2023
 Total Time:    12891.921 sec. [user]    12893.913 sec. [elapsed]

Level: 0
Inject Calls: 14608362208
Errors injected by bit:
	Bit 0: 1461834
	Bit 1: 1461331
	Bit 2: 1459774
	Bit 3: 1461710
	Bit 4: 1461297
	Bit 5: 1459593
	Bit 6: 1461026
	Bit 7: 1459585

Total errors injected: 11686150
