vvencFFapp: Fraunhofer VVC Encoder ver. 1.5.0 [Linux][GCC 11.3.0][64 bit][SIMD=AVX2]
 started @ Sat Apr 22 01:12:25 2023
CODING TOOL CFG: CTU128 QT44BTT21 IBD:1 SAO:1 ALF:1 (NonLinLuma:0 NonLinChr:0) CCALF:1 Tiles:1x1 Slices:1 WPP:0 WPP-Substreams:1 TMVP:1 DQ:1 SDH:0 CST:1 BDOF:1 DMVR:1 MTSImplicit:1 SBT:0 JCbCr:1 CabacInitPresent:1 AMVR:5 SMVD:3 LMCS:2 (Signal:SDR Opt:0) CIIP:0 MIP:1 AFFINE:2 (PROF:1, Type:1) MMVD:3 DisFracMMVD:1 SbTMVP:1 GPM:3 LFNST:1 MTS:0 ISP:3 TS:2 TSLog2MaxSize:4 useChromaTS:0 BDPCM:2 IBC:2 BCW:0 
ENC. ALG. CFG: QPA:0 HAD:1 RDQ:1 RDQTS:1 ASR:1 MinSearchWindow:96 RestrictMESampling:0 EDO:2 MCTF:2 
PRE-ANALYSIS CFG: STA:1 LeadFrames:0 TrailFrames:0 
FAST TOOL CFG: ECU:0 FEN:1 FDM:1 FastSearch:4 (SCC:2) LCTUFast:1 FastMrg:2 PBIntraFast:1 AMaxBT:1 FastQtBtEnc:1 ContentBasedFastQtbt:0 FastMIP:3 FastIntraTools:0 IntraEstDecBit:2 FastLocalDualTree:1 IntegerET:0 FastSubPel:1 QtbttExtraFast:3 FastTTSplit:0 IBCFastMethod:3 FIM:0 ALFSpeed:0 QuantThr: 4 
RATE CONTROL CFG: RateControl:0 LookAhead:0 
PARALLEL PROCESSING CFG: NumThreads:0 MaxParallelFrames:0 WppBitEqual:0 WF:0 

POC     0 TId: 0 (  IDR_N_LP, I-SLICE, QP 29, TF 2)     245544 bits [Y 36.0242 dB    U 38.6082 dB    V 40.2672 dB] [ET   263 ] [L0 ] [L1 ]
POC    16 TId: 1 (      STSA, B-SLICE, QP 34, TF 1)     116024 bits [Y 34.6933 dB    U 37.4729 dB    V 38.6661 dB] [ET   972 ] [L0 0 ] [L1 0 ]
POC     8 TId: 2 (      STSA, B-SLICE, QP 35, TF 0)      82192 bits [Y 33.8177 dB    U 37.1383 dB    V 38.2693 dB] [ET  1178 ] [L0 0 16 ] [L1 16 0 ]
POC     4 TId: 3 (      STSA, B-SLICE, QP 38)            35808 bits [Y 33.0242 dB    U 37.1523 dB    V 38.4016 dB] [ET  1204 ] [L0 0 8 ] [L1 8 16 ]
POC     2 TId: 4 (      STSA, B-SLICE, QP 40)            19616 bits [Y 32.6730 dB    U 37.4870 dB    V 38.9252 dB] [ET   946 ] [L0 0 4 ] [L1 4 8 ]
POC     1 TId: 5 (      STSA, B-SLICE, QP 41)            10480 bits [Y 32.8826 dB    U 37.5736 dB    V 39.1367 dB] [ET   585 ] [L0 0 2 ] [L1 2 4 ]
POC     3 TId: 5 (      STSA, B-SLICE, QP 41)            10032 bits [Y 32.3073 dB    U 37.0972 dB    V 38.4941 dB] [ET   685 ] [L0 2 0 ] [L1 4 8 ]
POC     6 TId: 4 (      STSA, B-SLICE, QP 40)            18880 bits [Y 32.4209 dB    U 36.9815 dB    V 38.1771 dB] [ET  1198 ] [L0 4 0 ] [L1 8 16 ]
POC     5 TId: 5 (      STSA, B-SLICE, QP 41)             9416 bits [Y 32.3019 dB    U 36.9629 dB    V 38.2683 dB] [ET   804 ] [L0 4 0 ] [L1 6 8 ]
POC     7 TId: 5 (      STSA, B-SLICE, QP 41)             9224 bits [Y 32.2527 dB    U 36.7661 dB    V 38.0364 dB] [ET   724 ] [L0 6 4 ] [L1 8 16 ]
POC    12 TId: 3 (      STSA, B-SLICE, QP 38)            37512 bits [Y 32.8226 dB    U 37.1110 dB    V 37.9164 dB] [ET  1292 ] [L0 8 0 ] [L1 16 8 ]
POC    10 TId: 4 (      STSA, B-SLICE, QP 40)            20504 bits [Y 32.2488 dB    U 36.8870 dB    V 37.7801 dB] [ET  1219 ] [L0 8 0 ] [L1 12 16 ]
POC     9 TId: 5 (      STSA, B-SLICE, QP 41)            10000 bits [Y 32.2456 dB    U 36.8535 dB    V 37.8914 dB] [ET   735 ] [L0 8 0 ] [L1 10 12 ]
POC    11 TId: 5 (      STSA, B-SLICE, QP 41)            10000 bits [Y 32.0833 dB    U 36.8723 dB    V 37.7294 dB] [ET   726 ] [L0 10 8 ] [L1 12 16 ]
POC    14 TId: 4 (      STSA, B-SLICE, QP 40)            17936 bits [Y 32.3134 dB    U 36.9539 dB    V 37.8795 dB] [ET   968 ] [L0 12 8 ] [L1 16 12 ]
POC    13 TId: 5 (      STSA, B-SLICE, QP 41)             8680 bits [Y 32.1357 dB    U 36.8460 dB    V 37.7898 dB] [ET   710 ] [L0 12 8 ] [L1 14 16 ]
POC    15 TId: 5 (      STSA, B-SLICE, QP 41)             8352 bits [Y 32.4694 dB    U 37.0681 dB    V 38.1234 dB] [ET   570 ] [L0 14 12 ] [L1 16 14 ]

	Total Frames |   Bitrate     Y-PSNR    U-PSNR    V-PSNR    YUV-PSNR   
	       17    a    1182.7059   32.8657   37.1666   38.3384   33.8745

 finished @ Sat Apr 22 05:19:00 2023
 Total Time:    14793.767 sec. [user]    14794.570 sec. [elapsed]

Level: 0
Inject Calls: 16747581760
Errors injected by bit:
	Bit 0: 1678
	Bit 1: 1679
	Bit 2: 1686
	Bit 3: 1648
	Bit 4: 1698
	Bit 5: 1716
	Bit 6: 1706
	Bit 7: 1686

Total errors injected: 13497
