vvencFFapp: Fraunhofer VVC Encoder ver. 1.5.0 [Linux][GCC 11.3.0][64 bit][SIMD=AVX2]
 started @ Tue Apr 18 12:50:51 2023
CODING TOOL CFG: CTU128 QT44BTT21 IBD:1 SAO:1 ALF:1 (NonLinLuma:0 NonLinChr:0) CCALF:1 Tiles:1x1 Slices:1 WPP:0 WPP-Substreams:1 TMVP:1 DQ:1 SDH:0 CST:1 BDOF:1 DMVR:1 MTSImplicit:1 SBT:0 JCbCr:1 CabacInitPresent:1 AMVR:5 SMVD:3 LMCS:2 (Signal:SDR Opt:0) CIIP:0 MIP:1 AFFINE:2 (PROF:1, Type:1) MMVD:3 DisFracMMVD:1 SbTMVP:1 GPM:3 LFNST:1 MTS:0 ISP:3 TS:2 TSLog2MaxSize:4 useChromaTS:0 BDPCM:2 IBC:2 BCW:0 
ENC. ALG. CFG: QPA:0 HAD:1 RDQ:1 RDQTS:1 ASR:1 MinSearchWindow:96 RestrictMESampling:0 EDO:2 MCTF:2 
PRE-ANALYSIS CFG: STA:1 LeadFrames:0 TrailFrames:0 
FAST TOOL CFG: ECU:0 FEN:1 FDM:1 FastSearch:4 (SCC:2) LCTUFast:1 FastMrg:2 PBIntraFast:1 AMaxBT:1 FastQtBtEnc:1 ContentBasedFastQtbt:0 FastMIP:3 FastIntraTools:0 IntraEstDecBit:2 FastLocalDualTree:1 IntegerET:0 FastSubPel:1 QtbttExtraFast:3 FastTTSplit:0 IBCFastMethod:3 FIM:0 ALFSpeed:0 QuantThr: 4 
RATE CONTROL CFG: RateControl:0 LookAhead:0 
PARALLEL PROCESSING CFG: NumThreads:0 MaxParallelFrames:0 WppBitEqual:0 WF:0 

POC     0 TId: 0 (  IDR_N_LP, I-SLICE, QP 19, TF 3)     581848 bits [Y 42.2672 dB    U 45.0524 dB    V 46.9660 dB] [ET   451 ] [L0 ] [L1 ]
POC    16 TId: 1 (      STSA, B-SLICE, QP 22, TF 2)     216688 bits [Y 41.6119 dB    U 44.2068 dB    V 45.8590 dB] [ET   706 ] [L0 0 ] [L1 0 ]
POC     8 TId: 2 (      STSA, B-SLICE, QP 23, TF 1)      99440 bits [Y 40.9550 dB    U 44.1764 dB    V 46.0018 dB] [ET   727 ] [L0 0 16 ] [L1 16 0 ]
POC     4 TId: 3 (      STSA, B-SLICE, QP 26, TF 0)      43408 bits [Y 40.5425 dB    U 44.2986 dB    V 46.1486 dB] [ET   652 ] [L0 0 8 ] [L1 8 16 ]
POC     2 TId: 4 (      STSA, B-SLICE, QP 28)            21152 bits [Y 40.5452 dB    U 44.6218 dB    V 46.4268 dB] [ET   497 ] [L0 0 4 ] [L1 4 8 ]
POC     1 TId: 5 (      STSA, B-SLICE, QP 29)             9040 bits [Y 40.8353 dB    U 44.8257 dB    V 46.6963 dB] [ET   366 ] [L0 0 2 ] [L1 2 4 ]
POC     3 TId: 5 (      STSA, B-SLICE, QP 29)            10320 bits [Y 40.2185 dB    U 44.4729 dB    V 46.2673 dB] [ET   403 ] [L0 2 0 ] [L1 4 8 ]
POC     6 TId: 4 (      STSA, B-SLICE, QP 28)            22232 bits [Y 40.1725 dB    U 44.1411 dB    V 45.8990 dB] [ET   538 ] [L0 4 0 ] [L1 8 16 ]
POC     5 TId: 5 (      STSA, B-SLICE, QP 29)             9928 bits [Y 40.0020 dB    U 44.1145 dB    V 45.9346 dB] [ET   400 ] [L0 4 0 ] [L1 6 8 ]
POC     7 TId: 5 (      STSA, B-SLICE, QP 29)             9656 bits [Y 40.1126 dB    U 44.1619 dB    V 45.8291 dB] [ET   450 ] [L0 6 4 ] [L1 8 16 ]
POC    12 TId: 3 (      STSA, B-SLICE, QP 26, TF 0)      48608 bits [Y 40.2473 dB    U 43.9974 dB    V 45.6228 dB] [ET   727 ] [L0 8 0 ] [L1 16 8 ]
POC    10 TId: 4 (      STSA, B-SLICE, QP 28)            23200 bits [Y 40.0513 dB    U 43.9848 dB    V 45.5630 dB] [ET   670 ] [L0 8 0 ] [L1 12 16 ]
POC     9 TId: 5 (      STSA, B-SLICE, QP 29)            10112 bits [Y 40.0109 dB    U 44.0902 dB    V 45.8354 dB] [ET   459 ] [L0 8 0 ] [L1 10 12 ]
POC    11 TId: 5 (      STSA, B-SLICE, QP 29)            10776 bits [Y 39.8508 dB    U 43.9596 dB    V 45.5934 dB] [ET   424 ] [L0 10 8 ] [L1 12 16 ]
POC    14 TId: 4 (      STSA, B-SLICE, QP 28)            27752 bits [Y 39.9953 dB    U 43.8632 dB    V 45.4184 dB] [ET   552 ] [L0 12 8 ] [L1 16 12 ]
POC    13 TId: 5 (      STSA, B-SLICE, QP 29)            12920 bits [Y 39.7560 dB    U 43.8549 dB    V 45.5136 dB] [ET   468 ] [L0 12 8 ] [L1 14 16 ]
POC    15 TId: 5 (      STSA, B-SLICE, QP 29)            14144 bits [Y 39.9601 dB    U 43.9526 dB    V 45.5399 dB] [ET   358 ] [L0 14 12 ] [L1 16 14 ]

	Total Frames |   Bitrate     Y-PSNR    U-PSNR    V-PSNR    YUV-PSNR   
	       17    a    4133.7318   40.4197   44.2221   45.9479   41.4427

 finished @ Tue Apr 18 15:18:36 2023
 Total Time:     8854.107 sec. [user]     8864.175 sec. [elapsed]

Level: 0
Inject Calls: 8931528448
Errors injected by bit:
	Bit 0: 8929060
	Bit 1: 8928261
	Bit 2: 8937161
	Bit 3: 8932061
	Bit 4: 8935499
	Bit 5: 8927734
	Bit 6: 8928578
	Bit 7: 8928924

Total errors injected: 71447278
