vvencFFapp: Fraunhofer VVC Encoder ver. 1.5.0 [Linux][GCC 11.3.0][64 bit][SIMD=AVX2]
 started @ Tue Apr 18 08:40:47 2023
CODING TOOL CFG: CTU128 QT44BTT21 IBD:1 SAO:1 ALF:1 (NonLinLuma:0 NonLinChr:0) CCALF:1 Tiles:1x1 Slices:1 WPP:0 WPP-Substreams:1 TMVP:1 DQ:1 SDH:0 CST:1 BDOF:1 DMVR:1 MTSImplicit:1 SBT:0 JCbCr:1 CabacInitPresent:1 AMVR:5 SMVD:3 LMCS:2 (Signal:SDR Opt:0) CIIP:0 MIP:1 AFFINE:2 (PROF:1, Type:1) MMVD:3 DisFracMMVD:1 SbTMVP:1 GPM:3 LFNST:1 MTS:0 ISP:3 TS:2 TSLog2MaxSize:4 useChromaTS:0 BDPCM:2 IBC:2 BCW:0 
ENC. ALG. CFG: QPA:0 HAD:1 RDQ:1 RDQTS:1 ASR:1 MinSearchWindow:96 RestrictMESampling:0 EDO:2 MCTF:2 
PRE-ANALYSIS CFG: STA:1 LeadFrames:0 TrailFrames:0 
FAST TOOL CFG: ECU:0 FEN:1 FDM:1 FastSearch:4 (SCC:2) LCTUFast:1 FastMrg:2 PBIntraFast:1 AMaxBT:1 FastQtBtEnc:1 ContentBasedFastQtbt:0 FastMIP:3 FastIntraTools:0 IntraEstDecBit:2 FastLocalDualTree:1 IntegerET:0 FastSubPel:1 QtbttExtraFast:3 FastTTSplit:0 IBCFastMethod:3 FIM:0 ALFSpeed:0 QuantThr: 4 
RATE CONTROL CFG: RateControl:0 LookAhead:0 
PARALLEL PROCESSING CFG: NumThreads:0 MaxParallelFrames:0 WppBitEqual:0 WF:0 

POC     0 TId: 0 (  IDR_N_LP, I-SLICE, QP 34, TF 2)      85368 bits [Y 35.6254 dB    U 39.1515 dB    V 40.0627 dB] [ET   183 ] [L0 ] [L1 ]
POC    16 TId: 1 (      STSA, B-SLICE, QP 40, TF 1)      16016 bits [Y 33.6517 dB    U 38.0858 dB    V 38.1385 dB] [ET   438 ] [L0 0 ] [L1 0 ]
POC     8 TId: 2 (      STSA, B-SLICE, QP 40, TF 0)      10912 bits [Y 33.9054 dB    U 38.2770 dB    V 38.9638 dB] [ET   626 ] [L0 0 16 ] [L1 16 0 ]
POC     4 TId: 3 (      STSA, B-SLICE, QP 43)             6120 bits [Y 33.5135 dB    U 38.1955 dB    V 38.7526 dB] [ET   626 ] [L0 0 8 ] [L1 8 16 ]
POC     2 TId: 4 (      STSA, B-SLICE, QP 45)             2304 bits [Y 33.7022 dB    U 38.5964 dB    V 39.2406 dB] [ET   451 ] [L0 0 4 ] [L1 4 8 ]
POC     1 TId: 5 (      STSA, B-SLICE, QP 46)              176 bits [Y 35.6254 dB    U 39.1515 dB    V 40.0627 dB] [ET   132 ] [L0 0 2 ] [L1 2 4 ]
POC     3 TId: 5 (      STSA, B-SLICE, QP 46)             1608 bits [Y 33.2623 dB    U 38.1564 dB    V 38.6261 dB] [ET   314 ] [L0 2 0 ] [L1 4 8 ]
POC     6 TId: 4 (      STSA, B-SLICE, QP 45)             3088 bits [Y 32.9345 dB    U 38.0821 dB    V 38.3804 dB] [ET   521 ] [L0 4 0 ] [L1 8 16 ]
POC     5 TId: 5 (      STSA, B-SLICE, QP 46)             1432 bits [Y 32.7647 dB    U 38.0327 dB    V 38.4491 dB] [ET   367 ] [L0 4 0 ] [L1 6 8 ]
POC     7 TId: 5 (      STSA, B-SLICE, QP 46)             1680 bits [Y 32.8355 dB    U 38.0491 dB    V 38.5585 dB] [ET   313 ] [L0 6 4 ] [L1 8 16 ]
POC    12 TId: 3 (      STSA, B-SLICE, QP 43)             6840 bits [Y 33.0039 dB    U 37.8886 dB    V 38.2839 dB] [ET   649 ] [L0 8 0 ] [L1 16 8 ]
POC    10 TId: 4 (      STSA, B-SLICE, QP 45)             3488 bits [Y 32.8322 dB    U 37.9174 dB    V 38.1868 dB] [ET   659 ] [L0 8 0 ] [L1 12 16 ]
POC     9 TId: 5 (      STSA, B-SLICE, QP 46)             1488 bits [Y 33.1093 dB    U 38.0470 dB    V 38.5168 dB] [ET   395 ] [L0 8 0 ] [L1 10 12 ]
POC    11 TId: 5 (      STSA, B-SLICE, QP 46)             1792 bits [Y 32.7480 dB    U 37.8340 dB    V 37.9992 dB] [ET   348 ] [L0 10 8 ] [L1 12 16 ]
POC    14 TId: 4 (      STSA, B-SLICE, QP 45)             3328 bits [Y 32.6217 dB    U 37.6626 dB    V 37.8184 dB] [ET   483 ] [L0 12 8 ] [L1 16 12 ]
POC    13 TId: 5 (      STSA, B-SLICE, QP 46)             1392 bits [Y 32.5274 dB    U 37.7579 dB    V 37.9808 dB] [ET   311 ] [L0 12 8 ] [L1 14 16 ]
POC    15 TId: 5 (      STSA, B-SLICE, QP 46)             1352 bits [Y 32.7175 dB    U 37.8639 dB    V 37.8397 dB] [ET   251 ] [L0 14 12 ] [L1 16 14 ]

	Total Frames |   Bitrate     Y-PSNR    U-PSNR    V-PSNR    YUV-PSNR   
	       17    a     436.4235   33.3753   38.1617   38.5800   34.4193

 finished @ Tue Apr 18 10:38:47 2023
 Total Time:     7077.865 sec. [user]     7080.388 sec. [elapsed]

Level: 0
Inject Calls: 8081658368
Errors injected by bit:
	Bit 0: 807442
	Bit 1: 809591
	Bit 2: 808004
	Bit 3: 808108
	Bit 4: 808389
	Bit 5: 807386
	Bit 6: 807838
	Bit 7: 806895

Total errors injected: 6463653
