vvencFFapp: Fraunhofer VVC Encoder ver. 1.5.0 [Linux][GCC 11.3.0][64 bit][SIMD=AVX2]
 started @ Wed Apr 19 00:01:03 2023
CODING TOOL CFG: CTU128 QT44BTT21 IBD:1 SAO:1 ALF:1 (NonLinLuma:0 NonLinChr:0) CCALF:1 Tiles:1x1 Slices:1 WPP:0 WPP-Substreams:1 TMVP:1 DQ:1 SDH:0 CST:1 BDOF:1 DMVR:1 MTSImplicit:1 SBT:0 JCbCr:1 CabacInitPresent:1 AMVR:5 SMVD:3 LMCS:2 (Signal:SDR Opt:0) CIIP:0 MIP:1 AFFINE:2 (PROF:1, Type:1) MMVD:3 DisFracMMVD:1 SbTMVP:1 GPM:3 LFNST:1 MTS:0 ISP:3 TS:2 TSLog2MaxSize:4 useChromaTS:0 BDPCM:2 IBC:2 BCW:0 
ENC. ALG. CFG: QPA:0 HAD:1 RDQ:1 RDQTS:1 ASR:1 MinSearchWindow:96 RestrictMESampling:0 EDO:2 MCTF:2 
PRE-ANALYSIS CFG: STA:1 LeadFrames:0 TrailFrames:0 
FAST TOOL CFG: ECU:0 FEN:1 FDM:1 FastSearch:4 (SCC:2) LCTUFast:1 FastMrg:2 PBIntraFast:1 AMaxBT:1 FastQtBtEnc:1 ContentBasedFastQtbt:0 FastMIP:3 FastIntraTools:0 IntraEstDecBit:2 FastLocalDualTree:1 IntegerET:0 FastSubPel:1 QtbttExtraFast:3 FastTTSplit:0 IBCFastMethod:3 FIM:0 ALFSpeed:0 QuantThr: 4 
RATE CONTROL CFG: RateControl:0 LookAhead:0 
PARALLEL PROCESSING CFG: NumThreads:0 MaxParallelFrames:0 WppBitEqual:0 WF:0 

POC     0 TId: 0 (  IDR_N_LP, I-SLICE, QP 29, TF 2)     239000 bits [Y 37.7621 dB    U 41.1947 dB    V 42.2796 dB] [ET   291 ] [L0 ] [L1 ]
POC    16 TId: 1 (      STSA, B-SLICE, QP 34, TF 1)      48688 bits [Y 35.5874 dB    U 39.8393 dB    V 40.5491 dB] [ET   444 ] [L0 0 ] [L1 0 ]
POC     8 TId: 2 (      STSA, B-SLICE, QP 35, TF 0)      20504 bits [Y 35.7812 dB    U 40.2575 dB    V 41.1115 dB] [ET   506 ] [L0 0 16 ] [L1 16 0 ]
POC     4 TId: 3 (      STSA, B-SLICE, QP 38)             8464 bits [Y 35.6286 dB    U 40.6423 dB    V 41.4811 dB] [ET   422 ] [L0 0 8 ] [L1 8 16 ]
POC     2 TId: 4 (      STSA, B-SLICE, QP 40)             3480 bits [Y 35.7655 dB    U 40.9216 dB    V 41.8468 dB] [ET   246 ] [L0 0 4 ] [L1 4 8 ]
POC     1 TId: 5 (      STSA, B-SLICE, QP 41)             1448 bits [Y 36.3469 dB    U 41.0031 dB    V 42.0886 dB] [ET   177 ] [L0 0 2 ] [L1 2 4 ]
POC     3 TId: 5 (      STSA, B-SLICE, QP 41)             1576 bits [Y 35.3882 dB    U 40.8506 dB    V 41.7078 dB] [ET   210 ] [L0 2 0 ] [L1 4 8 ]
POC     6 TId: 4 (      STSA, B-SLICE, QP 40)             3856 bits [Y 35.1564 dB    U 40.5060 dB    V 41.3310 dB] [ET   324 ] [L0 4 0 ] [L1 8 16 ]
POC     5 TId: 5 (      STSA, B-SLICE, QP 41)             1568 bits [Y 35.0529 dB    U 40.5120 dB    V 41.4018 dB] [ET   276 ] [L0 4 0 ] [L1 6 8 ]
POC     7 TId: 5 (      STSA, B-SLICE, QP 41)             1376 bits [Y 35.1849 dB    U 40.4112 dB    V 41.2274 dB] [ET   220 ] [L0 6 4 ] [L1 8 16 ]
POC    12 TId: 3 (      STSA, B-SLICE, QP 38)             9920 bits [Y 34.9403 dB    U 40.0760 dB    V 40.8183 dB] [ET   474 ] [L0 8 0 ] [L1 16 8 ]
POC    10 TId: 4 (      STSA, B-SLICE, QP 40)             3784 bits [Y 34.8170 dB    U 40.1446 dB    V 40.9208 dB] [ET   341 ] [L0 8 0 ] [L1 12 16 ]
POC     9 TId: 5 (      STSA, B-SLICE, QP 41)             1528 bits [Y 34.9496 dB    U 40.2391 dB    V 40.9926 dB] [ET   240 ] [L0 8 0 ] [L1 10 12 ]
POC    11 TId: 5 (      STSA, B-SLICE, QP 41)             1728 bits [Y 34.5728 dB    U 40.0810 dB    V 40.8551 dB] [ET   243 ] [L0 10 8 ] [L1 12 16 ]
POC    14 TId: 4 (      STSA, B-SLICE, QP 40)             4568 bits [Y 34.5691 dB    U 39.9356 dB    V 40.6021 dB] [ET   304 ] [L0 12 8 ] [L1 16 12 ]
POC    13 TId: 5 (      STSA, B-SLICE, QP 41)             2176 bits [Y 34.4982 dB    U 40.0161 dB    V 40.7264 dB] [ET   221 ] [L0 12 8 ] [L1 14 16 ]
POC    15 TId: 5 (      STSA, B-SLICE, QP 41)             2192 bits [Y 34.6784 dB    U 39.8914 dB    V 40.5438 dB] [ET   184 ] [L0 14 12 ] [L1 16 14 ]

	Total Frames |   Bitrate     Y-PSNR    U-PSNR    V-PSNR    YUV-PSNR   
	       17    a    1255.9624   35.3341   40.3837   41.2049   36.4558

 finished @ Wed Apr 19 01:26:39 2023
 Total Time:     5131.285 sec. [user]     5135.205 sec. [elapsed]

Level: 0
Inject Calls: 5624677600
Errors injected by bit:
	Bit 0: 5624741
	Bit 1: 5624725
	Bit 2: 5626552
	Bit 3: 5620593
	Bit 4: 5626792
	Bit 5: 5628355
	Bit 6: 5625834
	Bit 7: 5627247

Total errors injected: 45004839
