vvencFFapp: Fraunhofer VVC Encoder ver. 1.5.0 [Linux][GCC 11.3.0][64 bit][SIMD=AVX2]
 started @ Fri Apr 21 21:12:22 2023
CODING TOOL CFG: CTU128 QT44BTT21 IBD:1 SAO:1 ALF:1 (NonLinLuma:0 NonLinChr:0) CCALF:1 Tiles:1x1 Slices:1 WPP:0 WPP-Substreams:1 TMVP:1 DQ:1 SDH:0 CST:1 BDOF:1 DMVR:1 MTSImplicit:1 SBT:0 JCbCr:1 CabacInitPresent:1 AMVR:5 SMVD:3 LMCS:2 (Signal:SDR Opt:0) CIIP:0 MIP:1 AFFINE:2 (PROF:1, Type:1) MMVD:3 DisFracMMVD:1 SbTMVP:1 GPM:3 LFNST:1 MTS:0 ISP:3 TS:2 TSLog2MaxSize:4 useChromaTS:0 BDPCM:2 IBC:2 BCW:0 
ENC. ALG. CFG: QPA:0 HAD:1 RDQ:1 RDQTS:1 ASR:1 MinSearchWindow:96 RestrictMESampling:0 EDO:2 MCTF:2 
PRE-ANALYSIS CFG: STA:1 LeadFrames:0 TrailFrames:0 
FAST TOOL CFG: ECU:0 FEN:1 FDM:1 FastSearch:4 (SCC:2) LCTUFast:1 FastMrg:2 PBIntraFast:1 AMaxBT:1 FastQtBtEnc:1 ContentBasedFastQtbt:0 FastMIP:3 FastIntraTools:0 IntraEstDecBit:2 FastLocalDualTree:1 IntegerET:0 FastSubPel:1 QtbttExtraFast:3 FastTTSplit:0 IBCFastMethod:3 FIM:0 ALFSpeed:0 QuantThr: 4 
RATE CONTROL CFG: RateControl:0 LookAhead:0 
PARALLEL PROCESSING CFG: NumThreads:0 MaxParallelFrames:0 WppBitEqual:0 WF:0 

POC     0 TId: 0 (  IDR_N_LP, I-SLICE, QP 29, TF 2)     245544 bits [Y 36.0242 dB    U 38.6082 dB    V 40.2672 dB] [ET   319 ] [L0 ] [L1 ]
POC    16 TId: 1 (      STSA, B-SLICE, QP 34, TF 1)     115912 bits [Y 34.6742 dB    U 37.4148 dB    V 38.6880 dB] [ET   926 ] [L0 0 ] [L1 0 ]
POC     8 TId: 2 (      STSA, B-SLICE, QP 35, TF 0)      83504 bits [Y 33.7910 dB    U 37.0758 dB    V 38.3775 dB] [ET  1277 ] [L0 0 16 ] [L1 16 0 ]
POC     4 TId: 3 (      STSA, B-SLICE, QP 38)            35480 bits [Y 32.9687 dB    U 37.2267 dB    V 38.5733 dB] [ET  1245 ] [L0 0 8 ] [L1 8 16 ]
POC     2 TId: 4 (      STSA, B-SLICE, QP 40)            19816 bits [Y 32.6804 dB    U 37.4864 dB    V 38.8455 dB] [ET  1004 ] [L0 0 4 ] [L1 4 8 ]
POC     1 TId: 5 (      STSA, B-SLICE, QP 41)            10864 bits [Y 32.9203 dB    U 37.6194 dB    V 39.1237 dB] [ET   574 ] [L0 0 2 ] [L1 2 4 ]
POC     3 TId: 5 (      STSA, B-SLICE, QP 41)            10128 bits [Y 32.3002 dB    U 37.1412 dB    V 38.4955 dB] [ET   714 ] [L0 2 0 ] [L1 4 8 ]
POC     6 TId: 4 (      STSA, B-SLICE, QP 40)            18792 bits [Y 32.3949 dB    U 37.0094 dB    V 38.3049 dB] [ET  1181 ] [L0 4 0 ] [L1 8 16 ]
POC     5 TId: 5 (      STSA, B-SLICE, QP 41)             9288 bits [Y 32.2284 dB    U 36.9296 dB    V 38.3883 dB] [ET   904 ] [L0 4 0 ] [L1 6 8 ]
POC     7 TId: 5 (      STSA, B-SLICE, QP 41)             9184 bits [Y 32.2311 dB    U 36.7299 dB    V 38.1956 dB] [ET   741 ] [L0 6 4 ] [L1 8 16 ]
POC    12 TId: 3 (      STSA, B-SLICE, QP 38)            36064 bits [Y 32.8036 dB    U 37.0821 dB    V 38.0000 dB] [ET  1290 ] [L0 8 0 ] [L1 16 8 ]
POC    10 TId: 4 (      STSA, B-SLICE, QP 40)            20424 bits [Y 32.2207 dB    U 36.8932 dB    V 37.8557 dB] [ET  1215 ] [L0 8 0 ] [L1 12 16 ]
POC     9 TId: 5 (      STSA, B-SLICE, QP 41)             9784 bits [Y 32.1984 dB    U 36.7813 dB    V 37.9745 dB] [ET   731 ] [L0 8 0 ] [L1 10 12 ]
POC    11 TId: 5 (      STSA, B-SLICE, QP 41)             9360 bits [Y 31.9801 dB    U 36.8869 dB    V 37.8049 dB] [ET   828 ] [L0 10 8 ] [L1 12 16 ]
POC    14 TId: 4 (      STSA, B-SLICE, QP 40)            18616 bits [Y 32.3572 dB    U 36.9692 dB    V 37.9781 dB] [ET   994 ] [L0 12 8 ] [L1 16 12 ]
POC    13 TId: 5 (      STSA, B-SLICE, QP 41)             9408 bits [Y 32.1660 dB    U 36.9170 dB    V 37.8628 dB] [ET   713 ] [L0 12 8 ] [L1 14 16 ]
POC    15 TId: 5 (      STSA, B-SLICE, QP 41)             8632 bits [Y 32.4404 dB    U 37.0280 dB    V 38.2087 dB] [ET   582 ] [L0 14 12 ] [L1 16 14 ]

	Total Frames |   Bitrate     Y-PSNR    U-PSNR    V-PSNR    YUV-PSNR   
	       17    a    1183.7647   32.8459   37.1646   38.4085   33.8606

 finished @ Sat Apr 22 01:26:38 2023
 Total Time:    15251.312 sec. [user]    15256.010 sec. [elapsed]

Level: 0
Inject Calls: 17093630240
Errors injected by bit:
	Bit 0: 17016
	Bit 1: 17017
	Bit 2: 17060
	Bit 3: 17079
	Bit 4: 16992
	Bit 5: 17108
	Bit 6: 17201
	Bit 7: 17325

Total errors injected: 136798
