vvencFFapp: Fraunhofer VVC Encoder ver. 1.5.0 [Linux][GCC 11.3.0][64 bit][SIMD=AVX2]
 started @ Sat Apr 22 09:02:35 2023
CODING TOOL CFG: CTU128 QT44BTT21 IBD:1 SAO:1 ALF:1 (NonLinLuma:0 NonLinChr:0) CCALF:1 Tiles:1x1 Slices:1 WPP:0 WPP-Substreams:1 TMVP:1 DQ:1 SDH:0 CST:1 BDOF:1 DMVR:1 MTSImplicit:1 SBT:0 JCbCr:1 CabacInitPresent:1 AMVR:5 SMVD:3 LMCS:2 (Signal:SDR Opt:0) CIIP:0 MIP:1 AFFINE:2 (PROF:1, Type:1) MMVD:3 DisFracMMVD:1 SbTMVP:1 GPM:3 LFNST:1 MTS:0 ISP:3 TS:2 TSLog2MaxSize:4 useChromaTS:0 BDPCM:2 IBC:2 BCW:0 
ENC. ALG. CFG: QPA:0 HAD:1 RDQ:1 RDQTS:1 ASR:1 MinSearchWindow:96 RestrictMESampling:0 EDO:2 MCTF:2 
PRE-ANALYSIS CFG: STA:1 LeadFrames:0 TrailFrames:0 
FAST TOOL CFG: ECU:0 FEN:1 FDM:1 FastSearch:4 (SCC:2) LCTUFast:1 FastMrg:2 PBIntraFast:1 AMaxBT:1 FastQtBtEnc:1 ContentBasedFastQtbt:0 FastMIP:3 FastIntraTools:0 IntraEstDecBit:2 FastLocalDualTree:1 IntegerET:0 FastSubPel:1 QtbttExtraFast:3 FastTTSplit:0 IBCFastMethod:3 FIM:0 ALFSpeed:0 QuantThr: 4 
RATE CONTROL CFG: RateControl:0 LookAhead:0 
PARALLEL PROCESSING CFG: NumThreads:0 MaxParallelFrames:0 WppBitEqual:0 WF:0 

POC     0 TId: 0 (  IDR_N_LP, I-SLICE, QP 34, TF 2)     137312 bits [Y 33.0393 dB    U 36.5932 dB    V 37.9362 dB] [ET   207 ] [L0 ] [L1 ]
POC    16 TId: 1 (      STSA, B-SLICE, QP 40, TF 1)      50344 bits [Y 30.8201 dB    U 36.0107 dB    V 36.8183 dB] [ET   763 ] [L0 0 ] [L1 0 ]
POC     8 TId: 2 (      STSA, B-SLICE, QP 40, TF 0)      40336 bits [Y 30.7288 dB    U 35.8497 dB    V 36.8467 dB] [ET  1290 ] [L0 0 16 ] [L1 16 0 ]
POC     4 TId: 3 (      STSA, B-SLICE, QP 43)            17056 bits [Y 30.1647 dB    U 35.6505 dB    V 36.7793 dB] [ET  1085 ] [L0 0 8 ] [L1 8 16 ]
POC     2 TId: 4 (      STSA, B-SLICE, QP 45)             9160 bits [Y 30.0674 dB    U 35.7332 dB    V 37.0243 dB] [ET   779 ] [L0 0 4 ] [L1 4 8 ]
POC     1 TId: 5 (      STSA, B-SLICE, QP 46)             4936 bits [Y 30.3457 dB    U 35.8566 dB    V 37.2758 dB] [ET   470 ] [L0 0 2 ] [L1 2 4 ]
POC     3 TId: 5 (      STSA, B-SLICE, QP 46)             4312 bits [Y 29.7364 dB    U 35.4798 dB    V 36.6338 dB] [ET   606 ] [L0 2 0 ] [L1 4 8 ]
POC     6 TId: 4 (      STSA, B-SLICE, QP 45)             8808 bits [Y 29.6765 dB    U 35.4776 dB    V 36.4750 dB] [ET   998 ] [L0 4 0 ] [L1 8 16 ]
POC     5 TId: 5 (      STSA, B-SLICE, QP 46)             4232 bits [Y 29.6333 dB    U 35.4486 dB    V 36.6633 dB] [ET   683 ] [L0 4 0 ] [L1 6 8 ]
POC     7 TId: 5 (      STSA, B-SLICE, QP 46)             3648 bits [Y 29.5807 dB    U 35.4137 dB    V 36.4631 dB] [ET   576 ] [L0 6 4 ] [L1 8 16 ]
POC    12 TId: 3 (      STSA, B-SLICE, QP 43)            17952 bits [Y 29.8347 dB    U 35.7321 dB    V 36.1888 dB] [ET  1205 ] [L0 8 0 ] [L1 16 8 ]
POC    10 TId: 4 (      STSA, B-SLICE, QP 45)             9576 bits [Y 29.3850 dB    U 35.4797 dB    V 36.2280 dB] [ET  1012 ] [L0 8 0 ] [L1 12 16 ]
POC     9 TId: 5 (      STSA, B-SLICE, QP 46)             3880 bits [Y 29.4354 dB    U 35.5744 dB    V 36.4214 dB] [ET   568 ] [L0 8 0 ] [L1 10 12 ]
POC    11 TId: 5 (      STSA, B-SLICE, QP 46)             4016 bits [Y 29.2251 dB    U 35.5034 dB    V 36.1124 dB] [ET   579 ] [L0 10 8 ] [L1 12 16 ]
POC    14 TId: 4 (      STSA, B-SLICE, QP 45)             8280 bits [Y 29.4538 dB    U 35.5516 dB    V 36.0711 dB] [ET   849 ] [L0 12 8 ] [L1 16 12 ]
POC    13 TId: 5 (      STSA, B-SLICE, QP 46)             4072 bits [Y 29.3954 dB    U 35.5836 dB    V 36.0294 dB] [ET   524 ] [L0 12 8 ] [L1 14 16 ]
POC    15 TId: 5 (      STSA, B-SLICE, QP 46)             3648 bits [Y 29.6864 dB    U 35.7150 dB    V 36.3392 dB] [ET   441 ] [L0 14 12 ] [L1 16 14 ]

	Total Frames |   Bitrate     Y-PSNR    U-PSNR    V-PSNR    YUV-PSNR   
	       17    a     585.1200   30.0123   35.6855   36.6062   31.2014

 finished @ Sat Apr 22 12:33:27 2023
 Total Time:    12647.264 sec. [user]    12651.768 sec. [elapsed]

Level: 0
Inject Calls: 14512330112
Errors injected by bit:
	Bit 0: 14738
	Bit 1: 14380
	Bit 2: 14547
	Bit 3: 14399
	Bit 4: 14834
	Bit 5: 14363
	Bit 6: 14693
	Bit 7: 14504

Total errors injected: 116458
