vvencFFapp: Fraunhofer VVC Encoder ver. 1.5.0 [Linux][GCC 11.3.0][64 bit][SIMD=AVX2]
 started @ Tue Apr 18 15:15:54 2023
CODING TOOL CFG: CTU128 QT44BTT21 IBD:1 SAO:1 ALF:1 (NonLinLuma:0 NonLinChr:0) CCALF:1 Tiles:1x1 Slices:1 WPP:0 WPP-Substreams:1 TMVP:1 DQ:1 SDH:0 CST:1 BDOF:1 DMVR:1 MTSImplicit:1 SBT:0 JCbCr:1 CabacInitPresent:1 AMVR:5 SMVD:3 LMCS:2 (Signal:SDR Opt:0) CIIP:0 MIP:1 AFFINE:2 (PROF:1, Type:1) MMVD:3 DisFracMMVD:1 SbTMVP:1 GPM:3 LFNST:1 MTS:0 ISP:3 TS:2 TSLog2MaxSize:4 useChromaTS:0 BDPCM:2 IBC:2 BCW:0 
ENC. ALG. CFG: QPA:0 HAD:1 RDQ:1 RDQTS:1 ASR:1 MinSearchWindow:96 RestrictMESampling:0 EDO:2 MCTF:2 
PRE-ANALYSIS CFG: STA:1 LeadFrames:0 TrailFrames:0 
FAST TOOL CFG: ECU:0 FEN:1 FDM:1 FastSearch:4 (SCC:2) LCTUFast:1 FastMrg:2 PBIntraFast:1 AMaxBT:1 FastQtBtEnc:1 ContentBasedFastQtbt:0 FastMIP:3 FastIntraTools:0 IntraEstDecBit:2 FastLocalDualTree:1 IntegerET:0 FastSubPel:1 QtbttExtraFast:3 FastTTSplit:0 IBCFastMethod:3 FIM:0 ALFSpeed:0 QuantThr: 4 
RATE CONTROL CFG: RateControl:0 LookAhead:0 
PARALLEL PROCESSING CFG: NumThreads:0 MaxParallelFrames:0 WppBitEqual:0 WF:0 

POC     0 TId: 0 (  IDR_N_LP, I-SLICE, QP 19, TF 3)     581848 bits [Y 42.2672 dB    U 45.0524 dB    V 46.9660 dB] [ET   484 ] [L0 ] [L1 ]
POC    16 TId: 1 (      STSA, B-SLICE, QP 22, TF 2)     217128 bits [Y 41.6160 dB    U 44.2060 dB    V 45.8740 dB] [ET   685 ] [L0 0 ] [L1 0 ]
POC     8 TId: 2 (      STSA, B-SLICE, QP 23, TF 1)      97896 bits [Y 40.9362 dB    U 44.1582 dB    V 46.0037 dB] [ET   769 ] [L0 0 16 ] [L1 16 0 ]
POC     4 TId: 3 (      STSA, B-SLICE, QP 26, TF 0)      43264 bits [Y 40.5341 dB    U 44.3085 dB    V 46.1065 dB] [ET   719 ] [L0 0 8 ] [L1 8 16 ]
POC     2 TId: 4 (      STSA, B-SLICE, QP 28)            20640 bits [Y 40.5527 dB    U 44.6398 dB    V 46.4492 dB] [ET   583 ] [L0 0 4 ] [L1 4 8 ]
POC     1 TId: 5 (      STSA, B-SLICE, QP 29)             9040 bits [Y 40.8386 dB    U 44.8273 dB    V 46.6838 dB] [ET   335 ] [L0 0 2 ] [L1 2 4 ]
POC     3 TId: 5 (      STSA, B-SLICE, QP 29)            10296 bits [Y 40.2393 dB    U 44.4976 dB    V 46.2240 dB] [ET   423 ] [L0 2 0 ] [L1 4 8 ]
POC     6 TId: 4 (      STSA, B-SLICE, QP 28)            21728 bits [Y 40.1470 dB    U 44.1200 dB    V 45.8326 dB] [ET   508 ] [L0 4 0 ] [L1 8 16 ]
POC     5 TId: 5 (      STSA, B-SLICE, QP 29)            10208 bits [Y 39.9877 dB    U 44.0942 dB    V 45.9434 dB] [ET   381 ] [L0 4 0 ] [L1 6 8 ]
POC     7 TId: 5 (      STSA, B-SLICE, QP 29)             9496 bits [Y 40.0813 dB    U 44.1753 dB    V 45.8203 dB] [ET   418 ] [L0 6 4 ] [L1 8 16 ]
POC    12 TId: 3 (      STSA, B-SLICE, QP 26, TF 0)      48816 bits [Y 40.2500 dB    U 43.9812 dB    V 45.5617 dB] [ET   656 ] [L0 8 0 ] [L1 16 8 ]
POC    10 TId: 4 (      STSA, B-SLICE, QP 28)            23816 bits [Y 40.0607 dB    U 43.9838 dB    V 45.5818 dB] [ET   656 ] [L0 8 0 ] [L1 12 16 ]
POC     9 TId: 5 (      STSA, B-SLICE, QP 29)            10680 bits [Y 40.0412 dB    U 44.0778 dB    V 45.7987 dB] [ET   390 ] [L0 8 0 ] [L1 10 12 ]
POC    11 TId: 5 (      STSA, B-SLICE, QP 29)            11224 bits [Y 39.8371 dB    U 43.9253 dB    V 45.5916 dB] [ET   415 ] [L0 10 8 ] [L1 12 16 ]
POC    14 TId: 4 (      STSA, B-SLICE, QP 28)            27104 bits [Y 39.9797 dB    U 43.8855 dB    V 45.4380 dB] [ET   482 ] [L0 12 8 ] [L1 16 12 ]
POC    13 TId: 5 (      STSA, B-SLICE, QP 29)            12776 bits [Y 39.7393 dB    U 43.8456 dB    V 45.5039 dB] [ET   448 ] [L0 12 8 ] [L1 14 16 ]
POC    15 TId: 5 (      STSA, B-SLICE, QP 29)            13752 bits [Y 39.9419 dB    U 43.9688 dB    V 45.5343 dB] [ET   371 ] [L0 14 12 ] [L1 16 14 ]

	Total Frames |   Bitrate     Y-PSNR    U-PSNR    V-PSNR    YUV-PSNR   
	       17    a    4128.3953   40.4147   44.2204   45.9361   41.4372

 finished @ Tue Apr 18 17:41:31 2023
 Total Time:     8734.994 sec. [user]     8737.585 sec. [elapsed]

Level: 0
Inject Calls: 8974146176
Errors injected by bit:
	Bit 0: 89877
	Bit 1: 90390
	Bit 2: 90164
	Bit 3: 89741
	Bit 4: 89480
	Bit 5: 90245
	Bit 6: 89711
	Bit 7: 89946

Total errors injected: 719554
