vvencFFapp: Fraunhofer VVC Encoder ver. 1.5.0 [Linux][GCC 11.3.0][64 bit][SIMD=AVX2]
 started @ Fri Apr 21 21:02:21 2023
CODING TOOL CFG: CTU128 QT44BTT21 IBD:1 SAO:1 ALF:1 (NonLinLuma:0 NonLinChr:0) CCALF:1 Tiles:1x1 Slices:1 WPP:0 WPP-Substreams:1 TMVP:1 DQ:1 SDH:0 CST:1 BDOF:1 DMVR:1 MTSImplicit:1 SBT:0 JCbCr:1 CabacInitPresent:1 AMVR:5 SMVD:3 LMCS:2 (Signal:SDR Opt:0) CIIP:0 MIP:1 AFFINE:2 (PROF:1, Type:1) MMVD:3 DisFracMMVD:1 SbTMVP:1 GPM:3 LFNST:1 MTS:0 ISP:3 TS:2 TSLog2MaxSize:4 useChromaTS:0 BDPCM:2 IBC:2 BCW:0 
ENC. ALG. CFG: QPA:0 HAD:1 RDQ:1 RDQTS:1 ASR:1 MinSearchWindow:96 RestrictMESampling:0 EDO:2 MCTF:2 
PRE-ANALYSIS CFG: STA:1 LeadFrames:0 TrailFrames:0 
FAST TOOL CFG: ECU:0 FEN:1 FDM:1 FastSearch:4 (SCC:2) LCTUFast:1 FastMrg:2 PBIntraFast:1 AMaxBT:1 FastQtBtEnc:1 ContentBasedFastQtbt:0 FastMIP:3 FastIntraTools:0 IntraEstDecBit:2 FastLocalDualTree:1 IntegerET:0 FastSubPel:1 QtbttExtraFast:3 FastTTSplit:0 IBCFastMethod:3 FIM:0 ALFSpeed:0 QuantThr: 4 
RATE CONTROL CFG: RateControl:0 LookAhead:0 
PARALLEL PROCESSING CFG: NumThreads:0 MaxParallelFrames:0 WppBitEqual:0 WF:0 

POC     0 TId: 0 (  IDR_N_LP, I-SLICE, QP 29, TF 2)     245544 bits [Y 36.0242 dB    U 38.6082 dB    V 40.2672 dB] [ET   262 ] [L0 ] [L1 ]
POC    16 TId: 1 (      STSA, B-SLICE, QP 34, TF 1)     116368 bits [Y 34.6865 dB    U 37.3582 dB    V 38.5754 dB] [ET   900 ] [L0 0 ] [L1 0 ]
POC     8 TId: 2 (      STSA, B-SLICE, QP 35, TF 0)      82904 bits [Y 33.8078 dB    U 37.1372 dB    V 38.3009 dB] [ET  1251 ] [L0 0 16 ] [L1 16 0 ]
POC     4 TId: 3 (      STSA, B-SLICE, QP 38)            35472 bits [Y 33.0252 dB    U 37.1364 dB    V 38.6142 dB] [ET  1235 ] [L0 0 8 ] [L1 8 16 ]
POC     2 TId: 4 (      STSA, B-SLICE, QP 40)            19352 bits [Y 32.7057 dB    U 37.4593 dB    V 38.9362 dB] [ET   923 ] [L0 0 4 ] [L1 4 8 ]
POC     1 TId: 5 (      STSA, B-SLICE, QP 41)            10608 bits [Y 32.9221 dB    U 37.5757 dB    V 39.1427 dB] [ET   618 ] [L0 0 2 ] [L1 2 4 ]
POC     3 TId: 5 (      STSA, B-SLICE, QP 41)            10040 bits [Y 32.3260 dB    U 37.1117 dB    V 38.5238 dB] [ET   742 ] [L0 2 0 ] [L1 4 8 ]
POC     6 TId: 4 (      STSA, B-SLICE, QP 40)            19008 bits [Y 32.4312 dB    U 36.9941 dB    V 38.2419 dB] [ET  1183 ] [L0 4 0 ] [L1 8 16 ]
POC     5 TId: 5 (      STSA, B-SLICE, QP 41)             9544 bits [Y 32.2654 dB    U 36.9685 dB    V 38.4215 dB] [ET   790 ] [L0 4 0 ] [L1 6 8 ]
POC     7 TId: 5 (      STSA, B-SLICE, QP 41)             9376 bits [Y 32.3028 dB    U 36.7513 dB    V 38.0923 dB] [ET   707 ] [L0 6 4 ] [L1 8 16 ]
POC    12 TId: 3 (      STSA, B-SLICE, QP 38)            36504 bits [Y 32.7893 dB    U 37.0942 dB    V 37.8388 dB] [ET  1292 ] [L0 8 0 ] [L1 16 8 ]
POC    10 TId: 4 (      STSA, B-SLICE, QP 40)            20328 bits [Y 32.2130 dB    U 36.8560 dB    V 37.6256 dB] [ET  1243 ] [L0 8 0 ] [L1 12 16 ]
POC     9 TId: 5 (      STSA, B-SLICE, QP 41)             9824 bits [Y 32.1247 dB    U 36.8314 dB    V 37.7900 dB] [ET   725 ] [L0 8 0 ] [L1 10 12 ]
POC    11 TId: 5 (      STSA, B-SLICE, QP 41)             9944 bits [Y 32.0263 dB    U 36.8496 dB    V 37.6538 dB] [ET   747 ] [L0 10 8 ] [L1 12 16 ]
POC    14 TId: 4 (      STSA, B-SLICE, QP 40)            18520 bits [Y 32.3465 dB    U 36.9109 dB    V 37.8743 dB] [ET   929 ] [L0 12 8 ] [L1 16 12 ]
POC    13 TId: 5 (      STSA, B-SLICE, QP 41)             8760 bits [Y 32.0818 dB    U 36.8019 dB    V 37.7473 dB] [ET   722 ] [L0 12 8 ] [L1 14 16 ]
POC    15 TId: 5 (      STSA, B-SLICE, QP 41)             8320 bits [Y 32.4410 dB    U 36.9160 dB    V 38.1717 dB] [ET   610 ] [L0 14 12 ] [L1 16 14 ]

	Total Frames |   Bitrate     Y-PSNR    U-PSNR    V-PSNR    YUV-PSNR   
	       17    a    1183.0871   32.8541   37.1388   38.3422   33.8608

 finished @ Sat Apr 22 01:10:37 2023
 Total Time:    14889.334 sec. [user]    14895.409 sec. [elapsed]

Level: 0
Inject Calls: 17085321536
Errors injected by bit:
	Bit 0: 171275
	Bit 1: 170741
	Bit 2: 170952
	Bit 3: 171138
	Bit 4: 171143
	Bit 5: 171127
	Bit 6: 171354
	Bit 7: 171021

Total errors injected: 1368751
