vvencFFapp: Fraunhofer VVC Encoder ver. 1.5.0 [Linux][GCC 11.3.0][64 bit][SIMD=AVX2]
 started @ Sat Apr 22 08:57:34 2023
CODING TOOL CFG: CTU128 QT44BTT21 IBD:1 SAO:1 ALF:1 (NonLinLuma:0 NonLinChr:0) CCALF:1 Tiles:1x1 Slices:1 WPP:0 WPP-Substreams:1 TMVP:1 DQ:1 SDH:0 CST:1 BDOF:1 DMVR:1 MTSImplicit:1 SBT:0 JCbCr:1 CabacInitPresent:1 AMVR:5 SMVD:3 LMCS:2 (Signal:SDR Opt:0) CIIP:0 MIP:1 AFFINE:2 (PROF:1, Type:1) MMVD:3 DisFracMMVD:1 SbTMVP:1 GPM:3 LFNST:1 MTS:0 ISP:3 TS:2 TSLog2MaxSize:4 useChromaTS:0 BDPCM:2 IBC:2 BCW:0 
ENC. ALG. CFG: QPA:0 HAD:1 RDQ:1 RDQTS:1 ASR:1 MinSearchWindow:96 RestrictMESampling:0 EDO:2 MCTF:2 
PRE-ANALYSIS CFG: STA:1 LeadFrames:0 TrailFrames:0 
FAST TOOL CFG: ECU:0 FEN:1 FDM:1 FastSearch:4 (SCC:2) LCTUFast:1 FastMrg:2 PBIntraFast:1 AMaxBT:1 FastQtBtEnc:1 ContentBasedFastQtbt:0 FastMIP:3 FastIntraTools:0 IntraEstDecBit:2 FastLocalDualTree:1 IntegerET:0 FastSubPel:1 QtbttExtraFast:3 FastTTSplit:0 IBCFastMethod:3 FIM:0 ALFSpeed:0 QuantThr: 4 
RATE CONTROL CFG: RateControl:0 LookAhead:0 
PARALLEL PROCESSING CFG: NumThreads:0 MaxParallelFrames:0 WppBitEqual:0 WF:0 

POC     0 TId: 0 (  IDR_N_LP, I-SLICE, QP 34, TF 2)     137312 bits [Y 33.0393 dB    U 36.5932 dB    V 37.9362 dB] [ET   188 ] [L0 ] [L1 ]
POC    16 TId: 1 (      STSA, B-SLICE, QP 40, TF 1)      50216 bits [Y 30.8123 dB    U 36.0240 dB    V 36.8639 dB] [ET   747 ] [L0 0 ] [L1 0 ]
POC     8 TId: 2 (      STSA, B-SLICE, QP 40, TF 0)      40360 bits [Y 30.7343 dB    U 35.8288 dB    V 36.8447 dB] [ET  1142 ] [L0 0 16 ] [L1 16 0 ]
POC     4 TId: 3 (      STSA, B-SLICE, QP 43)            16720 bits [Y 30.1290 dB    U 35.6501 dB    V 36.8038 dB] [ET  1096 ] [L0 0 8 ] [L1 8 16 ]
POC     2 TId: 4 (      STSA, B-SLICE, QP 45)             9392 bits [Y 30.0482 dB    U 35.7268 dB    V 37.0702 dB] [ET   795 ] [L0 0 4 ] [L1 4 8 ]
POC     1 TId: 5 (      STSA, B-SLICE, QP 46)             4856 bits [Y 30.3405 dB    U 35.9234 dB    V 37.3372 dB] [ET   475 ] [L0 0 2 ] [L1 2 4 ]
POC     3 TId: 5 (      STSA, B-SLICE, QP 46)             4256 bits [Y 29.7063 dB    U 35.4882 dB    V 36.6761 dB] [ET   641 ] [L0 2 0 ] [L1 4 8 ]
POC     6 TId: 4 (      STSA, B-SLICE, QP 45)             8592 bits [Y 29.6688 dB    U 35.5239 dB    V 36.4490 dB] [ET  1040 ] [L0 4 0 ] [L1 8 16 ]
POC     5 TId: 5 (      STSA, B-SLICE, QP 46)             4136 bits [Y 29.6080 dB    U 35.4794 dB    V 36.6392 dB] [ET   655 ] [L0 4 0 ] [L1 6 8 ]
POC     7 TId: 5 (      STSA, B-SLICE, QP 46)             3752 bits [Y 29.5720 dB    U 35.3732 dB    V 36.4810 dB] [ET   575 ] [L0 6 4 ] [L1 8 16 ]
POC    12 TId: 3 (      STSA, B-SLICE, QP 43)            18136 bits [Y 29.8599 dB    U 35.7323 dB    V 36.1637 dB] [ET  1239 ] [L0 8 0 ] [L1 16 8 ]
POC    10 TId: 4 (      STSA, B-SLICE, QP 45)             9272 bits [Y 29.3548 dB    U 35.5648 dB    V 36.2139 dB] [ET  1105 ] [L0 8 0 ] [L1 12 16 ]
POC     9 TId: 5 (      STSA, B-SLICE, QP 46)             3800 bits [Y 29.4122 dB    U 35.5608 dB    V 36.3514 dB] [ET   588 ] [L0 8 0 ] [L1 10 12 ]
POC    11 TId: 5 (      STSA, B-SLICE, QP 46)             4192 bits [Y 29.2266 dB    U 35.4846 dB    V 36.0522 dB] [ET   584 ] [L0 10 8 ] [L1 12 16 ]
POC    14 TId: 4 (      STSA, B-SLICE, QP 45)             8312 bits [Y 29.4092 dB    U 35.5558 dB    V 36.0976 dB] [ET   825 ] [L0 12 8 ] [L1 16 12 ]
POC    13 TId: 5 (      STSA, B-SLICE, QP 46)             3880 bits [Y 29.3684 dB    U 35.5533 dB    V 36.0464 dB] [ET   545 ] [L0 12 8 ] [L1 14 16 ]
POC    15 TId: 5 (      STSA, B-SLICE, QP 46)             3704 bits [Y 29.6850 dB    U 35.7789 dB    V 36.3677 dB] [ET   486 ] [L0 14 12 ] [L1 16 14 ]

	Total Frames |   Bitrate     Y-PSNR    U-PSNR    V-PSNR    YUV-PSNR   
	       17    a     583.9200   29.9985   35.6966   36.6114   31.1891

 finished @ Sat Apr 22 12:29:51 2023
 Total Time:    12733.116 sec. [user]    12737.657 sec. [elapsed]

Level: 0
Inject Calls: 14771460960
Errors injected by bit:
	Bit 0: 14537
	Bit 1: 14724
	Bit 2: 14753
	Bit 3: 14855
	Bit 4: 14708
	Bit 5: 14676
	Bit 6: 14617
	Bit 7: 14783

Total errors injected: 117653
