vvencFFapp: Fraunhofer VVC Encoder ver. 1.5.0 [Linux][GCC 11.3.0][64 bit][SIMD=AVX2]
 started @ Fri Apr 21 16:57:17 2023
CODING TOOL CFG: CTU128 QT44BTT21 IBD:1 SAO:1 ALF:1 (NonLinLuma:0 NonLinChr:0) CCALF:1 Tiles:1x1 Slices:1 WPP:0 WPP-Substreams:1 TMVP:1 DQ:1 SDH:0 CST:1 BDOF:1 DMVR:1 MTSImplicit:1 SBT:0 JCbCr:1 CabacInitPresent:1 AMVR:5 SMVD:3 LMCS:2 (Signal:SDR Opt:0) CIIP:0 MIP:1 AFFINE:2 (PROF:1, Type:1) MMVD:3 DisFracMMVD:1 SbTMVP:1 GPM:3 LFNST:1 MTS:0 ISP:3 TS:2 TSLog2MaxSize:4 useChromaTS:0 BDPCM:2 IBC:2 BCW:0 
ENC. ALG. CFG: QPA:0 HAD:1 RDQ:1 RDQTS:1 ASR:1 MinSearchWindow:96 RestrictMESampling:0 EDO:2 MCTF:2 
PRE-ANALYSIS CFG: STA:1 LeadFrames:0 TrailFrames:0 
FAST TOOL CFG: ECU:0 FEN:1 FDM:1 FastSearch:4 (SCC:2) LCTUFast:1 FastMrg:2 PBIntraFast:1 AMaxBT:1 FastQtBtEnc:1 ContentBasedFastQtbt:0 FastMIP:3 FastIntraTools:0 IntraEstDecBit:2 FastLocalDualTree:1 IntegerET:0 FastSubPel:1 QtbttExtraFast:3 FastTTSplit:0 IBCFastMethod:3 FIM:0 ALFSpeed:0 QuantThr: 4 
RATE CONTROL CFG: RateControl:0 LookAhead:0 
PARALLEL PROCESSING CFG: NumThreads:0 MaxParallelFrames:0 WppBitEqual:0 WF:0 

POC     0 TId: 0 (  IDR_N_LP, I-SLICE, QP 29, TF 2)     245544 bits [Y 36.0242 dB    U 38.6082 dB    V 40.2672 dB] [ET   435 ] [L0 ] [L1 ]
POC    16 TId: 1 (      STSA, B-SLICE, QP 34, TF 1)     119168 bits [Y 34.6684 dB    U 37.4147 dB    V 38.6397 dB] [ET  1049 ] [L0 0 ] [L1 0 ]
POC     8 TId: 2 (      STSA, B-SLICE, QP 35, TF 0)      83368 bits [Y 33.8222 dB    U 37.0496 dB    V 38.2956 dB] [ET  1284 ] [L0 0 16 ] [L1 16 0 ]
POC     4 TId: 3 (      STSA, B-SLICE, QP 38)            35824 bits [Y 33.0191 dB    U 37.1330 dB    V 38.5305 dB] [ET  1213 ] [L0 0 8 ] [L1 8 16 ]
POC     2 TId: 4 (      STSA, B-SLICE, QP 40)            19328 bits [Y 32.6782 dB    U 37.4539 dB    V 38.8340 dB] [ET   923 ] [L0 0 4 ] [L1 4 8 ]
POC     1 TId: 5 (      STSA, B-SLICE, QP 41)            10424 bits [Y 32.8909 dB    U 37.6116 dB    V 39.1230 dB] [ET   549 ] [L0 0 2 ] [L1 2 4 ]
POC     3 TId: 5 (      STSA, B-SLICE, QP 41)            10008 bits [Y 32.2780 dB    U 36.9983 dB    V 38.4580 dB] [ET   793 ] [L0 2 0 ] [L1 4 8 ]
POC     6 TId: 4 (      STSA, B-SLICE, QP 40)            18600 bits [Y 32.4223 dB    U 36.9555 dB    V 38.2710 dB] [ET  1102 ] [L0 4 0 ] [L1 8 16 ]
POC     5 TId: 5 (      STSA, B-SLICE, QP 41)             8824 bits [Y 32.2863 dB    U 36.9493 dB    V 38.3495 dB] [ET   707 ] [L0 4 0 ] [L1 6 8 ]
POC     7 TId: 5 (      STSA, B-SLICE, QP 41)             9288 bits [Y 32.2767 dB    U 36.7210 dB    V 37.9619 dB] [ET   764 ] [L0 6 4 ] [L1 8 16 ]
POC    12 TId: 3 (      STSA, B-SLICE, QP 38)            36432 bits [Y 32.8071 dB    U 37.1033 dB    V 37.9372 dB] [ET  1314 ] [L0 8 0 ] [L1 16 8 ]
POC    10 TId: 4 (      STSA, B-SLICE, QP 40)            20424 bits [Y 32.2048 dB    U 36.8708 dB    V 37.8245 dB] [ET  1167 ] [L0 8 0 ] [L1 12 16 ]
POC     9 TId: 5 (      STSA, B-SLICE, QP 41)             9968 bits [Y 32.1969 dB    U 36.8609 dB    V 37.9436 dB] [ET   693 ] [L0 8 0 ] [L1 10 12 ]
POC    11 TId: 5 (      STSA, B-SLICE, QP 41)             9512 bits [Y 31.9975 dB    U 36.8207 dB    V 37.7336 dB] [ET   738 ] [L0 10 8 ] [L1 12 16 ]
POC    14 TId: 4 (      STSA, B-SLICE, QP 40)            17824 bits [Y 32.3016 dB    U 36.9135 dB    V 37.9137 dB] [ET   963 ] [L0 12 8 ] [L1 16 12 ]
POC    13 TId: 5 (      STSA, B-SLICE, QP 41)             9104 bits [Y 32.1566 dB    U 36.8625 dB    V 37.8217 dB] [ET   744 ] [L0 12 8 ] [L1 14 16 ]
POC    15 TId: 5 (      STSA, B-SLICE, QP 41)             8648 bits [Y 32.4002 dB    U 37.0523 dB    V 38.1893 dB] [ET   547 ] [L0 14 12 ] [L1 16 14 ]

	Total Frames |   Bitrate     Y-PSNR    U-PSNR    V-PSNR    YUV-PSNR   
	       17    a    1186.3906   32.8489   37.1399   38.3585   33.8580

 finished @ Fri Apr 21 21:07:19 2023
 Total Time:    14996.310 sec. [user]    15001.379 sec. [elapsed]

Level: 0
Inject Calls: 16658245760
Errors injected by bit:
	Bit 0: 16655177
	Bit 1: 16655703
	Bit 2: 16656926
	Bit 3: 16660645
	Bit 4: 16655539
	Bit 5: 16659705
	Bit 6: 16667938
	Bit 7: 16654257

Total errors injected: 133265890
