vvencFFapp: Fraunhofer VVC Encoder ver. 1.5.0 [Linux][GCC 11.3.0][64 bit][SIMD=AVX2]
 started @ Wed Apr 19 03:11:07 2023
CODING TOOL CFG: CTU128 QT44BTT21 IBD:1 SAO:1 ALF:1 (NonLinLuma:0 NonLinChr:0) CCALF:1 Tiles:1x1 Slices:1 WPP:0 WPP-Substreams:1 TMVP:1 DQ:1 SDH:0 CST:1 BDOF:1 DMVR:1 MTSImplicit:1 SBT:0 JCbCr:1 CabacInitPresent:1 AMVR:5 SMVD:3 LMCS:2 (Signal:SDR Opt:0) CIIP:0 MIP:1 AFFINE:2 (PROF:1, Type:1) MMVD:3 DisFracMMVD:1 SbTMVP:1 GPM:3 LFNST:1 MTS:0 ISP:3 TS:2 TSLog2MaxSize:4 useChromaTS:0 BDPCM:2 IBC:2 BCW:0 
ENC. ALG. CFG: QPA:0 HAD:1 RDQ:1 RDQTS:1 ASR:1 MinSearchWindow:96 RestrictMESampling:0 EDO:2 MCTF:2 
PRE-ANALYSIS CFG: STA:1 LeadFrames:0 TrailFrames:0 
FAST TOOL CFG: ECU:0 FEN:1 FDM:1 FastSearch:4 (SCC:2) LCTUFast:1 FastMrg:2 PBIntraFast:1 AMaxBT:1 FastQtBtEnc:1 ContentBasedFastQtbt:0 FastMIP:3 FastIntraTools:0 IntraEstDecBit:2 FastLocalDualTree:1 IntegerET:0 FastSubPel:1 QtbttExtraFast:3 FastTTSplit:0 IBCFastMethod:3 FIM:0 ALFSpeed:0 QuantThr: 4 
RATE CONTROL CFG: RateControl:0 LookAhead:0 
PARALLEL PROCESSING CFG: NumThreads:0 MaxParallelFrames:0 WppBitEqual:0 WF:0 

POC     0 TId: 0 (  IDR_N_LP, I-SLICE, QP 34, TF 2)     142152 bits [Y 34.7290 dB    U 39.0714 dB    V 39.9878 dB] [ET   229 ] [L0 ] [L1 ]
POC    16 TId: 1 (      STSA, B-SLICE, QP 40, TF 1)      22208 bits [Y 32.2558 dB    U 38.2044 dB    V 38.7934 dB] [ET   374 ] [L0 0 ] [L1 0 ]
POC     8 TId: 2 (      STSA, B-SLICE, QP 40, TF 0)      11152 bits [Y 32.8106 dB    U 38.4694 dB    V 39.3721 dB] [ET   518 ] [L0 0 16 ] [L1 16 0 ]
POC     4 TId: 3 (      STSA, B-SLICE, QP 43)             4384 bits [Y 32.8295 dB    U 38.6830 dB    V 39.5048 dB] [ET   354 ] [L0 0 8 ] [L1 8 16 ]
POC     2 TId: 4 (      STSA, B-SLICE, QP 45)             1992 bits [Y 33.1025 dB    U 38.8411 dB    V 39.7021 dB] [ET   221 ] [L0 0 4 ] [L1 4 8 ]
POC     1 TId: 5 (      STSA, B-SLICE, QP 46)              632 bits [Y 33.5742 dB    U 38.9080 dB    V 39.9279 dB] [ET   136 ] [L0 0 2 ] [L1 2 4 ]
POC     3 TId: 5 (      STSA, B-SLICE, QP 46)              632 bits [Y 32.7595 dB    U 38.8114 dB    V 39.6356 dB] [ET   179 ] [L0 2 0 ] [L1 4 8 ]
POC     6 TId: 4 (      STSA, B-SLICE, QP 45)             2128 bits [Y 32.3676 dB    U 38.6389 dB    V 39.5002 dB] [ET   267 ] [L0 4 0 ] [L1 8 16 ]
POC     5 TId: 5 (      STSA, B-SLICE, QP 46)              840 bits [Y 32.3795 dB    U 38.6129 dB    V 39.4875 dB] [ET   216 ] [L0 4 0 ] [L1 6 8 ]
POC     7 TId: 5 (      STSA, B-SLICE, QP 46)              680 bits [Y 32.4254 dB    U 38.5392 dB    V 39.4453 dB] [ET   235 ] [L0 6 4 ] [L1 8 16 ]
POC    12 TId: 3 (      STSA, B-SLICE, QP 43)             5248 bits [Y 31.9764 dB    U 38.3635 dB    V 39.0430 dB] [ET   396 ] [L0 8 0 ] [L1 16 8 ]
POC    10 TId: 4 (      STSA, B-SLICE, QP 45)             1880 bits [Y 31.9984 dB    U 38.4251 dB    V 39.0883 dB] [ET   267 ] [L0 8 0 ] [L1 12 16 ]
POC     9 TId: 5 (      STSA, B-SLICE, QP 46)              856 bits [Y 32.2316 dB    U 38.4700 dB    V 39.3022 dB] [ET   234 ] [L0 8 0 ] [L1 10 12 ]
POC    11 TId: 5 (      STSA, B-SLICE, QP 46)              752 bits [Y 31.7804 dB    U 38.3385 dB    V 39.0400 dB] [ET   202 ] [L0 10 8 ] [L1 12 16 ]
POC    14 TId: 4 (      STSA, B-SLICE, QP 45)             2056 bits [Y 31.5798 dB    U 38.2128 dB    V 38.8778 dB] [ET   240 ] [L0 12 8 ] [L1 16 12 ]
POC    13 TId: 5 (      STSA, B-SLICE, QP 46)             1096 bits [Y 31.5867 dB    U 38.3481 dB    V 38.9693 dB] [ET   196 ] [L0 12 8 ] [L1 14 16 ]
POC    15 TId: 5 (      STSA, B-SLICE, QP 46)             1152 bits [Y 31.7682 dB    U 38.3083 dB    V 38.8696 dB] [ET   163 ] [L0 14 12 ] [L1 16 14 ]

	Total Frames |   Bitrate     Y-PSNR    U-PSNR    V-PSNR    YUV-PSNR   
	       17    a     705.3176   32.4797   38.5439   39.3263   33.7152

 finished @ Wed Apr 19 04:25:09 2023
 Total Time:     4439.355 sec. [user]     4442.547 sec. [elapsed]

Level: 0
Inject Calls: 4734574688
Errors injected by bit:
	Bit 0: 4731154
	Bit 1: 4732375
	Bit 2: 4734134
	Bit 3: 4732772
	Bit 4: 4736073
	Bit 5: 4735975
	Bit 6: 4733252
	Bit 7: 4736321

Total errors injected: 37872056
