vvencFFapp: Fraunhofer VVC Encoder ver. 1.5.0 [Linux][GCC 11.3.0][64 bit][SIMD=AVX2]
 started @ Sat Apr 22 09:02:34 2023
CODING TOOL CFG: CTU128 QT44BTT21 IBD:1 SAO:1 ALF:1 (NonLinLuma:0 NonLinChr:0) CCALF:1 Tiles:1x1 Slices:1 WPP:0 WPP-Substreams:1 TMVP:1 DQ:1 SDH:0 CST:1 BDOF:1 DMVR:1 MTSImplicit:1 SBT:0 JCbCr:1 CabacInitPresent:1 AMVR:5 SMVD:3 LMCS:2 (Signal:SDR Opt:0) CIIP:0 MIP:1 AFFINE:2 (PROF:1, Type:1) MMVD:3 DisFracMMVD:1 SbTMVP:1 GPM:3 LFNST:1 MTS:0 ISP:3 TS:2 TSLog2MaxSize:4 useChromaTS:0 BDPCM:2 IBC:2 BCW:0 
ENC. ALG. CFG: QPA:0 HAD:1 RDQ:1 RDQTS:1 ASR:1 MinSearchWindow:96 RestrictMESampling:0 EDO:2 MCTF:2 
PRE-ANALYSIS CFG: STA:1 LeadFrames:0 TrailFrames:0 
FAST TOOL CFG: ECU:0 FEN:1 FDM:1 FastSearch:4 (SCC:2) LCTUFast:1 FastMrg:2 PBIntraFast:1 AMaxBT:1 FastQtBtEnc:1 ContentBasedFastQtbt:0 FastMIP:3 FastIntraTools:0 IntraEstDecBit:2 FastLocalDualTree:1 IntegerET:0 FastSubPel:1 QtbttExtraFast:3 FastTTSplit:0 IBCFastMethod:3 FIM:0 ALFSpeed:0 QuantThr: 4 
RATE CONTROL CFG: RateControl:0 LookAhead:0 
PARALLEL PROCESSING CFG: NumThreads:0 MaxParallelFrames:0 WppBitEqual:0 WF:0 

POC     0 TId: 0 (  IDR_N_LP, I-SLICE, QP 34, TF 2)     137312 bits [Y 33.0393 dB    U 36.5932 dB    V 37.9362 dB] [ET   206 ] [L0 ] [L1 ]
POC    16 TId: 1 (      STSA, B-SLICE, QP 40, TF 1)      50504 bits [Y 30.8335 dB    U 36.0586 dB    V 36.8414 dB] [ET   926 ] [L0 0 ] [L1 0 ]
POC     8 TId: 2 (      STSA, B-SLICE, QP 40, TF 0)      40680 bits [Y 30.7554 dB    U 35.8111 dB    V 36.8662 dB] [ET  1205 ] [L0 0 16 ] [L1 16 0 ]
POC     4 TId: 3 (      STSA, B-SLICE, QP 43)            16896 bits [Y 30.1628 dB    U 35.6735 dB    V 36.8079 dB] [ET  1104 ] [L0 0 8 ] [L1 8 16 ]
POC     2 TId: 4 (      STSA, B-SLICE, QP 45)             9352 bits [Y 30.0602 dB    U 35.7783 dB    V 37.0857 dB] [ET   868 ] [L0 0 4 ] [L1 4 8 ]
POC     1 TId: 5 (      STSA, B-SLICE, QP 46)             4728 bits [Y 30.3615 dB    U 35.9388 dB    V 37.3135 dB] [ET   512 ] [L0 0 2 ] [L1 2 4 ]
POC     3 TId: 5 (      STSA, B-SLICE, QP 46)             4304 bits [Y 29.6779 dB    U 35.5112 dB    V 36.7369 dB] [ET   574 ] [L0 2 0 ] [L1 4 8 ]
POC     6 TId: 4 (      STSA, B-SLICE, QP 45)             8768 bits [Y 29.6647 dB    U 35.4406 dB    V 36.5314 dB] [ET  1018 ] [L0 4 0 ] [L1 8 16 ]
POC     5 TId: 5 (      STSA, B-SLICE, QP 46)             3816 bits [Y 29.5613 dB    U 35.4462 dB    V 36.7163 dB] [ET   590 ] [L0 4 0 ] [L1 6 8 ]
POC     7 TId: 5 (      STSA, B-SLICE, QP 46)             3832 bits [Y 29.6288 dB    U 35.2851 dB    V 36.5107 dB] [ET   677 ] [L0 6 4 ] [L1 8 16 ]
POC    12 TId: 3 (      STSA, B-SLICE, QP 43)            17944 bits [Y 29.8626 dB    U 35.7241 dB    V 36.2328 dB] [ET  1180 ] [L0 8 0 ] [L1 16 8 ]
POC    10 TId: 4 (      STSA, B-SLICE, QP 45)             9464 bits [Y 29.3588 dB    U 35.4614 dB    V 36.1638 dB] [ET  1064 ] [L0 8 0 ] [L1 12 16 ]
POC     9 TId: 5 (      STSA, B-SLICE, QP 46)             4112 bits [Y 29.4661 dB    U 35.5612 dB    V 36.4664 dB] [ET   651 ] [L0 8 0 ] [L1 10 12 ]
POC    11 TId: 5 (      STSA, B-SLICE, QP 46)             4304 bits [Y 29.3024 dB    U 35.5463 dB    V 36.1473 dB] [ET   659 ] [L0 10 8 ] [L1 12 16 ]
POC    14 TId: 4 (      STSA, B-SLICE, QP 45)             8120 bits [Y 29.4420 dB    U 35.6211 dB    V 36.0364 dB] [ET   820 ] [L0 12 8 ] [L1 16 12 ]
POC    13 TId: 5 (      STSA, B-SLICE, QP 46)             4024 bits [Y 29.3768 dB    U 35.5621 dB    V 36.0249 dB] [ET   549 ] [L0 12 8 ] [L1 14 16 ]
POC    15 TId: 5 (      STSA, B-SLICE, QP 46)             3760 bits [Y 29.7067 dB    U 35.7963 dB    V 36.3015 dB] [ET   392 ] [L0 14 12 ] [L1 16 14 ]

	Total Frames |   Bitrate     Y-PSNR    U-PSNR    V-PSNR    YUV-PSNR   
	       17    a     585.7412   30.0153   35.6947   36.6306   31.2055

 finished @ Sat Apr 22 12:39:22 2023
 Total Time:    13003.533 sec. [user]    13007.880 sec. [elapsed]

Level: 0
Inject Calls: 14726496832
Errors injected by bit:
	Bit 0: 14568
	Bit 1: 14711
	Bit 2: 14722
	Bit 3: 14809
	Bit 4: 14565
	Bit 5: 14878
	Bit 6: 14815
	Bit 7: 14538

Total errors injected: 117606
