vvencFFapp: Fraunhofer VVC Encoder ver. 1.5.0 [Linux][GCC 11.3.0][64 bit][SIMD=AVX2]
 started @ Tue Apr 18 13:00:51 2023
CODING TOOL CFG: CTU128 QT44BTT21 IBD:1 SAO:1 ALF:1 (NonLinLuma:0 NonLinChr:0) CCALF:1 Tiles:1x1 Slices:1 WPP:0 WPP-Substreams:1 TMVP:1 DQ:1 SDH:0 CST:1 BDOF:1 DMVR:1 MTSImplicit:1 SBT:0 JCbCr:1 CabacInitPresent:1 AMVR:5 SMVD:3 LMCS:2 (Signal:SDR Opt:0) CIIP:0 MIP:1 AFFINE:2 (PROF:1, Type:1) MMVD:3 DisFracMMVD:1 SbTMVP:1 GPM:3 LFNST:1 MTS:0 ISP:3 TS:2 TSLog2MaxSize:4 useChromaTS:0 BDPCM:2 IBC:2 BCW:0 
ENC. ALG. CFG: QPA:0 HAD:1 RDQ:1 RDQTS:1 ASR:1 MinSearchWindow:96 RestrictMESampling:0 EDO:2 MCTF:2 
PRE-ANALYSIS CFG: STA:1 LeadFrames:0 TrailFrames:0 
FAST TOOL CFG: ECU:0 FEN:1 FDM:1 FastSearch:4 (SCC:2) LCTUFast:1 FastMrg:2 PBIntraFast:1 AMaxBT:1 FastQtBtEnc:1 ContentBasedFastQtbt:0 FastMIP:3 FastIntraTools:0 IntraEstDecBit:2 FastLocalDualTree:1 IntegerET:0 FastSubPel:1 QtbttExtraFast:3 FastTTSplit:0 IBCFastMethod:3 FIM:0 ALFSpeed:0 QuantThr: 4 
RATE CONTROL CFG: RateControl:0 LookAhead:0 
PARALLEL PROCESSING CFG: NumThreads:0 MaxParallelFrames:0 WppBitEqual:0 WF:0 

POC     0 TId: 0 (  IDR_N_LP, I-SLICE, QP 19, TF 3)     581848 bits [Y 42.2672 dB    U 45.0524 dB    V 46.9660 dB] [ET   502 ] [L0 ] [L1 ]
POC    16 TId: 1 (      STSA, B-SLICE, QP 22, TF 2)     215960 bits [Y 41.6040 dB    U 44.1867 dB    V 45.8418 dB] [ET   795 ] [L0 0 ] [L1 0 ]
POC     8 TId: 2 (      STSA, B-SLICE, QP 23, TF 1)      97696 bits [Y 40.9450 dB    U 44.1331 dB    V 45.9963 dB] [ET   792 ] [L0 0 16 ] [L1 16 0 ]
POC     4 TId: 3 (      STSA, B-SLICE, QP 26, TF 0)      42888 bits [Y 40.5367 dB    U 44.2982 dB    V 46.1401 dB] [ET   681 ] [L0 0 8 ] [L1 8 16 ]
POC     2 TId: 4 (      STSA, B-SLICE, QP 28)            20848 bits [Y 40.5693 dB    U 44.6307 dB    V 46.4383 dB] [ET   473 ] [L0 0 4 ] [L1 4 8 ]
POC     1 TId: 5 (      STSA, B-SLICE, QP 29)             8984 bits [Y 40.8379 dB    U 44.8093 dB    V 46.6651 dB] [ET   335 ] [L0 0 2 ] [L1 2 4 ]
POC     3 TId: 5 (      STSA, B-SLICE, QP 29)            10136 bits [Y 40.2382 dB    U 44.4699 dB    V 46.2377 dB] [ET   444 ] [L0 2 0 ] [L1 4 8 ]
POC     6 TId: 4 (      STSA, B-SLICE, QP 28)            21544 bits [Y 40.1403 dB    U 44.1315 dB    V 45.8566 dB] [ET   545 ] [L0 4 0 ] [L1 8 16 ]
POC     5 TId: 5 (      STSA, B-SLICE, QP 29)            10480 bits [Y 40.0187 dB    U 44.1095 dB    V 45.9459 dB] [ET   403 ] [L0 4 0 ] [L1 6 8 ]
POC     7 TId: 5 (      STSA, B-SLICE, QP 29)             9600 bits [Y 40.0974 dB    U 44.1746 dB    V 45.8465 dB] [ET   470 ] [L0 6 4 ] [L1 8 16 ]
POC    12 TId: 3 (      STSA, B-SLICE, QP 26, TF 0)      48272 bits [Y 40.2254 dB    U 43.9592 dB    V 45.6347 dB] [ET   676 ] [L0 8 0 ] [L1 16 8 ]
POC    10 TId: 4 (      STSA, B-SLICE, QP 28)            23704 bits [Y 40.0482 dB    U 43.9661 dB    V 45.6199 dB] [ET   643 ] [L0 8 0 ] [L1 12 16 ]
POC     9 TId: 5 (      STSA, B-SLICE, QP 29)            10264 bits [Y 40.0271 dB    U 44.0605 dB    V 45.8010 dB] [ET   402 ] [L0 8 0 ] [L1 10 12 ]
POC    11 TId: 5 (      STSA, B-SLICE, QP 29)            11248 bits [Y 39.8427 dB    U 43.9195 dB    V 45.6343 dB] [ET   432 ] [L0 10 8 ] [L1 12 16 ]
POC    14 TId: 4 (      STSA, B-SLICE, QP 28)            27472 bits [Y 39.9905 dB    U 43.8386 dB    V 45.4825 dB] [ET   517 ] [L0 12 8 ] [L1 16 12 ]
POC    13 TId: 5 (      STSA, B-SLICE, QP 29)            13264 bits [Y 39.7450 dB    U 43.8586 dB    V 45.5172 dB] [ET   461 ] [L0 12 8 ] [L1 14 16 ]
POC    15 TId: 5 (      STSA, B-SLICE, QP 29)            13952 bits [Y 39.9537 dB    U 43.9261 dB    V 45.5456 dB] [ET   344 ] [L0 14 12 ] [L1 16 14 ]

	Total Frames |   Bitrate     Y-PSNR    U-PSNR    V-PSNR    YUV-PSNR   
	       17    a    4122.9176   40.4169   44.2073   45.9512   41.4392

 finished @ Tue Apr 18 15:29:42 2023
 Total Time:     8916.259 sec. [user]     8930.826 sec. [elapsed]

Level: 0
Inject Calls: 9001907616
Errors injected by bit:
	Bit 0: 900821
	Bit 1: 900384
	Bit 2: 899610
	Bit 3: 898370
	Bit 4: 902388
	Bit 5: 901154
	Bit 6: 900727
	Bit 7: 901672

Total errors injected: 7205126
