vvencFFapp: Fraunhofer VVC Encoder ver. 1.5.0 [Linux][GCC 11.3.0][64 bit][SIMD=AVX2]
 started @ Mon Apr 17 16:45:31 2023
CODING TOOL CFG: CTU128 QT44BTT21 IBD:1 SAO:1 ALF:1 (NonLinLuma:0 NonLinChr:0) CCALF:1 Tiles:1x1 Slices:1 WPP:0 WPP-Substreams:1 TMVP:1 DQ:1 SDH:0 CST:1 BDOF:1 DMVR:1 MTSImplicit:1 SBT:0 JCbCr:1 CabacInitPresent:1 AMVR:5 SMVD:3 LMCS:2 (Signal:SDR Opt:0) CIIP:0 MIP:1 AFFINE:2 (PROF:1, Type:1) MMVD:3 DisFracMMVD:1 SbTMVP:1 GPM:3 LFNST:1 MTS:0 ISP:3 TS:2 TSLog2MaxSize:4 useChromaTS:0 BDPCM:2 IBC:2 BCW:0 
ENC. ALG. CFG: QPA:0 HAD:1 RDQ:1 RDQTS:1 ASR:1 MinSearchWindow:96 RestrictMESampling:0 EDO:2 MCTF:2 
PRE-ANALYSIS CFG: STA:1 LeadFrames:0 TrailFrames:0 
FAST TOOL CFG: ECU:0 FEN:1 FDM:1 FastSearch:4 (SCC:2) LCTUFast:1 FastMrg:2 PBIntraFast:1 AMaxBT:1 FastQtBtEnc:1 ContentBasedFastQtbt:0 FastMIP:3 FastIntraTools:0 IntraEstDecBit:2 FastLocalDualTree:1 IntegerET:0 FastSubPel:1 QtbttExtraFast:3 FastTTSplit:0 IBCFastMethod:3 FIM:0 ALFSpeed:0 QuantThr: 4 
RATE CONTROL CFG: RateControl:0 LookAhead:0 
PARALLEL PROCESSING CFG: NumThreads:0 MaxParallelFrames:0 WppBitEqual:0 WF:0 

POC     0 TId: 0 (  IDR_N_LP, I-SLICE, QP 24, TF 3)     303696 bits [Y 41.6478 dB    U 43.8365 dB    V 45.0113 dB] [ET   468 ] [L0 ] [L1 ]
POC    16 TId: 1 (      STSA, B-SLICE, QP 28, TF 2)      64672 bits [Y 39.5372 dB    U 42.3872 dB    V 43.1362 dB] [ET   652 ] [L0 0 ] [L1 0 ]
POC     8 TId: 2 (      STSA, B-SLICE, QP 29, TF 1)      38536 bits [Y 39.4708 dB    U 42.4609 dB    V 43.4915 dB] [ET   921 ] [L0 0 16 ] [L1 16 0 ]
POC     4 TId: 3 (      STSA, B-SLICE, QP 32, TF 0)      23608 bits [Y 39.1076 dB    U 42.2273 dB    V 43.1641 dB] [ET   801 ] [L0 0 8 ] [L1 8 16 ]
POC     2 TId: 4 (      STSA, B-SLICE, QP 34)            10976 bits [Y 39.1455 dB    U 42.6432 dB    V 43.4697 dB] [ET   567 ] [L0 0 4 ] [L1 4 8 ]
POC     1 TId: 5 (      STSA, B-SLICE, QP 36)              240 bits [Y 41.6478 dB    U 43.8365 dB    V 45.0113 dB] [ET   188 ] [L0 0 2 ] [L1 2 4 ]
POC     3 TId: 5 (      STSA, B-SLICE, QP 36)             6600 bits [Y 38.4534 dB    U 42.1728 dB    V 42.8324 dB] [ET   472 ] [L0 2 0 ] [L1 4 8 ]
POC     6 TId: 4 (      STSA, B-SLICE, QP 34)            14448 bits [Y 38.7064 dB    U 42.1418 dB    V 42.8353 dB] [ET   746 ] [L0 4 0 ] [L1 8 16 ]
POC     5 TId: 5 (      STSA, B-SLICE, QP 36)             6792 bits [Y 38.0643 dB    U 41.9836 dB    V 42.5679 dB] [ET   467 ] [L0 4 0 ] [L1 6 8 ]
POC     7 TId: 5 (      STSA, B-SLICE, QP 36)             7240 bits [Y 38.0340 dB    U 42.1700 dB    V 42.7946 dB] [ET   526 ] [L0 6 4 ] [L1 8 16 ]
POC    12 TId: 3 (      STSA, B-SLICE, QP 32, TF 0)      26184 bits [Y 38.5159 dB    U 41.8598 dB    V 42.5001 dB] [ET   873 ] [L0 8 0 ] [L1 16 8 ]
POC    10 TId: 4 (      STSA, B-SLICE, QP 34)            16080 bits [Y 38.3330 dB    U 41.8172 dB    V 42.4235 dB] [ET   942 ] [L0 8 0 ] [L1 12 16 ]
POC     9 TId: 5 (      STSA, B-SLICE, QP 36)             7024 bits [Y 38.3627 dB    U 42.0269 dB    V 42.6867 dB] [ET   543 ] [L0 8 0 ] [L1 10 12 ]
POC    11 TId: 5 (      STSA, B-SLICE, QP 36)             8040 bits [Y 38.0486 dB    U 41.8556 dB    V 42.1943 dB] [ET   532 ] [L0 10 8 ] [L1 12 16 ]
POC    14 TId: 4 (      STSA, B-SLICE, QP 34)            16440 bits [Y 38.2442 dB    U 41.6653 dB    V 42.1411 dB] [ET   668 ] [L0 12 8 ] [L1 16 12 ]
POC    13 TId: 5 (      STSA, B-SLICE, QP 36)             7760 bits [Y 37.8475 dB    U 41.7147 dB    V 42.0452 dB] [ET   488 ] [L0 12 8 ] [L1 14 16 ]
POC    15 TId: 5 (      STSA, B-SLICE, QP 36)             6696 bits [Y 37.9170 dB    U 41.8236 dB    V 42.1598 dB] [ET   376 ] [L0 14 12 ] [L1 16 14 ]

	Total Frames |   Bitrate     Y-PSNR    U-PSNR    V-PSNR    YUV-PSNR   
	       17    a    1661.8588   38.8873   42.2719   42.9685   39.6961

 finished @ Mon Apr 17 19:36:19 2023
 Total Time:    10242.230 sec. [user]    10247.557 sec. [elapsed]

Level: 0
Inject Calls: 11214642080
Errors injected by bit:
	Bit 0: 11214196
	Bit 1: 11211246
	Bit 2: 11212729
	Bit 3: 11213261
	Bit 4: 11216335
	Bit 5: 11208659
	Bit 6: 11212958
	Bit 7: 11215334

Total errors injected: 89704718
