vvencFFapp: Fraunhofer VVC Encoder ver. 1.5.0 [Linux][GCC 11.3.0][64 bit][SIMD=AVX2]
 started @ Wed Apr 19 04:21:09 2023
CODING TOOL CFG: CTU128 QT44BTT21 IBD:1 SAO:1 ALF:1 (NonLinLuma:0 NonLinChr:0) CCALF:1 Tiles:1x1 Slices:1 WPP:0 WPP-Substreams:1 TMVP:1 DQ:1 SDH:0 CST:1 BDOF:1 DMVR:1 MTSImplicit:1 SBT:0 JCbCr:1 CabacInitPresent:1 AMVR:5 SMVD:3 LMCS:2 (Signal:SDR Opt:0) CIIP:0 MIP:1 AFFINE:2 (PROF:1, Type:1) MMVD:3 DisFracMMVD:1 SbTMVP:1 GPM:3 LFNST:1 MTS:0 ISP:3 TS:2 TSLog2MaxSize:4 useChromaTS:0 BDPCM:2 IBC:2 BCW:0 
ENC. ALG. CFG: QPA:0 HAD:1 RDQ:1 RDQTS:1 ASR:1 MinSearchWindow:96 RestrictMESampling:0 EDO:2 MCTF:2 
PRE-ANALYSIS CFG: STA:1 LeadFrames:0 TrailFrames:0 
FAST TOOL CFG: ECU:0 FEN:1 FDM:1 FastSearch:4 (SCC:2) LCTUFast:1 FastMrg:2 PBIntraFast:1 AMaxBT:1 FastQtBtEnc:1 ContentBasedFastQtbt:0 FastMIP:3 FastIntraTools:0 IntraEstDecBit:2 FastLocalDualTree:1 IntegerET:0 FastSubPel:1 QtbttExtraFast:3 FastTTSplit:0 IBCFastMethod:3 FIM:0 ALFSpeed:0 QuantThr: 4 
RATE CONTROL CFG: RateControl:0 LookAhead:0 
PARALLEL PROCESSING CFG: NumThreads:0 MaxParallelFrames:0 WppBitEqual:0 WF:0 

POC     0 TId: 0 (  IDR_N_LP, I-SLICE, QP 34, TF 2)     142152 bits [Y 34.7290 dB    U 39.0714 dB    V 39.9878 dB] [ET   286 ] [L0 ] [L1 ]
POC    16 TId: 1 (      STSA, B-SLICE, QP 40, TF 1)      22160 bits [Y 32.2906 dB    U 38.1476 dB    V 38.8798 dB] [ET   377 ] [L0 0 ] [L1 0 ]
POC     8 TId: 2 (      STSA, B-SLICE, QP 40, TF 0)      11000 bits [Y 32.8427 dB    U 38.4200 dB    V 39.3414 dB] [ET   430 ] [L0 0 16 ] [L1 16 0 ]
POC     4 TId: 3 (      STSA, B-SLICE, QP 43)             4288 bits [Y 32.9128 dB    U 38.6749 dB    V 39.5596 dB] [ET   331 ] [L0 0 8 ] [L1 8 16 ]
POC     2 TId: 4 (      STSA, B-SLICE, QP 45)             1720 bits [Y 33.0454 dB    U 38.8572 dB    V 39.7389 dB] [ET   202 ] [L0 0 4 ] [L1 4 8 ]
POC     1 TId: 5 (      STSA, B-SLICE, QP 46)              696 bits [Y 33.6130 dB    U 38.9123 dB    V 39.9018 dB] [ET   139 ] [L0 0 2 ] [L1 2 4 ]
POC     3 TId: 5 (      STSA, B-SLICE, QP 46)              584 bits [Y 32.7603 dB    U 38.8481 dB    V 39.6977 dB] [ET   168 ] [L0 2 0 ] [L1 4 8 ]
POC     6 TId: 4 (      STSA, B-SLICE, QP 45)             2048 bits [Y 32.4154 dB    U 38.5937 dB    V 39.4732 dB] [ET   254 ] [L0 4 0 ] [L1 8 16 ]
POC     5 TId: 5 (      STSA, B-SLICE, QP 46)              800 bits [Y 32.4552 dB    U 38.5941 dB    V 39.5055 dB] [ET   182 ] [L0 4 0 ] [L1 6 8 ]
POC     7 TId: 5 (      STSA, B-SLICE, QP 46)              728 bits [Y 32.4990 dB    U 38.5287 dB    V 39.4409 dB] [ET   210 ] [L0 6 4 ] [L1 8 16 ]
POC    12 TId: 3 (      STSA, B-SLICE, QP 43)             5272 bits [Y 32.0472 dB    U 38.2464 dB    V 39.0498 dB] [ET   387 ] [L0 8 0 ] [L1 16 8 ]
POC    10 TId: 4 (      STSA, B-SLICE, QP 45)             1904 bits [Y 31.9279 dB    U 38.3093 dB    V 39.1579 dB] [ET   277 ] [L0 8 0 ] [L1 12 16 ]
POC     9 TId: 5 (      STSA, B-SLICE, QP 46)              848 bits [Y 32.2144 dB    U 38.4295 dB    V 39.2884 dB] [ET   194 ] [L0 8 0 ] [L1 10 12 ]
POC    11 TId: 5 (      STSA, B-SLICE, QP 46)              744 bits [Y 31.7984 dB    U 38.2656 dB    V 39.0928 dB] [ET   200 ] [L0 10 8 ] [L1 12 16 ]
POC    14 TId: 4 (      STSA, B-SLICE, QP 45)             2160 bits [Y 31.6701 dB    U 38.1305 dB    V 38.8606 dB] [ET   249 ] [L0 12 8 ] [L1 16 12 ]
POC    13 TId: 5 (      STSA, B-SLICE, QP 46)             1024 bits [Y 31.6534 dB    U 38.2525 dB    V 38.9653 dB] [ET   205 ] [L0 12 8 ] [L1 14 16 ]
POC    15 TId: 5 (      STSA, B-SLICE, QP 46)             1008 bits [Y 31.7452 dB    U 38.1878 dB    V 38.8838 dB] [ET   163 ] [L0 14 12 ] [L1 16 14 ]

	Total Frames |   Bitrate     Y-PSNR    U-PSNR    V-PSNR    YUV-PSNR   
	       17    a     702.8329   32.5070   38.4982   39.3426   33.7388

 finished @ Wed Apr 19 05:32:22 2023
 Total Time:     4269.740 sec. [user]     4272.194 sec. [elapsed]

Level: 0
Inject Calls: 4723478656
Errors injected by bit:
	Bit 0: 473263
	Bit 1: 472742
	Bit 2: 471588
	Bit 3: 472699
	Bit 4: 472086
	Bit 5: 472083
	Bit 6: 470920
	Bit 7: 471711

Total errors injected: 3777092
