vvencFFapp: Fraunhofer VVC Encoder ver. 1.5.0 [Linux][GCC 11.3.0][64 bit][SIMD=AVX2]
 started @ Tue Apr 18 10:40:49 2023
CODING TOOL CFG: CTU128 QT44BTT21 IBD:1 SAO:1 ALF:1 (NonLinLuma:0 NonLinChr:0) CCALF:1 Tiles:1x1 Slices:1 WPP:0 WPP-Substreams:1 TMVP:1 DQ:1 SDH:0 CST:1 BDOF:1 DMVR:1 MTSImplicit:1 SBT:0 JCbCr:1 CabacInitPresent:1 AMVR:5 SMVD:3 LMCS:2 (Signal:SDR Opt:0) CIIP:0 MIP:1 AFFINE:2 (PROF:1, Type:1) MMVD:3 DisFracMMVD:1 SbTMVP:1 GPM:3 LFNST:1 MTS:0 ISP:3 TS:2 TSLog2MaxSize:4 useChromaTS:0 BDPCM:2 IBC:2 BCW:0 
ENC. ALG. CFG: QPA:0 HAD:1 RDQ:1 RDQTS:1 ASR:1 MinSearchWindow:96 RestrictMESampling:0 EDO:2 MCTF:2 
PRE-ANALYSIS CFG: STA:1 LeadFrames:0 TrailFrames:0 
FAST TOOL CFG: ECU:0 FEN:1 FDM:1 FastSearch:4 (SCC:2) LCTUFast:1 FastMrg:2 PBIntraFast:1 AMaxBT:1 FastQtBtEnc:1 ContentBasedFastQtbt:0 FastMIP:3 FastIntraTools:0 IntraEstDecBit:2 FastLocalDualTree:1 IntegerET:0 FastSubPel:1 QtbttExtraFast:3 FastTTSplit:0 IBCFastMethod:3 FIM:0 ALFSpeed:0 QuantThr: 4 
RATE CONTROL CFG: RateControl:0 LookAhead:0 
PARALLEL PROCESSING CFG: NumThreads:0 MaxParallelFrames:0 WppBitEqual:0 WF:0 

POC     0 TId: 0 (  IDR_N_LP, I-SLICE, QP 34, TF 2)      85368 bits [Y 35.6254 dB    U 39.1515 dB    V 40.0627 dB] [ET   194 ] [L0 ] [L1 ]
POC    16 TId: 1 (      STSA, B-SLICE, QP 40, TF 1)      16048 bits [Y 33.6191 dB    U 38.0552 dB    V 38.0403 dB] [ET   432 ] [L0 0 ] [L1 0 ]
POC     8 TId: 2 (      STSA, B-SLICE, QP 40, TF 0)      11032 bits [Y 33.8873 dB    U 38.2680 dB    V 38.9512 dB] [ET   662 ] [L0 0 16 ] [L1 16 0 ]
POC     4 TId: 3 (      STSA, B-SLICE, QP 43)             6240 bits [Y 33.5439 dB    U 38.1584 dB    V 38.7277 dB] [ET   611 ] [L0 0 8 ] [L1 8 16 ]
POC     2 TId: 4 (      STSA, B-SLICE, QP 45)             2400 bits [Y 33.7541 dB    U 38.6066 dB    V 39.1076 dB] [ET   473 ] [L0 0 4 ] [L1 4 8 ]
POC     1 TId: 5 (      STSA, B-SLICE, QP 46)              224 bits [Y 35.6254 dB    U 39.1515 dB    V 40.0627 dB] [ET   150 ] [L0 0 2 ] [L1 2 4 ]
POC     3 TId: 5 (      STSA, B-SLICE, QP 46)             1472 bits [Y 33.2723 dB    U 38.1796 dB    V 38.6826 dB] [ET   296 ] [L0 2 0 ] [L1 4 8 ]
POC     6 TId: 4 (      STSA, B-SLICE, QP 45)             3048 bits [Y 33.0136 dB    U 38.0505 dB    V 38.4078 dB] [ET   524 ] [L0 4 0 ] [L1 8 16 ]
POC     5 TId: 5 (      STSA, B-SLICE, QP 46)             1336 bits [Y 32.7222 dB    U 37.9311 dB    V 38.5209 dB] [ET   327 ] [L0 4 0 ] [L1 6 8 ]
POC     7 TId: 5 (      STSA, B-SLICE, QP 46)             1624 bits [Y 32.8563 dB    U 37.9978 dB    V 38.4814 dB] [ET   327 ] [L0 6 4 ] [L1 8 16 ]
POC    12 TId: 3 (      STSA, B-SLICE, QP 43)             6896 bits [Y 32.9995 dB    U 37.8840 dB    V 38.3070 dB] [ET   647 ] [L0 8 0 ] [L1 16 8 ]
POC    10 TId: 4 (      STSA, B-SLICE, QP 45)             3512 bits [Y 32.7910 dB    U 37.8838 dB    V 38.1689 dB] [ET   641 ] [L0 8 0 ] [L1 12 16 ]
POC     9 TId: 5 (      STSA, B-SLICE, QP 46)             1520 bits [Y 33.1369 dB    U 37.9986 dB    V 38.4315 dB] [ET   350 ] [L0 8 0 ] [L1 10 12 ]
POC    11 TId: 5 (      STSA, B-SLICE, QP 46)             1688 bits [Y 32.7132 dB    U 37.7830 dB    V 38.0325 dB] [ET   317 ] [L0 10 8 ] [L1 12 16 ]
POC    14 TId: 4 (      STSA, B-SLICE, QP 45)             3384 bits [Y 32.6411 dB    U 37.7026 dB    V 37.7385 dB] [ET   493 ] [L0 12 8 ] [L1 16 12 ]
POC    13 TId: 5 (      STSA, B-SLICE, QP 46)             1504 bits [Y 32.5494 dB    U 37.7871 dB    V 37.8893 dB] [ET   342 ] [L0 12 8 ] [L1 14 16 ]
POC    15 TId: 5 (      STSA, B-SLICE, QP 46)             1448 bits [Y 32.7626 dB    U 37.9123 dB    V 37.7844 dB] [ET   232 ] [L0 14 12 ] [L1 16 14 ]

	Total Frames |   Bitrate     Y-PSNR    U-PSNR    V-PSNR    YUV-PSNR   
	       17    a     437.4824   33.3831   38.1472   38.5527   34.4235

 finished @ Tue Apr 18 12:38:01 2023
 Total Time:     7026.742 sec. [user]     7031.679 sec. [elapsed]

Level: 0
Inject Calls: 8117325120
Errors injected by bit:
	Bit 0: 8115
	Bit 1: 7977
	Bit 2: 8041
	Bit 3: 7971
	Bit 4: 8207
	Bit 5: 7983
	Bit 6: 7889
	Bit 7: 8226

Total errors injected: 64409
