vvencFFapp: Fraunhofer VVC Encoder ver. 1.5.0 [Linux][GCC 11.3.0][64 bit][SIMD=AVX2]
 started @ Tue Apr 18 01:40:41 2023
CODING TOOL CFG: CTU128 QT44BTT21 IBD:1 SAO:1 ALF:1 (NonLinLuma:0 NonLinChr:0) CCALF:1 Tiles:1x1 Slices:1 WPP:0 WPP-Substreams:1 TMVP:1 DQ:1 SDH:0 CST:1 BDOF:1 DMVR:1 MTSImplicit:1 SBT:0 JCbCr:1 CabacInitPresent:1 AMVR:5 SMVD:3 LMCS:2 (Signal:SDR Opt:0) CIIP:0 MIP:1 AFFINE:2 (PROF:1, Type:1) MMVD:3 DisFracMMVD:1 SbTMVP:1 GPM:3 LFNST:1 MTS:0 ISP:3 TS:2 TSLog2MaxSize:4 useChromaTS:0 BDPCM:2 IBC:2 BCW:0 
ENC. ALG. CFG: QPA:0 HAD:1 RDQ:1 RDQTS:1 ASR:1 MinSearchWindow:96 RestrictMESampling:0 EDO:2 MCTF:2 
PRE-ANALYSIS CFG: STA:1 LeadFrames:0 TrailFrames:0 
FAST TOOL CFG: ECU:0 FEN:1 FDM:1 FastSearch:4 (SCC:2) LCTUFast:1 FastMrg:2 PBIntraFast:1 AMaxBT:1 FastQtBtEnc:1 ContentBasedFastQtbt:0 FastMIP:3 FastIntraTools:0 IntraEstDecBit:2 FastLocalDualTree:1 IntegerET:0 FastSubPel:1 QtbttExtraFast:3 FastTTSplit:0 IBCFastMethod:3 FIM:0 ALFSpeed:0 QuantThr: 4 
RATE CONTROL CFG: RateControl:0 LookAhead:0 
PARALLEL PROCESSING CFG: NumThreads:0 MaxParallelFrames:0 WppBitEqual:0 WF:0 

POC     0 TId: 0 (  IDR_N_LP, I-SLICE, QP 29, TF 2)     160808 bits [Y 38.4367 dB    U 41.6230 dB    V 42.6136 dB] [ET   341 ] [L0 ] [L1 ]
POC    16 TId: 1 (      STSA, B-SLICE, QP 34, TF 1)      30440 bits [Y 36.4928 dB    U 39.9172 dB    V 39.9899 dB] [ET   576 ] [L0 0 ] [L1 0 ]
POC     8 TId: 2 (      STSA, B-SLICE, QP 35, TF 0)      19256 bits [Y 36.5073 dB    U 40.1220 dB    V 40.8033 dB] [ET   832 ] [L0 0 16 ] [L1 16 0 ]
POC     4 TId: 3 (      STSA, B-SLICE, QP 38)            11808 bits [Y 36.1981 dB    U 40.2421 dB    V 40.7881 dB] [ET   682 ] [L0 0 8 ] [L1 8 16 ]
POC     2 TId: 4 (      STSA, B-SLICE, QP 40)             5064 bits [Y 36.3033 dB    U 40.8847 dB    V 41.3372 dB] [ET   424 ] [L0 0 4 ] [L1 4 8 ]
POC     1 TId: 5 (      STSA, B-SLICE, QP 41)              240 bits [Y 38.4367 dB    U 41.6230 dB    V 42.6136 dB] [ET   182 ] [L0 0 2 ] [L1 2 4 ]
POC     3 TId: 5 (      STSA, B-SLICE, QP 41)             3336 bits [Y 35.8022 dB    U 40.4144 dB    V 40.7784 dB] [ET   368 ] [L0 2 0 ] [L1 4 8 ]
POC     6 TId: 4 (      STSA, B-SLICE, QP 40)             6400 bits [Y 35.5696 dB    U 40.0156 dB    V 40.4429 dB] [ET   586 ] [L0 4 0 ] [L1 8 16 ]
POC     5 TId: 5 (      STSA, B-SLICE, QP 41)             3632 bits [Y 35.3348 dB    U 40.0309 dB    V 40.4572 dB] [ET   400 ] [L0 4 0 ] [L1 6 8 ]
POC     7 TId: 5 (      STSA, B-SLICE, QP 41)             3192 bits [Y 35.2904 dB    U 40.0059 dB    V 40.3873 dB] [ET   390 ] [L0 6 4 ] [L1 8 16 ]
POC    12 TId: 3 (      STSA, B-SLICE, QP 38)            13528 bits [Y 35.6328 dB    U 39.7970 dB    V 40.1919 dB] [ET   683 ] [L0 8 0 ] [L1 16 8 ]
POC    10 TId: 4 (      STSA, B-SLICE, QP 40)             7248 bits [Y 35.3531 dB    U 39.9146 dB    V 40.2175 dB] [ET   736 ] [L0 8 0 ] [L1 12 16 ]
POC     9 TId: 5 (      STSA, B-SLICE, QP 41)             3424 bits [Y 35.6994 dB    U 40.0362 dB    V 40.4698 dB] [ET   428 ] [L0 8 0 ] [L1 10 12 ]
POC    11 TId: 5 (      STSA, B-SLICE, QP 41)             3680 bits [Y 35.2509 dB    U 39.8197 dB    V 40.0167 dB] [ET   434 ] [L0 10 8 ] [L1 12 16 ]
POC    14 TId: 4 (      STSA, B-SLICE, QP 40)             7456 bits [Y 35.2036 dB    U 39.7452 dB    V 39.7776 dB] [ET   529 ] [L0 12 8 ] [L1 16 12 ]
POC    13 TId: 5 (      STSA, B-SLICE, QP 41)             3680 bits [Y 35.0722 dB    U 39.8149 dB    V 39.8839 dB] [ET   494 ] [L0 12 8 ] [L1 14 16 ]
POC    15 TId: 5 (      STSA, B-SLICE, QP 41)             3120 bits [Y 35.2773 dB    U 39.7131 dB    V 39.7531 dB] [ET   287 ] [L0 14 12 ] [L1 16 14 ]

	Total Frames |   Bitrate     Y-PSNR    U-PSNR    V-PSNR    YUV-PSNR   
	       17    a     842.0941   35.9918   40.2188   40.6189   36.9375

 finished @ Tue Apr 18 04:00:28 2023
 Total Time:     8381.062 sec. [user]     8387.897 sec. [elapsed]

Level: 0
Inject Calls: 9289074208
Errors injected by bit:
	Bit 0: 9290910
	Bit 1: 9290743
	Bit 2: 9294882
	Bit 3: 9287808
	Bit 4: 9288576
	Bit 5: 9287720
	Bit 6: 9289843
	Bit 7: 9284367

Total errors injected: 74314849
