vvencFFapp: Fraunhofer VVC Encoder ver. 1.5.0 [Linux][GCC 11.3.0][64 bit][SIMD=AVX2]
 started @ Wed Apr 19 04:26:08 2023
CODING TOOL CFG: CTU128 QT44BTT21 IBD:1 SAO:1 ALF:1 (NonLinLuma:0 NonLinChr:0) CCALF:1 Tiles:1x1 Slices:1 WPP:0 WPP-Substreams:1 TMVP:1 DQ:1 SDH:0 CST:1 BDOF:1 DMVR:1 MTSImplicit:1 SBT:0 JCbCr:1 CabacInitPresent:1 AMVR:5 SMVD:3 LMCS:2 (Signal:SDR Opt:0) CIIP:0 MIP:1 AFFINE:2 (PROF:1, Type:1) MMVD:3 DisFracMMVD:1 SbTMVP:1 GPM:3 LFNST:1 MTS:0 ISP:3 TS:2 TSLog2MaxSize:4 useChromaTS:0 BDPCM:2 IBC:2 BCW:0 
ENC. ALG. CFG: QPA:0 HAD:1 RDQ:1 RDQTS:1 ASR:1 MinSearchWindow:96 RestrictMESampling:0 EDO:2 MCTF:2 
PRE-ANALYSIS CFG: STA:1 LeadFrames:0 TrailFrames:0 
FAST TOOL CFG: ECU:0 FEN:1 FDM:1 FastSearch:4 (SCC:2) LCTUFast:1 FastMrg:2 PBIntraFast:1 AMaxBT:1 FastQtBtEnc:1 ContentBasedFastQtbt:0 FastMIP:3 FastIntraTools:0 IntraEstDecBit:2 FastLocalDualTree:1 IntegerET:0 FastSubPel:1 QtbttExtraFast:3 FastTTSplit:0 IBCFastMethod:3 FIM:0 ALFSpeed:0 QuantThr: 4 
RATE CONTROL CFG: RateControl:0 LookAhead:0 
PARALLEL PROCESSING CFG: NumThreads:0 MaxParallelFrames:0 WppBitEqual:0 WF:0 

POC     0 TId: 0 (  IDR_N_LP, I-SLICE, QP 34, TF 2)     142152 bits [Y 34.7290 dB    U 39.0714 dB    V 39.9878 dB] [ET   228 ] [L0 ] [L1 ]
POC    16 TId: 1 (      STSA, B-SLICE, QP 40, TF 1)      22592 bits [Y 32.3025 dB    U 38.2128 dB    V 38.8812 dB] [ET   380 ] [L0 0 ] [L1 0 ]
POC     8 TId: 2 (      STSA, B-SLICE, QP 40, TF 0)      10624 bits [Y 32.8335 dB    U 38.4373 dB    V 39.3463 dB] [ET   444 ] [L0 0 16 ] [L1 16 0 ]
POC     4 TId: 3 (      STSA, B-SLICE, QP 43)             4440 bits [Y 32.8801 dB    U 38.7040 dB    V 39.5230 dB] [ET   348 ] [L0 0 8 ] [L1 8 16 ]
POC     2 TId: 4 (      STSA, B-SLICE, QP 45)             1752 bits [Y 33.0514 dB    U 38.8825 dB    V 39.7673 dB] [ET   208 ] [L0 0 4 ] [L1 4 8 ]
POC     1 TId: 5 (      STSA, B-SLICE, QP 46)              760 bits [Y 33.6186 dB    U 38.9222 dB    V 39.9097 dB] [ET   139 ] [L0 0 2 ] [L1 2 4 ]
POC     3 TId: 5 (      STSA, B-SLICE, QP 46)              688 bits [Y 32.7964 dB    U 38.8285 dB    V 39.6811 dB] [ET   177 ] [L0 2 0 ] [L1 4 8 ]
POC     6 TId: 4 (      STSA, B-SLICE, QP 45)             1872 bits [Y 32.3598 dB    U 38.6015 dB    V 39.4548 dB] [ET   272 ] [L0 4 0 ] [L1 8 16 ]
POC     5 TId: 5 (      STSA, B-SLICE, QP 46)              824 bits [Y 32.3873 dB    U 38.6088 dB    V 39.4961 dB] [ET   178 ] [L0 4 0 ] [L1 6 8 ]
POC     7 TId: 5 (      STSA, B-SLICE, QP 46)              848 bits [Y 32.4898 dB    U 38.5502 dB    V 39.4589 dB] [ET   190 ] [L0 6 4 ] [L1 8 16 ]
POC    12 TId: 3 (      STSA, B-SLICE, QP 43)             5016 bits [Y 32.0078 dB    U 38.2562 dB    V 39.0432 dB] [ET   384 ] [L0 8 0 ] [L1 16 8 ]
POC    10 TId: 4 (      STSA, B-SLICE, QP 45)             1944 bits [Y 32.0481 dB    U 38.3605 dB    V 39.1518 dB] [ET   262 ] [L0 8 0 ] [L1 12 16 ]
POC     9 TId: 5 (      STSA, B-SLICE, QP 46)              856 bits [Y 32.2568 dB    U 38.4564 dB    V 39.2705 dB] [ET   196 ] [L0 8 0 ] [L1 10 12 ]
POC    11 TId: 5 (      STSA, B-SLICE, QP 46)              752 bits [Y 31.7831 dB    U 38.2636 dB    V 39.0950 dB] [ET   222 ] [L0 10 8 ] [L1 12 16 ]
POC    14 TId: 4 (      STSA, B-SLICE, QP 45)             2248 bits [Y 31.6698 dB    U 38.1260 dB    V 38.9075 dB] [ET   225 ] [L0 12 8 ] [L1 16 12 ]
POC    13 TId: 5 (      STSA, B-SLICE, QP 46)             1000 bits [Y 31.6389 dB    U 38.2333 dB    V 38.9673 dB] [ET   207 ] [L0 12 8 ] [L1 14 16 ]
POC    15 TId: 5 (      STSA, B-SLICE, QP 46)             1088 bits [Y 31.7914 dB    U 38.2208 dB    V 38.9246 dB] [ET   128 ] [L0 14 12 ] [L1 16 14 ]

	Total Frames |   Bitrate     Y-PSNR    U-PSNR    V-PSNR    YUV-PSNR   
	       17    a     703.9624   32.5085   38.5139   39.3451   33.7418

 finished @ Wed Apr 19 05:36:11 2023
 Total Time:     4200.693 sec. [user]     4202.309 sec. [elapsed]

Level: 0
Inject Calls: 4740419392
Errors injected by bit:
	Bit 0: 47657
	Bit 1: 47271
	Bit 2: 47695
	Bit 3: 47588
	Bit 4: 47486
	Bit 5: 47336
	Bit 6: 47469
	Bit 7: 47518

Total errors injected: 380020
