vvencFFapp: Fraunhofer VVC Encoder ver. 1.5.0 [Linux][GCC 11.3.0][64 bit][SIMD=AVX2]
 started @ Mon Apr 17 08:55:21 2023
CODING TOOL CFG: CTU128 QT44BTT21 IBD:1 SAO:1 ALF:1 (NonLinLuma:0 NonLinChr:0) CCALF:1 Tiles:1x1 Slices:1 WPP:0 WPP-Substreams:1 TMVP:1 DQ:1 SDH:0 CST:1 BDOF:1 DMVR:1 MTSImplicit:1 SBT:0 JCbCr:1 CabacInitPresent:1 AMVR:5 SMVD:3 LMCS:2 (Signal:SDR Opt:0) CIIP:0 MIP:1 AFFINE:2 (PROF:1, Type:1) MMVD:3 DisFracMMVD:1 SbTMVP:1 GPM:3 LFNST:1 MTS:0 ISP:3 TS:2 TSLog2MaxSize:4 useChromaTS:0 BDPCM:2 IBC:2 BCW:0 
ENC. ALG. CFG: QPA:0 HAD:1 RDQ:1 RDQTS:1 ASR:1 MinSearchWindow:96 RestrictMESampling:0 EDO:2 MCTF:2 
PRE-ANALYSIS CFG: STA:1 LeadFrames:0 TrailFrames:0 
FAST TOOL CFG: ECU:0 FEN:1 FDM:1 FastSearch:4 (SCC:2) LCTUFast:1 FastMrg:2 PBIntraFast:1 AMaxBT:1 FastQtBtEnc:1 ContentBasedFastQtbt:0 FastMIP:3 FastIntraTools:0 IntraEstDecBit:2 FastLocalDualTree:1 IntegerET:0 FastSubPel:1 QtbttExtraFast:3 FastTTSplit:0 IBCFastMethod:3 FIM:0 ALFSpeed:0 QuantThr: 4 
RATE CONTROL CFG: RateControl:0 LookAhead:0 
PARALLEL PROCESSING CFG: NumThreads:0 MaxParallelFrames:0 WppBitEqual:0 WF:0 

POC     0 TId: 0 (  IDR_N_LP, I-SLICE, QP 19, TF 3)     564808 bits [Y 45.1467 dB    U 46.3576 dB    V 47.8581 dB] [ET   612 ] [L0 ] [L1 ]
POC    16 TId: 1 (      STSA, B-SLICE, QP 22, TF 2)     140536 bits [Y 42.6783 dB    U 44.8577 dB    V 45.9924 dB] [ET   791 ] [L0 0 ] [L1 0 ]
POC     8 TId: 2 (      STSA, B-SLICE, QP 23, TF 1)      79080 bits [Y 42.2929 dB    U 44.7557 dB    V 46.1697 dB] [ET   966 ] [L0 0 16 ] [L1 16 0 ]
POC     4 TId: 3 (      STSA, B-SLICE, QP 26, TF 0)      47544 bits [Y 41.9143 dB    U 44.4046 dB    V 45.6995 dB] [ET   923 ] [L0 0 8 ] [L1 8 16 ]
POC     2 TId: 4 (      STSA, B-SLICE, QP 28)            24968 bits [Y 41.8730 dB    U 44.7899 dB    V 46.0378 dB] [ET   711 ] [L0 0 4 ] [L1 4 8 ]
POC     1 TId: 5 (      STSA, B-SLICE, QP 29)              256 bits [Y 45.1467 dB    U 46.3576 dB    V 47.8581 dB] [ET   262 ] [L0 0 2 ] [L1 2 4 ]
POC     3 TId: 5 (      STSA, B-SLICE, QP 29)            19232 bits [Y 41.5708 dB    U 44.3436 dB    V 45.4742 dB] [ET   684 ] [L0 2 0 ] [L1 4 8 ]
POC     6 TId: 4 (      STSA, B-SLICE, QP 28)            31160 bits [Y 41.5686 dB    U 44.2049 dB    V 45.3408 dB] [ET   876 ] [L0 4 0 ] [L1 8 16 ]
POC     5 TId: 5 (      STSA, B-SLICE, QP 29)            20856 bits [Y 41.2334 dB    U 44.0455 dB    V 45.2523 dB] [ET   730 ] [L0 4 0 ] [L1 6 8 ]
POC     7 TId: 5 (      STSA, B-SLICE, QP 29)            21616 bits [Y 41.1699 dB    U 44.2192 dB    V 45.3560 dB] [ET   705 ] [L0 6 4 ] [L1 8 16 ]
POC    12 TId: 3 (      STSA, B-SLICE, QP 26, TF 0)      54552 bits [Y 41.4957 dB    U 44.1150 dB    V 45.2571 dB] [ET   993 ] [L0 8 0 ] [L1 16 8 ]
POC    10 TId: 4 (      STSA, B-SLICE, QP 28)            36312 bits [Y 41.2621 dB    U 44.0100 dB    V 45.0886 dB] [ET  1030 ] [L0 8 0 ] [L1 12 16 ]
POC     9 TId: 5 (      STSA, B-SLICE, QP 29)            20568 bits [Y 41.4867 dB    U 44.2395 dB    V 45.3449 dB] [ET   719 ] [L0 8 0 ] [L1 10 12 ]
POC    11 TId: 5 (      STSA, B-SLICE, QP 29)            22824 bits [Y 41.2475 dB    U 44.0329 dB    V 44.8734 dB] [ET   678 ] [L0 10 8 ] [L1 12 16 ]
POC    14 TId: 4 (      STSA, B-SLICE, QP 28)            37640 bits [Y 41.2651 dB    U 43.9422 dB    V 44.7723 dB] [ET   804 ] [L0 12 8 ] [L1 16 12 ]
POC    13 TId: 5 (      STSA, B-SLICE, QP 29)            22816 bits [Y 41.1009 dB    U 43.8829 dB    V 44.8085 dB] [ET   705 ] [L0 12 8 ] [L1 14 16 ]
POC    15 TId: 5 (      STSA, B-SLICE, QP 29)            21608 bits [Y 41.0785 dB    U 44.1711 dB    V 44.7798 dB] [ET   527 ] [L0 14 12 ] [L1 16 14 ]

	Total Frames |   Bitrate     Y-PSNR    U-PSNR    V-PSNR    YUV-PSNR   
	       17    a    3430.5176   41.9724   44.5135   45.6449   42.6450

 finished @ Mon Apr 17 12:27:35 2023
 Total Time:    12733.024 sec. [user]    12733.924 sec. [elapsed]

Level: 0
Inject Calls: 13768109152
Errors injected by bit:
	Bit 0: 13765090
	Bit 1: 13769304
	Bit 2: 13762830
	Bit 3: 13768772
	Bit 4: 13768097
	Bit 5: 13767132
	Bit 6: 13778454
	Bit 7: 13765489

Total errors injected: 110145168
