vvencFFapp: Fraunhofer VVC Encoder ver. 1.5.0 [Linux][GCC 11.3.0][64 bit][SIMD=AVX2]
 started @ Mon Apr 17 09:20:21 2023
CODING TOOL CFG: CTU128 QT44BTT21 IBD:1 SAO:1 ALF:1 (NonLinLuma:0 NonLinChr:0) CCALF:1 Tiles:1x1 Slices:1 WPP:0 WPP-Substreams:1 TMVP:1 DQ:1 SDH:0 CST:1 BDOF:1 DMVR:1 MTSImplicit:1 SBT:0 JCbCr:1 CabacInitPresent:1 AMVR:5 SMVD:3 LMCS:2 (Signal:SDR Opt:0) CIIP:0 MIP:1 AFFINE:2 (PROF:1, Type:1) MMVD:3 DisFracMMVD:1 SbTMVP:1 GPM:3 LFNST:1 MTS:0 ISP:3 TS:2 TSLog2MaxSize:4 useChromaTS:0 BDPCM:2 IBC:2 BCW:0 
ENC. ALG. CFG: QPA:0 HAD:1 RDQ:1 RDQTS:1 ASR:1 MinSearchWindow:96 RestrictMESampling:0 EDO:2 MCTF:2 
PRE-ANALYSIS CFG: STA:1 LeadFrames:0 TrailFrames:0 
FAST TOOL CFG: ECU:0 FEN:1 FDM:1 FastSearch:4 (SCC:2) LCTUFast:1 FastMrg:2 PBIntraFast:1 AMaxBT:1 FastQtBtEnc:1 ContentBasedFastQtbt:0 FastMIP:3 FastIntraTools:0 IntraEstDecBit:2 FastLocalDualTree:1 IntegerET:0 FastSubPel:1 QtbttExtraFast:3 FastTTSplit:0 IBCFastMethod:3 FIM:0 ALFSpeed:0 QuantThr: 4 
RATE CONTROL CFG: RateControl:0 LookAhead:0 
PARALLEL PROCESSING CFG: NumThreads:0 MaxParallelFrames:0 WppBitEqual:0 WF:0 

POC     0 TId: 0 (  IDR_N_LP, I-SLICE, QP 19, TF 3)     564808 bits [Y 45.1467 dB    U 46.3576 dB    V 47.8581 dB] [ET   488 ] [L0 ] [L1 ]
POC    16 TId: 1 (      STSA, B-SLICE, QP 22, TF 2)     140296 bits [Y 42.6679 dB    U 44.8703 dB    V 45.9547 dB] [ET   780 ] [L0 0 ] [L1 0 ]
POC     8 TId: 2 (      STSA, B-SLICE, QP 23, TF 1)      79128 bits [Y 42.2830 dB    U 44.7136 dB    V 46.1120 dB] [ET  1050 ] [L0 0 16 ] [L1 16 0 ]
POC     4 TId: 3 (      STSA, B-SLICE, QP 26, TF 0)      47232 bits [Y 41.9091 dB    U 44.4593 dB    V 45.6230 dB] [ET   920 ] [L0 0 8 ] [L1 8 16 ]
POC     2 TId: 4 (      STSA, B-SLICE, QP 28)            25168 bits [Y 41.9525 dB    U 44.8156 dB    V 46.0686 dB] [ET   728 ] [L0 0 4 ] [L1 4 8 ]
POC     1 TId: 5 (      STSA, B-SLICE, QP 29)              256 bits [Y 45.1467 dB    U 46.3576 dB    V 47.8581 dB] [ET   251 ] [L0 0 2 ] [L1 2 4 ]
POC     3 TId: 5 (      STSA, B-SLICE, QP 29)            18888 bits [Y 41.5672 dB    U 44.3247 dB    V 45.5274 dB] [ET   718 ] [L0 2 0 ] [L1 4 8 ]
POC     6 TId: 4 (      STSA, B-SLICE, QP 28)            31856 bits [Y 41.6146 dB    U 44.1940 dB    V 45.3964 dB] [ET   917 ] [L0 4 0 ] [L1 8 16 ]
POC     5 TId: 5 (      STSA, B-SLICE, QP 29)            20944 bits [Y 41.2481 dB    U 44.0909 dB    V 45.2065 dB] [ET   781 ] [L0 4 0 ] [L1 6 8 ]
POC     7 TId: 5 (      STSA, B-SLICE, QP 29)            21496 bits [Y 41.1726 dB    U 44.3472 dB    V 45.3189 dB] [ET   750 ] [L0 6 4 ] [L1 8 16 ]
POC    12 TId: 3 (      STSA, B-SLICE, QP 26, TF 0)      55016 bits [Y 41.5022 dB    U 44.1904 dB    V 45.2147 dB] [ET  1009 ] [L0 8 0 ] [L1 16 8 ]
POC    10 TId: 4 (      STSA, B-SLICE, QP 28)            36336 bits [Y 41.2660 dB    U 44.0569 dB    V 45.1009 dB] [ET  1042 ] [L0 8 0 ] [L1 12 16 ]
POC     9 TId: 5 (      STSA, B-SLICE, QP 29)            20584 bits [Y 41.5252 dB    U 44.2851 dB    V 45.3298 dB] [ET   735 ] [L0 8 0 ] [L1 10 12 ]
POC    11 TId: 5 (      STSA, B-SLICE, QP 29)            22848 bits [Y 41.2411 dB    U 43.9969 dB    V 44.8424 dB] [ET   745 ] [L0 10 8 ] [L1 12 16 ]
POC    14 TId: 4 (      STSA, B-SLICE, QP 28)            37000 bits [Y 41.2539 dB    U 43.9532 dB    V 44.7312 dB] [ET   764 ] [L0 12 8 ] [L1 16 12 ]
POC    13 TId: 5 (      STSA, B-SLICE, QP 29)            22440 bits [Y 41.0645 dB    U 43.8954 dB    V 44.7639 dB] [ET   673 ] [L0 12 8 ] [L1 14 16 ]
POC    15 TId: 5 (      STSA, B-SLICE, QP 29)            21360 bits [Y 41.0649 dB    U 44.1675 dB    V 44.8141 dB] [ET   530 ] [L0 14 12 ] [L1 16 14 ]

	Total Frames |   Bitrate     Y-PSNR    U-PSNR    V-PSNR    YUV-PSNR   
	       17    a    3428.4000   41.9780   44.5339   45.6306   42.6505

 finished @ Mon Apr 17 12:55:18 2023
 Total Time:    12896.017 sec. [user]    12896.877 sec. [elapsed]

Level: 0
Inject Calls: 14015641600
Errors injected by bit:
	Bit 0: 1400781
	Bit 1: 1401635
	Bit 2: 1400889
	Bit 3: 1402013
	Bit 4: 1401903
	Bit 5: 1401368
	Bit 6: 1398858
	Bit 7: 1402331

Total errors injected: 11209778
