vvencFFapp: Fraunhofer VVC Encoder ver. 1.5.0 [Linux][GCC 11.3.0][64 bit][SIMD=AVX2]
 started @ Fri Apr 21 06:57:06 2023
CODING TOOL CFG: CTU128 QT44BTT21 IBD:1 SAO:1 ALF:1 (NonLinLuma:0 NonLinChr:0) CCALF:1 Tiles:1x1 Slices:1 WPP:0 WPP-Substreams:1 TMVP:1 DQ:1 SDH:0 CST:1 BDOF:1 DMVR:1 MTSImplicit:1 SBT:0 JCbCr:1 CabacInitPresent:1 AMVR:5 SMVD:3 LMCS:2 (Signal:SDR Opt:0) CIIP:0 MIP:1 AFFINE:2 (PROF:1, Type:1) MMVD:3 DisFracMMVD:1 SbTMVP:1 GPM:3 LFNST:1 MTS:0 ISP:3 TS:2 TSLog2MaxSize:4 useChromaTS:0 BDPCM:2 IBC:2 BCW:0 
ENC. ALG. CFG: QPA:0 HAD:1 RDQ:1 RDQTS:1 ASR:1 MinSearchWindow:96 RestrictMESampling:0 EDO:2 MCTF:2 
PRE-ANALYSIS CFG: STA:1 LeadFrames:0 TrailFrames:0 
FAST TOOL CFG: ECU:0 FEN:1 FDM:1 FastSearch:4 (SCC:2) LCTUFast:1 FastMrg:2 PBIntraFast:1 AMaxBT:1 FastQtBtEnc:1 ContentBasedFastQtbt:0 FastMIP:3 FastIntraTools:0 IntraEstDecBit:2 FastLocalDualTree:1 IntegerET:0 FastSubPel:1 QtbttExtraFast:3 FastTTSplit:0 IBCFastMethod:3 FIM:0 ALFSpeed:0 QuantThr: 4 
RATE CONTROL CFG: RateControl:0 LookAhead:0 
PARALLEL PROCESSING CFG: NumThreads:0 MaxParallelFrames:0 WppBitEqual:0 WF:0 

POC     0 TId: 0 (  IDR_N_LP, I-SLICE, QP 24, TF 3)     399128 bits [Y 38.6505 dB    U 40.8666 dB    V 42.1124 dB] [ET   353 ] [L0 ] [L1 ]
POC    16 TId: 1 (      STSA, B-SLICE, QP 28, TF 2)     238544 bits [Y 38.5410 dB    U 40.3412 dB    V 41.5161 dB] [ET  1098 ] [L0 0 ] [L1 0 ]
POC     8 TId: 2 (      STSA, B-SLICE, QP 29, TF 1)     177552 bits [Y 37.2191 dB    U 39.5587 dB    V 40.6947 dB] [ET  1393 ] [L0 0 16 ] [L1 16 0 ]
POC     4 TId: 3 (      STSA, B-SLICE, QP 32, TF 0)      78672 bits [Y 35.9552 dB    U 39.1536 dB    V 40.2676 dB] [ET  1424 ] [L0 0 8 ] [L1 8 16 ]
POC     2 TId: 4 (      STSA, B-SLICE, QP 34)            45560 bits [Y 35.6468 dB    U 39.2747 dB    V 40.5010 dB] [ET  1114 ] [L0 0 4 ] [L1 4 8 ]
POC     1 TId: 5 (      STSA, B-SLICE, QP 36)            22424 bits [Y 35.2593 dB    U 39.4661 dB    V 40.6927 dB] [ET   722 ] [L0 0 2 ] [L1 2 4 ]
POC     3 TId: 5 (      STSA, B-SLICE, QP 36)            20784 bits [Y 34.8973 dB    U 38.8901 dB    V 40.1320 dB] [ET   916 ] [L0 2 0 ] [L1 4 8 ]
POC     6 TId: 4 (      STSA, B-SLICE, QP 34)            42368 bits [Y 35.4681 dB    U 38.8840 dB    V 39.9718 dB] [ET  1363 ] [L0 4 0 ] [L1 8 16 ]
POC     5 TId: 5 (      STSA, B-SLICE, QP 36)            19320 bits [Y 34.8954 dB    U 38.8283 dB    V 40.0014 dB] [ET   933 ] [L0 4 0 ] [L1 6 8 ]
POC     7 TId: 5 (      STSA, B-SLICE, QP 36)            21064 bits [Y 35.0171 dB    U 38.7414 dB    V 39.9469 dB] [ET   897 ] [L0 6 4 ] [L1 8 16 ]
POC    12 TId: 3 (      STSA, B-SLICE, QP 32, TF 0)      78808 bits [Y 35.7617 dB    U 39.2472 dB    V 40.0406 dB] [ET  1583 ] [L0 8 0 ] [L1 16 8 ]
POC    10 TId: 4 (      STSA, B-SLICE, QP 34)            46672 bits [Y 35.3930 dB    U 38.7782 dB    V 39.6700 dB] [ET  1489 ] [L0 8 0 ] [L1 12 16 ]
POC     9 TId: 5 (      STSA, B-SLICE, QP 36)            20952 bits [Y 34.9845 dB    U 38.7736 dB    V 39.9040 dB] [ET   914 ] [L0 8 0 ] [L1 10 12 ]
POC    11 TId: 5 (      STSA, B-SLICE, QP 36)            20360 bits [Y 34.7397 dB    U 38.7225 dB    V 39.5716 dB] [ET   906 ] [L0 10 8 ] [L1 12 16 ]
POC    14 TId: 4 (      STSA, B-SLICE, QP 34)            43920 bits [Y 35.3124 dB    U 39.0619 dB    V 40.0116 dB] [ET  1198 ] [L0 12 8 ] [L1 16 12 ]
POC    13 TId: 5 (      STSA, B-SLICE, QP 36)            19416 bits [Y 34.7503 dB    U 38.8979 dB    V 39.7885 dB] [ET   826 ] [L0 12 8 ] [L1 14 16 ]
POC    15 TId: 5 (      STSA, B-SLICE, QP 36)            19816 bits [Y 34.9901 dB    U 39.2581 dB    V 40.4289 dB] [ET   720 ] [L0 14 12 ] [L1 16 14 ]

	Total Frames |   Bitrate     Y-PSNR    U-PSNR    V-PSNR    YUV-PSNR   
	       17    a    2321.2235   35.7342   39.2202   40.3089   36.5813

 finished @ Fri Apr 21 11:54:52 2023
 Total Time:    17858.582 sec. [user]    17865.907 sec. [elapsed]

Level: 0
Inject Calls: 19675610176
Errors injected by bit:
	Bit 0: 196730
	Bit 1: 196979
	Bit 2: 197487
	Bit 3: 196705
	Bit 4: 196475
	Bit 5: 197026
	Bit 6: 196819
	Bit 7: 196059

Total errors injected: 1574280
