vvencFFapp: Fraunhofer VVC Encoder ver. 1.5.0 [Linux][GCC 11.3.0][64 bit][SIMD=AVX2]
 started @ Thu Apr 20 03:26:34 2023
CODING TOOL CFG: CTU128 QT44BTT21 IBD:1 SAO:1 ALF:1 (NonLinLuma:0 NonLinChr:0) CCALF:1 Tiles:1x1 Slices:1 WPP:0 WPP-Substreams:1 TMVP:1 DQ:1 SDH:0 CST:1 BDOF:1 DMVR:1 MTSImplicit:1 SBT:0 JCbCr:1 CabacInitPresent:1 AMVR:5 SMVD:3 LMCS:2 (Signal:SDR Opt:0) CIIP:0 MIP:1 AFFINE:2 (PROF:1, Type:1) MMVD:3 DisFracMMVD:1 SbTMVP:1 GPM:3 LFNST:1 MTS:0 ISP:3 TS:2 TSLog2MaxSize:4 useChromaTS:0 BDPCM:2 IBC:2 BCW:0 
ENC. ALG. CFG: QPA:0 HAD:1 RDQ:1 RDQTS:1 ASR:1 MinSearchWindow:96 RestrictMESampling:0 EDO:2 MCTF:2 
PRE-ANALYSIS CFG: STA:1 LeadFrames:0 TrailFrames:0 
FAST TOOL CFG: ECU:0 FEN:1 FDM:1 FastSearch:4 (SCC:2) LCTUFast:1 FastMrg:2 PBIntraFast:1 AMaxBT:1 FastQtBtEnc:1 ContentBasedFastQtbt:0 FastMIP:3 FastIntraTools:0 IntraEstDecBit:2 FastLocalDualTree:1 IntegerET:0 FastSubPel:1 QtbttExtraFast:3 FastTTSplit:0 IBCFastMethod:3 FIM:0 ALFSpeed:0 QuantThr: 4 
RATE CONTROL CFG: RateControl:0 LookAhead:0 
PARALLEL PROCESSING CFG: NumThreads:0 MaxParallelFrames:0 WppBitEqual:0 WF:0 

POC     0 TId: 0 (  IDR_N_LP, I-SLICE, QP 29, TF 2)     546496 bits [Y 36.1634 dB    U 38.4868 dB    V 39.1184 dB] [ET   450 ] [L0 ] [L1 ]
POC    16 TId: 1 (      STSA, B-SLICE, QP 34, TF 1)     129848 bits [Y 32.1439 dB    U 36.7252 dB    V 37.0666 dB] [ET   831 ] [L0 0 ] [L1 0 ]
POC     8 TId: 2 (      STSA, B-SLICE, QP 35, TF 0)      78400 bits [Y 31.9970 dB    U 36.7672 dB    V 37.2138 dB] [ET   912 ] [L0 0 16 ] [L1 16 0 ]
POC     4 TId: 3 (      STSA, B-SLICE, QP 38)            36320 bits [Y 31.5469 dB    U 37.0451 dB    V 37.6112 dB] [ET   873 ] [L0 0 8 ] [L1 8 16 ]
POC     2 TId: 4 (      STSA, B-SLICE, QP 40)              232 bits [Y 36.1634 dB    U 38.4868 dB    V 39.1184 dB] [ET   255 ] [L0 0 4 ] [L1 4 8 ]
POC     1 TId: 5 (      STSA, B-SLICE, QP 41)              224 bits [Y 36.1634 dB    U 38.4868 dB    V 39.1184 dB] [ET   202 ] [L0 0 2 ] [L1 2 4 ]
POC     3 TId: 5 (      STSA, B-SLICE, QP 41)             7416 bits [Y 31.4873 dB    U 37.4009 dB    V 38.1321 dB] [ET   410 ] [L0 2 0 ] [L1 4 8 ]
POC     6 TId: 4 (      STSA, B-SLICE, QP 40)            20296 bits [Y 30.4369 dB    U 36.7924 dB    V 37.1961 dB] [ET   681 ] [L0 4 0 ] [L1 8 16 ]
POC     5 TId: 5 (      STSA, B-SLICE, QP 41)             7824 bits [Y 30.3056 dB    U 36.8402 dB    V 37.3667 dB] [ET   406 ] [L0 4 0 ] [L1 6 8 ]
POC     7 TId: 5 (      STSA, B-SLICE, QP 41)             7912 bits [Y 30.3919 dB    U 36.7477 dB    V 37.1644 dB] [ET   408 ] [L0 6 4 ] [L1 8 16 ]
POC    12 TId: 3 (      STSA, B-SLICE, QP 38)            41312 bits [Y 30.7862 dB    U 36.6150 dB    V 36.7793 dB] [ET   945 ] [L0 8 0 ] [L1 16 8 ]
POC    10 TId: 4 (      STSA, B-SLICE, QP 40)            19600 bits [Y 30.2657 dB    U 36.5904 dB    V 36.5413 dB] [ET   754 ] [L0 8 0 ] [L1 12 16 ]
POC     9 TId: 5 (      STSA, B-SLICE, QP 41)             7568 bits [Y 30.3514 dB    U 36.6051 dB    V 36.9144 dB] [ET   399 ] [L0 8 0 ] [L1 10 12 ]
POC    11 TId: 5 (      STSA, B-SLICE, QP 41)             8168 bits [Y 30.0073 dB    U 36.5984 dB    V 36.7014 dB] [ET   427 ] [L0 10 8 ] [L1 12 16 ]
POC    14 TId: 4 (      STSA, B-SLICE, QP 40)            19632 bits [Y 30.1688 dB    U 36.5366 dB    V 36.7792 dB] [ET   551 ] [L0 12 8 ] [L1 16 12 ]
POC    13 TId: 5 (      STSA, B-SLICE, QP 41)             7496 bits [Y 29.9061 dB    U 36.5410 dB    V 36.8288 dB] [ET   407 ] [L0 12 8 ] [L1 14 16 ]
POC    15 TId: 5 (      STSA, B-SLICE, QP 41)             8072 bits [Y 30.2894 dB    U 36.5672 dB    V 36.8790 dB] [ET   294 ] [L0 14 12 ] [L1 16 14 ]

	Total Frames |   Bitrate     Y-PSNR    U-PSNR    V-PSNR    YUV-PSNR   
	       17    a    2784.7529   31.6809   37.0490   37.4429   32.4905

 finished @ Thu Apr 20 06:00:14 2023
 Total Time:     9219.630 sec. [user]     9220.018 sec. [elapsed]

Level: 0
Inject Calls: 9825715104
Errors injected by bit:
	Bit 0: 9920
	Bit 1: 9931
	Bit 2: 9656
	Bit 3: 9828
	Bit 4: 9802
	Bit 5: 9766
	Bit 6: 9613
	Bit 7: 9574

Total errors injected: 78090
