vvencFFapp: Fraunhofer VVC Encoder ver. 1.5.0 [Linux][GCC 11.3.0][64 bit][SIMD=AVX2]
 started @ Thu Apr 20 00:51:31 2023
CODING TOOL CFG: CTU128 QT44BTT21 IBD:1 SAO:1 ALF:1 (NonLinLuma:0 NonLinChr:0) CCALF:1 Tiles:1x1 Slices:1 WPP:0 WPP-Substreams:1 TMVP:1 DQ:1 SDH:0 CST:1 BDOF:1 DMVR:1 MTSImplicit:1 SBT:0 JCbCr:1 CabacInitPresent:1 AMVR:5 SMVD:3 LMCS:2 (Signal:SDR Opt:0) CIIP:0 MIP:1 AFFINE:2 (PROF:1, Type:1) MMVD:3 DisFracMMVD:1 SbTMVP:1 GPM:3 LFNST:1 MTS:0 ISP:3 TS:2 TSLog2MaxSize:4 useChromaTS:0 BDPCM:2 IBC:2 BCW:0 
ENC. ALG. CFG: QPA:0 HAD:1 RDQ:1 RDQTS:1 ASR:1 MinSearchWindow:96 RestrictMESampling:0 EDO:2 MCTF:2 
PRE-ANALYSIS CFG: STA:1 LeadFrames:0 TrailFrames:0 
FAST TOOL CFG: ECU:0 FEN:1 FDM:1 FastSearch:4 (SCC:2) LCTUFast:1 FastMrg:2 PBIntraFast:1 AMaxBT:1 FastQtBtEnc:1 ContentBasedFastQtbt:0 FastMIP:3 FastIntraTools:0 IntraEstDecBit:2 FastLocalDualTree:1 IntegerET:0 FastSubPel:1 QtbttExtraFast:3 FastTTSplit:0 IBCFastMethod:3 FIM:0 ALFSpeed:0 QuantThr: 4 
RATE CONTROL CFG: RateControl:0 LookAhead:0 
PARALLEL PROCESSING CFG: NumThreads:0 MaxParallelFrames:0 WppBitEqual:0 WF:0 

POC     0 TId: 0 (  IDR_N_LP, I-SLICE, QP 29, TF 2)     546496 bits [Y 36.1634 dB    U 38.4868 dB    V 39.1184 dB] [ET   642 ] [L0 ] [L1 ]
POC    16 TId: 1 (      STSA, B-SLICE, QP 34, TF 1)     128800 bits [Y 32.0960 dB    U 36.7117 dB    V 36.9698 dB] [ET   801 ] [L0 0 ] [L1 0 ]
POC     8 TId: 2 (      STSA, B-SLICE, QP 35, TF 0)      78320 bits [Y 31.9887 dB    U 36.7240 dB    V 37.2816 dB] [ET   902 ] [L0 0 16 ] [L1 16 0 ]
POC     4 TId: 3 (      STSA, B-SLICE, QP 38)            36208 bits [Y 31.5136 dB    U 37.0124 dB    V 37.5652 dB] [ET   845 ] [L0 0 8 ] [L1 8 16 ]
POC     2 TId: 4 (      STSA, B-SLICE, QP 40)              232 bits [Y 36.1634 dB    U 38.4868 dB    V 39.1184 dB] [ET   264 ] [L0 0 4 ] [L1 4 8 ]
POC     1 TId: 5 (      STSA, B-SLICE, QP 41)              224 bits [Y 36.1634 dB    U 38.4868 dB    V 39.1184 dB] [ET   196 ] [L0 0 2 ] [L1 2 4 ]
POC     3 TId: 5 (      STSA, B-SLICE, QP 41)             7856 bits [Y 31.4992 dB    U 37.3496 dB    V 38.1483 dB] [ET   418 ] [L0 2 0 ] [L1 4 8 ]
POC     6 TId: 4 (      STSA, B-SLICE, QP 40)            20816 bits [Y 30.4681 dB    U 36.7904 dB    V 37.1650 dB] [ET   704 ] [L0 4 0 ] [L1 8 16 ]
POC     5 TId: 5 (      STSA, B-SLICE, QP 41)             8032 bits [Y 30.2905 dB    U 36.7626 dB    V 37.3699 dB] [ET   413 ] [L0 4 0 ] [L1 6 8 ]
POC     7 TId: 5 (      STSA, B-SLICE, QP 41)             7640 bits [Y 30.3746 dB    U 36.7276 dB    V 37.1444 dB] [ET   416 ] [L0 6 4 ] [L1 8 16 ]
POC    12 TId: 3 (      STSA, B-SLICE, QP 38)            41376 bits [Y 30.8228 dB    U 36.6139 dB    V 36.7029 dB] [ET   842 ] [L0 8 0 ] [L1 16 8 ]
POC    10 TId: 4 (      STSA, B-SLICE, QP 40)            20088 bits [Y 30.2738 dB    U 36.6028 dB    V 36.5983 dB] [ET   693 ] [L0 8 0 ] [L1 12 16 ]
POC     9 TId: 5 (      STSA, B-SLICE, QP 41)             7536 bits [Y 30.3439 dB    U 36.5848 dB    V 36.9861 dB] [ET   391 ] [L0 8 0 ] [L1 10 12 ]
POC    11 TId: 5 (      STSA, B-SLICE, QP 41)             7920 bits [Y 30.0289 dB    U 36.5930 dB    V 36.6610 dB] [ET   508 ] [L0 10 8 ] [L1 12 16 ]
POC    14 TId: 4 (      STSA, B-SLICE, QP 40)            20096 bits [Y 30.1932 dB    U 36.5971 dB    V 36.8084 dB] [ET   569 ] [L0 12 8 ] [L1 16 12 ]
POC    13 TId: 5 (      STSA, B-SLICE, QP 41)             7336 bits [Y 29.9227 dB    U 36.6164 dB    V 36.8032 dB] [ET   387 ] [L0 12 8 ] [L1 14 16 ]
POC    15 TId: 5 (      STSA, B-SLICE, QP 41)             8048 bits [Y 30.2522 dB    U 36.5895 dB    V 36.8464 dB] [ET   318 ] [L0 14 12 ] [L1 16 14 ]

	Total Frames |   Bitrate     Y-PSNR    U-PSNR    V-PSNR    YUV-PSNR   
	       17    a    2785.3647   31.6799   37.0433   37.4356   32.4902

 finished @ Thu Apr 20 03:26:53 2023
 Total Time:     9321.841 sec. [user]     9322.331 sec. [elapsed]

Level: 0
Inject Calls: 9754492736
Errors injected by bit:
	Bit 0: 9744763
	Bit 1: 9752432
	Bit 2: 9754086
	Bit 3: 9757895
	Bit 4: 9754639
	Bit 5: 9753698
	Bit 6: 9751890
	Bit 7: 9753339

Total errors injected: 78022742
