vvencFFapp: Fraunhofer VVC Encoder ver. 1.5.0 [Linux][GCC 11.3.0][64 bit][SIMD=AVX2]
 started @ Tue Apr 18 20:06:01 2023
CODING TOOL CFG: CTU128 QT44BTT21 IBD:1 SAO:1 ALF:1 (NonLinLuma:0 NonLinChr:0) CCALF:1 Tiles:1x1 Slices:1 WPP:0 WPP-Substreams:1 TMVP:1 DQ:1 SDH:0 CST:1 BDOF:1 DMVR:1 MTSImplicit:1 SBT:0 JCbCr:1 CabacInitPresent:1 AMVR:5 SMVD:3 LMCS:2 (Signal:SDR Opt:0) CIIP:0 MIP:1 AFFINE:2 (PROF:1, Type:1) MMVD:3 DisFracMMVD:1 SbTMVP:1 GPM:3 LFNST:1 MTS:0 ISP:3 TS:2 TSLog2MaxSize:4 useChromaTS:0 BDPCM:2 IBC:2 BCW:0 
ENC. ALG. CFG: QPA:0 HAD:1 RDQ:1 RDQTS:1 ASR:1 MinSearchWindow:96 RestrictMESampling:0 EDO:2 MCTF:2 
PRE-ANALYSIS CFG: STA:1 LeadFrames:0 TrailFrames:0 
FAST TOOL CFG: ECU:0 FEN:1 FDM:1 FastSearch:4 (SCC:2) LCTUFast:1 FastMrg:2 PBIntraFast:1 AMaxBT:1 FastQtBtEnc:1 ContentBasedFastQtbt:0 FastMIP:3 FastIntraTools:0 IntraEstDecBit:2 FastLocalDualTree:1 IntegerET:0 FastSubPel:1 QtbttExtraFast:3 FastTTSplit:0 IBCFastMethod:3 FIM:0 ALFSpeed:0 QuantThr: 4 
RATE CONTROL CFG: RateControl:0 LookAhead:0 
PARALLEL PROCESSING CFG: NumThreads:0 MaxParallelFrames:0 WppBitEqual:0 WF:0 

POC     0 TId: 0 (  IDR_N_LP, I-SLICE, QP 24, TF 3)     377624 bits [Y 40.2668 dB    U 43.0828 dB    V 44.6158 dB] [ET   432 ] [L0 ] [L1 ]
POC    16 TId: 1 (      STSA, B-SLICE, QP 28, TF 2)     101424 bits [Y 38.6805 dB    U 42.0673 dB    V 43.2454 dB] [ET   525 ] [L0 0 ] [L1 0 ]
POC     8 TId: 2 (      STSA, B-SLICE, QP 29, TF 1)      44976 bits [Y 38.6102 dB    U 42.2373 dB    V 43.6162 dB] [ET   587 ] [L0 0 16 ] [L1 16 0 ]
POC     4 TId: 3 (      STSA, B-SLICE, QP 32, TF 0)      18744 bits [Y 38.3266 dB    U 42.4988 dB    V 43.8475 dB] [ET   534 ] [L0 0 8 ] [L1 8 16 ]
POC     2 TId: 4 (      STSA, B-SLICE, QP 34)             8280 bits [Y 38.4524 dB    U 42.8113 dB    V 44.1592 dB] [ET   383 ] [L0 0 4 ] [L1 4 8 ]
POC     1 TId: 5 (      STSA, B-SLICE, QP 36)             2792 bits [Y 38.7440 dB    U 42.9028 dB    V 44.4167 dB] [ET   252 ] [L0 0 2 ] [L1 2 4 ]
POC     3 TId: 5 (      STSA, B-SLICE, QP 36)             3216 bits [Y 37.8973 dB    U 42.6798 dB    V 44.0342 dB] [ET   287 ] [L0 2 0 ] [L1 4 8 ]
POC     6 TId: 4 (      STSA, B-SLICE, QP 34)             8896 bits [Y 37.9014 dB    U 42.3433 dB    V 43.5828 dB] [ET   430 ] [L0 4 0 ] [L1 8 16 ]
POC     5 TId: 5 (      STSA, B-SLICE, QP 36)             3496 bits [Y 37.7161 dB    U 42.3848 dB    V 43.7262 dB] [ET   291 ] [L0 4 0 ] [L1 6 8 ]
POC     7 TId: 5 (      STSA, B-SLICE, QP 36)             3088 bits [Y 37.8022 dB    U 42.3122 dB    V 43.6102 dB] [ET   312 ] [L0 6 4 ] [L1 8 16 ]
POC    12 TId: 3 (      STSA, B-SLICE, QP 32, TF 0)      21840 bits [Y 37.7988 dB    U 42.0474 dB    V 43.2806 dB] [ET   542 ] [L0 8 0 ] [L1 16 8 ]
POC    10 TId: 4 (      STSA, B-SLICE, QP 34)             9872 bits [Y 37.6619 dB    U 42.1283 dB    V 43.3332 dB] [ET   486 ] [L0 8 0 ] [L1 12 16 ]
POC     9 TId: 5 (      STSA, B-SLICE, QP 36)             3384 bits [Y 37.6220 dB    U 42.2183 dB    V 43.4798 dB] [ET   285 ] [L0 8 0 ] [L1 10 12 ]
POC    11 TId: 5 (      STSA, B-SLICE, QP 36)             3528 bits [Y 37.3294 dB    U 42.0203 dB    V 43.2907 dB] [ET   297 ] [L0 10 8 ] [L1 12 16 ]
POC    14 TId: 4 (      STSA, B-SLICE, QP 34)            10928 bits [Y 37.4473 dB    U 41.9984 dB    V 43.0839 dB] [ET   385 ] [L0 12 8 ] [L1 16 12 ]
POC    13 TId: 5 (      STSA, B-SLICE, QP 36)             4224 bits [Y 37.1949 dB    U 42.0062 dB    V 43.1959 dB] [ET   308 ] [L0 12 8 ] [L1 14 16 ]
POC    15 TId: 5 (      STSA, B-SLICE, QP 36)             4160 bits [Y 37.3757 dB    U 42.0402 dB    V 43.1621 dB] [ET   240 ] [L0 14 12 ] [L1 16 14 ]

	Total Frames |   Bitrate     Y-PSNR    U-PSNR    V-PSNR    YUV-PSNR   
	       17    a    2225.1953   38.0487   42.3400   43.6282   39.1059

 finished @ Tue Apr 18 21:55:54 2023
 Total Time:     6589.454 sec. [user]     6593.813 sec. [elapsed]

Level: 0
Inject Calls: 7155384800
Errors injected by bit:
	Bit 0: 716980
	Bit 1: 715135
	Bit 2: 716682
	Bit 3: 714279
	Bit 4: 715456
	Bit 5: 716273
	Bit 6: 715362
	Bit 7: 716194

Total errors injected: 5726361
