vvencFFapp: Fraunhofer VVC Encoder ver. 1.5.0 [Linux][GCC 11.3.0][64 bit][SIMD=AVX2]
 started @ Tue Apr 18 06:40:44 2023
CODING TOOL CFG: CTU128 QT44BTT21 IBD:1 SAO:1 ALF:1 (NonLinLuma:0 NonLinChr:0) CCALF:1 Tiles:1x1 Slices:1 WPP:0 WPP-Substreams:1 TMVP:1 DQ:1 SDH:0 CST:1 BDOF:1 DMVR:1 MTSImplicit:1 SBT:0 JCbCr:1 CabacInitPresent:1 AMVR:5 SMVD:3 LMCS:2 (Signal:SDR Opt:0) CIIP:0 MIP:1 AFFINE:2 (PROF:1, Type:1) MMVD:3 DisFracMMVD:1 SbTMVP:1 GPM:3 LFNST:1 MTS:0 ISP:3 TS:2 TSLog2MaxSize:4 useChromaTS:0 BDPCM:2 IBC:2 BCW:0 
ENC. ALG. CFG: QPA:0 HAD:1 RDQ:1 RDQTS:1 ASR:1 MinSearchWindow:96 RestrictMESampling:0 EDO:2 MCTF:2 
PRE-ANALYSIS CFG: STA:1 LeadFrames:0 TrailFrames:0 
FAST TOOL CFG: ECU:0 FEN:1 FDM:1 FastSearch:4 (SCC:2) LCTUFast:1 FastMrg:2 PBIntraFast:1 AMaxBT:1 FastQtBtEnc:1 ContentBasedFastQtbt:0 FastMIP:3 FastIntraTools:0 IntraEstDecBit:2 FastLocalDualTree:1 IntegerET:0 FastSubPel:1 QtbttExtraFast:3 FastTTSplit:0 IBCFastMethod:3 FIM:0 ALFSpeed:0 QuantThr: 4 
RATE CONTROL CFG: RateControl:0 LookAhead:0 
PARALLEL PROCESSING CFG: NumThreads:0 MaxParallelFrames:0 WppBitEqual:0 WF:0 

POC     0 TId: 0 (  IDR_N_LP, I-SLICE, QP 34, TF 2)      85368 bits [Y 35.6254 dB    U 39.1515 dB    V 40.0627 dB] [ET   182 ] [L0 ] [L1 ]
POC    16 TId: 1 (      STSA, B-SLICE, QP 40, TF 1)      15920 bits [Y 33.6583 dB    U 38.0965 dB    V 38.0364 dB] [ET   451 ] [L0 0 ] [L1 0 ]
POC     8 TId: 2 (      STSA, B-SLICE, QP 40, TF 0)      11232 bits [Y 33.9552 dB    U 38.2375 dB    V 39.0622 dB] [ET   689 ] [L0 0 16 ] [L1 16 0 ]
POC     4 TId: 3 (      STSA, B-SLICE, QP 43)             6016 bits [Y 33.5144 dB    U 38.2905 dB    V 38.7852 dB] [ET   581 ] [L0 0 8 ] [L1 8 16 ]
POC     2 TId: 4 (      STSA, B-SLICE, QP 45)             2600 bits [Y 33.7951 dB    U 38.6132 dB    V 39.2943 dB] [ET   406 ] [L0 0 4 ] [L1 4 8 ]
POC     1 TId: 5 (      STSA, B-SLICE, QP 46)              224 bits [Y 35.6254 dB    U 39.1515 dB    V 40.0627 dB] [ET   160 ] [L0 0 2 ] [L1 2 4 ]
POC     3 TId: 5 (      STSA, B-SLICE, QP 46)             1464 bits [Y 33.2261 dB    U 38.2151 dB    V 38.6589 dB] [ET   303 ] [L0 2 0 ] [L1 4 8 ]
POC     6 TId: 4 (      STSA, B-SLICE, QP 45)             3152 bits [Y 33.0299 dB    U 38.1468 dB    V 38.4053 dB] [ET   482 ] [L0 4 0 ] [L1 8 16 ]
POC     5 TId: 5 (      STSA, B-SLICE, QP 46)             1512 bits [Y 32.7575 dB    U 38.0949 dB    V 38.4302 dB] [ET   319 ] [L0 4 0 ] [L1 6 8 ]
POC     7 TId: 5 (      STSA, B-SLICE, QP 46)             1592 bits [Y 32.8053 dB    U 37.9749 dB    V 38.5449 dB] [ET   313 ] [L0 6 4 ] [L1 8 16 ]
POC    12 TId: 3 (      STSA, B-SLICE, QP 43)             6840 bits [Y 33.0327 dB    U 37.8602 dB    V 38.3704 dB] [ET   657 ] [L0 8 0 ] [L1 16 8 ]
POC    10 TId: 4 (      STSA, B-SLICE, QP 45)             3432 bits [Y 32.7603 dB    U 37.8774 dB    V 37.9721 dB] [ET   755 ] [L0 8 0 ] [L1 12 16 ]
POC     9 TId: 5 (      STSA, B-SLICE, QP 46)             1440 bits [Y 33.1810 dB    U 37.9711 dB    V 38.4583 dB] [ET   315 ] [L0 8 0 ] [L1 10 12 ]
POC    11 TId: 5 (      STSA, B-SLICE, QP 46)             1760 bits [Y 32.6723 dB    U 37.8387 dB    V 38.1444 dB] [ET   321 ] [L0 10 8 ] [L1 12 16 ]
POC    14 TId: 4 (      STSA, B-SLICE, QP 45)             3360 bits [Y 32.5836 dB    U 37.7387 dB    V 37.8837 dB] [ET   418 ] [L0 12 8 ] [L1 16 12 ]
POC    13 TId: 5 (      STSA, B-SLICE, QP 46)             1456 bits [Y 32.4852 dB    U 37.8390 dB    V 38.0803 dB] [ET   334 ] [L0 12 8 ] [L1 14 16 ]
POC    15 TId: 5 (      STSA, B-SLICE, QP 46)             1432 bits [Y 32.7333 dB    U 37.8701 dB    V 37.8566 dB] [ET   234 ] [L0 14 12 ] [L1 16 14 ]

	Total Frames |   Bitrate     Y-PSNR    U-PSNR    V-PSNR    YUV-PSNR   
	       17    a     437.6471   33.3789   38.1746   38.5946   34.4221

 finished @ Tue Apr 18 08:36:15 2023
 Total Time:     6927.516 sec. [user]     6931.115 sec. [elapsed]

Level: 0
Inject Calls: 7922657888
Errors injected by bit:
	Bit 0: 7921611
	Bit 1: 7918985
	Bit 2: 7927445
	Bit 3: 7920205
	Bit 4: 7923702
	Bit 5: 7919981
	Bit 6: 7920031
	Bit 7: 7924223

Total errors injected: 63376183
