vvencFFapp: Fraunhofer VVC Encoder ver. 1.5.0 [Linux][GCC 11.3.0][64 bit][SIMD=AVX2]
 started @ Mon Apr 17 13:05:25 2023
CODING TOOL CFG: CTU128 QT44BTT21 IBD:1 SAO:1 ALF:1 (NonLinLuma:0 NonLinChr:0) CCALF:1 Tiles:1x1 Slices:1 WPP:0 WPP-Substreams:1 TMVP:1 DQ:1 SDH:0 CST:1 BDOF:1 DMVR:1 MTSImplicit:1 SBT:0 JCbCr:1 CabacInitPresent:1 AMVR:5 SMVD:3 LMCS:2 (Signal:SDR Opt:0) CIIP:0 MIP:1 AFFINE:2 (PROF:1, Type:1) MMVD:3 DisFracMMVD:1 SbTMVP:1 GPM:3 LFNST:1 MTS:0 ISP:3 TS:2 TSLog2MaxSize:4 useChromaTS:0 BDPCM:2 IBC:2 BCW:0 
ENC. ALG. CFG: QPA:0 HAD:1 RDQ:1 RDQTS:1 ASR:1 MinSearchWindow:96 RestrictMESampling:0 EDO:2 MCTF:2 
PRE-ANALYSIS CFG: STA:1 LeadFrames:0 TrailFrames:0 
FAST TOOL CFG: ECU:0 FEN:1 FDM:1 FastSearch:4 (SCC:2) LCTUFast:1 FastMrg:2 PBIntraFast:1 AMaxBT:1 FastQtBtEnc:1 ContentBasedFastQtbt:0 FastMIP:3 FastIntraTools:0 IntraEstDecBit:2 FastLocalDualTree:1 IntegerET:0 FastSubPel:1 QtbttExtraFast:3 FastTTSplit:0 IBCFastMethod:3 FIM:0 ALFSpeed:0 QuantThr: 4 
RATE CONTROL CFG: RateControl:0 LookAhead:0 
PARALLEL PROCESSING CFG: NumThreads:0 MaxParallelFrames:0 WppBitEqual:0 WF:0 

POC     0 TId: 0 (  IDR_N_LP, I-SLICE, QP 19, TF 3)     564808 bits [Y 45.1467 dB    U 46.3576 dB    V 47.8581 dB] [ET   523 ] [L0 ] [L1 ]
POC    16 TId: 1 (      STSA, B-SLICE, QP 22, TF 2)     140560 bits [Y 42.6810 dB    U 44.8530 dB    V 45.9668 dB] [ET   781 ] [L0 0 ] [L1 0 ]
POC     8 TId: 2 (      STSA, B-SLICE, QP 23, TF 1)      79000 bits [Y 42.3041 dB    U 44.7445 dB    V 46.1704 dB] [ET   995 ] [L0 0 16 ] [L1 16 0 ]
POC     4 TId: 3 (      STSA, B-SLICE, QP 26, TF 0)      47000 bits [Y 41.8999 dB    U 44.4743 dB    V 45.7283 dB] [ET   972 ] [L0 0 8 ] [L1 8 16 ]
POC     2 TId: 4 (      STSA, B-SLICE, QP 28)            25016 bits [Y 41.9436 dB    U 44.7878 dB    V 46.0601 dB] [ET   693 ] [L0 0 4 ] [L1 4 8 ]
POC     1 TId: 5 (      STSA, B-SLICE, QP 29)              256 bits [Y 45.1467 dB    U 46.3576 dB    V 47.8581 dB] [ET   269 ] [L0 0 2 ] [L1 2 4 ]
POC     3 TId: 5 (      STSA, B-SLICE, QP 29)            19016 bits [Y 41.5949 dB    U 44.2951 dB    V 45.5336 dB] [ET   701 ] [L0 2 0 ] [L1 4 8 ]
POC     6 TId: 4 (      STSA, B-SLICE, QP 28)            31080 bits [Y 41.5579 dB    U 44.1925 dB    V 45.3955 dB] [ET   944 ] [L0 4 0 ] [L1 8 16 ]
POC     5 TId: 5 (      STSA, B-SLICE, QP 29)            21072 bits [Y 41.2503 dB    U 44.0432 dB    V 45.2732 dB] [ET   789 ] [L0 4 0 ] [L1 6 8 ]
POC     7 TId: 5 (      STSA, B-SLICE, QP 29)            21712 bits [Y 41.2190 dB    U 44.2584 dB    V 45.3511 dB] [ET   735 ] [L0 6 4 ] [L1 8 16 ]
POC    12 TId: 3 (      STSA, B-SLICE, QP 26, TF 0)      54352 bits [Y 41.4892 dB    U 44.1634 dB    V 45.2495 dB] [ET  1062 ] [L0 8 0 ] [L1 16 8 ]
POC    10 TId: 4 (      STSA, B-SLICE, QP 28)            35856 bits [Y 41.2817 dB    U 44.0056 dB    V 45.0652 dB] [ET  1014 ] [L0 8 0 ] [L1 12 16 ]
POC     9 TId: 5 (      STSA, B-SLICE, QP 29)            20744 bits [Y 41.5452 dB    U 44.2736 dB    V 45.4011 dB] [ET   733 ] [L0 8 0 ] [L1 10 12 ]
POC    11 TId: 5 (      STSA, B-SLICE, QP 29)            22464 bits [Y 41.2305 dB    U 43.9930 dB    V 44.8017 dB] [ET   717 ] [L0 10 8 ] [L1 12 16 ]
POC    14 TId: 4 (      STSA, B-SLICE, QP 28)            36584 bits [Y 41.2368 dB    U 43.9575 dB    V 44.7204 dB] [ET   781 ] [L0 12 8 ] [L1 16 12 ]
POC    13 TId: 5 (      STSA, B-SLICE, QP 29)            22256 bits [Y 41.0832 dB    U 43.9569 dB    V 44.7303 dB] [ET   707 ] [L0 12 8 ] [L1 14 16 ]
POC    15 TId: 5 (      STSA, B-SLICE, QP 29)            21656 bits [Y 41.1090 dB    U 44.1752 dB    V 44.8165 dB] [ET   555 ] [L0 14 12 ] [L1 16 14 ]

	Total Frames |   Bitrate     Y-PSNR    U-PSNR    V-PSNR    YUV-PSNR   
	       17    a    3421.8588   41.9835   44.5229   45.6459   42.6555

 finished @ Mon Apr 17 16:41:50 2023
 Total Time:    12982.035 sec. [user]    12985.145 sec. [elapsed]

Level: 0
Inject Calls: 13750483200
Errors injected by bit:
	Bit 0: 13818
	Bit 1: 13686
	Bit 2: 13712
	Bit 3: 13869
	Bit 4: 13661
	Bit 5: 13735
	Bit 6: 13954
	Bit 7: 13711

Total errors injected: 110146
