vvencFFapp: Fraunhofer VVC Encoder ver. 1.5.0 [Linux][GCC 11.3.0][64 bit][SIMD=AVX2]
 started @ Fri Apr 21 11:42:11 2023
CODING TOOL CFG: CTU128 QT44BTT21 IBD:1 SAO:1 ALF:1 (NonLinLuma:0 NonLinChr:0) CCALF:1 Tiles:1x1 Slices:1 WPP:0 WPP-Substreams:1 TMVP:1 DQ:1 SDH:0 CST:1 BDOF:1 DMVR:1 MTSImplicit:1 SBT:0 JCbCr:1 CabacInitPresent:1 AMVR:5 SMVD:3 LMCS:2 (Signal:SDR Opt:0) CIIP:0 MIP:1 AFFINE:2 (PROF:1, Type:1) MMVD:3 DisFracMMVD:1 SbTMVP:1 GPM:3 LFNST:1 MTS:0 ISP:3 TS:2 TSLog2MaxSize:4 useChromaTS:0 BDPCM:2 IBC:2 BCW:0 
ENC. ALG. CFG: QPA:0 HAD:1 RDQ:1 RDQTS:1 ASR:1 MinSearchWindow:96 RestrictMESampling:0 EDO:2 MCTF:2 
PRE-ANALYSIS CFG: STA:1 LeadFrames:0 TrailFrames:0 
FAST TOOL CFG: ECU:0 FEN:1 FDM:1 FastSearch:4 (SCC:2) LCTUFast:1 FastMrg:2 PBIntraFast:1 AMaxBT:1 FastQtBtEnc:1 ContentBasedFastQtbt:0 FastMIP:3 FastIntraTools:0 IntraEstDecBit:2 FastLocalDualTree:1 IntegerET:0 FastSubPel:1 QtbttExtraFast:3 FastTTSplit:0 IBCFastMethod:3 FIM:0 ALFSpeed:0 QuantThr: 4 
RATE CONTROL CFG: RateControl:0 LookAhead:0 
PARALLEL PROCESSING CFG: NumThreads:0 MaxParallelFrames:0 WppBitEqual:0 WF:0 

POC     0 TId: 0 (  IDR_N_LP, I-SLICE, QP 24, TF 3)     399128 bits [Y 38.6505 dB    U 40.8666 dB    V 42.1124 dB] [ET   350 ] [L0 ] [L1 ]
POC    16 TId: 1 (      STSA, B-SLICE, QP 28, TF 2)     240408 bits [Y 38.5399 dB    U 40.3746 dB    V 41.5365 dB] [ET  1014 ] [L0 0 ] [L1 0 ]
POC     8 TId: 2 (      STSA, B-SLICE, QP 29, TF 1)     179528 bits [Y 37.2261 dB    U 39.5175 dB    V 40.6907 dB] [ET  1535 ] [L0 0 16 ] [L1 16 0 ]
POC     4 TId: 3 (      STSA, B-SLICE, QP 32, TF 0)      78656 bits [Y 35.9497 dB    U 39.2158 dB    V 40.3231 dB] [ET  1539 ] [L0 0 8 ] [L1 8 16 ]
POC     2 TId: 4 (      STSA, B-SLICE, QP 34)            44656 bits [Y 35.6313 dB    U 39.3099 dB    V 40.4836 dB] [ET  1119 ] [L0 0 4 ] [L1 4 8 ]
POC     1 TId: 5 (      STSA, B-SLICE, QP 36)            23304 bits [Y 35.3340 dB    U 39.4492 dB    V 40.8087 dB] [ET   809 ] [L0 0 2 ] [L1 2 4 ]
POC     3 TId: 5 (      STSA, B-SLICE, QP 36)            20832 bits [Y 34.8877 dB    U 38.9262 dB    V 40.1953 dB] [ET   877 ] [L0 2 0 ] [L1 4 8 ]
POC     6 TId: 4 (      STSA, B-SLICE, QP 34)            42856 bits [Y 35.4624 dB    U 38.8726 dB    V 40.0609 dB] [ET  1378 ] [L0 4 0 ] [L1 8 16 ]
POC     5 TId: 5 (      STSA, B-SLICE, QP 36)            19856 bits [Y 34.9407 dB    U 38.7978 dB    V 40.0916 dB] [ET   884 ] [L0 4 0 ] [L1 6 8 ]
POC     7 TId: 5 (      STSA, B-SLICE, QP 36)            20592 bits [Y 35.0130 dB    U 38.6879 dB    V 39.9302 dB] [ET   885 ] [L0 6 4 ] [L1 8 16 ]
POC    12 TId: 3 (      STSA, B-SLICE, QP 32, TF 0)      79872 bits [Y 35.7697 dB    U 39.2608 dB    V 40.0777 dB] [ET  1497 ] [L0 8 0 ] [L1 16 8 ]
POC    10 TId: 4 (      STSA, B-SLICE, QP 34)            46952 bits [Y 35.3816 dB    U 38.7986 dB    V 39.7067 dB] [ET  1454 ] [L0 8 0 ] [L1 12 16 ]
POC     9 TId: 5 (      STSA, B-SLICE, QP 36)            21080 bits [Y 34.9675 dB    U 38.7264 dB    V 39.8771 dB] [ET   891 ] [L0 8 0 ] [L1 10 12 ]
POC    11 TId: 5 (      STSA, B-SLICE, QP 36)            21304 bits [Y 34.7536 dB    U 38.7345 dB    V 39.6565 dB] [ET   997 ] [L0 10 8 ] [L1 12 16 ]
POC    14 TId: 4 (      STSA, B-SLICE, QP 34)            43928 bits [Y 35.3313 dB    U 38.9663 dB    V 39.9895 dB] [ET  1099 ] [L0 12 8 ] [L1 16 12 ]
POC    13 TId: 5 (      STSA, B-SLICE, QP 36)            19440 bits [Y 34.7393 dB    U 38.8803 dB    V 39.7340 dB] [ET   852 ] [L0 12 8 ] [L1 14 16 ]
POC    15 TId: 5 (      STSA, B-SLICE, QP 36)            19112 bits [Y 34.9710 dB    U 39.2248 dB    V 40.3846 dB] [ET   725 ] [L0 14 12 ] [L1 16 14 ]

	Total Frames |   Bitrate     Y-PSNR    U-PSNR    V-PSNR    YUV-PSNR   
	       17    a    2332.0659   35.7382   39.2123   40.3329   36.5858

 finished @ Fri Apr 21 16:40:50 2023
 Total Time:    17915.219 sec. [user]    17918.681 sec. [elapsed]

Level: 0
Inject Calls: 19587981280
Errors injected by bit:
	Bit 0: 19736
	Bit 1: 19529
	Bit 2: 19614
	Bit 3: 19339
	Bit 4: 19682
	Bit 5: 19421
	Bit 6: 19617
	Bit 7: 19530

Total errors injected: 156468
