vvencFFapp: Fraunhofer VVC Encoder ver. 1.5.0 [Linux][GCC 11.3.0][64 bit][SIMD=AVX2]
 started @ Wed Apr 19 00:01:03 2023
CODING TOOL CFG: CTU128 QT44BTT21 IBD:1 SAO:1 ALF:1 (NonLinLuma:0 NonLinChr:0) CCALF:1 Tiles:1x1 Slices:1 WPP:0 WPP-Substreams:1 TMVP:1 DQ:1 SDH:0 CST:1 BDOF:1 DMVR:1 MTSImplicit:1 SBT:0 JCbCr:1 CabacInitPresent:1 AMVR:5 SMVD:3 LMCS:2 (Signal:SDR Opt:0) CIIP:0 MIP:1 AFFINE:2 (PROF:1, Type:1) MMVD:3 DisFracMMVD:1 SbTMVP:1 GPM:3 LFNST:1 MTS:0 ISP:3 TS:2 TSLog2MaxSize:4 useChromaTS:0 BDPCM:2 IBC:2 BCW:0 
ENC. ALG. CFG: QPA:0 HAD:1 RDQ:1 RDQTS:1 ASR:1 MinSearchWindow:96 RestrictMESampling:0 EDO:2 MCTF:2 
PRE-ANALYSIS CFG: STA:1 LeadFrames:0 TrailFrames:0 
FAST TOOL CFG: ECU:0 FEN:1 FDM:1 FastSearch:4 (SCC:2) LCTUFast:1 FastMrg:2 PBIntraFast:1 AMaxBT:1 FastQtBtEnc:1 ContentBasedFastQtbt:0 FastMIP:3 FastIntraTools:0 IntraEstDecBit:2 FastLocalDualTree:1 IntegerET:0 FastSubPel:1 QtbttExtraFast:3 FastTTSplit:0 IBCFastMethod:3 FIM:0 ALFSpeed:0 QuantThr: 4 
RATE CONTROL CFG: RateControl:0 LookAhead:0 
PARALLEL PROCESSING CFG: NumThreads:0 MaxParallelFrames:0 WppBitEqual:0 WF:0 

POC     0 TId: 0 (  IDR_N_LP, I-SLICE, QP 29, TF 2)     239000 bits [Y 37.7621 dB    U 41.1947 dB    V 42.2796 dB] [ET   277 ] [L0 ] [L1 ]
POC    16 TId: 1 (      STSA, B-SLICE, QP 34, TF 1)      48552 bits [Y 35.5694 dB    U 39.8843 dB    V 40.5936 dB] [ET   432 ] [L0 0 ] [L1 0 ]
POC     8 TId: 2 (      STSA, B-SLICE, QP 35, TF 0)      20192 bits [Y 35.7284 dB    U 40.2793 dB    V 41.1735 dB] [ET   564 ] [L0 0 16 ] [L1 16 0 ]
POC     4 TId: 3 (      STSA, B-SLICE, QP 38)             8464 bits [Y 35.6482 dB    U 40.5741 dB    V 41.4455 dB] [ET   414 ] [L0 0 8 ] [L1 8 16 ]
POC     2 TId: 4 (      STSA, B-SLICE, QP 40)             3744 bits [Y 35.8460 dB    U 40.8932 dB    V 41.8610 dB] [ET   263 ] [L0 0 4 ] [L1 4 8 ]
POC     1 TId: 5 (      STSA, B-SLICE, QP 41)             1448 bits [Y 36.3896 dB    U 41.0148 dB    V 42.1046 dB] [ET   169 ] [L0 0 2 ] [L1 2 4 ]
POC     3 TId: 5 (      STSA, B-SLICE, QP 41)             1416 bits [Y 35.4042 dB    U 40.8311 dB    V 41.7042 dB] [ET   213 ] [L0 2 0 ] [L1 4 8 ]
POC     6 TId: 4 (      STSA, B-SLICE, QP 40)             3936 bits [Y 35.1542 dB    U 40.5088 dB    V 41.3474 dB] [ET   324 ] [L0 4 0 ] [L1 8 16 ]
POC     5 TId: 5 (      STSA, B-SLICE, QP 41)             1568 bits [Y 35.0969 dB    U 40.4886 dB    V 41.3831 dB] [ET   219 ] [L0 4 0 ] [L1 6 8 ]
POC     7 TId: 5 (      STSA, B-SLICE, QP 41)             1264 bits [Y 35.1638 dB    U 40.3750 dB    V 41.2820 dB] [ET   250 ] [L0 6 4 ] [L1 8 16 ]
POC    12 TId: 3 (      STSA, B-SLICE, QP 38)             9952 bits [Y 34.8920 dB    U 40.1095 dB    V 40.8673 dB] [ET   461 ] [L0 8 0 ] [L1 16 8 ]
POC    10 TId: 4 (      STSA, B-SLICE, QP 40)             3680 bits [Y 34.7352 dB    U 40.1767 dB    V 40.9752 dB] [ET   330 ] [L0 8 0 ] [L1 12 16 ]
POC     9 TId: 5 (      STSA, B-SLICE, QP 41)             1656 bits [Y 34.9432 dB    U 40.2957 dB    V 41.1208 dB] [ET   235 ] [L0 8 0 ] [L1 10 12 ]
POC    11 TId: 5 (      STSA, B-SLICE, QP 41)             1592 bits [Y 34.5483 dB    U 40.1001 dB    V 40.9194 dB] [ET   239 ] [L0 10 8 ] [L1 12 16 ]
POC    14 TId: 4 (      STSA, B-SLICE, QP 40)             4752 bits [Y 34.5745 dB    U 39.9200 dB    V 40.6711 dB] [ET   289 ] [L0 12 8 ] [L1 16 12 ]
POC    13 TId: 5 (      STSA, B-SLICE, QP 41)             1992 bits [Y 34.4861 dB    U 40.0150 dB    V 40.7771 dB] [ET   233 ] [L0 12 8 ] [L1 14 16 ]
POC    15 TId: 5 (      STSA, B-SLICE, QP 41)             2088 bits [Y 34.6218 dB    U 39.9660 dB    V 40.6387 dB] [ET   185 ] [L0 14 12 ] [L1 16 14 ]

	Total Frames |   Bitrate     Y-PSNR    U-PSNR    V-PSNR    YUV-PSNR   
	       17    a    1253.9859   35.3273   40.3898   41.2438   36.4506

 finished @ Wed Apr 19 01:26:13 2023
 Total Time:     5106.258 sec. [user]     5109.823 sec. [elapsed]

Level: 0
Inject Calls: 5604892800
Errors injected by bit:
	Bit 0: 560491
	Bit 1: 560437
	Bit 2: 560441
	Bit 3: 560299
	Bit 4: 561369
	Bit 5: 561063
	Bit 6: 560318
	Bit 7: 560282

Total errors injected: 4484700
