vvencFFapp: Fraunhofer VVC Encoder ver. 1.5.0 [Linux][GCC 11.3.0][64 bit][SIMD=AVX2]
 started @ Tue Apr 18 23:56:03 2023
CODING TOOL CFG: CTU128 QT44BTT21 IBD:1 SAO:1 ALF:1 (NonLinLuma:0 NonLinChr:0) CCALF:1 Tiles:1x1 Slices:1 WPP:0 WPP-Substreams:1 TMVP:1 DQ:1 SDH:0 CST:1 BDOF:1 DMVR:1 MTSImplicit:1 SBT:0 JCbCr:1 CabacInitPresent:1 AMVR:5 SMVD:3 LMCS:2 (Signal:SDR Opt:0) CIIP:0 MIP:1 AFFINE:2 (PROF:1, Type:1) MMVD:3 DisFracMMVD:1 SbTMVP:1 GPM:3 LFNST:1 MTS:0 ISP:3 TS:2 TSLog2MaxSize:4 useChromaTS:0 BDPCM:2 IBC:2 BCW:0 
ENC. ALG. CFG: QPA:0 HAD:1 RDQ:1 RDQTS:1 ASR:1 MinSearchWindow:96 RestrictMESampling:0 EDO:2 MCTF:2 
PRE-ANALYSIS CFG: STA:1 LeadFrames:0 TrailFrames:0 
FAST TOOL CFG: ECU:0 FEN:1 FDM:1 FastSearch:4 (SCC:2) LCTUFast:1 FastMrg:2 PBIntraFast:1 AMaxBT:1 FastQtBtEnc:1 ContentBasedFastQtbt:0 FastMIP:3 FastIntraTools:0 IntraEstDecBit:2 FastLocalDualTree:1 IntegerET:0 FastSubPel:1 QtbttExtraFast:3 FastTTSplit:0 IBCFastMethod:3 FIM:0 ALFSpeed:0 QuantThr: 4 
RATE CONTROL CFG: RateControl:0 LookAhead:0 
PARALLEL PROCESSING CFG: NumThreads:0 MaxParallelFrames:0 WppBitEqual:0 WF:0 

POC     0 TId: 0 (  IDR_N_LP, I-SLICE, QP 29, TF 2)     239000 bits [Y 37.7621 dB    U 41.1947 dB    V 42.2796 dB] [ET   260 ] [L0 ] [L1 ]
POC    16 TId: 1 (      STSA, B-SLICE, QP 34, TF 1)      49032 bits [Y 35.5948 dB    U 39.8364 dB    V 40.6279 dB] [ET   478 ] [L0 0 ] [L1 0 ]
POC     8 TId: 2 (      STSA, B-SLICE, QP 35, TF 0)      20216 bits [Y 35.7378 dB    U 40.2210 dB    V 41.1251 dB] [ET   494 ] [L0 0 16 ] [L1 16 0 ]
POC     4 TId: 3 (      STSA, B-SLICE, QP 38)             8344 bits [Y 35.6234 dB    U 40.5902 dB    V 41.4573 dB] [ET   424 ] [L0 0 8 ] [L1 8 16 ]
POC     2 TId: 4 (      STSA, B-SLICE, QP 40)             3640 bits [Y 35.8139 dB    U 40.9041 dB    V 41.8976 dB] [ET   256 ] [L0 0 4 ] [L1 4 8 ]
POC     1 TId: 5 (      STSA, B-SLICE, QP 41)             1352 bits [Y 36.3263 dB    U 41.0073 dB    V 42.1185 dB] [ET   174 ] [L0 0 2 ] [L1 2 4 ]
POC     3 TId: 5 (      STSA, B-SLICE, QP 41)             1432 bits [Y 35.4111 dB    U 40.8010 dB    V 41.6551 dB] [ET   229 ] [L0 2 0 ] [L1 4 8 ]
POC     6 TId: 4 (      STSA, B-SLICE, QP 40)             3776 bits [Y 35.1257 dB    U 40.4797 dB    V 41.2976 dB] [ET   385 ] [L0 4 0 ] [L1 8 16 ]
POC     5 TId: 5 (      STSA, B-SLICE, QP 41)             1608 bits [Y 35.0999 dB    U 40.4485 dB    V 41.3804 dB] [ET   230 ] [L0 4 0 ] [L1 6 8 ]
POC     7 TId: 5 (      STSA, B-SLICE, QP 41)             1328 bits [Y 35.1434 dB    U 40.3464 dB    V 41.2513 dB] [ET   218 ] [L0 6 4 ] [L1 8 16 ]
POC    12 TId: 3 (      STSA, B-SLICE, QP 38)             9864 bits [Y 34.9318 dB    U 40.0172 dB    V 40.8325 dB] [ET   492 ] [L0 8 0 ] [L1 16 8 ]
POC    10 TId: 4 (      STSA, B-SLICE, QP 40)             3744 bits [Y 34.7674 dB    U 40.1465 dB    V 40.9668 dB] [ET   327 ] [L0 8 0 ] [L1 12 16 ]
POC     9 TId: 5 (      STSA, B-SLICE, QP 41)             1712 bits [Y 34.9571 dB    U 40.2672 dB    V 41.1341 dB] [ET   250 ] [L0 8 0 ] [L1 10 12 ]
POC    11 TId: 5 (      STSA, B-SLICE, QP 41)             1752 bits [Y 34.6053 dB    U 40.0174 dB    V 40.8983 dB] [ET   225 ] [L0 10 8 ] [L1 12 16 ]
POC    14 TId: 4 (      STSA, B-SLICE, QP 40)             4720 bits [Y 34.5837 dB    U 39.9133 dB    V 40.7281 dB] [ET   293 ] [L0 12 8 ] [L1 16 12 ]
POC    13 TId: 5 (      STSA, B-SLICE, QP 41)             1992 bits [Y 34.4656 dB    U 39.9803 dB    V 40.7688 dB] [ET   235 ] [L0 12 8 ] [L1 14 16 ]
POC    15 TId: 5 (      STSA, B-SLICE, QP 41)             2096 bits [Y 34.6208 dB    U 39.9070 dB    V 40.6751 dB] [ET   232 ] [L0 14 12 ] [L1 16 14 ]

	Total Frames |   Bitrate     Y-PSNR    U-PSNR    V-PSNR    YUV-PSNR   
	       17    a    1255.0871   35.3277   40.3575   41.2408   36.4501

 finished @ Wed Apr 19 01:23:00 2023
 Total Time:     5211.948 sec. [user]     5216.283 sec. [elapsed]

Level: 0
Inject Calls: 5630789664
Errors injected by bit:
	Bit 0: 5630565
	Bit 1: 5635008
	Bit 2: 5629637
	Bit 3: 5628641
	Bit 4: 5635404
	Bit 5: 5629786
	Bit 6: 5630811
	Bit 7: 5632100

Total errors injected: 45051952
