vvencFFapp: Fraunhofer VVC Encoder ver. 1.5.0 [Linux][GCC 11.3.0][64 bit][SIMD=AVX2]
 started @ Fri Apr 21 17:12:17 2023
CODING TOOL CFG: CTU128 QT44BTT21 IBD:1 SAO:1 ALF:1 (NonLinLuma:0 NonLinChr:0) CCALF:1 Tiles:1x1 Slices:1 WPP:0 WPP-Substreams:1 TMVP:1 DQ:1 SDH:0 CST:1 BDOF:1 DMVR:1 MTSImplicit:1 SBT:0 JCbCr:1 CabacInitPresent:1 AMVR:5 SMVD:3 LMCS:2 (Signal:SDR Opt:0) CIIP:0 MIP:1 AFFINE:2 (PROF:1, Type:1) MMVD:3 DisFracMMVD:1 SbTMVP:1 GPM:3 LFNST:1 MTS:0 ISP:3 TS:2 TSLog2MaxSize:4 useChromaTS:0 BDPCM:2 IBC:2 BCW:0 
ENC. ALG. CFG: QPA:0 HAD:1 RDQ:1 RDQTS:1 ASR:1 MinSearchWindow:96 RestrictMESampling:0 EDO:2 MCTF:2 
PRE-ANALYSIS CFG: STA:1 LeadFrames:0 TrailFrames:0 
FAST TOOL CFG: ECU:0 FEN:1 FDM:1 FastSearch:4 (SCC:2) LCTUFast:1 FastMrg:2 PBIntraFast:1 AMaxBT:1 FastQtBtEnc:1 ContentBasedFastQtbt:0 FastMIP:3 FastIntraTools:0 IntraEstDecBit:2 FastLocalDualTree:1 IntegerET:0 FastSubPel:1 QtbttExtraFast:3 FastTTSplit:0 IBCFastMethod:3 FIM:0 ALFSpeed:0 QuantThr: 4 
RATE CONTROL CFG: RateControl:0 LookAhead:0 
PARALLEL PROCESSING CFG: NumThreads:0 MaxParallelFrames:0 WppBitEqual:0 WF:0 

POC     0 TId: 0 (  IDR_N_LP, I-SLICE, QP 29, TF 2)     245544 bits [Y 36.0242 dB    U 38.6082 dB    V 40.2672 dB] [ET   281 ] [L0 ] [L1 ]
POC    16 TId: 1 (      STSA, B-SLICE, QP 34, TF 1)     116480 bits [Y 34.6681 dB    U 37.4325 dB    V 38.6520 dB] [ET   946 ] [L0 0 ] [L1 0 ]
POC     8 TId: 2 (      STSA, B-SLICE, QP 35, TF 0)      82384 bits [Y 33.8263 dB    U 37.0644 dB    V 38.3105 dB] [ET  1354 ] [L0 0 16 ] [L1 16 0 ]
POC     4 TId: 3 (      STSA, B-SLICE, QP 38)            35424 bits [Y 33.0329 dB    U 37.2187 dB    V 38.5048 dB] [ET  1569 ] [L0 0 8 ] [L1 8 16 ]
POC     2 TId: 4 (      STSA, B-SLICE, QP 40)            19544 bits [Y 32.6605 dB    U 37.5367 dB    V 38.8284 dB] [ET   927 ] [L0 0 4 ] [L1 4 8 ]
POC     1 TId: 5 (      STSA, B-SLICE, QP 41)            10528 bits [Y 32.9133 dB    U 37.5624 dB    V 39.1544 dB] [ET   551 ] [L0 0 2 ] [L1 2 4 ]
POC     3 TId: 5 (      STSA, B-SLICE, QP 41)            10200 bits [Y 32.2761 dB    U 37.1449 dB    V 38.4856 dB] [ET   809 ] [L0 2 0 ] [L1 4 8 ]
POC     6 TId: 4 (      STSA, B-SLICE, QP 40)            18952 bits [Y 32.4641 dB    U 37.0490 dB    V 38.3178 dB] [ET  1140 ] [L0 4 0 ] [L1 8 16 ]
POC     5 TId: 5 (      STSA, B-SLICE, QP 41)             9200 bits [Y 32.2960 dB    U 36.9981 dB    V 38.4136 dB] [ET   763 ] [L0 4 0 ] [L1 6 8 ]
POC     7 TId: 5 (      STSA, B-SLICE, QP 41)             9344 bits [Y 32.3077 dB    U 36.7411 dB    V 38.1196 dB] [ET   731 ] [L0 6 4 ] [L1 8 16 ]
POC    12 TId: 3 (      STSA, B-SLICE, QP 38)            38032 bits [Y 32.8305 dB    U 37.1266 dB    V 38.0290 dB] [ET  1299 ] [L0 8 0 ] [L1 16 8 ]
POC    10 TId: 4 (      STSA, B-SLICE, QP 40)            20368 bits [Y 32.1810 dB    U 36.7858 dB    V 37.7708 dB] [ET  1236 ] [L0 8 0 ] [L1 12 16 ]
POC     9 TId: 5 (      STSA, B-SLICE, QP 41)            10016 bits [Y 32.2025 dB    U 36.7899 dB    V 37.8876 dB] [ET   758 ] [L0 8 0 ] [L1 10 12 ]
POC    11 TId: 5 (      STSA, B-SLICE, QP 41)             9784 bits [Y 32.0458 dB    U 36.8880 dB    V 37.7347 dB] [ET   865 ] [L0 10 8 ] [L1 12 16 ]
POC    14 TId: 4 (      STSA, B-SLICE, QP 40)            18176 bits [Y 32.3211 dB    U 36.9663 dB    V 37.9934 dB] [ET   904 ] [L0 12 8 ] [L1 16 12 ]
POC    13 TId: 5 (      STSA, B-SLICE, QP 41)             8904 bits [Y 32.0948 dB    U 36.9120 dB    V 37.8280 dB] [ET   696 ] [L0 12 8 ] [L1 14 16 ]
POC    15 TId: 5 (      STSA, B-SLICE, QP 41)             8328 bits [Y 32.4211 dB    U 37.0493 dB    V 38.1834 dB] [ET   568 ] [L0 14 12 ] [L1 16 14 ]

	Total Frames |   Bitrate     Y-PSNR    U-PSNR    V-PSNR    YUV-PSNR   
	       17    a    1184.4847   32.8568   37.1691   38.3812   33.8688

 finished @ Fri Apr 21 21:29:08 2023
 Total Time:    15402.342 sec. [user]    15410.941 sec. [elapsed]

Level: 0
Inject Calls: 16938053408
Errors injected by bit:
	Bit 0: 1694202
	Bit 1: 1692417
	Bit 2: 1693789
	Bit 3: 1694405
	Bit 4: 1694791
	Bit 5: 1695380
	Bit 6: 1693662
	Bit 7: 1693855

Total errors injected: 13552501
