vvencFFapp: Fraunhofer VVC Encoder ver. 1.5.0 [Linux][GCC 11.3.0][64 bit][SIMD=AVX2]
 started @ Sat Apr 22 05:22:31 2023
CODING TOOL CFG: CTU128 QT44BTT21 IBD:1 SAO:1 ALF:1 (NonLinLuma:0 NonLinChr:0) CCALF:1 Tiles:1x1 Slices:1 WPP:0 WPP-Substreams:1 TMVP:1 DQ:1 SDH:0 CST:1 BDOF:1 DMVR:1 MTSImplicit:1 SBT:0 JCbCr:1 CabacInitPresent:1 AMVR:5 SMVD:3 LMCS:2 (Signal:SDR Opt:0) CIIP:0 MIP:1 AFFINE:2 (PROF:1, Type:1) MMVD:3 DisFracMMVD:1 SbTMVP:1 GPM:3 LFNST:1 MTS:0 ISP:3 TS:2 TSLog2MaxSize:4 useChromaTS:0 BDPCM:2 IBC:2 BCW:0 
ENC. ALG. CFG: QPA:0 HAD:1 RDQ:1 RDQTS:1 ASR:1 MinSearchWindow:96 RestrictMESampling:0 EDO:2 MCTF:2 
PRE-ANALYSIS CFG: STA:1 LeadFrames:0 TrailFrames:0 
FAST TOOL CFG: ECU:0 FEN:1 FDM:1 FastSearch:4 (SCC:2) LCTUFast:1 FastMrg:2 PBIntraFast:1 AMaxBT:1 FastQtBtEnc:1 ContentBasedFastQtbt:0 FastMIP:3 FastIntraTools:0 IntraEstDecBit:2 FastLocalDualTree:1 IntegerET:0 FastSubPel:1 QtbttExtraFast:3 FastTTSplit:0 IBCFastMethod:3 FIM:0 ALFSpeed:0 QuantThr: 4 
RATE CONTROL CFG: RateControl:0 LookAhead:0 
PARALLEL PROCESSING CFG: NumThreads:0 MaxParallelFrames:0 WppBitEqual:0 WF:0 

POC     0 TId: 0 (  IDR_N_LP, I-SLICE, QP 34, TF 2)     137312 bits [Y 33.0393 dB    U 36.5932 dB    V 37.9362 dB] [ET   216 ] [L0 ] [L1 ]
POC    16 TId: 1 (      STSA, B-SLICE, QP 40, TF 1)      50200 bits [Y 30.8348 dB    U 35.9742 dB    V 36.8106 dB] [ET   775 ] [L0 0 ] [L1 0 ]
POC     8 TId: 2 (      STSA, B-SLICE, QP 40, TF 0)      40656 bits [Y 30.6776 dB    U 35.8583 dB    V 36.7836 dB] [ET  1276 ] [L0 0 16 ] [L1 16 0 ]
POC     4 TId: 3 (      STSA, B-SLICE, QP 43)            16824 bits [Y 30.1359 dB    U 35.7466 dB    V 36.8535 dB] [ET  1062 ] [L0 0 8 ] [L1 8 16 ]
POC     2 TId: 4 (      STSA, B-SLICE, QP 45)             9424 bits [Y 30.0591 dB    U 35.8099 dB    V 37.0570 dB] [ET   865 ] [L0 0 4 ] [L1 4 8 ]
POC     1 TId: 5 (      STSA, B-SLICE, QP 46)             4784 bits [Y 30.3048 dB    U 35.9120 dB    V 37.3597 dB] [ET   492 ] [L0 0 2 ] [L1 2 4 ]
POC     3 TId: 5 (      STSA, B-SLICE, QP 46)             4400 bits [Y 29.7208 dB    U 35.6379 dB    V 36.8441 dB] [ET   559 ] [L0 2 0 ] [L1 4 8 ]
POC     6 TId: 4 (      STSA, B-SLICE, QP 45)             8864 bits [Y 29.6608 dB    U 35.5512 dB    V 36.5768 dB] [ET  1062 ] [L0 4 0 ] [L1 8 16 ]
POC     5 TId: 5 (      STSA, B-SLICE, QP 46)             3944 bits [Y 29.5665 dB    U 35.5384 dB    V 36.6683 dB] [ET   608 ] [L0 4 0 ] [L1 6 8 ]
POC     7 TId: 5 (      STSA, B-SLICE, QP 46)             4272 bits [Y 29.6416 dB    U 35.4541 dB    V 36.5052 dB] [ET   549 ] [L0 6 4 ] [L1 8 16 ]
POC    12 TId: 3 (      STSA, B-SLICE, QP 43)            18568 bits [Y 29.8111 dB    U 35.5939 dB    V 36.2551 dB] [ET  1272 ] [L0 8 0 ] [L1 16 8 ]
POC    10 TId: 4 (      STSA, B-SLICE, QP 45)             9392 bits [Y 29.3296 dB    U 35.4461 dB    V 36.1191 dB] [ET  1046 ] [L0 8 0 ] [L1 12 16 ]
POC     9 TId: 5 (      STSA, B-SLICE, QP 46)             3744 bits [Y 29.3833 dB    U 35.5886 dB    V 36.3585 dB] [ET   553 ] [L0 8 0 ] [L1 10 12 ]
POC    11 TId: 5 (      STSA, B-SLICE, QP 46)             3984 bits [Y 29.2127 dB    U 35.3650 dB    V 35.9517 dB] [ET   678 ] [L0 10 8 ] [L1 12 16 ]
POC    14 TId: 4 (      STSA, B-SLICE, QP 45)             8512 bits [Y 29.4294 dB    U 35.4953 dB    V 36.1376 dB] [ET   880 ] [L0 12 8 ] [L1 16 12 ]
POC    13 TId: 5 (      STSA, B-SLICE, QP 46)             3928 bits [Y 29.3741 dB    U 35.5135 dB    V 36.1406 dB] [ET   542 ] [L0 12 8 ] [L1 14 16 ]
POC    15 TId: 5 (      STSA, B-SLICE, QP 46)             3760 bits [Y 29.6647 dB    U 35.6698 dB    V 36.2878 dB] [ET   485 ] [L0 14 12 ] [L1 16 14 ]

	Total Frames |   Bitrate     Y-PSNR    U-PSNR    V-PSNR    YUV-PSNR   
	       17    a     586.8847   29.9909   35.6910   36.6262   31.1827

 finished @ Sat Apr 22 08:58:04 2023
 Total Time:    12931.412 sec. [user]    12932.903 sec. [elapsed]

Level: 0
Inject Calls: 14759267520
Errors injected by bit:
	Bit 0: 1474504
	Bit 1: 1476308
	Bit 2: 1474483
	Bit 3: 1476320
	Bit 4: 1476391
	Bit 5: 1476812
	Bit 6: 1474553
	Bit 7: 1474610

Total errors injected: 11803981
