vvencFFapp: Fraunhofer VVC Encoder ver. 1.5.0 [Linux][GCC 11.3.0][64 bit][SIMD=AVX2]
 started @ Wed Apr 19 04:26:08 2023
CODING TOOL CFG: CTU128 QT44BTT21 IBD:1 SAO:1 ALF:1 (NonLinLuma:0 NonLinChr:0) CCALF:1 Tiles:1x1 Slices:1 WPP:0 WPP-Substreams:1 TMVP:1 DQ:1 SDH:0 CST:1 BDOF:1 DMVR:1 MTSImplicit:1 SBT:0 JCbCr:1 CabacInitPresent:1 AMVR:5 SMVD:3 LMCS:2 (Signal:SDR Opt:0) CIIP:0 MIP:1 AFFINE:2 (PROF:1, Type:1) MMVD:3 DisFracMMVD:1 SbTMVP:1 GPM:3 LFNST:1 MTS:0 ISP:3 TS:2 TSLog2MaxSize:4 useChromaTS:0 BDPCM:2 IBC:2 BCW:0 
ENC. ALG. CFG: QPA:0 HAD:1 RDQ:1 RDQTS:1 ASR:1 MinSearchWindow:96 RestrictMESampling:0 EDO:2 MCTF:2 
PRE-ANALYSIS CFG: STA:1 LeadFrames:0 TrailFrames:0 
FAST TOOL CFG: ECU:0 FEN:1 FDM:1 FastSearch:4 (SCC:2) LCTUFast:1 FastMrg:2 PBIntraFast:1 AMaxBT:1 FastQtBtEnc:1 ContentBasedFastQtbt:0 FastMIP:3 FastIntraTools:0 IntraEstDecBit:2 FastLocalDualTree:1 IntegerET:0 FastSubPel:1 QtbttExtraFast:3 FastTTSplit:0 IBCFastMethod:3 FIM:0 ALFSpeed:0 QuantThr: 4 
RATE CONTROL CFG: RateControl:0 LookAhead:0 
PARALLEL PROCESSING CFG: NumThreads:0 MaxParallelFrames:0 WppBitEqual:0 WF:0 

POC     0 TId: 0 (  IDR_N_LP, I-SLICE, QP 34, TF 2)     142152 bits [Y 34.7290 dB    U 39.0714 dB    V 39.9878 dB] [ET   210 ] [L0 ] [L1 ]
POC    16 TId: 1 (      STSA, B-SLICE, QP 40, TF 1)      22216 bits [Y 32.2962 dB    U 38.2440 dB    V 38.8120 dB] [ET   384 ] [L0 0 ] [L1 0 ]
POC     8 TId: 2 (      STSA, B-SLICE, QP 40, TF 0)      10800 bits [Y 32.8391 dB    U 38.5218 dB    V 39.3241 dB] [ET   416 ] [L0 0 16 ] [L1 16 0 ]
POC     4 TId: 3 (      STSA, B-SLICE, QP 43)             4232 bits [Y 32.8883 dB    U 38.6927 dB    V 39.4776 dB] [ET   346 ] [L0 0 8 ] [L1 8 16 ]
POC     2 TId: 4 (      STSA, B-SLICE, QP 45)             1648 bits [Y 33.0290 dB    U 38.8388 dB    V 39.6882 dB] [ET   194 ] [L0 0 4 ] [L1 4 8 ]
POC     1 TId: 5 (      STSA, B-SLICE, QP 46)              824 bits [Y 33.6801 dB    U 38.9052 dB    V 39.8895 dB] [ET   152 ] [L0 0 2 ] [L1 2 4 ]
POC     3 TId: 5 (      STSA, B-SLICE, QP 46)              656 bits [Y 32.7761 dB    U 38.8191 dB    V 39.6295 dB] [ET   169 ] [L0 2 0 ] [L1 4 8 ]
POC     6 TId: 4 (      STSA, B-SLICE, QP 45)             2024 bits [Y 32.4228 dB    U 38.6319 dB    V 39.4329 dB] [ET   253 ] [L0 4 0 ] [L1 8 16 ]
POC     5 TId: 5 (      STSA, B-SLICE, QP 46)              792 bits [Y 32.4222 dB    U 38.6053 dB    V 39.4378 dB] [ET   190 ] [L0 4 0 ] [L1 6 8 ]
POC     7 TId: 5 (      STSA, B-SLICE, QP 46)              752 bits [Y 32.4544 dB    U 38.5384 dB    V 39.3758 dB] [ET   198 ] [L0 6 4 ] [L1 8 16 ]
POC    12 TId: 3 (      STSA, B-SLICE, QP 43)             5040 bits [Y 32.0058 dB    U 38.4052 dB    V 39.0884 dB] [ET   430 ] [L0 8 0 ] [L1 16 8 ]
POC    10 TId: 4 (      STSA, B-SLICE, QP 45)             1840 bits [Y 31.9337 dB    U 38.4369 dB    V 39.1304 dB] [ET   282 ] [L0 8 0 ] [L1 12 16 ]
POC     9 TId: 5 (      STSA, B-SLICE, QP 46)              784 bits [Y 32.1911 dB    U 38.5402 dB    V 39.2876 dB] [ET   231 ] [L0 8 0 ] [L1 10 12 ]
POC    11 TId: 5 (      STSA, B-SLICE, QP 46)              744 bits [Y 31.7387 dB    U 38.4357 dB    V 39.0999 dB] [ET   198 ] [L0 10 8 ] [L1 12 16 ]
POC    14 TId: 4 (      STSA, B-SLICE, QP 45)             2344 bits [Y 31.7186 dB    U 38.2543 dB    V 38.9041 dB] [ET   265 ] [L0 12 8 ] [L1 16 12 ]
POC    13 TId: 5 (      STSA, B-SLICE, QP 46)              968 bits [Y 31.6166 dB    U 38.3486 dB    V 39.0246 dB] [ET   191 ] [L0 12 8 ] [L1 14 16 ]
POC    15 TId: 5 (      STSA, B-SLICE, QP 46)              968 bits [Y 31.7815 dB    U 38.2747 dB    V 38.9040 dB] [ET   145 ] [L0 14 12 ] [L1 16 14 ]

	Total Frames |   Bitrate     Y-PSNR    U-PSNR    V-PSNR    YUV-PSNR   
	       17    a     701.5906   32.5014   38.5626   39.3232   33.7356

 finished @ Wed Apr 19 05:37:13 2023
 Total Time:     4263.417 sec. [user]     4265.119 sec. [elapsed]

Level: 0
Inject Calls: 4749795328
Errors injected by bit:
	Bit 0: 47276
	Bit 1: 47443
	Bit 2: 47218
	Bit 3: 47350
	Bit 4: 46836
	Bit 5: 47368
	Bit 6: 47259
	Bit 7: 47532

Total errors injected: 378282
