vvencFFapp: Fraunhofer VVC Encoder ver. 1.5.0 [Linux][GCC 11.3.0][64 bit][SIMD=AVX2]
 started @ Tue Apr 18 06:40:46 2023
CODING TOOL CFG: CTU128 QT44BTT21 IBD:1 SAO:1 ALF:1 (NonLinLuma:0 NonLinChr:0) CCALF:1 Tiles:1x1 Slices:1 WPP:0 WPP-Substreams:1 TMVP:1 DQ:1 SDH:0 CST:1 BDOF:1 DMVR:1 MTSImplicit:1 SBT:0 JCbCr:1 CabacInitPresent:1 AMVR:5 SMVD:3 LMCS:2 (Signal:SDR Opt:0) CIIP:0 MIP:1 AFFINE:2 (PROF:1, Type:1) MMVD:3 DisFracMMVD:1 SbTMVP:1 GPM:3 LFNST:1 MTS:0 ISP:3 TS:2 TSLog2MaxSize:4 useChromaTS:0 BDPCM:2 IBC:2 BCW:0 
ENC. ALG. CFG: QPA:0 HAD:1 RDQ:1 RDQTS:1 ASR:1 MinSearchWindow:96 RestrictMESampling:0 EDO:2 MCTF:2 
PRE-ANALYSIS CFG: STA:1 LeadFrames:0 TrailFrames:0 
FAST TOOL CFG: ECU:0 FEN:1 FDM:1 FastSearch:4 (SCC:2) LCTUFast:1 FastMrg:2 PBIntraFast:1 AMaxBT:1 FastQtBtEnc:1 ContentBasedFastQtbt:0 FastMIP:3 FastIntraTools:0 IntraEstDecBit:2 FastLocalDualTree:1 IntegerET:0 FastSubPel:1 QtbttExtraFast:3 FastTTSplit:0 IBCFastMethod:3 FIM:0 ALFSpeed:0 QuantThr: 4 
RATE CONTROL CFG: RateControl:0 LookAhead:0 
PARALLEL PROCESSING CFG: NumThreads:0 MaxParallelFrames:0 WppBitEqual:0 WF:0 

POC     0 TId: 0 (  IDR_N_LP, I-SLICE, QP 34, TF 2)      85368 bits [Y 35.6254 dB    U 39.1515 dB    V 40.0627 dB] [ET   252 ] [L0 ] [L1 ]
POC    16 TId: 1 (      STSA, B-SLICE, QP 40, TF 1)      15912 bits [Y 33.6010 dB    U 37.9325 dB    V 37.9310 dB] [ET   447 ] [L0 0 ] [L1 0 ]
POC     8 TId: 2 (      STSA, B-SLICE, QP 40, TF 0)      11088 bits [Y 33.8798 dB    U 38.2727 dB    V 39.0670 dB] [ET   651 ] [L0 0 16 ] [L1 16 0 ]
POC     4 TId: 3 (      STSA, B-SLICE, QP 43)             6312 bits [Y 33.4756 dB    U 38.2223 dB    V 38.7021 dB] [ET   561 ] [L0 0 8 ] [L1 8 16 ]
POC     2 TId: 4 (      STSA, B-SLICE, QP 45)             2488 bits [Y 33.7876 dB    U 38.5572 dB    V 39.0946 dB] [ET   423 ] [L0 0 4 ] [L1 4 8 ]
POC     1 TId: 5 (      STSA, B-SLICE, QP 46)              240 bits [Y 35.6257 dB    U 39.1517 dB    V 40.0638 dB] [ET   145 ] [L0 0 2 ] [L1 2 4 ]
POC     3 TId: 5 (      STSA, B-SLICE, QP 46)             1472 bits [Y 33.1735 dB    U 38.1384 dB    V 38.6607 dB] [ET   284 ] [L0 2 0 ] [L1 4 8 ]
POC     6 TId: 4 (      STSA, B-SLICE, QP 45)             3200 bits [Y 32.8914 dB    U 37.9458 dB    V 38.3847 dB] [ET   524 ] [L0 4 0 ] [L1 8 16 ]
POC     5 TId: 5 (      STSA, B-SLICE, QP 46)             1432 bits [Y 32.6923 dB    U 37.9791 dB    V 38.4165 dB] [ET   307 ] [L0 4 0 ] [L1 6 8 ]
POC     7 TId: 5 (      STSA, B-SLICE, QP 46)             1680 bits [Y 32.8492 dB    U 38.0405 dB    V 38.5033 dB] [ET   319 ] [L0 6 4 ] [L1 8 16 ]
POC    12 TId: 3 (      STSA, B-SLICE, QP 43)             6728 bits [Y 32.9569 dB    U 37.9032 dB    V 38.2626 dB] [ET   660 ] [L0 8 0 ] [L1 16 8 ]
POC    10 TId: 4 (      STSA, B-SLICE, QP 45)             3376 bits [Y 32.7295 dB    U 37.8661 dB    V 37.9427 dB] [ET   643 ] [L0 8 0 ] [L1 12 16 ]
POC     9 TId: 5 (      STSA, B-SLICE, QP 46)             1360 bits [Y 33.0095 dB    U 38.0430 dB    V 38.5457 dB] [ET   342 ] [L0 8 0 ] [L1 10 12 ]
POC    11 TId: 5 (      STSA, B-SLICE, QP 46)             1848 bits [Y 32.7619 dB    U 37.9139 dB    V 37.9986 dB] [ET   330 ] [L0 10 8 ] [L1 12 16 ]
POC    14 TId: 4 (      STSA, B-SLICE, QP 45)             3352 bits [Y 32.6026 dB    U 37.6236 dB    V 37.7694 dB] [ET   520 ] [L0 12 8 ] [L1 16 12 ]
POC    13 TId: 5 (      STSA, B-SLICE, QP 46)             1368 bits [Y 32.5570 dB    U 37.8020 dB    V 37.9435 dB] [ET   312 ] [L0 12 8 ] [L1 14 16 ]
POC    15 TId: 5 (      STSA, B-SLICE, QP 46)             1224 bits [Y 32.6335 dB    U 37.7596 dB    V 37.6972 dB] [ET   233 ] [L0 14 12 ] [L1 16 14 ]

	Total Frames |   Bitrate     Y-PSNR    U-PSNR    V-PSNR    YUV-PSNR   
	       17    a     436.6118   33.3443   38.1355   38.5321   34.3850

 finished @ Tue Apr 18 08:36:54 2023
 Total Time:     6962.537 sec. [user]     6968.023 sec. [elapsed]

Level: 0
Inject Calls: 7921662880
Errors injected by bit:
	Bit 0: 7916962
	Bit 1: 7926905
	Bit 2: 7924282
	Bit 3: 7921938
	Bit 4: 7921490
	Bit 5: 7925543
	Bit 6: 7920343
	Bit 7: 7922124

Total errors injected: 63379587
