vvencFFapp: Fraunhofer VVC Encoder ver. 1.5.0 [Linux][GCC 11.3.0][64 bit][SIMD=AVX2]
 started @ Fri Apr 21 01:51:59 2023
CODING TOOL CFG: CTU128 QT44BTT21 IBD:1 SAO:1 ALF:1 (NonLinLuma:0 NonLinChr:0) CCALF:1 Tiles:1x1 Slices:1 WPP:0 WPP-Substreams:1 TMVP:1 DQ:1 SDH:0 CST:1 BDOF:1 DMVR:1 MTSImplicit:1 SBT:0 JCbCr:1 CabacInitPresent:1 AMVR:5 SMVD:3 LMCS:2 (Signal:SDR Opt:0) CIIP:0 MIP:1 AFFINE:2 (PROF:1, Type:1) MMVD:3 DisFracMMVD:1 SbTMVP:1 GPM:3 LFNST:1 MTS:0 ISP:3 TS:2 TSLog2MaxSize:4 useChromaTS:0 BDPCM:2 IBC:2 BCW:0 
ENC. ALG. CFG: QPA:0 HAD:1 RDQ:1 RDQTS:1 ASR:1 MinSearchWindow:96 RestrictMESampling:0 EDO:2 MCTF:2 
PRE-ANALYSIS CFG: STA:1 LeadFrames:0 TrailFrames:0 
FAST TOOL CFG: ECU:0 FEN:1 FDM:1 FastSearch:4 (SCC:2) LCTUFast:1 FastMrg:2 PBIntraFast:1 AMaxBT:1 FastQtBtEnc:1 ContentBasedFastQtbt:0 FastMIP:3 FastIntraTools:0 IntraEstDecBit:2 FastLocalDualTree:1 IntegerET:0 FastSubPel:1 QtbttExtraFast:3 FastTTSplit:0 IBCFastMethod:3 FIM:0 ALFSpeed:0 QuantThr: 4 
RATE CONTROL CFG: RateControl:0 LookAhead:0 
PARALLEL PROCESSING CFG: NumThreads:0 MaxParallelFrames:0 WppBitEqual:0 WF:0 

POC     0 TId: 0 (  IDR_N_LP, I-SLICE, QP 24, TF 3)     399128 bits [Y 38.6505 dB    U 40.8666 dB    V 42.1124 dB] [ET   344 ] [L0 ] [L1 ]
POC    16 TId: 1 (      STSA, B-SLICE, QP 28, TF 2)     243320 bits [Y 38.5705 dB    U 40.3031 dB    V 41.5033 dB] [ET  1097 ] [L0 0 ] [L1 0 ]
POC     8 TId: 2 (      STSA, B-SLICE, QP 29, TF 1)     179408 bits [Y 37.2263 dB    U 39.5405 dB    V 40.8467 dB] [ET  1413 ] [L0 0 16 ] [L1 16 0 ]
POC     4 TId: 3 (      STSA, B-SLICE, QP 32, TF 0)      77968 bits [Y 35.9346 dB    U 39.1938 dB    V 40.3643 dB] [ET  1405 ] [L0 0 8 ] [L1 8 16 ]
POC     2 TId: 4 (      STSA, B-SLICE, QP 34)            44840 bits [Y 35.6236 dB    U 39.2556 dB    V 40.4275 dB] [ET  1108 ] [L0 0 4 ] [L1 4 8 ]
POC     1 TId: 5 (      STSA, B-SLICE, QP 36)            22600 bits [Y 35.2411 dB    U 39.4616 dB    V 40.7272 dB] [ET   721 ] [L0 0 2 ] [L1 2 4 ]
POC     3 TId: 5 (      STSA, B-SLICE, QP 36)            20776 bits [Y 34.8966 dB    U 38.8788 dB    V 40.1239 dB] [ET   829 ] [L0 2 0 ] [L1 4 8 ]
POC     6 TId: 4 (      STSA, B-SLICE, QP 34)            44112 bits [Y 35.4867 dB    U 38.8795 dB    V 40.0445 dB] [ET  1281 ] [L0 4 0 ] [L1 8 16 ]
POC     5 TId: 5 (      STSA, B-SLICE, QP 36)            19944 bits [Y 34.9064 dB    U 38.8467 dB    V 40.0614 dB] [ET   885 ] [L0 4 0 ] [L1 6 8 ]
POC     7 TId: 5 (      STSA, B-SLICE, QP 36)            20800 bits [Y 35.0035 dB    U 38.8165 dB    V 40.0955 dB] [ET  1014 ] [L0 6 4 ] [L1 8 16 ]
POC    12 TId: 3 (      STSA, B-SLICE, QP 32, TF 0)      80048 bits [Y 35.7615 dB    U 39.3034 dB    V 40.0547 dB] [ET  1521 ] [L0 8 0 ] [L1 16 8 ]
POC    10 TId: 4 (      STSA, B-SLICE, QP 34)            47360 bits [Y 35.3564 dB    U 38.8231 dB    V 39.6140 dB] [ET  1484 ] [L0 8 0 ] [L1 12 16 ]
POC     9 TId: 5 (      STSA, B-SLICE, QP 36)            21144 bits [Y 34.9638 dB    U 38.8086 dB    V 39.8759 dB] [ET   870 ] [L0 8 0 ] [L1 10 12 ]
POC    11 TId: 5 (      STSA, B-SLICE, QP 36)            21048 bits [Y 34.7477 dB    U 38.7857 dB    V 39.6173 dB] [ET   930 ] [L0 10 8 ] [L1 12 16 ]
POC    14 TId: 4 (      STSA, B-SLICE, QP 34)            43896 bits [Y 35.3344 dB    U 38.9618 dB    V 40.0293 dB] [ET  1077 ] [L0 12 8 ] [L1 16 12 ]
POC    13 TId: 5 (      STSA, B-SLICE, QP 36)            19680 bits [Y 34.7388 dB    U 38.8810 dB    V 39.7948 dB] [ET   891 ] [L0 12 8 ] [L1 14 16 ]
POC    15 TId: 5 (      STSA, B-SLICE, QP 36)            19416 bits [Y 34.9613 dB    U 39.1862 dB    V 40.4250 dB] [ET   759 ] [L0 14 12 ] [L1 16 14 ]

	Total Frames |   Bitrate     Y-PSNR    U-PSNR    V-PSNR    YUV-PSNR   
	       17    a    2339.0965   35.7296   39.2231   40.3363   36.5786

 finished @ Fri Apr 21 06:46:09 2023
 Total Time:    17648.652 sec. [user]    17649.719 sec. [elapsed]

Level: 0
Inject Calls: 19262827424
Errors injected by bit:
	Bit 0: 19255179
	Bit 1: 19263936
	Bit 2: 19261644
	Bit 3: 19262633
	Bit 4: 19257064
	Bit 5: 19263487
	Bit 6: 19260584
	Bit 7: 19261638

Total errors injected: 154086165
