vvencFFapp: Fraunhofer VVC Encoder ver. 1.5.0 [Linux][GCC 11.3.0][64 bit][SIMD=AVX2]
 started @ Fri Apr 21 21:07:22 2023
CODING TOOL CFG: CTU128 QT44BTT21 IBD:1 SAO:1 ALF:1 (NonLinLuma:0 NonLinChr:0) CCALF:1 Tiles:1x1 Slices:1 WPP:0 WPP-Substreams:1 TMVP:1 DQ:1 SDH:0 CST:1 BDOF:1 DMVR:1 MTSImplicit:1 SBT:0 JCbCr:1 CabacInitPresent:1 AMVR:5 SMVD:3 LMCS:2 (Signal:SDR Opt:0) CIIP:0 MIP:1 AFFINE:2 (PROF:1, Type:1) MMVD:3 DisFracMMVD:1 SbTMVP:1 GPM:3 LFNST:1 MTS:0 ISP:3 TS:2 TSLog2MaxSize:4 useChromaTS:0 BDPCM:2 IBC:2 BCW:0 
ENC. ALG. CFG: QPA:0 HAD:1 RDQ:1 RDQTS:1 ASR:1 MinSearchWindow:96 RestrictMESampling:0 EDO:2 MCTF:2 
PRE-ANALYSIS CFG: STA:1 LeadFrames:0 TrailFrames:0 
FAST TOOL CFG: ECU:0 FEN:1 FDM:1 FastSearch:4 (SCC:2) LCTUFast:1 FastMrg:2 PBIntraFast:1 AMaxBT:1 FastQtBtEnc:1 ContentBasedFastQtbt:0 FastMIP:3 FastIntraTools:0 IntraEstDecBit:2 FastLocalDualTree:1 IntegerET:0 FastSubPel:1 QtbttExtraFast:3 FastTTSplit:0 IBCFastMethod:3 FIM:0 ALFSpeed:0 QuantThr: 4 
RATE CONTROL CFG: RateControl:0 LookAhead:0 
PARALLEL PROCESSING CFG: NumThreads:0 MaxParallelFrames:0 WppBitEqual:0 WF:0 

POC     0 TId: 0 (  IDR_N_LP, I-SLICE, QP 29, TF 2)     245544 bits [Y 36.0242 dB    U 38.6082 dB    V 40.2672 dB] [ET   273 ] [L0 ] [L1 ]
POC    16 TId: 1 (      STSA, B-SLICE, QP 34, TF 1)     114840 bits [Y 34.7106 dB    U 37.4979 dB    V 38.5073 dB] [ET   993 ] [L0 0 ] [L1 0 ]
POC     8 TId: 2 (      STSA, B-SLICE, QP 35, TF 0)      81824 bits [Y 33.8041 dB    U 37.0843 dB    V 38.3121 dB] [ET  1312 ] [L0 0 16 ] [L1 16 0 ]
POC     4 TId: 3 (      STSA, B-SLICE, QP 38)            36136 bits [Y 33.0430 dB    U 37.2011 dB    V 38.6030 dB] [ET  1263 ] [L0 0 8 ] [L1 8 16 ]
POC     2 TId: 4 (      STSA, B-SLICE, QP 40)            19576 bits [Y 32.6667 dB    U 37.4671 dB    V 38.9651 dB] [ET   926 ] [L0 0 4 ] [L1 4 8 ]
POC     1 TId: 5 (      STSA, B-SLICE, QP 41)            10496 bits [Y 32.9018 dB    U 37.5751 dB    V 39.1791 dB] [ET   578 ] [L0 0 2 ] [L1 2 4 ]
POC     3 TId: 5 (      STSA, B-SLICE, QP 41)            10256 bits [Y 32.3065 dB    U 37.1146 dB    V 38.5474 dB] [ET   742 ] [L0 2 0 ] [L1 4 8 ]
POC     6 TId: 4 (      STSA, B-SLICE, QP 40)            18600 bits [Y 32.4329 dB    U 36.9158 dB    V 38.2391 dB] [ET  1209 ] [L0 4 0 ] [L1 8 16 ]
POC     5 TId: 5 (      STSA, B-SLICE, QP 41)             9400 bits [Y 32.3242 dB    U 36.9357 dB    V 38.5166 dB] [ET   756 ] [L0 4 0 ] [L1 6 8 ]
POC     7 TId: 5 (      STSA, B-SLICE, QP 41)             9248 bits [Y 32.2971 dB    U 36.7873 dB    V 38.1348 dB] [ET   756 ] [L0 6 4 ] [L1 8 16 ]
POC    12 TId: 3 (      STSA, B-SLICE, QP 38)            37288 bits [Y 32.8259 dB    U 37.1355 dB    V 37.9207 dB] [ET  1331 ] [L0 8 0 ] [L1 16 8 ]
POC    10 TId: 4 (      STSA, B-SLICE, QP 40)            20456 bits [Y 32.2599 dB    U 36.9399 dB    V 37.7767 dB] [ET  1225 ] [L0 8 0 ] [L1 12 16 ]
POC     9 TId: 5 (      STSA, B-SLICE, QP 41)             9736 bits [Y 32.2173 dB    U 36.8380 dB    V 37.9331 dB] [ET   717 ] [L0 8 0 ] [L1 10 12 ]
POC    11 TId: 5 (      STSA, B-SLICE, QP 41)             9624 bits [Y 32.0182 dB    U 36.9181 dB    V 37.7577 dB] [ET   773 ] [L0 10 8 ] [L1 12 16 ]
POC    14 TId: 4 (      STSA, B-SLICE, QP 40)            18272 bits [Y 32.3768 dB    U 37.0134 dB    V 37.8849 dB] [ET   951 ] [L0 12 8 ] [L1 16 12 ]
POC    13 TId: 5 (      STSA, B-SLICE, QP 41)             9160 bits [Y 32.1307 dB    U 36.9380 dB    V 37.8197 dB] [ET   689 ] [L0 12 8 ] [L1 14 16 ]
POC    15 TId: 5 (      STSA, B-SLICE, QP 41)             8360 bits [Y 32.4547 dB    U 37.0494 dB    V 38.0360 dB] [ET   558 ] [L0 14 12 ] [L1 16 14 ]

	Total Frames |   Bitrate     Y-PSNR    U-PSNR    V-PSNR    YUV-PSNR   
	       17    a    1180.2635   32.8703   37.1776   38.3765   33.8814

 finished @ Sat Apr 22 01:18:29 2023
 Total Time:    15063.891 sec. [user]    15067.432 sec. [elapsed]

Level: 0
Inject Calls: 17075457152
Errors injected by bit:
	Bit 0: 170640
	Bit 1: 170738
	Bit 2: 171307
	Bit 3: 170859
	Bit 4: 170762
	Bit 5: 170654
	Bit 6: 171204
	Bit 7: 170794

Total errors injected: 1366958
