vvencFFapp: Fraunhofer VVC Encoder ver. 1.5.0 [Linux][GCC 11.3.0][64 bit][SIMD=AVX2]
 started @ Tue Apr 18 21:51:02 2023
CODING TOOL CFG: CTU128 QT44BTT21 IBD:1 SAO:1 ALF:1 (NonLinLuma:0 NonLinChr:0) CCALF:1 Tiles:1x1 Slices:1 WPP:0 WPP-Substreams:1 TMVP:1 DQ:1 SDH:0 CST:1 BDOF:1 DMVR:1 MTSImplicit:1 SBT:0 JCbCr:1 CabacInitPresent:1 AMVR:5 SMVD:3 LMCS:2 (Signal:SDR Opt:0) CIIP:0 MIP:1 AFFINE:2 (PROF:1, Type:1) MMVD:3 DisFracMMVD:1 SbTMVP:1 GPM:3 LFNST:1 MTS:0 ISP:3 TS:2 TSLog2MaxSize:4 useChromaTS:0 BDPCM:2 IBC:2 BCW:0 
ENC. ALG. CFG: QPA:0 HAD:1 RDQ:1 RDQTS:1 ASR:1 MinSearchWindow:96 RestrictMESampling:0 EDO:2 MCTF:2 
PRE-ANALYSIS CFG: STA:1 LeadFrames:0 TrailFrames:0 
FAST TOOL CFG: ECU:0 FEN:1 FDM:1 FastSearch:4 (SCC:2) LCTUFast:1 FastMrg:2 PBIntraFast:1 AMaxBT:1 FastQtBtEnc:1 ContentBasedFastQtbt:0 FastMIP:3 FastIntraTools:0 IntraEstDecBit:2 FastLocalDualTree:1 IntegerET:0 FastSubPel:1 QtbttExtraFast:3 FastTTSplit:0 IBCFastMethod:3 FIM:0 ALFSpeed:0 QuantThr: 4 
RATE CONTROL CFG: RateControl:0 LookAhead:0 
PARALLEL PROCESSING CFG: NumThreads:0 MaxParallelFrames:0 WppBitEqual:0 WF:0 

POC     0 TId: 0 (  IDR_N_LP, I-SLICE, QP 24, TF 3)     377624 bits [Y 40.2668 dB    U 43.0828 dB    V 44.6158 dB] [ET   365 ] [L0 ] [L1 ]
POC    16 TId: 1 (      STSA, B-SLICE, QP 28, TF 2)     101368 bits [Y 38.6862 dB    U 42.0284 dB    V 43.2528 dB] [ET   526 ] [L0 0 ] [L1 0 ]
POC     8 TId: 2 (      STSA, B-SLICE, QP 29, TF 1)      44648 bits [Y 38.5891 dB    U 42.2180 dB    V 43.6085 dB] [ET   570 ] [L0 0 16 ] [L1 16 0 ]
POC     4 TId: 3 (      STSA, B-SLICE, QP 32, TF 0)      18848 bits [Y 38.3171 dB    U 42.4572 dB    V 43.9053 dB] [ET   536 ] [L0 0 8 ] [L1 8 16 ]
POC     2 TId: 4 (      STSA, B-SLICE, QP 34)             8360 bits [Y 38.4006 dB    U 42.7969 dB    V 44.2363 dB] [ET   376 ] [L0 0 4 ] [L1 4 8 ]
POC     1 TId: 5 (      STSA, B-SLICE, QP 36)             2920 bits [Y 38.7798 dB    U 42.9047 dB    V 44.4765 dB] [ET   230 ] [L0 0 2 ] [L1 2 4 ]
POC     3 TId: 5 (      STSA, B-SLICE, QP 36)             3216 bits [Y 37.9071 dB    U 42.6751 dB    V 44.0734 dB] [ET   309 ] [L0 2 0 ] [L1 4 8 ]
POC     6 TId: 4 (      STSA, B-SLICE, QP 34)             8712 bits [Y 37.8562 dB    U 42.3184 dB    V 43.6848 dB] [ET   437 ] [L0 4 0 ] [L1 8 16 ]
POC     5 TId: 5 (      STSA, B-SLICE, QP 36)             3360 bits [Y 37.6354 dB    U 42.3541 dB    V 43.7614 dB] [ET   290 ] [L0 4 0 ] [L1 6 8 ]
POC     7 TId: 5 (      STSA, B-SLICE, QP 36)             2920 bits [Y 37.7685 dB    U 42.2824 dB    V 43.5990 dB] [ET   326 ] [L0 6 4 ] [L1 8 16 ]
POC    12 TId: 3 (      STSA, B-SLICE, QP 32, TF 0)      21760 bits [Y 37.7956 dB    U 41.9713 dB    V 43.2327 dB] [ET   554 ] [L0 8 0 ] [L1 16 8 ]
POC    10 TId: 4 (      STSA, B-SLICE, QP 34)             9512 bits [Y 37.6530 dB    U 42.0584 dB    V 43.3230 dB] [ET   500 ] [L0 8 0 ] [L1 12 16 ]
POC     9 TId: 5 (      STSA, B-SLICE, QP 36)             3528 bits [Y 37.6546 dB    U 42.1540 dB    V 43.5039 dB] [ET   289 ] [L0 8 0 ] [L1 10 12 ]
POC    11 TId: 5 (      STSA, B-SLICE, QP 36)             3768 bits [Y 37.3555 dB    U 41.9635 dB    V 43.2781 dB] [ET   305 ] [L0 10 8 ] [L1 12 16 ]
POC    14 TId: 4 (      STSA, B-SLICE, QP 34)            10696 bits [Y 37.4453 dB    U 41.8943 dB    V 43.0627 dB] [ET   421 ] [L0 12 8 ] [L1 16 12 ]
POC    13 TId: 5 (      STSA, B-SLICE, QP 36)             4080 bits [Y 37.1960 dB    U 41.9181 dB    V 43.1877 dB] [ET   328 ] [L0 12 8 ] [L1 14 16 ]
POC    15 TId: 5 (      STSA, B-SLICE, QP 36)             4160 bits [Y 37.3643 dB    U 41.9644 dB    V 43.0881 dB] [ET   310 ] [L0 14 12 ] [L1 16 14 ]

	Total Frames |   Bitrate     Y-PSNR    U-PSNR    V-PSNR    YUV-PSNR   
	       17    a    2221.6941   38.0395   42.2966   43.6406   39.0948

 finished @ Tue Apr 18 23:42:27 2023
 Total Time:     6683.200 sec. [user]     6685.649 sec. [elapsed]

Level: 0
Inject Calls: 7086410176
Errors injected by bit:
	Bit 0: 7093
	Bit 1: 7289
	Bit 2: 7038
	Bit 3: 7079
	Bit 4: 7229
	Bit 5: 7009
	Bit 6: 7198
	Bit 7: 7179

Total errors injected: 57114
