vvencFFapp: Fraunhofer VVC Encoder ver. 1.5.0 [Linux][GCC 11.3.0][64 bit][SIMD=AVX2]
 started @ Sat Apr 22 05:17:30 2023
CODING TOOL CFG: CTU128 QT44BTT21 IBD:1 SAO:1 ALF:1 (NonLinLuma:0 NonLinChr:0) CCALF:1 Tiles:1x1 Slices:1 WPP:0 WPP-Substreams:1 TMVP:1 DQ:1 SDH:0 CST:1 BDOF:1 DMVR:1 MTSImplicit:1 SBT:0 JCbCr:1 CabacInitPresent:1 AMVR:5 SMVD:3 LMCS:2 (Signal:SDR Opt:0) CIIP:0 MIP:1 AFFINE:2 (PROF:1, Type:1) MMVD:3 DisFracMMVD:1 SbTMVP:1 GPM:3 LFNST:1 MTS:0 ISP:3 TS:2 TSLog2MaxSize:4 useChromaTS:0 BDPCM:2 IBC:2 BCW:0 
ENC. ALG. CFG: QPA:0 HAD:1 RDQ:1 RDQTS:1 ASR:1 MinSearchWindow:96 RestrictMESampling:0 EDO:2 MCTF:2 
PRE-ANALYSIS CFG: STA:1 LeadFrames:0 TrailFrames:0 
FAST TOOL CFG: ECU:0 FEN:1 FDM:1 FastSearch:4 (SCC:2) LCTUFast:1 FastMrg:2 PBIntraFast:1 AMaxBT:1 FastQtBtEnc:1 ContentBasedFastQtbt:0 FastMIP:3 FastIntraTools:0 IntraEstDecBit:2 FastLocalDualTree:1 IntegerET:0 FastSubPel:1 QtbttExtraFast:3 FastTTSplit:0 IBCFastMethod:3 FIM:0 ALFSpeed:0 QuantThr: 4 
RATE CONTROL CFG: RateControl:0 LookAhead:0 
PARALLEL PROCESSING CFG: NumThreads:0 MaxParallelFrames:0 WppBitEqual:0 WF:0 

POC     0 TId: 0 (  IDR_N_LP, I-SLICE, QP 34, TF 2)     137312 bits [Y 33.0393 dB    U 36.5932 dB    V 37.9362 dB] [ET   210 ] [L0 ] [L1 ]
POC    16 TId: 1 (      STSA, B-SLICE, QP 40, TF 1)      51216 bits [Y 30.7017 dB    U 35.9526 dB    V 36.7717 dB] [ET   829 ] [L0 0 ] [L1 0 ]
POC     8 TId: 2 (      STSA, B-SLICE, QP 40, TF 0)      40680 bits [Y 30.7283 dB    U 35.8051 dB    V 36.8162 dB] [ET  1262 ] [L0 0 16 ] [L1 16 0 ]
POC     4 TId: 3 (      STSA, B-SLICE, QP 43)            17008 bits [Y 30.1956 dB    U 35.5925 dB    V 36.8330 dB] [ET  1072 ] [L0 0 8 ] [L1 8 16 ]
POC     2 TId: 4 (      STSA, B-SLICE, QP 45)             9488 bits [Y 30.0774 dB    U 35.7034 dB    V 37.0493 dB] [ET   877 ] [L0 0 4 ] [L1 4 8 ]
POC     1 TId: 5 (      STSA, B-SLICE, QP 46)             4960 bits [Y 30.3922 dB    U 35.8594 dB    V 37.2501 dB] [ET   409 ] [L0 0 2 ] [L1 2 4 ]
POC     3 TId: 5 (      STSA, B-SLICE, QP 46)             4544 bits [Y 29.7582 dB    U 35.4990 dB    V 36.8195 dB] [ET   610 ] [L0 2 0 ] [L1 4 8 ]
POC     6 TId: 4 (      STSA, B-SLICE, QP 45)             8552 bits [Y 29.6677 dB    U 35.4935 dB    V 36.6200 dB] [ET  1081 ] [L0 4 0 ] [L1 8 16 ]
POC     5 TId: 5 (      STSA, B-SLICE, QP 46)             4336 bits [Y 29.6580 dB    U 35.5246 dB    V 36.7716 dB] [ET   666 ] [L0 4 0 ] [L1 6 8 ]
POC     7 TId: 5 (      STSA, B-SLICE, QP 46)             3960 bits [Y 29.6044 dB    U 35.3567 dB    V 36.5182 dB] [ET   586 ] [L0 6 4 ] [L1 8 16 ]
POC    12 TId: 3 (      STSA, B-SLICE, QP 43)            18704 bits [Y 29.8330 dB    U 35.5679 dB    V 36.1989 dB] [ET  1365 ] [L0 8 0 ] [L1 16 8 ]
POC    10 TId: 4 (      STSA, B-SLICE, QP 45)             9744 bits [Y 29.4143 dB    U 35.4730 dB    V 36.1262 dB] [ET  1049 ] [L0 8 0 ] [L1 12 16 ]
POC     9 TId: 5 (      STSA, B-SLICE, QP 46)             3960 bits [Y 29.4506 dB    U 35.5853 dB    V 36.3855 dB] [ET   647 ] [L0 8 0 ] [L1 10 12 ]
POC    11 TId: 5 (      STSA, B-SLICE, QP 46)             4072 bits [Y 29.3174 dB    U 35.4523 dB    V 36.1333 dB] [ET   690 ] [L0 10 8 ] [L1 12 16 ]
POC    14 TId: 4 (      STSA, B-SLICE, QP 45)             8312 bits [Y 29.4579 dB    U 35.4554 dB    V 35.9957 dB] [ET   799 ] [L0 12 8 ] [L1 16 12 ]
POC    13 TId: 5 (      STSA, B-SLICE, QP 46)             4104 bits [Y 29.3707 dB    U 35.4787 dB    V 36.0227 dB] [ET   608 ] [L0 12 8 ] [L1 14 16 ]
POC    15 TId: 5 (      STSA, B-SLICE, QP 46)             3808 bits [Y 29.6964 dB    U 35.6882 dB    V 36.2603 dB] [ET   471 ] [L0 14 12 ] [L1 16 14 ]

	Total Frames |   Bitrate     Y-PSNR    U-PSNR    V-PSNR    YUV-PSNR   
	       17    a     590.7529   30.0214   35.6518   36.6181   31.2099

 finished @ Sat Apr 22 08:58:15 2023
 Total Time:    13243.877 sec. [user]    13245.769 sec. [elapsed]

Level: 0
Inject Calls: 14733070528
Errors injected by bit:
	Bit 0: 1474000
	Bit 1: 1474660
	Bit 2: 1473708
	Bit 3: 1473797
	Bit 4: 1474501
	Bit 5: 1473587
	Bit 6: 1475140
	Bit 7: 1472647

Total errors injected: 11792040
