vvencFFapp: Fraunhofer VVC Encoder ver. 1.5.0 [Linux][GCC 11.3.0][64 bit][SIMD=AVX2]
 started @ Wed Apr 19 03:16:07 2023
CODING TOOL CFG: CTU128 QT44BTT21 IBD:1 SAO:1 ALF:1 (NonLinLuma:0 NonLinChr:0) CCALF:1 Tiles:1x1 Slices:1 WPP:0 WPP-Substreams:1 TMVP:1 DQ:1 SDH:0 CST:1 BDOF:1 DMVR:1 MTSImplicit:1 SBT:0 JCbCr:1 CabacInitPresent:1 AMVR:5 SMVD:3 LMCS:2 (Signal:SDR Opt:0) CIIP:0 MIP:1 AFFINE:2 (PROF:1, Type:1) MMVD:3 DisFracMMVD:1 SbTMVP:1 GPM:3 LFNST:1 MTS:0 ISP:3 TS:2 TSLog2MaxSize:4 useChromaTS:0 BDPCM:2 IBC:2 BCW:0 
ENC. ALG. CFG: QPA:0 HAD:1 RDQ:1 RDQTS:1 ASR:1 MinSearchWindow:96 RestrictMESampling:0 EDO:2 MCTF:2 
PRE-ANALYSIS CFG: STA:1 LeadFrames:0 TrailFrames:0 
FAST TOOL CFG: ECU:0 FEN:1 FDM:1 FastSearch:4 (SCC:2) LCTUFast:1 FastMrg:2 PBIntraFast:1 AMaxBT:1 FastQtBtEnc:1 ContentBasedFastQtbt:0 FastMIP:3 FastIntraTools:0 IntraEstDecBit:2 FastLocalDualTree:1 IntegerET:0 FastSubPel:1 QtbttExtraFast:3 FastTTSplit:0 IBCFastMethod:3 FIM:0 ALFSpeed:0 QuantThr: 4 
RATE CONTROL CFG: RateControl:0 LookAhead:0 
PARALLEL PROCESSING CFG: NumThreads:0 MaxParallelFrames:0 WppBitEqual:0 WF:0 

POC     0 TId: 0 (  IDR_N_LP, I-SLICE, QP 34, TF 2)     142152 bits [Y 34.7290 dB    U 39.0714 dB    V 39.9878 dB] [ET   221 ] [L0 ] [L1 ]
POC    16 TId: 1 (      STSA, B-SLICE, QP 40, TF 1)      22184 bits [Y 32.2347 dB    U 38.3054 dB    V 38.8879 dB] [ET   384 ] [L0 0 ] [L1 0 ]
POC     8 TId: 2 (      STSA, B-SLICE, QP 40, TF 0)      10960 bits [Y 32.8961 dB    U 38.4493 dB    V 39.3518 dB] [ET   434 ] [L0 0 16 ] [L1 16 0 ]
POC     4 TId: 3 (      STSA, B-SLICE, QP 43)             4576 bits [Y 32.9042 dB    U 38.6514 dB    V 39.5105 dB] [ET   345 ] [L0 0 8 ] [L1 8 16 ]
POC     2 TId: 4 (      STSA, B-SLICE, QP 45)             1832 bits [Y 33.1042 dB    U 38.7997 dB    V 39.7009 dB] [ET   212 ] [L0 0 4 ] [L1 4 8 ]
POC     1 TId: 5 (      STSA, B-SLICE, QP 46)              752 bits [Y 33.6767 dB    U 38.9013 dB    V 39.9068 dB] [ET   160 ] [L0 0 2 ] [L1 2 4 ]
POC     3 TId: 5 (      STSA, B-SLICE, QP 46)              640 bits [Y 32.7947 dB    U 38.7697 dB    V 39.6446 dB] [ET   183 ] [L0 2 0 ] [L1 4 8 ]
POC     6 TId: 4 (      STSA, B-SLICE, QP 45)             2088 bits [Y 32.4187 dB    U 38.5739 dB    V 39.4671 dB] [ET   272 ] [L0 4 0 ] [L1 8 16 ]
POC     5 TId: 5 (      STSA, B-SLICE, QP 46)              792 bits [Y 32.4439 dB    U 38.5554 dB    V 39.4749 dB] [ET   182 ] [L0 4 0 ] [L1 6 8 ]
POC     7 TId: 5 (      STSA, B-SLICE, QP 46)              720 bits [Y 32.5306 dB    U 38.4944 dB    V 39.4257 dB] [ET   197 ] [L0 6 4 ] [L1 8 16 ]
POC    12 TId: 3 (      STSA, B-SLICE, QP 43)             4896 bits [Y 31.9977 dB    U 38.3455 dB    V 39.1376 dB] [ET   383 ] [L0 8 0 ] [L1 16 8 ]
POC    10 TId: 4 (      STSA, B-SLICE, QP 45)             1936 bits [Y 32.0700 dB    U 38.3699 dB    V 39.1591 dB] [ET   279 ] [L0 8 0 ] [L1 12 16 ]
POC     9 TId: 5 (      STSA, B-SLICE, QP 46)              896 bits [Y 32.3250 dB    U 38.4218 dB    V 39.3413 dB] [ET   190 ] [L0 8 0 ] [L1 10 12 ]
POC    11 TId: 5 (      STSA, B-SLICE, QP 46)              808 bits [Y 31.8225 dB    U 38.3140 dB    V 39.1514 dB] [ET   201 ] [L0 10 8 ] [L1 12 16 ]
POC    14 TId: 4 (      STSA, B-SLICE, QP 45)             2168 bits [Y 31.6675 dB    U 38.2743 dB    V 38.9589 dB] [ET   226 ] [L0 12 8 ] [L1 16 12 ]
POC    13 TId: 5 (      STSA, B-SLICE, QP 46)              992 bits [Y 31.6107 dB    U 38.3431 dB    V 39.0059 dB] [ET   202 ] [L0 12 8 ] [L1 14 16 ]
POC    15 TId: 5 (      STSA, B-SLICE, QP 46)             1000 bits [Y 31.7121 dB    U 38.3682 dB    V 38.9797 dB] [ET   157 ] [L0 14 12 ] [L1 16 14 ]

	Total Frames |   Bitrate     Y-PSNR    U-PSNR    V-PSNR    YUV-PSNR   
	       17    a     703.7365   32.5258   38.5299   39.3583   33.7569

 finished @ Wed Apr 19 04:26:48 2023
 Total Time:     4236.183 sec. [user]     4240.387 sec. [elapsed]

Level: 0
Inject Calls: 4763397216
Errors injected by bit:
	Bit 0: 4760286
	Bit 1: 4765854
	Bit 2: 4761575
	Bit 3: 4768072
	Bit 4: 4766001
	Bit 5: 4762386
	Bit 6: 4762118
	Bit 7: 4762419

Total errors injected: 38108711
