vvencFFapp: Fraunhofer VVC Encoder ver. 1.5.0 [Linux][GCC 11.3.0][64 bit][SIMD=AVX2]
 started @ Thu Apr 20 13:21:46 2023
CODING TOOL CFG: CTU128 QT44BTT21 IBD:1 SAO:1 ALF:1 (NonLinLuma:0 NonLinChr:0) CCALF:1 Tiles:1x1 Slices:1 WPP:0 WPP-Substreams:1 TMVP:1 DQ:1 SDH:0 CST:1 BDOF:1 DMVR:1 MTSImplicit:1 SBT:0 JCbCr:1 CabacInitPresent:1 AMVR:5 SMVD:3 LMCS:2 (Signal:SDR Opt:0) CIIP:0 MIP:1 AFFINE:2 (PROF:1, Type:1) MMVD:3 DisFracMMVD:1 SbTMVP:1 GPM:3 LFNST:1 MTS:0 ISP:3 TS:2 TSLog2MaxSize:4 useChromaTS:0 BDPCM:2 IBC:2 BCW:0 
ENC. ALG. CFG: QPA:0 HAD:1 RDQ:1 RDQTS:1 ASR:1 MinSearchWindow:96 RestrictMESampling:0 EDO:2 MCTF:2 
PRE-ANALYSIS CFG: STA:1 LeadFrames:0 TrailFrames:0 
FAST TOOL CFG: ECU:0 FEN:1 FDM:1 FastSearch:4 (SCC:2) LCTUFast:1 FastMrg:2 PBIntraFast:1 AMaxBT:1 FastQtBtEnc:1 ContentBasedFastQtbt:0 FastMIP:3 FastIntraTools:0 IntraEstDecBit:2 FastLocalDualTree:1 IntegerET:0 FastSubPel:1 QtbttExtraFast:3 FastTTSplit:0 IBCFastMethod:3 FIM:0 ALFSpeed:0 QuantThr: 4 
RATE CONTROL CFG: RateControl:0 LookAhead:0 
PARALLEL PROCESSING CFG: NumThreads:0 MaxParallelFrames:0 WppBitEqual:0 WF:0 

POC     0 TId: 0 (  IDR_N_LP, I-SLICE, QP 19, TF 3)     629392 bits [Y 41.1842 dB    U 43.2214 dB    V 44.1771 dB] [ET  1011 ] [L0 ] [L1 ]
POC    16 TId: 1 (      STSA, B-SLICE, QP 22, TF 2)     451136 bits [Y 42.3122 dB    U 43.3860 dB    V 44.2277 dB] [ET  1346 ] [L0 0 ] [L1 0 ]
POC     8 TId: 2 (      STSA, B-SLICE, QP 23, TF 1)     350792 bits [Y 40.6570 dB    U 42.0366 dB    V 43.2173 dB] [ET  1647 ] [L0 0 16 ] [L1 16 0 ]
POC     4 TId: 3 (      STSA, B-SLICE, QP 26, TF 0)     175864 bits [Y 38.9178 dB    U 41.4317 dB    V 42.5902 dB] [ET  1830 ] [L0 0 8 ] [L1 8 16 ]
POC     2 TId: 4 (      STSA, B-SLICE, QP 28)           108288 bits [Y 38.3632 dB    U 41.4940 dB    V 42.5722 dB] [ET  1336 ] [L0 0 4 ] [L1 4 8 ]
POC     1 TId: 5 (      STSA, B-SLICE, QP 29)            67264 bits [Y 37.8915 dB    U 41.5198 dB    V 42.7571 dB] [ET   958 ] [L0 0 2 ] [L1 2 4 ]
POC     3 TId: 5 (      STSA, B-SLICE, QP 29)            65192 bits [Y 37.7119 dB    U 41.0647 dB    V 42.2382 dB] [ET  1080 ] [L0 2 0 ] [L1 4 8 ]
POC     6 TId: 4 (      STSA, B-SLICE, QP 28)           102504 bits [Y 38.3257 dB    U 41.1411 dB    V 42.3496 dB] [ET  1482 ] [L0 4 0 ] [L1 8 16 ]
POC     5 TId: 5 (      STSA, B-SLICE, QP 29)            60984 bits [Y 37.7249 dB    U 40.9332 dB    V 42.2017 dB] [ET  1131 ] [L0 4 0 ] [L1 6 8 ]
POC     7 TId: 5 (      STSA, B-SLICE, QP 29)            63512 bits [Y 37.8194 dB    U 40.8943 dB    V 42.1319 dB] [ET  1154 ] [L0 6 4 ] [L1 8 16 ]
POC    12 TId: 3 (      STSA, B-SLICE, QP 26, TF 0)     187584 bits [Y 38.9970 dB    U 41.5347 dB    V 42.3543 dB] [ET  1683 ] [L0 8 0 ] [L1 16 8 ]
POC    10 TId: 4 (      STSA, B-SLICE, QP 28)           115136 bits [Y 38.3274 dB    U 41.1684 dB    V 42.0703 dB] [ET  1714 ] [L0 8 0 ] [L1 12 16 ]
POC     9 TId: 5 (      STSA, B-SLICE, QP 29)            64544 bits [Y 37.8271 dB    U 40.9612 dB    V 42.1943 dB] [ET  1121 ] [L0 8 0 ] [L1 10 12 ]
POC    11 TId: 5 (      STSA, B-SLICE, QP 29)            67672 bits [Y 37.7338 dB    U 40.9749 dB    V 41.8312 dB] [ET  1177 ] [L0 10 8 ] [L1 12 16 ]
POC    14 TId: 4 (      STSA, B-SLICE, QP 28)           114448 bits [Y 38.3729 dB    U 41.2158 dB    V 42.2711 dB] [ET  1324 ] [L0 12 8 ] [L1 16 12 ]
POC    13 TId: 5 (      STSA, B-SLICE, QP 29)            64944 bits [Y 37.7639 dB    U 40.9769 dB    V 41.9918 dB] [ET  1178 ] [L0 12 8 ] [L1 14 16 ]
POC    15 TId: 5 (      STSA, B-SLICE, QP 29)            66704 bits [Y 37.8487 dB    U 41.1956 dB    V 42.4587 dB] [ET   948 ] [L0 14 12 ] [L1 16 14 ]

	Total Frames |   Bitrate     Y-PSNR    U-PSNR    V-PSNR    YUV-PSNR   
	       17    a    4863.4588   38.6929   41.4794   42.5668   39.3889

 finished @ Thu Apr 20 19:30:47 2023
 Total Time:    22129.324 sec. [user]    22140.403 sec. [elapsed]

Level: 0
Inject Calls: 23078602016
Errors injected by bit:
	Bit 0: 2307272
	Bit 1: 2308648
	Bit 2: 2308393
	Bit 3: 2304706
	Bit 4: 2306437
	Bit 5: 2308503
	Bit 6: 2308857
	Bit 7: 2311221

Total errors injected: 18464037
