vvencFFapp: Fraunhofer VVC Encoder ver. 1.5.0 [Linux][GCC 11.3.0][64 bit][SIMD=AVX2]
 started @ Mon Apr 17 12:30:25 2023
CODING TOOL CFG: CTU128 QT44BTT21 IBD:1 SAO:1 ALF:1 (NonLinLuma:0 NonLinChr:0) CCALF:1 Tiles:1x1 Slices:1 WPP:0 WPP-Substreams:1 TMVP:1 DQ:1 SDH:0 CST:1 BDOF:1 DMVR:1 MTSImplicit:1 SBT:0 JCbCr:1 CabacInitPresent:1 AMVR:5 SMVD:3 LMCS:2 (Signal:SDR Opt:0) CIIP:0 MIP:1 AFFINE:2 (PROF:1, Type:1) MMVD:3 DisFracMMVD:1 SbTMVP:1 GPM:3 LFNST:1 MTS:0 ISP:3 TS:2 TSLog2MaxSize:4 useChromaTS:0 BDPCM:2 IBC:2 BCW:0 
ENC. ALG. CFG: QPA:0 HAD:1 RDQ:1 RDQTS:1 ASR:1 MinSearchWindow:96 RestrictMESampling:0 EDO:2 MCTF:2 
PRE-ANALYSIS CFG: STA:1 LeadFrames:0 TrailFrames:0 
FAST TOOL CFG: ECU:0 FEN:1 FDM:1 FastSearch:4 (SCC:2) LCTUFast:1 FastMrg:2 PBIntraFast:1 AMaxBT:1 FastQtBtEnc:1 ContentBasedFastQtbt:0 FastMIP:3 FastIntraTools:0 IntraEstDecBit:2 FastLocalDualTree:1 IntegerET:0 FastSubPel:1 QtbttExtraFast:3 FastTTSplit:0 IBCFastMethod:3 FIM:0 ALFSpeed:0 QuantThr: 4 
RATE CONTROL CFG: RateControl:0 LookAhead:0 
PARALLEL PROCESSING CFG: NumThreads:0 MaxParallelFrames:0 WppBitEqual:0 WF:0 

POC     0 TId: 0 (  IDR_N_LP, I-SLICE, QP 19, TF 3)     564808 bits [Y 45.1467 dB    U 46.3576 dB    V 47.8581 dB] [ET   493 ] [L0 ] [L1 ]
POC    16 TId: 1 (      STSA, B-SLICE, QP 22, TF 2)     140792 bits [Y 42.6843 dB    U 44.8741 dB    V 45.9324 dB] [ET   763 ] [L0 0 ] [L1 0 ]
POC     8 TId: 2 (      STSA, B-SLICE, QP 23, TF 1)      79560 bits [Y 42.3077 dB    U 44.7461 dB    V 46.1672 dB] [ET  1014 ] [L0 0 16 ] [L1 16 0 ]
POC     4 TId: 3 (      STSA, B-SLICE, QP 26, TF 0)      47504 bits [Y 41.9156 dB    U 44.4235 dB    V 45.7891 dB] [ET   922 ] [L0 0 8 ] [L1 8 16 ]
POC     2 TId: 4 (      STSA, B-SLICE, QP 28)            25064 bits [Y 41.9361 dB    U 44.7997 dB    V 46.0349 dB] [ET   685 ] [L0 0 4 ] [L1 4 8 ]
POC     1 TId: 5 (      STSA, B-SLICE, QP 29)              256 bits [Y 45.1467 dB    U 46.3576 dB    V 47.8581 dB] [ET   256 ] [L0 0 2 ] [L1 2 4 ]
POC     3 TId: 5 (      STSA, B-SLICE, QP 29)            18944 bits [Y 41.5726 dB    U 44.3310 dB    V 45.5454 dB] [ET   719 ] [L0 2 0 ] [L1 4 8 ]
POC     6 TId: 4 (      STSA, B-SLICE, QP 28)            31824 bits [Y 41.6090 dB    U 44.1935 dB    V 45.3481 dB] [ET  1059 ] [L0 4 0 ] [L1 8 16 ]
POC     5 TId: 5 (      STSA, B-SLICE, QP 29)            20832 bits [Y 41.2612 dB    U 44.0411 dB    V 45.2192 dB] [ET   738 ] [L0 4 0 ] [L1 6 8 ]
POC     7 TId: 5 (      STSA, B-SLICE, QP 29)            21920 bits [Y 41.2179 dB    U 44.2875 dB    V 45.3248 dB] [ET   724 ] [L0 6 4 ] [L1 8 16 ]
POC    12 TId: 3 (      STSA, B-SLICE, QP 26, TF 0)      55344 bits [Y 41.5274 dB    U 44.1896 dB    V 45.2388 dB] [ET   973 ] [L0 8 0 ] [L1 16 8 ]
POC    10 TId: 4 (      STSA, B-SLICE, QP 28)            35344 bits [Y 41.2545 dB    U 44.0840 dB    V 45.0959 dB] [ET  1048 ] [L0 8 0 ] [L1 12 16 ]
POC     9 TId: 5 (      STSA, B-SLICE, QP 29)            20296 bits [Y 41.5000 dB    U 44.2586 dB    V 45.3667 dB] [ET   690 ] [L0 8 0 ] [L1 10 12 ]
POC    11 TId: 5 (      STSA, B-SLICE, QP 29)            22544 bits [Y 41.2337 dB    U 44.0203 dB    V 44.8187 dB] [ET   739 ] [L0 10 8 ] [L1 12 16 ]
POC    14 TId: 4 (      STSA, B-SLICE, QP 28)            37072 bits [Y 41.2305 dB    U 43.9755 dB    V 44.7696 dB] [ET   849 ] [L0 12 8 ] [L1 16 12 ]
POC    13 TId: 5 (      STSA, B-SLICE, QP 29)            22968 bits [Y 41.1121 dB    U 43.9288 dB    V 44.7675 dB] [ET   673 ] [L0 12 8 ] [L1 14 16 ]
POC    15 TId: 5 (      STSA, B-SLICE, QP 29)            21664 bits [Y 41.1123 dB    U 44.1730 dB    V 44.7771 dB] [ET   558 ] [L0 14 12 ] [L1 16 14 ]

	Total Frames |   Bitrate     Y-PSNR    U-PSNR    V-PSNR    YUV-PSNR   
	       17    a    3431.5765   41.9864   44.5319   45.6419   42.6587

 finished @ Mon Apr 17 16:05:46 2023
 Total Time:    12919.245 sec. [user]    12920.852 sec. [elapsed]

Level: 0
Inject Calls: 13866244064
Errors injected by bit:
	Bit 0: 138368
	Bit 1: 139163
	Bit 2: 139247
	Bit 3: 137978
	Bit 4: 138528
	Bit 5: 138298
	Bit 6: 138834
	Bit 7: 137620

Total errors injected: 1108036
