vvencFFapp: Fraunhofer VVC Encoder ver. 1.5.0 [Linux][GCC 11.3.0][64 bit][SIMD=AVX2]
 started @ Fri Apr 21 06:42:06 2023
CODING TOOL CFG: CTU128 QT44BTT21 IBD:1 SAO:1 ALF:1 (NonLinLuma:0 NonLinChr:0) CCALF:1 Tiles:1x1 Slices:1 WPP:0 WPP-Substreams:1 TMVP:1 DQ:1 SDH:0 CST:1 BDOF:1 DMVR:1 MTSImplicit:1 SBT:0 JCbCr:1 CabacInitPresent:1 AMVR:5 SMVD:3 LMCS:2 (Signal:SDR Opt:0) CIIP:0 MIP:1 AFFINE:2 (PROF:1, Type:1) MMVD:3 DisFracMMVD:1 SbTMVP:1 GPM:3 LFNST:1 MTS:0 ISP:3 TS:2 TSLog2MaxSize:4 useChromaTS:0 BDPCM:2 IBC:2 BCW:0 
ENC. ALG. CFG: QPA:0 HAD:1 RDQ:1 RDQTS:1 ASR:1 MinSearchWindow:96 RestrictMESampling:0 EDO:2 MCTF:2 
PRE-ANALYSIS CFG: STA:1 LeadFrames:0 TrailFrames:0 
FAST TOOL CFG: ECU:0 FEN:1 FDM:1 FastSearch:4 (SCC:2) LCTUFast:1 FastMrg:2 PBIntraFast:1 AMaxBT:1 FastQtBtEnc:1 ContentBasedFastQtbt:0 FastMIP:3 FastIntraTools:0 IntraEstDecBit:2 FastLocalDualTree:1 IntegerET:0 FastSubPel:1 QtbttExtraFast:3 FastTTSplit:0 IBCFastMethod:3 FIM:0 ALFSpeed:0 QuantThr: 4 
RATE CONTROL CFG: RateControl:0 LookAhead:0 
PARALLEL PROCESSING CFG: NumThreads:0 MaxParallelFrames:0 WppBitEqual:0 WF:0 

POC     0 TId: 0 (  IDR_N_LP, I-SLICE, QP 24, TF 3)     399128 bits [Y 38.6505 dB    U 40.8666 dB    V 42.1124 dB] [ET   332 ] [L0 ] [L1 ]
POC    16 TId: 1 (      STSA, B-SLICE, QP 28, TF 2)     238152 bits [Y 38.5302 dB    U 40.3015 dB    V 41.4242 dB] [ET  1052 ] [L0 0 ] [L1 0 ]
POC     8 TId: 2 (      STSA, B-SLICE, QP 29, TF 1)     178640 bits [Y 37.2458 dB    U 39.4883 dB    V 40.7043 dB] [ET  1528 ] [L0 0 16 ] [L1 16 0 ]
POC     4 TId: 3 (      STSA, B-SLICE, QP 32, TF 0)      77488 bits [Y 35.9348 dB    U 39.1704 dB    V 40.3608 dB] [ET  1553 ] [L0 0 8 ] [L1 8 16 ]
POC     2 TId: 4 (      STSA, B-SLICE, QP 34)            45144 bits [Y 35.6561 dB    U 39.3102 dB    V 40.5130 dB] [ET  1118 ] [L0 0 4 ] [L1 4 8 ]
POC     1 TId: 5 (      STSA, B-SLICE, QP 36)            22976 bits [Y 35.3245 dB    U 39.4585 dB    V 40.6763 dB] [ET   694 ] [L0 0 2 ] [L1 2 4 ]
POC     3 TId: 5 (      STSA, B-SLICE, QP 36)            21056 bits [Y 34.9131 dB    U 38.9008 dB    V 40.1518 dB] [ET   877 ] [L0 2 0 ] [L1 4 8 ]
POC     6 TId: 4 (      STSA, B-SLICE, QP 34)            43112 bits [Y 35.4905 dB    U 38.7948 dB    V 39.9623 dB] [ET  1305 ] [L0 4 0 ] [L1 8 16 ]
POC     5 TId: 5 (      STSA, B-SLICE, QP 36)            19480 bits [Y 34.9097 dB    U 38.7929 dB    V 40.0022 dB] [ET   910 ] [L0 4 0 ] [L1 6 8 ]
POC     7 TId: 5 (      STSA, B-SLICE, QP 36)            20464 bits [Y 35.0519 dB    U 38.6857 dB    V 39.8893 dB] [ET   990 ] [L0 6 4 ] [L1 8 16 ]
POC    12 TId: 3 (      STSA, B-SLICE, QP 32, TF 0)      78832 bits [Y 35.7816 dB    U 39.2148 dB    V 40.0374 dB] [ET  1494 ] [L0 8 0 ] [L1 16 8 ]
POC    10 TId: 4 (      STSA, B-SLICE, QP 34)            46800 bits [Y 35.3941 dB    U 38.8123 dB    V 39.6254 dB] [ET  1415 ] [L0 8 0 ] [L1 12 16 ]
POC     9 TId: 5 (      STSA, B-SLICE, QP 36)            21352 bits [Y 34.9800 dB    U 38.7832 dB    V 39.9090 dB] [ET   884 ] [L0 8 0 ] [L1 10 12 ]
POC    11 TId: 5 (      STSA, B-SLICE, QP 36)            20712 bits [Y 34.7583 dB    U 38.7419 dB    V 39.5552 dB] [ET   919 ] [L0 10 8 ] [L1 12 16 ]
POC    14 TId: 4 (      STSA, B-SLICE, QP 34)            44080 bits [Y 35.3424 dB    U 39.0041 dB    V 40.0417 dB] [ET  1076 ] [L0 12 8 ] [L1 16 12 ]
POC    13 TId: 5 (      STSA, B-SLICE, QP 36)            19272 bits [Y 34.7586 dB    U 38.8881 dB    V 39.8017 dB] [ET   835 ] [L0 12 8 ] [L1 14 16 ]
POC    15 TId: 5 (      STSA, B-SLICE, QP 36)            19272 bits [Y 34.9682 dB    U 39.2271 dB    V 40.4038 dB] [ET   722 ] [L0 14 12 ] [L1 16 14 ]

	Total Frames |   Bitrate     Y-PSNR    U-PSNR    V-PSNR    YUV-PSNR   
	       17    a    2322.2824   35.7465   39.2024   40.3042   36.5905

 finished @ Fri Apr 21 11:37:29 2023
 Total Time:    17714.403 sec. [user]    17723.047 sec. [elapsed]

Level: 0
Inject Calls: 19692535808
Errors injected by bit:
	Bit 0: 1970608
	Bit 1: 1971130
	Bit 2: 1971934
	Bit 3: 1968943
	Bit 4: 1970707
	Bit 5: 1969789
	Bit 6: 1971104
	Bit 7: 1967640

Total errors injected: 15761855
