vvencFFapp: Fraunhofer VVC Encoder ver. 1.5.0 [Linux][GCC 11.3.0][64 bit][SIMD=AVX2]
 started @ Fri Apr 21 16:52:16 2023
CODING TOOL CFG: CTU128 QT44BTT21 IBD:1 SAO:1 ALF:1 (NonLinLuma:0 NonLinChr:0) CCALF:1 Tiles:1x1 Slices:1 WPP:0 WPP-Substreams:1 TMVP:1 DQ:1 SDH:0 CST:1 BDOF:1 DMVR:1 MTSImplicit:1 SBT:0 JCbCr:1 CabacInitPresent:1 AMVR:5 SMVD:3 LMCS:2 (Signal:SDR Opt:0) CIIP:0 MIP:1 AFFINE:2 (PROF:1, Type:1) MMVD:3 DisFracMMVD:1 SbTMVP:1 GPM:3 LFNST:1 MTS:0 ISP:3 TS:2 TSLog2MaxSize:4 useChromaTS:0 BDPCM:2 IBC:2 BCW:0 
ENC. ALG. CFG: QPA:0 HAD:1 RDQ:1 RDQTS:1 ASR:1 MinSearchWindow:96 RestrictMESampling:0 EDO:2 MCTF:2 
PRE-ANALYSIS CFG: STA:1 LeadFrames:0 TrailFrames:0 
FAST TOOL CFG: ECU:0 FEN:1 FDM:1 FastSearch:4 (SCC:2) LCTUFast:1 FastMrg:2 PBIntraFast:1 AMaxBT:1 FastQtBtEnc:1 ContentBasedFastQtbt:0 FastMIP:3 FastIntraTools:0 IntraEstDecBit:2 FastLocalDualTree:1 IntegerET:0 FastSubPel:1 QtbttExtraFast:3 FastTTSplit:0 IBCFastMethod:3 FIM:0 ALFSpeed:0 QuantThr: 4 
RATE CONTROL CFG: RateControl:0 LookAhead:0 
PARALLEL PROCESSING CFG: NumThreads:0 MaxParallelFrames:0 WppBitEqual:0 WF:0 

POC     0 TId: 0 (  IDR_N_LP, I-SLICE, QP 29, TF 2)     245544 bits [Y 36.0242 dB    U 38.6082 dB    V 40.2672 dB] [ET   231 ] [L0 ] [L1 ]
POC    16 TId: 1 (      STSA, B-SLICE, QP 34, TF 1)     115808 bits [Y 34.6902 dB    U 37.4990 dB    V 38.5965 dB] [ET   922 ] [L0 0 ] [L1 0 ]
POC     8 TId: 2 (      STSA, B-SLICE, QP 35, TF 0)      83600 bits [Y 33.8128 dB    U 37.0397 dB    V 38.2722 dB] [ET  1274 ] [L0 0 16 ] [L1 16 0 ]
POC     4 TId: 3 (      STSA, B-SLICE, QP 38)            35944 bits [Y 33.0469 dB    U 37.1933 dB    V 38.3961 dB] [ET  1312 ] [L0 0 8 ] [L1 8 16 ]
POC     2 TId: 4 (      STSA, B-SLICE, QP 40)            19480 bits [Y 32.6978 dB    U 37.4919 dB    V 38.8351 dB] [ET   921 ] [L0 0 4 ] [L1 4 8 ]
POC     1 TId: 5 (      STSA, B-SLICE, QP 41)            10488 bits [Y 32.8687 dB    U 37.6074 dB    V 39.0589 dB] [ET   563 ] [L0 0 2 ] [L1 2 4 ]
POC     3 TId: 5 (      STSA, B-SLICE, QP 41)            10064 bits [Y 32.3060 dB    U 37.1669 dB    V 38.4744 dB] [ET   692 ] [L0 2 0 ] [L1 4 8 ]
POC     6 TId: 4 (      STSA, B-SLICE, QP 40)            18960 bits [Y 32.4401 dB    U 36.9967 dB    V 38.1633 dB] [ET  1234 ] [L0 4 0 ] [L1 8 16 ]
POC     5 TId: 5 (      STSA, B-SLICE, QP 41)             9848 bits [Y 32.3408 dB    U 36.9753 dB    V 38.2918 dB] [ET   738 ] [L0 4 0 ] [L1 6 8 ]
POC     7 TId: 5 (      STSA, B-SLICE, QP 41)             9320 bits [Y 32.2574 dB    U 36.7530 dB    V 38.0043 dB] [ET   690 ] [L0 6 4 ] [L1 8 16 ]
POC    12 TId: 3 (      STSA, B-SLICE, QP 38)            38024 bits [Y 32.8371 dB    U 37.1193 dB    V 37.9086 dB] [ET  1418 ] [L0 8 0 ] [L1 16 8 ]
POC    10 TId: 4 (      STSA, B-SLICE, QP 40)            20464 bits [Y 32.2314 dB    U 36.9104 dB    V 37.8043 dB] [ET  1258 ] [L0 8 0 ] [L1 12 16 ]
POC     9 TId: 5 (      STSA, B-SLICE, QP 41)             9792 bits [Y 32.2175 dB    U 36.8200 dB    V 37.8527 dB] [ET   785 ] [L0 8 0 ] [L1 10 12 ]
POC    11 TId: 5 (      STSA, B-SLICE, QP 41)             9880 bits [Y 32.0276 dB    U 36.9344 dB    V 37.6974 dB] [ET   756 ] [L0 10 8 ] [L1 12 16 ]
POC    14 TId: 4 (      STSA, B-SLICE, QP 40)            18688 bits [Y 32.3374 dB    U 37.0526 dB    V 37.8642 dB] [ET  1003 ] [L0 12 8 ] [L1 16 12 ]
POC    13 TId: 5 (      STSA, B-SLICE, QP 41)             8976 bits [Y 32.1273 dB    U 36.8986 dB    V 37.7336 dB] [ET   736 ] [L0 12 8 ] [L1 14 16 ]
POC    15 TId: 5 (      STSA, B-SLICE, QP 41)             8432 bits [Y 32.4306 dB    U 36.9762 dB    V 38.1407 dB] [ET   572 ] [L0 14 12 ] [L1 16 14 ]

	Total Frames |   Bitrate     Y-PSNR    U-PSNR    V-PSNR    YUV-PSNR   
	       17    a    1188.1976   32.8643   37.1790   38.3154   33.8725

 finished @ Fri Apr 21 21:04:13 2023
 Total Time:    15112.134 sec. [user]    15117.363 sec. [elapsed]

Level: 0
Inject Calls: 16748839136
Errors injected by bit:
	Bit 0: 16745265
	Bit 1: 16752163
	Bit 2: 16754481
	Bit 3: 16749778
	Bit 4: 16747822
	Bit 5: 16751251
	Bit 6: 16749987
	Bit 7: 16752833

Total errors injected: 134003580
