vvencFFapp: Fraunhofer VVC Encoder ver. 1.5.0 [Linux][GCC 11.3.0][64 bit][SIMD=AVX2]
 started @ Tue Apr 18 12:40:51 2023
CODING TOOL CFG: CTU128 QT44BTT21 IBD:1 SAO:1 ALF:1 (NonLinLuma:0 NonLinChr:0) CCALF:1 Tiles:1x1 Slices:1 WPP:0 WPP-Substreams:1 TMVP:1 DQ:1 SDH:0 CST:1 BDOF:1 DMVR:1 MTSImplicit:1 SBT:0 JCbCr:1 CabacInitPresent:1 AMVR:5 SMVD:3 LMCS:2 (Signal:SDR Opt:0) CIIP:0 MIP:1 AFFINE:2 (PROF:1, Type:1) MMVD:3 DisFracMMVD:1 SbTMVP:1 GPM:3 LFNST:1 MTS:0 ISP:3 TS:2 TSLog2MaxSize:4 useChromaTS:0 BDPCM:2 IBC:2 BCW:0 
ENC. ALG. CFG: QPA:0 HAD:1 RDQ:1 RDQTS:1 ASR:1 MinSearchWindow:96 RestrictMESampling:0 EDO:2 MCTF:2 
PRE-ANALYSIS CFG: STA:1 LeadFrames:0 TrailFrames:0 
FAST TOOL CFG: ECU:0 FEN:1 FDM:1 FastSearch:4 (SCC:2) LCTUFast:1 FastMrg:2 PBIntraFast:1 AMaxBT:1 FastQtBtEnc:1 ContentBasedFastQtbt:0 FastMIP:3 FastIntraTools:0 IntraEstDecBit:2 FastLocalDualTree:1 IntegerET:0 FastSubPel:1 QtbttExtraFast:3 FastTTSplit:0 IBCFastMethod:3 FIM:0 ALFSpeed:0 QuantThr: 4 
RATE CONTROL CFG: RateControl:0 LookAhead:0 
PARALLEL PROCESSING CFG: NumThreads:0 MaxParallelFrames:0 WppBitEqual:0 WF:0 

POC     0 TId: 0 (  IDR_N_LP, I-SLICE, QP 19, TF 3)     581848 bits [Y 42.2672 dB    U 45.0524 dB    V 46.9660 dB] [ET   506 ] [L0 ] [L1 ]
POC    16 TId: 1 (      STSA, B-SLICE, QP 22, TF 2)     217808 bits [Y 41.6154 dB    U 44.2121 dB    V 45.8505 dB] [ET   670 ] [L0 0 ] [L1 0 ]
POC     8 TId: 2 (      STSA, B-SLICE, QP 23, TF 1)      98600 bits [Y 40.9469 dB    U 44.2018 dB    V 46.0360 dB] [ET   764 ] [L0 0 16 ] [L1 16 0 ]
POC     4 TId: 3 (      STSA, B-SLICE, QP 26, TF 0)      43768 bits [Y 40.5534 dB    U 44.3054 dB    V 46.1117 dB] [ET   651 ] [L0 0 8 ] [L1 8 16 ]
POC     2 TId: 4 (      STSA, B-SLICE, QP 28)            20896 bits [Y 40.5507 dB    U 44.6258 dB    V 46.3698 dB] [ET   501 ] [L0 0 4 ] [L1 4 8 ]
POC     1 TId: 5 (      STSA, B-SLICE, QP 29)             9152 bits [Y 40.8484 dB    U 44.8188 dB    V 46.6649 dB] [ET   352 ] [L0 0 2 ] [L1 2 4 ]
POC     3 TId: 5 (      STSA, B-SLICE, QP 29)            10688 bits [Y 40.2303 dB    U 44.4644 dB    V 46.1520 dB] [ET   399 ] [L0 2 0 ] [L1 4 8 ]
POC     6 TId: 4 (      STSA, B-SLICE, QP 28)            21368 bits [Y 40.1265 dB    U 44.1476 dB    V 45.8859 dB] [ET   555 ] [L0 4 0 ] [L1 8 16 ]
POC     5 TId: 5 (      STSA, B-SLICE, QP 29)            10336 bits [Y 40.0258 dB    U 44.1085 dB    V 45.9163 dB] [ET   435 ] [L0 4 0 ] [L1 6 8 ]
POC     7 TId: 5 (      STSA, B-SLICE, QP 29)             9472 bits [Y 40.0816 dB    U 44.1980 dB    V 45.8333 dB] [ET   451 ] [L0 6 4 ] [L1 8 16 ]
POC    12 TId: 3 (      STSA, B-SLICE, QP 26, TF 0)      48536 bits [Y 40.2423 dB    U 43.9834 dB    V 45.5980 dB] [ET   696 ] [L0 8 0 ] [L1 16 8 ]
POC    10 TId: 4 (      STSA, B-SLICE, QP 28)            23360 bits [Y 40.0443 dB    U 43.9970 dB    V 45.6195 dB] [ET   633 ] [L0 8 0 ] [L1 12 16 ]
POC     9 TId: 5 (      STSA, B-SLICE, QP 29)            10280 bits [Y 40.0195 dB    U 44.0848 dB    V 45.7618 dB] [ET   401 ] [L0 8 0 ] [L1 10 12 ]
POC    11 TId: 5 (      STSA, B-SLICE, QP 29)            11744 bits [Y 39.8588 dB    U 43.9487 dB    V 45.6067 dB] [ET   430 ] [L0 10 8 ] [L1 12 16 ]
POC    14 TId: 4 (      STSA, B-SLICE, QP 28)            27136 bits [Y 39.9839 dB    U 43.8884 dB    V 45.4385 dB] [ET   505 ] [L0 12 8 ] [L1 16 12 ]
POC    13 TId: 5 (      STSA, B-SLICE, QP 29)            12872 bits [Y 39.7499 dB    U 43.8799 dB    V 45.5103 dB] [ET   493 ] [L0 12 8 ] [L1 14 16 ]
POC    15 TId: 5 (      STSA, B-SLICE, QP 29)            13600 bits [Y 39.9308 dB    U 43.9510 dB    V 45.5111 dB] [ET   373 ] [L0 14 12 ] [L1 16 14 ]

	Total Frames |   Bitrate     Y-PSNR    U-PSNR    V-PSNR    YUV-PSNR   
	       17    a    4134.5788   40.4162   44.2275   45.9313   41.4390

 finished @ Tue Apr 18 15:08:01 2023
 Total Time:     8819.099 sec. [user]     8829.814 sec. [elapsed]

Level: 0
Inject Calls: 8917528448
Errors injected by bit:
	Bit 0: 8924507
	Bit 1: 8917041
	Bit 2: 8917068
	Bit 3: 8916381
	Bit 4: 8911676
	Bit 5: 8917894
	Bit 6: 8918961
	Bit 7: 8917890

Total errors injected: 71341418
