vvencFFapp: Fraunhofer VVC Encoder ver. 1.5.0 [Linux][GCC 11.3.0][64 bit][SIMD=AVX2]
 started @ Fri Apr 21 06:47:06 2023
CODING TOOL CFG: CTU128 QT44BTT21 IBD:1 SAO:1 ALF:1 (NonLinLuma:0 NonLinChr:0) CCALF:1 Tiles:1x1 Slices:1 WPP:0 WPP-Substreams:1 TMVP:1 DQ:1 SDH:0 CST:1 BDOF:1 DMVR:1 MTSImplicit:1 SBT:0 JCbCr:1 CabacInitPresent:1 AMVR:5 SMVD:3 LMCS:2 (Signal:SDR Opt:0) CIIP:0 MIP:1 AFFINE:2 (PROF:1, Type:1) MMVD:3 DisFracMMVD:1 SbTMVP:1 GPM:3 LFNST:1 MTS:0 ISP:3 TS:2 TSLog2MaxSize:4 useChromaTS:0 BDPCM:2 IBC:2 BCW:0 
ENC. ALG. CFG: QPA:0 HAD:1 RDQ:1 RDQTS:1 ASR:1 MinSearchWindow:96 RestrictMESampling:0 EDO:2 MCTF:2 
PRE-ANALYSIS CFG: STA:1 LeadFrames:0 TrailFrames:0 
FAST TOOL CFG: ECU:0 FEN:1 FDM:1 FastSearch:4 (SCC:2) LCTUFast:1 FastMrg:2 PBIntraFast:1 AMaxBT:1 FastQtBtEnc:1 ContentBasedFastQtbt:0 FastMIP:3 FastIntraTools:0 IntraEstDecBit:2 FastLocalDualTree:1 IntegerET:0 FastSubPel:1 QtbttExtraFast:3 FastTTSplit:0 IBCFastMethod:3 FIM:0 ALFSpeed:0 QuantThr: 4 
RATE CONTROL CFG: RateControl:0 LookAhead:0 
PARALLEL PROCESSING CFG: NumThreads:0 MaxParallelFrames:0 WppBitEqual:0 WF:0 

POC     0 TId: 0 (  IDR_N_LP, I-SLICE, QP 24, TF 3)     399128 bits [Y 38.6505 dB    U 40.8666 dB    V 42.1124 dB] [ET   350 ] [L0 ] [L1 ]
POC    16 TId: 1 (      STSA, B-SLICE, QP 28, TF 2)     247424 bits [Y 38.5801 dB    U 40.2615 dB    V 41.4673 dB] [ET  1036 ] [L0 0 ] [L1 0 ]
POC     8 TId: 2 (      STSA, B-SLICE, QP 29, TF 1)     180168 bits [Y 37.2379 dB    U 39.5660 dB    V 40.7507 dB] [ET  1465 ] [L0 0 16 ] [L1 16 0 ]
POC     4 TId: 3 (      STSA, B-SLICE, QP 32, TF 0)      76976 bits [Y 35.9255 dB    U 39.1791 dB    V 40.3275 dB] [ET  1464 ] [L0 0 8 ] [L1 8 16 ]
POC     2 TId: 4 (      STSA, B-SLICE, QP 34)            44664 bits [Y 35.6192 dB    U 39.3110 dB    V 40.4575 dB] [ET  1232 ] [L0 0 4 ] [L1 4 8 ]
POC     1 TId: 5 (      STSA, B-SLICE, QP 36)            23160 bits [Y 35.3092 dB    U 39.4519 dB    V 40.6302 dB] [ET   735 ] [L0 0 2 ] [L1 2 4 ]
POC     3 TId: 5 (      STSA, B-SLICE, QP 36)            20912 bits [Y 34.9080 dB    U 38.9584 dB    V 40.0842 dB] [ET   843 ] [L0 2 0 ] [L1 4 8 ]
POC     6 TId: 4 (      STSA, B-SLICE, QP 34)            42912 bits [Y 35.4725 dB    U 38.9222 dB    V 40.1389 dB] [ET  1282 ] [L0 4 0 ] [L1 8 16 ]
POC     5 TId: 5 (      STSA, B-SLICE, QP 36)            19128 bits [Y 34.8548 dB    U 38.8393 dB    V 40.0627 dB] [ET   934 ] [L0 4 0 ] [L1 6 8 ]
POC     7 TId: 5 (      STSA, B-SLICE, QP 36)            21240 bits [Y 35.0441 dB    U 38.7651 dB    V 40.0390 dB] [ET   970 ] [L0 6 4 ] [L1 8 16 ]
POC    12 TId: 3 (      STSA, B-SLICE, QP 32, TF 0)      78728 bits [Y 35.7872 dB    U 39.2535 dB    V 39.9953 dB] [ET  1659 ] [L0 8 0 ] [L1 16 8 ]
POC    10 TId: 4 (      STSA, B-SLICE, QP 34)            46800 bits [Y 35.3863 dB    U 38.7810 dB    V 39.6147 dB] [ET  1477 ] [L0 8 0 ] [L1 12 16 ]
POC     9 TId: 5 (      STSA, B-SLICE, QP 36)            21280 bits [Y 34.9998 dB    U 38.7934 dB    V 39.8973 dB] [ET   899 ] [L0 8 0 ] [L1 10 12 ]
POC    11 TId: 5 (      STSA, B-SLICE, QP 36)            20328 bits [Y 34.7459 dB    U 38.7905 dB    V 39.5373 dB] [ET   937 ] [L0 10 8 ] [L1 12 16 ]
POC    14 TId: 4 (      STSA, B-SLICE, QP 34)            44112 bits [Y 35.3367 dB    U 38.9152 dB    V 40.0003 dB] [ET  1086 ] [L0 12 8 ] [L1 16 12 ]
POC    13 TId: 5 (      STSA, B-SLICE, QP 36)            19144 bits [Y 34.7265 dB    U 38.8611 dB    V 39.7580 dB] [ET   888 ] [L0 12 8 ] [L1 14 16 ]
POC    15 TId: 5 (      STSA, B-SLICE, QP 36)            19296 bits [Y 34.9579 dB    U 39.1271 dB    V 40.3871 dB] [ET   738 ] [L0 14 12 ] [L1 16 14 ]

	Total Frames |   Bitrate     Y-PSNR    U-PSNR    V-PSNR    YUV-PSNR   
	       17    a    2338.9412   35.7378   39.2143   40.3094   36.5826

 finished @ Fri Apr 21 11:47:17 2023
 Total Time:    18004.934 sec. [user]    18011.720 sec. [elapsed]

Level: 0
Inject Calls: 19738826784
Errors injected by bit:
	Bit 0: 1974322
	Bit 1: 1973820
	Bit 2: 1973374
	Bit 3: 1974889
	Bit 4: 1972617
	Bit 5: 1972955
	Bit 6: 1974597
	Bit 7: 1972651

Total errors injected: 15789225
