vvencFFapp: Fraunhofer VVC Encoder ver. 1.5.0 [Linux][GCC 11.3.0][64 bit][SIMD=AVX2]
 started @ Tue Apr 18 13:00:53 2023
CODING TOOL CFG: CTU128 QT44BTT21 IBD:1 SAO:1 ALF:1 (NonLinLuma:0 NonLinChr:0) CCALF:1 Tiles:1x1 Slices:1 WPP:0 WPP-Substreams:1 TMVP:1 DQ:1 SDH:0 CST:1 BDOF:1 DMVR:1 MTSImplicit:1 SBT:0 JCbCr:1 CabacInitPresent:1 AMVR:5 SMVD:3 LMCS:2 (Signal:SDR Opt:0) CIIP:0 MIP:1 AFFINE:2 (PROF:1, Type:1) MMVD:3 DisFracMMVD:1 SbTMVP:1 GPM:3 LFNST:1 MTS:0 ISP:3 TS:2 TSLog2MaxSize:4 useChromaTS:0 BDPCM:2 IBC:2 BCW:0 
ENC. ALG. CFG: QPA:0 HAD:1 RDQ:1 RDQTS:1 ASR:1 MinSearchWindow:96 RestrictMESampling:0 EDO:2 MCTF:2 
PRE-ANALYSIS CFG: STA:1 LeadFrames:0 TrailFrames:0 
FAST TOOL CFG: ECU:0 FEN:1 FDM:1 FastSearch:4 (SCC:2) LCTUFast:1 FastMrg:2 PBIntraFast:1 AMaxBT:1 FastQtBtEnc:1 ContentBasedFastQtbt:0 FastMIP:3 FastIntraTools:0 IntraEstDecBit:2 FastLocalDualTree:1 IntegerET:0 FastSubPel:1 QtbttExtraFast:3 FastTTSplit:0 IBCFastMethod:3 FIM:0 ALFSpeed:0 QuantThr: 4 
RATE CONTROL CFG: RateControl:0 LookAhead:0 
PARALLEL PROCESSING CFG: NumThreads:0 MaxParallelFrames:0 WppBitEqual:0 WF:0 

POC     0 TId: 0 (  IDR_N_LP, I-SLICE, QP 19, TF 3)     581848 bits [Y 42.2672 dB    U 45.0524 dB    V 46.9660 dB] [ET   504 ] [L0 ] [L1 ]
POC    16 TId: 1 (      STSA, B-SLICE, QP 22, TF 2)     215864 bits [Y 41.5988 dB    U 44.1753 dB    V 45.8137 dB] [ET   711 ] [L0 0 ] [L1 0 ]
POC     8 TId: 2 (      STSA, B-SLICE, QP 23, TF 1)      98480 bits [Y 40.9451 dB    U 44.1689 dB    V 45.9890 dB] [ET   760 ] [L0 0 16 ] [L1 16 0 ]
POC     4 TId: 3 (      STSA, B-SLICE, QP 26, TF 0)      43112 bits [Y 40.5457 dB    U 44.3176 dB    V 46.1231 dB] [ET   693 ] [L0 0 8 ] [L1 8 16 ]
POC     2 TId: 4 (      STSA, B-SLICE, QP 28)            21136 bits [Y 40.5697 dB    U 44.6345 dB    V 46.4372 dB] [ET   485 ] [L0 0 4 ] [L1 4 8 ]
POC     1 TId: 5 (      STSA, B-SLICE, QP 29)             9152 bits [Y 40.8533 dB    U 44.8135 dB    V 46.6712 dB] [ET   340 ] [L0 0 2 ] [L1 2 4 ]
POC     3 TId: 5 (      STSA, B-SLICE, QP 29)            10240 bits [Y 40.2433 dB    U 44.4887 dB    V 46.2219 dB] [ET   413 ] [L0 2 0 ] [L1 4 8 ]
POC     6 TId: 4 (      STSA, B-SLICE, QP 28)            21728 bits [Y 40.1527 dB    U 44.1192 dB    V 45.8631 dB] [ET   523 ] [L0 4 0 ] [L1 8 16 ]
POC     5 TId: 5 (      STSA, B-SLICE, QP 29)            10656 bits [Y 40.0469 dB    U 44.0864 dB    V 45.9146 dB] [ET   413 ] [L0 4 0 ] [L1 6 8 ]
POC     7 TId: 5 (      STSA, B-SLICE, QP 29)             9840 bits [Y 40.1118 dB    U 44.1585 dB    V 45.8039 dB] [ET   433 ] [L0 6 4 ] [L1 8 16 ]
POC    12 TId: 3 (      STSA, B-SLICE, QP 26, TF 0)      48224 bits [Y 40.2532 dB    U 43.9762 dB    V 45.5432 dB] [ET   650 ] [L0 8 0 ] [L1 16 8 ]
POC    10 TId: 4 (      STSA, B-SLICE, QP 28)            23808 bits [Y 40.0564 dB    U 43.9660 dB    V 45.5814 dB] [ET   679 ] [L0 8 0 ] [L1 12 16 ]
POC     9 TId: 5 (      STSA, B-SLICE, QP 29)            10288 bits [Y 40.0262 dB    U 44.0918 dB    V 45.7990 dB] [ET   466 ] [L0 8 0 ] [L1 10 12 ]
POC    11 TId: 5 (      STSA, B-SLICE, QP 29)            11216 bits [Y 39.8488 dB    U 43.9128 dB    V 45.5501 dB] [ET   422 ] [L0 10 8 ] [L1 12 16 ]
POC    14 TId: 4 (      STSA, B-SLICE, QP 28)            27384 bits [Y 40.0017 dB    U 43.8728 dB    V 45.3723 dB] [ET   509 ] [L0 12 8 ] [L1 16 12 ]
POC    13 TId: 5 (      STSA, B-SLICE, QP 29)            13136 bits [Y 39.7595 dB    U 43.8404 dB    V 45.4189 dB] [ET   456 ] [L0 12 8 ] [L1 14 16 ]
POC    15 TId: 5 (      STSA, B-SLICE, QP 29)            13784 bits [Y 39.9364 dB    U 43.9447 dB    V 45.4246 dB] [ET   329 ] [L0 14 12 ] [L1 16 14 ]

	Total Frames |   Bitrate     Y-PSNR    U-PSNR    V-PSNR    YUV-PSNR   
	       17    a    4129.0447   40.4245   44.2129   45.9114   41.4440

 finished @ Tue Apr 18 15:27:36 2023
 Total Time:     8794.709 sec. [user]     8803.392 sec. [elapsed]

Level: 0
Inject Calls: 8960962528
Errors injected by bit:
	Bit 0: 896474
	Bit 1: 897135
	Bit 2: 894805
	Bit 3: 895100
	Bit 4: 895459
	Bit 5: 896614
	Bit 6: 895375
	Bit 7: 895291

Total errors injected: 7166253
