vvencFFapp: Fraunhofer VVC Encoder ver. 1.5.0 [Linux][GCC 11.3.0][64 bit][SIMD=AVX2]
 started @ Wed Apr 19 01:26:05 2023
CODING TOOL CFG: CTU128 QT44BTT21 IBD:1 SAO:1 ALF:1 (NonLinLuma:0 NonLinChr:0) CCALF:1 Tiles:1x1 Slices:1 WPP:0 WPP-Substreams:1 TMVP:1 DQ:1 SDH:0 CST:1 BDOF:1 DMVR:1 MTSImplicit:1 SBT:0 JCbCr:1 CabacInitPresent:1 AMVR:5 SMVD:3 LMCS:2 (Signal:SDR Opt:0) CIIP:0 MIP:1 AFFINE:2 (PROF:1, Type:1) MMVD:3 DisFracMMVD:1 SbTMVP:1 GPM:3 LFNST:1 MTS:0 ISP:3 TS:2 TSLog2MaxSize:4 useChromaTS:0 BDPCM:2 IBC:2 BCW:0 
ENC. ALG. CFG: QPA:0 HAD:1 RDQ:1 RDQTS:1 ASR:1 MinSearchWindow:96 RestrictMESampling:0 EDO:2 MCTF:2 
PRE-ANALYSIS CFG: STA:1 LeadFrames:0 TrailFrames:0 
FAST TOOL CFG: ECU:0 FEN:1 FDM:1 FastSearch:4 (SCC:2) LCTUFast:1 FastMrg:2 PBIntraFast:1 AMaxBT:1 FastQtBtEnc:1 ContentBasedFastQtbt:0 FastMIP:3 FastIntraTools:0 IntraEstDecBit:2 FastLocalDualTree:1 IntegerET:0 FastSubPel:1 QtbttExtraFast:3 FastTTSplit:0 IBCFastMethod:3 FIM:0 ALFSpeed:0 QuantThr: 4 
RATE CONTROL CFG: RateControl:0 LookAhead:0 
PARALLEL PROCESSING CFG: NumThreads:0 MaxParallelFrames:0 WppBitEqual:0 WF:0 

POC     0 TId: 0 (  IDR_N_LP, I-SLICE, QP 29, TF 2)     239000 bits [Y 37.7621 dB    U 41.1947 dB    V 42.2796 dB] [ET   225 ] [L0 ] [L1 ]
POC    16 TId: 1 (      STSA, B-SLICE, QP 34, TF 1)      48280 bits [Y 35.5564 dB    U 39.8346 dB    V 40.7010 dB] [ET   450 ] [L0 0 ] [L1 0 ]
POC     8 TId: 2 (      STSA, B-SLICE, QP 35, TF 0)      20768 bits [Y 35.7658 dB    U 40.2295 dB    V 41.1601 dB] [ET   481 ] [L0 0 16 ] [L1 16 0 ]
POC     4 TId: 3 (      STSA, B-SLICE, QP 38)             8328 bits [Y 35.6522 dB    U 40.6260 dB    V 41.5164 dB] [ET   418 ] [L0 0 8 ] [L1 8 16 ]
POC     2 TId: 4 (      STSA, B-SLICE, QP 40)             3616 bits [Y 35.7935 dB    U 40.9024 dB    V 41.8970 dB] [ET   254 ] [L0 0 4 ] [L1 4 8 ]
POC     1 TId: 5 (      STSA, B-SLICE, QP 41)             1360 bits [Y 36.3597 dB    U 41.0049 dB    V 42.1152 dB] [ET   186 ] [L0 0 2 ] [L1 2 4 ]
POC     3 TId: 5 (      STSA, B-SLICE, QP 41)             1280 bits [Y 35.3420 dB    U 40.8182 dB    V 41.7384 dB] [ET   210 ] [L0 2 0 ] [L1 4 8 ]
POC     6 TId: 4 (      STSA, B-SLICE, QP 40)             3912 bits [Y 35.1297 dB    U 40.4826 dB    V 41.3424 dB] [ET   316 ] [L0 4 0 ] [L1 8 16 ]
POC     5 TId: 5 (      STSA, B-SLICE, QP 41)             1640 bits [Y 35.1007 dB    U 40.5142 dB    V 41.4358 dB] [ET   218 ] [L0 4 0 ] [L1 6 8 ]
POC     7 TId: 5 (      STSA, B-SLICE, QP 41)             1440 bits [Y 35.2246 dB    U 40.3566 dB    V 41.2561 dB] [ET   220 ] [L0 6 4 ] [L1 8 16 ]
POC    12 TId: 3 (      STSA, B-SLICE, QP 38)            10168 bits [Y 34.9601 dB    U 40.0867 dB    V 40.8987 dB] [ET   521 ] [L0 8 0 ] [L1 16 8 ]
POC    10 TId: 4 (      STSA, B-SLICE, QP 40)             3912 bits [Y 34.8352 dB    U 40.1596 dB    V 41.0474 dB] [ET   395 ] [L0 8 0 ] [L1 12 16 ]
POC     9 TId: 5 (      STSA, B-SLICE, QP 41)             1576 bits [Y 34.9745 dB    U 40.2535 dB    V 41.1077 dB] [ET   241 ] [L0 8 0 ] [L1 10 12 ]
POC    11 TId: 5 (      STSA, B-SLICE, QP 41)             1784 bits [Y 34.6319 dB    U 40.0832 dB    V 40.9627 dB] [ET   247 ] [L0 10 8 ] [L1 12 16 ]
POC    14 TId: 4 (      STSA, B-SLICE, QP 40)             4616 bits [Y 34.6185 dB    U 39.9041 dB    V 40.7120 dB] [ET   297 ] [L0 12 8 ] [L1 16 12 ]
POC    13 TId: 5 (      STSA, B-SLICE, QP 41)             2064 bits [Y 34.5047 dB    U 40.0125 dB    V 40.8265 dB] [ET   226 ] [L0 12 8 ] [L1 14 16 ]
POC    15 TId: 5 (      STSA, B-SLICE, QP 41)             2040 bits [Y 34.6937 dB    U 39.8924 dB    V 40.6559 dB] [ET   210 ] [L0 14 12 ] [L1 16 14 ]

	Total Frames |   Bitrate     Y-PSNR    U-PSNR    V-PSNR    YUV-PSNR   
	       17    a    1255.7082   35.3474   40.3739   41.2737   36.4722

 finished @ Wed Apr 19 02:51:33 2023
 Total Time:     5126.930 sec. [user]     5127.576 sec. [elapsed]

Level: 0
Inject Calls: 5637532736
Errors injected by bit:
	Bit 0: 56361
	Bit 1: 56252
	Bit 2: 56608
	Bit 3: 56839
	Bit 4: 56285
	Bit 5: 56384
	Bit 6: 56772
	Bit 7: 56349

Total errors injected: 451850
