vvencFFapp: Fraunhofer VVC Encoder ver. 1.5.0 [Linux][GCC 11.3.0][64 bit][SIMD=AVX2]
 started @ Sat Apr 22 01:47:26 2023
CODING TOOL CFG: CTU128 QT44BTT21 IBD:1 SAO:1 ALF:1 (NonLinLuma:0 NonLinChr:0) CCALF:1 Tiles:1x1 Slices:1 WPP:0 WPP-Substreams:1 TMVP:1 DQ:1 SDH:0 CST:1 BDOF:1 DMVR:1 MTSImplicit:1 SBT:0 JCbCr:1 CabacInitPresent:1 AMVR:5 SMVD:3 LMCS:2 (Signal:SDR Opt:0) CIIP:0 MIP:1 AFFINE:2 (PROF:1, Type:1) MMVD:3 DisFracMMVD:1 SbTMVP:1 GPM:3 LFNST:1 MTS:0 ISP:3 TS:2 TSLog2MaxSize:4 useChromaTS:0 BDPCM:2 IBC:2 BCW:0 
ENC. ALG. CFG: QPA:0 HAD:1 RDQ:1 RDQTS:1 ASR:1 MinSearchWindow:96 RestrictMESampling:0 EDO:2 MCTF:2 
PRE-ANALYSIS CFG: STA:1 LeadFrames:0 TrailFrames:0 
FAST TOOL CFG: ECU:0 FEN:1 FDM:1 FastSearch:4 (SCC:2) LCTUFast:1 FastMrg:2 PBIntraFast:1 AMaxBT:1 FastQtBtEnc:1 ContentBasedFastQtbt:0 FastMIP:3 FastIntraTools:0 IntraEstDecBit:2 FastLocalDualTree:1 IntegerET:0 FastSubPel:1 QtbttExtraFast:3 FastTTSplit:0 IBCFastMethod:3 FIM:0 ALFSpeed:0 QuantThr: 4 
RATE CONTROL CFG: RateControl:0 LookAhead:0 
PARALLEL PROCESSING CFG: NumThreads:0 MaxParallelFrames:0 WppBitEqual:0 WF:0 

POC     0 TId: 0 (  IDR_N_LP, I-SLICE, QP 34, TF 2)     137312 bits [Y 33.0393 dB    U 36.5932 dB    V 37.9362 dB] [ET   210 ] [L0 ] [L1 ]
POC    16 TId: 1 (      STSA, B-SLICE, QP 40, TF 1)      49056 bits [Y 30.8296 dB    U 35.9721 dB    V 36.9083 dB] [ET   828 ] [L0 0 ] [L1 0 ]
POC     8 TId: 2 (      STSA, B-SLICE, QP 40, TF 0)      41208 bits [Y 30.7295 dB    U 35.8442 dB    V 36.9102 dB] [ET  1156 ] [L0 0 16 ] [L1 16 0 ]
POC     4 TId: 3 (      STSA, B-SLICE, QP 43)            16992 bits [Y 30.1658 dB    U 35.7119 dB    V 36.8962 dB] [ET  1061 ] [L0 0 8 ] [L1 8 16 ]
POC     2 TId: 4 (      STSA, B-SLICE, QP 45)             9208 bits [Y 30.0428 dB    U 35.7881 dB    V 37.1282 dB] [ET   753 ] [L0 0 4 ] [L1 4 8 ]
POC     1 TId: 5 (      STSA, B-SLICE, QP 46)             4784 bits [Y 30.3512 dB    U 35.9231 dB    V 37.3431 dB] [ET   467 ] [L0 0 2 ] [L1 2 4 ]
POC     3 TId: 5 (      STSA, B-SLICE, QP 46)             4520 bits [Y 29.7790 dB    U 35.5177 dB    V 36.7140 dB] [ET   546 ] [L0 2 0 ] [L1 4 8 ]
POC     6 TId: 4 (      STSA, B-SLICE, QP 45)             8432 bits [Y 29.6315 dB    U 35.4764 dB    V 36.4883 dB] [ET  1065 ] [L0 4 0 ] [L1 8 16 ]
POC     5 TId: 5 (      STSA, B-SLICE, QP 46)             4032 bits [Y 29.6104 dB    U 35.5539 dB    V 36.7246 dB] [ET   669 ] [L0 4 0 ] [L1 6 8 ]
POC     7 TId: 5 (      STSA, B-SLICE, QP 46)             3896 bits [Y 29.6464 dB    U 35.4241 dB    V 36.5602 dB] [ET   599 ] [L0 6 4 ] [L1 8 16 ]
POC    12 TId: 3 (      STSA, B-SLICE, QP 43)            18352 bits [Y 29.8495 dB    U 35.6882 dB    V 36.2202 dB] [ET  1255 ] [L0 8 0 ] [L1 16 8 ]
POC    10 TId: 4 (      STSA, B-SLICE, QP 45)             9688 bits [Y 29.3772 dB    U 35.5388 dB    V 36.2140 dB] [ET  1057 ] [L0 8 0 ] [L1 12 16 ]
POC     9 TId: 5 (      STSA, B-SLICE, QP 46)             3504 bits [Y 29.3657 dB    U 35.5484 dB    V 36.3897 dB] [ET   584 ] [L0 8 0 ] [L1 10 12 ]
POC    11 TId: 5 (      STSA, B-SLICE, QP 46)             4240 bits [Y 29.2677 dB    U 35.5110 dB    V 36.0755 dB] [ET   761 ] [L0 10 8 ] [L1 12 16 ]
POC    14 TId: 4 (      STSA, B-SLICE, QP 45)             7976 bits [Y 29.3734 dB    U 35.5475 dB    V 36.1395 dB] [ET   818 ] [L0 12 8 ] [L1 16 12 ]
POC    13 TId: 5 (      STSA, B-SLICE, QP 46)             3776 bits [Y 29.3391 dB    U 35.5216 dB    V 36.0673 dB] [ET   525 ] [L0 12 8 ] [L1 14 16 ]
POC    15 TId: 5 (      STSA, B-SLICE, QP 46)             3688 bits [Y 29.6843 dB    U 35.6613 dB    V 36.3853 dB] [ET   467 ] [L0 14 12 ] [L1 16 14 ]

	Total Frames |   Bitrate     Y-PSNR    U-PSNR    V-PSNR    YUV-PSNR   
	       17    a     583.5247   30.0049   35.6954   36.6530   31.1965

 finished @ Sat Apr 22 05:21:21 2023
 Total Time:    12834.010 sec. [user]    12834.755 sec. [elapsed]

Level: 0
Inject Calls: 14731717472
Errors injected by bit:
	Bit 0: 14733391
	Bit 1: 14726848
	Bit 2: 14734633
	Bit 3: 14737653
	Bit 4: 14732670
	Bit 5: 14735641
	Bit 6: 14729487
	Bit 7: 14732893

Total errors injected: 117863216
