vvencFFapp: Fraunhofer VVC Encoder ver. 1.5.0 [Linux][GCC 11.3.0][64 bit][SIMD=AVX2]
 started @ Fri Apr 21 11:47:12 2023
CODING TOOL CFG: CTU128 QT44BTT21 IBD:1 SAO:1 ALF:1 (NonLinLuma:0 NonLinChr:0) CCALF:1 Tiles:1x1 Slices:1 WPP:0 WPP-Substreams:1 TMVP:1 DQ:1 SDH:0 CST:1 BDOF:1 DMVR:1 MTSImplicit:1 SBT:0 JCbCr:1 CabacInitPresent:1 AMVR:5 SMVD:3 LMCS:2 (Signal:SDR Opt:0) CIIP:0 MIP:1 AFFINE:2 (PROF:1, Type:1) MMVD:3 DisFracMMVD:1 SbTMVP:1 GPM:3 LFNST:1 MTS:0 ISP:3 TS:2 TSLog2MaxSize:4 useChromaTS:0 BDPCM:2 IBC:2 BCW:0 
ENC. ALG. CFG: QPA:0 HAD:1 RDQ:1 RDQTS:1 ASR:1 MinSearchWindow:96 RestrictMESampling:0 EDO:2 MCTF:2 
PRE-ANALYSIS CFG: STA:1 LeadFrames:0 TrailFrames:0 
FAST TOOL CFG: ECU:0 FEN:1 FDM:1 FastSearch:4 (SCC:2) LCTUFast:1 FastMrg:2 PBIntraFast:1 AMaxBT:1 FastQtBtEnc:1 ContentBasedFastQtbt:0 FastMIP:3 FastIntraTools:0 IntraEstDecBit:2 FastLocalDualTree:1 IntegerET:0 FastSubPel:1 QtbttExtraFast:3 FastTTSplit:0 IBCFastMethod:3 FIM:0 ALFSpeed:0 QuantThr: 4 
RATE CONTROL CFG: RateControl:0 LookAhead:0 
PARALLEL PROCESSING CFG: NumThreads:0 MaxParallelFrames:0 WppBitEqual:0 WF:0 

POC     0 TId: 0 (  IDR_N_LP, I-SLICE, QP 24, TF 3)     399128 bits [Y 38.6505 dB    U 40.8666 dB    V 42.1124 dB] [ET   342 ] [L0 ] [L1 ]
POC    16 TId: 1 (      STSA, B-SLICE, QP 28, TF 2)     241176 bits [Y 38.5383 dB    U 40.3525 dB    V 41.4977 dB] [ET  1016 ] [L0 0 ] [L1 0 ]
POC     8 TId: 2 (      STSA, B-SLICE, QP 29, TF 1)     179520 bits [Y 37.2334 dB    U 39.6055 dB    V 40.8116 dB] [ET  1365 ] [L0 0 16 ] [L1 16 0 ]
POC     4 TId: 3 (      STSA, B-SLICE, QP 32, TF 0)      78592 bits [Y 35.9606 dB    U 39.1304 dB    V 40.3951 dB] [ET  1428 ] [L0 0 8 ] [L1 8 16 ]
POC     2 TId: 4 (      STSA, B-SLICE, QP 34)            44440 bits [Y 35.6595 dB    U 39.2829 dB    V 40.4968 dB] [ET  1117 ] [L0 0 4 ] [L1 4 8 ]
POC     1 TId: 5 (      STSA, B-SLICE, QP 36)            23120 bits [Y 35.3110 dB    U 39.5018 dB    V 40.6879 dB] [ET   718 ] [L0 0 2 ] [L1 2 4 ]
POC     3 TId: 5 (      STSA, B-SLICE, QP 36)            20856 bits [Y 34.9142 dB    U 38.9132 dB    V 40.2000 dB] [ET  1014 ] [L0 2 0 ] [L1 4 8 ]
POC     6 TId: 4 (      STSA, B-SLICE, QP 34)            42864 bits [Y 35.4625 dB    U 38.8736 dB    V 40.1054 dB] [ET  1383 ] [L0 4 0 ] [L1 8 16 ]
POC     5 TId: 5 (      STSA, B-SLICE, QP 36)            19288 bits [Y 34.8766 dB    U 38.7397 dB    V 40.0936 dB] [ET   970 ] [L0 4 0 ] [L1 6 8 ]
POC     7 TId: 5 (      STSA, B-SLICE, QP 36)            20880 bits [Y 34.9897 dB    U 38.7557 dB    V 40.0446 dB] [ET   896 ] [L0 6 4 ] [L1 8 16 ]
POC    12 TId: 3 (      STSA, B-SLICE, QP 32, TF 0)      78592 bits [Y 35.7445 dB    U 39.2527 dB    V 39.9998 dB] [ET  1500 ] [L0 8 0 ] [L1 16 8 ]
POC    10 TId: 4 (      STSA, B-SLICE, QP 34)            46712 bits [Y 35.3733 dB    U 38.8426 dB    V 39.6972 dB] [ET  1468 ] [L0 8 0 ] [L1 12 16 ]
POC     9 TId: 5 (      STSA, B-SLICE, QP 36)            20584 bits [Y 34.9461 dB    U 38.7220 dB    V 39.9118 dB] [ET   964 ] [L0 8 0 ] [L1 10 12 ]
POC    11 TId: 5 (      STSA, B-SLICE, QP 36)            21136 bits [Y 34.7254 dB    U 38.7648 dB    V 39.5519 dB] [ET   966 ] [L0 10 8 ] [L1 12 16 ]
POC    14 TId: 4 (      STSA, B-SLICE, QP 34)            44472 bits [Y 35.3358 dB    U 38.9776 dB    V 39.9992 dB] [ET  1086 ] [L0 12 8 ] [L1 16 12 ]
POC    13 TId: 5 (      STSA, B-SLICE, QP 36)            19120 bits [Y 34.7043 dB    U 38.8637 dB    V 39.7990 dB] [ET   850 ] [L0 12 8 ] [L1 14 16 ]
POC    15 TId: 5 (      STSA, B-SLICE, QP 36)            19264 bits [Y 34.9802 dB    U 39.2244 dB    V 40.3381 dB] [ET   739 ] [L0 14 12 ] [L1 16 14 ]

	Total Frames |   Bitrate     Y-PSNR    U-PSNR    V-PSNR    YUV-PSNR   
	       17    a    2328.9600   35.7298   39.2159   40.3378   36.5780

 finished @ Fri Apr 21 16:44:32 2023
 Total Time:    17835.488 sec. [user]    17840.523 sec. [elapsed]

Level: 0
Inject Calls: 19745493376
Errors injected by bit:
	Bit 0: 19896
	Bit 1: 19741
	Bit 2: 19892
	Bit 3: 19774
	Bit 4: 19594
	Bit 5: 19659
	Bit 6: 19728
	Bit 7: 19817

Total errors injected: 158101
