vvencFFapp: Fraunhofer VVC Encoder ver. 1.5.0 [Linux][GCC 11.3.0][64 bit][SIMD=AVX2]
 started @ Sat Apr 22 05:22:30 2023
CODING TOOL CFG: CTU128 QT44BTT21 IBD:1 SAO:1 ALF:1 (NonLinLuma:0 NonLinChr:0) CCALF:1 Tiles:1x1 Slices:1 WPP:0 WPP-Substreams:1 TMVP:1 DQ:1 SDH:0 CST:1 BDOF:1 DMVR:1 MTSImplicit:1 SBT:0 JCbCr:1 CabacInitPresent:1 AMVR:5 SMVD:3 LMCS:2 (Signal:SDR Opt:0) CIIP:0 MIP:1 AFFINE:2 (PROF:1, Type:1) MMVD:3 DisFracMMVD:1 SbTMVP:1 GPM:3 LFNST:1 MTS:0 ISP:3 TS:2 TSLog2MaxSize:4 useChromaTS:0 BDPCM:2 IBC:2 BCW:0 
ENC. ALG. CFG: QPA:0 HAD:1 RDQ:1 RDQTS:1 ASR:1 MinSearchWindow:96 RestrictMESampling:0 EDO:2 MCTF:2 
PRE-ANALYSIS CFG: STA:1 LeadFrames:0 TrailFrames:0 
FAST TOOL CFG: ECU:0 FEN:1 FDM:1 FastSearch:4 (SCC:2) LCTUFast:1 FastMrg:2 PBIntraFast:1 AMaxBT:1 FastQtBtEnc:1 ContentBasedFastQtbt:0 FastMIP:3 FastIntraTools:0 IntraEstDecBit:2 FastLocalDualTree:1 IntegerET:0 FastSubPel:1 QtbttExtraFast:3 FastTTSplit:0 IBCFastMethod:3 FIM:0 ALFSpeed:0 QuantThr: 4 
RATE CONTROL CFG: RateControl:0 LookAhead:0 
PARALLEL PROCESSING CFG: NumThreads:0 MaxParallelFrames:0 WppBitEqual:0 WF:0 

POC     0 TId: 0 (  IDR_N_LP, I-SLICE, QP 34, TF 2)     137312 bits [Y 33.0393 dB    U 36.5932 dB    V 37.9362 dB] [ET   215 ] [L0 ] [L1 ]
POC    16 TId: 1 (      STSA, B-SLICE, QP 40, TF 1)      50800 bits [Y 30.7947 dB    U 36.0286 dB    V 36.9035 dB] [ET   837 ] [L0 0 ] [L1 0 ]
POC     8 TId: 2 (      STSA, B-SLICE, QP 40, TF 0)      41176 bits [Y 30.7662 dB    U 35.7898 dB    V 36.8176 dB] [ET  1292 ] [L0 0 16 ] [L1 16 0 ]
POC     4 TId: 3 (      STSA, B-SLICE, QP 43)            17152 bits [Y 30.2220 dB    U 35.7270 dB    V 36.8787 dB] [ET  1125 ] [L0 0 8 ] [L1 8 16 ]
POC     2 TId: 4 (      STSA, B-SLICE, QP 45)             9240 bits [Y 30.0264 dB    U 35.6884 dB    V 37.0205 dB] [ET   791 ] [L0 0 4 ] [L1 4 8 ]
POC     1 TId: 5 (      STSA, B-SLICE, QP 46)             4984 bits [Y 30.4155 dB    U 35.9340 dB    V 37.3338 dB] [ET   472 ] [L0 0 2 ] [L1 2 4 ]
POC     3 TId: 5 (      STSA, B-SLICE, QP 46)             4208 bits [Y 29.6838 dB    U 35.5239 dB    V 36.7246 dB] [ET   598 ] [L0 2 0 ] [L1 4 8 ]
POC     6 TId: 4 (      STSA, B-SLICE, QP 45)             8712 bits [Y 29.7177 dB    U 35.4651 dB    V 36.5606 dB] [ET  1039 ] [L0 4 0 ] [L1 8 16 ]
POC     5 TId: 5 (      STSA, B-SLICE, QP 46)             3824 bits [Y 29.6515 dB    U 35.4657 dB    V 36.6702 dB] [ET   623 ] [L0 4 0 ] [L1 6 8 ]
POC     7 TId: 5 (      STSA, B-SLICE, QP 46)             3920 bits [Y 29.6119 dB    U 35.3492 dB    V 36.5027 dB] [ET   553 ] [L0 6 4 ] [L1 8 16 ]
POC    12 TId: 3 (      STSA, B-SLICE, QP 43)            18856 bits [Y 29.8778 dB    U 35.8173 dB    V 36.2843 dB] [ET  1284 ] [L0 8 0 ] [L1 16 8 ]
POC    10 TId: 4 (      STSA, B-SLICE, QP 45)             9544 bits [Y 29.4068 dB    U 35.6519 dB    V 36.2179 dB] [ET  1018 ] [L0 8 0 ] [L1 12 16 ]
POC     9 TId: 5 (      STSA, B-SLICE, QP 46)             3704 bits [Y 29.4043 dB    U 35.5952 dB    V 36.3720 dB] [ET   532 ] [L0 8 0 ] [L1 10 12 ]
POC    11 TId: 5 (      STSA, B-SLICE, QP 46)             4064 bits [Y 29.2389 dB    U 35.6392 dB    V 36.1669 dB] [ET   563 ] [L0 10 8 ] [L1 12 16 ]
POC    14 TId: 4 (      STSA, B-SLICE, QP 45)             8192 bits [Y 29.4611 dB    U 35.6567 dB    V 36.0579 dB] [ET   825 ] [L0 12 8 ] [L1 16 12 ]
POC    13 TId: 5 (      STSA, B-SLICE, QP 46)             3824 bits [Y 29.3536 dB    U 35.6651 dB    V 36.0209 dB] [ET   566 ] [L0 12 8 ] [L1 14 16 ]
POC    15 TId: 5 (      STSA, B-SLICE, QP 46)             3696 bits [Y 29.6769 dB    U 35.7727 dB    V 36.3429 dB] [ET   458 ] [L0 14 12 ] [L1 16 14 ]

	Total Frames |   Bitrate     Y-PSNR    U-PSNR    V-PSNR    YUV-PSNR   
	       17    a     588.0141   30.0205   35.7273   36.6360   31.2121

 finished @ Sat Apr 22 08:55:54 2023
 Total Time:    12802.199 sec. [user]    12804.198 sec. [elapsed]

Level: 0
Inject Calls: 14706845056
Errors injected by bit:
	Bit 0: 1470504
	Bit 1: 1471671
	Bit 2: 1470874
	Bit 3: 1470625
	Bit 4: 1470809
	Bit 5: 1470449
	Bit 6: 1469747
	Bit 7: 1470243

Total errors injected: 11764922
