vvencFFapp: Fraunhofer VVC Encoder ver. 1.5.0 [Linux][GCC 11.3.0][64 bit][SIMD=AVX2]
 started @ Wed Apr 19 01:26:06 2023
CODING TOOL CFG: CTU128 QT44BTT21 IBD:1 SAO:1 ALF:1 (NonLinLuma:0 NonLinChr:0) CCALF:1 Tiles:1x1 Slices:1 WPP:0 WPP-Substreams:1 TMVP:1 DQ:1 SDH:0 CST:1 BDOF:1 DMVR:1 MTSImplicit:1 SBT:0 JCbCr:1 CabacInitPresent:1 AMVR:5 SMVD:3 LMCS:2 (Signal:SDR Opt:0) CIIP:0 MIP:1 AFFINE:2 (PROF:1, Type:1) MMVD:3 DisFracMMVD:1 SbTMVP:1 GPM:3 LFNST:1 MTS:0 ISP:3 TS:2 TSLog2MaxSize:4 useChromaTS:0 BDPCM:2 IBC:2 BCW:0 
ENC. ALG. CFG: QPA:0 HAD:1 RDQ:1 RDQTS:1 ASR:1 MinSearchWindow:96 RestrictMESampling:0 EDO:2 MCTF:2 
PRE-ANALYSIS CFG: STA:1 LeadFrames:0 TrailFrames:0 
FAST TOOL CFG: ECU:0 FEN:1 FDM:1 FastSearch:4 (SCC:2) LCTUFast:1 FastMrg:2 PBIntraFast:1 AMaxBT:1 FastQtBtEnc:1 ContentBasedFastQtbt:0 FastMIP:3 FastIntraTools:0 IntraEstDecBit:2 FastLocalDualTree:1 IntegerET:0 FastSubPel:1 QtbttExtraFast:3 FastTTSplit:0 IBCFastMethod:3 FIM:0 ALFSpeed:0 QuantThr: 4 
RATE CONTROL CFG: RateControl:0 LookAhead:0 
PARALLEL PROCESSING CFG: NumThreads:0 MaxParallelFrames:0 WppBitEqual:0 WF:0 

POC     0 TId: 0 (  IDR_N_LP, I-SLICE, QP 29, TF 2)     239000 bits [Y 37.7621 dB    U 41.1947 dB    V 42.2796 dB] [ET   240 ] [L0 ] [L1 ]
POC    16 TId: 1 (      STSA, B-SLICE, QP 34, TF 1)      48648 bits [Y 35.5613 dB    U 39.9150 dB    V 40.6477 dB] [ET   454 ] [L0 0 ] [L1 0 ]
POC     8 TId: 2 (      STSA, B-SLICE, QP 35, TF 0)      20656 bits [Y 35.7681 dB    U 40.3015 dB    V 41.0861 dB] [ET   474 ] [L0 0 16 ] [L1 16 0 ]
POC     4 TId: 3 (      STSA, B-SLICE, QP 38)             8264 bits [Y 35.6377 dB    U 40.6402 dB    V 41.5498 dB] [ET   451 ] [L0 0 8 ] [L1 8 16 ]
POC     2 TId: 4 (      STSA, B-SLICE, QP 40)             3552 bits [Y 35.8276 dB    U 40.9601 dB    V 41.9296 dB] [ET   283 ] [L0 0 4 ] [L1 4 8 ]
POC     1 TId: 5 (      STSA, B-SLICE, QP 41)             1552 bits [Y 36.3606 dB    U 41.0503 dB    V 42.1372 dB] [ET   175 ] [L0 0 2 ] [L1 2 4 ]
POC     3 TId: 5 (      STSA, B-SLICE, QP 41)             1424 bits [Y 35.3561 dB    U 40.8551 dB    V 41.7383 dB] [ET   217 ] [L0 2 0 ] [L1 4 8 ]
POC     6 TId: 4 (      STSA, B-SLICE, QP 40)             3904 bits [Y 35.1465 dB    U 40.5421 dB    V 41.3428 dB] [ET   317 ] [L0 4 0 ] [L1 8 16 ]
POC     5 TId: 5 (      STSA, B-SLICE, QP 41)             1528 bits [Y 35.0966 dB    U 40.5644 dB    V 41.4429 dB] [ET   246 ] [L0 4 0 ] [L1 6 8 ]
POC     7 TId: 5 (      STSA, B-SLICE, QP 41)             1320 bits [Y 35.2114 dB    U 40.4231 dB    V 41.1813 dB] [ET   256 ] [L0 6 4 ] [L1 8 16 ]
POC    12 TId: 3 (      STSA, B-SLICE, QP 38)             9976 bits [Y 34.9227 dB    U 40.1426 dB    V 40.8979 dB] [ET   516 ] [L0 8 0 ] [L1 16 8 ]
POC    10 TId: 4 (      STSA, B-SLICE, QP 40)             3880 bits [Y 34.8208 dB    U 40.2191 dB    V 41.0218 dB] [ET   326 ] [L0 8 0 ] [L1 12 16 ]
POC     9 TId: 5 (      STSA, B-SLICE, QP 41)             1704 bits [Y 34.9706 dB    U 40.3388 dB    V 41.1060 dB] [ET   251 ] [L0 8 0 ] [L1 10 12 ]
POC    11 TId: 5 (      STSA, B-SLICE, QP 41)             1688 bits [Y 34.5659 dB    U 40.1202 dB    V 40.9154 dB] [ET   230 ] [L0 10 8 ] [L1 12 16 ]
POC    14 TId: 4 (      STSA, B-SLICE, QP 40)             4536 bits [Y 34.5806 dB    U 40.0030 dB    V 40.7234 dB] [ET   290 ] [L0 12 8 ] [L1 16 12 ]
POC    13 TId: 5 (      STSA, B-SLICE, QP 41)             2000 bits [Y 34.4720 dB    U 40.0717 dB    V 40.8372 dB] [ET   286 ] [L0 12 8 ] [L1 14 16 ]
POC    15 TId: 5 (      STSA, B-SLICE, QP 41)             2072 bits [Y 34.6122 dB    U 40.0174 dB    V 40.6713 dB] [ET   194 ] [L0 14 12 ] [L1 16 14 ]

	Total Frames |   Bitrate     Y-PSNR    U-PSNR    V-PSNR    YUV-PSNR   
	       17    a    1255.4259   35.3337   40.4329   41.2652   36.4615

 finished @ Wed Apr 19 02:53:09 2023
 Total Time:     5221.857 sec. [user]     5222.706 sec. [elapsed]

Level: 0
Inject Calls: 5605150080
Errors injected by bit:
	Bit 0: 55974
	Bit 1: 56345
	Bit 2: 55846
	Bit 3: 56249
	Bit 4: 55726
	Bit 5: 56227
	Bit 6: 56308
	Bit 7: 56027

Total errors injected: 448702
