vvencFFapp: Fraunhofer VVC Encoder ver. 1.5.0 [Linux][GCC 11.3.0][64 bit][SIMD=AVX2]
 started @ Thu Apr 20 18:56:51 2023
CODING TOOL CFG: CTU128 QT44BTT21 IBD:1 SAO:1 ALF:1 (NonLinLuma:0 NonLinChr:0) CCALF:1 Tiles:1x1 Slices:1 WPP:0 WPP-Substreams:1 TMVP:1 DQ:1 SDH:0 CST:1 BDOF:1 DMVR:1 MTSImplicit:1 SBT:0 JCbCr:1 CabacInitPresent:1 AMVR:5 SMVD:3 LMCS:2 (Signal:SDR Opt:0) CIIP:0 MIP:1 AFFINE:2 (PROF:1, Type:1) MMVD:3 DisFracMMVD:1 SbTMVP:1 GPM:3 LFNST:1 MTS:0 ISP:3 TS:2 TSLog2MaxSize:4 useChromaTS:0 BDPCM:2 IBC:2 BCW:0 
ENC. ALG. CFG: QPA:0 HAD:1 RDQ:1 RDQTS:1 ASR:1 MinSearchWindow:96 RestrictMESampling:0 EDO:2 MCTF:2 
PRE-ANALYSIS CFG: STA:1 LeadFrames:0 TrailFrames:0 
FAST TOOL CFG: ECU:0 FEN:1 FDM:1 FastSearch:4 (SCC:2) LCTUFast:1 FastMrg:2 PBIntraFast:1 AMaxBT:1 FastQtBtEnc:1 ContentBasedFastQtbt:0 FastMIP:3 FastIntraTools:0 IntraEstDecBit:2 FastLocalDualTree:1 IntegerET:0 FastSubPel:1 QtbttExtraFast:3 FastTTSplit:0 IBCFastMethod:3 FIM:0 ALFSpeed:0 QuantThr: 4 
RATE CONTROL CFG: RateControl:0 LookAhead:0 
PARALLEL PROCESSING CFG: NumThreads:0 MaxParallelFrames:0 WppBitEqual:0 WF:0 

POC     0 TId: 0 (  IDR_N_LP, I-SLICE, QP 19, TF 3)     629392 bits [Y 41.1842 dB    U 43.2214 dB    V 44.1771 dB] [ET   480 ] [L0 ] [L1 ]
POC    16 TId: 1 (      STSA, B-SLICE, QP 22, TF 2)     441680 bits [Y 42.3085 dB    U 43.3342 dB    V 44.2335 dB] [ET  1267 ] [L0 0 ] [L1 0 ]
POC     8 TId: 2 (      STSA, B-SLICE, QP 23, TF 1)     351024 bits [Y 40.6569 dB    U 42.0602 dB    V 43.1991 dB] [ET  1641 ] [L0 0 16 ] [L1 16 0 ]
POC     4 TId: 3 (      STSA, B-SLICE, QP 26, TF 0)     176352 bits [Y 38.9159 dB    U 41.3782 dB    V 42.5209 dB] [ET  1675 ] [L0 0 8 ] [L1 8 16 ]
POC     2 TId: 4 (      STSA, B-SLICE, QP 28)           108376 bits [Y 38.3685 dB    U 41.4334 dB    V 42.5459 dB] [ET  1362 ] [L0 0 4 ] [L1 4 8 ]
POC     1 TId: 5 (      STSA, B-SLICE, QP 29)            67704 bits [Y 37.9040 dB    U 41.5053 dB    V 42.7510 dB] [ET   944 ] [L0 0 2 ] [L1 2 4 ]
POC     3 TId: 5 (      STSA, B-SLICE, QP 29)            64920 bits [Y 37.7354 dB    U 41.0331 dB    V 42.2278 dB] [ET  1265 ] [L0 2 0 ] [L1 4 8 ]
POC     6 TId: 4 (      STSA, B-SLICE, QP 28)           102096 bits [Y 38.3509 dB    U 41.1053 dB    V 42.3032 dB] [ET  1682 ] [L0 4 0 ] [L1 8 16 ]
POC     5 TId: 5 (      STSA, B-SLICE, QP 29)            60040 bits [Y 37.7334 dB    U 40.9245 dB    V 42.1181 dB] [ET  1229 ] [L0 4 0 ] [L1 6 8 ]
POC     7 TId: 5 (      STSA, B-SLICE, QP 29)            62432 bits [Y 37.8030 dB    U 40.9339 dB    V 42.0772 dB] [ET  1192 ] [L0 6 4 ] [L1 8 16 ]
POC    12 TId: 3 (      STSA, B-SLICE, QP 26, TF 0)     183352 bits [Y 38.9484 dB    U 41.5643 dB    V 42.4598 dB] [ET  1859 ] [L0 8 0 ] [L1 16 8 ]
POC    10 TId: 4 (      STSA, B-SLICE, QP 28)           114920 bits [Y 38.3269 dB    U 41.1262 dB    V 41.9939 dB] [ET  1681 ] [L0 8 0 ] [L1 12 16 ]
POC     9 TId: 5 (      STSA, B-SLICE, QP 29)            64840 bits [Y 37.8498 dB    U 40.9205 dB    V 42.1884 dB] [ET  1289 ] [L0 8 0 ] [L1 10 12 ]
POC    11 TId: 5 (      STSA, B-SLICE, QP 29)            67896 bits [Y 37.7315 dB    U 40.9561 dB    V 41.8310 dB] [ET  1243 ] [L0 10 8 ] [L1 12 16 ]
POC    14 TId: 4 (      STSA, B-SLICE, QP 28)           114464 bits [Y 38.3761 dB    U 41.2106 dB    V 42.2598 dB] [ET  1368 ] [L0 12 8 ] [L1 16 12 ]
POC    13 TId: 5 (      STSA, B-SLICE, QP 29)            64864 bits [Y 37.7319 dB    U 40.9386 dB    V 42.0147 dB] [ET  1116 ] [L0 12 8 ] [L1 14 16 ]
POC    15 TId: 5 (      STSA, B-SLICE, QP 29)            68696 bits [Y 37.8897 dB    U 41.2194 dB    V 42.4148 dB] [ET   992 ] [L0 14 12 ] [L1 16 14 ]

	Total Frames |   Bitrate     Y-PSNR    U-PSNR    V-PSNR    YUV-PSNR   
	       17    a    4840.6729   38.6950   41.4626   42.5480   39.3882

 finished @ Fri Apr 21 01:08:32 2023
 Total Time:    22289.920 sec. [user]    22301.027 sec. [elapsed]

Level: 0
Inject Calls: 23188355520
Errors injected by bit:
	Bit 0: 231973
	Bit 1: 231721
	Bit 2: 231753
	Bit 3: 231805
	Bit 4: 230946
	Bit 5: 231813
	Bit 6: 231796
	Bit 7: 232855

Total errors injected: 1854662
