vvencFFapp: Fraunhofer VVC Encoder ver. 1.5.0 [Linux][GCC 11.3.0][64 bit][SIMD=AVX2]
 started @ Tue Apr 18 15:30:54 2023
CODING TOOL CFG: CTU128 QT44BTT21 IBD:1 SAO:1 ALF:1 (NonLinLuma:0 NonLinChr:0) CCALF:1 Tiles:1x1 Slices:1 WPP:0 WPP-Substreams:1 TMVP:1 DQ:1 SDH:0 CST:1 BDOF:1 DMVR:1 MTSImplicit:1 SBT:0 JCbCr:1 CabacInitPresent:1 AMVR:5 SMVD:3 LMCS:2 (Signal:SDR Opt:0) CIIP:0 MIP:1 AFFINE:2 (PROF:1, Type:1) MMVD:3 DisFracMMVD:1 SbTMVP:1 GPM:3 LFNST:1 MTS:0 ISP:3 TS:2 TSLog2MaxSize:4 useChromaTS:0 BDPCM:2 IBC:2 BCW:0 
ENC. ALG. CFG: QPA:0 HAD:1 RDQ:1 RDQTS:1 ASR:1 MinSearchWindow:96 RestrictMESampling:0 EDO:2 MCTF:2 
PRE-ANALYSIS CFG: STA:1 LeadFrames:0 TrailFrames:0 
FAST TOOL CFG: ECU:0 FEN:1 FDM:1 FastSearch:4 (SCC:2) LCTUFast:1 FastMrg:2 PBIntraFast:1 AMaxBT:1 FastQtBtEnc:1 ContentBasedFastQtbt:0 FastMIP:3 FastIntraTools:0 IntraEstDecBit:2 FastLocalDualTree:1 IntegerET:0 FastSubPel:1 QtbttExtraFast:3 FastTTSplit:0 IBCFastMethod:3 FIM:0 ALFSpeed:0 QuantThr: 4 
RATE CONTROL CFG: RateControl:0 LookAhead:0 
PARALLEL PROCESSING CFG: NumThreads:0 MaxParallelFrames:0 WppBitEqual:0 WF:0 

POC     0 TId: 0 (  IDR_N_LP, I-SLICE, QP 19, TF 3)     581848 bits [Y 42.2672 dB    U 45.0524 dB    V 46.9660 dB] [ET   523 ] [L0 ] [L1 ]
POC    16 TId: 1 (      STSA, B-SLICE, QP 22, TF 2)     217272 bits [Y 41.6188 dB    U 44.2161 dB    V 45.8609 dB] [ET   878 ] [L0 0 ] [L1 0 ]
POC     8 TId: 2 (      STSA, B-SLICE, QP 23, TF 1)      98800 bits [Y 40.9576 dB    U 44.1348 dB    V 45.9884 dB] [ET   746 ] [L0 0 16 ] [L1 16 0 ]
POC     4 TId: 3 (      STSA, B-SLICE, QP 26, TF 0)      42808 bits [Y 40.5614 dB    U 44.3097 dB    V 46.1401 dB] [ET   666 ] [L0 0 8 ] [L1 8 16 ]
POC     2 TId: 4 (      STSA, B-SLICE, QP 28)            21168 bits [Y 40.5914 dB    U 44.6125 dB    V 46.4533 dB] [ET   438 ] [L0 0 4 ] [L1 4 8 ]
POC     1 TId: 5 (      STSA, B-SLICE, QP 29)             9336 bits [Y 40.8610 dB    U 44.8257 dB    V 46.7126 dB] [ET   340 ] [L0 0 2 ] [L1 2 4 ]
POC     3 TId: 5 (      STSA, B-SLICE, QP 29)            10360 bits [Y 40.2224 dB    U 44.4539 dB    V 46.2334 dB] [ET   525 ] [L0 2 0 ] [L1 4 8 ]
POC     6 TId: 4 (      STSA, B-SLICE, QP 28)            21592 bits [Y 40.1381 dB    U 44.1002 dB    V 45.8794 dB] [ET   504 ] [L0 4 0 ] [L1 8 16 ]
POC     5 TId: 5 (      STSA, B-SLICE, QP 29)            10576 bits [Y 40.0210 dB    U 44.0868 dB    V 45.9513 dB] [ET   413 ] [L0 4 0 ] [L1 6 8 ]
POC     7 TId: 5 (      STSA, B-SLICE, QP 29)             9832 bits [Y 40.1079 dB    U 44.1481 dB    V 45.8282 dB] [ET   472 ] [L0 6 4 ] [L1 8 16 ]
POC    12 TId: 3 (      STSA, B-SLICE, QP 26, TF 0)      49024 bits [Y 40.2641 dB    U 43.9514 dB    V 45.6004 dB] [ET   697 ] [L0 8 0 ] [L1 16 8 ]
POC    10 TId: 4 (      STSA, B-SLICE, QP 28)            23712 bits [Y 40.0721 dB    U 43.9289 dB    V 45.6116 dB] [ET   659 ] [L0 8 0 ] [L1 12 16 ]
POC     9 TId: 5 (      STSA, B-SLICE, QP 29)            10160 bits [Y 40.0182 dB    U 44.0264 dB    V 45.8133 dB] [ET   378 ] [L0 8 0 ] [L1 10 12 ]
POC    11 TId: 5 (      STSA, B-SLICE, QP 29)            11040 bits [Y 39.8461 dB    U 43.9118 dB    V 45.6340 dB] [ET   406 ] [L0 10 8 ] [L1 12 16 ]
POC    14 TId: 4 (      STSA, B-SLICE, QP 28)            27232 bits [Y 39.9904 dB    U 43.8688 dB    V 45.4407 dB] [ET   493 ] [L0 12 8 ] [L1 16 12 ]
POC    13 TId: 5 (      STSA, B-SLICE, QP 29)            12968 bits [Y 39.7457 dB    U 43.8281 dB    V 45.4399 dB] [ET   414 ] [L0 12 8 ] [L1 14 16 ]
POC    15 TId: 5 (      STSA, B-SLICE, QP 29)            13736 bits [Y 39.9436 dB    U 43.9545 dB    V 45.5209 dB] [ET   294 ] [L0 14 12 ] [L1 16 14 ]

	Total Frames |   Bitrate     Y-PSNR    U-PSNR    V-PSNR    YUV-PSNR   
	       17    a    4134.5788   40.4251   44.2006   45.9456   41.4448

 finished @ Tue Apr 18 17:58:35 2023
 Total Time:     8858.273 sec. [user]     8861.178 sec. [elapsed]

Level: 0
Inject Calls: 9054215584
Errors injected by bit:
	Bit 0: 8962
	Bit 1: 8980
	Bit 2: 9059
	Bit 3: 9052
	Bit 4: 8976
	Bit 5: 8982
	Bit 6: 9055
	Bit 7: 8990

Total errors injected: 72056
