vvencFFapp: Fraunhofer VVC Encoder ver. 1.5.0 [Linux][GCC 11.3.0][64 bit][SIMD=AVX2]
 started @ Fri Apr 21 21:32:21 2023
CODING TOOL CFG: CTU128 QT44BTT21 IBD:1 SAO:1 ALF:1 (NonLinLuma:0 NonLinChr:0) CCALF:1 Tiles:1x1 Slices:1 WPP:0 WPP-Substreams:1 TMVP:1 DQ:1 SDH:0 CST:1 BDOF:1 DMVR:1 MTSImplicit:1 SBT:0 JCbCr:1 CabacInitPresent:1 AMVR:5 SMVD:3 LMCS:2 (Signal:SDR Opt:0) CIIP:0 MIP:1 AFFINE:2 (PROF:1, Type:1) MMVD:3 DisFracMMVD:1 SbTMVP:1 GPM:3 LFNST:1 MTS:0 ISP:3 TS:2 TSLog2MaxSize:4 useChromaTS:0 BDPCM:2 IBC:2 BCW:0 
ENC. ALG. CFG: QPA:0 HAD:1 RDQ:1 RDQTS:1 ASR:1 MinSearchWindow:96 RestrictMESampling:0 EDO:2 MCTF:2 
PRE-ANALYSIS CFG: STA:1 LeadFrames:0 TrailFrames:0 
FAST TOOL CFG: ECU:0 FEN:1 FDM:1 FastSearch:4 (SCC:2) LCTUFast:1 FastMrg:2 PBIntraFast:1 AMaxBT:1 FastQtBtEnc:1 ContentBasedFastQtbt:0 FastMIP:3 FastIntraTools:0 IntraEstDecBit:2 FastLocalDualTree:1 IntegerET:0 FastSubPel:1 QtbttExtraFast:3 FastTTSplit:0 IBCFastMethod:3 FIM:0 ALFSpeed:0 QuantThr: 4 
RATE CONTROL CFG: RateControl:0 LookAhead:0 
PARALLEL PROCESSING CFG: NumThreads:0 MaxParallelFrames:0 WppBitEqual:0 WF:0 

POC     0 TId: 0 (  IDR_N_LP, I-SLICE, QP 29, TF 2)     245544 bits [Y 36.0242 dB    U 38.6082 dB    V 40.2672 dB] [ET   278 ] [L0 ] [L1 ]
POC    16 TId: 1 (      STSA, B-SLICE, QP 34, TF 1)     116024 bits [Y 34.6933 dB    U 37.4729 dB    V 38.6661 dB] [ET  1094 ] [L0 0 ] [L1 0 ]
POC     8 TId: 2 (      STSA, B-SLICE, QP 35, TF 0)      83496 bits [Y 33.8316 dB    U 37.0220 dB    V 38.3276 dB] [ET  1293 ] [L0 0 16 ] [L1 16 0 ]
POC     4 TId: 3 (      STSA, B-SLICE, QP 38)            35632 bits [Y 33.0431 dB    U 37.1530 dB    V 38.5691 dB] [ET  1259 ] [L0 0 8 ] [L1 8 16 ]
POC     2 TId: 4 (      STSA, B-SLICE, QP 40)            19840 bits [Y 32.7352 dB    U 37.3974 dB    V 38.8140 dB] [ET   936 ] [L0 0 4 ] [L1 4 8 ]
POC     1 TId: 5 (      STSA, B-SLICE, QP 41)            10464 bits [Y 32.8593 dB    U 37.5176 dB    V 39.1689 dB] [ET   569 ] [L0 0 2 ] [L1 2 4 ]
POC     3 TId: 5 (      STSA, B-SLICE, QP 41)            10288 bits [Y 32.3073 dB    U 37.0903 dB    V 38.5262 dB] [ET   734 ] [L0 2 0 ] [L1 4 8 ]
POC     6 TId: 4 (      STSA, B-SLICE, QP 40)            18752 bits [Y 32.4243 dB    U 36.9624 dB    V 38.3204 dB] [ET  1200 ] [L0 4 0 ] [L1 8 16 ]
POC     5 TId: 5 (      STSA, B-SLICE, QP 41)             9368 bits [Y 32.2927 dB    U 36.9649 dB    V 38.3840 dB] [ET   784 ] [L0 4 0 ] [L1 6 8 ]
POC     7 TId: 5 (      STSA, B-SLICE, QP 41)             9344 bits [Y 32.2748 dB    U 36.7167 dB    V 38.0734 dB] [ET   764 ] [L0 6 4 ] [L1 8 16 ]
POC    12 TId: 3 (      STSA, B-SLICE, QP 38)            36304 bits [Y 32.7920 dB    U 37.0716 dB    V 37.9166 dB] [ET  1281 ] [L0 8 0 ] [L1 16 8 ]
POC    10 TId: 4 (      STSA, B-SLICE, QP 40)            20576 bits [Y 32.2215 dB    U 36.7356 dB    V 37.7191 dB] [ET  1207 ] [L0 8 0 ] [L1 12 16 ]
POC     9 TId: 5 (      STSA, B-SLICE, QP 41)             9568 bits [Y 32.1719 dB    U 36.7845 dB    V 37.8912 dB] [ET   695 ] [L0 8 0 ] [L1 10 12 ]
POC    11 TId: 5 (      STSA, B-SLICE, QP 41)             9984 bits [Y 32.0214 dB    U 36.7823 dB    V 37.6508 dB] [ET   816 ] [L0 10 8 ] [L1 12 16 ]
POC    14 TId: 4 (      STSA, B-SLICE, QP 40)            18488 bits [Y 32.3640 dB    U 36.9927 dB    V 37.9057 dB] [ET   957 ] [L0 12 8 ] [L1 16 12 ]
POC    13 TId: 5 (      STSA, B-SLICE, QP 41)             8920 bits [Y 32.0995 dB    U 36.8496 dB    V 37.8095 dB] [ET   681 ] [L0 12 8 ] [L1 14 16 ]
POC    15 TId: 5 (      STSA, B-SLICE, QP 41)             8624 bits [Y 32.4706 dB    U 37.0210 dB    V 38.1478 dB] [ET   557 ] [L0 14 12 ] [L1 16 14 ]

	Total Frames |   Bitrate     Y-PSNR    U-PSNR    V-PSNR    YUV-PSNR   
	       17    a    1184.4988   32.8604   37.1260   38.3622   33.8668

 finished @ Sat Apr 22 01:44:19 2023
 Total Time:    15113.162 sec. [user]    15117.411 sec. [elapsed]

Level: 0
Inject Calls: 17009173248
Errors injected by bit:
	Bit 0: 17122
	Bit 1: 16904
	Bit 2: 17029
	Bit 3: 16814
	Bit 4: 16934
	Bit 5: 17052
	Bit 6: 16959
	Bit 7: 16955

Total errors injected: 135769
