vvencFFapp: Fraunhofer VVC Encoder ver. 1.5.0 [Linux][GCC 11.3.0][64 bit][SIMD=AVX2]
 started @ Mon Apr 17 19:45:33 2023
CODING TOOL CFG: CTU128 QT44BTT21 IBD:1 SAO:1 ALF:1 (NonLinLuma:0 NonLinChr:0) CCALF:1 Tiles:1x1 Slices:1 WPP:0 WPP-Substreams:1 TMVP:1 DQ:1 SDH:0 CST:1 BDOF:1 DMVR:1 MTSImplicit:1 SBT:0 JCbCr:1 CabacInitPresent:1 AMVR:5 SMVD:3 LMCS:2 (Signal:SDR Opt:0) CIIP:0 MIP:1 AFFINE:2 (PROF:1, Type:1) MMVD:3 DisFracMMVD:1 SbTMVP:1 GPM:3 LFNST:1 MTS:0 ISP:3 TS:2 TSLog2MaxSize:4 useChromaTS:0 BDPCM:2 IBC:2 BCW:0 
ENC. ALG. CFG: QPA:0 HAD:1 RDQ:1 RDQTS:1 ASR:1 MinSearchWindow:96 RestrictMESampling:0 EDO:2 MCTF:2 
PRE-ANALYSIS CFG: STA:1 LeadFrames:0 TrailFrames:0 
FAST TOOL CFG: ECU:0 FEN:1 FDM:1 FastSearch:4 (SCC:2) LCTUFast:1 FastMrg:2 PBIntraFast:1 AMaxBT:1 FastQtBtEnc:1 ContentBasedFastQtbt:0 FastMIP:3 FastIntraTools:0 IntraEstDecBit:2 FastLocalDualTree:1 IntegerET:0 FastSubPel:1 QtbttExtraFast:3 FastTTSplit:0 IBCFastMethod:3 FIM:0 ALFSpeed:0 QuantThr: 4 
RATE CONTROL CFG: RateControl:0 LookAhead:0 
PARALLEL PROCESSING CFG: NumThreads:0 MaxParallelFrames:0 WppBitEqual:0 WF:0 

POC     0 TId: 0 (  IDR_N_LP, I-SLICE, QP 24, TF 3)     303696 bits [Y 41.6478 dB    U 43.8365 dB    V 45.0113 dB] [ET   399 ] [L0 ] [L1 ]
POC    16 TId: 1 (      STSA, B-SLICE, QP 28, TF 2)      65480 bits [Y 39.5686 dB    U 42.4475 dB    V 43.1942 dB] [ET   649 ] [L0 0 ] [L1 0 ]
POC     8 TId: 2 (      STSA, B-SLICE, QP 29, TF 1)      38968 bits [Y 39.4823 dB    U 42.5478 dB    V 43.5477 dB] [ET   872 ] [L0 0 16 ] [L1 16 0 ]
POC     4 TId: 3 (      STSA, B-SLICE, QP 32, TF 0)      22872 bits [Y 39.0825 dB    U 42.2027 dB    V 43.1194 dB] [ET   848 ] [L0 0 8 ] [L1 8 16 ]
POC     2 TId: 4 (      STSA, B-SLICE, QP 34)            10768 bits [Y 39.1672 dB    U 42.6946 dB    V 43.5038 dB] [ET   571 ] [L0 0 4 ] [L1 4 8 ]
POC     1 TId: 5 (      STSA, B-SLICE, QP 36)              240 bits [Y 41.6478 dB    U 43.8365 dB    V 45.0113 dB] [ET   182 ] [L0 0 2 ] [L1 2 4 ]
POC     3 TId: 5 (      STSA, B-SLICE, QP 36)             6728 bits [Y 38.4806 dB    U 42.1996 dB    V 42.8045 dB] [ET   495 ] [L0 2 0 ] [L1 4 8 ]
POC     6 TId: 4 (      STSA, B-SLICE, QP 34)            14672 bits [Y 38.7271 dB    U 42.1021 dB    V 42.8560 dB] [ET   796 ] [L0 4 0 ] [L1 8 16 ]
POC     5 TId: 5 (      STSA, B-SLICE, QP 36)             7128 bits [Y 38.1392 dB    U 41.9397 dB    V 42.7099 dB] [ET   498 ] [L0 4 0 ] [L1 6 8 ]
POC     7 TId: 5 (      STSA, B-SLICE, QP 36)             7304 bits [Y 38.0335 dB    U 42.0660 dB    V 42.8534 dB] [ET   552 ] [L0 6 4 ] [L1 8 16 ]
POC    12 TId: 3 (      STSA, B-SLICE, QP 32, TF 0)      25416 bits [Y 38.5016 dB    U 41.8166 dB    V 42.5175 dB] [ET   885 ] [L0 8 0 ] [L1 16 8 ]
POC    10 TId: 4 (      STSA, B-SLICE, QP 34)            16192 bits [Y 38.3404 dB    U 41.8603 dB    V 42.4517 dB] [ET   878 ] [L0 8 0 ] [L1 12 16 ]
POC     9 TId: 5 (      STSA, B-SLICE, QP 36)             6664 bits [Y 38.3542 dB    U 42.0639 dB    V 42.6909 dB] [ET   563 ] [L0 8 0 ] [L1 10 12 ]
POC    11 TId: 5 (      STSA, B-SLICE, QP 36)             8024 bits [Y 38.0111 dB    U 41.8031 dB    V 42.2105 dB] [ET   530 ] [L0 10 8 ] [L1 12 16 ]
POC    14 TId: 4 (      STSA, B-SLICE, QP 34)            16520 bits [Y 38.2439 dB    U 41.6098 dB    V 42.1160 dB] [ET   667 ] [L0 12 8 ] [L1 16 12 ]
POC    13 TId: 5 (      STSA, B-SLICE, QP 36)             7584 bits [Y 37.8505 dB    U 41.6847 dB    V 42.0760 dB] [ET   511 ] [L0 12 8 ] [L1 14 16 ]
POC    15 TId: 5 (      STSA, B-SLICE, QP 36)             6872 bits [Y 37.9646 dB    U 41.9283 dB    V 42.2079 dB] [ET   412 ] [L0 14 12 ] [L1 16 14 ]

	Total Frames |   Bitrate     Y-PSNR    U-PSNR    V-PSNR    YUV-PSNR   
	       17    a    1662.1412   38.8966   42.2729   42.9931   39.7063

 finished @ Mon Apr 17 22:37:36 2023
 Total Time:    10316.514 sec. [user]    10323.282 sec. [elapsed]

Level: 0
Inject Calls: 11297741888
Errors injected by bit:
	Bit 0: 1128953
	Bit 1: 1127940
	Bit 2: 1131477
	Bit 3: 1129232
	Bit 4: 1129901
	Bit 5: 1128869
	Bit 6: 1129070
	Bit 7: 1130716

Total errors injected: 9036158
