vvencFFapp: Fraunhofer VVC Encoder ver. 1.5.0 [Linux][GCC 11.3.0][64 bit][SIMD=AVX2]
 started @ Tue Apr 18 15:25:54 2023
CODING TOOL CFG: CTU128 QT44BTT21 IBD:1 SAO:1 ALF:1 (NonLinLuma:0 NonLinChr:0) CCALF:1 Tiles:1x1 Slices:1 WPP:0 WPP-Substreams:1 TMVP:1 DQ:1 SDH:0 CST:1 BDOF:1 DMVR:1 MTSImplicit:1 SBT:0 JCbCr:1 CabacInitPresent:1 AMVR:5 SMVD:3 LMCS:2 (Signal:SDR Opt:0) CIIP:0 MIP:1 AFFINE:2 (PROF:1, Type:1) MMVD:3 DisFracMMVD:1 SbTMVP:1 GPM:3 LFNST:1 MTS:0 ISP:3 TS:2 TSLog2MaxSize:4 useChromaTS:0 BDPCM:2 IBC:2 BCW:0 
ENC. ALG. CFG: QPA:0 HAD:1 RDQ:1 RDQTS:1 ASR:1 MinSearchWindow:96 RestrictMESampling:0 EDO:2 MCTF:2 
PRE-ANALYSIS CFG: STA:1 LeadFrames:0 TrailFrames:0 
FAST TOOL CFG: ECU:0 FEN:1 FDM:1 FastSearch:4 (SCC:2) LCTUFast:1 FastMrg:2 PBIntraFast:1 AMaxBT:1 FastQtBtEnc:1 ContentBasedFastQtbt:0 FastMIP:3 FastIntraTools:0 IntraEstDecBit:2 FastLocalDualTree:1 IntegerET:0 FastSubPel:1 QtbttExtraFast:3 FastTTSplit:0 IBCFastMethod:3 FIM:0 ALFSpeed:0 QuantThr: 4 
RATE CONTROL CFG: RateControl:0 LookAhead:0 
PARALLEL PROCESSING CFG: NumThreads:0 MaxParallelFrames:0 WppBitEqual:0 WF:0 

POC     0 TId: 0 (  IDR_N_LP, I-SLICE, QP 19, TF 3)     581848 bits [Y 42.2672 dB    U 45.0524 dB    V 46.9660 dB] [ET   488 ] [L0 ] [L1 ]
POC    16 TId: 1 (      STSA, B-SLICE, QP 22, TF 2)     217128 bits [Y 41.6160 dB    U 44.2060 dB    V 45.8740 dB] [ET   772 ] [L0 0 ] [L1 0 ]
POC     8 TId: 2 (      STSA, B-SLICE, QP 23, TF 1)      98280 bits [Y 40.9403 dB    U 44.1602 dB    V 46.0179 dB] [ET   733 ] [L0 0 16 ] [L1 16 0 ]
POC     4 TId: 3 (      STSA, B-SLICE, QP 26, TF 0)      43912 bits [Y 40.5620 dB    U 44.3159 dB    V 46.1241 dB] [ET   631 ] [L0 0 8 ] [L1 8 16 ]
POC     2 TId: 4 (      STSA, B-SLICE, QP 28)            20536 bits [Y 40.5416 dB    U 44.6667 dB    V 46.4759 dB] [ET   459 ] [L0 0 4 ] [L1 4 8 ]
POC     1 TId: 5 (      STSA, B-SLICE, QP 29)             9008 bits [Y 40.8424 dB    U 44.8186 dB    V 46.7128 dB] [ET   333 ] [L0 0 2 ] [L1 2 4 ]
POC     3 TId: 5 (      STSA, B-SLICE, QP 29)            10464 bits [Y 40.2538 dB    U 44.4939 dB    V 46.2581 dB] [ET   425 ] [L0 2 0 ] [L1 4 8 ]
POC     6 TId: 4 (      STSA, B-SLICE, QP 28)            21896 bits [Y 40.1593 dB    U 44.1148 dB    V 45.8577 dB] [ET   573 ] [L0 4 0 ] [L1 8 16 ]
POC     5 TId: 5 (      STSA, B-SLICE, QP 29)            10544 bits [Y 40.0249 dB    U 44.0950 dB    V 45.9444 dB] [ET   440 ] [L0 4 0 ] [L1 6 8 ]
POC     7 TId: 5 (      STSA, B-SLICE, QP 29)             9888 bits [Y 40.1145 dB    U 44.1532 dB    V 45.8037 dB] [ET   406 ] [L0 6 4 ] [L1 8 16 ]
POC    12 TId: 3 (      STSA, B-SLICE, QP 26, TF 0)      49272 bits [Y 40.2613 dB    U 43.9789 dB    V 45.5963 dB] [ET   631 ] [L0 8 0 ] [L1 16 8 ]
POC    10 TId: 4 (      STSA, B-SLICE, QP 28)            23344 bits [Y 40.0634 dB    U 43.9942 dB    V 45.6285 dB] [ET   647 ] [L0 8 0 ] [L1 12 16 ]
POC     9 TId: 5 (      STSA, B-SLICE, QP 29)            10944 bits [Y 40.0320 dB    U 44.0757 dB    V 45.8427 dB] [ET   382 ] [L0 8 0 ] [L1 10 12 ]
POC    11 TId: 5 (      STSA, B-SLICE, QP 29)            11152 bits [Y 39.8676 dB    U 43.9400 dB    V 45.6227 dB] [ET   469 ] [L0 10 8 ] [L1 12 16 ]
POC    14 TId: 4 (      STSA, B-SLICE, QP 28)            27416 bits [Y 39.9927 dB    U 43.8623 dB    V 45.4243 dB] [ET   541 ] [L0 12 8 ] [L1 16 12 ]
POC    13 TId: 5 (      STSA, B-SLICE, QP 29)            13104 bits [Y 39.7730 dB    U 43.8780 dB    V 45.5015 dB] [ET   447 ] [L0 12 8 ] [L1 14 16 ]
POC    15 TId: 5 (      STSA, B-SLICE, QP 29)            13896 bits [Y 39.9430 dB    U 43.9524 dB    V 45.5704 dB] [ET   347 ] [L0 14 12 ] [L1 16 14 ]

	Total Frames |   Bitrate     Y-PSNR    U-PSNR    V-PSNR    YUV-PSNR   
	       17    a    4138.7012   40.4268   44.2211   45.9542   41.4494

 finished @ Tue Apr 18 17:51:33 2023
 Total Time:     8735.114 sec. [user]     8739.121 sec. [elapsed]

Level: 0
Inject Calls: 8940790112
Errors injected by bit:
	Bit 0: 8933
	Bit 1: 8865
	Bit 2: 9044
	Bit 3: 9008
	Bit 4: 8907
	Bit 5: 8880
	Bit 6: 8965
	Bit 7: 8939

Total errors injected: 71541
