vvencFFapp: Fraunhofer VVC Encoder ver. 1.5.0 [Linux][GCC 11.3.0][64 bit][SIMD=AVX2]
 started @ Thu Apr 20 13:01:46 2023
CODING TOOL CFG: CTU128 QT44BTT21 IBD:1 SAO:1 ALF:1 (NonLinLuma:0 NonLinChr:0) CCALF:1 Tiles:1x1 Slices:1 WPP:0 WPP-Substreams:1 TMVP:1 DQ:1 SDH:0 CST:1 BDOF:1 DMVR:1 MTSImplicit:1 SBT:0 JCbCr:1 CabacInitPresent:1 AMVR:5 SMVD:3 LMCS:2 (Signal:SDR Opt:0) CIIP:0 MIP:1 AFFINE:2 (PROF:1, Type:1) MMVD:3 DisFracMMVD:1 SbTMVP:1 GPM:3 LFNST:1 MTS:0 ISP:3 TS:2 TSLog2MaxSize:4 useChromaTS:0 BDPCM:2 IBC:2 BCW:0 
ENC. ALG. CFG: QPA:0 HAD:1 RDQ:1 RDQTS:1 ASR:1 MinSearchWindow:96 RestrictMESampling:0 EDO:2 MCTF:2 
PRE-ANALYSIS CFG: STA:1 LeadFrames:0 TrailFrames:0 
FAST TOOL CFG: ECU:0 FEN:1 FDM:1 FastSearch:4 (SCC:2) LCTUFast:1 FastMrg:2 PBIntraFast:1 AMaxBT:1 FastQtBtEnc:1 ContentBasedFastQtbt:0 FastMIP:3 FastIntraTools:0 IntraEstDecBit:2 FastLocalDualTree:1 IntegerET:0 FastSubPel:1 QtbttExtraFast:3 FastTTSplit:0 IBCFastMethod:3 FIM:0 ALFSpeed:0 QuantThr: 4 
RATE CONTROL CFG: RateControl:0 LookAhead:0 
PARALLEL PROCESSING CFG: NumThreads:0 MaxParallelFrames:0 WppBitEqual:0 WF:0 

POC     0 TId: 0 (  IDR_N_LP, I-SLICE, QP 19, TF 3)     629392 bits [Y 41.1842 dB    U 43.2214 dB    V 44.1771 dB] [ET   439 ] [L0 ] [L1 ]
POC    16 TId: 1 (      STSA, B-SLICE, QP 22, TF 2)     440456 bits [Y 42.3053 dB    U 43.3944 dB    V 44.2156 dB] [ET  1178 ] [L0 0 ] [L1 0 ]
POC     8 TId: 2 (      STSA, B-SLICE, QP 23, TF 1)     349688 bits [Y 40.6457 dB    U 42.0474 dB    V 43.2348 dB] [ET  1679 ] [L0 0 16 ] [L1 16 0 ]
POC     4 TId: 3 (      STSA, B-SLICE, QP 26, TF 0)     176192 bits [Y 38.9238 dB    U 41.4275 dB    V 42.5313 dB] [ET  1621 ] [L0 0 8 ] [L1 8 16 ]
POC     2 TId: 4 (      STSA, B-SLICE, QP 28)           107792 bits [Y 38.3453 dB    U 41.4445 dB    V 42.6283 dB] [ET  1389 ] [L0 0 4 ] [L1 4 8 ]
POC     1 TId: 5 (      STSA, B-SLICE, QP 29)            67984 bits [Y 37.8992 dB    U 41.5286 dB    V 42.8315 dB] [ET   905 ] [L0 0 2 ] [L1 2 4 ]
POC     3 TId: 5 (      STSA, B-SLICE, QP 29)            64944 bits [Y 37.7160 dB    U 41.0262 dB    V 42.2436 dB] [ET  1079 ] [L0 2 0 ] [L1 4 8 ]
POC     6 TId: 4 (      STSA, B-SLICE, QP 28)           102856 bits [Y 38.3276 dB    U 41.0870 dB    V 42.2854 dB] [ET  1515 ] [L0 4 0 ] [L1 8 16 ]
POC     5 TId: 5 (      STSA, B-SLICE, QP 29)            60688 bits [Y 37.7134 dB    U 40.8504 dB    V 42.1344 dB] [ET  1060 ] [L0 4 0 ] [L1 6 8 ]
POC     7 TId: 5 (      STSA, B-SLICE, QP 29)            62872 bits [Y 37.7941 dB    U 40.8804 dB    V 42.1007 dB] [ET  1139 ] [L0 6 4 ] [L1 8 16 ]
POC    12 TId: 3 (      STSA, B-SLICE, QP 26, TF 0)     182552 bits [Y 38.9257 dB    U 41.5415 dB    V 42.4070 dB] [ET  1707 ] [L0 8 0 ] [L1 16 8 ]
POC    10 TId: 4 (      STSA, B-SLICE, QP 28)           114576 bits [Y 38.3095 dB    U 41.1399 dB    V 42.0185 dB] [ET  1726 ] [L0 8 0 ] [L1 12 16 ]
POC     9 TId: 5 (      STSA, B-SLICE, QP 29)            64896 bits [Y 37.8406 dB    U 40.9479 dB    V 42.1221 dB] [ET  1113 ] [L0 8 0 ] [L1 10 12 ]
POC    11 TId: 5 (      STSA, B-SLICE, QP 29)            67488 bits [Y 37.7107 dB    U 40.9811 dB    V 41.8285 dB] [ET  1255 ] [L0 10 8 ] [L1 12 16 ]
POC    14 TId: 4 (      STSA, B-SLICE, QP 28)           115104 bits [Y 38.3693 dB    U 41.2385 dB    V 42.2175 dB] [ET  1299 ] [L0 12 8 ] [L1 16 12 ]
POC    13 TId: 5 (      STSA, B-SLICE, QP 29)            64984 bits [Y 37.7385 dB    U 40.9327 dB    V 41.9237 dB] [ET  1076 ] [L0 12 8 ] [L1 14 16 ]
POC    15 TId: 5 (      STSA, B-SLICE, QP 29)            68760 bits [Y 37.8656 dB    U 41.2188 dB    V 42.4341 dB] [ET   930 ] [L0 14 12 ] [L1 16 14 ]

	Total Frames |   Bitrate     Y-PSNR    U-PSNR    V-PSNR    YUV-PSNR   
	       17    a    4837.4541   38.6832   41.4652   42.5491   39.3780

 finished @ Thu Apr 20 18:53:52 2023
 Total Time:    21112.072 sec. [user]    21126.376 sec. [elapsed]

Level: 0
Inject Calls: 22828317600
Errors injected by bit:
	Bit 0: 22829563
	Bit 1: 22824577
	Bit 2: 22821679
	Bit 3: 22823601
	Bit 4: 22816561
	Bit 5: 22830819
	Bit 6: 22832339
	Bit 7: 22832143

Total errors injected: 182611282
