vvencFFapp: Fraunhofer VVC Encoder ver. 1.5.0 [Linux][GCC 11.3.0][64 bit][SIMD=AVX2]
 started @ Mon Apr 17 22:40:36 2023
CODING TOOL CFG: CTU128 QT44BTT21 IBD:1 SAO:1 ALF:1 (NonLinLuma:0 NonLinChr:0) CCALF:1 Tiles:1x1 Slices:1 WPP:0 WPP-Substreams:1 TMVP:1 DQ:1 SDH:0 CST:1 BDOF:1 DMVR:1 MTSImplicit:1 SBT:0 JCbCr:1 CabacInitPresent:1 AMVR:5 SMVD:3 LMCS:2 (Signal:SDR Opt:0) CIIP:0 MIP:1 AFFINE:2 (PROF:1, Type:1) MMVD:3 DisFracMMVD:1 SbTMVP:1 GPM:3 LFNST:1 MTS:0 ISP:3 TS:2 TSLog2MaxSize:4 useChromaTS:0 BDPCM:2 IBC:2 BCW:0 
ENC. ALG. CFG: QPA:0 HAD:1 RDQ:1 RDQTS:1 ASR:1 MinSearchWindow:96 RestrictMESampling:0 EDO:2 MCTF:2 
PRE-ANALYSIS CFG: STA:1 LeadFrames:0 TrailFrames:0 
FAST TOOL CFG: ECU:0 FEN:1 FDM:1 FastSearch:4 (SCC:2) LCTUFast:1 FastMrg:2 PBIntraFast:1 AMaxBT:1 FastQtBtEnc:1 ContentBasedFastQtbt:0 FastMIP:3 FastIntraTools:0 IntraEstDecBit:2 FastLocalDualTree:1 IntegerET:0 FastSubPel:1 QtbttExtraFast:3 FastTTSplit:0 IBCFastMethod:3 FIM:0 ALFSpeed:0 QuantThr: 4 
RATE CONTROL CFG: RateControl:0 LookAhead:0 
PARALLEL PROCESSING CFG: NumThreads:0 MaxParallelFrames:0 WppBitEqual:0 WF:0 

POC     0 TId: 0 (  IDR_N_LP, I-SLICE, QP 24, TF 3)     303696 bits [Y 41.6478 dB    U 43.8365 dB    V 45.0113 dB] [ET   368 ] [L0 ] [L1 ]
POC    16 TId: 1 (      STSA, B-SLICE, QP 28, TF 2)      65040 bits [Y 39.5669 dB    U 42.3579 dB    V 43.1237 dB] [ET   634 ] [L0 0 ] [L1 0 ]
POC     8 TId: 2 (      STSA, B-SLICE, QP 29, TF 1)      38800 bits [Y 39.4670 dB    U 42.4797 dB    V 43.4395 dB] [ET   807 ] [L0 0 16 ] [L1 16 0 ]
POC     4 TId: 3 (      STSA, B-SLICE, QP 32, TF 0)      23000 bits [Y 39.0855 dB    U 42.2219 dB    V 43.1759 dB] [ET   991 ] [L0 0 8 ] [L1 8 16 ]
POC     2 TId: 4 (      STSA, B-SLICE, QP 34)            10784 bits [Y 39.1613 dB    U 42.6899 dB    V 43.4915 dB] [ET   582 ] [L0 0 4 ] [L1 4 8 ]
POC     1 TId: 5 (      STSA, B-SLICE, QP 36)              240 bits [Y 41.6478 dB    U 43.8365 dB    V 45.0113 dB] [ET   254 ] [L0 0 2 ] [L1 2 4 ]
POC     3 TId: 5 (      STSA, B-SLICE, QP 36)             6776 bits [Y 38.4579 dB    U 42.1439 dB    V 42.8965 dB] [ET   483 ] [L0 2 0 ] [L1 4 8 ]
POC     6 TId: 4 (      STSA, B-SLICE, QP 34)            14712 bits [Y 38.7185 dB    U 42.0966 dB    V 42.7317 dB] [ET   783 ] [L0 4 0 ] [L1 8 16 ]
POC     5 TId: 5 (      STSA, B-SLICE, QP 36)             6864 bits [Y 38.0550 dB    U 41.9253 dB    V 42.5839 dB] [ET   514 ] [L0 4 0 ] [L1 6 8 ]
POC     7 TId: 5 (      STSA, B-SLICE, QP 36)             7136 bits [Y 38.0037 dB    U 42.1016 dB    V 42.7412 dB] [ET   504 ] [L0 6 4 ] [L1 8 16 ]
POC    12 TId: 3 (      STSA, B-SLICE, QP 32, TF 0)      25936 bits [Y 38.5082 dB    U 41.8553 dB    V 42.5439 dB] [ET   805 ] [L0 8 0 ] [L1 16 8 ]
POC    10 TId: 4 (      STSA, B-SLICE, QP 34)            16120 bits [Y 38.3472 dB    U 41.7529 dB    V 42.2692 dB] [ET   937 ] [L0 8 0 ] [L1 12 16 ]
POC     9 TId: 5 (      STSA, B-SLICE, QP 36)             7096 bits [Y 38.3448 dB    U 42.0583 dB    V 42.6915 dB] [ET   538 ] [L0 8 0 ] [L1 10 12 ]
POC    11 TId: 5 (      STSA, B-SLICE, QP 36)             7728 bits [Y 38.0128 dB    U 41.7240 dB    V 42.0967 dB] [ET   535 ] [L0 10 8 ] [L1 12 16 ]
POC    14 TId: 4 (      STSA, B-SLICE, QP 34)            16616 bits [Y 38.2430 dB    U 41.5540 dB    V 41.9770 dB] [ET   668 ] [L0 12 8 ] [L1 16 12 ]
POC    13 TId: 5 (      STSA, B-SLICE, QP 36)             7776 bits [Y 37.7944 dB    U 41.6347 dB    V 42.0314 dB] [ET   528 ] [L0 12 8 ] [L1 14 16 ]
POC    15 TId: 5 (      STSA, B-SLICE, QP 36)             6944 bits [Y 37.9236 dB    U 41.7844 dB    V 42.1062 dB] [ET   390 ] [L0 14 12 ] [L1 16 14 ]

	Total Frames |   Bitrate     Y-PSNR    U-PSNR    V-PSNR    YUV-PSNR   
	       17    a    1662.5412   38.8815   42.2384   42.9366   39.6835

 finished @ Tue Apr 18 01:32:54 2023
 Total Time:    10335.046 sec. [user]    10337.829 sec. [elapsed]

Level: 0
Inject Calls: 11417384672
Errors injected by bit:
	Bit 0: 11389
	Bit 1: 11438
	Bit 2: 11409
	Bit 3: 11453
	Bit 4: 11283
	Bit 5: 11448
	Bit 6: 11295
	Bit 7: 11373

Total errors injected: 91088
