vvencFFapp: Fraunhofer VVC Encoder ver. 1.5.0 [Linux][GCC 11.3.0][64 bit][SIMD=AVX2]
 started @ Thu Apr 20 13:16:45 2023
CODING TOOL CFG: CTU128 QT44BTT21 IBD:1 SAO:1 ALF:1 (NonLinLuma:0 NonLinChr:0) CCALF:1 Tiles:1x1 Slices:1 WPP:0 WPP-Substreams:1 TMVP:1 DQ:1 SDH:0 CST:1 BDOF:1 DMVR:1 MTSImplicit:1 SBT:0 JCbCr:1 CabacInitPresent:1 AMVR:5 SMVD:3 LMCS:2 (Signal:SDR Opt:0) CIIP:0 MIP:1 AFFINE:2 (PROF:1, Type:1) MMVD:3 DisFracMMVD:1 SbTMVP:1 GPM:3 LFNST:1 MTS:0 ISP:3 TS:2 TSLog2MaxSize:4 useChromaTS:0 BDPCM:2 IBC:2 BCW:0 
ENC. ALG. CFG: QPA:0 HAD:1 RDQ:1 RDQTS:1 ASR:1 MinSearchWindow:96 RestrictMESampling:0 EDO:2 MCTF:2 
PRE-ANALYSIS CFG: STA:1 LeadFrames:0 TrailFrames:0 
FAST TOOL CFG: ECU:0 FEN:1 FDM:1 FastSearch:4 (SCC:2) LCTUFast:1 FastMrg:2 PBIntraFast:1 AMaxBT:1 FastQtBtEnc:1 ContentBasedFastQtbt:0 FastMIP:3 FastIntraTools:0 IntraEstDecBit:2 FastLocalDualTree:1 IntegerET:0 FastSubPel:1 QtbttExtraFast:3 FastTTSplit:0 IBCFastMethod:3 FIM:0 ALFSpeed:0 QuantThr: 4 
RATE CONTROL CFG: RateControl:0 LookAhead:0 
PARALLEL PROCESSING CFG: NumThreads:0 MaxParallelFrames:0 WppBitEqual:0 WF:0 

POC     0 TId: 0 (  IDR_N_LP, I-SLICE, QP 19, TF 3)     629392 bits [Y 41.1842 dB    U 43.2214 dB    V 44.1771 dB] [ET   409 ] [L0 ] [L1 ]
POC    16 TId: 1 (      STSA, B-SLICE, QP 22, TF 2)     443232 bits [Y 42.3167 dB    U 43.3615 dB    V 44.2648 dB] [ET  1212 ] [L0 0 ] [L1 0 ]
POC     8 TId: 2 (      STSA, B-SLICE, QP 23, TF 1)     350296 bits [Y 40.6660 dB    U 42.0807 dB    V 43.1870 dB] [ET  1594 ] [L0 0 16 ] [L1 16 0 ]
POC     4 TId: 3 (      STSA, B-SLICE, QP 26, TF 0)     178032 bits [Y 38.9506 dB    U 41.4060 dB    V 42.5437 dB] [ET  1611 ] [L0 0 8 ] [L1 8 16 ]
POC     2 TId: 4 (      STSA, B-SLICE, QP 28)           106704 bits [Y 38.3347 dB    U 41.4338 dB    V 42.5475 dB] [ET  1328 ] [L0 0 4 ] [L1 4 8 ]
POC     1 TId: 5 (      STSA, B-SLICE, QP 29)            67640 bits [Y 37.8984 dB    U 41.4576 dB    V 42.7101 dB] [ET   910 ] [L0 0 2 ] [L1 2 4 ]
POC     3 TId: 5 (      STSA, B-SLICE, QP 29)            65472 bits [Y 37.7403 dB    U 41.0098 dB    V 42.2044 dB] [ET  1127 ] [L0 2 0 ] [L1 4 8 ]
POC     6 TId: 4 (      STSA, B-SLICE, QP 28)           101520 bits [Y 38.3122 dB    U 41.1731 dB    V 42.3635 dB] [ET  1565 ] [L0 4 0 ] [L1 8 16 ]
POC     5 TId: 5 (      STSA, B-SLICE, QP 29)            61040 bits [Y 37.7213 dB    U 40.9435 dB    V 42.1051 dB] [ET  1131 ] [L0 4 0 ] [L1 6 8 ]
POC     7 TId: 5 (      STSA, B-SLICE, QP 29)            62712 bits [Y 37.8342 dB    U 40.9767 dB    V 42.0853 dB] [ET  1125 ] [L0 6 4 ] [L1 8 16 ]
POC    12 TId: 3 (      STSA, B-SLICE, QP 26, TF 0)     185016 bits [Y 38.9668 dB    U 41.5479 dB    V 42.4001 dB] [ET  1747 ] [L0 8 0 ] [L1 16 8 ]
POC    10 TId: 4 (      STSA, B-SLICE, QP 28)           114200 bits [Y 38.2963 dB    U 41.1810 dB    V 42.0728 dB] [ET  1685 ] [L0 8 0 ] [L1 12 16 ]
POC     9 TId: 5 (      STSA, B-SLICE, QP 29)            64344 bits [Y 37.8152 dB    U 40.9830 dB    V 42.2194 dB] [ET  1150 ] [L0 8 0 ] [L1 10 12 ]
POC    11 TId: 5 (      STSA, B-SLICE, QP 29)            68544 bits [Y 37.7261 dB    U 41.0359 dB    V 41.9122 dB] [ET  1165 ] [L0 10 8 ] [L1 12 16 ]
POC    14 TId: 4 (      STSA, B-SLICE, QP 28)           115184 bits [Y 38.3810 dB    U 41.2124 dB    V 42.2653 dB] [ET  1290 ] [L0 12 8 ] [L1 16 12 ]
POC    13 TId: 5 (      STSA, B-SLICE, QP 29)            65480 bits [Y 37.7526 dB    U 40.9949 dB    V 41.9673 dB] [ET  1118 ] [L0 12 8 ] [L1 14 16 ]
POC    15 TId: 5 (      STSA, B-SLICE, QP 29)            68040 bits [Y 37.8836 dB    U 41.2050 dB    V 42.4392 dB] [ET   993 ] [L0 14 12 ] [L1 16 14 ]

	Total Frames |   Bitrate     Y-PSNR    U-PSNR    V-PSNR    YUV-PSNR   
	       17    a    4847.3788   38.6930   41.4838   42.5568   39.3887

 finished @ Thu Apr 20 19:09:41 2023
 Total Time:    21162.795 sec. [user]    21176.026 sec. [elapsed]

Level: 0
Inject Calls: 23141467712
Errors injected by bit:
	Bit 0: 2313999
	Bit 1: 2315380
	Bit 2: 2317113
	Bit 3: 2313555
	Bit 4: 2314403
	Bit 5: 2315900
	Bit 6: 2311931
	Bit 7: 2312657

Total errors injected: 18514938
