vvencFFapp: Fraunhofer VVC Encoder ver. 1.5.0 [Linux][GCC 11.3.0][64 bit][SIMD=AVX2]
 started @ Thu Apr 20 18:51:52 2023
CODING TOOL CFG: CTU128 QT44BTT21 IBD:1 SAO:1 ALF:1 (NonLinLuma:0 NonLinChr:0) CCALF:1 Tiles:1x1 Slices:1 WPP:0 WPP-Substreams:1 TMVP:1 DQ:1 SDH:0 CST:1 BDOF:1 DMVR:1 MTSImplicit:1 SBT:0 JCbCr:1 CabacInitPresent:1 AMVR:5 SMVD:3 LMCS:2 (Signal:SDR Opt:0) CIIP:0 MIP:1 AFFINE:2 (PROF:1, Type:1) MMVD:3 DisFracMMVD:1 SbTMVP:1 GPM:3 LFNST:1 MTS:0 ISP:3 TS:2 TSLog2MaxSize:4 useChromaTS:0 BDPCM:2 IBC:2 BCW:0 
ENC. ALG. CFG: QPA:0 HAD:1 RDQ:1 RDQTS:1 ASR:1 MinSearchWindow:96 RestrictMESampling:0 EDO:2 MCTF:2 
PRE-ANALYSIS CFG: STA:1 LeadFrames:0 TrailFrames:0 
FAST TOOL CFG: ECU:0 FEN:1 FDM:1 FastSearch:4 (SCC:2) LCTUFast:1 FastMrg:2 PBIntraFast:1 AMaxBT:1 FastQtBtEnc:1 ContentBasedFastQtbt:0 FastMIP:3 FastIntraTools:0 IntraEstDecBit:2 FastLocalDualTree:1 IntegerET:0 FastSubPel:1 QtbttExtraFast:3 FastTTSplit:0 IBCFastMethod:3 FIM:0 ALFSpeed:0 QuantThr: 4 
RATE CONTROL CFG: RateControl:0 LookAhead:0 
PARALLEL PROCESSING CFG: NumThreads:0 MaxParallelFrames:0 WppBitEqual:0 WF:0 

POC     0 TId: 0 (  IDR_N_LP, I-SLICE, QP 19, TF 3)     629392 bits [Y 41.1842 dB    U 43.2214 dB    V 44.1771 dB] [ET   484 ] [L0 ] [L1 ]
POC    16 TId: 1 (      STSA, B-SLICE, QP 22, TF 2)     442032 bits [Y 42.3047 dB    U 43.3549 dB    V 44.2625 dB] [ET  1184 ] [L0 0 ] [L1 0 ]
POC     8 TId: 2 (      STSA, B-SLICE, QP 23, TF 1)     351224 bits [Y 40.6619 dB    U 42.0620 dB    V 43.2132 dB] [ET  1601 ] [L0 0 16 ] [L1 16 0 ]
POC     4 TId: 3 (      STSA, B-SLICE, QP 26, TF 0)     176432 bits [Y 38.9397 dB    U 41.4568 dB    V 42.5088 dB] [ET  1641 ] [L0 0 8 ] [L1 8 16 ]
POC     2 TId: 4 (      STSA, B-SLICE, QP 28)           107408 bits [Y 38.3655 dB    U 41.4477 dB    V 42.5999 dB] [ET  1275 ] [L0 0 4 ] [L1 4 8 ]
POC     1 TId: 5 (      STSA, B-SLICE, QP 29)            66448 bits [Y 37.8768 dB    U 41.5168 dB    V 42.7264 dB] [ET   952 ] [L0 0 2 ] [L1 2 4 ]
POC     3 TId: 5 (      STSA, B-SLICE, QP 29)            64520 bits [Y 37.7172 dB    U 41.0319 dB    V 42.1571 dB] [ET  1175 ] [L0 2 0 ] [L1 4 8 ]
POC     6 TId: 4 (      STSA, B-SLICE, QP 28)           101832 bits [Y 38.3348 dB    U 41.1015 dB    V 42.2864 dB] [ET  1511 ] [L0 4 0 ] [L1 8 16 ]
POC     5 TId: 5 (      STSA, B-SLICE, QP 29)            61312 bits [Y 37.7480 dB    U 40.9463 dB    V 42.2047 dB] [ET  1106 ] [L0 4 0 ] [L1 6 8 ]
POC     7 TId: 5 (      STSA, B-SLICE, QP 29)            63408 bits [Y 37.8361 dB    U 40.9349 dB    V 42.0843 dB] [ET  1100 ] [L0 6 4 ] [L1 8 16 ]
POC    12 TId: 3 (      STSA, B-SLICE, QP 26, TF 0)     189808 bits [Y 39.0075 dB    U 41.4918 dB    V 42.4172 dB] [ET  1683 ] [L0 8 0 ] [L1 16 8 ]
POC    10 TId: 4 (      STSA, B-SLICE, QP 28)           114728 bits [Y 38.3419 dB    U 41.0931 dB    V 41.9892 dB] [ET  1688 ] [L0 8 0 ] [L1 12 16 ]
POC     9 TId: 5 (      STSA, B-SLICE, QP 29)            65560 bits [Y 37.8659 dB    U 40.9595 dB    V 42.1829 dB] [ET  1168 ] [L0 8 0 ] [L1 10 12 ]
POC    11 TId: 5 (      STSA, B-SLICE, QP 29)            68072 bits [Y 37.7300 dB    U 40.9471 dB    V 41.8622 dB] [ET  1169 ] [L0 10 8 ] [L1 12 16 ]
POC    14 TId: 4 (      STSA, B-SLICE, QP 28)           114640 bits [Y 38.3710 dB    U 41.1245 dB    V 42.2624 dB] [ET  1327 ] [L0 12 8 ] [L1 16 12 ]
POC    13 TId: 5 (      STSA, B-SLICE, QP 29)            65096 bits [Y 37.7344 dB    U 40.9167 dB    V 41.9674 dB] [ET  1154 ] [L0 12 8 ] [L1 14 16 ]
POC    15 TId: 5 (      STSA, B-SLICE, QP 29)            69032 bits [Y 37.8911 dB    U 41.1740 dB    V 42.3870 dB] [ET   949 ] [L0 14 12 ] [L1 16 14 ]

	Total Frames |   Bitrate     Y-PSNR    U-PSNR    V-PSNR    YUV-PSNR   
	       17    a    4854.6071   38.7006   41.4577   42.5464   39.3918

 finished @ Fri Apr 21 00:44:58 2023
 Total Time:    21174.187 sec. [user]    21186.168 sec. [elapsed]

Level: 0
Inject Calls: 23004208000
Errors injected by bit:
	Bit 0: 229795
	Bit 1: 229751
	Bit 2: 230693
	Bit 3: 230476
	Bit 4: 229760
	Bit 5: 229882
	Bit 6: 229902
	Bit 7: 230426

Total errors injected: 1840685
