vvencFFapp: Fraunhofer VVC Encoder ver. 1.5.0 [Linux][GCC 11.3.0][64 bit][SIMD=AVX2]
 started @ Tue Apr 18 15:30:54 2023
CODING TOOL CFG: CTU128 QT44BTT21 IBD:1 SAO:1 ALF:1 (NonLinLuma:0 NonLinChr:0) CCALF:1 Tiles:1x1 Slices:1 WPP:0 WPP-Substreams:1 TMVP:1 DQ:1 SDH:0 CST:1 BDOF:1 DMVR:1 MTSImplicit:1 SBT:0 JCbCr:1 CabacInitPresent:1 AMVR:5 SMVD:3 LMCS:2 (Signal:SDR Opt:0) CIIP:0 MIP:1 AFFINE:2 (PROF:1, Type:1) MMVD:3 DisFracMMVD:1 SbTMVP:1 GPM:3 LFNST:1 MTS:0 ISP:3 TS:2 TSLog2MaxSize:4 useChromaTS:0 BDPCM:2 IBC:2 BCW:0 
ENC. ALG. CFG: QPA:0 HAD:1 RDQ:1 RDQTS:1 ASR:1 MinSearchWindow:96 RestrictMESampling:0 EDO:2 MCTF:2 
PRE-ANALYSIS CFG: STA:1 LeadFrames:0 TrailFrames:0 
FAST TOOL CFG: ECU:0 FEN:1 FDM:1 FastSearch:4 (SCC:2) LCTUFast:1 FastMrg:2 PBIntraFast:1 AMaxBT:1 FastQtBtEnc:1 ContentBasedFastQtbt:0 FastMIP:3 FastIntraTools:0 IntraEstDecBit:2 FastLocalDualTree:1 IntegerET:0 FastSubPel:1 QtbttExtraFast:3 FastTTSplit:0 IBCFastMethod:3 FIM:0 ALFSpeed:0 QuantThr: 4 
RATE CONTROL CFG: RateControl:0 LookAhead:0 
PARALLEL PROCESSING CFG: NumThreads:0 MaxParallelFrames:0 WppBitEqual:0 WF:0 

POC     0 TId: 0 (  IDR_N_LP, I-SLICE, QP 19, TF 3)     581848 bits [Y 42.2672 dB    U 45.0524 dB    V 46.9660 dB] [ET   471 ] [L0 ] [L1 ]
POC    16 TId: 1 (      STSA, B-SLICE, QP 22, TF 2)     217128 bits [Y 41.6160 dB    U 44.2060 dB    V 45.8740 dB] [ET   705 ] [L0 0 ] [L1 0 ]
POC     8 TId: 2 (      STSA, B-SLICE, QP 23, TF 1)      97456 bits [Y 40.9415 dB    U 44.1677 dB    V 45.9996 dB] [ET   722 ] [L0 0 16 ] [L1 16 0 ]
POC     4 TId: 3 (      STSA, B-SLICE, QP 26, TF 0)      43168 bits [Y 40.5361 dB    U 44.3130 dB    V 46.1335 dB] [ET   640 ] [L0 0 8 ] [L1 8 16 ]
POC     2 TId: 4 (      STSA, B-SLICE, QP 28)            20712 bits [Y 40.5694 dB    U 44.6377 dB    V 46.4366 dB] [ET   451 ] [L0 0 4 ] [L1 4 8 ]
POC     1 TId: 5 (      STSA, B-SLICE, QP 29)             9208 bits [Y 40.8713 dB    U 44.8174 dB    V 46.6750 dB] [ET   334 ] [L0 0 2 ] [L1 2 4 ]
POC     3 TId: 5 (      STSA, B-SLICE, QP 29)            10168 bits [Y 40.2508 dB    U 44.4956 dB    V 46.2504 dB] [ET   382 ] [L0 2 0 ] [L1 4 8 ]
POC     6 TId: 4 (      STSA, B-SLICE, QP 28)            22024 bits [Y 40.1315 dB    U 44.1304 dB    V 45.8712 dB] [ET   510 ] [L0 4 0 ] [L1 8 16 ]
POC     5 TId: 5 (      STSA, B-SLICE, QP 29)            10176 bits [Y 39.9944 dB    U 44.0805 dB    V 45.9090 dB] [ET   376 ] [L0 4 0 ] [L1 6 8 ]
POC     7 TId: 5 (      STSA, B-SLICE, QP 29)             9832 bits [Y 40.1248 dB    U 44.1565 dB    V 45.8228 dB] [ET   418 ] [L0 6 4 ] [L1 8 16 ]
POC    12 TId: 3 (      STSA, B-SLICE, QP 26, TF 0)      49352 bits [Y 40.2591 dB    U 44.0000 dB    V 45.5847 dB] [ET   676 ] [L0 8 0 ] [L1 16 8 ]
POC    10 TId: 4 (      STSA, B-SLICE, QP 28)            23760 bits [Y 40.0593 dB    U 44.0008 dB    V 45.6466 dB] [ET   670 ] [L0 8 0 ] [L1 12 16 ]
POC     9 TId: 5 (      STSA, B-SLICE, QP 29)            10216 bits [Y 40.0205 dB    U 44.0799 dB    V 45.8428 dB] [ET   389 ] [L0 8 0 ] [L1 10 12 ]
POC    11 TId: 5 (      STSA, B-SLICE, QP 29)            11008 bits [Y 39.8412 dB    U 43.9445 dB    V 45.6074 dB] [ET   392 ] [L0 10 8 ] [L1 12 16 ]
POC    14 TId: 4 (      STSA, B-SLICE, QP 28)            27248 bits [Y 39.9888 dB    U 43.8762 dB    V 45.4358 dB] [ET   483 ] [L0 12 8 ] [L1 16 12 ]
POC    13 TId: 5 (      STSA, B-SLICE, QP 29)            12808 bits [Y 39.7422 dB    U 43.8346 dB    V 45.4482 dB] [ET   434 ] [L0 12 8 ] [L1 14 16 ]
POC    15 TId: 5 (      STSA, B-SLICE, QP 29)            13848 bits [Y 39.9552 dB    U 43.9469 dB    V 45.5015 dB] [ET   335 ] [L0 14 12 ] [L1 16 14 ]

	Total Frames |   Bitrate     Y-PSNR    U-PSNR    V-PSNR    YUV-PSNR   
	       17    a    4129.2706   40.4217   44.2200   45.9415   41.4435

 finished @ Tue Apr 18 17:50:58 2023
 Total Time:     8399.917 sec. [user]     8403.910 sec. [elapsed]

Level: 0
Inject Calls: 8968358368
Errors injected by bit:
	Bit 0: 8982
	Bit 1: 9082
	Bit 2: 9131
	Bit 3: 8959
	Bit 4: 9023
	Bit 5: 8911
	Bit 6: 8903
	Bit 7: 9076

Total errors injected: 72067
