vvencFFapp: Fraunhofer VVC Encoder ver. 1.5.0 [Linux][GCC 11.3.0][64 bit][SIMD=AVX2]
 started @ Tue Apr 18 15:25:55 2023
CODING TOOL CFG: CTU128 QT44BTT21 IBD:1 SAO:1 ALF:1 (NonLinLuma:0 NonLinChr:0) CCALF:1 Tiles:1x1 Slices:1 WPP:0 WPP-Substreams:1 TMVP:1 DQ:1 SDH:0 CST:1 BDOF:1 DMVR:1 MTSImplicit:1 SBT:0 JCbCr:1 CabacInitPresent:1 AMVR:5 SMVD:3 LMCS:2 (Signal:SDR Opt:0) CIIP:0 MIP:1 AFFINE:2 (PROF:1, Type:1) MMVD:3 DisFracMMVD:1 SbTMVP:1 GPM:3 LFNST:1 MTS:0 ISP:3 TS:2 TSLog2MaxSize:4 useChromaTS:0 BDPCM:2 IBC:2 BCW:0 
ENC. ALG. CFG: QPA:0 HAD:1 RDQ:1 RDQTS:1 ASR:1 MinSearchWindow:96 RestrictMESampling:0 EDO:2 MCTF:2 
PRE-ANALYSIS CFG: STA:1 LeadFrames:0 TrailFrames:0 
FAST TOOL CFG: ECU:0 FEN:1 FDM:1 FastSearch:4 (SCC:2) LCTUFast:1 FastMrg:2 PBIntraFast:1 AMaxBT:1 FastQtBtEnc:1 ContentBasedFastQtbt:0 FastMIP:3 FastIntraTools:0 IntraEstDecBit:2 FastLocalDualTree:1 IntegerET:0 FastSubPel:1 QtbttExtraFast:3 FastTTSplit:0 IBCFastMethod:3 FIM:0 ALFSpeed:0 QuantThr: 4 
RATE CONTROL CFG: RateControl:0 LookAhead:0 
PARALLEL PROCESSING CFG: NumThreads:0 MaxParallelFrames:0 WppBitEqual:0 WF:0 

POC     0 TId: 0 (  IDR_N_LP, I-SLICE, QP 19, TF 3)     581848 bits [Y 42.2672 dB    U 45.0524 dB    V 46.9660 dB] [ET   490 ] [L0 ] [L1 ]
POC    16 TId: 1 (      STSA, B-SLICE, QP 22, TF 2)     216680 bits [Y 41.6159 dB    U 44.2033 dB    V 45.8335 dB] [ET   747 ] [L0 0 ] [L1 0 ]
POC     8 TId: 2 (      STSA, B-SLICE, QP 23, TF 1)      98248 bits [Y 40.9428 dB    U 44.1779 dB    V 45.9896 dB] [ET   744 ] [L0 0 16 ] [L1 16 0 ]
POC     4 TId: 3 (      STSA, B-SLICE, QP 26, TF 0)      44008 bits [Y 40.5569 dB    U 44.2845 dB    V 46.1099 dB] [ET   634 ] [L0 0 8 ] [L1 8 16 ]
POC     2 TId: 4 (      STSA, B-SLICE, QP 28)            20776 bits [Y 40.5674 dB    U 44.6169 dB    V 46.4320 dB] [ET   498 ] [L0 0 4 ] [L1 4 8 ]
POC     1 TId: 5 (      STSA, B-SLICE, QP 29)             9232 bits [Y 40.8611 dB    U 44.7962 dB    V 46.6761 dB] [ET   375 ] [L0 0 2 ] [L1 2 4 ]
POC     3 TId: 5 (      STSA, B-SLICE, QP 29)            10128 bits [Y 40.2396 dB    U 44.4871 dB    V 46.2445 dB] [ET   441 ] [L0 2 0 ] [L1 4 8 ]
POC     6 TId: 4 (      STSA, B-SLICE, QP 28)            21944 bits [Y 40.1607 dB    U 44.1352 dB    V 45.9063 dB] [ET   520 ] [L0 4 0 ] [L1 8 16 ]
POC     5 TId: 5 (      STSA, B-SLICE, QP 29)            10704 bits [Y 40.0305 dB    U 44.1071 dB    V 45.9437 dB] [ET   398 ] [L0 4 0 ] [L1 6 8 ]
POC     7 TId: 5 (      STSA, B-SLICE, QP 29)             9984 bits [Y 40.1046 dB    U 44.1554 dB    V 45.7898 dB] [ET   446 ] [L0 6 4 ] [L1 8 16 ]
POC    12 TId: 3 (      STSA, B-SLICE, QP 26, TF 0)      48560 bits [Y 40.2505 dB    U 43.9711 dB    V 45.5686 dB] [ET   650 ] [L0 8 0 ] [L1 16 8 ]
POC    10 TId: 4 (      STSA, B-SLICE, QP 28)            23592 bits [Y 40.0491 dB    U 43.9606 dB    V 45.6122 dB] [ET   625 ] [L0 8 0 ] [L1 12 16 ]
POC     9 TId: 5 (      STSA, B-SLICE, QP 29)            10328 bits [Y 40.0156 dB    U 44.0736 dB    V 45.8117 dB] [ET   396 ] [L0 8 0 ] [L1 10 12 ]
POC    11 TId: 5 (      STSA, B-SLICE, QP 29)            11136 bits [Y 39.8359 dB    U 43.9419 dB    V 45.6008 dB] [ET   414 ] [L0 10 8 ] [L1 12 16 ]
POC    14 TId: 4 (      STSA, B-SLICE, QP 28)            26904 bits [Y 39.9855 dB    U 43.8836 dB    V 45.4550 dB] [ET   486 ] [L0 12 8 ] [L1 16 12 ]
POC    13 TId: 5 (      STSA, B-SLICE, QP 29)            12880 bits [Y 39.7400 dB    U 43.8417 dB    V 45.4093 dB] [ET   479 ] [L0 12 8 ] [L1 14 16 ]
POC    15 TId: 5 (      STSA, B-SLICE, QP 29)            14136 bits [Y 39.9607 dB    U 43.9518 dB    V 45.5036 dB] [ET   349 ] [L0 14 12 ] [L1 16 14 ]

	Total Frames |   Bitrate     Y-PSNR    U-PSNR    V-PSNR    YUV-PSNR   
	       17    a    4133.2518   40.4226   44.2141   45.9325   41.4432

 finished @ Tue Apr 18 17:51:03 2023
 Total Time:     8704.305 sec. [user]     8708.110 sec. [elapsed]

Level: 0
Inject Calls: 9059475392
Errors injected by bit:
	Bit 0: 90428
	Bit 1: 90671
	Bit 2: 90466
	Bit 3: 90832
	Bit 4: 90430
	Bit 5: 89984
	Bit 6: 90793
	Bit 7: 91194

Total errors injected: 724798
