vvencFFapp: Fraunhofer VVC Encoder ver. 1.5.0 [Linux][GCC 11.3.0][64 bit][SIMD=AVX2]
 started @ Sat Apr 22 05:27:30 2023
CODING TOOL CFG: CTU128 QT44BTT21 IBD:1 SAO:1 ALF:1 (NonLinLuma:0 NonLinChr:0) CCALF:1 Tiles:1x1 Slices:1 WPP:0 WPP-Substreams:1 TMVP:1 DQ:1 SDH:0 CST:1 BDOF:1 DMVR:1 MTSImplicit:1 SBT:0 JCbCr:1 CabacInitPresent:1 AMVR:5 SMVD:3 LMCS:2 (Signal:SDR Opt:0) CIIP:0 MIP:1 AFFINE:2 (PROF:1, Type:1) MMVD:3 DisFracMMVD:1 SbTMVP:1 GPM:3 LFNST:1 MTS:0 ISP:3 TS:2 TSLog2MaxSize:4 useChromaTS:0 BDPCM:2 IBC:2 BCW:0 
ENC. ALG. CFG: QPA:0 HAD:1 RDQ:1 RDQTS:1 ASR:1 MinSearchWindow:96 RestrictMESampling:0 EDO:2 MCTF:2 
PRE-ANALYSIS CFG: STA:1 LeadFrames:0 TrailFrames:0 
FAST TOOL CFG: ECU:0 FEN:1 FDM:1 FastSearch:4 (SCC:2) LCTUFast:1 FastMrg:2 PBIntraFast:1 AMaxBT:1 FastQtBtEnc:1 ContentBasedFastQtbt:0 FastMIP:3 FastIntraTools:0 IntraEstDecBit:2 FastLocalDualTree:1 IntegerET:0 FastSubPel:1 QtbttExtraFast:3 FastTTSplit:0 IBCFastMethod:3 FIM:0 ALFSpeed:0 QuantThr: 4 
RATE CONTROL CFG: RateControl:0 LookAhead:0 
PARALLEL PROCESSING CFG: NumThreads:0 MaxParallelFrames:0 WppBitEqual:0 WF:0 

POC     0 TId: 0 (  IDR_N_LP, I-SLICE, QP 34, TF 2)     137312 bits [Y 33.0393 dB    U 36.5932 dB    V 37.9362 dB] [ET   216 ] [L0 ] [L1 ]
POC    16 TId: 1 (      STSA, B-SLICE, QP 40, TF 1)      49568 bits [Y 30.8118 dB    U 36.0680 dB    V 36.8906 dB] [ET   885 ] [L0 0 ] [L1 0 ]
POC     8 TId: 2 (      STSA, B-SLICE, QP 40, TF 0)      40992 bits [Y 30.7595 dB    U 35.7992 dB    V 36.8579 dB] [ET  1127 ] [L0 0 16 ] [L1 16 0 ]
POC     4 TId: 3 (      STSA, B-SLICE, QP 43)            16872 bits [Y 30.1797 dB    U 35.6340 dB    V 36.8248 dB] [ET  1070 ] [L0 0 8 ] [L1 8 16 ]
POC     2 TId: 4 (      STSA, B-SLICE, QP 45)             9736 bits [Y 30.0999 dB    U 35.6942 dB    V 36.9815 dB] [ET   814 ] [L0 0 4 ] [L1 4 8 ]
POC     1 TId: 5 (      STSA, B-SLICE, QP 46)             4960 bits [Y 30.3688 dB    U 35.7858 dB    V 37.2770 dB] [ET   500 ] [L0 0 2 ] [L1 2 4 ]
POC     3 TId: 5 (      STSA, B-SLICE, QP 46)             4120 bits [Y 29.7106 dB    U 35.4658 dB    V 36.6040 dB] [ET   564 ] [L0 2 0 ] [L1 4 8 ]
POC     6 TId: 4 (      STSA, B-SLICE, QP 45)             8696 bits [Y 29.6769 dB    U 35.4396 dB    V 36.4295 dB] [ET  1122 ] [L0 4 0 ] [L1 8 16 ]
POC     5 TId: 5 (      STSA, B-SLICE, QP 46)             4008 bits [Y 29.5931 dB    U 35.4484 dB    V 36.6278 dB] [ET   650 ] [L0 4 0 ] [L1 6 8 ]
POC     7 TId: 5 (      STSA, B-SLICE, QP 46)             3880 bits [Y 29.6470 dB    U 35.4008 dB    V 36.4862 dB] [ET   623 ] [L0 6 4 ] [L1 8 16 ]
POC    12 TId: 3 (      STSA, B-SLICE, QP 43)            18488 bits [Y 29.8455 dB    U 35.7269 dB    V 36.3596 dB] [ET  1195 ] [L0 8 0 ] [L1 16 8 ]
POC    10 TId: 4 (      STSA, B-SLICE, QP 45)             9264 bits [Y 29.3955 dB    U 35.5338 dB    V 36.2208 dB] [ET  1035 ] [L0 8 0 ] [L1 12 16 ]
POC     9 TId: 5 (      STSA, B-SLICE, QP 46)             3888 bits [Y 29.4429 dB    U 35.4889 dB    V 36.4203 dB] [ET   599 ] [L0 8 0 ] [L1 10 12 ]
POC    11 TId: 5 (      STSA, B-SLICE, QP 46)             4016 bits [Y 29.2458 dB    U 35.4020 dB    V 36.1729 dB] [ET   663 ] [L0 10 8 ] [L1 12 16 ]
POC    14 TId: 4 (      STSA, B-SLICE, QP 45)             8488 bits [Y 29.4312 dB    U 35.5537 dB    V 36.1793 dB] [ET   776 ] [L0 12 8 ] [L1 16 12 ]
POC    13 TId: 5 (      STSA, B-SLICE, QP 46)             4032 bits [Y 29.3678 dB    U 35.5708 dB    V 36.1163 dB] [ET   527 ] [L0 12 8 ] [L1 14 16 ]
POC    15 TId: 5 (      STSA, B-SLICE, QP 46)             3656 bits [Y 29.7084 dB    U 35.7283 dB    V 36.4401 dB] [ET   514 ] [L0 14 12 ] [L1 16 14 ]

	Total Frames |   Bitrate     Y-PSNR    U-PSNR    V-PSNR    YUV-PSNR   
	       17    a     585.8400   30.0190   35.6667   36.6368   31.2076

 finished @ Sat Apr 22 09:02:23 2023
 Total Time:    12890.202 sec. [user]    12892.737 sec. [elapsed]

Level: 0
Inject Calls: 14622219840
Errors injected by bit:
	Bit 0: 146768
	Bit 1: 146465
	Bit 2: 146246
	Bit 3: 145996
	Bit 4: 145821
	Bit 5: 146284
	Bit 6: 146266
	Bit 7: 145507

Total errors injected: 1169353
