vvencFFapp: Fraunhofer VVC Encoder ver. 1.5.0 [Linux][GCC 11.3.0][64 bit][SIMD=AVX2]
 started @ Tue Apr 18 04:10:42 2023
CODING TOOL CFG: CTU128 QT44BTT21 IBD:1 SAO:1 ALF:1 (NonLinLuma:0 NonLinChr:0) CCALF:1 Tiles:1x1 Slices:1 WPP:0 WPP-Substreams:1 TMVP:1 DQ:1 SDH:0 CST:1 BDOF:1 DMVR:1 MTSImplicit:1 SBT:0 JCbCr:1 CabacInitPresent:1 AMVR:5 SMVD:3 LMCS:2 (Signal:SDR Opt:0) CIIP:0 MIP:1 AFFINE:2 (PROF:1, Type:1) MMVD:3 DisFracMMVD:1 SbTMVP:1 GPM:3 LFNST:1 MTS:0 ISP:3 TS:2 TSLog2MaxSize:4 useChromaTS:0 BDPCM:2 IBC:2 BCW:0 
ENC. ALG. CFG: QPA:0 HAD:1 RDQ:1 RDQTS:1 ASR:1 MinSearchWindow:96 RestrictMESampling:0 EDO:2 MCTF:2 
PRE-ANALYSIS CFG: STA:1 LeadFrames:0 TrailFrames:0 
FAST TOOL CFG: ECU:0 FEN:1 FDM:1 FastSearch:4 (SCC:2) LCTUFast:1 FastMrg:2 PBIntraFast:1 AMaxBT:1 FastQtBtEnc:1 ContentBasedFastQtbt:0 FastMIP:3 FastIntraTools:0 IntraEstDecBit:2 FastLocalDualTree:1 IntegerET:0 FastSubPel:1 QtbttExtraFast:3 FastTTSplit:0 IBCFastMethod:3 FIM:0 ALFSpeed:0 QuantThr: 4 
RATE CONTROL CFG: RateControl:0 LookAhead:0 
PARALLEL PROCESSING CFG: NumThreads:0 MaxParallelFrames:0 WppBitEqual:0 WF:0 

POC     0 TId: 0 (  IDR_N_LP, I-SLICE, QP 29, TF 2)     160808 bits [Y 38.4367 dB    U 41.6230 dB    V 42.6136 dB] [ET   266 ] [L0 ] [L1 ]
POC    16 TId: 1 (      STSA, B-SLICE, QP 34, TF 1)      30840 bits [Y 36.4911 dB    U 39.9044 dB    V 40.0872 dB] [ET   578 ] [L0 0 ] [L1 0 ]
POC     8 TId: 2 (      STSA, B-SLICE, QP 35, TF 0)      19080 bits [Y 36.5225 dB    U 39.9866 dB    V 40.8445 dB] [ET   802 ] [L0 0 16 ] [L1 16 0 ]
POC     4 TId: 3 (      STSA, B-SLICE, QP 38)            11952 bits [Y 36.1838 dB    U 40.2185 dB    V 40.8473 dB] [ET   673 ] [L0 0 8 ] [L1 8 16 ]
POC     2 TId: 4 (      STSA, B-SLICE, QP 40)             4928 bits [Y 36.2595 dB    U 40.8126 dB    V 41.2754 dB] [ET   496 ] [L0 0 4 ] [L1 4 8 ]
POC     1 TId: 5 (      STSA, B-SLICE, QP 41)              232 bits [Y 38.4367 dB    U 41.6230 dB    V 42.6136 dB] [ET   181 ] [L0 0 2 ] [L1 2 4 ]
POC     3 TId: 5 (      STSA, B-SLICE, QP 41)             3120 bits [Y 35.7196 dB    U 40.4412 dB    V 40.6469 dB] [ET   400 ] [L0 2 0 ] [L1 4 8 ]
POC     6 TId: 4 (      STSA, B-SLICE, QP 40)             6528 bits [Y 35.5904 dB    U 39.9832 dB    V 40.5774 dB] [ET   647 ] [L0 4 0 ] [L1 8 16 ]
POC     5 TId: 5 (      STSA, B-SLICE, QP 41)             3488 bits [Y 35.3061 dB    U 39.8989 dB    V 40.5403 dB] [ET   456 ] [L0 4 0 ] [L1 6 8 ]
POC     7 TId: 5 (      STSA, B-SLICE, QP 41)             3248 bits [Y 35.2039 dB    U 39.8672 dB    V 40.4277 dB] [ET   497 ] [L0 6 4 ] [L1 8 16 ]
POC    12 TId: 3 (      STSA, B-SLICE, QP 38)            13416 bits [Y 35.5920 dB    U 39.8568 dB    V 40.2550 dB] [ET   788 ] [L0 8 0 ] [L1 16 8 ]
POC    10 TId: 4 (      STSA, B-SLICE, QP 40)             7120 bits [Y 35.3075 dB    U 39.8178 dB    V 40.3045 dB] [ET   716 ] [L0 8 0 ] [L1 12 16 ]
POC     9 TId: 5 (      STSA, B-SLICE, QP 41)             3392 bits [Y 35.6749 dB    U 39.9160 dB    V 40.4296 dB] [ET   478 ] [L0 8 0 ] [L1 10 12 ]
POC    11 TId: 5 (      STSA, B-SLICE, QP 41)             3952 bits [Y 35.2430 dB    U 39.8354 dB    V 40.0065 dB] [ET   490 ] [L0 10 8 ] [L1 12 16 ]
POC    14 TId: 4 (      STSA, B-SLICE, QP 40)             7368 bits [Y 35.1948 dB    U 39.6333 dB    V 39.8695 dB] [ET   527 ] [L0 12 8 ] [L1 16 12 ]
POC    13 TId: 5 (      STSA, B-SLICE, QP 41)             3608 bits [Y 35.0377 dB    U 39.7672 dB    V 39.9340 dB] [ET   457 ] [L0 12 8 ] [L1 14 16 ]
POC    15 TId: 5 (      STSA, B-SLICE, QP 41)             3096 bits [Y 35.2362 dB    U 39.7414 dB    V 39.7000 dB] [ET   366 ] [L0 14 12 ] [L1 16 14 ]

	Total Frames |   Bitrate     Y-PSNR    U-PSNR    V-PSNR    YUV-PSNR   
	       17    a     841.6941   35.9669   40.1721   40.6455   36.9125

 finished @ Tue Apr 18 06:37:54 2023
 Total Time:     8822.951 sec. [user]     8831.867 sec. [elapsed]

Level: 0
Inject Calls: 9710787040
Errors injected by bit:
	Bit 0: 9548
	Bit 1: 9619
	Bit 2: 9699
	Bit 3: 9858
	Bit 4: 9708
	Bit 5: 9816
	Bit 6: 9758
	Bit 7: 9619

Total errors injected: 77625
