vvencFFapp: Fraunhofer VVC Encoder ver. 1.5.0 [Linux][GCC 11.3.0][64 bit][SIMD=AVX2]
 started @ Mon Apr 17 19:40:33 2023
CODING TOOL CFG: CTU128 QT44BTT21 IBD:1 SAO:1 ALF:1 (NonLinLuma:0 NonLinChr:0) CCALF:1 Tiles:1x1 Slices:1 WPP:0 WPP-Substreams:1 TMVP:1 DQ:1 SDH:0 CST:1 BDOF:1 DMVR:1 MTSImplicit:1 SBT:0 JCbCr:1 CabacInitPresent:1 AMVR:5 SMVD:3 LMCS:2 (Signal:SDR Opt:0) CIIP:0 MIP:1 AFFINE:2 (PROF:1, Type:1) MMVD:3 DisFracMMVD:1 SbTMVP:1 GPM:3 LFNST:1 MTS:0 ISP:3 TS:2 TSLog2MaxSize:4 useChromaTS:0 BDPCM:2 IBC:2 BCW:0 
ENC. ALG. CFG: QPA:0 HAD:1 RDQ:1 RDQTS:1 ASR:1 MinSearchWindow:96 RestrictMESampling:0 EDO:2 MCTF:2 
PRE-ANALYSIS CFG: STA:1 LeadFrames:0 TrailFrames:0 
FAST TOOL CFG: ECU:0 FEN:1 FDM:1 FastSearch:4 (SCC:2) LCTUFast:1 FastMrg:2 PBIntraFast:1 AMaxBT:1 FastQtBtEnc:1 ContentBasedFastQtbt:0 FastMIP:3 FastIntraTools:0 IntraEstDecBit:2 FastLocalDualTree:1 IntegerET:0 FastSubPel:1 QtbttExtraFast:3 FastTTSplit:0 IBCFastMethod:3 FIM:0 ALFSpeed:0 QuantThr: 4 
RATE CONTROL CFG: RateControl:0 LookAhead:0 
PARALLEL PROCESSING CFG: NumThreads:0 MaxParallelFrames:0 WppBitEqual:0 WF:0 

POC     0 TId: 0 (  IDR_N_LP, I-SLICE, QP 24, TF 3)     303696 bits [Y 41.6478 dB    U 43.8365 dB    V 45.0113 dB] [ET   365 ] [L0 ] [L1 ]
POC    16 TId: 1 (      STSA, B-SLICE, QP 28, TF 2)      65720 bits [Y 39.5714 dB    U 42.4253 dB    V 43.2009 dB] [ET   593 ] [L0 0 ] [L1 0 ]
POC     8 TId: 2 (      STSA, B-SLICE, QP 29, TF 1)      38464 bits [Y 39.4577 dB    U 42.5519 dB    V 43.5152 dB] [ET   862 ] [L0 0 16 ] [L1 16 0 ]
POC     4 TId: 3 (      STSA, B-SLICE, QP 32, TF 0)      22904 bits [Y 39.0802 dB    U 42.1832 dB    V 43.0978 dB] [ET   931 ] [L0 0 8 ] [L1 8 16 ]
POC     2 TId: 4 (      STSA, B-SLICE, QP 34)            10584 bits [Y 39.1409 dB    U 42.6891 dB    V 43.5252 dB] [ET   637 ] [L0 0 4 ] [L1 4 8 ]
POC     1 TId: 5 (      STSA, B-SLICE, QP 36)              240 bits [Y 41.6478 dB    U 43.8365 dB    V 45.0113 dB] [ET   211 ] [L0 0 2 ] [L1 2 4 ]
POC     3 TId: 5 (      STSA, B-SLICE, QP 36)             6624 bits [Y 38.5003 dB    U 42.1451 dB    V 42.8623 dB] [ET   502 ] [L0 2 0 ] [L1 4 8 ]
POC     6 TId: 4 (      STSA, B-SLICE, QP 34)            14880 bits [Y 38.7427 dB    U 42.0306 dB    V 42.7326 dB] [ET   786 ] [L0 4 0 ] [L1 8 16 ]
POC     5 TId: 5 (      STSA, B-SLICE, QP 36)             6832 bits [Y 38.0809 dB    U 41.8848 dB    V 42.6770 dB] [ET   564 ] [L0 4 0 ] [L1 6 8 ]
POC     7 TId: 5 (      STSA, B-SLICE, QP 36)             7192 bits [Y 37.9952 dB    U 42.0654 dB    V 42.7489 dB] [ET   549 ] [L0 6 4 ] [L1 8 16 ]
POC    12 TId: 3 (      STSA, B-SLICE, QP 32, TF 0)      25768 bits [Y 38.5040 dB    U 41.8658 dB    V 42.5354 dB] [ET   905 ] [L0 8 0 ] [L1 16 8 ]
POC    10 TId: 4 (      STSA, B-SLICE, QP 34)            15832 bits [Y 38.3273 dB    U 41.8670 dB    V 42.3090 dB] [ET   901 ] [L0 8 0 ] [L1 12 16 ]
POC     9 TId: 5 (      STSA, B-SLICE, QP 36)             6856 bits [Y 38.3736 dB    U 42.1061 dB    V 42.7846 dB] [ET   486 ] [L0 8 0 ] [L1 10 12 ]
POC    11 TId: 5 (      STSA, B-SLICE, QP 36)             8248 bits [Y 38.0566 dB    U 41.8144 dB    V 42.1687 dB] [ET   605 ] [L0 10 8 ] [L1 12 16 ]
POC    14 TId: 4 (      STSA, B-SLICE, QP 34)            16752 bits [Y 38.2173 dB    U 41.6158 dB    V 42.1661 dB] [ET   706 ] [L0 12 8 ] [L1 16 12 ]
POC    13 TId: 5 (      STSA, B-SLICE, QP 36)             7984 bits [Y 37.8397 dB    U 41.6752 dB    V 42.1831 dB] [ET   506 ] [L0 12 8 ] [L1 14 16 ]
POC    15 TId: 5 (      STSA, B-SLICE, QP 36)             6904 bits [Y 37.9313 dB    U 41.8796 dB    V 42.2627 dB] [ET   437 ] [L0 14 12 ] [L1 16 14 ]

	Total Frames |   Bitrate     Y-PSNR    U-PSNR    V-PSNR    YUV-PSNR   
	       17    a    1663.1765   38.8891   42.2631   42.9878   39.6982

 finished @ Mon Apr 17 22:36:37 2023
 Total Time:    10557.752 sec. [user]    10563.815 sec. [elapsed]

Level: 0
Inject Calls: 11367503008
Errors injected by bit:
	Bit 0: 1135078
	Bit 1: 1137489
	Bit 2: 1135498
	Bit 3: 1136088
	Bit 4: 1136299
	Bit 5: 1138027
	Bit 6: 1135488
	Bit 7: 1138769

Total errors injected: 9092736
