vvencFFapp: Fraunhofer VVC Encoder ver. 1.5.0 [Linux][GCC 11.3.0][64 bit][SIMD=AVX2]
 started @ Mon Apr 17 08:55:21 2023
CODING TOOL CFG: CTU128 QT44BTT21 IBD:1 SAO:1 ALF:1 (NonLinLuma:0 NonLinChr:0) CCALF:1 Tiles:1x1 Slices:1 WPP:0 WPP-Substreams:1 TMVP:1 DQ:1 SDH:0 CST:1 BDOF:1 DMVR:1 MTSImplicit:1 SBT:0 JCbCr:1 CabacInitPresent:1 AMVR:5 SMVD:3 LMCS:2 (Signal:SDR Opt:0) CIIP:0 MIP:1 AFFINE:2 (PROF:1, Type:1) MMVD:3 DisFracMMVD:1 SbTMVP:1 GPM:3 LFNST:1 MTS:0 ISP:3 TS:2 TSLog2MaxSize:4 useChromaTS:0 BDPCM:2 IBC:2 BCW:0 
ENC. ALG. CFG: QPA:0 HAD:1 RDQ:1 RDQTS:1 ASR:1 MinSearchWindow:96 RestrictMESampling:0 EDO:2 MCTF:2 
PRE-ANALYSIS CFG: STA:1 LeadFrames:0 TrailFrames:0 
FAST TOOL CFG: ECU:0 FEN:1 FDM:1 FastSearch:4 (SCC:2) LCTUFast:1 FastMrg:2 PBIntraFast:1 AMaxBT:1 FastQtBtEnc:1 ContentBasedFastQtbt:0 FastMIP:3 FastIntraTools:0 IntraEstDecBit:2 FastLocalDualTree:1 IntegerET:0 FastSubPel:1 QtbttExtraFast:3 FastTTSplit:0 IBCFastMethod:3 FIM:0 ALFSpeed:0 QuantThr: 4 
RATE CONTROL CFG: RateControl:0 LookAhead:0 
PARALLEL PROCESSING CFG: NumThreads:0 MaxParallelFrames:0 WppBitEqual:0 WF:0 

POC     0 TId: 0 (  IDR_N_LP, I-SLICE, QP 19, TF 3)     564808 bits [Y 45.1467 dB    U 46.3576 dB    V 47.8581 dB] [ET   686 ] [L0 ] [L1 ]
POC    16 TId: 1 (      STSA, B-SLICE, QP 22, TF 2)     140320 bits [Y 42.6772 dB    U 44.8323 dB    V 45.9600 dB] [ET   778 ] [L0 0 ] [L1 0 ]
POC     8 TId: 2 (      STSA, B-SLICE, QP 23, TF 1)      79592 bits [Y 42.2936 dB    U 44.6614 dB    V 46.1646 dB] [ET   989 ] [L0 0 16 ] [L1 16 0 ]
POC     4 TId: 3 (      STSA, B-SLICE, QP 26, TF 0)      46856 bits [Y 41.8992 dB    U 44.4650 dB    V 45.7172 dB] [ET   934 ] [L0 0 8 ] [L1 8 16 ]
POC     2 TId: 4 (      STSA, B-SLICE, QP 28)            24992 bits [Y 41.9104 dB    U 44.8184 dB    V 46.0205 dB] [ET   693 ] [L0 0 4 ] [L1 4 8 ]
POC     1 TId: 5 (      STSA, B-SLICE, QP 29)              256 bits [Y 45.1467 dB    U 46.3576 dB    V 47.8581 dB] [ET   254 ] [L0 0 2 ] [L1 2 4 ]
POC     3 TId: 5 (      STSA, B-SLICE, QP 29)            19072 bits [Y 41.5443 dB    U 44.3632 dB    V 45.5772 dB] [ET   741 ] [L0 2 0 ] [L1 4 8 ]
POC     6 TId: 4 (      STSA, B-SLICE, QP 28)            31488 bits [Y 41.5618 dB    U 44.1812 dB    V 45.3876 dB] [ET   898 ] [L0 4 0 ] [L1 8 16 ]
POC     5 TId: 5 (      STSA, B-SLICE, QP 29)            21352 bits [Y 41.2421 dB    U 44.1180 dB    V 45.2308 dB] [ET   811 ] [L0 4 0 ] [L1 6 8 ]
POC     7 TId: 5 (      STSA, B-SLICE, QP 29)            22272 bits [Y 41.2093 dB    U 44.1877 dB    V 45.3996 dB] [ET   812 ] [L0 6 4 ] [L1 8 16 ]
POC    12 TId: 3 (      STSA, B-SLICE, QP 26, TF 0)      54280 bits [Y 41.4832 dB    U 44.1650 dB    V 45.2845 dB] [ET   959 ] [L0 8 0 ] [L1 16 8 ]
POC    10 TId: 4 (      STSA, B-SLICE, QP 28)            35520 bits [Y 41.2285 dB    U 44.0027 dB    V 44.9677 dB] [ET   989 ] [L0 8 0 ] [L1 12 16 ]
POC     9 TId: 5 (      STSA, B-SLICE, QP 29)            20008 bits [Y 41.4757 dB    U 44.2242 dB    V 45.2995 dB] [ET   733 ] [L0 8 0 ] [L1 10 12 ]
POC    11 TId: 5 (      STSA, B-SLICE, QP 29)            23288 bits [Y 41.2108 dB    U 44.0564 dB    V 44.8468 dB] [ET   781 ] [L0 10 8 ] [L1 12 16 ]
POC    14 TId: 4 (      STSA, B-SLICE, QP 28)            37384 bits [Y 41.2379 dB    U 43.9118 dB    V 44.7351 dB] [ET   804 ] [L0 12 8 ] [L1 16 12 ]
POC    13 TId: 5 (      STSA, B-SLICE, QP 29)            22496 bits [Y 41.0781 dB    U 43.9374 dB    V 44.7940 dB] [ET   659 ] [L0 12 8 ] [L1 14 16 ]
POC    15 TId: 5 (      STSA, B-SLICE, QP 29)            21408 bits [Y 41.0650 dB    U 44.1327 dB    V 44.8373 dB] [ET   477 ] [L0 14 12 ] [L1 16 14 ]

	Total Frames |   Bitrate     Y-PSNR    U-PSNR    V-PSNR    YUV-PSNR   
	       17    a    3427.6235   41.9653   44.5160   45.6434   42.6387

 finished @ Mon Apr 17 12:32:17 2023
 Total Time:    13014.716 sec. [user]    13015.698 sec. [elapsed]

Level: 0
Inject Calls: 13772781312
Errors injected by bit:
	Bit 0: 13779306
	Bit 1: 13768919
	Bit 2: 13778044
	Bit 3: 13771290
	Bit 4: 13763982
	Bit 5: 13770083
	Bit 6: 13768025
	Bit 7: 13771417

Total errors injected: 110171066
