vvencFFapp: Fraunhofer VVC Encoder ver. 1.5.0 [Linux][GCC 11.3.0][64 bit][SIMD=AVX2]
 started @ Fri Apr 21 17:07:16 2023
CODING TOOL CFG: CTU128 QT44BTT21 IBD:1 SAO:1 ALF:1 (NonLinLuma:0 NonLinChr:0) CCALF:1 Tiles:1x1 Slices:1 WPP:0 WPP-Substreams:1 TMVP:1 DQ:1 SDH:0 CST:1 BDOF:1 DMVR:1 MTSImplicit:1 SBT:0 JCbCr:1 CabacInitPresent:1 AMVR:5 SMVD:3 LMCS:2 (Signal:SDR Opt:0) CIIP:0 MIP:1 AFFINE:2 (PROF:1, Type:1) MMVD:3 DisFracMMVD:1 SbTMVP:1 GPM:3 LFNST:1 MTS:0 ISP:3 TS:2 TSLog2MaxSize:4 useChromaTS:0 BDPCM:2 IBC:2 BCW:0 
ENC. ALG. CFG: QPA:0 HAD:1 RDQ:1 RDQTS:1 ASR:1 MinSearchWindow:96 RestrictMESampling:0 EDO:2 MCTF:2 
PRE-ANALYSIS CFG: STA:1 LeadFrames:0 TrailFrames:0 
FAST TOOL CFG: ECU:0 FEN:1 FDM:1 FastSearch:4 (SCC:2) LCTUFast:1 FastMrg:2 PBIntraFast:1 AMaxBT:1 FastQtBtEnc:1 ContentBasedFastQtbt:0 FastMIP:3 FastIntraTools:0 IntraEstDecBit:2 FastLocalDualTree:1 IntegerET:0 FastSubPel:1 QtbttExtraFast:3 FastTTSplit:0 IBCFastMethod:3 FIM:0 ALFSpeed:0 QuantThr: 4 
RATE CONTROL CFG: RateControl:0 LookAhead:0 
PARALLEL PROCESSING CFG: NumThreads:0 MaxParallelFrames:0 WppBitEqual:0 WF:0 

POC     0 TId: 0 (  IDR_N_LP, I-SLICE, QP 29, TF 2)     245544 bits [Y 36.0242 dB    U 38.6082 dB    V 40.2672 dB] [ET   260 ] [L0 ] [L1 ]
POC    16 TId: 1 (      STSA, B-SLICE, QP 34, TF 1)     115848 bits [Y 34.6449 dB    U 37.3582 dB    V 38.5218 dB] [ET   909 ] [L0 0 ] [L1 0 ]
POC     8 TId: 2 (      STSA, B-SLICE, QP 35, TF 0)      83440 bits [Y 33.8044 dB    U 37.1243 dB    V 38.2351 dB] [ET  1326 ] [L0 0 16 ] [L1 16 0 ]
POC     4 TId: 3 (      STSA, B-SLICE, QP 38)            35120 bits [Y 32.9998 dB    U 37.1314 dB    V 38.4309 dB] [ET  1208 ] [L0 0 8 ] [L1 8 16 ]
POC     2 TId: 4 (      STSA, B-SLICE, QP 40)            19344 bits [Y 32.7245 dB    U 37.4555 dB    V 38.9120 dB] [ET   936 ] [L0 0 4 ] [L1 4 8 ]
POC     1 TId: 5 (      STSA, B-SLICE, QP 41)            10680 bits [Y 32.8916 dB    U 37.5690 dB    V 39.1877 dB] [ET   580 ] [L0 0 2 ] [L1 2 4 ]
POC     3 TId: 5 (      STSA, B-SLICE, QP 41)             9656 bits [Y 32.2661 dB    U 37.0722 dB    V 38.4390 dB] [ET   681 ] [L0 2 0 ] [L1 4 8 ]
POC     6 TId: 4 (      STSA, B-SLICE, QP 40)            18864 bits [Y 32.4398 dB    U 36.9476 dB    V 38.1786 dB] [ET  1146 ] [L0 4 0 ] [L1 8 16 ]
POC     5 TId: 5 (      STSA, B-SLICE, QP 41)             9256 bits [Y 32.2604 dB    U 36.9692 dB    V 38.3152 dB] [ET   823 ] [L0 4 0 ] [L1 6 8 ]
POC     7 TId: 5 (      STSA, B-SLICE, QP 41)             9376 bits [Y 32.2687 dB    U 36.7312 dB    V 37.9685 dB] [ET   732 ] [L0 6 4 ] [L1 8 16 ]
POC    12 TId: 3 (      STSA, B-SLICE, QP 38)            37176 bits [Y 32.8017 dB    U 37.2060 dB    V 38.0148 dB] [ET  1383 ] [L0 8 0 ] [L1 16 8 ]
POC    10 TId: 4 (      STSA, B-SLICE, QP 40)            20408 bits [Y 32.2114 dB    U 36.8200 dB    V 37.6903 dB] [ET  1323 ] [L0 8 0 ] [L1 12 16 ]
POC     9 TId: 5 (      STSA, B-SLICE, QP 41)             9944 bits [Y 32.1708 dB    U 36.8531 dB    V 37.8346 dB] [ET   734 ] [L0 8 0 ] [L1 10 12 ]
POC    11 TId: 5 (      STSA, B-SLICE, QP 41)             9440 bits [Y 32.0367 dB    U 36.8953 dB    V 37.8023 dB] [ET   755 ] [L0 10 8 ] [L1 12 16 ]
POC    14 TId: 4 (      STSA, B-SLICE, QP 40)            18224 bits [Y 32.3126 dB    U 36.9994 dB    V 37.8960 dB] [ET   909 ] [L0 12 8 ] [L1 16 12 ]
POC    13 TId: 5 (      STSA, B-SLICE, QP 41)             9288 bits [Y 32.1336 dB    U 36.9303 dB    V 37.8258 dB] [ET   645 ] [L0 12 8 ] [L1 14 16 ]
POC    15 TId: 5 (      STSA, B-SLICE, QP 41)             8328 bits [Y 32.4075 dB    U 36.9633 dB    V 38.0395 dB] [ET   607 ] [L0 14 12 ] [L1 16 14 ]

	Total Frames |   Bitrate     Y-PSNR    U-PSNR    V-PSNR    YUV-PSNR   
	       17    a    1182.2400   32.8470   37.1550   38.3270   33.8563

 finished @ Fri Apr 21 21:16:44 2023
 Total Time:    14962.743 sec. [user]    14967.977 sec. [elapsed]

Level: 0
Inject Calls: 16921617216
Errors injected by bit:
	Bit 0: 1694673
	Bit 1: 1693551
	Bit 2: 1693276
	Bit 3: 1691602
	Bit 4: 1692383
	Bit 5: 1693480
	Bit 6: 1694907
	Bit 7: 1692935

Total errors injected: 13546807
