vvencFFapp: Fraunhofer VVC Encoder ver. 1.5.0 [Linux][GCC 11.3.0][64 bit][SIMD=AVX2]
 started @ Tue Apr 18 06:40:45 2023
CODING TOOL CFG: CTU128 QT44BTT21 IBD:1 SAO:1 ALF:1 (NonLinLuma:0 NonLinChr:0) CCALF:1 Tiles:1x1 Slices:1 WPP:0 WPP-Substreams:1 TMVP:1 DQ:1 SDH:0 CST:1 BDOF:1 DMVR:1 MTSImplicit:1 SBT:0 JCbCr:1 CabacInitPresent:1 AMVR:5 SMVD:3 LMCS:2 (Signal:SDR Opt:0) CIIP:0 MIP:1 AFFINE:2 (PROF:1, Type:1) MMVD:3 DisFracMMVD:1 SbTMVP:1 GPM:3 LFNST:1 MTS:0 ISP:3 TS:2 TSLog2MaxSize:4 useChromaTS:0 BDPCM:2 IBC:2 BCW:0 
ENC. ALG. CFG: QPA:0 HAD:1 RDQ:1 RDQTS:1 ASR:1 MinSearchWindow:96 RestrictMESampling:0 EDO:2 MCTF:2 
PRE-ANALYSIS CFG: STA:1 LeadFrames:0 TrailFrames:0 
FAST TOOL CFG: ECU:0 FEN:1 FDM:1 FastSearch:4 (SCC:2) LCTUFast:1 FastMrg:2 PBIntraFast:1 AMaxBT:1 FastQtBtEnc:1 ContentBasedFastQtbt:0 FastMIP:3 FastIntraTools:0 IntraEstDecBit:2 FastLocalDualTree:1 IntegerET:0 FastSubPel:1 QtbttExtraFast:3 FastTTSplit:0 IBCFastMethod:3 FIM:0 ALFSpeed:0 QuantThr: 4 
RATE CONTROL CFG: RateControl:0 LookAhead:0 
PARALLEL PROCESSING CFG: NumThreads:0 MaxParallelFrames:0 WppBitEqual:0 WF:0 

POC     0 TId: 0 (  IDR_N_LP, I-SLICE, QP 34, TF 2)      85368 bits [Y 35.6254 dB    U 39.1515 dB    V 40.0627 dB] [ET   192 ] [L0 ] [L1 ]
POC    16 TId: 1 (      STSA, B-SLICE, QP 40, TF 1)      15936 bits [Y 33.6241 dB    U 38.1329 dB    V 38.0606 dB] [ET   485 ] [L0 0 ] [L1 0 ]
POC     8 TId: 2 (      STSA, B-SLICE, QP 40, TF 0)      10704 bits [Y 33.8619 dB    U 38.2806 dB    V 39.0283 dB] [ET   652 ] [L0 0 16 ] [L1 16 0 ]
POC     4 TId: 3 (      STSA, B-SLICE, QP 43)             6272 bits [Y 33.4847 dB    U 38.1749 dB    V 38.8006 dB] [ET   640 ] [L0 0 8 ] [L1 8 16 ]
POC     2 TId: 4 (      STSA, B-SLICE, QP 45)             2304 bits [Y 33.7699 dB    U 38.5947 dB    V 39.2157 dB] [ET   387 ] [L0 0 4 ] [L1 4 8 ]
POC     1 TId: 5 (      STSA, B-SLICE, QP 46)              232 bits [Y 35.6135 dB    U 39.1577 dB    V 40.0649 dB] [ET   160 ] [L0 0 2 ] [L1 2 4 ]
POC     3 TId: 5 (      STSA, B-SLICE, QP 46)             1440 bits [Y 33.2101 dB    U 38.1502 dB    V 38.6128 dB] [ET   304 ] [L0 2 0 ] [L1 4 8 ]
POC     6 TId: 4 (      STSA, B-SLICE, QP 45)             3088 bits [Y 32.9719 dB    U 37.9795 dB    V 38.3892 dB] [ET   532 ] [L0 4 0 ] [L1 8 16 ]
POC     5 TId: 5 (      STSA, B-SLICE, QP 46)             1408 bits [Y 32.7083 dB    U 37.8708 dB    V 38.5038 dB] [ET   325 ] [L0 4 0 ] [L1 6 8 ]
POC     7 TId: 5 (      STSA, B-SLICE, QP 46)             1576 bits [Y 32.8081 dB    U 38.0508 dB    V 38.4013 dB] [ET   329 ] [L0 6 4 ] [L1 8 16 ]
POC    12 TId: 3 (      STSA, B-SLICE, QP 43)             6664 bits [Y 32.9945 dB    U 37.8347 dB    V 38.2117 dB] [ET   660 ] [L0 8 0 ] [L1 16 8 ]
POC    10 TId: 4 (      STSA, B-SLICE, QP 45)             3400 bits [Y 32.8067 dB    U 37.8566 dB    V 38.0909 dB] [ET   644 ] [L0 8 0 ] [L1 12 16 ]
POC     9 TId: 5 (      STSA, B-SLICE, QP 46)             1616 bits [Y 33.1489 dB    U 38.0162 dB    V 38.4688 dB] [ET   291 ] [L0 8 0 ] [L1 10 12 ]
POC    11 TId: 5 (      STSA, B-SLICE, QP 46)             1712 bits [Y 32.7295 dB    U 37.9451 dB    V 37.9528 dB] [ET   366 ] [L0 10 8 ] [L1 12 16 ]
POC    14 TId: 4 (      STSA, B-SLICE, QP 45)             3144 bits [Y 32.5163 dB    U 37.7104 dB    V 37.6801 dB] [ET   429 ] [L0 12 8 ] [L1 16 12 ]
POC    13 TId: 5 (      STSA, B-SLICE, QP 46)             1544 bits [Y 32.4886 dB    U 37.8424 dB    V 37.8704 dB] [ET   330 ] [L0 12 8 ] [L1 14 16 ]
POC    15 TId: 5 (      STSA, B-SLICE, QP 46)             1464 bits [Y 32.7078 dB    U 37.9039 dB    V 37.7153 dB] [ET   252 ] [L0 14 12 ] [L1 16 14 ]

	Total Frames |   Bitrate     Y-PSNR    U-PSNR    V-PSNR    YUV-PSNR   
	       17    a     434.9176   33.3571   38.1561   38.5370   34.3983

 finished @ Tue Apr 18 08:37:16 2023
 Total Time:     6986.158 sec. [user]     6990.984 sec. [elapsed]

Level: 0
Inject Calls: 8032493920
Errors injected by bit:
	Bit 0: 8033262
	Bit 1: 8037706
	Bit 2: 8034068
	Bit 3: 8035940
	Bit 4: 8028503
	Bit 5: 8033569
	Bit 6: 8028974
	Bit 7: 8030866

Total errors injected: 64262888
