vvencFFapp: Fraunhofer VVC Encoder ver. 1.5.0 [Linux][GCC 11.3.0][64 bit][SIMD=AVX2]
 started @ Tue Apr 18 20:01:00 2023
CODING TOOL CFG: CTU128 QT44BTT21 IBD:1 SAO:1 ALF:1 (NonLinLuma:0 NonLinChr:0) CCALF:1 Tiles:1x1 Slices:1 WPP:0 WPP-Substreams:1 TMVP:1 DQ:1 SDH:0 CST:1 BDOF:1 DMVR:1 MTSImplicit:1 SBT:0 JCbCr:1 CabacInitPresent:1 AMVR:5 SMVD:3 LMCS:2 (Signal:SDR Opt:0) CIIP:0 MIP:1 AFFINE:2 (PROF:1, Type:1) MMVD:3 DisFracMMVD:1 SbTMVP:1 GPM:3 LFNST:1 MTS:0 ISP:3 TS:2 TSLog2MaxSize:4 useChromaTS:0 BDPCM:2 IBC:2 BCW:0 
ENC. ALG. CFG: QPA:0 HAD:1 RDQ:1 RDQTS:1 ASR:1 MinSearchWindow:96 RestrictMESampling:0 EDO:2 MCTF:2 
PRE-ANALYSIS CFG: STA:1 LeadFrames:0 TrailFrames:0 
FAST TOOL CFG: ECU:0 FEN:1 FDM:1 FastSearch:4 (SCC:2) LCTUFast:1 FastMrg:2 PBIntraFast:1 AMaxBT:1 FastQtBtEnc:1 ContentBasedFastQtbt:0 FastMIP:3 FastIntraTools:0 IntraEstDecBit:2 FastLocalDualTree:1 IntegerET:0 FastSubPel:1 QtbttExtraFast:3 FastTTSplit:0 IBCFastMethod:3 FIM:0 ALFSpeed:0 QuantThr: 4 
RATE CONTROL CFG: RateControl:0 LookAhead:0 
PARALLEL PROCESSING CFG: NumThreads:0 MaxParallelFrames:0 WppBitEqual:0 WF:0 

POC     0 TId: 0 (  IDR_N_LP, I-SLICE, QP 24, TF 3)     377624 bits [Y 40.2668 dB    U 43.0828 dB    V 44.6158 dB] [ET   383 ] [L0 ] [L1 ]
POC    16 TId: 1 (      STSA, B-SLICE, QP 28, TF 2)     102216 bits [Y 38.6887 dB    U 42.1005 dB    V 43.2367 dB] [ET   560 ] [L0 0 ] [L1 0 ]
POC     8 TId: 2 (      STSA, B-SLICE, QP 29, TF 1)      44552 bits [Y 38.5839 dB    U 42.2363 dB    V 43.5658 dB] [ET   558 ] [L0 0 16 ] [L1 16 0 ]
POC     4 TId: 3 (      STSA, B-SLICE, QP 32, TF 0)      18728 bits [Y 38.3269 dB    U 42.4954 dB    V 43.8610 dB] [ET   552 ] [L0 0 8 ] [L1 8 16 ]
POC     2 TId: 4 (      STSA, B-SLICE, QP 34)             7928 bits [Y 38.4153 dB    U 42.8167 dB    V 44.2275 dB] [ET   377 ] [L0 0 4 ] [L1 4 8 ]
POC     1 TId: 5 (      STSA, B-SLICE, QP 36)             2888 bits [Y 38.7658 dB    U 42.9214 dB    V 44.4445 dB] [ET   238 ] [L0 0 2 ] [L1 2 4 ]
POC     3 TId: 5 (      STSA, B-SLICE, QP 36)             3384 bits [Y 37.9116 dB    U 42.6664 dB    V 43.9799 dB] [ET   318 ] [L0 2 0 ] [L1 4 8 ]
POC     6 TId: 4 (      STSA, B-SLICE, QP 34)             8936 bits [Y 37.8859 dB    U 42.3498 dB    V 43.6162 dB] [ET   445 ] [L0 4 0 ] [L1 8 16 ]
POC     5 TId: 5 (      STSA, B-SLICE, QP 36)             3352 bits [Y 37.6921 dB    U 42.3712 dB    V 43.7217 dB] [ET   276 ] [L0 4 0 ] [L1 6 8 ]
POC     7 TId: 5 (      STSA, B-SLICE, QP 36)             2920 bits [Y 37.7767 dB    U 42.3169 dB    V 43.5874 dB] [ET   302 ] [L0 6 4 ] [L1 8 16 ]
POC    12 TId: 3 (      STSA, B-SLICE, QP 32, TF 0)      21816 bits [Y 37.8127 dB    U 42.0435 dB    V 43.1903 dB] [ET   570 ] [L0 8 0 ] [L1 16 8 ]
POC    10 TId: 4 (      STSA, B-SLICE, QP 34)             9728 bits [Y 37.6622 dB    U 42.1418 dB    V 43.3233 dB] [ET   470 ] [L0 8 0 ] [L1 12 16 ]
POC     9 TId: 5 (      STSA, B-SLICE, QP 36)             3568 bits [Y 37.6463 dB    U 42.2164 dB    V 43.4160 dB] [ET   299 ] [L0 8 0 ] [L1 10 12 ]
POC    11 TId: 5 (      STSA, B-SLICE, QP 36)             3656 bits [Y 37.3290 dB    U 42.0669 dB    V 43.2353 dB] [ET   306 ] [L0 10 8 ] [L1 12 16 ]
POC    14 TId: 4 (      STSA, B-SLICE, QP 34)            10904 bits [Y 37.4519 dB    U 42.0225 dB    V 43.0463 dB] [ET   383 ] [L0 12 8 ] [L1 16 12 ]
POC    13 TId: 5 (      STSA, B-SLICE, QP 36)             4088 bits [Y 37.1807 dB    U 41.9601 dB    V 43.0627 dB] [ET   305 ] [L0 12 8 ] [L1 14 16 ]
POC    15 TId: 5 (      STSA, B-SLICE, QP 36)             4128 bits [Y 37.3652 dB    U 42.0368 dB    V 43.0636 dB] [ET   249 ] [L0 14 12 ] [L1 16 14 ]

	Total Frames |   Bitrate     Y-PSNR    U-PSNR    V-PSNR    YUV-PSNR   
	       17    a    2224.9976   38.0448   42.3438   43.5996   39.1009

 finished @ Tue Apr 18 21:51:06 2023
 Total Time:     6601.267 sec. [user]     6606.453 sec. [elapsed]

Level: 0
Inject Calls: 7110158400
Errors injected by bit:
	Bit 0: 711204
	Bit 1: 712084
	Bit 2: 710503
	Bit 3: 710632
	Bit 4: 710099
	Bit 5: 710048
	Bit 6: 712513
	Bit 7: 710527

Total errors injected: 5687610
