vvencFFapp: Fraunhofer VVC Encoder ver. 1.5.0 [Linux][GCC 11.3.0][64 bit][SIMD=AVX2]
 started @ Tue Apr 18 15:25:54 2023
CODING TOOL CFG: CTU128 QT44BTT21 IBD:1 SAO:1 ALF:1 (NonLinLuma:0 NonLinChr:0) CCALF:1 Tiles:1x1 Slices:1 WPP:0 WPP-Substreams:1 TMVP:1 DQ:1 SDH:0 CST:1 BDOF:1 DMVR:1 MTSImplicit:1 SBT:0 JCbCr:1 CabacInitPresent:1 AMVR:5 SMVD:3 LMCS:2 (Signal:SDR Opt:0) CIIP:0 MIP:1 AFFINE:2 (PROF:1, Type:1) MMVD:3 DisFracMMVD:1 SbTMVP:1 GPM:3 LFNST:1 MTS:0 ISP:3 TS:2 TSLog2MaxSize:4 useChromaTS:0 BDPCM:2 IBC:2 BCW:0 
ENC. ALG. CFG: QPA:0 HAD:1 RDQ:1 RDQTS:1 ASR:1 MinSearchWindow:96 RestrictMESampling:0 EDO:2 MCTF:2 
PRE-ANALYSIS CFG: STA:1 LeadFrames:0 TrailFrames:0 
FAST TOOL CFG: ECU:0 FEN:1 FDM:1 FastSearch:4 (SCC:2) LCTUFast:1 FastMrg:2 PBIntraFast:1 AMaxBT:1 FastQtBtEnc:1 ContentBasedFastQtbt:0 FastMIP:3 FastIntraTools:0 IntraEstDecBit:2 FastLocalDualTree:1 IntegerET:0 FastSubPel:1 QtbttExtraFast:3 FastTTSplit:0 IBCFastMethod:3 FIM:0 ALFSpeed:0 QuantThr: 4 
RATE CONTROL CFG: RateControl:0 LookAhead:0 
PARALLEL PROCESSING CFG: NumThreads:0 MaxParallelFrames:0 WppBitEqual:0 WF:0 

POC     0 TId: 0 (  IDR_N_LP, I-SLICE, QP 19, TF 3)     581848 bits [Y 42.2672 dB    U 45.0524 dB    V 46.9660 dB] [ET   510 ] [L0 ] [L1 ]
POC    16 TId: 1 (      STSA, B-SLICE, QP 22, TF 2)     216760 bits [Y 41.6124 dB    U 44.2052 dB    V 45.8520 dB] [ET   711 ] [L0 0 ] [L1 0 ]
POC     8 TId: 2 (      STSA, B-SLICE, QP 23, TF 1)      97328 bits [Y 40.9333 dB    U 44.1385 dB    V 45.9835 dB] [ET   751 ] [L0 0 16 ] [L1 16 0 ]
POC     4 TId: 3 (      STSA, B-SLICE, QP 26, TF 0)      43712 bits [Y 40.5513 dB    U 44.3394 dB    V 46.1069 dB] [ET   629 ] [L0 0 8 ] [L1 8 16 ]
POC     2 TId: 4 (      STSA, B-SLICE, QP 28)            21072 bits [Y 40.5605 dB    U 44.6346 dB    V 46.4444 dB] [ET   481 ] [L0 0 4 ] [L1 4 8 ]
POC     1 TId: 5 (      STSA, B-SLICE, QP 29)             9056 bits [Y 40.8593 dB    U 44.8225 dB    V 46.6925 dB] [ET   351 ] [L0 0 2 ] [L1 2 4 ]
POC     3 TId: 5 (      STSA, B-SLICE, QP 29)            10312 bits [Y 40.2401 dB    U 44.5006 dB    V 46.2423 dB] [ET   391 ] [L0 2 0 ] [L1 4 8 ]
POC     6 TId: 4 (      STSA, B-SLICE, QP 28)            21576 bits [Y 40.1461 dB    U 44.1505 dB    V 45.9100 dB] [ET   519 ] [L0 4 0 ] [L1 8 16 ]
POC     5 TId: 5 (      STSA, B-SLICE, QP 29)            10464 bits [Y 40.0171 dB    U 44.1143 dB    V 45.9332 dB] [ET   386 ] [L0 4 0 ] [L1 6 8 ]
POC     7 TId: 5 (      STSA, B-SLICE, QP 29)            10088 bits [Y 40.1074 dB    U 44.1499 dB    V 45.8292 dB] [ET   429 ] [L0 6 4 ] [L1 8 16 ]
POC    12 TId: 3 (      STSA, B-SLICE, QP 26, TF 0)      48872 bits [Y 40.2433 dB    U 43.9846 dB    V 45.6015 dB] [ET   650 ] [L0 8 0 ] [L1 16 8 ]
POC    10 TId: 4 (      STSA, B-SLICE, QP 28)            23952 bits [Y 40.0656 dB    U 43.9574 dB    V 45.6423 dB] [ET   625 ] [L0 8 0 ] [L1 12 16 ]
POC     9 TId: 5 (      STSA, B-SLICE, QP 29)            10088 bits [Y 40.0258 dB    U 44.0634 dB    V 45.8299 dB] [ET   407 ] [L0 8 0 ] [L1 10 12 ]
POC    11 TId: 5 (      STSA, B-SLICE, QP 29)            11184 bits [Y 39.8489 dB    U 43.9307 dB    V 45.6434 dB] [ET   385 ] [L0 10 8 ] [L1 12 16 ]
POC    14 TId: 4 (      STSA, B-SLICE, QP 28)            26840 bits [Y 39.9735 dB    U 43.8748 dB    V 45.4383 dB] [ET   493 ] [L0 12 8 ] [L1 16 12 ]
POC    13 TId: 5 (      STSA, B-SLICE, QP 29)            12544 bits [Y 39.7459 dB    U 43.8387 dB    V 45.4727 dB] [ET   459 ] [L0 12 8 ] [L1 14 16 ]
POC    15 TId: 5 (      STSA, B-SLICE, QP 29)            13784 bits [Y 39.9526 dB    U 43.9594 dB    V 45.5347 dB] [ET   331 ] [L0 14 12 ] [L1 16 14 ]

	Total Frames |   Bitrate     Y-PSNR    U-PSNR    V-PSNR    YUV-PSNR   
	       17    a    4127.5765   40.4206   44.2186   45.9484   41.4431

 finished @ Tue Apr 18 17:47:58 2023
 Total Time:     8520.838 sec. [user]     8523.621 sec. [elapsed]

Level: 0
Inject Calls: 9020561472
Errors injected by bit:
	Bit 0: 90134
	Bit 1: 90132
	Bit 2: 90187
	Bit 3: 90552
	Bit 4: 90023
	Bit 5: 90134
	Bit 6: 90433
	Bit 7: 89714

Total errors injected: 721309
