vvencFFapp: Fraunhofer VVC Encoder ver. 1.5.0 [Linux][GCC 11.3.0][64 bit][SIMD=AVX2]
 started @ Sat Apr 22 08:57:35 2023
CODING TOOL CFG: CTU128 QT44BTT21 IBD:1 SAO:1 ALF:1 (NonLinLuma:0 NonLinChr:0) CCALF:1 Tiles:1x1 Slices:1 WPP:0 WPP-Substreams:1 TMVP:1 DQ:1 SDH:0 CST:1 BDOF:1 DMVR:1 MTSImplicit:1 SBT:0 JCbCr:1 CabacInitPresent:1 AMVR:5 SMVD:3 LMCS:2 (Signal:SDR Opt:0) CIIP:0 MIP:1 AFFINE:2 (PROF:1, Type:1) MMVD:3 DisFracMMVD:1 SbTMVP:1 GPM:3 LFNST:1 MTS:0 ISP:3 TS:2 TSLog2MaxSize:4 useChromaTS:0 BDPCM:2 IBC:2 BCW:0 
ENC. ALG. CFG: QPA:0 HAD:1 RDQ:1 RDQTS:1 ASR:1 MinSearchWindow:96 RestrictMESampling:0 EDO:2 MCTF:2 
PRE-ANALYSIS CFG: STA:1 LeadFrames:0 TrailFrames:0 
FAST TOOL CFG: ECU:0 FEN:1 FDM:1 FastSearch:4 (SCC:2) LCTUFast:1 FastMrg:2 PBIntraFast:1 AMaxBT:1 FastQtBtEnc:1 ContentBasedFastQtbt:0 FastMIP:3 FastIntraTools:0 IntraEstDecBit:2 FastLocalDualTree:1 IntegerET:0 FastSubPel:1 QtbttExtraFast:3 FastTTSplit:0 IBCFastMethod:3 FIM:0 ALFSpeed:0 QuantThr: 4 
RATE CONTROL CFG: RateControl:0 LookAhead:0 
PARALLEL PROCESSING CFG: NumThreads:0 MaxParallelFrames:0 WppBitEqual:0 WF:0 

POC     0 TId: 0 (  IDR_N_LP, I-SLICE, QP 34, TF 2)     137312 bits [Y 33.0393 dB    U 36.5932 dB    V 37.9362 dB] [ET   199 ] [L0 ] [L1 ]
POC    16 TId: 1 (      STSA, B-SLICE, QP 40, TF 1)      50768 bits [Y 30.8204 dB    U 36.0125 dB    V 36.8608 dB] [ET   765 ] [L0 0 ] [L1 0 ]
POC     8 TId: 2 (      STSA, B-SLICE, QP 40, TF 0)      40520 bits [Y 30.7255 dB    U 35.7789 dB    V 36.8276 dB] [ET  1128 ] [L0 0 16 ] [L1 16 0 ]
POC     4 TId: 3 (      STSA, B-SLICE, QP 43)            16704 bits [Y 30.1345 dB    U 35.7120 dB    V 36.8026 dB] [ET  1043 ] [L0 0 8 ] [L1 8 16 ]
POC     2 TId: 4 (      STSA, B-SLICE, QP 45)             9576 bits [Y 30.0711 dB    U 35.7257 dB    V 36.9305 dB] [ET   815 ] [L0 0 4 ] [L1 4 8 ]
POC     1 TId: 5 (      STSA, B-SLICE, QP 46)             4800 bits [Y 30.3671 dB    U 35.9467 dB    V 37.2585 dB] [ET   478 ] [L0 0 2 ] [L1 2 4 ]
POC     3 TId: 5 (      STSA, B-SLICE, QP 46)             4320 bits [Y 29.7243 dB    U 35.5276 dB    V 36.7250 dB] [ET   635 ] [L0 2 0 ] [L1 4 8 ]
POC     6 TId: 4 (      STSA, B-SLICE, QP 45)             8544 bits [Y 29.6450 dB    U 35.4092 dB    V 36.5494 dB] [ET  1047 ] [L0 4 0 ] [L1 8 16 ]
POC     5 TId: 5 (      STSA, B-SLICE, QP 46)             4288 bits [Y 29.6020 dB    U 35.4697 dB    V 36.6563 dB] [ET   630 ] [L0 4 0 ] [L1 6 8 ]
POC     7 TId: 5 (      STSA, B-SLICE, QP 46)             3872 bits [Y 29.5883 dB    U 35.4189 dB    V 36.5456 dB] [ET   595 ] [L0 6 4 ] [L1 8 16 ]
POC    12 TId: 3 (      STSA, B-SLICE, QP 43)            18000 bits [Y 29.8197 dB    U 35.6895 dB    V 36.2388 dB] [ET  1200 ] [L0 8 0 ] [L1 16 8 ]
POC    10 TId: 4 (      STSA, B-SLICE, QP 45)             9120 bits [Y 29.2853 dB    U 35.4274 dB    V 36.2037 dB] [ET  1100 ] [L0 8 0 ] [L1 12 16 ]
POC     9 TId: 5 (      STSA, B-SLICE, QP 46)             3744 bits [Y 29.3649 dB    U 35.4768 dB    V 36.4064 dB] [ET   669 ] [L0 8 0 ] [L1 10 12 ]
POC    11 TId: 5 (      STSA, B-SLICE, QP 46)             3880 bits [Y 29.1994 dB    U 35.3950 dB    V 36.0800 dB] [ET   614 ] [L0 10 8 ] [L1 12 16 ]
POC    14 TId: 4 (      STSA, B-SLICE, QP 45)             8232 bits [Y 29.4248 dB    U 35.5400 dB    V 36.0653 dB] [ET   832 ] [L0 12 8 ] [L1 16 12 ]
POC    13 TId: 5 (      STSA, B-SLICE, QP 46)             4040 bits [Y 29.3553 dB    U 35.5765 dB    V 36.0435 dB] [ET   540 ] [L0 12 8 ] [L1 14 16 ]
POC    15 TId: 5 (      STSA, B-SLICE, QP 46)             3640 bits [Y 29.6848 dB    U 35.7030 dB    V 36.4046 dB] [ET   516 ] [L0 14 12 ] [L1 16 14 ]

	Total Frames |   Bitrate     Y-PSNR    U-PSNR    V-PSNR    YUV-PSNR   
	       17    a     584.7529   29.9913   35.6707   36.6197   31.1802

 finished @ Sat Apr 22 12:31:18 2023
 Total Time:    12817.885 sec. [user]    12822.959 sec. [elapsed]

Level: 0
Inject Calls: 14862440768
Errors injected by bit:
	Bit 0: 14923
	Bit 1: 14782
	Bit 2: 15037
	Bit 3: 14725
	Bit 4: 14900
	Bit 5: 15028
	Bit 6: 14800
	Bit 7: 15008

Total errors injected: 119203
