vvencFFapp: Fraunhofer VVC Encoder ver. 1.5.0 [Linux][GCC 11.3.0][64 bit][SIMD=AVX2]
 started @ Tue Apr 18 01:35:39 2023
CODING TOOL CFG: CTU128 QT44BTT21 IBD:1 SAO:1 ALF:1 (NonLinLuma:0 NonLinChr:0) CCALF:1 Tiles:1x1 Slices:1 WPP:0 WPP-Substreams:1 TMVP:1 DQ:1 SDH:0 CST:1 BDOF:1 DMVR:1 MTSImplicit:1 SBT:0 JCbCr:1 CabacInitPresent:1 AMVR:5 SMVD:3 LMCS:2 (Signal:SDR Opt:0) CIIP:0 MIP:1 AFFINE:2 (PROF:1, Type:1) MMVD:3 DisFracMMVD:1 SbTMVP:1 GPM:3 LFNST:1 MTS:0 ISP:3 TS:2 TSLog2MaxSize:4 useChromaTS:0 BDPCM:2 IBC:2 BCW:0 
ENC. ALG. CFG: QPA:0 HAD:1 RDQ:1 RDQTS:1 ASR:1 MinSearchWindow:96 RestrictMESampling:0 EDO:2 MCTF:2 
PRE-ANALYSIS CFG: STA:1 LeadFrames:0 TrailFrames:0 
FAST TOOL CFG: ECU:0 FEN:1 FDM:1 FastSearch:4 (SCC:2) LCTUFast:1 FastMrg:2 PBIntraFast:1 AMaxBT:1 FastQtBtEnc:1 ContentBasedFastQtbt:0 FastMIP:3 FastIntraTools:0 IntraEstDecBit:2 FastLocalDualTree:1 IntegerET:0 FastSubPel:1 QtbttExtraFast:3 FastTTSplit:0 IBCFastMethod:3 FIM:0 ALFSpeed:0 QuantThr: 4 
RATE CONTROL CFG: RateControl:0 LookAhead:0 
PARALLEL PROCESSING CFG: NumThreads:0 MaxParallelFrames:0 WppBitEqual:0 WF:0 

POC     0 TId: 0 (  IDR_N_LP, I-SLICE, QP 29, TF 2)     160808 bits [Y 38.4367 dB    U 41.6230 dB    V 42.6136 dB] [ET   261 ] [L0 ] [L1 ]
POC    16 TId: 1 (      STSA, B-SLICE, QP 34, TF 1)      30928 bits [Y 36.4823 dB    U 39.8288 dB    V 40.1711 dB] [ET   559 ] [L0 0 ] [L1 0 ]
POC     8 TId: 2 (      STSA, B-SLICE, QP 35, TF 0)      19184 bits [Y 36.5092 dB    U 39.9880 dB    V 40.7665 dB] [ET   723 ] [L0 0 16 ] [L1 16 0 ]
POC     4 TId: 3 (      STSA, B-SLICE, QP 38)            11488 bits [Y 36.1755 dB    U 40.2791 dB    V 40.8724 dB] [ET   674 ] [L0 0 8 ] [L1 8 16 ]
POC     2 TId: 4 (      STSA, B-SLICE, QP 40)             4920 bits [Y 36.2969 dB    U 40.8932 dB    V 41.4956 dB] [ET   484 ] [L0 0 4 ] [L1 4 8 ]
POC     1 TId: 5 (      STSA, B-SLICE, QP 41)              264 bits [Y 38.4315 dB    U 41.6258 dB    V 42.6177 dB] [ET   214 ] [L0 0 2 ] [L1 2 4 ]
POC     3 TId: 5 (      STSA, B-SLICE, QP 41)             3104 bits [Y 35.6546 dB    U 40.4691 dB    V 40.7696 dB] [ET   528 ] [L0 2 0 ] [L1 4 8 ]
POC     6 TId: 4 (      STSA, B-SLICE, QP 40)             6432 bits [Y 35.5481 dB    U 40.0218 dB    V 40.5249 dB] [ET   651 ] [L0 4 0 ] [L1 8 16 ]
POC     5 TId: 5 (      STSA, B-SLICE, QP 41)             3680 bits [Y 35.3615 dB    U 40.1156 dB    V 40.5218 dB] [ET   377 ] [L0 4 0 ] [L1 6 8 ]
POC     7 TId: 5 (      STSA, B-SLICE, QP 41)             3232 bits [Y 35.2816 dB    U 39.9091 dB    V 40.3509 dB] [ET   429 ] [L0 6 4 ] [L1 8 16 ]
POC    12 TId: 3 (      STSA, B-SLICE, QP 38)            13032 bits [Y 35.5654 dB    U 39.6998 dB    V 40.1926 dB] [ET   716 ] [L0 8 0 ] [L1 16 8 ]
POC    10 TId: 4 (      STSA, B-SLICE, QP 40)             7048 bits [Y 35.2760 dB    U 39.7122 dB    V 40.2159 dB] [ET   719 ] [L0 8 0 ] [L1 12 16 ]
POC     9 TId: 5 (      STSA, B-SLICE, QP 41)             3368 bits [Y 35.5928 dB    U 39.7925 dB    V 40.5475 dB] [ET   424 ] [L0 8 0 ] [L1 10 12 ]
POC    11 TId: 5 (      STSA, B-SLICE, QP 41)             3760 bits [Y 35.2139 dB    U 39.6549 dB    V 39.8121 dB] [ET   448 ] [L0 10 8 ] [L1 12 16 ]
POC    14 TId: 4 (      STSA, B-SLICE, QP 40)             7384 bits [Y 35.2097 dB    U 39.6317 dB    V 39.8304 dB] [ET   478 ] [L0 12 8 ] [L1 16 12 ]
POC    13 TId: 5 (      STSA, B-SLICE, QP 41)             3368 bits [Y 35.0226 dB    U 39.6736 dB    V 39.8413 dB] [ET   418 ] [L0 12 8 ] [L1 14 16 ]
POC    15 TId: 5 (      STSA, B-SLICE, QP 41)             2960 bits [Y 35.2221 dB    U 39.6300 dB    V 39.7475 dB] [ET   326 ] [L0 14 12 ] [L1 16 14 ]

	Total Frames |   Bitrate     Y-PSNR    U-PSNR    V-PSNR    YUV-PSNR   
	       17    a     838.1176   35.9577   40.1499   40.6407   36.9018

 finished @ Tue Apr 18 03:56:22 2023
 Total Time:     8435.430 sec. [user]     8442.592 sec. [elapsed]

Level: 0
Inject Calls: 9316901248
Errors injected by bit:
	Bit 0: 9314776
	Bit 1: 9309713
	Bit 2: 9318356
	Bit 3: 9313634
	Bit 4: 9323939
	Bit 5: 9320543
	Bit 6: 9314238
	Bit 7: 9317092

Total errors injected: 74532291
