vvencFFapp: Fraunhofer VVC Encoder ver. 1.5.0 [Linux][GCC 11.3.0][64 bit][SIMD=AVX2]
 started @ Tue Apr 18 19:56:00 2023
CODING TOOL CFG: CTU128 QT44BTT21 IBD:1 SAO:1 ALF:1 (NonLinLuma:0 NonLinChr:0) CCALF:1 Tiles:1x1 Slices:1 WPP:0 WPP-Substreams:1 TMVP:1 DQ:1 SDH:0 CST:1 BDOF:1 DMVR:1 MTSImplicit:1 SBT:0 JCbCr:1 CabacInitPresent:1 AMVR:5 SMVD:3 LMCS:2 (Signal:SDR Opt:0) CIIP:0 MIP:1 AFFINE:2 (PROF:1, Type:1) MMVD:3 DisFracMMVD:1 SbTMVP:1 GPM:3 LFNST:1 MTS:0 ISP:3 TS:2 TSLog2MaxSize:4 useChromaTS:0 BDPCM:2 IBC:2 BCW:0 
ENC. ALG. CFG: QPA:0 HAD:1 RDQ:1 RDQTS:1 ASR:1 MinSearchWindow:96 RestrictMESampling:0 EDO:2 MCTF:2 
PRE-ANALYSIS CFG: STA:1 LeadFrames:0 TrailFrames:0 
FAST TOOL CFG: ECU:0 FEN:1 FDM:1 FastSearch:4 (SCC:2) LCTUFast:1 FastMrg:2 PBIntraFast:1 AMaxBT:1 FastQtBtEnc:1 ContentBasedFastQtbt:0 FastMIP:3 FastIntraTools:0 IntraEstDecBit:2 FastLocalDualTree:1 IntegerET:0 FastSubPel:1 QtbttExtraFast:3 FastTTSplit:0 IBCFastMethod:3 FIM:0 ALFSpeed:0 QuantThr: 4 
RATE CONTROL CFG: RateControl:0 LookAhead:0 
PARALLEL PROCESSING CFG: NumThreads:0 MaxParallelFrames:0 WppBitEqual:0 WF:0 

POC     0 TId: 0 (  IDR_N_LP, I-SLICE, QP 24, TF 3)     377624 bits [Y 40.2668 dB    U 43.0828 dB    V 44.6158 dB] [ET   357 ] [L0 ] [L1 ]
POC    16 TId: 1 (      STSA, B-SLICE, QP 28, TF 2)     101120 bits [Y 38.6884 dB    U 42.0326 dB    V 43.1854 dB] [ET   531 ] [L0 0 ] [L1 0 ]
POC     8 TId: 2 (      STSA, B-SLICE, QP 29, TF 1)      44552 bits [Y 38.5745 dB    U 42.2467 dB    V 43.5875 dB] [ET   564 ] [L0 0 16 ] [L1 16 0 ]
POC     4 TId: 3 (      STSA, B-SLICE, QP 32, TF 0)      19032 bits [Y 38.3312 dB    U 42.4586 dB    V 43.8245 dB] [ET   572 ] [L0 0 8 ] [L1 8 16 ]
POC     2 TId: 4 (      STSA, B-SLICE, QP 34)             8112 bits [Y 38.4346 dB    U 42.7784 dB    V 44.1561 dB] [ET   463 ] [L0 0 4 ] [L1 4 8 ]
POC     1 TId: 5 (      STSA, B-SLICE, QP 36)             2864 bits [Y 38.7556 dB    U 42.9002 dB    V 44.4269 dB] [ET   241 ] [L0 0 2 ] [L1 2 4 ]
POC     3 TId: 5 (      STSA, B-SLICE, QP 36)             3296 bits [Y 37.8999 dB    U 42.6597 dB    V 44.0121 dB] [ET   278 ] [L0 2 0 ] [L1 4 8 ]
POC     6 TId: 4 (      STSA, B-SLICE, QP 34)             8920 bits [Y 37.8508 dB    U 42.3706 dB    V 43.6936 dB] [ET   417 ] [L0 4 0 ] [L1 8 16 ]
POC     5 TId: 5 (      STSA, B-SLICE, QP 36)             3280 bits [Y 37.6842 dB    U 42.3827 dB    V 43.7307 dB] [ET   285 ] [L0 4 0 ] [L1 6 8 ]
POC     7 TId: 5 (      STSA, B-SLICE, QP 36)             2680 bits [Y 37.7498 dB    U 42.3228 dB    V 43.6258 dB] [ET   309 ] [L0 6 4 ] [L1 8 16 ]
POC    12 TId: 3 (      STSA, B-SLICE, QP 32, TF 0)      21104 bits [Y 37.7816 dB    U 41.9957 dB    V 43.1954 dB] [ET   558 ] [L0 8 0 ] [L1 16 8 ]
POC    10 TId: 4 (      STSA, B-SLICE, QP 34)             9928 bits [Y 37.6544 dB    U 42.1228 dB    V 43.2930 dB] [ET   535 ] [L0 8 0 ] [L1 12 16 ]
POC     9 TId: 5 (      STSA, B-SLICE, QP 36)             3224 bits [Y 37.6175 dB    U 42.2355 dB    V 43.4750 dB] [ET   305 ] [L0 8 0 ] [L1 10 12 ]
POC    11 TId: 5 (      STSA, B-SLICE, QP 36)             3416 bits [Y 37.3343 dB    U 42.0400 dB    V 43.2235 dB] [ET   297 ] [L0 10 8 ] [L1 12 16 ]
POC    14 TId: 4 (      STSA, B-SLICE, QP 34)            11024 bits [Y 37.4733 dB    U 41.9158 dB    V 42.9389 dB] [ET   416 ] [L0 12 8 ] [L1 16 12 ]
POC    13 TId: 5 (      STSA, B-SLICE, QP 36)             4304 bits [Y 37.2059 dB    U 41.9118 dB    V 43.0767 dB] [ET   442 ] [L0 12 8 ] [L1 14 16 ]
POC    15 TId: 5 (      STSA, B-SLICE, QP 36)             4264 bits [Y 37.3809 dB    U 41.9733 dB    V 43.0170 dB] [ET   302 ] [L0 14 12 ] [L1 16 14 ]

	Total Frames |   Bitrate     Y-PSNR    U-PSNR    V-PSNR    YUV-PSNR   
	       17    a    2219.0965   38.0402   42.3194   43.5928   39.0946

 finished @ Tue Apr 18 21:50:50 2023
 Total Time:     6887.658 sec. [user]     6890.062 sec. [elapsed]

Level: 0
Inject Calls: 7199959232
Errors injected by bit:
	Bit 0: 718590
	Bit 1: 720169
	Bit 2: 720420
	Bit 3: 720322
	Bit 4: 720553
	Bit 5: 720907
	Bit 6: 719242
	Bit 7: 718974

Total errors injected: 5759177
