vvencFFapp: Fraunhofer VVC Encoder ver. 1.5.0 [Linux][GCC 11.3.0][64 bit][SIMD=AVX2]
 started @ Sat Apr 22 05:32:30 2023
CODING TOOL CFG: CTU128 QT44BTT21 IBD:1 SAO:1 ALF:1 (NonLinLuma:0 NonLinChr:0) CCALF:1 Tiles:1x1 Slices:1 WPP:0 WPP-Substreams:1 TMVP:1 DQ:1 SDH:0 CST:1 BDOF:1 DMVR:1 MTSImplicit:1 SBT:0 JCbCr:1 CabacInitPresent:1 AMVR:5 SMVD:3 LMCS:2 (Signal:SDR Opt:0) CIIP:0 MIP:1 AFFINE:2 (PROF:1, Type:1) MMVD:3 DisFracMMVD:1 SbTMVP:1 GPM:3 LFNST:1 MTS:0 ISP:3 TS:2 TSLog2MaxSize:4 useChromaTS:0 BDPCM:2 IBC:2 BCW:0 
ENC. ALG. CFG: QPA:0 HAD:1 RDQ:1 RDQTS:1 ASR:1 MinSearchWindow:96 RestrictMESampling:0 EDO:2 MCTF:2 
PRE-ANALYSIS CFG: STA:1 LeadFrames:0 TrailFrames:0 
FAST TOOL CFG: ECU:0 FEN:1 FDM:1 FastSearch:4 (SCC:2) LCTUFast:1 FastMrg:2 PBIntraFast:1 AMaxBT:1 FastQtBtEnc:1 ContentBasedFastQtbt:0 FastMIP:3 FastIntraTools:0 IntraEstDecBit:2 FastLocalDualTree:1 IntegerET:0 FastSubPel:1 QtbttExtraFast:3 FastTTSplit:0 IBCFastMethod:3 FIM:0 ALFSpeed:0 QuantThr: 4 
RATE CONTROL CFG: RateControl:0 LookAhead:0 
PARALLEL PROCESSING CFG: NumThreads:0 MaxParallelFrames:0 WppBitEqual:0 WF:0 

POC     0 TId: 0 (  IDR_N_LP, I-SLICE, QP 34, TF 2)     137312 bits [Y 33.0393 dB    U 36.5932 dB    V 37.9362 dB] [ET   211 ] [L0 ] [L1 ]
POC    16 TId: 1 (      STSA, B-SLICE, QP 40, TF 1)      50048 bits [Y 30.8214 dB    U 36.0869 dB    V 36.7898 dB] [ET   788 ] [L0 0 ] [L1 0 ]
POC     8 TId: 2 (      STSA, B-SLICE, QP 40, TF 0)      40520 bits [Y 30.7365 dB    U 35.7763 dB    V 36.9424 dB] [ET  1183 ] [L0 0 16 ] [L1 16 0 ]
POC     4 TId: 3 (      STSA, B-SLICE, QP 43)            17008 bits [Y 30.1955 dB    U 35.6910 dB    V 36.8801 dB] [ET  1107 ] [L0 0 8 ] [L1 8 16 ]
POC     2 TId: 4 (      STSA, B-SLICE, QP 45)             9496 bits [Y 30.0791 dB    U 35.6641 dB    V 37.0275 dB] [ET   743 ] [L0 0 4 ] [L1 4 8 ]
POC     1 TId: 5 (      STSA, B-SLICE, QP 46)             4584 bits [Y 30.3376 dB    U 35.9147 dB    V 37.3249 dB] [ET   487 ] [L0 0 2 ] [L1 2 4 ]
POC     3 TId: 5 (      STSA, B-SLICE, QP 46)             4176 bits [Y 29.7245 dB    U 35.5583 dB    V 36.7298 dB] [ET   612 ] [L0 2 0 ] [L1 4 8 ]
POC     6 TId: 4 (      STSA, B-SLICE, QP 45)             8536 bits [Y 29.6474 dB    U 35.4492 dB    V 36.4969 dB] [ET  1089 ] [L0 4 0 ] [L1 8 16 ]
POC     5 TId: 5 (      STSA, B-SLICE, QP 46)             3960 bits [Y 29.5784 dB    U 35.4903 dB    V 36.6277 dB] [ET   574 ] [L0 4 0 ] [L1 6 8 ]
POC     7 TId: 5 (      STSA, B-SLICE, QP 46)             4040 bits [Y 29.6430 dB    U 35.4528 dB    V 36.5895 dB] [ET   594 ] [L0 6 4 ] [L1 8 16 ]
POC    12 TId: 3 (      STSA, B-SLICE, QP 43)            18784 bits [Y 29.8497 dB    U 35.7140 dB    V 36.3873 dB] [ET  1216 ] [L0 8 0 ] [L1 16 8 ]
POC    10 TId: 4 (      STSA, B-SLICE, QP 45)             9480 bits [Y 29.3789 dB    U 35.4405 dB    V 36.2686 dB] [ET  1035 ] [L0 8 0 ] [L1 12 16 ]
POC     9 TId: 5 (      STSA, B-SLICE, QP 46)             4016 bits [Y 29.4349 dB    U 35.5215 dB    V 36.5329 dB] [ET   568 ] [L0 8 0 ] [L1 10 12 ]
POC    11 TId: 5 (      STSA, B-SLICE, QP 46)             4232 bits [Y 29.2515 dB    U 35.4416 dB    V 36.2062 dB] [ET   659 ] [L0 10 8 ] [L1 12 16 ]
POC    14 TId: 4 (      STSA, B-SLICE, QP 45)             8312 bits [Y 29.4672 dB    U 35.6760 dB    V 36.0998 dB] [ET   817 ] [L0 12 8 ] [L1 16 12 ]
POC    13 TId: 5 (      STSA, B-SLICE, QP 46)             4352 bits [Y 29.3788 dB    U 35.5770 dB    V 36.1541 dB] [ET   567 ] [L0 12 8 ] [L1 14 16 ]
POC    15 TId: 5 (      STSA, B-SLICE, QP 46)             3864 bits [Y 29.7202 dB    U 35.8239 dB    V 36.3616 dB] [ET   484 ] [L0 14 12 ] [L1 16 14 ]

	Total Frames |   Bitrate     Y-PSNR    U-PSNR    V-PSNR    YUV-PSNR   
	       17    a     587.1529   30.0167   35.6983   36.6680   31.2092

 finished @ Sat Apr 22 09:04:58 2023
 Total Time:    12745.337 sec. [user]    12747.707 sec. [elapsed]

Level: 0
Inject Calls: 14846727744
Errors injected by bit:
	Bit 0: 149277
	Bit 1: 148271
	Bit 2: 148773
	Bit 3: 148486
	Bit 4: 149023
	Bit 5: 147924
	Bit 6: 148869
	Bit 7: 148456

Total errors injected: 1189079
