vvencFFapp: Fraunhofer VVC Encoder ver. 1.5.0 [Linux][GCC 11.3.0][64 bit][SIMD=AVX2]
 started @ Tue Apr 18 04:00:43 2023
CODING TOOL CFG: CTU128 QT44BTT21 IBD:1 SAO:1 ALF:1 (NonLinLuma:0 NonLinChr:0) CCALF:1 Tiles:1x1 Slices:1 WPP:0 WPP-Substreams:1 TMVP:1 DQ:1 SDH:0 CST:1 BDOF:1 DMVR:1 MTSImplicit:1 SBT:0 JCbCr:1 CabacInitPresent:1 AMVR:5 SMVD:3 LMCS:2 (Signal:SDR Opt:0) CIIP:0 MIP:1 AFFINE:2 (PROF:1, Type:1) MMVD:3 DisFracMMVD:1 SbTMVP:1 GPM:3 LFNST:1 MTS:0 ISP:3 TS:2 TSLog2MaxSize:4 useChromaTS:0 BDPCM:2 IBC:2 BCW:0 
ENC. ALG. CFG: QPA:0 HAD:1 RDQ:1 RDQTS:1 ASR:1 MinSearchWindow:96 RestrictMESampling:0 EDO:2 MCTF:2 
PRE-ANALYSIS CFG: STA:1 LeadFrames:0 TrailFrames:0 
FAST TOOL CFG: ECU:0 FEN:1 FDM:1 FastSearch:4 (SCC:2) LCTUFast:1 FastMrg:2 PBIntraFast:1 AMaxBT:1 FastQtBtEnc:1 ContentBasedFastQtbt:0 FastMIP:3 FastIntraTools:0 IntraEstDecBit:2 FastLocalDualTree:1 IntegerET:0 FastSubPel:1 QtbttExtraFast:3 FastTTSplit:0 IBCFastMethod:3 FIM:0 ALFSpeed:0 QuantThr: 4 
RATE CONTROL CFG: RateControl:0 LookAhead:0 
PARALLEL PROCESSING CFG: NumThreads:0 MaxParallelFrames:0 WppBitEqual:0 WF:0 

POC     0 TId: 0 (  IDR_N_LP, I-SLICE, QP 29, TF 2)     160808 bits [Y 38.4367 dB    U 41.6230 dB    V 42.6136 dB] [ET   256 ] [L0 ] [L1 ]
POC    16 TId: 1 (      STSA, B-SLICE, QP 34, TF 1)      30712 bits [Y 36.4734 dB    U 39.8868 dB    V 40.0594 dB] [ET   521 ] [L0 0 ] [L1 0 ]
POC     8 TId: 2 (      STSA, B-SLICE, QP 35, TF 0)      19056 bits [Y 36.5086 dB    U 40.0243 dB    V 40.8896 dB] [ET   729 ] [L0 0 16 ] [L1 16 0 ]
POC     4 TId: 3 (      STSA, B-SLICE, QP 38)            11600 bits [Y 36.1536 dB    U 40.1786 dB    V 40.8843 dB] [ET   668 ] [L0 0 8 ] [L1 8 16 ]
POC     2 TId: 4 (      STSA, B-SLICE, QP 40)             5032 bits [Y 36.3115 dB    U 40.8517 dB    V 41.3764 dB] [ET   447 ] [L0 0 4 ] [L1 4 8 ]
POC     1 TId: 5 (      STSA, B-SLICE, QP 41)              232 bits [Y 38.4367 dB    U 41.6230 dB    V 42.6136 dB] [ET   189 ] [L0 0 2 ] [L1 2 4 ]
POC     3 TId: 5 (      STSA, B-SLICE, QP 41)             3208 bits [Y 35.7447 dB    U 40.3854 dB    V 40.8215 dB] [ET   438 ] [L0 2 0 ] [L1 4 8 ]
POC     6 TId: 4 (      STSA, B-SLICE, QP 40)             6352 bits [Y 35.5844 dB    U 39.9777 dB    V 40.5102 dB] [ET   628 ] [L0 4 0 ] [L1 8 16 ]
POC     5 TId: 5 (      STSA, B-SLICE, QP 41)             3536 bits [Y 35.3151 dB    U 39.9211 dB    V 40.4746 dB] [ET   389 ] [L0 4 0 ] [L1 6 8 ]
POC     7 TId: 5 (      STSA, B-SLICE, QP 41)             3320 bits [Y 35.2055 dB    U 39.9991 dB    V 40.3633 dB] [ET   410 ] [L0 6 4 ] [L1 8 16 ]
POC    12 TId: 3 (      STSA, B-SLICE, QP 38)            13248 bits [Y 35.6221 dB    U 39.8692 dB    V 40.2123 dB] [ET   711 ] [L0 8 0 ] [L1 16 8 ]
POC    10 TId: 4 (      STSA, B-SLICE, QP 40)             6848 bits [Y 35.2989 dB    U 39.7605 dB    V 40.1465 dB] [ET   674 ] [L0 8 0 ] [L1 12 16 ]
POC     9 TId: 5 (      STSA, B-SLICE, QP 41)             3328 bits [Y 35.6379 dB    U 39.8629 dB    V 40.4952 dB] [ET   486 ] [L0 8 0 ] [L1 10 12 ]
POC    11 TId: 5 (      STSA, B-SLICE, QP 41)             3800 bits [Y 35.2773 dB    U 39.7168 dB    V 39.9683 dB] [ET   402 ] [L0 10 8 ] [L1 12 16 ]
POC    14 TId: 4 (      STSA, B-SLICE, QP 40)             7336 bits [Y 35.2362 dB    U 39.5360 dB    V 39.8137 dB] [ET   518 ] [L0 12 8 ] [L1 16 12 ]
POC    13 TId: 5 (      STSA, B-SLICE, QP 41)             3496 bits [Y 35.0278 dB    U 39.7079 dB    V 39.8647 dB] [ET   428 ] [L0 12 8 ] [L1 14 16 ]
POC    15 TId: 5 (      STSA, B-SLICE, QP 41)             2960 bits [Y 35.1902 dB    U 39.6953 dB    V 39.6636 dB] [ET   373 ] [L0 14 12 ] [L1 16 14 ]

	Total Frames |   Bitrate     Y-PSNR    U-PSNR    V-PSNR    YUV-PSNR   
	       17    a     837.8588   35.9683   40.1541   40.6336   36.9111

 finished @ Tue Apr 18 06:18:45 2023
 Total Time:     8274.337 sec. [user]     8282.316 sec. [elapsed]

Level: 0
Inject Calls: 9424896352
Errors injected by bit:
	Bit 0: 94634
	Bit 1: 94704
	Bit 2: 94589
	Bit 3: 93684
	Bit 4: 94218
	Bit 5: 93798
	Bit 6: 94606
	Bit 7: 94339

Total errors injected: 754572
