vvencFFapp: Fraunhofer VVC Encoder ver. 1.5.0 [Linux][GCC 11.3.0][64 bit][SIMD=AVX2]
 started @ Tue Apr 18 12:45:52 2023
CODING TOOL CFG: CTU128 QT44BTT21 IBD:1 SAO:1 ALF:1 (NonLinLuma:0 NonLinChr:0) CCALF:1 Tiles:1x1 Slices:1 WPP:0 WPP-Substreams:1 TMVP:1 DQ:1 SDH:0 CST:1 BDOF:1 DMVR:1 MTSImplicit:1 SBT:0 JCbCr:1 CabacInitPresent:1 AMVR:5 SMVD:3 LMCS:2 (Signal:SDR Opt:0) CIIP:0 MIP:1 AFFINE:2 (PROF:1, Type:1) MMVD:3 DisFracMMVD:1 SbTMVP:1 GPM:3 LFNST:1 MTS:0 ISP:3 TS:2 TSLog2MaxSize:4 useChromaTS:0 BDPCM:2 IBC:2 BCW:0 
ENC. ALG. CFG: QPA:0 HAD:1 RDQ:1 RDQTS:1 ASR:1 MinSearchWindow:96 RestrictMESampling:0 EDO:2 MCTF:2 
PRE-ANALYSIS CFG: STA:1 LeadFrames:0 TrailFrames:0 
FAST TOOL CFG: ECU:0 FEN:1 FDM:1 FastSearch:4 (SCC:2) LCTUFast:1 FastMrg:2 PBIntraFast:1 AMaxBT:1 FastQtBtEnc:1 ContentBasedFastQtbt:0 FastMIP:3 FastIntraTools:0 IntraEstDecBit:2 FastLocalDualTree:1 IntegerET:0 FastSubPel:1 QtbttExtraFast:3 FastTTSplit:0 IBCFastMethod:3 FIM:0 ALFSpeed:0 QuantThr: 4 
RATE CONTROL CFG: RateControl:0 LookAhead:0 
PARALLEL PROCESSING CFG: NumThreads:0 MaxParallelFrames:0 WppBitEqual:0 WF:0 

POC     0 TId: 0 (  IDR_N_LP, I-SLICE, QP 19, TF 3)     581848 bits [Y 42.2672 dB    U 45.0524 dB    V 46.9660 dB] [ET   529 ] [L0 ] [L1 ]
POC    16 TId: 1 (      STSA, B-SLICE, QP 22, TF 2)     215904 bits [Y 41.5975 dB    U 44.1865 dB    V 45.8090 dB] [ET   672 ] [L0 0 ] [L1 0 ]
POC     8 TId: 2 (      STSA, B-SLICE, QP 23, TF 1)      98168 bits [Y 40.9416 dB    U 44.1585 dB    V 45.9815 dB] [ET   723 ] [L0 0 16 ] [L1 16 0 ]
POC     4 TId: 3 (      STSA, B-SLICE, QP 26, TF 0)      43448 bits [Y 40.5510 dB    U 44.3238 dB    V 46.0706 dB] [ET   652 ] [L0 0 8 ] [L1 8 16 ]
POC     2 TId: 4 (      STSA, B-SLICE, QP 28)            20936 bits [Y 40.5578 dB    U 44.6235 dB    V 46.4129 dB] [ET   477 ] [L0 0 4 ] [L1 4 8 ]
POC     1 TId: 5 (      STSA, B-SLICE, QP 29)             9040 bits [Y 40.8503 dB    U 44.8152 dB    V 46.6726 dB] [ET   354 ] [L0 0 2 ] [L1 2 4 ]
POC     3 TId: 5 (      STSA, B-SLICE, QP 29)             9888 bits [Y 40.1843 dB    U 44.4956 dB    V 46.1851 dB] [ET   393 ] [L0 2 0 ] [L1 4 8 ]
POC     6 TId: 4 (      STSA, B-SLICE, QP 28)            22064 bits [Y 40.1379 dB    U 44.1417 dB    V 45.8295 dB] [ET   519 ] [L0 4 0 ] [L1 8 16 ]
POC     5 TId: 5 (      STSA, B-SLICE, QP 29)            10072 bits [Y 40.0117 dB    U 44.1168 dB    V 45.8997 dB] [ET   412 ] [L0 4 0 ] [L1 6 8 ]
POC     7 TId: 5 (      STSA, B-SLICE, QP 29)             9304 bits [Y 40.0760 dB    U 44.1730 dB    V 45.7731 dB] [ET   424 ] [L0 6 4 ] [L1 8 16 ]
POC    12 TId: 3 (      STSA, B-SLICE, QP 26, TF 0)      48880 bits [Y 40.2387 dB    U 43.9820 dB    V 45.5335 dB] [ET   697 ] [L0 8 0 ] [L1 16 8 ]
POC    10 TId: 4 (      STSA, B-SLICE, QP 28)            24096 bits [Y 40.0496 dB    U 43.9838 dB    V 45.5806 dB] [ET   650 ] [L0 8 0 ] [L1 12 16 ]
POC     9 TId: 5 (      STSA, B-SLICE, QP 29)            10192 bits [Y 40.0183 dB    U 44.0705 dB    V 45.7735 dB] [ET   425 ] [L0 8 0 ] [L1 10 12 ]
POC    11 TId: 5 (      STSA, B-SLICE, QP 29)            11472 bits [Y 39.8430 dB    U 43.9408 dB    V 45.5887 dB] [ET   433 ] [L0 10 8 ] [L1 12 16 ]
POC    14 TId: 4 (      STSA, B-SLICE, QP 28)            27792 bits [Y 39.9937 dB    U 43.8496 dB    V 45.3724 dB] [ET   525 ] [L0 12 8 ] [L1 16 12 ]
POC    13 TId: 5 (      STSA, B-SLICE, QP 29)            12888 bits [Y 39.7462 dB    U 43.8278 dB    V 45.4349 dB] [ET   469 ] [L0 12 8 ] [L1 14 16 ]
POC    15 TId: 5 (      STSA, B-SLICE, QP 29)            13520 bits [Y 39.9340 dB    U 43.9146 dB    V 45.4848 dB] [ET   365 ] [L0 14 12 ] [L1 16 14 ]

	Total Frames |   Bitrate     Y-PSNR    U-PSNR    V-PSNR    YUV-PSNR   
	       17    a    4127.6894   40.4117   44.2151   45.9040   41.4322

 finished @ Tue Apr 18 15:11:34 2023
 Total Time:     8729.989 sec. [user]     8741.341 sec. [elapsed]

Level: 0
Inject Calls: 8974407712
Errors injected by bit:
	Bit 0: 8976251
	Bit 1: 8974609
	Bit 2: 8972215
	Bit 3: 8975244
	Bit 4: 8975176
	Bit 5: 8973872
	Bit 6: 8970672
	Bit 7: 8973717

Total errors injected: 71791756
