vvencFFapp: Fraunhofer VVC Encoder ver. 1.5.0 [Linux][GCC 11.3.0][64 bit][SIMD=AVX2]
 started @ Mon Apr 17 08:55:21 2023
CODING TOOL CFG: CTU128 QT44BTT21 IBD:1 SAO:1 ALF:1 (NonLinLuma:0 NonLinChr:0) CCALF:1 Tiles:1x1 Slices:1 WPP:0 WPP-Substreams:1 TMVP:1 DQ:1 SDH:0 CST:1 BDOF:1 DMVR:1 MTSImplicit:1 SBT:0 JCbCr:1 CabacInitPresent:1 AMVR:5 SMVD:3 LMCS:2 (Signal:SDR Opt:0) CIIP:0 MIP:1 AFFINE:2 (PROF:1, Type:1) MMVD:3 DisFracMMVD:1 SbTMVP:1 GPM:3 LFNST:1 MTS:0 ISP:3 TS:2 TSLog2MaxSize:4 useChromaTS:0 BDPCM:2 IBC:2 BCW:0 
ENC. ALG. CFG: QPA:0 HAD:1 RDQ:1 RDQTS:1 ASR:1 MinSearchWindow:96 RestrictMESampling:0 EDO:2 MCTF:2 
PRE-ANALYSIS CFG: STA:1 LeadFrames:0 TrailFrames:0 
FAST TOOL CFG: ECU:0 FEN:1 FDM:1 FastSearch:4 (SCC:2) LCTUFast:1 FastMrg:2 PBIntraFast:1 AMaxBT:1 FastQtBtEnc:1 ContentBasedFastQtbt:0 FastMIP:3 FastIntraTools:0 IntraEstDecBit:2 FastLocalDualTree:1 IntegerET:0 FastSubPel:1 QtbttExtraFast:3 FastTTSplit:0 IBCFastMethod:3 FIM:0 ALFSpeed:0 QuantThr: 4 
RATE CONTROL CFG: RateControl:0 LookAhead:0 
PARALLEL PROCESSING CFG: NumThreads:0 MaxParallelFrames:0 WppBitEqual:0 WF:0 

POC     0 TId: 0 (  IDR_N_LP, I-SLICE, QP 19, TF 3)     564808 bits [Y 45.1467 dB    U 46.3576 dB    V 47.8581 dB] [ET   549 ] [L0 ] [L1 ]
POC    16 TId: 1 (      STSA, B-SLICE, QP 22, TF 2)     141488 bits [Y 42.6876 dB    U 44.9031 dB    V 45.9800 dB] [ET   803 ] [L0 0 ] [L1 0 ]
POC     8 TId: 2 (      STSA, B-SLICE, QP 23, TF 1)      79248 bits [Y 42.3072 dB    U 44.7246 dB    V 46.1740 dB] [ET   996 ] [L0 0 16 ] [L1 16 0 ]
POC     4 TId: 3 (      STSA, B-SLICE, QP 26, TF 0)      47864 bits [Y 41.9098 dB    U 44.4399 dB    V 45.7550 dB] [ET   951 ] [L0 0 8 ] [L1 8 16 ]
POC     2 TId: 4 (      STSA, B-SLICE, QP 28)            24656 bits [Y 41.8997 dB    U 44.8132 dB    V 46.0610 dB] [ET   662 ] [L0 0 4 ] [L1 4 8 ]
POC     1 TId: 5 (      STSA, B-SLICE, QP 29)              288 bits [Y 45.1423 dB    U 46.3577 dB    V 47.8572 dB] [ET   251 ] [L0 0 2 ] [L1 2 4 ]
POC     3 TId: 5 (      STSA, B-SLICE, QP 29)            18992 bits [Y 41.5482 dB    U 44.3527 dB    V 45.5476 dB] [ET   645 ] [L0 2 0 ] [L1 4 8 ]
POC     6 TId: 4 (      STSA, B-SLICE, QP 28)            31648 bits [Y 41.5611 dB    U 44.2574 dB    V 45.3759 dB] [ET   972 ] [L0 4 0 ] [L1 8 16 ]
POC     5 TId: 5 (      STSA, B-SLICE, QP 29)            20808 bits [Y 41.2085 dB    U 44.0958 dB    V 45.2788 dB] [ET   704 ] [L0 4 0 ] [L1 6 8 ]
POC     7 TId: 5 (      STSA, B-SLICE, QP 29)            22056 bits [Y 41.1704 dB    U 44.2364 dB    V 45.2739 dB] [ET   742 ] [L0 6 4 ] [L1 8 16 ]
POC    12 TId: 3 (      STSA, B-SLICE, QP 26, TF 0)      54288 bits [Y 41.4700 dB    U 44.1007 dB    V 45.2061 dB] [ET   946 ] [L0 8 0 ] [L1 16 8 ]
POC    10 TId: 4 (      STSA, B-SLICE, QP 28)            36040 bits [Y 41.2529 dB    U 44.0547 dB    V 45.0663 dB] [ET  1020 ] [L0 8 0 ] [L1 12 16 ]
POC     9 TId: 5 (      STSA, B-SLICE, QP 29)            20096 bits [Y 41.4513 dB    U 44.2573 dB    V 45.3042 dB] [ET   744 ] [L0 8 0 ] [L1 10 12 ]
POC    11 TId: 5 (      STSA, B-SLICE, QP 29)            22808 bits [Y 41.2262 dB    U 44.0531 dB    V 44.8307 dB] [ET   763 ] [L0 10 8 ] [L1 12 16 ]
POC    14 TId: 4 (      STSA, B-SLICE, QP 28)            37048 bits [Y 41.2352 dB    U 43.9419 dB    V 44.7685 dB] [ET   765 ] [L0 12 8 ] [L1 16 12 ]
POC    13 TId: 5 (      STSA, B-SLICE, QP 29)            22560 bits [Y 41.0553 dB    U 43.8408 dB    V 44.7885 dB] [ET   651 ] [L0 12 8 ] [L1 14 16 ]
POC    15 TId: 5 (      STSA, B-SLICE, QP 29)            21376 bits [Y 41.0798 dB    U 44.1741 dB    V 44.8331 dB] [ET   524 ] [L0 14 12 ] [L1 16 14 ]

	Total Frames |   Bitrate     Y-PSNR    U-PSNR    V-PSNR    YUV-PSNR   
	       17    a    3429.6235   41.9619   44.5271   45.6446   42.6366

 finished @ Mon Apr 17 12:27:07 2023
 Total Time:    12705.586 sec. [user]    12706.422 sec. [elapsed]

Level: 0
Inject Calls: 13751468288
Errors injected by bit:
	Bit 0: 13749715
	Bit 1: 13752332
	Bit 2: 13756779
	Bit 3: 13751967
	Bit 4: 13749418
	Bit 5: 13752585
	Bit 6: 13758137
	Bit 7: 13746565

Total errors injected: 110017498
