vvencFFapp: Fraunhofer VVC Encoder ver. 1.5.0 [Linux][GCC 11.3.0][64 bit][SIMD=AVX2]
 started @ Tue Apr 18 22:01:01 2023
CODING TOOL CFG: CTU128 QT44BTT21 IBD:1 SAO:1 ALF:1 (NonLinLuma:0 NonLinChr:0) CCALF:1 Tiles:1x1 Slices:1 WPP:0 WPP-Substreams:1 TMVP:1 DQ:1 SDH:0 CST:1 BDOF:1 DMVR:1 MTSImplicit:1 SBT:0 JCbCr:1 CabacInitPresent:1 AMVR:5 SMVD:3 LMCS:2 (Signal:SDR Opt:0) CIIP:0 MIP:1 AFFINE:2 (PROF:1, Type:1) MMVD:3 DisFracMMVD:1 SbTMVP:1 GPM:3 LFNST:1 MTS:0 ISP:3 TS:2 TSLog2MaxSize:4 useChromaTS:0 BDPCM:2 IBC:2 BCW:0 
ENC. ALG. CFG: QPA:0 HAD:1 RDQ:1 RDQTS:1 ASR:1 MinSearchWindow:96 RestrictMESampling:0 EDO:2 MCTF:2 
PRE-ANALYSIS CFG: STA:1 LeadFrames:0 TrailFrames:0 
FAST TOOL CFG: ECU:0 FEN:1 FDM:1 FastSearch:4 (SCC:2) LCTUFast:1 FastMrg:2 PBIntraFast:1 AMaxBT:1 FastQtBtEnc:1 ContentBasedFastQtbt:0 FastMIP:3 FastIntraTools:0 IntraEstDecBit:2 FastLocalDualTree:1 IntegerET:0 FastSubPel:1 QtbttExtraFast:3 FastTTSplit:0 IBCFastMethod:3 FIM:0 ALFSpeed:0 QuantThr: 4 
RATE CONTROL CFG: RateControl:0 LookAhead:0 
PARALLEL PROCESSING CFG: NumThreads:0 MaxParallelFrames:0 WppBitEqual:0 WF:0 

POC     0 TId: 0 (  IDR_N_LP, I-SLICE, QP 24, TF 3)     377624 bits [Y 40.2668 dB    U 43.0828 dB    V 44.6158 dB] [ET   362 ] [L0 ] [L1 ]
POC    16 TId: 1 (      STSA, B-SLICE, QP 28, TF 2)     101872 bits [Y 38.6970 dB    U 42.0461 dB    V 43.2550 dB] [ET   516 ] [L0 0 ] [L1 0 ]
POC     8 TId: 2 (      STSA, B-SLICE, QP 29, TF 1)      44416 bits [Y 38.5724 dB    U 42.1859 dB    V 43.6242 dB] [ET   617 ] [L0 0 16 ] [L1 16 0 ]
POC     4 TId: 3 (      STSA, B-SLICE, QP 32, TF 0)      18824 bits [Y 38.3088 dB    U 42.4549 dB    V 43.8351 dB] [ET   528 ] [L0 0 8 ] [L1 8 16 ]
POC     2 TId: 4 (      STSA, B-SLICE, QP 34)             8520 bits [Y 38.4312 dB    U 42.8017 dB    V 44.2023 dB] [ET   383 ] [L0 0 4 ] [L1 4 8 ]
POC     1 TId: 5 (      STSA, B-SLICE, QP 36)             3016 bits [Y 38.7930 dB    U 42.8949 dB    V 44.4375 dB] [ET   305 ] [L0 0 2 ] [L1 2 4 ]
POC     3 TId: 5 (      STSA, B-SLICE, QP 36)             3224 bits [Y 37.9022 dB    U 42.6563 dB    V 44.0090 dB] [ET   278 ] [L0 2 0 ] [L1 4 8 ]
POC     6 TId: 4 (      STSA, B-SLICE, QP 34)             8920 bits [Y 37.8735 dB    U 42.3053 dB    V 43.6320 dB] [ET   421 ] [L0 4 0 ] [L1 8 16 ]
POC     5 TId: 5 (      STSA, B-SLICE, QP 36)             3184 bits [Y 37.6670 dB    U 42.3280 dB    V 43.7498 dB] [ET   298 ] [L0 4 0 ] [L1 6 8 ]
POC     7 TId: 5 (      STSA, B-SLICE, QP 36)             3056 bits [Y 37.7882 dB    U 42.2722 dB    V 43.6136 dB] [ET   308 ] [L0 6 4 ] [L1 8 16 ]
POC    12 TId: 3 (      STSA, B-SLICE, QP 32, TF 0)      21984 bits [Y 37.7887 dB    U 41.9567 dB    V 43.2053 dB] [ET   580 ] [L0 8 0 ] [L1 16 8 ]
POC    10 TId: 4 (      STSA, B-SLICE, QP 34)             9376 bits [Y 37.6569 dB    U 42.0673 dB    V 43.3240 dB] [ET   456 ] [L0 8 0 ] [L1 12 16 ]
POC     9 TId: 5 (      STSA, B-SLICE, QP 36)             3640 bits [Y 37.6580 dB    U 42.1778 dB    V 43.4829 dB] [ET   309 ] [L0 8 0 ] [L1 10 12 ]
POC    11 TId: 5 (      STSA, B-SLICE, QP 36)             3760 bits [Y 37.3473 dB    U 41.9687 dB    V 43.2800 dB] [ET   279 ] [L0 10 8 ] [L1 12 16 ]
POC    14 TId: 4 (      STSA, B-SLICE, QP 34)            10776 bits [Y 37.4440 dB    U 41.8967 dB    V 43.0528 dB] [ET   406 ] [L0 12 8 ] [L1 16 12 ]
POC    13 TId: 5 (      STSA, B-SLICE, QP 36)             4240 bits [Y 37.1871 dB    U 41.8927 dB    V 43.1305 dB] [ET   299 ] [L0 12 8 ] [L1 14 16 ]
POC    15 TId: 5 (      STSA, B-SLICE, QP 36)             4256 bits [Y 37.3543 dB    U 41.9824 dB    V 43.1454 dB] [ET   225 ] [L0 14 12 ] [L1 16 14 ]

	Total Frames |   Bitrate     Y-PSNR    U-PSNR    V-PSNR    YUV-PSNR   
	       17    a    2225.9576   38.0433   42.2924   43.6232   39.0966

 finished @ Tue Apr 18 23:50:46 2023
 Total Time:     6580.207 sec. [user]     6584.523 sec. [elapsed]

Level: 0
Inject Calls: 7069609088
Errors injected by bit:
	Bit 0: 6985
	Bit 1: 7187
	Bit 2: 7107
	Bit 3: 6922
	Bit 4: 7115
	Bit 5: 7090
	Bit 6: 7007
	Bit 7: 7024

Total errors injected: 56437
