vvencFFapp: Fraunhofer VVC Encoder ver. 1.5.0 [Linux][GCC 11.3.0][64 bit][SIMD=AVX2]
 started @ Wed Apr 19 01:31:05 2023
CODING TOOL CFG: CTU128 QT44BTT21 IBD:1 SAO:1 ALF:1 (NonLinLuma:0 NonLinChr:0) CCALF:1 Tiles:1x1 Slices:1 WPP:0 WPP-Substreams:1 TMVP:1 DQ:1 SDH:0 CST:1 BDOF:1 DMVR:1 MTSImplicit:1 SBT:0 JCbCr:1 CabacInitPresent:1 AMVR:5 SMVD:3 LMCS:2 (Signal:SDR Opt:0) CIIP:0 MIP:1 AFFINE:2 (PROF:1, Type:1) MMVD:3 DisFracMMVD:1 SbTMVP:1 GPM:3 LFNST:1 MTS:0 ISP:3 TS:2 TSLog2MaxSize:4 useChromaTS:0 BDPCM:2 IBC:2 BCW:0 
ENC. ALG. CFG: QPA:0 HAD:1 RDQ:1 RDQTS:1 ASR:1 MinSearchWindow:96 RestrictMESampling:0 EDO:2 MCTF:2 
PRE-ANALYSIS CFG: STA:1 LeadFrames:0 TrailFrames:0 
FAST TOOL CFG: ECU:0 FEN:1 FDM:1 FastSearch:4 (SCC:2) LCTUFast:1 FastMrg:2 PBIntraFast:1 AMaxBT:1 FastQtBtEnc:1 ContentBasedFastQtbt:0 FastMIP:3 FastIntraTools:0 IntraEstDecBit:2 FastLocalDualTree:1 IntegerET:0 FastSubPel:1 QtbttExtraFast:3 FastTTSplit:0 IBCFastMethod:3 FIM:0 ALFSpeed:0 QuantThr: 4 
RATE CONTROL CFG: RateControl:0 LookAhead:0 
PARALLEL PROCESSING CFG: NumThreads:0 MaxParallelFrames:0 WppBitEqual:0 WF:0 

POC     0 TId: 0 (  IDR_N_LP, I-SLICE, QP 29, TF 2)     239000 bits [Y 37.7621 dB    U 41.1947 dB    V 42.2796 dB] [ET   304 ] [L0 ] [L1 ]
POC    16 TId: 1 (      STSA, B-SLICE, QP 34, TF 1)      48688 bits [Y 35.5630 dB    U 39.9113 dB    V 40.6470 dB] [ET   452 ] [L0 0 ] [L1 0 ]
POC     8 TId: 2 (      STSA, B-SLICE, QP 35, TF 0)      20392 bits [Y 35.7503 dB    U 40.3042 dB    V 41.1136 dB] [ET   516 ] [L0 0 16 ] [L1 16 0 ]
POC     4 TId: 3 (      STSA, B-SLICE, QP 38)             8184 bits [Y 35.6010 dB    U 40.6843 dB    V 41.5344 dB] [ET   430 ] [L0 0 8 ] [L1 8 16 ]
POC     2 TId: 4 (      STSA, B-SLICE, QP 40)             3648 bits [Y 35.7606 dB    U 40.9636 dB    V 41.9071 dB] [ET   246 ] [L0 0 4 ] [L1 4 8 ]
POC     1 TId: 5 (      STSA, B-SLICE, QP 41)             1376 bits [Y 36.3370 dB    U 41.0288 dB    V 42.1288 dB] [ET   190 ] [L0 0 2 ] [L1 2 4 ]
POC     3 TId: 5 (      STSA, B-SLICE, QP 41)             1576 bits [Y 35.3537 dB    U 40.8565 dB    V 41.7053 dB] [ET   240 ] [L0 2 0 ] [L1 4 8 ]
POC     6 TId: 4 (      STSA, B-SLICE, QP 40)             3712 bits [Y 35.1248 dB    U 40.5428 dB    V 41.3549 dB] [ET   312 ] [L0 4 0 ] [L1 8 16 ]
POC     5 TId: 5 (      STSA, B-SLICE, QP 41)             1600 bits [Y 35.0929 dB    U 40.5743 dB    V 41.4377 dB] [ET   213 ] [L0 4 0 ] [L1 6 8 ]
POC     7 TId: 5 (      STSA, B-SLICE, QP 41)             1184 bits [Y 35.1288 dB    U 40.4339 dB    V 41.2488 dB] [ET   228 ] [L0 6 4 ] [L1 8 16 ]
POC    12 TId: 3 (      STSA, B-SLICE, QP 38)             9672 bits [Y 34.9242 dB    U 40.1132 dB    V 40.8787 dB] [ET   477 ] [L0 8 0 ] [L1 16 8 ]
POC    10 TId: 4 (      STSA, B-SLICE, QP 40)             3728 bits [Y 34.7473 dB    U 40.1993 dB    V 40.9582 dB] [ET   354 ] [L0 8 0 ] [L1 12 16 ]
POC     9 TId: 5 (      STSA, B-SLICE, QP 41)             1576 bits [Y 34.9468 dB    U 40.2888 dB    V 41.0530 dB] [ET   225 ] [L0 8 0 ] [L1 10 12 ]
POC    11 TId: 5 (      STSA, B-SLICE, QP 41)             1680 bits [Y 34.5778 dB    U 40.1154 dB    V 40.8741 dB] [ET   244 ] [L0 10 8 ] [L1 12 16 ]
POC    14 TId: 4 (      STSA, B-SLICE, QP 40)             4488 bits [Y 34.5412 dB    U 39.9846 dB    V 40.6759 dB] [ET   292 ] [L0 12 8 ] [L1 16 12 ]
POC    13 TId: 5 (      STSA, B-SLICE, QP 41)             2248 bits [Y 34.5096 dB    U 40.0540 dB    V 40.7902 dB] [ET   237 ] [L0 12 8 ] [L1 14 16 ]
POC    15 TId: 5 (      STSA, B-SLICE, QP 41)             1840 bits [Y 34.5959 dB    U 40.0060 dB    V 40.6288 dB] [ET   168 ] [L0 14 12 ] [L1 16 14 ]

	Total Frames |   Bitrate     Y-PSNR    U-PSNR    V-PSNR    YUV-PSNR   
	       17    a    1251.5012   35.3128   40.4268   41.2480   36.4419

 finished @ Wed Apr 19 02:56:46 2023
 Total Time:     5140.021 sec. [user]     5140.685 sec. [elapsed]

Level: 0
Inject Calls: 5576621888
Errors injected by bit:
	Bit 0: 55355
	Bit 1: 55661
	Bit 2: 55705
	Bit 3: 55775
	Bit 4: 55558
	Bit 5: 55673
	Bit 6: 55723
	Bit 7: 55800

Total errors injected: 445250
