vvencFFapp: Fraunhofer VVC Encoder ver. 1.5.0 [Linux][GCC 11.3.0][64 bit][SIMD=AVX2]
 started @ Tue Apr 18 20:11:00 2023
CODING TOOL CFG: CTU128 QT44BTT21 IBD:1 SAO:1 ALF:1 (NonLinLuma:0 NonLinChr:0) CCALF:1 Tiles:1x1 Slices:1 WPP:0 WPP-Substreams:1 TMVP:1 DQ:1 SDH:0 CST:1 BDOF:1 DMVR:1 MTSImplicit:1 SBT:0 JCbCr:1 CabacInitPresent:1 AMVR:5 SMVD:3 LMCS:2 (Signal:SDR Opt:0) CIIP:0 MIP:1 AFFINE:2 (PROF:1, Type:1) MMVD:3 DisFracMMVD:1 SbTMVP:1 GPM:3 LFNST:1 MTS:0 ISP:3 TS:2 TSLog2MaxSize:4 useChromaTS:0 BDPCM:2 IBC:2 BCW:0 
ENC. ALG. CFG: QPA:0 HAD:1 RDQ:1 RDQTS:1 ASR:1 MinSearchWindow:96 RestrictMESampling:0 EDO:2 MCTF:2 
PRE-ANALYSIS CFG: STA:1 LeadFrames:0 TrailFrames:0 
FAST TOOL CFG: ECU:0 FEN:1 FDM:1 FastSearch:4 (SCC:2) LCTUFast:1 FastMrg:2 PBIntraFast:1 AMaxBT:1 FastQtBtEnc:1 ContentBasedFastQtbt:0 FastMIP:3 FastIntraTools:0 IntraEstDecBit:2 FastLocalDualTree:1 IntegerET:0 FastSubPel:1 QtbttExtraFast:3 FastTTSplit:0 IBCFastMethod:3 FIM:0 ALFSpeed:0 QuantThr: 4 
RATE CONTROL CFG: RateControl:0 LookAhead:0 
PARALLEL PROCESSING CFG: NumThreads:0 MaxParallelFrames:0 WppBitEqual:0 WF:0 

POC     0 TId: 0 (  IDR_N_LP, I-SLICE, QP 24, TF 3)     377624 bits [Y 40.2668 dB    U 43.0828 dB    V 44.6158 dB] [ET   393 ] [L0 ] [L1 ]
POC    16 TId: 1 (      STSA, B-SLICE, QP 28, TF 2)     101456 bits [Y 38.6867 dB    U 42.0319 dB    V 43.2499 dB] [ET   531 ] [L0 0 ] [L1 0 ]
POC     8 TId: 2 (      STSA, B-SLICE, QP 29, TF 1)      44960 bits [Y 38.5947 dB    U 42.2455 dB    V 43.6360 dB] [ET   578 ] [L0 0 16 ] [L1 16 0 ]
POC     4 TId: 3 (      STSA, B-SLICE, QP 32, TF 0)      19096 bits [Y 38.3500 dB    U 42.4878 dB    V 43.8133 dB] [ET   527 ] [L0 0 8 ] [L1 8 16 ]
POC     2 TId: 4 (      STSA, B-SLICE, QP 34)             8280 bits [Y 38.4309 dB    U 42.8025 dB    V 44.1880 dB] [ET   379 ] [L0 0 4 ] [L1 4 8 ]
POC     1 TId: 5 (      STSA, B-SLICE, QP 36)             2944 bits [Y 38.7764 dB    U 42.9153 dB    V 44.4284 dB] [ET   232 ] [L0 0 2 ] [L1 2 4 ]
POC     3 TId: 5 (      STSA, B-SLICE, QP 36)             3240 bits [Y 37.9385 dB    U 42.6684 dB    V 43.9818 dB] [ET   330 ] [L0 2 0 ] [L1 4 8 ]
POC     6 TId: 4 (      STSA, B-SLICE, QP 34)             8888 bits [Y 37.8554 dB    U 42.3471 dB    V 43.6499 dB] [ET   443 ] [L0 4 0 ] [L1 8 16 ]
POC     5 TId: 5 (      STSA, B-SLICE, QP 36)             3216 bits [Y 37.6568 dB    U 42.3711 dB    V 43.7202 dB] [ET   290 ] [L0 4 0 ] [L1 6 8 ]
POC     7 TId: 5 (      STSA, B-SLICE, QP 36)             2920 bits [Y 37.7832 dB    U 42.3442 dB    V 43.6290 dB] [ET   312 ] [L0 6 4 ] [L1 8 16 ]
POC    12 TId: 3 (      STSA, B-SLICE, QP 32, TF 0)      21480 bits [Y 37.7958 dB    U 41.9389 dB    V 43.1625 dB] [ET   567 ] [L0 8 0 ] [L1 16 8 ]
POC    10 TId: 4 (      STSA, B-SLICE, QP 34)             9336 bits [Y 37.6646 dB    U 42.1106 dB    V 43.3311 dB] [ET   500 ] [L0 8 0 ] [L1 12 16 ]
POC     9 TId: 5 (      STSA, B-SLICE, QP 36)             3480 bits [Y 37.6704 dB    U 42.1938 dB    V 43.5212 dB] [ET   289 ] [L0 8 0 ] [L1 10 12 ]
POC    11 TId: 5 (      STSA, B-SLICE, QP 36)             3568 bits [Y 37.3485 dB    U 41.9955 dB    V 43.2720 dB] [ET   280 ] [L0 10 8 ] [L1 12 16 ]
POC    14 TId: 4 (      STSA, B-SLICE, QP 34)            10464 bits [Y 37.4202 dB    U 41.9129 dB    V 43.0686 dB] [ET   397 ] [L0 12 8 ] [L1 16 12 ]
POC    13 TId: 5 (      STSA, B-SLICE, QP 36)             4200 bits [Y 37.1799 dB    U 41.9140 dB    V 43.0938 dB] [ET   299 ] [L0 12 8 ] [L1 14 16 ]
POC    15 TId: 5 (      STSA, B-SLICE, QP 36)             4248 bits [Y 37.3575 dB    U 41.9925 dB    V 43.1327 dB] [ET   249 ] [L0 14 12 ] [L1 16 14 ]

	Total Frames |   Bitrate     Y-PSNR    U-PSNR    V-PSNR    YUV-PSNR   
	       17    a    2221.4118   38.0457   42.3150   43.6173   39.0998

 finished @ Tue Apr 18 22:01:13 2023
 Total Time:     6606.521 sec. [user]     6613.001 sec. [elapsed]

Level: 0
Inject Calls: 7123639712
Errors injected by bit:
	Bit 0: 71339
	Bit 1: 71184
	Bit 2: 71220
	Bit 3: 71401
	Bit 4: 71578
	Bit 5: 71378
	Bit 6: 71204
	Bit 7: 71796

Total errors injected: 571100
