vvencFFapp: Fraunhofer VVC Encoder ver. 1.5.0 [Linux][GCC 11.3.0][64 bit][SIMD=AVX2]
 started @ Wed Apr 19 00:11:04 2023
CODING TOOL CFG: CTU128 QT44BTT21 IBD:1 SAO:1 ALF:1 (NonLinLuma:0 NonLinChr:0) CCALF:1 Tiles:1x1 Slices:1 WPP:0 WPP-Substreams:1 TMVP:1 DQ:1 SDH:0 CST:1 BDOF:1 DMVR:1 MTSImplicit:1 SBT:0 JCbCr:1 CabacInitPresent:1 AMVR:5 SMVD:3 LMCS:2 (Signal:SDR Opt:0) CIIP:0 MIP:1 AFFINE:2 (PROF:1, Type:1) MMVD:3 DisFracMMVD:1 SbTMVP:1 GPM:3 LFNST:1 MTS:0 ISP:3 TS:2 TSLog2MaxSize:4 useChromaTS:0 BDPCM:2 IBC:2 BCW:0 
ENC. ALG. CFG: QPA:0 HAD:1 RDQ:1 RDQTS:1 ASR:1 MinSearchWindow:96 RestrictMESampling:0 EDO:2 MCTF:2 
PRE-ANALYSIS CFG: STA:1 LeadFrames:0 TrailFrames:0 
FAST TOOL CFG: ECU:0 FEN:1 FDM:1 FastSearch:4 (SCC:2) LCTUFast:1 FastMrg:2 PBIntraFast:1 AMaxBT:1 FastQtBtEnc:1 ContentBasedFastQtbt:0 FastMIP:3 FastIntraTools:0 IntraEstDecBit:2 FastLocalDualTree:1 IntegerET:0 FastSubPel:1 QtbttExtraFast:3 FastTTSplit:0 IBCFastMethod:3 FIM:0 ALFSpeed:0 QuantThr: 4 
RATE CONTROL CFG: RateControl:0 LookAhead:0 
PARALLEL PROCESSING CFG: NumThreads:0 MaxParallelFrames:0 WppBitEqual:0 WF:0 

POC     0 TId: 0 (  IDR_N_LP, I-SLICE, QP 29, TF 2)     239000 bits [Y 37.7621 dB    U 41.1947 dB    V 42.2796 dB] [ET   294 ] [L0 ] [L1 ]
POC    16 TId: 1 (      STSA, B-SLICE, QP 34, TF 1)      48360 bits [Y 35.5364 dB    U 39.8239 dB    V 40.6472 dB] [ET   464 ] [L0 0 ] [L1 0 ]
POC     8 TId: 2 (      STSA, B-SLICE, QP 35, TF 0)      20160 bits [Y 35.7327 dB    U 40.2171 dB    V 41.1085 dB] [ET   495 ] [L0 0 16 ] [L1 16 0 ]
POC     4 TId: 3 (      STSA, B-SLICE, QP 38)             8400 bits [Y 35.6467 dB    U 40.6347 dB    V 41.5224 dB] [ET   426 ] [L0 0 8 ] [L1 8 16 ]
POC     2 TId: 4 (      STSA, B-SLICE, QP 40)             3640 bits [Y 35.8788 dB    U 40.9477 dB    V 41.9167 dB] [ET   253 ] [L0 0 4 ] [L1 4 8 ]
POC     1 TId: 5 (      STSA, B-SLICE, QP 41)             1360 bits [Y 36.3469 dB    U 41.0241 dB    V 42.1217 dB] [ET   167 ] [L0 0 2 ] [L1 2 4 ]
POC     3 TId: 5 (      STSA, B-SLICE, QP 41)             1392 bits [Y 35.3632 dB    U 40.8657 dB    V 41.7610 dB] [ET   220 ] [L0 2 0 ] [L1 4 8 ]
POC     6 TId: 4 (      STSA, B-SLICE, QP 40)             3864 bits [Y 35.1157 dB    U 40.4986 dB    V 41.3697 dB] [ET   334 ] [L0 4 0 ] [L1 8 16 ]
POC     5 TId: 5 (      STSA, B-SLICE, QP 41)             1520 bits [Y 35.0766 dB    U 40.5127 dB    V 41.4638 dB] [ET   243 ] [L0 4 0 ] [L1 6 8 ]
POC     7 TId: 5 (      STSA, B-SLICE, QP 41)             1392 bits [Y 35.1772 dB    U 40.3527 dB    V 41.3057 dB] [ET   240 ] [L0 6 4 ] [L1 8 16 ]
POC    12 TId: 3 (      STSA, B-SLICE, QP 38)             9800 bits [Y 34.9097 dB    U 40.0555 dB    V 40.8249 dB] [ET   479 ] [L0 8 0 ] [L1 16 8 ]
POC    10 TId: 4 (      STSA, B-SLICE, QP 40)             3760 bits [Y 34.7409 dB    U 40.1239 dB    V 40.9504 dB] [ET   369 ] [L0 8 0 ] [L1 12 16 ]
POC     9 TId: 5 (      STSA, B-SLICE, QP 41)             1544 bits [Y 34.9012 dB    U 40.2467 dB    V 41.0619 dB] [ET   252 ] [L0 8 0 ] [L1 10 12 ]
POC    11 TId: 5 (      STSA, B-SLICE, QP 41)             1824 bits [Y 34.5566 dB    U 40.0810 dB    V 40.9422 dB] [ET   221 ] [L0 10 8 ] [L1 12 16 ]
POC    14 TId: 4 (      STSA, B-SLICE, QP 40)             4600 bits [Y 34.5312 dB    U 39.9534 dB    V 40.6728 dB] [ET   228 ] [L0 12 8 ] [L1 16 12 ]
POC    13 TId: 5 (      STSA, B-SLICE, QP 41)             1984 bits [Y 34.4615 dB    U 40.0224 dB    V 40.7494 dB] [ET   213 ] [L0 12 8 ] [L1 14 16 ]
POC    15 TId: 5 (      STSA, B-SLICE, QP 41)             2184 bits [Y 34.6641 dB    U 39.9309 dB    V 40.6180 dB] [ET   222 ] [L0 14 12 ] [L1 16 14 ]

	Total Frames |   Bitrate     Y-PSNR    U-PSNR    V-PSNR    YUV-PSNR   
	       17    a    1252.1788   35.3177   40.3815   41.2539   36.4420

 finished @ Wed Apr 19 01:36:36 2023
 Total Time:     5129.017 sec. [user]     5132.619 sec. [elapsed]

Level: 0
Inject Calls: 5663438624
Errors injected by bit:
	Bit 0: 565806
	Bit 1: 567256
	Bit 2: 567357
	Bit 3: 564977
	Bit 4: 566577
	Bit 5: 565122
	Bit 6: 565956
	Bit 7: 566771

Total errors injected: 4529822
