vvencFFapp: Fraunhofer VVC Encoder ver. 1.5.0 [Linux][GCC 11.3.0][64 bit][SIMD=AVX2]
 started @ Sat Apr 22 05:12:30 2023
CODING TOOL CFG: CTU128 QT44BTT21 IBD:1 SAO:1 ALF:1 (NonLinLuma:0 NonLinChr:0) CCALF:1 Tiles:1x1 Slices:1 WPP:0 WPP-Substreams:1 TMVP:1 DQ:1 SDH:0 CST:1 BDOF:1 DMVR:1 MTSImplicit:1 SBT:0 JCbCr:1 CabacInitPresent:1 AMVR:5 SMVD:3 LMCS:2 (Signal:SDR Opt:0) CIIP:0 MIP:1 AFFINE:2 (PROF:1, Type:1) MMVD:3 DisFracMMVD:1 SbTMVP:1 GPM:3 LFNST:1 MTS:0 ISP:3 TS:2 TSLog2MaxSize:4 useChromaTS:0 BDPCM:2 IBC:2 BCW:0 
ENC. ALG. CFG: QPA:0 HAD:1 RDQ:1 RDQTS:1 ASR:1 MinSearchWindow:96 RestrictMESampling:0 EDO:2 MCTF:2 
PRE-ANALYSIS CFG: STA:1 LeadFrames:0 TrailFrames:0 
FAST TOOL CFG: ECU:0 FEN:1 FDM:1 FastSearch:4 (SCC:2) LCTUFast:1 FastMrg:2 PBIntraFast:1 AMaxBT:1 FastQtBtEnc:1 ContentBasedFastQtbt:0 FastMIP:3 FastIntraTools:0 IntraEstDecBit:2 FastLocalDualTree:1 IntegerET:0 FastSubPel:1 QtbttExtraFast:3 FastTTSplit:0 IBCFastMethod:3 FIM:0 ALFSpeed:0 QuantThr: 4 
RATE CONTROL CFG: RateControl:0 LookAhead:0 
PARALLEL PROCESSING CFG: NumThreads:0 MaxParallelFrames:0 WppBitEqual:0 WF:0 

POC     0 TId: 0 (  IDR_N_LP, I-SLICE, QP 34, TF 2)     137312 bits [Y 33.0393 dB    U 36.5932 dB    V 37.9362 dB] [ET   207 ] [L0 ] [L1 ]
POC    16 TId: 1 (      STSA, B-SLICE, QP 40, TF 1)      49976 bits [Y 30.8122 dB    U 36.0297 dB    V 36.8923 dB] [ET   811 ] [L0 0 ] [L1 0 ]
POC     8 TId: 2 (      STSA, B-SLICE, QP 40, TF 0)      40856 bits [Y 30.6966 dB    U 35.7580 dB    V 36.9538 dB] [ET  1159 ] [L0 0 16 ] [L1 16 0 ]
POC     4 TId: 3 (      STSA, B-SLICE, QP 43)            17008 bits [Y 30.1805 dB    U 35.6582 dB    V 36.8139 dB] [ET  1101 ] [L0 0 8 ] [L1 8 16 ]
POC     2 TId: 4 (      STSA, B-SLICE, QP 45)             9496 bits [Y 30.0502 dB    U 35.7074 dB    V 37.0502 dB] [ET   810 ] [L0 0 4 ] [L1 4 8 ]
POC     1 TId: 5 (      STSA, B-SLICE, QP 46)             4888 bits [Y 30.3590 dB    U 35.9210 dB    V 37.2598 dB] [ET   483 ] [L0 0 2 ] [L1 2 4 ]
POC     3 TId: 5 (      STSA, B-SLICE, QP 46)             4280 bits [Y 29.6951 dB    U 35.4822 dB    V 36.7095 dB] [ET   585 ] [L0 2 0 ] [L1 4 8 ]
POC     6 TId: 4 (      STSA, B-SLICE, QP 45)             8624 bits [Y 29.6648 dB    U 35.3833 dB    V 36.5744 dB] [ET  1035 ] [L0 4 0 ] [L1 8 16 ]
POC     5 TId: 5 (      STSA, B-SLICE, QP 46)             3952 bits [Y 29.5678 dB    U 35.4927 dB    V 36.6909 dB] [ET   600 ] [L0 4 0 ] [L1 6 8 ]
POC     7 TId: 5 (      STSA, B-SLICE, QP 46)             4040 bits [Y 29.6361 dB    U 35.3469 dB    V 36.6019 dB] [ET   537 ] [L0 6 4 ] [L1 8 16 ]
POC    12 TId: 3 (      STSA, B-SLICE, QP 43)            18360 bits [Y 29.7984 dB    U 35.6479 dB    V 36.1861 dB] [ET  1185 ] [L0 8 0 ] [L1 16 8 ]
POC    10 TId: 4 (      STSA, B-SLICE, QP 45)             9168 bits [Y 29.3407 dB    U 35.4823 dB    V 36.2785 dB] [ET  1178 ] [L0 8 0 ] [L1 12 16 ]
POC     9 TId: 5 (      STSA, B-SLICE, QP 46)             3840 bits [Y 29.4297 dB    U 35.5603 dB    V 36.4995 dB] [ET   593 ] [L0 8 0 ] [L1 10 12 ]
POC    11 TId: 5 (      STSA, B-SLICE, QP 46)             4096 bits [Y 29.2622 dB    U 35.4260 dB    V 36.1464 dB] [ET   621 ] [L0 10 8 ] [L1 12 16 ]
POC    14 TId: 4 (      STSA, B-SLICE, QP 45)             8152 bits [Y 29.3538 dB    U 35.5919 dB    V 36.1545 dB] [ET   795 ] [L0 12 8 ] [L1 16 12 ]
POC    13 TId: 5 (      STSA, B-SLICE, QP 46)             4120 bits [Y 29.3857 dB    U 35.5026 dB    V 36.0721 dB] [ET   536 ] [L0 12 8 ] [L1 14 16 ]
POC    15 TId: 5 (      STSA, B-SLICE, QP 46)             3720 bits [Y 29.6505 dB    U 35.6666 dB    V 36.4281 dB] [ET   497 ] [L0 14 12 ] [L1 16 14 ]

	Total Frames |   Bitrate     Y-PSNR    U-PSNR    V-PSNR    YUV-PSNR   
	       17    a     585.6847   29.9955   35.6618   36.6617   31.1868

 finished @ Sat Apr 22 08:44:55 2023
 Total Time:    12743.852 sec. [user]    12745.471 sec. [elapsed]

Level: 0
Inject Calls: 14672403456
Errors injected by bit:
	Bit 0: 1466236
	Bit 1: 1467171
	Bit 2: 1468119
	Bit 3: 1467873
	Bit 4: 1467151
	Bit 5: 1467245
	Bit 6: 1466942
	Bit 7: 1465949

Total errors injected: 11736686
