vvencFFapp: Fraunhofer VVC Encoder ver. 1.5.0 [Linux][GCC 11.3.0][64 bit][SIMD=AVX2]
 started @ Fri Apr 21 01:52:00 2023
CODING TOOL CFG: CTU128 QT44BTT21 IBD:1 SAO:1 ALF:1 (NonLinLuma:0 NonLinChr:0) CCALF:1 Tiles:1x1 Slices:1 WPP:0 WPP-Substreams:1 TMVP:1 DQ:1 SDH:0 CST:1 BDOF:1 DMVR:1 MTSImplicit:1 SBT:0 JCbCr:1 CabacInitPresent:1 AMVR:5 SMVD:3 LMCS:2 (Signal:SDR Opt:0) CIIP:0 MIP:1 AFFINE:2 (PROF:1, Type:1) MMVD:3 DisFracMMVD:1 SbTMVP:1 GPM:3 LFNST:1 MTS:0 ISP:3 TS:2 TSLog2MaxSize:4 useChromaTS:0 BDPCM:2 IBC:2 BCW:0 
ENC. ALG. CFG: QPA:0 HAD:1 RDQ:1 RDQTS:1 ASR:1 MinSearchWindow:96 RestrictMESampling:0 EDO:2 MCTF:2 
PRE-ANALYSIS CFG: STA:1 LeadFrames:0 TrailFrames:0 
FAST TOOL CFG: ECU:0 FEN:1 FDM:1 FastSearch:4 (SCC:2) LCTUFast:1 FastMrg:2 PBIntraFast:1 AMaxBT:1 FastQtBtEnc:1 ContentBasedFastQtbt:0 FastMIP:3 FastIntraTools:0 IntraEstDecBit:2 FastLocalDualTree:1 IntegerET:0 FastSubPel:1 QtbttExtraFast:3 FastTTSplit:0 IBCFastMethod:3 FIM:0 ALFSpeed:0 QuantThr: 4 
RATE CONTROL CFG: RateControl:0 LookAhead:0 
PARALLEL PROCESSING CFG: NumThreads:0 MaxParallelFrames:0 WppBitEqual:0 WF:0 

POC     0 TId: 0 (  IDR_N_LP, I-SLICE, QP 24, TF 3)     399128 bits [Y 38.6505 dB    U 40.8666 dB    V 42.1124 dB] [ET   348 ] [L0 ] [L1 ]
POC    16 TId: 1 (      STSA, B-SLICE, QP 28, TF 2)     241160 bits [Y 38.5407 dB    U 40.2873 dB    V 41.4455 dB] [ET  1050 ] [L0 0 ] [L1 0 ]
POC     8 TId: 2 (      STSA, B-SLICE, QP 29, TF 1)     179128 bits [Y 37.2216 dB    U 39.5626 dB    V 40.7555 dB] [ET  1391 ] [L0 0 16 ] [L1 16 0 ]
POC     4 TId: 3 (      STSA, B-SLICE, QP 32, TF 0)      78336 bits [Y 35.9457 dB    U 39.2388 dB    V 40.3328 dB] [ET  1397 ] [L0 0 8 ] [L1 8 16 ]
POC     2 TId: 4 (      STSA, B-SLICE, QP 34)            44608 bits [Y 35.6332 dB    U 39.3364 dB    V 40.4991 dB] [ET  1074 ] [L0 0 4 ] [L1 4 8 ]
POC     1 TId: 5 (      STSA, B-SLICE, QP 36)            22352 bits [Y 35.2741 dB    U 39.5056 dB    V 40.7612 dB] [ET   690 ] [L0 0 2 ] [L1 2 4 ]
POC     3 TId: 5 (      STSA, B-SLICE, QP 36)            20888 bits [Y 34.8612 dB    U 38.9484 dB    V 40.1088 dB] [ET   930 ] [L0 2 0 ] [L1 4 8 ]
POC     6 TId: 4 (      STSA, B-SLICE, QP 34)            42768 bits [Y 35.4575 dB    U 38.8850 dB    V 39.9365 dB] [ET  1281 ] [L0 4 0 ] [L1 8 16 ]
POC     5 TId: 5 (      STSA, B-SLICE, QP 36)            19696 bits [Y 34.9070 dB    U 38.8614 dB    V 40.0631 dB] [ET   869 ] [L0 4 0 ] [L1 6 8 ]
POC     7 TId: 5 (      STSA, B-SLICE, QP 36)            20984 bits [Y 35.0211 dB    U 38.7901 dB    V 39.9502 dB] [ET   999 ] [L0 6 4 ] [L1 8 16 ]
POC    12 TId: 3 (      STSA, B-SLICE, QP 32, TF 0)      80184 bits [Y 35.7614 dB    U 39.2647 dB    V 40.0536 dB] [ET  1631 ] [L0 8 0 ] [L1 16 8 ]
POC    10 TId: 4 (      STSA, B-SLICE, QP 34)            47064 bits [Y 35.3579 dB    U 38.8160 dB    V 39.7155 dB] [ET  1397 ] [L0 8 0 ] [L1 12 16 ]
POC     9 TId: 5 (      STSA, B-SLICE, QP 36)            21704 bits [Y 35.0006 dB    U 38.8027 dB    V 39.9417 dB] [ET   923 ] [L0 8 0 ] [L1 10 12 ]
POC    11 TId: 5 (      STSA, B-SLICE, QP 36)            20760 bits [Y 34.7489 dB    U 38.7398 dB    V 39.6393 dB] [ET   995 ] [L0 10 8 ] [L1 12 16 ]
POC    14 TId: 4 (      STSA, B-SLICE, QP 34)            44560 bits [Y 35.3284 dB    U 38.9788 dB    V 40.0246 dB] [ET  1284 ] [L0 12 8 ] [L1 16 12 ]
POC    13 TId: 5 (      STSA, B-SLICE, QP 36)            19016 bits [Y 34.7246 dB    U 38.8307 dB    V 39.7782 dB] [ET   811 ] [L0 12 8 ] [L1 14 16 ]
POC    15 TId: 5 (      STSA, B-SLICE, QP 36)            19376 bits [Y 34.9430 dB    U 39.1843 dB    V 40.3626 dB] [ET   671 ] [L0 14 12 ] [L1 16 14 ]

	Total Frames |   Bitrate     Y-PSNR    U-PSNR    V-PSNR    YUV-PSNR   
	       17    a    2332.4329   35.7281   39.2294   40.3224   36.5776

 finished @ Fri Apr 21 06:47:57 2023
 Total Time:    17756.126 sec. [user]    17757.012 sec. [elapsed]

Level: 0
Inject Calls: 19337753504
Errors injected by bit:
	Bit 0: 19322710
	Bit 1: 19339754
	Bit 2: 19338987
	Bit 3: 19330955
	Bit 4: 19340880
	Bit 5: 19341309
	Bit 6: 19338976
	Bit 7: 19339568

Total errors injected: 154693139
