vvencFFapp: Fraunhofer VVC Encoder ver. 1.5.0 [Linux][GCC 11.3.0][64 bit][SIMD=AVX2]
 started @ Tue Apr 18 12:55:52 2023
CODING TOOL CFG: CTU128 QT44BTT21 IBD:1 SAO:1 ALF:1 (NonLinLuma:0 NonLinChr:0) CCALF:1 Tiles:1x1 Slices:1 WPP:0 WPP-Substreams:1 TMVP:1 DQ:1 SDH:0 CST:1 BDOF:1 DMVR:1 MTSImplicit:1 SBT:0 JCbCr:1 CabacInitPresent:1 AMVR:5 SMVD:3 LMCS:2 (Signal:SDR Opt:0) CIIP:0 MIP:1 AFFINE:2 (PROF:1, Type:1) MMVD:3 DisFracMMVD:1 SbTMVP:1 GPM:3 LFNST:1 MTS:0 ISP:3 TS:2 TSLog2MaxSize:4 useChromaTS:0 BDPCM:2 IBC:2 BCW:0 
ENC. ALG. CFG: QPA:0 HAD:1 RDQ:1 RDQTS:1 ASR:1 MinSearchWindow:96 RestrictMESampling:0 EDO:2 MCTF:2 
PRE-ANALYSIS CFG: STA:1 LeadFrames:0 TrailFrames:0 
FAST TOOL CFG: ECU:0 FEN:1 FDM:1 FastSearch:4 (SCC:2) LCTUFast:1 FastMrg:2 PBIntraFast:1 AMaxBT:1 FastQtBtEnc:1 ContentBasedFastQtbt:0 FastMIP:3 FastIntraTools:0 IntraEstDecBit:2 FastLocalDualTree:1 IntegerET:0 FastSubPel:1 QtbttExtraFast:3 FastTTSplit:0 IBCFastMethod:3 FIM:0 ALFSpeed:0 QuantThr: 4 
RATE CONTROL CFG: RateControl:0 LookAhead:0 
PARALLEL PROCESSING CFG: NumThreads:0 MaxParallelFrames:0 WppBitEqual:0 WF:0 

POC     0 TId: 0 (  IDR_N_LP, I-SLICE, QP 19, TF 3)     581848 bits [Y 42.2672 dB    U 45.0524 dB    V 46.9660 dB] [ET   469 ] [L0 ] [L1 ]
POC    16 TId: 1 (      STSA, B-SLICE, QP 22, TF 2)     215712 bits [Y 41.5986 dB    U 44.1874 dB    V 45.8442 dB] [ET   727 ] [L0 0 ] [L1 0 ]
POC     8 TId: 2 (      STSA, B-SLICE, QP 23, TF 1)      98488 bits [Y 40.9413 dB    U 44.1595 dB    V 45.9757 dB] [ET   749 ] [L0 0 16 ] [L1 16 0 ]
POC     4 TId: 3 (      STSA, B-SLICE, QP 26, TF 0)      42936 bits [Y 40.5475 dB    U 44.3227 dB    V 46.1112 dB] [ET   661 ] [L0 0 8 ] [L1 8 16 ]
POC     2 TId: 4 (      STSA, B-SLICE, QP 28)            21424 bits [Y 40.5674 dB    U 44.6072 dB    V 46.4064 dB] [ET   461 ] [L0 0 4 ] [L1 4 8 ]
POC     1 TId: 5 (      STSA, B-SLICE, QP 29)             8968 bits [Y 40.8441 dB    U 44.7892 dB    V 46.6715 dB] [ET   359 ] [L0 0 2 ] [L1 2 4 ]
POC     3 TId: 5 (      STSA, B-SLICE, QP 29)            10168 bits [Y 40.1560 dB    U 44.4884 dB    V 46.2473 dB] [ET   412 ] [L0 2 0 ] [L1 4 8 ]
POC     6 TId: 4 (      STSA, B-SLICE, QP 28)            21384 bits [Y 40.0990 dB    U 44.1102 dB    V 45.8907 dB] [ET   537 ] [L0 4 0 ] [L1 8 16 ]
POC     5 TId: 5 (      STSA, B-SLICE, QP 29)            10592 bits [Y 40.0055 dB    U 44.1051 dB    V 45.9750 dB] [ET   408 ] [L0 4 0 ] [L1 6 8 ]
POC     7 TId: 5 (      STSA, B-SLICE, QP 29)             9528 bits [Y 40.0784 dB    U 44.1389 dB    V 45.8176 dB] [ET   430 ] [L0 6 4 ] [L1 8 16 ]
POC    12 TId: 3 (      STSA, B-SLICE, QP 26, TF 0)      49272 bits [Y 40.2393 dB    U 43.9626 dB    V 45.5887 dB] [ET   677 ] [L0 8 0 ] [L1 16 8 ]
POC    10 TId: 4 (      STSA, B-SLICE, QP 28)            23976 bits [Y 40.0210 dB    U 43.9730 dB    V 45.5885 dB] [ET   688 ] [L0 8 0 ] [L1 12 16 ]
POC     9 TId: 5 (      STSA, B-SLICE, QP 29)             9832 bits [Y 39.9893 dB    U 44.0785 dB    V 45.7574 dB] [ET   409 ] [L0 8 0 ] [L1 10 12 ]
POC    11 TId: 5 (      STSA, B-SLICE, QP 29)            11288 bits [Y 39.8303 dB    U 43.8971 dB    V 45.5806 dB] [ET   411 ] [L0 10 8 ] [L1 12 16 ]
POC    14 TId: 4 (      STSA, B-SLICE, QP 28)            26856 bits [Y 39.9584 dB    U 43.8400 dB    V 45.3975 dB] [ET   526 ] [L0 12 8 ] [L1 16 12 ]
POC    13 TId: 5 (      STSA, B-SLICE, QP 29)            13016 bits [Y 39.7452 dB    U 43.8151 dB    V 45.4255 dB] [ET   464 ] [L0 12 8 ] [L1 14 16 ]
POC    15 TId: 5 (      STSA, B-SLICE, QP 29)            13752 bits [Y 39.9342 dB    U 43.9356 dB    V 45.4784 dB] [ET   351 ] [L0 14 12 ] [L1 16 14 ]

	Total Frames |   Bitrate     Y-PSNR    U-PSNR    V-PSNR    YUV-PSNR   
	       17    a    4126.0235   40.4013   44.2037   45.9248   41.4230

 finished @ Tue Apr 18 15:21:50 2023
 Total Time:     8746.468 sec. [user]     8757.926 sec. [elapsed]

Level: 0
Inject Calls: 8924186080
Errors injected by bit:
	Bit 0: 8922695
	Bit 1: 8923003
	Bit 2: 8927478
	Bit 3: 8924805
	Bit 4: 8925496
	Bit 5: 8922747
	Bit 6: 8927058
	Bit 7: 8926146

Total errors injected: 71399428
