vvencFFapp: Fraunhofer VVC Encoder ver. 1.5.0 [Linux][GCC 11.3.0][64 bit][SIMD=AVX2]
 started @ Fri Apr 21 11:52:11 2023
CODING TOOL CFG: CTU128 QT44BTT21 IBD:1 SAO:1 ALF:1 (NonLinLuma:0 NonLinChr:0) CCALF:1 Tiles:1x1 Slices:1 WPP:0 WPP-Substreams:1 TMVP:1 DQ:1 SDH:0 CST:1 BDOF:1 DMVR:1 MTSImplicit:1 SBT:0 JCbCr:1 CabacInitPresent:1 AMVR:5 SMVD:3 LMCS:2 (Signal:SDR Opt:0) CIIP:0 MIP:1 AFFINE:2 (PROF:1, Type:1) MMVD:3 DisFracMMVD:1 SbTMVP:1 GPM:3 LFNST:1 MTS:0 ISP:3 TS:2 TSLog2MaxSize:4 useChromaTS:0 BDPCM:2 IBC:2 BCW:0 
ENC. ALG. CFG: QPA:0 HAD:1 RDQ:1 RDQTS:1 ASR:1 MinSearchWindow:96 RestrictMESampling:0 EDO:2 MCTF:2 
PRE-ANALYSIS CFG: STA:1 LeadFrames:0 TrailFrames:0 
FAST TOOL CFG: ECU:0 FEN:1 FDM:1 FastSearch:4 (SCC:2) LCTUFast:1 FastMrg:2 PBIntraFast:1 AMaxBT:1 FastQtBtEnc:1 ContentBasedFastQtbt:0 FastMIP:3 FastIntraTools:0 IntraEstDecBit:2 FastLocalDualTree:1 IntegerET:0 FastSubPel:1 QtbttExtraFast:3 FastTTSplit:0 IBCFastMethod:3 FIM:0 ALFSpeed:0 QuantThr: 4 
RATE CONTROL CFG: RateControl:0 LookAhead:0 
PARALLEL PROCESSING CFG: NumThreads:0 MaxParallelFrames:0 WppBitEqual:0 WF:0 

POC     0 TId: 0 (  IDR_N_LP, I-SLICE, QP 24, TF 3)     399128 bits [Y 38.6505 dB    U 40.8666 dB    V 42.1124 dB] [ET   342 ] [L0 ] [L1 ]
POC    16 TId: 1 (      STSA, B-SLICE, QP 28, TF 2)     240736 bits [Y 38.5488 dB    U 40.3628 dB    V 41.5045 dB] [ET  1046 ] [L0 0 ] [L1 0 ]
POC     8 TId: 2 (      STSA, B-SLICE, QP 29, TF 1)     179248 bits [Y 37.2057 dB    U 39.5636 dB    V 40.7596 dB] [ET  1464 ] [L0 0 16 ] [L1 16 0 ]
POC     4 TId: 3 (      STSA, B-SLICE, QP 32, TF 0)      78112 bits [Y 35.9356 dB    U 39.2184 dB    V 40.2585 dB] [ET  1400 ] [L0 0 8 ] [L1 8 16 ]
POC     2 TId: 4 (      STSA, B-SLICE, QP 34)            45344 bits [Y 35.6549 dB    U 39.3070 dB    V 40.4961 dB] [ET  1113 ] [L0 0 4 ] [L1 4 8 ]
POC     1 TId: 5 (      STSA, B-SLICE, QP 36)            22944 bits [Y 35.3022 dB    U 39.4801 dB    V 40.7253 dB] [ET   688 ] [L0 0 2 ] [L1 2 4 ]
POC     3 TId: 5 (      STSA, B-SLICE, QP 36)            21344 bits [Y 34.9087 dB    U 38.9066 dB    V 40.1523 dB] [ET   853 ] [L0 2 0 ] [L1 4 8 ]
POC     6 TId: 4 (      STSA, B-SLICE, QP 34)            43048 bits [Y 35.4843 dB    U 38.9161 dB    V 40.0171 dB] [ET  1413 ] [L0 4 0 ] [L1 8 16 ]
POC     5 TId: 5 (      STSA, B-SLICE, QP 36)            19216 bits [Y 34.9250 dB    U 38.7796 dB    V 40.0135 dB] [ET   940 ] [L0 4 0 ] [L1 6 8 ]
POC     7 TId: 5 (      STSA, B-SLICE, QP 36)            20768 bits [Y 35.0240 dB    U 38.7664 dB    V 40.0045 dB] [ET  1201 ] [L0 6 4 ] [L1 8 16 ]
POC    12 TId: 3 (      STSA, B-SLICE, QP 32, TF 0)      79592 bits [Y 35.7800 dB    U 39.2303 dB    V 40.0452 dB] [ET  1492 ] [L0 8 0 ] [L1 16 8 ]
POC    10 TId: 4 (      STSA, B-SLICE, QP 34)            46312 bits [Y 35.3587 dB    U 38.8014 dB    V 39.6354 dB] [ET  1446 ] [L0 8 0 ] [L1 12 16 ]
POC     9 TId: 5 (      STSA, B-SLICE, QP 36)            20704 bits [Y 34.9769 dB    U 38.7458 dB    V 39.9619 dB] [ET   910 ] [L0 8 0 ] [L1 10 12 ]
POC    11 TId: 5 (      STSA, B-SLICE, QP 36)            20792 bits [Y 34.7601 dB    U 38.7490 dB    V 39.6088 dB] [ET   935 ] [L0 10 8 ] [L1 12 16 ]
POC    14 TId: 4 (      STSA, B-SLICE, QP 34)            44008 bits [Y 35.2987 dB    U 38.9655 dB    V 39.9924 dB] [ET  1129 ] [L0 12 8 ] [L1 16 12 ]
POC    13 TId: 5 (      STSA, B-SLICE, QP 36)            19384 bits [Y 34.7100 dB    U 38.8682 dB    V 39.7394 dB] [ET   906 ] [L0 12 8 ] [L1 14 16 ]
POC    15 TId: 5 (      STSA, B-SLICE, QP 36)            19664 bits [Y 34.9791 dB    U 39.1817 dB    V 40.3611 dB] [ET   711 ] [L0 14 12 ] [L1 16 14 ]

	Total Frames |   Bitrate     Y-PSNR    U-PSNR    V-PSNR    YUV-PSNR   
	       17    a    2330.0188   35.7355   39.2182   40.3169   36.5828

 finished @ Fri Apr 21 16:52:17 2023
 Total Time:    18002.302 sec. [user]    18005.907 sec. [elapsed]

Level: 0
Inject Calls: 19797714816
Errors injected by bit:
	Bit 0: 1996
	Bit 1: 1945
	Bit 2: 2000
	Bit 3: 1983
	Bit 4: 2005
	Bit 5: 1964
	Bit 6: 1900
	Bit 7: 1938

Total errors injected: 15731
