vvencFFapp: Fraunhofer VVC Encoder ver. 1.5.0 [Linux][GCC 11.3.0][64 bit][SIMD=AVX2]
 started @ Sun Apr 23 19:24:56 2023
CODING TOOL CFG: CTU128 QT44BTT21 IBD:1 SAO:1 ALF:1 (NonLinLuma:0 NonLinChr:0) CCALF:1 Tiles:1x1 Slices:1 WPP:0 WPP-Substreams:1 TMVP:1 DQ:1 SDH:0 CST:1 BDOF:1 DMVR:1 MTSImplicit:1 SBT:0 JCbCr:1 CabacInitPresent:1 AMVR:5 SMVD:3 LMCS:2 (Signal:SDR Opt:0) CIIP:0 MIP:1 AFFINE:2 (PROF:1, Type:1) MMVD:3 DisFracMMVD:1 SbTMVP:1 GPM:3 LFNST:1 MTS:0 ISP:3 TS:2 TSLog2MaxSize:4 useChromaTS:0 BDPCM:2 IBC:2 BCW:0 
ENC. ALG. CFG: QPA:0 HAD:1 RDQ:1 RDQTS:1 ASR:1 MinSearchWindow:96 RestrictMESampling:0 EDO:2 MCTF:2 
PRE-ANALYSIS CFG: STA:1 LeadFrames:0 TrailFrames:0 
FAST TOOL CFG: ECU:0 FEN:1 FDM:1 FastSearch:4 (SCC:2) LCTUFast:1 FastMrg:2 PBIntraFast:1 AMaxBT:1 FastQtBtEnc:1 ContentBasedFastQtbt:0 FastMIP:3 FastIntraTools:0 IntraEstDecBit:2 FastLocalDualTree:1 IntegerET:0 FastSubPel:1 QtbttExtraFast:3 FastTTSplit:0 IBCFastMethod:3 FIM:0 ALFSpeed:0 QuantThr: 4 
RATE CONTROL CFG: RateControl:0 LookAhead:0 
PARALLEL PROCESSING CFG: NumThreads:0 MaxParallelFrames:0 WppBitEqual:0 WF:0 

POC     0 TId: 0 (  IDR_N_LP, I-SLICE, QP 19, TF 3)     564808 bits [Y 45.1467 dB    U 46.3576 dB    V 47.8581 dB] [ET   358 ] [L0 ] [L1 ]
POC    16 TId: 1 (      STSA, B-SLICE, QP 22, TF 2)     140688 bits [Y 42.6896 dB    U 44.8456 dB    V 45.9441 dB] [ET   114 ] [L0 0 ] [L1 0 ]
POC     8 TId: 2 (      STSA, B-SLICE, QP 23, TF 1)      79224 bits [Y 42.3044 dB    U 44.6844 dB    V 46.1655 dB] [ET    83 ] [L0 0 16 ] [L1 16 0 ]
POC     4 TId: 3 (      STSA, B-SLICE, QP 26, TF 0)      47320 bits [Y 41.9074 dB    U 44.4675 dB    V 45.7342 dB] [ET    54 ] [L0 0 8 ] [L1 8 16 ]
POC     2 TId: 4 (      STSA, B-SLICE, QP 28)            25144 bits [Y 41.9357 dB    U 44.8065 dB    V 46.0425 dB] [ET    24 ] [L0 0 4 ] [L1 4 8 ]
POC     1 TId: 5 (      STSA, B-SLICE, QP 29)              256 bits [Y 45.1467 dB    U 46.3576 dB    V 47.8581 dB] [ET     3 ] [L0 0 2 ] [L1 2 4 ]
POC     3 TId: 5 (      STSA, B-SLICE, QP 29)            19288 bits [Y 41.5827 dB    U 44.3547 dB    V 45.5978 dB] [ET    21 ] [L0 2 0 ] [L1 4 8 ]
POC     6 TId: 4 (      STSA, B-SLICE, QP 28)            31544 bits [Y 41.5930 dB    U 44.1829 dB    V 45.3711 dB] [ET    32 ] [L0 4 0 ] [L1 8 16 ]
POC     5 TId: 5 (      STSA, B-SLICE, QP 29)            21112 bits [Y 41.2359 dB    U 44.0896 dB    V 45.2440 dB] [ET    23 ] [L0 4 0 ] [L1 6 8 ]
POC     7 TId: 5 (      STSA, B-SLICE, QP 29)            22024 bits [Y 41.2152 dB    U 44.2317 dB    V 45.2793 dB] [ET    22 ] [L0 6 4 ] [L1 8 16 ]
POC    12 TId: 3 (      STSA, B-SLICE, QP 26, TF 0)      54976 bits [Y 41.4743 dB    U 44.1243 dB    V 45.2836 dB] [ET    69 ] [L0 8 0 ] [L1 16 8 ]
POC    10 TId: 4 (      STSA, B-SLICE, QP 28)            35448 bits [Y 41.2517 dB    U 44.0799 dB    V 45.0886 dB] [ET    37 ] [L0 8 0 ] [L1 12 16 ]
POC     9 TId: 5 (      STSA, B-SLICE, QP 29)            20856 bits [Y 41.5240 dB    U 44.2340 dB    V 45.2896 dB] [ET    22 ] [L0 8 0 ] [L1 10 12 ]
POC    11 TId: 5 (      STSA, B-SLICE, QP 29)            22704 bits [Y 41.2279 dB    U 44.0205 dB    V 44.8180 dB] [ET    24 ] [L0 10 8 ] [L1 12 16 ]
POC    14 TId: 4 (      STSA, B-SLICE, QP 28)            37496 bits [Y 41.2760 dB    U 43.9727 dB    V 44.7454 dB] [ET    35 ] [L0 12 8 ] [L1 16 12 ]
POC    13 TId: 5 (      STSA, B-SLICE, QP 29)            22576 bits [Y 41.1086 dB    U 43.8999 dB    V 44.7530 dB] [ET    23 ] [L0 12 8 ] [L1 14 16 ]
POC    15 TId: 5 (      STSA, B-SLICE, QP 29)            21200 bits [Y 41.0944 dB    U 44.1189 dB    V 44.8135 dB] [ET    20 ] [L0 14 12 ] [L1 16 14 ]

	Total Frames |   Bitrate     Y-PSNR    U-PSNR    V-PSNR    YUV-PSNR   
	       17    a    3431.3647   41.9832   44.5193   45.6404   42.6543

 finished @ Sun Apr 23 19:41:16 2023
 Total Time:      980.609 sec. [user]      980.698 sec. [elapsed]

Level: 0
Inject Calls: 62563200
Errors injected by bit:
	Bit 0: 6228
	Bit 1: 6113
	Bit 2: 6167
	Bit 3: 6357
	Bit 4: 6229
	Bit 5: 6275
	Bit 6: 6226
	Bit 7: 6234

Total errors injected: 49829
