vvencFFapp: Fraunhofer VVC Encoder ver. 1.5.0 [Linux][GCC 11.3.0][64 bit][SIMD=AVX2]
 started @ Mon Apr 24 04:10:05 2023
CODING TOOL CFG: CTU128 QT44BTT21 IBD:1 SAO:1 ALF:1 (NonLinLuma:0 NonLinChr:0) CCALF:1 Tiles:1x1 Slices:1 WPP:0 WPP-Substreams:1 TMVP:1 DQ:1 SDH:0 CST:1 BDOF:1 DMVR:1 MTSImplicit:1 SBT:0 JCbCr:1 CabacInitPresent:1 AMVR:5 SMVD:3 LMCS:2 (Signal:SDR Opt:0) CIIP:0 MIP:1 AFFINE:2 (PROF:1, Type:1) MMVD:3 DisFracMMVD:1 SbTMVP:1 GPM:3 LFNST:1 MTS:0 ISP:3 TS:2 TSLog2MaxSize:4 useChromaTS:0 BDPCM:2 IBC:2 BCW:0 
ENC. ALG. CFG: QPA:0 HAD:1 RDQ:1 RDQTS:1 ASR:1 MinSearchWindow:96 RestrictMESampling:0 EDO:2 MCTF:2 
PRE-ANALYSIS CFG: STA:1 LeadFrames:0 TrailFrames:0 
FAST TOOL CFG: ECU:0 FEN:1 FDM:1 FastSearch:4 (SCC:2) LCTUFast:1 FastMrg:2 PBIntraFast:1 AMaxBT:1 FastQtBtEnc:1 ContentBasedFastQtbt:0 FastMIP:3 FastIntraTools:0 IntraEstDecBit:2 FastLocalDualTree:1 IntegerET:0 FastSubPel:1 QtbttExtraFast:3 FastTTSplit:0 IBCFastMethod:3 FIM:0 ALFSpeed:0 QuantThr: 4 
RATE CONTROL CFG: RateControl:0 LookAhead:0 
PARALLEL PROCESSING CFG: NumThreads:0 MaxParallelFrames:0 WppBitEqual:0 WF:0 

POC     0 TId: 0 (  IDR_N_LP, I-SLICE, QP 24, TF 3)     399128 bits [Y 38.6505 dB    U 40.8666 dB    V 42.1124 dB] [ET   236 ] [L0 ] [L1 ]
POC    16 TId: 1 (      STSA, B-SLICE, QP 28, TF 2)     240816 bits [Y 38.5489 dB    U 40.3651 dB    V 41.5200 dB] [ET   178 ] [L0 0 ] [L1 0 ]
POC     8 TId: 2 (      STSA, B-SLICE, QP 29, TF 1)     178792 bits [Y 37.2051 dB    U 39.5244 dB    V 40.7861 dB] [ET   145 ] [L0 0 16 ] [L1 16 0 ]
POC     4 TId: 3 (      STSA, B-SLICE, QP 32, TF 0)      77152 bits [Y 35.9259 dB    U 39.1086 dB    V 40.3434 dB] [ET    93 ] [L0 0 8 ] [L1 8 16 ]
POC     2 TId: 4 (      STSA, B-SLICE, QP 34)            44248 bits [Y 35.6279 dB    U 39.3024 dB    V 40.5153 dB] [ET    43 ] [L0 0 4 ] [L1 4 8 ]
POC     1 TId: 5 (      STSA, B-SLICE, QP 36)            24136 bits [Y 35.3595 dB    U 39.5021 dB    V 40.7786 dB] [ET    25 ] [L0 0 2 ] [L1 2 4 ]
POC     3 TId: 5 (      STSA, B-SLICE, QP 36)            20440 bits [Y 34.8570 dB    U 38.8332 dB    V 40.2321 dB] [ET    26 ] [L0 2 0 ] [L1 4 8 ]
POC     6 TId: 4 (      STSA, B-SLICE, QP 34)            43216 bits [Y 35.4335 dB    U 38.8613 dB    V 40.0136 dB] [ET    45 ] [L0 4 0 ] [L1 8 16 ]
POC     5 TId: 5 (      STSA, B-SLICE, QP 36)            19272 bits [Y 34.8796 dB    U 38.7624 dB    V 40.1060 dB] [ET    25 ] [L0 4 0 ] [L1 6 8 ]
POC     7 TId: 5 (      STSA, B-SLICE, QP 36)            21120 bits [Y 35.0045 dB    U 38.7470 dB    V 39.9514 dB] [ET    25 ] [L0 6 4 ] [L1 8 16 ]
POC    12 TId: 3 (      STSA, B-SLICE, QP 32, TF 0)      79096 bits [Y 35.7755 dB    U 39.2101 dB    V 40.0646 dB] [ET   113 ] [L0 8 0 ] [L1 16 8 ]
POC    10 TId: 4 (      STSA, B-SLICE, QP 34)            46848 bits [Y 35.3785 dB    U 38.8248 dB    V 39.7182 dB] [ET    48 ] [L0 8 0 ] [L1 12 16 ]
POC     9 TId: 5 (      STSA, B-SLICE, QP 36)            20648 bits [Y 34.9544 dB    U 38.7730 dB    V 39.9313 dB] [ET    26 ] [L0 8 0 ] [L1 10 12 ]
POC    11 TId: 5 (      STSA, B-SLICE, QP 36)            20832 bits [Y 34.7523 dB    U 38.7504 dB    V 39.5867 dB] [ET    27 ] [L0 10 8 ] [L1 12 16 ]
POC    14 TId: 4 (      STSA, B-SLICE, QP 34)            45280 bits [Y 35.3626 dB    U 38.9866 dB    V 40.0243 dB] [ET    44 ] [L0 12 8 ] [L1 16 12 ]
POC    13 TId: 5 (      STSA, B-SLICE, QP 36)            19416 bits [Y 34.7605 dB    U 38.8611 dB    V 39.8081 dB] [ET    25 ] [L0 12 8 ] [L1 14 16 ]
POC    15 TId: 5 (      STSA, B-SLICE, QP 36)            18960 bits [Y 34.9495 dB    U 39.1970 dB    V 40.3881 dB] [ET    23 ] [L0 14 12 ] [L1 16 14 ]

	Total Frames |   Bitrate     Y-PSNR    U-PSNR    V-PSNR    YUV-PSNR   
	       17    a    2328.3529   35.7309   39.2045   40.3459   36.5793

 finished @ Mon Apr 24 04:29:28 2023
 Total Time:     1162.351 sec. [user]     1162.451 sec. [elapsed]

Level: 0
Inject Calls: 188978176
Errors injected by bit:
	Bit 0: 1888
	Bit 1: 1881
	Bit 2: 1907
	Bit 3: 1923
	Bit 4: 1899
	Bit 5: 1883
	Bit 6: 1867
	Bit 7: 1868

Total errors injected: 15116
