vvencFFapp: Fraunhofer VVC Encoder ver. 1.5.0 [Linux][GCC 11.3.0][64 bit][SIMD=AVX2]
 started @ Sun Apr 23 11:00:16 2023
CODING TOOL CFG: CTU128 QT44BTT21 IBD:1 SAO:1 ALF:1 (NonLinLuma:0 NonLinChr:0) CCALF:1 Tiles:1x1 Slices:1 WPP:0 WPP-Substreams:1 TMVP:1 DQ:1 SDH:0 CST:1 BDOF:1 DMVR:1 MTSImplicit:1 SBT:0 JCbCr:1 CabacInitPresent:1 AMVR:5 SMVD:3 LMCS:2 (Signal:SDR Opt:0) CIIP:0 MIP:1 AFFINE:2 (PROF:1, Type:1) MMVD:3 DisFracMMVD:1 SbTMVP:1 GPM:3 LFNST:1 MTS:0 ISP:3 TS:2 TSLog2MaxSize:4 useChromaTS:0 BDPCM:2 IBC:2 BCW:0 
ENC. ALG. CFG: QPA:0 HAD:1 RDQ:1 RDQTS:1 ASR:1 MinSearchWindow:96 RestrictMESampling:0 EDO:2 MCTF:2 
PRE-ANALYSIS CFG: STA:1 LeadFrames:0 TrailFrames:0 
FAST TOOL CFG: ECU:0 FEN:1 FDM:1 FastSearch:4 (SCC:2) LCTUFast:1 FastMrg:2 PBIntraFast:1 AMaxBT:1 FastQtBtEnc:1 ContentBasedFastQtbt:0 FastMIP:3 FastIntraTools:0 IntraEstDecBit:2 FastLocalDualTree:1 IntegerET:0 FastSubPel:1 QtbttExtraFast:3 FastTTSplit:0 IBCFastMethod:3 FIM:0 ALFSpeed:0 QuantThr: 4 
RATE CONTROL CFG: RateControl:0 LookAhead:0 
PARALLEL PROCESSING CFG: NumThreads:0 MaxParallelFrames:0 WppBitEqual:0 WF:0 

POC     0 TId: 0 (  IDR_N_LP, I-SLICE, QP 19, TF 3)     581848 bits [Y 42.2672 dB    U 45.0524 dB    V 46.9660 dB] [ET   335 ] [L0 ] [L1 ]
POC    16 TId: 1 (      STSA, B-SLICE, QP 22, TF 2)     217656 bits [Y 41.6216 dB    U 44.2131 dB    V 45.8563 dB] [ET   132 ] [L0 0 ] [L1 0 ]
POC     8 TId: 2 (      STSA, B-SLICE, QP 23, TF 1)      97880 bits [Y 40.9389 dB    U 44.1511 dB    V 46.0397 dB] [ET    79 ] [L0 0 16 ] [L1 16 0 ]
POC     4 TId: 3 (      STSA, B-SLICE, QP 26, TF 0)      42784 bits [Y 40.5458 dB    U 44.3155 dB    V 46.1516 dB] [ET    56 ] [L0 0 8 ] [L1 8 16 ]
POC     2 TId: 4 (      STSA, B-SLICE, QP 28)            20952 bits [Y 40.5592 dB    U 44.6161 dB    V 46.4344 dB] [ET    18 ] [L0 0 4 ] [L1 4 8 ]
POC     1 TId: 5 (      STSA, B-SLICE, QP 29)             8648 bits [Y 40.8224 dB    U 44.8203 dB    V 46.6781 dB] [ET    10 ] [L0 0 2 ] [L1 2 4 ]
POC     3 TId: 5 (      STSA, B-SLICE, QP 29)            10648 bits [Y 40.2453 dB    U 44.4733 dB    V 46.2379 dB] [ET    12 ] [L0 2 0 ] [L1 4 8 ]
POC     6 TId: 4 (      STSA, B-SLICE, QP 28)            21440 bits [Y 40.1282 dB    U 44.1267 dB    V 45.8999 dB] [ET    19 ] [L0 4 0 ] [L1 8 16 ]
POC     5 TId: 5 (      STSA, B-SLICE, QP 29)            10000 bits [Y 39.9979 dB    U 44.1043 dB    V 45.9630 dB] [ET    11 ] [L0 4 0 ] [L1 6 8 ]
POC     7 TId: 5 (      STSA, B-SLICE, QP 29)             9648 bits [Y 40.0922 dB    U 44.1584 dB    V 45.8438 dB] [ET    11 ] [L0 6 4 ] [L1 8 16 ]
POC    12 TId: 3 (      STSA, B-SLICE, QP 26, TF 0)      48816 bits [Y 40.2483 dB    U 43.9744 dB    V 45.6135 dB] [ET    64 ] [L0 8 0 ] [L1 16 8 ]
POC    10 TId: 4 (      STSA, B-SLICE, QP 28)            23736 bits [Y 40.0514 dB    U 43.9755 dB    V 45.6441 dB] [ET    21 ] [L0 8 0 ] [L1 12 16 ]
POC     9 TId: 5 (      STSA, B-SLICE, QP 29)            10280 bits [Y 40.0094 dB    U 44.0591 dB    V 45.8374 dB] [ET    11 ] [L0 8 0 ] [L1 10 12 ]
POC    11 TId: 5 (      STSA, B-SLICE, QP 29)            11160 bits [Y 39.8395 dB    U 43.9173 dB    V 45.6350 dB] [ET    12 ] [L0 10 8 ] [L1 12 16 ]
POC    14 TId: 4 (      STSA, B-SLICE, QP 28)            26896 bits [Y 39.9847 dB    U 43.8757 dB    V 45.4065 dB] [ET    22 ] [L0 12 8 ] [L1 16 12 ]
POC    13 TId: 5 (      STSA, B-SLICE, QP 29)            13632 bits [Y 39.7712 dB    U 43.8493 dB    V 45.4604 dB] [ET    14 ] [L0 12 8 ] [L1 14 16 ]
POC    15 TId: 5 (      STSA, B-SLICE, QP 29)            13888 bits [Y 39.9581 dB    U 43.9549 dB    V 45.5042 dB] [ET    12 ] [L0 14 12 ] [L1 16 14 ]

	Total Frames |   Bitrate     Y-PSNR    U-PSNR    V-PSNR    YUV-PSNR   
	       17    a    4129.1012   40.4165   44.2140   45.9513   41.4393

 finished @ Sun Apr 23 11:14:32 2023
 Total Time:      856.285 sec. [user]      856.379 sec. [elapsed]

Level: 0
Inject Calls: 119497856
Errors injected by bit:
	Bit 0: 12089
	Bit 1: 11928
	Bit 2: 11795
	Bit 3: 11933
	Bit 4: 11759
	Bit 5: 11851
	Bit 6: 11923
	Bit 7: 11743

Total errors injected: 95021
