vvencFFapp: Fraunhofer VVC Encoder ver. 1.5.0 [Linux][GCC 11.3.0][64 bit][SIMD=AVX2]
 started @ Sun Apr 23 13:25:18 2023
CODING TOOL CFG: CTU128 QT44BTT21 IBD:1 SAO:1 ALF:1 (NonLinLuma:0 NonLinChr:0) CCALF:1 Tiles:1x1 Slices:1 WPP:0 WPP-Substreams:1 TMVP:1 DQ:1 SDH:0 CST:1 BDOF:1 DMVR:1 MTSImplicit:1 SBT:0 JCbCr:1 CabacInitPresent:1 AMVR:5 SMVD:3 LMCS:2 (Signal:SDR Opt:0) CIIP:0 MIP:1 AFFINE:2 (PROF:1, Type:1) MMVD:3 DisFracMMVD:1 SbTMVP:1 GPM:3 LFNST:1 MTS:0 ISP:3 TS:2 TSLog2MaxSize:4 useChromaTS:0 BDPCM:2 IBC:2 BCW:0 
ENC. ALG. CFG: QPA:0 HAD:1 RDQ:1 RDQTS:1 ASR:1 MinSearchWindow:96 RestrictMESampling:0 EDO:2 MCTF:2 
PRE-ANALYSIS CFG: STA:1 LeadFrames:0 TrailFrames:0 
FAST TOOL CFG: ECU:0 FEN:1 FDM:1 FastSearch:4 (SCC:2) LCTUFast:1 FastMrg:2 PBIntraFast:1 AMaxBT:1 FastQtBtEnc:1 ContentBasedFastQtbt:0 FastMIP:3 FastIntraTools:0 IntraEstDecBit:2 FastLocalDualTree:1 IntegerET:0 FastSubPel:1 QtbttExtraFast:3 FastTTSplit:0 IBCFastMethod:3 FIM:0 ALFSpeed:0 QuantThr: 4 
RATE CONTROL CFG: RateControl:0 LookAhead:0 
PARALLEL PROCESSING CFG: NumThreads:0 MaxParallelFrames:0 WppBitEqual:0 WF:0 

POC     0 TId: 0 (  IDR_N_LP, I-SLICE, QP 29, TF 2)     239000 bits [Y 37.7621 dB    U 41.1947 dB    V 42.2796 dB] [ET   198 ] [L0 ] [L1 ]
POC    16 TId: 1 (      STSA, B-SLICE, QP 34, TF 1)      48360 bits [Y 35.5460 dB    U 39.9195 dB    V 40.6402 dB] [ET    62 ] [L0 0 ] [L1 0 ]
POC     8 TId: 2 (      STSA, B-SLICE, QP 35, TF 0)      20384 bits [Y 35.7433 dB    U 40.2785 dB    V 41.1328 dB] [ET    44 ] [L0 0 16 ] [L1 16 0 ]
POC     4 TId: 3 (      STSA, B-SLICE, QP 38)             8528 bits [Y 35.6347 dB    U 40.6239 dB    V 41.5394 dB] [ET    28 ] [L0 0 8 ] [L1 8 16 ]
POC     2 TId: 4 (      STSA, B-SLICE, QP 40)             3592 bits [Y 35.7752 dB    U 40.8957 dB    V 41.8873 dB] [ET     5 ] [L0 0 4 ] [L1 4 8 ]
POC     1 TId: 5 (      STSA, B-SLICE, QP 41)             1336 bits [Y 36.3663 dB    U 41.0139 dB    V 42.1276 dB] [ET     3 ] [L0 0 2 ] [L1 2 4 ]
POC     3 TId: 5 (      STSA, B-SLICE, QP 41)             1352 bits [Y 35.3404 dB    U 40.8247 dB    V 41.7473 dB] [ET     3 ] [L0 2 0 ] [L1 4 8 ]
POC     6 TId: 4 (      STSA, B-SLICE, QP 40)             3928 bits [Y 35.1223 dB    U 40.5372 dB    V 41.3808 dB] [ET     6 ] [L0 4 0 ] [L1 8 16 ]
POC     5 TId: 5 (      STSA, B-SLICE, QP 41)             1640 bits [Y 35.1041 dB    U 40.5261 dB    V 41.4467 dB] [ET     3 ] [L0 4 0 ] [L1 6 8 ]
POC     7 TId: 5 (      STSA, B-SLICE, QP 41)             1360 bits [Y 35.1694 dB    U 40.4063 dB    V 41.2228 dB] [ET     3 ] [L0 6 4 ] [L1 8 16 ]
POC    12 TId: 3 (      STSA, B-SLICE, QP 38)            10000 bits [Y 34.9553 dB    U 40.0825 dB    V 40.7818 dB] [ET    34 ] [L0 8 0 ] [L1 16 8 ]
POC    10 TId: 4 (      STSA, B-SLICE, QP 40)             3784 bits [Y 34.7544 dB    U 40.1579 dB    V 40.9645 dB] [ET     6 ] [L0 8 0 ] [L1 12 16 ]
POC     9 TId: 5 (      STSA, B-SLICE, QP 41)             1688 bits [Y 34.9680 dB    U 40.2816 dB    V 41.1014 dB] [ET     4 ] [L0 8 0 ] [L1 10 12 ]
POC    11 TId: 5 (      STSA, B-SLICE, QP 41)             1816 bits [Y 34.6187 dB    U 40.1142 dB    V 40.9542 dB] [ET     4 ] [L0 10 8 ] [L1 12 16 ]
POC    14 TId: 4 (      STSA, B-SLICE, QP 40)             4424 bits [Y 34.5522 dB    U 39.9750 dB    V 40.7268 dB] [ET     7 ] [L0 12 8 ] [L1 16 12 ]
POC    13 TId: 5 (      STSA, B-SLICE, QP 41)             2136 bits [Y 34.5104 dB    U 40.0194 dB    V 40.7450 dB] [ET     4 ] [L0 12 8 ] [L1 14 16 ]
POC    15 TId: 5 (      STSA, B-SLICE, QP 41)             2112 bits [Y 34.6372 dB    U 40.0058 dB    V 40.6708 dB] [ET     3 ] [L0 14 12 ] [L1 16 14 ]

	Total Frames |   Bitrate     Y-PSNR    U-PSNR    V-PSNR    YUV-PSNR   
	       17    a    1254.4941   35.3271   40.4033   41.2558   36.4540

 finished @ Sun Apr 23 13:32:30 2023
 Total Time:      431.521 sec. [user]      431.590 sec. [elapsed]

Level: 0
Inject Calls: 101176960
Errors injected by bit:
	Bit 0: 10197
	Bit 1: 10105
	Bit 2: 10106
	Bit 3: 10075
	Bit 4: 10040
	Bit 5: 10153
	Bit 6: 9916
	Bit 7: 10282

Total errors injected: 80874
