vvencFFapp: Fraunhofer VVC Encoder ver. 1.5.0 [Linux][GCC 11.3.0][64 bit][SIMD=AVX2]
 started @ Mon Apr 24 01:40:03 2023
CODING TOOL CFG: CTU128 QT44BTT21 IBD:1 SAO:1 ALF:1 (NonLinLuma:0 NonLinChr:0) CCALF:1 Tiles:1x1 Slices:1 WPP:0 WPP-Substreams:1 TMVP:1 DQ:1 SDH:0 CST:1 BDOF:1 DMVR:1 MTSImplicit:1 SBT:0 JCbCr:1 CabacInitPresent:1 AMVR:5 SMVD:3 LMCS:2 (Signal:SDR Opt:0) CIIP:0 MIP:1 AFFINE:2 (PROF:1, Type:1) MMVD:3 DisFracMMVD:1 SbTMVP:1 GPM:3 LFNST:1 MTS:0 ISP:3 TS:2 TSLog2MaxSize:4 useChromaTS:0 BDPCM:2 IBC:2 BCW:0 
ENC. ALG. CFG: QPA:0 HAD:1 RDQ:1 RDQTS:1 ASR:1 MinSearchWindow:96 RestrictMESampling:0 EDO:2 MCTF:2 
PRE-ANALYSIS CFG: STA:1 LeadFrames:0 TrailFrames:0 
FAST TOOL CFG: ECU:0 FEN:1 FDM:1 FastSearch:4 (SCC:2) LCTUFast:1 FastMrg:2 PBIntraFast:1 AMaxBT:1 FastQtBtEnc:1 ContentBasedFastQtbt:0 FastMIP:3 FastIntraTools:0 IntraEstDecBit:2 FastLocalDualTree:1 IntegerET:0 FastSubPel:1 QtbttExtraFast:3 FastTTSplit:0 IBCFastMethod:3 FIM:0 ALFSpeed:0 QuantThr: 4 
RATE CONTROL CFG: RateControl:0 LookAhead:0 
PARALLEL PROCESSING CFG: NumThreads:0 MaxParallelFrames:0 WppBitEqual:0 WF:0 

POC     0 TId: 0 (  IDR_N_LP, I-SLICE, QP 19, TF 3)     629392 bits [Y 41.1842 dB    U 43.2214 dB    V 44.1771 dB] [ET   294 ] [L0 ] [L1 ]
POC    16 TId: 1 (      STSA, B-SLICE, QP 22, TF 2)     444496 bits [Y 42.3014 dB    U 43.3697 dB    V 44.2712 dB] [ET   247 ] [L0 0 ] [L1 0 ]
POC     8 TId: 2 (      STSA, B-SLICE, QP 23, TF 1)     348176 bits [Y 40.6284 dB    U 42.0227 dB    V 43.1969 dB] [ET   198 ] [L0 0 16 ] [L1 16 0 ]
POC     4 TId: 3 (      STSA, B-SLICE, QP 26, TF 0)     177248 bits [Y 38.9295 dB    U 41.4265 dB    V 42.5267 dB] [ET   132 ] [L0 0 8 ] [L1 8 16 ]
POC     2 TId: 4 (      STSA, B-SLICE, QP 28)           107344 bits [Y 38.3524 dB    U 41.4439 dB    V 42.6277 dB] [ET    74 ] [L0 0 4 ] [L1 4 8 ]
POC     1 TId: 5 (      STSA, B-SLICE, QP 29)            67632 bits [Y 37.9044 dB    U 41.5196 dB    V 42.7055 dB] [ET    49 ] [L0 0 2 ] [L1 2 4 ]
POC     3 TId: 5 (      STSA, B-SLICE, QP 29)            65416 bits [Y 37.7440 dB    U 41.1005 dB    V 42.2649 dB] [ET    50 ] [L0 2 0 ] [L1 4 8 ]
POC     6 TId: 4 (      STSA, B-SLICE, QP 28)           103440 bits [Y 38.3511 dB    U 41.1827 dB    V 42.2981 dB] [ET    73 ] [L0 4 0 ] [L1 8 16 ]
POC     5 TId: 5 (      STSA, B-SLICE, QP 29)            61464 bits [Y 37.7301 dB    U 40.9551 dB    V 42.1344 dB] [ET    48 ] [L0 4 0 ] [L1 6 8 ]
POC     7 TId: 5 (      STSA, B-SLICE, QP 29)            63552 bits [Y 37.8212 dB    U 40.9442 dB    V 42.0525 dB] [ET    49 ] [L0 6 4 ] [L1 8 16 ]
POC    12 TId: 3 (      STSA, B-SLICE, QP 26, TF 0)     184704 bits [Y 38.9763 dB    U 41.5911 dB    V 42.3880 dB] [ET   138 ] [L0 8 0 ] [L1 16 8 ]
POC    10 TId: 4 (      STSA, B-SLICE, QP 28)           113592 bits [Y 38.3097 dB    U 41.1262 dB    V 42.0374 dB] [ET    80 ] [L0 8 0 ] [L1 12 16 ]
POC     9 TId: 5 (      STSA, B-SLICE, QP 29)            64632 bits [Y 37.8391 dB    U 40.9220 dB    V 42.1611 dB] [ET    50 ] [L0 8 0 ] [L1 10 12 ]
POC    11 TId: 5 (      STSA, B-SLICE, QP 29)            68888 bits [Y 37.7412 dB    U 40.9592 dB    V 41.8585 dB] [ET    52 ] [L0 10 8 ] [L1 12 16 ]
POC    14 TId: 4 (      STSA, B-SLICE, QP 28)           116080 bits [Y 38.3811 dB    U 41.2434 dB    V 42.2927 dB] [ET    77 ] [L0 12 8 ] [L1 16 12 ]
POC    13 TId: 5 (      STSA, B-SLICE, QP 29)            65176 bits [Y 37.7574 dB    U 41.0031 dB    V 41.9691 dB] [ET    50 ] [L0 12 8 ] [L1 14 16 ]
POC    15 TId: 5 (      STSA, B-SLICE, QP 29)            68336 bits [Y 37.9081 dB    U 41.2027 dB    V 42.3995 dB] [ET    49 ] [L0 14 12 ] [L1 16 14 ]

	Total Frames |   Bitrate     Y-PSNR    U-PSNR    V-PSNR    YUV-PSNR   
	       17    a    4852.1788   38.6976   41.4844   42.5507   39.3939

 finished @ Mon Apr 24 02:08:51 2023
 Total Time:     1727.617 sec. [user]     1728.028 sec. [elapsed]

Level: 0
Inject Calls: 179559808
Errors injected by bit:
	Bit 0: 1859
	Bit 1: 1792
	Bit 2: 1695
	Bit 3: 1813
	Bit 4: 1774
	Bit 5: 1765
	Bit 6: 1777
	Bit 7: 1800

Total errors injected: 14275
