vvencFFapp: Fraunhofer VVC Encoder ver. 1.5.0 [Linux][GCC 11.3.0][64 bit][SIMD=AVX2]
 started @ Mon Apr 24 04:30:06 2023
CODING TOOL CFG: CTU128 QT44BTT21 IBD:1 SAO:1 ALF:1 (NonLinLuma:0 NonLinChr:0) CCALF:1 Tiles:1x1 Slices:1 WPP:0 WPP-Substreams:1 TMVP:1 DQ:1 SDH:0 CST:1 BDOF:1 DMVR:1 MTSImplicit:1 SBT:0 JCbCr:1 CabacInitPresent:1 AMVR:5 SMVD:3 LMCS:2 (Signal:SDR Opt:0) CIIP:0 MIP:1 AFFINE:2 (PROF:1, Type:1) MMVD:3 DisFracMMVD:1 SbTMVP:1 GPM:3 LFNST:1 MTS:0 ISP:3 TS:2 TSLog2MaxSize:4 useChromaTS:0 BDPCM:2 IBC:2 BCW:0 
ENC. ALG. CFG: QPA:0 HAD:1 RDQ:1 RDQTS:1 ASR:1 MinSearchWindow:96 RestrictMESampling:0 EDO:2 MCTF:2 
PRE-ANALYSIS CFG: STA:1 LeadFrames:0 TrailFrames:0 
FAST TOOL CFG: ECU:0 FEN:1 FDM:1 FastSearch:4 (SCC:2) LCTUFast:1 FastMrg:2 PBIntraFast:1 AMaxBT:1 FastQtBtEnc:1 ContentBasedFastQtbt:0 FastMIP:3 FastIntraTools:0 IntraEstDecBit:2 FastLocalDualTree:1 IntegerET:0 FastSubPel:1 QtbttExtraFast:3 FastTTSplit:0 IBCFastMethod:3 FIM:0 ALFSpeed:0 QuantThr: 4 
RATE CONTROL CFG: RateControl:0 LookAhead:0 
PARALLEL PROCESSING CFG: NumThreads:0 MaxParallelFrames:0 WppBitEqual:0 WF:0 

POC     0 TId: 0 (  IDR_N_LP, I-SLICE, QP 24, TF 3)     399128 bits [Y 38.6505 dB    U 40.8666 dB    V 42.1124 dB] [ET   235 ] [L0 ] [L1 ]
POC    16 TId: 1 (      STSA, B-SLICE, QP 28, TF 2)     240448 bits [Y 38.5343 dB    U 40.3489 dB    V 41.5161 dB] [ET   178 ] [L0 0 ] [L1 0 ]
POC     8 TId: 2 (      STSA, B-SLICE, QP 29, TF 1)     177896 bits [Y 37.2227 dB    U 39.5415 dB    V 40.7980 dB] [ET   149 ] [L0 0 16 ] [L1 16 0 ]
POC     4 TId: 3 (      STSA, B-SLICE, QP 32, TF 0)      77456 bits [Y 35.9284 dB    U 39.1447 dB    V 40.3428 dB] [ET    99 ] [L0 0 8 ] [L1 8 16 ]
POC     2 TId: 4 (      STSA, B-SLICE, QP 34)            44976 bits [Y 35.6517 dB    U 39.2641 dB    V 40.4835 dB] [ET    44 ] [L0 0 4 ] [L1 4 8 ]
POC     1 TId: 5 (      STSA, B-SLICE, QP 36)            23224 bits [Y 35.3176 dB    U 39.4315 dB    V 40.7804 dB] [ET    25 ] [L0 0 2 ] [L1 2 4 ]
POC     3 TId: 5 (      STSA, B-SLICE, QP 36)            21096 bits [Y 34.9057 dB    U 38.8948 dB    V 40.1444 dB] [ET    25 ] [L0 2 0 ] [L1 4 8 ]
POC     6 TId: 4 (      STSA, B-SLICE, QP 34)            43256 bits [Y 35.4805 dB    U 38.8659 dB    V 40.0528 dB] [ET    44 ] [L0 4 0 ] [L1 8 16 ]
POC     5 TId: 5 (      STSA, B-SLICE, QP 36)            19392 bits [Y 34.8963 dB    U 38.8010 dB    V 40.1177 dB] [ET    25 ] [L0 4 0 ] [L1 6 8 ]
POC     7 TId: 5 (      STSA, B-SLICE, QP 36)            20536 bits [Y 35.0072 dB    U 38.6852 dB    V 40.0362 dB] [ET    25 ] [L0 6 4 ] [L1 8 16 ]
POC    12 TId: 3 (      STSA, B-SLICE, QP 32, TF 0)      79000 bits [Y 35.7685 dB    U 39.2159 dB    V 40.0523 dB] [ET   101 ] [L0 8 0 ] [L1 16 8 ]
POC    10 TId: 4 (      STSA, B-SLICE, QP 34)            46304 bits [Y 35.3398 dB    U 38.8494 dB    V 39.6543 dB] [ET    48 ] [L0 8 0 ] [L1 12 16 ]
POC     9 TId: 5 (      STSA, B-SLICE, QP 36)            20544 bits [Y 34.9507 dB    U 38.7573 dB    V 39.8985 dB] [ET    25 ] [L0 8 0 ] [L1 10 12 ]
POC    11 TId: 5 (      STSA, B-SLICE, QP 36)            21032 bits [Y 34.7165 dB    U 38.8294 dB    V 39.5821 dB] [ET    25 ] [L0 10 8 ] [L1 12 16 ]
POC    14 TId: 4 (      STSA, B-SLICE, QP 34)            43776 bits [Y 35.3257 dB    U 38.9640 dB    V 40.0810 dB] [ET    43 ] [L0 12 8 ] [L1 16 12 ]
POC    13 TId: 5 (      STSA, B-SLICE, QP 36)            19240 bits [Y 34.7132 dB    U 38.8221 dB    V 39.7164 dB] [ET    25 ] [L0 12 8 ] [L1 14 16 ]
POC    15 TId: 5 (      STSA, B-SLICE, QP 36)            18776 bits [Y 34.9589 dB    U 39.1750 dB    V 40.3634 dB] [ET    24 ] [L0 14 12 ] [L1 16 14 ]

	Total Frames |   Bitrate     Y-PSNR    U-PSNR    V-PSNR    YUV-PSNR   
	       17    a    2322.4941   35.7275   39.2034   40.3372   36.5753

 finished @ Mon Apr 24 04:49:23 2023
 Total Time:     1157.463 sec. [user]     1157.600 sec. [elapsed]

Level: 0
Inject Calls: 191840768
Errors injected by bit:
	Bit 0: 198
	Bit 1: 183
	Bit 2: 191
	Bit 3: 229
	Bit 4: 177
	Bit 5: 200
	Bit 6: 180
	Bit 7: 201

Total errors injected: 1559
