vvencFFapp: Fraunhofer VVC Encoder ver. 1.5.0 [Linux][GCC 11.3.0][64 bit][SIMD=AVX2]
 started @ Mon Apr 24 06:50:08 2023
CODING TOOL CFG: CTU128 QT44BTT21 IBD:1 SAO:1 ALF:1 (NonLinLuma:0 NonLinChr:0) CCALF:1 Tiles:1x1 Slices:1 WPP:0 WPP-Substreams:1 TMVP:1 DQ:1 SDH:0 CST:1 BDOF:1 DMVR:1 MTSImplicit:1 SBT:0 JCbCr:1 CabacInitPresent:1 AMVR:5 SMVD:3 LMCS:2 (Signal:SDR Opt:0) CIIP:0 MIP:1 AFFINE:2 (PROF:1, Type:1) MMVD:3 DisFracMMVD:1 SbTMVP:1 GPM:3 LFNST:1 MTS:0 ISP:3 TS:2 TSLog2MaxSize:4 useChromaTS:0 BDPCM:2 IBC:2 BCW:0 
ENC. ALG. CFG: QPA:0 HAD:1 RDQ:1 RDQTS:1 ASR:1 MinSearchWindow:96 RestrictMESampling:0 EDO:2 MCTF:2 
PRE-ANALYSIS CFG: STA:1 LeadFrames:0 TrailFrames:0 
FAST TOOL CFG: ECU:0 FEN:1 FDM:1 FastSearch:4 (SCC:2) LCTUFast:1 FastMrg:2 PBIntraFast:1 AMaxBT:1 FastQtBtEnc:1 ContentBasedFastQtbt:0 FastMIP:3 FastIntraTools:0 IntraEstDecBit:2 FastLocalDualTree:1 IntegerET:0 FastSubPel:1 QtbttExtraFast:3 FastTTSplit:0 IBCFastMethod:3 FIM:0 ALFSpeed:0 QuantThr: 4 
RATE CONTROL CFG: RateControl:0 LookAhead:0 
PARALLEL PROCESSING CFG: NumThreads:0 MaxParallelFrames:0 WppBitEqual:0 WF:0 

POC     0 TId: 0 (  IDR_N_LP, I-SLICE, QP 34, TF 2)     137312 bits [Y 33.0393 dB    U 36.5932 dB    V 37.9362 dB] [ET   137 ] [L0 ] [L1 ]
POC    16 TId: 1 (      STSA, B-SLICE, QP 40, TF 1)      51464 bits [Y 30.8002 dB    U 35.9830 dB    V 36.6974 dB] [ET    85 ] [L0 0 ] [L1 0 ]
POC     8 TId: 2 (      STSA, B-SLICE, QP 40, TF 0)      41776 bits [Y 30.7874 dB    U 35.8485 dB    V 36.8443 dB] [ET    72 ] [L0 0 16 ] [L1 16 0 ]
POC     4 TId: 3 (      STSA, B-SLICE, QP 43)            17152 bits [Y 30.1748 dB    U 35.7786 dB    V 36.8797 dB] [ET    49 ] [L0 0 8 ] [L1 8 16 ]
POC     2 TId: 4 (      STSA, B-SLICE, QP 45)             9392 bits [Y 30.0984 dB    U 35.7645 dB    V 37.0637 dB] [ET    14 ] [L0 0 4 ] [L1 4 8 ]
POC     1 TId: 5 (      STSA, B-SLICE, QP 46)             4872 bits [Y 30.3775 dB    U 35.9249 dB    V 37.3686 dB] [ET     9 ] [L0 0 2 ] [L1 2 4 ]
POC     3 TId: 5 (      STSA, B-SLICE, QP 46)             4472 bits [Y 29.7377 dB    U 35.5835 dB    V 36.7826 dB] [ET     9 ] [L0 2 0 ] [L1 4 8 ]
POC     6 TId: 4 (      STSA, B-SLICE, QP 45)             8728 bits [Y 29.7080 dB    U 35.5035 dB    V 36.6089 dB] [ET    17 ] [L0 4 0 ] [L1 8 16 ]
POC     5 TId: 5 (      STSA, B-SLICE, QP 46)             4176 bits [Y 29.6664 dB    U 35.5348 dB    V 36.7202 dB] [ET     9 ] [L0 4 0 ] [L1 6 8 ]
POC     7 TId: 5 (      STSA, B-SLICE, QP 46)             3968 bits [Y 29.7049 dB    U 35.4393 dB    V 36.5151 dB] [ET     8 ] [L0 6 4 ] [L1 8 16 ]
POC    12 TId: 3 (      STSA, B-SLICE, QP 43)            18696 bits [Y 29.8672 dB    U 35.7630 dB    V 36.1757 dB] [ET    42 ] [L0 8 0 ] [L1 16 8 ]
POC    10 TId: 4 (      STSA, B-SLICE, QP 45)             9392 bits [Y 29.4002 dB    U 35.5301 dB    V 36.1283 dB] [ET    18 ] [L0 8 0 ] [L1 12 16 ]
POC     9 TId: 5 (      STSA, B-SLICE, QP 46)             3744 bits [Y 29.3948 dB    U 35.5860 dB    V 36.3834 dB] [ET     9 ] [L0 8 0 ] [L1 10 12 ]
POC    11 TId: 5 (      STSA, B-SLICE, QP 46)             4120 bits [Y 29.3211 dB    U 35.4918 dB    V 36.0786 dB] [ET     9 ] [L0 10 8 ] [L1 12 16 ]
POC    14 TId: 4 (      STSA, B-SLICE, QP 45)             8112 bits [Y 29.4696 dB    U 35.6408 dB    V 36.1246 dB] [ET    16 ] [L0 12 8 ] [L1 16 12 ]
POC    13 TId: 5 (      STSA, B-SLICE, QP 46)             3992 bits [Y 29.4099 dB    U 35.6019 dB    V 36.0426 dB] [ET     8 ] [L0 12 8 ] [L1 14 16 ]
POC    15 TId: 5 (      STSA, B-SLICE, QP 46)             3704 bits [Y 29.7013 dB    U 35.7528 dB    V 36.2391 dB] [ET     8 ] [L0 14 12 ] [L1 16 14 ]

	Total Frames |   Bitrate     Y-PSNR    U-PSNR    V-PSNR    YUV-PSNR   
	       17    a     591.3035   30.0387   35.7247   36.6229   31.2292

 finished @ Mon Apr 24 06:59:03 2023
 Total Time:      534.571 sec. [user]      534.633 sec. [elapsed]

Level: 0
Inject Calls: 97615232
Errors injected by bit:
	Bit 0: 97281
	Bit 1: 97666
	Bit 2: 97267
	Bit 3: 97743
	Bit 4: 97584
	Bit 5: 97329
	Bit 6: 97492
	Bit 7: 97401

Total errors injected: 779763
