vvencFFapp: Fraunhofer VVC Encoder ver. 1.5.0 [Linux][GCC 11.3.0][64 bit][SIMD=AVX2]
 started @ Sun Apr 23 22:24:59 2023
CODING TOOL CFG: CTU128 QT44BTT21 IBD:1 SAO:1 ALF:1 (NonLinLuma:0 NonLinChr:0) CCALF:1 Tiles:1x1 Slices:1 WPP:0 WPP-Substreams:1 TMVP:1 DQ:1 SDH:0 CST:1 BDOF:1 DMVR:1 MTSImplicit:1 SBT:0 JCbCr:1 CabacInitPresent:1 AMVR:5 SMVD:3 LMCS:2 (Signal:SDR Opt:0) CIIP:0 MIP:1 AFFINE:2 (PROF:1, Type:1) MMVD:3 DisFracMMVD:1 SbTMVP:1 GPM:3 LFNST:1 MTS:0 ISP:3 TS:2 TSLog2MaxSize:4 useChromaTS:0 BDPCM:2 IBC:2 BCW:0 
ENC. ALG. CFG: QPA:0 HAD:1 RDQ:1 RDQTS:1 ASR:1 MinSearchWindow:96 RestrictMESampling:0 EDO:2 MCTF:2 
PRE-ANALYSIS CFG: STA:1 LeadFrames:0 TrailFrames:0 
FAST TOOL CFG: ECU:0 FEN:1 FDM:1 FastSearch:4 (SCC:2) LCTUFast:1 FastMrg:2 PBIntraFast:1 AMaxBT:1 FastQtBtEnc:1 ContentBasedFastQtbt:0 FastMIP:3 FastIntraTools:0 IntraEstDecBit:2 FastLocalDualTree:1 IntegerET:0 FastSubPel:1 QtbttExtraFast:3 FastTTSplit:0 IBCFastMethod:3 FIM:0 ALFSpeed:0 QuantThr: 4 
RATE CONTROL CFG: RateControl:0 LookAhead:0 
PARALLEL PROCESSING CFG: NumThreads:0 MaxParallelFrames:0 WppBitEqual:0 WF:0 

POC     0 TId: 0 (  IDR_N_LP, I-SLICE, QP 29, TF 2)     160808 bits [Y 38.4367 dB    U 41.6230 dB    V 42.6136 dB] [ET   186 ] [L0 ] [L1 ]
POC    16 TId: 1 (      STSA, B-SLICE, QP 34, TF 1)      30896 bits [Y 36.4936 dB    U 39.9469 dB    V 40.1435 dB] [ET    48 ] [L0 0 ] [L1 0 ]
POC     8 TId: 2 (      STSA, B-SLICE, QP 35, TF 0)      19288 bits [Y 36.5328 dB    U 40.0699 dB    V 40.7541 dB] [ET    39 ] [L0 0 16 ] [L1 16 0 ]
POC     4 TId: 3 (      STSA, B-SLICE, QP 38)            11792 bits [Y 36.1728 dB    U 40.2487 dB    V 40.9656 dB] [ET    33 ] [L0 0 8 ] [L1 8 16 ]
POC     2 TId: 4 (      STSA, B-SLICE, QP 40)             4928 bits [Y 36.2769 dB    U 40.8371 dB    V 41.3053 dB] [ET     9 ] [L0 0 4 ] [L1 4 8 ]
POC     1 TId: 5 (      STSA, B-SLICE, QP 41)              232 bits [Y 38.4367 dB    U 41.6230 dB    V 42.6136 dB] [ET     2 ] [L0 0 2 ] [L1 2 4 ]
POC     3 TId: 5 (      STSA, B-SLICE, QP 41)             3144 bits [Y 35.7659 dB    U 40.3816 dB    V 40.7352 dB] [ET     7 ] [L0 2 0 ] [L1 4 8 ]
POC     6 TId: 4 (      STSA, B-SLICE, QP 40)             6336 bits [Y 35.6276 dB    U 40.0687 dB    V 40.5552 dB] [ET    13 ] [L0 4 0 ] [L1 8 16 ]
POC     5 TId: 5 (      STSA, B-SLICE, QP 41)             3640 bits [Y 35.3440 dB    U 40.0351 dB    V 40.6254 dB] [ET     7 ] [L0 4 0 ] [L1 6 8 ]
POC     7 TId: 5 (      STSA, B-SLICE, QP 41)             3216 bits [Y 35.2441 dB    U 40.0727 dB    V 40.4982 dB] [ET     6 ] [L0 6 4 ] [L1 8 16 ]
POC    12 TId: 3 (      STSA, B-SLICE, QP 38)            13128 bits [Y 35.6281 dB    U 39.7350 dB    V 40.1027 dB] [ET    41 ] [L0 8 0 ] [L1 16 8 ]
POC    10 TId: 4 (      STSA, B-SLICE, QP 40)             7040 bits [Y 35.3084 dB    U 39.7908 dB    V 40.2193 dB] [ET    13 ] [L0 8 0 ] [L1 12 16 ]
POC     9 TId: 5 (      STSA, B-SLICE, QP 41)             3232 bits [Y 35.6748 dB    U 39.9284 dB    V 40.3644 dB] [ET     8 ] [L0 8 0 ] [L1 10 12 ]
POC    11 TId: 5 (      STSA, B-SLICE, QP 41)             3808 bits [Y 35.2869 dB    U 39.8371 dB    V 40.0237 dB] [ET     8 ] [L0 10 8 ] [L1 12 16 ]
POC    14 TId: 4 (      STSA, B-SLICE, QP 40)             7568 bits [Y 35.2899 dB    U 39.6373 dB    V 39.8207 dB] [ET    13 ] [L0 12 8 ] [L1 16 12 ]
POC    13 TId: 5 (      STSA, B-SLICE, QP 41)             3304 bits [Y 35.0308 dB    U 39.7360 dB    V 39.7866 dB] [ET     8 ] [L0 12 8 ] [L1 14 16 ]
POC    15 TId: 5 (      STSA, B-SLICE, QP 41)             3088 bits [Y 35.2343 dB    U 39.7622 dB    V 39.7218 dB] [ET     7 ] [L0 14 12 ] [L1 16 14 ]

	Total Frames |   Bitrate     Y-PSNR    U-PSNR    V-PSNR    YUV-PSNR   
	       17    a     839.5529   35.9873   40.1961   40.6382   36.9328

 finished @ Sun Apr 23 22:32:39 2023
 Total Time:      460.032 sec. [user]      460.110 sec. [elapsed]

Level: 0
Inject Calls: 56321024
Errors injected by bit:
	Bit 0: 56522
	Bit 1: 56432
	Bit 2: 56233
	Bit 3: 56615
	Bit 4: 56469
	Bit 5: 56315
	Bit 6: 56468
	Bit 7: 56502

Total errors injected: 451556
