vvencFFapp: Fraunhofer VVC Encoder ver. 1.5.0 [Linux][GCC 11.3.0][64 bit][SIMD=AVX2]
 started @ Sun Apr 23 23:30:01 2023
CODING TOOL CFG: CTU128 QT44BTT21 IBD:1 SAO:1 ALF:1 (NonLinLuma:0 NonLinChr:0) CCALF:1 Tiles:1x1 Slices:1 WPP:0 WPP-Substreams:1 TMVP:1 DQ:1 SDH:0 CST:1 BDOF:1 DMVR:1 MTSImplicit:1 SBT:0 JCbCr:1 CabacInitPresent:1 AMVR:5 SMVD:3 LMCS:2 (Signal:SDR Opt:0) CIIP:0 MIP:1 AFFINE:2 (PROF:1, Type:1) MMVD:3 DisFracMMVD:1 SbTMVP:1 GPM:3 LFNST:1 MTS:0 ISP:3 TS:2 TSLog2MaxSize:4 useChromaTS:0 BDPCM:2 IBC:2 BCW:0 
ENC. ALG. CFG: QPA:0 HAD:1 RDQ:1 RDQTS:1 ASR:1 MinSearchWindow:96 RestrictMESampling:0 EDO:2 MCTF:2 
PRE-ANALYSIS CFG: STA:1 LeadFrames:0 TrailFrames:0 
FAST TOOL CFG: ECU:0 FEN:1 FDM:1 FastSearch:4 (SCC:2) LCTUFast:1 FastMrg:2 PBIntraFast:1 AMaxBT:1 FastQtBtEnc:1 ContentBasedFastQtbt:0 FastMIP:3 FastIntraTools:0 IntraEstDecBit:2 FastLocalDualTree:1 IntegerET:0 FastSubPel:1 QtbttExtraFast:3 FastTTSplit:0 IBCFastMethod:3 FIM:0 ALFSpeed:0 QuantThr: 4 
RATE CONTROL CFG: RateControl:0 LookAhead:0 
PARALLEL PROCESSING CFG: NumThreads:0 MaxParallelFrames:0 WppBitEqual:0 WF:0 

POC     0 TId: 0 (  IDR_N_LP, I-SLICE, QP 34, TF 2)      85368 bits [Y 35.6254 dB    U 39.1515 dB    V 40.0627 dB] [ET   133 ] [L0 ] [L1 ]
POC    16 TId: 1 (      STSA, B-SLICE, QP 40, TF 1)      16008 bits [Y 33.6389 dB    U 37.9797 dB    V 38.1488 dB] [ET    44 ] [L0 0 ] [L1 0 ]
POC     8 TId: 2 (      STSA, B-SLICE, QP 40, TF 0)      11104 bits [Y 33.9291 dB    U 38.2600 dB    V 39.1015 dB] [ET    36 ] [L0 0 16 ] [L1 16 0 ]
POC     4 TId: 3 (      STSA, B-SLICE, QP 43)             6136 bits [Y 33.4997 dB    U 38.3275 dB    V 38.7524 dB] [ET    32 ] [L0 0 8 ] [L1 8 16 ]
POC     2 TId: 4 (      STSA, B-SLICE, QP 45)             2416 bits [Y 33.7848 dB    U 38.5676 dB    V 39.1163 dB] [ET     6 ] [L0 0 4 ] [L1 4 8 ]
POC     1 TId: 5 (      STSA, B-SLICE, QP 46)              176 bits [Y 35.6254 dB    U 39.1515 dB    V 40.0627 dB] [ET     1 ] [L0 0 2 ] [L1 2 4 ]
POC     3 TId: 5 (      STSA, B-SLICE, QP 46)             1576 bits [Y 33.2691 dB    U 38.2672 dB    V 38.6124 dB] [ET     4 ] [L0 2 0 ] [L1 4 8 ]
POC     6 TId: 4 (      STSA, B-SLICE, QP 45)             3240 bits [Y 32.9936 dB    U 38.1250 dB    V 38.4710 dB] [ET     7 ] [L0 4 0 ] [L1 8 16 ]
POC     5 TId: 5 (      STSA, B-SLICE, QP 46)             1504 bits [Y 32.7674 dB    U 37.9468 dB    V 38.5228 dB] [ET     4 ] [L0 4 0 ] [L1 6 8 ]
POC     7 TId: 5 (      STSA, B-SLICE, QP 46)             1736 bits [Y 32.8763 dB    U 38.0909 dB    V 38.5642 dB] [ET     4 ] [L0 6 4 ] [L1 8 16 ]
POC    12 TId: 3 (      STSA, B-SLICE, QP 43)             6672 bits [Y 32.9783 dB    U 37.8569 dB    V 38.4373 dB] [ET    59 ] [L0 8 0 ] [L1 16 8 ]
POC    10 TId: 4 (      STSA, B-SLICE, QP 45)             3576 bits [Y 32.8350 dB    U 37.9574 dB    V 38.0994 dB] [ET     9 ] [L0 8 0 ] [L1 12 16 ]
POC     9 TId: 5 (      STSA, B-SLICE, QP 46)             1640 bits [Y 33.2225 dB    U 38.0114 dB    V 38.5678 dB] [ET     4 ] [L0 8 0 ] [L1 10 12 ]
POC    11 TId: 5 (      STSA, B-SLICE, QP 46)             1824 bits [Y 32.7697 dB    U 37.8389 dB    V 38.0637 dB] [ET     5 ] [L0 10 8 ] [L1 12 16 ]
POC    14 TId: 4 (      STSA, B-SLICE, QP 45)             3288 bits [Y 32.5414 dB    U 37.6801 dB    V 37.8202 dB] [ET     8 ] [L0 12 8 ] [L1 16 12 ]
POC    13 TId: 5 (      STSA, B-SLICE, QP 46)             1552 bits [Y 32.4812 dB    U 37.7659 dB    V 38.0167 dB] [ET     4 ] [L0 12 8 ] [L1 14 16 ]
POC    15 TId: 5 (      STSA, B-SLICE, QP 46)             1376 bits [Y 32.7227 dB    U 37.8101 dB    V 37.7974 dB] [ET     4 ] [L0 14 12 ] [L1 16 14 ]

	Total Frames |   Bitrate     Y-PSNR    U-PSNR    V-PSNR    YUV-PSNR   
	       17    a     438.8000   33.3859   38.1640   38.6010   34.4291

 finished @ Sun Apr 23 23:36:17 2023
 Total Time:      376.863 sec. [user]      376.933 sec. [elapsed]

Level: 0
Inject Calls: 113366144
Errors injected by bit:
	Bit 0: 11226
	Bit 1: 11319
	Bit 2: 11333
	Bit 3: 11480
	Bit 4: 11314
	Bit 5: 11385
	Bit 6: 11367
	Bit 7: 11380

Total errors injected: 90804
