vvencFFapp: Fraunhofer VVC Encoder ver. 1.5.0 [Linux][GCC 11.3.0][64 bit][SIMD=AVX2]
 started @ Mon Apr 24 06:50:08 2023
CODING TOOL CFG: CTU128 QT44BTT21 IBD:1 SAO:1 ALF:1 (NonLinLuma:0 NonLinChr:0) CCALF:1 Tiles:1x1 Slices:1 WPP:0 WPP-Substreams:1 TMVP:1 DQ:1 SDH:0 CST:1 BDOF:1 DMVR:1 MTSImplicit:1 SBT:0 JCbCr:1 CabacInitPresent:1 AMVR:5 SMVD:3 LMCS:2 (Signal:SDR Opt:0) CIIP:0 MIP:1 AFFINE:2 (PROF:1, Type:1) MMVD:3 DisFracMMVD:1 SbTMVP:1 GPM:3 LFNST:1 MTS:0 ISP:3 TS:2 TSLog2MaxSize:4 useChromaTS:0 BDPCM:2 IBC:2 BCW:0 
ENC. ALG. CFG: QPA:0 HAD:1 RDQ:1 RDQTS:1 ASR:1 MinSearchWindow:96 RestrictMESampling:0 EDO:2 MCTF:2 
PRE-ANALYSIS CFG: STA:1 LeadFrames:0 TrailFrames:0 
FAST TOOL CFG: ECU:0 FEN:1 FDM:1 FastSearch:4 (SCC:2) LCTUFast:1 FastMrg:2 PBIntraFast:1 AMaxBT:1 FastQtBtEnc:1 ContentBasedFastQtbt:0 FastMIP:3 FastIntraTools:0 IntraEstDecBit:2 FastLocalDualTree:1 IntegerET:0 FastSubPel:1 QtbttExtraFast:3 FastTTSplit:0 IBCFastMethod:3 FIM:0 ALFSpeed:0 QuantThr: 4 
RATE CONTROL CFG: RateControl:0 LookAhead:0 
PARALLEL PROCESSING CFG: NumThreads:0 MaxParallelFrames:0 WppBitEqual:0 WF:0 

POC     0 TId: 0 (  IDR_N_LP, I-SLICE, QP 34, TF 2)     137312 bits [Y 33.0393 dB    U 36.5932 dB    V 37.9362 dB] [ET   137 ] [L0 ] [L1 ]
POC    16 TId: 1 (      STSA, B-SLICE, QP 40, TF 1)      50152 bits [Y 30.8548 dB    U 35.9242 dB    V 36.7729 dB] [ET    89 ] [L0 0 ] [L1 0 ]
POC     8 TId: 2 (      STSA, B-SLICE, QP 40, TF 0)      40672 bits [Y 30.7796 dB    U 35.7982 dB    V 36.6995 dB] [ET    81 ] [L0 0 16 ] [L1 16 0 ]
POC     4 TId: 3 (      STSA, B-SLICE, QP 43)            17336 bits [Y 30.2051 dB    U 35.6660 dB    V 36.8438 dB] [ET    50 ] [L0 0 8 ] [L1 8 16 ]
POC     2 TId: 4 (      STSA, B-SLICE, QP 45)             9184 bits [Y 30.0150 dB    U 35.6736 dB    V 36.9682 dB] [ET    15 ] [L0 0 4 ] [L1 4 8 ]
POC     1 TId: 5 (      STSA, B-SLICE, QP 46)             4784 bits [Y 30.3167 dB    U 35.8304 dB    V 37.3371 dB] [ET     8 ] [L0 0 2 ] [L1 2 4 ]
POC     3 TId: 5 (      STSA, B-SLICE, QP 46)             4320 bits [Y 29.7756 dB    U 35.4994 dB    V 36.7053 dB] [ET     9 ] [L0 2 0 ] [L1 4 8 ]
POC     6 TId: 4 (      STSA, B-SLICE, QP 45)             8712 bits [Y 29.6789 dB    U 35.4230 dB    V 36.4384 dB] [ET    16 ] [L0 4 0 ] [L1 8 16 ]
POC     5 TId: 5 (      STSA, B-SLICE, QP 46)             4096 bits [Y 29.6318 dB    U 35.5253 dB    V 36.6863 dB] [ET     9 ] [L0 4 0 ] [L1 6 8 ]
POC     7 TId: 5 (      STSA, B-SLICE, QP 46)             4080 bits [Y 29.6634 dB    U 35.3805 dB    V 36.4094 dB] [ET     9 ] [L0 6 4 ] [L1 8 16 ]
POC    12 TId: 3 (      STSA, B-SLICE, QP 43)            18008 bits [Y 29.8502 dB    U 35.7167 dB    V 36.2743 dB] [ET    49 ] [L0 8 0 ] [L1 16 8 ]
POC    10 TId: 4 (      STSA, B-SLICE, QP 45)             9664 bits [Y 29.3376 dB    U 35.4387 dB    V 36.1503 dB] [ET    18 ] [L0 8 0 ] [L1 12 16 ]
POC     9 TId: 5 (      STSA, B-SLICE, QP 46)             3944 bits [Y 29.4772 dB    U 35.5520 dB    V 36.4085 dB] [ET     9 ] [L0 8 0 ] [L1 10 12 ]
POC    11 TId: 5 (      STSA, B-SLICE, QP 46)             4104 bits [Y 29.2082 dB    U 35.4984 dB    V 36.1463 dB] [ET    10 ] [L0 10 8 ] [L1 12 16 ]
POC    14 TId: 4 (      STSA, B-SLICE, QP 45)             8080 bits [Y 29.4761 dB    U 35.5989 dB    V 36.0807 dB] [ET    16 ] [L0 12 8 ] [L1 16 12 ]
POC    13 TId: 5 (      STSA, B-SLICE, QP 46)             4168 bits [Y 29.4288 dB    U 35.6219 dB    V 36.1060 dB] [ET     8 ] [L0 12 8 ] [L1 14 16 ]
POC    15 TId: 5 (      STSA, B-SLICE, QP 46)             3600 bits [Y 29.6864 dB    U 35.6133 dB    V 36.2258 dB] [ET     8 ] [L0 14 12 ] [L1 16 14 ]

	Total Frames |   Bitrate     Y-PSNR    U-PSNR    V-PSNR    YUV-PSNR   
	       17    a     586.2635   30.0250   35.6679   36.5994   31.2112

 finished @ Mon Apr 24 06:59:23 2023
 Total Time:      555.045 sec. [user]      555.114 sec. [elapsed]

Level: 0
Inject Calls: 123360384
Errors injected by bit:
	Bit 0: 122828
	Bit 1: 123225
	Bit 2: 122959
	Bit 3: 123590
	Bit 4: 123401
	Bit 5: 123370
	Bit 6: 123262
	Bit 7: 124517

Total errors injected: 987152
