vvencFFapp: Fraunhofer VVC Encoder ver. 1.5.0 [Linux][GCC 11.3.0][64 bit][SIMD=AVX2]
 started @ Sun Apr 23 14:20:19 2023
CODING TOOL CFG: CTU128 QT44BTT21 IBD:1 SAO:1 ALF:1 (NonLinLuma:0 NonLinChr:0) CCALF:1 Tiles:1x1 Slices:1 WPP:0 WPP-Substreams:1 TMVP:1 DQ:1 SDH:0 CST:1 BDOF:1 DMVR:1 MTSImplicit:1 SBT:0 JCbCr:1 CabacInitPresent:1 AMVR:5 SMVD:3 LMCS:2 (Signal:SDR Opt:0) CIIP:0 MIP:1 AFFINE:2 (PROF:1, Type:1) MMVD:3 DisFracMMVD:1 SbTMVP:1 GPM:3 LFNST:1 MTS:0 ISP:3 TS:2 TSLog2MaxSize:4 useChromaTS:0 BDPCM:2 IBC:2 BCW:0 
ENC. ALG. CFG: QPA:0 HAD:1 RDQ:1 RDQTS:1 ASR:1 MinSearchWindow:96 RestrictMESampling:0 EDO:2 MCTF:2 
PRE-ANALYSIS CFG: STA:1 LeadFrames:0 TrailFrames:0 
FAST TOOL CFG: ECU:0 FEN:1 FDM:1 FastSearch:4 (SCC:2) LCTUFast:1 FastMrg:2 PBIntraFast:1 AMaxBT:1 FastQtBtEnc:1 ContentBasedFastQtbt:0 FastMIP:3 FastIntraTools:0 IntraEstDecBit:2 FastLocalDualTree:1 IntegerET:0 FastSubPel:1 QtbttExtraFast:3 FastTTSplit:0 IBCFastMethod:3 FIM:0 ALFSpeed:0 QuantThr: 4 
RATE CONTROL CFG: RateControl:0 LookAhead:0 
PARALLEL PROCESSING CFG: NumThreads:0 MaxParallelFrames:0 WppBitEqual:0 WF:0 

POC     0 TId: 0 (  IDR_N_LP, I-SLICE, QP 34, TF 2)     142152 bits [Y 34.7290 dB    U 39.0714 dB    V 39.9878 dB] [ET   159 ] [L0 ] [L1 ]
POC    16 TId: 1 (      STSA, B-SLICE, QP 40, TF 1)      22512 bits [Y 32.3027 dB    U 38.1864 dB    V 38.8629 dB] [ET    38 ] [L0 0 ] [L1 0 ]
POC     8 TId: 2 (      STSA, B-SLICE, QP 40, TF 0)      11104 bits [Y 32.8838 dB    U 38.4108 dB    V 39.3193 dB] [ET    36 ] [L0 0 16 ] [L1 16 0 ]
POC     4 TId: 3 (      STSA, B-SLICE, QP 43)             4352 bits [Y 32.8311 dB    U 38.6506 dB    V 39.4910 dB] [ET    18 ] [L0 0 8 ] [L1 8 16 ]
POC     2 TId: 4 (      STSA, B-SLICE, QP 45)             1776 bits [Y 33.0850 dB    U 38.8051 dB    V 39.7275 dB] [ET     3 ] [L0 0 4 ] [L1 4 8 ]
POC     1 TId: 5 (      STSA, B-SLICE, QP 46)              664 bits [Y 33.6244 dB    U 38.9215 dB    V 39.9346 dB] [ET     2 ] [L0 0 2 ] [L1 2 4 ]
POC     3 TId: 5 (      STSA, B-SLICE, QP 46)              624 bits [Y 32.7205 dB    U 38.8240 dB    V 39.6767 dB] [ET     2 ] [L0 2 0 ] [L1 4 8 ]
POC     6 TId: 4 (      STSA, B-SLICE, QP 45)             1816 bits [Y 32.3554 dB    U 38.5884 dB    V 39.4443 dB] [ET     4 ] [L0 4 0 ] [L1 8 16 ]
POC     5 TId: 5 (      STSA, B-SLICE, QP 46)              856 bits [Y 32.4247 dB    U 38.6173 dB    V 39.4912 dB] [ET     2 ] [L0 4 0 ] [L1 6 8 ]
POC     7 TId: 5 (      STSA, B-SLICE, QP 46)              744 bits [Y 32.4850 dB    U 38.4887 dB    V 39.4466 dB] [ET     2 ] [L0 6 4 ] [L1 8 16 ]
POC    12 TId: 3 (      STSA, B-SLICE, QP 43)             5016 bits [Y 32.0192 dB    U 38.3521 dB    V 39.2083 dB] [ET    23 ] [L0 8 0 ] [L1 16 8 ]
POC    10 TId: 4 (      STSA, B-SLICE, QP 45)             1936 bits [Y 32.0500 dB    U 38.3487 dB    V 39.1840 dB] [ET     4 ] [L0 8 0 ] [L1 12 16 ]
POC     9 TId: 5 (      STSA, B-SLICE, QP 46)              920 bits [Y 32.3422 dB    U 38.4518 dB    V 39.3276 dB] [ET     3 ] [L0 8 0 ] [L1 10 12 ]
POC    11 TId: 5 (      STSA, B-SLICE, QP 46)              864 bits [Y 31.8464 dB    U 38.3428 dB    V 39.2161 dB] [ET     3 ] [L0 10 8 ] [L1 12 16 ]
POC    14 TId: 4 (      STSA, B-SLICE, QP 45)             2216 bits [Y 31.6763 dB    U 38.2054 dB    V 38.8997 dB] [ET     4 ] [L0 12 8 ] [L1 16 12 ]
POC    13 TId: 5 (      STSA, B-SLICE, QP 46)              848 bits [Y 31.5994 dB    U 38.3071 dB    V 39.0360 dB] [ET     3 ] [L0 12 8 ] [L1 14 16 ]
POC    15 TId: 5 (      STSA, B-SLICE, QP 46)              968 bits [Y 31.7677 dB    U 38.2494 dB    V 38.9340 dB] [ET     2 ] [L0 14 12 ] [L1 16 14 ]

	Total Frames |   Bitrate     Y-PSNR    U-PSNR    V-PSNR    YUV-PSNR   
	       17    a     703.6518   32.5143   38.5189   39.3640   33.7485

 finished @ Sun Apr 23 14:25:43 2023
 Total Time:      323.071 sec. [user]      323.130 sec. [elapsed]

Level: 0
Inject Calls: 70377984
Errors injected by bit:
	Bit 0: 7156
	Bit 1: 7071
	Bit 2: 6893
	Bit 3: 6924
	Bit 4: 6944
	Bit 5: 7071
	Bit 6: 7118
	Bit 7: 7077

Total errors injected: 56254
