vvencFFapp: Fraunhofer VVC Encoder ver. 1.5.0 [Linux][GCC 11.3.0][64 bit][SIMD=AVX2]
 started @ Mon Apr 24 05:25:07 2023
CODING TOOL CFG: CTU128 QT44BTT21 IBD:1 SAO:1 ALF:1 (NonLinLuma:0 NonLinChr:0) CCALF:1 Tiles:1x1 Slices:1 WPP:0 WPP-Substreams:1 TMVP:1 DQ:1 SDH:0 CST:1 BDOF:1 DMVR:1 MTSImplicit:1 SBT:0 JCbCr:1 CabacInitPresent:1 AMVR:5 SMVD:3 LMCS:2 (Signal:SDR Opt:0) CIIP:0 MIP:1 AFFINE:2 (PROF:1, Type:1) MMVD:3 DisFracMMVD:1 SbTMVP:1 GPM:3 LFNST:1 MTS:0 ISP:3 TS:2 TSLog2MaxSize:4 useChromaTS:0 BDPCM:2 IBC:2 BCW:0 
ENC. ALG. CFG: QPA:0 HAD:1 RDQ:1 RDQTS:1 ASR:1 MinSearchWindow:96 RestrictMESampling:0 EDO:2 MCTF:2 
PRE-ANALYSIS CFG: STA:1 LeadFrames:0 TrailFrames:0 
FAST TOOL CFG: ECU:0 FEN:1 FDM:1 FastSearch:4 (SCC:2) LCTUFast:1 FastMrg:2 PBIntraFast:1 AMaxBT:1 FastQtBtEnc:1 ContentBasedFastQtbt:0 FastMIP:3 FastIntraTools:0 IntraEstDecBit:2 FastLocalDualTree:1 IntegerET:0 FastSubPel:1 QtbttExtraFast:3 FastTTSplit:0 IBCFastMethod:3 FIM:0 ALFSpeed:0 QuantThr: 4 
RATE CONTROL CFG: RateControl:0 LookAhead:0 
PARALLEL PROCESSING CFG: NumThreads:0 MaxParallelFrames:0 WppBitEqual:0 WF:0 

POC     0 TId: 0 (  IDR_N_LP, I-SLICE, QP 29, TF 2)     245544 bits [Y 36.0242 dB    U 38.6082 dB    V 40.2672 dB] [ET   179 ] [L0 ] [L1 ]
POC    16 TId: 1 (      STSA, B-SLICE, QP 34, TF 1)     115336 bits [Y 34.6476 dB    U 37.3830 dB    V 38.6164 dB] [ET   116 ] [L0 0 ] [L1 0 ]
POC     8 TId: 2 (      STSA, B-SLICE, QP 35, TF 0)      82912 bits [Y 33.7677 dB    U 37.0565 dB    V 38.3084 dB] [ET   105 ] [L0 0 16 ] [L1 16 0 ]
POC     4 TId: 3 (      STSA, B-SLICE, QP 38)            35824 bits [Y 33.0283 dB    U 37.2025 dB    V 38.4933 dB] [ET    63 ] [L0 0 8 ] [L1 8 16 ]
POC     2 TId: 4 (      STSA, B-SLICE, QP 40)            19256 bits [Y 32.6977 dB    U 37.4119 dB    V 38.7927 dB] [ET    25 ] [L0 0 4 ] [L1 4 8 ]
POC     1 TId: 5 (      STSA, B-SLICE, QP 41)            10608 bits [Y 32.8894 dB    U 37.5151 dB    V 39.0889 dB] [ET    15 ] [L0 0 2 ] [L1 2 4 ]
POC     3 TId: 5 (      STSA, B-SLICE, QP 41)             9840 bits [Y 32.2978 dB    U 37.1497 dB    V 38.4414 dB] [ET    15 ] [L0 2 0 ] [L1 4 8 ]
POC     6 TId: 4 (      STSA, B-SLICE, QP 40)            18920 bits [Y 32.4384 dB    U 36.9423 dB    V 38.2265 dB] [ET    27 ] [L0 4 0 ] [L1 8 16 ]
POC     5 TId: 5 (      STSA, B-SLICE, QP 41)             9032 bits [Y 32.2847 dB    U 36.9509 dB    V 38.4460 dB] [ET    16 ] [L0 4 0 ] [L1 6 8 ]
POC     7 TId: 5 (      STSA, B-SLICE, QP 41)             9064 bits [Y 32.2759 dB    U 36.6304 dB    V 38.0601 dB] [ET    15 ] [L0 6 4 ] [L1 8 16 ]
POC    12 TId: 3 (      STSA, B-SLICE, QP 38)            37232 bits [Y 32.8177 dB    U 37.1236 dB    V 37.9480 dB] [ET    60 ] [L0 8 0 ] [L1 16 8 ]
POC    10 TId: 4 (      STSA, B-SLICE, QP 40)            20736 bits [Y 32.2304 dB    U 36.8168 dB    V 37.7659 dB] [ET    28 ] [L0 8 0 ] [L1 12 16 ]
POC     9 TId: 5 (      STSA, B-SLICE, QP 41)            10072 bits [Y 32.2173 dB    U 36.8629 dB    V 37.8672 dB] [ET    15 ] [L0 8 0 ] [L1 10 12 ]
POC    11 TId: 5 (      STSA, B-SLICE, QP 41)             9544 bits [Y 32.0211 dB    U 36.8544 dB    V 37.7820 dB] [ET    15 ] [L0 10 8 ] [L1 12 16 ]
POC    14 TId: 4 (      STSA, B-SLICE, QP 40)            18320 bits [Y 32.3516 dB    U 36.9059 dB    V 37.8899 dB] [ET    26 ] [L0 12 8 ] [L1 16 12 ]
POC    13 TId: 5 (      STSA, B-SLICE, QP 41)             9128 bits [Y 32.1173 dB    U 36.8583 dB    V 37.8198 dB] [ET    15 ] [L0 12 8 ] [L1 14 16 ]
POC    15 TId: 5 (      STSA, B-SLICE, QP 41)             8552 bits [Y 32.4691 dB    U 36.9832 dB    V 38.0095 dB] [ET    14 ] [L0 14 12 ] [L1 16 14 ]

	Total Frames |   Bitrate     Y-PSNR    U-PSNR    V-PSNR    YUV-PSNR   
	       17    a    1182.2118   32.8574   37.1327   38.3425   33.8657

 finished @ Mon Apr 24 05:37:51 2023
 Total Time:      764.563 sec. [user]      764.641 sec. [elapsed]

Level: 0
Inject Calls: 105902592
Errors injected by bit:
	Bit 0: 105884
	Bit 1: 105241
	Bit 2: 106512
	Bit 3: 105152
	Bit 4: 105919
	Bit 5: 106292
	Bit 6: 106564
	Bit 7: 105590

Total errors injected: 847154
