vvencFFapp: Fraunhofer VVC Encoder ver. 1.5.0 [Linux][GCC 11.3.0][64 bit][SIMD=AVX2]
 started @ Mon Apr 24 02:10:03 2023
CODING TOOL CFG: CTU128 QT44BTT21 IBD:1 SAO:1 ALF:1 (NonLinLuma:0 NonLinChr:0) CCALF:1 Tiles:1x1 Slices:1 WPP:0 WPP-Substreams:1 TMVP:1 DQ:1 SDH:0 CST:1 BDOF:1 DMVR:1 MTSImplicit:1 SBT:0 JCbCr:1 CabacInitPresent:1 AMVR:5 SMVD:3 LMCS:2 (Signal:SDR Opt:0) CIIP:0 MIP:1 AFFINE:2 (PROF:1, Type:1) MMVD:3 DisFracMMVD:1 SbTMVP:1 GPM:3 LFNST:1 MTS:0 ISP:3 TS:2 TSLog2MaxSize:4 useChromaTS:0 BDPCM:2 IBC:2 BCW:0 
ENC. ALG. CFG: QPA:0 HAD:1 RDQ:1 RDQTS:1 ASR:1 MinSearchWindow:96 RestrictMESampling:0 EDO:2 MCTF:2 
PRE-ANALYSIS CFG: STA:1 LeadFrames:0 TrailFrames:0 
FAST TOOL CFG: ECU:0 FEN:1 FDM:1 FastSearch:4 (SCC:2) LCTUFast:1 FastMrg:2 PBIntraFast:1 AMaxBT:1 FastQtBtEnc:1 ContentBasedFastQtbt:0 FastMIP:3 FastIntraTools:0 IntraEstDecBit:2 FastLocalDualTree:1 IntegerET:0 FastSubPel:1 QtbttExtraFast:3 FastTTSplit:0 IBCFastMethod:3 FIM:0 ALFSpeed:0 QuantThr: 4 
RATE CONTROL CFG: RateControl:0 LookAhead:0 
PARALLEL PROCESSING CFG: NumThreads:0 MaxParallelFrames:0 WppBitEqual:0 WF:0 

POC     0 TId: 0 (  IDR_N_LP, I-SLICE, QP 19, TF 3)     629392 bits [Y 41.1842 dB    U 43.2214 dB    V 44.1771 dB] [ET   293 ] [L0 ] [L1 ]
POC    16 TId: 1 (      STSA, B-SLICE, QP 22, TF 2)     444496 bits [Y 42.3014 dB    U 43.3697 dB    V 44.2712 dB] [ET   248 ] [L0 0 ] [L1 0 ]
POC     8 TId: 2 (      STSA, B-SLICE, QP 23, TF 1)     348944 bits [Y 40.6378 dB    U 42.0237 dB    V 43.1952 dB] [ET   199 ] [L0 0 16 ] [L1 16 0 ]
POC     4 TId: 3 (      STSA, B-SLICE, QP 26, TF 0)     178432 bits [Y 38.9316 dB    U 41.4641 dB    V 42.5968 dB] [ET   129 ] [L0 0 8 ] [L1 8 16 ]
POC     2 TId: 4 (      STSA, B-SLICE, QP 28)           108512 bits [Y 38.3515 dB    U 41.5042 dB    V 42.5864 dB] [ET    75 ] [L0 0 4 ] [L1 4 8 ]
POC     1 TId: 5 (      STSA, B-SLICE, QP 29)            67328 bits [Y 37.9016 dB    U 41.5099 dB    V 42.6949 dB] [ET    49 ] [L0 0 2 ] [L1 2 4 ]
POC     3 TId: 5 (      STSA, B-SLICE, QP 29)            64168 bits [Y 37.7067 dB    U 41.0274 dB    V 42.2207 dB] [ET    50 ] [L0 2 0 ] [L1 4 8 ]
POC     6 TId: 4 (      STSA, B-SLICE, QP 28)           102984 bits [Y 38.3524 dB    U 41.1697 dB    V 42.3433 dB] [ET    74 ] [L0 4 0 ] [L1 8 16 ]
POC     5 TId: 5 (      STSA, B-SLICE, QP 29)            60744 bits [Y 37.7208 dB    U 40.9239 dB    V 42.2692 dB] [ET    48 ] [L0 4 0 ] [L1 6 8 ]
POC     7 TId: 5 (      STSA, B-SLICE, QP 29)            63216 bits [Y 37.8122 dB    U 40.9169 dB    V 42.1237 dB] [ET    48 ] [L0 6 4 ] [L1 8 16 ]
POC    12 TId: 3 (      STSA, B-SLICE, QP 26, TF 0)     184720 bits [Y 38.9631 dB    U 41.6057 dB    V 42.4632 dB] [ET   140 ] [L0 8 0 ] [L1 16 8 ]
POC    10 TId: 4 (      STSA, B-SLICE, QP 28)           114936 bits [Y 38.3256 dB    U 41.1814 dB    V 41.9967 dB] [ET    81 ] [L0 8 0 ] [L1 12 16 ]
POC     9 TId: 5 (      STSA, B-SLICE, QP 29)            65104 bits [Y 37.8491 dB    U 41.0481 dB    V 42.2119 dB] [ET    49 ] [L0 8 0 ] [L1 10 12 ]
POC    11 TId: 5 (      STSA, B-SLICE, QP 29)            68488 bits [Y 37.7467 dB    U 40.9674 dB    V 41.8967 dB] [ET    52 ] [L0 10 8 ] [L1 12 16 ]
POC    14 TId: 4 (      STSA, B-SLICE, QP 28)           114944 bits [Y 38.3739 dB    U 41.1999 dB    V 42.3327 dB] [ET    78 ] [L0 12 8 ] [L1 16 12 ]
POC    13 TId: 5 (      STSA, B-SLICE, QP 29)            64728 bits [Y 37.7561 dB    U 40.9697 dB    V 41.9949 dB] [ET    50 ] [L0 12 8 ] [L1 14 16 ]
POC    15 TId: 5 (      STSA, B-SLICE, QP 29)            66344 bits [Y 37.8388 dB    U 41.2042 dB    V 42.4524 dB] [ET    49 ] [L0 14 12 ] [L1 16 14 ]

	Total Frames |   Bitrate     Y-PSNR    U-PSNR    V-PSNR    YUV-PSNR   
	       17    a    4848.4941   38.6914   41.4887   42.5781   39.3906

 finished @ Mon Apr 24 02:38:53 2023
 Total Time:     1729.662 sec. [user]     1729.815 sec. [elapsed]

Level: 0
Inject Calls: 179608320
Errors injected by bit:
	Bit 0: 187
	Bit 1: 163
	Bit 2: 180
	Bit 3: 175
	Bit 4: 191
	Bit 5: 170
	Bit 6: 181
	Bit 7: 179

Total errors injected: 1426
