vvencFFapp: Fraunhofer VVC Encoder ver. 1.5.0 [Linux][GCC 11.3.0][64 bit][SIMD=AVX2]
 started @ Sun Apr 23 19:04:55 2023
CODING TOOL CFG: CTU128 QT44BTT21 IBD:1 SAO:1 ALF:1 (NonLinLuma:0 NonLinChr:0) CCALF:1 Tiles:1x1 Slices:1 WPP:0 WPP-Substreams:1 TMVP:1 DQ:1 SDH:0 CST:1 BDOF:1 DMVR:1 MTSImplicit:1 SBT:0 JCbCr:1 CabacInitPresent:1 AMVR:5 SMVD:3 LMCS:2 (Signal:SDR Opt:0) CIIP:0 MIP:1 AFFINE:2 (PROF:1, Type:1) MMVD:3 DisFracMMVD:1 SbTMVP:1 GPM:3 LFNST:1 MTS:0 ISP:3 TS:2 TSLog2MaxSize:4 useChromaTS:0 BDPCM:2 IBC:2 BCW:0 
ENC. ALG. CFG: QPA:0 HAD:1 RDQ:1 RDQTS:1 ASR:1 MinSearchWindow:96 RestrictMESampling:0 EDO:2 MCTF:2 
PRE-ANALYSIS CFG: STA:1 LeadFrames:0 TrailFrames:0 
FAST TOOL CFG: ECU:0 FEN:1 FDM:1 FastSearch:4 (SCC:2) LCTUFast:1 FastMrg:2 PBIntraFast:1 AMaxBT:1 FastQtBtEnc:1 ContentBasedFastQtbt:0 FastMIP:3 FastIntraTools:0 IntraEstDecBit:2 FastLocalDualTree:1 IntegerET:0 FastSubPel:1 QtbttExtraFast:3 FastTTSplit:0 IBCFastMethod:3 FIM:0 ALFSpeed:0 QuantThr: 4 
RATE CONTROL CFG: RateControl:0 LookAhead:0 
PARALLEL PROCESSING CFG: NumThreads:0 MaxParallelFrames:0 WppBitEqual:0 WF:0 

POC     0 TId: 0 (  IDR_N_LP, I-SLICE, QP 19, TF 3)     564808 bits [Y 45.1467 dB    U 46.3576 dB    V 47.8581 dB] [ET   359 ] [L0 ] [L1 ]
POC    16 TId: 1 (      STSA, B-SLICE, QP 22, TF 2)     141456 bits [Y 42.6915 dB    U 44.8723 dB    V 45.9741 dB] [ET   111 ] [L0 0 ] [L1 0 ]
POC     8 TId: 2 (      STSA, B-SLICE, QP 23, TF 1)      79136 bits [Y 42.3054 dB    U 44.6900 dB    V 46.1619 dB] [ET    80 ] [L0 0 16 ] [L1 16 0 ]
POC     4 TId: 3 (      STSA, B-SLICE, QP 26, TF 0)      47424 bits [Y 41.9211 dB    U 44.4910 dB    V 45.7863 dB] [ET    47 ] [L0 0 8 ] [L1 8 16 ]
POC     2 TId: 4 (      STSA, B-SLICE, QP 28)            25312 bits [Y 41.9474 dB    U 44.8389 dB    V 46.0429 dB] [ET    24 ] [L0 0 4 ] [L1 4 8 ]
POC     1 TId: 5 (      STSA, B-SLICE, QP 29)              256 bits [Y 45.1467 dB    U 46.3576 dB    V 47.8581 dB] [ET     3 ] [L0 0 2 ] [L1 2 4 ]
POC     3 TId: 5 (      STSA, B-SLICE, QP 29)            19184 bits [Y 41.6001 dB    U 44.3424 dB    V 45.5972 dB] [ET    20 ] [L0 2 0 ] [L1 4 8 ]
POC     6 TId: 4 (      STSA, B-SLICE, QP 28)            31504 bits [Y 41.6027 dB    U 44.1995 dB    V 45.3854 dB] [ET    32 ] [L0 4 0 ] [L1 8 16 ]
POC     5 TId: 5 (      STSA, B-SLICE, QP 29)            21032 bits [Y 41.2535 dB    U 44.1072 dB    V 45.3415 dB] [ET    22 ] [L0 4 0 ] [L1 6 8 ]
POC     7 TId: 5 (      STSA, B-SLICE, QP 29)            21664 bits [Y 41.2208 dB    U 44.2710 dB    V 45.3353 dB] [ET    22 ] [L0 6 4 ] [L1 8 16 ]
POC    12 TId: 3 (      STSA, B-SLICE, QP 26, TF 0)      55728 bits [Y 41.5057 dB    U 44.2023 dB    V 45.2275 dB] [ET    63 ] [L0 8 0 ] [L1 16 8 ]
POC    10 TId: 4 (      STSA, B-SLICE, QP 28)            35920 bits [Y 41.2580 dB    U 44.0521 dB    V 45.0811 dB] [ET    37 ] [L0 8 0 ] [L1 12 16 ]
POC     9 TId: 5 (      STSA, B-SLICE, QP 29)            20392 bits [Y 41.5212 dB    U 44.2926 dB    V 45.4292 dB] [ET    22 ] [L0 8 0 ] [L1 10 12 ]
POC    11 TId: 5 (      STSA, B-SLICE, QP 29)            22744 bits [Y 41.2132 dB    U 44.0574 dB    V 44.8421 dB] [ET    24 ] [L0 10 8 ] [L1 12 16 ]
POC    14 TId: 4 (      STSA, B-SLICE, QP 28)            37072 bits [Y 41.2335 dB    U 43.8900 dB    V 44.7315 dB] [ET    35 ] [L0 12 8 ] [L1 16 12 ]
POC    13 TId: 5 (      STSA, B-SLICE, QP 29)            22576 bits [Y 41.1134 dB    U 43.9624 dB    V 44.7478 dB] [ET    23 ] [L0 12 8 ] [L1 14 16 ]
POC    15 TId: 5 (      STSA, B-SLICE, QP 29)            21256 bits [Y 41.0733 dB    U 44.0829 dB    V 44.7982 dB] [ET    21 ] [L0 14 12 ] [L1 16 14 ]

	Total Frames |   Bitrate     Y-PSNR    U-PSNR    V-PSNR    YUV-PSNR   
	       17    a    3433.7176   41.9855   44.5334   45.6587   42.6592

 finished @ Sun Apr 23 19:20:58 2023
 Total Time:      962.022 sec. [user]      962.123 sec. [elapsed]

Level: 0
Inject Calls: 38712064
Errors injected by bit:
	Bit 0: 38826
	Bit 1: 38469
	Bit 2: 39005
	Bit 3: 38614
	Bit 4: 38698
	Bit 5: 38734
	Bit 6: 38767
	Bit 7: 38966

Total errors injected: 310079
