vvencFFapp: Fraunhofer VVC Encoder ver. 1.5.0 [Linux][GCC 11.3.0][64 bit][SIMD=AVX2]
 started @ Mon Apr 24 15:15:18 2023
CODING TOOL CFG: CTU128 QT44BTT21 IBD:1 SAO:1 ALF:1 (NonLinLuma:0 NonLinChr:0) CCALF:1 Tiles:1x1 Slices:1 WPP:0 WPP-Substreams:1 TMVP:1 DQ:1 SDH:0 CST:1 BDOF:1 DMVR:1 MTSImplicit:1 SBT:0 JCbCr:1 CabacInitPresent:1 AMVR:5 SMVD:3 LMCS:2 (Signal:SDR Opt:0) CIIP:0 MIP:1 AFFINE:2 (PROF:1, Type:1) MMVD:3 DisFracMMVD:1 SbTMVP:1 GPM:3 LFNST:1 MTS:0 ISP:3 TS:2 TSLog2MaxSize:4 useChromaTS:0 BDPCM:2 IBC:2 BCW:0 
ENC. ALG. CFG: QPA:0 HAD:1 RDQ:1 RDQTS:1 ASR:1 MinSearchWindow:96 RestrictMESampling:0 EDO:2 MCTF:2 
PRE-ANALYSIS CFG: STA:1 LeadFrames:0 TrailFrames:0 
FAST TOOL CFG: ECU:0 FEN:1 FDM:1 FastSearch:4 (SCC:2) LCTUFast:1 FastMrg:2 PBIntraFast:1 AMaxBT:1 FastQtBtEnc:1 ContentBasedFastQtbt:0 FastMIP:3 FastIntraTools:0 IntraEstDecBit:2 FastLocalDualTree:1 IntegerET:0 FastSubPel:1 QtbttExtraFast:3 FastTTSplit:0 IBCFastMethod:3 FIM:0 ALFSpeed:0 QuantThr: 4 
RATE CONTROL CFG: RateControl:0 LookAhead:0 
PARALLEL PROCESSING CFG: NumThreads:0 MaxParallelFrames:0 WppBitEqual:0 WF:0 

POC     0 TId: 0 (  IDR_N_LP, I-SLICE, QP 34, TF 2)     322424 bits [Y 32.2570 dB    U 35.9047 dB    V 36.4408 dB] [ET   242 ] [L0 ] [L1 ]
POC    16 TId: 1 (      STSA, B-SLICE, QP 40, TF 1)      53888 bits [Y 28.5326 dB    U 34.9088 dB    V 35.0155 dB] [ET   203 ] [L0 0 ] [L1 0 ]
POC     8 TId: 2 (      STSA, B-SLICE, QP 40, TF 0)      36040 bits [Y 28.8659 dB    U 35.1928 dB    V 35.4627 dB] [ET   112 ] [L0 0 16 ] [L1 16 0 ]
POC     4 TId: 3 (      STSA, B-SLICE, QP 43)            14680 bits [Y 28.6244 dB    U 35.2016 dB    V 35.5221 dB] [ET    45 ] [L0 0 8 ] [L1 8 16 ]
POC     2 TId: 4 (      STSA, B-SLICE, QP 45)              216 bits [Y 32.2570 dB    U 35.9047 dB    V 36.4408 dB] [ET     2 ] [L0 0 4 ] [L1 4 8 ]
POC     1 TId: 5 (      STSA, B-SLICE, QP 46)              160 bits [Y 32.2570 dB    U 35.9047 dB    V 36.4408 dB] [ET     1 ] [L0 0 2 ] [L1 2 4 ]
POC     3 TId: 5 (      STSA, B-SLICE, QP 46)             2040 bits [Y 28.8813 dB    U 35.2610 dB    V 35.9372 dB] [ET     5 ] [L0 2 0 ] [L1 4 8 ]
POC     6 TId: 4 (      STSA, B-SLICE, QP 45)             7424 bits [Y 27.7574 dB    U 35.0671 dB    V 35.1856 dB] [ET    13 ] [L0 4 0 ] [L1 8 16 ]
POC     5 TId: 5 (      STSA, B-SLICE, QP 46)             1928 bits [Y 27.6721 dB    U 35.0815 dB    V 35.3338 dB] [ET     6 ] [L0 4 0 ] [L1 6 8 ]
POC     7 TId: 5 (      STSA, B-SLICE, QP 46)             1928 bits [Y 27.7596 dB    U 35.1088 dB    V 35.3312 dB] [ET     6 ] [L0 6 4 ] [L1 8 16 ]
POC    12 TId: 3 (      STSA, B-SLICE, QP 43)            17408 bits [Y 27.7821 dB    U 34.9715 dB    V 34.9284 dB] [ET    44 ] [L0 8 0 ] [L1 16 8 ]
POC    10 TId: 4 (      STSA, B-SLICE, QP 45)             7136 bits [Y 27.4683 dB    U 35.0308 dB    V 34.7967 dB] [ET    14 ] [L0 8 0 ] [L1 12 16 ]
POC     9 TId: 5 (      STSA, B-SLICE, QP 46)             2032 bits [Y 27.6575 dB    U 35.0637 dB    V 35.1841 dB] [ET     6 ] [L0 8 0 ] [L1 10 12 ]
POC    11 TId: 5 (      STSA, B-SLICE, QP 46)             2128 bits [Y 27.3355 dB    U 34.9788 dB    V 34.8956 dB] [ET     7 ] [L0 10 8 ] [L1 12 16 ]
POC    14 TId: 4 (      STSA, B-SLICE, QP 45)             7136 bits [Y 27.3804 dB    U 34.8564 dB    V 34.8667 dB] [ET    13 ] [L0 12 8 ] [L1 16 12 ]
POC    13 TId: 5 (      STSA, B-SLICE, QP 46)             2200 bits [Y 27.2871 dB    U 34.9100 dB    V 34.8763 dB] [ET     7 ] [L0 12 8 ] [L1 14 16 ]
POC    15 TId: 5 (      STSA, B-SLICE, QP 46)             2488 bits [Y 27.4704 dB    U 34.8424 dB    V 34.9458 dB] [ET     7 ] [L0 14 12 ] [L1 16 14 ]

	Total Frames |   Bitrate     Y-PSNR    U-PSNR    V-PSNR    YUV-PSNR   
	       17    a    1415.4588   28.6615   35.1876   35.3885   29.7122

 finished @ Mon Apr 24 15:27:44 2023
 Total Time:      746.315 sec. [user]      746.488 sec. [elapsed]

Level: 0
Inject Calls: 315278336
Errors injected by bit:
	Bit 0: 3184
	Bit 1: 3121
	Bit 2: 3193
	Bit 3: 3216
	Bit 4: 3185
	Bit 5: 3087
	Bit 6: 3217
	Bit 7: 3102

Total errors injected: 25305
