vvencFFapp: Fraunhofer VVC Encoder ver. 1.5.0 [Linux][GCC 11.3.0][64 bit][SIMD=AVX2]
 started @ Fri Apr 14 12:24:07 2023
CODING TOOL CFG: CTU128 QT44BTT21 IBD:1 SAO:1 ALF:1 (NonLinLuma:0 NonLinChr:0) CCALF:1 Tiles:1x1 Slices:1 WPP:0 WPP-Substreams:1 TMVP:1 DQ:1 SDH:0 CST:1 BDOF:1 DMVR:1 MTSImplicit:1 SBT:0 JCbCr:1 CabacInitPresent:1 AMVR:5 SMVD:3 LMCS:2 (Signal:SDR Opt:0) CIIP:0 MIP:1 AFFINE:2 (PROF:1, Type:1) MMVD:3 DisFracMMVD:1 SbTMVP:1 GPM:3 LFNST:1 MTS:0 ISP:3 TS:2 TSLog2MaxSize:4 useChromaTS:0 BDPCM:2 IBC:2 BCW:0 
ENC. ALG. CFG: QPA:0 HAD:1 RDQ:1 RDQTS:1 ASR:1 MinSearchWindow:96 RestrictMESampling:0 EDO:2 MCTF:2 
PRE-ANALYSIS CFG: STA:1 LeadFrames:0 TrailFrames:0 
FAST TOOL CFG: ECU:0 FEN:1 FDM:1 FastSearch:4 (SCC:2) LCTUFast:1 FastMrg:2 PBIntraFast:1 AMaxBT:1 FastQtBtEnc:1 ContentBasedFastQtbt:0 FastMIP:3 FastIntraTools:0 IntraEstDecBit:2 FastLocalDualTree:1 IntegerET:0 FastSubPel:1 QtbttExtraFast:3 FastTTSplit:0 IBCFastMethod:3 FIM:0 ALFSpeed:0 QuantThr: 4 
RATE CONTROL CFG: RateControl:0 LookAhead:0 
PARALLEL PROCESSING CFG: NumThreads:0 MaxParallelFrames:0 WppBitEqual:0 WF:0 

POC     0 TId: 0 (  IDR_N_LP, I-SLICE, QP 19, TF 3)     629392 bits [Y 41.1842 dB    U 43.2214 dB    V 44.1771 dB] [ET   435 ] [L0 ] [L1 ]
POC    16 TId: 1 (      STSA, B-SLICE, QP 22, TF 2)     444496 bits [Y 42.3014 dB    U 43.3697 dB    V 44.2712 dB] [ET  2119 ] [L0 0 ] [L1 0 ]
POC     8 TId: 2 (      STSA, B-SLICE, QP 23, TF 1)     349016 bits [Y 40.6435 dB    U 42.0342 dB    V 43.2022 dB] [ET  2623 ] [L0 0 16 ] [L1 16 0 ]
POC     4 TId: 3 (      STSA, B-SLICE, QP 26, TF 0)     178400 bits [Y 38.9455 dB    U 41.3951 dB    V 42.5654 dB] [ET  2505 ] [L0 0 8 ] [L1 8 16 ]
POC     2 TId: 4 (      STSA, B-SLICE, QP 28)           107720 bits [Y 38.3530 dB    U 41.4638 dB    V 42.5793 dB] [ET  1829 ] [L0 0 4 ] [L1 4 8 ]
POC     1 TId: 5 (      STSA, B-SLICE, QP 29)            67200 bits [Y 37.8912 dB    U 41.4998 dB    V 42.7275 dB] [ET  1337 ] [L0 0 2 ] [L1 2 4 ]
POC     3 TId: 5 (      STSA, B-SLICE, QP 29)            64848 bits [Y 37.7394 dB    U 41.0654 dB    V 42.2018 dB] [ET  1602 ] [L0 2 0 ] [L1 4 8 ]
POC     6 TId: 4 (      STSA, B-SLICE, QP 28)           101704 bits [Y 38.3277 dB    U 41.1339 dB    V 42.2911 dB] [ET  2391 ] [L0 4 0 ] [L1 8 16 ]
POC     5 TId: 5 (      STSA, B-SLICE, QP 29)            60544 bits [Y 37.7294 dB    U 40.9028 dB    V 42.2055 dB] [ET  1587 ] [L0 4 0 ] [L1 6 8 ]
POC     7 TId: 5 (      STSA, B-SLICE, QP 29)            63712 bits [Y 37.8033 dB    U 40.9185 dB    V 42.1394 dB] [ET  1613 ] [L0 6 4 ] [L1 8 16 ]
POC    12 TId: 3 (      STSA, B-SLICE, QP 26, TF 0)     184544 bits [Y 38.9593 dB    U 41.6139 dB    V 42.4303 dB] [ET  2658 ] [L0 8 0 ] [L1 16 8 ]
POC    10 TId: 4 (      STSA, B-SLICE, QP 28)           113920 bits [Y 38.3147 dB    U 41.1571 dB    V 42.0300 dB] [ET  2353 ] [L0 8 0 ] [L1 12 16 ]
POC     9 TId: 5 (      STSA, B-SLICE, QP 29)            64896 bits [Y 37.8195 dB    U 41.0061 dB    V 42.1496 dB] [ET  1681 ] [L0 8 0 ] [L1 10 12 ]
POC    11 TId: 5 (      STSA, B-SLICE, QP 29)            68992 bits [Y 37.7512 dB    U 41.0000 dB    V 41.8727 dB] [ET  1757 ] [L0 10 8 ] [L1 12 16 ]
POC    14 TId: 4 (      STSA, B-SLICE, QP 28)           115584 bits [Y 38.3632 dB    U 41.2273 dB    V 42.2969 dB] [ET  1823 ] [L0 12 8 ] [L1 16 12 ]
POC    13 TId: 5 (      STSA, B-SLICE, QP 29)            65600 bits [Y 37.7610 dB    U 41.0354 dB    V 41.9975 dB] [ET  1636 ] [L0 12 8 ] [L1 14 16 ]
POC    15 TId: 5 (      STSA, B-SLICE, QP 29)            67152 bits [Y 37.8557 dB    U 41.2171 dB    V 42.4765 dB] [ET  1389 ] [L0 14 12 ] [L1 16 14 ]

	Total Frames |   Bitrate     Y-PSNR    U-PSNR    V-PSNR    YUV-PSNR   
	       17    a    4848.9176   38.6908   41.4860   42.5655   39.3887

 finished @ Fri Apr 14 21:06:45 2023
 Total Time:    31356.000 sec. [user]    31357.677 sec. [elapsed]

Level: 0
Inject Calls: 35185686640
Errors injected by bit:
	Bit 0: 3561
	Bit 1: 3531
	Bit 2: 3541
	Bit 3: 3440
	Bit 4: 3586
	Bit 5: 3526
	Bit 6: 3529
	Bit 7: 3492

Total errors injected: 28206
