vvencFFapp: Fraunhofer VVC Encoder ver. 1.5.0 [Linux][GCC 11.3.0][64 bit][SIMD=AVX2]
 started @ Fri Apr 14 03:33:58 2023
CODING TOOL CFG: CTU128 QT44BTT21 IBD:1 SAO:1 ALF:1 (NonLinLuma:0 NonLinChr:0) CCALF:1 Tiles:1x1 Slices:1 WPP:0 WPP-Substreams:1 TMVP:1 DQ:1 SDH:0 CST:1 BDOF:1 DMVR:1 MTSImplicit:1 SBT:0 JCbCr:1 CabacInitPresent:1 AMVR:5 SMVD:3 LMCS:2 (Signal:SDR Opt:0) CIIP:0 MIP:1 AFFINE:2 (PROF:1, Type:1) MMVD:3 DisFracMMVD:1 SbTMVP:1 GPM:3 LFNST:1 MTS:0 ISP:3 TS:2 TSLog2MaxSize:4 useChromaTS:0 BDPCM:2 IBC:2 BCW:0 
ENC. ALG. CFG: QPA:0 HAD:1 RDQ:1 RDQTS:1 ASR:1 MinSearchWindow:96 RestrictMESampling:0 EDO:2 MCTF:2 
PRE-ANALYSIS CFG: STA:1 LeadFrames:0 TrailFrames:0 
FAST TOOL CFG: ECU:0 FEN:1 FDM:1 FastSearch:4 (SCC:2) LCTUFast:1 FastMrg:2 PBIntraFast:1 AMaxBT:1 FastQtBtEnc:1 ContentBasedFastQtbt:0 FastMIP:3 FastIntraTools:0 IntraEstDecBit:2 FastLocalDualTree:1 IntegerET:0 FastSubPel:1 QtbttExtraFast:3 FastTTSplit:0 IBCFastMethod:3 FIM:0 ALFSpeed:0 QuantThr: 4 
RATE CONTROL CFG: RateControl:0 LookAhead:0 
PARALLEL PROCESSING CFG: NumThreads:0 MaxParallelFrames:0 WppBitEqual:0 WF:0 

POC     0 TId: 0 (  IDR_N_LP, I-SLICE, QP 19, TF 3)     629392 bits [Y 41.1842 dB    U 43.2214 dB    V 44.1771 dB] [ET   435 ] [L0 ] [L1 ]
POC    16 TId: 1 (      STSA, B-SLICE, QP 22, TF 2)     446360 bits [Y 42.3226 dB    U 43.3813 dB    V 44.2062 dB] [ET  2548 ] [L0 0 ] [L1 0 ]
POC     8 TId: 2 (      STSA, B-SLICE, QP 23, TF 1)     349808 bits [Y 40.6643 dB    U 42.0206 dB    V 43.2502 dB] [ET  2593 ] [L0 0 16 ] [L1 16 0 ]
POC     4 TId: 3 (      STSA, B-SLICE, QP 26, TF 0)     176344 bits [Y 38.9228 dB    U 41.3862 dB    V 42.5185 dB] [ET  2539 ] [L0 0 8 ] [L1 8 16 ]
POC     2 TId: 4 (      STSA, B-SLICE, QP 28)           107712 bits [Y 38.3604 dB    U 41.4336 dB    V 42.6008 dB] [ET  1819 ] [L0 0 4 ] [L1 4 8 ]
POC     1 TId: 5 (      STSA, B-SLICE, QP 29)            68672 bits [Y 37.9325 dB    U 41.5128 dB    V 42.7402 dB] [ET  1330 ] [L0 0 2 ] [L1 2 4 ]
POC     3 TId: 5 (      STSA, B-SLICE, QP 29)            64168 bits [Y 37.7064 dB    U 41.0464 dB    V 42.2581 dB] [ET  1608 ] [L0 2 0 ] [L1 4 8 ]
POC     6 TId: 4 (      STSA, B-SLICE, QP 28)           102856 bits [Y 38.3423 dB    U 41.1382 dB    V 42.3050 dB] [ET  2243 ] [L0 4 0 ] [L1 8 16 ]
POC     5 TId: 5 (      STSA, B-SLICE, QP 29)            59560 bits [Y 37.7046 dB    U 40.8820 dB    V 42.1628 dB] [ET  1523 ] [L0 4 0 ] [L1 6 8 ]
POC     7 TId: 5 (      STSA, B-SLICE, QP 29)            62992 bits [Y 37.8225 dB    U 40.9409 dB    V 42.1060 dB] [ET  1618 ] [L0 6 4 ] [L1 8 16 ]
POC    12 TId: 3 (      STSA, B-SLICE, QP 26, TF 0)     183560 bits [Y 38.9606 dB    U 41.5542 dB    V 42.4297 dB] [ET  2847 ] [L0 8 0 ] [L1 16 8 ]
POC    10 TId: 4 (      STSA, B-SLICE, QP 28)           113352 bits [Y 38.2904 dB    U 41.1471 dB    V 42.0181 dB] [ET  2337 ] [L0 8 0 ] [L1 12 16 ]
POC     9 TId: 5 (      STSA, B-SLICE, QP 29)            64680 bits [Y 37.8413 dB    U 40.9424 dB    V 42.1316 dB] [ET  1673 ] [L0 8 0 ] [L1 10 12 ]
POC    11 TId: 5 (      STSA, B-SLICE, QP 29)            68888 bits [Y 37.7235 dB    U 40.9795 dB    V 41.8700 dB] [ET  1742 ] [L0 10 8 ] [L1 12 16 ]
POC    14 TId: 4 (      STSA, B-SLICE, QP 28)           115544 bits [Y 38.3912 dB    U 41.2437 dB    V 42.2980 dB] [ET  1869 ] [L0 12 8 ] [L1 16 12 ]
POC    13 TId: 5 (      STSA, B-SLICE, QP 29)            64928 bits [Y 37.7409 dB    U 40.9721 dB    V 41.9951 dB] [ET  1612 ] [L0 12 8 ] [L1 14 16 ]
POC    15 TId: 5 (      STSA, B-SLICE, QP 29)            68104 bits [Y 37.8562 dB    U 41.2121 dB    V 42.4545 dB] [ET  1416 ] [L0 14 12 ] [L1 16 14 ]

	Total Frames |   Bitrate     Y-PSNR    U-PSNR    V-PSNR    YUV-PSNR   
	       17    a    4847.5059   38.6922   41.4715   42.5601   39.3866

 finished @ Fri Apr 14 12:23:28 2023
 Total Time:    31768.245 sec. [user]    31770.235 sec. [elapsed]

Level: 0
Inject Calls: 35692505164
Errors injected by bit:
	Bit 0: 356062
	Bit 1: 358182
	Bit 2: 356196
	Bit 3: 357541
	Bit 4: 356861
	Bit 5: 356863
	Bit 6: 357228
	Bit 7: 357452

Total errors injected: 2856385
