vvencFFapp: Fraunhofer VVC Encoder ver. 1.5.0 [Linux][GCC 11.3.0][64 bit][SIMD=AVX2]
 started @ Wed Apr 12 07:18:09 2023
CODING TOOL CFG: CTU128 QT44BTT21 IBD:1 SAO:1 ALF:1 (NonLinLuma:0 NonLinChr:0) CCALF:1 Tiles:1x1 Slices:1 WPP:0 WPP-Substreams:1 TMVP:1 DQ:1 SDH:0 CST:1 BDOF:1 DMVR:1 MTSImplicit:1 SBT:0 JCbCr:1 CabacInitPresent:1 AMVR:5 SMVD:3 LMCS:2 (Signal:SDR Opt:0) CIIP:0 MIP:1 AFFINE:2 (PROF:1, Type:1) MMVD:3 DisFracMMVD:1 SbTMVP:1 GPM:3 LFNST:1 MTS:0 ISP:3 TS:2 TSLog2MaxSize:4 useChromaTS:0 BDPCM:2 IBC:2 BCW:0 
ENC. ALG. CFG: QPA:0 HAD:1 RDQ:1 RDQTS:1 ASR:1 MinSearchWindow:96 RestrictMESampling:0 EDO:2 MCTF:2 
PRE-ANALYSIS CFG: STA:1 LeadFrames:0 TrailFrames:0 
FAST TOOL CFG: ECU:0 FEN:1 FDM:1 FastSearch:4 (SCC:2) LCTUFast:1 FastMrg:2 PBIntraFast:1 AMaxBT:1 FastQtBtEnc:1 ContentBasedFastQtbt:0 FastMIP:3 FastIntraTools:0 IntraEstDecBit:2 FastLocalDualTree:1 IntegerET:0 FastSubPel:1 QtbttExtraFast:3 FastTTSplit:0 IBCFastMethod:3 FIM:0 ALFSpeed:0 QuantThr: 4 
RATE CONTROL CFG: RateControl:0 LookAhead:0 
PARALLEL PROCESSING CFG: NumThreads:0 MaxParallelFrames:0 WppBitEqual:0 WF:0 

POC     0 TId: 0 (  IDR_N_LP, I-SLICE, QP 24, TF 3)     868072 bits [Y 40.4710 dB    U 41.2896 dB    V 42.0298 dB] [ET  1131 ] [L0 ] [L1 ]
POC    16 TId: 1 (      STSA, B-SLICE, QP 28, TF 2)     285392 bits [Y 36.0894 dB    U 39.0974 dB    V 39.7756 dB] [ET  2783 ] [L0 0 ] [L1 0 ]
POC     8 TId: 2 (      STSA, B-SLICE, QP 29, TF 1)     171632 bits [Y 35.5576 dB    U 38.9915 dB    V 39.8428 dB] [ET  2069 ] [L0 0 16 ] [L1 16 0 ]
POC     4 TId: 3 (      STSA, B-SLICE, QP 32, TF 0)      84448 bits [Y 34.7055 dB    U 38.9491 dB    V 39.6862 dB] [ET  1564 ] [L0 0 8 ] [L1 8 16 ]
POC     2 TId: 4 (      STSA, B-SLICE, QP 34)              248 bits [Y 40.4710 dB    U 41.2896 dB    V 42.0298 dB] [ET   337 ] [L0 0 4 ] [L1 4 8 ]
POC     1 TId: 5 (      STSA, B-SLICE, QP 36)              232 bits [Y 40.4710 dB    U 41.2896 dB    V 42.0298 dB] [ET   270 ] [L0 0 2 ] [L1 2 4 ]
POC     3 TId: 5 (      STSA, B-SLICE, QP 36)            21632 bits [Y 34.2764 dB    U 39.2849 dB    V 40.1376 dB] [ET   896 ] [L0 2 0 ] [L1 4 8 ]
POC     6 TId: 4 (      STSA, B-SLICE, QP 34)            56232 bits [Y 33.8864 dB    U 38.6718 dB    V 39.2332 dB] [ET  1241 ] [L0 4 0 ] [L1 8 16 ]
POC     5 TId: 5 (      STSA, B-SLICE, QP 36)            22416 bits [Y 33.2364 dB    U 38.6546 dB    V 39.3092 dB] [ET   795 ] [L0 4 0 ] [L1 6 8 ]
POC     7 TId: 5 (      STSA, B-SLICE, QP 36)            22304 bits [Y 33.4961 dB    U 38.7352 dB    V 39.2573 dB] [ET   796 ] [L0 6 4 ] [L1 8 16 ]
POC    12 TId: 3 (      STSA, B-SLICE, QP 32, TF 0)      95520 bits [Y 34.2145 dB    U 38.6227 dB    V 39.0351 dB] [ET  1605 ] [L0 8 0 ] [L1 16 8 ]
POC    10 TId: 4 (      STSA, B-SLICE, QP 34)            53424 bits [Y 33.6647 dB    U 38.5685 dB    V 38.7373 dB] [ET  1282 ] [L0 8 0 ] [L1 12 16 ]
POC     9 TId: 5 (      STSA, B-SLICE, QP 36)            21480 bits [Y 33.3961 dB    U 38.6263 dB    V 39.2027 dB] [ET   789 ] [L0 8 0 ] [L1 10 12 ]
POC    11 TId: 5 (      STSA, B-SLICE, QP 36)            22168 bits [Y 33.1016 dB    U 38.5019 dB    V 38.8010 dB] [ET   785 ] [L0 10 8 ] [L1 12 16 ]
POC    14 TId: 4 (      STSA, B-SLICE, QP 34)            55120 bits [Y 33.6734 dB    U 38.5007 dB    V 38.8612 dB] [ET   977 ] [L0 12 8 ] [L1 16 12 ]
POC    13 TId: 5 (      STSA, B-SLICE, QP 36)            21864 bits [Y 33.0075 dB    U 38.5076 dB    V 38.8672 dB] [ET   819 ] [L0 12 8 ] [L1 14 16 ]
POC    15 TId: 5 (      STSA, B-SLICE, QP 36)            21968 bits [Y 33.3762 dB    U 38.6254 dB    V 39.0920 dB] [ET   667 ] [L0 14 12 ] [L1 16 14 ]

	Total Frames |   Bitrate     Y-PSNR    U-PSNR    V-PSNR    YUV-PSNR   
	       17    a    5365.1529   35.1232   39.1886   39.7605   35.6344

 finished @ Wed Apr 12 12:31:52 2023
 Total Time:    18805.216 sec. [user]    18822.902 sec. [elapsed]

Level: 0
Inject Calls: 20161923363
Errors injected by bit:
	Bit 0: 20160512
	Bit 1: 20159119
	Bit 2: 20157511
	Bit 3: 20162402
	Bit 4: 20167505
	Bit 5: 20164147
	Bit 6: 20162627
	Bit 7: 20159715

Total errors injected: 161293538
