vvencFFapp: Fraunhofer VVC Encoder ver. 1.5.0 [Linux][GCC 11.3.0][64 bit][SIMD=AVX2]
 started @ Sat Apr 15 10:34:30 2023
CODING TOOL CFG: CTU128 QT44BTT21 IBD:1 SAO:1 ALF:1 (NonLinLuma:0 NonLinChr:0) CCALF:1 Tiles:1x1 Slices:1 WPP:0 WPP-Substreams:1 TMVP:1 DQ:1 SDH:0 CST:1 BDOF:1 DMVR:1 MTSImplicit:1 SBT:0 JCbCr:1 CabacInitPresent:1 AMVR:5 SMVD:3 LMCS:2 (Signal:SDR Opt:0) CIIP:0 MIP:1 AFFINE:2 (PROF:1, Type:1) MMVD:3 DisFracMMVD:1 SbTMVP:1 GPM:3 LFNST:1 MTS:0 ISP:3 TS:2 TSLog2MaxSize:4 useChromaTS:0 BDPCM:2 IBC:2 BCW:0 
ENC. ALG. CFG: QPA:0 HAD:1 RDQ:1 RDQTS:1 ASR:1 MinSearchWindow:96 RestrictMESampling:0 EDO:2 MCTF:2 
PRE-ANALYSIS CFG: STA:1 LeadFrames:0 TrailFrames:0 
FAST TOOL CFG: ECU:0 FEN:1 FDM:1 FastSearch:4 (SCC:2) LCTUFast:1 FastMrg:2 PBIntraFast:1 AMaxBT:1 FastQtBtEnc:1 ContentBasedFastQtbt:0 FastMIP:3 FastIntraTools:0 IntraEstDecBit:2 FastLocalDualTree:1 IntegerET:0 FastSubPel:1 QtbttExtraFast:3 FastTTSplit:0 IBCFastMethod:3 FIM:0 ALFSpeed:0 QuantThr: 4 
RATE CONTROL CFG: RateControl:0 LookAhead:0 
PARALLEL PROCESSING CFG: NumThreads:0 MaxParallelFrames:0 WppBitEqual:0 WF:0 

POC     0 TId: 0 (  IDR_N_LP, I-SLICE, QP 29, TF 2)     245544 bits [Y 36.0242 dB    U 38.6082 dB    V 40.2672 dB] [ET   387 ] [L0 ] [L1 ]
POC    16 TId: 1 (      STSA, B-SLICE, QP 34, TF 1)     119224 bits [Y 34.6548 dB    U 37.3939 dB    V 38.6424 dB] [ET  1580 ] [L0 0 ] [L1 0 ]
POC     8 TId: 2 (      STSA, B-SLICE, QP 35, TF 0)      83048 bits [Y 33.7960 dB    U 37.0828 dB    V 38.2108 dB] [ET  1882 ] [L0 0 16 ] [L1 16 0 ]
POC     4 TId: 3 (      STSA, B-SLICE, QP 38)            35760 bits [Y 32.9658 dB    U 37.1720 dB    V 38.5399 dB] [ET  1873 ] [L0 0 8 ] [L1 8 16 ]
POC     2 TId: 4 (      STSA, B-SLICE, QP 40)            19840 bits [Y 32.6646 dB    U 37.4017 dB    V 38.8097 dB] [ET  1132 ] [L0 0 4 ] [L1 4 8 ]
POC     1 TId: 5 (      STSA, B-SLICE, QP 41)            11008 bits [Y 32.8864 dB    U 37.5335 dB    V 39.1468 dB] [ET   722 ] [L0 0 2 ] [L1 2 4 ]
POC     3 TId: 5 (      STSA, B-SLICE, QP 41)             9888 bits [Y 32.2910 dB    U 37.0907 dB    V 38.5118 dB] [ET   905 ] [L0 2 0 ] [L1 4 8 ]
POC     6 TId: 4 (      STSA, B-SLICE, QP 40)            19008 bits [Y 32.4401 dB    U 37.0279 dB    V 38.1730 dB] [ET  1472 ] [L0 4 0 ] [L1 8 16 ]
POC     5 TId: 5 (      STSA, B-SLICE, QP 41)             9064 bits [Y 32.2728 dB    U 36.9379 dB    V 38.2920 dB] [ET  1009 ] [L0 4 0 ] [L1 6 8 ]
POC     7 TId: 5 (      STSA, B-SLICE, QP 41)             9624 bits [Y 32.3484 dB    U 36.7876 dB    V 38.0567 dB] [ET   998 ] [L0 6 4 ] [L1 8 16 ]
POC    12 TId: 3 (      STSA, B-SLICE, QP 38)            37736 bits [Y 32.7752 dB    U 37.0330 dB    V 37.8948 dB] [ET  2091 ] [L0 8 0 ] [L1 16 8 ]
POC    10 TId: 4 (      STSA, B-SLICE, QP 40)            20536 bits [Y 32.1715 dB    U 36.8010 dB    V 37.7112 dB] [ET  1546 ] [L0 8 0 ] [L1 12 16 ]
POC     9 TId: 5 (      STSA, B-SLICE, QP 41)             9688 bits [Y 32.1570 dB    U 36.8509 dB    V 37.7946 dB] [ET   916 ] [L0 8 0 ] [L1 10 12 ]
POC    11 TId: 5 (      STSA, B-SLICE, QP 41)             9960 bits [Y 32.0080 dB    U 36.8121 dB    V 37.6776 dB] [ET   991 ] [L0 10 8 ] [L1 12 16 ]
POC    14 TId: 4 (      STSA, B-SLICE, QP 40)            18608 bits [Y 32.3580 dB    U 36.9499 dB    V 37.9443 dB] [ET  1187 ] [L0 12 8 ] [L1 16 12 ]
POC    13 TId: 5 (      STSA, B-SLICE, QP 41)             8744 bits [Y 32.0624 dB    U 36.8325 dB    V 37.8140 dB] [ET   842 ] [L0 12 8 ] [L1 14 16 ]
POC    15 TId: 5 (      STSA, B-SLICE, QP 41)             8136 bits [Y 32.4234 dB    U 37.0379 dB    V 38.1399 dB] [ET   727 ] [L0 14 12 ] [L1 16 14 ]

	Total Frames |   Bitrate     Y-PSNR    U-PSNR    V-PSNR    YUV-PSNR   
	       17    a    1191.9106   32.8411   37.1384   38.3310   33.8498

 finished @ Sat Apr 15 16:12:24 2023
 Total Time:    20272.466 sec. [user]    20273.645 sec. [elapsed]

Level: 0
Inject Calls: 23105830646
Errors injected by bit:
	Bit 0: 23103214
	Bit 1: 23109785
	Bit 2: 23104559
	Bit 3: 23108634
	Bit 4: 23102590
	Bit 5: 23105460
	Bit 6: 23102415
	Bit 7: 23104390

Total errors injected: 184841047
