vvencFFapp: Fraunhofer VVC Encoder ver. 1.5.0 [Linux][GCC 11.3.0][64 bit][SIMD=AVX2]
 started @ Fri Apr 14 19:59:15 2023
CODING TOOL CFG: CTU128 QT44BTT21 IBD:1 SAO:1 ALF:1 (NonLinLuma:0 NonLinChr:0) CCALF:1 Tiles:1x1 Slices:1 WPP:0 WPP-Substreams:1 TMVP:1 DQ:1 SDH:0 CST:1 BDOF:1 DMVR:1 MTSImplicit:1 SBT:0 JCbCr:1 CabacInitPresent:1 AMVR:5 SMVD:3 LMCS:2 (Signal:SDR Opt:0) CIIP:0 MIP:1 AFFINE:2 (PROF:1, Type:1) MMVD:3 DisFracMMVD:1 SbTMVP:1 GPM:3 LFNST:1 MTS:0 ISP:3 TS:2 TSLog2MaxSize:4 useChromaTS:0 BDPCM:2 IBC:2 BCW:0 
ENC. ALG. CFG: QPA:0 HAD:1 RDQ:1 RDQTS:1 ASR:1 MinSearchWindow:96 RestrictMESampling:0 EDO:2 MCTF:2 
PRE-ANALYSIS CFG: STA:1 LeadFrames:0 TrailFrames:0 
FAST TOOL CFG: ECU:0 FEN:1 FDM:1 FastSearch:4 (SCC:2) LCTUFast:1 FastMrg:2 PBIntraFast:1 AMaxBT:1 FastQtBtEnc:1 ContentBasedFastQtbt:0 FastMIP:3 FastIntraTools:0 IntraEstDecBit:2 FastLocalDualTree:1 IntegerET:0 FastSubPel:1 QtbttExtraFast:3 FastTTSplit:0 IBCFastMethod:3 FIM:0 ALFSpeed:0 QuantThr: 4 
RATE CONTROL CFG: RateControl:0 LookAhead:0 
PARALLEL PROCESSING CFG: NumThreads:0 MaxParallelFrames:0 WppBitEqual:0 WF:0 

POC     0 TId: 0 (  IDR_N_LP, I-SLICE, QP 24, TF 3)     399128 bits [Y 38.6505 dB    U 40.8666 dB    V 42.1124 dB] [ET   316 ] [L0 ] [L1 ]
POC    16 TId: 1 (      STSA, B-SLICE, QP 28, TF 2)     237752 bits [Y 38.5394 dB    U 40.3262 dB    V 41.4858 dB] [ET  1854 ] [L0 0 ] [L1 0 ]
POC     8 TId: 2 (      STSA, B-SLICE, QP 29, TF 1)     179744 bits [Y 37.2322 dB    U 39.5210 dB    V 40.8093 dB] [ET  2320 ] [L0 0 16 ] [L1 16 0 ]
POC     4 TId: 3 (      STSA, B-SLICE, QP 32, TF 0)      77168 bits [Y 35.9196 dB    U 39.1429 dB    V 40.3182 dB] [ET  2353 ] [L0 0 8 ] [L1 8 16 ]
POC     2 TId: 4 (      STSA, B-SLICE, QP 34)            43952 bits [Y 35.6025 dB    U 39.2750 dB    V 40.5039 dB] [ET  1471 ] [L0 0 4 ] [L1 4 8 ]
POC     1 TId: 5 (      STSA, B-SLICE, QP 36)            23352 bits [Y 35.3169 dB    U 39.4450 dB    V 40.7235 dB] [ET   976 ] [L0 0 2 ] [L1 2 4 ]
POC     3 TId: 5 (      STSA, B-SLICE, QP 36)            21024 bits [Y 34.8644 dB    U 38.9355 dB    V 40.1172 dB] [ET  1232 ] [L0 2 0 ] [L1 4 8 ]
POC     6 TId: 4 (      STSA, B-SLICE, QP 34)            42736 bits [Y 35.4660 dB    U 38.8775 dB    V 40.0395 dB] [ET  1795 ] [L0 4 0 ] [L1 8 16 ]
POC     5 TId: 5 (      STSA, B-SLICE, QP 36)            19424 bits [Y 34.8970 dB    U 38.8658 dB    V 40.0714 dB] [ET  1269 ] [L0 4 0 ] [L1 6 8 ]
POC     7 TId: 5 (      STSA, B-SLICE, QP 36)            20808 bits [Y 35.0379 dB    U 38.7467 dB    V 40.0395 dB] [ET  1163 ] [L0 6 4 ] [L1 8 16 ]
POC    12 TId: 3 (      STSA, B-SLICE, QP 32, TF 0)      80688 bits [Y 35.7903 dB    U 39.1820 dB    V 40.0177 dB] [ET  2408 ] [L0 8 0 ] [L1 16 8 ]
POC    10 TId: 4 (      STSA, B-SLICE, QP 34)            47048 bits [Y 35.4046 dB    U 38.8941 dB    V 39.7071 dB] [ET  1952 ] [L0 8 0 ] [L1 12 16 ]
POC     9 TId: 5 (      STSA, B-SLICE, QP 36)            20904 bits [Y 34.9956 dB    U 38.7615 dB    V 39.9265 dB] [ET  1283 ] [L0 8 0 ] [L1 10 12 ]
POC    11 TId: 5 (      STSA, B-SLICE, QP 36)            20640 bits [Y 34.7314 dB    U 38.8208 dB    V 39.6120 dB] [ET  1250 ] [L0 10 8 ] [L1 12 16 ]
POC    14 TId: 4 (      STSA, B-SLICE, QP 34)            45368 bits [Y 35.3561 dB    U 39.0243 dB    V 40.0379 dB] [ET  1563 ] [L0 12 8 ] [L1 16 12 ]
POC    13 TId: 5 (      STSA, B-SLICE, QP 36)            19304 bits [Y 34.7399 dB    U 38.8364 dB    V 39.7753 dB] [ET  1162 ] [L0 12 8 ] [L1 14 16 ]
POC    15 TId: 5 (      STSA, B-SLICE, QP 36)            19616 bits [Y 34.9838 dB    U 39.2097 dB    V 40.3966 dB] [ET   971 ] [L0 14 12 ] [L1 16 14 ]

	Total Frames |   Bitrate     Y-PSNR    U-PSNR    V-PSNR    YUV-PSNR   
	       17    a    2327.0400   35.7370   39.2195   40.3349   36.5856

 finished @ Sat Apr 15 03:01:49 2023
 Total Time:    25353.220 sec. [user]    25354.562 sec. [elapsed]

Level: 0
Inject Calls: 28702072323
Errors injected by bit:
	Bit 0: 2869920
	Bit 1: 2869296
	Bit 2: 2874023
	Bit 3: 2869853
	Bit 4: 2872183
	Bit 5: 2872012
	Bit 6: 2871363
	Bit 7: 2869853

Total errors injected: 22968503
