vvencFFapp: Fraunhofer VVC Encoder ver. 1.5.0 [Linux][GCC 11.3.0][64 bit][SIMD=AVX2]
 started @ Sun Apr 16 03:44:48 2023
CODING TOOL CFG: CTU128 QT44BTT21 IBD:1 SAO:1 ALF:1 (NonLinLuma:0 NonLinChr:0) CCALF:1 Tiles:1x1 Slices:1 WPP:0 WPP-Substreams:1 TMVP:1 DQ:1 SDH:0 CST:1 BDOF:1 DMVR:1 MTSImplicit:1 SBT:0 JCbCr:1 CabacInitPresent:1 AMVR:5 SMVD:3 LMCS:2 (Signal:SDR Opt:0) CIIP:0 MIP:1 AFFINE:2 (PROF:1, Type:1) MMVD:3 DisFracMMVD:1 SbTMVP:1 GPM:3 LFNST:1 MTS:0 ISP:3 TS:2 TSLog2MaxSize:4 useChromaTS:0 BDPCM:2 IBC:2 BCW:0 
ENC. ALG. CFG: QPA:0 HAD:1 RDQ:1 RDQTS:1 ASR:1 MinSearchWindow:96 RestrictMESampling:0 EDO:2 MCTF:2 
PRE-ANALYSIS CFG: STA:1 LeadFrames:0 TrailFrames:0 
FAST TOOL CFG: ECU:0 FEN:1 FDM:1 FastSearch:4 (SCC:2) LCTUFast:1 FastMrg:2 PBIntraFast:1 AMaxBT:1 FastQtBtEnc:1 ContentBasedFastQtbt:0 FastMIP:3 FastIntraTools:0 IntraEstDecBit:2 FastLocalDualTree:1 IntegerET:0 FastSubPel:1 QtbttExtraFast:3 FastTTSplit:0 IBCFastMethod:3 FIM:0 ALFSpeed:0 QuantThr: 4 
RATE CONTROL CFG: RateControl:0 LookAhead:0 
PARALLEL PROCESSING CFG: NumThreads:0 MaxParallelFrames:0 WppBitEqual:0 WF:0 

POC     0 TId: 0 (  IDR_N_LP, I-SLICE, QP 34, TF 2)     137312 bits [Y 33.0393 dB    U 36.5932 dB    V 37.9362 dB] [ET   205 ] [L0 ] [L1 ]
POC    16 TId: 1 (      STSA, B-SLICE, QP 40, TF 1)      49912 bits [Y 30.8711 dB    U 36.0082 dB    V 36.8815 dB] [ET  1415 ] [L0 0 ] [L1 0 ]
POC     8 TId: 2 (      STSA, B-SLICE, QP 40, TF 0)      39808 bits [Y 30.7201 dB    U 35.7958 dB    V 36.7682 dB] [ET  2088 ] [L0 0 16 ] [L1 16 0 ]
POC     4 TId: 3 (      STSA, B-SLICE, QP 43)            16808 bits [Y 30.2081 dB    U 35.6581 dB    V 36.8188 dB] [ET  1553 ] [L0 0 8 ] [L1 8 16 ]
POC     2 TId: 4 (      STSA, B-SLICE, QP 45)             9584 bits [Y 30.0675 dB    U 35.7435 dB    V 36.9796 dB] [ET   911 ] [L0 0 4 ] [L1 4 8 ]
POC     1 TId: 5 (      STSA, B-SLICE, QP 46)             5080 bits [Y 30.4155 dB    U 35.8868 dB    V 37.3041 dB] [ET   568 ] [L0 0 2 ] [L1 2 4 ]
POC     3 TId: 5 (      STSA, B-SLICE, QP 46)             4416 bits [Y 29.7123 dB    U 35.5217 dB    V 36.7096 dB] [ET   757 ] [L0 2 0 ] [L1 4 8 ]
POC     6 TId: 4 (      STSA, B-SLICE, QP 45)             8552 bits [Y 29.6344 dB    U 35.4143 dB    V 36.4165 dB] [ET  1282 ] [L0 4 0 ] [L1 8 16 ]
POC     5 TId: 5 (      STSA, B-SLICE, QP 46)             3976 bits [Y 29.6200 dB    U 35.4798 dB    V 36.6099 dB] [ET   718 ] [L0 4 0 ] [L1 6 8 ]
POC     7 TId: 5 (      STSA, B-SLICE, QP 46)             4208 bits [Y 29.6516 dB    U 35.4033 dB    V 36.4052 dB] [ET   699 ] [L0 6 4 ] [L1 8 16 ]
POC    12 TId: 3 (      STSA, B-SLICE, QP 43)            18400 bits [Y 29.8449 dB    U 35.7408 dB    V 36.3160 dB] [ET  1712 ] [L0 8 0 ] [L1 16 8 ]
POC    10 TId: 4 (      STSA, B-SLICE, QP 45)             9272 bits [Y 29.3273 dB    U 35.4609 dB    V 36.1949 dB] [ET  1335 ] [L0 8 0 ] [L1 12 16 ]
POC     9 TId: 5 (      STSA, B-SLICE, QP 46)             3976 bits [Y 29.3959 dB    U 35.5734 dB    V 36.3881 dB] [ET   789 ] [L0 8 0 ] [L1 10 12 ]
POC    11 TId: 5 (      STSA, B-SLICE, QP 46)             4032 bits [Y 29.2126 dB    U 35.5046 dB    V 36.1013 dB] [ET   768 ] [L0 10 8 ] [L1 12 16 ]
POC    14 TId: 4 (      STSA, B-SLICE, QP 45)             8048 bits [Y 29.4651 dB    U 35.6091 dB    V 36.1147 dB] [ET   961 ] [L0 12 8 ] [L1 16 12 ]
POC    13 TId: 5 (      STSA, B-SLICE, QP 46)             4064 bits [Y 29.3756 dB    U 35.5709 dB    V 36.0274 dB] [ET   673 ] [L0 12 8 ] [L1 14 16 ]
POC    15 TId: 5 (      STSA, B-SLICE, QP 46)             3560 bits [Y 29.7132 dB    U 35.7204 dB    V 36.4042 dB] [ET   544 ] [L0 14 12 ] [L1 16 14 ]

	Total Frames |   Bitrate     Y-PSNR    U-PSNR    V-PSNR    YUV-PSNR   
	       17    a     584.1318   30.0162   35.6873   36.6104   31.2035

 finished @ Sun Apr 16 08:28:00 2023
 Total Time:    16990.981 sec. [user]    16991.980 sec. [elapsed]

Level: 0
Inject Calls: 19995088341
Errors injected by bit:
	Bit 0: 2000563
	Bit 1: 1997508
	Bit 2: 1999817
	Bit 3: 1999223
	Bit 4: 2000028
	Bit 5: 1999735
	Bit 6: 1998572
	Bit 7: 1998953

Total errors injected: 15994399
