vvencFFapp: Fraunhofer VVC Encoder ver. 1.5.0 [Linux][GCC 11.3.0][64 bit][SIMD=AVX2]
 started @ Sun Apr 16 08:34:52 2023
CODING TOOL CFG: CTU128 QT44BTT21 IBD:1 SAO:1 ALF:1 (NonLinLuma:0 NonLinChr:0) CCALF:1 Tiles:1x1 Slices:1 WPP:0 WPP-Substreams:1 TMVP:1 DQ:1 SDH:0 CST:1 BDOF:1 DMVR:1 MTSImplicit:1 SBT:0 JCbCr:1 CabacInitPresent:1 AMVR:5 SMVD:3 LMCS:2 (Signal:SDR Opt:0) CIIP:0 MIP:1 AFFINE:2 (PROF:1, Type:1) MMVD:3 DisFracMMVD:1 SbTMVP:1 GPM:3 LFNST:1 MTS:0 ISP:3 TS:2 TSLog2MaxSize:4 useChromaTS:0 BDPCM:2 IBC:2 BCW:0 
ENC. ALG. CFG: QPA:0 HAD:1 RDQ:1 RDQTS:1 ASR:1 MinSearchWindow:96 RestrictMESampling:0 EDO:2 MCTF:2 
PRE-ANALYSIS CFG: STA:1 LeadFrames:0 TrailFrames:0 
FAST TOOL CFG: ECU:0 FEN:1 FDM:1 FastSearch:4 (SCC:2) LCTUFast:1 FastMrg:2 PBIntraFast:1 AMaxBT:1 FastQtBtEnc:1 ContentBasedFastQtbt:0 FastMIP:3 FastIntraTools:0 IntraEstDecBit:2 FastLocalDualTree:1 IntegerET:0 FastSubPel:1 QtbttExtraFast:3 FastTTSplit:0 IBCFastMethod:3 FIM:0 ALFSpeed:0 QuantThr: 4 
RATE CONTROL CFG: RateControl:0 LookAhead:0 
PARALLEL PROCESSING CFG: NumThreads:0 MaxParallelFrames:0 WppBitEqual:0 WF:0 

POC     0 TId: 0 (  IDR_N_LP, I-SLICE, QP 34, TF 2)     137312 bits [Y 33.0393 dB    U 36.5932 dB    V 37.9362 dB] [ET   224 ] [L0 ] [L1 ]
POC    16 TId: 1 (      STSA, B-SLICE, QP 40, TF 1)      50344 bits [Y 30.8201 dB    U 36.0107 dB    V 36.8183 dB] [ET  1548 ] [L0 0 ] [L1 0 ]
POC     8 TId: 2 (      STSA, B-SLICE, QP 40, TF 0)      40336 bits [Y 30.7288 dB    U 35.8497 dB    V 36.8467 dB] [ET  1864 ] [L0 0 16 ] [L1 16 0 ]
POC     4 TId: 3 (      STSA, B-SLICE, QP 43)            17064 bits [Y 30.1621 dB    U 35.6511 dB    V 36.7719 dB] [ET  1687 ] [L0 0 8 ] [L1 8 16 ]
POC     2 TId: 4 (      STSA, B-SLICE, QP 45)             9216 bits [Y 30.0701 dB    U 35.7347 dB    V 37.0263 dB] [ET   946 ] [L0 0 4 ] [L1 4 8 ]
POC     1 TId: 5 (      STSA, B-SLICE, QP 46)             4944 bits [Y 30.3982 dB    U 35.8986 dB    V 37.3225 dB] [ET   629 ] [L0 0 2 ] [L1 2 4 ]
POC     3 TId: 5 (      STSA, B-SLICE, QP 46)             4280 bits [Y 29.7406 dB    U 35.4707 dB    V 36.6549 dB] [ET   767 ] [L0 2 0 ] [L1 4 8 ]
POC     6 TId: 4 (      STSA, B-SLICE, QP 45)             8576 bits [Y 29.6510 dB    U 35.4761 dB    V 36.4691 dB] [ET  1210 ] [L0 4 0 ] [L1 8 16 ]
POC     5 TId: 5 (      STSA, B-SLICE, QP 46)             4120 bits [Y 29.5943 dB    U 35.4368 dB    V 36.6376 dB] [ET   773 ] [L0 4 0 ] [L1 6 8 ]
POC     7 TId: 5 (      STSA, B-SLICE, QP 46)             3632 bits [Y 29.5642 dB    U 35.3454 dB    V 36.4943 dB] [ET   697 ] [L0 6 4 ] [L1 8 16 ]
POC    12 TId: 3 (      STSA, B-SLICE, QP 43)            17960 bits [Y 29.8045 dB    U 35.7162 dB    V 36.1739 dB] [ET  1720 ] [L0 8 0 ] [L1 16 8 ]
POC    10 TId: 4 (      STSA, B-SLICE, QP 45)             9520 bits [Y 29.3333 dB    U 35.5128 dB    V 36.0649 dB] [ET  1273 ] [L0 8 0 ] [L1 12 16 ]
POC     9 TId: 5 (      STSA, B-SLICE, QP 46)             3752 bits [Y 29.4114 dB    U 35.5522 dB    V 36.4454 dB] [ET   678 ] [L0 8 0 ] [L1 10 12 ]
POC    11 TId: 5 (      STSA, B-SLICE, QP 46)             3896 bits [Y 29.2595 dB    U 35.5335 dB    V 36.0457 dB] [ET   706 ] [L0 10 8 ] [L1 12 16 ]
POC    14 TId: 4 (      STSA, B-SLICE, QP 45)             8104 bits [Y 29.3672 dB    U 35.6139 dB    V 36.0214 dB] [ET  1004 ] [L0 12 8 ] [L1 16 12 ]
POC    13 TId: 5 (      STSA, B-SLICE, QP 46)             3728 bits [Y 29.2586 dB    U 35.5656 dB    V 36.0274 dB] [ET   662 ] [L0 12 8 ] [L1 14 16 ]
POC    15 TId: 5 (      STSA, B-SLICE, QP 46)             3848 bits [Y 29.6661 dB    U 35.7613 dB    V 36.3312 dB] [ET   630 ] [L0 14 12 ] [L1 16 14 ]

	Total Frames |   Bitrate     Y-PSNR    U-PSNR    V-PSNR    YUV-PSNR   
	       17    a     583.4682   29.9923   35.6896   36.5934   31.1805

 finished @ Sun Apr 16 13:18:45 2023
 Total Time:    17031.951 sec. [user]    17032.777 sec. [elapsed]

Level: 0
Inject Calls: 19758029280
Errors injected by bit:
	Bit 0: 19820
	Bit 1: 19650
	Bit 2: 19910
	Bit 3: 20012
	Bit 4: 20056
	Bit 5: 19780
	Bit 6: 19815
	Bit 7: 19630

Total errors injected: 158673
