vvencFFapp: Fraunhofer VVC Encoder ver. 1.5.0 [Linux][GCC 11.3.0][64 bit][SIMD=AVX2]
 started @ Tue Apr 11 09:52:45 2023
CODING TOOL CFG: CTU128 QT44BTT21 IBD:1 SAO:1 ALF:1 (NonLinLuma:0 NonLinChr:0) CCALF:1 Tiles:1x1 Slices:1 WPP:0 WPP-Substreams:1 TMVP:1 DQ:1 SDH:0 CST:1 BDOF:1 DMVR:1 MTSImplicit:1 SBT:0 JCbCr:1 CabacInitPresent:1 AMVR:5 SMVD:3 LMCS:2 (Signal:SDR Opt:0) CIIP:0 MIP:1 AFFINE:2 (PROF:1, Type:1) MMVD:3 DisFracMMVD:1 SbTMVP:1 GPM:3 LFNST:1 MTS:0 ISP:3 TS:2 TSLog2MaxSize:4 useChromaTS:0 BDPCM:2 IBC:2 BCW:0 
ENC. ALG. CFG: QPA:0 HAD:1 RDQ:1 RDQTS:1 ASR:1 MinSearchWindow:96 RestrictMESampling:0 EDO:2 MCTF:2 
PRE-ANALYSIS CFG: STA:1 LeadFrames:0 TrailFrames:0 
FAST TOOL CFG: ECU:0 FEN:1 FDM:1 FastSearch:4 (SCC:2) LCTUFast:1 FastMrg:2 PBIntraFast:1 AMaxBT:1 FastQtBtEnc:1 ContentBasedFastQtbt:0 FastMIP:3 FastIntraTools:0 IntraEstDecBit:2 FastLocalDualTree:1 IntegerET:0 FastSubPel:1 QtbttExtraFast:3 FastTTSplit:0 IBCFastMethod:3 FIM:0 ALFSpeed:0 QuantThr: 4 
RATE CONTROL CFG: RateControl:0 LookAhead:0 
PARALLEL PROCESSING CFG: NumThreads:0 MaxParallelFrames:0 WppBitEqual:0 WF:0 

POC     0 TId: 0 (  IDR_N_LP, I-SLICE, QP 29, TF 2)     239000 bits [Y 37.7621 dB    U 41.1947 dB    V 42.2796 dB] [ET   259 ] [L0 ] [L1 ]
POC    16 TId: 1 (      STSA, B-SLICE, QP 34, TF 1)      48200 bits [Y 35.5665 dB    U 39.8992 dB    V 40.6528 dB] [ET   994 ] [L0 0 ] [L1 0 ]
POC     8 TId: 2 (      STSA, B-SLICE, QP 35, TF 0)      20440 bits [Y 35.7353 dB    U 40.2632 dB    V 41.1183 dB] [ET   936 ] [L0 0 16 ] [L1 16 0 ]
POC     4 TId: 3 (      STSA, B-SLICE, QP 38)             8272 bits [Y 35.6234 dB    U 40.6589 dB    V 41.5595 dB] [ET   596 ] [L0 0 8 ] [L1 8 16 ]
POC     2 TId: 4 (      STSA, B-SLICE, QP 40)             3600 bits [Y 35.8295 dB    U 40.9361 dB    V 41.8940 dB] [ET   333 ] [L0 0 4 ] [L1 4 8 ]
POC     1 TId: 5 (      STSA, B-SLICE, QP 41)             1376 bits [Y 36.3372 dB    U 41.0223 dB    V 42.1415 dB] [ET   224 ] [L0 0 2 ] [L1 2 4 ]
POC     3 TId: 5 (      STSA, B-SLICE, QP 41)             1304 bits [Y 35.3448 dB    U 40.8496 dB    V 41.7374 dB] [ET   279 ] [L0 2 0 ] [L1 4 8 ]
POC     6 TId: 4 (      STSA, B-SLICE, QP 40)             3904 bits [Y 35.1218 dB    U 40.4847 dB    V 41.3324 dB] [ET   442 ] [L0 4 0 ] [L1 8 16 ]
POC     5 TId: 5 (      STSA, B-SLICE, QP 41)             1592 bits [Y 35.1145 dB    U 40.5379 dB    V 41.4398 dB] [ET   309 ] [L0 4 0 ] [L1 6 8 ]
POC     7 TId: 5 (      STSA, B-SLICE, QP 41)             1336 bits [Y 35.1918 dB    U 40.3672 dB    V 41.2420 dB] [ET   298 ] [L0 6 4 ] [L1 8 16 ]
POC    12 TId: 3 (      STSA, B-SLICE, QP 38)             9936 bits [Y 34.9536 dB    U 40.0714 dB    V 40.8328 dB] [ET   938 ] [L0 8 0 ] [L1 16 8 ]
POC    10 TId: 4 (      STSA, B-SLICE, QP 40)             3808 bits [Y 34.7621 dB    U 40.1661 dB    V 40.9461 dB] [ET   481 ] [L0 8 0 ] [L1 12 16 ]
POC     9 TId: 5 (      STSA, B-SLICE, QP 41)             1696 bits [Y 34.9645 dB    U 40.2818 dB    V 41.0593 dB] [ET   331 ] [L0 8 0 ] [L1 10 12 ]
POC    11 TId: 5 (      STSA, B-SLICE, QP 41)             1736 bits [Y 34.6067 dB    U 40.0726 dB    V 40.8694 dB] [ET   374 ] [L0 10 8 ] [L1 12 16 ]
POC    14 TId: 4 (      STSA, B-SLICE, QP 40)             4432 bits [Y 34.5476 dB    U 39.9647 dB    V 40.7141 dB] [ET   408 ] [L0 12 8 ] [L1 16 12 ]
POC    13 TId: 5 (      STSA, B-SLICE, QP 41)             2056 bits [Y 34.4572 dB    U 40.0230 dB    V 40.7989 dB] [ET   344 ] [L0 12 8 ] [L1 14 16 ]
POC    15 TId: 5 (      STSA, B-SLICE, QP 41)             2128 bits [Y 34.6507 dB    U 39.9616 dB    V 40.6569 dB] [ET   278 ] [L0 14 12 ] [L1 16 14 ]

	Total Frames |   Bitrate     Y-PSNR    U-PSNR    V-PSNR    YUV-PSNR   
	       17    a    1252.2918   35.3276   40.3973   41.2515   36.4533

 finished @ Tue Apr 11 12:03:23 2023
 Total Time:     7822.641 sec. [user]     7837.869 sec. [elapsed]

Level: 0
Inject Calls: 8754769802
Errors injected by bit:
	Bit 0: 87371
	Bit 1: 87218
	Bit 2: 87241
	Bit 3: 87652
	Bit 4: 87386
	Bit 5: 87732
	Bit 6: 87635
	Bit 7: 87690

Total errors injected: 699925
