vvencFFapp: Fraunhofer VVC Encoder ver. 1.5.0 [Linux][GCC 11.3.0][64 bit][SIMD=AVX2]
 started @ Mon Apr 24 22:10:50 2023
CODING TOOL CFG: CTU128 QT44BTT21 IBD:1 SAO:1 ALF:1 (NonLinLuma:0 NonLinChr:0) CCALF:1 Tiles:1x1 Slices:1 WPP:0 WPP-Substreams:1 TMVP:1 DQ:1 SDH:0 CST:1 BDOF:1 DMVR:1 MTSImplicit:1 SBT:0 JCbCr:1 CabacInitPresent:1 AMVR:5 SMVD:3 LMCS:2 (Signal:SDR Opt:0) CIIP:0 MIP:1 AFFINE:2 (PROF:1, Type:1) MMVD:3 DisFracMMVD:1 SbTMVP:1 GPM:3 LFNST:1 MTS:0 ISP:3 TS:2 TSLog2MaxSize:4 useChromaTS:0 BDPCM:2 IBC:2 BCW:0 
ENC. ALG. CFG: QPA:0 HAD:1 RDQ:1 RDQTS:1 ASR:1 MinSearchWindow:96 RestrictMESampling:0 EDO:2 MCTF:2 
PRE-ANALYSIS CFG: STA:1 LeadFrames:0 TrailFrames:0 
FAST TOOL CFG: ECU:0 FEN:1 FDM:1 FastSearch:4 (SCC:2) LCTUFast:1 FastMrg:2 PBIntraFast:1 AMaxBT:1 FastQtBtEnc:1 ContentBasedFastQtbt:0 FastMIP:3 FastIntraTools:0 IntraEstDecBit:2 FastLocalDualTree:1 IntegerET:0 FastSubPel:1 QtbttExtraFast:3 FastTTSplit:0 IBCFastMethod:3 FIM:0 ALFSpeed:0 QuantThr: 4 
RATE CONTROL CFG: RateControl:0 LookAhead:0 
PARALLEL PROCESSING CFG: NumThreads:0 MaxParallelFrames:0 WppBitEqual:0 WF:0 

POC     0 TId: 0 (  IDR_N_LP, I-SLICE, QP 29, TF 2)     160808 bits [Y 38.4367 dB    U 41.6230 dB    V 42.6136 dB] [ET   287 ] [L0 ] [L1 ]
POC    16 TId: 1 (      STSA, B-SLICE, QP 34, TF 1)      30672 bits [Y 36.4758 dB    U 40.0251 dB    V 40.1424 dB] [ET   733 ] [L0 0 ] [L1 0 ]
POC     8 TId: 2 (      STSA, B-SLICE, QP 35, TF 0)      18928 bits [Y 36.4780 dB    U 40.1216 dB    V 40.8919 dB] [ET  1123 ] [L0 0 16 ] [L1 16 0 ]
POC     4 TId: 3 (      STSA, B-SLICE, QP 38)            12144 bits [Y 36.1850 dB    U 40.2642 dB    V 40.9002 dB] [ET  1016 ] [L0 0 8 ] [L1 8 16 ]
POC     2 TId: 4 (      STSA, B-SLICE, QP 40)             4928 bits [Y 36.2973 dB    U 40.9666 dB    V 41.4348 dB] [ET   558 ] [L0 0 4 ] [L1 4 8 ]
POC     1 TId: 5 (      STSA, B-SLICE, QP 41)              168 bits [Y 38.4367 dB    U 41.6230 dB    V 42.6136 dB] [ET   247 ] [L0 0 2 ] [L1 2 4 ]
POC     3 TId: 5 (      STSA, B-SLICE, QP 41)             3424 bits [Y 35.8188 dB    U 40.5085 dB    V 40.8953 dB] [ET   540 ] [L0 2 0 ] [L1 4 8 ]
POC     6 TId: 4 (      STSA, B-SLICE, QP 40)             6208 bits [Y 35.5670 dB    U 40.0152 dB    V 40.5280 dB] [ET   795 ] [L0 4 0 ] [L1 8 16 ]
POC     5 TId: 5 (      STSA, B-SLICE, QP 41)             3608 bits [Y 35.2972 dB    U 39.9434 dB    V 40.5673 dB] [ET   517 ] [L0 4 0 ] [L1 6 8 ]
POC     7 TId: 5 (      STSA, B-SLICE, QP 41)             3280 bits [Y 35.2455 dB    U 39.9692 dB    V 40.4188 dB] [ET   541 ] [L0 6 4 ] [L1 8 16 ]
POC    12 TId: 3 (      STSA, B-SLICE, QP 38)            13248 bits [Y 35.5765 dB    U 39.8617 dB    V 40.1787 dB] [ET  1181 ] [L0 8 0 ] [L1 16 8 ]
POC    10 TId: 4 (      STSA, B-SLICE, QP 40)             7256 bits [Y 35.3198 dB    U 39.8325 dB    V 40.3039 dB] [ET   901 ] [L0 8 0 ] [L1 12 16 ]
POC     9 TId: 5 (      STSA, B-SLICE, QP 41)             3560 bits [Y 35.6920 dB    U 39.9934 dB    V 40.4788 dB] [ET   587 ] [L0 8 0 ] [L1 10 12 ]
POC    11 TId: 5 (      STSA, B-SLICE, QP 41)             3760 bits [Y 35.1975 dB    U 39.8125 dB    V 39.9121 dB] [ET   611 ] [L0 10 8 ] [L1 12 16 ]
POC    14 TId: 4 (      STSA, B-SLICE, QP 40)             7400 bits [Y 35.2003 dB    U 39.7218 dB    V 39.8148 dB] [ET   699 ] [L0 12 8 ] [L1 16 12 ]
POC    13 TId: 5 (      STSA, B-SLICE, QP 41)             3240 bits [Y 34.9847 dB    U 39.8080 dB    V 39.7365 dB] [ET   592 ] [L0 12 8 ] [L1 14 16 ]
POC    15 TId: 5 (      STSA, B-SLICE, QP 41)             3104 bits [Y 35.2012 dB    U 39.7615 dB    V 39.7136 dB] [ET   449 ] [L0 14 12 ] [L1 16 14 ]

	Total Frames |   Bitrate     Y-PSNR    U-PSNR    V-PSNR    YUV-PSNR   
	       17    a     840.4000   35.9653   40.2265   40.6555   36.9152

 finished @ Tue Apr 25 01:20:40 2023
 Total Time:    11389.421 sec. [user]    11390.808 sec. [elapsed]

Level: 0
Inject Calls: 12875091237
Errors injected by bit:
	Bit 0: 12807
	Bit 1: 12819
	Bit 2: 12816
	Bit 3: 12969
	Bit 4: 12883
	Bit 5: 12673
	Bit 6: 12929
	Bit 7: 12831

Total errors injected: 102727
