vvencFFapp: Fraunhofer VVC Encoder ver. 1.5.0 [Linux][GCC 11.3.0][64 bit][SIMD=AVX2]
 started @ Sun Apr 16 08:24:52 2023
CODING TOOL CFG: CTU128 QT44BTT21 IBD:1 SAO:1 ALF:1 (NonLinLuma:0 NonLinChr:0) CCALF:1 Tiles:1x1 Slices:1 WPP:0 WPP-Substreams:1 TMVP:1 DQ:1 SDH:0 CST:1 BDOF:1 DMVR:1 MTSImplicit:1 SBT:0 JCbCr:1 CabacInitPresent:1 AMVR:5 SMVD:3 LMCS:2 (Signal:SDR Opt:0) CIIP:0 MIP:1 AFFINE:2 (PROF:1, Type:1) MMVD:3 DisFracMMVD:1 SbTMVP:1 GPM:3 LFNST:1 MTS:0 ISP:3 TS:2 TSLog2MaxSize:4 useChromaTS:0 BDPCM:2 IBC:2 BCW:0 
ENC. ALG. CFG: QPA:0 HAD:1 RDQ:1 RDQTS:1 ASR:1 MinSearchWindow:96 RestrictMESampling:0 EDO:2 MCTF:2 
PRE-ANALYSIS CFG: STA:1 LeadFrames:0 TrailFrames:0 
FAST TOOL CFG: ECU:0 FEN:1 FDM:1 FastSearch:4 (SCC:2) LCTUFast:1 FastMrg:2 PBIntraFast:1 AMaxBT:1 FastQtBtEnc:1 ContentBasedFastQtbt:0 FastMIP:3 FastIntraTools:0 IntraEstDecBit:2 FastLocalDualTree:1 IntegerET:0 FastSubPel:1 QtbttExtraFast:3 FastTTSplit:0 IBCFastMethod:3 FIM:0 ALFSpeed:0 QuantThr: 4 
RATE CONTROL CFG: RateControl:0 LookAhead:0 
PARALLEL PROCESSING CFG: NumThreads:0 MaxParallelFrames:0 WppBitEqual:0 WF:0 

POC     0 TId: 0 (  IDR_N_LP, I-SLICE, QP 34, TF 2)     137312 bits [Y 33.0393 dB    U 36.5932 dB    V 37.9362 dB] [ET   201 ] [L0 ] [L1 ]
POC    16 TId: 1 (      STSA, B-SLICE, QP 40, TF 1)      50344 bits [Y 30.8201 dB    U 36.0107 dB    V 36.8183 dB] [ET  1388 ] [L0 0 ] [L1 0 ]
POC     8 TId: 2 (      STSA, B-SLICE, QP 40, TF 0)      40336 bits [Y 30.7288 dB    U 35.8497 dB    V 36.8467 dB] [ET  1871 ] [L0 0 16 ] [L1 16 0 ]
POC     4 TId: 3 (      STSA, B-SLICE, QP 43)            16952 bits [Y 30.1752 dB    U 35.6304 dB    V 36.7871 dB] [ET  1741 ] [L0 0 8 ] [L1 8 16 ]
POC     2 TId: 4 (      STSA, B-SLICE, QP 45)             9240 bits [Y 30.0560 dB    U 35.7562 dB    V 37.0609 dB] [ET   943 ] [L0 0 4 ] [L1 4 8 ]
POC     1 TId: 5 (      STSA, B-SLICE, QP 46)             5136 bits [Y 30.4565 dB    U 35.9128 dB    V 37.3118 dB] [ET   615 ] [L0 0 2 ] [L1 2 4 ]
POC     3 TId: 5 (      STSA, B-SLICE, QP 46)             4080 bits [Y 29.6826 dB    U 35.4704 dB    V 36.6901 dB] [ET   815 ] [L0 2 0 ] [L1 4 8 ]
POC     6 TId: 4 (      STSA, B-SLICE, QP 45)             8336 bits [Y 29.6202 dB    U 35.4895 dB    V 36.4709 dB] [ET  1164 ] [L0 4 0 ] [L1 8 16 ]
POC     5 TId: 5 (      STSA, B-SLICE, QP 46)             4056 bits [Y 29.6077 dB    U 35.4785 dB    V 36.6688 dB] [ET   766 ] [L0 4 0 ] [L1 6 8 ]
POC     7 TId: 5 (      STSA, B-SLICE, QP 46)             3696 bits [Y 29.5550 dB    U 35.3340 dB    V 36.4901 dB] [ET   771 ] [L0 6 4 ] [L1 8 16 ]
POC    12 TId: 3 (      STSA, B-SLICE, QP 43)            17952 bits [Y 29.8134 dB    U 35.7029 dB    V 36.1216 dB] [ET  1777 ] [L0 8 0 ] [L1 16 8 ]
POC    10 TId: 4 (      STSA, B-SLICE, QP 45)             9120 bits [Y 29.3024 dB    U 35.4953 dB    V 36.1228 dB] [ET  1228 ] [L0 8 0 ] [L1 12 16 ]
POC     9 TId: 5 (      STSA, B-SLICE, QP 46)             3608 bits [Y 29.3942 dB    U 35.5412 dB    V 36.4422 dB] [ET   735 ] [L0 8 0 ] [L1 10 12 ]
POC    11 TId: 5 (      STSA, B-SLICE, QP 46)             3856 bits [Y 29.2056 dB    U 35.5290 dB    V 36.0557 dB] [ET   689 ] [L0 10 8 ] [L1 12 16 ]
POC    14 TId: 4 (      STSA, B-SLICE, QP 45)             8304 bits [Y 29.4535 dB    U 35.5175 dB    V 35.9867 dB] [ET  1017 ] [L0 12 8 ] [L1 16 12 ]
POC    13 TId: 5 (      STSA, B-SLICE, QP 46)             4224 bits [Y 29.4196 dB    U 35.5783 dB    V 36.0142 dB] [ET   649 ] [L0 12 8 ] [L1 14 16 ]
POC    15 TId: 5 (      STSA, B-SLICE, QP 46)             3920 bits [Y 29.7428 dB    U 35.6907 dB    V 36.2560 dB] [ET   736 ] [L0 14 12 ] [L1 16 14 ]

	Total Frames |   Bitrate     Y-PSNR    U-PSNR    V-PSNR    YUV-PSNR   
	       17    a     583.1859   30.0043   35.6812   36.5930   31.1912

 finished @ Sun Apr 16 13:10:11 2023
 Total Time:    17118.812 sec. [user]    17119.635 sec. [elapsed]

Level: 0
Inject Calls: 19927410737
Errors injected by bit:
	Bit 0: 19896
	Bit 1: 19825
	Bit 2: 20002
	Bit 3: 19840
	Bit 4: 19878
	Bit 5: 19991
	Bit 6: 19758
	Bit 7: 20072

Total errors injected: 159262
