vvencFFapp: Fraunhofer VVC Encoder ver. 1.5.0 [Linux][GCC 11.3.0][64 bit][SIMD=AVX2]
 started @ Fri Apr 14 03:53:57 2023
CODING TOOL CFG: CTU128 QT44BTT21 IBD:1 SAO:1 ALF:1 (NonLinLuma:0 NonLinChr:0) CCALF:1 Tiles:1x1 Slices:1 WPP:0 WPP-Substreams:1 TMVP:1 DQ:1 SDH:0 CST:1 BDOF:1 DMVR:1 MTSImplicit:1 SBT:0 JCbCr:1 CabacInitPresent:1 AMVR:5 SMVD:3 LMCS:2 (Signal:SDR Opt:0) CIIP:0 MIP:1 AFFINE:2 (PROF:1, Type:1) MMVD:3 DisFracMMVD:1 SbTMVP:1 GPM:3 LFNST:1 MTS:0 ISP:3 TS:2 TSLog2MaxSize:4 useChromaTS:0 BDPCM:2 IBC:2 BCW:0 
ENC. ALG. CFG: QPA:0 HAD:1 RDQ:1 RDQTS:1 ASR:1 MinSearchWindow:96 RestrictMESampling:0 EDO:2 MCTF:2 
PRE-ANALYSIS CFG: STA:1 LeadFrames:0 TrailFrames:0 
FAST TOOL CFG: ECU:0 FEN:1 FDM:1 FastSearch:4 (SCC:2) LCTUFast:1 FastMrg:2 PBIntraFast:1 AMaxBT:1 FastQtBtEnc:1 ContentBasedFastQtbt:0 FastMIP:3 FastIntraTools:0 IntraEstDecBit:2 FastLocalDualTree:1 IntegerET:0 FastSubPel:1 QtbttExtraFast:3 FastTTSplit:0 IBCFastMethod:3 FIM:0 ALFSpeed:0 QuantThr: 4 
RATE CONTROL CFG: RateControl:0 LookAhead:0 
PARALLEL PROCESSING CFG: NumThreads:0 MaxParallelFrames:0 WppBitEqual:0 WF:0 

POC     0 TId: 0 (  IDR_N_LP, I-SLICE, QP 19, TF 3)     629392 bits [Y 41.1842 dB    U 43.2214 dB    V 44.1771 dB] [ET   830 ] [L0 ] [L1 ]
POC    16 TId: 1 (      STSA, B-SLICE, QP 22, TF 2)     441992 bits [Y 42.3054 dB    U 43.3608 dB    V 44.2431 dB] [ET  2199 ] [L0 0 ] [L1 0 ]
POC     8 TId: 2 (      STSA, B-SLICE, QP 23, TF 1)     350112 bits [Y 40.6577 dB    U 42.0570 dB    V 43.2135 dB] [ET  2637 ] [L0 0 16 ] [L1 16 0 ]
POC     4 TId: 3 (      STSA, B-SLICE, QP 26, TF 0)     177248 bits [Y 38.9234 dB    U 41.3813 dB    V 42.5741 dB] [ET  2659 ] [L0 0 8 ] [L1 8 16 ]
POC     2 TId: 4 (      STSA, B-SLICE, QP 28)           107840 bits [Y 38.3533 dB    U 41.4767 dB    V 42.6000 dB] [ET  1817 ] [L0 0 4 ] [L1 4 8 ]
POC     1 TId: 5 (      STSA, B-SLICE, QP 29)            67720 bits [Y 37.9133 dB    U 41.5193 dB    V 42.6985 dB] [ET  1371 ] [L0 0 2 ] [L1 2 4 ]
POC     3 TId: 5 (      STSA, B-SLICE, QP 29)            65664 bits [Y 37.7284 dB    U 41.0579 dB    V 42.2263 dB] [ET  1546 ] [L0 2 0 ] [L1 4 8 ]
POC     6 TId: 4 (      STSA, B-SLICE, QP 28)           102624 bits [Y 38.3265 dB    U 41.1814 dB    V 42.3662 dB] [ET  2253 ] [L0 4 0 ] [L1 8 16 ]
POC     5 TId: 5 (      STSA, B-SLICE, QP 29)            60312 bits [Y 37.7169 dB    U 40.9211 dB    V 42.1800 dB] [ET  1640 ] [L0 4 0 ] [L1 6 8 ]
POC     7 TId: 5 (      STSA, B-SLICE, QP 29)            62720 bits [Y 37.8140 dB    U 40.9165 dB    V 42.1137 dB] [ET  1606 ] [L0 6 4 ] [L1 8 16 ]
POC    12 TId: 3 (      STSA, B-SLICE, QP 26, TF 0)     185104 bits [Y 38.9802 dB    U 41.6028 dB    V 42.4363 dB] [ET  2678 ] [L0 8 0 ] [L1 16 8 ]
POC    10 TId: 4 (      STSA, B-SLICE, QP 28)           112864 bits [Y 38.2920 dB    U 41.1244 dB    V 41.9963 dB] [ET  2600 ] [L0 8 0 ] [L1 12 16 ]
POC     9 TId: 5 (      STSA, B-SLICE, QP 29)            65224 bits [Y 37.8652 dB    U 40.9170 dB    V 42.1213 dB] [ET  1697 ] [L0 8 0 ] [L1 10 12 ]
POC    11 TId: 5 (      STSA, B-SLICE, QP 29)            68440 bits [Y 37.7393 dB    U 40.9799 dB    V 41.8647 dB] [ET  1684 ] [L0 10 8 ] [L1 12 16 ]
POC    14 TId: 4 (      STSA, B-SLICE, QP 28)           115416 bits [Y 38.3997 dB    U 41.2010 dB    V 42.1985 dB] [ET  1851 ] [L0 12 8 ] [L1 16 12 ]
POC    13 TId: 5 (      STSA, B-SLICE, QP 29)            65168 bits [Y 37.7600 dB    U 41.0301 dB    V 41.9269 dB] [ET  1686 ] [L0 12 8 ] [L1 14 16 ]
POC    15 TId: 5 (      STSA, B-SLICE, QP 29)            68216 bits [Y 37.8998 dB    U 41.2131 dB    V 42.3963 dB] [ET  1368 ] [L0 14 12 ] [L1 16 14 ]

	Total Frames |   Bitrate     Y-PSNR    U-PSNR    V-PSNR    YUV-PSNR   
	       17    a    4845.9812   38.6976   41.4801   42.5490   39.3924

 finished @ Fri Apr 14 12:49:38 2023
 Total Time:    32138.623 sec. [user]    32140.554 sec. [elapsed]

Level: 0
Inject Calls: 35241385222
Errors injected by bit:
	Bit 0: 35140
	Bit 1: 35187
	Bit 2: 35090
	Bit 3: 35384
	Bit 4: 35196
	Bit 5: 35014
	Bit 6: 35375
	Bit 7: 35725

Total errors injected: 282111
