vvencFFapp: Fraunhofer VVC Encoder ver. 1.5.0 [Linux][GCC 11.3.0][64 bit][SIMD=AVX2]
 started @ Fri Apr 14 20:19:15 2023
CODING TOOL CFG: CTU128 QT44BTT21 IBD:1 SAO:1 ALF:1 (NonLinLuma:0 NonLinChr:0) CCALF:1 Tiles:1x1 Slices:1 WPP:0 WPP-Substreams:1 TMVP:1 DQ:1 SDH:0 CST:1 BDOF:1 DMVR:1 MTSImplicit:1 SBT:0 JCbCr:1 CabacInitPresent:1 AMVR:5 SMVD:3 LMCS:2 (Signal:SDR Opt:0) CIIP:0 MIP:1 AFFINE:2 (PROF:1, Type:1) MMVD:3 DisFracMMVD:1 SbTMVP:1 GPM:3 LFNST:1 MTS:0 ISP:3 TS:2 TSLog2MaxSize:4 useChromaTS:0 BDPCM:2 IBC:2 BCW:0 
ENC. ALG. CFG: QPA:0 HAD:1 RDQ:1 RDQTS:1 ASR:1 MinSearchWindow:96 RestrictMESampling:0 EDO:2 MCTF:2 
PRE-ANALYSIS CFG: STA:1 LeadFrames:0 TrailFrames:0 
FAST TOOL CFG: ECU:0 FEN:1 FDM:1 FastSearch:4 (SCC:2) LCTUFast:1 FastMrg:2 PBIntraFast:1 AMaxBT:1 FastQtBtEnc:1 ContentBasedFastQtbt:0 FastMIP:3 FastIntraTools:0 IntraEstDecBit:2 FastLocalDualTree:1 IntegerET:0 FastSubPel:1 QtbttExtraFast:3 FastTTSplit:0 IBCFastMethod:3 FIM:0 ALFSpeed:0 QuantThr: 4 
RATE CONTROL CFG: RateControl:0 LookAhead:0 
PARALLEL PROCESSING CFG: NumThreads:0 MaxParallelFrames:0 WppBitEqual:0 WF:0 

POC     0 TId: 0 (  IDR_N_LP, I-SLICE, QP 24, TF 3)     399128 bits [Y 38.6505 dB    U 40.8666 dB    V 42.1124 dB] [ET   348 ] [L0 ] [L1 ]
POC    16 TId: 1 (      STSA, B-SLICE, QP 28, TF 2)     237768 bits [Y 38.5253 dB    U 40.2948 dB    V 41.4455 dB] [ET  1874 ] [L0 0 ] [L1 0 ]
POC     8 TId: 2 (      STSA, B-SLICE, QP 29, TF 1)     178808 bits [Y 37.2193 dB    U 39.5623 dB    V 40.7479 dB] [ET  2168 ] [L0 0 16 ] [L1 16 0 ]
POC     4 TId: 3 (      STSA, B-SLICE, QP 32, TF 0)      78080 bits [Y 35.9257 dB    U 39.1846 dB    V 40.2838 dB] [ET  2137 ] [L0 0 8 ] [L1 8 16 ]
POC     2 TId: 4 (      STSA, B-SLICE, QP 34)            44760 bits [Y 35.6381 dB    U 39.2462 dB    V 40.5052 dB] [ET  1535 ] [L0 0 4 ] [L1 4 8 ]
POC     1 TId: 5 (      STSA, B-SLICE, QP 36)            23616 bits [Y 35.3437 dB    U 39.4589 dB    V 40.7853 dB] [ET   923 ] [L0 0 2 ] [L1 2 4 ]
POC     3 TId: 5 (      STSA, B-SLICE, QP 36)            20808 bits [Y 34.9010 dB    U 38.8773 dB    V 40.0735 dB] [ET  1254 ] [L0 2 0 ] [L1 4 8 ]
POC     6 TId: 4 (      STSA, B-SLICE, QP 34)            42640 bits [Y 35.4729 dB    U 38.8564 dB    V 40.0601 dB] [ET  1775 ] [L0 4 0 ] [L1 8 16 ]
POC     5 TId: 5 (      STSA, B-SLICE, QP 36)            19264 bits [Y 34.9044 dB    U 38.8062 dB    V 39.9960 dB] [ET  1194 ] [L0 4 0 ] [L1 6 8 ]
POC     7 TId: 5 (      STSA, B-SLICE, QP 36)            21160 bits [Y 35.0589 dB    U 38.7804 dB    V 39.9710 dB] [ET  1321 ] [L0 6 4 ] [L1 8 16 ]
POC    12 TId: 3 (      STSA, B-SLICE, QP 32, TF 0)      79136 bits [Y 35.7455 dB    U 39.2420 dB    V 39.9952 dB] [ET  2368 ] [L0 8 0 ] [L1 16 8 ]
POC    10 TId: 4 (      STSA, B-SLICE, QP 34)            46856 bits [Y 35.3641 dB    U 38.8835 dB    V 39.6579 dB] [ET  1868 ] [L0 8 0 ] [L1 12 16 ]
POC     9 TId: 5 (      STSA, B-SLICE, QP 36)            20896 bits [Y 34.9978 dB    U 38.7757 dB    V 39.9381 dB] [ET  1167 ] [L0 8 0 ] [L1 10 12 ]
POC    11 TId: 5 (      STSA, B-SLICE, QP 36)            20976 bits [Y 34.6867 dB    U 38.7727 dB    V 39.5516 dB] [ET  1292 ] [L0 10 8 ] [L1 12 16 ]
POC    14 TId: 4 (      STSA, B-SLICE, QP 34)            43904 bits [Y 35.3495 dB    U 38.9890 dB    V 39.9880 dB] [ET  1468 ] [L0 12 8 ] [L1 16 12 ]
POC    13 TId: 5 (      STSA, B-SLICE, QP 36)            19200 bits [Y 34.7400 dB    U 38.8627 dB    V 39.6981 dB] [ET  1202 ] [L0 12 8 ] [L1 14 16 ]
POC    15 TId: 5 (      STSA, B-SLICE, QP 36)            18824 bits [Y 34.9351 dB    U 39.2014 dB    V 40.3147 dB] [ET   964 ] [L0 14 12 ] [L1 16 14 ]

	Total Frames |   Bitrate     Y-PSNR    U-PSNR    V-PSNR    YUV-PSNR   
	       17    a    2322.0424   35.7329   39.2153   40.3014   36.5795

 finished @ Sat Apr 15 03:13:48 2023
 Total Time:    24872.379 sec. [user]    24873.634 sec. [elapsed]

Level: 0
Inject Calls: 28434166225
Errors injected by bit:
	Bit 0: 2844031
	Bit 1: 2844605
	Bit 2: 2842468
	Bit 3: 2844206
	Bit 4: 2843004
	Bit 5: 2846156
	Bit 6: 2844582
	Bit 7: 2843209

Total errors injected: 22752261
