vvencFFapp: Fraunhofer VVC Encoder ver. 1.5.0 [Linux][GCC 11.3.0][64 bit][SIMD=AVX2]
 started @ Tue Apr 11 18:07:55 2023
CODING TOOL CFG: CTU128 QT44BTT21 IBD:1 SAO:1 ALF:1 (NonLinLuma:0 NonLinChr:0) CCALF:1 Tiles:1x1 Slices:1 WPP:0 WPP-Substreams:1 TMVP:1 DQ:1 SDH:0 CST:1 BDOF:1 DMVR:1 MTSImplicit:1 SBT:0 JCbCr:1 CabacInitPresent:1 AMVR:5 SMVD:3 LMCS:2 (Signal:SDR Opt:0) CIIP:0 MIP:1 AFFINE:2 (PROF:1, Type:1) MMVD:3 DisFracMMVD:1 SbTMVP:1 GPM:3 LFNST:1 MTS:0 ISP:3 TS:2 TSLog2MaxSize:4 useChromaTS:0 BDPCM:2 IBC:2 BCW:0 
ENC. ALG. CFG: QPA:0 HAD:1 RDQ:1 RDQTS:1 ASR:1 MinSearchWindow:96 RestrictMESampling:0 EDO:2 MCTF:2 
PRE-ANALYSIS CFG: STA:1 LeadFrames:0 TrailFrames:0 
FAST TOOL CFG: ECU:0 FEN:1 FDM:1 FastSearch:4 (SCC:2) LCTUFast:1 FastMrg:2 PBIntraFast:1 AMaxBT:1 FastQtBtEnc:1 ContentBasedFastQtbt:0 FastMIP:3 FastIntraTools:0 IntraEstDecBit:2 FastLocalDualTree:1 IntegerET:0 FastSubPel:1 QtbttExtraFast:3 FastTTSplit:0 IBCFastMethod:3 FIM:0 ALFSpeed:0 QuantThr: 4 
RATE CONTROL CFG: RateControl:0 LookAhead:0 
PARALLEL PROCESSING CFG: NumThreads:0 MaxParallelFrames:0 WppBitEqual:0 WF:0 

POC     0 TId: 0 (  IDR_N_LP, I-SLICE, QP 19, TF 3)    1305264 bits [Y 45.1634 dB    U 45.3294 dB    V 46.0388 dB] [ET   542 ] [L0 ] [L1 ]
POC    16 TId: 1 (      STSA, B-SLICE, QP 22, TF 2)     584792 bits [Y 40.7195 dB    U 42.1364 dB    V 42.9430 dB] [ET  2699 ] [L0 0 ] [L1 0 ]
POC     8 TId: 2 (      STSA, B-SLICE, QP 23, TF 1)     364232 bits [Y 39.4854 dB    U 41.7979 dB    V 42.7541 dB] [ET  2128 ] [L0 0 16 ] [L1 16 0 ]
POC     4 TId: 3 (      STSA, B-SLICE, QP 26, TF 0)     187320 bits [Y 38.1320 dB    U 41.4512 dB    V 42.4427 dB] [ET  1865 ] [L0 0 8 ] [L1 8 16 ]
POC     2 TId: 4 (      STSA, B-SLICE, QP 28)              256 bits [Y 45.1634 dB    U 45.3294 dB    V 46.0388 dB] [ET   342 ] [L0 0 4 ] [L1 4 8 ]
POC     1 TId: 5 (      STSA, B-SLICE, QP 29)              240 bits [Y 45.1634 dB    U 45.3294 dB    V 46.0388 dB] [ET   310 ] [L0 0 2 ] [L1 2 4 ]
POC     3 TId: 5 (      STSA, B-SLICE, QP 29)            73056 bits [Y 37.8280 dB    U 41.6866 dB    V 42.7807 dB] [ET  1096 ] [L0 2 0 ] [L1 4 8 ]
POC     6 TId: 4 (      STSA, B-SLICE, QP 28)           129904 bits [Y 37.4573 dB    U 41.1023 dB    V 41.9626 dB] [ET  1619 ] [L0 4 0 ] [L1 8 16 ]
POC     5 TId: 5 (      STSA, B-SLICE, QP 29)            75312 bits [Y 37.0637 dB    U 41.1108 dB    V 41.9353 dB] [ET  1069 ] [L0 4 0 ] [L1 6 8 ]
POC     7 TId: 5 (      STSA, B-SLICE, QP 29)            73184 bits [Y 37.4093 dB    U 41.2326 dB    V 41.9818 dB] [ET  1120 ] [L0 6 4 ] [L1 8 16 ]
POC    12 TId: 3 (      STSA, B-SLICE, QP 26, TF 0)     208104 bits [Y 37.9760 dB    U 41.1094 dB    V 41.8044 dB] [ET  2019 ] [L0 8 0 ] [L1 16 8 ]
POC    10 TId: 4 (      STSA, B-SLICE, QP 28)           127040 bits [Y 37.3628 dB    U 40.9460 dB    V 41.4565 dB] [ET  1586 ] [L0 8 0 ] [L1 12 16 ]
POC     9 TId: 5 (      STSA, B-SLICE, QP 29)            73192 bits [Y 37.3251 dB    U 41.1985 dB    V 41.8296 dB] [ET  1057 ] [L0 8 0 ] [L1 10 12 ]
POC    11 TId: 5 (      STSA, B-SLICE, QP 29)            72032 bits [Y 37.0360 dB    U 40.8905 dB    V 41.5469 dB] [ET  1082 ] [L0 10 8 ] [L1 12 16 ]
POC    14 TId: 4 (      STSA, B-SLICE, QP 28)           130224 bits [Y 37.3684 dB    U 41.0913 dB    V 41.7573 dB] [ET  1277 ] [L0 12 8 ] [L1 16 12 ]
POC    13 TId: 5 (      STSA, B-SLICE, QP 29)            72808 bits [Y 36.9371 dB    U 40.9297 dB    V 41.6045 dB] [ET  1057 ] [L0 12 8 ] [L1 14 16 ]
POC    15 TId: 5 (      STSA, B-SLICE, QP 29)            72448 bits [Y 37.3131 dB    U 41.3121 dB    V 42.0009 dB] [ET   823 ] [L0 14 12 ] [L1 16 14 ]

	Total Frames |   Bitrate     Y-PSNR    U-PSNR    V-PSNR    YUV-PSNR   
	       17    a   10439.4353   39.1120   41.9990   42.7598   39.3183

 finished @ Wed Apr 12 00:09:42 2023
 Total Time:    21681.008 sec. [user]    21706.901 sec. [elapsed]

Level: 0
Inject Calls: 23745041392
Errors injected by bit:
	Bit 0: 23746884
	Bit 1: 23745066
	Bit 2: 23745045
	Bit 3: 23750665
	Bit 4: 23747188
	Bit 5: 23739735
	Bit 6: 23743072
	Bit 7: 23739930

Total errors injected: 189957585
