vvencFFapp: Fraunhofer VVC Encoder ver. 1.5.0 [Linux][GCC 11.3.0][64 bit][SIMD=AVX2]
 started @ Fri Apr 14 20:59:15 2023
CODING TOOL CFG: CTU128 QT44BTT21 IBD:1 SAO:1 ALF:1 (NonLinLuma:0 NonLinChr:0) CCALF:1 Tiles:1x1 Slices:1 WPP:0 WPP-Substreams:1 TMVP:1 DQ:1 SDH:0 CST:1 BDOF:1 DMVR:1 MTSImplicit:1 SBT:0 JCbCr:1 CabacInitPresent:1 AMVR:5 SMVD:3 LMCS:2 (Signal:SDR Opt:0) CIIP:0 MIP:1 AFFINE:2 (PROF:1, Type:1) MMVD:3 DisFracMMVD:1 SbTMVP:1 GPM:3 LFNST:1 MTS:0 ISP:3 TS:2 TSLog2MaxSize:4 useChromaTS:0 BDPCM:2 IBC:2 BCW:0 
ENC. ALG. CFG: QPA:0 HAD:1 RDQ:1 RDQTS:1 ASR:1 MinSearchWindow:96 RestrictMESampling:0 EDO:2 MCTF:2 
PRE-ANALYSIS CFG: STA:1 LeadFrames:0 TrailFrames:0 
FAST TOOL CFG: ECU:0 FEN:1 FDM:1 FastSearch:4 (SCC:2) LCTUFast:1 FastMrg:2 PBIntraFast:1 AMaxBT:1 FastQtBtEnc:1 ContentBasedFastQtbt:0 FastMIP:3 FastIntraTools:0 IntraEstDecBit:2 FastLocalDualTree:1 IntegerET:0 FastSubPel:1 QtbttExtraFast:3 FastTTSplit:0 IBCFastMethod:3 FIM:0 ALFSpeed:0 QuantThr: 4 
RATE CONTROL CFG: RateControl:0 LookAhead:0 
PARALLEL PROCESSING CFG: NumThreads:0 MaxParallelFrames:0 WppBitEqual:0 WF:0 

POC     0 TId: 0 (  IDR_N_LP, I-SLICE, QP 24, TF 3)     399128 bits [Y 38.6505 dB    U 40.8666 dB    V 42.1124 dB] [ET   343 ] [L0 ] [L1 ]
POC    16 TId: 1 (      STSA, B-SLICE, QP 28, TF 2)     241120 bits [Y 38.5579 dB    U 40.2985 dB    V 41.4339 dB] [ET  1857 ] [L0 0 ] [L1 0 ]
POC     8 TId: 2 (      STSA, B-SLICE, QP 29, TF 1)     179352 bits [Y 37.2409 dB    U 39.5132 dB    V 40.7979 dB] [ET  2304 ] [L0 0 16 ] [L1 16 0 ]
POC     4 TId: 3 (      STSA, B-SLICE, QP 32, TF 0)      77592 bits [Y 35.9423 dB    U 39.1240 dB    V 40.3464 dB] [ET  2236 ] [L0 0 8 ] [L1 8 16 ]
POC     2 TId: 4 (      STSA, B-SLICE, QP 34)            45000 bits [Y 35.6444 dB    U 39.2802 dB    V 40.5467 dB] [ET  1517 ] [L0 0 4 ] [L1 4 8 ]
POC     1 TId: 5 (      STSA, B-SLICE, QP 36)            23296 bits [Y 35.3148 dB    U 39.4885 dB    V 40.7561 dB] [ET   953 ] [L0 0 2 ] [L1 2 4 ]
POC     3 TId: 5 (      STSA, B-SLICE, QP 36)            21368 bits [Y 34.9305 dB    U 38.8752 dB    V 40.1851 dB] [ET  1299 ] [L0 2 0 ] [L1 4 8 ]
POC     6 TId: 4 (      STSA, B-SLICE, QP 34)            42904 bits [Y 35.4960 dB    U 38.8268 dB    V 40.0289 dB] [ET  1790 ] [L0 4 0 ] [L1 8 16 ]
POC     5 TId: 5 (      STSA, B-SLICE, QP 36)            19088 bits [Y 34.8943 dB    U 38.7226 dB    V 40.0824 dB] [ET  1240 ] [L0 4 0 ] [L1 6 8 ]
POC     7 TId: 5 (      STSA, B-SLICE, QP 36)            21376 bits [Y 35.0540 dB    U 38.7070 dB    V 39.9708 dB] [ET  1252 ] [L0 6 4 ] [L1 8 16 ]
POC    12 TId: 3 (      STSA, B-SLICE, QP 32, TF 0)      79160 bits [Y 35.7762 dB    U 39.2324 dB    V 40.0247 dB] [ET  2413 ] [L0 8 0 ] [L1 16 8 ]
POC    10 TId: 4 (      STSA, B-SLICE, QP 34)            47936 bits [Y 35.4085 dB    U 38.8215 dB    V 39.6141 dB] [ET  1949 ] [L0 8 0 ] [L1 12 16 ]
POC     9 TId: 5 (      STSA, B-SLICE, QP 36)            20512 bits [Y 34.9785 dB    U 38.7720 dB    V 39.9429 dB] [ET  1203 ] [L0 8 0 ] [L1 10 12 ]
POC    11 TId: 5 (      STSA, B-SLICE, QP 36)            20712 bits [Y 34.7486 dB    U 38.7408 dB    V 39.5973 dB] [ET  1242 ] [L0 10 8 ] [L1 12 16 ]
POC    14 TId: 4 (      STSA, B-SLICE, QP 34)            44064 bits [Y 35.3363 dB    U 38.9861 dB    V 40.0156 dB] [ET  1507 ] [L0 12 8 ] [L1 16 12 ]
POC    13 TId: 5 (      STSA, B-SLICE, QP 36)            19240 bits [Y 34.7688 dB    U 38.8384 dB    V 39.7913 dB] [ET  1156 ] [L0 12 8 ] [L1 14 16 ]
POC    15 TId: 5 (      STSA, B-SLICE, QP 36)            19080 bits [Y 34.9603 dB    U 39.1432 dB    V 40.2550 dB] [ET  1005 ] [L0 14 12 ] [L1 16 14 ]

	Total Frames |   Bitrate     Y-PSNR    U-PSNR    V-PSNR    YUV-PSNR   
	       17    a    2331.0494   35.7472   39.1904   40.3236   36.5906

 finished @ Sat Apr 15 04:00:40 2023
 Total Time:    25283.143 sec. [user]    25284.514 sec. [elapsed]

Level: 0
Inject Calls: 28906140197
Errors injected by bit:
	Bit 0: 288995
	Bit 1: 288054
	Bit 2: 288809
	Bit 3: 289363
	Bit 4: 289256
	Bit 5: 288537
	Bit 6: 289206
	Bit 7: 289544

Total errors injected: 2311764
