vvencFFapp: Fraunhofer VVC Encoder ver. 1.5.0 [Linux][GCC 11.3.0][64 bit][SIMD=AVX2]
 started @ Fri Apr 14 20:09:16 2023
CODING TOOL CFG: CTU128 QT44BTT21 IBD:1 SAO:1 ALF:1 (NonLinLuma:0 NonLinChr:0) CCALF:1 Tiles:1x1 Slices:1 WPP:0 WPP-Substreams:1 TMVP:1 DQ:1 SDH:0 CST:1 BDOF:1 DMVR:1 MTSImplicit:1 SBT:0 JCbCr:1 CabacInitPresent:1 AMVR:5 SMVD:3 LMCS:2 (Signal:SDR Opt:0) CIIP:0 MIP:1 AFFINE:2 (PROF:1, Type:1) MMVD:3 DisFracMMVD:1 SbTMVP:1 GPM:3 LFNST:1 MTS:0 ISP:3 TS:2 TSLog2MaxSize:4 useChromaTS:0 BDPCM:2 IBC:2 BCW:0 
ENC. ALG. CFG: QPA:0 HAD:1 RDQ:1 RDQTS:1 ASR:1 MinSearchWindow:96 RestrictMESampling:0 EDO:2 MCTF:2 
PRE-ANALYSIS CFG: STA:1 LeadFrames:0 TrailFrames:0 
FAST TOOL CFG: ECU:0 FEN:1 FDM:1 FastSearch:4 (SCC:2) LCTUFast:1 FastMrg:2 PBIntraFast:1 AMaxBT:1 FastQtBtEnc:1 ContentBasedFastQtbt:0 FastMIP:3 FastIntraTools:0 IntraEstDecBit:2 FastLocalDualTree:1 IntegerET:0 FastSubPel:1 QtbttExtraFast:3 FastTTSplit:0 IBCFastMethod:3 FIM:0 ALFSpeed:0 QuantThr: 4 
RATE CONTROL CFG: RateControl:0 LookAhead:0 
PARALLEL PROCESSING CFG: NumThreads:0 MaxParallelFrames:0 WppBitEqual:0 WF:0 

POC     0 TId: 0 (  IDR_N_LP, I-SLICE, QP 24, TF 3)     399128 bits [Y 38.6505 dB    U 40.8666 dB    V 42.1124 dB] [ET   352 ] [L0 ] [L1 ]
POC    16 TId: 1 (      STSA, B-SLICE, QP 28, TF 2)     238296 bits [Y 38.5372 dB    U 40.3013 dB    V 41.4973 dB] [ET  2010 ] [L0 0 ] [L1 0 ]
POC     8 TId: 2 (      STSA, B-SLICE, QP 29, TF 1)     177816 bits [Y 37.2209 dB    U 39.5541 dB    V 40.7663 dB] [ET  2023 ] [L0 0 16 ] [L1 16 0 ]
POC     4 TId: 3 (      STSA, B-SLICE, QP 32, TF 0)      78808 bits [Y 35.9671 dB    U 39.1863 dB    V 40.4258 dB] [ET  2262 ] [L0 0 8 ] [L1 8 16 ]
POC     2 TId: 4 (      STSA, B-SLICE, QP 34)            44968 bits [Y 35.6657 dB    U 39.3093 dB    V 40.5555 dB] [ET  1678 ] [L0 0 4 ] [L1 4 8 ]
POC     1 TId: 5 (      STSA, B-SLICE, QP 36)            22912 bits [Y 35.3045 dB    U 39.5088 dB    V 40.7464 dB] [ET   938 ] [L0 0 2 ] [L1 2 4 ]
POC     3 TId: 5 (      STSA, B-SLICE, QP 36)            21208 bits [Y 34.9159 dB    U 38.9518 dB    V 40.1445 dB] [ET  1136 ] [L0 2 0 ] [L1 4 8 ]
POC     6 TId: 4 (      STSA, B-SLICE, QP 34)            43168 bits [Y 35.4923 dB    U 38.8917 dB    V 40.0974 dB] [ET  1815 ] [L0 4 0 ] [L1 8 16 ]
POC     5 TId: 5 (      STSA, B-SLICE, QP 36)            19048 bits [Y 34.8880 dB    U 38.7462 dB    V 40.0117 dB] [ET  1192 ] [L0 4 0 ] [L1 6 8 ]
POC     7 TId: 5 (      STSA, B-SLICE, QP 36)            20880 bits [Y 35.0269 dB    U 38.7463 dB    V 40.0485 dB] [ET  1226 ] [L0 6 4 ] [L1 8 16 ]
POC    12 TId: 3 (      STSA, B-SLICE, QP 32, TF 0)      81672 bits [Y 35.7795 dB    U 39.2029 dB    V 40.1010 dB] [ET  2454 ] [L0 8 0 ] [L1 16 8 ]
POC    10 TId: 4 (      STSA, B-SLICE, QP 34)            46656 bits [Y 35.3623 dB    U 38.8266 dB    V 39.7167 dB] [ET  1886 ] [L0 8 0 ] [L1 12 16 ]
POC     9 TId: 5 (      STSA, B-SLICE, QP 36)            20976 bits [Y 34.9642 dB    U 38.8012 dB    V 39.9231 dB] [ET  1182 ] [L0 8 0 ] [L1 10 12 ]
POC    11 TId: 5 (      STSA, B-SLICE, QP 36)            21048 bits [Y 34.7596 dB    U 38.7546 dB    V 39.7037 dB] [ET  1230 ] [L0 10 8 ] [L1 12 16 ]
POC    14 TId: 4 (      STSA, B-SLICE, QP 34)            44088 bits [Y 35.3473 dB    U 38.9834 dB    V 40.0629 dB] [ET  1478 ] [L0 12 8 ] [L1 16 12 ]
POC    13 TId: 5 (      STSA, B-SLICE, QP 36)            19120 bits [Y 34.7358 dB    U 38.8238 dB    V 39.8689 dB] [ET  1176 ] [L0 12 8 ] [L1 14 16 ]
POC    15 TId: 5 (      STSA, B-SLICE, QP 36)            18736 bits [Y 34.9459 dB    U 39.1720 dB    V 40.3457 dB] [ET  1050 ] [L0 14 12 ] [L1 16 14 ]

	Total Frames |   Bitrate     Y-PSNR    U-PSNR    V-PSNR    YUV-PSNR   
	       17    a    2326.8141   35.7390   39.2133   40.3605   36.5885

 finished @ Sat Apr 15 03:07:45 2023
 Total Time:    25108.124 sec. [user]    25109.319 sec. [elapsed]

Level: 0
Inject Calls: 28498692257
Errors injected by bit:
	Bit 0: 2849274
	Bit 1: 2850483
	Bit 2: 2850905
	Bit 3: 2850506
	Bit 4: 2847788
	Bit 5: 2847683
	Bit 6: 2851540
	Bit 7: 2851696

Total errors injected: 22799875
