vvencFFapp: Fraunhofer VVC Encoder ver. 1.5.0 [Linux][GCC 11.3.0][64 bit][SIMD=AVX2]
 started @ Tue Apr 11 01:47:37 2023
CODING TOOL CFG: CTU128 QT44BTT21 IBD:1 SAO:1 ALF:1 (NonLinLuma:0 NonLinChr:0) CCALF:1 Tiles:1x1 Slices:1 WPP:0 WPP-Substreams:1 TMVP:1 DQ:1 SDH:0 CST:1 BDOF:1 DMVR:1 MTSImplicit:1 SBT:0 JCbCr:1 CabacInitPresent:1 AMVR:5 SMVD:3 LMCS:2 (Signal:SDR Opt:0) CIIP:0 MIP:1 AFFINE:2 (PROF:1, Type:1) MMVD:3 DisFracMMVD:1 SbTMVP:1 GPM:3 LFNST:1 MTS:0 ISP:3 TS:2 TSLog2MaxSize:4 useChromaTS:0 BDPCM:2 IBC:2 BCW:0 
ENC. ALG. CFG: QPA:0 HAD:1 RDQ:1 RDQTS:1 ASR:1 MinSearchWindow:96 RestrictMESampling:0 EDO:2 MCTF:2 
PRE-ANALYSIS CFG: STA:1 LeadFrames:0 TrailFrames:0 
FAST TOOL CFG: ECU:0 FEN:1 FDM:1 FastSearch:4 (SCC:2) LCTUFast:1 FastMrg:2 PBIntraFast:1 AMaxBT:1 FastQtBtEnc:1 ContentBasedFastQtbt:0 FastMIP:3 FastIntraTools:0 IntraEstDecBit:2 FastLocalDualTree:1 IntegerET:0 FastSubPel:1 QtbttExtraFast:3 FastTTSplit:0 IBCFastMethod:3 FIM:0 ALFSpeed:0 QuantThr: 4 
RATE CONTROL CFG: RateControl:0 LookAhead:0 
PARALLEL PROCESSING CFG: NumThreads:0 MaxParallelFrames:0 WppBitEqual:0 WF:0 

POC     0 TId: 0 (  IDR_N_LP, I-SLICE, QP 24, TF 3)     377624 bits [Y 40.2668 dB    U 43.0828 dB    V 44.6158 dB] [ET   643 ] [L0 ] [L1 ]
POC    16 TId: 1 (      STSA, B-SLICE, QP 28, TF 2)     102352 bits [Y 38.7116 dB    U 42.0535 dB    V 43.2133 dB] [ET   918 ] [L0 0 ] [L1 0 ]
POC     8 TId: 2 (      STSA, B-SLICE, QP 29, TF 1)      44264 bits [Y 38.5690 dB    U 42.2156 dB    V 43.6826 dB] [ET  1200 ] [L0 0 16 ] [L1 16 0 ]
POC     4 TId: 3 (      STSA, B-SLICE, QP 32, TF 0)      18544 bits [Y 38.2879 dB    U 42.4467 dB    V 43.8297 dB] [ET   972 ] [L0 0 8 ] [L1 8 16 ]
POC     2 TId: 4 (      STSA, B-SLICE, QP 34)             8432 bits [Y 38.4211 dB    U 42.8069 dB    V 44.1834 dB] [ET   560 ] [L0 0 4 ] [L1 4 8 ]
POC     1 TId: 5 (      STSA, B-SLICE, QP 36)             2944 bits [Y 38.7843 dB    U 42.9057 dB    V 44.4254 dB] [ET   321 ] [L0 0 2 ] [L1 2 4 ]
POC     3 TId: 5 (      STSA, B-SLICE, QP 36)             3336 bits [Y 37.8738 dB    U 42.6371 dB    V 44.0089 dB] [ET   439 ] [L0 2 0 ] [L1 4 8 ]
POC     6 TId: 4 (      STSA, B-SLICE, QP 34)             9152 bits [Y 37.8780 dB    U 42.3355 dB    V 43.7137 dB] [ET   689 ] [L0 4 0 ] [L1 8 16 ]
POC     5 TId: 5 (      STSA, B-SLICE, QP 36)             3256 bits [Y 37.6331 dB    U 42.3212 dB    V 43.7304 dB] [ET   435 ] [L0 4 0 ] [L1 6 8 ]
POC     7 TId: 5 (      STSA, B-SLICE, QP 36)             2960 bits [Y 37.7596 dB    U 42.2909 dB    V 43.6674 dB] [ET   473 ] [L0 6 4 ] [L1 8 16 ]
POC    12 TId: 3 (      STSA, B-SLICE, QP 32, TF 0)      21712 bits [Y 37.7892 dB    U 41.9823 dB    V 43.2057 dB] [ET  1025 ] [L0 8 0 ] [L1 16 8 ]
POC    10 TId: 4 (      STSA, B-SLICE, QP 34)             9728 bits [Y 37.6556 dB    U 42.1055 dB    V 43.3466 dB] [ET   690 ] [L0 8 0 ] [L1 12 16 ]
POC     9 TId: 5 (      STSA, B-SLICE, QP 36)             3568 bits [Y 37.6712 dB    U 42.2023 dB    V 43.5831 dB] [ET   403 ] [L0 8 0 ] [L1 10 12 ]
POC    11 TId: 5 (      STSA, B-SLICE, QP 36)             3704 bits [Y 37.3510 dB    U 42.0282 dB    V 43.3004 dB] [ET   471 ] [L0 10 8 ] [L1 12 16 ]
POC    14 TId: 4 (      STSA, B-SLICE, QP 34)            11152 bits [Y 37.4519 dB    U 41.9529 dB    V 43.0183 dB] [ET   570 ] [L0 12 8 ] [L1 16 12 ]
POC    13 TId: 5 (      STSA, B-SLICE, QP 36)             4000 bits [Y 37.1749 dB    U 41.9435 dB    V 43.0989 dB] [ET   435 ] [L0 12 8 ] [L1 14 16 ]
POC    15 TId: 5 (      STSA, B-SLICE, QP 36)             4136 bits [Y 37.3615 dB    U 41.9963 dB    V 43.0789 dB] [ET   359 ] [L0 14 12 ] [L1 16 14 ]

	Total Frames |   Bitrate     Y-PSNR    U-PSNR    V-PSNR    YUV-PSNR   
	       17    a    2226.5788   38.0377   42.3122   43.6296   39.0936

 finished @ Tue Apr 11 04:44:38 2023
 Total Time:    10603.183 sec. [user]    10620.981 sec. [elapsed]

Level: 0
Inject Calls: 11211504951
Errors injected by bit:
	Bit 0: 1122802
	Bit 1: 1120960
	Bit 2: 1121598
	Bit 3: 1121440
	Bit 4: 1122351
	Bit 5: 1120271
	Bit 6: 1121302
	Bit 7: 1121272

Total errors injected: 8971996
