vvencFFapp: Fraunhofer VVC Encoder ver. 1.5.0 [Linux][GCC 11.3.0][64 bit][SIMD=AVX2]
 started @ Tue Apr 11 09:52:45 2023
CODING TOOL CFG: CTU128 QT44BTT21 IBD:1 SAO:1 ALF:1 (NonLinLuma:0 NonLinChr:0) CCALF:1 Tiles:1x1 Slices:1 WPP:0 WPP-Substreams:1 TMVP:1 DQ:1 SDH:0 CST:1 BDOF:1 DMVR:1 MTSImplicit:1 SBT:0 JCbCr:1 CabacInitPresent:1 AMVR:5 SMVD:3 LMCS:2 (Signal:SDR Opt:0) CIIP:0 MIP:1 AFFINE:2 (PROF:1, Type:1) MMVD:3 DisFracMMVD:1 SbTMVP:1 GPM:3 LFNST:1 MTS:0 ISP:3 TS:2 TSLog2MaxSize:4 useChromaTS:0 BDPCM:2 IBC:2 BCW:0 
ENC. ALG. CFG: QPA:0 HAD:1 RDQ:1 RDQTS:1 ASR:1 MinSearchWindow:96 RestrictMESampling:0 EDO:2 MCTF:2 
PRE-ANALYSIS CFG: STA:1 LeadFrames:0 TrailFrames:0 
FAST TOOL CFG: ECU:0 FEN:1 FDM:1 FastSearch:4 (SCC:2) LCTUFast:1 FastMrg:2 PBIntraFast:1 AMaxBT:1 FastQtBtEnc:1 ContentBasedFastQtbt:0 FastMIP:3 FastIntraTools:0 IntraEstDecBit:2 FastLocalDualTree:1 IntegerET:0 FastSubPel:1 QtbttExtraFast:3 FastTTSplit:0 IBCFastMethod:3 FIM:0 ALFSpeed:0 QuantThr: 4 
RATE CONTROL CFG: RateControl:0 LookAhead:0 
PARALLEL PROCESSING CFG: NumThreads:0 MaxParallelFrames:0 WppBitEqual:0 WF:0 

POC     0 TId: 0 (  IDR_N_LP, I-SLICE, QP 29, TF 2)     239000 bits [Y 37.7621 dB    U 41.1947 dB    V 42.2796 dB] [ET   260 ] [L0 ] [L1 ]
POC    16 TId: 1 (      STSA, B-SLICE, QP 34, TF 1)      48544 bits [Y 35.5582 dB    U 39.8983 dB    V 40.5570 dB] [ET   729 ] [L0 0 ] [L1 0 ]
POC     8 TId: 2 (      STSA, B-SLICE, QP 35, TF 0)      20784 bits [Y 35.7685 dB    U 40.2877 dB    V 41.0651 dB] [ET  1127 ] [L0 0 16 ] [L1 16 0 ]
POC     4 TId: 3 (      STSA, B-SLICE, QP 38)             8232 bits [Y 35.6228 dB    U 40.6118 dB    V 41.5037 dB] [ET   696 ] [L0 0 8 ] [L1 8 16 ]
POC     2 TId: 4 (      STSA, B-SLICE, QP 40)             3632 bits [Y 35.8185 dB    U 40.9166 dB    V 41.9016 dB] [ET   348 ] [L0 0 4 ] [L1 4 8 ]
POC     1 TId: 5 (      STSA, B-SLICE, QP 41)             1472 bits [Y 36.4228 dB    U 41.0275 dB    V 42.1280 dB] [ET   227 ] [L0 0 2 ] [L1 2 4 ]
POC     3 TId: 5 (      STSA, B-SLICE, QP 41)             1488 bits [Y 35.3910 dB    U 40.8397 dB    V 41.7314 dB] [ET   290 ] [L0 2 0 ] [L1 4 8 ]
POC     6 TId: 4 (      STSA, B-SLICE, QP 40)             3920 bits [Y 35.1121 dB    U 40.4937 dB    V 41.3334 dB] [ET   452 ] [L0 4 0 ] [L1 8 16 ]
POC     5 TId: 5 (      STSA, B-SLICE, QP 41)             1552 bits [Y 35.0250 dB    U 40.5097 dB    V 41.4230 dB] [ET   368 ] [L0 4 0 ] [L1 6 8 ]
POC     7 TId: 5 (      STSA, B-SLICE, QP 41)             1344 bits [Y 35.1458 dB    U 40.3693 dB    V 41.1784 dB] [ET   326 ] [L0 6 4 ] [L1 8 16 ]
POC    12 TId: 3 (      STSA, B-SLICE, QP 38)            10112 bits [Y 34.9285 dB    U 40.0769 dB    V 40.8024 dB] [ET   829 ] [L0 8 0 ] [L1 16 8 ]
POC    10 TId: 4 (      STSA, B-SLICE, QP 40)             3776 bits [Y 34.7609 dB    U 40.1804 dB    V 40.8789 dB] [ET   463 ] [L0 8 0 ] [L1 12 16 ]
POC     9 TId: 5 (      STSA, B-SLICE, QP 41)             1544 bits [Y 34.9076 dB    U 40.3150 dB    V 41.0319 dB] [ET   421 ] [L0 8 0 ] [L1 10 12 ]
POC    11 TId: 5 (      STSA, B-SLICE, QP 41)             1752 bits [Y 34.5696 dB    U 40.1002 dB    V 40.8348 dB] [ET   304 ] [L0 10 8 ] [L1 12 16 ]
POC    14 TId: 4 (      STSA, B-SLICE, QP 40)             4624 bits [Y 34.5700 dB    U 39.9641 dB    V 40.6479 dB] [ET   425 ] [L0 12 8 ] [L1 16 12 ]
POC    13 TId: 5 (      STSA, B-SLICE, QP 41)             2272 bits [Y 34.5235 dB    U 40.0635 dB    V 40.7773 dB] [ET   361 ] [L0 12 8 ] [L1 14 16 ]
POC    15 TId: 5 (      STSA, B-SLICE, QP 41)             2176 bits [Y 34.6488 dB    U 39.9476 dB    V 40.5445 dB] [ET   277 ] [L0 14 12 ] [L1 16 14 ]

	Total Frames |   Bitrate     Y-PSNR    U-PSNR    V-PSNR    YUV-PSNR   
	       17    a    1257.2612   35.3256   40.3998   41.2129   36.4482

 finished @ Tue Apr 11 12:04:42 2023
 Total Time:     7904.987 sec. [user]     7916.594 sec. [elapsed]

Level: 0
Inject Calls: 8674390409
Errors injected by bit:
	Bit 0: 86546
	Bit 1: 87461
	Bit 2: 86627
	Bit 3: 87018
	Bit 4: 86103
	Bit 5: 86660
	Bit 6: 86318
	Bit 7: 87158

Total errors injected: 693891
