vvencFFapp: Fraunhofer VVC Encoder ver. 1.5.0 [Linux][GCC 11.3.0][64 bit][SIMD=AVX2]
 started @ Sat Apr 15 17:09:36 2023
CODING TOOL CFG: CTU128 QT44BTT21 IBD:1 SAO:1 ALF:1 (NonLinLuma:0 NonLinChr:0) CCALF:1 Tiles:1x1 Slices:1 WPP:0 WPP-Substreams:1 TMVP:1 DQ:1 SDH:0 CST:1 BDOF:1 DMVR:1 MTSImplicit:1 SBT:0 JCbCr:1 CabacInitPresent:1 AMVR:5 SMVD:3 LMCS:2 (Signal:SDR Opt:0) CIIP:0 MIP:1 AFFINE:2 (PROF:1, Type:1) MMVD:3 DisFracMMVD:1 SbTMVP:1 GPM:3 LFNST:1 MTS:0 ISP:3 TS:2 TSLog2MaxSize:4 useChromaTS:0 BDPCM:2 IBC:2 BCW:0 
ENC. ALG. CFG: QPA:0 HAD:1 RDQ:1 RDQTS:1 ASR:1 MinSearchWindow:96 RestrictMESampling:0 EDO:2 MCTF:2 
PRE-ANALYSIS CFG: STA:1 LeadFrames:0 TrailFrames:0 
FAST TOOL CFG: ECU:0 FEN:1 FDM:1 FastSearch:4 (SCC:2) LCTUFast:1 FastMrg:2 PBIntraFast:1 AMaxBT:1 FastQtBtEnc:1 ContentBasedFastQtbt:0 FastMIP:3 FastIntraTools:0 IntraEstDecBit:2 FastLocalDualTree:1 IntegerET:0 FastSubPel:1 QtbttExtraFast:3 FastTTSplit:0 IBCFastMethod:3 FIM:0 ALFSpeed:0 QuantThr: 4 
RATE CONTROL CFG: RateControl:0 LookAhead:0 
PARALLEL PROCESSING CFG: NumThreads:0 MaxParallelFrames:0 WppBitEqual:0 WF:0 

POC     0 TId: 0 (  IDR_N_LP, I-SLICE, QP 29, TF 2)     245544 bits [Y 36.0242 dB    U 38.6082 dB    V 40.2672 dB] [ET   264 ] [L0 ] [L1 ]
POC    16 TId: 1 (      STSA, B-SLICE, QP 34, TF 1)     116328 bits [Y 34.7021 dB    U 37.4742 dB    V 38.6288 dB] [ET  1669 ] [L0 0 ] [L1 0 ]
POC     8 TId: 2 (      STSA, B-SLICE, QP 35, TF 0)      81792 bits [Y 33.7769 dB    U 36.9477 dB    V 38.1166 dB] [ET  2152 ] [L0 0 16 ] [L1 16 0 ]
POC     4 TId: 3 (      STSA, B-SLICE, QP 38)            35888 bits [Y 32.9778 dB    U 37.2242 dB    V 38.3858 dB] [ET  1938 ] [L0 0 8 ] [L1 8 16 ]
POC     2 TId: 4 (      STSA, B-SLICE, QP 40)            19520 bits [Y 32.6840 dB    U 37.4268 dB    V 38.8012 dB] [ET  1201 ] [L0 0 4 ] [L1 4 8 ]
POC     1 TId: 5 (      STSA, B-SLICE, QP 41)            10736 bits [Y 32.8776 dB    U 37.6029 dB    V 39.0658 dB] [ET   828 ] [L0 0 2 ] [L1 2 4 ]
POC     3 TId: 5 (      STSA, B-SLICE, QP 41)            10136 bits [Y 32.2831 dB    U 37.1756 dB    V 38.4236 dB] [ET   878 ] [L0 2 0 ] [L1 4 8 ]
POC     6 TId: 4 (      STSA, B-SLICE, QP 40)            18816 bits [Y 32.4159 dB    U 36.9049 dB    V 38.1210 dB] [ET  1514 ] [L0 4 0 ] [L1 8 16 ]
POC     5 TId: 5 (      STSA, B-SLICE, QP 41)             9480 bits [Y 32.2667 dB    U 36.8967 dB    V 38.2211 dB] [ET   971 ] [L0 4 0 ] [L1 6 8 ]
POC     7 TId: 5 (      STSA, B-SLICE, QP 41)             9464 bits [Y 32.2921 dB    U 36.5996 dB    V 37.8899 dB] [ET   962 ] [L0 6 4 ] [L1 8 16 ]
POC    12 TId: 3 (      STSA, B-SLICE, QP 38)            37536 bits [Y 32.8322 dB    U 37.0772 dB    V 37.8492 dB] [ET  2250 ] [L0 8 0 ] [L1 16 8 ]
POC    10 TId: 4 (      STSA, B-SLICE, QP 40)            20288 bits [Y 32.2065 dB    U 36.8486 dB    V 37.6378 dB] [ET  1520 ] [L0 8 0 ] [L1 12 16 ]
POC     9 TId: 5 (      STSA, B-SLICE, QP 41)             9608 bits [Y 32.1728 dB    U 36.7776 dB    V 37.6875 dB] [ET   894 ] [L0 8 0 ] [L1 10 12 ]
POC    11 TId: 5 (      STSA, B-SLICE, QP 41)             9416 bits [Y 32.0295 dB    U 36.8574 dB    V 37.6625 dB] [ET   974 ] [L0 10 8 ] [L1 12 16 ]
POC    14 TId: 4 (      STSA, B-SLICE, QP 40)            18304 bits [Y 32.3390 dB    U 36.9164 dB    V 37.8988 dB] [ET  1166 ] [L0 12 8 ] [L1 16 12 ]
POC    13 TId: 5 (      STSA, B-SLICE, QP 41)             8792 bits [Y 32.1249 dB    U 36.8564 dB    V 37.7755 dB] [ET   910 ] [L0 12 8 ] [L1 14 16 ]
POC    15 TId: 5 (      STSA, B-SLICE, QP 41)             8144 bits [Y 32.4410 dB    U 37.0112 dB    V 38.1211 dB] [ET   741 ] [L0 14 12 ] [L1 16 14 ]

	Total Frames |   Bitrate     Y-PSNR    U-PSNR    V-PSNR    YUV-PSNR   
	       17    a    1181.9859   32.8498   37.1297   38.2678   33.8524

 finished @ Sat Apr 15 22:57:00 2023
 Total Time:    20843.376 sec. [user]    20844.377 sec. [elapsed]

Level: 0
Inject Calls: 24037787477
Errors injected by bit:
	Bit 0: 23730
	Bit 1: 23905
	Bit 2: 24138
	Bit 3: 23981
	Bit 4: 23995
	Bit 5: 24244
	Bit 6: 23770
	Bit 7: 23939

Total errors injected: 191702
