vvencFFapp: Fraunhofer VVC Encoder ver. 1.5.0 [Linux][GCC 11.3.0][64 bit][SIMD=AVX2]
 started @ Sat Apr 15 22:04:42 2023
CODING TOOL CFG: CTU128 QT44BTT21 IBD:1 SAO:1 ALF:1 (NonLinLuma:0 NonLinChr:0) CCALF:1 Tiles:1x1 Slices:1 WPP:0 WPP-Substreams:1 TMVP:1 DQ:1 SDH:0 CST:1 BDOF:1 DMVR:1 MTSImplicit:1 SBT:0 JCbCr:1 CabacInitPresent:1 AMVR:5 SMVD:3 LMCS:2 (Signal:SDR Opt:0) CIIP:0 MIP:1 AFFINE:2 (PROF:1, Type:1) MMVD:3 DisFracMMVD:1 SbTMVP:1 GPM:3 LFNST:1 MTS:0 ISP:3 TS:2 TSLog2MaxSize:4 useChromaTS:0 BDPCM:2 IBC:2 BCW:0 
ENC. ALG. CFG: QPA:0 HAD:1 RDQ:1 RDQTS:1 ASR:1 MinSearchWindow:96 RestrictMESampling:0 EDO:2 MCTF:2 
PRE-ANALYSIS CFG: STA:1 LeadFrames:0 TrailFrames:0 
FAST TOOL CFG: ECU:0 FEN:1 FDM:1 FastSearch:4 (SCC:2) LCTUFast:1 FastMrg:2 PBIntraFast:1 AMaxBT:1 FastQtBtEnc:1 ContentBasedFastQtbt:0 FastMIP:3 FastIntraTools:0 IntraEstDecBit:2 FastLocalDualTree:1 IntegerET:0 FastSubPel:1 QtbttExtraFast:3 FastTTSplit:0 IBCFastMethod:3 FIM:0 ALFSpeed:0 QuantThr: 4 
RATE CONTROL CFG: RateControl:0 LookAhead:0 
PARALLEL PROCESSING CFG: NumThreads:0 MaxParallelFrames:0 WppBitEqual:0 WF:0 

POC     0 TId: 0 (  IDR_N_LP, I-SLICE, QP 29, TF 2)     245544 bits [Y 36.0242 dB    U 38.6082 dB    V 40.2672 dB] [ET   307 ] [L0 ] [L1 ]
POC    16 TId: 1 (      STSA, B-SLICE, QP 34, TF 1)     116024 bits [Y 34.6933 dB    U 37.4729 dB    V 38.6661 dB] [ET  1816 ] [L0 0 ] [L1 0 ]
POC     8 TId: 2 (      STSA, B-SLICE, QP 35, TF 0)      82192 bits [Y 33.8177 dB    U 37.1383 dB    V 38.2693 dB] [ET  1889 ] [L0 0 16 ] [L1 16 0 ]
POC     4 TId: 3 (      STSA, B-SLICE, QP 38)            35808 bits [Y 33.0242 dB    U 37.1523 dB    V 38.4016 dB] [ET  2085 ] [L0 0 8 ] [L1 8 16 ]
POC     2 TId: 4 (      STSA, B-SLICE, QP 40)            19616 bits [Y 32.6730 dB    U 37.4870 dB    V 38.9252 dB] [ET  1185 ] [L0 0 4 ] [L1 4 8 ]
POC     1 TId: 5 (      STSA, B-SLICE, QP 41)            10480 bits [Y 32.8826 dB    U 37.5736 dB    V 39.1367 dB] [ET   757 ] [L0 0 2 ] [L1 2 4 ]
POC     3 TId: 5 (      STSA, B-SLICE, QP 41)            10024 bits [Y 32.3113 dB    U 37.0994 dB    V 38.4953 dB] [ET   920 ] [L0 2 0 ] [L1 4 8 ]
POC     6 TId: 4 (      STSA, B-SLICE, QP 40)            18880 bits [Y 32.4209 dB    U 36.9815 dB    V 38.1771 dB] [ET  1535 ] [L0 4 0 ] [L1 8 16 ]
POC     5 TId: 5 (      STSA, B-SLICE, QP 41)             9416 bits [Y 32.3019 dB    U 36.9629 dB    V 38.2683 dB] [ET  1020 ] [L0 4 0 ] [L1 6 8 ]
POC     7 TId: 5 (      STSA, B-SLICE, QP 41)             9224 bits [Y 32.2527 dB    U 36.7661 dB    V 38.0364 dB] [ET   967 ] [L0 6 4 ] [L1 8 16 ]
POC    12 TId: 3 (      STSA, B-SLICE, QP 38)            36928 bits [Y 32.8046 dB    U 37.1161 dB    V 37.9442 dB] [ET  1984 ] [L0 8 0 ] [L1 16 8 ]
POC    10 TId: 4 (      STSA, B-SLICE, QP 40)            20536 bits [Y 32.2190 dB    U 36.8658 dB    V 37.7580 dB] [ET  1552 ] [L0 8 0 ] [L1 12 16 ]
POC     9 TId: 5 (      STSA, B-SLICE, QP 41)             9112 bits [Y 32.1540 dB    U 36.8488 dB    V 37.8637 dB] [ET   948 ] [L0 8 0 ] [L1 10 12 ]
POC    11 TId: 5 (      STSA, B-SLICE, QP 41)            10000 bits [Y 32.0755 dB    U 36.8687 dB    V 37.6943 dB] [ET   954 ] [L0 10 8 ] [L1 12 16 ]
POC    14 TId: 4 (      STSA, B-SLICE, QP 40)            18672 bits [Y 32.3570 dB    U 36.9184 dB    V 37.8986 dB] [ET  1201 ] [L0 12 8 ] [L1 16 12 ]
POC    13 TId: 5 (      STSA, B-SLICE, QP 41)             8728 bits [Y 32.0950 dB    U 36.7644 dB    V 37.7277 dB] [ET   880 ] [L0 12 8 ] [L1 14 16 ]
POC    15 TId: 5 (      STSA, B-SLICE, QP 41)             8576 bits [Y 32.4592 dB    U 37.0391 dB    V 38.1356 dB] [ET   817 ] [L0 14 12 ] [L1 16 14 ]

	Total Frames |   Bitrate     Y-PSNR    U-PSNR    V-PSNR    YUV-PSNR   
	       17    a    1181.9294   32.8568   37.1567   38.3333   33.8647

 finished @ Sun Apr 16 03:51:55 2023
 Total Time:    20831.575 sec. [user]    20832.654 sec. [elapsed]

Level: 0
Inject Calls: 23756976104
Errors injected by bit:
	Bit 0: 2440
	Bit 1: 2429
	Bit 2: 2415
	Bit 3: 2360
	Bit 4: 2457
	Bit 5: 2367
	Bit 6: 2392
	Bit 7: 2359

Total errors injected: 19219
