vvencFFapp: Fraunhofer VVC Encoder ver. 1.5.0 [Linux][GCC 11.3.0][64 bit][SIMD=AVX2]
 started @ Fri Apr 14 03:53:57 2023
CODING TOOL CFG: CTU128 QT44BTT21 IBD:1 SAO:1 ALF:1 (NonLinLuma:0 NonLinChr:0) CCALF:1 Tiles:1x1 Slices:1 WPP:0 WPP-Substreams:1 TMVP:1 DQ:1 SDH:0 CST:1 BDOF:1 DMVR:1 MTSImplicit:1 SBT:0 JCbCr:1 CabacInitPresent:1 AMVR:5 SMVD:3 LMCS:2 (Signal:SDR Opt:0) CIIP:0 MIP:1 AFFINE:2 (PROF:1, Type:1) MMVD:3 DisFracMMVD:1 SbTMVP:1 GPM:3 LFNST:1 MTS:0 ISP:3 TS:2 TSLog2MaxSize:4 useChromaTS:0 BDPCM:2 IBC:2 BCW:0 
ENC. ALG. CFG: QPA:0 HAD:1 RDQ:1 RDQTS:1 ASR:1 MinSearchWindow:96 RestrictMESampling:0 EDO:2 MCTF:2 
PRE-ANALYSIS CFG: STA:1 LeadFrames:0 TrailFrames:0 
FAST TOOL CFG: ECU:0 FEN:1 FDM:1 FastSearch:4 (SCC:2) LCTUFast:1 FastMrg:2 PBIntraFast:1 AMaxBT:1 FastQtBtEnc:1 ContentBasedFastQtbt:0 FastMIP:3 FastIntraTools:0 IntraEstDecBit:2 FastLocalDualTree:1 IntegerET:0 FastSubPel:1 QtbttExtraFast:3 FastTTSplit:0 IBCFastMethod:3 FIM:0 ALFSpeed:0 QuantThr: 4 
RATE CONTROL CFG: RateControl:0 LookAhead:0 
PARALLEL PROCESSING CFG: NumThreads:0 MaxParallelFrames:0 WppBitEqual:0 WF:0 

POC     0 TId: 0 (  IDR_N_LP, I-SLICE, QP 19, TF 3)     629392 bits [Y 41.1842 dB    U 43.2214 dB    V 44.1771 dB] [ET   436 ] [L0 ] [L1 ]
POC    16 TId: 1 (      STSA, B-SLICE, QP 22, TF 2)     450712 bits [Y 42.3148 dB    U 43.3963 dB    V 44.2617 dB] [ET  2095 ] [L0 0 ] [L1 0 ]
POC     8 TId: 2 (      STSA, B-SLICE, QP 23, TF 1)     351240 bits [Y 40.6515 dB    U 42.0715 dB    V 43.1808 dB] [ET  2374 ] [L0 0 16 ] [L1 16 0 ]
POC     4 TId: 3 (      STSA, B-SLICE, QP 26, TF 0)     178000 bits [Y 38.9460 dB    U 41.4073 dB    V 42.6037 dB] [ET  2503 ] [L0 0 8 ] [L1 8 16 ]
POC     2 TId: 4 (      STSA, B-SLICE, QP 28)           108632 bits [Y 38.3817 dB    U 41.4156 dB    V 42.6150 dB] [ET  1907 ] [L0 0 4 ] [L1 4 8 ]
POC     1 TId: 5 (      STSA, B-SLICE, QP 29)            66728 bits [Y 37.8944 dB    U 41.4824 dB    V 42.7153 dB] [ET  1327 ] [L0 0 2 ] [L1 2 4 ]
POC     3 TId: 5 (      STSA, B-SLICE, QP 29)            64960 bits [Y 37.7248 dB    U 41.0382 dB    V 42.2769 dB] [ET  1568 ] [L0 2 0 ] [L1 4 8 ]
POC     6 TId: 4 (      STSA, B-SLICE, QP 28)           103400 bits [Y 38.3359 dB    U 41.1351 dB    V 42.3467 dB] [ET  2170 ] [L0 4 0 ] [L1 8 16 ]
POC     5 TId: 5 (      STSA, B-SLICE, QP 29)            60848 bits [Y 37.7252 dB    U 40.9286 dB    V 42.2474 dB] [ET  1551 ] [L0 4 0 ] [L1 6 8 ]
POC     7 TId: 5 (      STSA, B-SLICE, QP 29)            63280 bits [Y 37.7979 dB    U 40.9015 dB    V 42.1731 dB] [ET  1671 ] [L0 6 4 ] [L1 8 16 ]
POC    12 TId: 3 (      STSA, B-SLICE, QP 26, TF 0)     183904 bits [Y 38.9677 dB    U 41.5497 dB    V 42.4297 dB] [ET  2776 ] [L0 8 0 ] [L1 16 8 ]
POC    10 TId: 4 (      STSA, B-SLICE, QP 28)           114472 bits [Y 38.3311 dB    U 41.1199 dB    V 42.0309 dB] [ET  2304 ] [L0 8 0 ] [L1 12 16 ]
POC     9 TId: 5 (      STSA, B-SLICE, QP 29)            63360 bits [Y 37.8194 dB    U 40.9428 dB    V 42.1262 dB] [ET  1678 ] [L0 8 0 ] [L1 10 12 ]
POC    11 TId: 5 (      STSA, B-SLICE, QP 29)            67680 bits [Y 37.7214 dB    U 40.9872 dB    V 41.8765 dB] [ET  1750 ] [L0 10 8 ] [L1 12 16 ]
POC    14 TId: 4 (      STSA, B-SLICE, QP 28)           116608 bits [Y 38.4079 dB    U 41.2104 dB    V 42.3023 dB] [ET  2113 ] [L0 12 8 ] [L1 16 12 ]
POC    13 TId: 5 (      STSA, B-SLICE, QP 29)            64344 bits [Y 37.7360 dB    U 40.9638 dB    V 42.0243 dB] [ET  1610 ] [L0 12 8 ] [L1 14 16 ]
POC    15 TId: 5 (      STSA, B-SLICE, QP 29)            67712 bits [Y 37.8820 dB    U 41.2173 dB    V 42.4550 dB] [ET  1401 ] [L0 14 12 ] [L1 16 14 ]

	Total Frames |   Bitrate     Y-PSNR    U-PSNR    V-PSNR    YUV-PSNR   
	       17    a    4862.2447   38.6954   41.4699   42.5790   39.3909

 finished @ Fri Apr 14 12:34:45 2023
 Total Time:    31246.756 sec. [user]    31248.498 sec. [elapsed]

Level: 0
Inject Calls: 34558156010
Errors injected by bit:
	Bit 0: 34540
	Bit 1: 34482
	Bit 2: 34433
	Bit 3: 34346
	Bit 4: 34493
	Bit 5: 34719
	Bit 6: 34362
	Bit 7: 34520

Total errors injected: 275895
