vvencFFapp: Fraunhofer VVC Encoder ver. 1.5.0 [Linux][GCC 11.3.0][64 bit][SIMD=AVX2]
 started @ Tue Apr 11 07:52:42 2023
CODING TOOL CFG: CTU128 QT44BTT21 IBD:1 SAO:1 ALF:1 (NonLinLuma:0 NonLinChr:0) CCALF:1 Tiles:1x1 Slices:1 WPP:0 WPP-Substreams:1 TMVP:1 DQ:1 SDH:0 CST:1 BDOF:1 DMVR:1 MTSImplicit:1 SBT:0 JCbCr:1 CabacInitPresent:1 AMVR:5 SMVD:3 LMCS:2 (Signal:SDR Opt:0) CIIP:0 MIP:1 AFFINE:2 (PROF:1, Type:1) MMVD:3 DisFracMMVD:1 SbTMVP:1 GPM:3 LFNST:1 MTS:0 ISP:3 TS:2 TSLog2MaxSize:4 useChromaTS:0 BDPCM:2 IBC:2 BCW:0 
ENC. ALG. CFG: QPA:0 HAD:1 RDQ:1 RDQTS:1 ASR:1 MinSearchWindow:96 RestrictMESampling:0 EDO:2 MCTF:2 
PRE-ANALYSIS CFG: STA:1 LeadFrames:0 TrailFrames:0 
FAST TOOL CFG: ECU:0 FEN:1 FDM:1 FastSearch:4 (SCC:2) LCTUFast:1 FastMrg:2 PBIntraFast:1 AMaxBT:1 FastQtBtEnc:1 ContentBasedFastQtbt:0 FastMIP:3 FastIntraTools:0 IntraEstDecBit:2 FastLocalDualTree:1 IntegerET:0 FastSubPel:1 QtbttExtraFast:3 FastTTSplit:0 IBCFastMethod:3 FIM:0 ALFSpeed:0 QuantThr: 4 
RATE CONTROL CFG: RateControl:0 LookAhead:0 
PARALLEL PROCESSING CFG: NumThreads:0 MaxParallelFrames:0 WppBitEqual:0 WF:0 

POC     0 TId: 0 (  IDR_N_LP, I-SLICE, QP 29, TF 2)     239000 bits [Y 37.7621 dB    U 41.1947 dB    V 42.2796 dB] [ET   301 ] [L0 ] [L1 ]
POC    16 TId: 1 (      STSA, B-SLICE, QP 34, TF 1)      48592 bits [Y 35.5726 dB    U 39.8955 dB    V 40.6404 dB] [ET   784 ] [L0 0 ] [L1 0 ]
POC     8 TId: 2 (      STSA, B-SLICE, QP 35, TF 0)      21320 bits [Y 35.7405 dB    U 40.2118 dB    V 41.1045 dB] [ET   955 ] [L0 0 16 ] [L1 16 0 ]
POC     4 TId: 3 (      STSA, B-SLICE, QP 38)             8144 bits [Y 35.5865 dB    U 40.5883 dB    V 41.4217 dB] [ET   745 ] [L0 0 8 ] [L1 8 16 ]
POC     2 TId: 4 (      STSA, B-SLICE, QP 40)             3552 bits [Y 35.8107 dB    U 40.8987 dB    V 41.8507 dB] [ET   344 ] [L0 0 4 ] [L1 4 8 ]
POC     1 TId: 5 (      STSA, B-SLICE, QP 41)             1512 bits [Y 36.4163 dB    U 41.0269 dB    V 42.1204 dB] [ET   235 ] [L0 0 2 ] [L1 2 4 ]
POC     3 TId: 5 (      STSA, B-SLICE, QP 41)             1416 bits [Y 35.3341 dB    U 40.8268 dB    V 41.6585 dB] [ET   306 ] [L0 2 0 ] [L1 4 8 ]
POC     6 TId: 4 (      STSA, B-SLICE, QP 40)             3928 bits [Y 35.1281 dB    U 40.4534 dB    V 41.3271 dB] [ET   441 ] [L0 4 0 ] [L1 8 16 ]
POC     5 TId: 5 (      STSA, B-SLICE, QP 41)             1608 bits [Y 35.1205 dB    U 40.4654 dB    V 41.3607 dB] [ET   300 ] [L0 4 0 ] [L1 6 8 ]
POC     7 TId: 5 (      STSA, B-SLICE, QP 41)             1432 bits [Y 35.2156 dB    U 40.3760 dB    V 41.2419 dB] [ET   360 ] [L0 6 4 ] [L1 8 16 ]
POC    12 TId: 3 (      STSA, B-SLICE, QP 38)            10016 bits [Y 34.9245 dB    U 40.1065 dB    V 40.8693 dB] [ET   833 ] [L0 8 0 ] [L1 16 8 ]
POC    10 TId: 4 (      STSA, B-SLICE, QP 40)             3680 bits [Y 34.7325 dB    U 40.1898 dB    V 40.9456 dB] [ET   540 ] [L0 8 0 ] [L1 12 16 ]
POC     9 TId: 5 (      STSA, B-SLICE, QP 41)             1648 bits [Y 34.9336 dB    U 40.2770 dB    V 41.0757 dB] [ET   337 ] [L0 8 0 ] [L1 10 12 ]
POC    11 TId: 5 (      STSA, B-SLICE, QP 41)             1752 bits [Y 34.5729 dB    U 40.1290 dB    V 40.9188 dB] [ET   308 ] [L0 10 8 ] [L1 12 16 ]
POC    14 TId: 4 (      STSA, B-SLICE, QP 40)             4584 bits [Y 34.5471 dB    U 39.9173 dB    V 40.6686 dB] [ET   379 ] [L0 12 8 ] [L1 16 12 ]
POC    13 TId: 5 (      STSA, B-SLICE, QP 41)             2032 bits [Y 34.4786 dB    U 40.0596 dB    V 40.7973 dB] [ET   299 ] [L0 12 8 ] [L1 14 16 ]
POC    15 TId: 5 (      STSA, B-SLICE, QP 41)             2176 bits [Y 34.6873 dB    U 39.9328 dB    V 40.6081 dB] [ET   263 ] [L0 14 12 ] [L1 16 14 ]

	Total Frames |   Bitrate     Y-PSNR    U-PSNR    V-PSNR    YUV-PSNR   
	       17    a    1257.8541   35.3273   40.3853   41.2288   36.4501

 finished @ Tue Apr 11 10:01:48 2023
 Total Time:     7734.562 sec. [user]     7745.366 sec. [elapsed]

Level: 0
Inject Calls: 8519782653
Errors injected by bit:
	Bit 0: 853208
	Bit 1: 851980
	Bit 2: 851169
	Bit 3: 852355
	Bit 4: 850632
	Bit 5: 850975
	Bit 6: 851277
	Bit 7: 851831

Total errors injected: 6813427
