vvencFFapp: Fraunhofer VVC Encoder ver. 1.5.0 [Linux][GCC 11.3.0][64 bit][SIMD=AVX2]
 started @ Sun Apr 16 03:49:48 2023
CODING TOOL CFG: CTU128 QT44BTT21 IBD:1 SAO:1 ALF:1 (NonLinLuma:0 NonLinChr:0) CCALF:1 Tiles:1x1 Slices:1 WPP:0 WPP-Substreams:1 TMVP:1 DQ:1 SDH:0 CST:1 BDOF:1 DMVR:1 MTSImplicit:1 SBT:0 JCbCr:1 CabacInitPresent:1 AMVR:5 SMVD:3 LMCS:2 (Signal:SDR Opt:0) CIIP:0 MIP:1 AFFINE:2 (PROF:1, Type:1) MMVD:3 DisFracMMVD:1 SbTMVP:1 GPM:3 LFNST:1 MTS:0 ISP:3 TS:2 TSLog2MaxSize:4 useChromaTS:0 BDPCM:2 IBC:2 BCW:0 
ENC. ALG. CFG: QPA:0 HAD:1 RDQ:1 RDQTS:1 ASR:1 MinSearchWindow:96 RestrictMESampling:0 EDO:2 MCTF:2 
PRE-ANALYSIS CFG: STA:1 LeadFrames:0 TrailFrames:0 
FAST TOOL CFG: ECU:0 FEN:1 FDM:1 FastSearch:4 (SCC:2) LCTUFast:1 FastMrg:2 PBIntraFast:1 AMaxBT:1 FastQtBtEnc:1 ContentBasedFastQtbt:0 FastMIP:3 FastIntraTools:0 IntraEstDecBit:2 FastLocalDualTree:1 IntegerET:0 FastSubPel:1 QtbttExtraFast:3 FastTTSplit:0 IBCFastMethod:3 FIM:0 ALFSpeed:0 QuantThr: 4 
RATE CONTROL CFG: RateControl:0 LookAhead:0 
PARALLEL PROCESSING CFG: NumThreads:0 MaxParallelFrames:0 WppBitEqual:0 WF:0 

POC     0 TId: 0 (  IDR_N_LP, I-SLICE, QP 34, TF 2)     137312 bits [Y 33.0393 dB    U 36.5932 dB    V 37.9362 dB] [ET   204 ] [L0 ] [L1 ]
POC    16 TId: 1 (      STSA, B-SLICE, QP 40, TF 1)      50368 bits [Y 30.8248 dB    U 35.9158 dB    V 36.7684 dB] [ET  1464 ] [L0 0 ] [L1 0 ]
POC     8 TId: 2 (      STSA, B-SLICE, QP 40, TF 0)      40232 bits [Y 30.7190 dB    U 35.7242 dB    V 36.8205 dB] [ET  1760 ] [L0 0 16 ] [L1 16 0 ]
POC     4 TId: 3 (      STSA, B-SLICE, QP 43)            17232 bits [Y 30.1795 dB    U 35.6691 dB    V 36.8301 dB] [ET  1809 ] [L0 0 8 ] [L1 8 16 ]
POC     2 TId: 4 (      STSA, B-SLICE, QP 45)             9416 bits [Y 30.0628 dB    U 35.7213 dB    V 37.0393 dB] [ET   956 ] [L0 0 4 ] [L1 4 8 ]
POC     1 TId: 5 (      STSA, B-SLICE, QP 46)             4816 bits [Y 30.3474 dB    U 35.8957 dB    V 37.2255 dB] [ET   577 ] [L0 0 2 ] [L1 2 4 ]
POC     3 TId: 5 (      STSA, B-SLICE, QP 46)             4464 bits [Y 29.7136 dB    U 35.4563 dB    V 36.6185 dB] [ET   740 ] [L0 2 0 ] [L1 4 8 ]
POC     6 TId: 4 (      STSA, B-SLICE, QP 45)             8552 bits [Y 29.6698 dB    U 35.3638 dB    V 36.5314 dB] [ET  1315 ] [L0 4 0 ] [L1 8 16 ]
POC     5 TId: 5 (      STSA, B-SLICE, QP 46)             3920 bits [Y 29.5844 dB    U 35.4140 dB    V 36.6405 dB] [ET   694 ] [L0 4 0 ] [L1 6 8 ]
POC     7 TId: 5 (      STSA, B-SLICE, QP 46)             3936 bits [Y 29.6008 dB    U 35.2963 dB    V 36.4323 dB] [ET   713 ] [L0 6 4 ] [L1 8 16 ]
POC    12 TId: 3 (      STSA, B-SLICE, QP 43)            18528 bits [Y 29.9073 dB    U 35.7300 dB    V 36.2476 dB] [ET  1755 ] [L0 8 0 ] [L1 16 8 ]
POC    10 TId: 4 (      STSA, B-SLICE, QP 45)             9528 bits [Y 29.3625 dB    U 35.4345 dB    V 36.1247 dB] [ET  1214 ] [L0 8 0 ] [L1 12 16 ]
POC     9 TId: 5 (      STSA, B-SLICE, QP 46)             3984 bits [Y 29.3899 dB    U 35.5250 dB    V 36.4245 dB] [ET   720 ] [L0 8 0 ] [L1 10 12 ]
POC    11 TId: 5 (      STSA, B-SLICE, QP 46)             3960 bits [Y 29.2702 dB    U 35.3792 dB    V 36.0738 dB] [ET   771 ] [L0 10 8 ] [L1 12 16 ]
POC    14 TId: 4 (      STSA, B-SLICE, QP 45)             8352 bits [Y 29.4452 dB    U 35.5232 dB    V 36.0593 dB] [ET   955 ] [L0 12 8 ] [L1 16 12 ]
POC    13 TId: 5 (      STSA, B-SLICE, QP 46)             3840 bits [Y 29.3615 dB    U 35.5407 dB    V 36.0480 dB] [ET   659 ] [L0 12 8 ] [L1 14 16 ]
POC    15 TId: 5 (      STSA, B-SLICE, QP 46)             3712 bits [Y 29.6683 dB    U 35.6422 dB    V 36.2743 dB] [ET   563 ] [L0 14 12 ] [L1 16 14 ]

	Total Frames |   Bitrate     Y-PSNR    U-PSNR    V-PSNR    YUV-PSNR   
	       17    a     586.1506   30.0086   35.6367   36.5938   31.1940

 finished @ Sun Apr 16 08:31:11 2023
 Total Time:    16881.895 sec. [user]    16882.665 sec. [elapsed]

Level: 0
Inject Calls: 19722597535
Errors injected by bit:
	Bit 0: 197550
	Bit 1: 196706
	Bit 2: 197526
	Bit 3: 196774
	Bit 4: 197677
	Bit 5: 196803
	Bit 6: 197651
	Bit 7: 196840

Total errors injected: 1577527
