vvencFFapp: Fraunhofer VVC Encoder ver. 1.5.0 [Linux][GCC 11.3.0][64 bit][SIMD=AVX2]
 started @ Thu Apr 13 07:28:35 2023
CODING TOOL CFG: CTU128 QT44BTT21 IBD:1 SAO:1 ALF:1 (NonLinLuma:0 NonLinChr:0) CCALF:1 Tiles:1x1 Slices:1 WPP:0 WPP-Substreams:1 TMVP:1 DQ:1 SDH:0 CST:1 BDOF:1 DMVR:1 MTSImplicit:1 SBT:0 JCbCr:1 CabacInitPresent:1 AMVR:5 SMVD:3 LMCS:2 (Signal:SDR Opt:0) CIIP:0 MIP:1 AFFINE:2 (PROF:1, Type:1) MMVD:3 DisFracMMVD:1 SbTMVP:1 GPM:3 LFNST:1 MTS:0 ISP:3 TS:2 TSLog2MaxSize:4 useChromaTS:0 BDPCM:2 IBC:2 BCW:0 
ENC. ALG. CFG: QPA:0 HAD:1 RDQ:1 RDQTS:1 ASR:1 MinSearchWindow:96 RestrictMESampling:0 EDO:2 MCTF:2 
PRE-ANALYSIS CFG: STA:1 LeadFrames:0 TrailFrames:0 
FAST TOOL CFG: ECU:0 FEN:1 FDM:1 FastSearch:4 (SCC:2) LCTUFast:1 FastMrg:2 PBIntraFast:1 AMaxBT:1 FastQtBtEnc:1 ContentBasedFastQtbt:0 FastMIP:3 FastIntraTools:0 IntraEstDecBit:2 FastLocalDualTree:1 IntegerET:0 FastSubPel:1 QtbttExtraFast:3 FastTTSplit:0 IBCFastMethod:3 FIM:0 ALFSpeed:0 QuantThr: 4 
RATE CONTROL CFG: RateControl:0 LookAhead:0 
PARALLEL PROCESSING CFG: NumThreads:0 MaxParallelFrames:0 WppBitEqual:0 WF:0 

POC     0 TId: 0 (  IDR_N_LP, I-SLICE, QP 34, TF 2)     322424 bits [Y 32.2570 dB    U 35.9047 dB    V 36.4408 dB] [ET   389 ] [L0 ] [L1 ]
POC    16 TId: 1 (      STSA, B-SLICE, QP 40, TF 1)      53168 bits [Y 28.4932 dB    U 34.8971 dB    V 34.9823 dB] [ET  2951 ] [L0 0 ] [L1 0 ]
POC     8 TId: 2 (      STSA, B-SLICE, QP 40, TF 0)      36424 bits [Y 28.8455 dB    U 35.2309 dB    V 35.4930 dB] [ET  1834 ] [L0 0 16 ] [L1 16 0 ]
POC     4 TId: 3 (      STSA, B-SLICE, QP 43)            15096 bits [Y 28.6106 dB    U 35.2609 dB    V 35.5630 dB] [ET  1103 ] [L0 0 8 ] [L1 8 16 ]
POC     2 TId: 4 (      STSA, B-SLICE, QP 45)              216 bits [Y 32.2570 dB    U 35.9047 dB    V 36.4408 dB] [ET   279 ] [L0 0 4 ] [L1 4 8 ]
POC     1 TId: 5 (      STSA, B-SLICE, QP 46)              160 bits [Y 32.2570 dB    U 35.9047 dB    V 36.4408 dB] [ET   189 ] [L0 0 2 ] [L1 2 4 ]
POC     3 TId: 5 (      STSA, B-SLICE, QP 46)             2000 bits [Y 28.8933 dB    U 35.2556 dB    V 35.9309 dB] [ET   425 ] [L0 2 0 ] [L1 4 8 ]
POC     6 TId: 4 (      STSA, B-SLICE, QP 45)             7384 bits [Y 27.7016 dB    U 35.1321 dB    V 35.2135 dB] [ET   850 ] [L0 4 0 ] [L1 8 16 ]
POC     5 TId: 5 (      STSA, B-SLICE, QP 46)             1936 bits [Y 27.6542 dB    U 35.0870 dB    V 35.3544 dB] [ET   416 ] [L0 4 0 ] [L1 6 8 ]
POC     7 TId: 5 (      STSA, B-SLICE, QP 46)             1928 bits [Y 27.7161 dB    U 35.1418 dB    V 35.3095 dB] [ET   408 ] [L0 6 4 ] [L1 8 16 ]
POC    12 TId: 3 (      STSA, B-SLICE, QP 43)            17296 bits [Y 27.7776 dB    U 35.0303 dB    V 34.9816 dB] [ET  1211 ] [L0 8 0 ] [L1 16 8 ]
POC    10 TId: 4 (      STSA, B-SLICE, QP 45)             7240 bits [Y 27.4686 dB    U 35.0713 dB    V 34.8453 dB] [ET   693 ] [L0 8 0 ] [L1 12 16 ]
POC     9 TId: 5 (      STSA, B-SLICE, QP 46)             2072 bits [Y 27.6835 dB    U 35.1624 dB    V 35.2275 dB] [ET   422 ] [L0 8 0 ] [L1 10 12 ]
POC    11 TId: 5 (      STSA, B-SLICE, QP 46)             2384 bits [Y 27.3781 dB    U 35.0032 dB    V 34.9358 dB] [ET   418 ] [L0 10 8 ] [L1 12 16 ]
POC    14 TId: 4 (      STSA, B-SLICE, QP 45)             7032 bits [Y 27.3418 dB    U 34.8513 dB    V 34.9027 dB] [ET   669 ] [L0 12 8 ] [L1 16 12 ]
POC    13 TId: 5 (      STSA, B-SLICE, QP 46)             2288 bits [Y 27.2827 dB    U 34.9129 dB    V 34.9258 dB] [ET   410 ] [L0 12 8 ] [L1 14 16 ]
POC    15 TId: 5 (      STSA, B-SLICE, QP 46)             2360 bits [Y 27.4455 dB    U 34.8258 dB    V 34.9265 dB] [ET   357 ] [L0 14 12 ] [L1 16 14 ]

	Total Frames |   Bitrate     Y-PSNR    U-PSNR    V-PSNR    YUV-PSNR   
	       17    a    1415.9059   28.6508   35.2104   35.4067   29.7035

 finished @ Thu Apr 13 11:05:54 2023
 Total Time:    13038.871 sec. [user]    13039.454 sec. [elapsed]

Level: 0
Inject Calls: 14909667820
Errors injected by bit:
	Bit 0: 14909807
	Bit 1: 14902148
	Bit 2: 14905574
	Bit 3: 14907548
	Bit 4: 14909772
	Bit 5: 14908478
	Bit 6: 14901859
	Bit 7: 14909166

Total errors injected: 119254352
