vvencFFapp: Fraunhofer VVC Encoder ver. 1.5.0 [Linux][GCC 11.3.0][64 bit][SIMD=AVX2]
 started @ Thu Apr 13 07:33:35 2023
CODING TOOL CFG: CTU128 QT44BTT21 IBD:1 SAO:1 ALF:1 (NonLinLuma:0 NonLinChr:0) CCALF:1 Tiles:1x1 Slices:1 WPP:0 WPP-Substreams:1 TMVP:1 DQ:1 SDH:0 CST:1 BDOF:1 DMVR:1 MTSImplicit:1 SBT:0 JCbCr:1 CabacInitPresent:1 AMVR:5 SMVD:3 LMCS:2 (Signal:SDR Opt:0) CIIP:0 MIP:1 AFFINE:2 (PROF:1, Type:1) MMVD:3 DisFracMMVD:1 SbTMVP:1 GPM:3 LFNST:1 MTS:0 ISP:3 TS:2 TSLog2MaxSize:4 useChromaTS:0 BDPCM:2 IBC:2 BCW:0 
ENC. ALG. CFG: QPA:0 HAD:1 RDQ:1 RDQTS:1 ASR:1 MinSearchWindow:96 RestrictMESampling:0 EDO:2 MCTF:2 
PRE-ANALYSIS CFG: STA:1 LeadFrames:0 TrailFrames:0 
FAST TOOL CFG: ECU:0 FEN:1 FDM:1 FastSearch:4 (SCC:2) LCTUFast:1 FastMrg:2 PBIntraFast:1 AMaxBT:1 FastQtBtEnc:1 ContentBasedFastQtbt:0 FastMIP:3 FastIntraTools:0 IntraEstDecBit:2 FastLocalDualTree:1 IntegerET:0 FastSubPel:1 QtbttExtraFast:3 FastTTSplit:0 IBCFastMethod:3 FIM:0 ALFSpeed:0 QuantThr: 4 
RATE CONTROL CFG: RateControl:0 LookAhead:0 
PARALLEL PROCESSING CFG: NumThreads:0 MaxParallelFrames:0 WppBitEqual:0 WF:0 

POC     0 TId: 0 (  IDR_N_LP, I-SLICE, QP 34, TF 2)     322424 bits [Y 32.2570 dB    U 35.9047 dB    V 36.4408 dB] [ET   462 ] [L0 ] [L1 ]
POC    16 TId: 1 (      STSA, B-SLICE, QP 40, TF 1)      53032 bits [Y 28.4936 dB    U 34.9697 dB    V 35.0799 dB] [ET  3385 ] [L0 0 ] [L1 0 ]
POC     8 TId: 2 (      STSA, B-SLICE, QP 40, TF 0)      36544 bits [Y 28.8948 dB    U 35.1640 dB    V 35.4404 dB] [ET  1759 ] [L0 0 16 ] [L1 16 0 ]
POC     4 TId: 3 (      STSA, B-SLICE, QP 43)            14688 bits [Y 28.6005 dB    U 35.1804 dB    V 35.5021 dB] [ET  1185 ] [L0 0 8 ] [L1 8 16 ]
POC     2 TId: 4 (      STSA, B-SLICE, QP 45)              216 bits [Y 32.2570 dB    U 35.9047 dB    V 36.4408 dB] [ET   277 ] [L0 0 4 ] [L1 4 8 ]
POC     1 TId: 5 (      STSA, B-SLICE, QP 46)              160 bits [Y 32.2570 dB    U 35.9047 dB    V 36.4408 dB] [ET   187 ] [L0 0 2 ] [L1 2 4 ]
POC     3 TId: 5 (      STSA, B-SLICE, QP 46)             2168 bits [Y 28.8849 dB    U 35.2568 dB    V 35.8897 dB] [ET   406 ] [L0 2 0 ] [L1 4 8 ]
POC     6 TId: 4 (      STSA, B-SLICE, QP 45)             7520 bits [Y 27.7366 dB    U 34.9985 dB    V 35.1389 dB] [ET   674 ] [L0 4 0 ] [L1 8 16 ]
POC     5 TId: 5 (      STSA, B-SLICE, QP 46)             2056 bits [Y 27.6663 dB    U 35.0143 dB    V 35.3461 dB] [ET   397 ] [L0 4 0 ] [L1 6 8 ]
POC     7 TId: 5 (      STSA, B-SLICE, QP 46)             1952 bits [Y 27.7402 dB    U 35.0075 dB    V 35.2339 dB] [ET   427 ] [L0 6 4 ] [L1 8 16 ]
POC    12 TId: 3 (      STSA, B-SLICE, QP 43)            16776 bits [Y 27.7881 dB    U 34.9381 dB    V 35.0351 dB] [ET  1238 ] [L0 8 0 ] [L1 16 8 ]
POC    10 TId: 4 (      STSA, B-SLICE, QP 45)             7184 bits [Y 27.4813 dB    U 34.9597 dB    V 34.8925 dB] [ET   726 ] [L0 8 0 ] [L1 12 16 ]
POC     9 TId: 5 (      STSA, B-SLICE, QP 46)             2120 bits [Y 27.6994 dB    U 35.0448 dB    V 35.1967 dB] [ET   413 ] [L0 8 0 ] [L1 10 12 ]
POC    11 TId: 5 (      STSA, B-SLICE, QP 46)             2096 bits [Y 27.3184 dB    U 34.9374 dB    V 34.9876 dB] [ET   421 ] [L0 10 8 ] [L1 12 16 ]
POC    14 TId: 4 (      STSA, B-SLICE, QP 45)             7352 bits [Y 27.3857 dB    U 34.8532 dB    V 34.9110 dB] [ET   553 ] [L0 12 8 ] [L1 16 12 ]
POC    13 TId: 5 (      STSA, B-SLICE, QP 46)             2048 bits [Y 27.2486 dB    U 34.8927 dB    V 35.0194 dB] [ET   392 ] [L0 12 8 ] [L1 14 16 ]
POC    15 TId: 5 (      STSA, B-SLICE, QP 46)             2432 bits [Y 27.5039 dB    U 34.8387 dB    V 34.9965 dB] [ET   376 ] [L0 14 12 ] [L1 16 14 ]

	Total Frames |   Bitrate     Y-PSNR    U-PSNR    V-PSNR    YUV-PSNR   
	       17    a    1414.0235   28.6596   35.1629   35.4113   29.7103

 finished @ Thu Apr 13 11:15:11 2023
 Total Time:    13295.651 sec. [user]    13296.257 sec. [elapsed]

Level: 0
Inject Calls: 14746788724
Errors injected by bit:
	Bit 0: 14748316
	Bit 1: 14745799
	Bit 2: 14748194
	Bit 3: 14747233
	Bit 4: 14745435
	Bit 5: 14747656
	Bit 6: 14750685
	Bit 7: 14743269

Total errors injected: 117976587
