vvencFFapp: Fraunhofer VVC Encoder ver. 1.5.0 [Linux][GCC 11.3.0][64 bit][SIMD=AVX2]
 started @ Tue Apr 11 14:22:49 2023
CODING TOOL CFG: CTU128 QT44BTT21 IBD:1 SAO:1 ALF:1 (NonLinLuma:0 NonLinChr:0) CCALF:1 Tiles:1x1 Slices:1 WPP:0 WPP-Substreams:1 TMVP:1 DQ:1 SDH:0 CST:1 BDOF:1 DMVR:1 MTSImplicit:1 SBT:0 JCbCr:1 CabacInitPresent:1 AMVR:5 SMVD:3 LMCS:2 (Signal:SDR Opt:0) CIIP:0 MIP:1 AFFINE:2 (PROF:1, Type:1) MMVD:3 DisFracMMVD:1 SbTMVP:1 GPM:3 LFNST:1 MTS:0 ISP:3 TS:2 TSLog2MaxSize:4 useChromaTS:0 BDPCM:2 IBC:2 BCW:0 
ENC. ALG. CFG: QPA:0 HAD:1 RDQ:1 RDQTS:1 ASR:1 MinSearchWindow:96 RestrictMESampling:0 EDO:2 MCTF:2 
PRE-ANALYSIS CFG: STA:1 LeadFrames:0 TrailFrames:0 
FAST TOOL CFG: ECU:0 FEN:1 FDM:1 FastSearch:4 (SCC:2) LCTUFast:1 FastMrg:2 PBIntraFast:1 AMaxBT:1 FastQtBtEnc:1 ContentBasedFastQtbt:0 FastMIP:3 FastIntraTools:0 IntraEstDecBit:2 FastLocalDualTree:1 IntegerET:0 FastSubPel:1 QtbttExtraFast:3 FastTTSplit:0 IBCFastMethod:3 FIM:0 ALFSpeed:0 QuantThr: 4 
RATE CONTROL CFG: RateControl:0 LookAhead:0 
PARALLEL PROCESSING CFG: NumThreads:0 MaxParallelFrames:0 WppBitEqual:0 WF:0 

POC     0 TId: 0 (  IDR_N_LP, I-SLICE, QP 34, TF 2)     142152 bits [Y 34.7290 dB    U 39.0714 dB    V 39.9878 dB] [ET   237 ] [L0 ] [L1 ]
POC    16 TId: 1 (      STSA, B-SLICE, QP 40, TF 1)      22448 bits [Y 32.2962 dB    U 38.2290 dB    V 38.8693 dB] [ET   683 ] [L0 0 ] [L1 0 ]
POC     8 TId: 2 (      STSA, B-SLICE, QP 40, TF 0)      11104 bits [Y 32.8929 dB    U 38.4736 dB    V 39.3292 dB] [ET   747 ] [L0 0 16 ] [L1 16 0 ]
POC     4 TId: 3 (      STSA, B-SLICE, QP 43)             4312 bits [Y 32.8756 dB    U 38.6934 dB    V 39.5206 dB] [ET   535 ] [L0 0 8 ] [L1 8 16 ]
POC     2 TId: 4 (      STSA, B-SLICE, QP 45)             1800 bits [Y 33.1188 dB    U 38.8419 dB    V 39.7296 dB] [ET   315 ] [L0 0 4 ] [L1 4 8 ]
POC     1 TId: 5 (      STSA, B-SLICE, QP 46)              552 bits [Y 33.5482 dB    U 38.9137 dB    V 39.9282 dB] [ET   194 ] [L0 0 2 ] [L1 2 4 ]
POC     3 TId: 5 (      STSA, B-SLICE, QP 46)              624 bits [Y 32.7418 dB    U 38.8534 dB    V 39.6640 dB] [ET   261 ] [L0 2 0 ] [L1 4 8 ]
POC     6 TId: 4 (      STSA, B-SLICE, QP 45)             1952 bits [Y 32.4170 dB    U 38.5915 dB    V 39.3837 dB] [ET   417 ] [L0 4 0 ] [L1 8 16 ]
POC     5 TId: 5 (      STSA, B-SLICE, QP 46)              800 bits [Y 32.4173 dB    U 38.6148 dB    V 39.4622 dB] [ET   261 ] [L0 4 0 ] [L1 6 8 ]
POC     7 TId: 5 (      STSA, B-SLICE, QP 46)              744 bits [Y 32.5155 dB    U 38.5802 dB    V 39.4151 dB] [ET   315 ] [L0 6 4 ] [L1 8 16 ]
POC    12 TId: 3 (      STSA, B-SLICE, QP 43)             4840 bits [Y 32.0163 dB    U 38.3829 dB    V 39.0821 dB] [ET   669 ] [L0 8 0 ] [L1 16 8 ]
POC    10 TId: 4 (      STSA, B-SLICE, QP 45)             1984 bits [Y 32.0808 dB    U 38.4358 dB    V 39.1497 dB] [ET   384 ] [L0 8 0 ] [L1 12 16 ]
POC     9 TId: 5 (      STSA, B-SLICE, QP 46)              928 bits [Y 32.3320 dB    U 38.4808 dB    V 39.2950 dB] [ET   258 ] [L0 8 0 ] [L1 10 12 ]
POC    11 TId: 5 (      STSA, B-SLICE, QP 46)              728 bits [Y 31.8231 dB    U 38.3659 dB    V 39.1205 dB] [ET   258 ] [L0 10 8 ] [L1 12 16 ]
POC    14 TId: 4 (      STSA, B-SLICE, QP 45)             2232 bits [Y 31.7309 dB    U 38.2605 dB    V 38.9800 dB] [ET   260 ] [L0 12 8 ] [L1 16 12 ]
POC    13 TId: 5 (      STSA, B-SLICE, QP 46)             1000 bits [Y 31.6894 dB    U 38.4115 dB    V 39.0922 dB] [ET   283 ] [L0 12 8 ] [L1 14 16 ]
POC    15 TId: 5 (      STSA, B-SLICE, QP 46)             1096 bits [Y 31.8365 dB    U 38.3072 dB    V 38.9256 dB] [ET   238 ] [L0 14 12 ] [L1 16 14 ]

	Total Frames |   Bitrate     Y-PSNR    U-PSNR    V-PSNR    YUV-PSNR   
	       17    a     703.3976   32.5330   38.5593   39.3491   33.7694

 finished @ Tue Apr 11 16:08:17 2023
 Total Time:     6321.175 sec. [user]     6327.669 sec. [elapsed]

Level: 0
Inject Calls: 7013037255
Errors injected by bit:
	Bit 0: 70321
	Bit 1: 69941
	Bit 2: 70465
	Bit 3: 69807
	Bit 4: 69948
	Bit 5: 70023
	Bit 6: 69757
	Bit 7: 70062

Total errors injected: 560324
