vvencFFapp: Fraunhofer VVC Encoder ver. 1.5.0 [Linux][GCC 11.3.0][64 bit][SIMD=AVX2]
 started @ Tue Apr 11 14:07:51 2023
CODING TOOL CFG: CTU128 QT44BTT21 IBD:1 SAO:1 ALF:1 (NonLinLuma:0 NonLinChr:0) CCALF:1 Tiles:1x1 Slices:1 WPP:0 WPP-Substreams:1 TMVP:1 DQ:1 SDH:0 CST:1 BDOF:1 DMVR:1 MTSImplicit:1 SBT:0 JCbCr:1 CabacInitPresent:1 AMVR:5 SMVD:3 LMCS:2 (Signal:SDR Opt:0) CIIP:0 MIP:1 AFFINE:2 (PROF:1, Type:1) MMVD:3 DisFracMMVD:1 SbTMVP:1 GPM:3 LFNST:1 MTS:0 ISP:3 TS:2 TSLog2MaxSize:4 useChromaTS:0 BDPCM:2 IBC:2 BCW:0 
ENC. ALG. CFG: QPA:0 HAD:1 RDQ:1 RDQTS:1 ASR:1 MinSearchWindow:96 RestrictMESampling:0 EDO:2 MCTF:2 
PRE-ANALYSIS CFG: STA:1 LeadFrames:0 TrailFrames:0 
FAST TOOL CFG: ECU:0 FEN:1 FDM:1 FastSearch:4 (SCC:2) LCTUFast:1 FastMrg:2 PBIntraFast:1 AMaxBT:1 FastQtBtEnc:1 ContentBasedFastQtbt:0 FastMIP:3 FastIntraTools:0 IntraEstDecBit:2 FastLocalDualTree:1 IntegerET:0 FastSubPel:1 QtbttExtraFast:3 FastTTSplit:0 IBCFastMethod:3 FIM:0 ALFSpeed:0 QuantThr: 4 
RATE CONTROL CFG: RateControl:0 LookAhead:0 
PARALLEL PROCESSING CFG: NumThreads:0 MaxParallelFrames:0 WppBitEqual:0 WF:0 

POC     0 TId: 0 (  IDR_N_LP, I-SLICE, QP 34, TF 2)     142152 bits [Y 34.7290 dB    U 39.0714 dB    V 39.9878 dB] [ET   259 ] [L0 ] [L1 ]
POC    16 TId: 1 (      STSA, B-SLICE, QP 40, TF 1)      22400 bits [Y 32.2711 dB    U 38.2183 dB    V 38.8846 dB] [ET   623 ] [L0 0 ] [L1 0 ]
POC     8 TId: 2 (      STSA, B-SLICE, QP 40, TF 0)      10472 bits [Y 32.8405 dB    U 38.4904 dB    V 39.3816 dB] [ET   807 ] [L0 0 16 ] [L1 16 0 ]
POC     4 TId: 3 (      STSA, B-SLICE, QP 43)             4376 bits [Y 32.8594 dB    U 38.7184 dB    V 39.4973 dB] [ET   567 ] [L0 0 8 ] [L1 8 16 ]
POC     2 TId: 4 (      STSA, B-SLICE, QP 45)             1784 bits [Y 33.0706 dB    U 38.8321 dB    V 39.6922 dB] [ET   266 ] [L0 0 4 ] [L1 4 8 ]
POC     1 TId: 5 (      STSA, B-SLICE, QP 46)              680 bits [Y 33.5703 dB    U 38.9134 dB    V 39.8980 dB] [ET   216 ] [L0 0 2 ] [L1 2 4 ]
POC     3 TId: 5 (      STSA, B-SLICE, QP 46)              664 bits [Y 32.7296 dB    U 38.8421 dB    V 39.6262 dB] [ET   293 ] [L0 2 0 ] [L1 4 8 ]
POC     6 TId: 4 (      STSA, B-SLICE, QP 45)             2072 bits [Y 32.4594 dB    U 38.6471 dB    V 39.4145 dB] [ET   364 ] [L0 4 0 ] [L1 8 16 ]
POC     5 TId: 5 (      STSA, B-SLICE, QP 46)              808 bits [Y 32.4706 dB    U 38.6362 dB    V 39.4314 dB] [ET   248 ] [L0 4 0 ] [L1 6 8 ]
POC     7 TId: 5 (      STSA, B-SLICE, QP 46)              752 bits [Y 32.5124 dB    U 38.5679 dB    V 39.4388 dB] [ET   273 ] [L0 6 4 ] [L1 8 16 ]
POC    12 TId: 3 (      STSA, B-SLICE, QP 43)             5016 bits [Y 31.9984 dB    U 38.3884 dB    V 39.2180 dB] [ET   588 ] [L0 8 0 ] [L1 16 8 ]
POC    10 TId: 4 (      STSA, B-SLICE, QP 45)             1920 bits [Y 32.0147 dB    U 38.4317 dB    V 39.2800 dB] [ET   401 ] [L0 8 0 ] [L1 12 16 ]
POC     9 TId: 5 (      STSA, B-SLICE, QP 46)              832 bits [Y 32.2344 dB    U 38.4842 dB    V 39.3946 dB] [ET   311 ] [L0 8 0 ] [L1 10 12 ]
POC    11 TId: 5 (      STSA, B-SLICE, QP 46)              744 bits [Y 31.7775 dB    U 38.3761 dB    V 39.2321 dB] [ET   257 ] [L0 10 8 ] [L1 12 16 ]
POC    14 TId: 4 (      STSA, B-SLICE, QP 45)             2064 bits [Y 31.6367 dB    U 38.2540 dB    V 38.9295 dB] [ET   346 ] [L0 12 8 ] [L1 16 12 ]
POC    13 TId: 5 (      STSA, B-SLICE, QP 46)              928 bits [Y 31.5769 dB    U 38.3854 dB    V 39.1116 dB] [ET   281 ] [L0 12 8 ] [L1 14 16 ]
POC    15 TId: 5 (      STSA, B-SLICE, QP 46)             1120 bits [Y 31.7700 dB    U 38.3096 dB    V 38.9568 dB] [ET   235 ] [L0 14 12 ] [L1 16 14 ]

	Total Frames |   Bitrate     Y-PSNR    U-PSNR    V-PSNR    YUV-PSNR   
	       17    a     701.5906   32.5013   38.5628   39.3750   33.7389

 finished @ Tue Apr 11 15:53:41 2023
 Total Time:     6345.011 sec. [user]     6350.326 sec. [elapsed]

Level: 0
Inject Calls: 6904900009
Errors injected by bit:
	Bit 0: 690523
	Bit 1: 689238
	Bit 2: 688244
	Bit 3: 690558
	Bit 4: 690422
	Bit 5: 691037
	Bit 6: 690982
	Bit 7: 691055

Total errors injected: 5522059
