vvencFFapp: Fraunhofer VVC Encoder ver. 1.5.0 [Linux][GCC 11.3.0][64 bit][SIMD=AVX2]
 started @ Sat Apr 15 22:59:42 2023
CODING TOOL CFG: CTU128 QT44BTT21 IBD:1 SAO:1 ALF:1 (NonLinLuma:0 NonLinChr:0) CCALF:1 Tiles:1x1 Slices:1 WPP:0 WPP-Substreams:1 TMVP:1 DQ:1 SDH:0 CST:1 BDOF:1 DMVR:1 MTSImplicit:1 SBT:0 JCbCr:1 CabacInitPresent:1 AMVR:5 SMVD:3 LMCS:2 (Signal:SDR Opt:0) CIIP:0 MIP:1 AFFINE:2 (PROF:1, Type:1) MMVD:3 DisFracMMVD:1 SbTMVP:1 GPM:3 LFNST:1 MTS:0 ISP:3 TS:2 TSLog2MaxSize:4 useChromaTS:0 BDPCM:2 IBC:2 BCW:0 
ENC. ALG. CFG: QPA:0 HAD:1 RDQ:1 RDQTS:1 ASR:1 MinSearchWindow:96 RestrictMESampling:0 EDO:2 MCTF:2 
PRE-ANALYSIS CFG: STA:1 LeadFrames:0 TrailFrames:0 
FAST TOOL CFG: ECU:0 FEN:1 FDM:1 FastSearch:4 (SCC:2) LCTUFast:1 FastMrg:2 PBIntraFast:1 AMaxBT:1 FastQtBtEnc:1 ContentBasedFastQtbt:0 FastMIP:3 FastIntraTools:0 IntraEstDecBit:2 FastLocalDualTree:1 IntegerET:0 FastSubPel:1 QtbttExtraFast:3 FastTTSplit:0 IBCFastMethod:3 FIM:0 ALFSpeed:0 QuantThr: 4 
RATE CONTROL CFG: RateControl:0 LookAhead:0 
PARALLEL PROCESSING CFG: NumThreads:0 MaxParallelFrames:0 WppBitEqual:0 WF:0 

POC     0 TId: 0 (  IDR_N_LP, I-SLICE, QP 34, TF 2)     137312 bits [Y 33.0393 dB    U 36.5932 dB    V 37.9362 dB] [ET   194 ] [L0 ] [L1 ]
POC    16 TId: 1 (      STSA, B-SLICE, QP 40, TF 1)      50264 bits [Y 30.8432 dB    U 35.8960 dB    V 36.7875 dB] [ET  1375 ] [L0 0 ] [L1 0 ]
POC     8 TId: 2 (      STSA, B-SLICE, QP 40, TF 0)      40712 bits [Y 30.7531 dB    U 35.7942 dB    V 36.7980 dB] [ET  2090 ] [L0 0 16 ] [L1 16 0 ]
POC     4 TId: 3 (      STSA, B-SLICE, QP 43)            17048 bits [Y 30.1574 dB    U 35.7000 dB    V 36.8245 dB] [ET  1517 ] [L0 0 8 ] [L1 8 16 ]
POC     2 TId: 4 (      STSA, B-SLICE, QP 45)             9456 bits [Y 30.0774 dB    U 35.7339 dB    V 37.0489 dB] [ET   948 ] [L0 0 4 ] [L1 4 8 ]
POC     1 TId: 5 (      STSA, B-SLICE, QP 46)             4744 bits [Y 30.3488 dB    U 35.9325 dB    V 37.3226 dB] [ET   535 ] [L0 0 2 ] [L1 2 4 ]
POC     3 TId: 5 (      STSA, B-SLICE, QP 46)             4552 bits [Y 29.7530 dB    U 35.5582 dB    V 36.7018 dB] [ET   695 ] [L0 2 0 ] [L1 4 8 ]
POC     6 TId: 4 (      STSA, B-SLICE, QP 45)             8640 bits [Y 29.6474 dB    U 35.4803 dB    V 36.5167 dB] [ET  1308 ] [L0 4 0 ] [L1 8 16 ]
POC     5 TId: 5 (      STSA, B-SLICE, QP 46)             3944 bits [Y 29.5745 dB    U 35.5438 dB    V 36.6649 dB] [ET   799 ] [L0 4 0 ] [L1 6 8 ]
POC     7 TId: 5 (      STSA, B-SLICE, QP 46)             4000 bits [Y 29.6166 dB    U 35.3944 dB    V 36.5350 dB] [ET   797 ] [L0 6 4 ] [L1 8 16 ]
POC    12 TId: 3 (      STSA, B-SLICE, QP 43)            18504 bits [Y 29.9049 dB    U 35.6565 dB    V 36.1971 dB] [ET  1612 ] [L0 8 0 ] [L1 16 8 ]
POC    10 TId: 4 (      STSA, B-SLICE, QP 45)             9568 bits [Y 29.3487 dB    U 35.4872 dB    V 36.2568 dB] [ET  1242 ] [L0 8 0 ] [L1 12 16 ]
POC     9 TId: 5 (      STSA, B-SLICE, QP 46)             3784 bits [Y 29.4137 dB    U 35.6299 dB    V 36.3894 dB] [ET   634 ] [L0 8 0 ] [L1 10 12 ]
POC    11 TId: 5 (      STSA, B-SLICE, QP 46)             4200 bits [Y 29.2758 dB    U 35.3389 dB    V 36.1937 dB] [ET   740 ] [L0 10 8 ] [L1 12 16 ]
POC    14 TId: 4 (      STSA, B-SLICE, QP 45)             8104 bits [Y 29.4502 dB    U 35.4464 dB    V 36.0074 dB] [ET   976 ] [L0 12 8 ] [L1 16 12 ]
POC    13 TId: 5 (      STSA, B-SLICE, QP 46)             3952 bits [Y 29.3574 dB    U 35.4661 dB    V 36.0207 dB] [ET   649 ] [L0 12 8 ] [L1 14 16 ]
POC    15 TId: 5 (      STSA, B-SLICE, QP 46)             3664 bits [Y 29.6521 dB    U 35.6094 dB    V 36.2996 dB] [ET   598 ] [L0 14 12 ] [L1 16 14 ]

	Total Frames |   Bitrate     Y-PSNR    U-PSNR    V-PSNR    YUV-PSNR   
	       17    a     586.6729   30.0126   35.6624   36.6177   31.1999

 finished @ Sun Apr 16 03:38:23 2023
 Total Time:    16720.200 sec. [user]    16721.004 sec. [elapsed]

Level: 0
Inject Calls: 19388659934
Errors injected by bit:
	Bit 0: 19394546
	Bit 1: 19385242
	Bit 2: 19384904
	Bit 3: 19387586
	Bit 4: 19387058
	Bit 5: 19388201
	Bit 6: 19391848
	Bit 7: 19387865

Total errors injected: 155107250
