vvencFFapp: Fraunhofer VVC Encoder ver. 1.5.0 [Linux][GCC 11.3.0][64 bit][SIMD=AVX2]
 started @ Wed Apr 12 12:33:14 2023
CODING TOOL CFG: CTU128 QT44BTT21 IBD:1 SAO:1 ALF:1 (NonLinLuma:0 NonLinChr:0) CCALF:1 Tiles:1x1 Slices:1 WPP:0 WPP-Substreams:1 TMVP:1 DQ:1 SDH:0 CST:1 BDOF:1 DMVR:1 MTSImplicit:1 SBT:0 JCbCr:1 CabacInitPresent:1 AMVR:5 SMVD:3 LMCS:2 (Signal:SDR Opt:0) CIIP:0 MIP:1 AFFINE:2 (PROF:1, Type:1) MMVD:3 DisFracMMVD:1 SbTMVP:1 GPM:3 LFNST:1 MTS:0 ISP:3 TS:2 TSLog2MaxSize:4 useChromaTS:0 BDPCM:2 IBC:2 BCW:0 
ENC. ALG. CFG: QPA:0 HAD:1 RDQ:1 RDQTS:1 ASR:1 MinSearchWindow:96 RestrictMESampling:0 EDO:2 MCTF:2 
PRE-ANALYSIS CFG: STA:1 LeadFrames:0 TrailFrames:0 
FAST TOOL CFG: ECU:0 FEN:1 FDM:1 FastSearch:4 (SCC:2) LCTUFast:1 FastMrg:2 PBIntraFast:1 AMaxBT:1 FastQtBtEnc:1 ContentBasedFastQtbt:0 FastMIP:3 FastIntraTools:0 IntraEstDecBit:2 FastLocalDualTree:1 IntegerET:0 FastSubPel:1 QtbttExtraFast:3 FastTTSplit:0 IBCFastMethod:3 FIM:0 ALFSpeed:0 QuantThr: 4 
RATE CONTROL CFG: RateControl:0 LookAhead:0 
PARALLEL PROCESSING CFG: NumThreads:0 MaxParallelFrames:0 WppBitEqual:0 WF:0 

POC     0 TId: 0 (  IDR_N_LP, I-SLICE, QP 24, TF 3)     868072 bits [Y 40.4710 dB    U 41.2896 dB    V 42.0298 dB] [ET   479 ] [L0 ] [L1 ]
POC    16 TId: 1 (      STSA, B-SLICE, QP 28, TF 2)     286368 bits [Y 36.1127 dB    U 39.1192 dB    V 39.7002 dB] [ET  2685 ] [L0 0 ] [L1 0 ]
POC     8 TId: 2 (      STSA, B-SLICE, QP 29, TF 1)     172464 bits [Y 35.5459 dB    U 39.0228 dB    V 39.8534 dB] [ET  1899 ] [L0 0 16 ] [L1 16 0 ]
POC     4 TId: 3 (      STSA, B-SLICE, QP 32, TF 0)      83864 bits [Y 34.6939 dB    U 38.9070 dB    V 39.6395 dB] [ET  1747 ] [L0 0 8 ] [L1 8 16 ]
POC     2 TId: 4 (      STSA, B-SLICE, QP 34)              248 bits [Y 40.4710 dB    U 41.2896 dB    V 42.0298 dB] [ET   386 ] [L0 0 4 ] [L1 4 8 ]
POC     1 TId: 5 (      STSA, B-SLICE, QP 36)              232 bits [Y 40.4710 dB    U 41.2896 dB    V 42.0298 dB] [ET   317 ] [L0 0 2 ] [L1 2 4 ]
POC     3 TId: 5 (      STSA, B-SLICE, QP 36)            21888 bits [Y 34.3116 dB    U 39.2497 dB    V 40.2064 dB] [ET   875 ] [L0 2 0 ] [L1 4 8 ]
POC     6 TId: 4 (      STSA, B-SLICE, QP 34)            56904 bits [Y 33.8994 dB    U 38.6574 dB    V 39.2555 dB] [ET  1284 ] [L0 4 0 ] [L1 8 16 ]
POC     5 TId: 5 (      STSA, B-SLICE, QP 36)            23192 bits [Y 33.2745 dB    U 38.6669 dB    V 39.3001 dB] [ET   798 ] [L0 4 0 ] [L1 6 8 ]
POC     7 TId: 5 (      STSA, B-SLICE, QP 36)            22328 bits [Y 33.4767 dB    U 38.7057 dB    V 39.3692 dB] [ET   779 ] [L0 6 4 ] [L1 8 16 ]
POC    12 TId: 3 (      STSA, B-SLICE, QP 32, TF 0)      94320 bits [Y 34.1916 dB    U 38.5633 dB    V 39.0028 dB] [ET  1674 ] [L0 8 0 ] [L1 16 8 ]
POC    10 TId: 4 (      STSA, B-SLICE, QP 34)            52800 bits [Y 33.6554 dB    U 38.5252 dB    V 38.7808 dB] [ET  1337 ] [L0 8 0 ] [L1 12 16 ]
POC     9 TId: 5 (      STSA, B-SLICE, QP 36)            21752 bits [Y 33.4004 dB    U 38.6559 dB    V 39.1756 dB] [ET   818 ] [L0 8 0 ] [L1 10 12 ]
POC    11 TId: 5 (      STSA, B-SLICE, QP 36)            21752 bits [Y 33.1172 dB    U 38.4886 dB    V 38.8370 dB] [ET   837 ] [L0 10 8 ] [L1 12 16 ]
POC    14 TId: 4 (      STSA, B-SLICE, QP 34)            54816 bits [Y 33.6794 dB    U 38.4987 dB    V 38.8903 dB] [ET   990 ] [L0 12 8 ] [L1 16 12 ]
POC    13 TId: 5 (      STSA, B-SLICE, QP 36)            21200 bits [Y 32.9900 dB    U 38.4448 dB    V 38.9002 dB] [ET   729 ] [L0 12 8 ] [L1 14 16 ]
POC    15 TId: 5 (      STSA, B-SLICE, QP 36)            22680 bits [Y 33.4311 dB    U 38.5966 dB    V 39.1091 dB] [ET   628 ] [L0 14 12 ] [L1 16 14 ]

	Total Frames |   Bitrate     Y-PSNR    U-PSNR    V-PSNR    YUV-PSNR   
	       17    a    5367.2941   35.1290   39.1747   39.7711   35.6401

 finished @ Wed Apr 12 17:37:52 2023
 Total Time:    18259.411 sec. [user]    18277.368 sec. [elapsed]

Level: 0
Inject Calls: 20226068206
Errors injected by bit:
	Bit 0: 202918
	Bit 1: 201967
	Bit 2: 201645
	Bit 3: 202903
	Bit 4: 202273
	Bit 5: 202540
	Bit 6: 203396
	Bit 7: 202248

Total errors injected: 1619890
