vvencFFapp: Fraunhofer VVC Encoder ver. 1.5.0 [Linux][GCC 11.3.0][64 bit][SIMD=AVX2]
 started @ Fri Apr 14 20:04:16 2023
CODING TOOL CFG: CTU128 QT44BTT21 IBD:1 SAO:1 ALF:1 (NonLinLuma:0 NonLinChr:0) CCALF:1 Tiles:1x1 Slices:1 WPP:0 WPP-Substreams:1 TMVP:1 DQ:1 SDH:0 CST:1 BDOF:1 DMVR:1 MTSImplicit:1 SBT:0 JCbCr:1 CabacInitPresent:1 AMVR:5 SMVD:3 LMCS:2 (Signal:SDR Opt:0) CIIP:0 MIP:1 AFFINE:2 (PROF:1, Type:1) MMVD:3 DisFracMMVD:1 SbTMVP:1 GPM:3 LFNST:1 MTS:0 ISP:3 TS:2 TSLog2MaxSize:4 useChromaTS:0 BDPCM:2 IBC:2 BCW:0 
ENC. ALG. CFG: QPA:0 HAD:1 RDQ:1 RDQTS:1 ASR:1 MinSearchWindow:96 RestrictMESampling:0 EDO:2 MCTF:2 
PRE-ANALYSIS CFG: STA:1 LeadFrames:0 TrailFrames:0 
FAST TOOL CFG: ECU:0 FEN:1 FDM:1 FastSearch:4 (SCC:2) LCTUFast:1 FastMrg:2 PBIntraFast:1 AMaxBT:1 FastQtBtEnc:1 ContentBasedFastQtbt:0 FastMIP:3 FastIntraTools:0 IntraEstDecBit:2 FastLocalDualTree:1 IntegerET:0 FastSubPel:1 QtbttExtraFast:3 FastTTSplit:0 IBCFastMethod:3 FIM:0 ALFSpeed:0 QuantThr: 4 
RATE CONTROL CFG: RateControl:0 LookAhead:0 
PARALLEL PROCESSING CFG: NumThreads:0 MaxParallelFrames:0 WppBitEqual:0 WF:0 

POC     0 TId: 0 (  IDR_N_LP, I-SLICE, QP 24, TF 3)     399128 bits [Y 38.6505 dB    U 40.8666 dB    V 42.1124 dB] [ET   338 ] [L0 ] [L1 ]
POC    16 TId: 1 (      STSA, B-SLICE, QP 28, TF 2)     252616 bits [Y 38.6019 dB    U 40.3503 dB    V 41.5059 dB] [ET  1905 ] [L0 0 ] [L1 0 ]
POC     8 TId: 2 (      STSA, B-SLICE, QP 29, TF 1)     178056 bits [Y 37.2211 dB    U 39.5700 dB    V 40.7480 dB] [ET  2245 ] [L0 0 16 ] [L1 16 0 ]
POC     4 TId: 3 (      STSA, B-SLICE, QP 32, TF 0)      78896 bits [Y 35.9759 dB    U 39.1753 dB    V 40.3226 dB] [ET  2286 ] [L0 0 8 ] [L1 8 16 ]
POC     2 TId: 4 (      STSA, B-SLICE, QP 34)            44712 bits [Y 35.6361 dB    U 39.2967 dB    V 40.4939 dB] [ET  1560 ] [L0 0 4 ] [L1 4 8 ]
POC     1 TId: 5 (      STSA, B-SLICE, QP 36)            23152 bits [Y 35.3425 dB    U 39.4836 dB    V 40.7778 dB] [ET  1008 ] [L0 0 2 ] [L1 2 4 ]
POC     3 TId: 5 (      STSA, B-SLICE, QP 36)            21520 bits [Y 34.9091 dB    U 38.9552 dB    V 40.0845 dB] [ET  1332 ] [L0 2 0 ] [L1 4 8 ]
POC     6 TId: 4 (      STSA, B-SLICE, QP 34)            42944 bits [Y 35.4700 dB    U 38.8348 dB    V 40.0188 dB] [ET  1770 ] [L0 4 0 ] [L1 8 16 ]
POC     5 TId: 5 (      STSA, B-SLICE, QP 36)            19384 bits [Y 34.9095 dB    U 38.7919 dB    V 40.0288 dB] [ET  1194 ] [L0 4 0 ] [L1 6 8 ]
POC     7 TId: 5 (      STSA, B-SLICE, QP 36)            20704 bits [Y 35.0154 dB    U 38.7411 dB    V 39.9698 dB] [ET  1207 ] [L0 6 4 ] [L1 8 16 ]
POC    12 TId: 3 (      STSA, B-SLICE, QP 32, TF 0)      80168 bits [Y 35.7887 dB    U 39.2427 dB    V 40.0490 dB] [ET  2341 ] [L0 8 0 ] [L1 16 8 ]
POC    10 TId: 4 (      STSA, B-SLICE, QP 34)            47224 bits [Y 35.3695 dB    U 38.8383 dB    V 39.6722 dB] [ET  1847 ] [L0 8 0 ] [L1 12 16 ]
POC     9 TId: 5 (      STSA, B-SLICE, QP 36)            20760 bits [Y 34.9277 dB    U 38.7391 dB    V 39.8963 dB] [ET  1231 ] [L0 8 0 ] [L1 10 12 ]
POC    11 TId: 5 (      STSA, B-SLICE, QP 36)            20936 bits [Y 34.7461 dB    U 38.7141 dB    V 39.6240 dB] [ET  1326 ] [L0 10 8 ] [L1 12 16 ]
POC    14 TId: 4 (      STSA, B-SLICE, QP 34)            43856 bits [Y 35.3231 dB    U 38.9873 dB    V 40.0924 dB] [ET  1432 ] [L0 12 8 ] [L1 16 12 ]
POC    13 TId: 5 (      STSA, B-SLICE, QP 36)            19168 bits [Y 34.7470 dB    U 38.8942 dB    V 39.7923 dB] [ET  1188 ] [L0 12 8 ] [L1 14 16 ]
POC    15 TId: 5 (      STSA, B-SLICE, QP 36)            19584 bits [Y 34.9707 dB    U 39.2731 dB    V 40.4582 dB] [ET  1005 ] [L0 14 12 ] [L1 16 14 ]

	Total Frames |   Bitrate     Y-PSNR    U-PSNR    V-PSNR    YUV-PSNR   
	       17    a    2352.0141   35.7415   39.2208   40.3322   36.5873

 finished @ Sat Apr 15 03:04:48 2023
 Total Time:    25231.094 sec. [user]    25232.249 sec. [elapsed]

Level: 0
Inject Calls: 28715250196
Errors injected by bit:
	Bit 0: 2874211
	Bit 1: 2871750
	Bit 2: 2869387
	Bit 3: 2869901
	Bit 4: 2870752
	Bit 5: 2873487
	Bit 6: 2871067
	Bit 7: 2872864

Total errors injected: 22973419
