vvencFFapp: Fraunhofer VVC Encoder ver. 1.5.0 [Linux][GCC 11.3.0][64 bit][SIMD=AVX2]
 started @ Sat Apr 15 10:34:30 2023
CODING TOOL CFG: CTU128 QT44BTT21 IBD:1 SAO:1 ALF:1 (NonLinLuma:0 NonLinChr:0) CCALF:1 Tiles:1x1 Slices:1 WPP:0 WPP-Substreams:1 TMVP:1 DQ:1 SDH:0 CST:1 BDOF:1 DMVR:1 MTSImplicit:1 SBT:0 JCbCr:1 CabacInitPresent:1 AMVR:5 SMVD:3 LMCS:2 (Signal:SDR Opt:0) CIIP:0 MIP:1 AFFINE:2 (PROF:1, Type:1) MMVD:3 DisFracMMVD:1 SbTMVP:1 GPM:3 LFNST:1 MTS:0 ISP:3 TS:2 TSLog2MaxSize:4 useChromaTS:0 BDPCM:2 IBC:2 BCW:0 
ENC. ALG. CFG: QPA:0 HAD:1 RDQ:1 RDQTS:1 ASR:1 MinSearchWindow:96 RestrictMESampling:0 EDO:2 MCTF:2 
PRE-ANALYSIS CFG: STA:1 LeadFrames:0 TrailFrames:0 
FAST TOOL CFG: ECU:0 FEN:1 FDM:1 FastSearch:4 (SCC:2) LCTUFast:1 FastMrg:2 PBIntraFast:1 AMaxBT:1 FastQtBtEnc:1 ContentBasedFastQtbt:0 FastMIP:3 FastIntraTools:0 IntraEstDecBit:2 FastLocalDualTree:1 IntegerET:0 FastSubPel:1 QtbttExtraFast:3 FastTTSplit:0 IBCFastMethod:3 FIM:0 ALFSpeed:0 QuantThr: 4 
RATE CONTROL CFG: RateControl:0 LookAhead:0 
PARALLEL PROCESSING CFG: NumThreads:0 MaxParallelFrames:0 WppBitEqual:0 WF:0 

POC     0 TId: 0 (  IDR_N_LP, I-SLICE, QP 29, TF 2)     245544 bits [Y 36.0242 dB    U 38.6082 dB    V 40.2672 dB] [ET   275 ] [L0 ] [L1 ]
POC    16 TId: 1 (      STSA, B-SLICE, QP 34, TF 1)     118768 bits [Y 34.6678 dB    U 37.3973 dB    V 38.4623 dB] [ET  1525 ] [L0 0 ] [L1 0 ]
POC     8 TId: 2 (      STSA, B-SLICE, QP 35, TF 0)      82840 bits [Y 33.8030 dB    U 37.0541 dB    V 38.3255 dB] [ET  2127 ] [L0 0 16 ] [L1 16 0 ]
POC     4 TId: 3 (      STSA, B-SLICE, QP 38)            36192 bits [Y 33.0077 dB    U 37.2173 dB    V 38.5427 dB] [ET  1729 ] [L0 0 8 ] [L1 8 16 ]
POC     2 TId: 4 (      STSA, B-SLICE, QP 40)            19520 bits [Y 32.7040 dB    U 37.4591 dB    V 38.8887 dB] [ET  1137 ] [L0 0 4 ] [L1 4 8 ]
POC     1 TId: 5 (      STSA, B-SLICE, QP 41)            10480 bits [Y 32.8764 dB    U 37.6206 dB    V 39.1321 dB] [ET   739 ] [L0 0 2 ] [L1 2 4 ]
POC     3 TId: 5 (      STSA, B-SLICE, QP 41)             9720 bits [Y 32.2311 dB    U 37.0732 dB    V 38.5402 dB] [ET   964 ] [L0 2 0 ] [L1 4 8 ]
POC     6 TId: 4 (      STSA, B-SLICE, QP 40)            19056 bits [Y 32.4341 dB    U 36.9097 dB    V 38.2463 dB] [ET  1526 ] [L0 4 0 ] [L1 8 16 ]
POC     5 TId: 5 (      STSA, B-SLICE, QP 41)             9360 bits [Y 32.3017 dB    U 37.0387 dB    V 38.4159 dB] [ET   996 ] [L0 4 0 ] [L1 6 8 ]
POC     7 TId: 5 (      STSA, B-SLICE, QP 41)             9056 bits [Y 32.2747 dB    U 36.7132 dB    V 38.1061 dB] [ET   931 ] [L0 6 4 ] [L1 8 16 ]
POC    12 TId: 3 (      STSA, B-SLICE, QP 38)            37320 bits [Y 32.7903 dB    U 37.1073 dB    V 37.9414 dB] [ET  2025 ] [L0 8 0 ] [L1 16 8 ]
POC    10 TId: 4 (      STSA, B-SLICE, QP 40)            20472 bits [Y 32.2034 dB    U 36.8379 dB    V 37.8142 dB] [ET  1558 ] [L0 8 0 ] [L1 12 16 ]
POC     9 TId: 5 (      STSA, B-SLICE, QP 41)             9784 bits [Y 32.2094 dB    U 36.8282 dB    V 37.9692 dB] [ET  1040 ] [L0 8 0 ] [L1 10 12 ]
POC    11 TId: 5 (      STSA, B-SLICE, QP 41)             9504 bits [Y 31.9909 dB    U 36.8597 dB    V 37.7210 dB] [ET   981 ] [L0 10 8 ] [L1 12 16 ]
POC    14 TId: 4 (      STSA, B-SLICE, QP 40)            17888 bits [Y 32.3237 dB    U 36.9130 dB    V 37.8103 dB] [ET  1195 ] [L0 12 8 ] [L1 16 12 ]
POC    13 TId: 5 (      STSA, B-SLICE, QP 41)             8864 bits [Y 32.1104 dB    U 36.8848 dB    V 37.7445 dB] [ET   889 ] [L0 12 8 ] [L1 14 16 ]
POC    15 TId: 5 (      STSA, B-SLICE, QP 41)             8216 bits [Y 32.4110 dB    U 36.9688 dB    V 38.0106 dB] [ET   702 ] [L0 14 12 ] [L1 16 14 ]

	Total Frames |   Bitrate     Y-PSNR    U-PSNR    V-PSNR    YUV-PSNR   
	       17    a    1186.9129   32.8449   37.1465   38.3493   33.8544

 finished @ Sat Apr 15 16:13:46 2023
 Total Time:    20354.904 sec. [user]    20355.986 sec. [elapsed]

Level: 0
Inject Calls: 23144824749
Errors injected by bit:
	Bit 0: 23152911
	Bit 1: 23148241
	Bit 2: 23144108
	Bit 3: 23145623
	Bit 4: 23133606
	Bit 5: 23143364
	Bit 6: 23134996
	Bit 7: 23141184

Total errors injected: 185144033
