vvencFFapp: Fraunhofer VVC Encoder ver. 1.5.0 [Linux][GCC 11.3.0][64 bit][SIMD=AVX2]
 started @ Sat Apr 15 10:29:30 2023
CODING TOOL CFG: CTU128 QT44BTT21 IBD:1 SAO:1 ALF:1 (NonLinLuma:0 NonLinChr:0) CCALF:1 Tiles:1x1 Slices:1 WPP:0 WPP-Substreams:1 TMVP:1 DQ:1 SDH:0 CST:1 BDOF:1 DMVR:1 MTSImplicit:1 SBT:0 JCbCr:1 CabacInitPresent:1 AMVR:5 SMVD:3 LMCS:2 (Signal:SDR Opt:0) CIIP:0 MIP:1 AFFINE:2 (PROF:1, Type:1) MMVD:3 DisFracMMVD:1 SbTMVP:1 GPM:3 LFNST:1 MTS:0 ISP:3 TS:2 TSLog2MaxSize:4 useChromaTS:0 BDPCM:2 IBC:2 BCW:0 
ENC. ALG. CFG: QPA:0 HAD:1 RDQ:1 RDQTS:1 ASR:1 MinSearchWindow:96 RestrictMESampling:0 EDO:2 MCTF:2 
PRE-ANALYSIS CFG: STA:1 LeadFrames:0 TrailFrames:0 
FAST TOOL CFG: ECU:0 FEN:1 FDM:1 FastSearch:4 (SCC:2) LCTUFast:1 FastMrg:2 PBIntraFast:1 AMaxBT:1 FastQtBtEnc:1 ContentBasedFastQtbt:0 FastMIP:3 FastIntraTools:0 IntraEstDecBit:2 FastLocalDualTree:1 IntegerET:0 FastSubPel:1 QtbttExtraFast:3 FastTTSplit:0 IBCFastMethod:3 FIM:0 ALFSpeed:0 QuantThr: 4 
RATE CONTROL CFG: RateControl:0 LookAhead:0 
PARALLEL PROCESSING CFG: NumThreads:0 MaxParallelFrames:0 WppBitEqual:0 WF:0 

POC     0 TId: 0 (  IDR_N_LP, I-SLICE, QP 29, TF 2)     245544 bits [Y 36.0242 dB    U 38.6082 dB    V 40.2672 dB] [ET   275 ] [L0 ] [L1 ]
POC    16 TId: 1 (      STSA, B-SLICE, QP 34, TF 1)     118936 bits [Y 34.6620 dB    U 37.4699 dB    V 38.6530 dB] [ET  1701 ] [L0 0 ] [L1 0 ]
POC     8 TId: 2 (      STSA, B-SLICE, QP 35, TF 0)      83104 bits [Y 33.7989 dB    U 37.0495 dB    V 38.2030 dB] [ET  2061 ] [L0 0 16 ] [L1 16 0 ]
POC     4 TId: 3 (      STSA, B-SLICE, QP 38)            36200 bits [Y 33.0136 dB    U 37.2109 dB    V 38.5556 dB] [ET  2067 ] [L0 0 8 ] [L1 8 16 ]
POC     2 TId: 4 (      STSA, B-SLICE, QP 40)            20056 bits [Y 32.7460 dB    U 37.5810 dB    V 38.8609 dB] [ET  1150 ] [L0 0 4 ] [L1 4 8 ]
POC     1 TId: 5 (      STSA, B-SLICE, QP 41)            10944 bits [Y 32.9030 dB    U 37.6077 dB    V 39.0828 dB] [ET   726 ] [L0 0 2 ] [L1 2 4 ]
POC     3 TId: 5 (      STSA, B-SLICE, QP 41)            10224 bits [Y 32.3067 dB    U 37.1467 dB    V 38.5148 dB] [ET  1013 ] [L0 2 0 ] [L1 4 8 ]
POC     6 TId: 4 (      STSA, B-SLICE, QP 40)            18760 bits [Y 32.4243 dB    U 36.9392 dB    V 38.1906 dB] [ET  1405 ] [L0 4 0 ] [L1 8 16 ]
POC     5 TId: 5 (      STSA, B-SLICE, QP 41)             9184 bits [Y 32.2457 dB    U 37.0138 dB    V 38.4106 dB] [ET   931 ] [L0 4 0 ] [L1 6 8 ]
POC     7 TId: 5 (      STSA, B-SLICE, QP 41)             9040 bits [Y 32.2647 dB    U 36.7308 dB    V 37.9709 dB] [ET   898 ] [L0 6 4 ] [L1 8 16 ]
POC    12 TId: 3 (      STSA, B-SLICE, QP 38)            38256 bits [Y 32.7544 dB    U 37.1746 dB    V 37.9287 dB] [ET  2088 ] [L0 8 0 ] [L1 16 8 ]
POC    10 TId: 4 (      STSA, B-SLICE, QP 40)            20544 bits [Y 32.2217 dB    U 36.8731 dB    V 37.7207 dB] [ET  1497 ] [L0 8 0 ] [L1 12 16 ]
POC     9 TId: 5 (      STSA, B-SLICE, QP 41)             9944 bits [Y 32.1892 dB    U 36.8200 dB    V 37.9022 dB] [ET   955 ] [L0 8 0 ] [L1 10 12 ]
POC    11 TId: 5 (      STSA, B-SLICE, QP 41)             9680 bits [Y 32.0443 dB    U 36.9188 dB    V 37.6865 dB] [ET   914 ] [L0 10 8 ] [L1 12 16 ]
POC    14 TId: 4 (      STSA, B-SLICE, QP 40)            18792 bits [Y 32.3317 dB    U 37.0270 dB    V 37.8761 dB] [ET  1113 ] [L0 12 8 ] [L1 16 12 ]
POC    13 TId: 5 (      STSA, B-SLICE, QP 41)             9464 bits [Y 32.1376 dB    U 36.9333 dB    V 37.7593 dB] [ET   860 ] [L0 12 8 ] [L1 14 16 ]
POC    15 TId: 5 (      STSA, B-SLICE, QP 41)             8376 bits [Y 32.4020 dB    U 37.0249 dB    V 38.0751 dB] [ET   744 ] [L0 14 12 ] [L1 16 14 ]

	Total Frames |   Bitrate     Y-PSNR    U-PSNR    V-PSNR    YUV-PSNR   
	       17    a    1194.7906   32.8512   37.1841   38.3328   33.8625

 finished @ Sat Apr 15 16:09:42 2023
 Total Time:    20411.017 sec. [user]    20412.085 sec. [elapsed]

Level: 0
Inject Calls: 23595175419
Errors injected by bit:
	Bit 0: 23594018
	Bit 1: 23595138
	Bit 2: 23595678
	Bit 3: 23599467
	Bit 4: 23596873
	Bit 5: 23602215
	Bit 6: 23596140
	Bit 7: 23597872

Total errors injected: 188777401
