vvencFFapp: Fraunhofer VVC Encoder ver. 1.5.0 [Linux][GCC 11.3.0][64 bit][SIMD=AVX2]
 started @ Tue Apr 25 01:40:54 2023
CODING TOOL CFG: CTU128 QT44BTT21 IBD:1 SAO:1 ALF:1 (NonLinLuma:0 NonLinChr:0) CCALF:1 Tiles:1x1 Slices:1 WPP:0 WPP-Substreams:1 TMVP:1 DQ:1 SDH:0 CST:1 BDOF:1 DMVR:1 MTSImplicit:1 SBT:0 JCbCr:1 CabacInitPresent:1 AMVR:5 SMVD:3 LMCS:2 (Signal:SDR Opt:0) CIIP:0 MIP:1 AFFINE:2 (PROF:1, Type:1) MMVD:3 DisFracMMVD:1 SbTMVP:1 GPM:3 LFNST:1 MTS:0 ISP:3 TS:2 TSLog2MaxSize:4 useChromaTS:0 BDPCM:2 IBC:2 BCW:0 
ENC. ALG. CFG: QPA:0 HAD:1 RDQ:1 RDQTS:1 ASR:1 MinSearchWindow:96 RestrictMESampling:0 EDO:2 MCTF:2 
PRE-ANALYSIS CFG: STA:1 LeadFrames:0 TrailFrames:0 
FAST TOOL CFG: ECU:0 FEN:1 FDM:1 FastSearch:4 (SCC:2) LCTUFast:1 FastMrg:2 PBIntraFast:1 AMaxBT:1 FastQtBtEnc:1 ContentBasedFastQtbt:0 FastMIP:3 FastIntraTools:0 IntraEstDecBit:2 FastLocalDualTree:1 IntegerET:0 FastSubPel:1 QtbttExtraFast:3 FastTTSplit:0 IBCFastMethod:3 FIM:0 ALFSpeed:0 QuantThr: 4 
RATE CONTROL CFG: RateControl:0 LookAhead:0 
PARALLEL PROCESSING CFG: NumThreads:0 MaxParallelFrames:0 WppBitEqual:0 WF:0 

POC     0 TId: 0 (  IDR_N_LP, I-SLICE, QP 34, TF 2)      85368 bits [Y 35.6254 dB    U 39.1515 dB    V 40.0627 dB] [ET   338 ] [L0 ] [L1 ]
POC    16 TId: 1 (      STSA, B-SLICE, QP 40, TF 1)      15928 bits [Y 33.6044 dB    U 38.1623 dB    V 37.9139 dB] [ET   718 ] [L0 0 ] [L1 0 ]
POC     8 TId: 2 (      STSA, B-SLICE, QP 40, TF 0)      11144 bits [Y 33.9211 dB    U 38.3690 dB    V 39.0978 dB] [ET  1030 ] [L0 0 16 ] [L1 16 0 ]
POC     4 TId: 3 (      STSA, B-SLICE, QP 43)             6168 bits [Y 33.5101 dB    U 38.2858 dB    V 38.8532 dB] [ET   847 ] [L0 0 8 ] [L1 8 16 ]
POC     2 TId: 4 (      STSA, B-SLICE, QP 45)             2400 bits [Y 33.7742 dB    U 38.5530 dB    V 39.1103 dB] [ET   561 ] [L0 0 4 ] [L1 4 8 ]
POC     1 TId: 5 (      STSA, B-SLICE, QP 46)              240 bits [Y 35.6161 dB    U 39.1460 dB    V 40.0667 dB] [ET   219 ] [L0 0 2 ] [L1 2 4 ]
POC     3 TId: 5 (      STSA, B-SLICE, QP 46)             1536 bits [Y 33.2695 dB    U 38.1732 dB    V 38.5903 dB] [ET   392 ] [L0 2 0 ] [L1 4 8 ]
POC     6 TId: 4 (      STSA, B-SLICE, QP 45)             3120 bits [Y 33.0432 dB    U 38.1010 dB    V 38.4287 dB] [ET   623 ] [L0 4 0 ] [L1 8 16 ]
POC     5 TId: 5 (      STSA, B-SLICE, QP 46)             1392 bits [Y 32.7314 dB    U 38.0077 dB    V 38.5753 dB] [ET   477 ] [L0 4 0 ] [L1 6 8 ]
POC     7 TId: 5 (      STSA, B-SLICE, QP 46)             1744 bits [Y 32.8986 dB    U 38.1520 dB    V 38.4512 dB] [ET   414 ] [L0 6 4 ] [L1 8 16 ]
POC    12 TId: 3 (      STSA, B-SLICE, QP 43)             6856 bits [Y 32.9459 dB    U 37.9054 dB    V 38.2408 dB] [ET  1224 ] [L0 8 0 ] [L1 16 8 ]
POC    10 TId: 4 (      STSA, B-SLICE, QP 45)             3528 bits [Y 32.8085 dB    U 37.9687 dB    V 38.0946 dB] [ET   771 ] [L0 8 0 ] [L1 12 16 ]
POC     9 TId: 5 (      STSA, B-SLICE, QP 46)             1512 bits [Y 33.2005 dB    U 38.0840 dB    V 38.3674 dB] [ET   460 ] [L0 8 0 ] [L1 10 12 ]
POC    11 TId: 5 (      STSA, B-SLICE, QP 46)             1896 bits [Y 32.7772 dB    U 37.8957 dB    V 37.9656 dB] [ET   434 ] [L0 10 8 ] [L1 12 16 ]
POC    14 TId: 4 (      STSA, B-SLICE, QP 45)             3352 bits [Y 32.5882 dB    U 37.7969 dB    V 37.7391 dB] [ET   588 ] [L0 12 8 ] [L1 16 12 ]
POC    13 TId: 5 (      STSA, B-SLICE, QP 46)             1592 bits [Y 32.5017 dB    U 37.9507 dB    V 37.9397 dB] [ET   443 ] [L0 12 8 ] [L1 14 16 ]
POC    15 TId: 5 (      STSA, B-SLICE, QP 46)             1432 bits [Y 32.7338 dB    U 37.8718 dB    V 37.6989 dB] [ET   295 ] [L0 14 12 ] [L1 16 14 ]

	Total Frames |   Bitrate     Y-PSNR    U-PSNR    V-PSNR    YUV-PSNR   
	       17    a     438.8471   33.3853   38.2103   38.5409   34.4286

 finished @ Tue Apr 25 04:25:05 2023
 Total Time:     9847.062 sec. [user]     9851.237 sec. [elapsed]

Level: 0
Inject Calls: 10899031893
Errors injected by bit:
	Bit 0: 10900106
	Bit 1: 10895065
	Bit 2: 10903360
	Bit 3: 10902914
	Bit 4: 10895032
	Bit 5: 10897122
	Bit 6: 10901774
	Bit 7: 10904220

Total errors injected: 87199593
