vvencFFapp: Fraunhofer VVC Encoder ver. 1.5.0 [Linux][GCC 11.3.0][64 bit][SIMD=AVX2]
 started @ Sat Apr 15 10:29:30 2023
CODING TOOL CFG: CTU128 QT44BTT21 IBD:1 SAO:1 ALF:1 (NonLinLuma:0 NonLinChr:0) CCALF:1 Tiles:1x1 Slices:1 WPP:0 WPP-Substreams:1 TMVP:1 DQ:1 SDH:0 CST:1 BDOF:1 DMVR:1 MTSImplicit:1 SBT:0 JCbCr:1 CabacInitPresent:1 AMVR:5 SMVD:3 LMCS:2 (Signal:SDR Opt:0) CIIP:0 MIP:1 AFFINE:2 (PROF:1, Type:1) MMVD:3 DisFracMMVD:1 SbTMVP:1 GPM:3 LFNST:1 MTS:0 ISP:3 TS:2 TSLog2MaxSize:4 useChromaTS:0 BDPCM:2 IBC:2 BCW:0 
ENC. ALG. CFG: QPA:0 HAD:1 RDQ:1 RDQTS:1 ASR:1 MinSearchWindow:96 RestrictMESampling:0 EDO:2 MCTF:2 
PRE-ANALYSIS CFG: STA:1 LeadFrames:0 TrailFrames:0 
FAST TOOL CFG: ECU:0 FEN:1 FDM:1 FastSearch:4 (SCC:2) LCTUFast:1 FastMrg:2 PBIntraFast:1 AMaxBT:1 FastQtBtEnc:1 ContentBasedFastQtbt:0 FastMIP:3 FastIntraTools:0 IntraEstDecBit:2 FastLocalDualTree:1 IntegerET:0 FastSubPel:1 QtbttExtraFast:3 FastTTSplit:0 IBCFastMethod:3 FIM:0 ALFSpeed:0 QuantThr: 4 
RATE CONTROL CFG: RateControl:0 LookAhead:0 
PARALLEL PROCESSING CFG: NumThreads:0 MaxParallelFrames:0 WppBitEqual:0 WF:0 

POC     0 TId: 0 (  IDR_N_LP, I-SLICE, QP 29, TF 2)     245544 bits [Y 36.0242 dB    U 38.6082 dB    V 40.2672 dB] [ET   259 ] [L0 ] [L1 ]
POC    16 TId: 1 (      STSA, B-SLICE, QP 34, TF 1)     118304 bits [Y 34.6679 dB    U 37.5118 dB    V 38.6605 dB] [ET  1538 ] [L0 0 ] [L1 0 ]
POC     8 TId: 2 (      STSA, B-SLICE, QP 35, TF 0)      83016 bits [Y 33.7938 dB    U 37.1000 dB    V 38.3004 dB] [ET  1886 ] [L0 0 16 ] [L1 16 0 ]
POC     4 TId: 3 (      STSA, B-SLICE, QP 38)            35896 bits [Y 33.0098 dB    U 37.1827 dB    V 38.4628 dB] [ET  2275 ] [L0 0 8 ] [L1 8 16 ]
POC     2 TId: 4 (      STSA, B-SLICE, QP 40)            19720 bits [Y 32.6928 dB    U 37.4794 dB    V 38.9746 dB] [ET  1141 ] [L0 0 4 ] [L1 4 8 ]
POC     1 TId: 5 (      STSA, B-SLICE, QP 41)            10704 bits [Y 32.9338 dB    U 37.5575 dB    V 39.1544 dB] [ET   716 ] [L0 0 2 ] [L1 2 4 ]
POC     3 TId: 5 (      STSA, B-SLICE, QP 41)            10424 bits [Y 32.3013 dB    U 37.1314 dB    V 38.5228 dB] [ET   916 ] [L0 2 0 ] [L1 4 8 ]
POC     6 TId: 4 (      STSA, B-SLICE, QP 40)            18456 bits [Y 32.3922 dB    U 36.9573 dB    V 38.1360 dB] [ET  1556 ] [L0 4 0 ] [L1 8 16 ]
POC     5 TId: 5 (      STSA, B-SLICE, QP 41)             9160 bits [Y 32.2814 dB    U 36.9646 dB    V 38.2917 dB] [ET   956 ] [L0 4 0 ] [L1 6 8 ]
POC     7 TId: 5 (      STSA, B-SLICE, QP 41)             9560 bits [Y 32.3133 dB    U 36.7470 dB    V 38.0059 dB] [ET  1096 ] [L0 6 4 ] [L1 8 16 ]
POC    12 TId: 3 (      STSA, B-SLICE, QP 38)            37640 bits [Y 32.8096 dB    U 37.1483 dB    V 37.9106 dB] [ET  1930 ] [L0 8 0 ] [L1 16 8 ]
POC    10 TId: 4 (      STSA, B-SLICE, QP 40)            20696 bits [Y 32.2180 dB    U 36.9022 dB    V 37.7717 dB] [ET  1572 ] [L0 8 0 ] [L1 12 16 ]
POC     9 TId: 5 (      STSA, B-SLICE, QP 41)             9704 bits [Y 32.1941 dB    U 36.8423 dB    V 37.8938 dB] [ET   973 ] [L0 8 0 ] [L1 10 12 ]
POC    11 TId: 5 (      STSA, B-SLICE, QP 41)             9776 bits [Y 32.0381 dB    U 36.9091 dB    V 37.6692 dB] [ET   932 ] [L0 10 8 ] [L1 12 16 ]
POC    14 TId: 4 (      STSA, B-SLICE, QP 40)            18568 bits [Y 32.3164 dB    U 37.0439 dB    V 38.0001 dB] [ET  1159 ] [L0 12 8 ] [L1 16 12 ]
POC    13 TId: 5 (      STSA, B-SLICE, QP 41)             9080 bits [Y 32.1046 dB    U 36.8916 dB    V 37.8139 dB] [ET   858 ] [L0 12 8 ] [L1 14 16 ]
POC    15 TId: 5 (      STSA, B-SLICE, QP 41)             8552 bits [Y 32.4413 dB    U 37.1169 dB    V 38.1837 dB] [ET   716 ] [L0 14 12 ] [L1 16 14 ]

	Total Frames |   Bitrate     Y-PSNR    U-PSNR    V-PSNR    YUV-PSNR   
	       17    a    1190.8235   32.8549   37.1820   38.3541   33.8669

 finished @ Sat Apr 15 16:11:02 2023
 Total Time:    20490.772 sec. [user]    20491.808 sec. [elapsed]

Level: 0
Inject Calls: 23453612980
Errors injected by bit:
	Bit 0: 23462511
	Bit 1: 23460096
	Bit 2: 23446351
	Bit 3: 23454836
	Bit 4: 23458043
	Bit 5: 23451103
	Bit 6: 23448748
	Bit 7: 23458400

Total errors injected: 187640088
