vvencFFapp: Fraunhofer VVC Encoder ver. 1.5.0 [Linux][GCC 11.3.0][64 bit][SIMD=AVX2]
 started @ Mon Apr 10 14:37:23 2023
CODING TOOL CFG: CTU128 QT44BTT21 IBD:1 SAO:1 ALF:1 (NonLinLuma:0 NonLinChr:0) CCALF:1 Tiles:1x1 Slices:1 WPP:0 WPP-Substreams:1 TMVP:1 DQ:1 SDH:0 CST:1 BDOF:1 DMVR:1 MTSImplicit:1 SBT:0 JCbCr:1 CabacInitPresent:1 AMVR:5 SMVD:3 LMCS:2 (Signal:SDR Opt:0) CIIP:0 MIP:1 AFFINE:2 (PROF:1, Type:1) MMVD:3 DisFracMMVD:1 SbTMVP:1 GPM:3 LFNST:1 MTS:0 ISP:3 TS:2 TSLog2MaxSize:4 useChromaTS:0 BDPCM:2 IBC:2 BCW:0 
ENC. ALG. CFG: QPA:0 HAD:1 RDQ:1 RDQTS:1 ASR:1 MinSearchWindow:96 RestrictMESampling:0 EDO:2 MCTF:2 
PRE-ANALYSIS CFG: STA:1 LeadFrames:0 TrailFrames:0 
FAST TOOL CFG: ECU:0 FEN:1 FDM:1 FastSearch:4 (SCC:2) LCTUFast:1 FastMrg:2 PBIntraFast:1 AMaxBT:1 FastQtBtEnc:1 ContentBasedFastQtbt:0 FastMIP:3 FastIntraTools:0 IntraEstDecBit:2 FastLocalDualTree:1 IntegerET:0 FastSubPel:1 QtbttExtraFast:3 FastTTSplit:0 IBCFastMethod:3 FIM:0 ALFSpeed:0 QuantThr: 4 
RATE CONTROL CFG: RateControl:0 LookAhead:0 
PARALLEL PROCESSING CFG: NumThreads:0 MaxParallelFrames:0 WppBitEqual:0 WF:0 

POC     0 TId: 0 (  IDR_N_LP, I-SLICE, QP 19, TF 3)     581848 bits [Y 42.2672 dB    U 45.0524 dB    V 46.9660 dB] [ET   515 ] [L0 ] [L1 ]
POC    16 TId: 1 (      STSA, B-SLICE, QP 22, TF 2)     216336 bits [Y 41.6037 dB    U 44.1725 dB    V 45.8738 dB] [ET  1203 ] [L0 0 ] [L1 0 ]
POC     8 TId: 2 (      STSA, B-SLICE, QP 23, TF 1)      98488 bits [Y 40.9380 dB    U 44.1594 dB    V 46.0089 dB] [ET  1310 ] [L0 0 16 ] [L1 16 0 ]
POC     4 TId: 3 (      STSA, B-SLICE, QP 26, TF 0)      43896 bits [Y 40.5569 dB    U 44.3355 dB    V 46.1737 dB] [ET  1074 ] [L0 0 8 ] [L1 8 16 ]
POC     2 TId: 4 (      STSA, B-SLICE, QP 28)            20760 bits [Y 40.5469 dB    U 44.6348 dB    V 46.4727 dB] [ET   695 ] [L0 0 4 ] [L1 4 8 ]
POC     1 TId: 5 (      STSA, B-SLICE, QP 29)             8968 bits [Y 40.8537 dB    U 44.8214 dB    V 46.6880 dB] [ET   528 ] [L0 0 2 ] [L1 2 4 ]
POC     3 TId: 5 (      STSA, B-SLICE, QP 29)            10088 bits [Y 40.2135 dB    U 44.5022 dB    V 46.2647 dB] [ET   619 ] [L0 2 0 ] [L1 4 8 ]
POC     6 TId: 4 (      STSA, B-SLICE, QP 28)            21888 bits [Y 40.1455 dB    U 44.1252 dB    V 45.9205 dB] [ET   799 ] [L0 4 0 ] [L1 8 16 ]
POC     5 TId: 5 (      STSA, B-SLICE, QP 29)            10296 bits [Y 40.0215 dB    U 44.0894 dB    V 45.9707 dB] [ET   589 ] [L0 4 0 ] [L1 6 8 ]
POC     7 TId: 5 (      STSA, B-SLICE, QP 29)             9600 bits [Y 40.0802 dB    U 44.1508 dB    V 45.8381 dB] [ET   629 ] [L0 6 4 ] [L1 8 16 ]
POC    12 TId: 3 (      STSA, B-SLICE, QP 26, TF 0)      48408 bits [Y 40.2458 dB    U 43.9524 dB    V 45.5784 dB] [ET  1292 ] [L0 8 0 ] [L1 16 8 ]
POC    10 TId: 4 (      STSA, B-SLICE, QP 28)            23712 bits [Y 40.0413 dB    U 43.9745 dB    V 45.6450 dB] [ET   978 ] [L0 8 0 ] [L1 12 16 ]
POC     9 TId: 5 (      STSA, B-SLICE, QP 29)            10056 bits [Y 40.0059 dB    U 44.0776 dB    V 45.8169 dB] [ET   620 ] [L0 8 0 ] [L1 10 12 ]
POC    11 TId: 5 (      STSA, B-SLICE, QP 29)            11088 bits [Y 39.8432 dB    U 43.9155 dB    V 45.6760 dB] [ET   625 ] [L0 10 8 ] [L1 12 16 ]
POC    14 TId: 4 (      STSA, B-SLICE, QP 28)            27200 bits [Y 39.9858 dB    U 43.8806 dB    V 45.4341 dB] [ET   745 ] [L0 12 8 ] [L1 16 12 ]
POC    13 TId: 5 (      STSA, B-SLICE, QP 29)            13008 bits [Y 39.7814 dB    U 43.8252 dB    V 45.5254 dB] [ET   692 ] [L0 12 8 ] [L1 14 16 ]
POC    15 TId: 5 (      STSA, B-SLICE, QP 29)            14120 bits [Y 39.9481 dB    U 43.9372 dB    V 45.4714 dB] [ET   539 ] [L0 14 12 ] [L1 16 14 ]

	Total Frames |   Bitrate     Y-PSNR    U-PSNR    V-PSNR    YUV-PSNR   
	       17    a    4128.5647   40.4164   44.2122   45.9602   41.4397

 finished @ Mon Apr 10 18:21:52 2023
 Total Time:    13441.277 sec. [user]    13468.417 sec. [elapsed]

Level: 0
Inject Calls: 14592891348
Errors injected by bit:
	Bit 0: 14592669
	Bit 1: 14591448
	Bit 2: 14592007
	Bit 3: 14591902
	Bit 4: 14587620
	Bit 5: 14592960
	Bit 6: 14595181
	Bit 7: 14593497

Total errors injected: 116737284
