vvencFFapp: Fraunhofer VVC Encoder ver. 1.5.0 [Linux][GCC 11.3.0][64 bit][SIMD=AVX2]
 started @ Tue Apr 11 01:57:37 2023
CODING TOOL CFG: CTU128 QT44BTT21 IBD:1 SAO:1 ALF:1 (NonLinLuma:0 NonLinChr:0) CCALF:1 Tiles:1x1 Slices:1 WPP:0 WPP-Substreams:1 TMVP:1 DQ:1 SDH:0 CST:1 BDOF:1 DMVR:1 MTSImplicit:1 SBT:0 JCbCr:1 CabacInitPresent:1 AMVR:5 SMVD:3 LMCS:2 (Signal:SDR Opt:0) CIIP:0 MIP:1 AFFINE:2 (PROF:1, Type:1) MMVD:3 DisFracMMVD:1 SbTMVP:1 GPM:3 LFNST:1 MTS:0 ISP:3 TS:2 TSLog2MaxSize:4 useChromaTS:0 BDPCM:2 IBC:2 BCW:0 
ENC. ALG. CFG: QPA:0 HAD:1 RDQ:1 RDQTS:1 ASR:1 MinSearchWindow:96 RestrictMESampling:0 EDO:2 MCTF:2 
PRE-ANALYSIS CFG: STA:1 LeadFrames:0 TrailFrames:0 
FAST TOOL CFG: ECU:0 FEN:1 FDM:1 FastSearch:4 (SCC:2) LCTUFast:1 FastMrg:2 PBIntraFast:1 AMaxBT:1 FastQtBtEnc:1 ContentBasedFastQtbt:0 FastMIP:3 FastIntraTools:0 IntraEstDecBit:2 FastLocalDualTree:1 IntegerET:0 FastSubPel:1 QtbttExtraFast:3 FastTTSplit:0 IBCFastMethod:3 FIM:0 ALFSpeed:0 QuantThr: 4 
RATE CONTROL CFG: RateControl:0 LookAhead:0 
PARALLEL PROCESSING CFG: NumThreads:0 MaxParallelFrames:0 WppBitEqual:0 WF:0 

POC     0 TId: 0 (  IDR_N_LP, I-SLICE, QP 24, TF 3)     377624 bits [Y 40.2668 dB    U 43.0828 dB    V 44.6158 dB] [ET   362 ] [L0 ] [L1 ]
POC    16 TId: 1 (      STSA, B-SLICE, QP 28, TF 2)     102256 bits [Y 38.7024 dB    U 42.0694 dB    V 43.2645 dB] [ET   886 ] [L0 0 ] [L1 0 ]
POC     8 TId: 2 (      STSA, B-SLICE, QP 29, TF 1)      44088 bits [Y 38.5806 dB    U 42.2443 dB    V 43.6464 dB] [ET  1040 ] [L0 0 16 ] [L1 16 0 ]
POC     4 TId: 3 (      STSA, B-SLICE, QP 32, TF 0)      19096 bits [Y 38.3359 dB    U 42.4532 dB    V 43.8017 dB] [ET   893 ] [L0 0 8 ] [L1 8 16 ]
POC     2 TId: 4 (      STSA, B-SLICE, QP 34)             8248 bits [Y 38.3892 dB    U 42.7883 dB    V 44.2326 dB] [ET   568 ] [L0 0 4 ] [L1 4 8 ]
POC     1 TId: 5 (      STSA, B-SLICE, QP 36)             2800 bits [Y 38.7044 dB    U 42.8783 dB    V 44.4545 dB] [ET   390 ] [L0 0 2 ] [L1 2 4 ]
POC     3 TId: 5 (      STSA, B-SLICE, QP 36)             3112 bits [Y 37.8538 dB    U 42.6467 dB    V 44.0714 dB] [ET   407 ] [L0 2 0 ] [L1 4 8 ]
POC     6 TId: 4 (      STSA, B-SLICE, QP 34)             8888 bits [Y 37.8738 dB    U 42.3752 dB    V 43.6895 dB] [ET   732 ] [L0 4 0 ] [L1 8 16 ]
POC     5 TId: 5 (      STSA, B-SLICE, QP 36)             3440 bits [Y 37.6854 dB    U 42.3993 dB    V 43.7641 dB] [ET   435 ] [L0 4 0 ] [L1 6 8 ]
POC     7 TId: 5 (      STSA, B-SLICE, QP 36)             3016 bits [Y 37.8052 dB    U 42.3420 dB    V 43.6691 dB] [ET   455 ] [L0 6 4 ] [L1 8 16 ]
POC    12 TId: 3 (      STSA, B-SLICE, QP 32, TF 0)      21736 bits [Y 37.8109 dB    U 41.9800 dB    V 43.1925 dB] [ET   969 ] [L0 8 0 ] [L1 16 8 ]
POC    10 TId: 4 (      STSA, B-SLICE, QP 34)             9472 bits [Y 37.6536 dB    U 42.1282 dB    V 43.3348 dB] [ET   686 ] [L0 8 0 ] [L1 12 16 ]
POC     9 TId: 5 (      STSA, B-SLICE, QP 36)             3328 bits [Y 37.6325 dB    U 42.2127 dB    V 43.5417 dB] [ET   407 ] [L0 8 0 ] [L1 10 12 ]
POC    11 TId: 5 (      STSA, B-SLICE, QP 36)             3424 bits [Y 37.3428 dB    U 42.0282 dB    V 43.2882 dB] [ET   421 ] [L0 10 8 ] [L1 12 16 ]
POC    14 TId: 4 (      STSA, B-SLICE, QP 34)            10744 bits [Y 37.4530 dB    U 41.9659 dB    V 43.0922 dB] [ET   579 ] [L0 12 8 ] [L1 16 12 ]
POC    13 TId: 5 (      STSA, B-SLICE, QP 36)             4144 bits [Y 37.2080 dB    U 41.9265 dB    V 43.1565 dB] [ET   478 ] [L0 12 8 ] [L1 14 16 ]
POC    15 TId: 5 (      STSA, B-SLICE, QP 36)             4224 bits [Y 37.3771 dB    U 42.0094 dB    V 43.1405 dB] [ET   361 ] [L0 14 12 ] [L1 16 14 ]

	Total Frames |   Bitrate     Y-PSNR    U-PSNR    V-PSNR    YUV-PSNR   
	       17    a    2222.2588   38.0397   42.3253   43.6445   39.0985

 finished @ Tue Apr 11 04:45:44 2023
 Total Time:    10068.395 sec. [user]    10086.750 sec. [elapsed]

Level: 0
Inject Calls: 11131423441
Errors injected by bit:
	Bit 0: 1112862
	Bit 1: 1112952
	Bit 2: 1112516
	Bit 3: 1114661
	Bit 4: 1113865
	Bit 5: 1112184
	Bit 6: 1114669
	Bit 7: 1113497

Total errors injected: 8907206
