vvencFFapp: Fraunhofer VVC Encoder ver. 1.5.0 [Linux][GCC 11.3.0][64 bit][SIMD=AVX2]
 started @ Fri Apr 14 13:04:08 2023
CODING TOOL CFG: CTU128 QT44BTT21 IBD:1 SAO:1 ALF:1 (NonLinLuma:0 NonLinChr:0) CCALF:1 Tiles:1x1 Slices:1 WPP:0 WPP-Substreams:1 TMVP:1 DQ:1 SDH:0 CST:1 BDOF:1 DMVR:1 MTSImplicit:1 SBT:0 JCbCr:1 CabacInitPresent:1 AMVR:5 SMVD:3 LMCS:2 (Signal:SDR Opt:0) CIIP:0 MIP:1 AFFINE:2 (PROF:1, Type:1) MMVD:3 DisFracMMVD:1 SbTMVP:1 GPM:3 LFNST:1 MTS:0 ISP:3 TS:2 TSLog2MaxSize:4 useChromaTS:0 BDPCM:2 IBC:2 BCW:0 
ENC. ALG. CFG: QPA:0 HAD:1 RDQ:1 RDQTS:1 ASR:1 MinSearchWindow:96 RestrictMESampling:0 EDO:2 MCTF:2 
PRE-ANALYSIS CFG: STA:1 LeadFrames:0 TrailFrames:0 
FAST TOOL CFG: ECU:0 FEN:1 FDM:1 FastSearch:4 (SCC:2) LCTUFast:1 FastMrg:2 PBIntraFast:1 AMaxBT:1 FastQtBtEnc:1 ContentBasedFastQtbt:0 FastMIP:3 FastIntraTools:0 IntraEstDecBit:2 FastLocalDualTree:1 IntegerET:0 FastSubPel:1 QtbttExtraFast:3 FastTTSplit:0 IBCFastMethod:3 FIM:0 ALFSpeed:0 QuantThr: 4 
RATE CONTROL CFG: RateControl:0 LookAhead:0 
PARALLEL PROCESSING CFG: NumThreads:0 MaxParallelFrames:0 WppBitEqual:0 WF:0 

POC     0 TId: 0 (  IDR_N_LP, I-SLICE, QP 24, TF 3)     399128 bits [Y 38.6505 dB    U 40.8666 dB    V 42.1124 dB] [ET   353 ] [L0 ] [L1 ]
POC    16 TId: 1 (      STSA, B-SLICE, QP 28, TF 2)     240096 bits [Y 38.5620 dB    U 40.3226 dB    V 41.5133 dB] [ET  1874 ] [L0 0 ] [L1 0 ]
POC     8 TId: 2 (      STSA, B-SLICE, QP 29, TF 1)     179744 bits [Y 37.2299 dB    U 39.5375 dB    V 40.7723 dB] [ET  2300 ] [L0 0 16 ] [L1 16 0 ]
POC     4 TId: 3 (      STSA, B-SLICE, QP 32, TF 0)      77192 bits [Y 35.9254 dB    U 39.1520 dB    V 40.2745 dB] [ET  2067 ] [L0 0 8 ] [L1 8 16 ]
POC     2 TId: 4 (      STSA, B-SLICE, QP 34)            44952 bits [Y 35.6426 dB    U 39.3015 dB    V 40.4298 dB] [ET  1513 ] [L0 0 4 ] [L1 4 8 ]
POC     1 TId: 5 (      STSA, B-SLICE, QP 36)            23336 bits [Y 35.3206 dB    U 39.5271 dB    V 40.7375 dB] [ET   951 ] [L0 0 2 ] [L1 2 4 ]
POC     3 TId: 5 (      STSA, B-SLICE, QP 36)            21040 bits [Y 34.8865 dB    U 38.9415 dB    V 40.1225 dB] [ET  1123 ] [L0 2 0 ] [L1 4 8 ]
POC     6 TId: 4 (      STSA, B-SLICE, QP 34)            43264 bits [Y 35.4288 dB    U 38.9027 dB    V 40.0907 dB] [ET  1965 ] [L0 4 0 ] [L1 8 16 ]
POC     5 TId: 5 (      STSA, B-SLICE, QP 36)            19752 bits [Y 34.8672 dB    U 38.7731 dB    V 40.0541 dB] [ET  1288 ] [L0 4 0 ] [L1 6 8 ]
POC     7 TId: 5 (      STSA, B-SLICE, QP 36)            20320 bits [Y 34.9674 dB    U 38.6987 dB    V 40.0001 dB] [ET  1184 ] [L0 6 4 ] [L1 8 16 ]
POC    12 TId: 3 (      STSA, B-SLICE, QP 32, TF 0)      79696 bits [Y 35.7669 dB    U 39.2114 dB    V 40.0497 dB] [ET  2379 ] [L0 8 0 ] [L1 16 8 ]
POC    10 TId: 4 (      STSA, B-SLICE, QP 34)            47152 bits [Y 35.3515 dB    U 38.8160 dB    V 39.6786 dB] [ET  1913 ] [L0 8 0 ] [L1 12 16 ]
POC     9 TId: 5 (      STSA, B-SLICE, QP 36)            20368 bits [Y 34.9625 dB    U 38.7142 dB    V 39.9537 dB] [ET  1197 ] [L0 8 0 ] [L1 10 12 ]
POC    11 TId: 5 (      STSA, B-SLICE, QP 36)            21104 bits [Y 34.7215 dB    U 38.8019 dB    V 39.6034 dB] [ET  1218 ] [L0 10 8 ] [L1 12 16 ]
POC    14 TId: 4 (      STSA, B-SLICE, QP 34)            45136 bits [Y 35.3191 dB    U 39.0018 dB    V 39.9873 dB] [ET  1506 ] [L0 12 8 ] [L1 16 12 ]
POC    13 TId: 5 (      STSA, B-SLICE, QP 36)            19320 bits [Y 34.7281 dB    U 38.8385 dB    V 39.7989 dB] [ET  1168 ] [L0 12 8 ] [L1 14 16 ]
POC    15 TId: 5 (      STSA, B-SLICE, QP 36)            19248 bits [Y 34.9687 dB    U 39.2500 dB    V 40.4038 dB] [ET   980 ] [L0 14 12 ] [L1 16 14 ]

	Total Frames |   Bitrate     Y-PSNR    U-PSNR    V-PSNR    YUV-PSNR   
	       17    a    2330.9082   35.7235   39.2151   40.3284   36.5713

 finished @ Fri Apr 14 20:00:43 2023
 Total Time:    24993.957 sec. [user]    24995.213 sec. [elapsed]

Level: 0
Inject Calls: 28288227558
Errors injected by bit:
	Bit 0: 28290755
	Bit 1: 28280914
	Bit 2: 28277851
	Bit 3: 28297347
	Bit 4: 28288533
	Bit 5: 28294302
	Bit 6: 28293979
	Bit 7: 28288856

Total errors injected: 226312537
