vvencFFapp: Fraunhofer VVC Encoder ver. 1.5.0 [Linux][GCC 11.3.0][64 bit][SIMD=AVX2]
 started @ Thu Apr  6 19:40:15 2023
CODING TOOL CFG: CTU128 QT44BTT21 IBD:1 SAO:1 ALF:1 (NonLinLuma:0 NonLinChr:0) CCALF:1 Tiles:1x1 Slices:1 WPP:0 WPP-Substreams:1 TMVP:1 DQ:1 SDH:0 CST:1 BDOF:1 DMVR:1 MTSImplicit:1 SBT:0 JCbCr:1 CabacInitPresent:1 AMVR:5 SMVD:3 LMCS:2 (Signal:SDR Opt:0) CIIP:0 MIP:1 AFFINE:2 (PROF:1, Type:1) MMVD:3 DisFracMMVD:1 SbTMVP:1 GPM:3 LFNST:1 MTS:0 ISP:3 TS:2 TSLog2MaxSize:4 useChromaTS:0 BDPCM:2 IBC:2 BCW:0 
ENC. ALG. CFG: QPA:0 HAD:1 RDQ:1 RDQTS:1 ASR:1 MinSearchWindow:96 RestrictMESampling:0 EDO:2 MCTF:2 
PRE-ANALYSIS CFG: STA:1 LeadFrames:0 TrailFrames:0 
FAST TOOL CFG: ECU:0 FEN:1 FDM:1 FastSearch:4 (SCC:2) LCTUFast:1 FastMrg:2 PBIntraFast:1 AMaxBT:1 FastQtBtEnc:1 ContentBasedFastQtbt:0 FastMIP:3 FastIntraTools:0 IntraEstDecBit:2 FastLocalDualTree:1 IntegerET:0 FastSubPel:1 QtbttExtraFast:3 FastTTSplit:0 IBCFastMethod:3 FIM:0 ALFSpeed:0 QuantThr: 4 
RATE CONTROL CFG: RateControl:0 LookAhead:0 
PARALLEL PROCESSING CFG: NumThreads:0 MaxParallelFrames:0 WppBitEqual:0 WF:0 

POC     0 TId: 0 (  IDR_N_LP, I-SLICE, QP 24, TF 3)     303696 bits [Y 41.6478 dB    U 43.8365 dB    V 45.0113 dB] [ET   396 ] [L0 ] [L1 ]
POC    16 TId: 1 (      STSA, B-SLICE, QP 28, TF 2)      65088 bits [Y 39.5634 dB    U 42.4335 dB    V 43.1643 dB] [ET   909 ] [L0 0 ] [L1 0 ]
POC     8 TId: 2 (      STSA, B-SLICE, QP 29, TF 1)      38360 bits [Y 39.4633 dB    U 42.5381 dB    V 43.5805 dB] [ET  1179 ] [L0 0 16 ] [L1 16 0 ]
POC     4 TId: 3 (      STSA, B-SLICE, QP 32, TF 0)      22912 bits [Y 39.1212 dB    U 42.1701 dB    V 43.1197 dB] [ET  1309 ] [L0 0 8 ] [L1 8 16 ]
POC     2 TId: 4 (      STSA, B-SLICE, QP 34)            10704 bits [Y 39.1671 dB    U 42.6576 dB    V 43.4794 dB] [ET  1032 ] [L0 0 4 ] [L1 4 8 ]
POC     1 TId: 5 (      STSA, B-SLICE, QP 36)              240 bits [Y 41.6478 dB    U 43.8365 dB    V 45.0113 dB] [ET   270 ] [L0 0 2 ] [L1 2 4 ]
POC     3 TId: 5 (      STSA, B-SLICE, QP 36)             6640 bits [Y 38.4875 dB    U 42.1590 dB    V 42.9240 dB] [ET   714 ] [L0 2 0 ] [L1 4 8 ]
POC     6 TId: 4 (      STSA, B-SLICE, QP 34)            14272 bits [Y 38.6893 dB    U 42.0943 dB    V 42.9420 dB] [ET  1089 ] [L0 4 0 ] [L1 8 16 ]
POC     5 TId: 5 (      STSA, B-SLICE, QP 36)             7016 bits [Y 38.0929 dB    U 41.9324 dB    V 42.7269 dB] [ET   650 ] [L0 4 0 ] [L1 6 8 ]
POC     7 TId: 5 (      STSA, B-SLICE, QP 36)             6960 bits [Y 38.0080 dB    U 42.1919 dB    V 42.9301 dB] [ET   701 ] [L0 6 4 ] [L1 8 16 ]
POC    12 TId: 3 (      STSA, B-SLICE, QP 32, TF 0)      26304 bits [Y 38.5214 dB    U 41.7853 dB    V 42.6001 dB] [ET  1413 ] [L0 8 0 ] [L1 16 8 ]
POC    10 TId: 4 (      STSA, B-SLICE, QP 34)            15872 bits [Y 38.2890 dB    U 41.7731 dB    V 42.4509 dB] [ET  1202 ] [L0 8 0 ] [L1 12 16 ]
POC     9 TId: 5 (      STSA, B-SLICE, QP 36)             6912 bits [Y 38.3582 dB    U 42.0461 dB    V 42.7331 dB] [ET   709 ] [L0 8 0 ] [L1 10 12 ]
POC    11 TId: 5 (      STSA, B-SLICE, QP 36)             8040 bits [Y 38.0194 dB    U 41.8339 dB    V 42.2395 dB] [ET   693 ] [L0 10 8 ] [L1 12 16 ]
POC    14 TId: 4 (      STSA, B-SLICE, QP 34)            16376 bits [Y 38.2320 dB    U 41.6423 dB    V 42.0581 dB] [ET   917 ] [L0 12 8 ] [L1 16 12 ]
POC    13 TId: 5 (      STSA, B-SLICE, QP 36)             7648 bits [Y 37.8421 dB    U 41.7336 dB    V 42.0570 dB] [ET   704 ] [L0 12 8 ] [L1 14 16 ]
POC    15 TId: 5 (      STSA, B-SLICE, QP 36)             6744 bits [Y 37.9235 dB    U 41.7739 dB    V 42.1276 dB] [ET   497 ] [L0 14 12 ] [L1 16 14 ]

	Total Frames |   Bitrate     Y-PSNR    U-PSNR    V-PSNR    YUV-PSNR   
	       17    a    1658.1882   38.8867   42.2611   43.0092   39.6969

 finished @ Thu Apr  6 23:40:14 2023
 Total Time:    14389.907 sec. [user]    14398.925 sec. [elapsed]

Level: 0
Inject Calls: 15899048405
Errors injected by bit:
	Bit 0: 15898348
	Bit 1: 15897113
	Bit 2: 15898514
	Bit 3: 15902380
	Bit 4: 15892238
	Bit 5: 15895109
	Bit 6: 15905781
	Bit 7: 15895779

Total errors injected: 127185262
