vvencFFapp: Fraunhofer VVC Encoder ver. 1.5.0 [Linux][GCC 11.3.0][64 bit][SIMD=AVX2]
 started @ Thu Apr 13 19:08:48 2023
CODING TOOL CFG: CTU128 QT44BTT21 IBD:1 SAO:1 ALF:1 (NonLinLuma:0 NonLinChr:0) CCALF:1 Tiles:1x1 Slices:1 WPP:0 WPP-Substreams:1 TMVP:1 DQ:1 SDH:0 CST:1 BDOF:1 DMVR:1 MTSImplicit:1 SBT:0 JCbCr:1 CabacInitPresent:1 AMVR:5 SMVD:3 LMCS:2 (Signal:SDR Opt:0) CIIP:0 MIP:1 AFFINE:2 (PROF:1, Type:1) MMVD:3 DisFracMMVD:1 SbTMVP:1 GPM:3 LFNST:1 MTS:0 ISP:3 TS:2 TSLog2MaxSize:4 useChromaTS:0 BDPCM:2 IBC:2 BCW:0 
ENC. ALG. CFG: QPA:0 HAD:1 RDQ:1 RDQTS:1 ASR:1 MinSearchWindow:96 RestrictMESampling:0 EDO:2 MCTF:2 
PRE-ANALYSIS CFG: STA:1 LeadFrames:0 TrailFrames:0 
FAST TOOL CFG: ECU:0 FEN:1 FDM:1 FastSearch:4 (SCC:2) LCTUFast:1 FastMrg:2 PBIntraFast:1 AMaxBT:1 FastQtBtEnc:1 ContentBasedFastQtbt:0 FastMIP:3 FastIntraTools:0 IntraEstDecBit:2 FastLocalDualTree:1 IntegerET:0 FastSubPel:1 QtbttExtraFast:3 FastTTSplit:0 IBCFastMethod:3 FIM:0 ALFSpeed:0 QuantThr: 4 
RATE CONTROL CFG: RateControl:0 LookAhead:0 
PARALLEL PROCESSING CFG: NumThreads:0 MaxParallelFrames:0 WppBitEqual:0 WF:0 

POC     0 TId: 0 (  IDR_N_LP, I-SLICE, QP 19, TF 3)     629392 bits [Y 41.1842 dB    U 43.2214 dB    V 44.1771 dB] [ET   419 ] [L0 ] [L1 ]
POC    16 TId: 1 (      STSA, B-SLICE, QP 22, TF 2)     439288 bits [Y 42.3153 dB    U 43.3640 dB    V 44.2541 dB] [ET  2023 ] [L0 0 ] [L1 0 ]
POC     8 TId: 2 (      STSA, B-SLICE, QP 23, TF 1)     349680 bits [Y 40.6582 dB    U 42.0358 dB    V 43.2167 dB] [ET  2624 ] [L0 0 16 ] [L1 16 0 ]
POC     4 TId: 3 (      STSA, B-SLICE, QP 26, TF 0)     176496 bits [Y 38.9213 dB    U 41.3907 dB    V 42.5305 dB] [ET  2562 ] [L0 0 8 ] [L1 8 16 ]
POC     2 TId: 4 (      STSA, B-SLICE, QP 28)           107536 bits [Y 38.3516 dB    U 41.4692 dB    V 42.6080 dB] [ET  1914 ] [L0 0 4 ] [L1 4 8 ]
POC     1 TId: 5 (      STSA, B-SLICE, QP 29)            66872 bits [Y 37.8681 dB    U 41.4907 dB    V 42.6917 dB] [ET  1375 ] [L0 0 2 ] [L1 2 4 ]
POC     3 TId: 5 (      STSA, B-SLICE, QP 29)            64056 bits [Y 37.7174 dB    U 41.0545 dB    V 42.2218 dB] [ET  1578 ] [L0 2 0 ] [L1 4 8 ]
POC     6 TId: 4 (      STSA, B-SLICE, QP 28)           102264 bits [Y 38.3157 dB    U 41.1344 dB    V 42.3218 dB] [ET  2099 ] [L0 4 0 ] [L1 8 16 ]
POC     5 TId: 5 (      STSA, B-SLICE, QP 29)            61664 bits [Y 37.7476 dB    U 40.8963 dB    V 42.1382 dB] [ET  1688 ] [L0 4 0 ] [L1 6 8 ]
POC     7 TId: 5 (      STSA, B-SLICE, QP 29)            63368 bits [Y 37.8135 dB    U 40.9447 dB    V 42.1120 dB] [ET  1641 ] [L0 6 4 ] [L1 8 16 ]
POC    12 TId: 3 (      STSA, B-SLICE, QP 26, TF 0)     183144 bits [Y 38.9460 dB    U 41.5598 dB    V 42.4017 dB] [ET  2752 ] [L0 8 0 ] [L1 16 8 ]
POC    10 TId: 4 (      STSA, B-SLICE, QP 28)           113424 bits [Y 38.2931 dB    U 41.1316 dB    V 42.0334 dB] [ET  2300 ] [L0 8 0 ] [L1 12 16 ]
POC     9 TId: 5 (      STSA, B-SLICE, QP 29)            64480 bits [Y 37.8275 dB    U 40.9600 dB    V 42.1780 dB] [ET  1548 ] [L0 8 0 ] [L1 10 12 ]
POC    11 TId: 5 (      STSA, B-SLICE, QP 29)            68440 bits [Y 37.7209 dB    U 40.9853 dB    V 41.8319 dB] [ET  1652 ] [L0 10 8 ] [L1 12 16 ]
POC    14 TId: 4 (      STSA, B-SLICE, QP 28)           115376 bits [Y 38.4009 dB    U 41.2148 dB    V 42.2591 dB] [ET  1998 ] [L0 12 8 ] [L1 16 12 ]
POC    13 TId: 5 (      STSA, B-SLICE, QP 29)            65280 bits [Y 37.7670 dB    U 40.9768 dB    V 42.0525 dB] [ET  1726 ] [L0 12 8 ] [L1 14 16 ]
POC    15 TId: 5 (      STSA, B-SLICE, QP 29)            68136 bits [Y 37.8929 dB    U 41.2449 dB    V 42.4221 dB] [ET  1382 ] [L0 14 12 ] [L1 16 14 ]

	Total Frames |   Bitrate     Y-PSNR    U-PSNR    V-PSNR    YUV-PSNR   
	       17    a    4833.3459   38.6907   41.4750   42.5559   39.3861

 finished @ Fri Apr 14 03:50:25 2023
 Total Time:    31295.652 sec. [user]    31297.231 sec. [elapsed]

Level: 0
Inject Calls: 34851844297
Errors injected by bit:
	Bit 0: 3482796
	Bit 1: 3483622
	Bit 2: 3486270
	Bit 3: 3484256
	Bit 4: 3483158
	Bit 5: 3485204
	Bit 6: 3485971
	Bit 7: 3484381

Total errors injected: 27875658
