vvencFFapp: Fraunhofer VVC Encoder ver. 1.5.0 [Linux][GCC 11.3.0][64 bit][SIMD=AVX2]
 started @ Fri Apr 14 13:14:07 2023
CODING TOOL CFG: CTU128 QT44BTT21 IBD:1 SAO:1 ALF:1 (NonLinLuma:0 NonLinChr:0) CCALF:1 Tiles:1x1 Slices:1 WPP:0 WPP-Substreams:1 TMVP:1 DQ:1 SDH:0 CST:1 BDOF:1 DMVR:1 MTSImplicit:1 SBT:0 JCbCr:1 CabacInitPresent:1 AMVR:5 SMVD:3 LMCS:2 (Signal:SDR Opt:0) CIIP:0 MIP:1 AFFINE:2 (PROF:1, Type:1) MMVD:3 DisFracMMVD:1 SbTMVP:1 GPM:3 LFNST:1 MTS:0 ISP:3 TS:2 TSLog2MaxSize:4 useChromaTS:0 BDPCM:2 IBC:2 BCW:0 
ENC. ALG. CFG: QPA:0 HAD:1 RDQ:1 RDQTS:1 ASR:1 MinSearchWindow:96 RestrictMESampling:0 EDO:2 MCTF:2 
PRE-ANALYSIS CFG: STA:1 LeadFrames:0 TrailFrames:0 
FAST TOOL CFG: ECU:0 FEN:1 FDM:1 FastSearch:4 (SCC:2) LCTUFast:1 FastMrg:2 PBIntraFast:1 AMaxBT:1 FastQtBtEnc:1 ContentBasedFastQtbt:0 FastMIP:3 FastIntraTools:0 IntraEstDecBit:2 FastLocalDualTree:1 IntegerET:0 FastSubPel:1 QtbttExtraFast:3 FastTTSplit:0 IBCFastMethod:3 FIM:0 ALFSpeed:0 QuantThr: 4 
RATE CONTROL CFG: RateControl:0 LookAhead:0 
PARALLEL PROCESSING CFG: NumThreads:0 MaxParallelFrames:0 WppBitEqual:0 WF:0 

POC     0 TId: 0 (  IDR_N_LP, I-SLICE, QP 24, TF 3)     399128 bits [Y 38.6505 dB    U 40.8666 dB    V 42.1124 dB] [ET   328 ] [L0 ] [L1 ]
POC    16 TId: 1 (      STSA, B-SLICE, QP 28, TF 2)     242176 bits [Y 38.5390 dB    U 40.3307 dB    V 41.5194 dB] [ET  1806 ] [L0 0 ] [L1 0 ]
POC     8 TId: 2 (      STSA, B-SLICE, QP 29, TF 1)     179592 bits [Y 37.2247 dB    U 39.5102 dB    V 40.7641 dB] [ET  2232 ] [L0 0 16 ] [L1 16 0 ]
POC     4 TId: 3 (      STSA, B-SLICE, QP 32, TF 0)      78440 bits [Y 35.9167 dB    U 39.2100 dB    V 40.3127 dB] [ET  2284 ] [L0 0 8 ] [L1 8 16 ]
POC     2 TId: 4 (      STSA, B-SLICE, QP 34)            44488 bits [Y 35.6185 dB    U 39.3321 dB    V 40.5082 dB] [ET  1511 ] [L0 0 4 ] [L1 4 8 ]
POC     1 TId: 5 (      STSA, B-SLICE, QP 36)            23360 bits [Y 35.2882 dB    U 39.4876 dB    V 40.6902 dB] [ET   938 ] [L0 0 2 ] [L1 2 4 ]
POC     3 TId: 5 (      STSA, B-SLICE, QP 36)            21000 bits [Y 34.8698 dB    U 38.9435 dB    V 40.1940 dB] [ET  1318 ] [L0 2 0 ] [L1 4 8 ]
POC     6 TId: 4 (      STSA, B-SLICE, QP 34)            43240 bits [Y 35.4831 dB    U 38.8671 dB    V 39.9914 dB] [ET  1759 ] [L0 4 0 ] [L1 8 16 ]
POC     5 TId: 5 (      STSA, B-SLICE, QP 36)            19744 bits [Y 34.8853 dB    U 38.7764 dB    V 40.0569 dB] [ET  1192 ] [L0 4 0 ] [L1 6 8 ]
POC     7 TId: 5 (      STSA, B-SLICE, QP 36)            21024 bits [Y 35.0079 dB    U 38.7331 dB    V 39.9826 dB] [ET  1203 ] [L0 6 4 ] [L1 8 16 ]
POC    12 TId: 3 (      STSA, B-SLICE, QP 32, TF 0)      80760 bits [Y 35.7832 dB    U 39.2673 dB    V 40.0883 dB] [ET  2259 ] [L0 8 0 ] [L1 16 8 ]
POC    10 TId: 4 (      STSA, B-SLICE, QP 34)            46352 bits [Y 35.3519 dB    U 38.8184 dB    V 39.6406 dB] [ET  1856 ] [L0 8 0 ] [L1 12 16 ]
POC     9 TId: 5 (      STSA, B-SLICE, QP 36)            21032 bits [Y 34.9517 dB    U 38.8066 dB    V 39.9306 dB] [ET  1149 ] [L0 8 0 ] [L1 10 12 ]
POC    11 TId: 5 (      STSA, B-SLICE, QP 36)            20352 bits [Y 34.7086 dB    U 38.7194 dB    V 39.6488 dB] [ET  1219 ] [L0 10 8 ] [L1 12 16 ]
POC    14 TId: 4 (      STSA, B-SLICE, QP 34)            44000 bits [Y 35.3080 dB    U 39.0723 dB    V 40.0000 dB] [ET  1519 ] [L0 12 8 ] [L1 16 12 ]
POC    13 TId: 5 (      STSA, B-SLICE, QP 36)            19776 bits [Y 34.7370 dB    U 38.9704 dB    V 39.7836 dB] [ET  1157 ] [L0 12 8 ] [L1 14 16 ]
POC    15 TId: 5 (      STSA, B-SLICE, QP 36)            19200 bits [Y 34.9697 dB    U 39.1961 dB    V 40.3575 dB] [ET   968 ] [L0 14 12 ] [L1 16 14 ]

	Total Frames |   Bitrate     Y-PSNR    U-PSNR    V-PSNR    YUV-PSNR   
	       17    a    2335.8776   35.7232   39.2299   40.3283   36.5732

 finished @ Fri Apr 14 20:06:00 2023
 Total Time:    24712.002 sec. [user]    24713.268 sec. [elapsed]

Level: 0
Inject Calls: 27961370279
Errors injected by bit:
	Bit 0: 27961177
	Bit 1: 27956961
	Bit 2: 27953536
	Bit 3: 27961587
	Bit 4: 27962092
	Bit 5: 27963020
	Bit 6: 27956114
	Bit 7: 27958448

Total errors injected: 223672935
