vvencFFapp: Fraunhofer VVC Encoder ver. 1.5.0 [Linux][GCC 11.3.0][64 bit][SIMD=AVX2]
 started @ Sat Apr 15 03:14:23 2023
CODING TOOL CFG: CTU128 QT44BTT21 IBD:1 SAO:1 ALF:1 (NonLinLuma:0 NonLinChr:0) CCALF:1 Tiles:1x1 Slices:1 WPP:0 WPP-Substreams:1 TMVP:1 DQ:1 SDH:0 CST:1 BDOF:1 DMVR:1 MTSImplicit:1 SBT:0 JCbCr:1 CabacInitPresent:1 AMVR:5 SMVD:3 LMCS:2 (Signal:SDR Opt:0) CIIP:0 MIP:1 AFFINE:2 (PROF:1, Type:1) MMVD:3 DisFracMMVD:1 SbTMVP:1 GPM:3 LFNST:1 MTS:0 ISP:3 TS:2 TSLog2MaxSize:4 useChromaTS:0 BDPCM:2 IBC:2 BCW:0 
ENC. ALG. CFG: QPA:0 HAD:1 RDQ:1 RDQTS:1 ASR:1 MinSearchWindow:96 RestrictMESampling:0 EDO:2 MCTF:2 
PRE-ANALYSIS CFG: STA:1 LeadFrames:0 TrailFrames:0 
FAST TOOL CFG: ECU:0 FEN:1 FDM:1 FastSearch:4 (SCC:2) LCTUFast:1 FastMrg:2 PBIntraFast:1 AMaxBT:1 FastQtBtEnc:1 ContentBasedFastQtbt:0 FastMIP:3 FastIntraTools:0 IntraEstDecBit:2 FastLocalDualTree:1 IntegerET:0 FastSubPel:1 QtbttExtraFast:3 FastTTSplit:0 IBCFastMethod:3 FIM:0 ALFSpeed:0 QuantThr: 4 
RATE CONTROL CFG: RateControl:0 LookAhead:0 
PARALLEL PROCESSING CFG: NumThreads:0 MaxParallelFrames:0 WppBitEqual:0 WF:0 

POC     0 TId: 0 (  IDR_N_LP, I-SLICE, QP 24, TF 3)     399128 bits [Y 38.6505 dB    U 40.8666 dB    V 42.1124 dB] [ET   409 ] [L0 ] [L1 ]
POC    16 TId: 1 (      STSA, B-SLICE, QP 28, TF 2)     240088 bits [Y 38.5526 dB    U 40.3545 dB    V 41.4979 dB] [ET  1936 ] [L0 0 ] [L1 0 ]
POC     8 TId: 2 (      STSA, B-SLICE, QP 29, TF 1)     181392 bits [Y 37.2359 dB    U 39.5351 dB    V 40.7737 dB] [ET  2324 ] [L0 0 16 ] [L1 16 0 ]
POC     4 TId: 3 (      STSA, B-SLICE, QP 32, TF 0)      78240 bits [Y 35.9297 dB    U 39.1509 dB    V 40.4119 dB] [ET  2112 ] [L0 0 8 ] [L1 8 16 ]
POC     2 TId: 4 (      STSA, B-SLICE, QP 34)            44800 bits [Y 35.6298 dB    U 39.3296 dB    V 40.4609 dB] [ET  1539 ] [L0 0 4 ] [L1 4 8 ]
POC     1 TId: 5 (      STSA, B-SLICE, QP 36)            22704 bits [Y 35.3026 dB    U 39.4768 dB    V 40.7646 dB] [ET   945 ] [L0 0 2 ] [L1 2 4 ]
POC     3 TId: 5 (      STSA, B-SLICE, QP 36)            20632 bits [Y 34.8723 dB    U 38.8975 dB    V 40.2196 dB] [ET  1174 ] [L0 2 0 ] [L1 4 8 ]
POC     6 TId: 4 (      STSA, B-SLICE, QP 34)            42792 bits [Y 35.4738 dB    U 38.8744 dB    V 40.0540 dB] [ET  1752 ] [L0 4 0 ] [L1 8 16 ]
POC     5 TId: 5 (      STSA, B-SLICE, QP 36)            18824 bits [Y 34.8796 dB    U 38.7926 dB    V 40.0232 dB] [ET  1180 ] [L0 4 0 ] [L1 6 8 ]
POC     7 TId: 5 (      STSA, B-SLICE, QP 36)            21136 bits [Y 35.0207 dB    U 38.7335 dB    V 40.0517 dB] [ET  1183 ] [L0 6 4 ] [L1 8 16 ]
POC    12 TId: 3 (      STSA, B-SLICE, QP 32, TF 0)      79968 bits [Y 35.7683 dB    U 39.2215 dB    V 40.0662 dB] [ET  2536 ] [L0 8 0 ] [L1 16 8 ]
POC    10 TId: 4 (      STSA, B-SLICE, QP 34)            46992 bits [Y 35.3676 dB    U 38.8303 dB    V 39.7926 dB] [ET  1887 ] [L0 8 0 ] [L1 12 16 ]
POC     9 TId: 5 (      STSA, B-SLICE, QP 36)            21000 bits [Y 34.9493 dB    U 38.7743 dB    V 39.9717 dB] [ET  1327 ] [L0 8 0 ] [L1 10 12 ]
POC    11 TId: 5 (      STSA, B-SLICE, QP 36)            21064 bits [Y 34.7482 dB    U 38.7963 dB    V 39.6361 dB] [ET  1241 ] [L0 10 8 ] [L1 12 16 ]
POC    14 TId: 4 (      STSA, B-SLICE, QP 34)            44368 bits [Y 35.3300 dB    U 39.0071 dB    V 40.0483 dB] [ET  1513 ] [L0 12 8 ] [L1 16 12 ]
POC    13 TId: 5 (      STSA, B-SLICE, QP 36)            19208 bits [Y 34.7443 dB    U 38.8343 dB    V 39.8174 dB] [ET  1118 ] [L0 12 8 ] [L1 14 16 ]
POC    15 TId: 5 (      STSA, B-SLICE, QP 36)            18872 bits [Y 34.9739 dB    U 39.2420 dB    V 40.3975 dB] [ET   989 ] [L0 14 12 ] [L1 16 14 ]

	Total Frames |   Bitrate     Y-PSNR    U-PSNR    V-PSNR    YUV-PSNR   
	       17    a    2331.5435   35.7311   39.2187   40.3588   36.5813

 finished @ Sat Apr 15 10:14:06 2023
 Total Time:    25181.960 sec. [user]    25183.460 sec. [elapsed]

Level: 0
Inject Calls: 28625740714
Errors injected by bit:
	Bit 0: 29192
	Bit 1: 28794
	Bit 2: 28880
	Bit 3: 28657
	Bit 4: 28648
	Bit 5: 28520
	Bit 6: 28632
	Bit 7: 28658

Total errors injected: 229981
