vvencFFapp: Fraunhofer VVC Encoder ver. 1.5.0 [Linux][GCC 11.3.0][64 bit][SIMD=AVX2]
 started @ Fri Apr 14 03:28:58 2023
CODING TOOL CFG: CTU128 QT44BTT21 IBD:1 SAO:1 ALF:1 (NonLinLuma:0 NonLinChr:0) CCALF:1 Tiles:1x1 Slices:1 WPP:0 WPP-Substreams:1 TMVP:1 DQ:1 SDH:0 CST:1 BDOF:1 DMVR:1 MTSImplicit:1 SBT:0 JCbCr:1 CabacInitPresent:1 AMVR:5 SMVD:3 LMCS:2 (Signal:SDR Opt:0) CIIP:0 MIP:1 AFFINE:2 (PROF:1, Type:1) MMVD:3 DisFracMMVD:1 SbTMVP:1 GPM:3 LFNST:1 MTS:0 ISP:3 TS:2 TSLog2MaxSize:4 useChromaTS:0 BDPCM:2 IBC:2 BCW:0 
ENC. ALG. CFG: QPA:0 HAD:1 RDQ:1 RDQTS:1 ASR:1 MinSearchWindow:96 RestrictMESampling:0 EDO:2 MCTF:2 
PRE-ANALYSIS CFG: STA:1 LeadFrames:0 TrailFrames:0 
FAST TOOL CFG: ECU:0 FEN:1 FDM:1 FastSearch:4 (SCC:2) LCTUFast:1 FastMrg:2 PBIntraFast:1 AMaxBT:1 FastQtBtEnc:1 ContentBasedFastQtbt:0 FastMIP:3 FastIntraTools:0 IntraEstDecBit:2 FastLocalDualTree:1 IntegerET:0 FastSubPel:1 QtbttExtraFast:3 FastTTSplit:0 IBCFastMethod:3 FIM:0 ALFSpeed:0 QuantThr: 4 
RATE CONTROL CFG: RateControl:0 LookAhead:0 
PARALLEL PROCESSING CFG: NumThreads:0 MaxParallelFrames:0 WppBitEqual:0 WF:0 

POC     0 TId: 0 (  IDR_N_LP, I-SLICE, QP 19, TF 3)     629392 bits [Y 41.1842 dB    U 43.2214 dB    V 44.1771 dB] [ET   461 ] [L0 ] [L1 ]
POC    16 TId: 1 (      STSA, B-SLICE, QP 22, TF 2)     445736 bits [Y 42.3022 dB    U 43.3460 dB    V 44.2248 dB] [ET  2261 ] [L0 0 ] [L1 0 ]
POC     8 TId: 2 (      STSA, B-SLICE, QP 23, TF 1)     352296 bits [Y 40.6586 dB    U 42.0823 dB    V 43.2312 dB] [ET  2413 ] [L0 0 16 ] [L1 16 0 ]
POC     4 TId: 3 (      STSA, B-SLICE, QP 26, TF 0)     176416 bits [Y 38.9162 dB    U 41.4352 dB    V 42.5916 dB] [ET  2510 ] [L0 0 8 ] [L1 8 16 ]
POC     2 TId: 4 (      STSA, B-SLICE, QP 28)           107728 bits [Y 38.3583 dB    U 41.4334 dB    V 42.6652 dB] [ET  1834 ] [L0 0 4 ] [L1 4 8 ]
POC     1 TId: 5 (      STSA, B-SLICE, QP 29)            67424 bits [Y 37.8970 dB    U 41.5481 dB    V 42.7310 dB] [ET  1301 ] [L0 0 2 ] [L1 2 4 ]
POC     3 TId: 5 (      STSA, B-SLICE, QP 29)            65072 bits [Y 37.7102 dB    U 41.0515 dB    V 42.2552 dB] [ET  1602 ] [L0 2 0 ] [L1 4 8 ]
POC     6 TId: 4 (      STSA, B-SLICE, QP 28)           102464 bits [Y 38.3231 dB    U 41.1866 dB    V 42.2944 dB] [ET  2218 ] [L0 4 0 ] [L1 8 16 ]
POC     5 TId: 5 (      STSA, B-SLICE, QP 29)            60240 bits [Y 37.7050 dB    U 40.9336 dB    V 42.2407 dB] [ET  1521 ] [L0 4 0 ] [L1 6 8 ]
POC     7 TId: 5 (      STSA, B-SLICE, QP 29)            62752 bits [Y 37.8297 dB    U 40.8851 dB    V 42.1207 dB] [ET  1636 ] [L0 6 4 ] [L1 8 16 ]
POC    12 TId: 3 (      STSA, B-SLICE, QP 26, TF 0)     185856 bits [Y 38.9660 dB    U 41.5442 dB    V 42.4096 dB] [ET  2637 ] [L0 8 0 ] [L1 16 8 ]
POC    10 TId: 4 (      STSA, B-SLICE, QP 28)           113928 bits [Y 38.3069 dB    U 41.1509 dB    V 42.0222 dB] [ET  2448 ] [L0 8 0 ] [L1 12 16 ]
POC     9 TId: 5 (      STSA, B-SLICE, QP 29)            64040 bits [Y 37.8224 dB    U 40.9472 dB    V 42.1742 dB] [ET  1585 ] [L0 8 0 ] [L1 10 12 ]
POC    11 TId: 5 (      STSA, B-SLICE, QP 29)            68720 bits [Y 37.7396 dB    U 41.0120 dB    V 41.8535 dB] [ET  1734 ] [L0 10 8 ] [L1 12 16 ]
POC    14 TId: 4 (      STSA, B-SLICE, QP 28)           116112 bits [Y 38.4027 dB    U 41.2347 dB    V 42.3035 dB] [ET  1935 ] [L0 12 8 ] [L1 16 12 ]
POC    13 TId: 5 (      STSA, B-SLICE, QP 29)            64896 bits [Y 37.7490 dB    U 40.9892 dB    V 41.9609 dB] [ET  1688 ] [L0 12 8 ] [L1 14 16 ]
POC    15 TId: 5 (      STSA, B-SLICE, QP 29)            66696 bits [Y 37.8398 dB    U 41.2568 dB    V 42.4614 dB] [ET  1386 ] [L0 14 12 ] [L1 16 14 ]

	Total Frames |   Bitrate     Y-PSNR    U-PSNR    V-PSNR    YUV-PSNR   
	       17    a    4852.5318   38.6889   41.4858   42.5716   39.3869

 finished @ Fri Apr 14 12:08:49 2023
 Total Time:    31189.029 sec. [user]    31191.284 sec. [elapsed]

Level: 0
Inject Calls: 34844858798
Errors injected by bit:
	Bit 0: 348711
	Bit 1: 348140
	Bit 2: 348324
	Bit 3: 348055
	Bit 4: 348627
	Bit 5: 348140
	Bit 6: 347755
	Bit 7: 348929

Total errors injected: 2786681
