vvencFFapp: Fraunhofer VVC Encoder ver. 1.5.0 [Linux][GCC 11.3.0][64 bit][SIMD=AVX2]
 started @ Thu Apr 13 19:08:48 2023
CODING TOOL CFG: CTU128 QT44BTT21 IBD:1 SAO:1 ALF:1 (NonLinLuma:0 NonLinChr:0) CCALF:1 Tiles:1x1 Slices:1 WPP:0 WPP-Substreams:1 TMVP:1 DQ:1 SDH:0 CST:1 BDOF:1 DMVR:1 MTSImplicit:1 SBT:0 JCbCr:1 CabacInitPresent:1 AMVR:5 SMVD:3 LMCS:2 (Signal:SDR Opt:0) CIIP:0 MIP:1 AFFINE:2 (PROF:1, Type:1) MMVD:3 DisFracMMVD:1 SbTMVP:1 GPM:3 LFNST:1 MTS:0 ISP:3 TS:2 TSLog2MaxSize:4 useChromaTS:0 BDPCM:2 IBC:2 BCW:0 
ENC. ALG. CFG: QPA:0 HAD:1 RDQ:1 RDQTS:1 ASR:1 MinSearchWindow:96 RestrictMESampling:0 EDO:2 MCTF:2 
PRE-ANALYSIS CFG: STA:1 LeadFrames:0 TrailFrames:0 
FAST TOOL CFG: ECU:0 FEN:1 FDM:1 FastSearch:4 (SCC:2) LCTUFast:1 FastMrg:2 PBIntraFast:1 AMaxBT:1 FastQtBtEnc:1 ContentBasedFastQtbt:0 FastMIP:3 FastIntraTools:0 IntraEstDecBit:2 FastLocalDualTree:1 IntegerET:0 FastSubPel:1 QtbttExtraFast:3 FastTTSplit:0 IBCFastMethod:3 FIM:0 ALFSpeed:0 QuantThr: 4 
RATE CONTROL CFG: RateControl:0 LookAhead:0 
PARALLEL PROCESSING CFG: NumThreads:0 MaxParallelFrames:0 WppBitEqual:0 WF:0 

POC     0 TId: 0 (  IDR_N_LP, I-SLICE, QP 19, TF 3)     629392 bits [Y 41.1842 dB    U 43.2214 dB    V 44.1771 dB] [ET   430 ] [L0 ] [L1 ]
POC    16 TId: 1 (      STSA, B-SLICE, QP 22, TF 2)     441912 bits [Y 42.3264 dB    U 43.3434 dB    V 44.1947 dB] [ET  2128 ] [L0 0 ] [L1 0 ]
POC     8 TId: 2 (      STSA, B-SLICE, QP 23, TF 1)     351720 bits [Y 40.6609 dB    U 42.0709 dB    V 43.2524 dB] [ET  2776 ] [L0 0 16 ] [L1 16 0 ]
POC     4 TId: 3 (      STSA, B-SLICE, QP 26, TF 0)     176088 bits [Y 38.9324 dB    U 41.4302 dB    V 42.5234 dB] [ET  2564 ] [L0 0 8 ] [L1 8 16 ]
POC     2 TId: 4 (      STSA, B-SLICE, QP 28)           108160 bits [Y 38.3614 dB    U 41.4824 dB    V 42.5756 dB] [ET  1861 ] [L0 0 4 ] [L1 4 8 ]
POC     1 TId: 5 (      STSA, B-SLICE, QP 29)            66944 bits [Y 37.8853 dB    U 41.5067 dB    V 42.7517 dB] [ET  1407 ] [L0 0 2 ] [L1 2 4 ]
POC     3 TId: 5 (      STSA, B-SLICE, QP 29)            64296 bits [Y 37.6990 dB    U 41.0531 dB    V 42.2521 dB] [ET  1554 ] [L0 2 0 ] [L1 4 8 ]
POC     6 TId: 4 (      STSA, B-SLICE, QP 28)           102496 bits [Y 38.3390 dB    U 41.0942 dB    V 42.3427 dB] [ET  2087 ] [L0 4 0 ] [L1 8 16 ]
POC     5 TId: 5 (      STSA, B-SLICE, QP 29)            60672 bits [Y 37.7253 dB    U 40.9161 dB    V 42.1869 dB] [ET  1601 ] [L0 4 0 ] [L1 6 8 ]
POC     7 TId: 5 (      STSA, B-SLICE, QP 29)            63384 bits [Y 37.8231 dB    U 40.9334 dB    V 42.1239 dB] [ET  1602 ] [L0 6 4 ] [L1 8 16 ]
POC    12 TId: 3 (      STSA, B-SLICE, QP 26, TF 0)     184704 bits [Y 38.9734 dB    U 41.5359 dB    V 42.4360 dB] [ET  2772 ] [L0 8 0 ] [L1 16 8 ]
POC    10 TId: 4 (      STSA, B-SLICE, QP 28)           114400 bits [Y 38.3248 dB    U 41.1391 dB    V 42.0500 dB] [ET  2373 ] [L0 8 0 ] [L1 12 16 ]
POC     9 TId: 5 (      STSA, B-SLICE, QP 29)            64592 bits [Y 37.8573 dB    U 40.9641 dB    V 42.1733 dB] [ET  1613 ] [L0 8 0 ] [L1 10 12 ]
POC    11 TId: 5 (      STSA, B-SLICE, QP 29)            67168 bits [Y 37.7022 dB    U 40.9965 dB    V 41.8664 dB] [ET  1671 ] [L0 10 8 ] [L1 12 16 ]
POC    14 TId: 4 (      STSA, B-SLICE, QP 28)           116768 bits [Y 38.3874 dB    U 41.2124 dB    V 42.2528 dB] [ET  1884 ] [L0 12 8 ] [L1 16 12 ]
POC    13 TId: 5 (      STSA, B-SLICE, QP 29)            64648 bits [Y 37.7459 dB    U 40.9484 dB    V 41.9559 dB] [ET  1570 ] [L0 12 8 ] [L1 14 16 ]
POC    15 TId: 5 (      STSA, B-SLICE, QP 29)            68752 bits [Y 37.8871 dB    U 41.2112 dB    V 42.3972 dB] [ET  1462 ] [L0 14 12 ] [L1 16 14 ]

	Total Frames |   Bitrate     Y-PSNR    U-PSNR    V-PSNR    YUV-PSNR   
	       17    a    4846.0518   38.6950   41.4741   42.5595   39.3892

 finished @ Fri Apr 14 03:51:38 2023
 Total Time:    31368.262 sec. [user]    31369.816 sec. [elapsed]

Level: 0
Inject Calls: 35431056441
Errors injected by bit:
	Bit 0: 3542469
	Bit 1: 3544122
	Bit 2: 3545639
	Bit 3: 3543966
	Bit 4: 3542128
	Bit 5: 3543127
	Bit 6: 3541635
	Bit 7: 3539957

Total errors injected: 28343043
