vvencFFapp: Fraunhofer VVC Encoder ver. 1.5.0 [Linux][GCC 11.3.0][64 bit][SIMD=AVX2]
 started @ Fri Apr 14 20:14:15 2023
CODING TOOL CFG: CTU128 QT44BTT21 IBD:1 SAO:1 ALF:1 (NonLinLuma:0 NonLinChr:0) CCALF:1 Tiles:1x1 Slices:1 WPP:0 WPP-Substreams:1 TMVP:1 DQ:1 SDH:0 CST:1 BDOF:1 DMVR:1 MTSImplicit:1 SBT:0 JCbCr:1 CabacInitPresent:1 AMVR:5 SMVD:3 LMCS:2 (Signal:SDR Opt:0) CIIP:0 MIP:1 AFFINE:2 (PROF:1, Type:1) MMVD:3 DisFracMMVD:1 SbTMVP:1 GPM:3 LFNST:1 MTS:0 ISP:3 TS:2 TSLog2MaxSize:4 useChromaTS:0 BDPCM:2 IBC:2 BCW:0 
ENC. ALG. CFG: QPA:0 HAD:1 RDQ:1 RDQTS:1 ASR:1 MinSearchWindow:96 RestrictMESampling:0 EDO:2 MCTF:2 
PRE-ANALYSIS CFG: STA:1 LeadFrames:0 TrailFrames:0 
FAST TOOL CFG: ECU:0 FEN:1 FDM:1 FastSearch:4 (SCC:2) LCTUFast:1 FastMrg:2 PBIntraFast:1 AMaxBT:1 FastQtBtEnc:1 ContentBasedFastQtbt:0 FastMIP:3 FastIntraTools:0 IntraEstDecBit:2 FastLocalDualTree:1 IntegerET:0 FastSubPel:1 QtbttExtraFast:3 FastTTSplit:0 IBCFastMethod:3 FIM:0 ALFSpeed:0 QuantThr: 4 
RATE CONTROL CFG: RateControl:0 LookAhead:0 
PARALLEL PROCESSING CFG: NumThreads:0 MaxParallelFrames:0 WppBitEqual:0 WF:0 

POC     0 TId: 0 (  IDR_N_LP, I-SLICE, QP 24, TF 3)     399128 bits [Y 38.6505 dB    U 40.8666 dB    V 42.1124 dB] [ET   343 ] [L0 ] [L1 ]
POC    16 TId: 1 (      STSA, B-SLICE, QP 28, TF 2)     239072 bits [Y 38.5340 dB    U 40.2824 dB    V 41.5116 dB] [ET  1772 ] [L0 0 ] [L1 0 ]
POC     8 TId: 2 (      STSA, B-SLICE, QP 29, TF 1)     177944 bits [Y 37.2233 dB    U 39.5856 dB    V 40.7831 dB] [ET  2157 ] [L0 0 16 ] [L1 16 0 ]
POC     4 TId: 3 (      STSA, B-SLICE, QP 32, TF 0)      78096 bits [Y 35.9342 dB    U 39.1537 dB    V 40.3098 dB] [ET  2479 ] [L0 0 8 ] [L1 8 16 ]
POC     2 TId: 4 (      STSA, B-SLICE, QP 34)            45144 bits [Y 35.6657 dB    U 39.3042 dB    V 40.4934 dB] [ET  1535 ] [L0 0 4 ] [L1 4 8 ]
POC     1 TId: 5 (      STSA, B-SLICE, QP 36)            22920 bits [Y 35.3155 dB    U 39.4394 dB    V 40.7543 dB] [ET   960 ] [L0 0 2 ] [L1 2 4 ]
POC     3 TId: 5 (      STSA, B-SLICE, QP 36)            21056 bits [Y 34.9139 dB    U 38.9368 dB    V 40.1535 dB] [ET  1241 ] [L0 2 0 ] [L1 4 8 ]
POC     6 TId: 4 (      STSA, B-SLICE, QP 34)            43000 bits [Y 35.4601 dB    U 38.9141 dB    V 40.0696 dB] [ET  1794 ] [L0 4 0 ] [L1 8 16 ]
POC     5 TId: 5 (      STSA, B-SLICE, QP 36)            19720 bits [Y 34.9007 dB    U 38.7815 dB    V 40.0401 dB] [ET  1204 ] [L0 4 0 ] [L1 6 8 ]
POC     7 TId: 5 (      STSA, B-SLICE, QP 36)            20816 bits [Y 35.0196 dB    U 38.7636 dB    V 40.0559 dB] [ET  1279 ] [L0 6 4 ] [L1 8 16 ]
POC    12 TId: 3 (      STSA, B-SLICE, QP 32, TF 0)      79904 bits [Y 35.7888 dB    U 39.2437 dB    V 40.0144 dB] [ET  2273 ] [L0 8 0 ] [L1 16 8 ]
POC    10 TId: 4 (      STSA, B-SLICE, QP 34)            46488 bits [Y 35.3660 dB    U 38.7674 dB    V 39.7279 dB] [ET  2003 ] [L0 8 0 ] [L1 12 16 ]
POC     9 TId: 5 (      STSA, B-SLICE, QP 36)            20656 bits [Y 34.9476 dB    U 38.8040 dB    V 39.9419 dB] [ET  1199 ] [L0 8 0 ] [L1 10 12 ]
POC    11 TId: 5 (      STSA, B-SLICE, QP 36)            21552 bits [Y 34.7827 dB    U 38.7339 dB    V 39.5913 dB] [ET  1242 ] [L0 10 8 ] [L1 12 16 ]
POC    14 TId: 4 (      STSA, B-SLICE, QP 34)            43944 bits [Y 35.3302 dB    U 38.9754 dB    V 40.0333 dB] [ET  1401 ] [L0 12 8 ] [L1 16 12 ]
POC    13 TId: 5 (      STSA, B-SLICE, QP 36)            19512 bits [Y 34.7869 dB    U 38.8252 dB    V 39.7893 dB] [ET  1167 ] [L0 12 8 ] [L1 14 16 ]
POC    15 TId: 5 (      STSA, B-SLICE, QP 36)            19136 bits [Y 34.9684 dB    U 39.1653 dB    V 40.3567 dB] [ET   932 ] [L0 14 12 ] [L1 16 14 ]

	Total Frames |   Bitrate     Y-PSNR    U-PSNR    V-PSNR    YUV-PSNR   
	       17    a    2326.0376   35.7405   39.2084   40.3376   36.5885

 finished @ Sat Apr 15 03:10:52 2023
 Total Time:    24996.610 sec. [user]    24997.831 sec. [elapsed]

Level: 0
Inject Calls: 28472730812
Errors injected by bit:
	Bit 0: 2852135
	Bit 1: 2844908
	Bit 2: 2848345
	Bit 3: 2850958
	Bit 4: 2848687
	Bit 5: 2845166
	Bit 6: 2847389
	Bit 7: 2846827

Total errors injected: 22784415
