vvencFFapp: Fraunhofer VVC Encoder ver. 1.5.0 [Linux][GCC 11.3.0][64 bit][SIMD=AVX2]
 started @ Thu Apr 13 18:58:47 2023
CODING TOOL CFG: CTU128 QT44BTT21 IBD:1 SAO:1 ALF:1 (NonLinLuma:0 NonLinChr:0) CCALF:1 Tiles:1x1 Slices:1 WPP:0 WPP-Substreams:1 TMVP:1 DQ:1 SDH:0 CST:1 BDOF:1 DMVR:1 MTSImplicit:1 SBT:0 JCbCr:1 CabacInitPresent:1 AMVR:5 SMVD:3 LMCS:2 (Signal:SDR Opt:0) CIIP:0 MIP:1 AFFINE:2 (PROF:1, Type:1) MMVD:3 DisFracMMVD:1 SbTMVP:1 GPM:3 LFNST:1 MTS:0 ISP:3 TS:2 TSLog2MaxSize:4 useChromaTS:0 BDPCM:2 IBC:2 BCW:0 
ENC. ALG. CFG: QPA:0 HAD:1 RDQ:1 RDQTS:1 ASR:1 MinSearchWindow:96 RestrictMESampling:0 EDO:2 MCTF:2 
PRE-ANALYSIS CFG: STA:1 LeadFrames:0 TrailFrames:0 
FAST TOOL CFG: ECU:0 FEN:1 FDM:1 FastSearch:4 (SCC:2) LCTUFast:1 FastMrg:2 PBIntraFast:1 AMaxBT:1 FastQtBtEnc:1 ContentBasedFastQtbt:0 FastMIP:3 FastIntraTools:0 IntraEstDecBit:2 FastLocalDualTree:1 IntegerET:0 FastSubPel:1 QtbttExtraFast:3 FastTTSplit:0 IBCFastMethod:3 FIM:0 ALFSpeed:0 QuantThr: 4 
RATE CONTROL CFG: RateControl:0 LookAhead:0 
PARALLEL PROCESSING CFG: NumThreads:0 MaxParallelFrames:0 WppBitEqual:0 WF:0 

POC     0 TId: 0 (  IDR_N_LP, I-SLICE, QP 19, TF 3)     629392 bits [Y 41.1842 dB    U 43.2214 dB    V 44.1771 dB] [ET   412 ] [L0 ] [L1 ]
POC    16 TId: 1 (      STSA, B-SLICE, QP 22, TF 2)     441848 bits [Y 42.3112 dB    U 43.3672 dB    V 44.2449 dB] [ET  1923 ] [L0 0 ] [L1 0 ]
POC     8 TId: 2 (      STSA, B-SLICE, QP 23, TF 1)     350408 bits [Y 40.6628 dB    U 42.0673 dB    V 43.2429 dB] [ET  2680 ] [L0 0 16 ] [L1 16 0 ]
POC     4 TId: 3 (      STSA, B-SLICE, QP 26, TF 0)     177456 bits [Y 38.9506 dB    U 41.4266 dB    V 42.5661 dB] [ET  2498 ] [L0 0 8 ] [L1 8 16 ]
POC     2 TId: 4 (      STSA, B-SLICE, QP 28)           109248 bits [Y 38.3718 dB    U 41.4128 dB    V 42.6666 dB] [ET  1923 ] [L0 0 4 ] [L1 4 8 ]
POC     1 TId: 5 (      STSA, B-SLICE, QP 29)            68728 bits [Y 37.9014 dB    U 41.5119 dB    V 42.7418 dB] [ET  1297 ] [L0 0 2 ] [L1 2 4 ]
POC     3 TId: 5 (      STSA, B-SLICE, QP 29)            65368 bits [Y 37.7123 dB    U 41.0539 dB    V 42.2720 dB] [ET  1548 ] [L0 2 0 ] [L1 4 8 ]
POC     6 TId: 4 (      STSA, B-SLICE, QP 28)           102928 bits [Y 38.3216 dB    U 41.1256 dB    V 42.3133 dB] [ET  2211 ] [L0 4 0 ] [L1 8 16 ]
POC     5 TId: 5 (      STSA, B-SLICE, QP 29)            61464 bits [Y 37.7084 dB    U 40.8689 dB    V 42.1767 dB] [ET  1612 ] [L0 4 0 ] [L1 6 8 ]
POC     7 TId: 5 (      STSA, B-SLICE, QP 29)            62848 bits [Y 37.8066 dB    U 40.9048 dB    V 42.1508 dB] [ET  1564 ] [L0 6 4 ] [L1 8 16 ]
POC    12 TId: 3 (      STSA, B-SLICE, QP 26, TF 0)     183584 bits [Y 38.9435 dB    U 41.6131 dB    V 42.3917 dB] [ET  2456 ] [L0 8 0 ] [L1 16 8 ]
POC    10 TId: 4 (      STSA, B-SLICE, QP 28)           114144 bits [Y 38.3100 dB    U 41.1453 dB    V 42.0354 dB] [ET  2367 ] [L0 8 0 ] [L1 12 16 ]
POC     9 TId: 5 (      STSA, B-SLICE, QP 29)            64608 bits [Y 37.8207 dB    U 40.9394 dB    V 42.1810 dB] [ET  1546 ] [L0 8 0 ] [L1 10 12 ]
POC    11 TId: 5 (      STSA, B-SLICE, QP 29)            68496 bits [Y 37.7212 dB    U 40.9525 dB    V 41.8744 dB] [ET  1751 ] [L0 10 8 ] [L1 12 16 ]
POC    14 TId: 4 (      STSA, B-SLICE, QP 28)           115448 bits [Y 38.3758 dB    U 41.1868 dB    V 42.2412 dB] [ET  1924 ] [L0 12 8 ] [L1 16 12 ]
POC    13 TId: 5 (      STSA, B-SLICE, QP 29)            66240 bits [Y 37.7539 dB    U 41.0388 dB    V 41.8949 dB] [ET  1612 ] [L0 12 8 ] [L1 14 16 ]
POC    15 TId: 5 (      STSA, B-SLICE, QP 29)            69272 bits [Y 37.8879 dB    U 41.2536 dB    V 42.4165 dB] [ET  1373 ] [L0 14 12 ] [L1 16 14 ]

	Total Frames |   Bitrate     Y-PSNR    U-PSNR    V-PSNR    YUV-PSNR   
	       17    a    4855.5529   38.6908   41.4759   42.5639   39.3863

 finished @ Fri Apr 14 03:30:40 2023
 Total Time:    30711.271 sec. [user]    30712.896 sec. [elapsed]

Level: 0
Inject Calls: 34161165714
Errors injected by bit:
	Bit 0: 34158498
	Bit 1: 34168490
	Bit 2: 34163660
	Bit 3: 34166918
	Bit 4: 34157254
	Bit 5: 34151101
	Bit 6: 34165589
	Bit 7: 34160605

Total errors injected: 273292115
