vvencFFapp: Fraunhofer VVC Encoder ver. 1.5.0 [Linux][GCC 11.3.0][64 bit][SIMD=AVX2]
 started @ Mon Apr 10 14:57:24 2023
CODING TOOL CFG: CTU128 QT44BTT21 IBD:1 SAO:1 ALF:1 (NonLinLuma:0 NonLinChr:0) CCALF:1 Tiles:1x1 Slices:1 WPP:0 WPP-Substreams:1 TMVP:1 DQ:1 SDH:0 CST:1 BDOF:1 DMVR:1 MTSImplicit:1 SBT:0 JCbCr:1 CabacInitPresent:1 AMVR:5 SMVD:3 LMCS:2 (Signal:SDR Opt:0) CIIP:0 MIP:1 AFFINE:2 (PROF:1, Type:1) MMVD:3 DisFracMMVD:1 SbTMVP:1 GPM:3 LFNST:1 MTS:0 ISP:3 TS:2 TSLog2MaxSize:4 useChromaTS:0 BDPCM:2 IBC:2 BCW:0 
ENC. ALG. CFG: QPA:0 HAD:1 RDQ:1 RDQTS:1 ASR:1 MinSearchWindow:96 RestrictMESampling:0 EDO:2 MCTF:2 
PRE-ANALYSIS CFG: STA:1 LeadFrames:0 TrailFrames:0 
FAST TOOL CFG: ECU:0 FEN:1 FDM:1 FastSearch:4 (SCC:2) LCTUFast:1 FastMrg:2 PBIntraFast:1 AMaxBT:1 FastQtBtEnc:1 ContentBasedFastQtbt:0 FastMIP:3 FastIntraTools:0 IntraEstDecBit:2 FastLocalDualTree:1 IntegerET:0 FastSubPel:1 QtbttExtraFast:3 FastTTSplit:0 IBCFastMethod:3 FIM:0 ALFSpeed:0 QuantThr: 4 
RATE CONTROL CFG: RateControl:0 LookAhead:0 
PARALLEL PROCESSING CFG: NumThreads:0 MaxParallelFrames:0 WppBitEqual:0 WF:0 

POC     0 TId: 0 (  IDR_N_LP, I-SLICE, QP 19, TF 3)     581848 bits [Y 42.2672 dB    U 45.0524 dB    V 46.9660 dB] [ET   479 ] [L0 ] [L1 ]
POC    16 TId: 1 (      STSA, B-SLICE, QP 22, TF 2)     216816 bits [Y 41.6180 dB    U 44.1878 dB    V 45.8435 dB] [ET  1269 ] [L0 0 ] [L1 0 ]
POC     8 TId: 2 (      STSA, B-SLICE, QP 23, TF 1)      98352 bits [Y 40.9442 dB    U 44.1951 dB    V 45.9665 dB] [ET  1315 ] [L0 0 16 ] [L1 16 0 ]
POC     4 TId: 3 (      STSA, B-SLICE, QP 26, TF 0)      43536 bits [Y 40.5486 dB    U 44.3242 dB    V 46.1488 dB] [ET  1298 ] [L0 0 8 ] [L1 8 16 ]
POC     2 TId: 4 (      STSA, B-SLICE, QP 28)            21272 bits [Y 40.5783 dB    U 44.6321 dB    V 46.4248 dB] [ET   688 ] [L0 0 4 ] [L1 4 8 ]
POC     1 TId: 5 (      STSA, B-SLICE, QP 29)             9112 bits [Y 40.8574 dB    U 44.8112 dB    V 46.6787 dB] [ET   523 ] [L0 0 2 ] [L1 2 4 ]
POC     3 TId: 5 (      STSA, B-SLICE, QP 29)            10320 bits [Y 40.2460 dB    U 44.4803 dB    V 46.2117 dB] [ET   599 ] [L0 2 0 ] [L1 4 8 ]
POC     6 TId: 4 (      STSA, B-SLICE, QP 28)            21480 bits [Y 40.1424 dB    U 44.1420 dB    V 45.9304 dB] [ET   788 ] [L0 4 0 ] [L1 8 16 ]
POC     5 TId: 5 (      STSA, B-SLICE, QP 29)            10232 bits [Y 40.0116 dB    U 44.1345 dB    V 45.9820 dB] [ET   602 ] [L0 4 0 ] [L1 6 8 ]
POC     7 TId: 5 (      STSA, B-SLICE, QP 29)             9368 bits [Y 40.0824 dB    U 44.1850 dB    V 45.8549 dB] [ET   748 ] [L0 6 4 ] [L1 8 16 ]
POC    12 TId: 3 (      STSA, B-SLICE, QP 26, TF 0)      48976 bits [Y 40.2648 dB    U 43.9426 dB    V 45.5457 dB] [ET  1238 ] [L0 8 0 ] [L1 16 8 ]
POC    10 TId: 4 (      STSA, B-SLICE, QP 28)            23488 bits [Y 40.0500 dB    U 43.9781 dB    V 45.5974 dB] [ET  1142 ] [L0 8 0 ] [L1 12 16 ]
POC     9 TId: 5 (      STSA, B-SLICE, QP 29)            10304 bits [Y 40.0309 dB    U 44.0713 dB    V 45.7905 dB] [ET   629 ] [L0 8 0 ] [L1 10 12 ]
POC    11 TId: 5 (      STSA, B-SLICE, QP 29)            11368 bits [Y 39.8737 dB    U 43.9141 dB    V 45.5786 dB] [ET   629 ] [L0 10 8 ] [L1 12 16 ]
POC    14 TId: 4 (      STSA, B-SLICE, QP 28)            27328 bits [Y 39.9769 dB    U 43.8656 dB    V 45.4434 dB] [ET   736 ] [L0 12 8 ] [L1 16 12 ]
POC    13 TId: 5 (      STSA, B-SLICE, QP 29)            12992 bits [Y 39.7578 dB    U 43.8256 dB    V 45.4846 dB] [ET   720 ] [L0 12 8 ] [L1 14 16 ]
POC    15 TId: 5 (      STSA, B-SLICE, QP 29)            13968 bits [Y 39.9346 dB    U 43.9821 dB    V 45.5443 dB] [ET   525 ] [L0 14 12 ] [L1 16 14 ]

	Total Frames |   Bitrate     Y-PSNR    U-PSNR    V-PSNR    YUV-PSNR   
	       17    a    4132.0941   40.4226   44.2191   45.9407   41.4443

 finished @ Mon Apr 10 18:49:48 2023
 Total Time:    13919.026 sec. [user]    13943.928 sec. [elapsed]

Level: 0
Inject Calls: 14947919615
Errors injected by bit:
	Bit 0: 1494884
	Bit 1: 1493281
	Bit 2: 1491509
	Bit 3: 1495351
	Bit 4: 1496242
	Bit 5: 1495128
	Bit 6: 1496793
	Bit 7: 1494713

Total errors injected: 11957901
