vvencFFapp: Fraunhofer VVC Encoder ver. 1.5.0 [Linux][GCC 11.3.0][64 bit][SIMD=AVX2]
 started @ Sat Apr 15 16:09:36 2023
CODING TOOL CFG: CTU128 QT44BTT21 IBD:1 SAO:1 ALF:1 (NonLinLuma:0 NonLinChr:0) CCALF:1 Tiles:1x1 Slices:1 WPP:0 WPP-Substreams:1 TMVP:1 DQ:1 SDH:0 CST:1 BDOF:1 DMVR:1 MTSImplicit:1 SBT:0 JCbCr:1 CabacInitPresent:1 AMVR:5 SMVD:3 LMCS:2 (Signal:SDR Opt:0) CIIP:0 MIP:1 AFFINE:2 (PROF:1, Type:1) MMVD:3 DisFracMMVD:1 SbTMVP:1 GPM:3 LFNST:1 MTS:0 ISP:3 TS:2 TSLog2MaxSize:4 useChromaTS:0 BDPCM:2 IBC:2 BCW:0 
ENC. ALG. CFG: QPA:0 HAD:1 RDQ:1 RDQTS:1 ASR:1 MinSearchWindow:96 RestrictMESampling:0 EDO:2 MCTF:2 
PRE-ANALYSIS CFG: STA:1 LeadFrames:0 TrailFrames:0 
FAST TOOL CFG: ECU:0 FEN:1 FDM:1 FastSearch:4 (SCC:2) LCTUFast:1 FastMrg:2 PBIntraFast:1 AMaxBT:1 FastQtBtEnc:1 ContentBasedFastQtbt:0 FastMIP:3 FastIntraTools:0 IntraEstDecBit:2 FastLocalDualTree:1 IntegerET:0 FastSubPel:1 QtbttExtraFast:3 FastTTSplit:0 IBCFastMethod:3 FIM:0 ALFSpeed:0 QuantThr: 4 
RATE CONTROL CFG: RateControl:0 LookAhead:0 
PARALLEL PROCESSING CFG: NumThreads:0 MaxParallelFrames:0 WppBitEqual:0 WF:0 

POC     0 TId: 0 (  IDR_N_LP, I-SLICE, QP 29, TF 2)     245544 bits [Y 36.0242 dB    U 38.6082 dB    V 40.2672 dB] [ET   239 ] [L0 ] [L1 ]
POC    16 TId: 1 (      STSA, B-SLICE, QP 34, TF 1)     121472 bits [Y 34.6426 dB    U 37.4517 dB    V 38.5305 dB] [ET  1420 ] [L0 0 ] [L1 0 ]
POC     8 TId: 2 (      STSA, B-SLICE, QP 35, TF 0)      83688 bits [Y 33.8159 dB    U 37.0093 dB    V 38.2271 dB] [ET  2119 ] [L0 0 16 ] [L1 16 0 ]
POC     4 TId: 3 (      STSA, B-SLICE, QP 38)            35920 bits [Y 33.0049 dB    U 37.1538 dB    V 38.5098 dB] [ET  2009 ] [L0 0 8 ] [L1 8 16 ]
POC     2 TId: 4 (      STSA, B-SLICE, QP 40)            19680 bits [Y 32.6963 dB    U 37.5000 dB    V 38.8521 dB] [ET  1159 ] [L0 0 4 ] [L1 4 8 ]
POC     1 TId: 5 (      STSA, B-SLICE, QP 41)            10696 bits [Y 32.8608 dB    U 37.5730 dB    V 39.0643 dB] [ET   764 ] [L0 0 2 ] [L1 2 4 ]
POC     3 TId: 5 (      STSA, B-SLICE, QP 41)             9744 bits [Y 32.2798 dB    U 37.0589 dB    V 38.5024 dB] [ET   886 ] [L0 2 0 ] [L1 4 8 ]
POC     6 TId: 4 (      STSA, B-SLICE, QP 40)            18344 bits [Y 32.4072 dB    U 36.9186 dB    V 38.2346 dB] [ET  1451 ] [L0 4 0 ] [L1 8 16 ]
POC     5 TId: 5 (      STSA, B-SLICE, QP 41)             9152 bits [Y 32.2762 dB    U 36.9363 dB    V 38.3517 dB] [ET   981 ] [L0 4 0 ] [L1 6 8 ]
POC     7 TId: 5 (      STSA, B-SLICE, QP 41)             9440 bits [Y 32.3146 dB    U 36.6804 dB    V 38.0817 dB] [ET   960 ] [L0 6 4 ] [L1 8 16 ]
POC    12 TId: 3 (      STSA, B-SLICE, QP 38)            37000 bits [Y 32.8071 dB    U 37.1072 dB    V 37.8294 dB] [ET  2052 ] [L0 8 0 ] [L1 16 8 ]
POC    10 TId: 4 (      STSA, B-SLICE, QP 40)            20616 bits [Y 32.2444 dB    U 36.7890 dB    V 37.6456 dB] [ET  1504 ] [L0 8 0 ] [L1 12 16 ]
POC     9 TId: 5 (      STSA, B-SLICE, QP 41)             9856 bits [Y 32.1917 dB    U 36.8308 dB    V 37.8783 dB] [ET   895 ] [L0 8 0 ] [L1 10 12 ]
POC    11 TId: 5 (      STSA, B-SLICE, QP 41)            10000 bits [Y 32.0299 dB    U 36.8488 dB    V 37.6352 dB] [ET   951 ] [L0 10 8 ] [L1 12 16 ]
POC    14 TId: 4 (      STSA, B-SLICE, QP 40)            18832 bits [Y 32.3807 dB    U 37.0053 dB    V 37.8113 dB] [ET  1178 ] [L0 12 8 ] [L1 16 12 ]
POC    13 TId: 5 (      STSA, B-SLICE, QP 41)             8976 bits [Y 32.1533 dB    U 36.8569 dB    V 37.7525 dB] [ET   949 ] [L0 12 8 ] [L1 14 16 ]
POC    15 TId: 5 (      STSA, B-SLICE, QP 41)             8280 bits [Y 32.4724 dB    U 37.0581 dB    V 38.0267 dB] [ET   769 ] [L0 14 12 ] [L1 16 14 ]

	Total Frames |   Bitrate     Y-PSNR    U-PSNR    V-PSNR    YUV-PSNR   
	       17    a    1195.1294   32.8589   37.1404   38.3059   33.8652

 finished @ Sat Apr 15 21:47:56 2023
 Total Time:    20299.419 sec. [user]    20300.420 sec. [elapsed]

Level: 0
Inject Calls: 23859087745
Errors injected by bit:
	Bit 0: 238233
	Bit 1: 238234
	Bit 2: 238932
	Bit 3: 238142
	Bit 4: 239360
	Bit 5: 238568
	Bit 6: 238867
	Bit 7: 238199

Total errors injected: 1908535
