vvencFFapp: Fraunhofer VVC Encoder ver. 1.5.0 [Linux][GCC 11.3.0][64 bit][SIMD=AVX2]
 started @ Fri Apr 14 21:09:17 2023
CODING TOOL CFG: CTU128 QT44BTT21 IBD:1 SAO:1 ALF:1 (NonLinLuma:0 NonLinChr:0) CCALF:1 Tiles:1x1 Slices:1 WPP:0 WPP-Substreams:1 TMVP:1 DQ:1 SDH:0 CST:1 BDOF:1 DMVR:1 MTSImplicit:1 SBT:0 JCbCr:1 CabacInitPresent:1 AMVR:5 SMVD:3 LMCS:2 (Signal:SDR Opt:0) CIIP:0 MIP:1 AFFINE:2 (PROF:1, Type:1) MMVD:3 DisFracMMVD:1 SbTMVP:1 GPM:3 LFNST:1 MTS:0 ISP:3 TS:2 TSLog2MaxSize:4 useChromaTS:0 BDPCM:2 IBC:2 BCW:0 
ENC. ALG. CFG: QPA:0 HAD:1 RDQ:1 RDQTS:1 ASR:1 MinSearchWindow:96 RestrictMESampling:0 EDO:2 MCTF:2 
PRE-ANALYSIS CFG: STA:1 LeadFrames:0 TrailFrames:0 
FAST TOOL CFG: ECU:0 FEN:1 FDM:1 FastSearch:4 (SCC:2) LCTUFast:1 FastMrg:2 PBIntraFast:1 AMaxBT:1 FastQtBtEnc:1 ContentBasedFastQtbt:0 FastMIP:3 FastIntraTools:0 IntraEstDecBit:2 FastLocalDualTree:1 IntegerET:0 FastSubPel:1 QtbttExtraFast:3 FastTTSplit:0 IBCFastMethod:3 FIM:0 ALFSpeed:0 QuantThr: 4 
RATE CONTROL CFG: RateControl:0 LookAhead:0 
PARALLEL PROCESSING CFG: NumThreads:0 MaxParallelFrames:0 WppBitEqual:0 WF:0 

POC     0 TId: 0 (  IDR_N_LP, I-SLICE, QP 24, TF 3)     399128 bits [Y 38.6505 dB    U 40.8666 dB    V 42.1124 dB] [ET   469 ] [L0 ] [L1 ]
POC    16 TId: 1 (      STSA, B-SLICE, QP 28, TF 2)     242848 bits [Y 38.5665 dB    U 40.2738 dB    V 41.4859 dB] [ET  1960 ] [L0 0 ] [L1 0 ]
POC     8 TId: 2 (      STSA, B-SLICE, QP 29, TF 1)     178936 bits [Y 37.2230 dB    U 39.5713 dB    V 40.7595 dB] [ET  2186 ] [L0 0 16 ] [L1 16 0 ]
POC     4 TId: 3 (      STSA, B-SLICE, QP 32, TF 0)      78072 bits [Y 35.9480 dB    U 39.1686 dB    V 40.3142 dB] [ET  2327 ] [L0 0 8 ] [L1 8 16 ]
POC     2 TId: 4 (      STSA, B-SLICE, QP 34)            45280 bits [Y 35.6489 dB    U 39.3003 dB    V 40.5263 dB] [ET  1516 ] [L0 0 4 ] [L1 4 8 ]
POC     1 TId: 5 (      STSA, B-SLICE, QP 36)            22752 bits [Y 35.3098 dB    U 39.4577 dB    V 40.6383 dB] [ET   993 ] [L0 0 2 ] [L1 2 4 ]
POC     3 TId: 5 (      STSA, B-SLICE, QP 36)            20896 bits [Y 34.9044 dB    U 38.9271 dB    V 40.1093 dB] [ET  1193 ] [L0 2 0 ] [L1 4 8 ]
POC     6 TId: 4 (      STSA, B-SLICE, QP 34)            42400 bits [Y 35.4635 dB    U 38.8494 dB    V 39.9885 dB] [ET  1650 ] [L0 4 0 ] [L1 8 16 ]
POC     5 TId: 5 (      STSA, B-SLICE, QP 36)            19504 bits [Y 34.9147 dB    U 38.7550 dB    V 40.0562 dB] [ET  1233 ] [L0 4 0 ] [L1 6 8 ]
POC     7 TId: 5 (      STSA, B-SLICE, QP 36)            20648 bits [Y 35.0117 dB    U 38.7203 dB    V 39.9702 dB] [ET  1185 ] [L0 6 4 ] [L1 8 16 ]
POC    12 TId: 3 (      STSA, B-SLICE, QP 32, TF 0)      79400 bits [Y 35.7763 dB    U 39.2217 dB    V 40.0908 dB] [ET  2302 ] [L0 8 0 ] [L1 16 8 ]
POC    10 TId: 4 (      STSA, B-SLICE, QP 34)            46600 bits [Y 35.3718 dB    U 38.7519 dB    V 39.6373 dB] [ET  1917 ] [L0 8 0 ] [L1 12 16 ]
POC     9 TId: 5 (      STSA, B-SLICE, QP 36)            20880 bits [Y 34.9415 dB    U 38.7694 dB    V 39.8684 dB] [ET  1248 ] [L0 8 0 ] [L1 10 12 ]
POC    11 TId: 5 (      STSA, B-SLICE, QP 36)            20776 bits [Y 34.7309 dB    U 38.6763 dB    V 39.5826 dB] [ET  1246 ] [L0 10 8 ] [L1 12 16 ]
POC    14 TId: 4 (      STSA, B-SLICE, QP 34)            43984 bits [Y 35.3323 dB    U 39.0031 dB    V 40.0045 dB] [ET  1456 ] [L0 12 8 ] [L1 16 12 ]
POC    13 TId: 5 (      STSA, B-SLICE, QP 36)            19264 bits [Y 34.7726 dB    U 38.8242 dB    V 39.7710 dB] [ET  1147 ] [L0 12 8 ] [L1 14 16 ]
POC    15 TId: 5 (      STSA, B-SLICE, QP 36)            19432 bits [Y 34.9621 dB    U 39.2116 dB    V 40.3636 dB] [ET   977 ] [L0 14 12 ] [L1 16 14 ]

	Total Frames |   Bitrate     Y-PSNR    U-PSNR    V-PSNR    YUV-PSNR   
	       17    a    2330.8235   35.7370   39.1970   40.3105   36.5808

 finished @ Sat Apr 15 04:06:23 2023
 Total Time:    25025.224 sec. [user]    25026.741 sec. [elapsed]

Level: 0
Inject Calls: 28719765761
Errors injected by bit:
	Bit 0: 287541
	Bit 1: 287253
	Bit 2: 286919
	Bit 3: 287826
	Bit 4: 287236
	Bit 5: 286782
	Bit 6: 286996
	Bit 7: 287870

Total errors injected: 2298423
