vvencFFapp: Fraunhofer VVC Encoder ver. 1.5.0 [Linux][GCC 11.3.0][64 bit][SIMD=AVX2]
 started @ Mon Apr 10 18:32:28 2023
CODING TOOL CFG: CTU128 QT44BTT21 IBD:1 SAO:1 ALF:1 (NonLinLuma:0 NonLinChr:0) CCALF:1 Tiles:1x1 Slices:1 WPP:0 WPP-Substreams:1 TMVP:1 DQ:1 SDH:0 CST:1 BDOF:1 DMVR:1 MTSImplicit:1 SBT:0 JCbCr:1 CabacInitPresent:1 AMVR:5 SMVD:3 LMCS:2 (Signal:SDR Opt:0) CIIP:0 MIP:1 AFFINE:2 (PROF:1, Type:1) MMVD:3 DisFracMMVD:1 SbTMVP:1 GPM:3 LFNST:1 MTS:0 ISP:3 TS:2 TSLog2MaxSize:4 useChromaTS:0 BDPCM:2 IBC:2 BCW:0 
ENC. ALG. CFG: QPA:0 HAD:1 RDQ:1 RDQTS:1 ASR:1 MinSearchWindow:96 RestrictMESampling:0 EDO:2 MCTF:2 
PRE-ANALYSIS CFG: STA:1 LeadFrames:0 TrailFrames:0 
FAST TOOL CFG: ECU:0 FEN:1 FDM:1 FastSearch:4 (SCC:2) LCTUFast:1 FastMrg:2 PBIntraFast:1 AMaxBT:1 FastQtBtEnc:1 ContentBasedFastQtbt:0 FastMIP:3 FastIntraTools:0 IntraEstDecBit:2 FastLocalDualTree:1 IntegerET:0 FastSubPel:1 QtbttExtraFast:3 FastTTSplit:0 IBCFastMethod:3 FIM:0 ALFSpeed:0 QuantThr: 4 
RATE CONTROL CFG: RateControl:0 LookAhead:0 
PARALLEL PROCESSING CFG: NumThreads:0 MaxParallelFrames:0 WppBitEqual:0 WF:0 

POC     0 TId: 0 (  IDR_N_LP, I-SLICE, QP 19, TF 3)     581848 bits [Y 42.2672 dB    U 45.0524 dB    V 46.9660 dB] [ET   490 ] [L0 ] [L1 ]
POC    16 TId: 1 (      STSA, B-SLICE, QP 22, TF 2)     217288 bits [Y 41.6173 dB    U 44.2138 dB    V 45.8520 dB] [ET  1246 ] [L0 0 ] [L1 0 ]
POC     8 TId: 2 (      STSA, B-SLICE, QP 23, TF 1)      98504 bits [Y 40.9654 dB    U 44.1803 dB    V 46.0276 dB] [ET  1279 ] [L0 0 16 ] [L1 16 0 ]
POC     4 TId: 3 (      STSA, B-SLICE, QP 26, TF 0)      43608 bits [Y 40.5597 dB    U 44.3244 dB    V 46.1499 dB] [ET  1069 ] [L0 0 8 ] [L1 8 16 ]
POC     2 TId: 4 (      STSA, B-SLICE, QP 28)            21032 bits [Y 40.5767 dB    U 44.6244 dB    V 46.4565 dB] [ET   666 ] [L0 0 4 ] [L1 4 8 ]
POC     1 TId: 5 (      STSA, B-SLICE, QP 29)             9080 bits [Y 40.8510 dB    U 44.8105 dB    V 46.6704 dB] [ET   521 ] [L0 0 2 ] [L1 2 4 ]
POC     3 TId: 5 (      STSA, B-SLICE, QP 29)            10608 bits [Y 40.2566 dB    U 44.4725 dB    V 46.2239 dB] [ET   602 ] [L0 2 0 ] [L1 4 8 ]
POC     6 TId: 4 (      STSA, B-SLICE, QP 28)            21272 bits [Y 40.1232 dB    U 44.1616 dB    V 45.9147 dB] [ET   809 ] [L0 4 0 ] [L1 8 16 ]
POC     5 TId: 5 (      STSA, B-SLICE, QP 29)            10368 bits [Y 40.0255 dB    U 44.1105 dB    V 45.9686 dB] [ET   581 ] [L0 4 0 ] [L1 6 8 ]
POC     7 TId: 5 (      STSA, B-SLICE, QP 29)             9824 bits [Y 40.1060 dB    U 44.2015 dB    V 45.8319 dB] [ET   625 ] [L0 6 4 ] [L1 8 16 ]
POC    12 TId: 3 (      STSA, B-SLICE, QP 26, TF 0)      48896 bits [Y 40.2556 dB    U 43.9737 dB    V 45.5823 dB] [ET  1193 ] [L0 8 0 ] [L1 16 8 ]
POC    10 TId: 4 (      STSA, B-SLICE, QP 28)            23584 bits [Y 40.0612 dB    U 43.9573 dB    V 45.6180 dB] [ET  1053 ] [L0 8 0 ] [L1 12 16 ]
POC     9 TId: 5 (      STSA, B-SLICE, QP 29)            10048 bits [Y 40.0352 dB    U 44.0868 dB    V 45.8628 dB] [ET   603 ] [L0 8 0 ] [L1 10 12 ]
POC    11 TId: 5 (      STSA, B-SLICE, QP 29)            10880 bits [Y 39.8361 dB    U 43.9277 dB    V 45.6414 dB] [ET   620 ] [L0 10 8 ] [L1 12 16 ]
POC    14 TId: 4 (      STSA, B-SLICE, QP 28)            27320 bits [Y 39.9974 dB    U 43.8971 dB    V 45.4114 dB] [ET   762 ] [L0 12 8 ] [L1 16 12 ]
POC    13 TId: 5 (      STSA, B-SLICE, QP 29)            12864 bits [Y 39.7507 dB    U 43.8542 dB    V 45.4228 dB] [ET   686 ] [L0 12 8 ] [L1 14 16 ]
POC    15 TId: 5 (      STSA, B-SLICE, QP 29)            13800 bits [Y 39.9461 dB    U 43.9390 dB    V 45.5147 dB] [ET   560 ] [L0 14 12 ] [L1 16 14 ]

	Total Frames |   Bitrate     Y-PSNR    U-PSNR    V-PSNR    YUV-PSNR   
	       17    a    4132.3200   40.4253   44.2228   45.9479   41.4472

 finished @ Mon Apr 10 22:15:29 2023
 Total Time:    13356.596 sec. [user]    13381.770 sec. [elapsed]

Level: 0
Inject Calls: 14753856483
Errors injected by bit:
	Bit 0: 147457
	Bit 1: 148298
	Bit 2: 147635
	Bit 3: 147289
	Bit 4: 147443
	Bit 5: 147752
	Bit 6: 148070
	Bit 7: 148409

Total errors injected: 1182353
