vvencFFapp: Fraunhofer VVC Encoder ver. 1.5.0 [Linux][GCC 11.3.0][64 bit][SIMD=AVX2]
 started @ Sat Apr 15 17:04:37 2023
CODING TOOL CFG: CTU128 QT44BTT21 IBD:1 SAO:1 ALF:1 (NonLinLuma:0 NonLinChr:0) CCALF:1 Tiles:1x1 Slices:1 WPP:0 WPP-Substreams:1 TMVP:1 DQ:1 SDH:0 CST:1 BDOF:1 DMVR:1 MTSImplicit:1 SBT:0 JCbCr:1 CabacInitPresent:1 AMVR:5 SMVD:3 LMCS:2 (Signal:SDR Opt:0) CIIP:0 MIP:1 AFFINE:2 (PROF:1, Type:1) MMVD:3 DisFracMMVD:1 SbTMVP:1 GPM:3 LFNST:1 MTS:0 ISP:3 TS:2 TSLog2MaxSize:4 useChromaTS:0 BDPCM:2 IBC:2 BCW:0 
ENC. ALG. CFG: QPA:0 HAD:1 RDQ:1 RDQTS:1 ASR:1 MinSearchWindow:96 RestrictMESampling:0 EDO:2 MCTF:2 
PRE-ANALYSIS CFG: STA:1 LeadFrames:0 TrailFrames:0 
FAST TOOL CFG: ECU:0 FEN:1 FDM:1 FastSearch:4 (SCC:2) LCTUFast:1 FastMrg:2 PBIntraFast:1 AMaxBT:1 FastQtBtEnc:1 ContentBasedFastQtbt:0 FastMIP:3 FastIntraTools:0 IntraEstDecBit:2 FastLocalDualTree:1 IntegerET:0 FastSubPel:1 QtbttExtraFast:3 FastTTSplit:0 IBCFastMethod:3 FIM:0 ALFSpeed:0 QuantThr: 4 
RATE CONTROL CFG: RateControl:0 LookAhead:0 
PARALLEL PROCESSING CFG: NumThreads:0 MaxParallelFrames:0 WppBitEqual:0 WF:0 

POC     0 TId: 0 (  IDR_N_LP, I-SLICE, QP 29, TF 2)     245544 bits [Y 36.0242 dB    U 38.6082 dB    V 40.2672 dB] [ET   264 ] [L0 ] [L1 ]
POC    16 TId: 1 (      STSA, B-SLICE, QP 34, TF 1)     116712 bits [Y 34.7050 dB    U 37.4646 dB    V 38.6227 dB] [ET  1781 ] [L0 0 ] [L1 0 ]
POC     8 TId: 2 (      STSA, B-SLICE, QP 35, TF 0)      82320 bits [Y 33.7885 dB    U 37.0460 dB    V 38.2105 dB] [ET  2114 ] [L0 0 16 ] [L1 16 0 ]
POC     4 TId: 3 (      STSA, B-SLICE, QP 38)            35976 bits [Y 33.0381 dB    U 37.1802 dB    V 38.5275 dB] [ET  1977 ] [L0 0 8 ] [L1 8 16 ]
POC     2 TId: 4 (      STSA, B-SLICE, QP 40)            19776 bits [Y 32.7119 dB    U 37.4506 dB    V 38.8921 dB] [ET  1136 ] [L0 0 4 ] [L1 4 8 ]
POC     1 TId: 5 (      STSA, B-SLICE, QP 41)            10216 bits [Y 32.8508 dB    U 37.5720 dB    V 39.0803 dB] [ET   787 ] [L0 0 2 ] [L1 2 4 ]
POC     3 TId: 5 (      STSA, B-SLICE, QP 41)             9976 bits [Y 32.2929 dB    U 37.1072 dB    V 38.4648 dB] [ET   906 ] [L0 2 0 ] [L1 4 8 ]
POC     6 TId: 4 (      STSA, B-SLICE, QP 40)            19024 bits [Y 32.4505 dB    U 36.9766 dB    V 38.2228 dB] [ET  1424 ] [L0 4 0 ] [L1 8 16 ]
POC     5 TId: 5 (      STSA, B-SLICE, QP 41)             9456 bits [Y 32.3328 dB    U 36.8880 dB    V 38.3124 dB] [ET  1302 ] [L0 4 0 ] [L1 6 8 ]
POC     7 TId: 5 (      STSA, B-SLICE, QP 41)             9064 bits [Y 32.2569 dB    U 36.7130 dB    V 37.9761 dB] [ET   920 ] [L0 6 4 ] [L1 8 16 ]
POC    12 TId: 3 (      STSA, B-SLICE, QP 38)            37608 bits [Y 32.8366 dB    U 37.2017 dB    V 37.9800 dB] [ET  2017 ] [L0 8 0 ] [L1 16 8 ]
POC    10 TId: 4 (      STSA, B-SLICE, QP 40)            20608 bits [Y 32.2342 dB    U 36.8839 dB    V 37.7483 dB] [ET  1557 ] [L0 8 0 ] [L1 12 16 ]
POC     9 TId: 5 (      STSA, B-SLICE, QP 41)            10000 bits [Y 32.1587 dB    U 36.8009 dB    V 37.8081 dB] [ET   904 ] [L0 8 0 ] [L1 10 12 ]
POC    11 TId: 5 (      STSA, B-SLICE, QP 41)            10016 bits [Y 32.0330 dB    U 36.8746 dB    V 37.7221 dB] [ET   949 ] [L0 10 8 ] [L1 12 16 ]
POC    14 TId: 4 (      STSA, B-SLICE, QP 40)            18176 bits [Y 32.3857 dB    U 37.0616 dB    V 37.9161 dB] [ET  1159 ] [L0 12 8 ] [L1 16 12 ]
POC    13 TId: 5 (      STSA, B-SLICE, QP 41)             9144 bits [Y 32.1590 dB    U 36.9763 dB    V 37.9355 dB] [ET   922 ] [L0 12 8 ] [L1 14 16 ]
POC    15 TId: 5 (      STSA, B-SLICE, QP 41)             8104 bits [Y 32.4491 dB    U 36.9994 dB    V 38.0587 dB] [ET   764 ] [L0 14 12 ] [L1 16 14 ]

	Total Frames |   Bitrate     Y-PSNR    U-PSNR    V-PSNR    YUV-PSNR   
	       17    a    1185.3882   32.8652   37.1650   38.3379   33.8737

 finished @ Sat Apr 15 22:52:54 2023
 Total Time:    20896.412 sec. [user]    20897.423 sec. [elapsed]

Level: 0
Inject Calls: 23968862880
Errors injected by bit:
	Bit 0: 23804
	Bit 1: 24092
	Bit 2: 23911
	Bit 3: 23999
	Bit 4: 24026
	Bit 5: 23860
	Bit 6: 23964
	Bit 7: 23703

Total errors injected: 191359
