vvencFFapp: Fraunhofer VVC Encoder ver. 1.5.0 [Linux][GCC 11.3.0][64 bit][SIMD=AVX2]
 started @ Mon Apr 24 22:15:49 2023
CODING TOOL CFG: CTU128 QT44BTT21 IBD:1 SAO:1 ALF:1 (NonLinLuma:0 NonLinChr:0) CCALF:1 Tiles:1x1 Slices:1 WPP:0 WPP-Substreams:1 TMVP:1 DQ:1 SDH:0 CST:1 BDOF:1 DMVR:1 MTSImplicit:1 SBT:0 JCbCr:1 CabacInitPresent:1 AMVR:5 SMVD:3 LMCS:2 (Signal:SDR Opt:0) CIIP:0 MIP:1 AFFINE:2 (PROF:1, Type:1) MMVD:3 DisFracMMVD:1 SbTMVP:1 GPM:3 LFNST:1 MTS:0 ISP:3 TS:2 TSLog2MaxSize:4 useChromaTS:0 BDPCM:2 IBC:2 BCW:0 
ENC. ALG. CFG: QPA:0 HAD:1 RDQ:1 RDQTS:1 ASR:1 MinSearchWindow:96 RestrictMESampling:0 EDO:2 MCTF:2 
PRE-ANALYSIS CFG: STA:1 LeadFrames:0 TrailFrames:0 
FAST TOOL CFG: ECU:0 FEN:1 FDM:1 FastSearch:4 (SCC:2) LCTUFast:1 FastMrg:2 PBIntraFast:1 AMaxBT:1 FastQtBtEnc:1 ContentBasedFastQtbt:0 FastMIP:3 FastIntraTools:0 IntraEstDecBit:2 FastLocalDualTree:1 IntegerET:0 FastSubPel:1 QtbttExtraFast:3 FastTTSplit:0 IBCFastMethod:3 FIM:0 ALFSpeed:0 QuantThr: 4 
RATE CONTROL CFG: RateControl:0 LookAhead:0 
PARALLEL PROCESSING CFG: NumThreads:0 MaxParallelFrames:0 WppBitEqual:0 WF:0 

POC     0 TId: 0 (  IDR_N_LP, I-SLICE, QP 29, TF 2)     160808 bits [Y 38.4367 dB    U 41.6230 dB    V 42.6136 dB] [ET   276 ] [L0 ] [L1 ]
POC    16 TId: 1 (      STSA, B-SLICE, QP 34, TF 1)      30576 bits [Y 36.4718 dB    U 39.9660 dB    V 40.0648 dB] [ET   755 ] [L0 0 ] [L1 0 ]
POC     8 TId: 2 (      STSA, B-SLICE, QP 35, TF 0)      18976 bits [Y 36.4853 dB    U 40.0308 dB    V 40.8154 dB] [ET  1123 ] [L0 0 16 ] [L1 16 0 ]
POC     4 TId: 3 (      STSA, B-SLICE, QP 38)            11856 bits [Y 36.1767 dB    U 40.2514 dB    V 40.9986 dB] [ET  1037 ] [L0 0 8 ] [L1 8 16 ]
POC     2 TId: 4 (      STSA, B-SLICE, QP 40)             4912 bits [Y 36.2732 dB    U 40.8423 dB    V 41.4044 dB] [ET   583 ] [L0 0 4 ] [L1 4 8 ]
POC     1 TId: 5 (      STSA, B-SLICE, QP 41)              232 bits [Y 38.4367 dB    U 41.6230 dB    V 42.6136 dB] [ET   243 ] [L0 0 2 ] [L1 2 4 ]
POC     3 TId: 5 (      STSA, B-SLICE, QP 41)             3368 bits [Y 35.7342 dB    U 40.3948 dB    V 40.8356 dB] [ET   545 ] [L0 2 0 ] [L1 4 8 ]
POC     6 TId: 4 (      STSA, B-SLICE, QP 40)             6384 bits [Y 35.5881 dB    U 40.0306 dB    V 40.5658 dB] [ET   843 ] [L0 4 0 ] [L1 8 16 ]
POC     5 TId: 5 (      STSA, B-SLICE, QP 41)             3552 bits [Y 35.3047 dB    U 39.9742 dB    V 40.6726 dB] [ET   548 ] [L0 4 0 ] [L1 6 8 ]
POC     7 TId: 5 (      STSA, B-SLICE, QP 41)             3336 bits [Y 35.2600 dB    U 39.9635 dB    V 40.4785 dB] [ET   551 ] [L0 6 4 ] [L1 8 16 ]
POC    12 TId: 3 (      STSA, B-SLICE, QP 38)            13096 bits [Y 35.6216 dB    U 39.7312 dB    V 40.0549 dB] [ET  1267 ] [L0 8 0 ] [L1 16 8 ]
POC    10 TId: 4 (      STSA, B-SLICE, QP 40)             7176 bits [Y 35.3143 dB    U 39.9078 dB    V 40.2967 dB] [ET   960 ] [L0 8 0 ] [L1 12 16 ]
POC     9 TId: 5 (      STSA, B-SLICE, QP 41)             3424 bits [Y 35.6807 dB    U 39.9339 dB    V 40.5072 dB] [ET   570 ] [L0 8 0 ] [L1 10 12 ]
POC    11 TId: 5 (      STSA, B-SLICE, QP 41)             3864 bits [Y 35.2497 dB    U 39.7782 dB    V 39.9187 dB] [ET   596 ] [L0 10 8 ] [L1 12 16 ]
POC    14 TId: 4 (      STSA, B-SLICE, QP 40)             7512 bits [Y 35.2253 dB    U 39.6373 dB    V 39.8057 dB] [ET   628 ] [L0 12 8 ] [L1 16 12 ]
POC    13 TId: 5 (      STSA, B-SLICE, QP 41)             3328 bits [Y 35.0014 dB    U 39.6766 dB    V 39.7434 dB] [ET   565 ] [L0 12 8 ] [L1 14 16 ]
POC    15 TId: 5 (      STSA, B-SLICE, QP 41)             3104 bits [Y 35.2474 dB    U 39.7500 dB    V 39.6728 dB] [ET   431 ] [L0 14 12 ] [L1 16 14 ]

	Total Frames |   Bitrate     Y-PSNR    U-PSNR    V-PSNR    YUV-PSNR   
	       17    a     839.7176   35.9710   40.1832   40.6507   36.9177

 finished @ Tue Apr 25 01:28:05 2023
 Total Time:    11534.792 sec. [user]    11535.939 sec. [elapsed]

Level: 0
Inject Calls: 12874124563
Errors injected by bit:
	Bit 0: 13002
	Bit 1: 12873
	Bit 2: 13064
	Bit 3: 12843
	Bit 4: 12984
	Bit 5: 12911
	Bit 6: 12942
	Bit 7: 12994

Total errors injected: 103613
