vvencFFapp: Fraunhofer VVC Encoder ver. 1.5.0 [Linux][GCC 11.3.0][64 bit][SIMD=AVX2]
 started @ Sun Apr 16 03:54:48 2023
CODING TOOL CFG: CTU128 QT44BTT21 IBD:1 SAO:1 ALF:1 (NonLinLuma:0 NonLinChr:0) CCALF:1 Tiles:1x1 Slices:1 WPP:0 WPP-Substreams:1 TMVP:1 DQ:1 SDH:0 CST:1 BDOF:1 DMVR:1 MTSImplicit:1 SBT:0 JCbCr:1 CabacInitPresent:1 AMVR:5 SMVD:3 LMCS:2 (Signal:SDR Opt:0) CIIP:0 MIP:1 AFFINE:2 (PROF:1, Type:1) MMVD:3 DisFracMMVD:1 SbTMVP:1 GPM:3 LFNST:1 MTS:0 ISP:3 TS:2 TSLog2MaxSize:4 useChromaTS:0 BDPCM:2 IBC:2 BCW:0 
ENC. ALG. CFG: QPA:0 HAD:1 RDQ:1 RDQTS:1 ASR:1 MinSearchWindow:96 RestrictMESampling:0 EDO:2 MCTF:2 
PRE-ANALYSIS CFG: STA:1 LeadFrames:0 TrailFrames:0 
FAST TOOL CFG: ECU:0 FEN:1 FDM:1 FastSearch:4 (SCC:2) LCTUFast:1 FastMrg:2 PBIntraFast:1 AMaxBT:1 FastQtBtEnc:1 ContentBasedFastQtbt:0 FastMIP:3 FastIntraTools:0 IntraEstDecBit:2 FastLocalDualTree:1 IntegerET:0 FastSubPel:1 QtbttExtraFast:3 FastTTSplit:0 IBCFastMethod:3 FIM:0 ALFSpeed:0 QuantThr: 4 
RATE CONTROL CFG: RateControl:0 LookAhead:0 
PARALLEL PROCESSING CFG: NumThreads:0 MaxParallelFrames:0 WppBitEqual:0 WF:0 

POC     0 TId: 0 (  IDR_N_LP, I-SLICE, QP 34, TF 2)     137312 bits [Y 33.0393 dB    U 36.5932 dB    V 37.9362 dB] [ET   213 ] [L0 ] [L1 ]
POC    16 TId: 1 (      STSA, B-SLICE, QP 40, TF 1)      49656 bits [Y 30.8789 dB    U 35.9841 dB    V 36.8493 dB] [ET  1389 ] [L0 0 ] [L1 0 ]
POC     8 TId: 2 (      STSA, B-SLICE, QP 40, TF 0)      39968 bits [Y 30.7307 dB    U 35.8256 dB    V 36.9095 dB] [ET  2056 ] [L0 0 16 ] [L1 16 0 ]
POC     4 TId: 3 (      STSA, B-SLICE, QP 43)            17016 bits [Y 30.2144 dB    U 35.7048 dB    V 36.8928 dB] [ET  1722 ] [L0 0 8 ] [L1 8 16 ]
POC     2 TId: 4 (      STSA, B-SLICE, QP 45)             9792 bits [Y 30.1020 dB    U 35.7387 dB    V 37.0842 dB] [ET   991 ] [L0 0 4 ] [L1 4 8 ]
POC     1 TId: 5 (      STSA, B-SLICE, QP 46)             4800 bits [Y 30.4052 dB    U 35.8935 dB    V 37.2541 dB] [ET   551 ] [L0 0 2 ] [L1 2 4 ]
POC     3 TId: 5 (      STSA, B-SLICE, QP 46)             4296 bits [Y 29.6799 dB    U 35.5244 dB    V 36.7286 dB] [ET   787 ] [L0 2 0 ] [L1 4 8 ]
POC     6 TId: 4 (      STSA, B-SLICE, QP 45)             8640 bits [Y 29.6446 dB    U 35.4608 dB    V 36.6062 dB] [ET  1262 ] [L0 4 0 ] [L1 8 16 ]
POC     5 TId: 5 (      STSA, B-SLICE, QP 46)             4264 bits [Y 29.6011 dB    U 35.4845 dB    V 36.7186 dB] [ET   749 ] [L0 4 0 ] [L1 6 8 ]
POC     7 TId: 5 (      STSA, B-SLICE, QP 46)             3840 bits [Y 29.6060 dB    U 35.3790 dB    V 36.5963 dB] [ET   653 ] [L0 6 4 ] [L1 8 16 ]
POC    12 TId: 3 (      STSA, B-SLICE, QP 43)            18304 bits [Y 29.8247 dB    U 35.7356 dB    V 36.3750 dB] [ET  1722 ] [L0 8 0 ] [L1 16 8 ]
POC    10 TId: 4 (      STSA, B-SLICE, QP 45)             9400 bits [Y 29.3514 dB    U 35.4973 dB    V 36.2017 dB] [ET  1239 ] [L0 8 0 ] [L1 12 16 ]
POC     9 TId: 5 (      STSA, B-SLICE, QP 46)             3640 bits [Y 29.3836 dB    U 35.5857 dB    V 36.5026 dB] [ET   673 ] [L0 8 0 ] [L1 10 12 ]
POC    11 TId: 5 (      STSA, B-SLICE, QP 46)             3848 bits [Y 29.2216 dB    U 35.4842 dB    V 36.1452 dB] [ET   774 ] [L0 10 8 ] [L1 12 16 ]
POC    14 TId: 4 (      STSA, B-SLICE, QP 45)             8440 bits [Y 29.4768 dB    U 35.4546 dB    V 36.0814 dB] [ET   974 ] [L0 12 8 ] [L1 16 12 ]
POC    13 TId: 5 (      STSA, B-SLICE, QP 46)             4120 bits [Y 29.3882 dB    U 35.4815 dB    V 36.1303 dB] [ET   708 ] [L0 12 8 ] [L1 14 16 ]
POC    15 TId: 5 (      STSA, B-SLICE, QP 46)             3568 bits [Y 29.6798 dB    U 35.6975 dB    V 36.2883 dB] [ET   603 ] [L0 14 12 ] [L1 16 14 ]

	Total Frames |   Bitrate     Y-PSNR    U-PSNR    V-PSNR    YUV-PSNR   
	       17    a     583.9482   30.0134   35.6779   36.6647   31.2028

 finished @ Sun Apr 16 08:39:29 2023
 Total Time:    17079.903 sec. [user]    17080.779 sec. [elapsed]

Level: 0
Inject Calls: 19902689469
Errors injected by bit:
	Bit 0: 198640
	Bit 1: 198981
	Bit 2: 198345
	Bit 3: 198370
	Bit 4: 199143
	Bit 5: 198527
	Bit 6: 198949
	Bit 7: 199213

Total errors injected: 1590168
