vvencFFapp: Fraunhofer VVC Encoder ver. 1.5.0 [Linux][GCC 11.3.0][64 bit][SIMD=AVX2]
 started @ Tue Apr 11 07:42:43 2023
CODING TOOL CFG: CTU128 QT44BTT21 IBD:1 SAO:1 ALF:1 (NonLinLuma:0 NonLinChr:0) CCALF:1 Tiles:1x1 Slices:1 WPP:0 WPP-Substreams:1 TMVP:1 DQ:1 SDH:0 CST:1 BDOF:1 DMVR:1 MTSImplicit:1 SBT:0 JCbCr:1 CabacInitPresent:1 AMVR:5 SMVD:3 LMCS:2 (Signal:SDR Opt:0) CIIP:0 MIP:1 AFFINE:2 (PROF:1, Type:1) MMVD:3 DisFracMMVD:1 SbTMVP:1 GPM:3 LFNST:1 MTS:0 ISP:3 TS:2 TSLog2MaxSize:4 useChromaTS:0 BDPCM:2 IBC:2 BCW:0 
ENC. ALG. CFG: QPA:0 HAD:1 RDQ:1 RDQTS:1 ASR:1 MinSearchWindow:96 RestrictMESampling:0 EDO:2 MCTF:2 
PRE-ANALYSIS CFG: STA:1 LeadFrames:0 TrailFrames:0 
FAST TOOL CFG: ECU:0 FEN:1 FDM:1 FastSearch:4 (SCC:2) LCTUFast:1 FastMrg:2 PBIntraFast:1 AMaxBT:1 FastQtBtEnc:1 ContentBasedFastQtbt:0 FastMIP:3 FastIntraTools:0 IntraEstDecBit:2 FastLocalDualTree:1 IntegerET:0 FastSubPel:1 QtbttExtraFast:3 FastTTSplit:0 IBCFastMethod:3 FIM:0 ALFSpeed:0 QuantThr: 4 
RATE CONTROL CFG: RateControl:0 LookAhead:0 
PARALLEL PROCESSING CFG: NumThreads:0 MaxParallelFrames:0 WppBitEqual:0 WF:0 

POC     0 TId: 0 (  IDR_N_LP, I-SLICE, QP 29, TF 2)     239000 bits [Y 37.7621 dB    U 41.1947 dB    V 42.2796 dB] [ET   296 ] [L0 ] [L1 ]
POC    16 TId: 1 (      STSA, B-SLICE, QP 34, TF 1)      48512 bits [Y 35.5641 dB    U 39.8698 dB    V 40.6696 dB] [ET   745 ] [L0 0 ] [L1 0 ]
POC     8 TId: 2 (      STSA, B-SLICE, QP 35, TF 0)      20376 bits [Y 35.7537 dB    U 40.2303 dB    V 41.0869 dB] [ET   870 ] [L0 0 16 ] [L1 16 0 ]
POC     4 TId: 3 (      STSA, B-SLICE, QP 38)             8416 bits [Y 35.5915 dB    U 40.6362 dB    V 41.4173 dB] [ET   710 ] [L0 0 8 ] [L1 8 16 ]
POC     2 TId: 4 (      STSA, B-SLICE, QP 40)             3784 bits [Y 35.8232 dB    U 40.9164 dB    V 41.8674 dB] [ET   346 ] [L0 0 4 ] [L1 4 8 ]
POC     1 TId: 5 (      STSA, B-SLICE, QP 41)             1528 bits [Y 36.3867 dB    U 41.0187 dB    V 42.1367 dB] [ET   237 ] [L0 0 2 ] [L1 2 4 ]
POC     3 TId: 5 (      STSA, B-SLICE, QP 41)             1560 bits [Y 35.3623 dB    U 40.8648 dB    V 41.6803 dB] [ET   293 ] [L0 2 0 ] [L1 4 8 ]
POC     6 TId: 4 (      STSA, B-SLICE, QP 40)             3968 bits [Y 35.1523 dB    U 40.4821 dB    V 41.2793 dB] [ET   444 ] [L0 4 0 ] [L1 8 16 ]
POC     5 TId: 5 (      STSA, B-SLICE, QP 41)             1680 bits [Y 35.0684 dB    U 40.5358 dB    V 41.3476 dB] [ET   303 ] [L0 4 0 ] [L1 6 8 ]
POC     7 TId: 5 (      STSA, B-SLICE, QP 41)             1360 bits [Y 35.2346 dB    U 40.3655 dB    V 41.1686 dB] [ET   352 ] [L0 6 4 ] [L1 8 16 ]
POC    12 TId: 3 (      STSA, B-SLICE, QP 38)             9744 bits [Y 34.9140 dB    U 40.0715 dB    V 40.8332 dB] [ET   833 ] [L0 8 0 ] [L1 16 8 ]
POC    10 TId: 4 (      STSA, B-SLICE, QP 40)             3768 bits [Y 34.7411 dB    U 40.0934 dB    V 40.9421 dB] [ET   467 ] [L0 8 0 ] [L1 12 16 ]
POC     9 TId: 5 (      STSA, B-SLICE, QP 41)             1680 bits [Y 34.9744 dB    U 40.2246 dB    V 41.0497 dB] [ET   363 ] [L0 8 0 ] [L1 10 12 ]
POC    11 TId: 5 (      STSA, B-SLICE, QP 41)             1688 bits [Y 34.5625 dB    U 40.0431 dB    V 40.8936 dB] [ET   324 ] [L0 10 8 ] [L1 12 16 ]
POC    14 TId: 4 (      STSA, B-SLICE, QP 40)             4408 bits [Y 34.5267 dB    U 39.9776 dB    V 40.7013 dB] [ET   392 ] [L0 12 8 ] [L1 16 12 ]
POC    13 TId: 5 (      STSA, B-SLICE, QP 41)             2224 bits [Y 34.5231 dB    U 40.0192 dB    V 40.7764 dB] [ET   336 ] [L0 12 8 ] [L1 14 16 ]
POC    15 TId: 5 (      STSA, B-SLICE, QP 41)             2192 bits [Y 34.6229 dB    U 39.9809 dB    V 40.7058 dB] [ET   275 ] [L0 14 12 ] [L1 16 14 ]

	Total Frames |   Bitrate     Y-PSNR    U-PSNR    V-PSNR    YUV-PSNR   
	       17    a    1256.0753   35.3273   40.3838   41.2256   36.4498

 finished @ Tue Apr 11 09:49:23 2023
 Total Time:     7587.247 sec. [user]     7599.436 sec. [elapsed]

Level: 0
Inject Calls: 8507572902
Errors injected by bit:
	Bit 0: 8507568
	Bit 1: 8501230
	Bit 2: 8506710
	Bit 3: 8510991
	Bit 4: 8508113
	Bit 5: 8509154
	Bit 6: 8505703
	Bit 7: 8514909

Total errors injected: 68064378
