vvencFFapp: Fraunhofer VVC Encoder ver. 1.5.0 [Linux][GCC 11.3.0][64 bit][SIMD=AVX2]
 started @ Fri Apr 14 21:14:15 2023
CODING TOOL CFG: CTU128 QT44BTT21 IBD:1 SAO:1 ALF:1 (NonLinLuma:0 NonLinChr:0) CCALF:1 Tiles:1x1 Slices:1 WPP:0 WPP-Substreams:1 TMVP:1 DQ:1 SDH:0 CST:1 BDOF:1 DMVR:1 MTSImplicit:1 SBT:0 JCbCr:1 CabacInitPresent:1 AMVR:5 SMVD:3 LMCS:2 (Signal:SDR Opt:0) CIIP:0 MIP:1 AFFINE:2 (PROF:1, Type:1) MMVD:3 DisFracMMVD:1 SbTMVP:1 GPM:3 LFNST:1 MTS:0 ISP:3 TS:2 TSLog2MaxSize:4 useChromaTS:0 BDPCM:2 IBC:2 BCW:0 
ENC. ALG. CFG: QPA:0 HAD:1 RDQ:1 RDQTS:1 ASR:1 MinSearchWindow:96 RestrictMESampling:0 EDO:2 MCTF:2 
PRE-ANALYSIS CFG: STA:1 LeadFrames:0 TrailFrames:0 
FAST TOOL CFG: ECU:0 FEN:1 FDM:1 FastSearch:4 (SCC:2) LCTUFast:1 FastMrg:2 PBIntraFast:1 AMaxBT:1 FastQtBtEnc:1 ContentBasedFastQtbt:0 FastMIP:3 FastIntraTools:0 IntraEstDecBit:2 FastLocalDualTree:1 IntegerET:0 FastSubPel:1 QtbttExtraFast:3 FastTTSplit:0 IBCFastMethod:3 FIM:0 ALFSpeed:0 QuantThr: 4 
RATE CONTROL CFG: RateControl:0 LookAhead:0 
PARALLEL PROCESSING CFG: NumThreads:0 MaxParallelFrames:0 WppBitEqual:0 WF:0 

POC     0 TId: 0 (  IDR_N_LP, I-SLICE, QP 24, TF 3)     399128 bits [Y 38.6505 dB    U 40.8666 dB    V 42.1124 dB] [ET   326 ] [L0 ] [L1 ]
POC    16 TId: 1 (      STSA, B-SLICE, QP 28, TF 2)     241064 bits [Y 38.5427 dB    U 40.3391 dB    V 41.5308 dB] [ET  2001 ] [L0 0 ] [L1 0 ]
POC     8 TId: 2 (      STSA, B-SLICE, QP 29, TF 1)     180144 bits [Y 37.2337 dB    U 39.5074 dB    V 40.7924 dB] [ET  2296 ] [L0 0 16 ] [L1 16 0 ]
POC     4 TId: 3 (      STSA, B-SLICE, QP 32, TF 0)      78256 bits [Y 35.9470 dB    U 39.1893 dB    V 40.3126 dB] [ET  2243 ] [L0 0 8 ] [L1 8 16 ]
POC     2 TId: 4 (      STSA, B-SLICE, QP 34)            45216 bits [Y 35.6381 dB    U 39.3858 dB    V 40.5366 dB] [ET  1460 ] [L0 0 4 ] [L1 4 8 ]
POC     1 TId: 5 (      STSA, B-SLICE, QP 36)            22568 bits [Y 35.2615 dB    U 39.4271 dB    V 40.7543 dB] [ET   914 ] [L0 0 2 ] [L1 2 4 ]
POC     3 TId: 5 (      STSA, B-SLICE, QP 36)            20984 bits [Y 34.9156 dB    U 38.9136 dB    V 40.1830 dB] [ET  1154 ] [L0 2 0 ] [L1 4 8 ]
POC     6 TId: 4 (      STSA, B-SLICE, QP 34)            43072 bits [Y 35.4596 dB    U 38.8759 dB    V 40.0123 dB] [ET  1781 ] [L0 4 0 ] [L1 8 16 ]
POC     5 TId: 5 (      STSA, B-SLICE, QP 36)            19096 bits [Y 34.8781 dB    U 38.8021 dB    V 40.0612 dB] [ET  1266 ] [L0 4 0 ] [L1 6 8 ]
POC     7 TId: 5 (      STSA, B-SLICE, QP 36)            20680 bits [Y 35.0080 dB    U 38.7702 dB    V 39.9762 dB] [ET  1231 ] [L0 6 4 ] [L1 8 16 ]
POC    12 TId: 3 (      STSA, B-SLICE, QP 32, TF 0)      80312 bits [Y 35.8051 dB    U 39.2596 dB    V 40.0821 dB] [ET  2348 ] [L0 8 0 ] [L1 16 8 ]
POC    10 TId: 4 (      STSA, B-SLICE, QP 34)            46944 bits [Y 35.3804 dB    U 38.8444 dB    V 39.7598 dB] [ET  1926 ] [L0 8 0 ] [L1 12 16 ]
POC     9 TId: 5 (      STSA, B-SLICE, QP 36)            20976 bits [Y 34.9601 dB    U 38.8367 dB    V 39.9404 dB] [ET  1240 ] [L0 8 0 ] [L1 10 12 ]
POC    11 TId: 5 (      STSA, B-SLICE, QP 36)            20544 bits [Y 34.7244 dB    U 38.7162 dB    V 39.6472 dB] [ET  1187 ] [L0 10 8 ] [L1 12 16 ]
POC    14 TId: 4 (      STSA, B-SLICE, QP 34)            44720 bits [Y 35.3584 dB    U 39.0038 dB    V 40.0112 dB] [ET  1529 ] [L0 12 8 ] [L1 16 12 ]
POC    13 TId: 5 (      STSA, B-SLICE, QP 36)            19672 bits [Y 34.7226 dB    U 38.8624 dB    V 39.8053 dB] [ET  1203 ] [L0 12 8 ] [L1 14 16 ]
POC    15 TId: 5 (      STSA, B-SLICE, QP 36)            19168 bits [Y 34.9663 dB    U 39.2048 dB    V 40.3648 dB] [ET   957 ] [L0 14 12 ] [L1 16 14 ]

	Total Frames |   Bitrate     Y-PSNR    U-PSNR    V-PSNR    YUV-PSNR   
	       17    a    2333.9012   35.7325   39.2238   40.3460   36.5818

 finished @ Sat Apr 15 04:12:12 2023
 Total Time:    25074.768 sec. [user]    25076.012 sec. [elapsed]

Level: 0
Inject Calls: 28999948976
Errors injected by bit:
	Bit 0: 289872
	Bit 1: 288969
	Bit 2: 290548
	Bit 3: 290131
	Bit 4: 290396
	Bit 5: 290034
	Bit 6: 289457
	Bit 7: 290244

Total errors injected: 2319651
