vvencFFapp: Fraunhofer VVC Encoder ver. 1.5.0 [Linux][GCC 11.3.0][64 bit][SIMD=AVX2]
 started @ Sun Apr 16 03:44:47 2023
CODING TOOL CFG: CTU128 QT44BTT21 IBD:1 SAO:1 ALF:1 (NonLinLuma:0 NonLinChr:0) CCALF:1 Tiles:1x1 Slices:1 WPP:0 WPP-Substreams:1 TMVP:1 DQ:1 SDH:0 CST:1 BDOF:1 DMVR:1 MTSImplicit:1 SBT:0 JCbCr:1 CabacInitPresent:1 AMVR:5 SMVD:3 LMCS:2 (Signal:SDR Opt:0) CIIP:0 MIP:1 AFFINE:2 (PROF:1, Type:1) MMVD:3 DisFracMMVD:1 SbTMVP:1 GPM:3 LFNST:1 MTS:0 ISP:3 TS:2 TSLog2MaxSize:4 useChromaTS:0 BDPCM:2 IBC:2 BCW:0 
ENC. ALG. CFG: QPA:0 HAD:1 RDQ:1 RDQTS:1 ASR:1 MinSearchWindow:96 RestrictMESampling:0 EDO:2 MCTF:2 
PRE-ANALYSIS CFG: STA:1 LeadFrames:0 TrailFrames:0 
FAST TOOL CFG: ECU:0 FEN:1 FDM:1 FastSearch:4 (SCC:2) LCTUFast:1 FastMrg:2 PBIntraFast:1 AMaxBT:1 FastQtBtEnc:1 ContentBasedFastQtbt:0 FastMIP:3 FastIntraTools:0 IntraEstDecBit:2 FastLocalDualTree:1 IntegerET:0 FastSubPel:1 QtbttExtraFast:3 FastTTSplit:0 IBCFastMethod:3 FIM:0 ALFSpeed:0 QuantThr: 4 
RATE CONTROL CFG: RateControl:0 LookAhead:0 
PARALLEL PROCESSING CFG: NumThreads:0 MaxParallelFrames:0 WppBitEqual:0 WF:0 

POC     0 TId: 0 (  IDR_N_LP, I-SLICE, QP 34, TF 2)     137312 bits [Y 33.0393 dB    U 36.5932 dB    V 37.9362 dB] [ET   249 ] [L0 ] [L1 ]
POC    16 TId: 1 (      STSA, B-SLICE, QP 40, TF 1)      49088 bits [Y 30.8781 dB    U 35.9776 dB    V 36.7752 dB] [ET  1614 ] [L0 0 ] [L1 0 ]
POC     8 TId: 2 (      STSA, B-SLICE, QP 40, TF 0)      41256 bits [Y 30.7912 dB    U 35.7440 dB    V 36.8423 dB] [ET  1965 ] [L0 0 16 ] [L1 16 0 ]
POC     4 TId: 3 (      STSA, B-SLICE, QP 43)            17232 bits [Y 30.2254 dB    U 35.7268 dB    V 36.7627 dB] [ET  1685 ] [L0 0 8 ] [L1 8 16 ]
POC     2 TId: 4 (      STSA, B-SLICE, QP 45)             9312 bits [Y 30.0816 dB    U 35.7740 dB    V 36.9488 dB] [ET   989 ] [L0 0 4 ] [L1 4 8 ]
POC     1 TId: 5 (      STSA, B-SLICE, QP 46)             4824 bits [Y 30.3762 dB    U 35.9161 dB    V 37.2296 dB] [ET   563 ] [L0 0 2 ] [L1 2 4 ]
POC     3 TId: 5 (      STSA, B-SLICE, QP 46)             4128 bits [Y 29.7124 dB    U 35.5099 dB    V 36.6233 dB] [ET   698 ] [L0 2 0 ] [L1 4 8 ]
POC     6 TId: 4 (      STSA, B-SLICE, QP 45)             8664 bits [Y 29.6825 dB    U 35.3566 dB    V 36.4402 dB] [ET  1337 ] [L0 4 0 ] [L1 8 16 ]
POC     5 TId: 5 (      STSA, B-SLICE, QP 46)             4088 bits [Y 29.5962 dB    U 35.4322 dB    V 36.6152 dB] [ET   758 ] [L0 4 0 ] [L1 6 8 ]
POC     7 TId: 5 (      STSA, B-SLICE, QP 46)             4016 bits [Y 29.6356 dB    U 35.3142 dB    V 36.5017 dB] [ET   656 ] [L0 6 4 ] [L1 8 16 ]
POC    12 TId: 3 (      STSA, B-SLICE, QP 43)            18080 bits [Y 29.8743 dB    U 35.5810 dB    V 36.0415 dB] [ET  1652 ] [L0 8 0 ] [L1 16 8 ]
POC    10 TId: 4 (      STSA, B-SLICE, QP 45)             9784 bits [Y 29.4429 dB    U 35.4421 dB    V 36.0935 dB] [ET  1350 ] [L0 8 0 ] [L1 12 16 ]
POC     9 TId: 5 (      STSA, B-SLICE, QP 46)             3960 bits [Y 29.4825 dB    U 35.5373 dB    V 36.3958 dB] [ET   680 ] [L0 8 0 ] [L1 10 12 ]
POC    11 TId: 5 (      STSA, B-SLICE, QP 46)             4176 bits [Y 29.3200 dB    U 35.4559 dB    V 35.8684 dB] [ET   781 ] [L0 10 8 ] [L1 12 16 ]
POC    14 TId: 4 (      STSA, B-SLICE, QP 45)             8336 bits [Y 29.4603 dB    U 35.5133 dB    V 35.8618 dB] [ET   987 ] [L0 12 8 ] [L1 16 12 ]
POC    13 TId: 5 (      STSA, B-SLICE, QP 46)             4152 bits [Y 29.4197 dB    U 35.4911 dB    V 35.9243 dB] [ET   710 ] [L0 12 8 ] [L1 14 16 ]
POC    15 TId: 5 (      STSA, B-SLICE, QP 46)             3592 bits [Y 29.7012 dB    U 35.6853 dB    V 36.1027 dB] [ET   585 ] [L0 14 12 ] [L1 16 14 ]

	Total Frames |   Bitrate     Y-PSNR    U-PSNR    V-PSNR    YUV-PSNR   
	       17    a     585.8824   30.0423   35.6500   36.5273   31.2222

 finished @ Sun Apr 16 08:32:38 2023
 Total Time:    17270.583 sec. [user]    17271.542 sec. [elapsed]

Level: 0
Inject Calls: 20233720863
Errors injected by bit:
	Bit 0: 2022192
	Bit 1: 2021144
	Bit 2: 2022117
	Bit 3: 2023253
	Bit 4: 2024502
	Bit 5: 2023835
	Bit 6: 2024028
	Bit 7: 2026589

Total errors injected: 16187660
