vvencFFapp: Fraunhofer VVC Encoder ver. 1.5.0 [Linux][GCC 11.3.0][64 bit][SIMD=AVX2]
 started @ Sat Apr 15 11:14:31 2023
CODING TOOL CFG: CTU128 QT44BTT21 IBD:1 SAO:1 ALF:1 (NonLinLuma:0 NonLinChr:0) CCALF:1 Tiles:1x1 Slices:1 WPP:0 WPP-Substreams:1 TMVP:1 DQ:1 SDH:0 CST:1 BDOF:1 DMVR:1 MTSImplicit:1 SBT:0 JCbCr:1 CabacInitPresent:1 AMVR:5 SMVD:3 LMCS:2 (Signal:SDR Opt:0) CIIP:0 MIP:1 AFFINE:2 (PROF:1, Type:1) MMVD:3 DisFracMMVD:1 SbTMVP:1 GPM:3 LFNST:1 MTS:0 ISP:3 TS:2 TSLog2MaxSize:4 useChromaTS:0 BDPCM:2 IBC:2 BCW:0 
ENC. ALG. CFG: QPA:0 HAD:1 RDQ:1 RDQTS:1 ASR:1 MinSearchWindow:96 RestrictMESampling:0 EDO:2 MCTF:2 
PRE-ANALYSIS CFG: STA:1 LeadFrames:0 TrailFrames:0 
FAST TOOL CFG: ECU:0 FEN:1 FDM:1 FastSearch:4 (SCC:2) LCTUFast:1 FastMrg:2 PBIntraFast:1 AMaxBT:1 FastQtBtEnc:1 ContentBasedFastQtbt:0 FastMIP:3 FastIntraTools:0 IntraEstDecBit:2 FastLocalDualTree:1 IntegerET:0 FastSubPel:1 QtbttExtraFast:3 FastTTSplit:0 IBCFastMethod:3 FIM:0 ALFSpeed:0 QuantThr: 4 
RATE CONTROL CFG: RateControl:0 LookAhead:0 
PARALLEL PROCESSING CFG: NumThreads:0 MaxParallelFrames:0 WppBitEqual:0 WF:0 

POC     0 TId: 0 (  IDR_N_LP, I-SLICE, QP 29, TF 2)     245544 bits [Y 36.0242 dB    U 38.6082 dB    V 40.2672 dB] [ET   271 ] [L0 ] [L1 ]
POC    16 TId: 1 (      STSA, B-SLICE, QP 34, TF 1)     119000 bits [Y 34.6401 dB    U 37.4122 dB    V 38.6944 dB] [ET  1839 ] [L0 0 ] [L1 0 ]
POC     8 TId: 2 (      STSA, B-SLICE, QP 35, TF 0)      82168 bits [Y 33.8161 dB    U 37.0782 dB    V 38.1718 dB] [ET  2213 ] [L0 0 16 ] [L1 16 0 ]
POC     4 TId: 3 (      STSA, B-SLICE, QP 38)            36312 bits [Y 33.0151 dB    U 37.2871 dB    V 38.4758 dB] [ET  1938 ] [L0 0 8 ] [L1 8 16 ]
POC     2 TId: 4 (      STSA, B-SLICE, QP 40)            19464 bits [Y 32.6754 dB    U 37.4721 dB    V 38.8693 dB] [ET  1182 ] [L0 0 4 ] [L1 4 8 ]
POC     1 TId: 5 (      STSA, B-SLICE, QP 41)            10432 bits [Y 32.8840 dB    U 37.6095 dB    V 39.1318 dB] [ET   721 ] [L0 0 2 ] [L1 2 4 ]
POC     3 TId: 5 (      STSA, B-SLICE, QP 41)             9928 bits [Y 32.2801 dB    U 37.1676 dB    V 38.5013 dB] [ET   910 ] [L0 2 0 ] [L1 4 8 ]
POC     6 TId: 4 (      STSA, B-SLICE, QP 40)            18536 bits [Y 32.4057 dB    U 37.0996 dB    V 38.2217 dB] [ET  1443 ] [L0 4 0 ] [L1 8 16 ]
POC     5 TId: 5 (      STSA, B-SLICE, QP 41)             8872 bits [Y 32.2887 dB    U 37.0692 dB    V 38.3478 dB] [ET  1083 ] [L0 4 0 ] [L1 6 8 ]
POC     7 TId: 5 (      STSA, B-SLICE, QP 41)             9152 bits [Y 32.3078 dB    U 36.7598 dB    V 37.9814 dB] [ET   979 ] [L0 6 4 ] [L1 8 16 ]
POC    12 TId: 3 (      STSA, B-SLICE, QP 38)            36224 bits [Y 32.8412 dB    U 37.1012 dB    V 37.9151 dB] [ET  2024 ] [L0 8 0 ] [L1 16 8 ]
POC    10 TId: 4 (      STSA, B-SLICE, QP 40)            20104 bits [Y 32.2008 dB    U 36.9145 dB    V 37.6794 dB] [ET  1537 ] [L0 8 0 ] [L1 12 16 ]
POC     9 TId: 5 (      STSA, B-SLICE, QP 41)             9768 bits [Y 32.1611 dB    U 36.8647 dB    V 37.8021 dB] [ET   914 ] [L0 8 0 ] [L1 10 12 ]
POC    11 TId: 5 (      STSA, B-SLICE, QP 41)             9792 bits [Y 32.0359 dB    U 36.8651 dB    V 37.6393 dB] [ET   919 ] [L0 10 8 ] [L1 12 16 ]
POC    14 TId: 4 (      STSA, B-SLICE, QP 40)            18208 bits [Y 32.3085 dB    U 37.0333 dB    V 37.9741 dB] [ET  1232 ] [L0 12 8 ] [L1 16 12 ]
POC    13 TId: 5 (      STSA, B-SLICE, QP 41)             9112 bits [Y 32.1241 dB    U 36.8656 dB    V 37.7983 dB] [ET   858 ] [L0 12 8 ] [L1 14 16 ]
POC    15 TId: 5 (      STSA, B-SLICE, QP 41)             8592 bits [Y 32.4447 dB    U 37.0246 dB    V 38.1802 dB] [ET   753 ] [L0 14 12 ] [L1 16 14 ]

	Total Frames |   Bitrate     Y-PSNR    U-PSNR    V-PSNR    YUV-PSNR   
	       17    a    1184.4847   32.8502   37.1901   38.3324   33.8621

 finished @ Sat Apr 15 17:01:42 2023
 Total Time:    20829.781 sec. [user]    20830.672 sec. [elapsed]

Level: 0
Inject Calls: 24178256326
Errors injected by bit:
	Bit 0: 2417167
	Bit 1: 2415469
	Bit 2: 2418461
	Bit 3: 2416905
	Bit 4: 2418755
	Bit 5: 2418408
	Bit 6: 2418462
	Bit 7: 2418555

Total errors injected: 19342182
