vvencFFapp: Fraunhofer VVC Encoder ver. 1.5.0 [Linux][GCC 11.3.0][64 bit][SIMD=AVX2]
 started @ Mon Apr 10 14:37:23 2023
CODING TOOL CFG: CTU128 QT44BTT21 IBD:1 SAO:1 ALF:1 (NonLinLuma:0 NonLinChr:0) CCALF:1 Tiles:1x1 Slices:1 WPP:0 WPP-Substreams:1 TMVP:1 DQ:1 SDH:0 CST:1 BDOF:1 DMVR:1 MTSImplicit:1 SBT:0 JCbCr:1 CabacInitPresent:1 AMVR:5 SMVD:3 LMCS:2 (Signal:SDR Opt:0) CIIP:0 MIP:1 AFFINE:2 (PROF:1, Type:1) MMVD:3 DisFracMMVD:1 SbTMVP:1 GPM:3 LFNST:1 MTS:0 ISP:3 TS:2 TSLog2MaxSize:4 useChromaTS:0 BDPCM:2 IBC:2 BCW:0 
ENC. ALG. CFG: QPA:0 HAD:1 RDQ:1 RDQTS:1 ASR:1 MinSearchWindow:96 RestrictMESampling:0 EDO:2 MCTF:2 
PRE-ANALYSIS CFG: STA:1 LeadFrames:0 TrailFrames:0 
FAST TOOL CFG: ECU:0 FEN:1 FDM:1 FastSearch:4 (SCC:2) LCTUFast:1 FastMrg:2 PBIntraFast:1 AMaxBT:1 FastQtBtEnc:1 ContentBasedFastQtbt:0 FastMIP:3 FastIntraTools:0 IntraEstDecBit:2 FastLocalDualTree:1 IntegerET:0 FastSubPel:1 QtbttExtraFast:3 FastTTSplit:0 IBCFastMethod:3 FIM:0 ALFSpeed:0 QuantThr: 4 
RATE CONTROL CFG: RateControl:0 LookAhead:0 
PARALLEL PROCESSING CFG: NumThreads:0 MaxParallelFrames:0 WppBitEqual:0 WF:0 

POC     0 TId: 0 (  IDR_N_LP, I-SLICE, QP 19, TF 3)     581848 bits [Y 42.2672 dB    U 45.0524 dB    V 46.9660 dB] [ET   569 ] [L0 ] [L1 ]
POC    16 TId: 1 (      STSA, B-SLICE, QP 22, TF 2)     216448 bits [Y 41.6183 dB    U 44.1802 dB    V 45.8540 dB] [ET  1259 ] [L0 0 ] [L1 0 ]
POC     8 TId: 2 (      STSA, B-SLICE, QP 23, TF 1)      97936 bits [Y 40.9318 dB    U 44.1783 dB    V 46.0106 dB] [ET  1333 ] [L0 0 16 ] [L1 16 0 ]
POC     4 TId: 3 (      STSA, B-SLICE, QP 26, TF 0)      43632 bits [Y 40.5503 dB    U 44.2901 dB    V 46.1332 dB] [ET  1178 ] [L0 0 8 ] [L1 8 16 ]
POC     2 TId: 4 (      STSA, B-SLICE, QP 28)            20696 bits [Y 40.5450 dB    U 44.6186 dB    V 46.4344 dB] [ET   750 ] [L0 0 4 ] [L1 4 8 ]
POC     1 TId: 5 (      STSA, B-SLICE, QP 29)             9336 bits [Y 40.8642 dB    U 44.8226 dB    V 46.7070 dB] [ET   630 ] [L0 0 2 ] [L1 2 4 ]
POC     3 TId: 5 (      STSA, B-SLICE, QP 29)            10352 bits [Y 40.2470 dB    U 44.4496 dB    V 46.1923 dB] [ET   583 ] [L0 2 0 ] [L1 4 8 ]
POC     6 TId: 4 (      STSA, B-SLICE, QP 28)            22248 bits [Y 40.1667 dB    U 44.1171 dB    V 45.8753 dB] [ET   805 ] [L0 4 0 ] [L1 8 16 ]
POC     5 TId: 5 (      STSA, B-SLICE, QP 29)            10120 bits [Y 39.9972 dB    U 44.0813 dB    V 45.9391 dB] [ET   585 ] [L0 4 0 ] [L1 6 8 ]
POC     7 TId: 5 (      STSA, B-SLICE, QP 29)             9920 bits [Y 40.1066 dB    U 44.1569 dB    V 45.8435 dB] [ET   647 ] [L0 6 4 ] [L1 8 16 ]
POC    12 TId: 3 (      STSA, B-SLICE, QP 26, TF 0)      48992 bits [Y 40.2528 dB    U 43.9684 dB    V 45.6147 dB] [ET  1127 ] [L0 8 0 ] [L1 16 8 ]
POC    10 TId: 4 (      STSA, B-SLICE, QP 28)            23840 bits [Y 40.0394 dB    U 43.9665 dB    V 45.6882 dB] [ET  1078 ] [L0 8 0 ] [L1 12 16 ]
POC     9 TId: 5 (      STSA, B-SLICE, QP 29)            10224 bits [Y 40.0060 dB    U 44.0695 dB    V 45.8205 dB] [ET   624 ] [L0 8 0 ] [L1 10 12 ]
POC    11 TId: 5 (      STSA, B-SLICE, QP 29)            11152 bits [Y 39.8608 dB    U 43.9196 dB    V 45.6244 dB] [ET   625 ] [L0 10 8 ] [L1 12 16 ]
POC    14 TId: 4 (      STSA, B-SLICE, QP 28)            27184 bits [Y 39.9785 dB    U 43.8606 dB    V 45.4522 dB] [ET   756 ] [L0 12 8 ] [L1 16 12 ]
POC    13 TId: 5 (      STSA, B-SLICE, QP 29)            13096 bits [Y 39.7644 dB    U 43.8194 dB    V 45.4759 dB] [ET   721 ] [L0 12 8 ] [L1 14 16 ]
POC    15 TId: 5 (      STSA, B-SLICE, QP 29)            13800 bits [Y 39.9642 dB    U 43.9526 dB    V 45.4757 dB] [ET   559 ] [L0 14 12 ] [L1 16 14 ]

	Total Frames |   Bitrate     Y-PSNR    U-PSNR    V-PSNR    YUV-PSNR   
	       17    a    4132.3200   40.4212   44.2061   45.9475   41.4425

 finished @ Mon Apr 10 18:28:07 2023
 Total Time:    13814.080 sec. [user]    13843.478 sec. [elapsed]

Level: 0
Inject Calls: 14817124810
Errors injected by bit:
	Bit 0: 14818387
	Bit 1: 14820402
	Bit 2: 14820263
	Bit 3: 14812792
	Bit 4: 14819139
	Bit 5: 14823732
	Bit 6: 14815144
	Bit 7: 14813685

Total errors injected: 118543544
