vvencFFapp: Fraunhofer VVC Encoder ver. 1.5.0 [Linux][GCC 11.3.0][64 bit][SIMD=AVX2]
 started @ Fri Apr 14 13:09:08 2023
CODING TOOL CFG: CTU128 QT44BTT21 IBD:1 SAO:1 ALF:1 (NonLinLuma:0 NonLinChr:0) CCALF:1 Tiles:1x1 Slices:1 WPP:0 WPP-Substreams:1 TMVP:1 DQ:1 SDH:0 CST:1 BDOF:1 DMVR:1 MTSImplicit:1 SBT:0 JCbCr:1 CabacInitPresent:1 AMVR:5 SMVD:3 LMCS:2 (Signal:SDR Opt:0) CIIP:0 MIP:1 AFFINE:2 (PROF:1, Type:1) MMVD:3 DisFracMMVD:1 SbTMVP:1 GPM:3 LFNST:1 MTS:0 ISP:3 TS:2 TSLog2MaxSize:4 useChromaTS:0 BDPCM:2 IBC:2 BCW:0 
ENC. ALG. CFG: QPA:0 HAD:1 RDQ:1 RDQTS:1 ASR:1 MinSearchWindow:96 RestrictMESampling:0 EDO:2 MCTF:2 
PRE-ANALYSIS CFG: STA:1 LeadFrames:0 TrailFrames:0 
FAST TOOL CFG: ECU:0 FEN:1 FDM:1 FastSearch:4 (SCC:2) LCTUFast:1 FastMrg:2 PBIntraFast:1 AMaxBT:1 FastQtBtEnc:1 ContentBasedFastQtbt:0 FastMIP:3 FastIntraTools:0 IntraEstDecBit:2 FastLocalDualTree:1 IntegerET:0 FastSubPel:1 QtbttExtraFast:3 FastTTSplit:0 IBCFastMethod:3 FIM:0 ALFSpeed:0 QuantThr: 4 
RATE CONTROL CFG: RateControl:0 LookAhead:0 
PARALLEL PROCESSING CFG: NumThreads:0 MaxParallelFrames:0 WppBitEqual:0 WF:0 

POC     0 TId: 0 (  IDR_N_LP, I-SLICE, QP 24, TF 3)     399128 bits [Y 38.6505 dB    U 40.8666 dB    V 42.1124 dB] [ET   328 ] [L0 ] [L1 ]
POC    16 TId: 1 (      STSA, B-SLICE, QP 28, TF 2)     241688 bits [Y 38.5438 dB    U 40.2418 dB    V 41.4635 dB] [ET  1910 ] [L0 0 ] [L1 0 ]
POC     8 TId: 2 (      STSA, B-SLICE, QP 29, TF 1)     176904 bits [Y 37.2092 dB    U 39.5124 dB    V 40.7289 dB] [ET  2322 ] [L0 0 16 ] [L1 16 0 ]
POC     4 TId: 3 (      STSA, B-SLICE, QP 32, TF 0)      77368 bits [Y 35.9114 dB    U 39.1788 dB    V 40.3333 dB] [ET  2388 ] [L0 0 8 ] [L1 8 16 ]
POC     2 TId: 4 (      STSA, B-SLICE, QP 34)            44592 bits [Y 35.6327 dB    U 39.2290 dB    V 40.4686 dB] [ET  1472 ] [L0 0 4 ] [L1 4 8 ]
POC     1 TId: 5 (      STSA, B-SLICE, QP 36)            22512 bits [Y 35.2823 dB    U 39.4833 dB    V 40.7626 dB] [ET   917 ] [L0 0 2 ] [L1 2 4 ]
POC     3 TId: 5 (      STSA, B-SLICE, QP 36)            20896 bits [Y 34.9088 dB    U 38.8429 dB    V 40.1203 dB] [ET  1267 ] [L0 2 0 ] [L1 4 8 ]
POC     6 TId: 4 (      STSA, B-SLICE, QP 34)            42704 bits [Y 35.4629 dB    U 38.8260 dB    V 39.9732 dB] [ET  1746 ] [L0 4 0 ] [L1 8 16 ]
POC     5 TId: 5 (      STSA, B-SLICE, QP 36)            19192 bits [Y 34.8488 dB    U 38.7610 dB    V 40.0476 dB] [ET  1150 ] [L0 4 0 ] [L1 6 8 ]
POC     7 TId: 5 (      STSA, B-SLICE, QP 36)            20704 bits [Y 34.9908 dB    U 38.7152 dB    V 39.9926 dB] [ET  1239 ] [L0 6 4 ] [L1 8 16 ]
POC    12 TId: 3 (      STSA, B-SLICE, QP 32, TF 0)      80176 bits [Y 35.7751 dB    U 39.2440 dB    V 40.0750 dB] [ET  2389 ] [L0 8 0 ] [L1 16 8 ]
POC    10 TId: 4 (      STSA, B-SLICE, QP 34)            47408 bits [Y 35.3696 dB    U 38.8388 dB    V 39.7718 dB] [ET  2027 ] [L0 8 0 ] [L1 12 16 ]
POC     9 TId: 5 (      STSA, B-SLICE, QP 36)            20680 bits [Y 34.9706 dB    U 38.8032 dB    V 39.8927 dB] [ET  1179 ] [L0 8 0 ] [L1 10 12 ]
POC    11 TId: 5 (      STSA, B-SLICE, QP 36)            20576 bits [Y 34.7295 dB    U 38.7690 dB    V 39.6860 dB] [ET  1332 ] [L0 10 8 ] [L1 12 16 ]
POC    14 TId: 4 (      STSA, B-SLICE, QP 34)            44024 bits [Y 35.3392 dB    U 38.9622 dB    V 40.0069 dB] [ET  1473 ] [L0 12 8 ] [L1 16 12 ]
POC    13 TId: 5 (      STSA, B-SLICE, QP 36)            19568 bits [Y 34.7536 dB    U 38.8551 dB    V 39.7451 dB] [ET  1142 ] [L0 12 8 ] [L1 14 16 ]
POC    15 TId: 5 (      STSA, B-SLICE, QP 36)            19296 bits [Y 34.9706 dB    U 39.2241 dB    V 40.4282 dB] [ET  1028 ] [L0 14 12 ] [L1 16 14 ]

	Total Frames |   Bitrate     Y-PSNR    U-PSNR    V-PSNR    YUV-PSNR   
	       17    a    2324.8518   35.7264   39.1973   40.3299   36.5739

 finished @ Fri Apr 14 20:11:15 2023
 Total Time:    25325.695 sec. [user]    25327.105 sec. [elapsed]

Level: 0
Inject Calls: 28686608798
Errors injected by bit:
	Bit 0: 28688079
	Bit 1: 28685465
	Bit 2: 28685914
	Bit 3: 28698168
	Bit 4: 28684334
	Bit 5: 28685993
	Bit 6: 28693649
	Bit 7: 28685439

Total errors injected: 229507041
