vvencFFapp: Fraunhofer VVC Encoder ver. 1.5.0 [Linux][GCC 11.3.0][64 bit][SIMD=AVX2]
 started @ Fri Apr  7 03:35:23 2023
CODING TOOL CFG: CTU128 QT44BTT21 IBD:1 SAO:1 ALF:1 (NonLinLuma:0 NonLinChr:0) CCALF:1 Tiles:1x1 Slices:1 WPP:0 WPP-Substreams:1 TMVP:1 DQ:1 SDH:0 CST:1 BDOF:1 DMVR:1 MTSImplicit:1 SBT:0 JCbCr:1 CabacInitPresent:1 AMVR:5 SMVD:3 LMCS:2 (Signal:SDR Opt:0) CIIP:0 MIP:1 AFFINE:2 (PROF:1, Type:1) MMVD:3 DisFracMMVD:1 SbTMVP:1 GPM:3 LFNST:1 MTS:0 ISP:3 TS:2 TSLog2MaxSize:4 useChromaTS:0 BDPCM:2 IBC:2 BCW:0 
ENC. ALG. CFG: QPA:0 HAD:1 RDQ:1 RDQTS:1 ASR:1 MinSearchWindow:96 RestrictMESampling:0 EDO:2 MCTF:2 
PRE-ANALYSIS CFG: STA:1 LeadFrames:0 TrailFrames:0 
FAST TOOL CFG: ECU:0 FEN:1 FDM:1 FastSearch:4 (SCC:2) LCTUFast:1 FastMrg:2 PBIntraFast:1 AMaxBT:1 FastQtBtEnc:1 ContentBasedFastQtbt:0 FastMIP:3 FastIntraTools:0 IntraEstDecBit:2 FastLocalDualTree:1 IntegerET:0 FastSubPel:1 QtbttExtraFast:3 FastTTSplit:0 IBCFastMethod:3 FIM:0 ALFSpeed:0 QuantThr: 4 
RATE CONTROL CFG: RateControl:0 LookAhead:0 
PARALLEL PROCESSING CFG: NumThreads:0 MaxParallelFrames:0 WppBitEqual:0 WF:0 

POC     0 TId: 0 (  IDR_N_LP, I-SLICE, QP 24, TF 3)     303696 bits [Y 41.6478 dB    U 43.8365 dB    V 45.0113 dB] [ET   385 ] [L0 ] [L1 ]
POC    16 TId: 1 (      STSA, B-SLICE, QP 28, TF 2)      64936 bits [Y 39.5527 dB    U 42.4370 dB    V 43.1373 dB] [ET  1006 ] [L0 0 ] [L1 0 ]
POC     8 TId: 2 (      STSA, B-SLICE, QP 29, TF 1)      38808 bits [Y 39.4633 dB    U 42.5660 dB    V 43.5656 dB] [ET  1287 ] [L0 0 16 ] [L1 16 0 ]
POC     4 TId: 3 (      STSA, B-SLICE, QP 32, TF 0)      23152 bits [Y 39.0803 dB    U 42.2387 dB    V 43.2051 dB] [ET  1166 ] [L0 0 8 ] [L1 8 16 ]
POC     2 TId: 4 (      STSA, B-SLICE, QP 34)            10776 bits [Y 39.1430 dB    U 42.7092 dB    V 43.4662 dB] [ET   765 ] [L0 0 4 ] [L1 4 8 ]
POC     1 TId: 5 (      STSA, B-SLICE, QP 36)              240 bits [Y 41.6478 dB    U 43.8365 dB    V 45.0113 dB] [ET   240 ] [L0 0 2 ] [L1 2 4 ]
POC     3 TId: 5 (      STSA, B-SLICE, QP 36)             6664 bits [Y 38.5366 dB    U 42.1804 dB    V 42.9721 dB] [ET   656 ] [L0 2 0 ] [L1 4 8 ]
POC     6 TId: 4 (      STSA, B-SLICE, QP 34)            14920 bits [Y 38.7446 dB    U 42.1365 dB    V 42.7907 dB] [ET  1055 ] [L0 4 0 ] [L1 8 16 ]
POC     5 TId: 5 (      STSA, B-SLICE, QP 36)             6976 bits [Y 38.0859 dB    U 41.9751 dB    V 42.7156 dB] [ET   737 ] [L0 4 0 ] [L1 6 8 ]
POC     7 TId: 5 (      STSA, B-SLICE, QP 36)             7032 bits [Y 37.9919 dB    U 42.0981 dB    V 42.7915 dB] [ET   707 ] [L0 6 4 ] [L1 8 16 ]
POC    12 TId: 3 (      STSA, B-SLICE, QP 32, TF 0)      26232 bits [Y 38.5339 dB    U 41.7910 dB    V 42.5040 dB] [ET  1437 ] [L0 8 0 ] [L1 16 8 ]
POC    10 TId: 4 (      STSA, B-SLICE, QP 34)            15816 bits [Y 38.3114 dB    U 41.8170 dB    V 42.4157 dB] [ET  1249 ] [L0 8 0 ] [L1 12 16 ]
POC     9 TId: 5 (      STSA, B-SLICE, QP 36)             6864 bits [Y 38.3407 dB    U 42.1087 dB    V 42.7330 dB] [ET   679 ] [L0 8 0 ] [L1 10 12 ]
POC    11 TId: 5 (      STSA, B-SLICE, QP 36)             8096 bits [Y 38.0123 dB    U 41.7265 dB    V 42.2595 dB] [ET   740 ] [L0 10 8 ] [L1 12 16 ]
POC    14 TId: 4 (      STSA, B-SLICE, QP 34)            16288 bits [Y 38.2458 dB    U 41.5841 dB    V 42.0168 dB] [ET   943 ] [L0 12 8 ] [L1 16 12 ]
POC    13 TId: 5 (      STSA, B-SLICE, QP 36)             7520 bits [Y 37.8110 dB    U 41.6997 dB    V 41.9886 dB] [ET   720 ] [L0 12 8 ] [L1 14 16 ]
POC    15 TId: 5 (      STSA, B-SLICE, QP 36)             6512 bits [Y 37.9043 dB    U 41.8238 dB    V 42.0802 dB] [ET   529 ] [L0 14 12 ] [L1 16 14 ]

	Total Frames |   Bitrate     Y-PSNR    U-PSNR    V-PSNR    YUV-PSNR   
	       17    a    1660.3765   38.8855   42.2685   42.9803   39.6939

 finished @ Fri Apr  7 07:33:58 2023
 Total Time:    14304.488 sec. [user]    14314.452 sec. [elapsed]

Level: 0
Inject Calls: 16164732081
Errors injected by bit:
	Bit 0: 161440
	Bit 1: 162706
	Bit 2: 162066
	Bit 3: 161425
	Bit 4: 161484
	Bit 5: 161241
	Bit 6: 161088
	Bit 7: 161828

Total errors injected: 1293278
