vvencFFapp: Fraunhofer VVC Encoder ver. 1.5.0 [Linux][GCC 11.3.0][64 bit][SIMD=AVX2]
 started @ Tue Apr 11 01:42:36 2023
CODING TOOL CFG: CTU128 QT44BTT21 IBD:1 SAO:1 ALF:1 (NonLinLuma:0 NonLinChr:0) CCALF:1 Tiles:1x1 Slices:1 WPP:0 WPP-Substreams:1 TMVP:1 DQ:1 SDH:0 CST:1 BDOF:1 DMVR:1 MTSImplicit:1 SBT:0 JCbCr:1 CabacInitPresent:1 AMVR:5 SMVD:3 LMCS:2 (Signal:SDR Opt:0) CIIP:0 MIP:1 AFFINE:2 (PROF:1, Type:1) MMVD:3 DisFracMMVD:1 SbTMVP:1 GPM:3 LFNST:1 MTS:0 ISP:3 TS:2 TSLog2MaxSize:4 useChromaTS:0 BDPCM:2 IBC:2 BCW:0 
ENC. ALG. CFG: QPA:0 HAD:1 RDQ:1 RDQTS:1 ASR:1 MinSearchWindow:96 RestrictMESampling:0 EDO:2 MCTF:2 
PRE-ANALYSIS CFG: STA:1 LeadFrames:0 TrailFrames:0 
FAST TOOL CFG: ECU:0 FEN:1 FDM:1 FastSearch:4 (SCC:2) LCTUFast:1 FastMrg:2 PBIntraFast:1 AMaxBT:1 FastQtBtEnc:1 ContentBasedFastQtbt:0 FastMIP:3 FastIntraTools:0 IntraEstDecBit:2 FastLocalDualTree:1 IntegerET:0 FastSubPel:1 QtbttExtraFast:3 FastTTSplit:0 IBCFastMethod:3 FIM:0 ALFSpeed:0 QuantThr: 4 
RATE CONTROL CFG: RateControl:0 LookAhead:0 
PARALLEL PROCESSING CFG: NumThreads:0 MaxParallelFrames:0 WppBitEqual:0 WF:0 

POC     0 TId: 0 (  IDR_N_LP, I-SLICE, QP 24, TF 3)     377624 bits [Y 40.2668 dB    U 43.0828 dB    V 44.6158 dB] [ET   367 ] [L0 ] [L1 ]
POC    16 TId: 1 (      STSA, B-SLICE, QP 28, TF 2)     101472 bits [Y 38.6949 dB    U 42.0637 dB    V 43.2364 dB] [ET   890 ] [L0 0 ] [L1 0 ]
POC     8 TId: 2 (      STSA, B-SLICE, QP 29, TF 1)      44464 bits [Y 38.5675 dB    U 42.2200 dB    V 43.5843 dB] [ET  1107 ] [L0 0 16 ] [L1 16 0 ]
POC     4 TId: 3 (      STSA, B-SLICE, QP 32, TF 0)      18928 bits [Y 38.3125 dB    U 42.4537 dB    V 43.7933 dB] [ET  1011 ] [L0 0 8 ] [L1 8 16 ]
POC     2 TId: 4 (      STSA, B-SLICE, QP 34)             8272 bits [Y 38.4164 dB    U 42.7499 dB    V 44.1402 dB] [ET   566 ] [L0 0 4 ] [L1 4 8 ]
POC     1 TId: 5 (      STSA, B-SLICE, QP 36)             2952 bits [Y 38.7672 dB    U 42.8815 dB    V 44.4292 dB] [ET   379 ] [L0 0 2 ] [L1 2 4 ]
POC     3 TId: 5 (      STSA, B-SLICE, QP 36)             3088 bits [Y 37.8643 dB    U 42.6539 dB    V 43.9924 dB] [ET   416 ] [L0 2 0 ] [L1 4 8 ]
POC     6 TId: 4 (      STSA, B-SLICE, QP 34)             8832 bits [Y 37.8480 dB    U 42.3339 dB    V 43.6121 dB] [ET   723 ] [L0 4 0 ] [L1 8 16 ]
POC     5 TId: 5 (      STSA, B-SLICE, QP 36)             3344 bits [Y 37.6383 dB    U 42.3475 dB    V 43.7145 dB] [ET   416 ] [L0 4 0 ] [L1 6 8 ]
POC     7 TId: 5 (      STSA, B-SLICE, QP 36)             2848 bits [Y 37.7543 dB    U 42.2915 dB    V 43.5519 dB] [ET   438 ] [L0 6 4 ] [L1 8 16 ]
POC    12 TId: 3 (      STSA, B-SLICE, QP 32, TF 0)      21792 bits [Y 37.7953 dB    U 42.0366 dB    V 43.2308 dB] [ET   946 ] [L0 8 0 ] [L1 16 8 ]
POC    10 TId: 4 (      STSA, B-SLICE, QP 34)             9608 bits [Y 37.6526 dB    U 42.1284 dB    V 43.3599 dB] [ET   701 ] [L0 8 0 ] [L1 12 16 ]
POC     9 TId: 5 (      STSA, B-SLICE, QP 36)             3552 bits [Y 37.6738 dB    U 42.1784 dB    V 43.4750 dB] [ET   424 ] [L0 8 0 ] [L1 10 12 ]
POC    11 TId: 5 (      STSA, B-SLICE, QP 36)             3664 bits [Y 37.3193 dB    U 42.0636 dB    V 43.3172 dB] [ET   420 ] [L0 10 8 ] [L1 12 16 ]
POC    14 TId: 4 (      STSA, B-SLICE, QP 34)            10752 bits [Y 37.4603 dB    U 41.9740 dB    V 43.0350 dB] [ET   569 ] [L0 12 8 ] [L1 16 12 ]
POC    13 TId: 5 (      STSA, B-SLICE, QP 36)             4184 bits [Y 37.2077 dB    U 41.9593 dB    V 43.1379 dB] [ET   444 ] [L0 12 8 ] [L1 14 16 ]
POC    15 TId: 5 (      STSA, B-SLICE, QP 36)             4424 bits [Y 37.3935 dB    U 42.0147 dB    V 43.1018 dB] [ET   355 ] [L0 14 12 ] [L1 16 14 ]

	Total Frames |   Bitrate     Y-PSNR    U-PSNR    V-PSNR    YUV-PSNR   
	       17    a    2222.8235   38.0372   42.3196   43.6075   39.0932

 finished @ Tue Apr 11 04:32:22 2023
 Total Time:    10170.062 sec. [user]    10186.398 sec. [elapsed]

Level: 0
Inject Calls: 11116990496
Errors injected by bit:
	Bit 0: 1111695
	Bit 1: 1113821
	Bit 2: 1111465
	Bit 3: 1111051
	Bit 4: 1112024
	Bit 5: 1113756
	Bit 6: 1110888
	Bit 7: 1112715

Total errors injected: 8897415
