vvencFFapp: Fraunhofer VVC Encoder ver. 1.5.0 [Linux][GCC 11.3.0][64 bit][SIMD=AVX2]
 started @ Tue Apr 11 01:47:36 2023
CODING TOOL CFG: CTU128 QT44BTT21 IBD:1 SAO:1 ALF:1 (NonLinLuma:0 NonLinChr:0) CCALF:1 Tiles:1x1 Slices:1 WPP:0 WPP-Substreams:1 TMVP:1 DQ:1 SDH:0 CST:1 BDOF:1 DMVR:1 MTSImplicit:1 SBT:0 JCbCr:1 CabacInitPresent:1 AMVR:5 SMVD:3 LMCS:2 (Signal:SDR Opt:0) CIIP:0 MIP:1 AFFINE:2 (PROF:1, Type:1) MMVD:3 DisFracMMVD:1 SbTMVP:1 GPM:3 LFNST:1 MTS:0 ISP:3 TS:2 TSLog2MaxSize:4 useChromaTS:0 BDPCM:2 IBC:2 BCW:0 
ENC. ALG. CFG: QPA:0 HAD:1 RDQ:1 RDQTS:1 ASR:1 MinSearchWindow:96 RestrictMESampling:0 EDO:2 MCTF:2 
PRE-ANALYSIS CFG: STA:1 LeadFrames:0 TrailFrames:0 
FAST TOOL CFG: ECU:0 FEN:1 FDM:1 FastSearch:4 (SCC:2) LCTUFast:1 FastMrg:2 PBIntraFast:1 AMaxBT:1 FastQtBtEnc:1 ContentBasedFastQtbt:0 FastMIP:3 FastIntraTools:0 IntraEstDecBit:2 FastLocalDualTree:1 IntegerET:0 FastSubPel:1 QtbttExtraFast:3 FastTTSplit:0 IBCFastMethod:3 FIM:0 ALFSpeed:0 QuantThr: 4 
RATE CONTROL CFG: RateControl:0 LookAhead:0 
PARALLEL PROCESSING CFG: NumThreads:0 MaxParallelFrames:0 WppBitEqual:0 WF:0 

POC     0 TId: 0 (  IDR_N_LP, I-SLICE, QP 24, TF 3)     377624 bits [Y 40.2668 dB    U 43.0828 dB    V 44.6158 dB] [ET   397 ] [L0 ] [L1 ]
POC    16 TId: 1 (      STSA, B-SLICE, QP 28, TF 2)     101816 bits [Y 38.6949 dB    U 41.9862 dB    V 43.2923 dB] [ET   917 ] [L0 0 ] [L1 0 ]
POC     8 TId: 2 (      STSA, B-SLICE, QP 29, TF 1)      44888 bits [Y 38.5833 dB    U 42.1970 dB    V 43.6425 dB] [ET  1279 ] [L0 0 16 ] [L1 16 0 ]
POC     4 TId: 3 (      STSA, B-SLICE, QP 32, TF 0)      18904 bits [Y 38.2954 dB    U 42.4264 dB    V 43.8550 dB] [ET   946 ] [L0 0 8 ] [L1 8 16 ]
POC     2 TId: 4 (      STSA, B-SLICE, QP 34)             8232 bits [Y 38.4120 dB    U 42.7947 dB    V 44.1676 dB] [ET   561 ] [L0 0 4 ] [L1 4 8 ]
POC     1 TId: 5 (      STSA, B-SLICE, QP 36)             2832 bits [Y 38.7547 dB    U 42.9145 dB    V 44.4714 dB] [ET   328 ] [L0 0 2 ] [L1 2 4 ]
POC     3 TId: 5 (      STSA, B-SLICE, QP 36)             3464 bits [Y 37.8979 dB    U 42.6354 dB    V 43.9843 dB] [ET   425 ] [L0 2 0 ] [L1 4 8 ]
POC     6 TId: 4 (      STSA, B-SLICE, QP 34)             8944 bits [Y 37.8735 dB    U 42.3167 dB    V 43.6968 dB] [ET   627 ] [L0 4 0 ] [L1 8 16 ]
POC     5 TId: 5 (      STSA, B-SLICE, QP 36)             3176 bits [Y 37.6179 dB    U 42.3292 dB    V 43.7391 dB] [ET   417 ] [L0 4 0 ] [L1 6 8 ]
POC     7 TId: 5 (      STSA, B-SLICE, QP 36)             2688 bits [Y 37.7321 dB    U 42.2628 dB    V 43.6236 dB] [ET   448 ] [L0 6 4 ] [L1 8 16 ]
POC    12 TId: 3 (      STSA, B-SLICE, QP 32, TF 0)      21848 bits [Y 37.7996 dB    U 41.9400 dB    V 43.2130 dB] [ET   974 ] [L0 8 0 ] [L1 16 8 ]
POC    10 TId: 4 (      STSA, B-SLICE, QP 34)             9800 bits [Y 37.6562 dB    U 42.0643 dB    V 43.3191 dB] [ET   678 ] [L0 8 0 ] [L1 12 16 ]
POC     9 TId: 5 (      STSA, B-SLICE, QP 36)             3400 bits [Y 37.6372 dB    U 42.1516 dB    V 43.5439 dB] [ET   402 ] [L0 8 0 ] [L1 10 12 ]
POC    11 TId: 5 (      STSA, B-SLICE, QP 36)             3624 bits [Y 37.3632 dB    U 41.9901 dB    V 43.2475 dB] [ET   423 ] [L0 10 8 ] [L1 12 16 ]
POC    14 TId: 4 (      STSA, B-SLICE, QP 34)            10768 bits [Y 37.4339 dB    U 41.9018 dB    V 43.0823 dB] [ET   588 ] [L0 12 8 ] [L1 16 12 ]
POC    13 TId: 5 (      STSA, B-SLICE, QP 36)             4224 bits [Y 37.2272 dB    U 41.8736 dB    V 43.1340 dB] [ET   456 ] [L0 12 8 ] [L1 14 16 ]
POC    15 TId: 5 (      STSA, B-SLICE, QP 36)             4056 bits [Y 37.3440 dB    U 41.9573 dB    V 43.1161 dB] [ET   376 ] [L0 14 12 ] [L1 16 14 ]

	Total Frames |   Bitrate     Y-PSNR    U-PSNR    V-PSNR    YUV-PSNR   
	       17    a    2224.5459   38.0347   42.2838   43.6320   39.0893

 finished @ Tue Apr 11 04:38:34 2023
 Total Time:    10238.344 sec. [user]    10257.910 sec. [elapsed]

Level: 0
Inject Calls: 11419872810
Errors injected by bit:
	Bit 0: 1140743
	Bit 1: 1142117
	Bit 2: 1142514
	Bit 3: 1143043
	Bit 4: 1141868
	Bit 5: 1139939
	Bit 6: 1142080
	Bit 7: 1140309

Total errors injected: 9132613
