vvencFFapp: Fraunhofer VVC Encoder ver. 1.5.0 [Linux][GCC 11.3.0][64 bit][SIMD=AVX2]
 started @ Mon Apr 10 18:42:28 2023
CODING TOOL CFG: CTU128 QT44BTT21 IBD:1 SAO:1 ALF:1 (NonLinLuma:0 NonLinChr:0) CCALF:1 Tiles:1x1 Slices:1 WPP:0 WPP-Substreams:1 TMVP:1 DQ:1 SDH:0 CST:1 BDOF:1 DMVR:1 MTSImplicit:1 SBT:0 JCbCr:1 CabacInitPresent:1 AMVR:5 SMVD:3 LMCS:2 (Signal:SDR Opt:0) CIIP:0 MIP:1 AFFINE:2 (PROF:1, Type:1) MMVD:3 DisFracMMVD:1 SbTMVP:1 GPM:3 LFNST:1 MTS:0 ISP:3 TS:2 TSLog2MaxSize:4 useChromaTS:0 BDPCM:2 IBC:2 BCW:0 
ENC. ALG. CFG: QPA:0 HAD:1 RDQ:1 RDQTS:1 ASR:1 MinSearchWindow:96 RestrictMESampling:0 EDO:2 MCTF:2 
PRE-ANALYSIS CFG: STA:1 LeadFrames:0 TrailFrames:0 
FAST TOOL CFG: ECU:0 FEN:1 FDM:1 FastSearch:4 (SCC:2) LCTUFast:1 FastMrg:2 PBIntraFast:1 AMaxBT:1 FastQtBtEnc:1 ContentBasedFastQtbt:0 FastMIP:3 FastIntraTools:0 IntraEstDecBit:2 FastLocalDualTree:1 IntegerET:0 FastSubPel:1 QtbttExtraFast:3 FastTTSplit:0 IBCFastMethod:3 FIM:0 ALFSpeed:0 QuantThr: 4 
RATE CONTROL CFG: RateControl:0 LookAhead:0 
PARALLEL PROCESSING CFG: NumThreads:0 MaxParallelFrames:0 WppBitEqual:0 WF:0 

POC     0 TId: 0 (  IDR_N_LP, I-SLICE, QP 19, TF 3)     581848 bits [Y 42.2672 dB    U 45.0524 dB    V 46.9660 dB] [ET   467 ] [L0 ] [L1 ]
POC    16 TId: 1 (      STSA, B-SLICE, QP 22, TF 2)     217128 bits [Y 41.6160 dB    U 44.2060 dB    V 45.8740 dB] [ET  1272 ] [L0 0 ] [L1 0 ]
POC     8 TId: 2 (      STSA, B-SLICE, QP 23, TF 1)      98280 bits [Y 40.9403 dB    U 44.1602 dB    V 46.0179 dB] [ET  1344 ] [L0 0 16 ] [L1 16 0 ]
POC     4 TId: 3 (      STSA, B-SLICE, QP 26, TF 0)      43608 bits [Y 40.5586 dB    U 44.3216 dB    V 46.1325 dB] [ET  1148 ] [L0 0 8 ] [L1 8 16 ]
POC     2 TId: 4 (      STSA, B-SLICE, QP 28)            20816 bits [Y 40.5526 dB    U 44.6422 dB    V 46.4416 dB] [ET   692 ] [L0 0 4 ] [L1 4 8 ]
POC     1 TId: 5 (      STSA, B-SLICE, QP 29)             9136 bits [Y 40.8537 dB    U 44.8154 dB    V 46.6933 dB] [ET   520 ] [L0 0 2 ] [L1 2 4 ]
POC     3 TId: 5 (      STSA, B-SLICE, QP 29)            10384 bits [Y 40.2334 dB    U 44.4982 dB    V 46.2475 dB] [ET   577 ] [L0 2 0 ] [L1 4 8 ]
POC     6 TId: 4 (      STSA, B-SLICE, QP 28)            21896 bits [Y 40.1525 dB    U 44.1190 dB    V 45.8597 dB] [ET   822 ] [L0 4 0 ] [L1 8 16 ]
POC     5 TId: 5 (      STSA, B-SLICE, QP 29)            10336 bits [Y 40.0176 dB    U 44.0827 dB    V 45.9771 dB] [ET   642 ] [L0 4 0 ] [L1 6 8 ]
POC     7 TId: 5 (      STSA, B-SLICE, QP 29)             9672 bits [Y 40.1096 dB    U 44.1536 dB    V 45.8445 dB] [ET   621 ] [L0 6 4 ] [L1 8 16 ]
POC    12 TId: 3 (      STSA, B-SLICE, QP 26, TF 0)      48800 bits [Y 40.2500 dB    U 43.9819 dB    V 45.5977 dB] [ET  1141 ] [L0 8 0 ] [L1 16 8 ]
POC    10 TId: 4 (      STSA, B-SLICE, QP 28)            23968 bits [Y 40.0665 dB    U 43.9661 dB    V 45.6052 dB] [ET   977 ] [L0 8 0 ] [L1 12 16 ]
POC     9 TId: 5 (      STSA, B-SLICE, QP 29)            10448 bits [Y 40.0318 dB    U 44.0712 dB    V 45.8323 dB] [ET   619 ] [L0 8 0 ] [L1 10 12 ]
POC    11 TId: 5 (      STSA, B-SLICE, QP 29)            11160 bits [Y 39.8585 dB    U 43.9458 dB    V 45.6495 dB] [ET   767 ] [L0 10 8 ] [L1 12 16 ]
POC    14 TId: 4 (      STSA, B-SLICE, QP 28)            27328 bits [Y 39.9898 dB    U 43.8978 dB    V 45.4473 dB] [ET   737 ] [L0 12 8 ] [L1 16 12 ]
POC    13 TId: 5 (      STSA, B-SLICE, QP 29)            13256 bits [Y 39.7748 dB    U 43.8353 dB    V 45.4954 dB] [ET   711 ] [L0 12 8 ] [L1 14 16 ]
POC    15 TId: 5 (      STSA, B-SLICE, QP 29)            13504 bits [Y 39.9366 dB    U 43.9684 dB    V 45.5177 dB] [ET   558 ] [L0 14 12 ] [L1 16 14 ]

	Total Frames |   Bitrate     Y-PSNR    U-PSNR    V-PSNR    YUV-PSNR   
	       17    a    4134.9459   40.4241   44.2187   45.9529   41.4466

 finished @ Mon Apr 10 22:29:39 2023
 Total Time:    13604.661 sec. [user]    13631.520 sec. [elapsed]

Level: 0
Inject Calls: 14871819990
Errors injected by bit:
	Bit 0: 14907
	Bit 1: 14928
	Bit 2: 14860
	Bit 3: 14815
	Bit 4: 14748
	Bit 5: 14977
	Bit 6: 14900
	Bit 7: 15122

Total errors injected: 119257
