vvencFFapp: Fraunhofer VVC Encoder ver. 1.5.0 [Linux][GCC 11.3.0][64 bit][SIMD=AVX2]
 started @ Wed Apr  5 22:29:52 2023
CODING TOOL CFG: CTU128 QT44BTT21 IBD:1 SAO:1 ALF:1 (NonLinLuma:0 NonLinChr:0) CCALF:1 Tiles:1x1 Slices:1 WPP:0 WPP-Substreams:1 TMVP:1 DQ:1 SDH:0 CST:1 BDOF:1 DMVR:1 MTSImplicit:1 SBT:0 JCbCr:1 CabacInitPresent:1 AMVR:5 SMVD:3 LMCS:2 (Signal:SDR Opt:0) CIIP:0 MIP:1 AFFINE:2 (PROF:1, Type:1) MMVD:3 DisFracMMVD:1 SbTMVP:1 GPM:3 LFNST:1 MTS:0 ISP:3 TS:2 TSLog2MaxSize:4 useChromaTS:0 BDPCM:2 IBC:2 BCW:0 
ENC. ALG. CFG: QPA:0 HAD:1 RDQ:1 RDQTS:1 ASR:1 MinSearchWindow:96 RestrictMESampling:0 EDO:2 MCTF:2 
PRE-ANALYSIS CFG: STA:1 LeadFrames:0 TrailFrames:0 
FAST TOOL CFG: ECU:0 FEN:1 FDM:1 FastSearch:4 (SCC:2) LCTUFast:1 FastMrg:2 PBIntraFast:1 AMaxBT:1 FastQtBtEnc:1 ContentBasedFastQtbt:0 FastMIP:3 FastIntraTools:0 IntraEstDecBit:2 FastLocalDualTree:1 IntegerET:0 FastSubPel:1 QtbttExtraFast:3 FastTTSplit:0 IBCFastMethod:3 FIM:0 ALFSpeed:0 QuantThr: 4 
RATE CONTROL CFG: RateControl:0 LookAhead:0 
PARALLEL PROCESSING CFG: NumThreads:0 MaxParallelFrames:0 WppBitEqual:0 WF:0 

POC     0 TId: 0 (  IDR_N_LP, I-SLICE, QP 19, TF 3)     564808 bits [Y 45.1467 dB    U 46.3576 dB    V 47.8581 dB] [ET   536 ] [L0 ] [L1 ]
POC    16 TId: 1 (      STSA, B-SLICE, QP 22, TF 2)     140712 bits [Y 42.6856 dB    U 44.8477 dB    V 45.9844 dB] [ET  1140 ] [L0 0 ] [L1 0 ]
POC     8 TId: 2 (      STSA, B-SLICE, QP 23, TF 1)      79472 bits [Y 42.3133 dB    U 44.6913 dB    V 46.1852 dB] [ET  1604 ] [L0 0 16 ] [L1 16 0 ]
POC     4 TId: 3 (      STSA, B-SLICE, QP 26, TF 0)      47088 bits [Y 41.8627 dB    U 44.4507 dB    V 45.7655 dB] [ET  1536 ] [L0 0 8 ] [L1 8 16 ]
POC     2 TId: 4 (      STSA, B-SLICE, QP 28)            25160 bits [Y 41.9080 dB    U 44.7421 dB    V 46.1154 dB] [ET  1109 ] [L0 0 4 ] [L1 4 8 ]
POC     1 TId: 5 (      STSA, B-SLICE, QP 29)              256 bits [Y 45.1467 dB    U 46.3576 dB    V 47.8581 dB] [ET   350 ] [L0 0 2 ] [L1 2 4 ]
POC     3 TId: 5 (      STSA, B-SLICE, QP 29)            19720 bits [Y 41.6222 dB    U 44.2818 dB    V 45.4808 dB] [ET   941 ] [L0 2 0 ] [L1 4 8 ]
POC     6 TId: 4 (      STSA, B-SLICE, QP 28)            31136 bits [Y 41.5736 dB    U 44.1783 dB    V 45.3421 dB] [ET  1245 ] [L0 4 0 ] [L1 8 16 ]
POC     5 TId: 5 (      STSA, B-SLICE, QP 29)            21480 bits [Y 41.2492 dB    U 44.1018 dB    V 45.3119 dB] [ET  1104 ] [L0 4 0 ] [L1 6 8 ]
POC     7 TId: 5 (      STSA, B-SLICE, QP 29)            21800 bits [Y 41.1736 dB    U 44.2172 dB    V 45.3179 dB] [ET  1085 ] [L0 6 4 ] [L1 8 16 ]
POC    12 TId: 3 (      STSA, B-SLICE, QP 26, TF 0)      54824 bits [Y 41.5247 dB    U 44.1174 dB    V 45.2407 dB] [ET  1624 ] [L0 8 0 ] [L1 16 8 ]
POC    10 TId: 4 (      STSA, B-SLICE, QP 28)            36712 bits [Y 41.2755 dB    U 44.0389 dB    V 45.1008 dB] [ET  1579 ] [L0 8 0 ] [L1 12 16 ]
POC     9 TId: 5 (      STSA, B-SLICE, QP 29)            20392 bits [Y 41.5064 dB    U 44.2155 dB    V 45.3815 dB] [ET  1119 ] [L0 8 0 ] [L1 10 12 ]
POC    11 TId: 5 (      STSA, B-SLICE, QP 29)            22536 bits [Y 41.2225 dB    U 44.0611 dB    V 44.8840 dB] [ET  1030 ] [L0 10 8 ] [L1 12 16 ]
POC    14 TId: 4 (      STSA, B-SLICE, QP 28)            37280 bits [Y 41.2365 dB    U 43.8941 dB    V 44.6711 dB] [ET  1109 ] [L0 12 8 ] [L1 16 12 ]
POC    13 TId: 5 (      STSA, B-SLICE, QP 29)            22576 bits [Y 41.0640 dB    U 43.9163 dB    V 44.6961 dB] [ET  1039 ] [L0 12 8 ] [L1 14 16 ]
POC    15 TId: 5 (      STSA, B-SLICE, QP 29)            21600 bits [Y 41.1239 dB    U 44.1513 dB    V 44.7535 dB] [ET   735 ] [L0 14 12 ] [L1 16 14 ]

	Total Frames |   Bitrate     Y-PSNR    U-PSNR    V-PSNR    YUV-PSNR   
	       17    a    3433.9765   41.9785   44.5071   45.6439   42.6490

 finished @ Thu Apr  6 03:44:52 2023
 Total Time:    18885.950 sec. [user]    18899.260 sec. [elapsed]

Level: 0
Inject Calls: 20949941361
Errors injected by bit:
	Bit 0: 2091131
	Bit 1: 2094732
	Bit 2: 2092539
	Bit 3: 2093740
	Bit 4: 2096876
	Bit 5: 2093694
	Bit 6: 2092911
	Bit 7: 2096491

Total errors injected: 16752114
