vvencFFapp: Fraunhofer VVC Encoder ver. 1.5.0 [Linux][GCC 11.3.0][64 bit][SIMD=AVX2]
 started @ Sun Apr 16 03:39:48 2023
CODING TOOL CFG: CTU128 QT44BTT21 IBD:1 SAO:1 ALF:1 (NonLinLuma:0 NonLinChr:0) CCALF:1 Tiles:1x1 Slices:1 WPP:0 WPP-Substreams:1 TMVP:1 DQ:1 SDH:0 CST:1 BDOF:1 DMVR:1 MTSImplicit:1 SBT:0 JCbCr:1 CabacInitPresent:1 AMVR:5 SMVD:3 LMCS:2 (Signal:SDR Opt:0) CIIP:0 MIP:1 AFFINE:2 (PROF:1, Type:1) MMVD:3 DisFracMMVD:1 SbTMVP:1 GPM:3 LFNST:1 MTS:0 ISP:3 TS:2 TSLog2MaxSize:4 useChromaTS:0 BDPCM:2 IBC:2 BCW:0 
ENC. ALG. CFG: QPA:0 HAD:1 RDQ:1 RDQTS:1 ASR:1 MinSearchWindow:96 RestrictMESampling:0 EDO:2 MCTF:2 
PRE-ANALYSIS CFG: STA:1 LeadFrames:0 TrailFrames:0 
FAST TOOL CFG: ECU:0 FEN:1 FDM:1 FastSearch:4 (SCC:2) LCTUFast:1 FastMrg:2 PBIntraFast:1 AMaxBT:1 FastQtBtEnc:1 ContentBasedFastQtbt:0 FastMIP:3 FastIntraTools:0 IntraEstDecBit:2 FastLocalDualTree:1 IntegerET:0 FastSubPel:1 QtbttExtraFast:3 FastTTSplit:0 IBCFastMethod:3 FIM:0 ALFSpeed:0 QuantThr: 4 
RATE CONTROL CFG: RateControl:0 LookAhead:0 
PARALLEL PROCESSING CFG: NumThreads:0 MaxParallelFrames:0 WppBitEqual:0 WF:0 

POC     0 TId: 0 (  IDR_N_LP, I-SLICE, QP 34, TF 2)     137312 bits [Y 33.0393 dB    U 36.5932 dB    V 37.9362 dB] [ET   199 ] [L0 ] [L1 ]
POC    16 TId: 1 (      STSA, B-SLICE, QP 40, TF 1)      51016 bits [Y 30.7184 dB    U 36.0159 dB    V 36.8270 dB] [ET  1364 ] [L0 0 ] [L1 0 ]
POC     8 TId: 2 (      STSA, B-SLICE, QP 40, TF 0)      40800 bits [Y 30.7560 dB    U 35.7434 dB    V 36.8338 dB] [ET  1935 ] [L0 0 16 ] [L1 16 0 ]
POC     4 TId: 3 (      STSA, B-SLICE, QP 43)            16808 bits [Y 30.1761 dB    U 35.6648 dB    V 36.8932 dB] [ET  1830 ] [L0 0 8 ] [L1 8 16 ]
POC     2 TId: 4 (      STSA, B-SLICE, QP 45)             9184 bits [Y 30.0495 dB    U 35.7428 dB    V 37.0936 dB] [ET   955 ] [L0 0 4 ] [L1 4 8 ]
POC     1 TId: 5 (      STSA, B-SLICE, QP 46)             4744 bits [Y 30.3644 dB    U 35.8514 dB    V 37.3334 dB] [ET   563 ] [L0 0 2 ] [L1 2 4 ]
POC     3 TId: 5 (      STSA, B-SLICE, QP 46)             4392 bits [Y 29.7270 dB    U 35.6377 dB    V 36.7621 dB] [ET   678 ] [L0 2 0 ] [L1 4 8 ]
POC     6 TId: 4 (      STSA, B-SLICE, QP 45)             8536 bits [Y 29.6663 dB    U 35.4204 dB    V 36.5522 dB] [ET  1192 ] [L0 4 0 ] [L1 8 16 ]
POC     5 TId: 5 (      STSA, B-SLICE, QP 46)             3920 bits [Y 29.5889 dB    U 35.5013 dB    V 36.7191 dB] [ET   811 ] [L0 4 0 ] [L1 6 8 ]
POC     7 TId: 5 (      STSA, B-SLICE, QP 46)             3928 bits [Y 29.6466 dB    U 35.3746 dB    V 36.5756 dB] [ET   734 ] [L0 6 4 ] [L1 8 16 ]
POC    12 TId: 3 (      STSA, B-SLICE, QP 43)            18360 bits [Y 29.8588 dB    U 35.6719 dB    V 36.2065 dB] [ET  1729 ] [L0 8 0 ] [L1 16 8 ]
POC    10 TId: 4 (      STSA, B-SLICE, QP 45)             9576 bits [Y 29.3757 dB    U 35.4581 dB    V 36.2622 dB] [ET  1264 ] [L0 8 0 ] [L1 12 16 ]
POC     9 TId: 5 (      STSA, B-SLICE, QP 46)             3976 bits [Y 29.4289 dB    U 35.6396 dB    V 36.5006 dB] [ET   733 ] [L0 8 0 ] [L1 10 12 ]
POC    11 TId: 5 (      STSA, B-SLICE, QP 46)             3872 bits [Y 29.2201 dB    U 35.4463 dB    V 36.0801 dB] [ET   741 ] [L0 10 8 ] [L1 12 16 ]
POC    14 TId: 4 (      STSA, B-SLICE, QP 45)             8280 bits [Y 29.4125 dB    U 35.5706 dB    V 36.0774 dB] [ET  1067 ] [L0 12 8 ] [L1 16 12 ]
POC    13 TId: 5 (      STSA, B-SLICE, QP 46)             4032 bits [Y 29.3805 dB    U 35.4998 dB    V 36.0273 dB] [ET   739 ] [L0 12 8 ] [L1 14 16 ]
POC    15 TId: 5 (      STSA, B-SLICE, QP 46)             3832 bits [Y 29.7125 dB    U 35.7206 dB    V 36.4071 dB] [ET   578 ] [L0 14 12 ] [L1 16 14 ]

	Total Frames |   Bitrate     Y-PSNR    U-PSNR    V-PSNR    YUV-PSNR   
	       17    a     586.8847   30.0071   35.6796   36.6522   31.1988

 finished @ Sun Apr 16 08:25:17 2023
 Total Time:    17128.201 sec. [user]    17129.084 sec. [elapsed]

Level: 0
Inject Calls: 19621555987
Errors injected by bit:
	Bit 0: 1961100
	Bit 1: 1962185
	Bit 2: 1961783
	Bit 3: 1963044
	Bit 4: 1964127
	Bit 5: 1962152
	Bit 6: 1961940
	Bit 7: 1963080

Total errors injected: 15699411
