vvencFFapp: Fraunhofer VVC Encoder ver. 1.5.0 [Linux][GCC 11.3.0][64 bit][SIMD=AVX2]
 started @ Sun Apr 16 08:29:53 2023
CODING TOOL CFG: CTU128 QT44BTT21 IBD:1 SAO:1 ALF:1 (NonLinLuma:0 NonLinChr:0) CCALF:1 Tiles:1x1 Slices:1 WPP:0 WPP-Substreams:1 TMVP:1 DQ:1 SDH:0 CST:1 BDOF:1 DMVR:1 MTSImplicit:1 SBT:0 JCbCr:1 CabacInitPresent:1 AMVR:5 SMVD:3 LMCS:2 (Signal:SDR Opt:0) CIIP:0 MIP:1 AFFINE:2 (PROF:1, Type:1) MMVD:3 DisFracMMVD:1 SbTMVP:1 GPM:3 LFNST:1 MTS:0 ISP:3 TS:2 TSLog2MaxSize:4 useChromaTS:0 BDPCM:2 IBC:2 BCW:0 
ENC. ALG. CFG: QPA:0 HAD:1 RDQ:1 RDQTS:1 ASR:1 MinSearchWindow:96 RestrictMESampling:0 EDO:2 MCTF:2 
PRE-ANALYSIS CFG: STA:1 LeadFrames:0 TrailFrames:0 
FAST TOOL CFG: ECU:0 FEN:1 FDM:1 FastSearch:4 (SCC:2) LCTUFast:1 FastMrg:2 PBIntraFast:1 AMaxBT:1 FastQtBtEnc:1 ContentBasedFastQtbt:0 FastMIP:3 FastIntraTools:0 IntraEstDecBit:2 FastLocalDualTree:1 IntegerET:0 FastSubPel:1 QtbttExtraFast:3 FastTTSplit:0 IBCFastMethod:3 FIM:0 ALFSpeed:0 QuantThr: 4 
RATE CONTROL CFG: RateControl:0 LookAhead:0 
PARALLEL PROCESSING CFG: NumThreads:0 MaxParallelFrames:0 WppBitEqual:0 WF:0 

POC     0 TId: 0 (  IDR_N_LP, I-SLICE, QP 34, TF 2)     137312 bits [Y 33.0393 dB    U 36.5932 dB    V 37.9362 dB] [ET   216 ] [L0 ] [L1 ]
POC    16 TId: 1 (      STSA, B-SLICE, QP 40, TF 1)      50344 bits [Y 30.8201 dB    U 36.0107 dB    V 36.8183 dB] [ET  1385 ] [L0 0 ] [L1 0 ]
POC     8 TId: 2 (      STSA, B-SLICE, QP 40, TF 0)      40432 bits [Y 30.7343 dB    U 35.8523 dB    V 36.8730 dB] [ET  1953 ] [L0 0 16 ] [L1 16 0 ]
POC     4 TId: 3 (      STSA, B-SLICE, QP 43)            16952 bits [Y 30.1521 dB    U 35.6473 dB    V 36.8041 dB] [ET  1721 ] [L0 0 8 ] [L1 8 16 ]
POC     2 TId: 4 (      STSA, B-SLICE, QP 45)             9544 bits [Y 30.0984 dB    U 35.7787 dB    V 37.0710 dB] [ET   978 ] [L0 0 4 ] [L1 4 8 ]
POC     1 TId: 5 (      STSA, B-SLICE, QP 46)             4928 bits [Y 30.3888 dB    U 35.9063 dB    V 37.3060 dB] [ET   640 ] [L0 0 2 ] [L1 2 4 ]
POC     3 TId: 5 (      STSA, B-SLICE, QP 46)             4184 bits [Y 29.6977 dB    U 35.4970 dB    V 36.6177 dB] [ET   780 ] [L0 2 0 ] [L1 4 8 ]
POC     6 TId: 4 (      STSA, B-SLICE, QP 45)             8592 bits [Y 29.6588 dB    U 35.5081 dB    V 36.5110 dB] [ET  1204 ] [L0 4 0 ] [L1 8 16 ]
POC     5 TId: 5 (      STSA, B-SLICE, QP 46)             4088 bits [Y 29.6001 dB    U 35.4517 dB    V 36.6841 dB] [ET   769 ] [L0 4 0 ] [L1 6 8 ]
POC     7 TId: 5 (      STSA, B-SLICE, QP 46)             3784 bits [Y 29.5716 dB    U 35.3955 dB    V 36.5359 dB] [ET   676 ] [L0 6 4 ] [L1 8 16 ]
POC    12 TId: 3 (      STSA, B-SLICE, QP 43)            17768 bits [Y 29.7983 dB    U 35.7184 dB    V 36.1923 dB] [ET  1607 ] [L0 8 0 ] [L1 16 8 ]
POC    10 TId: 4 (      STSA, B-SLICE, QP 45)             9528 bits [Y 29.3471 dB    U 35.5317 dB    V 36.0913 dB] [ET  1244 ] [L0 8 0 ] [L1 12 16 ]
POC     9 TId: 5 (      STSA, B-SLICE, QP 46)             4032 bits [Y 29.4609 dB    U 35.6516 dB    V 36.5009 dB] [ET   769 ] [L0 8 0 ] [L1 10 12 ]
POC    11 TId: 5 (      STSA, B-SLICE, QP 46)             3976 bits [Y 29.2603 dB    U 35.5522 dB    V 35.9839 dB] [ET   740 ] [L0 10 8 ] [L1 12 16 ]
POC    14 TId: 4 (      STSA, B-SLICE, QP 45)             8288 bits [Y 29.4235 dB    U 35.6770 dB    V 36.0704 dB] [ET  1041 ] [L0 12 8 ] [L1 16 12 ]
POC    13 TId: 5 (      STSA, B-SLICE, QP 46)             3992 bits [Y 29.3675 dB    U 35.5916 dB    V 35.9907 dB] [ET   710 ] [L0 12 8 ] [L1 14 16 ]
POC    15 TId: 5 (      STSA, B-SLICE, QP 46)             3608 bits [Y 29.6725 dB    U 35.7375 dB    V 36.2894 dB] [ET   588 ] [L0 14 12 ] [L1 16 14 ]

	Total Frames |   Bitrate     Y-PSNR    U-PSNR    V-PSNR    YUV-PSNR   
	       17    a     584.7388   30.0054   35.7118   36.6045   31.1957

 finished @ Sun Apr 16 13:13:48 2023
 Total Time:    17034.028 sec. [user]    17034.813 sec. [elapsed]

Level: 0
Inject Calls: 19966171099
Errors injected by bit:
	Bit 0: 20087
	Bit 1: 20033
	Bit 2: 19949
	Bit 3: 20173
	Bit 4: 20039
	Bit 5: 19760
	Bit 6: 19842
	Bit 7: 19678

Total errors injected: 159561
