vvencFFapp: Fraunhofer VVC Encoder ver. 1.5.0 [Linux][GCC 11.3.0][64 bit][SIMD=AVX2]
 started @ Mon Apr 10 18:52:28 2023
CODING TOOL CFG: CTU128 QT44BTT21 IBD:1 SAO:1 ALF:1 (NonLinLuma:0 NonLinChr:0) CCALF:1 Tiles:1x1 Slices:1 WPP:0 WPP-Substreams:1 TMVP:1 DQ:1 SDH:0 CST:1 BDOF:1 DMVR:1 MTSImplicit:1 SBT:0 JCbCr:1 CabacInitPresent:1 AMVR:5 SMVD:3 LMCS:2 (Signal:SDR Opt:0) CIIP:0 MIP:1 AFFINE:2 (PROF:1, Type:1) MMVD:3 DisFracMMVD:1 SbTMVP:1 GPM:3 LFNST:1 MTS:0 ISP:3 TS:2 TSLog2MaxSize:4 useChromaTS:0 BDPCM:2 IBC:2 BCW:0 
ENC. ALG. CFG: QPA:0 HAD:1 RDQ:1 RDQTS:1 ASR:1 MinSearchWindow:96 RestrictMESampling:0 EDO:2 MCTF:2 
PRE-ANALYSIS CFG: STA:1 LeadFrames:0 TrailFrames:0 
FAST TOOL CFG: ECU:0 FEN:1 FDM:1 FastSearch:4 (SCC:2) LCTUFast:1 FastMrg:2 PBIntraFast:1 AMaxBT:1 FastQtBtEnc:1 ContentBasedFastQtbt:0 FastMIP:3 FastIntraTools:0 IntraEstDecBit:2 FastLocalDualTree:1 IntegerET:0 FastSubPel:1 QtbttExtraFast:3 FastTTSplit:0 IBCFastMethod:3 FIM:0 ALFSpeed:0 QuantThr: 4 
RATE CONTROL CFG: RateControl:0 LookAhead:0 
PARALLEL PROCESSING CFG: NumThreads:0 MaxParallelFrames:0 WppBitEqual:0 WF:0 

POC     0 TId: 0 (  IDR_N_LP, I-SLICE, QP 19, TF 3)     581848 bits [Y 42.2672 dB    U 45.0524 dB    V 46.9660 dB] [ET  1169 ] [L0 ] [L1 ]
POC    16 TId: 1 (      STSA, B-SLICE, QP 22, TF 2)     217112 bits [Y 41.6187 dB    U 44.2131 dB    V 45.8621 dB] [ET  1422 ] [L0 0 ] [L1 0 ]
POC     8 TId: 2 (      STSA, B-SLICE, QP 23, TF 1)      98192 bits [Y 40.9575 dB    U 44.1707 dB    V 46.0143 dB] [ET  1430 ] [L0 0 16 ] [L1 16 0 ]
POC     4 TId: 3 (      STSA, B-SLICE, QP 26, TF 0)      43504 bits [Y 40.5586 dB    U 44.2828 dB    V 46.1044 dB] [ET  1189 ] [L0 0 8 ] [L1 8 16 ]
POC     2 TId: 4 (      STSA, B-SLICE, QP 28)            20872 bits [Y 40.5574 dB    U 44.6297 dB    V 46.4294 dB] [ET   677 ] [L0 0 4 ] [L1 4 8 ]
POC     1 TId: 5 (      STSA, B-SLICE, QP 29)             8944 bits [Y 40.8410 dB    U 44.8088 dB    V 46.6799 dB] [ET   568 ] [L0 0 2 ] [L1 2 4 ]
POC     3 TId: 5 (      STSA, B-SLICE, QP 29)            10184 bits [Y 40.2423 dB    U 44.4811 dB    V 46.2383 dB] [ET   702 ] [L0 2 0 ] [L1 4 8 ]
POC     6 TId: 4 (      STSA, B-SLICE, QP 28)            21848 bits [Y 40.1541 dB    U 44.1433 dB    V 45.9290 dB] [ET   805 ] [L0 4 0 ] [L1 8 16 ]
POC     5 TId: 5 (      STSA, B-SLICE, QP 29)            10256 bits [Y 40.0244 dB    U 44.0924 dB    V 45.9458 dB] [ET   586 ] [L0 4 0 ] [L1 6 8 ]
POC     7 TId: 5 (      STSA, B-SLICE, QP 29)             9600 bits [Y 40.1064 dB    U 44.1492 dB    V 45.8666 dB] [ET   646 ] [L0 6 4 ] [L1 8 16 ]
POC    12 TId: 3 (      STSA, B-SLICE, QP 26, TF 0)      49104 bits [Y 40.2547 dB    U 43.9863 dB    V 45.6021 dB] [ET  1223 ] [L0 8 0 ] [L1 16 8 ]
POC    10 TId: 4 (      STSA, B-SLICE, QP 28)            23776 bits [Y 40.0539 dB    U 43.9689 dB    V 45.6504 dB] [ET   963 ] [L0 8 0 ] [L1 12 16 ]
POC     9 TId: 5 (      STSA, B-SLICE, QP 29)            10344 bits [Y 40.0168 dB    U 44.0781 dB    V 45.8306 dB] [ET   593 ] [L0 8 0 ] [L1 10 12 ]
POC    11 TId: 5 (      STSA, B-SLICE, QP 29)            11264 bits [Y 39.8573 dB    U 43.9145 dB    V 45.6064 dB] [ET   606 ] [L0 10 8 ] [L1 12 16 ]
POC    14 TId: 4 (      STSA, B-SLICE, QP 28)            27864 bits [Y 39.9990 dB    U 43.8871 dB    V 45.4425 dB] [ET   773 ] [L0 12 8 ] [L1 16 12 ]
POC    13 TId: 5 (      STSA, B-SLICE, QP 29)            12888 bits [Y 39.7531 dB    U 43.8283 dB    V 45.4493 dB] [ET   714 ] [L0 12 8 ] [L1 14 16 ]
POC    15 TId: 5 (      STSA, B-SLICE, QP 29)            13600 bits [Y 39.9434 dB    U 43.9655 dB    V 45.5804 dB] [ET   505 ] [L0 14 12 ] [L1 16 14 ]

	Total Frames |   Bitrate     Y-PSNR    U-PSNR    V-PSNR    YUV-PSNR   
	       17    a    4133.6471   40.4239   44.2148   45.9528   41.4458

 finished @ Mon Apr 10 22:55:35 2023
 Total Time:    14567.014 sec. [user]    14587.135 sec. [elapsed]

Level: 0
Inject Calls: 14951224115
Errors injected by bit:
	Bit 0: 14747
	Bit 1: 14945
	Bit 2: 14914
	Bit 3: 14972
	Bit 4: 15261
	Bit 5: 15055
	Bit 6: 14893
	Bit 7: 14899

Total errors injected: 119686
