vvencFFapp: Fraunhofer VVC Encoder ver. 1.5.0 [Linux][GCC 11.3.0][64 bit][SIMD=AVX2]
 started @ Thu Apr 13 18:38:48 2023
CODING TOOL CFG: CTU128 QT44BTT21 IBD:1 SAO:1 ALF:1 (NonLinLuma:0 NonLinChr:0) CCALF:1 Tiles:1x1 Slices:1 WPP:0 WPP-Substreams:1 TMVP:1 DQ:1 SDH:0 CST:1 BDOF:1 DMVR:1 MTSImplicit:1 SBT:0 JCbCr:1 CabacInitPresent:1 AMVR:5 SMVD:3 LMCS:2 (Signal:SDR Opt:0) CIIP:0 MIP:1 AFFINE:2 (PROF:1, Type:1) MMVD:3 DisFracMMVD:1 SbTMVP:1 GPM:3 LFNST:1 MTS:0 ISP:3 TS:2 TSLog2MaxSize:4 useChromaTS:0 BDPCM:2 IBC:2 BCW:0 
ENC. ALG. CFG: QPA:0 HAD:1 RDQ:1 RDQTS:1 ASR:1 MinSearchWindow:96 RestrictMESampling:0 EDO:2 MCTF:2 
PRE-ANALYSIS CFG: STA:1 LeadFrames:0 TrailFrames:0 
FAST TOOL CFG: ECU:0 FEN:1 FDM:1 FastSearch:4 (SCC:2) LCTUFast:1 FastMrg:2 PBIntraFast:1 AMaxBT:1 FastQtBtEnc:1 ContentBasedFastQtbt:0 FastMIP:3 FastIntraTools:0 IntraEstDecBit:2 FastLocalDualTree:1 IntegerET:0 FastSubPel:1 QtbttExtraFast:3 FastTTSplit:0 IBCFastMethod:3 FIM:0 ALFSpeed:0 QuantThr: 4 
RATE CONTROL CFG: RateControl:0 LookAhead:0 
PARALLEL PROCESSING CFG: NumThreads:0 MaxParallelFrames:0 WppBitEqual:0 WF:0 

POC     0 TId: 0 (  IDR_N_LP, I-SLICE, QP 19, TF 3)     629392 bits [Y 41.1842 dB    U 43.2214 dB    V 44.1771 dB] [ET   405 ] [L0 ] [L1 ]
POC    16 TId: 1 (      STSA, B-SLICE, QP 22, TF 2)     439560 bits [Y 42.3211 dB    U 43.3355 dB    V 44.2575 dB] [ET  2192 ] [L0 0 ] [L1 0 ]
POC     8 TId: 2 (      STSA, B-SLICE, QP 23, TF 1)     350768 bits [Y 40.6561 dB    U 42.0315 dB    V 43.2351 dB] [ET  2382 ] [L0 0 16 ] [L1 16 0 ]
POC     4 TId: 3 (      STSA, B-SLICE, QP 26, TF 0)     176952 bits [Y 38.9360 dB    U 41.4309 dB    V 42.5331 dB] [ET  2569 ] [L0 0 8 ] [L1 8 16 ]
POC     2 TId: 4 (      STSA, B-SLICE, QP 28)           108352 bits [Y 38.3670 dB    U 41.4451 dB    V 42.6039 dB] [ET  1850 ] [L0 0 4 ] [L1 4 8 ]
POC     1 TId: 5 (      STSA, B-SLICE, QP 29)            67096 bits [Y 37.8870 dB    U 41.5213 dB    V 42.7630 dB] [ET  1338 ] [L0 0 2 ] [L1 2 4 ]
POC     3 TId: 5 (      STSA, B-SLICE, QP 29)            64640 bits [Y 37.7329 dB    U 40.9820 dB    V 42.2272 dB] [ET  1613 ] [L0 2 0 ] [L1 4 8 ]
POC     6 TId: 4 (      STSA, B-SLICE, QP 28)           103328 bits [Y 38.3348 dB    U 41.1272 dB    V 42.3679 dB] [ET  2085 ] [L0 4 0 ] [L1 8 16 ]
POC     5 TId: 5 (      STSA, B-SLICE, QP 29)            60784 bits [Y 37.7149 dB    U 40.8862 dB    V 42.1862 dB] [ET  1555 ] [L0 4 0 ] [L1 6 8 ]
POC     7 TId: 5 (      STSA, B-SLICE, QP 29)            63072 bits [Y 37.8158 dB    U 40.9274 dB    V 42.0953 dB] [ET  1637 ] [L0 6 4 ] [L1 8 16 ]
POC    12 TId: 3 (      STSA, B-SLICE, QP 26, TF 0)     184832 bits [Y 38.9715 dB    U 41.5627 dB    V 42.3703 dB] [ET  2717 ] [L0 8 0 ] [L1 16 8 ]
POC    10 TId: 4 (      STSA, B-SLICE, QP 28)           114512 bits [Y 38.2987 dB    U 41.1448 dB    V 42.0096 dB] [ET  2291 ] [L0 8 0 ] [L1 12 16 ]
POC     9 TId: 5 (      STSA, B-SLICE, QP 29)            64648 bits [Y 37.8274 dB    U 40.9323 dB    V 42.1927 dB] [ET  1677 ] [L0 8 0 ] [L1 10 12 ]
POC    11 TId: 5 (      STSA, B-SLICE, QP 29)            68840 bits [Y 37.7332 dB    U 40.9759 dB    V 41.7962 dB] [ET  1844 ] [L0 10 8 ] [L1 12 16 ]
POC    14 TId: 4 (      STSA, B-SLICE, QP 28)           115088 bits [Y 38.3720 dB    U 41.1980 dB    V 42.3063 dB] [ET  1951 ] [L0 12 8 ] [L1 16 12 ]
POC    13 TId: 5 (      STSA, B-SLICE, QP 29)            66224 bits [Y 37.7732 dB    U 40.9863 dB    V 41.9763 dB] [ET  1633 ] [L0 12 8 ] [L1 14 16 ]
POC    15 TId: 5 (      STSA, B-SLICE, QP 29)            67856 bits [Y 37.8741 dB    U 41.2086 dB    V 42.4420 dB] [ET  1402 ] [L0 14 12 ] [L1 16 14 ]

	Total Frames |   Bitrate     Y-PSNR    U-PSNR    V-PSNR    YUV-PSNR   
	       17    a    4845.7835   38.6941   41.4657   42.5611   39.3880

 finished @ Fri Apr 14 03:18:05 2023
 Total Time:    31155.891 sec. [user]    31157.595 sec. [elapsed]

Level: 0
Inject Calls: 34668067305
Errors injected by bit:
	Bit 0: 34665861
	Bit 1: 34666858
	Bit 2: 34664353
	Bit 3: 34674790
	Bit 4: 34672488
	Bit 5: 34672680
	Bit 6: 34673965
	Bit 7: 34674902

Total errors injected: 277365897
