vvencFFapp: Fraunhofer VVC Encoder ver. 1.5.0 [Linux][GCC 11.3.0][64 bit][SIMD=AVX2]
 started @ Fri Apr 14 12:19:07 2023
CODING TOOL CFG: CTU128 QT44BTT21 IBD:1 SAO:1 ALF:1 (NonLinLuma:0 NonLinChr:0) CCALF:1 Tiles:1x1 Slices:1 WPP:0 WPP-Substreams:1 TMVP:1 DQ:1 SDH:0 CST:1 BDOF:1 DMVR:1 MTSImplicit:1 SBT:0 JCbCr:1 CabacInitPresent:1 AMVR:5 SMVD:3 LMCS:2 (Signal:SDR Opt:0) CIIP:0 MIP:1 AFFINE:2 (PROF:1, Type:1) MMVD:3 DisFracMMVD:1 SbTMVP:1 GPM:3 LFNST:1 MTS:0 ISP:3 TS:2 TSLog2MaxSize:4 useChromaTS:0 BDPCM:2 IBC:2 BCW:0 
ENC. ALG. CFG: QPA:0 HAD:1 RDQ:1 RDQTS:1 ASR:1 MinSearchWindow:96 RestrictMESampling:0 EDO:2 MCTF:2 
PRE-ANALYSIS CFG: STA:1 LeadFrames:0 TrailFrames:0 
FAST TOOL CFG: ECU:0 FEN:1 FDM:1 FastSearch:4 (SCC:2) LCTUFast:1 FastMrg:2 PBIntraFast:1 AMaxBT:1 FastQtBtEnc:1 ContentBasedFastQtbt:0 FastMIP:3 FastIntraTools:0 IntraEstDecBit:2 FastLocalDualTree:1 IntegerET:0 FastSubPel:1 QtbttExtraFast:3 FastTTSplit:0 IBCFastMethod:3 FIM:0 ALFSpeed:0 QuantThr: 4 
RATE CONTROL CFG: RateControl:0 LookAhead:0 
PARALLEL PROCESSING CFG: NumThreads:0 MaxParallelFrames:0 WppBitEqual:0 WF:0 

POC     0 TId: 0 (  IDR_N_LP, I-SLICE, QP 19, TF 3)     629392 bits [Y 41.1842 dB    U 43.2214 dB    V 44.1771 dB] [ET   383 ] [L0 ] [L1 ]
POC    16 TId: 1 (      STSA, B-SLICE, QP 22, TF 2)     444496 bits [Y 42.3014 dB    U 43.3697 dB    V 44.2712 dB] [ET  2131 ] [L0 0 ] [L1 0 ]
POC     8 TId: 2 (      STSA, B-SLICE, QP 23, TF 1)     349104 bits [Y 40.6557 dB    U 42.0282 dB    V 43.1987 dB] [ET  2543 ] [L0 0 16 ] [L1 16 0 ]
POC     4 TId: 3 (      STSA, B-SLICE, QP 26, TF 0)     176984 bits [Y 38.9298 dB    U 41.3681 dB    V 42.5333 dB] [ET  2565 ] [L0 0 8 ] [L1 8 16 ]
POC     2 TId: 4 (      STSA, B-SLICE, QP 28)           107872 bits [Y 38.3603 dB    U 41.4567 dB    V 42.5871 dB] [ET  1790 ] [L0 0 4 ] [L1 4 8 ]
POC     1 TId: 5 (      STSA, B-SLICE, QP 29)            67808 bits [Y 37.9044 dB    U 41.4977 dB    V 42.7355 dB] [ET  1335 ] [L0 0 2 ] [L1 2 4 ]
POC     3 TId: 5 (      STSA, B-SLICE, QP 29)            64712 bits [Y 37.6894 dB    U 41.0436 dB    V 42.2489 dB] [ET  1672 ] [L0 2 0 ] [L1 4 8 ]
POC     6 TId: 4 (      STSA, B-SLICE, QP 28)           102408 bits [Y 38.3359 dB    U 41.1850 dB    V 42.3071 dB] [ET  2228 ] [L0 4 0 ] [L1 8 16 ]
POC     5 TId: 5 (      STSA, B-SLICE, QP 29)            60840 bits [Y 37.7042 dB    U 40.8853 dB    V 42.1733 dB] [ET  1573 ] [L0 4 0 ] [L1 6 8 ]
POC     7 TId: 5 (      STSA, B-SLICE, QP 29)            62984 bits [Y 37.8098 dB    U 40.9551 dB    V 42.0987 dB] [ET  1624 ] [L0 6 4 ] [L1 8 16 ]
POC    12 TId: 3 (      STSA, B-SLICE, QP 26, TF 0)     183032 bits [Y 38.9437 dB    U 41.5987 dB    V 42.4339 dB] [ET  2649 ] [L0 8 0 ] [L1 16 8 ]
POC    10 TId: 4 (      STSA, B-SLICE, QP 28)           113592 bits [Y 38.3031 dB    U 41.1735 dB    V 42.0641 dB] [ET  2311 ] [L0 8 0 ] [L1 12 16 ]
POC     9 TId: 5 (      STSA, B-SLICE, QP 29)            65320 bits [Y 37.8351 dB    U 41.0086 dB    V 42.1873 dB] [ET  1587 ] [L0 8 0 ] [L1 10 12 ]
POC    11 TId: 5 (      STSA, B-SLICE, QP 29)            68368 bits [Y 37.7276 dB    U 41.0050 dB    V 41.9054 dB] [ET  1822 ] [L0 10 8 ] [L1 12 16 ]
POC    14 TId: 4 (      STSA, B-SLICE, QP 28)           114480 bits [Y 38.3716 dB    U 41.2147 dB    V 42.2945 dB] [ET  1863 ] [L0 12 8 ] [L1 16 12 ]
POC    13 TId: 5 (      STSA, B-SLICE, QP 29)            65640 bits [Y 37.7594 dB    U 40.9686 dB    V 42.0234 dB] [ET  1585 ] [L0 12 8 ] [L1 14 16 ]
POC    15 TId: 5 (      STSA, B-SLICE, QP 29)            69064 bits [Y 37.8861 dB    U 41.2346 dB    V 42.3867 dB] [ET  1398 ] [L0 14 12 ] [L1 16 14 ]

	Total Frames |   Bitrate     Y-PSNR    U-PSNR    V-PSNR    YUV-PSNR   
	       17    a    4846.0518   38.6883   41.4832   42.5662   39.3860

 finished @ Fri Apr 14 20:57:01 2023
 Total Time:    31072.020 sec. [user]    31073.744 sec. [elapsed]

Level: 0
Inject Calls: 35058488020
Errors injected by bit:
	Bit 0: 3421
	Bit 1: 3539
	Bit 2: 3596
	Bit 3: 3466
	Bit 4: 3558
	Bit 5: 3473
	Bit 6: 3502
	Bit 7: 3544

Total errors injected: 28099
