vvencFFapp: Fraunhofer VVC Encoder ver. 1.5.0 [Linux][GCC 11.3.0][64 bit][SIMD=AVX2]
 started @ Wed Apr 12 22:33:26 2023
CODING TOOL CFG: CTU128 QT44BTT21 IBD:1 SAO:1 ALF:1 (NonLinLuma:0 NonLinChr:0) CCALF:1 Tiles:1x1 Slices:1 WPP:0 WPP-Substreams:1 TMVP:1 DQ:1 SDH:0 CST:1 BDOF:1 DMVR:1 MTSImplicit:1 SBT:0 JCbCr:1 CabacInitPresent:1 AMVR:5 SMVD:3 LMCS:2 (Signal:SDR Opt:0) CIIP:0 MIP:1 AFFINE:2 (PROF:1, Type:1) MMVD:3 DisFracMMVD:1 SbTMVP:1 GPM:3 LFNST:1 MTS:0 ISP:3 TS:2 TSLog2MaxSize:4 useChromaTS:0 BDPCM:2 IBC:2 BCW:0 
ENC. ALG. CFG: QPA:0 HAD:1 RDQ:1 RDQTS:1 ASR:1 MinSearchWindow:96 RestrictMESampling:0 EDO:2 MCTF:2 
PRE-ANALYSIS CFG: STA:1 LeadFrames:0 TrailFrames:0 
FAST TOOL CFG: ECU:0 FEN:1 FDM:1 FastSearch:4 (SCC:2) LCTUFast:1 FastMrg:2 PBIntraFast:1 AMaxBT:1 FastQtBtEnc:1 ContentBasedFastQtbt:0 FastMIP:3 FastIntraTools:0 IntraEstDecBit:2 FastLocalDualTree:1 IntegerET:0 FastSubPel:1 QtbttExtraFast:3 FastTTSplit:0 IBCFastMethod:3 FIM:0 ALFSpeed:0 QuantThr: 4 
RATE CONTROL CFG: RateControl:0 LookAhead:0 
PARALLEL PROCESSING CFG: NumThreads:0 MaxParallelFrames:0 WppBitEqual:0 WF:0 

POC     0 TId: 0 (  IDR_N_LP, I-SLICE, QP 29, TF 2)     546496 bits [Y 36.1634 dB    U 38.4868 dB    V 39.1184 dB] [ET   442 ] [L0 ] [L1 ]
POC    16 TId: 1 (      STSA, B-SLICE, QP 34, TF 1)     128800 bits [Y 32.1157 dB    U 36.7134 dB    V 37.1415 dB] [ET  2958 ] [L0 0 ] [L1 0 ]
POC     8 TId: 2 (      STSA, B-SLICE, QP 35, TF 0)      77544 bits [Y 31.9917 dB    U 36.7617 dB    V 37.2857 dB] [ET  1642 ] [L0 0 16 ] [L1 16 0 ]
POC     4 TId: 3 (      STSA, B-SLICE, QP 38)            35504 bits [Y 31.5107 dB    U 37.0713 dB    V 37.6071 dB] [ET  1263 ] [L0 0 8 ] [L1 8 16 ]
POC     2 TId: 4 (      STSA, B-SLICE, QP 40)              240 bits [Y 36.1634 dB    U 38.4868 dB    V 39.1184 dB] [ET   332 ] [L0 0 4 ] [L1 4 8 ]
POC     1 TId: 5 (      STSA, B-SLICE, QP 41)              224 bits [Y 36.1634 dB    U 38.4868 dB    V 39.1184 dB] [ET   234 ] [L0 0 2 ] [L1 2 4 ]
POC     3 TId: 5 (      STSA, B-SLICE, QP 41)             7928 bits [Y 31.5330 dB    U 37.3357 dB    V 38.1226 dB] [ET   583 ] [L0 2 0 ] [L1 4 8 ]
POC     6 TId: 4 (      STSA, B-SLICE, QP 40)            20760 bits [Y 30.4673 dB    U 36.8107 dB    V 37.1608 dB] [ET   979 ] [L0 4 0 ] [L1 8 16 ]
POC     5 TId: 5 (      STSA, B-SLICE, QP 41)             7992 bits [Y 30.3133 dB    U 36.8201 dB    V 37.3405 dB] [ET   571 ] [L0 4 0 ] [L1 6 8 ]
POC     7 TId: 5 (      STSA, B-SLICE, QP 41)             7640 bits [Y 30.3644 dB    U 36.6764 dB    V 37.1135 dB] [ET   629 ] [L0 6 4 ] [L1 8 16 ]
POC    12 TId: 3 (      STSA, B-SLICE, QP 38)            40968 bits [Y 30.7921 dB    U 36.5164 dB    V 36.8170 dB] [ET  1459 ] [L0 8 0 ] [L1 16 8 ]
POC    10 TId: 4 (      STSA, B-SLICE, QP 40)            20248 bits [Y 30.3049 dB    U 36.6183 dB    V 36.7448 dB] [ET   965 ] [L0 8 0 ] [L1 12 16 ]
POC     9 TId: 5 (      STSA, B-SLICE, QP 41)             7784 bits [Y 30.3553 dB    U 36.6607 dB    V 37.0469 dB] [ET   562 ] [L0 8 0 ] [L1 10 12 ]
POC    11 TId: 5 (      STSA, B-SLICE, QP 41)             7664 bits [Y 30.0044 dB    U 36.5592 dB    V 36.7936 dB] [ET   584 ] [L0 10 8 ] [L1 12 16 ]
POC    14 TId: 4 (      STSA, B-SLICE, QP 40)            19800 bits [Y 30.1764 dB    U 36.5302 dB    V 36.8539 dB] [ET   819 ] [L0 12 8 ] [L1 16 12 ]
POC    13 TId: 5 (      STSA, B-SLICE, QP 41)             7704 bits [Y 29.9152 dB    U 36.5332 dB    V 36.8364 dB] [ET   604 ] [L0 12 8 ] [L1 14 16 ]
POC    15 TId: 5 (      STSA, B-SLICE, QP 41)             8080 bits [Y 30.2936 dB    U 36.5832 dB    V 36.9173 dB] [ET   507 ] [L0 14 12 ] [L1 16 14 ]

	Total Frames |   Bitrate     Y-PSNR    U-PSNR    V-PSNR    YUV-PSNR   
	       17    a    2780.5176   31.6840   37.0383   37.4786   32.4961

 finished @ Thu Apr 13 02:45:55 2023
 Total Time:    15148.829 sec. [user]    15149.548 sec. [elapsed]

Level: 0
Inject Calls: 17059553334
Errors injected by bit:
	Bit 0: 17055521
	Bit 1: 17060513
	Bit 2: 17059108
	Bit 3: 17064538
	Bit 4: 17053296
	Bit 5: 17059768
	Bit 6: 17068378
	Bit 7: 17059069

Total errors injected: 136480191
