vvencFFapp: Fraunhofer VVC Encoder ver. 1.5.0 [Linux][GCC 11.3.0][64 bit][SIMD=AVX2]
 started @ Sun Apr 16 03:29:48 2023
CODING TOOL CFG: CTU128 QT44BTT21 IBD:1 SAO:1 ALF:1 (NonLinLuma:0 NonLinChr:0) CCALF:1 Tiles:1x1 Slices:1 WPP:0 WPP-Substreams:1 TMVP:1 DQ:1 SDH:0 CST:1 BDOF:1 DMVR:1 MTSImplicit:1 SBT:0 JCbCr:1 CabacInitPresent:1 AMVR:5 SMVD:3 LMCS:2 (Signal:SDR Opt:0) CIIP:0 MIP:1 AFFINE:2 (PROF:1, Type:1) MMVD:3 DisFracMMVD:1 SbTMVP:1 GPM:3 LFNST:1 MTS:0 ISP:3 TS:2 TSLog2MaxSize:4 useChromaTS:0 BDPCM:2 IBC:2 BCW:0 
ENC. ALG. CFG: QPA:0 HAD:1 RDQ:1 RDQTS:1 ASR:1 MinSearchWindow:96 RestrictMESampling:0 EDO:2 MCTF:2 
PRE-ANALYSIS CFG: STA:1 LeadFrames:0 TrailFrames:0 
FAST TOOL CFG: ECU:0 FEN:1 FDM:1 FastSearch:4 (SCC:2) LCTUFast:1 FastMrg:2 PBIntraFast:1 AMaxBT:1 FastQtBtEnc:1 ContentBasedFastQtbt:0 FastMIP:3 FastIntraTools:0 IntraEstDecBit:2 FastLocalDualTree:1 IntegerET:0 FastSubPel:1 QtbttExtraFast:3 FastTTSplit:0 IBCFastMethod:3 FIM:0 ALFSpeed:0 QuantThr: 4 
RATE CONTROL CFG: RateControl:0 LookAhead:0 
PARALLEL PROCESSING CFG: NumThreads:0 MaxParallelFrames:0 WppBitEqual:0 WF:0 

POC     0 TId: 0 (  IDR_N_LP, I-SLICE, QP 34, TF 2)     137312 bits [Y 33.0393 dB    U 36.5932 dB    V 37.9362 dB] [ET   198 ] [L0 ] [L1 ]
POC    16 TId: 1 (      STSA, B-SLICE, QP 40, TF 1)      49320 bits [Y 30.8651 dB    U 36.0097 dB    V 36.7709 dB] [ET  1332 ] [L0 0 ] [L1 0 ]
POC     8 TId: 2 (      STSA, B-SLICE, QP 40, TF 0)      40176 bits [Y 30.7533 dB    U 35.7537 dB    V 36.7540 dB] [ET  1820 ] [L0 0 16 ] [L1 16 0 ]
POC     4 TId: 3 (      STSA, B-SLICE, QP 43)            17024 bits [Y 30.2258 dB    U 35.6559 dB    V 36.8579 dB] [ET  1828 ] [L0 0 8 ] [L1 8 16 ]
POC     2 TId: 4 (      STSA, B-SLICE, QP 45)             9376 bits [Y 30.1276 dB    U 35.7608 dB    V 37.1303 dB] [ET   949 ] [L0 0 4 ] [L1 4 8 ]
POC     1 TId: 5 (      STSA, B-SLICE, QP 46)             4896 bits [Y 30.3719 dB    U 35.7807 dB    V 37.2534 dB] [ET   580 ] [L0 0 2 ] [L1 2 4 ]
POC     3 TId: 5 (      STSA, B-SLICE, QP 46)             4384 bits [Y 29.7346 dB    U 35.5114 dB    V 36.8520 dB] [ET   755 ] [L0 2 0 ] [L1 4 8 ]
POC     6 TId: 4 (      STSA, B-SLICE, QP 45)             8712 bits [Y 29.6656 dB    U 35.4258 dB    V 36.5554 dB] [ET  1370 ] [L0 4 0 ] [L1 8 16 ]
POC     5 TId: 5 (      STSA, B-SLICE, QP 46)             4224 bits [Y 29.5893 dB    U 35.4367 dB    V 36.7420 dB] [ET   796 ] [L0 4 0 ] [L1 6 8 ]
POC     7 TId: 5 (      STSA, B-SLICE, QP 46)             3832 bits [Y 29.5957 dB    U 35.2733 dB    V 36.4611 dB] [ET   697 ] [L0 6 4 ] [L1 8 16 ]
POC    12 TId: 3 (      STSA, B-SLICE, QP 43)            18200 bits [Y 29.8387 dB    U 35.6899 dB    V 36.1713 dB] [ET  1772 ] [L0 8 0 ] [L1 16 8 ]
POC    10 TId: 4 (      STSA, B-SLICE, QP 45)             9432 bits [Y 29.3132 dB    U 35.5420 dB    V 36.1561 dB] [ET  1406 ] [L0 8 0 ] [L1 12 16 ]
POC     9 TId: 5 (      STSA, B-SLICE, QP 46)             3848 bits [Y 29.3907 dB    U 35.5921 dB    V 36.4037 dB] [ET   727 ] [L0 8 0 ] [L1 10 12 ]
POC    11 TId: 5 (      STSA, B-SLICE, QP 46)             4024 bits [Y 29.2359 dB    U 35.4607 dB    V 36.0236 dB] [ET   778 ] [L0 10 8 ] [L1 12 16 ]
POC    14 TId: 4 (      STSA, B-SLICE, QP 45)             8272 bits [Y 29.4259 dB    U 35.6022 dB    V 35.8995 dB] [ET  1077 ] [L0 12 8 ] [L1 16 12 ]
POC    13 TId: 5 (      STSA, B-SLICE, QP 46)             4032 bits [Y 29.3561 dB    U 35.4995 dB    V 35.9051 dB] [ET   683 ] [L0 12 8 ] [L1 14 16 ]
POC    15 TId: 5 (      STSA, B-SLICE, QP 46)             3760 bits [Y 29.7085 dB    U 35.7800 dB    V 36.3596 dB] [ET   709 ] [L0 14 12 ] [L1 16 14 ]

	Total Frames |   Bitrate     Y-PSNR    U-PSNR    V-PSNR    YUV-PSNR   
	       17    a     583.8071   30.0140   35.6687   36.6019   31.1990

 finished @ Sun Apr 16 08:21:18 2023
 Total Time:    17489.373 sec. [user]    17490.182 sec. [elapsed]

Level: 0
Inject Calls: 20167000374
Errors injected by bit:
	Bit 0: 2014967
	Bit 1: 2018616
	Bit 2: 2015595
	Bit 3: 2018903
	Bit 4: 2016710
	Bit 5: 2017642
	Bit 6: 2017110
	Bit 7: 2018871

Total errors injected: 16138414
