vvencFFapp: Fraunhofer VVC Encoder ver. 1.5.0 [Linux][GCC 11.3.0][64 bit][SIMD=AVX2]
 started @ Fri Apr 14 03:33:57 2023
CODING TOOL CFG: CTU128 QT44BTT21 IBD:1 SAO:1 ALF:1 (NonLinLuma:0 NonLinChr:0) CCALF:1 Tiles:1x1 Slices:1 WPP:0 WPP-Substreams:1 TMVP:1 DQ:1 SDH:0 CST:1 BDOF:1 DMVR:1 MTSImplicit:1 SBT:0 JCbCr:1 CabacInitPresent:1 AMVR:5 SMVD:3 LMCS:2 (Signal:SDR Opt:0) CIIP:0 MIP:1 AFFINE:2 (PROF:1, Type:1) MMVD:3 DisFracMMVD:1 SbTMVP:1 GPM:3 LFNST:1 MTS:0 ISP:3 TS:2 TSLog2MaxSize:4 useChromaTS:0 BDPCM:2 IBC:2 BCW:0 
ENC. ALG. CFG: QPA:0 HAD:1 RDQ:1 RDQTS:1 ASR:1 MinSearchWindow:96 RestrictMESampling:0 EDO:2 MCTF:2 
PRE-ANALYSIS CFG: STA:1 LeadFrames:0 TrailFrames:0 
FAST TOOL CFG: ECU:0 FEN:1 FDM:1 FastSearch:4 (SCC:2) LCTUFast:1 FastMrg:2 PBIntraFast:1 AMaxBT:1 FastQtBtEnc:1 ContentBasedFastQtbt:0 FastMIP:3 FastIntraTools:0 IntraEstDecBit:2 FastLocalDualTree:1 IntegerET:0 FastSubPel:1 QtbttExtraFast:3 FastTTSplit:0 IBCFastMethod:3 FIM:0 ALFSpeed:0 QuantThr: 4 
RATE CONTROL CFG: RateControl:0 LookAhead:0 
PARALLEL PROCESSING CFG: NumThreads:0 MaxParallelFrames:0 WppBitEqual:0 WF:0 

POC     0 TId: 0 (  IDR_N_LP, I-SLICE, QP 19, TF 3)     629392 bits [Y 41.1842 dB    U 43.2214 dB    V 44.1771 dB] [ET   429 ] [L0 ] [L1 ]
POC    16 TId: 1 (      STSA, B-SLICE, QP 22, TF 2)     443336 bits [Y 42.2978 dB    U 43.3964 dB    V 44.2518 dB] [ET  2118 ] [L0 0 ] [L1 0 ]
POC     8 TId: 2 (      STSA, B-SLICE, QP 23, TF 1)     351296 bits [Y 40.6911 dB    U 42.0137 dB    V 43.2098 dB] [ET  2609 ] [L0 0 16 ] [L1 16 0 ]
POC     4 TId: 3 (      STSA, B-SLICE, QP 26, TF 0)     178112 bits [Y 38.9446 dB    U 41.4648 dB    V 42.5688 dB] [ET  2509 ] [L0 0 8 ] [L1 8 16 ]
POC     2 TId: 4 (      STSA, B-SLICE, QP 28)           107056 bits [Y 38.3428 dB    U 41.4811 dB    V 42.5821 dB] [ET  1994 ] [L0 0 4 ] [L1 4 8 ]
POC     1 TId: 5 (      STSA, B-SLICE, QP 29)            66536 bits [Y 37.8868 dB    U 41.5190 dB    V 42.7441 dB] [ET  1539 ] [L0 0 2 ] [L1 2 4 ]
POC     3 TId: 5 (      STSA, B-SLICE, QP 29)            65488 bits [Y 37.7245 dB    U 41.0318 dB    V 42.2622 dB] [ET  1577 ] [L0 2 0 ] [L1 4 8 ]
POC     6 TId: 4 (      STSA, B-SLICE, QP 28)           103360 bits [Y 38.3276 dB    U 41.1327 dB    V 42.3853 dB] [ET  2175 ] [L0 4 0 ] [L1 8 16 ]
POC     5 TId: 5 (      STSA, B-SLICE, QP 29)            61656 bits [Y 37.7426 dB    U 40.9168 dB    V 42.1970 dB] [ET  1584 ] [L0 4 0 ] [L1 6 8 ]
POC     7 TId: 5 (      STSA, B-SLICE, QP 29)            62680 bits [Y 37.8228 dB    U 40.9429 dB    V 42.1458 dB] [ET  1690 ] [L0 6 4 ] [L1 8 16 ]
POC    12 TId: 3 (      STSA, B-SLICE, QP 26, TF 0)     184440 bits [Y 38.9726 dB    U 41.5827 dB    V 42.4308 dB] [ET  2627 ] [L0 8 0 ] [L1 16 8 ]
POC    10 TId: 4 (      STSA, B-SLICE, QP 28)           115008 bits [Y 38.3415 dB    U 41.0785 dB    V 42.0116 dB] [ET  2408 ] [L0 8 0 ] [L1 12 16 ]
POC     9 TId: 5 (      STSA, B-SLICE, QP 29)            64944 bits [Y 37.8417 dB    U 40.9322 dB    V 42.1490 dB] [ET  1680 ] [L0 8 0 ] [L1 10 12 ]
POC    11 TId: 5 (      STSA, B-SLICE, QP 29)            67432 bits [Y 37.7156 dB    U 40.9560 dB    V 41.8556 dB] [ET  1728 ] [L0 10 8 ] [L1 12 16 ]
POC    14 TId: 4 (      STSA, B-SLICE, QP 28)           116688 bits [Y 38.3779 dB    U 41.1973 dB    V 42.2979 dB] [ET  1888 ] [L0 12 8 ] [L1 16 12 ]
POC    13 TId: 5 (      STSA, B-SLICE, QP 29)            66472 bits [Y 37.7825 dB    U 40.9699 dB    V 42.0082 dB] [ET  1761 ] [L0 12 8 ] [L1 14 16 ]
POC    15 TId: 5 (      STSA, B-SLICE, QP 29)            68504 bits [Y 37.9015 dB    U 41.1959 dB    V 42.4732 dB] [ET  1366 ] [L0 14 12 ] [L1 16 14 ]

	Total Frames |   Bitrate     Y-PSNR    U-PSNR    V-PSNR    YUV-PSNR   
	       17    a    4857.1765   38.6999   41.4725   42.5735   39.3949

 finished @ Fri Apr 14 12:22:15 2023
 Total Time:    31696.521 sec. [user]    31698.399 sec. [elapsed]

Level: 0
Inject Calls: 34876174774
Errors injected by bit:
	Bit 0: 348980
	Bit 1: 347875
	Bit 2: 348454
	Bit 3: 348915
	Bit 4: 348114
	Bit 5: 349611
	Bit 6: 347930
	Bit 7: 348612

Total errors injected: 2788491
