vvencFFapp: Fraunhofer VVC Encoder ver. 1.5.0 [Linux][GCC 11.3.0][64 bit][SIMD=AVX2]
 started @ Sat Apr 15 03:09:23 2023
CODING TOOL CFG: CTU128 QT44BTT21 IBD:1 SAO:1 ALF:1 (NonLinLuma:0 NonLinChr:0) CCALF:1 Tiles:1x1 Slices:1 WPP:0 WPP-Substreams:1 TMVP:1 DQ:1 SDH:0 CST:1 BDOF:1 DMVR:1 MTSImplicit:1 SBT:0 JCbCr:1 CabacInitPresent:1 AMVR:5 SMVD:3 LMCS:2 (Signal:SDR Opt:0) CIIP:0 MIP:1 AFFINE:2 (PROF:1, Type:1) MMVD:3 DisFracMMVD:1 SbTMVP:1 GPM:3 LFNST:1 MTS:0 ISP:3 TS:2 TSLog2MaxSize:4 useChromaTS:0 BDPCM:2 IBC:2 BCW:0 
ENC. ALG. CFG: QPA:0 HAD:1 RDQ:1 RDQTS:1 ASR:1 MinSearchWindow:96 RestrictMESampling:0 EDO:2 MCTF:2 
PRE-ANALYSIS CFG: STA:1 LeadFrames:0 TrailFrames:0 
FAST TOOL CFG: ECU:0 FEN:1 FDM:1 FastSearch:4 (SCC:2) LCTUFast:1 FastMrg:2 PBIntraFast:1 AMaxBT:1 FastQtBtEnc:1 ContentBasedFastQtbt:0 FastMIP:3 FastIntraTools:0 IntraEstDecBit:2 FastLocalDualTree:1 IntegerET:0 FastSubPel:1 QtbttExtraFast:3 FastTTSplit:0 IBCFastMethod:3 FIM:0 ALFSpeed:0 QuantThr: 4 
RATE CONTROL CFG: RateControl:0 LookAhead:0 
PARALLEL PROCESSING CFG: NumThreads:0 MaxParallelFrames:0 WppBitEqual:0 WF:0 

POC     0 TId: 0 (  IDR_N_LP, I-SLICE, QP 24, TF 3)     399128 bits [Y 38.6505 dB    U 40.8666 dB    V 42.1124 dB] [ET   340 ] [L0 ] [L1 ]
POC    16 TId: 1 (      STSA, B-SLICE, QP 28, TF 2)     240408 bits [Y 38.5399 dB    U 40.3746 dB    V 41.5365 dB] [ET  1865 ] [L0 0 ] [L1 0 ]
POC     8 TId: 2 (      STSA, B-SLICE, QP 29, TF 1)     178208 bits [Y 37.2069 dB    U 39.5612 dB    V 40.7405 dB] [ET  2133 ] [L0 0 16 ] [L1 16 0 ]
POC     4 TId: 3 (      STSA, B-SLICE, QP 32, TF 0)      78104 bits [Y 35.9379 dB    U 39.1082 dB    V 40.3460 dB] [ET  2491 ] [L0 0 8 ] [L1 8 16 ]
POC     2 TId: 4 (      STSA, B-SLICE, QP 34)            44624 bits [Y 35.6304 dB    U 39.3235 dB    V 40.5512 dB] [ET  1504 ] [L0 0 4 ] [L1 4 8 ]
POC     1 TId: 5 (      STSA, B-SLICE, QP 36)            23176 bits [Y 35.3010 dB    U 39.4583 dB    V 40.7476 dB] [ET   920 ] [L0 0 2 ] [L1 2 4 ]
POC     3 TId: 5 (      STSA, B-SLICE, QP 36)            20792 bits [Y 34.8635 dB    U 38.9645 dB    V 40.1620 dB] [ET  1159 ] [L0 2 0 ] [L1 4 8 ]
POC     6 TId: 4 (      STSA, B-SLICE, QP 34)            43416 bits [Y 35.4554 dB    U 38.8105 dB    V 40.0749 dB] [ET  1809 ] [L0 4 0 ] [L1 8 16 ]
POC     5 TId: 5 (      STSA, B-SLICE, QP 36)            19216 bits [Y 34.8888 dB    U 38.7936 dB    V 40.0946 dB] [ET  1340 ] [L0 4 0 ] [L1 6 8 ]
POC     7 TId: 5 (      STSA, B-SLICE, QP 36)            21080 bits [Y 35.0508 dB    U 38.7377 dB    V 39.9035 dB] [ET  1238 ] [L0 6 4 ] [L1 8 16 ]
POC    12 TId: 3 (      STSA, B-SLICE, QP 32, TF 0)      79200 bits [Y 35.7637 dB    U 39.2211 dB    V 40.0867 dB] [ET  2389 ] [L0 8 0 ] [L1 16 8 ]
POC    10 TId: 4 (      STSA, B-SLICE, QP 34)            47112 bits [Y 35.3492 dB    U 38.8232 dB    V 39.7337 dB] [ET  1876 ] [L0 8 0 ] [L1 12 16 ]
POC     9 TId: 5 (      STSA, B-SLICE, QP 36)            20768 bits [Y 34.9674 dB    U 38.7883 dB    V 39.9590 dB] [ET  1203 ] [L0 8 0 ] [L1 10 12 ]
POC    11 TId: 5 (      STSA, B-SLICE, QP 36)            20800 bits [Y 34.7105 dB    U 38.7054 dB    V 39.6570 dB] [ET  1305 ] [L0 10 8 ] [L1 12 16 ]
POC    14 TId: 4 (      STSA, B-SLICE, QP 34)            44272 bits [Y 35.3345 dB    U 38.9585 dB    V 40.0048 dB] [ET  1547 ] [L0 12 8 ] [L1 16 12 ]
POC    13 TId: 5 (      STSA, B-SLICE, QP 36)            19320 bits [Y 34.7492 dB    U 38.8255 dB    V 39.7024 dB] [ET  1152 ] [L0 12 8 ] [L1 14 16 ]
POC    15 TId: 5 (      STSA, B-SLICE, QP 36)            19816 bits [Y 34.9889 dB    U 39.2254 dB    V 40.3607 dB] [ET  1013 ] [L0 14 12 ] [L1 16 14 ]

	Total Frames |   Bitrate     Y-PSNR    U-PSNR    V-PSNR    YUV-PSNR   
	       17    a    2328.4235   35.7287   39.2086   40.3396   36.5775

 finished @ Sat Apr 15 10:11:03 2023
 Total Time:    25298.464 sec. [user]    25299.848 sec. [elapsed]

Level: 0
Inject Calls: 28775355932
Errors injected by bit:
	Bit 0: 28684
	Bit 1: 28743
	Bit 2: 28948
	Bit 3: 28619
	Bit 4: 28816
	Bit 5: 28895
	Bit 6: 28534
	Bit 7: 28886

Total errors injected: 230125
