vvencFFapp: Fraunhofer VVC Encoder ver. 1.5.0 [Linux][GCC 11.3.0][64 bit][SIMD=AVX2]
 started @ Fri Apr 14 13:04:08 2023
CODING TOOL CFG: CTU128 QT44BTT21 IBD:1 SAO:1 ALF:1 (NonLinLuma:0 NonLinChr:0) CCALF:1 Tiles:1x1 Slices:1 WPP:0 WPP-Substreams:1 TMVP:1 DQ:1 SDH:0 CST:1 BDOF:1 DMVR:1 MTSImplicit:1 SBT:0 JCbCr:1 CabacInitPresent:1 AMVR:5 SMVD:3 LMCS:2 (Signal:SDR Opt:0) CIIP:0 MIP:1 AFFINE:2 (PROF:1, Type:1) MMVD:3 DisFracMMVD:1 SbTMVP:1 GPM:3 LFNST:1 MTS:0 ISP:3 TS:2 TSLog2MaxSize:4 useChromaTS:0 BDPCM:2 IBC:2 BCW:0 
ENC. ALG. CFG: QPA:0 HAD:1 RDQ:1 RDQTS:1 ASR:1 MinSearchWindow:96 RestrictMESampling:0 EDO:2 MCTF:2 
PRE-ANALYSIS CFG: STA:1 LeadFrames:0 TrailFrames:0 
FAST TOOL CFG: ECU:0 FEN:1 FDM:1 FastSearch:4 (SCC:2) LCTUFast:1 FastMrg:2 PBIntraFast:1 AMaxBT:1 FastQtBtEnc:1 ContentBasedFastQtbt:0 FastMIP:3 FastIntraTools:0 IntraEstDecBit:2 FastLocalDualTree:1 IntegerET:0 FastSubPel:1 QtbttExtraFast:3 FastTTSplit:0 IBCFastMethod:3 FIM:0 ALFSpeed:0 QuantThr: 4 
RATE CONTROL CFG: RateControl:0 LookAhead:0 
PARALLEL PROCESSING CFG: NumThreads:0 MaxParallelFrames:0 WppBitEqual:0 WF:0 

POC     0 TId: 0 (  IDR_N_LP, I-SLICE, QP 24, TF 3)     399128 bits [Y 38.6505 dB    U 40.8666 dB    V 42.1124 dB] [ET   400 ] [L0 ] [L1 ]
POC    16 TId: 1 (      STSA, B-SLICE, QP 28, TF 2)     237368 bits [Y 38.5438 dB    U 40.2776 dB    V 41.4584 dB] [ET  1566 ] [L0 0 ] [L1 0 ]
POC     8 TId: 2 (      STSA, B-SLICE, QP 29, TF 1)     178960 bits [Y 37.2342 dB    U 39.4962 dB    V 40.7579 dB] [ET  2250 ] [L0 0 16 ] [L1 16 0 ]
POC     4 TId: 3 (      STSA, B-SLICE, QP 32, TF 0)      79088 bits [Y 35.9471 dB    U 39.1238 dB    V 40.3121 dB] [ET  2189 ] [L0 0 8 ] [L1 8 16 ]
POC     2 TId: 4 (      STSA, B-SLICE, QP 34)            44576 bits [Y 35.6185 dB    U 39.2404 dB    V 40.5473 dB] [ET  1520 ] [L0 0 4 ] [L1 4 8 ]
POC     1 TId: 5 (      STSA, B-SLICE, QP 36)            23096 bits [Y 35.3066 dB    U 39.4618 dB    V 40.7443 dB] [ET   905 ] [L0 0 2 ] [L1 2 4 ]
POC     3 TId: 5 (      STSA, B-SLICE, QP 36)            20448 bits [Y 34.8624 dB    U 38.8763 dB    V 40.1158 dB] [ET  1259 ] [L0 2 0 ] [L1 4 8 ]
POC     6 TId: 4 (      STSA, B-SLICE, QP 34)            42976 bits [Y 35.4576 dB    U 38.8338 dB    V 40.0241 dB] [ET  1809 ] [L0 4 0 ] [L1 8 16 ]
POC     5 TId: 5 (      STSA, B-SLICE, QP 36)            19336 bits [Y 34.8735 dB    U 38.7346 dB    V 40.0726 dB] [ET  1201 ] [L0 4 0 ] [L1 6 8 ]
POC     7 TId: 5 (      STSA, B-SLICE, QP 36)            20984 bits [Y 35.0214 dB    U 38.7151 dB    V 39.9986 dB] [ET  1318 ] [L0 6 4 ] [L1 8 16 ]
POC    12 TId: 3 (      STSA, B-SLICE, QP 32, TF 0)      80088 bits [Y 35.7754 dB    U 39.2062 dB    V 40.0602 dB] [ET  2266 ] [L0 8 0 ] [L1 16 8 ]
POC    10 TId: 4 (      STSA, B-SLICE, QP 34)            47264 bits [Y 35.3697 dB    U 38.7848 dB    V 39.7175 dB] [ET  1946 ] [L0 8 0 ] [L1 12 16 ]
POC     9 TId: 5 (      STSA, B-SLICE, QP 36)            20960 bits [Y 34.9487 dB    U 38.8097 dB    V 39.9615 dB] [ET  1191 ] [L0 8 0 ] [L1 10 12 ]
POC    11 TId: 5 (      STSA, B-SLICE, QP 36)            20912 bits [Y 34.7500 dB    U 38.7949 dB    V 39.6186 dB] [ET  1227 ] [L0 10 8 ] [L1 12 16 ]
POC    14 TId: 4 (      STSA, B-SLICE, QP 34)            44696 bits [Y 35.3374 dB    U 38.9926 dB    V 40.0026 dB] [ET  1454 ] [L0 12 8 ] [L1 16 12 ]
POC    13 TId: 5 (      STSA, B-SLICE, QP 36)            19288 bits [Y 34.7274 dB    U 38.8224 dB    V 39.7434 dB] [ET  1167 ] [L0 12 8 ] [L1 14 16 ]
POC    15 TId: 5 (      STSA, B-SLICE, QP 36)            19280 bits [Y 34.9596 dB    U 39.2547 dB    V 40.3455 dB] [ET   975 ] [L0 14 12 ] [L1 16 14 ]

	Total Frames |   Bitrate     Y-PSNR    U-PSNR    V-PSNR    YUV-PSNR   
	       17    a    2326.6729   35.7285   39.1936   40.3290   36.5744

 finished @ Fri Apr 14 19:55:10 2023
 Total Time:    24660.775 sec. [user]    24661.967 sec. [elapsed]

Level: 0
Inject Calls: 27771171831
Errors injected by bit:
	Bit 0: 27769517
	Bit 1: 27770087
	Bit 2: 27765053
	Bit 3: 27772684
	Bit 4: 27769378
	Bit 5: 27770853
	Bit 6: 27781557
	Bit 7: 27772373

Total errors injected: 222171502
