vvencFFapp: Fraunhofer VVC Encoder ver. 1.5.0 [Linux][GCC 11.3.0][64 bit][SIMD=AVX2]
 started @ Sat Apr 15 16:14:34 2023
CODING TOOL CFG: CTU128 QT44BTT21 IBD:1 SAO:1 ALF:1 (NonLinLuma:0 NonLinChr:0) CCALF:1 Tiles:1x1 Slices:1 WPP:0 WPP-Substreams:1 TMVP:1 DQ:1 SDH:0 CST:1 BDOF:1 DMVR:1 MTSImplicit:1 SBT:0 JCbCr:1 CabacInitPresent:1 AMVR:5 SMVD:3 LMCS:2 (Signal:SDR Opt:0) CIIP:0 MIP:1 AFFINE:2 (PROF:1, Type:1) MMVD:3 DisFracMMVD:1 SbTMVP:1 GPM:3 LFNST:1 MTS:0 ISP:3 TS:2 TSLog2MaxSize:4 useChromaTS:0 BDPCM:2 IBC:2 BCW:0 
ENC. ALG. CFG: QPA:0 HAD:1 RDQ:1 RDQTS:1 ASR:1 MinSearchWindow:96 RestrictMESampling:0 EDO:2 MCTF:2 
PRE-ANALYSIS CFG: STA:1 LeadFrames:0 TrailFrames:0 
FAST TOOL CFG: ECU:0 FEN:1 FDM:1 FastSearch:4 (SCC:2) LCTUFast:1 FastMrg:2 PBIntraFast:1 AMaxBT:1 FastQtBtEnc:1 ContentBasedFastQtbt:0 FastMIP:3 FastIntraTools:0 IntraEstDecBit:2 FastLocalDualTree:1 IntegerET:0 FastSubPel:1 QtbttExtraFast:3 FastTTSplit:0 IBCFastMethod:3 FIM:0 ALFSpeed:0 QuantThr: 4 
RATE CONTROL CFG: RateControl:0 LookAhead:0 
PARALLEL PROCESSING CFG: NumThreads:0 MaxParallelFrames:0 WppBitEqual:0 WF:0 

POC     0 TId: 0 (  IDR_N_LP, I-SLICE, QP 29, TF 2)     245544 bits [Y 36.0242 dB    U 38.6082 dB    V 40.2672 dB] [ET   263 ] [L0 ] [L1 ]
POC    16 TId: 1 (      STSA, B-SLICE, QP 34, TF 1)     117416 bits [Y 34.6869 dB    U 37.4817 dB    V 38.5572 dB] [ET  1652 ] [L0 0 ] [L1 0 ]
POC     8 TId: 2 (      STSA, B-SLICE, QP 35, TF 0)      83064 bits [Y 33.7865 dB    U 37.0840 dB    V 38.2764 dB] [ET  1972 ] [L0 0 16 ] [L1 16 0 ]
POC     4 TId: 3 (      STSA, B-SLICE, QP 38)            35400 bits [Y 32.9995 dB    U 37.2524 dB    V 38.5592 dB] [ET  2160 ] [L0 0 8 ] [L1 8 16 ]
POC     2 TId: 4 (      STSA, B-SLICE, QP 40)            19456 bits [Y 32.6829 dB    U 37.4661 dB    V 38.8356 dB] [ET  1259 ] [L0 0 4 ] [L1 4 8 ]
POC     1 TId: 5 (      STSA, B-SLICE, QP 41)            10504 bits [Y 32.8897 dB    U 37.5713 dB    V 39.0823 dB] [ET   876 ] [L0 0 2 ] [L1 2 4 ]
POC     3 TId: 5 (      STSA, B-SLICE, QP 41)            10024 bits [Y 32.3031 dB    U 37.0610 dB    V 38.5363 dB] [ET  1009 ] [L0 2 0 ] [L1 4 8 ]
POC     6 TId: 4 (      STSA, B-SLICE, QP 40)            19168 bits [Y 32.4497 dB    U 36.9221 dB    V 38.2219 dB] [ET  1528 ] [L0 4 0 ] [L1 8 16 ]
POC     5 TId: 5 (      STSA, B-SLICE, QP 41)             8976 bits [Y 32.2657 dB    U 36.9194 dB    V 38.3841 dB] [ET  1006 ] [L0 4 0 ] [L1 6 8 ]
POC     7 TId: 5 (      STSA, B-SLICE, QP 41)             8864 bits [Y 32.2681 dB    U 36.7361 dB    V 38.0231 dB] [ET  1035 ] [L0 6 4 ] [L1 8 16 ]
POC    12 TId: 3 (      STSA, B-SLICE, QP 38)            37816 bits [Y 32.8316 dB    U 37.1521 dB    V 37.8702 dB] [ET  1980 ] [L0 8 0 ] [L1 16 8 ]
POC    10 TId: 4 (      STSA, B-SLICE, QP 40)            20944 bits [Y 32.2430 dB    U 36.8522 dB    V 37.7466 dB] [ET  1563 ] [L0 8 0 ] [L1 12 16 ]
POC     9 TId: 5 (      STSA, B-SLICE, QP 41)            10040 bits [Y 32.1754 dB    U 36.8185 dB    V 37.8802 dB] [ET   926 ] [L0 8 0 ] [L1 10 12 ]
POC    11 TId: 5 (      STSA, B-SLICE, QP 41)             9952 bits [Y 32.0582 dB    U 36.9118 dB    V 37.7392 dB] [ET   976 ] [L0 10 8 ] [L1 12 16 ]
POC    14 TId: 4 (      STSA, B-SLICE, QP 40)            18872 bits [Y 32.3905 dB    U 36.9391 dB    V 37.9476 dB] [ET  1250 ] [L0 12 8 ] [L1 16 12 ]
POC    13 TId: 5 (      STSA, B-SLICE, QP 41)             8768 bits [Y 32.1666 dB    U 36.9109 dB    V 37.8543 dB] [ET   905 ] [L0 12 8 ] [L1 14 16 ]
POC    15 TId: 5 (      STSA, B-SLICE, QP 41)             8424 bits [Y 32.4691 dB    U 37.0180 dB    V 38.1573 dB] [ET   744 ] [L0 14 12 ] [L1 16 14 ]

	Total Frames |   Bitrate     Y-PSNR    U-PSNR    V-PSNR    YUV-PSNR   
	       17    a    1188.0565   32.8642   37.1591   38.3493   33.8737

 finished @ Sat Apr 15 22:06:31 2023
 Total Time:    21115.309 sec. [user]    21116.356 sec. [elapsed]

Level: 0
Inject Calls: 23949845556
Errors injected by bit:
	Bit 0: 239214
	Bit 1: 239514
	Bit 2: 239284
	Bit 3: 239195
	Bit 4: 239098
	Bit 5: 239504
	Bit 6: 239937
	Bit 7: 239472

Total errors injected: 1915218
