vvencFFapp: Fraunhofer VVC Encoder ver. 1.5.0 [Linux][GCC 11.3.0][64 bit][SIMD=AVX2]
 started @ Fri Apr 14 03:28:57 2023
CODING TOOL CFG: CTU128 QT44BTT21 IBD:1 SAO:1 ALF:1 (NonLinLuma:0 NonLinChr:0) CCALF:1 Tiles:1x1 Slices:1 WPP:0 WPP-Substreams:1 TMVP:1 DQ:1 SDH:0 CST:1 BDOF:1 DMVR:1 MTSImplicit:1 SBT:0 JCbCr:1 CabacInitPresent:1 AMVR:5 SMVD:3 LMCS:2 (Signal:SDR Opt:0) CIIP:0 MIP:1 AFFINE:2 (PROF:1, Type:1) MMVD:3 DisFracMMVD:1 SbTMVP:1 GPM:3 LFNST:1 MTS:0 ISP:3 TS:2 TSLog2MaxSize:4 useChromaTS:0 BDPCM:2 IBC:2 BCW:0 
ENC. ALG. CFG: QPA:0 HAD:1 RDQ:1 RDQTS:1 ASR:1 MinSearchWindow:96 RestrictMESampling:0 EDO:2 MCTF:2 
PRE-ANALYSIS CFG: STA:1 LeadFrames:0 TrailFrames:0 
FAST TOOL CFG: ECU:0 FEN:1 FDM:1 FastSearch:4 (SCC:2) LCTUFast:1 FastMrg:2 PBIntraFast:1 AMaxBT:1 FastQtBtEnc:1 ContentBasedFastQtbt:0 FastMIP:3 FastIntraTools:0 IntraEstDecBit:2 FastLocalDualTree:1 IntegerET:0 FastSubPel:1 QtbttExtraFast:3 FastTTSplit:0 IBCFastMethod:3 FIM:0 ALFSpeed:0 QuantThr: 4 
RATE CONTROL CFG: RateControl:0 LookAhead:0 
PARALLEL PROCESSING CFG: NumThreads:0 MaxParallelFrames:0 WppBitEqual:0 WF:0 

POC     0 TId: 0 (  IDR_N_LP, I-SLICE, QP 19, TF 3)     629392 bits [Y 41.1842 dB    U 43.2214 dB    V 44.1771 dB] [ET   384 ] [L0 ] [L1 ]
POC    16 TId: 1 (      STSA, B-SLICE, QP 22, TF 2)     444192 bits [Y 42.2963 dB    U 43.3601 dB    V 44.2284 dB] [ET  2027 ] [L0 0 ] [L1 0 ]
POC     8 TId: 2 (      STSA, B-SLICE, QP 23, TF 1)     351784 bits [Y 40.6640 dB    U 42.0650 dB    V 43.1709 dB] [ET  2685 ] [L0 0 16 ] [L1 16 0 ]
POC     4 TId: 3 (      STSA, B-SLICE, QP 26, TF 0)     179312 bits [Y 38.9402 dB    U 41.3967 dB    V 42.5207 dB] [ET  2679 ] [L0 0 8 ] [L1 8 16 ]
POC     2 TId: 4 (      STSA, B-SLICE, QP 28)           107992 bits [Y 38.3383 dB    U 41.4523 dB    V 42.6114 dB] [ET  1865 ] [L0 0 4 ] [L1 4 8 ]
POC     1 TId: 5 (      STSA, B-SLICE, QP 29)            67048 bits [Y 37.8925 dB    U 41.5177 dB    V 42.6928 dB] [ET  1398 ] [L0 0 2 ] [L1 2 4 ]
POC     3 TId: 5 (      STSA, B-SLICE, QP 29)            64736 bits [Y 37.7038 dB    U 41.0343 dB    V 42.2202 dB] [ET  1554 ] [L0 2 0 ] [L1 4 8 ]
POC     6 TId: 4 (      STSA, B-SLICE, QP 28)           101632 bits [Y 38.2999 dB    U 41.1547 dB    V 42.3123 dB] [ET  2145 ] [L0 4 0 ] [L1 8 16 ]
POC     5 TId: 5 (      STSA, B-SLICE, QP 29)            61544 bits [Y 37.7376 dB    U 40.9358 dB    V 42.1379 dB] [ET  1622 ] [L0 4 0 ] [L1 6 8 ]
POC     7 TId: 5 (      STSA, B-SLICE, QP 29)            63784 bits [Y 37.8252 dB    U 40.9347 dB    V 42.0464 dB] [ET  1641 ] [L0 6 4 ] [L1 8 16 ]
POC    12 TId: 3 (      STSA, B-SLICE, QP 26, TF 0)     183472 bits [Y 38.9441 dB    U 41.5733 dB    V 42.4289 dB] [ET  2717 ] [L0 8 0 ] [L1 16 8 ]
POC    10 TId: 4 (      STSA, B-SLICE, QP 28)           113728 bits [Y 38.3059 dB    U 41.1185 dB    V 41.9972 dB] [ET  2421 ] [L0 8 0 ] [L1 12 16 ]
POC     9 TId: 5 (      STSA, B-SLICE, QP 29)            63872 bits [Y 37.8254 dB    U 40.9089 dB    V 42.1389 dB] [ET  1612 ] [L0 8 0 ] [L1 10 12 ]
POC    11 TId: 5 (      STSA, B-SLICE, QP 29)            68368 bits [Y 37.7320 dB    U 40.9641 dB    V 41.8529 dB] [ET  1848 ] [L0 10 8 ] [L1 12 16 ]
POC    14 TId: 4 (      STSA, B-SLICE, QP 28)           115000 bits [Y 38.3697 dB    U 41.2112 dB    V 42.2108 dB] [ET  1900 ] [L0 12 8 ] [L1 16 12 ]
POC    13 TId: 5 (      STSA, B-SLICE, QP 29)            65696 bits [Y 37.7452 dB    U 40.9840 dB    V 41.9470 dB] [ET  1631 ] [L0 12 8 ] [L1 14 16 ]
POC    15 TId: 5 (      STSA, B-SLICE, QP 29)            68864 bits [Y 37.8838 dB    U 41.1985 dB    V 42.4210 dB] [ET  1397 ] [L0 14 12 ] [L1 16 14 ]

	Total Frames |   Bitrate     Y-PSNR    U-PSNR    V-PSNR    YUV-PSNR   
	       17    a    4853.6753   38.6876   41.4724   42.5362   39.3817

 finished @ Fri Apr 14 12:14:39 2023
 Total Time:    31540.196 sec. [user]    31542.303 sec. [elapsed]

Level: 0
Inject Calls: 35063310273
Errors injected by bit:
	Bit 0: 351121
	Bit 1: 350270
	Bit 2: 351261
	Bit 3: 351124
	Bit 4: 351179
	Bit 5: 350111
	Bit 6: 350884
	Bit 7: 351181

Total errors injected: 2807131
