vvencFFapp: Fraunhofer VVC Encoder ver. 1.5.0 [Linux][GCC 11.3.0][64 bit][SIMD=AVX2]
 started @ Wed Apr 12 22:38:25 2023
CODING TOOL CFG: CTU128 QT44BTT21 IBD:1 SAO:1 ALF:1 (NonLinLuma:0 NonLinChr:0) CCALF:1 Tiles:1x1 Slices:1 WPP:0 WPP-Substreams:1 TMVP:1 DQ:1 SDH:0 CST:1 BDOF:1 DMVR:1 MTSImplicit:1 SBT:0 JCbCr:1 CabacInitPresent:1 AMVR:5 SMVD:3 LMCS:2 (Signal:SDR Opt:0) CIIP:0 MIP:1 AFFINE:2 (PROF:1, Type:1) MMVD:3 DisFracMMVD:1 SbTMVP:1 GPM:3 LFNST:1 MTS:0 ISP:3 TS:2 TSLog2MaxSize:4 useChromaTS:0 BDPCM:2 IBC:2 BCW:0 
ENC. ALG. CFG: QPA:0 HAD:1 RDQ:1 RDQTS:1 ASR:1 MinSearchWindow:96 RestrictMESampling:0 EDO:2 MCTF:2 
PRE-ANALYSIS CFG: STA:1 LeadFrames:0 TrailFrames:0 
FAST TOOL CFG: ECU:0 FEN:1 FDM:1 FastSearch:4 (SCC:2) LCTUFast:1 FastMrg:2 PBIntraFast:1 AMaxBT:1 FastQtBtEnc:1 ContentBasedFastQtbt:0 FastMIP:3 FastIntraTools:0 IntraEstDecBit:2 FastLocalDualTree:1 IntegerET:0 FastSubPel:1 QtbttExtraFast:3 FastTTSplit:0 IBCFastMethod:3 FIM:0 ALFSpeed:0 QuantThr: 4 
RATE CONTROL CFG: RateControl:0 LookAhead:0 
PARALLEL PROCESSING CFG: NumThreads:0 MaxParallelFrames:0 WppBitEqual:0 WF:0 

POC     0 TId: 0 (  IDR_N_LP, I-SLICE, QP 29, TF 2)     546496 bits [Y 36.1634 dB    U 38.4868 dB    V 39.1184 dB] [ET   446 ] [L0 ] [L1 ]
POC    16 TId: 1 (      STSA, B-SLICE, QP 34, TF 1)     128104 bits [Y 32.1340 dB    U 36.6452 dB    V 37.0239 dB] [ET  2987 ] [L0 0 ] [L1 0 ]
POC     8 TId: 2 (      STSA, B-SLICE, QP 35, TF 0)      78240 bits [Y 31.9760 dB    U 36.6942 dB    V 37.2120 dB] [ET  1695 ] [L0 0 16 ] [L1 16 0 ]
POC     4 TId: 3 (      STSA, B-SLICE, QP 38)            36392 bits [Y 31.5291 dB    U 37.1092 dB    V 37.5745 dB] [ET  1384 ] [L0 0 8 ] [L1 8 16 ]
POC     2 TId: 4 (      STSA, B-SLICE, QP 40)              240 bits [Y 36.1634 dB    U 38.4868 dB    V 39.1184 dB] [ET   348 ] [L0 0 4 ] [L1 4 8 ]
POC     1 TId: 5 (      STSA, B-SLICE, QP 41)              224 bits [Y 36.1634 dB    U 38.4868 dB    V 39.1184 dB] [ET   280 ] [L0 0 2 ] [L1 2 4 ]
POC     3 TId: 5 (      STSA, B-SLICE, QP 41)             8120 bits [Y 31.5246 dB    U 37.3639 dB    V 38.0991 dB] [ET   583 ] [L0 2 0 ] [L1 4 8 ]
POC     6 TId: 4 (      STSA, B-SLICE, QP 40)            21104 bits [Y 30.4603 dB    U 36.8278 dB    V 37.1584 dB] [ET   944 ] [L0 4 0 ] [L1 8 16 ]
POC     5 TId: 5 (      STSA, B-SLICE, QP 41)             8168 bits [Y 30.2875 dB    U 36.8606 dB    V 37.3047 dB] [ET   562 ] [L0 4 0 ] [L1 6 8 ]
POC     7 TId: 5 (      STSA, B-SLICE, QP 41)             7320 bits [Y 30.3914 dB    U 36.6690 dB    V 37.0912 dB] [ET   590 ] [L0 6 4 ] [L1 8 16 ]
POC    12 TId: 3 (      STSA, B-SLICE, QP 38)            41712 bits [Y 30.7837 dB    U 36.5383 dB    V 36.7288 dB] [ET  1429 ] [L0 8 0 ] [L1 16 8 ]
POC    10 TId: 4 (      STSA, B-SLICE, QP 40)            20152 bits [Y 30.2607 dB    U 36.6061 dB    V 36.6587 dB] [ET   994 ] [L0 8 0 ] [L1 12 16 ]
POC     9 TId: 5 (      STSA, B-SLICE, QP 41)             7648 bits [Y 30.3151 dB    U 36.6175 dB    V 36.9524 dB] [ET   560 ] [L0 8 0 ] [L1 10 12 ]
POC    11 TId: 5 (      STSA, B-SLICE, QP 41)             7768 bits [Y 30.0068 dB    U 36.5601 dB    V 36.7226 dB] [ET   621 ] [L0 10 8 ] [L1 12 16 ]
POC    14 TId: 4 (      STSA, B-SLICE, QP 40)            19656 bits [Y 30.1658 dB    U 36.4933 dB    V 36.7207 dB] [ET   762 ] [L0 12 8 ] [L1 16 12 ]
POC    13 TId: 5 (      STSA, B-SLICE, QP 41)             7824 bits [Y 29.9581 dB    U 36.5373 dB    V 36.8121 dB] [ET   576 ] [L0 12 8 ] [L1 14 16 ]
POC    15 TId: 5 (      STSA, B-SLICE, QP 41)             7944 bits [Y 30.2537 dB    U 36.5234 dB    V 36.8247 dB] [ET   476 ] [L0 14 12 ] [L1 16 14 ]

	Total Frames |   Bitrate     Y-PSNR    U-PSNR    V-PSNR    YUV-PSNR   
	       17    a    2785.6235   31.6786   37.0298   37.4258   32.4865

 finished @ Thu Apr 13 02:52:36 2023
 Total Time:    15250.654 sec. [user]    15251.306 sec. [elapsed]

Level: 0
Inject Calls: 17248711165
Errors injected by bit:
	Bit 0: 1724458
	Bit 1: 1724088
	Bit 2: 1722733
	Bit 3: 1725075
	Bit 4: 1724957
	Bit 5: 1725097
	Bit 6: 1724809
	Bit 7: 1724174

Total errors injected: 13795391
