vvencFFapp: Fraunhofer VVC Encoder ver. 1.5.0 [Linux][GCC 11.3.0][64 bit][SIMD=AVX2]
 started @ Tue Apr 11 14:22:51 2023
CODING TOOL CFG: CTU128 QT44BTT21 IBD:1 SAO:1 ALF:1 (NonLinLuma:0 NonLinChr:0) CCALF:1 Tiles:1x1 Slices:1 WPP:0 WPP-Substreams:1 TMVP:1 DQ:1 SDH:0 CST:1 BDOF:1 DMVR:1 MTSImplicit:1 SBT:0 JCbCr:1 CabacInitPresent:1 AMVR:5 SMVD:3 LMCS:2 (Signal:SDR Opt:0) CIIP:0 MIP:1 AFFINE:2 (PROF:1, Type:1) MMVD:3 DisFracMMVD:1 SbTMVP:1 GPM:3 LFNST:1 MTS:0 ISP:3 TS:2 TSLog2MaxSize:4 useChromaTS:0 BDPCM:2 IBC:2 BCW:0 
ENC. ALG. CFG: QPA:0 HAD:1 RDQ:1 RDQTS:1 ASR:1 MinSearchWindow:96 RestrictMESampling:0 EDO:2 MCTF:2 
PRE-ANALYSIS CFG: STA:1 LeadFrames:0 TrailFrames:0 
FAST TOOL CFG: ECU:0 FEN:1 FDM:1 FastSearch:4 (SCC:2) LCTUFast:1 FastMrg:2 PBIntraFast:1 AMaxBT:1 FastQtBtEnc:1 ContentBasedFastQtbt:0 FastMIP:3 FastIntraTools:0 IntraEstDecBit:2 FastLocalDualTree:1 IntegerET:0 FastSubPel:1 QtbttExtraFast:3 FastTTSplit:0 IBCFastMethod:3 FIM:0 ALFSpeed:0 QuantThr: 4 
RATE CONTROL CFG: RateControl:0 LookAhead:0 
PARALLEL PROCESSING CFG: NumThreads:0 MaxParallelFrames:0 WppBitEqual:0 WF:0 

POC     0 TId: 0 (  IDR_N_LP, I-SLICE, QP 34, TF 2)     142152 bits [Y 34.7290 dB    U 39.0714 dB    V 39.9878 dB] [ET   250 ] [L0 ] [L1 ]
POC    16 TId: 1 (      STSA, B-SLICE, QP 40, TF 1)      22536 bits [Y 32.3049 dB    U 38.2070 dB    V 38.8801 dB] [ET   684 ] [L0 0 ] [L1 0 ]
POC     8 TId: 2 (      STSA, B-SLICE, QP 40, TF 0)      10872 bits [Y 32.9000 dB    U 38.4268 dB    V 39.2866 dB] [ET   794 ] [L0 0 16 ] [L1 16 0 ]
POC     4 TId: 3 (      STSA, B-SLICE, QP 43)             4368 bits [Y 32.8916 dB    U 38.6728 dB    V 39.4890 dB] [ET   572 ] [L0 0 8 ] [L1 8 16 ]
POC     2 TId: 4 (      STSA, B-SLICE, QP 45)             1784 bits [Y 33.1250 dB    U 38.8579 dB    V 39.7525 dB] [ET   286 ] [L0 0 4 ] [L1 4 8 ]
POC     1 TId: 5 (      STSA, B-SLICE, QP 46)              680 bits [Y 33.6631 dB    U 38.9222 dB    V 39.9222 dB] [ET   186 ] [L0 0 2 ] [L1 2 4 ]
POC     3 TId: 5 (      STSA, B-SLICE, QP 46)              672 bits [Y 32.7812 dB    U 38.8231 dB    V 39.6619 dB] [ET   256 ] [L0 2 0 ] [L1 4 8 ]
POC     6 TId: 4 (      STSA, B-SLICE, QP 45)             2040 bits [Y 32.4482 dB    U 38.5617 dB    V 39.4203 dB] [ET   350 ] [L0 4 0 ] [L1 8 16 ]
POC     5 TId: 5 (      STSA, B-SLICE, QP 46)              800 bits [Y 32.4778 dB    U 38.5867 dB    V 39.4546 dB] [ET   240 ] [L0 4 0 ] [L1 6 8 ]
POC     7 TId: 5 (      STSA, B-SLICE, QP 46)              728 bits [Y 32.5038 dB    U 38.4620 dB    V 39.3494 dB] [ET   255 ] [L0 6 4 ] [L1 8 16 ]
POC    12 TId: 3 (      STSA, B-SLICE, QP 43)             5152 bits [Y 32.0111 dB    U 38.2919 dB    V 39.0598 dB] [ET   688 ] [L0 8 0 ] [L1 16 8 ]
POC    10 TId: 4 (      STSA, B-SLICE, QP 45)             1968 bits [Y 31.9677 dB    U 38.3311 dB    V 39.0498 dB] [ET   343 ] [L0 8 0 ] [L1 12 16 ]
POC     9 TId: 5 (      STSA, B-SLICE, QP 46)              824 bits [Y 32.2222 dB    U 38.4323 dB    V 39.2291 dB] [ET   280 ] [L0 8 0 ] [L1 10 12 ]
POC    11 TId: 5 (      STSA, B-SLICE, QP 46)              808 bits [Y 31.8040 dB    U 38.3125 dB    V 39.0916 dB] [ET   270 ] [L0 10 8 ] [L1 12 16 ]
POC    14 TId: 4 (      STSA, B-SLICE, QP 45)             2312 bits [Y 31.7468 dB    U 38.1921 dB    V 38.9021 dB] [ET   273 ] [L0 12 8 ] [L1 16 12 ]
POC    13 TId: 5 (      STSA, B-SLICE, QP 46)             1088 bits [Y 31.6897 dB    U 38.2897 dB    V 38.9605 dB] [ET   281 ] [L0 12 8 ] [L1 14 16 ]
POC    15 TId: 5 (      STSA, B-SLICE, QP 46)             1168 bits [Y 31.8746 dB    U 38.2341 dB    V 38.9487 dB] [ET   215 ] [L0 14 12 ] [L1 16 14 ]

	Total Frames |   Bitrate     Y-PSNR    U-PSNR    V-PSNR    YUV-PSNR   
	       17    a     705.7129   32.5377   38.5103   39.3204   33.7671

 finished @ Tue Apr 11 16:06:49 2023
 Total Time:     6232.647 sec. [user]     6237.833 sec. [elapsed]

Level: 0
Inject Calls: 7051514904
Errors injected by bit:
	Bit 0: 704910
	Bit 1: 703866
	Bit 2: 704595
	Bit 3: 704317
	Bit 4: 706605
	Bit 5: 704530
	Bit 6: 705635
	Bit 7: 704624

Total errors injected: 5639082
