vvencFFapp: Fraunhofer VVC Encoder ver. 1.5.0 [Linux][GCC 11.3.0][64 bit][SIMD=AVX2]
 started @ Tue Apr 11 14:17:49 2023
CODING TOOL CFG: CTU128 QT44BTT21 IBD:1 SAO:1 ALF:1 (NonLinLuma:0 NonLinChr:0) CCALF:1 Tiles:1x1 Slices:1 WPP:0 WPP-Substreams:1 TMVP:1 DQ:1 SDH:0 CST:1 BDOF:1 DMVR:1 MTSImplicit:1 SBT:0 JCbCr:1 CabacInitPresent:1 AMVR:5 SMVD:3 LMCS:2 (Signal:SDR Opt:0) CIIP:0 MIP:1 AFFINE:2 (PROF:1, Type:1) MMVD:3 DisFracMMVD:1 SbTMVP:1 GPM:3 LFNST:1 MTS:0 ISP:3 TS:2 TSLog2MaxSize:4 useChromaTS:0 BDPCM:2 IBC:2 BCW:0 
ENC. ALG. CFG: QPA:0 HAD:1 RDQ:1 RDQTS:1 ASR:1 MinSearchWindow:96 RestrictMESampling:0 EDO:2 MCTF:2 
PRE-ANALYSIS CFG: STA:1 LeadFrames:0 TrailFrames:0 
FAST TOOL CFG: ECU:0 FEN:1 FDM:1 FastSearch:4 (SCC:2) LCTUFast:1 FastMrg:2 PBIntraFast:1 AMaxBT:1 FastQtBtEnc:1 ContentBasedFastQtbt:0 FastMIP:3 FastIntraTools:0 IntraEstDecBit:2 FastLocalDualTree:1 IntegerET:0 FastSubPel:1 QtbttExtraFast:3 FastTTSplit:0 IBCFastMethod:3 FIM:0 ALFSpeed:0 QuantThr: 4 
RATE CONTROL CFG: RateControl:0 LookAhead:0 
PARALLEL PROCESSING CFG: NumThreads:0 MaxParallelFrames:0 WppBitEqual:0 WF:0 

POC     0 TId: 0 (  IDR_N_LP, I-SLICE, QP 34, TF 2)     142152 bits [Y 34.7290 dB    U 39.0714 dB    V 39.9878 dB] [ET   204 ] [L0 ] [L1 ]
POC    16 TId: 1 (      STSA, B-SLICE, QP 40, TF 1)      22072 bits [Y 32.2623 dB    U 38.2655 dB    V 38.8706 dB] [ET   639 ] [L0 0 ] [L1 0 ]
POC     8 TId: 2 (      STSA, B-SLICE, QP 40, TF 0)      10904 bits [Y 32.8599 dB    U 38.4837 dB    V 39.3040 dB] [ET   763 ] [L0 0 16 ] [L1 16 0 ]
POC     4 TId: 3 (      STSA, B-SLICE, QP 43)             4064 bits [Y 32.8052 dB    U 38.7070 dB    V 39.4688 dB] [ET   553 ] [L0 0 8 ] [L1 8 16 ]
POC     2 TId: 4 (      STSA, B-SLICE, QP 45)             1800 bits [Y 33.0850 dB    U 38.8614 dB    V 39.7318 dB] [ET   292 ] [L0 0 4 ] [L1 4 8 ]
POC     1 TId: 5 (      STSA, B-SLICE, QP 46)              672 bits [Y 33.6233 dB    U 38.9277 dB    V 39.9444 dB] [ET   188 ] [L0 0 2 ] [L1 2 4 ]
POC     3 TId: 5 (      STSA, B-SLICE, QP 46)              640 bits [Y 32.7495 dB    U 38.8753 dB    V 39.6506 dB] [ET   242 ] [L0 2 0 ] [L1 4 8 ]
POC     6 TId: 4 (      STSA, B-SLICE, QP 45)             1880 bits [Y 32.3087 dB    U 38.6460 dB    V 39.4250 dB] [ET   335 ] [L0 4 0 ] [L1 8 16 ]
POC     5 TId: 5 (      STSA, B-SLICE, QP 46)              760 bits [Y 32.3632 dB    U 38.6201 dB    V 39.4397 dB] [ET   261 ] [L0 4 0 ] [L1 6 8 ]
POC     7 TId: 5 (      STSA, B-SLICE, QP 46)              792 bits [Y 32.4796 dB    U 38.5996 dB    V 39.3689 dB] [ET   274 ] [L0 6 4 ] [L1 8 16 ]
POC    12 TId: 3 (      STSA, B-SLICE, QP 43)             5016 bits [Y 32.0028 dB    U 38.3239 dB    V 39.0530 dB] [ET   696 ] [L0 8 0 ] [L1 16 8 ]
POC    10 TId: 4 (      STSA, B-SLICE, QP 45)             1776 bits [Y 32.0075 dB    U 38.4294 dB    V 39.1189 dB] [ET   379 ] [L0 8 0 ] [L1 12 16 ]
POC     9 TId: 5 (      STSA, B-SLICE, QP 46)              832 bits [Y 32.2582 dB    U 38.4908 dB    V 39.2416 dB] [ET   264 ] [L0 8 0 ] [L1 10 12 ]
POC    11 TId: 5 (      STSA, B-SLICE, QP 46)              816 bits [Y 31.8005 dB    U 38.3278 dB    V 39.0411 dB] [ET   288 ] [L0 10 8 ] [L1 12 16 ]
POC    14 TId: 4 (      STSA, B-SLICE, QP 45)             2248 bits [Y 31.6731 dB    U 38.2264 dB    V 38.8886 dB] [ET   308 ] [L0 12 8 ] [L1 16 12 ]
POC    13 TId: 5 (      STSA, B-SLICE, QP 46)             1088 bits [Y 31.6737 dB    U 38.3227 dB    V 39.0048 dB] [ET   267 ] [L0 12 8 ] [L1 14 16 ]
POC    15 TId: 5 (      STSA, B-SLICE, QP 46)             1168 bits [Y 31.8225 dB    U 38.2747 dB    V 38.9128 dB] [ET   218 ] [L0 14 12 ] [L1 16 14 ]

	Total Frames |   Bitrate     Y-PSNR    U-PSNR    V-PSNR    YUV-PSNR   
	       17    a     701.2235   32.5002   38.5561   39.3207   33.7362

 finished @ Tue Apr 11 16:00:53 2023
 Total Time:     6179.267 sec. [user]     6183.949 sec. [elapsed]

Level: 0
Inject Calls: 7050993792
Errors injected by bit:
	Bit 0: 704273
	Bit 1: 705597
	Bit 2: 706482
	Bit 3: 705679
	Bit 4: 705535
	Bit 5: 705039
	Bit 6: 705956
	Bit 7: 704623

Total errors injected: 5643184
