vvencFFapp: Fraunhofer VVC Encoder ver. 1.5.0 [Linux][GCC 11.3.0][64 bit][SIMD=AVX2]
 started @ Tue Apr 11 02:07:38 2023
CODING TOOL CFG: CTU128 QT44BTT21 IBD:1 SAO:1 ALF:1 (NonLinLuma:0 NonLinChr:0) CCALF:1 Tiles:1x1 Slices:1 WPP:0 WPP-Substreams:1 TMVP:1 DQ:1 SDH:0 CST:1 BDOF:1 DMVR:1 MTSImplicit:1 SBT:0 JCbCr:1 CabacInitPresent:1 AMVR:5 SMVD:3 LMCS:2 (Signal:SDR Opt:0) CIIP:0 MIP:1 AFFINE:2 (PROF:1, Type:1) MMVD:3 DisFracMMVD:1 SbTMVP:1 GPM:3 LFNST:1 MTS:0 ISP:3 TS:2 TSLog2MaxSize:4 useChromaTS:0 BDPCM:2 IBC:2 BCW:0 
ENC. ALG. CFG: QPA:0 HAD:1 RDQ:1 RDQTS:1 ASR:1 MinSearchWindow:96 RestrictMESampling:0 EDO:2 MCTF:2 
PRE-ANALYSIS CFG: STA:1 LeadFrames:0 TrailFrames:0 
FAST TOOL CFG: ECU:0 FEN:1 FDM:1 FastSearch:4 (SCC:2) LCTUFast:1 FastMrg:2 PBIntraFast:1 AMaxBT:1 FastQtBtEnc:1 ContentBasedFastQtbt:0 FastMIP:3 FastIntraTools:0 IntraEstDecBit:2 FastLocalDualTree:1 IntegerET:0 FastSubPel:1 QtbttExtraFast:3 FastTTSplit:0 IBCFastMethod:3 FIM:0 ALFSpeed:0 QuantThr: 4 
RATE CONTROL CFG: RateControl:0 LookAhead:0 
PARALLEL PROCESSING CFG: NumThreads:0 MaxParallelFrames:0 WppBitEqual:0 WF:0 

POC     0 TId: 0 (  IDR_N_LP, I-SLICE, QP 24, TF 3)     377624 bits [Y 40.2668 dB    U 43.0828 dB    V 44.6158 dB] [ET   369 ] [L0 ] [L1 ]
POC    16 TId: 1 (      STSA, B-SLICE, QP 28, TF 2)     101544 bits [Y 38.6863 dB    U 42.0681 dB    V 43.1904 dB] [ET  1001 ] [L0 0 ] [L1 0 ]
POC     8 TId: 2 (      STSA, B-SLICE, QP 29, TF 1)      44576 bits [Y 38.5779 dB    U 42.2398 dB    V 43.6154 dB] [ET  1075 ] [L0 0 16 ] [L1 16 0 ]
POC     4 TId: 3 (      STSA, B-SLICE, QP 32, TF 0)      19024 bits [Y 38.3092 dB    U 42.5020 dB    V 43.8681 dB] [ET   858 ] [L0 0 8 ] [L1 8 16 ]
POC     2 TId: 4 (      STSA, B-SLICE, QP 34)             8064 bits [Y 38.4451 dB    U 42.7641 dB    V 44.1765 dB] [ET   528 ] [L0 0 4 ] [L1 4 8 ]
POC     1 TId: 5 (      STSA, B-SLICE, QP 36)             2952 bits [Y 38.7938 dB    U 42.8929 dB    V 44.4536 dB] [ET   318 ] [L0 0 2 ] [L1 2 4 ]
POC     3 TId: 5 (      STSA, B-SLICE, QP 36)             3368 bits [Y 37.9752 dB    U 42.6568 dB    V 44.0282 dB] [ET   399 ] [L0 2 0 ] [L1 4 8 ]
POC     6 TId: 4 (      STSA, B-SLICE, QP 34)             9256 bits [Y 37.8822 dB    U 42.3344 dB    V 43.7009 dB] [ET   627 ] [L0 4 0 ] [L1 8 16 ]
POC     5 TId: 5 (      STSA, B-SLICE, QP 36)             3416 bits [Y 37.7009 dB    U 42.3565 dB    V 43.7560 dB] [ET   404 ] [L0 4 0 ] [L1 6 8 ]
POC     7 TId: 5 (      STSA, B-SLICE, QP 36)             2768 bits [Y 37.7262 dB    U 42.2891 dB    V 43.6310 dB] [ET   549 ] [L0 6 4 ] [L1 8 16 ]
POC    12 TId: 3 (      STSA, B-SLICE, QP 32, TF 0)      21920 bits [Y 37.7998 dB    U 41.9955 dB    V 43.2212 dB] [ET   986 ] [L0 8 0 ] [L1 16 8 ]
POC    10 TId: 4 (      STSA, B-SLICE, QP 34)             9664 bits [Y 37.6334 dB    U 42.1024 dB    V 43.2774 dB] [ET   715 ] [L0 8 0 ] [L1 12 16 ]
POC     9 TId: 5 (      STSA, B-SLICE, QP 36)             3632 bits [Y 37.6636 dB    U 42.1712 dB    V 43.4569 dB] [ET   427 ] [L0 8 0 ] [L1 10 12 ]
POC    11 TId: 5 (      STSA, B-SLICE, QP 36)             3408 bits [Y 37.2953 dB    U 42.0130 dB    V 43.2273 dB] [ET   448 ] [L0 10 8 ] [L1 12 16 ]
POC    14 TId: 4 (      STSA, B-SLICE, QP 34)            10872 bits [Y 37.4622 dB    U 41.9501 dB    V 43.0221 dB] [ET   571 ] [L0 12 8 ] [L1 16 12 ]
POC    13 TId: 5 (      STSA, B-SLICE, QP 36)             4552 bits [Y 37.2139 dB    U 41.9252 dB    V 43.1293 dB] [ET   435 ] [L0 12 8 ] [L1 14 16 ]
POC    15 TId: 5 (      STSA, B-SLICE, QP 36)             4216 bits [Y 37.3316 dB    U 42.0075 dB    V 43.0991 dB] [ET   367 ] [L0 14 12 ] [L1 16 14 ]

	Total Frames |   Bitrate     Y-PSNR    U-PSNR    V-PSNR    YUV-PSNR   
	       17    a    2226.5506   38.0449   42.3148   43.6158   39.0990

 finished @ Tue Apr 11 04:55:55 2023
 Total Time:    10079.898 sec. [user]    10097.214 sec. [elapsed]

Level: 0
Inject Calls: 11207331941
Errors injected by bit:
	Bit 0: 111794
	Bit 1: 112474
	Bit 2: 111999
	Bit 3: 111743
	Bit 4: 112514
	Bit 5: 112046
	Bit 6: 113199
	Bit 7: 111926

Total errors injected: 897695
