vvencFFapp: Fraunhofer VVC Encoder ver. 1.5.0 [Linux][GCC 11.3.0][64 bit][SIMD=AVX2]
 started @ Tue Apr 25 04:25:56 2023
CODING TOOL CFG: CTU128 QT44BTT21 IBD:1 SAO:1 ALF:1 (NonLinLuma:0 NonLinChr:0) CCALF:1 Tiles:1x1 Slices:1 WPP:0 WPP-Substreams:1 TMVP:1 DQ:1 SDH:0 CST:1 BDOF:1 DMVR:1 MTSImplicit:1 SBT:0 JCbCr:1 CabacInitPresent:1 AMVR:5 SMVD:3 LMCS:2 (Signal:SDR Opt:0) CIIP:0 MIP:1 AFFINE:2 (PROF:1, Type:1) MMVD:3 DisFracMMVD:1 SbTMVP:1 GPM:3 LFNST:1 MTS:0 ISP:3 TS:2 TSLog2MaxSize:4 useChromaTS:0 BDPCM:2 IBC:2 BCW:0 
ENC. ALG. CFG: QPA:0 HAD:1 RDQ:1 RDQTS:1 ASR:1 MinSearchWindow:96 RestrictMESampling:0 EDO:2 MCTF:2 
PRE-ANALYSIS CFG: STA:1 LeadFrames:0 TrailFrames:0 
FAST TOOL CFG: ECU:0 FEN:1 FDM:1 FastSearch:4 (SCC:2) LCTUFast:1 FastMrg:2 PBIntraFast:1 AMaxBT:1 FastQtBtEnc:1 ContentBasedFastQtbt:0 FastMIP:3 FastIntraTools:0 IntraEstDecBit:2 FastLocalDualTree:1 IntegerET:0 FastSubPel:1 QtbttExtraFast:3 FastTTSplit:0 IBCFastMethod:3 FIM:0 ALFSpeed:0 QuantThr: 4 
RATE CONTROL CFG: RateControl:0 LookAhead:0 
PARALLEL PROCESSING CFG: NumThreads:0 MaxParallelFrames:0 WppBitEqual:0 WF:0 

POC     0 TId: 0 (  IDR_N_LP, I-SLICE, QP 34, TF 2)      85368 bits [Y 35.6254 dB    U 39.1515 dB    V 40.0627 dB] [ET   197 ] [L0 ] [L1 ]
POC    16 TId: 1 (      STSA, B-SLICE, QP 40, TF 1)      15992 bits [Y 33.6085 dB    U 38.1074 dB    V 38.1073 dB] [ET   741 ] [L0 0 ] [L1 0 ]
POC     8 TId: 2 (      STSA, B-SLICE, QP 40, TF 0)      11008 bits [Y 33.8999 dB    U 38.2335 dB    V 39.1686 dB] [ET  1046 ] [L0 0 16 ] [L1 16 0 ]
POC     4 TId: 3 (      STSA, B-SLICE, QP 43)             5984 bits [Y 33.4566 dB    U 38.3077 dB    V 38.7804 dB] [ET   977 ] [L0 0 8 ] [L1 8 16 ]
POC     2 TId: 4 (      STSA, B-SLICE, QP 45)             2296 bits [Y 33.7342 dB    U 38.6351 dB    V 39.1331 dB] [ET   518 ] [L0 0 4 ] [L1 4 8 ]
POC     1 TId: 5 (      STSA, B-SLICE, QP 46)              224 bits [Y 35.6254 dB    U 39.1515 dB    V 40.0627 dB] [ET   186 ] [L0 0 2 ] [L1 2 4 ]
POC     3 TId: 5 (      STSA, B-SLICE, QP 46)             1560 bits [Y 33.2335 dB    U 38.1904 dB    V 38.5568 dB] [ET   411 ] [L0 2 0 ] [L1 4 8 ]
POC     6 TId: 4 (      STSA, B-SLICE, QP 45)             2992 bits [Y 32.9414 dB    U 38.1118 dB    V 38.4928 dB] [ET   732 ] [L0 4 0 ] [L1 8 16 ]
POC     5 TId: 5 (      STSA, B-SLICE, QP 46)             1496 bits [Y 32.7275 dB    U 38.0466 dB    V 38.5301 dB] [ET   415 ] [L0 4 0 ] [L1 6 8 ]
POC     7 TId: 5 (      STSA, B-SLICE, QP 46)             1592 bits [Y 32.7609 dB    U 38.0517 dB    V 38.5373 dB] [ET   416 ] [L0 6 4 ] [L1 8 16 ]
POC    12 TId: 3 (      STSA, B-SLICE, QP 43)             6984 bits [Y 33.0289 dB    U 37.9644 dB    V 38.5263 dB] [ET  1165 ] [L0 8 0 ] [L1 16 8 ]
POC    10 TId: 4 (      STSA, B-SLICE, QP 45)             3528 bits [Y 32.8004 dB    U 37.9953 dB    V 38.1971 dB] [ET   854 ] [L0 8 0 ] [L1 12 16 ]
POC     9 TId: 5 (      STSA, B-SLICE, QP 46)             1544 bits [Y 33.0869 dB    U 37.9891 dB    V 38.6008 dB] [ET   443 ] [L0 8 0 ] [L1 10 12 ]
POC    11 TId: 5 (      STSA, B-SLICE, QP 46)             1880 bits [Y 32.8262 dB    U 37.9941 dB    V 38.3216 dB] [ET   425 ] [L0 10 8 ] [L1 12 16 ]
POC    14 TId: 4 (      STSA, B-SLICE, QP 45)             3264 bits [Y 32.5889 dB    U 37.8855 dB    V 37.9764 dB] [ET   550 ] [L0 12 8 ] [L1 16 12 ]
POC    13 TId: 5 (      STSA, B-SLICE, QP 46)             1368 bits [Y 32.5121 dB    U 37.9562 dB    V 38.2145 dB] [ET   450 ] [L0 12 8 ] [L1 14 16 ]
POC    15 TId: 5 (      STSA, B-SLICE, QP 46)             1480 bits [Y 32.7514 dB    U 37.9472 dB    V 37.9436 dB] [ET   301 ] [L0 14 12 ] [L1 16 14 ]

	Total Frames |   Bitrate     Y-PSNR    U-PSNR    V-PSNR    YUV-PSNR   
	       17    a     436.9412   33.3652   38.2188   38.6595   34.4199

 finished @ Tue Apr 25 07:09:55 2023
 Total Time:     9832.651 sec. [user]     9839.697 sec. [elapsed]

Level: 0
Inject Calls: 10957017724
Errors injected by bit:
	Bit 0: 109421
	Bit 1: 109398
	Bit 2: 109728
	Bit 3: 109808
	Bit 4: 109194
	Bit 5: 109704
	Bit 6: 109672
	Bit 7: 108914

Total errors injected: 875839
