vvencFFapp: Fraunhofer VVC Encoder ver. 1.5.0 [Linux][GCC 11.3.0][64 bit][SIMD=AVX2]
 started @ Sun Apr 16 08:29:53 2023
CODING TOOL CFG: CTU128 QT44BTT21 IBD:1 SAO:1 ALF:1 (NonLinLuma:0 NonLinChr:0) CCALF:1 Tiles:1x1 Slices:1 WPP:0 WPP-Substreams:1 TMVP:1 DQ:1 SDH:0 CST:1 BDOF:1 DMVR:1 MTSImplicit:1 SBT:0 JCbCr:1 CabacInitPresent:1 AMVR:5 SMVD:3 LMCS:2 (Signal:SDR Opt:0) CIIP:0 MIP:1 AFFINE:2 (PROF:1, Type:1) MMVD:3 DisFracMMVD:1 SbTMVP:1 GPM:3 LFNST:1 MTS:0 ISP:3 TS:2 TSLog2MaxSize:4 useChromaTS:0 BDPCM:2 IBC:2 BCW:0 
ENC. ALG. CFG: QPA:0 HAD:1 RDQ:1 RDQTS:1 ASR:1 MinSearchWindow:96 RestrictMESampling:0 EDO:2 MCTF:2 
PRE-ANALYSIS CFG: STA:1 LeadFrames:0 TrailFrames:0 
FAST TOOL CFG: ECU:0 FEN:1 FDM:1 FastSearch:4 (SCC:2) LCTUFast:1 FastMrg:2 PBIntraFast:1 AMaxBT:1 FastQtBtEnc:1 ContentBasedFastQtbt:0 FastMIP:3 FastIntraTools:0 IntraEstDecBit:2 FastLocalDualTree:1 IntegerET:0 FastSubPel:1 QtbttExtraFast:3 FastTTSplit:0 IBCFastMethod:3 FIM:0 ALFSpeed:0 QuantThr: 4 
RATE CONTROL CFG: RateControl:0 LookAhead:0 
PARALLEL PROCESSING CFG: NumThreads:0 MaxParallelFrames:0 WppBitEqual:0 WF:0 

POC     0 TId: 0 (  IDR_N_LP, I-SLICE, QP 34, TF 2)     137312 bits [Y 33.0393 dB    U 36.5932 dB    V 37.9362 dB] [ET   202 ] [L0 ] [L1 ]
POC    16 TId: 1 (      STSA, B-SLICE, QP 40, TF 1)      50608 bits [Y 30.8402 dB    U 36.0048 dB    V 36.8365 dB] [ET  1426 ] [L0 0 ] [L1 0 ]
POC     8 TId: 2 (      STSA, B-SLICE, QP 40, TF 0)      40528 bits [Y 30.7318 dB    U 35.7717 dB    V 36.8649 dB] [ET  1952 ] [L0 0 16 ] [L1 16 0 ]
POC     4 TId: 3 (      STSA, B-SLICE, QP 43)            17376 bits [Y 30.2208 dB    U 35.6994 dB    V 36.8286 dB] [ET  1689 ] [L0 0 8 ] [L1 8 16 ]
POC     2 TId: 4 (      STSA, B-SLICE, QP 45)             9552 bits [Y 30.0659 dB    U 35.7424 dB    V 36.9627 dB] [ET   931 ] [L0 0 4 ] [L1 4 8 ]
POC     1 TId: 5 (      STSA, B-SLICE, QP 46)             4992 bits [Y 30.3970 dB    U 35.8933 dB    V 37.3546 dB] [ET   558 ] [L0 0 2 ] [L1 2 4 ]
POC     3 TId: 5 (      STSA, B-SLICE, QP 46)             4328 bits [Y 29.7028 dB    U 35.5168 dB    V 36.7292 dB] [ET   727 ] [L0 2 0 ] [L1 4 8 ]
POC     6 TId: 4 (      STSA, B-SLICE, QP 45)             8576 bits [Y 29.6673 dB    U 35.5089 dB    V 36.5294 dB] [ET  1259 ] [L0 4 0 ] [L1 8 16 ]
POC     5 TId: 5 (      STSA, B-SLICE, QP 46)             4088 bits [Y 29.6202 dB    U 35.4446 dB    V 36.6781 dB] [ET   770 ] [L0 4 0 ] [L1 6 8 ]
POC     7 TId: 5 (      STSA, B-SLICE, QP 46)             3760 bits [Y 29.6331 dB    U 35.3991 dB    V 36.4759 dB] [ET   686 ] [L0 6 4 ] [L1 8 16 ]
POC    12 TId: 3 (      STSA, B-SLICE, QP 43)            17976 bits [Y 29.8727 dB    U 35.5898 dB    V 36.1916 dB] [ET  1909 ] [L0 8 0 ] [L1 16 8 ]
POC    10 TId: 4 (      STSA, B-SLICE, QP 45)             9688 bits [Y 29.4176 dB    U 35.4021 dB    V 36.1243 dB] [ET  1434 ] [L0 8 0 ] [L1 12 16 ]
POC     9 TId: 5 (      STSA, B-SLICE, QP 46)             3880 bits [Y 29.4270 dB    U 35.5285 dB    V 36.3305 dB] [ET   691 ] [L0 8 0 ] [L1 10 12 ]
POC    11 TId: 5 (      STSA, B-SLICE, QP 46)             3800 bits [Y 29.1947 dB    U 35.3225 dB    V 36.0334 dB] [ET   776 ] [L0 10 8 ] [L1 12 16 ]
POC    14 TId: 4 (      STSA, B-SLICE, QP 45)             8176 bits [Y 29.4594 dB    U 35.5178 dB    V 36.1335 dB] [ET   980 ] [L0 12 8 ] [L1 16 12 ]
POC    13 TId: 5 (      STSA, B-SLICE, QP 46)             4064 bits [Y 29.4132 dB    U 35.5122 dB    V 35.9916 dB] [ET   664 ] [L0 12 8 ] [L1 14 16 ]
POC    15 TId: 5 (      STSA, B-SLICE, QP 46)             3656 bits [Y 29.7144 dB    U 35.7060 dB    V 36.3781 dB] [ET   539 ] [L0 14 12 ] [L1 16 14 ]

	Total Frames |   Bitrate     Y-PSNR    U-PSNR    V-PSNR    YUV-PSNR   
	       17    a     586.5176   30.0246   35.6561   36.6105   31.2102

 finished @ Sun Apr 16 13:16:39 2023
 Total Time:    17205.444 sec. [user]    17206.363 sec. [elapsed]

Level: 0
Inject Calls: 20112149883
Errors injected by bit:
	Bit 0: 20055
	Bit 1: 19948
	Bit 2: 20245
	Bit 3: 20288
	Bit 4: 19999
	Bit 5: 20004
	Bit 6: 20155
	Bit 7: 19884

Total errors injected: 160578
