vvencFFapp: Fraunhofer VVC Encoder ver. 1.5.0 [Linux][GCC 11.3.0][64 bit][SIMD=AVX2]
 started @ Thu Apr 13 19:18:48 2023
CODING TOOL CFG: CTU128 QT44BTT21 IBD:1 SAO:1 ALF:1 (NonLinLuma:0 NonLinChr:0) CCALF:1 Tiles:1x1 Slices:1 WPP:0 WPP-Substreams:1 TMVP:1 DQ:1 SDH:0 CST:1 BDOF:1 DMVR:1 MTSImplicit:1 SBT:0 JCbCr:1 CabacInitPresent:1 AMVR:5 SMVD:3 LMCS:2 (Signal:SDR Opt:0) CIIP:0 MIP:1 AFFINE:2 (PROF:1, Type:1) MMVD:3 DisFracMMVD:1 SbTMVP:1 GPM:3 LFNST:1 MTS:0 ISP:3 TS:2 TSLog2MaxSize:4 useChromaTS:0 BDPCM:2 IBC:2 BCW:0 
ENC. ALG. CFG: QPA:0 HAD:1 RDQ:1 RDQTS:1 ASR:1 MinSearchWindow:96 RestrictMESampling:0 EDO:2 MCTF:2 
PRE-ANALYSIS CFG: STA:1 LeadFrames:0 TrailFrames:0 
FAST TOOL CFG: ECU:0 FEN:1 FDM:1 FastSearch:4 (SCC:2) LCTUFast:1 FastMrg:2 PBIntraFast:1 AMaxBT:1 FastQtBtEnc:1 ContentBasedFastQtbt:0 FastMIP:3 FastIntraTools:0 IntraEstDecBit:2 FastLocalDualTree:1 IntegerET:0 FastSubPel:1 QtbttExtraFast:3 FastTTSplit:0 IBCFastMethod:3 FIM:0 ALFSpeed:0 QuantThr: 4 
RATE CONTROL CFG: RateControl:0 LookAhead:0 
PARALLEL PROCESSING CFG: NumThreads:0 MaxParallelFrames:0 WppBitEqual:0 WF:0 

POC     0 TId: 0 (  IDR_N_LP, I-SLICE, QP 19, TF 3)     629392 bits [Y 41.1842 dB    U 43.2214 dB    V 44.1771 dB] [ET   398 ] [L0 ] [L1 ]
POC    16 TId: 1 (      STSA, B-SLICE, QP 22, TF 2)     440296 bits [Y 42.3113 dB    U 43.3675 dB    V 44.2882 dB] [ET  2061 ] [L0 0 ] [L1 0 ]
POC     8 TId: 2 (      STSA, B-SLICE, QP 23, TF 1)     348968 bits [Y 40.6584 dB    U 42.0531 dB    V 43.2327 dB] [ET  2713 ] [L0 0 16 ] [L1 16 0 ]
POC     4 TId: 3 (      STSA, B-SLICE, QP 26, TF 0)     176440 bits [Y 38.9044 dB    U 41.4287 dB    V 42.5971 dB] [ET  2470 ] [L0 0 8 ] [L1 8 16 ]
POC     2 TId: 4 (      STSA, B-SLICE, QP 28)           108048 bits [Y 38.3412 dB    U 41.4847 dB    V 42.6154 dB] [ET  1825 ] [L0 0 4 ] [L1 4 8 ]
POC     1 TId: 5 (      STSA, B-SLICE, QP 29)            67232 bits [Y 37.8797 dB    U 41.5586 dB    V 42.7620 dB] [ET  1322 ] [L0 0 2 ] [L1 2 4 ]
POC     3 TId: 5 (      STSA, B-SLICE, QP 29)            64624 bits [Y 37.7119 dB    U 41.0458 dB    V 42.2882 dB] [ET  1574 ] [L0 2 0 ] [L1 4 8 ]
POC     6 TId: 4 (      STSA, B-SLICE, QP 28)           101336 bits [Y 38.2939 dB    U 41.1142 dB    V 42.3308 dB] [ET  2084 ] [L0 4 0 ] [L1 8 16 ]
POC     5 TId: 5 (      STSA, B-SLICE, QP 29)            60536 bits [Y 37.6954 dB    U 40.9341 dB    V 42.2289 dB] [ET  1579 ] [L0 4 0 ] [L1 6 8 ]
POC     7 TId: 5 (      STSA, B-SLICE, QP 29)            62672 bits [Y 37.8118 dB    U 40.8793 dB    V 42.1084 dB] [ET  1638 ] [L0 6 4 ] [L1 8 16 ]
POC    12 TId: 3 (      STSA, B-SLICE, QP 26, TF 0)     183792 bits [Y 38.9693 dB    U 41.5569 dB    V 42.3601 dB] [ET  2626 ] [L0 8 0 ] [L1 16 8 ]
POC    10 TId: 4 (      STSA, B-SLICE, QP 28)           113576 bits [Y 38.2989 dB    U 41.1949 dB    V 42.0253 dB] [ET  2313 ] [L0 8 0 ] [L1 12 16 ]
POC     9 TId: 5 (      STSA, B-SLICE, QP 29)            64136 bits [Y 37.8271 dB    U 40.9930 dB    V 42.1934 dB] [ET  1624 ] [L0 8 0 ] [L1 10 12 ]
POC    11 TId: 5 (      STSA, B-SLICE, QP 29)            67416 bits [Y 37.7037 dB    U 41.0006 dB    V 41.8396 dB] [ET  1664 ] [L0 10 8 ] [L1 12 16 ]
POC    14 TId: 4 (      STSA, B-SLICE, QP 28)           115792 bits [Y 38.3805 dB    U 41.2465 dB    V 42.2830 dB] [ET  1844 ] [L0 12 8 ] [L1 16 12 ]
POC    13 TId: 5 (      STSA, B-SLICE, QP 29)            66152 bits [Y 37.7568 dB    U 40.9832 dB    V 42.0160 dB] [ET  1604 ] [L0 12 8 ] [L1 14 16 ]
POC    15 TId: 5 (      STSA, B-SLICE, QP 29)            68096 bits [Y 37.8776 dB    U 41.2061 dB    V 42.4242 dB] [ET  1416 ] [L0 14 12 ] [L1 16 14 ]

	Total Frames |   Bitrate     Y-PSNR    U-PSNR    V-PSNR    YUV-PSNR   
	       17    a    4832.6541   38.6827   41.4864   42.5747   39.3814

 finished @ Fri Apr 14 03:51:38 2023
 Total Time:    30768.265 sec. [user]    30769.959 sec. [elapsed]

Level: 0
Inject Calls: 35215475050
Errors injected by bit:
	Bit 0: 3519813
	Bit 1: 3525887
	Bit 2: 3522888
	Bit 3: 3521993
	Bit 4: 3522086
	Bit 5: 3519302
	Bit 6: 3521476
	Bit 7: 3524080

Total errors injected: 28177525
