vvencFFapp: Fraunhofer VVC Encoder ver. 1.5.0 [Linux][GCC 11.3.0][64 bit][SIMD=AVX2]
 started @ Sat Apr 15 04:04:24 2023
CODING TOOL CFG: CTU128 QT44BTT21 IBD:1 SAO:1 ALF:1 (NonLinLuma:0 NonLinChr:0) CCALF:1 Tiles:1x1 Slices:1 WPP:0 WPP-Substreams:1 TMVP:1 DQ:1 SDH:0 CST:1 BDOF:1 DMVR:1 MTSImplicit:1 SBT:0 JCbCr:1 CabacInitPresent:1 AMVR:5 SMVD:3 LMCS:2 (Signal:SDR Opt:0) CIIP:0 MIP:1 AFFINE:2 (PROF:1, Type:1) MMVD:3 DisFracMMVD:1 SbTMVP:1 GPM:3 LFNST:1 MTS:0 ISP:3 TS:2 TSLog2MaxSize:4 useChromaTS:0 BDPCM:2 IBC:2 BCW:0 
ENC. ALG. CFG: QPA:0 HAD:1 RDQ:1 RDQTS:1 ASR:1 MinSearchWindow:96 RestrictMESampling:0 EDO:2 MCTF:2 
PRE-ANALYSIS CFG: STA:1 LeadFrames:0 TrailFrames:0 
FAST TOOL CFG: ECU:0 FEN:1 FDM:1 FastSearch:4 (SCC:2) LCTUFast:1 FastMrg:2 PBIntraFast:1 AMaxBT:1 FastQtBtEnc:1 ContentBasedFastQtbt:0 FastMIP:3 FastIntraTools:0 IntraEstDecBit:2 FastLocalDualTree:1 IntegerET:0 FastSubPel:1 QtbttExtraFast:3 FastTTSplit:0 IBCFastMethod:3 FIM:0 ALFSpeed:0 QuantThr: 4 
RATE CONTROL CFG: RateControl:0 LookAhead:0 
PARALLEL PROCESSING CFG: NumThreads:0 MaxParallelFrames:0 WppBitEqual:0 WF:0 

POC     0 TId: 0 (  IDR_N_LP, I-SLICE, QP 24, TF 3)     399128 bits [Y 38.6505 dB    U 40.8666 dB    V 42.1124 dB] [ET   361 ] [L0 ] [L1 ]
POC    16 TId: 1 (      STSA, B-SLICE, QP 28, TF 2)     240408 bits [Y 38.5399 dB    U 40.3746 dB    V 41.5365 dB] [ET  1822 ] [L0 0 ] [L1 0 ]
POC     8 TId: 2 (      STSA, B-SLICE, QP 29, TF 1)     179392 bits [Y 37.2341 dB    U 39.5270 dB    V 40.6831 dB] [ET  2407 ] [L0 0 16 ] [L1 16 0 ]
POC     4 TId: 3 (      STSA, B-SLICE, QP 32, TF 0)      77448 bits [Y 35.9314 dB    U 39.1679 dB    V 40.3316 dB] [ET  2255 ] [L0 0 8 ] [L1 8 16 ]
POC     2 TId: 4 (      STSA, B-SLICE, QP 34)            44424 bits [Y 35.6452 dB    U 39.2846 dB    V 40.4988 dB] [ET  1540 ] [L0 0 4 ] [L1 4 8 ]
POC     1 TId: 5 (      STSA, B-SLICE, QP 36)            23328 bits [Y 35.3604 dB    U 39.5035 dB    V 40.7666 dB] [ET   943 ] [L0 0 2 ] [L1 2 4 ]
POC     3 TId: 5 (      STSA, B-SLICE, QP 36)            21016 bits [Y 34.8908 dB    U 38.9401 dB    V 40.1430 dB] [ET  1124 ] [L0 2 0 ] [L1 4 8 ]
POC     6 TId: 4 (      STSA, B-SLICE, QP 34)            42904 bits [Y 35.4584 dB    U 38.8752 dB    V 40.0133 dB] [ET  1767 ] [L0 4 0 ] [L1 8 16 ]
POC     5 TId: 5 (      STSA, B-SLICE, QP 36)            19304 bits [Y 34.9022 dB    U 38.7935 dB    V 40.0869 dB] [ET  1196 ] [L0 4 0 ] [L1 6 8 ]
POC     7 TId: 5 (      STSA, B-SLICE, QP 36)            20776 bits [Y 35.0305 dB    U 38.7132 dB    V 39.9319 dB] [ET  1223 ] [L0 6 4 ] [L1 8 16 ]
POC    12 TId: 3 (      STSA, B-SLICE, QP 32, TF 0)      79496 bits [Y 35.7925 dB    U 39.2760 dB    V 40.0582 dB] [ET  2281 ] [L0 8 0 ] [L1 16 8 ]
POC    10 TId: 4 (      STSA, B-SLICE, QP 34)            46784 bits [Y 35.3886 dB    U 38.7992 dB    V 39.6607 dB] [ET  1913 ] [L0 8 0 ] [L1 12 16 ]
POC     9 TId: 5 (      STSA, B-SLICE, QP 36)            21096 bits [Y 34.9959 dB    U 38.7268 dB    V 39.9293 dB] [ET  1182 ] [L0 8 0 ] [L1 10 12 ]
POC    11 TId: 5 (      STSA, B-SLICE, QP 36)            20792 bits [Y 34.7194 dB    U 38.6997 dB    V 39.5853 dB] [ET  1237 ] [L0 10 8 ] [L1 12 16 ]
POC    14 TId: 4 (      STSA, B-SLICE, QP 34)            43232 bits [Y 35.3512 dB    U 38.9495 dB    V 40.0461 dB] [ET  1428 ] [L0 12 8 ] [L1 16 12 ]
POC    13 TId: 5 (      STSA, B-SLICE, QP 36)            18912 bits [Y 34.7660 dB    U 38.8219 dB    V 39.8164 dB] [ET  1111 ] [L0 12 8 ] [L1 14 16 ]
POC    15 TId: 5 (      STSA, B-SLICE, QP 36)            18952 bits [Y 34.9627 dB    U 39.1989 dB    V 40.3380 dB] [ET  1092 ] [L0 14 12 ] [L1 16 14 ]

	Total Frames |   Bitrate     Y-PSNR    U-PSNR    V-PSNR    YUV-PSNR   
	       17    a    2324.8094   35.7423   39.2069   40.3258   36.5881

 finished @ Sat Apr 15 10:59:24 2023
 Total Time:    24898.867 sec. [user]    24900.184 sec. [elapsed]

Level: 0
Inject Calls: 28518857578
Errors injected by bit:
	Bit 0: 2830
	Bit 1: 2866
	Bit 2: 2768
	Bit 3: 2891
	Bit 4: 2840
	Bit 5: 2892
	Bit 6: 2901
	Bit 7: 2931

Total errors injected: 22919
