vvencFFapp: Fraunhofer VVC Encoder ver. 1.5.0 [Linux][GCC 11.3.0][64 bit][SIMD=AVX2]
 started @ Sat Apr 15 03:04:22 2023
CODING TOOL CFG: CTU128 QT44BTT21 IBD:1 SAO:1 ALF:1 (NonLinLuma:0 NonLinChr:0) CCALF:1 Tiles:1x1 Slices:1 WPP:0 WPP-Substreams:1 TMVP:1 DQ:1 SDH:0 CST:1 BDOF:1 DMVR:1 MTSImplicit:1 SBT:0 JCbCr:1 CabacInitPresent:1 AMVR:5 SMVD:3 LMCS:2 (Signal:SDR Opt:0) CIIP:0 MIP:1 AFFINE:2 (PROF:1, Type:1) MMVD:3 DisFracMMVD:1 SbTMVP:1 GPM:3 LFNST:1 MTS:0 ISP:3 TS:2 TSLog2MaxSize:4 useChromaTS:0 BDPCM:2 IBC:2 BCW:0 
ENC. ALG. CFG: QPA:0 HAD:1 RDQ:1 RDQTS:1 ASR:1 MinSearchWindow:96 RestrictMESampling:0 EDO:2 MCTF:2 
PRE-ANALYSIS CFG: STA:1 LeadFrames:0 TrailFrames:0 
FAST TOOL CFG: ECU:0 FEN:1 FDM:1 FastSearch:4 (SCC:2) LCTUFast:1 FastMrg:2 PBIntraFast:1 AMaxBT:1 FastQtBtEnc:1 ContentBasedFastQtbt:0 FastMIP:3 FastIntraTools:0 IntraEstDecBit:2 FastLocalDualTree:1 IntegerET:0 FastSubPel:1 QtbttExtraFast:3 FastTTSplit:0 IBCFastMethod:3 FIM:0 ALFSpeed:0 QuantThr: 4 
RATE CONTROL CFG: RateControl:0 LookAhead:0 
PARALLEL PROCESSING CFG: NumThreads:0 MaxParallelFrames:0 WppBitEqual:0 WF:0 

POC     0 TId: 0 (  IDR_N_LP, I-SLICE, QP 24, TF 3)     399128 bits [Y 38.6505 dB    U 40.8666 dB    V 42.1124 dB] [ET   311 ] [L0 ] [L1 ]
POC    16 TId: 1 (      STSA, B-SLICE, QP 28, TF 2)     240832 bits [Y 38.5325 dB    U 40.3656 dB    V 41.5294 dB] [ET  1886 ] [L0 0 ] [L1 0 ]
POC     8 TId: 2 (      STSA, B-SLICE, QP 29, TF 1)     178336 bits [Y 37.2260 dB    U 39.5624 dB    V 40.7704 dB] [ET  2088 ] [L0 0 16 ] [L1 16 0 ]
POC     4 TId: 3 (      STSA, B-SLICE, QP 32, TF 0)      77848 bits [Y 35.9607 dB    U 39.1347 dB    V 40.2751 dB] [ET  2404 ] [L0 0 8 ] [L1 8 16 ]
POC     2 TId: 4 (      STSA, B-SLICE, QP 34)            43984 bits [Y 35.6280 dB    U 39.3101 dB    V 40.5550 dB] [ET  1550 ] [L0 0 4 ] [L1 4 8 ]
POC     1 TId: 5 (      STSA, B-SLICE, QP 36)            22992 bits [Y 35.3252 dB    U 39.4372 dB    V 40.6972 dB] [ET   988 ] [L0 0 2 ] [L1 2 4 ]
POC     3 TId: 5 (      STSA, B-SLICE, QP 36)            21072 bits [Y 34.9042 dB    U 38.9489 dB    V 40.1664 dB] [ET  1211 ] [L0 2 0 ] [L1 4 8 ]
POC     6 TId: 4 (      STSA, B-SLICE, QP 34)            42864 bits [Y 35.4812 dB    U 38.9053 dB    V 40.0762 dB] [ET  1745 ] [L0 4 0 ] [L1 8 16 ]
POC     5 TId: 5 (      STSA, B-SLICE, QP 36)            19656 bits [Y 34.9060 dB    U 38.7908 dB    V 40.0258 dB] [ET  1191 ] [L0 4 0 ] [L1 6 8 ]
POC     7 TId: 5 (      STSA, B-SLICE, QP 36)            20600 bits [Y 34.9860 dB    U 38.7664 dB    V 40.0210 dB] [ET  1256 ] [L0 6 4 ] [L1 8 16 ]
POC    12 TId: 3 (      STSA, B-SLICE, QP 32, TF 0)      80384 bits [Y 35.7980 dB    U 39.2451 dB    V 40.0820 dB] [ET  2237 ] [L0 8 0 ] [L1 16 8 ]
POC    10 TId: 4 (      STSA, B-SLICE, QP 34)            47408 bits [Y 35.3947 dB    U 38.7935 dB    V 39.7513 dB] [ET  1813 ] [L0 8 0 ] [L1 12 16 ]
POC     9 TId: 5 (      STSA, B-SLICE, QP 36)            21280 bits [Y 35.0045 dB    U 38.7633 dB    V 39.9266 dB] [ET  1371 ] [L0 8 0 ] [L1 10 12 ]
POC    11 TId: 5 (      STSA, B-SLICE, QP 36)            20472 bits [Y 34.7137 dB    U 38.7897 dB    V 39.6671 dB] [ET  1241 ] [L0 10 8 ] [L1 12 16 ]
POC    14 TId: 4 (      STSA, B-SLICE, QP 34)            43448 bits [Y 35.3403 dB    U 39.0172 dB    V 40.0885 dB] [ET  1445 ] [L0 12 8 ] [L1 16 12 ]
POC    13 TId: 5 (      STSA, B-SLICE, QP 36)            19536 bits [Y 34.7415 dB    U 38.8506 dB    V 39.8213 dB] [ET  1161 ] [L0 12 8 ] [L1 14 16 ]
POC    15 TId: 5 (      STSA, B-SLICE, QP 36)            19048 bits [Y 34.9531 dB    U 39.1778 dB    V 40.3964 dB] [ET   982 ] [L0 14 12 ] [L1 16 14 ]

	Total Frames |   Bitrate     Y-PSNR    U-PSNR    V-PSNR    YUV-PSNR   
	       17    a    2327.4494   35.7380   39.2191   40.3507   36.5873

 finished @ Sat Apr 15 09:59:18 2023
 Total Time:    24895.026 sec. [user]    24896.495 sec. [elapsed]

Level: 0
Inject Calls: 28416954376
Errors injected by bit:
	Bit 0: 28551
	Bit 1: 28407
	Bit 2: 28540
	Bit 3: 28547
	Bit 4: 28320
	Bit 5: 28390
	Bit 6: 28229
	Bit 7: 28506

Total errors injected: 227490
