vvencFFapp: Fraunhofer VVC Encoder ver. 1.5.0 [Linux][GCC 11.3.0][64 bit][SIMD=AVX2]
 started @ Tue Apr 11 12:27:49 2023
CODING TOOL CFG: CTU128 QT44BTT21 IBD:1 SAO:1 ALF:1 (NonLinLuma:0 NonLinChr:0) CCALF:1 Tiles:1x1 Slices:1 WPP:0 WPP-Substreams:1 TMVP:1 DQ:1 SDH:0 CST:1 BDOF:1 DMVR:1 MTSImplicit:1 SBT:0 JCbCr:1 CabacInitPresent:1 AMVR:5 SMVD:3 LMCS:2 (Signal:SDR Opt:0) CIIP:0 MIP:1 AFFINE:2 (PROF:1, Type:1) MMVD:3 DisFracMMVD:1 SbTMVP:1 GPM:3 LFNST:1 MTS:0 ISP:3 TS:2 TSLog2MaxSize:4 useChromaTS:0 BDPCM:2 IBC:2 BCW:0 
ENC. ALG. CFG: QPA:0 HAD:1 RDQ:1 RDQTS:1 ASR:1 MinSearchWindow:96 RestrictMESampling:0 EDO:2 MCTF:2 
PRE-ANALYSIS CFG: STA:1 LeadFrames:0 TrailFrames:0 
FAST TOOL CFG: ECU:0 FEN:1 FDM:1 FastSearch:4 (SCC:2) LCTUFast:1 FastMrg:2 PBIntraFast:1 AMaxBT:1 FastQtBtEnc:1 ContentBasedFastQtbt:0 FastMIP:3 FastIntraTools:0 IntraEstDecBit:2 FastLocalDualTree:1 IntegerET:0 FastSubPel:1 QtbttExtraFast:3 FastTTSplit:0 IBCFastMethod:3 FIM:0 ALFSpeed:0 QuantThr: 4 
RATE CONTROL CFG: RateControl:0 LookAhead:0 
PARALLEL PROCESSING CFG: NumThreads:0 MaxParallelFrames:0 WppBitEqual:0 WF:0 

POC     0 TId: 0 (  IDR_N_LP, I-SLICE, QP 34, TF 2)     142152 bits [Y 34.7290 dB    U 39.0714 dB    V 39.9878 dB] [ET   543 ] [L0 ] [L1 ]
POC    16 TId: 1 (      STSA, B-SLICE, QP 40, TF 1)      22400 bits [Y 32.3024 dB    U 38.2533 dB    V 38.8547 dB] [ET   637 ] [L0 0 ] [L1 0 ]
POC     8 TId: 2 (      STSA, B-SLICE, QP 40, TF 0)      10928 bits [Y 32.8949 dB    U 38.4821 dB    V 39.3340 dB] [ET   742 ] [L0 0 16 ] [L1 16 0 ]
POC     4 TId: 3 (      STSA, B-SLICE, QP 43)             4320 bits [Y 32.8730 dB    U 38.6986 dB    V 39.4595 dB] [ET   661 ] [L0 0 8 ] [L1 8 16 ]
POC     2 TId: 4 (      STSA, B-SLICE, QP 45)             1816 bits [Y 33.0870 dB    U 38.8183 dB    V 39.6777 dB] [ET   270 ] [L0 0 4 ] [L1 4 8 ]
POC     1 TId: 5 (      STSA, B-SLICE, QP 46)              584 bits [Y 33.4879 dB    U 38.9059 dB    V 39.8883 dB] [ET   205 ] [L0 0 2 ] [L1 2 4 ]
POC     3 TId: 5 (      STSA, B-SLICE, QP 46)              648 bits [Y 32.7752 dB    U 38.7891 dB    V 39.5991 dB] [ET   244 ] [L0 2 0 ] [L1 4 8 ]
POC     6 TId: 4 (      STSA, B-SLICE, QP 45)             2176 bits [Y 32.5159 dB    U 38.6553 dB    V 39.4170 dB] [ET   403 ] [L0 4 0 ] [L1 8 16 ]
POC     5 TId: 5 (      STSA, B-SLICE, QP 46)              800 bits [Y 32.4571 dB    U 38.6584 dB    V 39.4753 dB] [ET   260 ] [L0 4 0 ] [L1 6 8 ]
POC     7 TId: 5 (      STSA, B-SLICE, QP 46)              768 bits [Y 32.4880 dB    U 38.5853 dB    V 39.4049 dB] [ET   284 ] [L0 6 4 ] [L1 8 16 ]
POC    12 TId: 3 (      STSA, B-SLICE, QP 43)             5144 bits [Y 32.0461 dB    U 38.4084 dB    V 39.0939 dB] [ET   618 ] [L0 8 0 ] [L1 16 8 ]
POC    10 TId: 4 (      STSA, B-SLICE, QP 45)             1848 bits [Y 32.0244 dB    U 38.4136 dB    V 39.1020 dB] [ET   433 ] [L0 8 0 ] [L1 12 16 ]
POC     9 TId: 5 (      STSA, B-SLICE, QP 46)              920 bits [Y 32.3315 dB    U 38.5054 dB    V 39.2917 dB] [ET   291 ] [L0 8 0 ] [L1 10 12 ]
POC    11 TId: 5 (      STSA, B-SLICE, QP 46)              856 bits [Y 31.8391 dB    U 38.3804 dB    V 39.1053 dB] [ET   311 ] [L0 10 8 ] [L1 12 16 ]
POC    14 TId: 4 (      STSA, B-SLICE, QP 45)             2224 bits [Y 31.6810 dB    U 38.2055 dB    V 38.9361 dB] [ET   284 ] [L0 12 8 ] [L1 16 12 ]
POC    13 TId: 5 (      STSA, B-SLICE, QP 46)             1144 bits [Y 31.7148 dB    U 38.3655 dB    V 39.0545 dB] [ET   279 ] [L0 12 8 ] [L1 14 16 ]
POC    15 TId: 5 (      STSA, B-SLICE, QP 46)             1016 bits [Y 31.8379 dB    U 38.3516 dB    V 38.9724 dB] [ET   223 ] [L0 14 12 ] [L1 16 14 ]

	Total Frames |   Bitrate     Y-PSNR    U-PSNR    V-PSNR    YUV-PSNR   
	       17    a     704.9788   32.5344   38.5616   39.3326   33.7707

 finished @ Tue Apr 11 14:19:34 2023
 Total Time:     6697.638 sec. [user]     6705.588 sec. [elapsed]

Level: 0
Inject Calls: 7019434017
Errors injected by bit:
	Bit 0: 7021544
	Bit 1: 7012533
	Bit 2: 7012087
	Bit 3: 7018583
	Bit 4: 7021769
	Bit 5: 7013976
	Bit 6: 7014260
	Bit 7: 7017614

Total errors injected: 56132366
