vvencFFapp: Fraunhofer VVC Encoder ver. 1.5.0 [Linux][GCC 11.3.0][64 bit][SIMD=AVX2]
 started @ Tue Apr 11 07:47:42 2023
CODING TOOL CFG: CTU128 QT44BTT21 IBD:1 SAO:1 ALF:1 (NonLinLuma:0 NonLinChr:0) CCALF:1 Tiles:1x1 Slices:1 WPP:0 WPP-Substreams:1 TMVP:1 DQ:1 SDH:0 CST:1 BDOF:1 DMVR:1 MTSImplicit:1 SBT:0 JCbCr:1 CabacInitPresent:1 AMVR:5 SMVD:3 LMCS:2 (Signal:SDR Opt:0) CIIP:0 MIP:1 AFFINE:2 (PROF:1, Type:1) MMVD:3 DisFracMMVD:1 SbTMVP:1 GPM:3 LFNST:1 MTS:0 ISP:3 TS:2 TSLog2MaxSize:4 useChromaTS:0 BDPCM:2 IBC:2 BCW:0 
ENC. ALG. CFG: QPA:0 HAD:1 RDQ:1 RDQTS:1 ASR:1 MinSearchWindow:96 RestrictMESampling:0 EDO:2 MCTF:2 
PRE-ANALYSIS CFG: STA:1 LeadFrames:0 TrailFrames:0 
FAST TOOL CFG: ECU:0 FEN:1 FDM:1 FastSearch:4 (SCC:2) LCTUFast:1 FastMrg:2 PBIntraFast:1 AMaxBT:1 FastQtBtEnc:1 ContentBasedFastQtbt:0 FastMIP:3 FastIntraTools:0 IntraEstDecBit:2 FastLocalDualTree:1 IntegerET:0 FastSubPel:1 QtbttExtraFast:3 FastTTSplit:0 IBCFastMethod:3 FIM:0 ALFSpeed:0 QuantThr: 4 
RATE CONTROL CFG: RateControl:0 LookAhead:0 
PARALLEL PROCESSING CFG: NumThreads:0 MaxParallelFrames:0 WppBitEqual:0 WF:0 

POC     0 TId: 0 (  IDR_N_LP, I-SLICE, QP 29, TF 2)     239000 bits [Y 37.7621 dB    U 41.1947 dB    V 42.2796 dB] [ET   283 ] [L0 ] [L1 ]
POC    16 TId: 1 (      STSA, B-SLICE, QP 34, TF 1)      48840 bits [Y 35.5783 dB    U 39.9470 dB    V 40.6061 dB] [ET   861 ] [L0 0 ] [L1 0 ]
POC     8 TId: 2 (      STSA, B-SLICE, QP 35, TF 0)      20288 bits [Y 35.7348 dB    U 40.2740 dB    V 41.1373 dB] [ET  1093 ] [L0 0 16 ] [L1 16 0 ]
POC     4 TId: 3 (      STSA, B-SLICE, QP 38)             8064 bits [Y 35.5989 dB    U 40.6461 dB    V 41.4490 dB] [ET   714 ] [L0 0 8 ] [L1 8 16 ]
POC     2 TId: 4 (      STSA, B-SLICE, QP 40)             3544 bits [Y 35.8006 dB    U 40.8843 dB    V 41.8571 dB] [ET   351 ] [L0 0 4 ] [L1 4 8 ]
POC     1 TId: 5 (      STSA, B-SLICE, QP 41)             1384 bits [Y 36.3231 dB    U 41.0081 dB    V 42.1190 dB] [ET   217 ] [L0 0 2 ] [L1 2 4 ]
POC     3 TId: 5 (      STSA, B-SLICE, QP 41)             1424 bits [Y 35.3343 dB    U 40.8218 dB    V 41.6642 dB] [ET   282 ] [L0 2 0 ] [L1 4 8 ]
POC     6 TId: 4 (      STSA, B-SLICE, QP 40)             3752 bits [Y 35.1453 dB    U 40.5215 dB    V 41.3399 dB] [ET   440 ] [L0 4 0 ] [L1 8 16 ]
POC     5 TId: 5 (      STSA, B-SLICE, QP 41)             1592 bits [Y 35.0743 dB    U 40.5317 dB    V 41.3708 dB] [ET   300 ] [L0 4 0 ] [L1 6 8 ]
POC     7 TId: 5 (      STSA, B-SLICE, QP 41)             1328 bits [Y 35.1770 dB    U 40.3968 dB    V 41.2743 dB] [ET   366 ] [L0 6 4 ] [L1 8 16 ]
POC    12 TId: 3 (      STSA, B-SLICE, QP 38)            10480 bits [Y 34.9807 dB    U 40.1199 dB    V 40.8220 dB] [ET   880 ] [L0 8 0 ] [L1 16 8 ]
POC    10 TId: 4 (      STSA, B-SLICE, QP 40)             3904 bits [Y 34.8038 dB    U 40.1727 dB    V 40.9534 dB] [ET   490 ] [L0 8 0 ] [L1 12 16 ]
POC     9 TId: 5 (      STSA, B-SLICE, QP 41)             1600 bits [Y 34.9193 dB    U 40.3015 dB    V 41.0904 dB] [ET   356 ] [L0 8 0 ] [L1 10 12 ]
POC    11 TId: 5 (      STSA, B-SLICE, QP 41)             1624 bits [Y 34.5926 dB    U 40.1292 dB    V 40.8617 dB] [ET   313 ] [L0 10 8 ] [L1 12 16 ]
POC    14 TId: 4 (      STSA, B-SLICE, QP 40)             4448 bits [Y 34.5641 dB    U 39.9676 dB    V 40.6800 dB] [ET   390 ] [L0 12 8 ] [L1 16 12 ]
POC    13 TId: 5 (      STSA, B-SLICE, QP 41)             2272 bits [Y 34.5143 dB    U 40.0152 dB    V 40.7447 dB] [ET   307 ] [L0 12 8 ] [L1 14 16 ]
POC    15 TId: 5 (      STSA, B-SLICE, QP 41)             1920 bits [Y 34.6536 dB    U 39.9703 dB    V 40.5727 dB] [ET   225 ] [L0 14 12 ] [L1 16 14 ]

	Total Frames |   Bitrate     Y-PSNR    U-PSNR    V-PSNR    YUV-PSNR   
	       17    a    1254.5788   35.3269   40.4060   41.2248   36.4530

 finished @ Tue Apr 11 09:59:04 2023
 Total Time:     7867.925 sec. [user]     7881.778 sec. [elapsed]

Level: 0
Inject Calls: 8580402987
Errors injected by bit:
	Bit 0: 857803
	Bit 1: 856964
	Bit 2: 856911
	Bit 3: 857688
	Bit 4: 856843
	Bit 5: 858179
	Bit 6: 857708
	Bit 7: 856992

Total errors injected: 6859088
