vvencFFapp: Fraunhofer VVC Encoder ver. 1.5.0 [Linux][GCC 11.3.0][64 bit][SIMD=AVX2]
 started @ Sun Apr 16 03:59:49 2023
CODING TOOL CFG: CTU128 QT44BTT21 IBD:1 SAO:1 ALF:1 (NonLinLuma:0 NonLinChr:0) CCALF:1 Tiles:1x1 Slices:1 WPP:0 WPP-Substreams:1 TMVP:1 DQ:1 SDH:0 CST:1 BDOF:1 DMVR:1 MTSImplicit:1 SBT:0 JCbCr:1 CabacInitPresent:1 AMVR:5 SMVD:3 LMCS:2 (Signal:SDR Opt:0) CIIP:0 MIP:1 AFFINE:2 (PROF:1, Type:1) MMVD:3 DisFracMMVD:1 SbTMVP:1 GPM:3 LFNST:1 MTS:0 ISP:3 TS:2 TSLog2MaxSize:4 useChromaTS:0 BDPCM:2 IBC:2 BCW:0 
ENC. ALG. CFG: QPA:0 HAD:1 RDQ:1 RDQTS:1 ASR:1 MinSearchWindow:96 RestrictMESampling:0 EDO:2 MCTF:2 
PRE-ANALYSIS CFG: STA:1 LeadFrames:0 TrailFrames:0 
FAST TOOL CFG: ECU:0 FEN:1 FDM:1 FastSearch:4 (SCC:2) LCTUFast:1 FastMrg:2 PBIntraFast:1 AMaxBT:1 FastQtBtEnc:1 ContentBasedFastQtbt:0 FastMIP:3 FastIntraTools:0 IntraEstDecBit:2 FastLocalDualTree:1 IntegerET:0 FastSubPel:1 QtbttExtraFast:3 FastTTSplit:0 IBCFastMethod:3 FIM:0 ALFSpeed:0 QuantThr: 4 
RATE CONTROL CFG: RateControl:0 LookAhead:0 
PARALLEL PROCESSING CFG: NumThreads:0 MaxParallelFrames:0 WppBitEqual:0 WF:0 

POC     0 TId: 0 (  IDR_N_LP, I-SLICE, QP 34, TF 2)     137312 bits [Y 33.0393 dB    U 36.5932 dB    V 37.9362 dB] [ET   293 ] [L0 ] [L1 ]
POC    16 TId: 1 (      STSA, B-SLICE, QP 40, TF 1)      48784 bits [Y 30.8559 dB    U 36.0016 dB    V 36.7692 dB] [ET  1519 ] [L0 0 ] [L1 0 ]
POC     8 TId: 2 (      STSA, B-SLICE, QP 40, TF 0)      40680 bits [Y 30.7601 dB    U 35.7744 dB    V 36.9106 dB] [ET  1856 ] [L0 0 16 ] [L1 16 0 ]
POC     4 TId: 3 (      STSA, B-SLICE, QP 43)            17008 bits [Y 30.2128 dB    U 35.5773 dB    V 36.7998 dB] [ET  1559 ] [L0 0 8 ] [L1 8 16 ]
POC     2 TId: 4 (      STSA, B-SLICE, QP 45)             9840 bits [Y 30.1151 dB    U 35.7622 dB    V 37.1120 dB] [ET  1004 ] [L0 0 4 ] [L1 4 8 ]
POC     1 TId: 5 (      STSA, B-SLICE, QP 46)             4896 bits [Y 30.3867 dB    U 35.8810 dB    V 37.3065 dB] [ET   576 ] [L0 0 2 ] [L1 2 4 ]
POC     3 TId: 5 (      STSA, B-SLICE, QP 46)             4464 bits [Y 29.7429 dB    U 35.5240 dB    V 36.6971 dB] [ET   758 ] [L0 2 0 ] [L1 4 8 ]
POC     6 TId: 4 (      STSA, B-SLICE, QP 45)             8608 bits [Y 29.6723 dB    U 35.4034 dB    V 36.5308 dB] [ET  1195 ] [L0 4 0 ] [L1 8 16 ]
POC     5 TId: 5 (      STSA, B-SLICE, QP 46)             4016 bits [Y 29.6268 dB    U 35.4591 dB    V 36.6995 dB] [ET   790 ] [L0 4 0 ] [L1 6 8 ]
POC     7 TId: 5 (      STSA, B-SLICE, QP 46)             3728 bits [Y 29.6037 dB    U 35.3441 dB    V 36.5636 dB] [ET   655 ] [L0 6 4 ] [L1 8 16 ]
POC    12 TId: 3 (      STSA, B-SLICE, QP 43)            18528 bits [Y 29.8417 dB    U 35.6285 dB    V 36.2946 dB] [ET  1846 ] [L0 8 0 ] [L1 16 8 ]
POC    10 TId: 4 (      STSA, B-SLICE, QP 45)             9568 bits [Y 29.3339 dB    U 35.4460 dB    V 36.2337 dB] [ET  1321 ] [L0 8 0 ] [L1 12 16 ]
POC     9 TId: 5 (      STSA, B-SLICE, QP 46)             3704 bits [Y 29.4312 dB    U 35.5266 dB    V 36.4651 dB] [ET   698 ] [L0 8 0 ] [L1 10 12 ]
POC    11 TId: 5 (      STSA, B-SLICE, QP 46)             4096 bits [Y 29.2398 dB    U 35.3548 dB    V 36.1220 dB] [ET   728 ] [L0 10 8 ] [L1 12 16 ]
POC    14 TId: 4 (      STSA, B-SLICE, QP 45)             8344 bits [Y 29.4670 dB    U 35.5590 dB    V 36.0387 dB] [ET  1069 ] [L0 12 8 ] [L1 16 12 ]
POC    13 TId: 5 (      STSA, B-SLICE, QP 46)             4160 bits [Y 29.4203 dB    U 35.5058 dB    V 36.0883 dB] [ET   684 ] [L0 12 8 ] [L1 14 16 ]
POC    15 TId: 5 (      STSA, B-SLICE, QP 46)             3544 bits [Y 29.6719 dB    U 35.6948 dB    V 36.2041 dB] [ET   644 ] [L0 14 12 ] [L1 16 14 ]

	Total Frames |   Bitrate     Y-PSNR    U-PSNR    V-PSNR    YUV-PSNR   
	       17    a     584.6118   30.0248   35.6492   36.6336   31.2106

 finished @ Sun Apr 16 08:46:39 2023
 Total Time:    17209.812 sec. [user]    17210.653 sec. [elapsed]

Level: 0
Inject Calls: 19971271790
Errors injected by bit:
	Bit 0: 199968
	Bit 1: 199907
	Bit 2: 200427
	Bit 3: 200163
	Bit 4: 199022
	Bit 5: 200288
	Bit 6: 200164
	Bit 7: 199475

Total errors injected: 1599414
