vvencFFapp: Fraunhofer VVC Encoder ver. 1.5.0 [Linux][GCC 11.3.0][64 bit][SIMD=AVX2]
 started @ Mon Apr 24 18:50:46 2023
CODING TOOL CFG: CTU128 QT44BTT21 IBD:1 SAO:1 ALF:1 (NonLinLuma:0 NonLinChr:0) CCALF:1 Tiles:1x1 Slices:1 WPP:0 WPP-Substreams:1 TMVP:1 DQ:1 SDH:0 CST:1 BDOF:1 DMVR:1 MTSImplicit:1 SBT:0 JCbCr:1 CabacInitPresent:1 AMVR:5 SMVD:3 LMCS:2 (Signal:SDR Opt:0) CIIP:0 MIP:1 AFFINE:2 (PROF:1, Type:1) MMVD:3 DisFracMMVD:1 SbTMVP:1 GPM:3 LFNST:1 MTS:0 ISP:3 TS:2 TSLog2MaxSize:4 useChromaTS:0 BDPCM:2 IBC:2 BCW:0 
ENC. ALG. CFG: QPA:0 HAD:1 RDQ:1 RDQTS:1 ASR:1 MinSearchWindow:96 RestrictMESampling:0 EDO:2 MCTF:2 
PRE-ANALYSIS CFG: STA:1 LeadFrames:0 TrailFrames:0 
FAST TOOL CFG: ECU:0 FEN:1 FDM:1 FastSearch:4 (SCC:2) LCTUFast:1 FastMrg:2 PBIntraFast:1 AMaxBT:1 FastQtBtEnc:1 ContentBasedFastQtbt:0 FastMIP:3 FastIntraTools:0 IntraEstDecBit:2 FastLocalDualTree:1 IntegerET:0 FastSubPel:1 QtbttExtraFast:3 FastTTSplit:0 IBCFastMethod:3 FIM:0 ALFSpeed:0 QuantThr: 4 
RATE CONTROL CFG: RateControl:0 LookAhead:0 
PARALLEL PROCESSING CFG: NumThreads:0 MaxParallelFrames:0 WppBitEqual:0 WF:0 

POC     0 TId: 0 (  IDR_N_LP, I-SLICE, QP 29, TF 2)     160808 bits [Y 38.4367 dB    U 41.6230 dB    V 42.6136 dB] [ET   291 ] [L0 ] [L1 ]
POC    16 TId: 1 (      STSA, B-SLICE, QP 34, TF 1)      30896 bits [Y 36.5000 dB    U 39.9524 dB    V 40.0975 dB] [ET   883 ] [L0 0 ] [L1 0 ]
POC     8 TId: 2 (      STSA, B-SLICE, QP 35, TF 0)      19040 bits [Y 36.5166 dB    U 40.0213 dB    V 40.9422 dB] [ET  1092 ] [L0 0 16 ] [L1 16 0 ]
POC     4 TId: 3 (      STSA, B-SLICE, QP 38)            11968 bits [Y 36.1951 dB    U 40.1892 dB    V 41.0145 dB] [ET  1154 ] [L0 0 8 ] [L1 8 16 ]
POC     2 TId: 4 (      STSA, B-SLICE, QP 40)             4952 bits [Y 36.2818 dB    U 40.8061 dB    V 41.3864 dB] [ET   562 ] [L0 0 4 ] [L1 4 8 ]
POC     1 TId: 5 (      STSA, B-SLICE, QP 41)              232 bits [Y 38.4367 dB    U 41.6230 dB    V 42.6136 dB] [ET   290 ] [L0 0 2 ] [L1 2 4 ]
POC     3 TId: 5 (      STSA, B-SLICE, QP 41)             3088 bits [Y 35.7394 dB    U 40.3014 dB    V 40.7776 dB] [ET   524 ] [L0 2 0 ] [L1 4 8 ]
POC     6 TId: 4 (      STSA, B-SLICE, QP 40)             6312 bits [Y 35.5295 dB    U 40.0657 dB    V 40.6245 dB] [ET   833 ] [L0 4 0 ] [L1 8 16 ]
POC     5 TId: 5 (      STSA, B-SLICE, QP 41)             3568 bits [Y 35.2840 dB    U 39.9923 dB    V 40.7254 dB] [ET   542 ] [L0 4 0 ] [L1 6 8 ]
POC     7 TId: 5 (      STSA, B-SLICE, QP 41)             3280 bits [Y 35.2601 dB    U 39.9415 dB    V 40.6611 dB] [ET   552 ] [L0 6 4 ] [L1 8 16 ]
POC    12 TId: 3 (      STSA, B-SLICE, QP 38)            13376 bits [Y 35.6475 dB    U 39.9013 dB    V 40.3078 dB] [ET  1138 ] [L0 8 0 ] [L1 16 8 ]
POC    10 TId: 4 (      STSA, B-SLICE, QP 40)             7184 bits [Y 35.3372 dB    U 39.7549 dB    V 40.2820 dB] [ET   981 ] [L0 8 0 ] [L1 12 16 ]
POC     9 TId: 5 (      STSA, B-SLICE, QP 41)             3368 bits [Y 35.6281 dB    U 39.8051 dB    V 40.5002 dB] [ET   693 ] [L0 8 0 ] [L1 10 12 ]
POC    11 TId: 5 (      STSA, B-SLICE, QP 41)             3784 bits [Y 35.2543 dB    U 39.7658 dB    V 40.0879 dB] [ET   545 ] [L0 10 8 ] [L1 12 16 ]
POC    14 TId: 4 (      STSA, B-SLICE, QP 40)             7272 bits [Y 35.2340 dB    U 39.7614 dB    V 39.8754 dB] [ET   668 ] [L0 12 8 ] [L1 16 12 ]
POC    13 TId: 5 (      STSA, B-SLICE, QP 41)             3552 bits [Y 35.0809 dB    U 39.7941 dB    V 39.9111 dB] [ET   554 ] [L0 12 8 ] [L1 14 16 ]
POC    15 TId: 5 (      STSA, B-SLICE, QP 41)             2928 bits [Y 35.2211 dB    U 39.7405 dB    V 39.7407 dB] [ET   441 ] [L0 14 12 ] [L1 16 14 ]

	Total Frames |   Bitrate     Y-PSNR    U-PSNR    V-PSNR    YUV-PSNR   
	       17    a     840.0235   35.9755   40.1788   40.7154   36.9263

 finished @ Mon Apr 24 22:06:43 2023
 Total Time:    11751.960 sec. [user]    11756.929 sec. [elapsed]

Level: 0
Inject Calls: 13036817526
Errors injected by bit:
	Bit 0: 1304377
	Bit 1: 1303212
	Bit 2: 1302879
	Bit 3: 1303090
	Bit 4: 1302241
	Bit 5: 1303445
	Bit 6: 1303512
	Bit 7: 1303483

Total errors injected: 10426239
