vvencFFapp: Fraunhofer VVC Encoder ver. 1.5.0 [Linux][GCC 11.3.0][64 bit][SIMD=AVX2]
 started @ Sun Apr 16 08:34:52 2023
CODING TOOL CFG: CTU128 QT44BTT21 IBD:1 SAO:1 ALF:1 (NonLinLuma:0 NonLinChr:0) CCALF:1 Tiles:1x1 Slices:1 WPP:0 WPP-Substreams:1 TMVP:1 DQ:1 SDH:0 CST:1 BDOF:1 DMVR:1 MTSImplicit:1 SBT:0 JCbCr:1 CabacInitPresent:1 AMVR:5 SMVD:3 LMCS:2 (Signal:SDR Opt:0) CIIP:0 MIP:1 AFFINE:2 (PROF:1, Type:1) MMVD:3 DisFracMMVD:1 SbTMVP:1 GPM:3 LFNST:1 MTS:0 ISP:3 TS:2 TSLog2MaxSize:4 useChromaTS:0 BDPCM:2 IBC:2 BCW:0 
ENC. ALG. CFG: QPA:0 HAD:1 RDQ:1 RDQTS:1 ASR:1 MinSearchWindow:96 RestrictMESampling:0 EDO:2 MCTF:2 
PRE-ANALYSIS CFG: STA:1 LeadFrames:0 TrailFrames:0 
FAST TOOL CFG: ECU:0 FEN:1 FDM:1 FastSearch:4 (SCC:2) LCTUFast:1 FastMrg:2 PBIntraFast:1 AMaxBT:1 FastQtBtEnc:1 ContentBasedFastQtbt:0 FastMIP:3 FastIntraTools:0 IntraEstDecBit:2 FastLocalDualTree:1 IntegerET:0 FastSubPel:1 QtbttExtraFast:3 FastTTSplit:0 IBCFastMethod:3 FIM:0 ALFSpeed:0 QuantThr: 4 
RATE CONTROL CFG: RateControl:0 LookAhead:0 
PARALLEL PROCESSING CFG: NumThreads:0 MaxParallelFrames:0 WppBitEqual:0 WF:0 

POC     0 TId: 0 (  IDR_N_LP, I-SLICE, QP 34, TF 2)     137312 bits [Y 33.0393 dB    U 36.5932 dB    V 37.9362 dB] [ET   288 ] [L0 ] [L1 ]
POC    16 TId: 1 (      STSA, B-SLICE, QP 40, TF 1)      49376 bits [Y 30.8191 dB    U 36.0352 dB    V 36.8140 dB] [ET  1659 ] [L0 0 ] [L1 0 ]
POC     8 TId: 2 (      STSA, B-SLICE, QP 40, TF 0)      40408 bits [Y 30.7525 dB    U 35.8733 dB    V 36.8746 dB] [ET  1897 ] [L0 0 16 ] [L1 16 0 ]
POC     4 TId: 3 (      STSA, B-SLICE, QP 43)            16912 bits [Y 30.2020 dB    U 35.6987 dB    V 36.8097 dB] [ET  1678 ] [L0 0 8 ] [L1 8 16 ]
POC     2 TId: 4 (      STSA, B-SLICE, QP 45)             9544 bits [Y 30.0608 dB    U 35.7029 dB    V 37.0266 dB] [ET   960 ] [L0 0 4 ] [L1 4 8 ]
POC     1 TId: 5 (      STSA, B-SLICE, QP 46)             4808 bits [Y 30.3728 dB    U 35.8412 dB    V 37.3389 dB] [ET   582 ] [L0 0 2 ] [L1 2 4 ]
POC     3 TId: 5 (      STSA, B-SLICE, QP 46)             4320 bits [Y 29.7182 dB    U 35.5463 dB    V 36.7050 dB] [ET   790 ] [L0 2 0 ] [L1 4 8 ]
POC     6 TId: 4 (      STSA, B-SLICE, QP 45)             8728 bits [Y 29.6814 dB    U 35.4281 dB    V 36.6900 dB] [ET  1317 ] [L0 4 0 ] [L1 8 16 ]
POC     5 TId: 5 (      STSA, B-SLICE, QP 46)             4048 bits [Y 29.5946 dB    U 35.4869 dB    V 36.6654 dB] [ET   767 ] [L0 4 0 ] [L1 6 8 ]
POC     7 TId: 5 (      STSA, B-SLICE, QP 46)             3808 bits [Y 29.6149 dB    U 35.4552 dB    V 36.6368 dB] [ET   680 ] [L0 6 4 ] [L1 8 16 ]
POC    12 TId: 3 (      STSA, B-SLICE, QP 43)            18144 bits [Y 29.8206 dB    U 35.7148 dB    V 36.3833 dB] [ET  1732 ] [L0 8 0 ] [L1 16 8 ]
POC    10 TId: 4 (      STSA, B-SLICE, QP 45)             9472 bits [Y 29.3788 dB    U 35.5330 dB    V 36.2565 dB] [ET  1307 ] [L0 8 0 ] [L1 12 16 ]
POC     9 TId: 5 (      STSA, B-SLICE, QP 46)             3920 bits [Y 29.4079 dB    U 35.6331 dB    V 36.4892 dB] [ET   687 ] [L0 8 0 ] [L1 10 12 ]
POC    11 TId: 5 (      STSA, B-SLICE, QP 46)             4208 bits [Y 29.2637 dB    U 35.4753 dB    V 36.2330 dB] [ET   710 ] [L0 10 8 ] [L1 12 16 ]
POC    14 TId: 4 (      STSA, B-SLICE, QP 45)             8144 bits [Y 29.4264 dB    U 35.5653 dB    V 36.1307 dB] [ET  1020 ] [L0 12 8 ] [L1 16 12 ]
POC    13 TId: 5 (      STSA, B-SLICE, QP 46)             3928 bits [Y 29.3486 dB    U 35.5471 dB    V 36.1701 dB] [ET   632 ] [L0 12 8 ] [L1 14 16 ]
POC    15 TId: 5 (      STSA, B-SLICE, QP 46)             3528 bits [Y 29.6067 dB    U 35.6619 dB    V 36.2688 dB] [ET   504 ] [L0 14 12 ] [L1 16 14 ]

	Total Frames |   Bitrate     Y-PSNR    U-PSNR    V-PSNR    YUV-PSNR   
	       17    a     583.4259   30.0064   35.6936   36.6723   31.1987

 finished @ Sun Apr 16 13:21:54 2023
 Total Time:    17221.415 sec. [user]    17222.134 sec. [elapsed]

Level: 0
Inject Calls: 19816044595
Errors injected by bit:
	Bit 0: 19785
	Bit 1: 19760
	Bit 2: 19788
	Bit 3: 19856
	Bit 4: 19897
	Bit 5: 19978
	Bit 6: 20026
	Bit 7: 19866

Total errors injected: 158956
