vvencFFapp: Fraunhofer VVC Encoder ver. 1.5.0 [Linux][GCC 11.3.0][64 bit][SIMD=AVX2]
 started @ Sun Apr 16 03:39:48 2023
CODING TOOL CFG: CTU128 QT44BTT21 IBD:1 SAO:1 ALF:1 (NonLinLuma:0 NonLinChr:0) CCALF:1 Tiles:1x1 Slices:1 WPP:0 WPP-Substreams:1 TMVP:1 DQ:1 SDH:0 CST:1 BDOF:1 DMVR:1 MTSImplicit:1 SBT:0 JCbCr:1 CabacInitPresent:1 AMVR:5 SMVD:3 LMCS:2 (Signal:SDR Opt:0) CIIP:0 MIP:1 AFFINE:2 (PROF:1, Type:1) MMVD:3 DisFracMMVD:1 SbTMVP:1 GPM:3 LFNST:1 MTS:0 ISP:3 TS:2 TSLog2MaxSize:4 useChromaTS:0 BDPCM:2 IBC:2 BCW:0 
ENC. ALG. CFG: QPA:0 HAD:1 RDQ:1 RDQTS:1 ASR:1 MinSearchWindow:96 RestrictMESampling:0 EDO:2 MCTF:2 
PRE-ANALYSIS CFG: STA:1 LeadFrames:0 TrailFrames:0 
FAST TOOL CFG: ECU:0 FEN:1 FDM:1 FastSearch:4 (SCC:2) LCTUFast:1 FastMrg:2 PBIntraFast:1 AMaxBT:1 FastQtBtEnc:1 ContentBasedFastQtbt:0 FastMIP:3 FastIntraTools:0 IntraEstDecBit:2 FastLocalDualTree:1 IntegerET:0 FastSubPel:1 QtbttExtraFast:3 FastTTSplit:0 IBCFastMethod:3 FIM:0 ALFSpeed:0 QuantThr: 4 
RATE CONTROL CFG: RateControl:0 LookAhead:0 
PARALLEL PROCESSING CFG: NumThreads:0 MaxParallelFrames:0 WppBitEqual:0 WF:0 

POC     0 TId: 0 (  IDR_N_LP, I-SLICE, QP 34, TF 2)     137312 bits [Y 33.0393 dB    U 36.5932 dB    V 37.9362 dB] [ET   208 ] [L0 ] [L1 ]
POC    16 TId: 1 (      STSA, B-SLICE, QP 40, TF 1)      49760 bits [Y 30.8703 dB    U 36.0052 dB    V 36.8627 dB] [ET  1618 ] [L0 0 ] [L1 0 ]
POC     8 TId: 2 (      STSA, B-SLICE, QP 40, TF 0)      40376 bits [Y 30.7219 dB    U 35.8775 dB    V 36.8947 dB] [ET  2186 ] [L0 0 16 ] [L1 16 0 ]
POC     4 TId: 3 (      STSA, B-SLICE, QP 43)            17224 bits [Y 30.2128 dB    U 35.7065 dB    V 36.7761 dB] [ET  1607 ] [L0 0 8 ] [L1 8 16 ]
POC     2 TId: 4 (      STSA, B-SLICE, QP 45)             9600 bits [Y 30.0813 dB    U 35.6675 dB    V 37.0808 dB] [ET   924 ] [L0 0 4 ] [L1 4 8 ]
POC     1 TId: 5 (      STSA, B-SLICE, QP 46)             4888 bits [Y 30.3554 dB    U 35.8543 dB    V 37.3034 dB] [ET   579 ] [L0 0 2 ] [L1 2 4 ]
POC     3 TId: 5 (      STSA, B-SLICE, QP 46)             4248 bits [Y 29.7293 dB    U 35.4916 dB    V 36.7622 dB] [ET   792 ] [L0 2 0 ] [L1 4 8 ]
POC     6 TId: 4 (      STSA, B-SLICE, QP 45)             8560 bits [Y 29.6620 dB    U 35.4995 dB    V 36.6304 dB] [ET  1299 ] [L0 4 0 ] [L1 8 16 ]
POC     5 TId: 5 (      STSA, B-SLICE, QP 46)             3888 bits [Y 29.5782 dB    U 35.5594 dB    V 36.7221 dB] [ET   735 ] [L0 4 0 ] [L1 6 8 ]
POC     7 TId: 5 (      STSA, B-SLICE, QP 46)             3568 bits [Y 29.5883 dB    U 35.4261 dB    V 36.5677 dB] [ET   693 ] [L0 6 4 ] [L1 8 16 ]
POC    12 TId: 3 (      STSA, B-SLICE, QP 43)            18448 bits [Y 29.8983 dB    U 35.7383 dB    V 36.3202 dB] [ET  1713 ] [L0 8 0 ] [L1 16 8 ]
POC    10 TId: 4 (      STSA, B-SLICE, QP 45)             9376 bits [Y 29.3978 dB    U 35.5376 dB    V 36.2647 dB] [ET  1279 ] [L0 8 0 ] [L1 12 16 ]
POC     9 TId: 5 (      STSA, B-SLICE, QP 46)             3808 bits [Y 29.4795 dB    U 35.5922 dB    V 36.4786 dB] [ET   733 ] [L0 8 0 ] [L1 10 12 ]
POC    11 TId: 5 (      STSA, B-SLICE, QP 46)             4144 bits [Y 29.2867 dB    U 35.4953 dB    V 36.0793 dB] [ET   852 ] [L0 10 8 ] [L1 12 16 ]
POC    14 TId: 4 (      STSA, B-SLICE, QP 45)             8008 bits [Y 29.3873 dB    U 35.6442 dB    V 36.1468 dB] [ET  1036 ] [L0 12 8 ] [L1 16 12 ]
POC    13 TId: 5 (      STSA, B-SLICE, QP 46)             4000 bits [Y 29.3537 dB    U 35.6107 dB    V 36.1272 dB] [ET   692 ] [L0 12 8 ] [L1 14 16 ]
POC    15 TId: 5 (      STSA, B-SLICE, QP 46)             3648 bits [Y 29.7021 dB    U 35.6823 dB    V 36.3508 dB] [ET   585 ] [L0 14 12 ] [L1 16 14 ]

	Total Frames |   Bitrate     Y-PSNR    U-PSNR    V-PSNR    YUV-PSNR   
	       17    a     583.8635   30.0202   35.7048   36.6649   31.2119

 finished @ Sun Apr 16 08:32:12 2023
 Total Time:    17543.798 sec. [user]    17544.623 sec. [elapsed]

Level: 0
Inject Calls: 20237226868
Errors injected by bit:
	Bit 0: 2022225
	Bit 1: 2023044
	Bit 2: 2022740
	Bit 3: 2023849
	Bit 4: 2023074
	Bit 5: 2024089
	Bit 6: 2023166
	Bit 7: 2022182

Total errors injected: 16184369
