vvencFFapp: Fraunhofer VVC Encoder ver. 1.5.0 [Linux][GCC 11.3.0][64 bit][SIMD=AVX2]
 started @ Mon Apr 10 22:52:34 2023
CODING TOOL CFG: CTU128 QT44BTT21 IBD:1 SAO:1 ALF:1 (NonLinLuma:0 NonLinChr:0) CCALF:1 Tiles:1x1 Slices:1 WPP:0 WPP-Substreams:1 TMVP:1 DQ:1 SDH:0 CST:1 BDOF:1 DMVR:1 MTSImplicit:1 SBT:0 JCbCr:1 CabacInitPresent:1 AMVR:5 SMVD:3 LMCS:2 (Signal:SDR Opt:0) CIIP:0 MIP:1 AFFINE:2 (PROF:1, Type:1) MMVD:3 DisFracMMVD:1 SbTMVP:1 GPM:3 LFNST:1 MTS:0 ISP:3 TS:2 TSLog2MaxSize:4 useChromaTS:0 BDPCM:2 IBC:2 BCW:0 
ENC. ALG. CFG: QPA:0 HAD:1 RDQ:1 RDQTS:1 ASR:1 MinSearchWindow:96 RestrictMESampling:0 EDO:2 MCTF:2 
PRE-ANALYSIS CFG: STA:1 LeadFrames:0 TrailFrames:0 
FAST TOOL CFG: ECU:0 FEN:1 FDM:1 FastSearch:4 (SCC:2) LCTUFast:1 FastMrg:2 PBIntraFast:1 AMaxBT:1 FastQtBtEnc:1 ContentBasedFastQtbt:0 FastMIP:3 FastIntraTools:0 IntraEstDecBit:2 FastLocalDualTree:1 IntegerET:0 FastSubPel:1 QtbttExtraFast:3 FastTTSplit:0 IBCFastMethod:3 FIM:0 ALFSpeed:0 QuantThr: 4 
RATE CONTROL CFG: RateControl:0 LookAhead:0 
PARALLEL PROCESSING CFG: NumThreads:0 MaxParallelFrames:0 WppBitEqual:0 WF:0 

POC     0 TId: 0 (  IDR_N_LP, I-SLICE, QP 24, TF 3)     377624 bits [Y 40.2668 dB    U 43.0828 dB    V 44.6158 dB] [ET   469 ] [L0 ] [L1 ]
POC    16 TId: 1 (      STSA, B-SLICE, QP 28, TF 2)     101568 bits [Y 38.6797 dB    U 42.0169 dB    V 43.2428 dB] [ET   930 ] [L0 0 ] [L1 0 ]
POC     8 TId: 2 (      STSA, B-SLICE, QP 29, TF 1)      45144 bits [Y 38.5683 dB    U 42.2165 dB    V 43.6344 dB] [ET   951 ] [L0 0 16 ] [L1 16 0 ]
POC     4 TId: 3 (      STSA, B-SLICE, QP 32, TF 0)      18280 bits [Y 38.2786 dB    U 42.4614 dB    V 43.8455 dB] [ET   878 ] [L0 0 8 ] [L1 8 16 ]
POC     2 TId: 4 (      STSA, B-SLICE, QP 34)             8272 bits [Y 38.4236 dB    U 42.7834 dB    V 44.1805 dB] [ET   527 ] [L0 0 4 ] [L1 4 8 ]
POC     1 TId: 5 (      STSA, B-SLICE, QP 36)             2744 bits [Y 38.7616 dB    U 42.9055 dB    V 44.4516 dB] [ET   346 ] [L0 0 2 ] [L1 2 4 ]
POC     3 TId: 5 (      STSA, B-SLICE, QP 36)             3232 bits [Y 37.9175 dB    U 42.6616 dB    V 43.9996 dB] [ET   437 ] [L0 2 0 ] [L1 4 8 ]
POC     6 TId: 4 (      STSA, B-SLICE, QP 34)             8856 bits [Y 37.8337 dB    U 42.3457 dB    V 43.6491 dB] [ET   639 ] [L0 4 0 ] [L1 8 16 ]
POC     5 TId: 5 (      STSA, B-SLICE, QP 36)             3416 bits [Y 37.6557 dB    U 42.3740 dB    V 43.7356 dB] [ET   506 ] [L0 4 0 ] [L1 6 8 ]
POC     7 TId: 5 (      STSA, B-SLICE, QP 36)             2784 bits [Y 37.7316 dB    U 42.3071 dB    V 43.6185 dB] [ET   456 ] [L0 6 4 ] [L1 8 16 ]
POC    12 TId: 3 (      STSA, B-SLICE, QP 32, TF 0)      21680 bits [Y 37.7913 dB    U 41.9694 dB    V 43.2223 dB] [ET  1081 ] [L0 8 0 ] [L1 16 8 ]
POC    10 TId: 4 (      STSA, B-SLICE, QP 34)             9448 bits [Y 37.6011 dB    U 42.0486 dB    V 43.3064 dB] [ET   675 ] [L0 8 0 ] [L1 12 16 ]
POC     9 TId: 5 (      STSA, B-SLICE, QP 36)             3600 bits [Y 37.6627 dB    U 42.1784 dB    V 43.5654 dB] [ET   408 ] [L0 8 0 ] [L1 10 12 ]
POC    11 TId: 5 (      STSA, B-SLICE, QP 36)             3672 bits [Y 37.3245 dB    U 42.0187 dB    V 43.3142 dB] [ET   429 ] [L0 10 8 ] [L1 12 16 ]
POC    14 TId: 4 (      STSA, B-SLICE, QP 34)            10680 bits [Y 37.4399 dB    U 41.9510 dB    V 43.0350 dB] [ET   582 ] [L0 12 8 ] [L1 16 12 ]
POC    13 TId: 5 (      STSA, B-SLICE, QP 36)             4408 bits [Y 37.2112 dB    U 41.9254 dB    V 43.1658 dB] [ET   442 ] [L0 12 8 ] [L1 14 16 ]
POC    15 TId: 5 (      STSA, B-SLICE, QP 36)             4112 bits [Y 37.3289 dB    U 41.9772 dB    V 43.0518 dB] [ET   364 ] [L0 14 12 ] [L1 16 14 ]

	Total Frames |   Bitrate     Y-PSNR    U-PSNR    V-PSNR    YUV-PSNR   
	       17    a    2221.8353   38.0280   42.3073   43.6255   39.0847

 finished @ Tue Apr 11 01:41:33 2023
 Total Time:    10126.535 sec. [user]    10139.613 sec. [elapsed]

Level: 0
Inject Calls: 10971115669
Errors injected by bit:
	Bit 0: 10966294
	Bit 1: 10967902
	Bit 2: 10969036
	Bit 3: 10968649
	Bit 4: 10973861
	Bit 5: 10976471
	Bit 6: 10975524
	Bit 7: 10970974

Total errors injected: 87768711
