vvencFFapp: Fraunhofer VVC Encoder ver. 1.5.0 [Linux][GCC 11.3.0][64 bit][SIMD=AVX2]
 started @ Tue Apr 11 04:32:39 2023
CODING TOOL CFG: CTU128 QT44BTT21 IBD:1 SAO:1 ALF:1 (NonLinLuma:0 NonLinChr:0) CCALF:1 Tiles:1x1 Slices:1 WPP:0 WPP-Substreams:1 TMVP:1 DQ:1 SDH:0 CST:1 BDOF:1 DMVR:1 MTSImplicit:1 SBT:0 JCbCr:1 CabacInitPresent:1 AMVR:5 SMVD:3 LMCS:2 (Signal:SDR Opt:0) CIIP:0 MIP:1 AFFINE:2 (PROF:1, Type:1) MMVD:3 DisFracMMVD:1 SbTMVP:1 GPM:3 LFNST:1 MTS:0 ISP:3 TS:2 TSLog2MaxSize:4 useChromaTS:0 BDPCM:2 IBC:2 BCW:0 
ENC. ALG. CFG: QPA:0 HAD:1 RDQ:1 RDQTS:1 ASR:1 MinSearchWindow:96 RestrictMESampling:0 EDO:2 MCTF:2 
PRE-ANALYSIS CFG: STA:1 LeadFrames:0 TrailFrames:0 
FAST TOOL CFG: ECU:0 FEN:1 FDM:1 FastSearch:4 (SCC:2) LCTUFast:1 FastMrg:2 PBIntraFast:1 AMaxBT:1 FastQtBtEnc:1 ContentBasedFastQtbt:0 FastMIP:3 FastIntraTools:0 IntraEstDecBit:2 FastLocalDualTree:1 IntegerET:0 FastSubPel:1 QtbttExtraFast:3 FastTTSplit:0 IBCFastMethod:3 FIM:0 ALFSpeed:0 QuantThr: 4 
RATE CONTROL CFG: RateControl:0 LookAhead:0 
PARALLEL PROCESSING CFG: NumThreads:0 MaxParallelFrames:0 WppBitEqual:0 WF:0 

POC     0 TId: 0 (  IDR_N_LP, I-SLICE, QP 24, TF 3)     377624 bits [Y 40.2668 dB    U 43.0828 dB    V 44.6158 dB] [ET   383 ] [L0 ] [L1 ]
POC    16 TId: 1 (      STSA, B-SLICE, QP 28, TF 2)     101368 bits [Y 38.6862 dB    U 42.0284 dB    V 43.2528 dB] [ET   913 ] [L0 0 ] [L1 0 ]
POC     8 TId: 2 (      STSA, B-SLICE, QP 29, TF 1)      44136 bits [Y 38.5591 dB    U 42.2020 dB    V 43.6239 dB] [ET  1085 ] [L0 0 16 ] [L1 16 0 ]
POC     4 TId: 3 (      STSA, B-SLICE, QP 32, TF 0)      18480 bits [Y 38.3160 dB    U 42.4450 dB    V 43.8260 dB] [ET   996 ] [L0 0 8 ] [L1 8 16 ]
POC     2 TId: 4 (      STSA, B-SLICE, QP 34)             8048 bits [Y 38.3962 dB    U 42.7896 dB    V 44.1877 dB] [ET   527 ] [L0 0 4 ] [L1 4 8 ]
POC     1 TId: 5 (      STSA, B-SLICE, QP 36)             2632 bits [Y 38.6947 dB    U 42.8998 dB    V 44.4641 dB] [ET   327 ] [L0 0 2 ] [L1 2 4 ]
POC     3 TId: 5 (      STSA, B-SLICE, QP 36)             3200 bits [Y 37.9095 dB    U 42.6229 dB    V 43.9695 dB] [ET   439 ] [L0 2 0 ] [L1 4 8 ]
POC     6 TId: 4 (      STSA, B-SLICE, QP 34)             8688 bits [Y 37.8110 dB    U 42.3065 dB    V 43.6444 dB] [ET   639 ] [L0 4 0 ] [L1 8 16 ]
POC     5 TId: 5 (      STSA, B-SLICE, QP 36)             3200 bits [Y 37.6139 dB    U 42.3495 dB    V 43.7504 dB] [ET   426 ] [L0 4 0 ] [L1 6 8 ]
POC     7 TId: 5 (      STSA, B-SLICE, QP 36)             2680 bits [Y 37.7083 dB    U 42.2671 dB    V 43.6263 dB] [ET   432 ] [L0 6 4 ] [L1 8 16 ]
POC    12 TId: 3 (      STSA, B-SLICE, QP 32, TF 0)      21576 bits [Y 37.7672 dB    U 41.9512 dB    V 43.2429 dB] [ET  1009 ] [L0 8 0 ] [L1 16 8 ]
POC    10 TId: 4 (      STSA, B-SLICE, QP 34)             9696 bits [Y 37.6539 dB    U 42.0544 dB    V 43.3654 dB] [ET   800 ] [L0 8 0 ] [L1 12 16 ]
POC     9 TId: 5 (      STSA, B-SLICE, QP 36)             3296 bits [Y 37.6400 dB    U 42.1571 dB    V 43.4879 dB] [ET   559 ] [L0 8 0 ] [L1 10 12 ]
POC    11 TId: 5 (      STSA, B-SLICE, QP 36)             3648 bits [Y 37.3575 dB    U 41.9990 dB    V 43.3382 dB] [ET   446 ] [L0 10 8 ] [L1 12 16 ]
POC    14 TId: 4 (      STSA, B-SLICE, QP 34)            10776 bits [Y 37.4334 dB    U 41.8935 dB    V 43.0439 dB] [ET   593 ] [L0 12 8 ] [L1 16 12 ]
POC    13 TId: 5 (      STSA, B-SLICE, QP 36)             4400 bits [Y 37.2001 dB    U 41.8895 dB    V 43.0913 dB] [ET   448 ] [L0 12 8 ] [L1 14 16 ]
POC    15 TId: 5 (      STSA, B-SLICE, QP 36)             4200 bits [Y 37.3674 dB    U 41.9864 dB    V 43.1154 dB] [ET   366 ] [L0 14 12 ] [L1 16 14 ]

	Total Frames |   Bitrate     Y-PSNR    U-PSNR    V-PSNR    YUV-PSNR   
	       17    a    2215.2282   38.0224   42.2897   43.6262   39.0792

 finished @ Tue Apr 11 07:26:04 2023
 Total Time:    10389.585 sec. [user]    10404.985 sec. [elapsed]

Level: 0
Inject Calls: 11262833995
Errors injected by bit:
	Bit 0: 11305
	Bit 1: 11132
	Bit 2: 11171
	Bit 3: 11355
	Bit 4: 11030
	Bit 5: 11151
	Bit 6: 11348
	Bit 7: 11154

Total errors injected: 89646
