vvencFFapp: Fraunhofer VVC Encoder ver. 1.5.0 [Linux][GCC 11.3.0][64 bit][SIMD=AVX2]
 started @ Tue Apr 11 07:42:43 2023
CODING TOOL CFG: CTU128 QT44BTT21 IBD:1 SAO:1 ALF:1 (NonLinLuma:0 NonLinChr:0) CCALF:1 Tiles:1x1 Slices:1 WPP:0 WPP-Substreams:1 TMVP:1 DQ:1 SDH:0 CST:1 BDOF:1 DMVR:1 MTSImplicit:1 SBT:0 JCbCr:1 CabacInitPresent:1 AMVR:5 SMVD:3 LMCS:2 (Signal:SDR Opt:0) CIIP:0 MIP:1 AFFINE:2 (PROF:1, Type:1) MMVD:3 DisFracMMVD:1 SbTMVP:1 GPM:3 LFNST:1 MTS:0 ISP:3 TS:2 TSLog2MaxSize:4 useChromaTS:0 BDPCM:2 IBC:2 BCW:0 
ENC. ALG. CFG: QPA:0 HAD:1 RDQ:1 RDQTS:1 ASR:1 MinSearchWindow:96 RestrictMESampling:0 EDO:2 MCTF:2 
PRE-ANALYSIS CFG: STA:1 LeadFrames:0 TrailFrames:0 
FAST TOOL CFG: ECU:0 FEN:1 FDM:1 FastSearch:4 (SCC:2) LCTUFast:1 FastMrg:2 PBIntraFast:1 AMaxBT:1 FastQtBtEnc:1 ContentBasedFastQtbt:0 FastMIP:3 FastIntraTools:0 IntraEstDecBit:2 FastLocalDualTree:1 IntegerET:0 FastSubPel:1 QtbttExtraFast:3 FastTTSplit:0 IBCFastMethod:3 FIM:0 ALFSpeed:0 QuantThr: 4 
RATE CONTROL CFG: RateControl:0 LookAhead:0 
PARALLEL PROCESSING CFG: NumThreads:0 MaxParallelFrames:0 WppBitEqual:0 WF:0 

POC     0 TId: 0 (  IDR_N_LP, I-SLICE, QP 29, TF 2)     239000 bits [Y 37.7621 dB    U 41.1947 dB    V 42.2796 dB] [ET   267 ] [L0 ] [L1 ]
POC    16 TId: 1 (      STSA, B-SLICE, QP 34, TF 1)      48904 bits [Y 35.5652 dB    U 39.8880 dB    V 40.6206 dB] [ET   794 ] [L0 0 ] [L1 0 ]
POC     8 TId: 2 (      STSA, B-SLICE, QP 35, TF 0)      20528 bits [Y 35.7371 dB    U 40.2858 dB    V 41.1605 dB] [ET   848 ] [L0 0 16 ] [L1 16 0 ]
POC     4 TId: 3 (      STSA, B-SLICE, QP 38)             8008 bits [Y 35.5712 dB    U 40.6837 dB    V 41.4874 dB] [ET   742 ] [L0 0 8 ] [L1 8 16 ]
POC     2 TId: 4 (      STSA, B-SLICE, QP 40)             3664 bits [Y 35.7696 dB    U 40.8990 dB    V 41.8666 dB] [ET   331 ] [L0 0 4 ] [L1 4 8 ]
POC     1 TId: 5 (      STSA, B-SLICE, QP 41)             1512 bits [Y 36.3873 dB    U 41.0371 dB    V 42.1450 dB] [ET   229 ] [L0 0 2 ] [L1 2 4 ]
POC     3 TId: 5 (      STSA, B-SLICE, QP 41)             1352 bits [Y 35.3012 dB    U 40.8644 dB    V 41.6781 dB] [ET   285 ] [L0 2 0 ] [L1 4 8 ]
POC     6 TId: 4 (      STSA, B-SLICE, QP 40)             3560 bits [Y 35.0956 dB    U 40.5227 dB    V 41.3315 dB] [ET   430 ] [L0 4 0 ] [L1 8 16 ]
POC     5 TId: 5 (      STSA, B-SLICE, QP 41)             1656 bits [Y 35.0760 dB    U 40.5537 dB    V 41.4155 dB] [ET   299 ] [L0 4 0 ] [L1 6 8 ]
POC     7 TId: 5 (      STSA, B-SLICE, QP 41)             1416 bits [Y 35.1680 dB    U 40.4091 dB    V 41.2766 dB] [ET   301 ] [L0 6 4 ] [L1 8 16 ]
POC    12 TId: 3 (      STSA, B-SLICE, QP 38)            10096 bits [Y 34.9353 dB    U 40.1692 dB    V 40.8642 dB] [ET   780 ] [L0 8 0 ] [L1 16 8 ]
POC    10 TId: 4 (      STSA, B-SLICE, QP 40)             3768 bits [Y 34.7804 dB    U 40.2162 dB    V 40.9630 dB] [ET   502 ] [L0 8 0 ] [L1 12 16 ]
POC     9 TId: 5 (      STSA, B-SLICE, QP 41)             1552 bits [Y 34.9354 dB    U 40.3355 dB    V 41.0892 dB] [ET   326 ] [L0 8 0 ] [L1 10 12 ]
POC    11 TId: 5 (      STSA, B-SLICE, QP 41)             1712 bits [Y 34.6287 dB    U 40.1757 dB    V 40.8697 dB] [ET   319 ] [L0 10 8 ] [L1 12 16 ]
POC    14 TId: 4 (      STSA, B-SLICE, QP 40)             4336 bits [Y 34.4931 dB    U 39.9645 dB    V 40.6618 dB] [ET   394 ] [L0 12 8 ] [L1 16 12 ]
POC    13 TId: 5 (      STSA, B-SLICE, QP 41)             1904 bits [Y 34.4409 dB    U 40.0760 dB    V 40.7614 dB] [ET   417 ] [L0 12 8 ] [L1 14 16 ]
POC    15 TId: 5 (      STSA, B-SLICE, QP 41)             2136 bits [Y 34.6135 dB    U 39.9812 dB    V 40.5547 dB] [ET   267 ] [L0 14 12 ] [L1 16 14 ]

	Total Frames |   Bitrate     Y-PSNR    U-PSNR    V-PSNR    YUV-PSNR   
	       17    a    1253.3082   35.3095   40.4269   41.2368   36.4376

 finished @ Tue Apr 11 09:48:27 2023
 Total Time:     7530.905 sec. [user]     7543.423 sec. [elapsed]

Level: 0
Inject Calls: 8467041339
Errors injected by bit:
	Bit 0: 8470667
	Bit 1: 8470560
	Bit 2: 8467213
	Bit 3: 8473502
	Bit 4: 8465109
	Bit 5: 8469620
	Bit 6: 8463866
	Bit 7: 8469575

Total errors injected: 67750112
