vvencFFapp: Fraunhofer VVC Encoder ver. 1.5.0 [Linux][GCC 11.3.0][64 bit][SIMD=AVX2]
 started @ Tue Apr 11 16:12:51 2023
CODING TOOL CFG: CTU128 QT44BTT21 IBD:1 SAO:1 ALF:1 (NonLinLuma:0 NonLinChr:0) CCALF:1 Tiles:1x1 Slices:1 WPP:0 WPP-Substreams:1 TMVP:1 DQ:1 SDH:0 CST:1 BDOF:1 DMVR:1 MTSImplicit:1 SBT:0 JCbCr:1 CabacInitPresent:1 AMVR:5 SMVD:3 LMCS:2 (Signal:SDR Opt:0) CIIP:0 MIP:1 AFFINE:2 (PROF:1, Type:1) MMVD:3 DisFracMMVD:1 SbTMVP:1 GPM:3 LFNST:1 MTS:0 ISP:3 TS:2 TSLog2MaxSize:4 useChromaTS:0 BDPCM:2 IBC:2 BCW:0 
ENC. ALG. CFG: QPA:0 HAD:1 RDQ:1 RDQTS:1 ASR:1 MinSearchWindow:96 RestrictMESampling:0 EDO:2 MCTF:2 
PRE-ANALYSIS CFG: STA:1 LeadFrames:0 TrailFrames:0 
FAST TOOL CFG: ECU:0 FEN:1 FDM:1 FastSearch:4 (SCC:2) LCTUFast:1 FastMrg:2 PBIntraFast:1 AMaxBT:1 FastQtBtEnc:1 ContentBasedFastQtbt:0 FastMIP:3 FastIntraTools:0 IntraEstDecBit:2 FastLocalDualTree:1 IntegerET:0 FastSubPel:1 QtbttExtraFast:3 FastTTSplit:0 IBCFastMethod:3 FIM:0 ALFSpeed:0 QuantThr: 4 
RATE CONTROL CFG: RateControl:0 LookAhead:0 
PARALLEL PROCESSING CFG: NumThreads:0 MaxParallelFrames:0 WppBitEqual:0 WF:0 

POC     0 TId: 0 (  IDR_N_LP, I-SLICE, QP 34, TF 2)     142152 bits [Y 34.7290 dB    U 39.0714 dB    V 39.9878 dB] [ET   221 ] [L0 ] [L1 ]
POC    16 TId: 1 (      STSA, B-SLICE, QP 40, TF 1)      22488 bits [Y 32.3070 dB    U 38.1567 dB    V 38.8319 dB] [ET   718 ] [L0 0 ] [L1 0 ]
POC     8 TId: 2 (      STSA, B-SLICE, QP 40, TF 0)      10840 bits [Y 32.8620 dB    U 38.4230 dB    V 39.3039 dB] [ET   706 ] [L0 0 16 ] [L1 16 0 ]
POC     4 TId: 3 (      STSA, B-SLICE, QP 43)             4224 bits [Y 32.8226 dB    U 38.6451 dB    V 39.4880 dB] [ET   595 ] [L0 0 8 ] [L1 8 16 ]
POC     2 TId: 4 (      STSA, B-SLICE, QP 45)             1664 bits [Y 33.0328 dB    U 38.8184 dB    V 39.7256 dB] [ET   261 ] [L0 0 4 ] [L1 4 8 ]
POC     1 TId: 5 (      STSA, B-SLICE, QP 46)              664 bits [Y 33.5722 dB    U 38.9029 dB    V 39.9112 dB] [ET   194 ] [L0 0 2 ] [L1 2 4 ]
POC     3 TId: 5 (      STSA, B-SLICE, QP 46)              616 bits [Y 32.7253 dB    U 38.8222 dB    V 39.6654 dB] [ET   305 ] [L0 2 0 ] [L1 4 8 ]
POC     6 TId: 4 (      STSA, B-SLICE, QP 45)             2088 bits [Y 32.4118 dB    U 38.5717 dB    V 39.4008 dB] [ET   453 ] [L0 4 0 ] [L1 8 16 ]
POC     5 TId: 5 (      STSA, B-SLICE, QP 46)              848 bits [Y 32.3988 dB    U 38.5387 dB    V 39.4186 dB] [ET   241 ] [L0 4 0 ] [L1 6 8 ]
POC     7 TId: 5 (      STSA, B-SLICE, QP 46)              648 bits [Y 32.4363 dB    U 38.5143 dB    V 39.4395 dB] [ET   262 ] [L0 6 4 ] [L1 8 16 ]
POC    12 TId: 3 (      STSA, B-SLICE, QP 43)             5000 bits [Y 31.9948 dB    U 38.3100 dB    V 39.0594 dB] [ET   724 ] [L0 8 0 ] [L1 16 8 ]
POC    10 TId: 4 (      STSA, B-SLICE, QP 45)             2032 bits [Y 32.0282 dB    U 38.3303 dB    V 39.1368 dB] [ET   390 ] [L0 8 0 ] [L1 12 16 ]
POC     9 TId: 5 (      STSA, B-SLICE, QP 46)              864 bits [Y 32.2636 dB    U 38.4513 dB    V 39.2979 dB] [ET   271 ] [L0 8 0 ] [L1 10 12 ]
POC    11 TId: 5 (      STSA, B-SLICE, QP 46)              840 bits [Y 31.8135 dB    U 38.2841 dB    V 39.0467 dB] [ET   272 ] [L0 10 8 ] [L1 12 16 ]
POC    14 TId: 4 (      STSA, B-SLICE, QP 45)             2224 bits [Y 31.6422 dB    U 38.2090 dB    V 38.8642 dB] [ET   306 ] [L0 12 8 ] [L1 16 12 ]
POC    13 TId: 5 (      STSA, B-SLICE, QP 46)              848 bits [Y 31.6137 dB    U 38.2728 dB    V 38.9373 dB] [ET   266 ] [L0 12 8 ] [L1 14 16 ]
POC    15 TId: 5 (      STSA, B-SLICE, QP 46)             1008 bits [Y 31.7602 dB    U 38.2220 dB    V 38.9178 dB] [ET   210 ] [L0 14 12 ] [L1 16 14 ]

	Total Frames |   Bitrate     Y-PSNR    U-PSNR    V-PSNR    YUV-PSNR   
	       17    a     702.5224   32.4949   38.5026   39.3196   33.7283

 finished @ Tue Apr 11 17:59:40 2023
 Total Time:     6402.436 sec. [user]     6408.318 sec. [elapsed]

Level: 0
Inject Calls: 7183253027
Errors injected by bit:
	Bit 0: 688
	Bit 1: 723
	Bit 2: 675
	Bit 3: 766
	Bit 4: 710
	Bit 5: 689
	Bit 6: 705
	Bit 7: 744

Total errors injected: 5700
