vvencFFapp: Fraunhofer VVC Encoder ver. 1.5.0 [Linux][GCC 11.3.0][64 bit][SIMD=AVX2]
 started @ Tue Apr 11 02:07:36 2023
CODING TOOL CFG: CTU128 QT44BTT21 IBD:1 SAO:1 ALF:1 (NonLinLuma:0 NonLinChr:0) CCALF:1 Tiles:1x1 Slices:1 WPP:0 WPP-Substreams:1 TMVP:1 DQ:1 SDH:0 CST:1 BDOF:1 DMVR:1 MTSImplicit:1 SBT:0 JCbCr:1 CabacInitPresent:1 AMVR:5 SMVD:3 LMCS:2 (Signal:SDR Opt:0) CIIP:0 MIP:1 AFFINE:2 (PROF:1, Type:1) MMVD:3 DisFracMMVD:1 SbTMVP:1 GPM:3 LFNST:1 MTS:0 ISP:3 TS:2 TSLog2MaxSize:4 useChromaTS:0 BDPCM:2 IBC:2 BCW:0 
ENC. ALG. CFG: QPA:0 HAD:1 RDQ:1 RDQTS:1 ASR:1 MinSearchWindow:96 RestrictMESampling:0 EDO:2 MCTF:2 
PRE-ANALYSIS CFG: STA:1 LeadFrames:0 TrailFrames:0 
FAST TOOL CFG: ECU:0 FEN:1 FDM:1 FastSearch:4 (SCC:2) LCTUFast:1 FastMrg:2 PBIntraFast:1 AMaxBT:1 FastQtBtEnc:1 ContentBasedFastQtbt:0 FastMIP:3 FastIntraTools:0 IntraEstDecBit:2 FastLocalDualTree:1 IntegerET:0 FastSubPel:1 QtbttExtraFast:3 FastTTSplit:0 IBCFastMethod:3 FIM:0 ALFSpeed:0 QuantThr: 4 
RATE CONTROL CFG: RateControl:0 LookAhead:0 
PARALLEL PROCESSING CFG: NumThreads:0 MaxParallelFrames:0 WppBitEqual:0 WF:0 

POC     0 TId: 0 (  IDR_N_LP, I-SLICE, QP 24, TF 3)     377624 bits [Y 40.2668 dB    U 43.0828 dB    V 44.6158 dB] [ET   383 ] [L0 ] [L1 ]
POC    16 TId: 1 (      STSA, B-SLICE, QP 28, TF 2)     101464 bits [Y 38.6795 dB    U 42.0472 dB    V 43.2537 dB] [ET   927 ] [L0 0 ] [L1 0 ]
POC     8 TId: 2 (      STSA, B-SLICE, QP 29, TF 1)      44384 bits [Y 38.5711 dB    U 42.2429 dB    V 43.5685 dB] [ET  1080 ] [L0 0 16 ] [L1 16 0 ]
POC     4 TId: 3 (      STSA, B-SLICE, QP 32, TF 0)      19128 bits [Y 38.3232 dB    U 42.4787 dB    V 43.8568 dB] [ET   875 ] [L0 0 8 ] [L1 8 16 ]
POC     2 TId: 4 (      STSA, B-SLICE, QP 34)             8392 bits [Y 38.4333 dB    U 42.7615 dB    V 44.1993 dB] [ET   533 ] [L0 0 4 ] [L1 4 8 ]
POC     1 TId: 5 (      STSA, B-SLICE, QP 36)             3024 bits [Y 38.7728 dB    U 42.9179 dB    V 44.4507 dB] [ET   333 ] [L0 0 2 ] [L1 2 4 ]
POC     3 TId: 5 (      STSA, B-SLICE, QP 36)             3176 bits [Y 37.9004 dB    U 42.6442 dB    V 44.0435 dB] [ET   475 ] [L0 2 0 ] [L1 4 8 ]
POC     6 TId: 4 (      STSA, B-SLICE, QP 34)             9000 bits [Y 37.8641 dB    U 42.3652 dB    V 43.6678 dB] [ET   728 ] [L0 4 0 ] [L1 8 16 ]
POC     5 TId: 5 (      STSA, B-SLICE, QP 36)             3184 bits [Y 37.6322 dB    U 42.3605 dB    V 43.7354 dB] [ET   436 ] [L0 4 0 ] [L1 6 8 ]
POC     7 TId: 5 (      STSA, B-SLICE, QP 36)             2816 bits [Y 37.7533 dB    U 42.3313 dB    V 43.6380 dB] [ET   435 ] [L0 6 4 ] [L1 8 16 ]
POC    12 TId: 3 (      STSA, B-SLICE, QP 32, TF 0)      21352 bits [Y 37.7534 dB    U 41.9668 dB    V 43.1804 dB] [ET  1179 ] [L0 8 0 ] [L1 16 8 ]
POC    10 TId: 4 (      STSA, B-SLICE, QP 34)             9488 bits [Y 37.6367 dB    U 42.1056 dB    V 43.2957 dB] [ET   680 ] [L0 8 0 ] [L1 12 16 ]
POC     9 TId: 5 (      STSA, B-SLICE, QP 36)             3464 bits [Y 37.6249 dB    U 42.1991 dB    V 43.4660 dB] [ET   407 ] [L0 8 0 ] [L1 10 12 ]
POC    11 TId: 5 (      STSA, B-SLICE, QP 36)             3704 bits [Y 37.3250 dB    U 42.0066 dB    V 43.2756 dB] [ET   421 ] [L0 10 8 ] [L1 12 16 ]
POC    14 TId: 4 (      STSA, B-SLICE, QP 34)            10608 bits [Y 37.4256 dB    U 41.9185 dB    V 43.0604 dB] [ET   579 ] [L0 12 8 ] [L1 16 12 ]
POC    13 TId: 5 (      STSA, B-SLICE, QP 36)             3984 bits [Y 37.1672 dB    U 41.9134 dB    V 43.1187 dB] [ET   419 ] [L0 12 8 ] [L1 14 16 ]
POC    15 TId: 5 (      STSA, B-SLICE, QP 36)             4456 bits [Y 37.3591 dB    U 41.9722 dB    V 43.0371 dB] [ET   378 ] [L0 14 12 ] [L1 16 14 ]

	Total Frames |   Bitrate     Y-PSNR    U-PSNR    V-PSNR    YUV-PSNR   
	       17    a    2220.8753   38.0287   42.3126   43.6155   39.0843

 finished @ Tue Apr 11 04:58:59 2023
 Total Time:    10266.801 sec. [user]    10283.427 sec. [elapsed]

Level: 0
Inject Calls: 11051948132
Errors injected by bit:
	Bit 0: 110557
	Bit 1: 111468
	Bit 2: 110787
	Bit 3: 110529
	Bit 4: 110373
	Bit 5: 110903
	Bit 6: 110414
	Bit 7: 110404

Total errors injected: 885435
