vvencFFapp: Fraunhofer VVC Encoder ver. 1.5.0 [Linux][GCC 11.3.0][64 bit][SIMD=AVX2]
 started @ Tue Apr 11 14:22:49 2023
CODING TOOL CFG: CTU128 QT44BTT21 IBD:1 SAO:1 ALF:1 (NonLinLuma:0 NonLinChr:0) CCALF:1 Tiles:1x1 Slices:1 WPP:0 WPP-Substreams:1 TMVP:1 DQ:1 SDH:0 CST:1 BDOF:1 DMVR:1 MTSImplicit:1 SBT:0 JCbCr:1 CabacInitPresent:1 AMVR:5 SMVD:3 LMCS:2 (Signal:SDR Opt:0) CIIP:0 MIP:1 AFFINE:2 (PROF:1, Type:1) MMVD:3 DisFracMMVD:1 SbTMVP:1 GPM:3 LFNST:1 MTS:0 ISP:3 TS:2 TSLog2MaxSize:4 useChromaTS:0 BDPCM:2 IBC:2 BCW:0 
ENC. ALG. CFG: QPA:0 HAD:1 RDQ:1 RDQTS:1 ASR:1 MinSearchWindow:96 RestrictMESampling:0 EDO:2 MCTF:2 
PRE-ANALYSIS CFG: STA:1 LeadFrames:0 TrailFrames:0 
FAST TOOL CFG: ECU:0 FEN:1 FDM:1 FastSearch:4 (SCC:2) LCTUFast:1 FastMrg:2 PBIntraFast:1 AMaxBT:1 FastQtBtEnc:1 ContentBasedFastQtbt:0 FastMIP:3 FastIntraTools:0 IntraEstDecBit:2 FastLocalDualTree:1 IntegerET:0 FastSubPel:1 QtbttExtraFast:3 FastTTSplit:0 IBCFastMethod:3 FIM:0 ALFSpeed:0 QuantThr: 4 
RATE CONTROL CFG: RateControl:0 LookAhead:0 
PARALLEL PROCESSING CFG: NumThreads:0 MaxParallelFrames:0 WppBitEqual:0 WF:0 

POC     0 TId: 0 (  IDR_N_LP, I-SLICE, QP 34, TF 2)     142152 bits [Y 34.7290 dB    U 39.0714 dB    V 39.9878 dB] [ET   226 ] [L0 ] [L1 ]
POC    16 TId: 1 (      STSA, B-SLICE, QP 40, TF 1)      22000 bits [Y 32.2626 dB    U 38.1767 dB    V 38.7976 dB] [ET   701 ] [L0 0 ] [L1 0 ]
POC     8 TId: 2 (      STSA, B-SLICE, QP 40, TF 0)      10752 bits [Y 32.8609 dB    U 38.4114 dB    V 39.3050 dB] [ET   831 ] [L0 0 16 ] [L1 16 0 ]
POC     4 TId: 3 (      STSA, B-SLICE, QP 43)             4408 bits [Y 32.9013 dB    U 38.6600 dB    V 39.5030 dB] [ET   605 ] [L0 0 8 ] [L1 8 16 ]
POC     2 TId: 4 (      STSA, B-SLICE, QP 45)             1792 bits [Y 33.0814 dB    U 38.8462 dB    V 39.7585 dB] [ET   326 ] [L0 0 4 ] [L1 4 8 ]
POC     1 TId: 5 (      STSA, B-SLICE, QP 46)              568 bits [Y 33.5678 dB    U 38.9208 dB    V 39.9319 dB] [ET   229 ] [L0 0 2 ] [L1 2 4 ]
POC     3 TId: 5 (      STSA, B-SLICE, QP 46)              608 bits [Y 32.7951 dB    U 38.8152 dB    V 39.6793 dB] [ET   248 ] [L0 2 0 ] [L1 4 8 ]
POC     6 TId: 4 (      STSA, B-SLICE, QP 45)             2016 bits [Y 32.4322 dB    U 38.5982 dB    V 39.4171 dB] [ET   354 ] [L0 4 0 ] [L1 8 16 ]
POC     5 TId: 5 (      STSA, B-SLICE, QP 46)              880 bits [Y 32.4802 dB    U 38.6039 dB    V 39.4692 dB] [ET   271 ] [L0 4 0 ] [L1 6 8 ]
POC     7 TId: 5 (      STSA, B-SLICE, QP 46)              784 bits [Y 32.5274 dB    U 38.4892 dB    V 39.3631 dB] [ET   290 ] [L0 6 4 ] [L1 8 16 ]
POC    12 TId: 3 (      STSA, B-SLICE, QP 43)             5128 bits [Y 32.0097 dB    U 38.3170 dB    V 38.9543 dB] [ET   817 ] [L0 8 0 ] [L1 16 8 ]
POC    10 TId: 4 (      STSA, B-SLICE, QP 45)             1936 bits [Y 32.0490 dB    U 38.3887 dB    V 39.0630 dB] [ET   409 ] [L0 8 0 ] [L1 12 16 ]
POC     9 TId: 5 (      STSA, B-SLICE, QP 46)              896 bits [Y 32.2782 dB    U 38.4871 dB    V 39.2748 dB] [ET   266 ] [L0 8 0 ] [L1 10 12 ]
POC    11 TId: 5 (      STSA, B-SLICE, QP 46)              840 bits [Y 31.8165 dB    U 38.3139 dB    V 39.0029 dB] [ET   283 ] [L0 10 8 ] [L1 12 16 ]
POC    14 TId: 4 (      STSA, B-SLICE, QP 45)             2248 bits [Y 31.6674 dB    U 38.2053 dB    V 38.8830 dB] [ET   310 ] [L0 12 8 ] [L1 16 12 ]
POC    13 TId: 5 (      STSA, B-SLICE, QP 46)             1088 bits [Y 31.7030 dB    U 38.2912 dB    V 38.9486 dB] [ET   269 ] [L0 12 8 ] [L1 14 16 ]
POC    15 TId: 5 (      STSA, B-SLICE, QP 46)              936 bits [Y 31.7317 dB    U 38.2368 dB    V 38.8557 dB] [ET   184 ] [L0 14 12 ] [L1 16 14 ]

	Total Frames |   Bitrate     Y-PSNR    U-PSNR    V-PSNR    YUV-PSNR   
	       17    a     702.4659   32.5231   38.5196   39.3056   33.7541

 finished @ Tue Apr 11 16:13:21 2023
 Total Time:     6625.149 sec. [user]     6631.682 sec. [elapsed]

Level: 0
Inject Calls: 7365869339
Errors injected by bit:
	Bit 0: 73658
	Bit 1: 73522
	Bit 2: 73541
	Bit 3: 73785
	Bit 4: 73756
	Bit 5: 73827
	Bit 6: 73506
	Bit 7: 73366

Total errors injected: 588961
