vvencFFapp: Fraunhofer VVC Encoder ver. 1.5.0 [Linux][GCC 11.3.0][64 bit][SIMD=AVX2]
 started @ Mon Apr 10 22:57:33 2023
CODING TOOL CFG: CTU128 QT44BTT21 IBD:1 SAO:1 ALF:1 (NonLinLuma:0 NonLinChr:0) CCALF:1 Tiles:1x1 Slices:1 WPP:0 WPP-Substreams:1 TMVP:1 DQ:1 SDH:0 CST:1 BDOF:1 DMVR:1 MTSImplicit:1 SBT:0 JCbCr:1 CabacInitPresent:1 AMVR:5 SMVD:3 LMCS:2 (Signal:SDR Opt:0) CIIP:0 MIP:1 AFFINE:2 (PROF:1, Type:1) MMVD:3 DisFracMMVD:1 SbTMVP:1 GPM:3 LFNST:1 MTS:0 ISP:3 TS:2 TSLog2MaxSize:4 useChromaTS:0 BDPCM:2 IBC:2 BCW:0 
ENC. ALG. CFG: QPA:0 HAD:1 RDQ:1 RDQTS:1 ASR:1 MinSearchWindow:96 RestrictMESampling:0 EDO:2 MCTF:2 
PRE-ANALYSIS CFG: STA:1 LeadFrames:0 TrailFrames:0 
FAST TOOL CFG: ECU:0 FEN:1 FDM:1 FastSearch:4 (SCC:2) LCTUFast:1 FastMrg:2 PBIntraFast:1 AMaxBT:1 FastQtBtEnc:1 ContentBasedFastQtbt:0 FastMIP:3 FastIntraTools:0 IntraEstDecBit:2 FastLocalDualTree:1 IntegerET:0 FastSubPel:1 QtbttExtraFast:3 FastTTSplit:0 IBCFastMethod:3 FIM:0 ALFSpeed:0 QuantThr: 4 
RATE CONTROL CFG: RateControl:0 LookAhead:0 
PARALLEL PROCESSING CFG: NumThreads:0 MaxParallelFrames:0 WppBitEqual:0 WF:0 

POC     0 TId: 0 (  IDR_N_LP, I-SLICE, QP 24, TF 3)     377624 bits [Y 40.2668 dB    U 43.0828 dB    V 44.6158 dB] [ET   371 ] [L0 ] [L1 ]
POC    16 TId: 1 (      STSA, B-SLICE, QP 28, TF 2)     102216 bits [Y 38.6919 dB    U 42.0313 dB    V 43.2927 dB] [ET   957 ] [L0 0 ] [L1 0 ]
POC     8 TId: 2 (      STSA, B-SLICE, QP 29, TF 1)      44576 bits [Y 38.5642 dB    U 42.2425 dB    V 43.6393 dB] [ET   961 ] [L0 0 16 ] [L1 16 0 ]
POC     4 TId: 3 (      STSA, B-SLICE, QP 32, TF 0)      19048 bits [Y 38.3173 dB    U 42.4448 dB    V 43.7822 dB] [ET   911 ] [L0 0 8 ] [L1 8 16 ]
POC     2 TId: 4 (      STSA, B-SLICE, QP 34)             8032 bits [Y 38.4277 dB    U 42.7900 dB    V 44.1912 dB] [ET   548 ] [L0 0 4 ] [L1 4 8 ]
POC     1 TId: 5 (      STSA, B-SLICE, QP 36)             3008 bits [Y 38.7850 dB    U 42.8960 dB    V 44.4357 dB] [ET   328 ] [L0 0 2 ] [L1 2 4 ]
POC     3 TId: 5 (      STSA, B-SLICE, QP 36)             3288 bits [Y 37.9157 dB    U 42.6776 dB    V 43.9920 dB] [ET   385 ] [L0 2 0 ] [L1 4 8 ]
POC     6 TId: 4 (      STSA, B-SLICE, QP 34)             9088 bits [Y 37.8471 dB    U 42.3434 dB    V 43.6327 dB] [ET   617 ] [L0 4 0 ] [L1 8 16 ]
POC     5 TId: 5 (      STSA, B-SLICE, QP 36)             3384 bits [Y 37.6785 dB    U 42.3563 dB    V 43.7257 dB] [ET   416 ] [L0 4 0 ] [L1 6 8 ]
POC     7 TId: 5 (      STSA, B-SLICE, QP 36)             3000 bits [Y 37.7595 dB    U 42.3134 dB    V 43.6393 dB] [ET   448 ] [L0 6 4 ] [L1 8 16 ]
POC    12 TId: 3 (      STSA, B-SLICE, QP 32, TF 0)      21408 bits [Y 37.7803 dB    U 41.9535 dB    V 43.1780 dB] [ET  1033 ] [L0 8 0 ] [L1 16 8 ]
POC    10 TId: 4 (      STSA, B-SLICE, QP 34)             9536 bits [Y 37.6123 dB    U 42.1138 dB    V 43.3050 dB] [ET   704 ] [L0 8 0 ] [L1 12 16 ]
POC     9 TId: 5 (      STSA, B-SLICE, QP 36)             3608 bits [Y 37.6436 dB    U 42.1806 dB    V 43.5015 dB] [ET   406 ] [L0 8 0 ] [L1 10 12 ]
POC    11 TId: 5 (      STSA, B-SLICE, QP 36)             3488 bits [Y 37.3249 dB    U 41.9976 dB    V 43.2708 dB] [ET   408 ] [L0 10 8 ] [L1 12 16 ]
POC    14 TId: 4 (      STSA, B-SLICE, QP 34)            10864 bits [Y 37.4475 dB    U 41.9248 dB    V 43.0323 dB] [ET   588 ] [L0 12 8 ] [L1 16 12 ]
POC    13 TId: 5 (      STSA, B-SLICE, QP 36)             4456 bits [Y 37.2213 dB    U 41.9148 dB    V 43.1227 dB] [ET   459 ] [L0 12 8 ] [L1 14 16 ]
POC    15 TId: 5 (      STSA, B-SLICE, QP 36)             4328 bits [Y 37.3743 dB    U 42.0154 dB    V 43.1268 dB] [ET   359 ] [L0 14 12 ] [L1 16 14 ]

	Total Frames |   Bitrate     Y-PSNR    U-PSNR    V-PSNR    YUV-PSNR   
	       17    a    2226.8894   38.0387   42.3105   43.6167   39.0938

 finished @ Tue Apr 11 01:42:48 2023
 Total Time:     9900.672 sec. [user]     9915.611 sec. [elapsed]

Level: 0
Inject Calls: 11151503117
Errors injected by bit:
	Bit 0: 11157157
	Bit 1: 11149385
	Bit 2: 11152714
	Bit 3: 11155654
	Bit 4: 11152782
	Bit 5: 11149559
	Bit 6: 11150258
	Bit 7: 11151625

Total errors injected: 89219134
