vvencFFapp: Fraunhofer VVC Encoder ver. 1.5.0 [Linux][GCC 11.3.0][64 bit][SIMD=AVX2]
 started @ Tue Apr 11 10:02:45 2023
CODING TOOL CFG: CTU128 QT44BTT21 IBD:1 SAO:1 ALF:1 (NonLinLuma:0 NonLinChr:0) CCALF:1 Tiles:1x1 Slices:1 WPP:0 WPP-Substreams:1 TMVP:1 DQ:1 SDH:0 CST:1 BDOF:1 DMVR:1 MTSImplicit:1 SBT:0 JCbCr:1 CabacInitPresent:1 AMVR:5 SMVD:3 LMCS:2 (Signal:SDR Opt:0) CIIP:0 MIP:1 AFFINE:2 (PROF:1, Type:1) MMVD:3 DisFracMMVD:1 SbTMVP:1 GPM:3 LFNST:1 MTS:0 ISP:3 TS:2 TSLog2MaxSize:4 useChromaTS:0 BDPCM:2 IBC:2 BCW:0 
ENC. ALG. CFG: QPA:0 HAD:1 RDQ:1 RDQTS:1 ASR:1 MinSearchWindow:96 RestrictMESampling:0 EDO:2 MCTF:2 
PRE-ANALYSIS CFG: STA:1 LeadFrames:0 TrailFrames:0 
FAST TOOL CFG: ECU:0 FEN:1 FDM:1 FastSearch:4 (SCC:2) LCTUFast:1 FastMrg:2 PBIntraFast:1 AMaxBT:1 FastQtBtEnc:1 ContentBasedFastQtbt:0 FastMIP:3 FastIntraTools:0 IntraEstDecBit:2 FastLocalDualTree:1 IntegerET:0 FastSubPel:1 QtbttExtraFast:3 FastTTSplit:0 IBCFastMethod:3 FIM:0 ALFSpeed:0 QuantThr: 4 
RATE CONTROL CFG: RateControl:0 LookAhead:0 
PARALLEL PROCESSING CFG: NumThreads:0 MaxParallelFrames:0 WppBitEqual:0 WF:0 

POC     0 TId: 0 (  IDR_N_LP, I-SLICE, QP 29, TF 2)     239000 bits [Y 37.7621 dB    U 41.1947 dB    V 42.2796 dB] [ET   277 ] [L0 ] [L1 ]
POC    16 TId: 1 (      STSA, B-SLICE, QP 34, TF 1)      48648 bits [Y 35.5613 dB    U 39.9150 dB    V 40.6477 dB] [ET   964 ] [L0 0 ] [L1 0 ]
POC     8 TId: 2 (      STSA, B-SLICE, QP 35, TF 0)      20576 bits [Y 35.7524 dB    U 40.2667 dB    V 41.0989 dB] [ET   960 ] [L0 0 16 ] [L1 16 0 ]
POC     4 TId: 3 (      STSA, B-SLICE, QP 38)             8328 bits [Y 35.6255 dB    U 40.6729 dB    V 41.5734 dB] [ET   825 ] [L0 0 8 ] [L1 8 16 ]
POC     2 TId: 4 (      STSA, B-SLICE, QP 40)             3792 bits [Y 35.8445 dB    U 40.9294 dB    V 41.8961 dB] [ET   399 ] [L0 0 4 ] [L1 4 8 ]
POC     1 TId: 5 (      STSA, B-SLICE, QP 41)             1472 bits [Y 36.3510 dB    U 41.0025 dB    V 42.1253 dB] [ET   248 ] [L0 0 2 ] [L1 2 4 ]
POC     3 TId: 5 (      STSA, B-SLICE, QP 41)             1416 bits [Y 35.3748 dB    U 40.8760 dB    V 41.7501 dB] [ET   303 ] [L0 2 0 ] [L1 4 8 ]
POC     6 TId: 4 (      STSA, B-SLICE, QP 40)             4040 bits [Y 35.1636 dB    U 40.5367 dB    V 41.3328 dB] [ET   469 ] [L0 4 0 ] [L1 8 16 ]
POC     5 TId: 5 (      STSA, B-SLICE, QP 41)             1616 bits [Y 35.0936 dB    U 40.5390 dB    V 41.4224 dB] [ET   295 ] [L0 4 0 ] [L1 6 8 ]
POC     7 TId: 5 (      STSA, B-SLICE, QP 41)             1328 bits [Y 35.1759 dB    U 40.4140 dB    V 41.1954 dB] [ET   313 ] [L0 6 4 ] [L1 8 16 ]
POC    12 TId: 3 (      STSA, B-SLICE, QP 38)            10368 bits [Y 34.9551 dB    U 40.0708 dB    V 40.7861 dB] [ET   909 ] [L0 8 0 ] [L1 16 8 ]
POC    10 TId: 4 (      STSA, B-SLICE, QP 40)             3776 bits [Y 34.7852 dB    U 40.1423 dB    V 40.9583 dB] [ET   472 ] [L0 8 0 ] [L1 12 16 ]
POC     9 TId: 5 (      STSA, B-SLICE, QP 41)             1616 bits [Y 34.9693 dB    U 40.2487 dB    V 41.0238 dB] [ET   335 ] [L0 8 0 ] [L1 10 12 ]
POC    11 TId: 5 (      STSA, B-SLICE, QP 41)             1776 bits [Y 34.5999 dB    U 40.0861 dB    V 40.8728 dB] [ET   329 ] [L0 10 8 ] [L1 12 16 ]
POC    14 TId: 4 (      STSA, B-SLICE, QP 40)             4656 bits [Y 34.5381 dB    U 40.0029 dB    V 40.7437 dB] [ET   386 ] [L0 12 8 ] [L1 16 12 ]
POC    13 TId: 5 (      STSA, B-SLICE, QP 41)             2384 bits [Y 34.5509 dB    U 40.0340 dB    V 40.7942 dB] [ET   314 ] [L0 12 8 ] [L1 14 16 ]
POC    15 TId: 5 (      STSA, B-SLICE, QP 41)             1952 bits [Y 34.6144 dB    U 40.0105 dB    V 40.6448 dB] [ET   276 ] [L0 14 12 ] [L1 16 14 ]

	Total Frames |   Bitrate     Y-PSNR    U-PSNR    V-PSNR    YUV-PSNR   
	       17    a    1259.0965   35.3363   40.4084   41.2439   36.4616

 finished @ Tue Apr 11 12:17:32 2023
 Total Time:     8071.196 sec. [user]     8086.791 sec. [elapsed]

Level: 0
Inject Calls: 8834532704
Errors injected by bit:
	Bit 0: 9089
	Bit 1: 8872
	Bit 2: 8738
	Bit 3: 8724
	Bit 4: 8888
	Bit 5: 8817
	Bit 6: 8789
	Bit 7: 8873

Total errors injected: 70790
