vvencFFapp: Fraunhofer VVC Encoder ver. 1.5.0 [Linux][GCC 11.3.0][64 bit][SIMD=AVX2]
 started @ Tue Apr 11 02:07:36 2023
CODING TOOL CFG: CTU128 QT44BTT21 IBD:1 SAO:1 ALF:1 (NonLinLuma:0 NonLinChr:0) CCALF:1 Tiles:1x1 Slices:1 WPP:0 WPP-Substreams:1 TMVP:1 DQ:1 SDH:0 CST:1 BDOF:1 DMVR:1 MTSImplicit:1 SBT:0 JCbCr:1 CabacInitPresent:1 AMVR:5 SMVD:3 LMCS:2 (Signal:SDR Opt:0) CIIP:0 MIP:1 AFFINE:2 (PROF:1, Type:1) MMVD:3 DisFracMMVD:1 SbTMVP:1 GPM:3 LFNST:1 MTS:0 ISP:3 TS:2 TSLog2MaxSize:4 useChromaTS:0 BDPCM:2 IBC:2 BCW:0 
ENC. ALG. CFG: QPA:0 HAD:1 RDQ:1 RDQTS:1 ASR:1 MinSearchWindow:96 RestrictMESampling:0 EDO:2 MCTF:2 
PRE-ANALYSIS CFG: STA:1 LeadFrames:0 TrailFrames:0 
FAST TOOL CFG: ECU:0 FEN:1 FDM:1 FastSearch:4 (SCC:2) LCTUFast:1 FastMrg:2 PBIntraFast:1 AMaxBT:1 FastQtBtEnc:1 ContentBasedFastQtbt:0 FastMIP:3 FastIntraTools:0 IntraEstDecBit:2 FastLocalDualTree:1 IntegerET:0 FastSubPel:1 QtbttExtraFast:3 FastTTSplit:0 IBCFastMethod:3 FIM:0 ALFSpeed:0 QuantThr: 4 
RATE CONTROL CFG: RateControl:0 LookAhead:0 
PARALLEL PROCESSING CFG: NumThreads:0 MaxParallelFrames:0 WppBitEqual:0 WF:0 

POC     0 TId: 0 (  IDR_N_LP, I-SLICE, QP 24, TF 3)     377624 bits [Y 40.2668 dB    U 43.0828 dB    V 44.6158 dB] [ET   399 ] [L0 ] [L1 ]
POC    16 TId: 1 (      STSA, B-SLICE, QP 28, TF 2)     101256 bits [Y 38.6818 dB    U 42.0435 dB    V 43.2361 dB] [ET   950 ] [L0 0 ] [L1 0 ]
POC     8 TId: 2 (      STSA, B-SLICE, QP 29, TF 1)      44432 bits [Y 38.5619 dB    U 42.2320 dB    V 43.6090 dB] [ET  1104 ] [L0 0 16 ] [L1 16 0 ]
POC     4 TId: 3 (      STSA, B-SLICE, QP 32, TF 0)      18624 bits [Y 38.3006 dB    U 42.4607 dB    V 43.8252 dB] [ET   921 ] [L0 0 8 ] [L1 8 16 ]
POC     2 TId: 4 (      STSA, B-SLICE, QP 34)             8200 bits [Y 38.4136 dB    U 42.8038 dB    V 44.1482 dB] [ET   545 ] [L0 0 4 ] [L1 4 8 ]
POC     1 TId: 5 (      STSA, B-SLICE, QP 36)             3080 bits [Y 38.7774 dB    U 42.9138 dB    V 44.4590 dB] [ET   325 ] [L0 0 2 ] [L1 2 4 ]
POC     3 TId: 5 (      STSA, B-SLICE, QP 36)             3360 bits [Y 37.9143 dB    U 42.6999 dB    V 44.0629 dB] [ET   414 ] [L0 2 0 ] [L1 4 8 ]
POC     6 TId: 4 (      STSA, B-SLICE, QP 34)             8824 bits [Y 37.8501 dB    U 42.3586 dB    V 43.6726 dB] [ET   638 ] [L0 4 0 ] [L1 8 16 ]
POC     5 TId: 5 (      STSA, B-SLICE, QP 36)             3288 bits [Y 37.6333 dB    U 42.3555 dB    V 43.7328 dB] [ET   421 ] [L0 4 0 ] [L1 6 8 ]
POC     7 TId: 5 (      STSA, B-SLICE, QP 36)             3008 bits [Y 37.7676 dB    U 42.3132 dB    V 43.6453 dB] [ET   442 ] [L0 6 4 ] [L1 8 16 ]
POC    12 TId: 3 (      STSA, B-SLICE, QP 32, TF 0)      21176 bits [Y 37.7442 dB    U 41.9919 dB    V 43.2024 dB] [ET   961 ] [L0 8 0 ] [L1 16 8 ]
POC    10 TId: 4 (      STSA, B-SLICE, QP 34)             9760 bits [Y 37.6283 dB    U 42.1263 dB    V 43.3001 dB] [ET   720 ] [L0 8 0 ] [L1 12 16 ]
POC     9 TId: 5 (      STSA, B-SLICE, QP 36)             3416 bits [Y 37.6337 dB    U 42.2002 dB    V 43.4938 dB] [ET   446 ] [L0 8 0 ] [L1 10 12 ]
POC    11 TId: 5 (      STSA, B-SLICE, QP 36)             3880 bits [Y 37.3441 dB    U 42.0215 dB    V 43.2625 dB] [ET   421 ] [L0 10 8 ] [L1 12 16 ]
POC    14 TId: 4 (      STSA, B-SLICE, QP 34)            10728 bits [Y 37.4069 dB    U 41.9565 dB    V 43.0578 dB] [ET   566 ] [L0 12 8 ] [L1 16 12 ]
POC    13 TId: 5 (      STSA, B-SLICE, QP 36)             4024 bits [Y 37.1671 dB    U 41.9318 dB    V 43.1628 dB] [ET   420 ] [L0 12 8 ] [L1 14 16 ]
POC    15 TId: 5 (      STSA, B-SLICE, QP 36)             4296 bits [Y 37.3568 dB    U 41.9863 dB    V 43.0944 dB] [ET   372 ] [L0 14 12 ] [L1 16 14 ]

	Total Frames |   Bitrate     Y-PSNR    U-PSNR    V-PSNR    YUV-PSNR   
	       17    a    2219.9153   38.0264   42.3223   43.6224   39.0838

 finished @ Tue Apr 11 04:55:38 2023
 Total Time:    10062.362 sec. [user]    10081.503 sec. [elapsed]

Level: 0
Inject Calls: 11258245047
Errors injected by bit:
	Bit 0: 112548
	Bit 1: 112879
	Bit 2: 112825
	Bit 3: 112914
	Bit 4: 112542
	Bit 5: 112513
	Bit 6: 112724
	Bit 7: 112758

Total errors injected: 901703
