vvencFFapp: Fraunhofer VVC Encoder ver. 1.5.0 [Linux][GCC 11.3.0][64 bit][SIMD=AVX2]
 started @ Tue Apr 11 09:57:44 2023
CODING TOOL CFG: CTU128 QT44BTT21 IBD:1 SAO:1 ALF:1 (NonLinLuma:0 NonLinChr:0) CCALF:1 Tiles:1x1 Slices:1 WPP:0 WPP-Substreams:1 TMVP:1 DQ:1 SDH:0 CST:1 BDOF:1 DMVR:1 MTSImplicit:1 SBT:0 JCbCr:1 CabacInitPresent:1 AMVR:5 SMVD:3 LMCS:2 (Signal:SDR Opt:0) CIIP:0 MIP:1 AFFINE:2 (PROF:1, Type:1) MMVD:3 DisFracMMVD:1 SbTMVP:1 GPM:3 LFNST:1 MTS:0 ISP:3 TS:2 TSLog2MaxSize:4 useChromaTS:0 BDPCM:2 IBC:2 BCW:0 
ENC. ALG. CFG: QPA:0 HAD:1 RDQ:1 RDQTS:1 ASR:1 MinSearchWindow:96 RestrictMESampling:0 EDO:2 MCTF:2 
PRE-ANALYSIS CFG: STA:1 LeadFrames:0 TrailFrames:0 
FAST TOOL CFG: ECU:0 FEN:1 FDM:1 FastSearch:4 (SCC:2) LCTUFast:1 FastMrg:2 PBIntraFast:1 AMaxBT:1 FastQtBtEnc:1 ContentBasedFastQtbt:0 FastMIP:3 FastIntraTools:0 IntraEstDecBit:2 FastLocalDualTree:1 IntegerET:0 FastSubPel:1 QtbttExtraFast:3 FastTTSplit:0 IBCFastMethod:3 FIM:0 ALFSpeed:0 QuantThr: 4 
RATE CONTROL CFG: RateControl:0 LookAhead:0 
PARALLEL PROCESSING CFG: NumThreads:0 MaxParallelFrames:0 WppBitEqual:0 WF:0 

POC     0 TId: 0 (  IDR_N_LP, I-SLICE, QP 29, TF 2)     239000 bits [Y 37.7621 dB    U 41.1947 dB    V 42.2796 dB] [ET   289 ] [L0 ] [L1 ]
POC    16 TId: 1 (      STSA, B-SLICE, QP 34, TF 1)      48312 bits [Y 35.5509 dB    U 39.9255 dB    V 40.5982 dB] [ET   904 ] [L0 0 ] [L1 0 ]
POC     8 TId: 2 (      STSA, B-SLICE, QP 35, TF 0)      20248 bits [Y 35.7085 dB    U 40.3251 dB    V 41.0731 dB] [ET   887 ] [L0 0 16 ] [L1 16 0 ]
POC     4 TId: 3 (      STSA, B-SLICE, QP 38)             8240 bits [Y 35.6399 dB    U 40.6553 dB    V 41.4770 dB] [ET   669 ] [L0 0 8 ] [L1 8 16 ]
POC     2 TId: 4 (      STSA, B-SLICE, QP 40)             3688 bits [Y 35.8261 dB    U 40.9006 dB    V 41.7790 dB] [ET   363 ] [L0 0 4 ] [L1 4 8 ]
POC     1 TId: 5 (      STSA, B-SLICE, QP 41)             1536 bits [Y 36.3786 dB    U 41.0327 dB    V 42.1254 dB] [ET   249 ] [L0 0 2 ] [L1 2 4 ]
POC     3 TId: 5 (      STSA, B-SLICE, QP 41)             1456 bits [Y 35.4132 dB    U 40.8578 dB    V 41.6873 dB] [ET   307 ] [L0 2 0 ] [L1 4 8 ]
POC     6 TId: 4 (      STSA, B-SLICE, QP 40)             3784 bits [Y 35.1201 dB    U 40.5054 dB    V 41.2441 dB] [ET   448 ] [L0 4 0 ] [L1 8 16 ]
POC     5 TId: 5 (      STSA, B-SLICE, QP 41)             1520 bits [Y 35.0938 dB    U 40.5432 dB    V 41.3598 dB] [ET   310 ] [L0 4 0 ] [L1 6 8 ]
POC     7 TId: 5 (      STSA, B-SLICE, QP 41)             1336 bits [Y 35.1442 dB    U 40.4178 dB    V 41.1965 dB] [ET   299 ] [L0 6 4 ] [L1 8 16 ]
POC    12 TId: 3 (      STSA, B-SLICE, QP 38)            10064 bits [Y 34.9299 dB    U 40.1065 dB    V 40.8320 dB] [ET   839 ] [L0 8 0 ] [L1 16 8 ]
POC    10 TId: 4 (      STSA, B-SLICE, QP 40)             3824 bits [Y 34.7837 dB    U 40.2034 dB    V 40.9724 dB] [ET   479 ] [L0 8 0 ] [L1 12 16 ]
POC     9 TId: 5 (      STSA, B-SLICE, QP 41)             1696 bits [Y 34.9641 dB    U 40.3297 dB    V 41.0788 dB] [ET   334 ] [L0 8 0 ] [L1 10 12 ]
POC    11 TId: 5 (      STSA, B-SLICE, QP 41)             1728 bits [Y 34.6035 dB    U 40.1444 dB    V 40.9175 dB] [ET   383 ] [L0 10 8 ] [L1 12 16 ]
POC    14 TId: 4 (      STSA, B-SLICE, QP 40)             4568 bits [Y 34.6253 dB    U 39.9887 dB    V 40.6887 dB] [ET   389 ] [L0 12 8 ] [L1 16 12 ]
POC    13 TId: 5 (      STSA, B-SLICE, QP 41)             2112 bits [Y 34.4949 dB    U 40.0565 dB    V 40.7348 dB] [ET   347 ] [L0 12 8 ] [L1 14 16 ]
POC    15 TId: 5 (      STSA, B-SLICE, QP 41)             2112 bits [Y 34.6684 dB    U 39.9545 dB    V 40.5288 dB] [ET   271 ] [L0 14 12 ] [L1 16 14 ]

	Total Frames |   Bitrate     Y-PSNR    U-PSNR    V-PSNR    YUV-PSNR   
	       17    a    1253.7318   35.3357   40.4201   41.2102   36.4604

 finished @ Tue Apr 11 12:07:23 2023
 Total Time:     7765.980 sec. [user]     7778.223 sec. [elapsed]

Level: 0
Inject Calls: 8726904795
Errors injected by bit:
	Bit 0: 86571
	Bit 1: 87629
	Bit 2: 87204
	Bit 3: 87366
	Bit 4: 87459
	Bit 5: 86751
	Bit 6: 87089
	Bit 7: 87871

Total errors injected: 697940
