vvencFFapp: Fraunhofer VVC Encoder ver. 1.5.0 [Linux][GCC 11.3.0][64 bit][SIMD=AVX2]
 started @ Mon Apr 10 18:27:27 2023
CODING TOOL CFG: CTU128 QT44BTT21 IBD:1 SAO:1 ALF:1 (NonLinLuma:0 NonLinChr:0) CCALF:1 Tiles:1x1 Slices:1 WPP:0 WPP-Substreams:1 TMVP:1 DQ:1 SDH:0 CST:1 BDOF:1 DMVR:1 MTSImplicit:1 SBT:0 JCbCr:1 CabacInitPresent:1 AMVR:5 SMVD:3 LMCS:2 (Signal:SDR Opt:0) CIIP:0 MIP:1 AFFINE:2 (PROF:1, Type:1) MMVD:3 DisFracMMVD:1 SbTMVP:1 GPM:3 LFNST:1 MTS:0 ISP:3 TS:2 TSLog2MaxSize:4 useChromaTS:0 BDPCM:2 IBC:2 BCW:0 
ENC. ALG. CFG: QPA:0 HAD:1 RDQ:1 RDQTS:1 ASR:1 MinSearchWindow:96 RestrictMESampling:0 EDO:2 MCTF:2 
PRE-ANALYSIS CFG: STA:1 LeadFrames:0 TrailFrames:0 
FAST TOOL CFG: ECU:0 FEN:1 FDM:1 FastSearch:4 (SCC:2) LCTUFast:1 FastMrg:2 PBIntraFast:1 AMaxBT:1 FastQtBtEnc:1 ContentBasedFastQtbt:0 FastMIP:3 FastIntraTools:0 IntraEstDecBit:2 FastLocalDualTree:1 IntegerET:0 FastSubPel:1 QtbttExtraFast:3 FastTTSplit:0 IBCFastMethod:3 FIM:0 ALFSpeed:0 QuantThr: 4 
RATE CONTROL CFG: RateControl:0 LookAhead:0 
PARALLEL PROCESSING CFG: NumThreads:0 MaxParallelFrames:0 WppBitEqual:0 WF:0 

POC     0 TId: 0 (  IDR_N_LP, I-SLICE, QP 19, TF 3)     581848 bits [Y 42.2672 dB    U 45.0524 dB    V 46.9660 dB] [ET   490 ] [L0 ] [L1 ]
POC    16 TId: 1 (      STSA, B-SLICE, QP 22, TF 2)     217328 bits [Y 41.6214 dB    U 44.2186 dB    V 45.8376 dB] [ET  1274 ] [L0 0 ] [L1 0 ]
POC     8 TId: 2 (      STSA, B-SLICE, QP 23, TF 1)      97496 bits [Y 40.9435 dB    U 44.1675 dB    V 46.0261 dB] [ET  1342 ] [L0 0 16 ] [L1 16 0 ]
POC     4 TId: 3 (      STSA, B-SLICE, QP 26, TF 0)      43120 bits [Y 40.5509 dB    U 44.3420 dB    V 46.1560 dB] [ET  1221 ] [L0 0 8 ] [L1 8 16 ]
POC     2 TId: 4 (      STSA, B-SLICE, QP 28)            21248 bits [Y 40.5779 dB    U 44.6417 dB    V 46.4507 dB] [ET   695 ] [L0 0 4 ] [L1 4 8 ]
POC     1 TId: 5 (      STSA, B-SLICE, QP 29)             8736 bits [Y 40.8471 dB    U 44.8225 dB    V 46.7244 dB] [ET   495 ] [L0 0 2 ] [L1 2 4 ]
POC     3 TId: 5 (      STSA, B-SLICE, QP 29)            10344 bits [Y 40.2349 dB    U 44.4919 dB    V 46.2448 dB] [ET   606 ] [L0 2 0 ] [L1 4 8 ]
POC     6 TId: 4 (      STSA, B-SLICE, QP 28)            21960 bits [Y 40.1526 dB    U 44.1320 dB    V 45.8888 dB] [ET   871 ] [L0 4 0 ] [L1 8 16 ]
POC     5 TId: 5 (      STSA, B-SLICE, QP 29)            10352 bits [Y 40.0036 dB    U 44.1073 dB    V 45.9182 dB] [ET   612 ] [L0 4 0 ] [L1 6 8 ]
POC     7 TId: 5 (      STSA, B-SLICE, QP 29)             9472 bits [Y 40.0933 dB    U 44.1834 dB    V 45.8622 dB] [ET   629 ] [L0 6 4 ] [L1 8 16 ]
POC    12 TId: 3 (      STSA, B-SLICE, QP 26, TF 0)      49216 bits [Y 40.2655 dB    U 43.9720 dB    V 45.6032 dB] [ET  1369 ] [L0 8 0 ] [L1 16 8 ]
POC    10 TId: 4 (      STSA, B-SLICE, QP 28)            23928 bits [Y 40.0644 dB    U 43.9882 dB    V 45.6183 dB] [ET  1004 ] [L0 8 0 ] [L1 12 16 ]
POC     9 TId: 5 (      STSA, B-SLICE, QP 29)            10336 bits [Y 40.0332 dB    U 44.0624 dB    V 45.8643 dB] [ET   610 ] [L0 8 0 ] [L1 10 12 ]
POC    11 TId: 5 (      STSA, B-SLICE, QP 29)            11480 bits [Y 39.8663 dB    U 43.9169 dB    V 45.6037 dB] [ET   634 ] [L0 10 8 ] [L1 12 16 ]
POC    14 TId: 4 (      STSA, B-SLICE, QP 28)            27328 bits [Y 40.0020 dB    U 43.8645 dB    V 45.4061 dB] [ET   848 ] [L0 12 8 ] [L1 16 12 ]
POC    13 TId: 5 (      STSA, B-SLICE, QP 29)            12960 bits [Y 39.7448 dB    U 43.8661 dB    V 45.4815 dB] [ET   708 ] [L0 12 8 ] [L1 14 16 ]
POC    15 TId: 5 (      STSA, B-SLICE, QP 29)            13736 bits [Y 39.9417 dB    U 43.9430 dB    V 45.5019 dB] [ET   518 ] [L0 14 12 ] [L1 16 14 ]

	Total Frames |   Bitrate     Y-PSNR    U-PSNR    V-PSNR    YUV-PSNR   
	       17    a    4132.5459   40.4241   44.2219   45.9502   41.4464

 finished @ Mon Apr 10 22:19:50 2023
 Total Time:    13918.064 sec. [user]    13942.780 sec. [elapsed]

Level: 0
Inject Calls: 15058870222
Errors injected by bit:
	Bit 0: 150221
	Bit 1: 150141
	Bit 2: 150411
	Bit 3: 151108
	Bit 4: 150140
	Bit 5: 150664
	Bit 6: 150829
	Bit 7: 150619

Total errors injected: 1204133
