vvencFFapp: Fraunhofer VVC Encoder ver. 1.5.0 [Linux][GCC 11.3.0][64 bit][SIMD=AVX2]
 started @ Sat Apr 15 16:14:34 2023
CODING TOOL CFG: CTU128 QT44BTT21 IBD:1 SAO:1 ALF:1 (NonLinLuma:0 NonLinChr:0) CCALF:1 Tiles:1x1 Slices:1 WPP:0 WPP-Substreams:1 TMVP:1 DQ:1 SDH:0 CST:1 BDOF:1 DMVR:1 MTSImplicit:1 SBT:0 JCbCr:1 CabacInitPresent:1 AMVR:5 SMVD:3 LMCS:2 (Signal:SDR Opt:0) CIIP:0 MIP:1 AFFINE:2 (PROF:1, Type:1) MMVD:3 DisFracMMVD:1 SbTMVP:1 GPM:3 LFNST:1 MTS:0 ISP:3 TS:2 TSLog2MaxSize:4 useChromaTS:0 BDPCM:2 IBC:2 BCW:0 
ENC. ALG. CFG: QPA:0 HAD:1 RDQ:1 RDQTS:1 ASR:1 MinSearchWindow:96 RestrictMESampling:0 EDO:2 MCTF:2 
PRE-ANALYSIS CFG: STA:1 LeadFrames:0 TrailFrames:0 
FAST TOOL CFG: ECU:0 FEN:1 FDM:1 FastSearch:4 (SCC:2) LCTUFast:1 FastMrg:2 PBIntraFast:1 AMaxBT:1 FastQtBtEnc:1 ContentBasedFastQtbt:0 FastMIP:3 FastIntraTools:0 IntraEstDecBit:2 FastLocalDualTree:1 IntegerET:0 FastSubPel:1 QtbttExtraFast:3 FastTTSplit:0 IBCFastMethod:3 FIM:0 ALFSpeed:0 QuantThr: 4 
RATE CONTROL CFG: RateControl:0 LookAhead:0 
PARALLEL PROCESSING CFG: NumThreads:0 MaxParallelFrames:0 WppBitEqual:0 WF:0 

POC     0 TId: 0 (  IDR_N_LP, I-SLICE, QP 29, TF 2)     245544 bits [Y 36.0242 dB    U 38.6082 dB    V 40.2672 dB] [ET   268 ] [L0 ] [L1 ]
POC    16 TId: 1 (      STSA, B-SLICE, QP 34, TF 1)     116880 bits [Y 34.7010 dB    U 37.5073 dB    V 38.5964 dB] [ET  1626 ] [L0 0 ] [L1 0 ]
POC     8 TId: 2 (      STSA, B-SLICE, QP 35, TF 0)      82528 bits [Y 33.8127 dB    U 37.0845 dB    V 38.2369 dB] [ET  2059 ] [L0 0 16 ] [L1 16 0 ]
POC     4 TId: 3 (      STSA, B-SLICE, QP 38)            35328 bits [Y 33.0203 dB    U 37.1568 dB    V 38.4603 dB] [ET  1976 ] [L0 0 8 ] [L1 8 16 ]
POC     2 TId: 4 (      STSA, B-SLICE, QP 40)            19376 bits [Y 32.7139 dB    U 37.4532 dB    V 38.8277 dB] [ET  1157 ] [L0 0 4 ] [L1 4 8 ]
POC     1 TId: 5 (      STSA, B-SLICE, QP 41)            10600 bits [Y 32.8805 dB    U 37.6027 dB    V 39.1391 dB] [ET   774 ] [L0 0 2 ] [L1 2 4 ]
POC     3 TId: 5 (      STSA, B-SLICE, QP 41)             9936 bits [Y 32.2566 dB    U 37.0683 dB    V 38.4368 dB] [ET   885 ] [L0 2 0 ] [L1 4 8 ]
POC     6 TId: 4 (      STSA, B-SLICE, QP 40)            18456 bits [Y 32.4210 dB    U 36.9640 dB    V 38.2233 dB] [ET  1466 ] [L0 4 0 ] [L1 8 16 ]
POC     5 TId: 5 (      STSA, B-SLICE, QP 41)             9288 bits [Y 32.3041 dB    U 36.9244 dB    V 38.2869 dB] [ET   951 ] [L0 4 0 ] [L1 6 8 ]
POC     7 TId: 5 (      STSA, B-SLICE, QP 41)             8992 bits [Y 32.2381 dB    U 36.7783 dB    V 37.9569 dB] [ET   953 ] [L0 6 4 ] [L1 8 16 ]
POC    12 TId: 3 (      STSA, B-SLICE, QP 38)            37176 bits [Y 32.8102 dB    U 37.1794 dB    V 37.9592 dB] [ET  1913 ] [L0 8 0 ] [L1 16 8 ]
POC    10 TId: 4 (      STSA, B-SLICE, QP 40)            19864 bits [Y 32.1822 dB    U 36.8836 dB    V 37.7384 dB] [ET  1584 ] [L0 8 0 ] [L1 12 16 ]
POC     9 TId: 5 (      STSA, B-SLICE, QP 41)             9520 bits [Y 32.2061 dB    U 36.8423 dB    V 37.8689 dB] [ET   936 ] [L0 8 0 ] [L1 10 12 ]
POC    11 TId: 5 (      STSA, B-SLICE, QP 41)             9576 bits [Y 32.0413 dB    U 36.9139 dB    V 37.6483 dB] [ET   962 ] [L0 10 8 ] [L1 12 16 ]
POC    14 TId: 4 (      STSA, B-SLICE, QP 40)            18784 bits [Y 32.3286 dB    U 37.0252 dB    V 37.9725 dB] [ET  1195 ] [L0 12 8 ] [L1 16 12 ]
POC    13 TId: 5 (      STSA, B-SLICE, QP 41)             9024 bits [Y 32.1588 dB    U 36.9685 dB    V 37.8516 dB] [ET   936 ] [L0 12 8 ] [L1 14 16 ]
POC    15 TId: 5 (      STSA, B-SLICE, QP 41)             8200 bits [Y 32.4616 dB    U 37.1591 dB    V 38.1762 dB] [ET   844 ] [L0 14 12 ] [L1 16 14 ]

	Total Frames |   Bitrate     Y-PSNR    U-PSNR    V-PSNR    YUV-PSNR   
	       17    a    1180.7153   32.8565   37.1835   38.3322   33.8664

 finished @ Sat Apr 15 21:56:11 2023
 Total Time:    20495.533 sec. [user]    20496.584 sec. [elapsed]

Level: 0
Inject Calls: 23495669804
Errors injected by bit:
	Bit 0: 235255
	Bit 1: 234254
	Bit 2: 235314
	Bit 3: 234959
	Bit 4: 234490
	Bit 5: 234588
	Bit 6: 235819
	Bit 7: 234272

Total errors injected: 1878951
