vvencFFapp: Fraunhofer VVC Encoder ver. 1.5.0 [Linux][GCC 11.3.0][64 bit][SIMD=AVX2]
 started @ Tue Apr 11 04:42:39 2023
CODING TOOL CFG: CTU128 QT44BTT21 IBD:1 SAO:1 ALF:1 (NonLinLuma:0 NonLinChr:0) CCALF:1 Tiles:1x1 Slices:1 WPP:0 WPP-Substreams:1 TMVP:1 DQ:1 SDH:0 CST:1 BDOF:1 DMVR:1 MTSImplicit:1 SBT:0 JCbCr:1 CabacInitPresent:1 AMVR:5 SMVD:3 LMCS:2 (Signal:SDR Opt:0) CIIP:0 MIP:1 AFFINE:2 (PROF:1, Type:1) MMVD:3 DisFracMMVD:1 SbTMVP:1 GPM:3 LFNST:1 MTS:0 ISP:3 TS:2 TSLog2MaxSize:4 useChromaTS:0 BDPCM:2 IBC:2 BCW:0 
ENC. ALG. CFG: QPA:0 HAD:1 RDQ:1 RDQTS:1 ASR:1 MinSearchWindow:96 RestrictMESampling:0 EDO:2 MCTF:2 
PRE-ANALYSIS CFG: STA:1 LeadFrames:0 TrailFrames:0 
FAST TOOL CFG: ECU:0 FEN:1 FDM:1 FastSearch:4 (SCC:2) LCTUFast:1 FastMrg:2 PBIntraFast:1 AMaxBT:1 FastQtBtEnc:1 ContentBasedFastQtbt:0 FastMIP:3 FastIntraTools:0 IntraEstDecBit:2 FastLocalDualTree:1 IntegerET:0 FastSubPel:1 QtbttExtraFast:3 FastTTSplit:0 IBCFastMethod:3 FIM:0 ALFSpeed:0 QuantThr: 4 
RATE CONTROL CFG: RateControl:0 LookAhead:0 
PARALLEL PROCESSING CFG: NumThreads:0 MaxParallelFrames:0 WppBitEqual:0 WF:0 

POC     0 TId: 0 (  IDR_N_LP, I-SLICE, QP 24, TF 3)     377624 bits [Y 40.2668 dB    U 43.0828 dB    V 44.6158 dB] [ET   408 ] [L0 ] [L1 ]
POC    16 TId: 1 (      STSA, B-SLICE, QP 28, TF 2)     101728 bits [Y 38.6886 dB    U 42.0393 dB    V 43.2048 dB] [ET   875 ] [L0 0 ] [L1 0 ]
POC     8 TId: 2 (      STSA, B-SLICE, QP 29, TF 1)      44528 bits [Y 38.5747 dB    U 42.2187 dB    V 43.6462 dB] [ET  1053 ] [L0 0 16 ] [L1 16 0 ]
POC     4 TId: 3 (      STSA, B-SLICE, QP 32, TF 0)      18632 bits [Y 38.2926 dB    U 42.4382 dB    V 43.8668 dB] [ET  1084 ] [L0 0 8 ] [L1 8 16 ]
POC     2 TId: 4 (      STSA, B-SLICE, QP 34)             8344 bits [Y 38.4198 dB    U 42.7882 dB    V 44.2102 dB] [ET   591 ] [L0 0 4 ] [L1 4 8 ]
POC     1 TId: 5 (      STSA, B-SLICE, QP 36)             3080 bits [Y 38.7699 dB    U 42.9037 dB    V 44.4876 dB] [ET   313 ] [L0 0 2 ] [L1 2 4 ]
POC     3 TId: 5 (      STSA, B-SLICE, QP 36)             3176 bits [Y 37.8723 dB    U 42.6244 dB    V 44.0221 dB] [ET   405 ] [L0 2 0 ] [L1 4 8 ]
POC     6 TId: 4 (      STSA, B-SLICE, QP 34)             9048 bits [Y 37.8743 dB    U 42.3457 dB    V 43.7470 dB] [ET   640 ] [L0 4 0 ] [L1 8 16 ]
POC     5 TId: 5 (      STSA, B-SLICE, QP 36)             3248 bits [Y 37.6466 dB    U 42.3712 dB    V 43.8279 dB] [ET   419 ] [L0 4 0 ] [L1 6 8 ]
POC     7 TId: 5 (      STSA, B-SLICE, QP 36)             2736 bits [Y 37.7521 dB    U 42.3033 dB    V 43.6802 dB] [ET   446 ] [L0 6 4 ] [L1 8 16 ]
POC    12 TId: 3 (      STSA, B-SLICE, QP 32, TF 0)      22184 bits [Y 37.8035 dB    U 41.9790 dB    V 43.1723 dB] [ET   916 ] [L0 8 0 ] [L1 16 8 ]
POC    10 TId: 4 (      STSA, B-SLICE, QP 34)             9472 bits [Y 37.6338 dB    U 42.0998 dB    V 43.3923 dB] [ET   670 ] [L0 8 0 ] [L1 12 16 ]
POC     9 TId: 5 (      STSA, B-SLICE, QP 36)             3520 bits [Y 37.6369 dB    U 42.1805 dB    V 43.5304 dB] [ET   406 ] [L0 8 0 ] [L1 10 12 ]
POC    11 TId: 5 (      STSA, B-SLICE, QP 36)             3616 bits [Y 37.3508 dB    U 42.0448 dB    V 43.3344 dB] [ET   415 ] [L0 10 8 ] [L1 12 16 ]
POC    14 TId: 4 (      STSA, B-SLICE, QP 34)            10584 bits [Y 37.4307 dB    U 41.9143 dB    V 43.0038 dB] [ET   593 ] [L0 12 8 ] [L1 16 12 ]
POC    13 TId: 5 (      STSA, B-SLICE, QP 36)             4384 bits [Y 37.2365 dB    U 41.9276 dB    V 43.1206 dB] [ET   444 ] [L0 12 8 ] [L1 14 16 ]
POC    15 TId: 5 (      STSA, B-SLICE, QP 36)             4168 bits [Y 37.3493 dB    U 41.9868 dB    V 43.0605 dB] [ET   345 ] [L0 14 12 ] [L1 16 14 ]

	Total Frames |   Bitrate     Y-PSNR    U-PSNR    V-PSNR    YUV-PSNR   
	       17    a    2223.7835   38.0352   42.3087   43.6425   39.0924

 finished @ Tue Apr 11 07:30:00 2023
 Total Time:    10024.487 sec. [user]    10040.873 sec. [elapsed]

Level: 0
Inject Calls: 11080741538
Errors injected by bit:
	Bit 0: 11053
	Bit 1: 11092
	Bit 2: 11056
	Bit 3: 10944
	Bit 4: 11126
	Bit 5: 11020
	Bit 6: 10963
	Bit 7: 11223

Total errors injected: 88477
