vvencFFapp: Fraunhofer VVC Encoder ver. 1.5.0 [Linux][GCC 11.3.0][64 bit][SIMD=AVX2]
 started @ Mon Apr 10 18:22:27 2023
CODING TOOL CFG: CTU128 QT44BTT21 IBD:1 SAO:1 ALF:1 (NonLinLuma:0 NonLinChr:0) CCALF:1 Tiles:1x1 Slices:1 WPP:0 WPP-Substreams:1 TMVP:1 DQ:1 SDH:0 CST:1 BDOF:1 DMVR:1 MTSImplicit:1 SBT:0 JCbCr:1 CabacInitPresent:1 AMVR:5 SMVD:3 LMCS:2 (Signal:SDR Opt:0) CIIP:0 MIP:1 AFFINE:2 (PROF:1, Type:1) MMVD:3 DisFracMMVD:1 SbTMVP:1 GPM:3 LFNST:1 MTS:0 ISP:3 TS:2 TSLog2MaxSize:4 useChromaTS:0 BDPCM:2 IBC:2 BCW:0 
ENC. ALG. CFG: QPA:0 HAD:1 RDQ:1 RDQTS:1 ASR:1 MinSearchWindow:96 RestrictMESampling:0 EDO:2 MCTF:2 
PRE-ANALYSIS CFG: STA:1 LeadFrames:0 TrailFrames:0 
FAST TOOL CFG: ECU:0 FEN:1 FDM:1 FastSearch:4 (SCC:2) LCTUFast:1 FastMrg:2 PBIntraFast:1 AMaxBT:1 FastQtBtEnc:1 ContentBasedFastQtbt:0 FastMIP:3 FastIntraTools:0 IntraEstDecBit:2 FastLocalDualTree:1 IntegerET:0 FastSubPel:1 QtbttExtraFast:3 FastTTSplit:0 IBCFastMethod:3 FIM:0 ALFSpeed:0 QuantThr: 4 
RATE CONTROL CFG: RateControl:0 LookAhead:0 
PARALLEL PROCESSING CFG: NumThreads:0 MaxParallelFrames:0 WppBitEqual:0 WF:0 

POC     0 TId: 0 (  IDR_N_LP, I-SLICE, QP 19, TF 3)     581848 bits [Y 42.2672 dB    U 45.0524 dB    V 46.9660 dB] [ET   462 ] [L0 ] [L1 ]
POC    16 TId: 1 (      STSA, B-SLICE, QP 22, TF 2)     215992 bits [Y 41.6020 dB    U 44.1842 dB    V 45.8360 dB] [ET  1130 ] [L0 0 ] [L1 0 ]
POC     8 TId: 2 (      STSA, B-SLICE, QP 23, TF 1)      98408 bits [Y 40.9502 dB    U 44.1750 dB    V 46.0068 dB] [ET  1288 ] [L0 0 16 ] [L1 16 0 ]
POC     4 TId: 3 (      STSA, B-SLICE, QP 26, TF 0)      43840 bits [Y 40.5583 dB    U 44.2931 dB    V 46.1372 dB] [ET  1073 ] [L0 0 8 ] [L1 8 16 ]
POC     2 TId: 4 (      STSA, B-SLICE, QP 28)            20720 bits [Y 40.5552 dB    U 44.6298 dB    V 46.4188 dB] [ET   756 ] [L0 0 4 ] [L1 4 8 ]
POC     1 TId: 5 (      STSA, B-SLICE, QP 29)             9016 bits [Y 40.8466 dB    U 44.8150 dB    V 46.6936 dB] [ET   517 ] [L0 0 2 ] [L1 2 4 ]
POC     3 TId: 5 (      STSA, B-SLICE, QP 29)            10472 bits [Y 40.2598 dB    U 44.4921 dB    V 46.2434 dB] [ET   576 ] [L0 2 0 ] [L1 4 8 ]
POC     6 TId: 4 (      STSA, B-SLICE, QP 28)            21376 bits [Y 40.1428 dB    U 44.1117 dB    V 45.8697 dB] [ET   794 ] [L0 4 0 ] [L1 8 16 ]
POC     5 TId: 5 (      STSA, B-SLICE, QP 29)            10032 bits [Y 40.0067 dB    U 44.1108 dB    V 45.9510 dB] [ET   590 ] [L0 4 0 ] [L1 6 8 ]
POC     7 TId: 5 (      STSA, B-SLICE, QP 29)             9456 bits [Y 40.0957 dB    U 44.1582 dB    V 45.8303 dB] [ET   626 ] [L0 6 4 ] [L1 8 16 ]
POC    12 TId: 3 (      STSA, B-SLICE, QP 26, TF 0)      48856 bits [Y 40.2503 dB    U 43.9928 dB    V 45.5919 dB] [ET  1259 ] [L0 8 0 ] [L1 16 8 ]
POC    10 TId: 4 (      STSA, B-SLICE, QP 28)            23536 bits [Y 40.0572 dB    U 43.9766 dB    V 45.6179 dB] [ET  1045 ] [L0 8 0 ] [L1 12 16 ]
POC     9 TId: 5 (      STSA, B-SLICE, QP 29)            10128 bits [Y 40.0359 dB    U 44.0985 dB    V 45.8181 dB] [ET   615 ] [L0 8 0 ] [L1 10 12 ]
POC    11 TId: 5 (      STSA, B-SLICE, QP 29)            10728 bits [Y 39.8425 dB    U 43.9235 dB    V 45.6273 dB] [ET   626 ] [L0 10 8 ] [L1 12 16 ]
POC    14 TId: 4 (      STSA, B-SLICE, QP 28)            26696 bits [Y 39.9845 dB    U 43.8902 dB    V 45.4626 dB] [ET   762 ] [L0 12 8 ] [L1 16 12 ]
POC    13 TId: 5 (      STSA, B-SLICE, QP 29)            12944 bits [Y 39.7293 dB    U 43.8573 dB    V 45.4805 dB] [ET   696 ] [L0 12 8 ] [L1 14 16 ]
POC    15 TId: 5 (      STSA, B-SLICE, QP 29)            13992 bits [Y 39.9536 dB    U 43.9436 dB    V 45.5174 dB] [ET   527 ] [L0 14 12 ] [L1 16 14 ]

	Total Frames |   Bitrate     Y-PSNR    U-PSNR    V-PSNR    YUV-PSNR   
	       17    a    4122.4941   40.4199   44.2179   45.9452   41.4421

 finished @ Mon Apr 10 22:05:06 2023
 Total Time:    13337.439 sec. [user]    13358.738 sec. [elapsed]

Level: 0
Inject Calls: 14711898385
Errors injected by bit:
	Bit 0: 147486
	Bit 1: 146795
	Bit 2: 147213
	Bit 3: 147326
	Bit 4: 147305
	Bit 5: 147344
	Bit 6: 146940
	Bit 7: 147146

Total errors injected: 1177555
