vvencFFapp: Fraunhofer VVC Encoder ver. 1.5.0 [Linux][GCC 11.3.0][64 bit][SIMD=AVX2]
 started @ Thu Apr 13 19:08:48 2023
CODING TOOL CFG: CTU128 QT44BTT21 IBD:1 SAO:1 ALF:1 (NonLinLuma:0 NonLinChr:0) CCALF:1 Tiles:1x1 Slices:1 WPP:0 WPP-Substreams:1 TMVP:1 DQ:1 SDH:0 CST:1 BDOF:1 DMVR:1 MTSImplicit:1 SBT:0 JCbCr:1 CabacInitPresent:1 AMVR:5 SMVD:3 LMCS:2 (Signal:SDR Opt:0) CIIP:0 MIP:1 AFFINE:2 (PROF:1, Type:1) MMVD:3 DisFracMMVD:1 SbTMVP:1 GPM:3 LFNST:1 MTS:0 ISP:3 TS:2 TSLog2MaxSize:4 useChromaTS:0 BDPCM:2 IBC:2 BCW:0 
ENC. ALG. CFG: QPA:0 HAD:1 RDQ:1 RDQTS:1 ASR:1 MinSearchWindow:96 RestrictMESampling:0 EDO:2 MCTF:2 
PRE-ANALYSIS CFG: STA:1 LeadFrames:0 TrailFrames:0 
FAST TOOL CFG: ECU:0 FEN:1 FDM:1 FastSearch:4 (SCC:2) LCTUFast:1 FastMrg:2 PBIntraFast:1 AMaxBT:1 FastQtBtEnc:1 ContentBasedFastQtbt:0 FastMIP:3 FastIntraTools:0 IntraEstDecBit:2 FastLocalDualTree:1 IntegerET:0 FastSubPel:1 QtbttExtraFast:3 FastTTSplit:0 IBCFastMethod:3 FIM:0 ALFSpeed:0 QuantThr: 4 
RATE CONTROL CFG: RateControl:0 LookAhead:0 
PARALLEL PROCESSING CFG: NumThreads:0 MaxParallelFrames:0 WppBitEqual:0 WF:0 

POC     0 TId: 0 (  IDR_N_LP, I-SLICE, QP 19, TF 3)     629392 bits [Y 41.1842 dB    U 43.2214 dB    V 44.1771 dB] [ET   414 ] [L0 ] [L1 ]
POC    16 TId: 1 (      STSA, B-SLICE, QP 22, TF 2)     443688 bits [Y 42.2993 dB    U 43.3862 dB    V 44.2513 dB] [ET  2217 ] [L0 0 ] [L1 0 ]
POC     8 TId: 2 (      STSA, B-SLICE, QP 23, TF 1)     350480 bits [Y 40.6542 dB    U 42.0298 dB    V 43.2737 dB] [ET  2611 ] [L0 0 16 ] [L1 16 0 ]
POC     4 TId: 3 (      STSA, B-SLICE, QP 26, TF 0)     175704 bits [Y 38.9446 dB    U 41.4137 dB    V 42.5201 dB] [ET  2604 ] [L0 0 8 ] [L1 8 16 ]
POC     2 TId: 4 (      STSA, B-SLICE, QP 28)           107952 bits [Y 38.3616 dB    U 41.4619 dB    V 42.5785 dB] [ET  1852 ] [L0 0 4 ] [L1 4 8 ]
POC     1 TId: 5 (      STSA, B-SLICE, QP 29)            67696 bits [Y 37.9102 dB    U 41.4961 dB    V 42.7809 dB] [ET  1319 ] [L0 0 2 ] [L1 2 4 ]
POC     3 TId: 5 (      STSA, B-SLICE, QP 29)            64616 bits [Y 37.7258 dB    U 41.0522 dB    V 42.2660 dB] [ET  1534 ] [L0 2 0 ] [L1 4 8 ]
POC     6 TId: 4 (      STSA, B-SLICE, QP 28)           102008 bits [Y 38.3622 dB    U 41.1002 dB    V 42.3176 dB] [ET  2148 ] [L0 4 0 ] [L1 8 16 ]
POC     5 TId: 5 (      STSA, B-SLICE, QP 29)            60904 bits [Y 37.7345 dB    U 40.9698 dB    V 42.2527 dB] [ET  1583 ] [L0 4 0 ] [L1 6 8 ]
POC     7 TId: 5 (      STSA, B-SLICE, QP 29)            62600 bits [Y 37.8373 dB    U 40.9351 dB    V 42.1054 dB] [ET  1613 ] [L0 6 4 ] [L1 8 16 ]
POC    12 TId: 3 (      STSA, B-SLICE, QP 26, TF 0)     185416 bits [Y 38.9886 dB    U 41.5798 dB    V 42.3986 dB] [ET  2841 ] [L0 8 0 ] [L1 16 8 ]
POC    10 TId: 4 (      STSA, B-SLICE, QP 28)           114152 bits [Y 38.3214 dB    U 41.1423 dB    V 42.0352 dB] [ET  2372 ] [L0 8 0 ] [L1 12 16 ]
POC     9 TId: 5 (      STSA, B-SLICE, QP 29)            64752 bits [Y 37.8476 dB    U 40.9694 dB    V 42.1744 dB] [ET  1601 ] [L0 8 0 ] [L1 10 12 ]
POC    11 TId: 5 (      STSA, B-SLICE, QP 29)            67480 bits [Y 37.7136 dB    U 41.0089 dB    V 41.8566 dB] [ET  1704 ] [L0 10 8 ] [L1 12 16 ]
POC    14 TId: 4 (      STSA, B-SLICE, QP 28)           116280 bits [Y 38.3683 dB    U 41.2084 dB    V 42.2263 dB] [ET  1895 ] [L0 12 8 ] [L1 16 12 ]
POC    13 TId: 5 (      STSA, B-SLICE, QP 29)            66048 bits [Y 37.7848 dB    U 40.9465 dB    V 41.9478 dB] [ET  1759 ] [L0 12 8 ] [L1 14 16 ]
POC    15 TId: 5 (      STSA, B-SLICE, QP 29)            68680 bits [Y 37.8832 dB    U 41.2279 dB    V 42.3676 dB] [ET  1353 ] [L0 14 12 ] [L1 16 14 ]

	Total Frames |   Bitrate     Y-PSNR    U-PSNR    V-PSNR    YUV-PSNR   
	       17    a    4849.1435   38.7013   41.4794   42.5606   39.3965

 finished @ Fri Apr 14 03:52:44 2023
 Total Time:    31434.704 sec. [user]    31436.325 sec. [elapsed]

Level: 0
Inject Calls: 35249179028
Errors injected by bit:
	Bit 0: 3527140
	Bit 1: 3523092
	Bit 2: 3526805
	Bit 3: 3523898
	Bit 4: 3527993
	Bit 5: 3522674
	Bit 6: 3524114
	Bit 7: 3524558

Total errors injected: 28200274
