vvencFFapp: Fraunhofer VVC Encoder ver. 1.5.0 [Linux][GCC 11.3.0][64 bit][SIMD=AVX2]
 started @ Mon Apr 10 18:47:29 2023
CODING TOOL CFG: CTU128 QT44BTT21 IBD:1 SAO:1 ALF:1 (NonLinLuma:0 NonLinChr:0) CCALF:1 Tiles:1x1 Slices:1 WPP:0 WPP-Substreams:1 TMVP:1 DQ:1 SDH:0 CST:1 BDOF:1 DMVR:1 MTSImplicit:1 SBT:0 JCbCr:1 CabacInitPresent:1 AMVR:5 SMVD:3 LMCS:2 (Signal:SDR Opt:0) CIIP:0 MIP:1 AFFINE:2 (PROF:1, Type:1) MMVD:3 DisFracMMVD:1 SbTMVP:1 GPM:3 LFNST:1 MTS:0 ISP:3 TS:2 TSLog2MaxSize:4 useChromaTS:0 BDPCM:2 IBC:2 BCW:0 
ENC. ALG. CFG: QPA:0 HAD:1 RDQ:1 RDQTS:1 ASR:1 MinSearchWindow:96 RestrictMESampling:0 EDO:2 MCTF:2 
PRE-ANALYSIS CFG: STA:1 LeadFrames:0 TrailFrames:0 
FAST TOOL CFG: ECU:0 FEN:1 FDM:1 FastSearch:4 (SCC:2) LCTUFast:1 FastMrg:2 PBIntraFast:1 AMaxBT:1 FastQtBtEnc:1 ContentBasedFastQtbt:0 FastMIP:3 FastIntraTools:0 IntraEstDecBit:2 FastLocalDualTree:1 IntegerET:0 FastSubPel:1 QtbttExtraFast:3 FastTTSplit:0 IBCFastMethod:3 FIM:0 ALFSpeed:0 QuantThr: 4 
RATE CONTROL CFG: RateControl:0 LookAhead:0 
PARALLEL PROCESSING CFG: NumThreads:0 MaxParallelFrames:0 WppBitEqual:0 WF:0 

POC     0 TId: 0 (  IDR_N_LP, I-SLICE, QP 19, TF 3)     581848 bits [Y 42.2672 dB    U 45.0524 dB    V 46.9660 dB] [ET   494 ] [L0 ] [L1 ]
POC    16 TId: 1 (      STSA, B-SLICE, QP 22, TF 2)     217320 bits [Y 41.6202 dB    U 44.2070 dB    V 45.8457 dB] [ET  1258 ] [L0 0 ] [L1 0 ]
POC     8 TId: 2 (      STSA, B-SLICE, QP 23, TF 1)      97200 bits [Y 40.9254 dB    U 44.1748 dB    V 46.0133 dB] [ET  1346 ] [L0 0 16 ] [L1 16 0 ]
POC     4 TId: 3 (      STSA, B-SLICE, QP 26, TF 0)      43936 bits [Y 40.5526 dB    U 44.3347 dB    V 46.1671 dB] [ET  1100 ] [L0 0 8 ] [L1 8 16 ]
POC     2 TId: 4 (      STSA, B-SLICE, QP 28)            21216 bits [Y 40.5556 dB    U 44.6264 dB    V 46.4275 dB] [ET   684 ] [L0 0 4 ] [L1 4 8 ]
POC     1 TId: 5 (      STSA, B-SLICE, QP 29)             9088 bits [Y 40.8611 dB    U 44.8173 dB    V 46.6758 dB] [ET   587 ] [L0 0 2 ] [L1 2 4 ]
POC     3 TId: 5 (      STSA, B-SLICE, QP 29)            10808 bits [Y 40.2195 dB    U 44.4980 dB    V 46.2501 dB] [ET   661 ] [L0 2 0 ] [L1 4 8 ]
POC     6 TId: 4 (      STSA, B-SLICE, QP 28)            21672 bits [Y 40.1287 dB    U 44.1246 dB    V 45.8917 dB] [ET   797 ] [L0 4 0 ] [L1 8 16 ]
POC     5 TId: 5 (      STSA, B-SLICE, QP 29)            10200 bits [Y 40.0145 dB    U 44.1129 dB    V 45.9741 dB] [ET   612 ] [L0 4 0 ] [L1 6 8 ]
POC     7 TId: 5 (      STSA, B-SLICE, QP 29)             9448 bits [Y 40.0754 dB    U 44.1860 dB    V 45.8217 dB] [ET   638 ] [L0 6 4 ] [L1 8 16 ]
POC    12 TId: 3 (      STSA, B-SLICE, QP 26, TF 0)      48672 bits [Y 40.2425 dB    U 43.9892 dB    V 45.5937 dB] [ET  1258 ] [L0 8 0 ] [L1 16 8 ]
POC    10 TId: 4 (      STSA, B-SLICE, QP 28)            23472 bits [Y 40.0383 dB    U 43.9725 dB    V 45.5888 dB] [ET   990 ] [L0 8 0 ] [L1 12 16 ]
POC     9 TId: 5 (      STSA, B-SLICE, QP 29)            10408 bits [Y 40.0220 dB    U 44.0568 dB    V 45.8059 dB] [ET   588 ] [L0 8 0 ] [L1 10 12 ]
POC    11 TId: 5 (      STSA, B-SLICE, QP 29)            11136 bits [Y 39.8368 dB    U 43.9244 dB    V 45.5775 dB] [ET   694 ] [L0 10 8 ] [L1 12 16 ]
POC    14 TId: 4 (      STSA, B-SLICE, QP 28)            27296 bits [Y 39.9988 dB    U 43.8868 dB    V 45.4245 dB] [ET   770 ] [L0 12 8 ] [L1 16 12 ]
POC    13 TId: 5 (      STSA, B-SLICE, QP 29)            13160 bits [Y 39.7572 dB    U 43.8525 dB    V 45.4578 dB] [ET   752 ] [L0 12 8 ] [L1 14 16 ]
POC    15 TId: 5 (      STSA, B-SLICE, QP 29)            13936 bits [Y 39.9436 dB    U 43.9455 dB    V 45.5302 dB] [ET   516 ] [L0 14 12 ] [L1 16 14 ]

	Total Frames |   Bitrate     Y-PSNR    U-PSNR    V-PSNR    YUV-PSNR   
	       17    a    4132.2918   40.4153   44.2213   45.9418   41.4380

 finished @ Mon Apr 10 22:36:54 2023
 Total Time:    13742.162 sec. [user]    13765.179 sec. [elapsed]

Level: 0
Inject Calls: 14917390666
Errors injected by bit:
	Bit 0: 14891
	Bit 1: 14861
	Bit 2: 14913
	Bit 3: 15083
	Bit 4: 14894
	Bit 5: 14894
	Bit 6: 15031
	Bit 7: 14874

Total errors injected: 119441
