vvencFFapp: Fraunhofer VVC Encoder ver. 1.5.0 [Linux][GCC 11.3.0][64 bit][SIMD=AVX2]
 started @ Mon Apr 10 22:52:32 2023
CODING TOOL CFG: CTU128 QT44BTT21 IBD:1 SAO:1 ALF:1 (NonLinLuma:0 NonLinChr:0) CCALF:1 Tiles:1x1 Slices:1 WPP:0 WPP-Substreams:1 TMVP:1 DQ:1 SDH:0 CST:1 BDOF:1 DMVR:1 MTSImplicit:1 SBT:0 JCbCr:1 CabacInitPresent:1 AMVR:5 SMVD:3 LMCS:2 (Signal:SDR Opt:0) CIIP:0 MIP:1 AFFINE:2 (PROF:1, Type:1) MMVD:3 DisFracMMVD:1 SbTMVP:1 GPM:3 LFNST:1 MTS:0 ISP:3 TS:2 TSLog2MaxSize:4 useChromaTS:0 BDPCM:2 IBC:2 BCW:0 
ENC. ALG. CFG: QPA:0 HAD:1 RDQ:1 RDQTS:1 ASR:1 MinSearchWindow:96 RestrictMESampling:0 EDO:2 MCTF:2 
PRE-ANALYSIS CFG: STA:1 LeadFrames:0 TrailFrames:0 
FAST TOOL CFG: ECU:0 FEN:1 FDM:1 FastSearch:4 (SCC:2) LCTUFast:1 FastMrg:2 PBIntraFast:1 AMaxBT:1 FastQtBtEnc:1 ContentBasedFastQtbt:0 FastMIP:3 FastIntraTools:0 IntraEstDecBit:2 FastLocalDualTree:1 IntegerET:0 FastSubPel:1 QtbttExtraFast:3 FastTTSplit:0 IBCFastMethod:3 FIM:0 ALFSpeed:0 QuantThr: 4 
RATE CONTROL CFG: RateControl:0 LookAhead:0 
PARALLEL PROCESSING CFG: NumThreads:0 MaxParallelFrames:0 WppBitEqual:0 WF:0 

POC     0 TId: 0 (  IDR_N_LP, I-SLICE, QP 24, TF 3)     377624 bits [Y 40.2668 dB    U 43.0828 dB    V 44.6158 dB] [ET   405 ] [L0 ] [L1 ]
POC    16 TId: 1 (      STSA, B-SLICE, QP 28, TF 2)     102288 bits [Y 38.6872 dB    U 42.0193 dB    V 43.2566 dB] [ET   935 ] [L0 0 ] [L1 0 ]
POC     8 TId: 2 (      STSA, B-SLICE, QP 29, TF 1)      44736 bits [Y 38.5694 dB    U 42.1753 dB    V 43.6066 dB] [ET   988 ] [L0 0 16 ] [L1 16 0 ]
POC     4 TId: 3 (      STSA, B-SLICE, QP 32, TF 0)      18824 bits [Y 38.2933 dB    U 42.4189 dB    V 43.8366 dB] [ET   937 ] [L0 0 8 ] [L1 8 16 ]
POC     2 TId: 4 (      STSA, B-SLICE, QP 34)             8192 bits [Y 38.4119 dB    U 42.7767 dB    V 44.1365 dB] [ET   541 ] [L0 0 4 ] [L1 4 8 ]
POC     1 TId: 5 (      STSA, B-SLICE, QP 36)             2944 bits [Y 38.7707 dB    U 42.8841 dB    V 44.4141 dB] [ET   334 ] [L0 0 2 ] [L1 2 4 ]
POC     3 TId: 5 (      STSA, B-SLICE, QP 36)             3080 bits [Y 37.8608 dB    U 42.6847 dB    V 44.0396 dB] [ET   397 ] [L0 2 0 ] [L1 4 8 ]
POC     6 TId: 4 (      STSA, B-SLICE, QP 34)             8952 bits [Y 37.8617 dB    U 42.3045 dB    V 43.6733 dB] [ET   645 ] [L0 4 0 ] [L1 8 16 ]
POC     5 TId: 5 (      STSA, B-SLICE, QP 36)             3448 bits [Y 37.6888 dB    U 42.3239 dB    V 43.7371 dB] [ET   414 ] [L0 4 0 ] [L1 6 8 ]
POC     7 TId: 5 (      STSA, B-SLICE, QP 36)             2808 bits [Y 37.7486 dB    U 42.2716 dB    V 43.6422 dB] [ET   433 ] [L0 6 4 ] [L1 8 16 ]
POC    12 TId: 3 (      STSA, B-SLICE, QP 32, TF 0)      22008 bits [Y 37.8114 dB    U 41.9668 dB    V 43.1436 dB] [ET  1031 ] [L0 8 0 ] [L1 16 8 ]
POC    10 TId: 4 (      STSA, B-SLICE, QP 34)             9368 bits [Y 37.5848 dB    U 42.0917 dB    V 43.3063 dB] [ET   651 ] [L0 8 0 ] [L1 12 16 ]
POC     9 TId: 5 (      STSA, B-SLICE, QP 36)             3488 bits [Y 37.5933 dB    U 42.1679 dB    V 43.4657 dB] [ET   432 ] [L0 8 0 ] [L1 10 12 ]
POC    11 TId: 5 (      STSA, B-SLICE, QP 36)             3688 bits [Y 37.3197 dB    U 41.9902 dB    V 43.2125 dB] [ET   416 ] [L0 10 8 ] [L1 12 16 ]
POC    14 TId: 4 (      STSA, B-SLICE, QP 34)            10872 bits [Y 37.4464 dB    U 41.9181 dB    V 43.0371 dB] [ET   575 ] [L0 12 8 ] [L1 16 12 ]
POC    13 TId: 5 (      STSA, B-SLICE, QP 36)             4144 bits [Y 37.1960 dB    U 41.9198 dB    V 43.0734 dB] [ET   439 ] [L0 12 8 ] [L1 14 16 ]
POC    15 TId: 5 (      STSA, B-SLICE, QP 36)             4248 bits [Y 37.3535 dB    U 41.9624 dB    V 43.1123 dB] [ET   360 ] [L0 14 12 ] [L1 16 14 ]

	Total Frames |   Bitrate     Y-PSNR    U-PSNR    V-PSNR    YUV-PSNR   
	       17    a    2226.0424   38.0273   42.2917   43.6064   39.0814

 finished @ Tue Apr 11 01:38:20 2023
 Total Time:     9932.566 sec. [user]     9947.996 sec. [elapsed]

Level: 0
Inject Calls: 11142365325
Errors injected by bit:
	Bit 0: 11144642
	Bit 1: 11144258
	Bit 2: 11142908
	Bit 3: 11143342
	Bit 4: 11143621
	Bit 5: 11135106
	Bit 6: 11137667
	Bit 7: 11138654

Total errors injected: 89130198
