vvencFFapp: Fraunhofer VVC Encoder ver. 1.5.0 [Linux][GCC 11.3.0][64 bit][SIMD=AVX2]
 started @ Sat Apr  8 14:32:16 2023
CODING TOOL CFG: CTU128 QT44BTT21 IBD:1 SAO:1 ALF:1 (NonLinLuma:0 NonLinChr:0) CCALF:1 Tiles:1x1 Slices:1 WPP:0 WPP-Substreams:1 TMVP:1 DQ:1 SDH:0 CST:1 BDOF:1 DMVR:1 MTSImplicit:1 SBT:0 JCbCr:1 CabacInitPresent:1 AMVR:5 SMVD:3 LMCS:2 (Signal:SDR Opt:0) CIIP:0 MIP:1 AFFINE:2 (PROF:1, Type:1) MMVD:3 DisFracMMVD:1 SbTMVP:1 GPM:3 LFNST:1 MTS:0 ISP:3 TS:2 TSLog2MaxSize:4 useChromaTS:0 BDPCM:2 IBC:2 BCW:0 
ENC. ALG. CFG: QPA:0 HAD:1 RDQ:1 RDQTS:1 ASR:1 MinSearchWindow:96 RestrictMESampling:0 EDO:2 MCTF:2 
PRE-ANALYSIS CFG: STA:1 LeadFrames:0 TrailFrames:0 
FAST TOOL CFG: ECU:0 FEN:1 FDM:1 FastSearch:4 (SCC:2) LCTUFast:1 FastMrg:2 PBIntraFast:1 AMaxBT:1 FastQtBtEnc:1 ContentBasedFastQtbt:0 FastMIP:3 FastIntraTools:0 IntraEstDecBit:2 FastLocalDualTree:1 IntegerET:0 FastSubPel:1 QtbttExtraFast:3 FastTTSplit:0 IBCFastMethod:3 FIM:0 ALFSpeed:0 QuantThr: 4 
RATE CONTROL CFG: RateControl:0 LookAhead:0 
PARALLEL PROCESSING CFG: NumThreads:0 MaxParallelFrames:0 WppBitEqual:0 WF:0 

POC     0 TId: 0 (  IDR_N_LP, I-SLICE, QP 24, TF 3)     303696 bits [Y 41.6478 dB    U 43.8365 dB    V 45.0113 dB] [ET   265 ] [L0 ] [L1 ]
POC    16 TId: 1 (      STSA, B-SLICE, QP 28, TF 2)      65744 bits [Y 39.5876 dB    U 42.4202 dB    V 43.1007 dB] [ET   436 ] [L0 0 ] [L1 0 ]
POC     8 TId: 2 (      STSA, B-SLICE, QP 29, TF 1)      38760 bits [Y 39.4754 dB    U 42.4622 dB    V 43.4478 dB] [ET   714 ] [L0 0 16 ] [L1 16 0 ]
POC     4 TId: 3 (      STSA, B-SLICE, QP 32, TF 0)      22792 bits [Y 39.0794 dB    U 42.1916 dB    V 43.1639 dB] [ET   715 ] [L0 0 8 ] [L1 8 16 ]
POC     2 TId: 4 (      STSA, B-SLICE, QP 34)            10784 bits [Y 39.1619 dB    U 42.6711 dB    V 43.3582 dB] [ET   585 ] [L0 0 4 ] [L1 4 8 ]
POC     1 TId: 5 (      STSA, B-SLICE, QP 36)              240 bits [Y 41.6478 dB    U 43.8365 dB    V 45.0113 dB] [ET   218 ] [L0 0 2 ] [L1 2 4 ]
POC     3 TId: 5 (      STSA, B-SLICE, QP 36)             6752 bits [Y 38.5545 dB    U 42.2444 dB    V 42.8921 dB] [ET   497 ] [L0 2 0 ] [L1 4 8 ]
POC     6 TId: 4 (      STSA, B-SLICE, QP 34)            14648 bits [Y 38.7417 dB    U 42.1019 dB    V 42.7806 dB] [ET   714 ] [L0 4 0 ] [L1 8 16 ]
POC     5 TId: 5 (      STSA, B-SLICE, QP 36)             6992 bits [Y 38.1390 dB    U 41.8910 dB    V 42.6768 dB] [ET   528 ] [L0 4 0 ] [L1 6 8 ]
POC     7 TId: 5 (      STSA, B-SLICE, QP 36)             7184 bits [Y 38.0218 dB    U 42.1793 dB    V 42.8009 dB] [ET   507 ] [L0 6 4 ] [L1 8 16 ]
POC    12 TId: 3 (      STSA, B-SLICE, QP 32, TF 0)      26120 bits [Y 38.5123 dB    U 41.7973 dB    V 42.4864 dB] [ET   724 ] [L0 8 0 ] [L1 16 8 ]
POC    10 TId: 4 (      STSA, B-SLICE, QP 34)            15976 bits [Y 38.3043 dB    U 41.7767 dB    V 42.2730 dB] [ET   834 ] [L0 8 0 ] [L1 12 16 ]
POC     9 TId: 5 (      STSA, B-SLICE, QP 36)             7032 bits [Y 38.3525 dB    U 42.0809 dB    V 42.8100 dB] [ET   517 ] [L0 8 0 ] [L1 10 12 ]
POC    11 TId: 5 (      STSA, B-SLICE, QP 36)             8136 bits [Y 38.0121 dB    U 41.7796 dB    V 42.1198 dB] [ET   543 ] [L0 10 8 ] [L1 12 16 ]
POC    14 TId: 4 (      STSA, B-SLICE, QP 34)            16416 bits [Y 38.2091 dB    U 41.6010 dB    V 42.0514 dB] [ET   642 ] [L0 12 8 ] [L1 16 12 ]
POC    13 TId: 5 (      STSA, B-SLICE, QP 36)             8032 bits [Y 37.8577 dB    U 41.6885 dB    V 42.0816 dB] [ET   503 ] [L0 12 8 ] [L1 14 16 ]
POC    15 TId: 5 (      STSA, B-SLICE, QP 36)             6704 bits [Y 37.9386 dB    U 41.7888 dB    V 42.0655 dB] [ET   379 ] [L0 14 12 ] [L1 16 14 ]

	Total Frames |   Bitrate     Y-PSNR    U-PSNR    V-PSNR    YUV-PSNR   
	       17    a    1664.7294   38.8967   42.2557   42.9489   39.7004

 finished @ Sat Apr  8 17:07:55 2023
 Total Time:     9318.344 sec. [user]     9338.684 sec. [elapsed]

Level: 0
Inject Calls: 11214375790
Errors injected by bit:
	Bit 0: 1123159
	Bit 1: 1123955
	Bit 2: 1120678
	Bit 3: 1120133
	Bit 4: 1119935
	Bit 5: 1120697
	Bit 6: 1121529
	Bit 7: 1122468

Total errors injected: 8972554
