vvencFFapp: Fraunhofer VVC Encoder ver. 1.5.0 [Linux][GCC 11.3.0][64 bit][SIMD=AVX2]
 started @ Fri Apr  7 02:11:36 2023
CODING TOOL CFG: CTU128 QT44BTT21 IBD:1 SAO:1 ALF:1 (NonLinLuma:0 NonLinChr:0) CCALF:1 Tiles:1x1 Slices:1 WPP:0 WPP-Substreams:1 TMVP:1 DQ:1 SDH:0 CST:1 BDOF:1 DMVR:1 MTSImplicit:1 SBT:0 JCbCr:1 CabacInitPresent:1 AMVR:5 SMVD:3 LMCS:2 (Signal:SDR Opt:0) CIIP:0 MIP:1 AFFINE:2 (PROF:1, Type:1) MMVD:3 DisFracMMVD:1 SbTMVP:1 GPM:3 LFNST:1 MTS:0 ISP:3 TS:2 TSLog2MaxSize:4 useChromaTS:0 BDPCM:2 IBC:2 BCW:0 
ENC. ALG. CFG: QPA:0 HAD:1 RDQ:1 RDQTS:1 ASR:1 MinSearchWindow:96 RestrictMESampling:0 EDO:2 MCTF:2 
PRE-ANALYSIS CFG: STA:1 LeadFrames:0 TrailFrames:0 
FAST TOOL CFG: ECU:0 FEN:1 FDM:1 FastSearch:4 (SCC:2) LCTUFast:1 FastMrg:2 PBIntraFast:1 AMaxBT:1 FastQtBtEnc:1 ContentBasedFastQtbt:0 FastMIP:3 FastIntraTools:0 IntraEstDecBit:2 FastLocalDualTree:1 IntegerET:0 FastSubPel:1 QtbttExtraFast:3 FastTTSplit:0 IBCFastMethod:3 FIM:0 ALFSpeed:0 QuantThr: 4 
RATE CONTROL CFG: RateControl:0 LookAhead:0 
PARALLEL PROCESSING CFG: NumThreads:0 MaxParallelFrames:0 WppBitEqual:0 WF:0 

POC     0 TId: 0 (  IDR_N_LP, I-SLICE, QP 19, TF 3)     564808 bits [Y 45.1467 dB    U 46.3576 dB    V 47.8581 dB] [ET   363 ] [L0 ] [L1 ]
POC    16 TId: 1 (      STSA, B-SLICE, QP 22, TF 2)     140344 bits [Y 42.6726 dB    U 44.8900 dB    V 46.0009 dB] [ET   587 ] [L0 0 ] [L1 0 ]
POC     8 TId: 2 (      STSA, B-SLICE, QP 23, TF 1)      80024 bits [Y 42.3038 dB    U 44.7065 dB    V 46.1940 dB] [ET   972 ] [L0 0 16 ] [L1 16 0 ]
POC     4 TId: 3 (      STSA, B-SLICE, QP 26, TF 0)      47096 bits [Y 41.8819 dB    U 44.4525 dB    V 45.7524 dB] [ET   878 ] [L0 0 8 ] [L1 8 16 ]
POC     2 TId: 4 (      STSA, B-SLICE, QP 28)            25144 bits [Y 41.8761 dB    U 44.8112 dB    V 46.0178 dB] [ET   723 ] [L0 0 4 ] [L1 4 8 ]
POC     1 TId: 5 (      STSA, B-SLICE, QP 29)              344 bits [Y 45.1415 dB    U 46.3578 dB    V 47.8573 dB] [ET   318 ] [L0 0 2 ] [L1 2 4 ]
POC     3 TId: 5 (      STSA, B-SLICE, QP 29)            19120 bits [Y 41.5400 dB    U 44.3093 dB    V 45.5565 dB] [ET   667 ] [L0 2 0 ] [L1 4 8 ]
POC     6 TId: 4 (      STSA, B-SLICE, QP 28)            31424 bits [Y 41.5747 dB    U 44.1733 dB    V 45.3735 dB] [ET   877 ] [L0 4 0 ] [L1 8 16 ]
POC     5 TId: 5 (      STSA, B-SLICE, QP 29)            21088 bits [Y 41.2308 dB    U 44.0493 dB    V 45.1717 dB] [ET   785 ] [L0 4 0 ] [L1 6 8 ]
POC     7 TId: 5 (      STSA, B-SLICE, QP 29)            21592 bits [Y 41.1372 dB    U 44.2331 dB    V 45.3020 dB] [ET   708 ] [L0 6 4 ] [L1 8 16 ]
POC    12 TId: 3 (      STSA, B-SLICE, QP 26, TF 0)      55272 bits [Y 41.4739 dB    U 44.1453 dB    V 45.3426 dB] [ET   896 ] [L0 8 0 ] [L1 16 8 ]
POC    10 TId: 4 (      STSA, B-SLICE, QP 28)            36496 bits [Y 41.2447 dB    U 44.1094 dB    V 45.1231 dB] [ET  1051 ] [L0 8 0 ] [L1 12 16 ]
POC     9 TId: 5 (      STSA, B-SLICE, QP 29)            20864 bits [Y 41.5169 dB    U 44.3010 dB    V 45.4345 dB] [ET   720 ] [L0 8 0 ] [L1 10 12 ]
POC    11 TId: 5 (      STSA, B-SLICE, QP 29)            22456 bits [Y 41.2106 dB    U 44.0360 dB    V 44.9021 dB] [ET   722 ] [L0 10 8 ] [L1 12 16 ]
POC    14 TId: 4 (      STSA, B-SLICE, QP 28)            37408 bits [Y 41.2063 dB    U 43.9104 dB    V 44.7893 dB] [ET   764 ] [L0 12 8 ] [L1 16 12 ]
POC    13 TId: 5 (      STSA, B-SLICE, QP 29)            22360 bits [Y 41.0564 dB    U 43.9343 dB    V 44.8384 dB] [ET   686 ] [L0 12 8 ] [L1 14 16 ]
POC    15 TId: 5 (      STSA, B-SLICE, QP 29)            21840 bits [Y 41.0724 dB    U 44.1480 dB    V 44.8291 dB] [ET   542 ] [L0 14 12 ] [L1 16 14 ]

	Total Frames |   Bitrate     Y-PSNR    U-PSNR    V-PSNR    YUV-PSNR   
	       17    a    3434.3529   41.9580   44.5250   45.6673   42.6354

 finished @ Fri Apr  7 05:36:09 2023
 Total Time:    12234.295 sec. [user]    12273.750 sec. [elapsed]

Level: 0
Inject Calls: 14406445094
Errors injected by bit:
	Bit 0: 14409355
	Bit 1: 14408242
	Bit 2: 14405090
	Bit 3: 14401184
	Bit 4: 14404479
	Bit 5: 14405541
	Bit 6: 14411472
	Bit 7: 14402307

Total errors injected: 115247670
