vvencFFapp: Fraunhofer VVC Encoder ver. 1.5.0 [Linux][GCC 11.3.0][64 bit][SIMD=AVX2]
 started @ Fri Apr  7 05:31:39 2023
CODING TOOL CFG: CTU128 QT44BTT21 IBD:1 SAO:1 ALF:1 (NonLinLuma:0 NonLinChr:0) CCALF:1 Tiles:1x1 Slices:1 WPP:0 WPP-Substreams:1 TMVP:1 DQ:1 SDH:0 CST:1 BDOF:1 DMVR:1 MTSImplicit:1 SBT:0 JCbCr:1 CabacInitPresent:1 AMVR:5 SMVD:3 LMCS:2 (Signal:SDR Opt:0) CIIP:0 MIP:1 AFFINE:2 (PROF:1, Type:1) MMVD:3 DisFracMMVD:1 SbTMVP:1 GPM:3 LFNST:1 MTS:0 ISP:3 TS:2 TSLog2MaxSize:4 useChromaTS:0 BDPCM:2 IBC:2 BCW:0 
ENC. ALG. CFG: QPA:0 HAD:1 RDQ:1 RDQTS:1 ASR:1 MinSearchWindow:96 RestrictMESampling:0 EDO:2 MCTF:2 
PRE-ANALYSIS CFG: STA:1 LeadFrames:0 TrailFrames:0 
FAST TOOL CFG: ECU:0 FEN:1 FDM:1 FastSearch:4 (SCC:2) LCTUFast:1 FastMrg:2 PBIntraFast:1 AMaxBT:1 FastQtBtEnc:1 ContentBasedFastQtbt:0 FastMIP:3 FastIntraTools:0 IntraEstDecBit:2 FastLocalDualTree:1 IntegerET:0 FastSubPel:1 QtbttExtraFast:3 FastTTSplit:0 IBCFastMethod:3 FIM:0 ALFSpeed:0 QuantThr: 4 
RATE CONTROL CFG: RateControl:0 LookAhead:0 
PARALLEL PROCESSING CFG: NumThreads:0 MaxParallelFrames:0 WppBitEqual:0 WF:0 

POC     0 TId: 0 (  IDR_N_LP, I-SLICE, QP 19, TF 3)     564808 bits [Y 45.1467 dB    U 46.3576 dB    V 47.8581 dB] [ET   353 ] [L0 ] [L1 ]
POC    16 TId: 1 (      STSA, B-SLICE, QP 22, TF 2)     139920 bits [Y 42.6753 dB    U 44.8676 dB    V 45.9398 dB] [ET   579 ] [L0 0 ] [L1 0 ]
POC     8 TId: 2 (      STSA, B-SLICE, QP 23, TF 1)      79448 bits [Y 42.2810 dB    U 44.7212 dB    V 46.1972 dB] [ET   973 ] [L0 0 16 ] [L1 16 0 ]
POC     4 TId: 3 (      STSA, B-SLICE, QP 26, TF 0)      47304 bits [Y 41.9098 dB    U 44.4325 dB    V 45.7244 dB] [ET   864 ] [L0 0 8 ] [L1 8 16 ]
POC     2 TId: 4 (      STSA, B-SLICE, QP 28)            24712 bits [Y 41.9017 dB    U 44.7559 dB    V 46.0026 dB] [ET   707 ] [L0 0 4 ] [L1 4 8 ]
POC     1 TId: 5 (      STSA, B-SLICE, QP 29)              264 bits [Y 45.1436 dB    U 46.3575 dB    V 47.8577 dB] [ET   317 ] [L0 0 2 ] [L1 2 4 ]
POC     3 TId: 5 (      STSA, B-SLICE, QP 29)            19408 bits [Y 41.5724 dB    U 44.3201 dB    V 45.4574 dB] [ET   687 ] [L0 2 0 ] [L1 4 8 ]
POC     6 TId: 4 (      STSA, B-SLICE, QP 28)            31040 bits [Y 41.5367 dB    U 44.2265 dB    V 45.4313 dB] [ET   866 ] [L0 4 0 ] [L1 8 16 ]
POC     5 TId: 5 (      STSA, B-SLICE, QP 29)            20848 bits [Y 41.2032 dB    U 44.1343 dB    V 45.3960 dB] [ET   795 ] [L0 4 0 ] [L1 6 8 ]
POC     7 TId: 5 (      STSA, B-SLICE, QP 29)            21840 bits [Y 41.1539 dB    U 44.2476 dB    V 45.4217 dB] [ET   692 ] [L0 6 4 ] [L1 8 16 ]
POC    12 TId: 3 (      STSA, B-SLICE, QP 26, TF 0)      54776 bits [Y 41.4844 dB    U 44.1736 dB    V 45.2840 dB] [ET   869 ] [L0 8 0 ] [L1 16 8 ]
POC    10 TId: 4 (      STSA, B-SLICE, QP 28)            36248 bits [Y 41.2268 dB    U 44.1213 dB    V 45.0508 dB] [ET  1002 ] [L0 8 0 ] [L1 12 16 ]
POC     9 TId: 5 (      STSA, B-SLICE, QP 29)            20200 bits [Y 41.4524 dB    U 44.2251 dB    V 45.3284 dB] [ET   681 ] [L0 8 0 ] [L1 10 12 ]
POC    11 TId: 5 (      STSA, B-SLICE, QP 29)            23160 bits [Y 41.2144 dB    U 44.0813 dB    V 44.8120 dB] [ET   724 ] [L0 10 8 ] [L1 12 16 ]
POC    14 TId: 4 (      STSA, B-SLICE, QP 28)            37632 bits [Y 41.2200 dB    U 43.9168 dB    V 44.7932 dB] [ET   737 ] [L0 12 8 ] [L1 16 12 ]
POC    13 TId: 5 (      STSA, B-SLICE, QP 29)            22440 bits [Y 41.0693 dB    U 43.8763 dB    V 44.7662 dB] [ET   679 ] [L0 12 8 ] [L1 14 16 ]
POC    15 TId: 5 (      STSA, B-SLICE, QP 29)            21504 bits [Y 41.0407 dB    U 44.1652 dB    V 44.8101 dB] [ET   533 ] [L0 14 12 ] [L1 16 14 ]

	Total Frames |   Bitrate     Y-PSNR    U-PSNR    V-PSNR    YUV-PSNR   
	       17    a    3428.0941   41.9548   44.5283   45.6548   42.6317

 finished @ Fri Apr  7 08:52:55 2023
 Total Time:    12053.924 sec. [user]    12075.917 sec. [elapsed]

Level: 0
Inject Calls: 14263616305
Errors injected by bit:
	Bit 0: 14263403
	Bit 1: 14264009
	Bit 2: 14263621
	Bit 3: 14261754
	Bit 4: 14259368
	Bit 5: 14262512
	Bit 6: 14267397
	Bit 7: 14265399

Total errors injected: 114107463
