vvencFFapp: Fraunhofer VVC Encoder ver. 1.5.0 [Linux][GCC 11.3.0][64 bit][SIMD=AVX2]
 started @ Sat Apr  8 22:37:25 2023
CODING TOOL CFG: CTU128 QT44BTT21 IBD:1 SAO:1 ALF:1 (NonLinLuma:0 NonLinChr:0) CCALF:1 Tiles:1x1 Slices:1 WPP:0 WPP-Substreams:1 TMVP:1 DQ:1 SDH:0 CST:1 BDOF:1 DMVR:1 MTSImplicit:1 SBT:0 JCbCr:1 CabacInitPresent:1 AMVR:5 SMVD:3 LMCS:2 (Signal:SDR Opt:0) CIIP:0 MIP:1 AFFINE:2 (PROF:1, Type:1) MMVD:3 DisFracMMVD:1 SbTMVP:1 GPM:3 LFNST:1 MTS:0 ISP:3 TS:2 TSLog2MaxSize:4 useChromaTS:0 BDPCM:2 IBC:2 BCW:0 
ENC. ALG. CFG: QPA:0 HAD:1 RDQ:1 RDQTS:1 ASR:1 MinSearchWindow:96 RestrictMESampling:0 EDO:2 MCTF:2 
PRE-ANALYSIS CFG: STA:1 LeadFrames:0 TrailFrames:0 
FAST TOOL CFG: ECU:0 FEN:1 FDM:1 FastSearch:4 (SCC:2) LCTUFast:1 FastMrg:2 PBIntraFast:1 AMaxBT:1 FastQtBtEnc:1 ContentBasedFastQtbt:0 FastMIP:3 FastIntraTools:0 IntraEstDecBit:2 FastLocalDualTree:1 IntegerET:0 FastSubPel:1 QtbttExtraFast:3 FastTTSplit:0 IBCFastMethod:3 FIM:0 ALFSpeed:0 QuantThr: 4 
RATE CONTROL CFG: RateControl:0 LookAhead:0 
PARALLEL PROCESSING CFG: NumThreads:0 MaxParallelFrames:0 WppBitEqual:0 WF:0 

POC     0 TId: 0 (  IDR_N_LP, I-SLICE, QP 24, TF 3)     303696 bits [Y 41.6478 dB    U 43.8365 dB    V 45.0113 dB] [ET   265 ] [L0 ] [L1 ]
POC    16 TId: 1 (      STSA, B-SLICE, QP 28, TF 2)      65112 bits [Y 39.5671 dB    U 42.3959 dB    V 43.0968 dB] [ET   454 ] [L0 0 ] [L1 0 ]
POC     8 TId: 2 (      STSA, B-SLICE, QP 29, TF 1)      38840 bits [Y 39.4703 dB    U 42.5298 dB    V 43.5686 dB] [ET   729 ] [L0 0 16 ] [L1 16 0 ]
POC     4 TId: 3 (      STSA, B-SLICE, QP 32, TF 0)      22888 bits [Y 39.0734 dB    U 42.2673 dB    V 43.2318 dB] [ET   722 ] [L0 0 8 ] [L1 8 16 ]
POC     2 TId: 4 (      STSA, B-SLICE, QP 34)            10760 bits [Y 39.1411 dB    U 42.7522 dB    V 43.5149 dB] [ET   598 ] [L0 0 4 ] [L1 4 8 ]
POC     1 TId: 5 (      STSA, B-SLICE, QP 36)              240 bits [Y 41.6478 dB    U 43.8365 dB    V 45.0113 dB] [ET   221 ] [L0 0 2 ] [L1 2 4 ]
POC     3 TId: 5 (      STSA, B-SLICE, QP 36)             6656 bits [Y 38.5074 dB    U 42.1727 dB    V 42.8785 dB] [ET   492 ] [L0 2 0 ] [L1 4 8 ]
POC     6 TId: 4 (      STSA, B-SLICE, QP 34)            14656 bits [Y 38.7294 dB    U 42.1345 dB    V 42.8691 dB] [ET   747 ] [L0 4 0 ] [L1 8 16 ]
POC     5 TId: 5 (      STSA, B-SLICE, QP 36)             6920 bits [Y 38.0992 dB    U 42.0070 dB    V 42.7293 dB] [ET   526 ] [L0 4 0 ] [L1 6 8 ]
POC     7 TId: 5 (      STSA, B-SLICE, QP 36)             7016 bits [Y 38.0100 dB    U 42.1445 dB    V 42.8832 dB] [ET   492 ] [L0 6 4 ] [L1 8 16 ]
POC    12 TId: 3 (      STSA, B-SLICE, QP 32, TF 0)      26160 bits [Y 38.4939 dB    U 41.8972 dB    V 42.6295 dB] [ET   738 ] [L0 8 0 ] [L1 16 8 ]
POC    10 TId: 4 (      STSA, B-SLICE, QP 34)            16056 bits [Y 38.2903 dB    U 41.8019 dB    V 42.4523 dB] [ET   869 ] [L0 8 0 ] [L1 12 16 ]
POC     9 TId: 5 (      STSA, B-SLICE, QP 36)             7016 bits [Y 38.3194 dB    U 42.1072 dB    V 42.7976 dB] [ET   522 ] [L0 8 0 ] [L1 10 12 ]
POC    11 TId: 5 (      STSA, B-SLICE, QP 36)             8216 bits [Y 38.0335 dB    U 41.8584 dB    V 42.2402 dB] [ET   528 ] [L0 10 8 ] [L1 12 16 ]
POC    14 TId: 4 (      STSA, B-SLICE, QP 34)            16744 bits [Y 38.2409 dB    U 41.7603 dB    V 42.0797 dB] [ET   635 ] [L0 12 8 ] [L1 16 12 ]
POC    13 TId: 5 (      STSA, B-SLICE, QP 36)             7792 bits [Y 37.8368 dB    U 41.7567 dB    V 42.2604 dB] [ET   517 ] [L0 12 8 ] [L1 14 16 ]
POC    15 TId: 5 (      STSA, B-SLICE, QP 36)             7024 bits [Y 37.9765 dB    U 41.8701 dB    V 42.1934 dB] [ET   371 ] [L0 14 12 ] [L1 16 14 ]

	Total Frames |   Bitrate     Y-PSNR    U-PSNR    V-PSNR    YUV-PSNR   
	       17    a    1664.0941   38.8873   42.3017   43.0263   39.7038

 finished @ Sun Apr  9 01:14:47 2023
 Total Time:     9433.020 sec. [user]     9442.655 sec. [elapsed]

Level: 0
Inject Calls: 11372863282
Errors injected by bit:
	Bit 0: 11494
	Bit 1: 11410
	Bit 2: 11380
	Bit 3: 11409
	Bit 4: 11320
	Bit 5: 11440
	Bit 6: 11365
	Bit 7: 11626

Total errors injected: 91444
