vvencFFapp: Fraunhofer VVC Encoder ver. 1.5.0 [Linux][GCC 11.3.0][64 bit][SIMD=AVX2]
 started @ Fri Apr  7 15:56:51 2023
CODING TOOL CFG: CTU128 QT44BTT21 IBD:1 SAO:1 ALF:1 (NonLinLuma:0 NonLinChr:0) CCALF:1 Tiles:1x1 Slices:1 WPP:0 WPP-Substreams:1 TMVP:1 DQ:1 SDH:0 CST:1 BDOF:1 DMVR:1 MTSImplicit:1 SBT:0 JCbCr:1 CabacInitPresent:1 AMVR:5 SMVD:3 LMCS:2 (Signal:SDR Opt:0) CIIP:0 MIP:1 AFFINE:2 (PROF:1, Type:1) MMVD:3 DisFracMMVD:1 SbTMVP:1 GPM:3 LFNST:1 MTS:0 ISP:3 TS:2 TSLog2MaxSize:4 useChromaTS:0 BDPCM:2 IBC:2 BCW:0 
ENC. ALG. CFG: QPA:0 HAD:1 RDQ:1 RDQTS:1 ASR:1 MinSearchWindow:96 RestrictMESampling:0 EDO:2 MCTF:2 
PRE-ANALYSIS CFG: STA:1 LeadFrames:0 TrailFrames:0 
FAST TOOL CFG: ECU:0 FEN:1 FDM:1 FastSearch:4 (SCC:2) LCTUFast:1 FastMrg:2 PBIntraFast:1 AMaxBT:1 FastQtBtEnc:1 ContentBasedFastQtbt:0 FastMIP:3 FastIntraTools:0 IntraEstDecBit:2 FastLocalDualTree:1 IntegerET:0 FastSubPel:1 QtbttExtraFast:3 FastTTSplit:0 IBCFastMethod:3 FIM:0 ALFSpeed:0 QuantThr: 4 
RATE CONTROL CFG: RateControl:0 LookAhead:0 
PARALLEL PROCESSING CFG: NumThreads:0 MaxParallelFrames:0 WppBitEqual:0 WF:0 

POC     0 TId: 0 (  IDR_N_LP, I-SLICE, QP 19, TF 3)     564808 bits [Y 45.1467 dB    U 46.3576 dB    V 47.8581 dB] [ET   365 ] [L0 ] [L1 ]
POC    16 TId: 1 (      STSA, B-SLICE, QP 22, TF 2)     140648 bits [Y 42.6837 dB    U 44.8682 dB    V 45.9608 dB] [ET   577 ] [L0 0 ] [L1 0 ]
POC     8 TId: 2 (      STSA, B-SLICE, QP 23, TF 1)      79504 bits [Y 42.3142 dB    U 44.7121 dB    V 46.1788 dB] [ET   962 ] [L0 0 16 ] [L1 16 0 ]
POC     4 TId: 3 (      STSA, B-SLICE, QP 26, TF 0)      47176 bits [Y 41.9203 dB    U 44.4207 dB    V 45.7309 dB] [ET   873 ] [L0 0 8 ] [L1 8 16 ]
POC     2 TId: 4 (      STSA, B-SLICE, QP 28)            24736 bits [Y 41.8996 dB    U 44.7959 dB    V 46.0918 dB] [ET   725 ] [L0 0 4 ] [L1 4 8 ]
POC     1 TId: 5 (      STSA, B-SLICE, QP 29)              256 bits [Y 45.1467 dB    U 46.3576 dB    V 47.8581 dB] [ET   311 ] [L0 0 2 ] [L1 2 4 ]
POC     3 TId: 5 (      STSA, B-SLICE, QP 29)            19224 bits [Y 41.5522 dB    U 44.3072 dB    V 45.5689 dB] [ET   717 ] [L0 2 0 ] [L1 4 8 ]
POC     6 TId: 4 (      STSA, B-SLICE, QP 28)            31752 bits [Y 41.5885 dB    U 44.2232 dB    V 45.4348 dB] [ET   885 ] [L0 4 0 ] [L1 8 16 ]
POC     5 TId: 5 (      STSA, B-SLICE, QP 29)            20320 bits [Y 41.2150 dB    U 44.0411 dB    V 45.2349 dB] [ET   819 ] [L0 4 0 ] [L1 6 8 ]
POC     7 TId: 5 (      STSA, B-SLICE, QP 29)            21832 bits [Y 41.2324 dB    U 44.2171 dB    V 45.2986 dB] [ET   706 ] [L0 6 4 ] [L1 8 16 ]
POC    12 TId: 3 (      STSA, B-SLICE, QP 26, TF 0)      54680 bits [Y 41.5153 dB    U 44.2041 dB    V 45.3041 dB] [ET   870 ] [L0 8 0 ] [L1 16 8 ]
POC    10 TId: 4 (      STSA, B-SLICE, QP 28)            36056 bits [Y 41.2725 dB    U 44.0359 dB    V 45.0876 dB] [ET  1029 ] [L0 8 0 ] [L1 12 16 ]
POC     9 TId: 5 (      STSA, B-SLICE, QP 29)            20416 bits [Y 41.5112 dB    U 44.2513 dB    V 45.3576 dB] [ET   728 ] [L0 8 0 ] [L1 10 12 ]
POC    11 TId: 5 (      STSA, B-SLICE, QP 29)            22672 bits [Y 41.2457 dB    U 44.0648 dB    V 44.8182 dB] [ET   743 ] [L0 10 8 ] [L1 12 16 ]
POC    14 TId: 4 (      STSA, B-SLICE, QP 28)            37712 bits [Y 41.2493 dB    U 43.9545 dB    V 44.8410 dB] [ET   781 ] [L0 12 8 ] [L1 16 12 ]
POC    13 TId: 5 (      STSA, B-SLICE, QP 29)            22664 bits [Y 41.1083 dB    U 43.9615 dB    V 44.8048 dB] [ET   694 ] [L0 12 8 ] [L1 14 16 ]
POC    15 TId: 5 (      STSA, B-SLICE, QP 29)            21120 bits [Y 41.1034 dB    U 44.1482 dB    V 44.8277 dB] [ET   535 ] [L0 14 12 ] [L1 16 14 ]

	Total Frames |   Bitrate     Y-PSNR    U-PSNR    V-PSNR    YUV-PSNR   
	       17    a    3428.1647   41.9827   44.5248   45.6622   42.6567

 finished @ Fri Apr  7 19:22:28 2023
 Total Time:    12307.903 sec. [user]    12337.266 sec. [elapsed]

Level: 0
Inject Calls: 14632798190
Errors injected by bit:
	Bit 0: 145395
	Bit 1: 146922
	Bit 2: 146084
	Bit 3: 146195
	Bit 4: 146069
	Bit 5: 146362
	Bit 6: 146925
	Bit 7: 146300

Total errors injected: 1170252
