vvencFFapp: Fraunhofer VVC Encoder ver. 1.5.0 [Linux][GCC 11.3.0][64 bit][SIMD=AVX2]
 started @ Sun Apr  9 23:42:52 2023
CODING TOOL CFG: CTU128 QT44BTT21 IBD:1 SAO:1 ALF:1 (NonLinLuma:0 NonLinChr:0) CCALF:1 Tiles:1x1 Slices:1 WPP:0 WPP-Substreams:1 TMVP:1 DQ:1 SDH:0 CST:1 BDOF:1 DMVR:1 MTSImplicit:1 SBT:0 JCbCr:1 CabacInitPresent:1 AMVR:5 SMVD:3 LMCS:2 (Signal:SDR Opt:0) CIIP:0 MIP:1 AFFINE:2 (PROF:1, Type:1) MMVD:3 DisFracMMVD:1 SbTMVP:1 GPM:3 LFNST:1 MTS:0 ISP:3 TS:2 TSLog2MaxSize:4 useChromaTS:0 BDPCM:2 IBC:2 BCW:0 
ENC. ALG. CFG: QPA:0 HAD:1 RDQ:1 RDQTS:1 ASR:1 MinSearchWindow:96 RestrictMESampling:0 EDO:2 MCTF:2 
PRE-ANALYSIS CFG: STA:1 LeadFrames:0 TrailFrames:0 
FAST TOOL CFG: ECU:0 FEN:1 FDM:1 FastSearch:4 (SCC:2) LCTUFast:1 FastMrg:2 PBIntraFast:1 AMaxBT:1 FastQtBtEnc:1 ContentBasedFastQtbt:0 FastMIP:3 FastIntraTools:0 IntraEstDecBit:2 FastLocalDualTree:1 IntegerET:0 FastSubPel:1 QtbttExtraFast:3 FastTTSplit:0 IBCFastMethod:3 FIM:0 ALFSpeed:0 QuantThr: 4 
RATE CONTROL CFG: RateControl:0 LookAhead:0 
PARALLEL PROCESSING CFG: NumThreads:0 MaxParallelFrames:0 WppBitEqual:0 WF:0 

POC     0 TId: 0 (  IDR_N_LP, I-SLICE, QP 34, TF 2)      85368 bits [Y 35.6254 dB    U 39.1515 dB    V 40.0627 dB] [ET   133 ] [L0 ] [L1 ]
POC    16 TId: 1 (      STSA, B-SLICE, QP 40, TF 1)      15816 bits [Y 33.5956 dB    U 38.0953 dB    V 38.0928 dB] [ET   294 ] [L0 0 ] [L1 0 ]
POC     8 TId: 2 (      STSA, B-SLICE, QP 40, TF 0)      11176 bits [Y 33.9087 dB    U 38.3116 dB    V 39.0276 dB] [ET   536 ] [L0 0 16 ] [L1 16 0 ]
POC     4 TId: 3 (      STSA, B-SLICE, QP 43)             6320 bits [Y 33.4948 dB    U 38.2428 dB    V 38.7196 dB] [ET   476 ] [L0 0 8 ] [L1 8 16 ]
POC     2 TId: 4 (      STSA, B-SLICE, QP 45)             2504 bits [Y 33.7949 dB    U 38.5851 dB    V 39.1737 dB] [ET   340 ] [L0 0 4 ] [L1 4 8 ]
POC     1 TId: 5 (      STSA, B-SLICE, QP 46)              240 bits [Y 35.6164 dB    U 39.1487 dB    V 40.0569 dB] [ET   192 ] [L0 0 2 ] [L1 2 4 ]
POC     3 TId: 5 (      STSA, B-SLICE, QP 46)             1632 bits [Y 33.2514 dB    U 38.2359 dB    V 38.6204 dB] [ET   296 ] [L0 2 0 ] [L1 4 8 ]
POC     6 TId: 4 (      STSA, B-SLICE, QP 45)             2896 bits [Y 32.8768 dB    U 37.9735 dB    V 38.3363 dB] [ET   404 ] [L0 4 0 ] [L1 8 16 ]
POC     5 TId: 5 (      STSA, B-SLICE, QP 46)             1400 bits [Y 32.7601 dB    U 37.8812 dB    V 38.3629 dB] [ET   320 ] [L0 4 0 ] [L1 6 8 ]
POC     7 TId: 5 (      STSA, B-SLICE, QP 46)             1656 bits [Y 32.7493 dB    U 37.9988 dB    V 38.4251 dB] [ET   310 ] [L0 6 4 ] [L1 8 16 ]
POC    12 TId: 3 (      STSA, B-SLICE, QP 43)             6952 bits [Y 32.9928 dB    U 37.8332 dB    V 38.2186 dB] [ET   484 ] [L0 8 0 ] [L1 16 8 ]
POC    10 TId: 4 (      STSA, B-SLICE, QP 45)             3520 bits [Y 32.7863 dB    U 37.9860 dB    V 37.8618 dB] [ET   533 ] [L0 8 0 ] [L1 12 16 ]
POC     9 TId: 5 (      STSA, B-SLICE, QP 46)             1432 bits [Y 33.1187 dB    U 38.1133 dB    V 38.3112 dB] [ET   306 ] [L0 8 0 ] [L1 10 12 ]
POC    11 TId: 5 (      STSA, B-SLICE, QP 46)             1872 bits [Y 32.7305 dB    U 37.9086 dB    V 37.9032 dB] [ET   321 ] [L0 10 8 ] [L1 12 16 ]
POC    14 TId: 4 (      STSA, B-SLICE, QP 45)             3360 bits [Y 32.6141 dB    U 37.7428 dB    V 37.7838 dB] [ET   380 ] [L0 12 8 ] [L1 16 12 ]
POC    13 TId: 5 (      STSA, B-SLICE, QP 46)             1512 bits [Y 32.5402 dB    U 37.8027 dB    V 37.9687 dB] [ET   322 ] [L0 12 8 ] [L1 14 16 ]
POC    15 TId: 5 (      STSA, B-SLICE, QP 46)             1384 bits [Y 32.6547 dB    U 37.7917 dB    V 37.8253 dB] [ET   253 ] [L0 14 12 ] [L1 16 14 ]

	Total Frames |   Bitrate     Y-PSNR    U-PSNR    V-PSNR    YUV-PSNR   
	       17    a     438.3529   33.3595   38.1649   38.5148   34.3996

 finished @ Mon Apr 10 01:21:25 2023
 Total Time:     5912.593 sec. [user]     5913.069 sec. [elapsed]

Level: 0
Inject Calls: 7222753833
Errors injected by bit:
	Bit 0: 7220487
	Bit 1: 7222641
	Bit 2: 7226381
	Bit 3: 7222563
	Bit 4: 7225891
	Bit 5: 7223388
	Bit 6: 7222951
	Bit 7: 7223393

Total errors injected: 57787695
