vvencFFapp: Fraunhofer VVC Encoder ver. 1.5.0 [Linux][GCC 11.3.0][64 bit][SIMD=AVX2]
 started @ Mon Apr 10 01:07:54 2023
CODING TOOL CFG: CTU128 QT44BTT21 IBD:1 SAO:1 ALF:1 (NonLinLuma:0 NonLinChr:0) CCALF:1 Tiles:1x1 Slices:1 WPP:0 WPP-Substreams:1 TMVP:1 DQ:1 SDH:0 CST:1 BDOF:1 DMVR:1 MTSImplicit:1 SBT:0 JCbCr:1 CabacInitPresent:1 AMVR:5 SMVD:3 LMCS:2 (Signal:SDR Opt:0) CIIP:0 MIP:1 AFFINE:2 (PROF:1, Type:1) MMVD:3 DisFracMMVD:1 SbTMVP:1 GPM:3 LFNST:1 MTS:0 ISP:3 TS:2 TSLog2MaxSize:4 useChromaTS:0 BDPCM:2 IBC:2 BCW:0 
ENC. ALG. CFG: QPA:0 HAD:1 RDQ:1 RDQTS:1 ASR:1 MinSearchWindow:96 RestrictMESampling:0 EDO:2 MCTF:2 
PRE-ANALYSIS CFG: STA:1 LeadFrames:0 TrailFrames:0 
FAST TOOL CFG: ECU:0 FEN:1 FDM:1 FastSearch:4 (SCC:2) LCTUFast:1 FastMrg:2 PBIntraFast:1 AMaxBT:1 FastQtBtEnc:1 ContentBasedFastQtbt:0 FastMIP:3 FastIntraTools:0 IntraEstDecBit:2 FastLocalDualTree:1 IntegerET:0 FastSubPel:1 QtbttExtraFast:3 FastTTSplit:0 IBCFastMethod:3 FIM:0 ALFSpeed:0 QuantThr: 4 
RATE CONTROL CFG: RateControl:0 LookAhead:0 
PARALLEL PROCESSING CFG: NumThreads:0 MaxParallelFrames:0 WppBitEqual:0 WF:0 

POC     0 TId: 0 (  IDR_N_LP, I-SLICE, QP 34, TF 2)      85368 bits [Y 35.6254 dB    U 39.1515 dB    V 40.0627 dB] [ET   130 ] [L0 ] [L1 ]
POC    16 TId: 1 (      STSA, B-SLICE, QP 40, TF 1)      15936 bits [Y 33.6334 dB    U 38.0731 dB    V 37.9951 dB] [ET   284 ] [L0 0 ] [L1 0 ]
POC     8 TId: 2 (      STSA, B-SLICE, QP 40, TF 0)      10712 bits [Y 33.8688 dB    U 38.2556 dB    V 39.0288 dB] [ET   523 ] [L0 0 16 ] [L1 16 0 ]
POC     4 TId: 3 (      STSA, B-SLICE, QP 43)             6200 bits [Y 33.5094 dB    U 38.2482 dB    V 38.7259 dB] [ET   459 ] [L0 0 8 ] [L1 8 16 ]
POC     2 TId: 4 (      STSA, B-SLICE, QP 45)             2408 bits [Y 33.7904 dB    U 38.6174 dB    V 39.2361 dB] [ET   333 ] [L0 0 4 ] [L1 4 8 ]
POC     1 TId: 5 (      STSA, B-SLICE, QP 46)              232 bits [Y 35.6121 dB    U 39.1599 dB    V 40.0579 dB] [ET   180 ] [L0 0 2 ] [L1 2 4 ]
POC     3 TId: 5 (      STSA, B-SLICE, QP 46)             1568 bits [Y 33.2317 dB    U 38.1025 dB    V 38.6342 dB] [ET   295 ] [L0 2 0 ] [L1 4 8 ]
POC     6 TId: 4 (      STSA, B-SLICE, QP 45)             3016 bits [Y 32.9141 dB    U 37.9385 dB    V 38.1878 dB] [ET   430 ] [L0 4 0 ] [L1 8 16 ]
POC     5 TId: 5 (      STSA, B-SLICE, QP 46)             1360 bits [Y 32.7323 dB    U 37.9488 dB    V 38.4177 dB] [ET   310 ] [L0 4 0 ] [L1 6 8 ]
POC     7 TId: 5 (      STSA, B-SLICE, QP 46)             1592 bits [Y 32.7577 dB    U 38.0660 dB    V 38.4749 dB] [ET   311 ] [L0 6 4 ] [L1 8 16 ]
POC    12 TId: 3 (      STSA, B-SLICE, QP 43)             6664 bits [Y 32.9577 dB    U 37.8260 dB    V 38.2520 dB] [ET   478 ] [L0 8 0 ] [L1 16 8 ]
POC    10 TId: 4 (      STSA, B-SLICE, QP 45)             3560 bits [Y 32.8245 dB    U 37.9028 dB    V 38.1292 dB] [ET   506 ] [L0 8 0 ] [L1 12 16 ]
POC     9 TId: 5 (      STSA, B-SLICE, QP 46)             1576 bits [Y 33.1140 dB    U 38.0258 dB    V 38.4344 dB] [ET   332 ] [L0 8 0 ] [L1 10 12 ]
POC    11 TId: 5 (      STSA, B-SLICE, QP 46)             1688 bits [Y 32.7577 dB    U 37.8639 dB    V 38.0391 dB] [ET   340 ] [L0 10 8 ] [L1 12 16 ]
POC    14 TId: 4 (      STSA, B-SLICE, QP 45)             3248 bits [Y 32.5537 dB    U 37.6984 dB    V 37.6792 dB] [ET   389 ] [L0 12 8 ] [L1 16 12 ]
POC    13 TId: 5 (      STSA, B-SLICE, QP 46)             1416 bits [Y 32.4941 dB    U 37.7528 dB    V 37.9005 dB] [ET   323 ] [L0 12 8 ] [L1 14 16 ]
POC    15 TId: 5 (      STSA, B-SLICE, QP 46)             1400 bits [Y 32.7301 dB    U 37.7341 dB    V 37.6905 dB] [ET   260 ] [L0 14 12 ] [L1 16 14 ]

	Total Frames |   Bitrate     Y-PSNR    U-PSNR    V-PSNR    YUV-PSNR   
	       17    a     435.1294   33.3592   38.1391   38.5262   34.3983

 finished @ Mon Apr 10 02:46:10 2023
 Total Time:     5895.517 sec. [user]     5896.019 sec. [elapsed]

Level: 0
Inject Calls: 7181420375
Errors injected by bit:
	Bit 0: 7181795
	Bit 1: 7185016
	Bit 2: 7182802
	Bit 3: 7183735
	Bit 4: 7185418
	Bit 5: 7180080
	Bit 6: 7180771
	Bit 7: 7182386

Total errors injected: 57462003
