vvencFFapp: Fraunhofer VVC Encoder ver. 1.5.0 [Linux][GCC 11.3.0][64 bit][SIMD=AVX2]
 started @ Fri Apr  7 12:26:47 2023
CODING TOOL CFG: CTU128 QT44BTT21 IBD:1 SAO:1 ALF:1 (NonLinLuma:0 NonLinChr:0) CCALF:1 Tiles:1x1 Slices:1 WPP:0 WPP-Substreams:1 TMVP:1 DQ:1 SDH:0 CST:1 BDOF:1 DMVR:1 MTSImplicit:1 SBT:0 JCbCr:1 CabacInitPresent:1 AMVR:5 SMVD:3 LMCS:2 (Signal:SDR Opt:0) CIIP:0 MIP:1 AFFINE:2 (PROF:1, Type:1) MMVD:3 DisFracMMVD:1 SbTMVP:1 GPM:3 LFNST:1 MTS:0 ISP:3 TS:2 TSLog2MaxSize:4 useChromaTS:0 BDPCM:2 IBC:2 BCW:0 
ENC. ALG. CFG: QPA:0 HAD:1 RDQ:1 RDQTS:1 ASR:1 MinSearchWindow:96 RestrictMESampling:0 EDO:2 MCTF:2 
PRE-ANALYSIS CFG: STA:1 LeadFrames:0 TrailFrames:0 
FAST TOOL CFG: ECU:0 FEN:1 FDM:1 FastSearch:4 (SCC:2) LCTUFast:1 FastMrg:2 PBIntraFast:1 AMaxBT:1 FastQtBtEnc:1 ContentBasedFastQtbt:0 FastMIP:3 FastIntraTools:0 IntraEstDecBit:2 FastLocalDualTree:1 IntegerET:0 FastSubPel:1 QtbttExtraFast:3 FastTTSplit:0 IBCFastMethod:3 FIM:0 ALFSpeed:0 QuantThr: 4 
RATE CONTROL CFG: RateControl:0 LookAhead:0 
PARALLEL PROCESSING CFG: NumThreads:0 MaxParallelFrames:0 WppBitEqual:0 WF:0 

POC     0 TId: 0 (  IDR_N_LP, I-SLICE, QP 19, TF 3)     564808 bits [Y 45.1467 dB    U 46.3576 dB    V 47.8581 dB] [ET   363 ] [L0 ] [L1 ]
POC    16 TId: 1 (      STSA, B-SLICE, QP 22, TF 2)     140976 bits [Y 42.6821 dB    U 44.8590 dB    V 45.9589 dB] [ET   576 ] [L0 0 ] [L1 0 ]
POC     8 TId: 2 (      STSA, B-SLICE, QP 23, TF 1)      79632 bits [Y 42.2991 dB    U 44.6982 dB    V 46.2396 dB] [ET   982 ] [L0 0 16 ] [L1 16 0 ]
POC     4 TId: 3 (      STSA, B-SLICE, QP 26, TF 0)      46712 bits [Y 41.9010 dB    U 44.4671 dB    V 45.7318 dB] [ET   880 ] [L0 0 8 ] [L1 8 16 ]
POC     2 TId: 4 (      STSA, B-SLICE, QP 28)            24752 bits [Y 41.9183 dB    U 44.7991 dB    V 46.0226 dB] [ET   728 ] [L0 0 4 ] [L1 4 8 ]
POC     1 TId: 5 (      STSA, B-SLICE, QP 29)              256 bits [Y 45.1467 dB    U 46.3576 dB    V 47.8581 dB] [ET   318 ] [L0 0 2 ] [L1 2 4 ]
POC     3 TId: 5 (      STSA, B-SLICE, QP 29)            19152 bits [Y 41.5515 dB    U 44.3940 dB    V 45.5778 dB] [ET   719 ] [L0 2 0 ] [L1 4 8 ]
POC     6 TId: 4 (      STSA, B-SLICE, QP 28)            31384 bits [Y 41.5865 dB    U 44.1662 dB    V 45.4462 dB] [ET   910 ] [L0 4 0 ] [L1 8 16 ]
POC     5 TId: 5 (      STSA, B-SLICE, QP 29)            20936 bits [Y 41.2384 dB    U 44.0728 dB    V 45.2981 dB] [ET   844 ] [L0 4 0 ] [L1 6 8 ]
POC     7 TId: 5 (      STSA, B-SLICE, QP 29)            21560 bits [Y 41.2252 dB    U 44.2314 dB    V 45.3364 dB] [ET   702 ] [L0 6 4 ] [L1 8 16 ]
POC    12 TId: 3 (      STSA, B-SLICE, QP 26, TF 0)      55224 bits [Y 41.5154 dB    U 44.1786 dB    V 45.2323 dB] [ET   883 ] [L0 8 0 ] [L1 16 8 ]
POC    10 TId: 4 (      STSA, B-SLICE, QP 28)            35608 bits [Y 41.2387 dB    U 43.9908 dB    V 45.1539 dB] [ET  1045 ] [L0 8 0 ] [L1 12 16 ]
POC     9 TId: 5 (      STSA, B-SLICE, QP 29)            20576 bits [Y 41.5048 dB    U 44.2655 dB    V 45.4025 dB] [ET   734 ] [L0 8 0 ] [L1 10 12 ]
POC    11 TId: 5 (      STSA, B-SLICE, QP 29)            22736 bits [Y 41.2317 dB    U 44.0432 dB    V 44.9142 dB] [ET   769 ] [L0 10 8 ] [L1 12 16 ]
POC    14 TId: 4 (      STSA, B-SLICE, QP 28)            37416 bits [Y 41.2373 dB    U 43.9158 dB    V 44.7761 dB] [ET   774 ] [L0 12 8 ] [L1 16 12 ]
POC    13 TId: 5 (      STSA, B-SLICE, QP 29)            22640 bits [Y 41.1013 dB    U 43.9091 dB    V 44.7385 dB] [ET   665 ] [L0 12 8 ] [L1 14 16 ]
POC    15 TId: 5 (      STSA, B-SLICE, QP 29)            22072 bits [Y 41.1073 dB    U 44.1356 dB    V 44.8796 dB] [ET   535 ] [L0 14 12 ] [L1 16 14 ]

	Total Frames |   Bitrate     Y-PSNR    U-PSNR    V-PSNR    YUV-PSNR   
	       17    a    3430.7059   41.9783   44.5201   45.6720   42.6533

 finished @ Fri Apr  7 15:54:12 2023
 Total Time:    12423.502 sec. [user]    12444.766 sec. [elapsed]

Level: 0
Inject Calls: 14664794941
Errors injected by bit:
	Bit 0: 1466978
	Bit 1: 1466307
	Bit 2: 1467835
	Bit 3: 1467709
	Bit 4: 1465621
	Bit 5: 1465869
	Bit 6: 1468198
	Bit 7: 1466567

Total errors injected: 11735084
