vvencFFapp: Fraunhofer VVC Encoder ver. 1.5.0 [Linux][GCC 11.3.0][64 bit][SIMD=AVX2]
 started @ Sun Apr  9 06:57:33 2023
CODING TOOL CFG: CTU128 QT44BTT21 IBD:1 SAO:1 ALF:1 (NonLinLuma:0 NonLinChr:0) CCALF:1 Tiles:1x1 Slices:1 WPP:0 WPP-Substreams:1 TMVP:1 DQ:1 SDH:0 CST:1 BDOF:1 DMVR:1 MTSImplicit:1 SBT:0 JCbCr:1 CabacInitPresent:1 AMVR:5 SMVD:3 LMCS:2 (Signal:SDR Opt:0) CIIP:0 MIP:1 AFFINE:2 (PROF:1, Type:1) MMVD:3 DisFracMMVD:1 SbTMVP:1 GPM:3 LFNST:1 MTS:0 ISP:3 TS:2 TSLog2MaxSize:4 useChromaTS:0 BDPCM:2 IBC:2 BCW:0 
ENC. ALG. CFG: QPA:0 HAD:1 RDQ:1 RDQTS:1 ASR:1 MinSearchWindow:96 RestrictMESampling:0 EDO:2 MCTF:2 
PRE-ANALYSIS CFG: STA:1 LeadFrames:0 TrailFrames:0 
FAST TOOL CFG: ECU:0 FEN:1 FDM:1 FastSearch:4 (SCC:2) LCTUFast:1 FastMrg:2 PBIntraFast:1 AMaxBT:1 FastQtBtEnc:1 ContentBasedFastQtbt:0 FastMIP:3 FastIntraTools:0 IntraEstDecBit:2 FastLocalDualTree:1 IntegerET:0 FastSubPel:1 QtbttExtraFast:3 FastTTSplit:0 IBCFastMethod:3 FIM:0 ALFSpeed:0 QuantThr: 4 
RATE CONTROL CFG: RateControl:0 LookAhead:0 
PARALLEL PROCESSING CFG: NumThreads:0 MaxParallelFrames:0 WppBitEqual:0 WF:0 

POC     0 TId: 0 (  IDR_N_LP, I-SLICE, QP 29, TF 2)     160808 bits [Y 38.4367 dB    U 41.6230 dB    V 42.6136 dB] [ET   186 ] [L0 ] [L1 ]
POC    16 TId: 1 (      STSA, B-SLICE, QP 34, TF 1)      31024 bits [Y 36.4790 dB    U 39.9237 dB    V 40.0696 dB] [ET   374 ] [L0 0 ] [L1 0 ]
POC     8 TId: 2 (      STSA, B-SLICE, QP 35, TF 0)      18832 bits [Y 36.4821 dB    U 39.9563 dB    V 40.8355 dB] [ET   634 ] [L0 0 16 ] [L1 16 0 ]
POC     4 TId: 3 (      STSA, B-SLICE, QP 38)            11560 bits [Y 36.1729 dB    U 40.2207 dB    V 40.8579 dB] [ET   581 ] [L0 0 8 ] [L1 8 16 ]
POC     2 TId: 4 (      STSA, B-SLICE, QP 40)             5184 bits [Y 36.3284 dB    U 40.8376 dB    V 41.2968 dB] [ET   368 ] [L0 0 4 ] [L1 4 8 ]
POC     1 TId: 5 (      STSA, B-SLICE, QP 41)              248 bits [Y 38.4287 dB    U 41.6230 dB    V 42.6121 dB] [ET   209 ] [L0 0 2 ] [L1 2 4 ]
POC     3 TId: 5 (      STSA, B-SLICE, QP 41)             3240 bits [Y 35.7695 dB    U 40.4219 dB    V 40.7456 dB] [ET   391 ] [L0 2 0 ] [L1 4 8 ]
POC     6 TId: 4 (      STSA, B-SLICE, QP 40)             6640 bits [Y 35.5282 dB    U 40.0506 dB    V 40.4921 dB] [ET   500 ] [L0 4 0 ] [L1 8 16 ]
POC     5 TId: 5 (      STSA, B-SLICE, QP 41)             3312 bits [Y 35.2496 dB    U 39.9991 dB    V 40.5495 dB] [ET   400 ] [L0 4 0 ] [L1 6 8 ]
POC     7 TId: 5 (      STSA, B-SLICE, QP 41)             3256 bits [Y 35.2580 dB    U 39.9066 dB    V 40.4639 dB] [ET   403 ] [L0 6 4 ] [L1 8 16 ]
POC    12 TId: 3 (      STSA, B-SLICE, QP 38)            13240 bits [Y 35.6175 dB    U 39.7373 dB    V 40.0423 dB] [ET   590 ] [L0 8 0 ] [L1 16 8 ]
POC    10 TId: 4 (      STSA, B-SLICE, QP 40)             7224 bits [Y 35.2972 dB    U 39.7209 dB    V 40.2369 dB] [ET   578 ] [L0 8 0 ] [L1 12 16 ]
POC     9 TId: 5 (      STSA, B-SLICE, QP 41)             3480 bits [Y 35.6303 dB    U 39.7959 dB    V 40.3981 dB] [ET   408 ] [L0 8 0 ] [L1 10 12 ]
POC    11 TId: 5 (      STSA, B-SLICE, QP 41)             3808 bits [Y 35.2785 dB    U 39.6099 dB    V 40.0046 dB] [ET   438 ] [L0 10 8 ] [L1 12 16 ]
POC    14 TId: 4 (      STSA, B-SLICE, QP 40)             7744 bits [Y 35.2319 dB    U 39.6096 dB    V 39.8157 dB] [ET   459 ] [L0 12 8 ] [L1 16 12 ]
POC    13 TId: 5 (      STSA, B-SLICE, QP 41)             3544 bits [Y 35.0734 dB    U 39.6710 dB    V 39.7265 dB] [ET   425 ] [L0 12 8 ] [L1 14 16 ]
POC    15 TId: 5 (      STSA, B-SLICE, QP 41)             3008 bits [Y 35.1455 dB    U 39.7402 dB    V 39.7386 dB] [ET   322 ] [L0 14 12 ] [L1 16 14 ]

	Total Frames |   Bitrate     Y-PSNR    U-PSNR    V-PSNR    YUV-PSNR   
	       17    a     841.6235   35.9651   40.1440   40.6176   36.9064

 finished @ Sun Apr  9 08:58:53 2023
 Total Time:     7278.942 sec. [user]     7279.838 sec. [elapsed]

Level: 0
Inject Calls: 8778515791
Errors injected by bit:
	Bit 0: 8773352
	Bit 1: 8779827
	Bit 2: 8782389
	Bit 3: 8781303
	Bit 4: 8780725
	Bit 5: 8778091
	Bit 6: 8781489
	Bit 7: 8779320

Total errors injected: 70236496
