vvencFFapp: Fraunhofer VVC Encoder ver. 1.5.0 [Linux][GCC 11.3.0][64 bit][SIMD=AVX2]
 started @ Fri Apr  7 12:26:47 2023
CODING TOOL CFG: CTU128 QT44BTT21 IBD:1 SAO:1 ALF:1 (NonLinLuma:0 NonLinChr:0) CCALF:1 Tiles:1x1 Slices:1 WPP:0 WPP-Substreams:1 TMVP:1 DQ:1 SDH:0 CST:1 BDOF:1 DMVR:1 MTSImplicit:1 SBT:0 JCbCr:1 CabacInitPresent:1 AMVR:5 SMVD:3 LMCS:2 (Signal:SDR Opt:0) CIIP:0 MIP:1 AFFINE:2 (PROF:1, Type:1) MMVD:3 DisFracMMVD:1 SbTMVP:1 GPM:3 LFNST:1 MTS:0 ISP:3 TS:2 TSLog2MaxSize:4 useChromaTS:0 BDPCM:2 IBC:2 BCW:0 
ENC. ALG. CFG: QPA:0 HAD:1 RDQ:1 RDQTS:1 ASR:1 MinSearchWindow:96 RestrictMESampling:0 EDO:2 MCTF:2 
PRE-ANALYSIS CFG: STA:1 LeadFrames:0 TrailFrames:0 
FAST TOOL CFG: ECU:0 FEN:1 FDM:1 FastSearch:4 (SCC:2) LCTUFast:1 FastMrg:2 PBIntraFast:1 AMaxBT:1 FastQtBtEnc:1 ContentBasedFastQtbt:0 FastMIP:3 FastIntraTools:0 IntraEstDecBit:2 FastLocalDualTree:1 IntegerET:0 FastSubPel:1 QtbttExtraFast:3 FastTTSplit:0 IBCFastMethod:3 FIM:0 ALFSpeed:0 QuantThr: 4 
RATE CONTROL CFG: RateControl:0 LookAhead:0 
PARALLEL PROCESSING CFG: NumThreads:0 MaxParallelFrames:0 WppBitEqual:0 WF:0 

POC     0 TId: 0 (  IDR_N_LP, I-SLICE, QP 19, TF 3)     564808 bits [Y 45.1467 dB    U 46.3576 dB    V 47.8581 dB] [ET   362 ] [L0 ] [L1 ]
POC    16 TId: 1 (      STSA, B-SLICE, QP 22, TF 2)     141736 bits [Y 42.6949 dB    U 44.8773 dB    V 45.9378 dB] [ET   580 ] [L0 0 ] [L1 0 ]
POC     8 TId: 2 (      STSA, B-SLICE, QP 23, TF 1)      79872 bits [Y 42.3070 dB    U 44.7353 dB    V 46.1553 dB] [ET   956 ] [L0 0 16 ] [L1 16 0 ]
POC     4 TId: 3 (      STSA, B-SLICE, QP 26, TF 0)      47232 bits [Y 41.9316 dB    U 44.4387 dB    V 45.7262 dB] [ET   876 ] [L0 0 8 ] [L1 8 16 ]
POC     2 TId: 4 (      STSA, B-SLICE, QP 28)            25704 bits [Y 41.9249 dB    U 44.8201 dB    V 46.0473 dB] [ET   712 ] [L0 0 4 ] [L1 4 8 ]
POC     1 TId: 5 (      STSA, B-SLICE, QP 29)              256 bits [Y 45.1467 dB    U 46.3576 dB    V 47.8581 dB] [ET   317 ] [L0 0 2 ] [L1 2 4 ]
POC     3 TId: 5 (      STSA, B-SLICE, QP 29)            19544 bits [Y 41.5987 dB    U 44.3140 dB    V 45.6064 dB] [ET   700 ] [L0 2 0 ] [L1 4 8 ]
POC     6 TId: 4 (      STSA, B-SLICE, QP 28)            31184 bits [Y 41.5926 dB    U 44.2179 dB    V 45.3536 dB] [ET   899 ] [L0 4 0 ] [L1 8 16 ]
POC     5 TId: 5 (      STSA, B-SLICE, QP 29)            20664 bits [Y 41.2103 dB    U 44.0376 dB    V 45.2823 dB] [ET   781 ] [L0 4 0 ] [L1 6 8 ]
POC     7 TId: 5 (      STSA, B-SLICE, QP 29)            21896 bits [Y 41.1985 dB    U 44.2899 dB    V 45.3383 dB] [ET   701 ] [L0 6 4 ] [L1 8 16 ]
POC    12 TId: 3 (      STSA, B-SLICE, QP 26, TF 0)      54440 bits [Y 41.4872 dB    U 44.1757 dB    V 45.2819 dB] [ET   885 ] [L0 8 0 ] [L1 16 8 ]
POC    10 TId: 4 (      STSA, B-SLICE, QP 28)            35600 bits [Y 41.2490 dB    U 44.0527 dB    V 44.9778 dB] [ET  1043 ] [L0 8 0 ] [L1 12 16 ]
POC     9 TId: 5 (      STSA, B-SLICE, QP 29)            20424 bits [Y 41.5069 dB    U 44.3343 dB    V 45.3778 dB] [ET   724 ] [L0 8 0 ] [L1 10 12 ]
POC    11 TId: 5 (      STSA, B-SLICE, QP 29)            22344 bits [Y 41.2143 dB    U 44.0152 dB    V 44.7830 dB] [ET   751 ] [L0 10 8 ] [L1 12 16 ]
POC    14 TId: 4 (      STSA, B-SLICE, QP 28)            37672 bits [Y 41.2451 dB    U 43.9668 dB    V 44.7927 dB] [ET   769 ] [L0 12 8 ] [L1 16 12 ]
POC    13 TId: 5 (      STSA, B-SLICE, QP 29)            21992 bits [Y 41.0604 dB    U 43.9483 dB    V 44.8426 dB] [ET   687 ] [L0 12 8 ] [L1 14 16 ]
POC    15 TId: 5 (      STSA, B-SLICE, QP 29)            21040 bits [Y 41.0825 dB    U 44.1751 dB    V 44.8350 dB] [ET   540 ] [L0 14 12 ] [L1 16 14 ]

	Total Frames |   Bitrate     Y-PSNR    U-PSNR    V-PSNR    YUV-PSNR   
	       17    a    3430.6118   41.9763   44.5361   45.6503   42.6504

 finished @ Fri Apr  7 15:51:49 2023
 Total Time:    12278.099 sec. [user]    12302.379 sec. [elapsed]

Level: 0
Inject Calls: 14604055902
Errors injected by bit:
	Bit 0: 1459028
	Bit 1: 1459987
	Bit 2: 1460567
	Bit 3: 1461365
	Bit 4: 1460124
	Bit 5: 1460942
	Bit 6: 1459765
	Bit 7: 1462130

Total errors injected: 11683908
