vvencFFapp: Fraunhofer VVC Encoder ver. 1.5.0 [Linux][GCC 11.3.0][64 bit][SIMD=AVX2]
 started @ Mon Apr 10 06:17:59 2023
CODING TOOL CFG: CTU128 QT44BTT21 IBD:1 SAO:1 ALF:1 (NonLinLuma:0 NonLinChr:0) CCALF:1 Tiles:1x1 Slices:1 WPP:0 WPP-Substreams:1 TMVP:1 DQ:1 SDH:0 CST:1 BDOF:1 DMVR:1 MTSImplicit:1 SBT:0 JCbCr:1 CabacInitPresent:1 AMVR:5 SMVD:3 LMCS:2 (Signal:SDR Opt:0) CIIP:0 MIP:1 AFFINE:2 (PROF:1, Type:1) MMVD:3 DisFracMMVD:1 SbTMVP:1 GPM:3 LFNST:1 MTS:0 ISP:3 TS:2 TSLog2MaxSize:4 useChromaTS:0 BDPCM:2 IBC:2 BCW:0 
ENC. ALG. CFG: QPA:0 HAD:1 RDQ:1 RDQTS:1 ASR:1 MinSearchWindow:96 RestrictMESampling:0 EDO:2 MCTF:2 
PRE-ANALYSIS CFG: STA:1 LeadFrames:0 TrailFrames:0 
FAST TOOL CFG: ECU:0 FEN:1 FDM:1 FastSearch:4 (SCC:2) LCTUFast:1 FastMrg:2 PBIntraFast:1 AMaxBT:1 FastQtBtEnc:1 ContentBasedFastQtbt:0 FastMIP:3 FastIntraTools:0 IntraEstDecBit:2 FastLocalDualTree:1 IntegerET:0 FastSubPel:1 QtbttExtraFast:3 FastTTSplit:0 IBCFastMethod:3 FIM:0 ALFSpeed:0 QuantThr: 4 
RATE CONTROL CFG: RateControl:0 LookAhead:0 
PARALLEL PROCESSING CFG: NumThreads:0 MaxParallelFrames:0 WppBitEqual:0 WF:0 

POC     0 TId: 0 (  IDR_N_LP, I-SLICE, QP 34, TF 2)      85368 bits [Y 35.6254 dB    U 39.1515 dB    V 40.0627 dB] [ET   133 ] [L0 ] [L1 ]
POC    16 TId: 1 (      STSA, B-SLICE, QP 40, TF 1)      15680 bits [Y 33.6069 dB    U 38.0534 dB    V 38.0377 dB] [ET   296 ] [L0 0 ] [L1 0 ]
POC     8 TId: 2 (      STSA, B-SLICE, QP 40, TF 0)      11056 bits [Y 33.8964 dB    U 38.2674 dB    V 39.1434 dB] [ET   529 ] [L0 0 16 ] [L1 16 0 ]
POC     4 TId: 3 (      STSA, B-SLICE, QP 43)             6272 bits [Y 33.5214 dB    U 38.3510 dB    V 38.7068 dB] [ET   452 ] [L0 0 8 ] [L1 8 16 ]
POC     2 TId: 4 (      STSA, B-SLICE, QP 45)             2256 bits [Y 33.7207 dB    U 38.5933 dB    V 39.1875 dB] [ET   362 ] [L0 0 4 ] [L1 4 8 ]
POC     1 TId: 5 (      STSA, B-SLICE, QP 46)              224 bits [Y 35.6254 dB    U 39.1515 dB    V 40.0627 dB] [ET   161 ] [L0 0 2 ] [L1 2 4 ]
POC     3 TId: 5 (      STSA, B-SLICE, QP 46)             1544 bits [Y 33.2440 dB    U 38.1904 dB    V 38.6955 dB] [ET   296 ] [L0 2 0 ] [L1 4 8 ]
POC     6 TId: 4 (      STSA, B-SLICE, QP 45)             2984 bits [Y 32.9325 dB    U 38.0214 dB    V 38.2981 dB] [ET   418 ] [L0 4 0 ] [L1 8 16 ]
POC     5 TId: 5 (      STSA, B-SLICE, QP 46)             1432 bits [Y 32.7534 dB    U 38.0394 dB    V 38.3943 dB] [ET   323 ] [L0 4 0 ] [L1 6 8 ]
POC     7 TId: 5 (      STSA, B-SLICE, QP 46)             1640 bits [Y 32.7842 dB    U 38.0342 dB    V 38.4881 dB] [ET   306 ] [L0 6 4 ] [L1 8 16 ]
POC    12 TId: 3 (      STSA, B-SLICE, QP 43)             6856 bits [Y 32.9970 dB    U 37.8896 dB    V 38.2304 dB] [ET   468 ] [L0 8 0 ] [L1 16 8 ]
POC    10 TId: 4 (      STSA, B-SLICE, QP 45)             3688 bits [Y 32.8392 dB    U 37.8601 dB    V 38.1856 dB] [ET   561 ] [L0 8 0 ] [L1 12 16 ]
POC     9 TId: 5 (      STSA, B-SLICE, QP 46)             1608 bits [Y 33.1793 dB    U 38.1162 dB    V 38.4403 dB] [ET   323 ] [L0 8 0 ] [L1 10 12 ]
POC    11 TId: 5 (      STSA, B-SLICE, QP 46)             1840 bits [Y 32.7717 dB    U 37.9134 dB    V 38.0197 dB] [ET   323 ] [L0 10 8 ] [L1 12 16 ]
POC    14 TId: 4 (      STSA, B-SLICE, QP 45)             3408 bits [Y 32.6007 dB    U 37.6952 dB    V 37.7179 dB] [ET   376 ] [L0 12 8 ] [L1 16 12 ]
POC    13 TId: 5 (      STSA, B-SLICE, QP 46)             1536 bits [Y 32.5376 dB    U 37.8549 dB    V 37.9908 dB] [ET   331 ] [L0 12 8 ] [L1 14 16 ]
POC    15 TId: 5 (      STSA, B-SLICE, QP 46)             1488 bits [Y 32.7638 dB    U 37.8085 dB    V 37.8629 dB] [ET   252 ] [L0 14 12 ] [L1 16 14 ]

	Total Frames |   Bitrate     Y-PSNR    U-PSNR    V-PSNR    YUV-PSNR   
	       17    a     437.8824   33.3765   38.1760   38.5603   34.4201

 finished @ Mon Apr 10 07:56:41 2023
 Total Time:     5922.118 sec. [user]     5922.177 sec. [elapsed]

Level: 0
Inject Calls: 7279623622
Errors injected by bit:
	Bit 0: 72851
	Bit 1: 72592
	Bit 2: 73057
	Bit 3: 72629
	Bit 4: 72742
	Bit 5: 72468
	Bit 6: 72903
	Bit 7: 72559

Total errors injected: 581801
