vvencFFapp: Fraunhofer VVC Encoder ver. 1.5.0 [Linux][GCC 11.3.0][64 bit][SIMD=AVX2]
 started @ Sun Apr  9 15:17:42 2023
CODING TOOL CFG: CTU128 QT44BTT21 IBD:1 SAO:1 ALF:1 (NonLinLuma:0 NonLinChr:0) CCALF:1 Tiles:1x1 Slices:1 WPP:0 WPP-Substreams:1 TMVP:1 DQ:1 SDH:0 CST:1 BDOF:1 DMVR:1 MTSImplicit:1 SBT:0 JCbCr:1 CabacInitPresent:1 AMVR:5 SMVD:3 LMCS:2 (Signal:SDR Opt:0) CIIP:0 MIP:1 AFFINE:2 (PROF:1, Type:1) MMVD:3 DisFracMMVD:1 SbTMVP:1 GPM:3 LFNST:1 MTS:0 ISP:3 TS:2 TSLog2MaxSize:4 useChromaTS:0 BDPCM:2 IBC:2 BCW:0 
ENC. ALG. CFG: QPA:0 HAD:1 RDQ:1 RDQTS:1 ASR:1 MinSearchWindow:96 RestrictMESampling:0 EDO:2 MCTF:2 
PRE-ANALYSIS CFG: STA:1 LeadFrames:0 TrailFrames:0 
FAST TOOL CFG: ECU:0 FEN:1 FDM:1 FastSearch:4 (SCC:2) LCTUFast:1 FastMrg:2 PBIntraFast:1 AMaxBT:1 FastQtBtEnc:1 ContentBasedFastQtbt:0 FastMIP:3 FastIntraTools:0 IntraEstDecBit:2 FastLocalDualTree:1 IntegerET:0 FastSubPel:1 QtbttExtraFast:3 FastTTSplit:0 IBCFastMethod:3 FIM:0 ALFSpeed:0 QuantThr: 4 
RATE CONTROL CFG: RateControl:0 LookAhead:0 
PARALLEL PROCESSING CFG: NumThreads:0 MaxParallelFrames:0 WppBitEqual:0 WF:0 

POC     0 TId: 0 (  IDR_N_LP, I-SLICE, QP 29, TF 2)     160808 bits [Y 38.4367 dB    U 41.6230 dB    V 42.6136 dB] [ET   186 ] [L0 ] [L1 ]
POC    16 TId: 1 (      STSA, B-SLICE, QP 34, TF 1)      30832 bits [Y 36.4761 dB    U 39.9678 dB    V 40.1119 dB] [ET   369 ] [L0 0 ] [L1 0 ]
POC     8 TId: 2 (      STSA, B-SLICE, QP 35, TF 0)      18960 bits [Y 36.4916 dB    U 39.9951 dB    V 40.8171 dB] [ET   647 ] [L0 0 16 ] [L1 16 0 ]
POC     4 TId: 3 (      STSA, B-SLICE, QP 38)            11584 bits [Y 36.1578 dB    U 40.2192 dB    V 40.9672 dB] [ET   569 ] [L0 0 8 ] [L1 8 16 ]
POC     2 TId: 4 (      STSA, B-SLICE, QP 40)             4968 bits [Y 36.3134 dB    U 40.8764 dB    V 41.3843 dB] [ET   400 ] [L0 0 4 ] [L1 4 8 ]
POC     1 TId: 5 (      STSA, B-SLICE, QP 41)              168 bits [Y 38.4367 dB    U 41.6230 dB    V 42.6136 dB] [ET   212 ] [L0 0 2 ] [L1 2 4 ]
POC     3 TId: 5 (      STSA, B-SLICE, QP 41)             3336 bits [Y 35.7716 dB    U 40.4449 dB    V 40.7636 dB] [ET   387 ] [L0 2 0 ] [L1 4 8 ]
POC     6 TId: 4 (      STSA, B-SLICE, QP 40)             6336 bits [Y 35.5519 dB    U 40.0991 dB    V 40.4464 dB] [ET   540 ] [L0 4 0 ] [L1 8 16 ]
POC     5 TId: 5 (      STSA, B-SLICE, QP 41)             3600 bits [Y 35.3511 dB    U 40.0152 dB    V 40.5410 dB] [ET   422 ] [L0 4 0 ] [L1 6 8 ]
POC     7 TId: 5 (      STSA, B-SLICE, QP 41)             3424 bits [Y 35.2782 dB    U 39.9893 dB    V 40.4946 dB] [ET   397 ] [L0 6 4 ] [L1 8 16 ]
POC    12 TId: 3 (      STSA, B-SLICE, QP 38)            13648 bits [Y 35.6608 dB    U 39.6980 dB    V 40.1968 dB] [ET   577 ] [L0 8 0 ] [L1 16 8 ]
POC    10 TId: 4 (      STSA, B-SLICE, QP 40)             7280 bits [Y 35.3407 dB    U 39.7402 dB    V 40.1044 dB] [ET   622 ] [L0 8 0 ] [L1 12 16 ]
POC     9 TId: 5 (      STSA, B-SLICE, QP 41)             3448 bits [Y 35.6694 dB    U 39.8407 dB    V 40.3152 dB] [ET   429 ] [L0 8 0 ] [L1 10 12 ]
POC    11 TId: 5 (      STSA, B-SLICE, QP 41)             3584 bits [Y 35.2424 dB    U 39.6503 dB    V 39.9751 dB] [ET   419 ] [L0 10 8 ] [L1 12 16 ]
POC    14 TId: 4 (      STSA, B-SLICE, QP 40)             7488 bits [Y 35.2243 dB    U 39.6141 dB    V 39.8110 dB] [ET   447 ] [L0 12 8 ] [L1 16 12 ]
POC    13 TId: 5 (      STSA, B-SLICE, QP 41)             3280 bits [Y 34.9870 dB    U 39.6511 dB    V 39.8868 dB] [ET   424 ] [L0 12 8 ] [L1 14 16 ]
POC    15 TId: 5 (      STSA, B-SLICE, QP 41)             3024 bits [Y 35.2333 dB    U 39.7425 dB    V 39.7792 dB] [ET   331 ] [L0 14 12 ] [L1 16 14 ]

	Total Frames |   Bitrate     Y-PSNR    U-PSNR    V-PSNR    YUV-PSNR   
	       17    a     840.4941   35.9778   40.1641   40.6366   36.9211

 finished @ Sun Apr  9 17:20:52 2023
 Total Time:     7389.064 sec. [user]     7389.587 sec. [elapsed]

Level: 0
Inject Calls: 8974113731
Errors injected by bit:
	Bit 0: 9050
	Bit 1: 8853
	Bit 2: 8853
	Bit 3: 9043
	Bit 4: 9023
	Bit 5: 8931
	Bit 6: 8949
	Bit 7: 9129

Total errors injected: 71831
