vvencFFapp: Fraunhofer VVC Encoder ver. 1.5.0 [Linux][GCC 11.3.0][64 bit][SIMD=AVX2]
 started @ Sat Apr  8 09:22:11 2023
CODING TOOL CFG: CTU128 QT44BTT21 IBD:1 SAO:1 ALF:1 (NonLinLuma:0 NonLinChr:0) CCALF:1 Tiles:1x1 Slices:1 WPP:0 WPP-Substreams:1 TMVP:1 DQ:1 SDH:0 CST:1 BDOF:1 DMVR:1 MTSImplicit:1 SBT:0 JCbCr:1 CabacInitPresent:1 AMVR:5 SMVD:3 LMCS:2 (Signal:SDR Opt:0) CIIP:0 MIP:1 AFFINE:2 (PROF:1, Type:1) MMVD:3 DisFracMMVD:1 SbTMVP:1 GPM:3 LFNST:1 MTS:0 ISP:3 TS:2 TSLog2MaxSize:4 useChromaTS:0 BDPCM:2 IBC:2 BCW:0 
ENC. ALG. CFG: QPA:0 HAD:1 RDQ:1 RDQTS:1 ASR:1 MinSearchWindow:96 RestrictMESampling:0 EDO:2 MCTF:2 
PRE-ANALYSIS CFG: STA:1 LeadFrames:0 TrailFrames:0 
FAST TOOL CFG: ECU:0 FEN:1 FDM:1 FastSearch:4 (SCC:2) LCTUFast:1 FastMrg:2 PBIntraFast:1 AMaxBT:1 FastQtBtEnc:1 ContentBasedFastQtbt:0 FastMIP:3 FastIntraTools:0 IntraEstDecBit:2 FastLocalDualTree:1 IntegerET:0 FastSubPel:1 QtbttExtraFast:3 FastTTSplit:0 IBCFastMethod:3 FIM:0 ALFSpeed:0 QuantThr: 4 
RATE CONTROL CFG: RateControl:0 LookAhead:0 
PARALLEL PROCESSING CFG: NumThreads:0 MaxParallelFrames:0 WppBitEqual:0 WF:0 

POC     0 TId: 0 (  IDR_N_LP, I-SLICE, QP 24, TF 3)     303696 bits [Y 41.6478 dB    U 43.8365 dB    V 45.0113 dB] [ET   268 ] [L0 ] [L1 ]
POC    16 TId: 1 (      STSA, B-SLICE, QP 28, TF 2)      65192 bits [Y 39.5570 dB    U 42.4376 dB    V 43.1461 dB] [ET   455 ] [L0 0 ] [L1 0 ]
POC     8 TId: 2 (      STSA, B-SLICE, QP 29, TF 1)      39048 bits [Y 39.4631 dB    U 42.4558 dB    V 43.3715 dB] [ET   721 ] [L0 0 16 ] [L1 16 0 ]
POC     4 TId: 3 (      STSA, B-SLICE, QP 32, TF 0)      23328 bits [Y 39.1150 dB    U 42.2348 dB    V 43.0945 dB] [ET   729 ] [L0 0 8 ] [L1 8 16 ]
POC     2 TId: 4 (      STSA, B-SLICE, QP 34)            10632 bits [Y 39.1155 dB    U 42.6957 dB    V 43.5476 dB] [ET   574 ] [L0 0 4 ] [L1 4 8 ]
POC     1 TId: 5 (      STSA, B-SLICE, QP 36)              256 bits [Y 41.6411 dB    U 43.8355 dB    V 45.0096 dB] [ET   222 ] [L0 0 2 ] [L1 2 4 ]
POC     3 TId: 5 (      STSA, B-SLICE, QP 36)             6912 bits [Y 38.4586 dB    U 42.1615 dB    V 42.8804 dB] [ET   497 ] [L0 2 0 ] [L1 4 8 ]
POC     6 TId: 4 (      STSA, B-SLICE, QP 34)            14864 bits [Y 38.7432 dB    U 42.0995 dB    V 42.8538 dB] [ET   696 ] [L0 4 0 ] [L1 8 16 ]
POC     5 TId: 5 (      STSA, B-SLICE, QP 36)             7024 bits [Y 38.0973 dB    U 41.9661 dB    V 42.6839 dB] [ET   522 ] [L0 4 0 ] [L1 6 8 ]
POC     7 TId: 5 (      STSA, B-SLICE, QP 36)             7080 bits [Y 37.9643 dB    U 42.0399 dB    V 42.7701 dB] [ET   488 ] [L0 6 4 ] [L1 8 16 ]
POC    12 TId: 3 (      STSA, B-SLICE, QP 32, TF 0)      25840 bits [Y 38.4652 dB    U 41.9047 dB    V 42.5385 dB] [ET   734 ] [L0 8 0 ] [L1 16 8 ]
POC    10 TId: 4 (      STSA, B-SLICE, QP 34)            16456 bits [Y 38.2816 dB    U 41.7555 dB    V 42.3657 dB] [ET   856 ] [L0 8 0 ] [L1 12 16 ]
POC     9 TId: 5 (      STSA, B-SLICE, QP 36)             7096 bits [Y 38.3530 dB    U 42.1583 dB    V 42.5441 dB] [ET   528 ] [L0 8 0 ] [L1 10 12 ]
POC    11 TId: 5 (      STSA, B-SLICE, QP 36)             8232 bits [Y 38.0162 dB    U 41.7912 dB    V 42.2696 dB] [ET   527 ] [L0 10 8 ] [L1 12 16 ]
POC    14 TId: 4 (      STSA, B-SLICE, QP 34)            16920 bits [Y 38.2407 dB    U 41.6531 dB    V 42.0784 dB] [ET   626 ] [L0 12 8 ] [L1 16 12 ]
POC    13 TId: 5 (      STSA, B-SLICE, QP 36)             7448 bits [Y 37.8107 dB    U 41.6709 dB    V 41.9868 dB] [ET   486 ] [L0 12 8 ] [L1 14 16 ]
POC    15 TId: 5 (      STSA, B-SLICE, QP 36)             6696 bits [Y 37.9258 dB    U 41.8953 dB    V 42.1007 dB] [ET   370 ] [L0 14 12 ] [L1 16 14 ]

	Total Frames |   Bitrate     Y-PSNR    U-PSNR    V-PSNR    YUV-PSNR   
	       17    a    1666.8235   38.8762   42.2701   42.9560   39.6843

 finished @ Sat Apr  8 11:57:28 2023
 Total Time:     9304.808 sec. [user]     9317.503 sec. [elapsed]

Level: 0
Inject Calls: 11139260749
Errors injected by bit:
	Bit 0: 11145651
	Bit 1: 11142742
	Bit 2: 11136507
	Bit 3: 11140143
	Bit 4: 11137295
	Bit 5: 11137997
	Bit 6: 11137392
	Bit 7: 11139274

Total errors injected: 89117001
