vvencFFapp: Fraunhofer VVC Encoder ver. 1.5.0 [Linux][GCC 11.3.0][64 bit][SIMD=AVX2]
 started @ Sat Apr  8 09:17:11 2023
CODING TOOL CFG: CTU128 QT44BTT21 IBD:1 SAO:1 ALF:1 (NonLinLuma:0 NonLinChr:0) CCALF:1 Tiles:1x1 Slices:1 WPP:0 WPP-Substreams:1 TMVP:1 DQ:1 SDH:0 CST:1 BDOF:1 DMVR:1 MTSImplicit:1 SBT:0 JCbCr:1 CabacInitPresent:1 AMVR:5 SMVD:3 LMCS:2 (Signal:SDR Opt:0) CIIP:0 MIP:1 AFFINE:2 (PROF:1, Type:1) MMVD:3 DisFracMMVD:1 SbTMVP:1 GPM:3 LFNST:1 MTS:0 ISP:3 TS:2 TSLog2MaxSize:4 useChromaTS:0 BDPCM:2 IBC:2 BCW:0 
ENC. ALG. CFG: QPA:0 HAD:1 RDQ:1 RDQTS:1 ASR:1 MinSearchWindow:96 RestrictMESampling:0 EDO:2 MCTF:2 
PRE-ANALYSIS CFG: STA:1 LeadFrames:0 TrailFrames:0 
FAST TOOL CFG: ECU:0 FEN:1 FDM:1 FastSearch:4 (SCC:2) LCTUFast:1 FastMrg:2 PBIntraFast:1 AMaxBT:1 FastQtBtEnc:1 ContentBasedFastQtbt:0 FastMIP:3 FastIntraTools:0 IntraEstDecBit:2 FastLocalDualTree:1 IntegerET:0 FastSubPel:1 QtbttExtraFast:3 FastTTSplit:0 IBCFastMethod:3 FIM:0 ALFSpeed:0 QuantThr: 4 
RATE CONTROL CFG: RateControl:0 LookAhead:0 
PARALLEL PROCESSING CFG: NumThreads:0 MaxParallelFrames:0 WppBitEqual:0 WF:0 

POC     0 TId: 0 (  IDR_N_LP, I-SLICE, QP 24, TF 3)     303696 bits [Y 41.6478 dB    U 43.8365 dB    V 45.0113 dB] [ET   268 ] [L0 ] [L1 ]
POC    16 TId: 1 (      STSA, B-SLICE, QP 28, TF 2)      65352 bits [Y 39.5840 dB    U 42.3930 dB    V 43.1885 dB] [ET   453 ] [L0 0 ] [L1 0 ]
POC     8 TId: 2 (      STSA, B-SLICE, QP 29, TF 1)      39120 bits [Y 39.4801 dB    U 42.5105 dB    V 43.5060 dB] [ET   718 ] [L0 0 16 ] [L1 16 0 ]
POC     4 TId: 3 (      STSA, B-SLICE, QP 32, TF 0)      22704 bits [Y 39.0646 dB    U 42.2196 dB    V 43.1409 dB] [ET   712 ] [L0 0 8 ] [L1 8 16 ]
POC     2 TId: 4 (      STSA, B-SLICE, QP 34)            10912 bits [Y 39.1569 dB    U 42.6939 dB    V 43.4370 dB] [ET   548 ] [L0 0 4 ] [L1 4 8 ]
POC     1 TId: 5 (      STSA, B-SLICE, QP 36)              264 bits [Y 41.6424 dB    U 43.8358 dB    V 45.0089 dB] [ET   223 ] [L0 0 2 ] [L1 2 4 ]
POC     3 TId: 5 (      STSA, B-SLICE, QP 36)             6968 bits [Y 38.5321 dB    U 42.1575 dB    V 42.8948 dB] [ET   469 ] [L0 2 0 ] [L1 4 8 ]
POC     6 TId: 4 (      STSA, B-SLICE, QP 34)            14368 bits [Y 38.6604 dB    U 42.1347 dB    V 42.8685 dB] [ET   706 ] [L0 4 0 ] [L1 8 16 ]
POC     5 TId: 5 (      STSA, B-SLICE, QP 36)             7192 bits [Y 38.1029 dB    U 41.9885 dB    V 42.6424 dB] [ET   517 ] [L0 4 0 ] [L1 6 8 ]
POC     7 TId: 5 (      STSA, B-SLICE, QP 36)             6976 bits [Y 37.9780 dB    U 42.1032 dB    V 42.7687 dB] [ET   463 ] [L0 6 4 ] [L1 8 16 ]
POC    12 TId: 3 (      STSA, B-SLICE, QP 32, TF 0)      26152 bits [Y 38.5240 dB    U 41.8254 dB    V 42.4966 dB] [ET   721 ] [L0 8 0 ] [L1 16 8 ]
POC    10 TId: 4 (      STSA, B-SLICE, QP 34)            15896 bits [Y 38.2744 dB    U 41.8186 dB    V 42.3964 dB] [ET   786 ] [L0 8 0 ] [L1 12 16 ]
POC     9 TId: 5 (      STSA, B-SLICE, QP 36)             6888 bits [Y 38.3249 dB    U 42.0554 dB    V 42.7985 dB] [ET   489 ] [L0 8 0 ] [L1 10 12 ]
POC    11 TId: 5 (      STSA, B-SLICE, QP 36)             8432 bits [Y 38.0532 dB    U 41.7428 dB    V 42.1801 dB] [ET   527 ] [L0 10 8 ] [L1 12 16 ]
POC    14 TId: 4 (      STSA, B-SLICE, QP 34)            16552 bits [Y 38.2138 dB    U 41.6041 dB    V 42.0749 dB] [ET   614 ] [L0 12 8 ] [L1 16 12 ]
POC    13 TId: 5 (      STSA, B-SLICE, QP 36)             7968 bits [Y 37.8617 dB    U 41.6398 dB    V 42.0245 dB] [ET   503 ] [L0 12 8 ] [L1 14 16 ]
POC    15 TId: 5 (      STSA, B-SLICE, QP 36)             7056 bits [Y 37.9751 dB    U 41.7681 dB    V 42.1552 dB] [ET   360 ] [L0 14 12 ] [L1 16 14 ]

	Total Frames |   Bitrate     Y-PSNR    U-PSNR    V-PSNR    YUV-PSNR   
	       17    a    1666.1647   38.8868   42.2545   42.9761   39.6943

 finished @ Sat Apr  8 11:48:46 2023
 Total Time:     9080.037 sec. [user]     9095.613 sec. [elapsed]

Level: 0
Inject Calls: 10876796236
Errors injected by bit:
	Bit 0: 10878523
	Bit 1: 10880055
	Bit 2: 10879091
	Bit 3: 10874967
	Bit 4: 10876600
	Bit 5: 10881835
	Bit 6: 10879303
	Bit 7: 10881097

Total errors injected: 87031471
