vvencFFapp: Fraunhofer VVC Encoder ver. 1.5.0 [Linux][GCC 11.3.0][64 bit][SIMD=AVX2]
 started @ Fri Apr  7 08:56:43 2023
CODING TOOL CFG: CTU128 QT44BTT21 IBD:1 SAO:1 ALF:1 (NonLinLuma:0 NonLinChr:0) CCALF:1 Tiles:1x1 Slices:1 WPP:0 WPP-Substreams:1 TMVP:1 DQ:1 SDH:0 CST:1 BDOF:1 DMVR:1 MTSImplicit:1 SBT:0 JCbCr:1 CabacInitPresent:1 AMVR:5 SMVD:3 LMCS:2 (Signal:SDR Opt:0) CIIP:0 MIP:1 AFFINE:2 (PROF:1, Type:1) MMVD:3 DisFracMMVD:1 SbTMVP:1 GPM:3 LFNST:1 MTS:0 ISP:3 TS:2 TSLog2MaxSize:4 useChromaTS:0 BDPCM:2 IBC:2 BCW:0 
ENC. ALG. CFG: QPA:0 HAD:1 RDQ:1 RDQTS:1 ASR:1 MinSearchWindow:96 RestrictMESampling:0 EDO:2 MCTF:2 
PRE-ANALYSIS CFG: STA:1 LeadFrames:0 TrailFrames:0 
FAST TOOL CFG: ECU:0 FEN:1 FDM:1 FastSearch:4 (SCC:2) LCTUFast:1 FastMrg:2 PBIntraFast:1 AMaxBT:1 FastQtBtEnc:1 ContentBasedFastQtbt:0 FastMIP:3 FastIntraTools:0 IntraEstDecBit:2 FastLocalDualTree:1 IntegerET:0 FastSubPel:1 QtbttExtraFast:3 FastTTSplit:0 IBCFastMethod:3 FIM:0 ALFSpeed:0 QuantThr: 4 
RATE CONTROL CFG: RateControl:0 LookAhead:0 
PARALLEL PROCESSING CFG: NumThreads:0 MaxParallelFrames:0 WppBitEqual:0 WF:0 

POC     0 TId: 0 (  IDR_N_LP, I-SLICE, QP 19, TF 3)     564808 bits [Y 45.1467 dB    U 46.3576 dB    V 47.8581 dB] [ET   359 ] [L0 ] [L1 ]
POC    16 TId: 1 (      STSA, B-SLICE, QP 22, TF 2)     140552 bits [Y 42.6803 dB    U 44.8407 dB    V 45.9326 dB] [ET   575 ] [L0 0 ] [L1 0 ]
POC     8 TId: 2 (      STSA, B-SLICE, QP 23, TF 1)      79720 bits [Y 42.3224 dB    U 44.7018 dB    V 46.0965 dB] [ET   975 ] [L0 0 16 ] [L1 16 0 ]
POC     4 TId: 3 (      STSA, B-SLICE, QP 26, TF 0)      47608 bits [Y 41.8911 dB    U 44.4784 dB    V 45.8090 dB] [ET   889 ] [L0 0 8 ] [L1 8 16 ]
POC     2 TId: 4 (      STSA, B-SLICE, QP 28)            24928 bits [Y 41.9138 dB    U 44.8052 dB    V 46.0425 dB] [ET   701 ] [L0 0 4 ] [L1 4 8 ]
POC     1 TId: 5 (      STSA, B-SLICE, QP 29)              256 bits [Y 45.1467 dB    U 46.3576 dB    V 47.8581 dB] [ET   315 ] [L0 0 2 ] [L1 2 4 ]
POC     3 TId: 5 (      STSA, B-SLICE, QP 29)            18904 bits [Y 41.5526 dB    U 44.3176 dB    V 45.5437 dB] [ET   699 ] [L0 2 0 ] [L1 4 8 ]
POC     6 TId: 4 (      STSA, B-SLICE, QP 28)            31552 bits [Y 41.5920 dB    U 44.2413 dB    V 45.3991 dB] [ET   890 ] [L0 4 0 ] [L1 8 16 ]
POC     5 TId: 5 (      STSA, B-SLICE, QP 29)            21360 bits [Y 41.2644 dB    U 44.1186 dB    V 45.2590 dB] [ET   815 ] [L0 4 0 ] [L1 6 8 ]
POC     7 TId: 5 (      STSA, B-SLICE, QP 29)            21688 bits [Y 41.1863 dB    U 44.2832 dB    V 45.3176 dB] [ET   716 ] [L0 6 4 ] [L1 8 16 ]
POC    12 TId: 3 (      STSA, B-SLICE, QP 26, TF 0)      55464 bits [Y 41.5229 dB    U 44.1842 dB    V 45.2573 dB] [ET   900 ] [L0 8 0 ] [L1 16 8 ]
POC    10 TId: 4 (      STSA, B-SLICE, QP 28)            35472 bits [Y 41.2578 dB    U 44.0253 dB    V 45.0296 dB] [ET  1026 ] [L0 8 0 ] [L1 12 16 ]
POC     9 TId: 5 (      STSA, B-SLICE, QP 29)            20448 bits [Y 41.4647 dB    U 44.2741 dB    V 45.3829 dB] [ET   741 ] [L0 8 0 ] [L1 10 12 ]
POC    11 TId: 5 (      STSA, B-SLICE, QP 29)            22448 bits [Y 41.2195 dB    U 44.0370 dB    V 44.8492 dB] [ET   747 ] [L0 10 8 ] [L1 12 16 ]
POC    14 TId: 4 (      STSA, B-SLICE, QP 28)            37600 bits [Y 41.2759 dB    U 43.9573 dB    V 44.7472 dB] [ET   787 ] [L0 12 8 ] [L1 16 12 ]
POC    13 TId: 5 (      STSA, B-SLICE, QP 29)            22312 bits [Y 41.0775 dB    U 43.9127 dB    V 44.7973 dB] [ET   685 ] [L0 12 8 ] [L1 14 16 ]
POC    15 TId: 5 (      STSA, B-SLICE, QP 29)            20968 bits [Y 41.0862 dB    U 44.1213 dB    V 44.8472 dB] [ET   547 ] [L0 14 12 ] [L1 16 14 ]

	Total Frames |   Bitrate     Y-PSNR    U-PSNR    V-PSNR    YUV-PSNR   
	       17    a    3429.6706   41.9765   44.5302   45.6486   42.6506

 finished @ Fri Apr  7 12:23:08 2023
 Total Time:    12350.915 sec. [user]    12384.277 sec. [elapsed]

Level: 0
Inject Calls: 14677440453
Errors injected by bit:
	Bit 0: 1469103
	Bit 1: 1467161
	Bit 2: 1467494
	Bit 3: 1467866
	Bit 4: 1466605
	Bit 5: 1465203
	Bit 6: 1467719
	Bit 7: 1467225

Total errors injected: 11738376
