vvencFFapp: Fraunhofer VVC Encoder ver. 1.5.0 [Linux][GCC 11.3.0][64 bit][SIMD=AVX2]
 started @ Mon Apr 10 02:57:55 2023
CODING TOOL CFG: CTU128 QT44BTT21 IBD:1 SAO:1 ALF:1 (NonLinLuma:0 NonLinChr:0) CCALF:1 Tiles:1x1 Slices:1 WPP:0 WPP-Substreams:1 TMVP:1 DQ:1 SDH:0 CST:1 BDOF:1 DMVR:1 MTSImplicit:1 SBT:0 JCbCr:1 CabacInitPresent:1 AMVR:5 SMVD:3 LMCS:2 (Signal:SDR Opt:0) CIIP:0 MIP:1 AFFINE:2 (PROF:1, Type:1) MMVD:3 DisFracMMVD:1 SbTMVP:1 GPM:3 LFNST:1 MTS:0 ISP:3 TS:2 TSLog2MaxSize:4 useChromaTS:0 BDPCM:2 IBC:2 BCW:0 
ENC. ALG. CFG: QPA:0 HAD:1 RDQ:1 RDQTS:1 ASR:1 MinSearchWindow:96 RestrictMESampling:0 EDO:2 MCTF:2 
PRE-ANALYSIS CFG: STA:1 LeadFrames:0 TrailFrames:0 
FAST TOOL CFG: ECU:0 FEN:1 FDM:1 FastSearch:4 (SCC:2) LCTUFast:1 FastMrg:2 PBIntraFast:1 AMaxBT:1 FastQtBtEnc:1 ContentBasedFastQtbt:0 FastMIP:3 FastIntraTools:0 IntraEstDecBit:2 FastLocalDualTree:1 IntegerET:0 FastSubPel:1 QtbttExtraFast:3 FastTTSplit:0 IBCFastMethod:3 FIM:0 ALFSpeed:0 QuantThr: 4 
RATE CONTROL CFG: RateControl:0 LookAhead:0 
PARALLEL PROCESSING CFG: NumThreads:0 MaxParallelFrames:0 WppBitEqual:0 WF:0 

POC     0 TId: 0 (  IDR_N_LP, I-SLICE, QP 34, TF 2)      85368 bits [Y 35.6254 dB    U 39.1515 dB    V 40.0627 dB] [ET   133 ] [L0 ] [L1 ]
POC    16 TId: 1 (      STSA, B-SLICE, QP 40, TF 1)      15664 bits [Y 33.5824 dB    U 38.0329 dB    V 38.0830 dB] [ET   291 ] [L0 0 ] [L1 0 ]
POC     8 TId: 2 (      STSA, B-SLICE, QP 40, TF 0)      11024 bits [Y 33.9019 dB    U 38.2706 dB    V 39.1000 dB] [ET   538 ] [L0 0 16 ] [L1 16 0 ]
POC     4 TId: 3 (      STSA, B-SLICE, QP 43)             6344 bits [Y 33.5217 dB    U 38.1845 dB    V 38.8128 dB] [ET   445 ] [L0 0 8 ] [L1 8 16 ]
POC     2 TId: 4 (      STSA, B-SLICE, QP 45)             2488 bits [Y 33.8602 dB    U 38.5330 dB    V 39.1125 dB] [ET   348 ] [L0 0 4 ] [L1 4 8 ]
POC     1 TId: 5 (      STSA, B-SLICE, QP 46)              224 bits [Y 35.6254 dB    U 39.1515 dB    V 40.0627 dB] [ET   166 ] [L0 0 2 ] [L1 2 4 ]
POC     3 TId: 5 (      STSA, B-SLICE, QP 46)             1504 bits [Y 33.2047 dB    U 38.1338 dB    V 38.5959 dB] [ET   301 ] [L0 2 0 ] [L1 4 8 ]
POC     6 TId: 4 (      STSA, B-SLICE, QP 45)             3032 bits [Y 32.9438 dB    U 37.9800 dB    V 38.2575 dB] [ET   427 ] [L0 4 0 ] [L1 8 16 ]
POC     5 TId: 5 (      STSA, B-SLICE, QP 46)             1392 bits [Y 32.7898 dB    U 37.9694 dB    V 38.4724 dB] [ET   324 ] [L0 4 0 ] [L1 6 8 ]
POC     7 TId: 5 (      STSA, B-SLICE, QP 46)             1512 bits [Y 32.7407 dB    U 37.8935 dB    V 38.4553 dB] [ET   315 ] [L0 6 4 ] [L1 8 16 ]
POC    12 TId: 3 (      STSA, B-SLICE, QP 43)             6768 bits [Y 32.9666 dB    U 38.0173 dB    V 38.2351 dB] [ET   486 ] [L0 8 0 ] [L1 16 8 ]
POC    10 TId: 4 (      STSA, B-SLICE, QP 45)             3536 bits [Y 32.8161 dB    U 37.9904 dB    V 37.9161 dB] [ET   506 ] [L0 8 0 ] [L1 12 16 ]
POC     9 TId: 5 (      STSA, B-SLICE, QP 46)             1480 bits [Y 33.1400 dB    U 38.0731 dB    V 38.3900 dB] [ET   336 ] [L0 8 0 ] [L1 10 12 ]
POC    11 TId: 5 (      STSA, B-SLICE, QP 46)             1744 bits [Y 32.7264 dB    U 37.8357 dB    V 37.9403 dB] [ET   331 ] [L0 10 8 ] [L1 12 16 ]
POC    14 TId: 4 (      STSA, B-SLICE, QP 45)             3376 bits [Y 32.6125 dB    U 37.8472 dB    V 37.8806 dB] [ET   352 ] [L0 12 8 ] [L1 16 12 ]
POC    13 TId: 5 (      STSA, B-SLICE, QP 46)             1672 bits [Y 32.5400 dB    U 38.0248 dB    V 37.9903 dB] [ET   335 ] [L0 12 8 ] [L1 14 16 ]
POC    15 TId: 5 (      STSA, B-SLICE, QP 46)             1464 bits [Y 32.7667 dB    U 37.8209 dB    V 37.7784 dB] [ET   250 ] [L0 14 12 ] [L1 16 14 ]

	Total Frames |   Bitrate     Y-PSNR    U-PSNR    V-PSNR    YUV-PSNR   
	       17    a     437.0353   33.3744   38.1712   38.5380   34.4154

 finished @ Mon Apr 10 04:36:14 2023
 Total Time:     5899.239 sec. [user]     5899.399 sec. [elapsed]

Level: 0
Inject Calls: 7212078955
Errors injected by bit:
	Bit 0: 720223
	Bit 1: 720499
	Bit 2: 720737
	Bit 3: 720905
	Bit 4: 723687
	Bit 5: 721337
	Bit 6: 720805
	Bit 7: 721530

Total errors injected: 5769723
