vvencFFapp: Fraunhofer VVC Encoder ver. 1.5.0 [Linux][GCC 11.3.0][64 bit][SIMD=AVX2]
 started @ Sat Apr  8 11:57:14 2023
CODING TOOL CFG: CTU128 QT44BTT21 IBD:1 SAO:1 ALF:1 (NonLinLuma:0 NonLinChr:0) CCALF:1 Tiles:1x1 Slices:1 WPP:0 WPP-Substreams:1 TMVP:1 DQ:1 SDH:0 CST:1 BDOF:1 DMVR:1 MTSImplicit:1 SBT:0 JCbCr:1 CabacInitPresent:1 AMVR:5 SMVD:3 LMCS:2 (Signal:SDR Opt:0) CIIP:0 MIP:1 AFFINE:2 (PROF:1, Type:1) MMVD:3 DisFracMMVD:1 SbTMVP:1 GPM:3 LFNST:1 MTS:0 ISP:3 TS:2 TSLog2MaxSize:4 useChromaTS:0 BDPCM:2 IBC:2 BCW:0 
ENC. ALG. CFG: QPA:0 HAD:1 RDQ:1 RDQTS:1 ASR:1 MinSearchWindow:96 RestrictMESampling:0 EDO:2 MCTF:2 
PRE-ANALYSIS CFG: STA:1 LeadFrames:0 TrailFrames:0 
FAST TOOL CFG: ECU:0 FEN:1 FDM:1 FastSearch:4 (SCC:2) LCTUFast:1 FastMrg:2 PBIntraFast:1 AMaxBT:1 FastQtBtEnc:1 ContentBasedFastQtbt:0 FastMIP:3 FastIntraTools:0 IntraEstDecBit:2 FastLocalDualTree:1 IntegerET:0 FastSubPel:1 QtbttExtraFast:3 FastTTSplit:0 IBCFastMethod:3 FIM:0 ALFSpeed:0 QuantThr: 4 
RATE CONTROL CFG: RateControl:0 LookAhead:0 
PARALLEL PROCESSING CFG: NumThreads:0 MaxParallelFrames:0 WppBitEqual:0 WF:0 

POC     0 TId: 0 (  IDR_N_LP, I-SLICE, QP 24, TF 3)     303696 bits [Y 41.6478 dB    U 43.8365 dB    V 45.0113 dB] [ET   262 ] [L0 ] [L1 ]
POC    16 TId: 1 (      STSA, B-SLICE, QP 28, TF 2)      65576 bits [Y 39.5855 dB    U 42.4234 dB    V 43.1997 dB] [ET   455 ] [L0 0 ] [L1 0 ]
POC     8 TId: 2 (      STSA, B-SLICE, QP 29, TF 1)      38648 bits [Y 39.4843 dB    U 42.5097 dB    V 43.5961 dB] [ET   732 ] [L0 0 16 ] [L1 16 0 ]
POC     4 TId: 3 (      STSA, B-SLICE, QP 32, TF 0)      23000 bits [Y 39.0816 dB    U 42.1653 dB    V 43.1423 dB] [ET   727 ] [L0 0 8 ] [L1 8 16 ]
POC     2 TId: 4 (      STSA, B-SLICE, QP 34)            11008 bits [Y 39.1630 dB    U 42.6870 dB    V 43.5554 dB] [ET   567 ] [L0 0 4 ] [L1 4 8 ]
POC     1 TId: 5 (      STSA, B-SLICE, QP 36)              240 bits [Y 41.6478 dB    U 43.8365 dB    V 45.0113 dB] [ET   222 ] [L0 0 2 ] [L1 2 4 ]
POC     3 TId: 5 (      STSA, B-SLICE, QP 36)             6880 bits [Y 38.5245 dB    U 42.1651 dB    V 42.8667 dB] [ET   500 ] [L0 2 0 ] [L1 4 8 ]
POC     6 TId: 4 (      STSA, B-SLICE, QP 34)            14656 bits [Y 38.7409 dB    U 42.1007 dB    V 42.7056 dB] [ET   729 ] [L0 4 0 ] [L1 8 16 ]
POC     5 TId: 5 (      STSA, B-SLICE, QP 36)             6880 bits [Y 38.0962 dB    U 41.9294 dB    V 42.6876 dB] [ET   562 ] [L0 4 0 ] [L1 6 8 ]
POC     7 TId: 5 (      STSA, B-SLICE, QP 36)             7032 bits [Y 38.0127 dB    U 42.1391 dB    V 42.8779 dB] [ET   489 ] [L0 6 4 ] [L1 8 16 ]
POC    12 TId: 3 (      STSA, B-SLICE, QP 32, TF 0)      25424 bits [Y 38.5051 dB    U 41.8514 dB    V 42.5954 dB] [ET   746 ] [L0 8 0 ] [L1 16 8 ]
POC    10 TId: 4 (      STSA, B-SLICE, QP 34)            15888 bits [Y 38.2945 dB    U 41.7812 dB    V 42.3044 dB] [ET   864 ] [L0 8 0 ] [L1 12 16 ]
POC     9 TId: 5 (      STSA, B-SLICE, QP 36)             6800 bits [Y 38.3131 dB    U 42.0770 dB    V 42.6365 dB] [ET   493 ] [L0 8 0 ] [L1 10 12 ]
POC    11 TId: 5 (      STSA, B-SLICE, QP 36)             7736 bits [Y 38.0028 dB    U 41.8014 dB    V 42.0868 dB] [ET   525 ] [L0 10 8 ] [L1 12 16 ]
POC    14 TId: 4 (      STSA, B-SLICE, QP 34)            16688 bits [Y 38.2116 dB    U 41.6420 dB    V 42.0485 dB] [ET   642 ] [L0 12 8 ] [L1 16 12 ]
POC    13 TId: 5 (      STSA, B-SLICE, QP 36)             7560 bits [Y 37.8003 dB    U 41.7371 dB    V 41.9827 dB] [ET   501 ] [L0 12 8 ] [L1 14 16 ]
POC    15 TId: 5 (      STSA, B-SLICE, QP 36)             6864 bits [Y 37.9499 dB    U 41.8895 dB    V 42.2008 dB] [ET   380 ] [L0 14 12 ] [L1 16 14 ]

	Total Frames |   Bitrate     Y-PSNR    U-PSNR    V-PSNR    YUV-PSNR   
	       17    a    1660.5176   38.8860   42.2690   42.9711   39.6930

 finished @ Sat Apr  8 14:34:05 2023
 Total Time:     9408.759 sec. [user]     9411.508 sec. [elapsed]

Level: 0
Inject Calls: 11280602720
Errors injected by bit:
	Bit 0: 1127337
	Bit 1: 1128899
	Bit 2: 1128524
	Bit 3: 1126879
	Bit 4: 1128211
	Bit 5: 1127863
	Bit 6: 1127292
	Bit 7: 1128816

Total errors injected: 9023821
