vvencFFapp: Fraunhofer VVC Encoder ver. 1.5.0 [Linux][GCC 11.3.0][64 bit][SIMD=AVX2]
 started @ Mon Apr 10 02:47:55 2023
CODING TOOL CFG: CTU128 QT44BTT21 IBD:1 SAO:1 ALF:1 (NonLinLuma:0 NonLinChr:0) CCALF:1 Tiles:1x1 Slices:1 WPP:0 WPP-Substreams:1 TMVP:1 DQ:1 SDH:0 CST:1 BDOF:1 DMVR:1 MTSImplicit:1 SBT:0 JCbCr:1 CabacInitPresent:1 AMVR:5 SMVD:3 LMCS:2 (Signal:SDR Opt:0) CIIP:0 MIP:1 AFFINE:2 (PROF:1, Type:1) MMVD:3 DisFracMMVD:1 SbTMVP:1 GPM:3 LFNST:1 MTS:0 ISP:3 TS:2 TSLog2MaxSize:4 useChromaTS:0 BDPCM:2 IBC:2 BCW:0 
ENC. ALG. CFG: QPA:0 HAD:1 RDQ:1 RDQTS:1 ASR:1 MinSearchWindow:96 RestrictMESampling:0 EDO:2 MCTF:2 
PRE-ANALYSIS CFG: STA:1 LeadFrames:0 TrailFrames:0 
FAST TOOL CFG: ECU:0 FEN:1 FDM:1 FastSearch:4 (SCC:2) LCTUFast:1 FastMrg:2 PBIntraFast:1 AMaxBT:1 FastQtBtEnc:1 ContentBasedFastQtbt:0 FastMIP:3 FastIntraTools:0 IntraEstDecBit:2 FastLocalDualTree:1 IntegerET:0 FastSubPel:1 QtbttExtraFast:3 FastTTSplit:0 IBCFastMethod:3 FIM:0 ALFSpeed:0 QuantThr: 4 
RATE CONTROL CFG: RateControl:0 LookAhead:0 
PARALLEL PROCESSING CFG: NumThreads:0 MaxParallelFrames:0 WppBitEqual:0 WF:0 

POC     0 TId: 0 (  IDR_N_LP, I-SLICE, QP 34, TF 2)      85368 bits [Y 35.6254 dB    U 39.1515 dB    V 40.0627 dB] [ET   133 ] [L0 ] [L1 ]
POC    16 TId: 1 (      STSA, B-SLICE, QP 40, TF 1)      15616 bits [Y 33.5784 dB    U 38.1134 dB    V 38.1110 dB] [ET   291 ] [L0 0 ] [L1 0 ]
POC     8 TId: 2 (      STSA, B-SLICE, QP 40, TF 0)      11000 bits [Y 33.8845 dB    U 38.3022 dB    V 39.0512 dB] [ET   516 ] [L0 0 16 ] [L1 16 0 ]
POC     4 TId: 3 (      STSA, B-SLICE, QP 43)             6328 bits [Y 33.5401 dB    U 38.1406 dB    V 38.7531 dB] [ET   470 ] [L0 0 8 ] [L1 8 16 ]
POC     2 TId: 4 (      STSA, B-SLICE, QP 45)             2608 bits [Y 33.8457 dB    U 38.5712 dB    V 39.0731 dB] [ET   357 ] [L0 0 4 ] [L1 4 8 ]
POC     1 TId: 5 (      STSA, B-SLICE, QP 46)              224 bits [Y 35.6254 dB    U 39.1515 dB    V 40.0627 dB] [ET   175 ] [L0 0 2 ] [L1 2 4 ]
POC     3 TId: 5 (      STSA, B-SLICE, QP 46)             1560 bits [Y 33.2283 dB    U 38.1936 dB    V 38.6587 dB] [ET   295 ] [L0 2 0 ] [L1 4 8 ]
POC     6 TId: 4 (      STSA, B-SLICE, QP 45)             3184 bits [Y 33.0282 dB    U 38.0031 dB    V 38.3348 dB] [ET   431 ] [L0 4 0 ] [L1 8 16 ]
POC     5 TId: 5 (      STSA, B-SLICE, QP 46)             1440 bits [Y 32.7701 dB    U 37.9692 dB    V 38.4878 dB] [ET   320 ] [L0 4 0 ] [L1 6 8 ]
POC     7 TId: 5 (      STSA, B-SLICE, QP 46)             1624 bits [Y 32.8166 dB    U 38.0239 dB    V 38.4230 dB] [ET   305 ] [L0 6 4 ] [L1 8 16 ]
POC    12 TId: 3 (      STSA, B-SLICE, QP 43)             6840 bits [Y 33.0381 dB    U 37.9762 dB    V 38.2803 dB] [ET   486 ] [L0 8 0 ] [L1 16 8 ]
POC    10 TId: 4 (      STSA, B-SLICE, QP 45)             3424 bits [Y 32.7626 dB    U 37.9461 dB    V 38.0168 dB] [ET   520 ] [L0 8 0 ] [L1 12 16 ]
POC     9 TId: 5 (      STSA, B-SLICE, QP 46)             1536 bits [Y 33.1462 dB    U 38.0959 dB    V 38.3279 dB] [ET   328 ] [L0 8 0 ] [L1 10 12 ]
POC    11 TId: 5 (      STSA, B-SLICE, QP 46)             1696 bits [Y 32.6968 dB    U 37.8129 dB    V 37.9999 dB] [ET   325 ] [L0 10 8 ] [L1 12 16 ]
POC    14 TId: 4 (      STSA, B-SLICE, QP 45)             3176 bits [Y 32.5240 dB    U 37.7456 dB    V 37.7184 dB] [ET   401 ] [L0 12 8 ] [L1 16 12 ]
POC    13 TId: 5 (      STSA, B-SLICE, QP 46)             1584 bits [Y 32.5606 dB    U 37.8747 dB    V 38.0529 dB] [ET   325 ] [L0 12 8 ] [L1 14 16 ]
POC    15 TId: 5 (      STSA, B-SLICE, QP 46)             1528 bits [Y 32.7240 dB    U 37.8948 dB    V 37.7329 dB] [ET   255 ] [L0 14 12 ] [L1 16 14 ]

	Total Frames |   Bitrate     Y-PSNR    U-PSNR    V-PSNR    YUV-PSNR   
	       17    a     437.4588   33.3762   38.1745   38.5381   34.4169

 finished @ Mon Apr 10 04:27:00 2023
 Total Time:     5944.723 sec. [user]     5945.174 sec. [elapsed]

Level: 0
Inject Calls: 7280967013
Errors injected by bit:
	Bit 0: 727675
	Bit 1: 728516
	Bit 2: 728632
	Bit 3: 727567
	Bit 4: 728250
	Bit 5: 728554
	Bit 6: 729278
	Bit 7: 728327

Total errors injected: 5826799
