vvencFFapp: Fraunhofer VVC Encoder ver. 1.5.0 [Linux][GCC 11.3.0][64 bit][SIMD=AVX2]
 started @ Sun Apr  9 04:47:31 2023
CODING TOOL CFG: CTU128 QT44BTT21 IBD:1 SAO:1 ALF:1 (NonLinLuma:0 NonLinChr:0) CCALF:1 Tiles:1x1 Slices:1 WPP:0 WPP-Substreams:1 TMVP:1 DQ:1 SDH:0 CST:1 BDOF:1 DMVR:1 MTSImplicit:1 SBT:0 JCbCr:1 CabacInitPresent:1 AMVR:5 SMVD:3 LMCS:2 (Signal:SDR Opt:0) CIIP:0 MIP:1 AFFINE:2 (PROF:1, Type:1) MMVD:3 DisFracMMVD:1 SbTMVP:1 GPM:3 LFNST:1 MTS:0 ISP:3 TS:2 TSLog2MaxSize:4 useChromaTS:0 BDPCM:2 IBC:2 BCW:0 
ENC. ALG. CFG: QPA:0 HAD:1 RDQ:1 RDQTS:1 ASR:1 MinSearchWindow:96 RestrictMESampling:0 EDO:2 MCTF:2 
PRE-ANALYSIS CFG: STA:1 LeadFrames:0 TrailFrames:0 
FAST TOOL CFG: ECU:0 FEN:1 FDM:1 FastSearch:4 (SCC:2) LCTUFast:1 FastMrg:2 PBIntraFast:1 AMaxBT:1 FastQtBtEnc:1 ContentBasedFastQtbt:0 FastMIP:3 FastIntraTools:0 IntraEstDecBit:2 FastLocalDualTree:1 IntegerET:0 FastSubPel:1 QtbttExtraFast:3 FastTTSplit:0 IBCFastMethod:3 FIM:0 ALFSpeed:0 QuantThr: 4 
RATE CONTROL CFG: RateControl:0 LookAhead:0 
PARALLEL PROCESSING CFG: NumThreads:0 MaxParallelFrames:0 WppBitEqual:0 WF:0 

POC     0 TId: 0 (  IDR_N_LP, I-SLICE, QP 29, TF 2)     160808 bits [Y 38.4367 dB    U 41.6230 dB    V 42.6136 dB] [ET   186 ] [L0 ] [L1 ]
POC    16 TId: 1 (      STSA, B-SLICE, QP 34, TF 1)      30768 bits [Y 36.4985 dB    U 39.8418 dB    V 40.0572 dB] [ET   365 ] [L0 0 ] [L1 0 ]
POC     8 TId: 2 (      STSA, B-SLICE, QP 35, TF 0)      19128 bits [Y 36.5084 dB    U 39.9892 dB    V 40.8074 dB] [ET   613 ] [L0 0 16 ] [L1 16 0 ]
POC     4 TId: 3 (      STSA, B-SLICE, QP 38)            11824 bits [Y 36.2119 dB    U 40.2469 dB    V 40.9192 dB] [ET   584 ] [L0 0 8 ] [L1 8 16 ]
POC     2 TId: 4 (      STSA, B-SLICE, QP 40)             4808 bits [Y 36.3023 dB    U 40.9537 dB    V 41.4364 dB] [ET   369 ] [L0 0 4 ] [L1 4 8 ]
POC     1 TId: 5 (      STSA, B-SLICE, QP 41)              248 bits [Y 38.4246 dB    U 41.6161 dB    V 42.6102 dB] [ET   225 ] [L0 0 2 ] [L1 2 4 ]
POC     3 TId: 5 (      STSA, B-SLICE, QP 41)             3088 bits [Y 35.7262 dB    U 40.4019 dB    V 40.6795 dB] [ET   401 ] [L0 2 0 ] [L1 4 8 ]
POC     6 TId: 4 (      STSA, B-SLICE, QP 40)             6384 bits [Y 35.5716 dB    U 40.0869 dB    V 40.4731 dB] [ET   540 ] [L0 4 0 ] [L1 8 16 ]
POC     5 TId: 5 (      STSA, B-SLICE, QP 41)             3416 bits [Y 35.3345 dB    U 40.0105 dB    V 40.5719 dB] [ET   401 ] [L0 4 0 ] [L1 6 8 ]
POC     7 TId: 5 (      STSA, B-SLICE, QP 41)             3408 bits [Y 35.2454 dB    U 39.9704 dB    V 40.4837 dB] [ET   380 ] [L0 6 4 ] [L1 8 16 ]
POC    12 TId: 3 (      STSA, B-SLICE, QP 38)            13136 bits [Y 35.6102 dB    U 39.7889 dB    V 40.2184 dB] [ET   578 ] [L0 8 0 ] [L1 16 8 ]
POC    10 TId: 4 (      STSA, B-SLICE, QP 40)             7096 bits [Y 35.2818 dB    U 39.7437 dB    V 40.1674 dB] [ET   559 ] [L0 8 0 ] [L1 12 16 ]
POC     9 TId: 5 (      STSA, B-SLICE, QP 41)             3416 bits [Y 35.6191 dB    U 39.8123 dB    V 40.4046 dB] [ET   404 ] [L0 8 0 ] [L1 10 12 ]
POC    11 TId: 5 (      STSA, B-SLICE, QP 41)             3792 bits [Y 35.2628 dB    U 39.7878 dB    V 40.0008 dB] [ET   450 ] [L0 10 8 ] [L1 12 16 ]
POC    14 TId: 4 (      STSA, B-SLICE, QP 40)             7120 bits [Y 35.1657 dB    U 39.6144 dB    V 39.7550 dB] [ET   430 ] [L0 12 8 ] [L1 16 12 ]
POC    13 TId: 5 (      STSA, B-SLICE, QP 41)             3360 bits [Y 35.0153 dB    U 39.6888 dB    V 39.7822 dB] [ET   443 ] [L0 12 8 ] [L1 14 16 ]
POC    15 TId: 5 (      STSA, B-SLICE, QP 41)             2936 bits [Y 35.1889 dB    U 39.6818 dB    V 39.7341 dB] [ET   324 ] [L0 14 12 ] [L1 16 14 ]

	Total Frames |   Bitrate     Y-PSNR    U-PSNR    V-PSNR    YUV-PSNR   
	       17    a     837.4588   35.9649   40.1681   40.6303   36.9084

 finished @ Sun Apr  9 06:48:35 2023
 Total Time:     7264.497 sec. [user]     7264.578 sec. [elapsed]

Level: 0
Inject Calls: 8824781698
Errors injected by bit:
	Bit 0: 8826225
	Bit 1: 8824511
	Bit 2: 8830815
	Bit 3: 8829548
	Bit 4: 8825821
	Bit 5: 8823411
	Bit 6: 8826195
	Bit 7: 8824925

Total errors injected: 70611451
