vvencFFapp: Fraunhofer VVC Encoder ver. 1.5.0 [Linux][GCC 11.3.0][64 bit][SIMD=AVX2]
 started @ Fri Apr  7 02:06:36 2023
CODING TOOL CFG: CTU128 QT44BTT21 IBD:1 SAO:1 ALF:1 (NonLinLuma:0 NonLinChr:0) CCALF:1 Tiles:1x1 Slices:1 WPP:0 WPP-Substreams:1 TMVP:1 DQ:1 SDH:0 CST:1 BDOF:1 DMVR:1 MTSImplicit:1 SBT:0 JCbCr:1 CabacInitPresent:1 AMVR:5 SMVD:3 LMCS:2 (Signal:SDR Opt:0) CIIP:0 MIP:1 AFFINE:2 (PROF:1, Type:1) MMVD:3 DisFracMMVD:1 SbTMVP:1 GPM:3 LFNST:1 MTS:0 ISP:3 TS:2 TSLog2MaxSize:4 useChromaTS:0 BDPCM:2 IBC:2 BCW:0 
ENC. ALG. CFG: QPA:0 HAD:1 RDQ:1 RDQTS:1 ASR:1 MinSearchWindow:96 RestrictMESampling:0 EDO:2 MCTF:2 
PRE-ANALYSIS CFG: STA:1 LeadFrames:0 TrailFrames:0 
FAST TOOL CFG: ECU:0 FEN:1 FDM:1 FastSearch:4 (SCC:2) LCTUFast:1 FastMrg:2 PBIntraFast:1 AMaxBT:1 FastQtBtEnc:1 ContentBasedFastQtbt:0 FastMIP:3 FastIntraTools:0 IntraEstDecBit:2 FastLocalDualTree:1 IntegerET:0 FastSubPel:1 QtbttExtraFast:3 FastTTSplit:0 IBCFastMethod:3 FIM:0 ALFSpeed:0 QuantThr: 4 
RATE CONTROL CFG: RateControl:0 LookAhead:0 
PARALLEL PROCESSING CFG: NumThreads:0 MaxParallelFrames:0 WppBitEqual:0 WF:0 

POC     0 TId: 0 (  IDR_N_LP, I-SLICE, QP 19, TF 3)     564808 bits [Y 45.1467 dB    U 46.3576 dB    V 47.8581 dB] [ET   358 ] [L0 ] [L1 ]
POC    16 TId: 1 (      STSA, B-SLICE, QP 22, TF 2)     139512 bits [Y 42.6619 dB    U 44.8836 dB    V 45.9390 dB] [ET   585 ] [L0 0 ] [L1 0 ]
POC     8 TId: 2 (      STSA, B-SLICE, QP 23, TF 1)      80456 bits [Y 42.2967 dB    U 44.7263 dB    V 46.1637 dB] [ET   959 ] [L0 0 16 ] [L1 16 0 ]
POC     4 TId: 3 (      STSA, B-SLICE, QP 26, TF 0)      47312 bits [Y 41.8973 dB    U 44.3939 dB    V 45.6809 dB] [ET   871 ] [L0 0 8 ] [L1 8 16 ]
POC     2 TId: 4 (      STSA, B-SLICE, QP 28)            25480 bits [Y 41.9193 dB    U 44.7913 dB    V 46.0709 dB] [ET   678 ] [L0 0 4 ] [L1 4 8 ]
POC     1 TId: 5 (      STSA, B-SLICE, QP 29)              312 bits [Y 45.1394 dB    U 46.3568 dB    V 47.8581 dB] [ET   314 ] [L0 0 2 ] [L1 2 4 ]
POC     3 TId: 5 (      STSA, B-SLICE, QP 29)            19160 bits [Y 41.5633 dB    U 44.3081 dB    V 45.5495 dB] [ET   674 ] [L0 2 0 ] [L1 4 8 ]
POC     6 TId: 4 (      STSA, B-SLICE, QP 28)            31184 bits [Y 41.5047 dB    U 44.2032 dB    V 45.3599 dB] [ET   868 ] [L0 4 0 ] [L1 8 16 ]
POC     5 TId: 5 (      STSA, B-SLICE, QP 29)            20616 bits [Y 41.2089 dB    U 44.0410 dB    V 45.2104 dB] [ET   758 ] [L0 4 0 ] [L1 6 8 ]
POC     7 TId: 5 (      STSA, B-SLICE, QP 29)            21888 bits [Y 41.1275 dB    U 44.2606 dB    V 45.3179 dB] [ET   724 ] [L0 6 4 ] [L1 8 16 ]
POC    12 TId: 3 (      STSA, B-SLICE, QP 26, TF 0)      54712 bits [Y 41.4784 dB    U 44.1517 dB    V 45.2366 dB] [ET   868 ] [L0 8 0 ] [L1 16 8 ]
POC    10 TId: 4 (      STSA, B-SLICE, QP 28)            35752 bits [Y 41.1950 dB    U 44.0676 dB    V 45.0463 dB] [ET  1019 ] [L0 8 0 ] [L1 12 16 ]
POC     9 TId: 5 (      STSA, B-SLICE, QP 29)            20120 bits [Y 41.4787 dB    U 44.2664 dB    V 45.3390 dB] [ET   724 ] [L0 8 0 ] [L1 10 12 ]
POC    11 TId: 5 (      STSA, B-SLICE, QP 29)            23088 bits [Y 41.2334 dB    U 44.0242 dB    V 44.8415 dB] [ET   737 ] [L0 10 8 ] [L1 12 16 ]
POC    14 TId: 4 (      STSA, B-SLICE, QP 28)            36760 bits [Y 41.2251 dB    U 43.9684 dB    V 44.7954 dB] [ET   748 ] [L0 12 8 ] [L1 16 12 ]
POC    13 TId: 5 (      STSA, B-SLICE, QP 29)            22288 bits [Y 41.0445 dB    U 43.9219 dB    V 44.7726 dB] [ET   684 ] [L0 12 8 ] [L1 14 16 ]
POC    15 TId: 5 (      STSA, B-SLICE, QP 29)            21656 bits [Y 41.0929 dB    U 44.1675 dB    V 44.8129 dB] [ET   533 ] [L0 14 12 ] [L1 16 14 ]

	Total Frames |   Bitrate     Y-PSNR    U-PSNR    V-PSNR    YUV-PSNR   
	       17    a    3426.7765   41.9537   44.5230   45.6384   42.6288

 finished @ Fri Apr  7 05:28:37 2023
 Total Time:    12081.267 sec. [user]    12121.452 sec. [elapsed]

Level: 0
Inject Calls: 14289672653
Errors injected by bit:
	Bit 0: 14287242
	Bit 1: 14288578
	Bit 2: 14288311
	Bit 3: 14290500
	Bit 4: 14290009
	Bit 5: 14291098
	Bit 6: 14290021
	Bit 7: 14284097

Total errors injected: 114309856
