vvencFFapp: Fraunhofer VVC Encoder ver. 1.5.0 [Linux][GCC 11.3.0][64 bit][SIMD=AVX2]
 started @ Sat Apr  8 12:02:14 2023
CODING TOOL CFG: CTU128 QT44BTT21 IBD:1 SAO:1 ALF:1 (NonLinLuma:0 NonLinChr:0) CCALF:1 Tiles:1x1 Slices:1 WPP:0 WPP-Substreams:1 TMVP:1 DQ:1 SDH:0 CST:1 BDOF:1 DMVR:1 MTSImplicit:1 SBT:0 JCbCr:1 CabacInitPresent:1 AMVR:5 SMVD:3 LMCS:2 (Signal:SDR Opt:0) CIIP:0 MIP:1 AFFINE:2 (PROF:1, Type:1) MMVD:3 DisFracMMVD:1 SbTMVP:1 GPM:3 LFNST:1 MTS:0 ISP:3 TS:2 TSLog2MaxSize:4 useChromaTS:0 BDPCM:2 IBC:2 BCW:0 
ENC. ALG. CFG: QPA:0 HAD:1 RDQ:1 RDQTS:1 ASR:1 MinSearchWindow:96 RestrictMESampling:0 EDO:2 MCTF:2 
PRE-ANALYSIS CFG: STA:1 LeadFrames:0 TrailFrames:0 
FAST TOOL CFG: ECU:0 FEN:1 FDM:1 FastSearch:4 (SCC:2) LCTUFast:1 FastMrg:2 PBIntraFast:1 AMaxBT:1 FastQtBtEnc:1 ContentBasedFastQtbt:0 FastMIP:3 FastIntraTools:0 IntraEstDecBit:2 FastLocalDualTree:1 IntegerET:0 FastSubPel:1 QtbttExtraFast:3 FastTTSplit:0 IBCFastMethod:3 FIM:0 ALFSpeed:0 QuantThr: 4 
RATE CONTROL CFG: RateControl:0 LookAhead:0 
PARALLEL PROCESSING CFG: NumThreads:0 MaxParallelFrames:0 WppBitEqual:0 WF:0 

POC     0 TId: 0 (  IDR_N_LP, I-SLICE, QP 24, TF 3)     303696 bits [Y 41.6478 dB    U 43.8365 dB    V 45.0113 dB] [ET   267 ] [L0 ] [L1 ]
POC    16 TId: 1 (      STSA, B-SLICE, QP 28, TF 2)      65520 bits [Y 39.5760 dB    U 42.4557 dB    V 43.1203 dB] [ET   446 ] [L0 0 ] [L1 0 ]
POC     8 TId: 2 (      STSA, B-SLICE, QP 29, TF 1)      38616 bits [Y 39.4774 dB    U 42.5058 dB    V 43.4719 dB] [ET   738 ] [L0 0 16 ] [L1 16 0 ]
POC     4 TId: 3 (      STSA, B-SLICE, QP 32, TF 0)      23016 bits [Y 39.0724 dB    U 42.2439 dB    V 43.0909 dB] [ET   739 ] [L0 0 8 ] [L1 8 16 ]
POC     2 TId: 4 (      STSA, B-SLICE, QP 34)            10776 bits [Y 39.1655 dB    U 42.6992 dB    V 43.4559 dB] [ET   590 ] [L0 0 4 ] [L1 4 8 ]
POC     1 TId: 5 (      STSA, B-SLICE, QP 36)              240 bits [Y 41.6478 dB    U 43.8365 dB    V 45.0113 dB] [ET   217 ] [L0 0 2 ] [L1 2 4 ]
POC     3 TId: 5 (      STSA, B-SLICE, QP 36)             6752 bits [Y 38.4656 dB    U 42.1822 dB    V 42.9136 dB] [ET   504 ] [L0 2 0 ] [L1 4 8 ]
POC     6 TId: 4 (      STSA, B-SLICE, QP 34)            14488 bits [Y 38.6946 dB    U 42.1018 dB    V 42.6795 dB] [ET   706 ] [L0 4 0 ] [L1 8 16 ]
POC     5 TId: 5 (      STSA, B-SLICE, QP 36)             6856 bits [Y 38.1129 dB    U 41.9450 dB    V 42.5841 dB] [ET   518 ] [L0 4 0 ] [L1 6 8 ]
POC     7 TId: 5 (      STSA, B-SLICE, QP 36)             7144 bits [Y 38.0234 dB    U 42.1952 dB    V 42.8241 dB] [ET   492 ] [L0 6 4 ] [L1 8 16 ]
POC    12 TId: 3 (      STSA, B-SLICE, QP 32, TF 0)      26248 bits [Y 38.5233 dB    U 41.8129 dB    V 42.5429 dB] [ET   745 ] [L0 8 0 ] [L1 16 8 ]
POC    10 TId: 4 (      STSA, B-SLICE, QP 34)            15960 bits [Y 38.3248 dB    U 41.7616 dB    V 42.4092 dB] [ET   851 ] [L0 8 0 ] [L1 12 16 ]
POC     9 TId: 5 (      STSA, B-SLICE, QP 36)             6968 bits [Y 38.3434 dB    U 42.0917 dB    V 42.7752 dB] [ET   517 ] [L0 8 0 ] [L1 10 12 ]
POC    11 TId: 5 (      STSA, B-SLICE, QP 36)             7624 bits [Y 38.0290 dB    U 41.6639 dB    V 42.1558 dB] [ET   521 ] [L0 10 8 ] [L1 12 16 ]
POC    14 TId: 4 (      STSA, B-SLICE, QP 34)            16168 bits [Y 38.2392 dB    U 41.5749 dB    V 41.9908 dB] [ET   635 ] [L0 12 8 ] [L1 16 12 ]
POC    13 TId: 5 (      STSA, B-SLICE, QP 36)             7616 bits [Y 37.8442 dB    U 41.6995 dB    V 42.1085 dB] [ET   496 ] [L0 12 8 ] [L1 14 16 ]
POC    15 TId: 5 (      STSA, B-SLICE, QP 36)             6784 bits [Y 37.9770 dB    U 41.8484 dB    V 42.0751 dB] [ET   379 ] [L0 14 12 ] [L1 16 14 ]

	Total Frames |   Bitrate     Y-PSNR    U-PSNR    V-PSNR    YUV-PSNR   
	       17    a    1660.2118   38.8920   42.2620   42.9541   39.6978

 finished @ Sat Apr  8 14:38:33 2023
 Total Time:     9376.892 sec. [user]     9379.098 sec. [elapsed]

Level: 0
Inject Calls: 11237019900
Errors injected by bit:
	Bit 0: 1122093
	Bit 1: 1123254
	Bit 2: 1124142
	Bit 3: 1122059
	Bit 4: 1125155
	Bit 5: 1122675
	Bit 6: 1124081
	Bit 7: 1123171

Total errors injected: 8986630
