vvencFFapp: Fraunhofer VVC Encoder ver. 1.5.0 [Linux][GCC 11.3.0][64 bit][SIMD=AVX2]
 started @ Sun Apr  9 23:27:52 2023
CODING TOOL CFG: CTU128 QT44BTT21 IBD:1 SAO:1 ALF:1 (NonLinLuma:0 NonLinChr:0) CCALF:1 Tiles:1x1 Slices:1 WPP:0 WPP-Substreams:1 TMVP:1 DQ:1 SDH:0 CST:1 BDOF:1 DMVR:1 MTSImplicit:1 SBT:0 JCbCr:1 CabacInitPresent:1 AMVR:5 SMVD:3 LMCS:2 (Signal:SDR Opt:0) CIIP:0 MIP:1 AFFINE:2 (PROF:1, Type:1) MMVD:3 DisFracMMVD:1 SbTMVP:1 GPM:3 LFNST:1 MTS:0 ISP:3 TS:2 TSLog2MaxSize:4 useChromaTS:0 BDPCM:2 IBC:2 BCW:0 
ENC. ALG. CFG: QPA:0 HAD:1 RDQ:1 RDQTS:1 ASR:1 MinSearchWindow:96 RestrictMESampling:0 EDO:2 MCTF:2 
PRE-ANALYSIS CFG: STA:1 LeadFrames:0 TrailFrames:0 
FAST TOOL CFG: ECU:0 FEN:1 FDM:1 FastSearch:4 (SCC:2) LCTUFast:1 FastMrg:2 PBIntraFast:1 AMaxBT:1 FastQtBtEnc:1 ContentBasedFastQtbt:0 FastMIP:3 FastIntraTools:0 IntraEstDecBit:2 FastLocalDualTree:1 IntegerET:0 FastSubPel:1 QtbttExtraFast:3 FastTTSplit:0 IBCFastMethod:3 FIM:0 ALFSpeed:0 QuantThr: 4 
RATE CONTROL CFG: RateControl:0 LookAhead:0 
PARALLEL PROCESSING CFG: NumThreads:0 MaxParallelFrames:0 WppBitEqual:0 WF:0 

POC     0 TId: 0 (  IDR_N_LP, I-SLICE, QP 34, TF 2)      85368 bits [Y 35.6254 dB    U 39.1515 dB    V 40.0627 dB] [ET   135 ] [L0 ] [L1 ]
POC    16 TId: 1 (      STSA, B-SLICE, QP 40, TF 1)      16112 bits [Y 33.6049 dB    U 38.1312 dB    V 38.1535 dB] [ET   288 ] [L0 0 ] [L1 0 ]
POC     8 TId: 2 (      STSA, B-SLICE, QP 40, TF 0)      11240 bits [Y 33.9301 dB    U 38.2488 dB    V 39.0687 dB] [ET   530 ] [L0 0 16 ] [L1 16 0 ]
POC     4 TId: 3 (      STSA, B-SLICE, QP 43)             5880 bits [Y 33.4457 dB    U 38.2723 dB    V 38.7619 dB] [ET   451 ] [L0 0 8 ] [L1 8 16 ]
POC     2 TId: 4 (      STSA, B-SLICE, QP 45)             2544 bits [Y 33.8500 dB    U 38.6388 dB    V 39.1244 dB] [ET   336 ] [L0 0 4 ] [L1 4 8 ]
POC     1 TId: 5 (      STSA, B-SLICE, QP 46)              264 bits [Y 35.5791 dB    U 39.1341 dB    V 40.0532 dB] [ET   210 ] [L0 0 2 ] [L1 2 4 ]
POC     3 TId: 5 (      STSA, B-SLICE, QP 46)             1528 bits [Y 33.1989 dB    U 38.1276 dB    V 38.6253 dB] [ET   312 ] [L0 2 0 ] [L1 4 8 ]
POC     6 TId: 4 (      STSA, B-SLICE, QP 45)             3088 bits [Y 32.9276 dB    U 37.9991 dB    V 38.2893 dB] [ET   420 ] [L0 4 0 ] [L1 8 16 ]
POC     5 TId: 5 (      STSA, B-SLICE, QP 46)             1496 bits [Y 32.7231 dB    U 38.0461 dB    V 38.4287 dB] [ET   351 ] [L0 4 0 ] [L1 6 8 ]
POC     7 TId: 5 (      STSA, B-SLICE, QP 46)             1664 bits [Y 32.8747 dB    U 38.0429 dB    V 38.4603 dB] [ET   304 ] [L0 6 4 ] [L1 8 16 ]
POC    12 TId: 3 (      STSA, B-SLICE, QP 43)             6944 bits [Y 33.0409 dB    U 37.9625 dB    V 38.3083 dB] [ET   496 ] [L0 8 0 ] [L1 16 8 ]
POC    10 TId: 4 (      STSA, B-SLICE, QP 45)             3432 bits [Y 32.7599 dB    U 37.9961 dB    V 38.0060 dB] [ET   546 ] [L0 8 0 ] [L1 12 16 ]
POC     9 TId: 5 (      STSA, B-SLICE, QP 46)             1608 bits [Y 33.1509 dB    U 37.9558 dB    V 38.4031 dB] [ET   319 ] [L0 8 0 ] [L1 10 12 ]
POC    11 TId: 5 (      STSA, B-SLICE, QP 46)             1736 bits [Y 32.7175 dB    U 37.8934 dB    V 38.0606 dB] [ET   342 ] [L0 10 8 ] [L1 12 16 ]
POC    14 TId: 4 (      STSA, B-SLICE, QP 45)             3440 bits [Y 32.6125 dB    U 37.7562 dB    V 37.9489 dB] [ET   381 ] [L0 12 8 ] [L1 16 12 ]
POC    13 TId: 5 (      STSA, B-SLICE, QP 46)             1552 bits [Y 32.5530 dB    U 37.8780 dB    V 38.0344 dB] [ET   341 ] [L0 12 8 ] [L1 14 16 ]
POC    15 TId: 5 (      STSA, B-SLICE, QP 46)             1344 bits [Y 32.6512 dB    U 37.8686 dB    V 37.7810 dB] [ET   255 ] [L0 14 12 ] [L1 16 14 ]

	Total Frames |   Bitrate     Y-PSNR    U-PSNR    V-PSNR    YUV-PSNR   
	       17    a     438.9412   33.3674   38.1825   38.5630   34.4124

 finished @ Mon Apr 10 01:08:23 2023
 Total Time:     6030.993 sec. [user]     6031.314 sec. [elapsed]

Level: 0
Inject Calls: 7251528958
Errors injected by bit:
	Bit 0: 7248618
	Bit 1: 7253100
	Bit 2: 7253094
	Bit 3: 7251228
	Bit 4: 7251990
	Bit 5: 7250733
	Bit 6: 7254934
	Bit 7: 7253413

Total errors injected: 58017110
