vvencFFapp: Fraunhofer VVC Encoder ver. 1.5.0 [Linux][GCC 11.3.0][64 bit][SIMD=AVX2]
 started @ Fri Apr  7 02:06:36 2023
CODING TOOL CFG: CTU128 QT44BTT21 IBD:1 SAO:1 ALF:1 (NonLinLuma:0 NonLinChr:0) CCALF:1 Tiles:1x1 Slices:1 WPP:0 WPP-Substreams:1 TMVP:1 DQ:1 SDH:0 CST:1 BDOF:1 DMVR:1 MTSImplicit:1 SBT:0 JCbCr:1 CabacInitPresent:1 AMVR:5 SMVD:3 LMCS:2 (Signal:SDR Opt:0) CIIP:0 MIP:1 AFFINE:2 (PROF:1, Type:1) MMVD:3 DisFracMMVD:1 SbTMVP:1 GPM:3 LFNST:1 MTS:0 ISP:3 TS:2 TSLog2MaxSize:4 useChromaTS:0 BDPCM:2 IBC:2 BCW:0 
ENC. ALG. CFG: QPA:0 HAD:1 RDQ:1 RDQTS:1 ASR:1 MinSearchWindow:96 RestrictMESampling:0 EDO:2 MCTF:2 
PRE-ANALYSIS CFG: STA:1 LeadFrames:0 TrailFrames:0 
FAST TOOL CFG: ECU:0 FEN:1 FDM:1 FastSearch:4 (SCC:2) LCTUFast:1 FastMrg:2 PBIntraFast:1 AMaxBT:1 FastQtBtEnc:1 ContentBasedFastQtbt:0 FastMIP:3 FastIntraTools:0 IntraEstDecBit:2 FastLocalDualTree:1 IntegerET:0 FastSubPel:1 QtbttExtraFast:3 FastTTSplit:0 IBCFastMethod:3 FIM:0 ALFSpeed:0 QuantThr: 4 
RATE CONTROL CFG: RateControl:0 LookAhead:0 
PARALLEL PROCESSING CFG: NumThreads:0 MaxParallelFrames:0 WppBitEqual:0 WF:0 

POC     0 TId: 0 (  IDR_N_LP, I-SLICE, QP 19, TF 3)     564808 bits [Y 45.1467 dB    U 46.3576 dB    V 47.8581 dB] [ET   359 ] [L0 ] [L1 ]
POC    16 TId: 1 (      STSA, B-SLICE, QP 22, TF 2)     141760 bits [Y 42.7005 dB    U 44.8278 dB    V 45.9286 dB] [ET   592 ] [L0 0 ] [L1 0 ]
POC     8 TId: 2 (      STSA, B-SLICE, QP 23, TF 1)      79520 bits [Y 42.2934 dB    U 44.7195 dB    V 46.1297 dB] [ET   957 ] [L0 0 16 ] [L1 16 0 ]
POC     4 TId: 3 (      STSA, B-SLICE, QP 26, TF 0)      47128 bits [Y 41.8997 dB    U 44.4120 dB    V 45.7026 dB] [ET   862 ] [L0 0 8 ] [L1 8 16 ]
POC     2 TId: 4 (      STSA, B-SLICE, QP 28)            25608 bits [Y 41.9000 dB    U 44.8296 dB    V 46.0079 dB] [ET   705 ] [L0 0 4 ] [L1 4 8 ]
POC     1 TId: 5 (      STSA, B-SLICE, QP 29)              296 bits [Y 45.1413 dB    U 46.3572 dB    V 47.8566 dB] [ET   319 ] [L0 0 2 ] [L1 2 4 ]
POC     3 TId: 5 (      STSA, B-SLICE, QP 29)            19016 bits [Y 41.5545 dB    U 44.3386 dB    V 45.5189 dB] [ET   693 ] [L0 2 0 ] [L1 4 8 ]
POC     6 TId: 4 (      STSA, B-SLICE, QP 28)            31552 bits [Y 41.5810 dB    U 44.2057 dB    V 45.3669 dB] [ET   876 ] [L0 4 0 ] [L1 8 16 ]
POC     5 TId: 5 (      STSA, B-SLICE, QP 29)            20768 bits [Y 41.2050 dB    U 44.0389 dB    V 45.1473 dB] [ET   780 ] [L0 4 0 ] [L1 6 8 ]
POC     7 TId: 5 (      STSA, B-SLICE, QP 29)            22136 bits [Y 41.1702 dB    U 44.2166 dB    V 45.2619 dB] [ET   721 ] [L0 6 4 ] [L1 8 16 ]
POC    12 TId: 3 (      STSA, B-SLICE, QP 26, TF 0)      54944 bits [Y 41.4855 dB    U 44.1464 dB    V 45.2320 dB] [ET   887 ] [L0 8 0 ] [L1 16 8 ]
POC    10 TId: 4 (      STSA, B-SLICE, QP 28)            36704 bits [Y 41.2465 dB    U 44.0559 dB    V 45.0967 dB] [ET  1023 ] [L0 8 0 ] [L1 12 16 ]
POC     9 TId: 5 (      STSA, B-SLICE, QP 29)            20152 bits [Y 41.4781 dB    U 44.2484 dB    V 45.3391 dB] [ET   720 ] [L0 8 0 ] [L1 10 12 ]
POC    11 TId: 5 (      STSA, B-SLICE, QP 29)            23032 bits [Y 41.2208 dB    U 44.0177 dB    V 44.8337 dB] [ET   758 ] [L0 10 8 ] [L1 12 16 ]
POC    14 TId: 4 (      STSA, B-SLICE, QP 28)            37256 bits [Y 41.2535 dB    U 43.9317 dB    V 44.7717 dB] [ET   760 ] [L0 12 8 ] [L1 16 12 ]
POC    13 TId: 5 (      STSA, B-SLICE, QP 29)            22816 bits [Y 41.0586 dB    U 43.9011 dB    V 44.7581 dB] [ET   685 ] [L0 12 8 ] [L1 14 16 ]
POC    15 TId: 5 (      STSA, B-SLICE, QP 29)            21200 bits [Y 41.0789 dB    U 44.0981 dB    V 44.7508 dB] [ET   532 ] [L0 14 12 ] [L1 16 14 ]

	Total Frames |   Bitrate     Y-PSNR    U-PSNR    V-PSNR    YUV-PSNR   
	       17    a    3437.3412   41.9655   44.5119   45.6212   42.6361

 finished @ Fri Apr  7 05:30:42 2023
 Total Time:    12197.404 sec. [user]    12246.251 sec. [elapsed]

Level: 0
Inject Calls: 14371177865
Errors injected by bit:
	Bit 0: 14377184
	Bit 1: 14375371
	Bit 2: 14369640
	Bit 3: 14373128
	Bit 4: 14373914
	Bit 5: 14369553
	Bit 6: 14373312
	Bit 7: 14373937

Total errors injected: 114986039
