vvencFFapp: Fraunhofer VVC Encoder ver. 1.5.0 [Linux][GCC 11.3.0][64 bit][SIMD=AVX2]
 started @ Thu Apr  6 23:40:20 2023
CODING TOOL CFG: CTU128 QT44BTT21 IBD:1 SAO:1 ALF:1 (NonLinLuma:0 NonLinChr:0) CCALF:1 Tiles:1x1 Slices:1 WPP:0 WPP-Substreams:1 TMVP:1 DQ:1 SDH:0 CST:1 BDOF:1 DMVR:1 MTSImplicit:1 SBT:0 JCbCr:1 CabacInitPresent:1 AMVR:5 SMVD:3 LMCS:2 (Signal:SDR Opt:0) CIIP:0 MIP:1 AFFINE:2 (PROF:1, Type:1) MMVD:3 DisFracMMVD:1 SbTMVP:1 GPM:3 LFNST:1 MTS:0 ISP:3 TS:2 TSLog2MaxSize:4 useChromaTS:0 BDPCM:2 IBC:2 BCW:0 
ENC. ALG. CFG: QPA:0 HAD:1 RDQ:1 RDQTS:1 ASR:1 MinSearchWindow:96 RestrictMESampling:0 EDO:2 MCTF:2 
PRE-ANALYSIS CFG: STA:1 LeadFrames:0 TrailFrames:0 
FAST TOOL CFG: ECU:0 FEN:1 FDM:1 FastSearch:4 (SCC:2) LCTUFast:1 FastMrg:2 PBIntraFast:1 AMaxBT:1 FastQtBtEnc:1 ContentBasedFastQtbt:0 FastMIP:3 FastIntraTools:0 IntraEstDecBit:2 FastLocalDualTree:1 IntegerET:0 FastSubPel:1 QtbttExtraFast:3 FastTTSplit:0 IBCFastMethod:3 FIM:0 ALFSpeed:0 QuantThr: 4 
RATE CONTROL CFG: RateControl:0 LookAhead:0 
PARALLEL PROCESSING CFG: NumThreads:0 MaxParallelFrames:0 WppBitEqual:0 WF:0 

POC     0 TId: 0 (  IDR_N_LP, I-SLICE, QP 24, TF 3)     303696 bits [Y 41.6478 dB    U 43.8365 dB    V 45.0113 dB] [ET   380 ] [L0 ] [L1 ]
POC    16 TId: 1 (      STSA, B-SLICE, QP 28, TF 2)      65384 bits [Y 39.5624 dB    U 42.4678 dB    V 43.1167 dB] [ET   886 ] [L0 0 ] [L1 0 ]
POC     8 TId: 2 (      STSA, B-SLICE, QP 29, TF 1)      38488 bits [Y 39.4675 dB    U 42.5497 dB    V 43.5368 dB] [ET  1172 ] [L0 0 16 ] [L1 16 0 ]
POC     4 TId: 3 (      STSA, B-SLICE, QP 32, TF 0)      22624 bits [Y 39.0846 dB    U 42.1630 dB    V 43.0163 dB] [ET  1313 ] [L0 0 8 ] [L1 8 16 ]
POC     2 TId: 4 (      STSA, B-SLICE, QP 34)            10896 bits [Y 39.1741 dB    U 42.6576 dB    V 43.4842 dB] [ET   743 ] [L0 0 4 ] [L1 4 8 ]
POC     1 TId: 5 (      STSA, B-SLICE, QP 36)              240 bits [Y 41.6478 dB    U 43.8365 dB    V 45.0113 dB] [ET   241 ] [L0 0 2 ] [L1 2 4 ]
POC     3 TId: 5 (      STSA, B-SLICE, QP 36)             7080 bits [Y 38.5707 dB    U 42.1821 dB    V 42.8455 dB] [ET   645 ] [L0 2 0 ] [L1 4 8 ]
POC     6 TId: 4 (      STSA, B-SLICE, QP 34)            14856 bits [Y 38.7566 dB    U 42.0721 dB    V 42.8338 dB] [ET  1068 ] [L0 4 0 ] [L1 8 16 ]
POC     5 TId: 5 (      STSA, B-SLICE, QP 36)             7144 bits [Y 38.1025 dB    U 41.9471 dB    V 42.5966 dB] [ET   684 ] [L0 4 0 ] [L1 6 8 ]
POC     7 TId: 5 (      STSA, B-SLICE, QP 36)             7112 bits [Y 38.0087 dB    U 42.0735 dB    V 42.8029 dB] [ET   697 ] [L0 6 4 ] [L1 8 16 ]
POC    12 TId: 3 (      STSA, B-SLICE, QP 32, TF 0)      26240 bits [Y 38.5268 dB    U 41.7748 dB    V 42.5218 dB] [ET  1368 ] [L0 8 0 ] [L1 16 8 ]
POC    10 TId: 4 (      STSA, B-SLICE, QP 34)            15792 bits [Y 38.3098 dB    U 41.8528 dB    V 42.3986 dB] [ET  1215 ] [L0 8 0 ] [L1 12 16 ]
POC     9 TId: 5 (      STSA, B-SLICE, QP 36)             6896 bits [Y 38.3552 dB    U 42.1023 dB    V 42.6179 dB] [ET   667 ] [L0 8 0 ] [L1 10 12 ]
POC    11 TId: 5 (      STSA, B-SLICE, QP 36)             7680 bits [Y 37.9956 dB    U 41.6816 dB    V 42.0619 dB] [ET   696 ] [L0 10 8 ] [L1 12 16 ]
POC    14 TId: 4 (      STSA, B-SLICE, QP 34)            16224 bits [Y 38.2070 dB    U 41.6510 dB    V 42.0949 dB] [ET   927 ] [L0 12 8 ] [L1 16 12 ]
POC    13 TId: 5 (      STSA, B-SLICE, QP 36)             7816 bits [Y 37.8485 dB    U 41.6933 dB    V 42.0415 dB] [ET   695 ] [L0 12 8 ] [L1 14 16 ]
POC    15 TId: 5 (      STSA, B-SLICE, QP 36)             6952 bits [Y 37.9940 dB    U 41.8696 dB    V 42.1573 dB] [ET   534 ] [L0 14 12 ] [L1 16 14 ]

	Total Frames |   Bitrate     Y-PSNR    U-PSNR    V-PSNR    YUV-PSNR   
	       17    a    1662.1176   38.8976   42.2595   42.9500   39.7018

 finished @ Fri Apr  7 03:32:51 2023
 Total Time:    13940.505 sec. [user]    13950.922 sec. [elapsed]

Level: 0
Inject Calls: 15771371175
Errors injected by bit:
	Bit 0: 1579469
	Bit 1: 1577263
	Bit 2: 1576307
	Bit 3: 1575759
	Bit 4: 1576281
	Bit 5: 1572827
	Bit 6: 1577524
	Bit 7: 1576052

Total errors injected: 12611482
