vvencFFapp: Fraunhofer VVC Encoder ver. 1.5.0 [Linux][GCC 11.3.0][64 bit][SIMD=AVX2]
 started @ Wed Apr  5 17:19:46 2023
CODING TOOL CFG: CTU128 QT44BTT21 IBD:1 SAO:1 ALF:1 (NonLinLuma:0 NonLinChr:0) CCALF:1 Tiles:1x1 Slices:1 WPP:0 WPP-Substreams:1 TMVP:1 DQ:1 SDH:0 CST:1 BDOF:1 DMVR:1 MTSImplicit:1 SBT:0 JCbCr:1 CabacInitPresent:1 AMVR:5 SMVD:3 LMCS:2 (Signal:SDR Opt:0) CIIP:0 MIP:1 AFFINE:2 (PROF:1, Type:1) MMVD:3 DisFracMMVD:1 SbTMVP:1 GPM:3 LFNST:1 MTS:0 ISP:3 TS:2 TSLog2MaxSize:4 useChromaTS:0 BDPCM:2 IBC:2 BCW:0 
ENC. ALG. CFG: QPA:0 HAD:1 RDQ:1 RDQTS:1 ASR:1 MinSearchWindow:96 RestrictMESampling:0 EDO:2 MCTF:2 
PRE-ANALYSIS CFG: STA:1 LeadFrames:0 TrailFrames:0 
FAST TOOL CFG: ECU:0 FEN:1 FDM:1 FastSearch:4 (SCC:2) LCTUFast:1 FastMrg:2 PBIntraFast:1 AMaxBT:1 FastQtBtEnc:1 ContentBasedFastQtbt:0 FastMIP:3 FastIntraTools:0 IntraEstDecBit:2 FastLocalDualTree:1 IntegerET:0 FastSubPel:1 QtbttExtraFast:3 FastTTSplit:0 IBCFastMethod:3 FIM:0 ALFSpeed:0 QuantThr: 4 
RATE CONTROL CFG: RateControl:0 LookAhead:0 
PARALLEL PROCESSING CFG: NumThreads:0 MaxParallelFrames:0 WppBitEqual:0 WF:0 

POC     0 TId: 0 (  IDR_N_LP, I-SLICE, QP 19, TF 3)     564808 bits [Y 45.1467 dB    U 46.3576 dB    V 47.8581 dB] [ET   490 ] [L0 ] [L1 ]
POC    16 TId: 1 (      STSA, B-SLICE, QP 22, TF 2)     140128 bits [Y 42.6832 dB    U 44.8648 dB    V 45.9360 dB] [ET  1316 ] [L0 0 ] [L1 0 ]
POC     8 TId: 2 (      STSA, B-SLICE, QP 23, TF 1)      79256 bits [Y 42.3017 dB    U 44.7419 dB    V 46.1830 dB] [ET  1556 ] [L0 0 16 ] [L1 16 0 ]
POC     4 TId: 3 (      STSA, B-SLICE, QP 26, TF 0)      48064 bits [Y 41.8978 dB    U 44.4786 dB    V 45.7959 dB] [ET  1417 ] [L0 0 8 ] [L1 8 16 ]
POC     2 TId: 4 (      STSA, B-SLICE, QP 28)            25280 bits [Y 41.9096 dB    U 44.7979 dB    V 46.0789 dB] [ET  1061 ] [L0 0 4 ] [L1 4 8 ]
POC     1 TId: 5 (      STSA, B-SLICE, QP 29)              280 bits [Y 45.1448 dB    U 46.3574 dB    V 47.8575 dB] [ET   395 ] [L0 0 2 ] [L1 2 4 ]
POC     3 TId: 5 (      STSA, B-SLICE, QP 29)            19592 bits [Y 41.5462 dB    U 44.3187 dB    V 45.6073 dB] [ET   994 ] [L0 2 0 ] [L1 4 8 ]
POC     6 TId: 4 (      STSA, B-SLICE, QP 28)            31344 bits [Y 41.5896 dB    U 44.2427 dB    V 45.4072 dB] [ET  1439 ] [L0 4 0 ] [L1 8 16 ]
POC     5 TId: 5 (      STSA, B-SLICE, QP 29)            21184 bits [Y 41.2311 dB    U 44.1108 dB    V 45.3031 dB] [ET  1085 ] [L0 4 0 ] [L1 6 8 ]
POC     7 TId: 5 (      STSA, B-SLICE, QP 29)            21584 bits [Y 41.1938 dB    U 44.2636 dB    V 45.3342 dB] [ET   951 ] [L0 6 4 ] [L1 8 16 ]
POC    12 TId: 3 (      STSA, B-SLICE, QP 26, TF 0)      54856 bits [Y 41.4923 dB    U 44.1721 dB    V 45.2850 dB] [ET  1577 ] [L0 8 0 ] [L1 16 8 ]
POC    10 TId: 4 (      STSA, B-SLICE, QP 28)            35784 bits [Y 41.2492 dB    U 44.0682 dB    V 45.0958 dB] [ET  1426 ] [L0 8 0 ] [L1 12 16 ]
POC     9 TId: 5 (      STSA, B-SLICE, QP 29)            20368 bits [Y 41.4817 dB    U 44.3263 dB    V 45.2896 dB] [ET  1028 ] [L0 8 0 ] [L1 10 12 ]
POC    11 TId: 5 (      STSA, B-SLICE, QP 29)            22864 bits [Y 41.1987 dB    U 44.0401 dB    V 44.8313 dB] [ET  1105 ] [L0 10 8 ] [L1 12 16 ]
POC    14 TId: 4 (      STSA, B-SLICE, QP 28)            37160 bits [Y 41.2375 dB    U 43.9204 dB    V 44.7284 dB] [ET  1129 ] [L0 12 8 ] [L1 16 12 ]
POC    13 TId: 5 (      STSA, B-SLICE, QP 29)            22528 bits [Y 41.0746 dB    U 43.9695 dB    V 44.7557 dB] [ET   955 ] [L0 12 8 ] [L1 14 16 ]
POC    15 TId: 5 (      STSA, B-SLICE, QP 29)            21312 bits [Y 41.0905 dB    U 44.2053 dB    V 44.7613 dB] [ET   690 ] [L0 14 12 ] [L1 16 14 ]

	Total Frames |   Bitrate     Y-PSNR    U-PSNR    V-PSNR    YUV-PSNR   
	       17    a    3430.5647   41.9688   44.5433   45.6534   42.6455

 finished @ Wed Apr  5 22:30:20 2023
 Total Time:    18619.936 sec. [user]    18633.354 sec. [elapsed]

Level: 0
Inject Calls: 20435373044
Errors injected by bit:
	Bit 0: 20429135
	Bit 1: 20430081
	Bit 2: 20432720
	Bit 3: 20438730
	Bit 4: 20434514
	Bit 5: 20437798
	Bit 6: 20435482
	Bit 7: 20435369

Total errors injected: 163473829
