vvencFFapp: Fraunhofer VVC Encoder ver. 1.5.0 [Linux][GCC 11.3.0][64 bit][SIMD=AVX2]
 started @ Thu Apr  6 19:45:16 2023
CODING TOOL CFG: CTU128 QT44BTT21 IBD:1 SAO:1 ALF:1 (NonLinLuma:0 NonLinChr:0) CCALF:1 Tiles:1x1 Slices:1 WPP:0 WPP-Substreams:1 TMVP:1 DQ:1 SDH:0 CST:1 BDOF:1 DMVR:1 MTSImplicit:1 SBT:0 JCbCr:1 CabacInitPresent:1 AMVR:5 SMVD:3 LMCS:2 (Signal:SDR Opt:0) CIIP:0 MIP:1 AFFINE:2 (PROF:1, Type:1) MMVD:3 DisFracMMVD:1 SbTMVP:1 GPM:3 LFNST:1 MTS:0 ISP:3 TS:2 TSLog2MaxSize:4 useChromaTS:0 BDPCM:2 IBC:2 BCW:0 
ENC. ALG. CFG: QPA:0 HAD:1 RDQ:1 RDQTS:1 ASR:1 MinSearchWindow:96 RestrictMESampling:0 EDO:2 MCTF:2 
PRE-ANALYSIS CFG: STA:1 LeadFrames:0 TrailFrames:0 
FAST TOOL CFG: ECU:0 FEN:1 FDM:1 FastSearch:4 (SCC:2) LCTUFast:1 FastMrg:2 PBIntraFast:1 AMaxBT:1 FastQtBtEnc:1 ContentBasedFastQtbt:0 FastMIP:3 FastIntraTools:0 IntraEstDecBit:2 FastLocalDualTree:1 IntegerET:0 FastSubPel:1 QtbttExtraFast:3 FastTTSplit:0 IBCFastMethod:3 FIM:0 ALFSpeed:0 QuantThr: 4 
RATE CONTROL CFG: RateControl:0 LookAhead:0 
PARALLEL PROCESSING CFG: NumThreads:0 MaxParallelFrames:0 WppBitEqual:0 WF:0 

POC     0 TId: 0 (  IDR_N_LP, I-SLICE, QP 24, TF 3)     303696 bits [Y 41.6478 dB    U 43.8365 dB    V 45.0113 dB] [ET   548 ] [L0 ] [L1 ]
POC    16 TId: 1 (      STSA, B-SLICE, QP 28, TF 2)      65304 bits [Y 39.5681 dB    U 42.4286 dB    V 43.1084 dB] [ET   909 ] [L0 0 ] [L1 0 ]
POC     8 TId: 2 (      STSA, B-SLICE, QP 29, TF 1)      38600 bits [Y 39.4602 dB    U 42.4900 dB    V 43.3780 dB] [ET  1224 ] [L0 0 16 ] [L1 16 0 ]
POC     4 TId: 3 (      STSA, B-SLICE, QP 32, TF 0)      23144 bits [Y 39.0878 dB    U 42.2535 dB    V 43.0839 dB] [ET  1295 ] [L0 0 8 ] [L1 8 16 ]
POC     2 TId: 4 (      STSA, B-SLICE, QP 34)            10720 bits [Y 39.1578 dB    U 42.6838 dB    V 43.4305 dB] [ET   768 ] [L0 0 4 ] [L1 4 8 ]
POC     1 TId: 5 (      STSA, B-SLICE, QP 36)              272 bits [Y 41.6424 dB    U 43.8357 dB    V 45.0100 dB] [ET   241 ] [L0 0 2 ] [L1 2 4 ]
POC     3 TId: 5 (      STSA, B-SLICE, QP 36)             7024 bits [Y 38.5137 dB    U 42.1836 dB    V 42.8074 dB] [ET   659 ] [L0 2 0 ] [L1 4 8 ]
POC     6 TId: 4 (      STSA, B-SLICE, QP 34)            14480 bits [Y 38.7404 dB    U 42.0653 dB    V 42.7020 dB] [ET  1018 ] [L0 4 0 ] [L1 8 16 ]
POC     5 TId: 5 (      STSA, B-SLICE, QP 36)             7024 bits [Y 38.0777 dB    U 41.9689 dB    V 42.5543 dB] [ET   686 ] [L0 4 0 ] [L1 6 8 ]
POC     7 TId: 5 (      STSA, B-SLICE, QP 36)             7144 bits [Y 38.0075 dB    U 42.1577 dB    V 42.6846 dB] [ET   690 ] [L0 6 4 ] [L1 8 16 ]
POC    12 TId: 3 (      STSA, B-SLICE, QP 32, TF 0)      25928 bits [Y 38.4930 dB    U 41.8205 dB    V 42.4497 dB] [ET  1278 ] [L0 8 0 ] [L1 16 8 ]
POC    10 TId: 4 (      STSA, B-SLICE, QP 34)            15952 bits [Y 38.2508 dB    U 41.8086 dB    V 42.2283 dB] [ET  1342 ] [L0 8 0 ] [L1 12 16 ]
POC     9 TId: 5 (      STSA, B-SLICE, QP 36)             7224 bits [Y 38.2899 dB    U 42.0372 dB    V 42.6041 dB] [ET   727 ] [L0 8 0 ] [L1 10 12 ]
POC    11 TId: 5 (      STSA, B-SLICE, QP 36)             8168 bits [Y 38.0325 dB    U 41.7370 dB    V 42.1267 dB] [ET   706 ] [L0 10 8 ] [L1 12 16 ]
POC    14 TId: 4 (      STSA, B-SLICE, QP 34)            16632 bits [Y 38.2722 dB    U 41.5626 dB    V 42.0603 dB] [ET   897 ] [L0 12 8 ] [L1 16 12 ]
POC    13 TId: 5 (      STSA, B-SLICE, QP 36)             7792 bits [Y 37.8275 dB    U 41.6488 dB    V 42.0185 dB] [ET   697 ] [L0 12 8 ] [L1 14 16 ]
POC    15 TId: 5 (      STSA, B-SLICE, QP 36)             6840 bits [Y 37.9473 dB    U 41.7968 dB    V 42.0348 dB] [ET   522 ] [L0 14 12 ] [L1 16 14 ]

	Total Frames |   Bitrate     Y-PSNR    U-PSNR    V-PSNR    YUV-PSNR   
	       17    a    1664.5412   38.8833   42.2538   42.8996   39.6843

 finished @ Thu Apr  6 23:42:24 2023
 Total Time:    14218.324 sec. [user]    14227.573 sec. [elapsed]

Level: 0
Inject Calls: 15835390779
Errors injected by bit:
	Bit 0: 15837538
	Bit 1: 15838390
	Bit 2: 15838805
	Bit 3: 15838310
	Bit 4: 15839230
	Bit 5: 15823269
	Bit 6: 15833157
	Bit 7: 15830670

Total errors injected: 126679369
