vvencFFapp: Fraunhofer VVC Encoder ver. 1.5.0 [Linux][GCC 11.3.0][64 bit][SIMD=AVX2]
 started @ Tue Apr 25 04:30:56 2023
CODING TOOL CFG: CTU128 QT44BTT21 IBD:1 SAO:1 ALF:1 (NonLinLuma:0 NonLinChr:0) CCALF:1 Tiles:1x1 Slices:1 WPP:0 WPP-Substreams:1 TMVP:1 DQ:1 SDH:0 CST:1 BDOF:1 DMVR:1 MTSImplicit:1 SBT:0 JCbCr:1 CabacInitPresent:1 AMVR:5 SMVD:3 LMCS:2 (Signal:SDR Opt:0) CIIP:0 MIP:1 AFFINE:2 (PROF:1, Type:1) MMVD:3 DisFracMMVD:1 SbTMVP:1 GPM:3 LFNST:1 MTS:0 ISP:3 TS:2 TSLog2MaxSize:4 useChromaTS:0 BDPCM:2 IBC:2 BCW:0 
ENC. ALG. CFG: QPA:0 HAD:1 RDQ:1 RDQTS:1 ASR:1 MinSearchWindow:96 RestrictMESampling:0 EDO:2 MCTF:2 
PRE-ANALYSIS CFG: STA:1 LeadFrames:0 TrailFrames:0 
FAST TOOL CFG: ECU:0 FEN:1 FDM:1 FastSearch:4 (SCC:2) LCTUFast:1 FastMrg:2 PBIntraFast:1 AMaxBT:1 FastQtBtEnc:1 ContentBasedFastQtbt:0 FastMIP:3 FastIntraTools:0 IntraEstDecBit:2 FastLocalDualTree:1 IntegerET:0 FastSubPel:1 QtbttExtraFast:3 FastTTSplit:0 IBCFastMethod:3 FIM:0 ALFSpeed:0 QuantThr: 4 
RATE CONTROL CFG: RateControl:0 LookAhead:0 
PARALLEL PROCESSING CFG: NumThreads:0 MaxParallelFrames:0 WppBitEqual:0 WF:0 

POC     0 TId: 0 (  IDR_N_LP, I-SLICE, QP 34, TF 2)      85368 bits [Y 35.6254 dB    U 39.1515 dB    V 40.0627 dB] [ET   198 ] [L0 ] [L1 ]
POC    16 TId: 1 (      STSA, B-SLICE, QP 40, TF 1)      15744 bits [Y 33.5576 dB    U 38.1193 dB    V 38.1030 dB] [ET   694 ] [L0 0 ] [L1 0 ]
POC     8 TId: 2 (      STSA, B-SLICE, QP 40, TF 0)      10872 bits [Y 33.8684 dB    U 38.3122 dB    V 39.1169 dB] [ET  1079 ] [L0 0 16 ] [L1 16 0 ]
POC     4 TId: 3 (      STSA, B-SLICE, QP 43)             6408 bits [Y 33.5225 dB    U 38.3464 dB    V 38.8558 dB] [ET   852 ] [L0 0 8 ] [L1 8 16 ]
POC     2 TId: 4 (      STSA, B-SLICE, QP 45)             2472 bits [Y 33.8110 dB    U 38.5782 dB    V 39.1547 dB] [ET   516 ] [L0 0 4 ] [L1 4 8 ]
POC     1 TId: 5 (      STSA, B-SLICE, QP 46)              232 bits [Y 35.6254 dB    U 39.1515 dB    V 40.0627 dB] [ET   254 ] [L0 0 2 ] [L1 2 4 ]
POC     3 TId: 5 (      STSA, B-SLICE, QP 46)             1472 bits [Y 33.2067 dB    U 38.2440 dB    V 38.6376 dB] [ET   405 ] [L0 2 0 ] [L1 4 8 ]
POC     6 TId: 4 (      STSA, B-SLICE, QP 45)             3128 bits [Y 33.0705 dB    U 37.9909 dB    V 38.3324 dB] [ET   640 ] [L0 4 0 ] [L1 8 16 ]
POC     5 TId: 5 (      STSA, B-SLICE, QP 46)             1496 bits [Y 32.7624 dB    U 38.0223 dB    V 38.4883 dB] [ET   414 ] [L0 4 0 ] [L1 6 8 ]
POC     7 TId: 5 (      STSA, B-SLICE, QP 46)             1728 bits [Y 32.8708 dB    U 38.0720 dB    V 38.4648 dB] [ET   430 ] [L0 6 4 ] [L1 8 16 ]
POC    12 TId: 3 (      STSA, B-SLICE, QP 43)             6976 bits [Y 33.0121 dB    U 37.9049 dB    V 38.2838 dB] [ET  1248 ] [L0 8 0 ] [L1 16 8 ]
POC    10 TId: 4 (      STSA, B-SLICE, QP 45)             3496 bits [Y 32.8180 dB    U 37.8812 dB    V 38.1374 dB] [ET   802 ] [L0 8 0 ] [L1 12 16 ]
POC     9 TId: 5 (      STSA, B-SLICE, QP 46)             1544 bits [Y 33.1964 dB    U 37.9090 dB    V 38.5880 dB] [ET   413 ] [L0 8 0 ] [L1 10 12 ]
POC    11 TId: 5 (      STSA, B-SLICE, QP 46)             1832 bits [Y 32.7560 dB    U 37.8778 dB    V 38.1161 dB] [ET   509 ] [L0 10 8 ] [L1 12 16 ]
POC    14 TId: 4 (      STSA, B-SLICE, QP 45)             3264 bits [Y 32.5708 dB    U 37.6785 dB    V 37.7742 dB] [ET   527 ] [L0 12 8 ] [L1 16 12 ]
POC    13 TId: 5 (      STSA, B-SLICE, QP 46)             1432 bits [Y 32.5266 dB    U 37.7488 dB    V 38.0261 dB] [ET   420 ] [L0 12 8 ] [L1 14 16 ]
POC    15 TId: 5 (      STSA, B-SLICE, QP 46)             1344 bits [Y 32.6641 dB    U 37.8498 dB    V 37.7679 dB] [ET   334 ] [L0 14 12 ] [L1 16 14 ]

	Total Frames |   Bitrate     Y-PSNR    U-PSNR    V-PSNR    YUV-PSNR   
	       17    a     437.6706   33.3803   38.1670   38.5866   34.4242

 finished @ Tue Apr 25 07:13:23 2023
 Total Time:     9741.535 sec. [user]     9747.013 sec. [elapsed]

Level: 0
Inject Calls: 11069475951
Errors injected by bit:
	Bit 0: 109968
	Bit 1: 110533
	Bit 2: 110740
	Bit 3: 110797
	Bit 4: 110704
	Bit 5: 111180
	Bit 6: 110490
	Bit 7: 110568

Total errors injected: 884980
