vvencFFapp: Fraunhofer VVC Encoder ver. 1.5.0 [Linux][GCC 11.3.0][64 bit][SIMD=AVX2]
 started @ Tue Apr 25 01:30:54 2023
CODING TOOL CFG: CTU128 QT44BTT21 IBD:1 SAO:1 ALF:1 (NonLinLuma:0 NonLinChr:0) CCALF:1 Tiles:1x1 Slices:1 WPP:0 WPP-Substreams:1 TMVP:1 DQ:1 SDH:0 CST:1 BDOF:1 DMVR:1 MTSImplicit:1 SBT:0 JCbCr:1 CabacInitPresent:1 AMVR:5 SMVD:3 LMCS:2 (Signal:SDR Opt:0) CIIP:0 MIP:1 AFFINE:2 (PROF:1, Type:1) MMVD:3 DisFracMMVD:1 SbTMVP:1 GPM:3 LFNST:1 MTS:0 ISP:3 TS:2 TSLog2MaxSize:4 useChromaTS:0 BDPCM:2 IBC:2 BCW:0 
ENC. ALG. CFG: QPA:0 HAD:1 RDQ:1 RDQTS:1 ASR:1 MinSearchWindow:96 RestrictMESampling:0 EDO:2 MCTF:2 
PRE-ANALYSIS CFG: STA:1 LeadFrames:0 TrailFrames:0 
FAST TOOL CFG: ECU:0 FEN:1 FDM:1 FastSearch:4 (SCC:2) LCTUFast:1 FastMrg:2 PBIntraFast:1 AMaxBT:1 FastQtBtEnc:1 ContentBasedFastQtbt:0 FastMIP:3 FastIntraTools:0 IntraEstDecBit:2 FastLocalDualTree:1 IntegerET:0 FastSubPel:1 QtbttExtraFast:3 FastTTSplit:0 IBCFastMethod:3 FIM:0 ALFSpeed:0 QuantThr: 4 
RATE CONTROL CFG: RateControl:0 LookAhead:0 
PARALLEL PROCESSING CFG: NumThreads:0 MaxParallelFrames:0 WppBitEqual:0 WF:0 

POC     0 TId: 0 (  IDR_N_LP, I-SLICE, QP 34, TF 2)      85368 bits [Y 35.6254 dB    U 39.1515 dB    V 40.0627 dB] [ET   260 ] [L0 ] [L1 ]
POC    16 TId: 1 (      STSA, B-SLICE, QP 40, TF 1)      15696 bits [Y 33.5793 dB    U 38.0872 dB    V 37.9248 dB] [ET   759 ] [L0 0 ] [L1 0 ]
POC     8 TId: 2 (      STSA, B-SLICE, QP 40, TF 0)      11352 bits [Y 33.9162 dB    U 38.2661 dB    V 39.0489 dB] [ET   966 ] [L0 0 16 ] [L1 16 0 ]
POC     4 TId: 3 (      STSA, B-SLICE, QP 43)             6144 bits [Y 33.4713 dB    U 38.3154 dB    V 38.8581 dB] [ET   833 ] [L0 0 8 ] [L1 8 16 ]
POC     2 TId: 4 (      STSA, B-SLICE, QP 45)             2360 bits [Y 33.7922 dB    U 38.5304 dB    V 39.0717 dB] [ET   508 ] [L0 0 4 ] [L1 4 8 ]
POC     1 TId: 5 (      STSA, B-SLICE, QP 46)              232 bits [Y 35.6183 dB    U 39.1522 dB    V 40.0581 dB] [ET   204 ] [L0 0 2 ] [L1 2 4 ]
POC     3 TId: 5 (      STSA, B-SLICE, QP 46)             1536 bits [Y 33.1806 dB    U 38.2238 dB    V 38.6949 dB] [ET   379 ] [L0 2 0 ] [L1 4 8 ]
POC     6 TId: 4 (      STSA, B-SLICE, QP 45)             3264 bits [Y 33.0366 dB    U 38.0440 dB    V 38.4555 dB] [ET   777 ] [L0 4 0 ] [L1 8 16 ]
POC     5 TId: 5 (      STSA, B-SLICE, QP 46)             1536 bits [Y 32.7686 dB    U 37.9998 dB    V 38.6373 dB] [ET   495 ] [L0 4 0 ] [L1 6 8 ]
POC     7 TId: 5 (      STSA, B-SLICE, QP 46)             1696 bits [Y 32.8281 dB    U 37.9828 dB    V 38.5280 dB] [ET   386 ] [L0 6 4 ] [L1 8 16 ]
POC    12 TId: 3 (      STSA, B-SLICE, QP 43)             6728 bits [Y 32.9818 dB    U 37.9273 dB    V 38.2878 dB] [ET  1145 ] [L0 8 0 ] [L1 16 8 ]
POC    10 TId: 4 (      STSA, B-SLICE, QP 45)             3424 bits [Y 32.7662 dB    U 37.8469 dB    V 38.0094 dB] [ET   823 ] [L0 8 0 ] [L1 12 16 ]
POC     9 TId: 5 (      STSA, B-SLICE, QP 46)             1352 bits [Y 33.1149 dB    U 38.0187 dB    V 38.4729 dB] [ET   417 ] [L0 8 0 ] [L1 10 12 ]
POC    11 TId: 5 (      STSA, B-SLICE, QP 46)             1848 bits [Y 32.7365 dB    U 37.9165 dB    V 38.0108 dB] [ET   391 ] [L0 10 8 ] [L1 12 16 ]
POC    14 TId: 4 (      STSA, B-SLICE, QP 45)             3288 bits [Y 32.5735 dB    U 37.7706 dB    V 37.6528 dB] [ET   560 ] [L0 12 8 ] [L1 16 12 ]
POC    13 TId: 5 (      STSA, B-SLICE, QP 46)             1496 bits [Y 32.5315 dB    U 37.8742 dB    V 37.9311 dB] [ET   426 ] [L0 12 8 ] [L1 14 16 ]
POC    15 TId: 5 (      STSA, B-SLICE, QP 46)             1456 bits [Y 32.7573 dB    U 37.8573 dB    V 37.6660 dB] [ET   329 ] [L0 14 12 ] [L1 16 14 ]

	Total Frames |   Bitrate     Y-PSNR    U-PSNR    V-PSNR    YUV-PSNR   
	       17    a     437.5765   33.3693   38.1744   38.5512   34.4125

 finished @ Tue Apr 25 04:12:07 2023
 Total Time:     9670.029 sec. [user]     9673.265 sec. [elapsed]

Level: 0
Inject Calls: 10931271732
Errors injected by bit:
	Bit 0: 10943879
	Bit 1: 10935760
	Bit 2: 10931361
	Bit 3: 10936802
	Bit 4: 10930906
	Bit 5: 10932013
	Bit 6: 10934400
	Bit 7: 10932254

Total errors injected: 87477375
