vvencFFapp: Fraunhofer VVC Encoder ver. 1.5.0 [Linux][GCC 11.3.0][64 bit][SIMD=AVX2]
 started @ Thu Apr  6 08:50:04 2023
CODING TOOL CFG: CTU128 QT44BTT21 IBD:1 SAO:1 ALF:1 (NonLinLuma:0 NonLinChr:0) CCALF:1 Tiles:1x1 Slices:1 WPP:0 WPP-Substreams:1 TMVP:1 DQ:1 SDH:0 CST:1 BDOF:1 DMVR:1 MTSImplicit:1 SBT:0 JCbCr:1 CabacInitPresent:1 AMVR:5 SMVD:3 LMCS:2 (Signal:SDR Opt:0) CIIP:0 MIP:1 AFFINE:2 (PROF:1, Type:1) MMVD:3 DisFracMMVD:1 SbTMVP:1 GPM:3 LFNST:1 MTS:0 ISP:3 TS:2 TSLog2MaxSize:4 useChromaTS:0 BDPCM:2 IBC:2 BCW:0 
ENC. ALG. CFG: QPA:0 HAD:1 RDQ:1 RDQTS:1 ASR:1 MinSearchWindow:96 RestrictMESampling:0 EDO:2 MCTF:2 
PRE-ANALYSIS CFG: STA:1 LeadFrames:0 TrailFrames:0 
FAST TOOL CFG: ECU:0 FEN:1 FDM:1 FastSearch:4 (SCC:2) LCTUFast:1 FastMrg:2 PBIntraFast:1 AMaxBT:1 FastQtBtEnc:1 ContentBasedFastQtbt:0 FastMIP:3 FastIntraTools:0 IntraEstDecBit:2 FastLocalDualTree:1 IntegerET:0 FastSubPel:1 QtbttExtraFast:3 FastTTSplit:0 IBCFastMethod:3 FIM:0 ALFSpeed:0 QuantThr: 4 
RATE CONTROL CFG: RateControl:0 LookAhead:0 
PARALLEL PROCESSING CFG: NumThreads:0 MaxParallelFrames:0 WppBitEqual:0 WF:0 

POC     0 TId: 0 (  IDR_N_LP, I-SLICE, QP 19, TF 3)     564808 bits [Y 45.1467 dB    U 46.3576 dB    V 47.8581 dB] [ET   456 ] [L0 ] [L1 ]
POC    16 TId: 1 (      STSA, B-SLICE, QP 22, TF 2)     140688 bits [Y 42.6788 dB    U 44.8598 dB    V 45.9618 dB] [ET  1150 ] [L0 0 ] [L1 0 ]
POC     8 TId: 2 (      STSA, B-SLICE, QP 23, TF 1)      79968 bits [Y 42.3284 dB    U 44.7258 dB    V 46.1559 dB] [ET  1565 ] [L0 0 16 ] [L1 16 0 ]
POC     4 TId: 3 (      STSA, B-SLICE, QP 26, TF 0)      47960 bits [Y 41.9272 dB    U 44.4444 dB    V 45.7717 dB] [ET  1414 ] [L0 0 8 ] [L1 8 16 ]
POC     2 TId: 4 (      STSA, B-SLICE, QP 28)            25104 bits [Y 41.9330 dB    U 44.7817 dB    V 46.1170 dB] [ET   986 ] [L0 0 4 ] [L1 4 8 ]
POC     1 TId: 5 (      STSA, B-SLICE, QP 29)              256 bits [Y 45.1467 dB    U 46.3576 dB    V 47.8581 dB] [ET   355 ] [L0 0 2 ] [L1 2 4 ]
POC     3 TId: 5 (      STSA, B-SLICE, QP 29)            19056 bits [Y 41.5635 dB    U 44.3521 dB    V 45.6293 dB] [ET   967 ] [L0 2 0 ] [L1 4 8 ]
POC     6 TId: 4 (      STSA, B-SLICE, QP 28)            31696 bits [Y 41.6083 dB    U 44.1647 dB    V 45.3896 dB] [ET  1291 ] [L0 4 0 ] [L1 8 16 ]
POC     5 TId: 5 (      STSA, B-SLICE, QP 29)            20368 bits [Y 41.2274 dB    U 44.0418 dB    V 45.2566 dB] [ET  1158 ] [L0 4 0 ] [L1 6 8 ]
POC     7 TId: 5 (      STSA, B-SLICE, QP 29)            22328 bits [Y 41.2089 dB    U 44.1962 dB    V 45.2666 dB] [ET  1035 ] [L0 6 4 ] [L1 8 16 ]
POC    12 TId: 3 (      STSA, B-SLICE, QP 26, TF 0)      55144 bits [Y 41.5266 dB    U 44.1826 dB    V 45.2289 dB] [ET  1559 ] [L0 8 0 ] [L1 16 8 ]
POC    10 TId: 4 (      STSA, B-SLICE, QP 28)            35904 bits [Y 41.2812 dB    U 44.0680 dB    V 45.0683 dB] [ET  1409 ] [L0 8 0 ] [L1 12 16 ]
POC     9 TId: 5 (      STSA, B-SLICE, QP 29)            20584 bits [Y 41.5395 dB    U 44.2591 dB    V 45.2665 dB] [ET   988 ] [L0 8 0 ] [L1 10 12 ]
POC    11 TId: 5 (      STSA, B-SLICE, QP 29)            22480 bits [Y 41.2601 dB    U 44.0446 dB    V 44.8635 dB] [ET  1010 ] [L0 10 8 ] [L1 12 16 ]
POC    14 TId: 4 (      STSA, B-SLICE, QP 28)            37392 bits [Y 41.2794 dB    U 43.9610 dB    V 44.7856 dB] [ET  1088 ] [L0 12 8 ] [L1 16 12 ]
POC    13 TId: 5 (      STSA, B-SLICE, QP 29)            22528 bits [Y 41.1181 dB    U 43.9443 dB    V 44.7774 dB] [ET   933 ] [L0 12 8 ] [L1 14 16 ]
POC    15 TId: 5 (      STSA, B-SLICE, QP 29)            21040 bits [Y 41.0922 dB    U 44.0784 dB    V 44.7279 dB] [ET   771 ] [L0 14 12 ] [L1 16 14 ]

	Total Frames |   Bitrate     Y-PSNR    U-PSNR    V-PSNR    YUV-PSNR   
	       17    a    3433.2471   41.9921   44.5188   45.6460   42.6625

 finished @ Thu Apr  6 13:52:34 2023
 Total Time:    18137.108 sec. [user]    18150.323 sec. [elapsed]

Level: 0
Inject Calls: 20487663962
Errors injected by bit:
	Bit 0: 20524
	Bit 1: 20452
	Bit 2: 20605
	Bit 3: 20417
	Bit 4: 20393
	Bit 5: 20564
	Bit 6: 20358
	Bit 7: 20372

Total errors injected: 163685
