vvencFFapp: Fraunhofer VVC Encoder ver. 1.5.0 [Linux][GCC 11.3.0][64 bit][SIMD=AVX2]
 started @ Thu Apr  6 19:40:15 2023
CODING TOOL CFG: CTU128 QT44BTT21 IBD:1 SAO:1 ALF:1 (NonLinLuma:0 NonLinChr:0) CCALF:1 Tiles:1x1 Slices:1 WPP:0 WPP-Substreams:1 TMVP:1 DQ:1 SDH:0 CST:1 BDOF:1 DMVR:1 MTSImplicit:1 SBT:0 JCbCr:1 CabacInitPresent:1 AMVR:5 SMVD:3 LMCS:2 (Signal:SDR Opt:0) CIIP:0 MIP:1 AFFINE:2 (PROF:1, Type:1) MMVD:3 DisFracMMVD:1 SbTMVP:1 GPM:3 LFNST:1 MTS:0 ISP:3 TS:2 TSLog2MaxSize:4 useChromaTS:0 BDPCM:2 IBC:2 BCW:0 
ENC. ALG. CFG: QPA:0 HAD:1 RDQ:1 RDQTS:1 ASR:1 MinSearchWindow:96 RestrictMESampling:0 EDO:2 MCTF:2 
PRE-ANALYSIS CFG: STA:1 LeadFrames:0 TrailFrames:0 
FAST TOOL CFG: ECU:0 FEN:1 FDM:1 FastSearch:4 (SCC:2) LCTUFast:1 FastMrg:2 PBIntraFast:1 AMaxBT:1 FastQtBtEnc:1 ContentBasedFastQtbt:0 FastMIP:3 FastIntraTools:0 IntraEstDecBit:2 FastLocalDualTree:1 IntegerET:0 FastSubPel:1 QtbttExtraFast:3 FastTTSplit:0 IBCFastMethod:3 FIM:0 ALFSpeed:0 QuantThr: 4 
RATE CONTROL CFG: RateControl:0 LookAhead:0 
PARALLEL PROCESSING CFG: NumThreads:0 MaxParallelFrames:0 WppBitEqual:0 WF:0 

POC     0 TId: 0 (  IDR_N_LP, I-SLICE, QP 24, TF 3)     303696 bits [Y 41.6478 dB    U 43.8365 dB    V 45.0113 dB] [ET   434 ] [L0 ] [L1 ]
POC    16 TId: 1 (      STSA, B-SLICE, QP 28, TF 2)      65200 bits [Y 39.5642 dB    U 42.3715 dB    V 43.1087 dB] [ET   894 ] [L0 0 ] [L1 0 ]
POC     8 TId: 2 (      STSA, B-SLICE, QP 29, TF 1)      38464 bits [Y 39.4552 dB    U 42.5460 dB    V 43.4986 dB] [ET  1202 ] [L0 0 16 ] [L1 16 0 ]
POC     4 TId: 3 (      STSA, B-SLICE, QP 32, TF 0)      22648 bits [Y 39.0762 dB    U 42.2334 dB    V 43.1920 dB] [ET  1177 ] [L0 0 8 ] [L1 8 16 ]
POC     2 TId: 4 (      STSA, B-SLICE, QP 34)            10792 bits [Y 39.1300 dB    U 42.7177 dB    V 43.4255 dB] [ET   816 ] [L0 0 4 ] [L1 4 8 ]
POC     1 TId: 5 (      STSA, B-SLICE, QP 36)              256 bits [Y 41.6478 dB    U 43.8365 dB    V 45.0113 dB] [ET   243 ] [L0 0 2 ] [L1 2 4 ]
POC     3 TId: 5 (      STSA, B-SLICE, QP 36)             6872 bits [Y 38.5138 dB    U 42.1692 dB    V 42.8861 dB] [ET   661 ] [L0 2 0 ] [L1 4 8 ]
POC     6 TId: 4 (      STSA, B-SLICE, QP 34)            14392 bits [Y 38.6694 dB    U 42.1778 dB    V 42.7790 dB] [ET  1046 ] [L0 4 0 ] [L1 8 16 ]
POC     5 TId: 5 (      STSA, B-SLICE, QP 36)             7024 bits [Y 38.0727 dB    U 41.9790 dB    V 42.7126 dB] [ET   634 ] [L0 4 0 ] [L1 6 8 ]
POC     7 TId: 5 (      STSA, B-SLICE, QP 36)             7336 bits [Y 38.0100 dB    U 42.1493 dB    V 42.6804 dB] [ET   640 ] [L0 6 4 ] [L1 8 16 ]
POC    12 TId: 3 (      STSA, B-SLICE, QP 32, TF 0)      26232 bits [Y 38.5126 dB    U 41.8928 dB    V 42.4204 dB] [ET  1255 ] [L0 8 0 ] [L1 16 8 ]
POC    10 TId: 4 (      STSA, B-SLICE, QP 34)            15688 bits [Y 38.2890 dB    U 41.8333 dB    V 42.3708 dB] [ET  1257 ] [L0 8 0 ] [L1 12 16 ]
POC     9 TId: 5 (      STSA, B-SLICE, QP 36)             6648 bits [Y 38.3148 dB    U 42.0690 dB    V 42.6561 dB] [ET   697 ] [L0 8 0 ] [L1 10 12 ]
POC    11 TId: 5 (      STSA, B-SLICE, QP 36)             7992 bits [Y 37.9997 dB    U 41.8264 dB    V 42.1078 dB] [ET   691 ] [L0 10 8 ] [L1 12 16 ]
POC    14 TId: 4 (      STSA, B-SLICE, QP 34)            16304 bits [Y 38.2303 dB    U 41.5640 dB    V 42.0633 dB] [ET   949 ] [L0 12 8 ] [L1 16 12 ]
POC    13 TId: 5 (      STSA, B-SLICE, QP 36)             7872 bits [Y 37.8153 dB    U 41.6874 dB    V 41.9543 dB] [ET   758 ] [L0 12 8 ] [L1 14 16 ]
POC    15 TId: 5 (      STSA, B-SLICE, QP 36)             7008 bits [Y 37.9734 dB    U 41.7935 dB    V 42.0780 dB] [ET   502 ] [L0 14 12 ] [L1 16 14 ]

	Total Frames |   Bitrate     Y-PSNR    U-PSNR    V-PSNR    YUV-PSNR   
	       17    a    1660.0706   38.8778   42.2755   42.9386   39.6850

 finished @ Thu Apr  6 23:31:30 2023
 Total Time:    13866.773 sec. [user]    13874.919 sec. [elapsed]

Level: 0
Inject Calls: 15576643817
Errors injected by bit:
	Bit 0: 15576005
	Bit 1: 15580730
	Bit 2: 15581393
	Bit 3: 15574790
	Bit 4: 15573453
	Bit 5: 15574175
	Bit 6: 15571063
	Bit 7: 15575770

Total errors injected: 124607379
