vvencFFapp: Fraunhofer VVC Encoder ver. 1.5.0 [Linux][GCC 11.3.0][64 bit][SIMD=AVX2]
 started @ Mon Apr 24 22:00:49 2023
CODING TOOL CFG: CTU128 QT44BTT21 IBD:1 SAO:1 ALF:1 (NonLinLuma:0 NonLinChr:0) CCALF:1 Tiles:1x1 Slices:1 WPP:0 WPP-Substreams:1 TMVP:1 DQ:1 SDH:0 CST:1 BDOF:1 DMVR:1 MTSImplicit:1 SBT:0 JCbCr:1 CabacInitPresent:1 AMVR:5 SMVD:3 LMCS:2 (Signal:SDR Opt:0) CIIP:0 MIP:1 AFFINE:2 (PROF:1, Type:1) MMVD:3 DisFracMMVD:1 SbTMVP:1 GPM:3 LFNST:1 MTS:0 ISP:3 TS:2 TSLog2MaxSize:4 useChromaTS:0 BDPCM:2 IBC:2 BCW:0 
ENC. ALG. CFG: QPA:0 HAD:1 RDQ:1 RDQTS:1 ASR:1 MinSearchWindow:96 RestrictMESampling:0 EDO:2 MCTF:2 
PRE-ANALYSIS CFG: STA:1 LeadFrames:0 TrailFrames:0 
FAST TOOL CFG: ECU:0 FEN:1 FDM:1 FastSearch:4 (SCC:2) LCTUFast:1 FastMrg:2 PBIntraFast:1 AMaxBT:1 FastQtBtEnc:1 ContentBasedFastQtbt:0 FastMIP:3 FastIntraTools:0 IntraEstDecBit:2 FastLocalDualTree:1 IntegerET:0 FastSubPel:1 QtbttExtraFast:3 FastTTSplit:0 IBCFastMethod:3 FIM:0 ALFSpeed:0 QuantThr: 4 
RATE CONTROL CFG: RateControl:0 LookAhead:0 
PARALLEL PROCESSING CFG: NumThreads:0 MaxParallelFrames:0 WppBitEqual:0 WF:0 

POC     0 TId: 0 (  IDR_N_LP, I-SLICE, QP 29, TF 2)     160808 bits [Y 38.4367 dB    U 41.6230 dB    V 42.6136 dB] [ET   285 ] [L0 ] [L1 ]
POC    16 TId: 1 (      STSA, B-SLICE, QP 34, TF 1)      30744 bits [Y 36.4906 dB    U 39.8632 dB    V 40.0678 dB] [ET   756 ] [L0 0 ] [L1 0 ]
POC     8 TId: 2 (      STSA, B-SLICE, QP 35, TF 0)      18888 bits [Y 36.5203 dB    U 40.0317 dB    V 40.7729 dB] [ET  1091 ] [L0 0 16 ] [L1 16 0 ]
POC     4 TId: 3 (      STSA, B-SLICE, QP 38)            12072 bits [Y 36.1828 dB    U 40.2319 dB    V 40.8957 dB] [ET  1082 ] [L0 0 8 ] [L1 8 16 ]
POC     2 TId: 4 (      STSA, B-SLICE, QP 40)             4984 bits [Y 36.3085 dB    U 40.9069 dB    V 41.4914 dB] [ET   576 ] [L0 0 4 ] [L1 4 8 ]
POC     1 TId: 5 (      STSA, B-SLICE, QP 41)              168 bits [Y 38.4367 dB    U 41.6230 dB    V 42.6136 dB] [ET   233 ] [L0 0 2 ] [L1 2 4 ]
POC     3 TId: 5 (      STSA, B-SLICE, QP 41)             3280 bits [Y 35.7894 dB    U 40.3201 dB    V 40.8823 dB] [ET   508 ] [L0 2 0 ] [L1 4 8 ]
POC     6 TId: 4 (      STSA, B-SLICE, QP 40)             6408 bits [Y 35.5889 dB    U 40.0370 dB    V 40.5925 dB] [ET   803 ] [L0 4 0 ] [L1 8 16 ]
POC     5 TId: 5 (      STSA, B-SLICE, QP 41)             3496 bits [Y 35.3026 dB    U 39.9972 dB    V 40.6569 dB] [ET   560 ] [L0 4 0 ] [L1 6 8 ]
POC     7 TId: 5 (      STSA, B-SLICE, QP 41)             3296 bits [Y 35.3184 dB    U 39.9421 dB    V 40.4544 dB] [ET   565 ] [L0 6 4 ] [L1 8 16 ]
POC    12 TId: 3 (      STSA, B-SLICE, QP 38)            13128 bits [Y 35.6223 dB    U 39.7728 dB    V 40.1833 dB] [ET  1115 ] [L0 8 0 ] [L1 16 8 ]
POC    10 TId: 4 (      STSA, B-SLICE, QP 40)             6992 bits [Y 35.2853 dB    U 39.7996 dB    V 40.1666 dB] [ET   844 ] [L0 8 0 ] [L1 12 16 ]
POC     9 TId: 5 (      STSA, B-SLICE, QP 41)             3312 bits [Y 35.6572 dB    U 39.8886 dB    V 40.3552 dB] [ET   555 ] [L0 8 0 ] [L1 10 12 ]
POC    11 TId: 5 (      STSA, B-SLICE, QP 41)             3856 bits [Y 35.2557 dB    U 39.7273 dB    V 40.0315 dB] [ET   551 ] [L0 10 8 ] [L1 12 16 ]
POC    14 TId: 4 (      STSA, B-SLICE, QP 40)             7592 bits [Y 35.2365 dB    U 39.6418 dB    V 39.7346 dB] [ET   676 ] [L0 12 8 ] [L1 16 12 ]
POC    13 TId: 5 (      STSA, B-SLICE, QP 41)             3392 bits [Y 35.0231 dB    U 39.7562 dB    V 39.9060 dB] [ET   589 ] [L0 12 8 ] [L1 14 16 ]
POC    15 TId: 5 (      STSA, B-SLICE, QP 41)             2992 bits [Y 35.1961 dB    U 39.6696 dB    V 39.7618 dB] [ET   424 ] [L0 14 12 ] [L1 16 14 ]

	Total Frames |   Bitrate     Y-PSNR    U-PSNR    V-PSNR    YUV-PSNR   
	       17    a     839.4353   35.9795   40.1666   40.6577   36.9238

 finished @ Tue Apr 25 01:07:54 2023
 Total Time:    11223.681 sec. [user]    11224.967 sec. [elapsed]

Level: 0
Inject Calls: 12667959584
Errors injected by bit:
	Bit 0: 126835
	Bit 1: 126723
	Bit 2: 126446
	Bit 3: 126841
	Bit 4: 126404
	Bit 5: 127035
	Bit 6: 126532
	Bit 7: 126373

Total errors injected: 1013189
