vvencFFapp: Fraunhofer VVC Encoder ver. 1.5.0 [Linux][GCC 11.3.0][64 bit][SIMD=AVX2]
 started @ Mon Apr 24 18:45:45 2023
CODING TOOL CFG: CTU128 QT44BTT21 IBD:1 SAO:1 ALF:1 (NonLinLuma:0 NonLinChr:0) CCALF:1 Tiles:1x1 Slices:1 WPP:0 WPP-Substreams:1 TMVP:1 DQ:1 SDH:0 CST:1 BDOF:1 DMVR:1 MTSImplicit:1 SBT:0 JCbCr:1 CabacInitPresent:1 AMVR:5 SMVD:3 LMCS:2 (Signal:SDR Opt:0) CIIP:0 MIP:1 AFFINE:2 (PROF:1, Type:1) MMVD:3 DisFracMMVD:1 SbTMVP:1 GPM:3 LFNST:1 MTS:0 ISP:3 TS:2 TSLog2MaxSize:4 useChromaTS:0 BDPCM:2 IBC:2 BCW:0 
ENC. ALG. CFG: QPA:0 HAD:1 RDQ:1 RDQTS:1 ASR:1 MinSearchWindow:96 RestrictMESampling:0 EDO:2 MCTF:2 
PRE-ANALYSIS CFG: STA:1 LeadFrames:0 TrailFrames:0 
FAST TOOL CFG: ECU:0 FEN:1 FDM:1 FastSearch:4 (SCC:2) LCTUFast:1 FastMrg:2 PBIntraFast:1 AMaxBT:1 FastQtBtEnc:1 ContentBasedFastQtbt:0 FastMIP:3 FastIntraTools:0 IntraEstDecBit:2 FastLocalDualTree:1 IntegerET:0 FastSubPel:1 QtbttExtraFast:3 FastTTSplit:0 IBCFastMethod:3 FIM:0 ALFSpeed:0 QuantThr: 4 
RATE CONTROL CFG: RateControl:0 LookAhead:0 
PARALLEL PROCESSING CFG: NumThreads:0 MaxParallelFrames:0 WppBitEqual:0 WF:0 

POC     0 TId: 0 (  IDR_N_LP, I-SLICE, QP 29, TF 2)     160808 bits [Y 38.4367 dB    U 41.6230 dB    V 42.6136 dB] [ET   292 ] [L0 ] [L1 ]
POC    16 TId: 1 (      STSA, B-SLICE, QP 34, TF 1)      31336 bits [Y 36.5226 dB    U 39.9298 dB    V 40.1139 dB] [ET   685 ] [L0 0 ] [L1 0 ]
POC     8 TId: 2 (      STSA, B-SLICE, QP 35, TF 0)      18912 bits [Y 36.5063 dB    U 40.0475 dB    V 40.7380 dB] [ET  1122 ] [L0 0 16 ] [L1 16 0 ]
POC     4 TId: 3 (      STSA, B-SLICE, QP 38)            12072 bits [Y 36.2177 dB    U 40.2177 dB    V 40.9779 dB] [ET  1050 ] [L0 0 8 ] [L1 8 16 ]
POC     2 TId: 4 (      STSA, B-SLICE, QP 40)             5144 bits [Y 36.3451 dB    U 40.8414 dB    V 41.3845 dB] [ET   573 ] [L0 0 4 ] [L1 4 8 ]
POC     1 TId: 5 (      STSA, B-SLICE, QP 41)              248 bits [Y 38.4325 dB    U 41.6247 dB    V 42.6175 dB] [ET   236 ] [L0 0 2 ] [L1 2 4 ]
POC     3 TId: 5 (      STSA, B-SLICE, QP 41)             3320 bits [Y 35.8139 dB    U 40.3719 dB    V 40.8741 dB] [ET   500 ] [L0 2 0 ] [L1 4 8 ]
POC     6 TId: 4 (      STSA, B-SLICE, QP 40)             6448 bits [Y 35.5604 dB    U 39.9776 dB    V 40.4599 dB] [ET   812 ] [L0 4 0 ] [L1 8 16 ]
POC     5 TId: 5 (      STSA, B-SLICE, QP 41)             3184 bits [Y 35.2859 dB    U 39.9652 dB    V 40.6366 dB] [ET   534 ] [L0 4 0 ] [L1 6 8 ]
POC     7 TId: 5 (      STSA, B-SLICE, QP 41)             3184 bits [Y 35.2508 dB    U 39.8107 dB    V 40.3428 dB] [ET   619 ] [L0 6 4 ] [L1 8 16 ]
POC    12 TId: 3 (      STSA, B-SLICE, QP 38)            13560 bits [Y 35.6466 dB    U 39.7372 dB    V 40.2301 dB] [ET  1389 ] [L0 8 0 ] [L1 16 8 ]
POC    10 TId: 4 (      STSA, B-SLICE, QP 40)             7320 bits [Y 35.3303 dB    U 39.8220 dB    V 40.2341 dB] [ET   966 ] [L0 8 0 ] [L1 12 16 ]
POC     9 TId: 5 (      STSA, B-SLICE, QP 41)             3360 bits [Y 35.6314 dB    U 39.9813 dB    V 40.4124 dB] [ET   561 ] [L0 8 0 ] [L1 10 12 ]
POC    11 TId: 5 (      STSA, B-SLICE, QP 41)             3816 bits [Y 35.2502 dB    U 39.7148 dB    V 39.9283 dB] [ET   528 ] [L0 10 8 ] [L1 12 16 ]
POC    14 TId: 4 (      STSA, B-SLICE, QP 40)             7328 bits [Y 35.2016 dB    U 39.6856 dB    V 39.8570 dB] [ET   707 ] [L0 12 8 ] [L1 16 12 ]
POC    13 TId: 5 (      STSA, B-SLICE, QP 41)             3392 bits [Y 35.0406 dB    U 39.7678 dB    V 39.8209 dB] [ET   559 ] [L0 12 8 ] [L1 14 16 ]
POC    15 TId: 5 (      STSA, B-SLICE, QP 41)             2968 bits [Y 35.1896 dB    U 39.7236 dB    V 39.8038 dB] [ET   464 ] [L0 14 12 ] [L1 16 14 ]

	Total Frames |   Bitrate     Y-PSNR    U-PSNR    V-PSNR    YUV-PSNR   
	       17    a     842.3529   35.9801   40.1672   40.6497   36.9231

 finished @ Mon Apr 24 21:59:16 2023
 Total Time:    11607.483 sec. [user]    11610.720 sec. [elapsed]

Level: 0
Inject Calls: 12792658037
Errors injected by bit:
	Bit 0: 12796549
	Bit 1: 12793446
	Bit 2: 12790345
	Bit 3: 12790355
	Bit 4: 12792286
	Bit 5: 12792035
	Bit 6: 12794435
	Bit 7: 12791555

Total errors injected: 102341006
