vvencFFapp: Fraunhofer VVC Encoder ver. 1.5.0 [Linux][GCC 11.3.0][64 bit][SIMD=AVX2]
 started @ Mon Apr 24 22:00:50 2023
CODING TOOL CFG: CTU128 QT44BTT21 IBD:1 SAO:1 ALF:1 (NonLinLuma:0 NonLinChr:0) CCALF:1 Tiles:1x1 Slices:1 WPP:0 WPP-Substreams:1 TMVP:1 DQ:1 SDH:0 CST:1 BDOF:1 DMVR:1 MTSImplicit:1 SBT:0 JCbCr:1 CabacInitPresent:1 AMVR:5 SMVD:3 LMCS:2 (Signal:SDR Opt:0) CIIP:0 MIP:1 AFFINE:2 (PROF:1, Type:1) MMVD:3 DisFracMMVD:1 SbTMVP:1 GPM:3 LFNST:1 MTS:0 ISP:3 TS:2 TSLog2MaxSize:4 useChromaTS:0 BDPCM:2 IBC:2 BCW:0 
ENC. ALG. CFG: QPA:0 HAD:1 RDQ:1 RDQTS:1 ASR:1 MinSearchWindow:96 RestrictMESampling:0 EDO:2 MCTF:2 
PRE-ANALYSIS CFG: STA:1 LeadFrames:0 TrailFrames:0 
FAST TOOL CFG: ECU:0 FEN:1 FDM:1 FastSearch:4 (SCC:2) LCTUFast:1 FastMrg:2 PBIntraFast:1 AMaxBT:1 FastQtBtEnc:1 ContentBasedFastQtbt:0 FastMIP:3 FastIntraTools:0 IntraEstDecBit:2 FastLocalDualTree:1 IntegerET:0 FastSubPel:1 QtbttExtraFast:3 FastTTSplit:0 IBCFastMethod:3 FIM:0 ALFSpeed:0 QuantThr: 4 
RATE CONTROL CFG: RateControl:0 LookAhead:0 
PARALLEL PROCESSING CFG: NumThreads:0 MaxParallelFrames:0 WppBitEqual:0 WF:0 

POC     0 TId: 0 (  IDR_N_LP, I-SLICE, QP 29, TF 2)     160808 bits [Y 38.4367 dB    U 41.6230 dB    V 42.6136 dB] [ET   284 ] [L0 ] [L1 ]
POC    16 TId: 1 (      STSA, B-SLICE, QP 34, TF 1)      30472 bits [Y 36.4810 dB    U 39.8942 dB    V 40.0633 dB] [ET   739 ] [L0 0 ] [L1 0 ]
POC     8 TId: 2 (      STSA, B-SLICE, QP 35, TF 0)      19312 bits [Y 36.4973 dB    U 40.0598 dB    V 40.8748 dB] [ET  1131 ] [L0 0 16 ] [L1 16 0 ]
POC     4 TId: 3 (      STSA, B-SLICE, QP 38)            11912 bits [Y 36.1901 dB    U 40.1970 dB    V 40.9987 dB] [ET  1029 ] [L0 0 8 ] [L1 8 16 ]
POC     2 TId: 4 (      STSA, B-SLICE, QP 40)             5032 bits [Y 36.2967 dB    U 40.8874 dB    V 41.4630 dB] [ET   587 ] [L0 0 4 ] [L1 4 8 ]
POC     1 TId: 5 (      STSA, B-SLICE, QP 41)              232 bits [Y 38.4367 dB    U 41.6230 dB    V 42.6136 dB] [ET   237 ] [L0 0 2 ] [L1 2 4 ]
POC     3 TId: 5 (      STSA, B-SLICE, QP 41)             3184 bits [Y 35.7686 dB    U 40.3015 dB    V 40.8108 dB] [ET   529 ] [L0 2 0 ] [L1 4 8 ]
POC     6 TId: 4 (      STSA, B-SLICE, QP 40)             6576 bits [Y 35.6107 dB    U 40.0745 dB    V 40.6254 dB] [ET   789 ] [L0 4 0 ] [L1 8 16 ]
POC     5 TId: 5 (      STSA, B-SLICE, QP 41)             3320 bits [Y 35.3428 dB    U 39.9556 dB    V 40.6638 dB] [ET   581 ] [L0 4 0 ] [L1 6 8 ]
POC     7 TId: 5 (      STSA, B-SLICE, QP 41)             3448 bits [Y 35.3528 dB    U 40.0645 dB    V 40.4902 dB] [ET   579 ] [L0 6 4 ] [L1 8 16 ]
POC    12 TId: 3 (      STSA, B-SLICE, QP 38)            12672 bits [Y 35.5894 dB    U 39.7215 dB    V 40.1039 dB] [ET  1174 ] [L0 8 0 ] [L1 16 8 ]
POC    10 TId: 4 (      STSA, B-SLICE, QP 40)             7264 bits [Y 35.3213 dB    U 39.7575 dB    V 40.2298 dB] [ET   967 ] [L0 8 0 ] [L1 12 16 ]
POC     9 TId: 5 (      STSA, B-SLICE, QP 41)             3328 bits [Y 35.6102 dB    U 39.9560 dB    V 40.2970 dB] [ET   560 ] [L0 8 0 ] [L1 10 12 ]
POC    11 TId: 5 (      STSA, B-SLICE, QP 41)             3960 bits [Y 35.3021 dB    U 39.7646 dB    V 40.0524 dB] [ET   611 ] [L0 10 8 ] [L1 12 16 ]
POC    14 TId: 4 (      STSA, B-SLICE, QP 40)             7264 bits [Y 35.2262 dB    U 39.6671 dB    V 39.8827 dB] [ET   684 ] [L0 12 8 ] [L1 16 12 ]
POC    13 TId: 5 (      STSA, B-SLICE, QP 41)             3456 bits [Y 35.0498 dB    U 39.6744 dB    V 39.8988 dB] [ET   566 ] [L0 12 8 ] [L1 14 16 ]
POC    15 TId: 5 (      STSA, B-SLICE, QP 41)             3008 bits [Y 35.2141 dB    U 39.6979 dB    V 39.7541 dB] [ET   428 ] [L0 14 12 ] [L1 16 14 ]

	Total Frames |   Bitrate     Y-PSNR    U-PSNR    V-PSNR    YUV-PSNR   
	       17    a     838.9647   35.9839   40.1717   40.6727   36.9306

 finished @ Tue Apr 25 01:12:20 2023
 Total Time:    11489.335 sec. [user]    11490.280 sec. [elapsed]

Level: 0
Inject Calls: 12883041337
Errors injected by bit:
	Bit 0: 128894
	Bit 1: 128825
	Bit 2: 128869
	Bit 3: 128776
	Bit 4: 128694
	Bit 5: 129634
	Bit 6: 128634
	Bit 7: 128184

Total errors injected: 1030510
