vvencFFapp: Fraunhofer VVC Encoder ver. 1.5.0 [Linux][GCC 11.3.0][64 bit][SIMD=AVX2]
 started @ Mon Apr 24 22:00:49 2023
CODING TOOL CFG: CTU128 QT44BTT21 IBD:1 SAO:1 ALF:1 (NonLinLuma:0 NonLinChr:0) CCALF:1 Tiles:1x1 Slices:1 WPP:0 WPP-Substreams:1 TMVP:1 DQ:1 SDH:0 CST:1 BDOF:1 DMVR:1 MTSImplicit:1 SBT:0 JCbCr:1 CabacInitPresent:1 AMVR:5 SMVD:3 LMCS:2 (Signal:SDR Opt:0) CIIP:0 MIP:1 AFFINE:2 (PROF:1, Type:1) MMVD:3 DisFracMMVD:1 SbTMVP:1 GPM:3 LFNST:1 MTS:0 ISP:3 TS:2 TSLog2MaxSize:4 useChromaTS:0 BDPCM:2 IBC:2 BCW:0 
ENC. ALG. CFG: QPA:0 HAD:1 RDQ:1 RDQTS:1 ASR:1 MinSearchWindow:96 RestrictMESampling:0 EDO:2 MCTF:2 
PRE-ANALYSIS CFG: STA:1 LeadFrames:0 TrailFrames:0 
FAST TOOL CFG: ECU:0 FEN:1 FDM:1 FastSearch:4 (SCC:2) LCTUFast:1 FastMrg:2 PBIntraFast:1 AMaxBT:1 FastQtBtEnc:1 ContentBasedFastQtbt:0 FastMIP:3 FastIntraTools:0 IntraEstDecBit:2 FastLocalDualTree:1 IntegerET:0 FastSubPel:1 QtbttExtraFast:3 FastTTSplit:0 IBCFastMethod:3 FIM:0 ALFSpeed:0 QuantThr: 4 
RATE CONTROL CFG: RateControl:0 LookAhead:0 
PARALLEL PROCESSING CFG: NumThreads:0 MaxParallelFrames:0 WppBitEqual:0 WF:0 

POC     0 TId: 0 (  IDR_N_LP, I-SLICE, QP 29, TF 2)     160808 bits [Y 38.4367 dB    U 41.6230 dB    V 42.6136 dB] [ET   271 ] [L0 ] [L1 ]
POC    16 TId: 1 (      STSA, B-SLICE, QP 34, TF 1)      30744 bits [Y 36.4906 dB    U 39.8632 dB    V 40.0678 dB] [ET   752 ] [L0 0 ] [L1 0 ]
POC     8 TId: 2 (      STSA, B-SLICE, QP 35, TF 0)      19272 bits [Y 36.5390 dB    U 39.9443 dB    V 40.8622 dB] [ET  1188 ] [L0 0 16 ] [L1 16 0 ]
POC     4 TId: 3 (      STSA, B-SLICE, QP 38)            11568 bits [Y 36.1334 dB    U 40.2142 dB    V 40.9703 dB] [ET  1011 ] [L0 0 8 ] [L1 8 16 ]
POC     2 TId: 4 (      STSA, B-SLICE, QP 40)             4896 bits [Y 36.2557 dB    U 40.8732 dB    V 41.4117 dB] [ET   590 ] [L0 0 4 ] [L1 4 8 ]
POC     1 TId: 5 (      STSA, B-SLICE, QP 41)              232 bits [Y 38.4367 dB    U 41.6230 dB    V 42.6136 dB] [ET   233 ] [L0 0 2 ] [L1 2 4 ]
POC     3 TId: 5 (      STSA, B-SLICE, QP 41)             3368 bits [Y 35.8081 dB    U 40.3946 dB    V 40.7469 dB] [ET   513 ] [L0 2 0 ] [L1 4 8 ]
POC     6 TId: 4 (      STSA, B-SLICE, QP 40)             6392 bits [Y 35.5473 dB    U 39.9979 dB    V 40.5970 dB] [ET   869 ] [L0 4 0 ] [L1 8 16 ]
POC     5 TId: 5 (      STSA, B-SLICE, QP 41)             3480 bits [Y 35.3122 dB    U 39.9674 dB    V 40.6562 dB] [ET   547 ] [L0 4 0 ] [L1 6 8 ]
POC     7 TId: 5 (      STSA, B-SLICE, QP 41)             3224 bits [Y 35.2924 dB    U 39.9115 dB    V 40.4992 dB] [ET   550 ] [L0 6 4 ] [L1 8 16 ]
POC    12 TId: 3 (      STSA, B-SLICE, QP 38)            13192 bits [Y 35.6553 dB    U 39.7696 dB    V 40.3005 dB] [ET  1274 ] [L0 8 0 ] [L1 16 8 ]
POC    10 TId: 4 (      STSA, B-SLICE, QP 40)             7224 bits [Y 35.3442 dB    U 39.7484 dB    V 40.3328 dB] [ET   863 ] [L0 8 0 ] [L1 12 16 ]
POC     9 TId: 5 (      STSA, B-SLICE, QP 41)             3240 bits [Y 35.6405 dB    U 39.8904 dB    V 40.4887 dB] [ET   603 ] [L0 8 0 ] [L1 10 12 ]
POC    11 TId: 5 (      STSA, B-SLICE, QP 41)             3848 bits [Y 35.2552 dB    U 39.7360 dB    V 40.0753 dB] [ET   604 ] [L0 10 8 ] [L1 12 16 ]
POC    14 TId: 4 (      STSA, B-SLICE, QP 40)             7472 bits [Y 35.2572 dB    U 39.5437 dB    V 39.7911 dB] [ET   660 ] [L0 12 8 ] [L1 16 12 ]
POC    13 TId: 5 (      STSA, B-SLICE, QP 41)             3456 bits [Y 35.0595 dB    U 39.6974 dB    V 39.8186 dB] [ET   652 ] [L0 12 8 ] [L1 14 16 ]
POC    15 TId: 5 (      STSA, B-SLICE, QP 41)             3072 bits [Y 35.2349 dB    U 39.6780 dB    V 39.7181 dB] [ET   444 ] [L0 14 12 ] [L1 16 14 ]

	Total Frames |   Bitrate     Y-PSNR    U-PSNR    V-PSNR    YUV-PSNR   
	       17    a     839.6706   35.9823   40.1456   40.6802   36.9274

 finished @ Tue Apr 25 01:14:46 2023
 Total Time:    11635.669 sec. [user]    11636.876 sec. [elapsed]

Level: 0
Inject Calls: 13101076721
Errors injected by bit:
	Bit 0: 131015
	Bit 1: 131055
	Bit 2: 131172
	Bit 3: 130606
	Bit 4: 131050
	Bit 5: 131389
	Bit 6: 131182
	Bit 7: 130334

Total errors injected: 1047803
