vvencFFapp: Fraunhofer VVC Encoder ver. 1.5.0 [Linux][GCC 11.3.0][64 bit][SIMD=AVX2]
 started @ Thu Apr  6 03:39:58 2023
CODING TOOL CFG: CTU128 QT44BTT21 IBD:1 SAO:1 ALF:1 (NonLinLuma:0 NonLinChr:0) CCALF:1 Tiles:1x1 Slices:1 WPP:0 WPP-Substreams:1 TMVP:1 DQ:1 SDH:0 CST:1 BDOF:1 DMVR:1 MTSImplicit:1 SBT:0 JCbCr:1 CabacInitPresent:1 AMVR:5 SMVD:3 LMCS:2 (Signal:SDR Opt:0) CIIP:0 MIP:1 AFFINE:2 (PROF:1, Type:1) MMVD:3 DisFracMMVD:1 SbTMVP:1 GPM:3 LFNST:1 MTS:0 ISP:3 TS:2 TSLog2MaxSize:4 useChromaTS:0 BDPCM:2 IBC:2 BCW:0 
ENC. ALG. CFG: QPA:0 HAD:1 RDQ:1 RDQTS:1 ASR:1 MinSearchWindow:96 RestrictMESampling:0 EDO:2 MCTF:2 
PRE-ANALYSIS CFG: STA:1 LeadFrames:0 TrailFrames:0 
FAST TOOL CFG: ECU:0 FEN:1 FDM:1 FastSearch:4 (SCC:2) LCTUFast:1 FastMrg:2 PBIntraFast:1 AMaxBT:1 FastQtBtEnc:1 ContentBasedFastQtbt:0 FastMIP:3 FastIntraTools:0 IntraEstDecBit:2 FastLocalDualTree:1 IntegerET:0 FastSubPel:1 QtbttExtraFast:3 FastTTSplit:0 IBCFastMethod:3 FIM:0 ALFSpeed:0 QuantThr: 4 
RATE CONTROL CFG: RateControl:0 LookAhead:0 
PARALLEL PROCESSING CFG: NumThreads:0 MaxParallelFrames:0 WppBitEqual:0 WF:0 

POC     0 TId: 0 (  IDR_N_LP, I-SLICE, QP 19, TF 3)     564808 bits [Y 45.1467 dB    U 46.3576 dB    V 47.8581 dB] [ET   467 ] [L0 ] [L1 ]
POC    16 TId: 1 (      STSA, B-SLICE, QP 22, TF 2)     140536 bits [Y 42.6717 dB    U 44.8685 dB    V 45.9473 dB] [ET  1245 ] [L0 0 ] [L1 0 ]
POC     8 TId: 2 (      STSA, B-SLICE, QP 23, TF 1)      79408 bits [Y 42.3002 dB    U 44.7283 dB    V 46.1627 dB] [ET  1586 ] [L0 0 16 ] [L1 16 0 ]
POC     4 TId: 3 (      STSA, B-SLICE, QP 26, TF 0)      47016 bits [Y 41.9277 dB    U 44.4579 dB    V 45.7541 dB] [ET  1542 ] [L0 0 8 ] [L1 8 16 ]
POC     2 TId: 4 (      STSA, B-SLICE, QP 28)            25104 bits [Y 41.9284 dB    U 44.8140 dB    V 46.0943 dB] [ET  1036 ] [L0 0 4 ] [L1 4 8 ]
POC     1 TId: 5 (      STSA, B-SLICE, QP 29)              256 bits [Y 45.1467 dB    U 46.3576 dB    V 47.8581 dB] [ET   354 ] [L0 0 2 ] [L1 2 4 ]
POC     3 TId: 5 (      STSA, B-SLICE, QP 29)            19016 bits [Y 41.5797 dB    U 44.3359 dB    V 45.5416 dB] [ET  1081 ] [L0 2 0 ] [L1 4 8 ]
POC     6 TId: 4 (      STSA, B-SLICE, QP 28)            31896 bits [Y 41.5975 dB    U 44.2313 dB    V 45.4007 dB] [ET  1287 ] [L0 4 0 ] [L1 8 16 ]
POC     5 TId: 5 (      STSA, B-SLICE, QP 29)            20808 bits [Y 41.2331 dB    U 44.0782 dB    V 45.2418 dB] [ET  1068 ] [L0 4 0 ] [L1 6 8 ]
POC     7 TId: 5 (      STSA, B-SLICE, QP 29)            21544 bits [Y 41.1891 dB    U 44.2638 dB    V 45.2312 dB] [ET   985 ] [L0 6 4 ] [L1 8 16 ]
POC    12 TId: 3 (      STSA, B-SLICE, QP 26, TF 0)      54936 bits [Y 41.4929 dB    U 44.1784 dB    V 45.3253 dB] [ET  1578 ] [L0 8 0 ] [L1 16 8 ]
POC    10 TId: 4 (      STSA, B-SLICE, QP 28)            36360 bits [Y 41.2805 dB    U 44.0810 dB    V 45.0804 dB] [ET  1493 ] [L0 8 0 ] [L1 12 16 ]
POC     9 TId: 5 (      STSA, B-SLICE, QP 29)            20288 bits [Y 41.5034 dB    U 44.2925 dB    V 45.2684 dB] [ET  1011 ] [L0 8 0 ] [L1 10 12 ]
POC    11 TId: 5 (      STSA, B-SLICE, QP 29)            22952 bits [Y 41.2452 dB    U 44.1037 dB    V 44.8919 dB] [ET  1055 ] [L0 10 8 ] [L1 12 16 ]
POC    14 TId: 4 (      STSA, B-SLICE, QP 28)            37000 bits [Y 41.2415 dB    U 43.9295 dB    V 44.7440 dB] [ET  1107 ] [L0 12 8 ] [L1 16 12 ]
POC    13 TId: 5 (      STSA, B-SLICE, QP 29)            22368 bits [Y 41.0684 dB    U 43.8908 dB    V 44.8455 dB] [ET   949 ] [L0 12 8 ] [L1 14 16 ]
POC    15 TId: 5 (      STSA, B-SLICE, QP 29)            21392 bits [Y 41.0878 dB    U 44.1544 dB    V 44.8345 dB] [ET   792 ] [L0 14 12 ] [L1 16 14 ]

	Total Frames |   Bitrate     Y-PSNR    U-PSNR    V-PSNR    YUV-PSNR   
	       17    a    3428.4941   41.9789   44.5367   45.6518   42.6535

 finished @ Thu Apr  6 08:50:47 2023
 Total Time:    18636.828 sec. [user]    18648.848 sec. [elapsed]

Level: 0
Inject Calls: 20711678585
Errors injected by bit:
	Bit 0: 207117
	Bit 1: 207267
	Bit 2: 207367
	Bit 3: 207776
	Bit 4: 207265
	Bit 5: 207140
	Bit 6: 207176
	Bit 7: 206860

Total errors injected: 1657968
