vvencFFapp: Fraunhofer VVC Encoder ver. 1.5.0 [Linux][GCC 11.3.0][64 bit][SIMD=AVX2]
 started @ Tue Apr 25 01:40:53 2023
CODING TOOL CFG: CTU128 QT44BTT21 IBD:1 SAO:1 ALF:1 (NonLinLuma:0 NonLinChr:0) CCALF:1 Tiles:1x1 Slices:1 WPP:0 WPP-Substreams:1 TMVP:1 DQ:1 SDH:0 CST:1 BDOF:1 DMVR:1 MTSImplicit:1 SBT:0 JCbCr:1 CabacInitPresent:1 AMVR:5 SMVD:3 LMCS:2 (Signal:SDR Opt:0) CIIP:0 MIP:1 AFFINE:2 (PROF:1, Type:1) MMVD:3 DisFracMMVD:1 SbTMVP:1 GPM:3 LFNST:1 MTS:0 ISP:3 TS:2 TSLog2MaxSize:4 useChromaTS:0 BDPCM:2 IBC:2 BCW:0 
ENC. ALG. CFG: QPA:0 HAD:1 RDQ:1 RDQTS:1 ASR:1 MinSearchWindow:96 RestrictMESampling:0 EDO:2 MCTF:2 
PRE-ANALYSIS CFG: STA:1 LeadFrames:0 TrailFrames:0 
FAST TOOL CFG: ECU:0 FEN:1 FDM:1 FastSearch:4 (SCC:2) LCTUFast:1 FastMrg:2 PBIntraFast:1 AMaxBT:1 FastQtBtEnc:1 ContentBasedFastQtbt:0 FastMIP:3 FastIntraTools:0 IntraEstDecBit:2 FastLocalDualTree:1 IntegerET:0 FastSubPel:1 QtbttExtraFast:3 FastTTSplit:0 IBCFastMethod:3 FIM:0 ALFSpeed:0 QuantThr: 4 
RATE CONTROL CFG: RateControl:0 LookAhead:0 
PARALLEL PROCESSING CFG: NumThreads:0 MaxParallelFrames:0 WppBitEqual:0 WF:0 

POC     0 TId: 0 (  IDR_N_LP, I-SLICE, QP 34, TF 2)      85368 bits [Y 35.6254 dB    U 39.1515 dB    V 40.0627 dB] [ET   198 ] [L0 ] [L1 ]
POC    16 TId: 1 (      STSA, B-SLICE, QP 40, TF 1)      15832 bits [Y 33.6109 dB    U 38.1203 dB    V 38.1184 dB] [ET   763 ] [L0 0 ] [L1 0 ]
POC     8 TId: 2 (      STSA, B-SLICE, QP 40, TF 0)      10624 bits [Y 33.8341 dB    U 38.2439 dB    V 39.1327 dB] [ET  1080 ] [L0 0 16 ] [L1 16 0 ]
POC     4 TId: 3 (      STSA, B-SLICE, QP 43)             6240 bits [Y 33.5214 dB    U 38.1838 dB    V 38.8060 dB] [ET   973 ] [L0 0 8 ] [L1 8 16 ]
POC     2 TId: 4 (      STSA, B-SLICE, QP 45)             2456 bits [Y 33.7742 dB    U 38.5556 dB    V 39.1113 dB] [ET   516 ] [L0 0 4 ] [L1 4 8 ]
POC     1 TId: 5 (      STSA, B-SLICE, QP 46)              224 bits [Y 35.6217 dB    U 39.1538 dB    V 40.0661 dB] [ET   205 ] [L0 0 2 ] [L1 2 4 ]
POC     3 TId: 5 (      STSA, B-SLICE, QP 46)             1584 bits [Y 33.2036 dB    U 38.1654 dB    V 38.7057 dB] [ET   397 ] [L0 2 0 ] [L1 4 8 ]
POC     6 TId: 4 (      STSA, B-SLICE, QP 45)             3208 bits [Y 32.8789 dB    U 37.9954 dB    V 38.4163 dB] [ET   659 ] [L0 4 0 ] [L1 8 16 ]
POC     5 TId: 5 (      STSA, B-SLICE, QP 46)             1400 bits [Y 32.6805 dB    U 37.9566 dB    V 38.5543 dB] [ET   427 ] [L0 4 0 ] [L1 6 8 ]
POC     7 TId: 5 (      STSA, B-SLICE, QP 46)             1640 bits [Y 32.8001 dB    U 38.0963 dB    V 38.5658 dB] [ET   406 ] [L0 6 4 ] [L1 8 16 ]
POC    12 TId: 3 (      STSA, B-SLICE, QP 43)             6856 bits [Y 32.9478 dB    U 37.8171 dB    V 38.3956 dB] [ET  1201 ] [L0 8 0 ] [L1 16 8 ]
POC    10 TId: 4 (      STSA, B-SLICE, QP 45)             3408 bits [Y 32.7403 dB    U 37.8577 dB    V 38.0278 dB] [ET   743 ] [L0 8 0 ] [L1 12 16 ]
POC     9 TId: 5 (      STSA, B-SLICE, QP 46)             1576 bits [Y 33.1305 dB    U 38.0017 dB    V 38.5681 dB] [ET   486 ] [L0 8 0 ] [L1 10 12 ]
POC    11 TId: 5 (      STSA, B-SLICE, QP 46)             1912 bits [Y 32.7120 dB    U 37.9108 dB    V 38.0744 dB] [ET   421 ] [L0 10 8 ] [L1 12 16 ]
POC    14 TId: 4 (      STSA, B-SLICE, QP 45)             3312 bits [Y 32.5056 dB    U 37.7234 dB    V 37.8915 dB] [ET   558 ] [L0 12 8 ] [L1 16 12 ]
POC    13 TId: 5 (      STSA, B-SLICE, QP 46)             1544 bits [Y 32.5015 dB    U 37.8798 dB    V 38.0623 dB] [ET   421 ] [L0 12 8 ] [L1 14 16 ]
POC    15 TId: 5 (      STSA, B-SLICE, QP 46)             1424 bits [Y 32.7144 dB    U 37.8913 dB    V 37.8026 dB] [ET   329 ] [L0 14 12 ] [L1 16 14 ]

	Total Frames |   Bitrate     Y-PSNR    U-PSNR    V-PSNR    YUV-PSNR   
	       17    a     437.0824   33.3413   38.1591   38.6095   34.3887

 finished @ Tue Apr 25 04:24:10 2023
 Total Time:     9792.455 sec. [user]     9796.581 sec. [elapsed]

Level: 0
Inject Calls: 11158881349
Errors injected by bit:
	Bit 0: 11152582
	Bit 1: 11160202
	Bit 2: 11160084
	Bit 3: 11163326
	Bit 4: 11157339
	Bit 5: 11157810
	Bit 6: 11165384
	Bit 7: 11156925

Total errors injected: 89273652
