
vvencFFapp: Encoder Version 1.0.0 [Linux][GCC 9.4.0][64 bit][SIMD=AVX2]
 started @ Fri Jul  8 08:59:45 2022
CODING TOOL CFG: CTU128 QT44BTT21 IBD:1 CIP:0 SAO:1 ALF:1 (NonLinLuma:0 NonLinChr:0) CCALF:1 WPP:0 WPP-Substreams:1 TMVP:1 DQ:1 (Thr: 4) SDH:0 CST:1 BDOF:1 DMVR:1 MTSImplicit:1 SBT:0 JCbCr:1 CabacInitPresent:1 AMVR:5 SMVD:3 LMCS:1 (Signal:SDR Opt:0) CIIP:0 MIP:1 AFFINE:2 (PROF:1, Type:1) MMVD:3 DisFracMMVD:1 SbTMVP:1 GPM:3 LFNST:1 MTS:0 ISP:3 TS:2 TSLog2MaxSize:3 useChromaTS:0 BDPCM:2 IBC:2 
ENC. ALG. CFG: QPA:0 HAD:1 RDQ:1 RDQTS:1 ASR:1 MinSearchWindow:96 RestrictMESampling:0 EDO:2 MCTF:2 [L:0, T:0] 
FAST TOOL CFG: ECU:0 FEN:1 FDM:1 ESD:0 FastSearch:4 LCTUFast:1 FastMrg:2 PBIntraFast:1 AMaxBT:1 FastQtBtEnc:1 ContentBasedFastQtbt:1 FastMIP:4 FastIntraTools:1 FastLocalDualTree:1 FastSubPel:1 QtbttExtraFast:2 IBCFastMethod:3 
RATE CONTROL CFG: RateControl:0 
PARALLEL PROCESSING CFG: NumThreads:0 MaxParallelFrames:0 WppBitEqual:0 WF:0

512 256 800 544 144 144
POC    0 TId: 0 (  IDR_N_LP, I-SLICE, QP 19 )     218376 bits [Y 43.7095 dB    U 44.9341 dB    V 45.4033 dB] [ET   457 ] [L0 ] [L1 ]
POC    8 TId: 2 (      STSA, B-SLICE, QP 23 )     112088 bits [Y 41.8395 dB    U 42.5785 dB    V 42.9445 dB] [ET   934 ] [L0 0 ] [L1 0 ]
POC    4 TId: 3 (      STSA, B-SLICE, QP 26 )      53344 bits [Y 39.9239 dB    U 41.7685 dB    V 42.1249 dB] [ET  1374 ] [L0 0 8 ] [L1 8 0 ]
POC    2 TId: 4 (      STSA, B-SLICE, QP 28 )      30512 bits [Y 38.8949 dB    U 41.8348 dB    V 42.1233 dB] [ET  1671 ] [L0 0 4 ] [L1 4 8 ]
POC    1 TId: 5 (      STSA, B-SLICE, QP 29 )      17504 bits [Y 38.8475 dB    U 42.1705 dB    V 42.9092 dB] [ET  1272 ] [L0 0 2 ] [L1 2 4 ]
POC    3 TId: 5 (      STSA, B-SLICE, QP 29 )      16600 bits [Y 38.3506 dB    U 41.4096 dB    V 41.7237 dB] [ET  1418 ] [L0 2 0 ] [L1 4 8 ]
POC    6 TId: 4 (      STSA, B-SLICE, QP 28 )      29584 bits [Y 38.7820 dB    U 41.1691 dB    V 41.6298 dB] [ET  1560 ] [L0 4 0 ] [L1 8 4 ]
POC    5 TId: 5 (      STSA, B-SLICE, QP 29 )      16056 bits [Y 38.2930 dB    U 40.9643 dB    V 41.6500 dB] [ET  1432 ] [L0 4 0 ] [L1 6 8 ]
POC    7 TId: 5 (      STSA, B-SLICE, QP 29 )      15936 bits [Y 38.3557 dB    U 41.1728 dB    V 41.6198 dB] [ET  1183 ] [L0 6 4 ] [L1 8 6 ]
POC    9 TId: 5 (      STSA, B-SLICE, QP 29 )      24672 bits [Y 38.2242 dB    U 40.7575 dB    V 41.1593 dB] [ET  1139 ] [L0 8 0 ] [L1 8 0 ]

	Total Frames |   Bitrate     Y-PSNR    U-PSNR    V-PSNR    YUV-PSNR   
	       10    a    1604.0160   39.5221   41.8760   42.3288   39.9696

 finished @ Fri Jul  8 12:27:15 2022
 Total Time:    12424.770 sec. [user]    12450.261 sec. [elapsed]

Level: 0
Inject Calls: 2443760277
Errors injected by bit:
	Bit 0: 2446219
	Bit 1: 2444501
	Bit 2: 2445895
	Bit 3: 2447942
	Bit 4: 2443828
	Bit 5: 2445700
	Bit 6: 2444048
	Bit 7: 2443504

Total errors injected: 19561637
