
vvencFFapp: Encoder Version 1.0.0 [Linux][GCC 9.4.0][64 bit][SIMD=AVX2]
 started @ Fri Jul  8 20:30:00 2022
CODING TOOL CFG: CTU128 QT44BTT21 IBD:1 CIP:0 SAO:1 ALF:1 (NonLinLuma:0 NonLinChr:0) CCALF:1 WPP:0 WPP-Substreams:1 TMVP:1 DQ:1 (Thr: 4) SDH:0 CST:1 BDOF:1 DMVR:1 MTSImplicit:1 SBT:0 JCbCr:1 CabacInitPresent:1 AMVR:5 SMVD:3 LMCS:1 (Signal:SDR Opt:0) CIIP:0 MIP:1 AFFINE:2 (PROF:1, Type:1) MMVD:3 DisFracMMVD:1 SbTMVP:1 GPM:3 LFNST:1 MTS:0 ISP:3 TS:2 TSLog2MaxSize:3 useChromaTS:0 BDPCM:2 IBC:2 
ENC. ALG. CFG: QPA:0 HAD:1 RDQ:1 RDQTS:1 ASR:1 MinSearchWindow:96 RestrictMESampling:0 EDO:2 MCTF:2 [L:0, T:0] 
FAST TOOL CFG: ECU:0 FEN:1 FDM:1 ESD:0 FastSearch:4 LCTUFast:1 FastMrg:2 PBIntraFast:1 AMaxBT:1 FastQtBtEnc:1 ContentBasedFastQtbt:1 FastMIP:4 FastIntraTools:1 FastLocalDualTree:1 FastSubPel:1 QtbttExtraFast:2 IBCFastMethod:3 
RATE CONTROL CFG: RateControl:0 
PARALLEL PROCESSING CFG: NumThreads:0 MaxParallelFrames:0 WppBitEqual:0 WF:0

512 256 800 544 144 144
POC    0 TId: 0 (  IDR_N_LP, I-SLICE, QP 24 )     143272 bits [Y 40.3303 dB    U 41.9221 dB    V 42.6348 dB] [ET   554 ] [L0 ] [L1 ]
POC    8 TId: 2 (      STSA, B-SLICE, QP 29 )      58832 bits [Y 37.3238 dB    U 39.1684 dB    V 39.5865 dB] [ET   978 ] [L0 0 ] [L1 0 ]
POC    4 TId: 3 (      STSA, B-SLICE, QP 32 )      25584 bits [Y 35.9448 dB    U 38.8560 dB    V 39.3260 dB] [ET  1435 ] [L0 0 8 ] [L1 8 0 ]
POC    2 TId: 4 (      STSA, B-SLICE, QP 34 )      13400 bits [Y 35.2571 dB    U 39.3506 dB    V 39.9221 dB] [ET  1427 ] [L0 0 4 ] [L1 4 8 ]
POC    1 TId: 5 (      STSA, B-SLICE, QP 36 )       5792 bits [Y 35.0250 dB    U 39.8068 dB    V 40.5458 dB] [ET   971 ] [L0 0 2 ] [L1 2 4 ]
POC    3 TId: 5 (      STSA, B-SLICE, QP 36 )       5920 bits [Y 34.4786 dB    U 38.8939 dB    V 39.3767 dB] [ET  1007 ] [L0 2 0 ] [L1 4 8 ]
POC    6 TId: 4 (      STSA, B-SLICE, QP 34 )      13344 bits [Y 34.9501 dB    U 38.4138 dB    V 38.7830 dB] [ET  1320 ] [L0 4 0 ] [L1 8 4 ]
POC    5 TId: 5 (      STSA, B-SLICE, QP 36 )       5536 bits [Y 34.4207 dB    U 38.5049 dB    V 38.9049 dB] [ET  1139 ] [L0 4 0 ] [L1 6 8 ]
POC    7 TId: 5 (      STSA, B-SLICE, QP 36 )       5368 bits [Y 34.4034 dB    U 38.5016 dB    V 39.1350 dB] [ET   794 ] [L0 6 4 ] [L1 8 6 ]
POC    9 TId: 5 (      STSA, B-SLICE, QP 36 )       9152 bits [Y 34.0507 dB    U 38.0660 dB    V 38.0091 dB] [ET   705 ] [L0 8 0 ] [L1 8 0 ]

	Total Frames |   Bitrate     Y-PSNR    U-PSNR    V-PSNR    YUV-PSNR   
	       10    a     858.6000   35.6185   39.1484   39.6224   36.2798

 finished @ Fri Jul  8 23:22:22 2022
 Total Time:    10316.060 sec. [user]    10342.599 sec. [elapsed]

Level: 0
Inject Calls: 1997310717
Errors injected by bit:
	Bit 0: 200321
	Bit 1: 199619
	Bit 2: 199179
	Bit 3: 199539
	Bit 4: 199678
	Bit 5: 200667
	Bit 6: 199732
	Bit 7: 199242

Total errors injected: 1597977
