
vvencFFapp: Encoder Version 1.0.0 [Linux][GCC 9.4.0][64 bit][SIMD=AVX2]
 started @ Fri Jul  8 09:24:46 2022
CODING TOOL CFG: CTU128 QT44BTT21 IBD:1 CIP:0 SAO:1 ALF:1 (NonLinLuma:0 NonLinChr:0) CCALF:1 WPP:0 WPP-Substreams:1 TMVP:1 DQ:1 (Thr: 4) SDH:0 CST:1 BDOF:1 DMVR:1 MTSImplicit:1 SBT:0 JCbCr:1 CabacInitPresent:1 AMVR:5 SMVD:3 LMCS:1 (Signal:SDR Opt:0) CIIP:0 MIP:1 AFFINE:2 (PROF:1, Type:1) MMVD:3 DisFracMMVD:1 SbTMVP:1 GPM:3 LFNST:1 MTS:0 ISP:3 TS:2 TSLog2MaxSize:3 useChromaTS:0 BDPCM:2 IBC:2 
ENC. ALG. CFG: QPA:0 HAD:1 RDQ:1 RDQTS:1 ASR:1 MinSearchWindow:96 RestrictMESampling:0 EDO:2 MCTF:2 [L:0, T:0] 
FAST TOOL CFG: ECU:0 FEN:1 FDM:1 ESD:0 FastSearch:4 LCTUFast:1 FastMrg:2 PBIntraFast:1 AMaxBT:1 FastQtBtEnc:1 ContentBasedFastQtbt:1 FastMIP:4 FastIntraTools:1 FastLocalDualTree:1 FastSubPel:1 QtbttExtraFast:2 IBCFastMethod:3 
RATE CONTROL CFG: RateControl:0 
PARALLEL PROCESSING CFG: NumThreads:0 MaxParallelFrames:0 WppBitEqual:0 WF:0

512 256 800 544 144 144
POC    0 TId: 0 (  IDR_N_LP, I-SLICE, QP 19 )     218376 bits [Y 43.7095 dB    U 44.9341 dB    V 45.4033 dB] [ET   569 ] [L0 ] [L1 ]
POC    8 TId: 2 (      STSA, B-SLICE, QP 23 )     110744 bits [Y 41.8081 dB    U 42.5264 dB    V 43.0010 dB] [ET  1092 ] [L0 0 ] [L1 0 ]
POC    4 TId: 3 (      STSA, B-SLICE, QP 26 )      53984 bits [Y 39.9562 dB    U 41.8433 dB    V 42.2400 dB] [ET  1585 ] [L0 0 8 ] [L1 8 0 ]
POC    2 TId: 4 (      STSA, B-SLICE, QP 28 )      31144 bits [Y 38.9493 dB    U 41.7895 dB    V 42.2783 dB] [ET  1733 ] [L0 0 4 ] [L1 4 8 ]
POC    1 TId: 5 (      STSA, B-SLICE, QP 29 )      17680 bits [Y 38.8304 dB    U 42.3042 dB    V 42.9208 dB] [ET  1217 ] [L0 0 2 ] [L1 2 4 ]
POC    3 TId: 5 (      STSA, B-SLICE, QP 29 )      16560 bits [Y 38.3680 dB    U 41.3237 dB    V 41.7589 dB] [ET  1442 ] [L0 2 0 ] [L1 4 8 ]
POC    6 TId: 4 (      STSA, B-SLICE, QP 28 )      30040 bits [Y 38.8642 dB    U 41.1924 dB    V 41.6914 dB] [ET  1597 ] [L0 4 0 ] [L1 8 4 ]
POC    5 TId: 5 (      STSA, B-SLICE, QP 29 )      15864 bits [Y 38.3350 dB    U 41.0458 dB    V 41.6725 dB] [ET  1386 ] [L0 4 0 ] [L1 6 8 ]
POC    7 TId: 5 (      STSA, B-SLICE, QP 29 )      16112 bits [Y 38.3878 dB    U 41.1668 dB    V 41.7383 dB] [ET  1069 ] [L0 6 4 ] [L1 8 6 ]
POC    9 TId: 5 (      STSA, B-SLICE, QP 29 )      25064 bits [Y 38.1929 dB    U 40.8328 dB    V 41.2067 dB] [ET  1119 ] [L0 8 0 ] [L1 8 0 ]

	Total Frames |   Bitrate     Y-PSNR    U-PSNR    V-PSNR    YUV-PSNR   
	       10    a    1606.7040   39.5401   41.8959   42.3911   39.9955

 finished @ Fri Jul  8 12:58:28 2022
 Total Time:    12793.401 sec. [user]    12821.495 sec. [elapsed]

Level: 0
Inject Calls: 2424964354
Errors injected by bit:
	Bit 0: 2426039
	Bit 1: 2424629
	Bit 2: 2424249
	Bit 3: 2425588
	Bit 4: 2423578
	Bit 5: 2425808
	Bit 6: 2426045
	Bit 7: 2425804

Total errors injected: 19401740
