
vvencFFapp: Encoder Version 1.0.0 [Linux][GCC 9.4.0][64 bit][SIMD=AVX2]
 started @ Mon Jul 11 13:28:58 2022
CODING TOOL CFG: CTU128 QT44BTT21 IBD:1 CIP:0 SAO:1 ALF:1 (NonLinLuma:0 NonLinChr:0) CCALF:1 WPP:0 WPP-Substreams:1 TMVP:1 DQ:1 (Thr: 4) SDH:0 CST:1 BDOF:1 DMVR:1 MTSImplicit:1 SBT:0 JCbCr:1 CabacInitPresent:1 AMVR:5 SMVD:3 LMCS:1 (Signal:SDR Opt:0) CIIP:0 MIP:1 AFFINE:2 (PROF:1, Type:1) MMVD:3 DisFracMMVD:1 SbTMVP:1 GPM:3 LFNST:1 MTS:0 ISP:3 TS:2 TSLog2MaxSize:3 useChromaTS:0 BDPCM:2 IBC:2 
ENC. ALG. CFG: QPA:0 HAD:1 RDQ:1 RDQTS:1 ASR:1 MinSearchWindow:96 RestrictMESampling:0 EDO:2 MCTF:2 [L:0, T:0] 
FAST TOOL CFG: ECU:0 FEN:1 FDM:1 ESD:0 FastSearch:4 LCTUFast:1 FastMrg:2 PBIntraFast:1 AMaxBT:1 FastQtBtEnc:1 ContentBasedFastQtbt:1 FastMIP:4 FastIntraTools:1 FastLocalDualTree:1 FastSubPel:1 QtbttExtraFast:2 IBCFastMethod:3 
RATE CONTROL CFG: RateControl:0 
PARALLEL PROCESSING CFG: NumThreads:0 MaxParallelFrames:0 WppBitEqual:0 WF:0

512 256 800 544 144 144
POC    0 TId: 0 (  IDR_N_LP, I-SLICE, QP 34 )      49816 bits [Y 33.3501 dB    U 36.7628 dB    V 37.0041 dB] [ET   390 ] [L0 ] [L1 ]
POC    8 TId: 2 (      STSA, B-SLICE, QP 40 )      14176 bits [Y 29.8587 dB    U 35.0453 dB    V 34.9170 dB] [ET   696 ] [L0 0 ] [L1 0 ]
POC    4 TId: 3 (      STSA, B-SLICE, QP 43 )       6032 bits [Y 29.2578 dB    U 35.2112 dB    V 35.3993 dB] [ET   960 ] [L0 0 8 ] [L1 8 0 ]
POC    2 TId: 4 (      STSA, B-SLICE, QP 45 )       2720 bits [Y 29.0899 dB    U 35.2814 dB    V 35.5827 dB] [ET   875 ] [L0 0 4 ] [L1 4 8 ]
POC    1 TId: 5 (      STSA, B-SLICE, QP 46 )       1184 bits [Y 29.6213 dB    U 35.6836 dB    V 36.0276 dB] [ET   510 ] [L0 0 2 ] [L1 2 4 ]
POC    3 TId: 5 (      STSA, B-SLICE, QP 46 )       1240 bits [Y 28.6904 dB    U 34.9970 dB    V 35.4031 dB] [ET   711 ] [L0 2 0 ] [L1 4 8 ]
POC    6 TId: 4 (      STSA, B-SLICE, QP 45 )       2704 bits [Y 28.4918 dB    U 34.8901 dB    V 34.7214 dB] [ET   952 ] [L0 4 0 ] [L1 8 4 ]
POC    5 TId: 5 (      STSA, B-SLICE, QP 46 )       1160 bits [Y 28.5335 dB    U 35.0509 dB    V 35.0791 dB] [ET   645 ] [L0 4 0 ] [L1 6 8 ]
POC    7 TId: 5 (      STSA, B-SLICE, QP 46 )       1000 bits [Y 28.5810 dB    U 34.8040 dB    V 34.7643 dB] [ET   478 ] [L0 6 4 ] [L1 8 6 ]
POC    9 TId: 5 (      STSA, B-SLICE, QP 46 )       2032 bits [Y 28.2499 dB    U 34.5686 dB    V 34.1236 dB] [ET   534 ] [L0 8 0 ] [L1 8 0 ]

	Total Frames |   Bitrate     Y-PSNR    U-PSNR    V-PSNR    YUV-PSNR   
	       10    a     246.1920   29.3724   35.2295   35.3022   30.4377

 finished @ Mon Jul 11 15:21:41 2022
 Total Time:     6735.421 sec. [user]     6762.473 sec. [elapsed]

Level: 0
Inject Calls: 1318996708
Errors injected by bit:
	Bit 0: 132223
	Bit 1: 131737
	Bit 2: 131512
	Bit 3: 132012
	Bit 4: 132661
	Bit 5: 132332
	Bit 6: 131527
	Bit 7: 131601

Total errors injected: 1055605
