
vvencFFapp: Encoder Version 1.0.0 [Linux][GCC 9.4.0][64 bit][SIMD=AVX2]
 started @ Wed Jul 13 19:19:19 2022
CODING TOOL CFG: CTU128 QT44BTT21 IBD:1 CIP:0 SAO:1 ALF:1 (NonLinLuma:0 NonLinChr:0) CCALF:1 WPP:0 WPP-Substreams:1 TMVP:1 DQ:1 (Thr: 4) SDH:0 CST:1 BDOF:1 DMVR:1 MTSImplicit:1 SBT:0 JCbCr:1 CabacInitPresent:1 AMVR:5 SMVD:3 LMCS:1 (Signal:SDR Opt:0) CIIP:0 MIP:1 AFFINE:2 (PROF:1, Type:1) MMVD:3 DisFracMMVD:1 SbTMVP:1 GPM:3 LFNST:1 MTS:0 ISP:3 TS:2 TSLog2MaxSize:3 useChromaTS:0 BDPCM:2 IBC:2 
ENC. ALG. CFG: QPA:0 HAD:1 RDQ:1 RDQTS:1 ASR:1 MinSearchWindow:96 RestrictMESampling:0 EDO:2 MCTF:2 [L:0, T:0] 
FAST TOOL CFG: ECU:0 FEN:1 FDM:1 ESD:0 FastSearch:4 LCTUFast:1 FastMrg:2 PBIntraFast:1 AMaxBT:1 FastQtBtEnc:1 ContentBasedFastQtbt:1 FastMIP:4 FastIntraTools:1 FastLocalDualTree:1 FastSubPel:1 QtbttExtraFast:2 IBCFastMethod:3 
RATE CONTROL CFG: RateControl:0 
PARALLEL PROCESSING CFG: NumThreads:0 MaxParallelFrames:0 WppBitEqual:0 WF:0

512 256 800 544 144 144
POC    0 TId: 0 (  IDR_N_LP, I-SLICE, QP 24 )     143272 bits [Y 40.3303 dB    U 41.9221 dB    V 42.6348 dB] [ET   445 ] [L0 ] [L1 ]
POC    8 TId: 2 (      STSA, B-SLICE, QP 29 )      58680 bits [Y 37.3274 dB    U 39.2762 dB    V 39.6246 dB] [ET  1045 ] [L0 0 ] [L1 0 ]
POC    4 TId: 3 (      STSA, B-SLICE, QP 32 )      25280 bits [Y 35.8796 dB    U 38.9248 dB    V 39.4556 dB] [ET  1575 ] [L0 0 8 ] [L1 8 0 ]
POC    2 TId: 4 (      STSA, B-SLICE, QP 34 )      13720 bits [Y 35.3083 dB    U 39.3433 dB    V 39.9893 dB] [ET  1560 ] [L0 0 4 ] [L1 4 8 ]
POC    1 TId: 5 (      STSA, B-SLICE, QP 36 )       6016 bits [Y 35.0222 dB    U 39.8414 dB    V 40.5862 dB] [ET   803 ] [L0 0 2 ] [L1 2 4 ]
POC    3 TId: 5 (      STSA, B-SLICE, QP 36 )       5968 bits [Y 34.4334 dB    U 38.7480 dB    V 39.4016 dB] [ET   991 ] [L0 2 0 ] [L1 4 8 ]
POC    6 TId: 4 (      STSA, B-SLICE, QP 34 )      13352 bits [Y 34.9555 dB    U 38.4955 dB    V 39.0893 dB] [ET  1448 ] [L0 4 0 ] [L1 8 4 ]
POC    5 TId: 5 (      STSA, B-SLICE, QP 36 )       5432 bits [Y 34.4262 dB    U 38.4637 dB    V 39.0544 dB] [ET   902 ] [L0 4 0 ] [L1 6 8 ]
POC    7 TId: 5 (      STSA, B-SLICE, QP 36 )       5416 bits [Y 34.4501 dB    U 38.6245 dB    V 39.1152 dB] [ET   727 ] [L0 6 4 ] [L1 8 6 ]
POC    9 TId: 5 (      STSA, B-SLICE, QP 36 )       9336 bits [Y 34.0550 dB    U 38.1184 dB    V 38.1051 dB] [ET   854 ] [L0 8 0 ] [L1 8 0 ]

	Total Frames |   Bitrate     Y-PSNR    U-PSNR    V-PSNR    YUV-PSNR   
	       10    a     859.4160   35.6188   39.1758   39.7056   36.2909

 finished @ Wed Jul 13 22:11:58 2022
 Total Time:    10327.310 sec. [user]    10359.130 sec. [elapsed]

Level: 0
Inject Calls: 2047350968
Errors injected by bit:
	Bit 0: 2045448
	Bit 1: 2048704
	Bit 2: 2048805
	Bit 3: 2047017
	Bit 4: 2045348
	Bit 5: 2044143
	Bit 6: 2048474
	Bit 7: 2045486

Total errors injected: 16373425
