
vvencFFapp: Encoder Version 1.0.0 [Linux][GCC 9.4.0][64 bit][SIMD=AVX2]
 started @ Wed Jul  6 09:13:11 2022
CODING TOOL CFG: CTU128 QT44BTT21 IBD:1 CIP:0 SAO:1 ALF:1 (NonLinLuma:0 NonLinChr:0) CCALF:1 WPP:0 WPP-Substreams:1 TMVP:1 DQ:1 (Thr: 4) SDH:0 CST:1 BDOF:1 DMVR:1 MTSImplicit:1 SBT:0 JCbCr:1 CabacInitPresent:1 AMVR:5 SMVD:3 LMCS:1 (Signal:SDR Opt:0) CIIP:0 MIP:1 AFFINE:2 (PROF:1, Type:1) MMVD:3 DisFracMMVD:1 SbTMVP:1 GPM:3 LFNST:1 MTS:0 ISP:3 TS:2 TSLog2MaxSize:3 useChromaTS:0 BDPCM:2 IBC:2 
ENC. ALG. CFG: QPA:0 HAD:1 RDQ:1 RDQTS:1 ASR:1 MinSearchWindow:96 RestrictMESampling:0 EDO:2 MCTF:2 [L:0, T:0] 
FAST TOOL CFG: ECU:0 FEN:1 FDM:1 ESD:0 FastSearch:4 LCTUFast:1 FastMrg:2 PBIntraFast:1 AMaxBT:1 FastQtBtEnc:1 ContentBasedFastQtbt:1 FastMIP:4 FastIntraTools:1 FastLocalDualTree:1 FastSubPel:1 QtbttExtraFast:2 IBCFastMethod:3 
RATE CONTROL CFG: RateControl:0 
PARALLEL PROCESSING CFG: NumThreads:0 MaxParallelFrames:0 WppBitEqual:0 WF:0

POC    0 TId: 0 (  IDR_N_LP, I-SLICE, QP 19 )     222912 bits [Y 37.0966 dB    U 44.9267 dB    V 45.3489 dB] [ET  4008 ] [L0 ] [L1 ]
POC    8 TId: 2 (      STSA, B-SLICE, QP 23 )     116232 bits [Y 41.7716 dB    U 42.4017 dB    V 42.9041 dB] [ET  1663 ] [L0 0 ] [L1 0 ]
POC    4 TId: 3 (      STSA, B-SLICE, QP 26 )      56024 bits [Y 39.4977 dB    U 41.6310 dB    V 42.0688 dB] [ET  1052 ] [L0 0 8 ] [L1 8 0 ]
POC    2 TId: 4 (      STSA, B-SLICE, QP 28 )      30592 bits [Y 38.1929 dB    U 41.7023 dB    V 42.0985 dB] [ET   678 ] [L0 0 4 ] [L1 4 8 ]
POC    1 TId: 5 (      STSA, B-SLICE, QP 29 )      16904 bits [Y 37.3602 dB    U 42.0135 dB    V 42.4495 dB] [ET   391 ] [L0 0 2 ] [L1 2 4 ]
POC    3 TId: 5 (      STSA, B-SLICE, QP 29 )      16800 bits [Y 37.7687 dB    U 41.2072 dB    V 41.5406 dB] [ET   324 ] [L0 2 0 ] [L1 4 8 ]
POC    6 TId: 4 (      STSA, B-SLICE, QP 28 )      30216 bits [Y 38.4310 dB    U 41.0187 dB    V 41.5094 dB] [ET   622 ] [L0 4 0 ] [L1 8 4 ]
POC    5 TId: 5 (      STSA, B-SLICE, QP 29 )      15160 bits [Y 37.3823 dB    U 40.8432 dB    V 41.4564 dB] [ET   384 ] [L0 4 0 ] [L1 6 8 ]
POC    7 TId: 5 (      STSA, B-SLICE, QP 29 )      14568 bits [Y 36.8269 dB    U 40.9960 dB    V 41.4976 dB] [ET   388 ] [L0 6 4 ] [L1 8 6 ]
POC    9 TId: 5 (      STSA, B-SLICE, QP 29 )      24816 bits [Y 37.5527 dB    U 40.6626 dB    V 41.0841 dB] [ET   558 ] [L0 8 0 ] [L1 8 0 ]

	Total Frames |   Bitrate     Y-PSNR    U-PSNR    V-PSNR    YUV-PSNR   
	       10    a    1632.6720   38.1881   41.7403   42.1958   38.9410

 finished @ Wed Jul  6 12:01:12 2022
 Total Time:    10005.184 sec. [user]    10080.741 sec. [elapsed]

Level: 0
Inject Calls: 1844383904
Errors injected by bit:
	Bit 0: 184008
	Bit 1: 184685
	Bit 2: 184807
	Bit 3: 184527
	Bit 4: 184527
	Bit 5: 183951
	Bit 6: 184312
	Bit 7: 185333

Total errors injected: 1476150
