
vvencFFapp: Encoder Version 1.0.0 [Linux][GCC 9.4.0][64 bit][SIMD=AVX2]
 started @ Thu Jul  7 08:53:40 2022
CODING TOOL CFG: CTU128 QT44BTT21 IBD:1 CIP:0 SAO:1 ALF:1 (NonLinLuma:0 NonLinChr:0) CCALF:1 WPP:0 WPP-Substreams:1 TMVP:1 DQ:1 (Thr: 4) SDH:0 CST:1 BDOF:1 DMVR:1 MTSImplicit:1 SBT:0 JCbCr:1 CabacInitPresent:1 AMVR:5 SMVD:3 LMCS:1 (Signal:SDR Opt:0) CIIP:0 MIP:1 AFFINE:2 (PROF:1, Type:1) MMVD:3 DisFracMMVD:1 SbTMVP:1 GPM:3 LFNST:1 MTS:0 ISP:3 TS:2 TSLog2MaxSize:3 useChromaTS:0 BDPCM:2 IBC:2 
ENC. ALG. CFG: QPA:0 HAD:1 RDQ:1 RDQTS:1 ASR:1 MinSearchWindow:96 RestrictMESampling:0 EDO:2 MCTF:2 [L:0, T:0] 
FAST TOOL CFG: ECU:0 FEN:1 FDM:1 ESD:0 FastSearch:4 LCTUFast:1 FastMrg:2 PBIntraFast:1 AMaxBT:1 FastQtBtEnc:1 ContentBasedFastQtbt:1 FastMIP:4 FastIntraTools:1 FastLocalDualTree:1 FastSubPel:1 QtbttExtraFast:2 IBCFastMethod:3 
RATE CONTROL CFG: RateControl:0 
PARALLEL PROCESSING CFG: NumThreads:0 MaxParallelFrames:0 WppBitEqual:0 WF:0

POC    0 TId: 0 (  IDR_N_LP, I-SLICE, QP 29 )      88632 bits [Y 36.8973 dB    U 39.2456 dB    V 39.9435 dB] [ET  3436 ] [L0 ] [L1 ]
POC    8 TId: 2 (      STSA, B-SLICE, QP 35 )      27440 bits [Y 32.9322 dB    U 36.2378 dB    V 36.2814 dB] [ET  1298 ] [L0 0 ] [L1 0 ]
POC    4 TId: 3 (      STSA, B-SLICE, QP 38 )      11800 bits [Y 32.2199 dB    U 36.8209 dB    V 37.1432 dB] [ET   685 ] [L0 0 8 ] [L1 8 0 ]
POC    2 TId: 4 (      STSA, B-SLICE, QP 40 )       5616 bits [Y 31.6886 dB    U 37.4075 dB    V 37.9429 dB] [ET   391 ] [L0 0 4 ] [L1 4 8 ]
POC    1 TId: 5 (      STSA, B-SLICE, QP 41 )       2600 bits [Y 32.0787 dB    U 37.7922 dB    V 38.4851 dB] [ET   163 ] [L0 0 2 ] [L1 2 4 ]
POC    3 TId: 5 (      STSA, B-SLICE, QP 41 )       2648 bits [Y 31.2679 dB    U 36.7905 dB    V 37.2312 dB] [ET   193 ] [L0 2 0 ] [L1 4 8 ]
POC    6 TId: 4 (      STSA, B-SLICE, QP 40 )       5872 bits [Y 31.1953 dB    U 36.3810 dB    V 36.6618 dB] [ET   382 ] [L0 4 0 ] [L1 8 4 ]
POC    5 TId: 5 (      STSA, B-SLICE, QP 41 )       2312 bits [Y 31.0724 dB    U 36.5165 dB    V 36.9318 dB] [ET   166 ] [L0 4 0 ] [L1 6 8 ]
POC    7 TId: 5 (      STSA, B-SLICE, QP 41 )       2112 bits [Y 31.1443 dB    U 36.0552 dB    V 36.4324 dB] [ET   155 ] [L0 6 4 ] [L1 8 6 ]
POC    9 TId: 5 (      STSA, B-SLICE, QP 41 )       4288 bits [Y 30.7337 dB    U 35.7256 dB    V 35.6695 dB] [ET   340 ] [L0 8 0 ] [L1 8 0 ]

	Total Frames |   Bitrate     Y-PSNR    U-PSNR    V-PSNR    YUV-PSNR   
	       10    a     459.9600   32.1230   36.8973   37.2723   32.9998

 finished @ Thu Jul  7 10:54:02 2022
 Total Time:     7147.483 sec. [user]     7222.336 sec. [elapsed]

Level: 0
Inject Calls: 1405911304
Errors injected by bit:
	Bit 0: 133
	Bit 1: 136
	Bit 2: 123
	Bit 3: 126
	Bit 4: 121
	Bit 5: 144
	Bit 6: 121
	Bit 7: 162

Total errors injected: 1066
