
vvencFFapp: Encoder Version 1.0.0 [Linux][GCC 9.4.0][64 bit][SIMD=AVX2]
 started @ Thu Jul  7 14:03:46 2022
CODING TOOL CFG: CTU128 QT44BTT21 IBD:1 CIP:0 SAO:1 ALF:1 (NonLinLuma:0 NonLinChr:0) CCALF:1 WPP:0 WPP-Substreams:1 TMVP:1 DQ:1 (Thr: 4) SDH:0 CST:1 BDOF:1 DMVR:1 MTSImplicit:1 SBT:0 JCbCr:1 CabacInitPresent:1 AMVR:5 SMVD:3 LMCS:1 (Signal:SDR Opt:0) CIIP:0 MIP:1 AFFINE:2 (PROF:1, Type:1) MMVD:3 DisFracMMVD:1 SbTMVP:1 GPM:3 LFNST:1 MTS:0 ISP:3 TS:2 TSLog2MaxSize:3 useChromaTS:0 BDPCM:2 IBC:2 
ENC. ALG. CFG: QPA:0 HAD:1 RDQ:1 RDQTS:1 ASR:1 MinSearchWindow:96 RestrictMESampling:0 EDO:2 MCTF:2 [L:0, T:0] 
FAST TOOL CFG: ECU:0 FEN:1 FDM:1 ESD:0 FastSearch:4 LCTUFast:1 FastMrg:2 PBIntraFast:1 AMaxBT:1 FastQtBtEnc:1 ContentBasedFastQtbt:1 FastMIP:4 FastIntraTools:1 FastLocalDualTree:1 FastSubPel:1 QtbttExtraFast:2 IBCFastMethod:3 
RATE CONTROL CFG: RateControl:0 
PARALLEL PROCESSING CFG: NumThreads:0 MaxParallelFrames:0 WppBitEqual:0 WF:0

POC    0 TId: 0 (  IDR_N_LP, I-SLICE, QP 34 )      50376 bits [Y 33.4517 dB    U 36.7743 dB    V 37.0759 dB] [ET  3081 ] [L0 ] [L1 ]
POC    8 TId: 2 (      STSA, B-SLICE, QP 40 )      14216 bits [Y 29.8806 dB    U 34.9232 dB    V 34.9398 dB] [ET   953 ] [L0 0 ] [L1 0 ]
POC    4 TId: 3 (      STSA, B-SLICE, QP 43 )       5752 bits [Y 29.2850 dB    U 35.3166 dB    V 35.4282 dB] [ET   481 ] [L0 0 8 ] [L1 8 0 ]
POC    2 TId: 4 (      STSA, B-SLICE, QP 45 )       2656 bits [Y 28.9807 dB    U 35.4894 dB    V 35.7925 dB] [ET   245 ] [L0 0 4 ] [L1 4 8 ]
POC    1 TId: 5 (      STSA, B-SLICE, QP 46 )       1264 bits [Y 29.4985 dB    U 35.9019 dB    V 36.2108 dB] [ET   112 ] [L0 0 2 ] [L1 2 4 ]
POC    3 TId: 5 (      STSA, B-SLICE, QP 46 )       1272 bits [Y 28.7497 dB    U 35.2596 dB    V 35.4944 dB] [ET    91 ] [L0 2 0 ] [L1 4 8 ]
POC    6 TId: 4 (      STSA, B-SLICE, QP 45 )       2648 bits [Y 28.4055 dB    U 34.9159 dB    V 34.9637 dB] [ET   273 ] [L0 4 0 ] [L1 8 4 ]
POC    5 TId: 5 (      STSA, B-SLICE, QP 46 )       1016 bits [Y 28.3956 dB    U 34.9860 dB    V 35.1447 dB] [ET    88 ] [L0 4 0 ] [L1 6 8 ]
POC    7 TId: 5 (      STSA, B-SLICE, QP 46 )        984 bits [Y 28.5136 dB    U 34.7576 dB    V 34.8102 dB] [ET    91 ] [L0 6 4 ] [L1 8 6 ]
POC    9 TId: 5 (      STSA, B-SLICE, QP 46 )       2168 bits [Y 28.2961 dB    U 34.2649 dB    V 34.0984 dB] [ET   207 ] [L0 8 0 ] [L1 8 0 ]

	Total Frames |   Bitrate     Y-PSNR    U-PSNR    V-PSNR    YUV-PSNR   
	       10    a     247.0560   29.3457   35.2589   35.3959   30.4114

 finished @ Thu Jul  7 15:37:40 2022
 Total Time:     5594.651 sec. [user]     5633.948 sec. [elapsed]

Level: 0
Inject Calls: 1100723752
Errors injected by bit:
	Bit 0: 1106
	Bit 1: 1083
	Bit 2: 1068
	Bit 3: 1117
	Bit 4: 1101
	Bit 5: 1129
	Bit 6: 1072
	Bit 7: 1154

Total errors injected: 8830
