
vvencFFapp: Encoder Version 1.0.0 [Linux][GCC 9.4.0][64 bit][SIMD=AVX2]
 started @ Wed Jul  6 17:43:22 2022
CODING TOOL CFG: CTU128 QT44BTT21 IBD:1 CIP:0 SAO:1 ALF:1 (NonLinLuma:0 NonLinChr:0) CCALF:1 WPP:0 WPP-Substreams:1 TMVP:1 DQ:1 (Thr: 4) SDH:0 CST:1 BDOF:1 DMVR:1 MTSImplicit:1 SBT:0 JCbCr:1 CabacInitPresent:1 AMVR:5 SMVD:3 LMCS:1 (Signal:SDR Opt:0) CIIP:0 MIP:1 AFFINE:2 (PROF:1, Type:1) MMVD:3 DisFracMMVD:1 SbTMVP:1 GPM:3 LFNST:1 MTS:0 ISP:3 TS:2 TSLog2MaxSize:3 useChromaTS:0 BDPCM:2 IBC:2 
ENC. ALG. CFG: QPA:0 HAD:1 RDQ:1 RDQTS:1 ASR:1 MinSearchWindow:96 RestrictMESampling:0 EDO:2 MCTF:2 [L:0, T:0] 
FAST TOOL CFG: ECU:0 FEN:1 FDM:1 ESD:0 FastSearch:4 LCTUFast:1 FastMrg:2 PBIntraFast:1 AMaxBT:1 FastQtBtEnc:1 ContentBasedFastQtbt:1 FastMIP:4 FastIntraTools:1 FastLocalDualTree:1 FastSubPel:1 QtbttExtraFast:2 IBCFastMethod:3 
RATE CONTROL CFG: RateControl:0 
PARALLEL PROCESSING CFG: NumThreads:0 MaxParallelFrames:0 WppBitEqual:0 WF:0

POC    0 TId: 0 (  IDR_N_LP, I-SLICE, QP 19 )     218504 bits [Y 43.7146 dB    U 44.8963 dB    V 45.3692 dB] [ET  4020 ] [L0 ] [L1 ]
POC    8 TId: 2 (      STSA, B-SLICE, QP 23 )     111824 bits [Y 41.8358 dB    U 42.4540 dB    V 43.0154 dB] [ET  2154 ] [L0 0 ] [L1 0 ]
POC    4 TId: 3 (      STSA, B-SLICE, QP 26 )      54088 bits [Y 39.9670 dB    U 41.7100 dB    V 42.2634 dB] [ET  1354 ] [L0 0 8 ] [L1 8 0 ]
POC    2 TId: 4 (      STSA, B-SLICE, QP 28 )      30344 bits [Y 38.9756 dB    U 41.8500 dB    V 42.3493 dB] [ET   908 ] [L0 0 4 ] [L1 4 8 ]
POC    1 TId: 5 (      STSA, B-SLICE, QP 29 )      17504 bits [Y 38.7833 dB    U 42.1552 dB    V 42.9904 dB] [ET   561 ] [L0 0 2 ] [L1 2 4 ]
POC    3 TId: 5 (      STSA, B-SLICE, QP 29 )      16680 bits [Y 38.4229 dB    U 41.2391 dB    V 41.6539 dB] [ET   477 ] [L0 2 0 ] [L1 4 8 ]
POC    6 TId: 4 (      STSA, B-SLICE, QP 28 )      29560 bits [Y 38.8106 dB    U 41.1121 dB    V 41.6387 dB] [ET   873 ] [L0 4 0 ] [L1 8 4 ]
POC    5 TId: 5 (      STSA, B-SLICE, QP 29 )      15896 bits [Y 38.2916 dB    U 41.0130 dB    V 41.7376 dB] [ET   477 ] [L0 4 0 ] [L1 6 8 ]
POC    7 TId: 5 (      STSA, B-SLICE, QP 29 )      16256 bits [Y 38.3938 dB    U 41.1152 dB    V 41.6864 dB] [ET   488 ] [L0 6 4 ] [L1 8 6 ]
POC    9 TId: 5 (      STSA, B-SLICE, QP 29 )      24968 bits [Y 38.2785 dB    U 40.6483 dB    V 41.2762 dB] [ET   738 ] [L0 8 0 ] [L1 8 0 ]

	Total Frames |   Bitrate     Y-PSNR    U-PSNR    V-PSNR    YUV-PSNR   
	       10    a    1606.8720   39.5474   41.8193   42.3980   39.9930

 finished @ Wed Jul  6 21:04:23 2022
 Total Time:    11968.396 sec. [user]    12061.506 sec. [elapsed]

Level: 0
Inject Calls: 2324875504
Errors injected by bit:
	Bit 0: 239
	Bit 1: 234
	Bit 2: 231
	Bit 3: 229
	Bit 4: 217
	Bit 5: 231
	Bit 6: 240
	Bit 7: 198

Total errors injected: 1819
