
vvencFFapp: Encoder Version 1.0.0 [Linux][GCC 9.4.0][64 bit][SIMD=AVX2]
 started @ Thu Jul  7 05:38:36 2022
CODING TOOL CFG: CTU128 QT44BTT21 IBD:1 CIP:0 SAO:1 ALF:1 (NonLinLuma:0 NonLinChr:0) CCALF:1 WPP:0 WPP-Substreams:1 TMVP:1 DQ:1 (Thr: 4) SDH:0 CST:1 BDOF:1 DMVR:1 MTSImplicit:1 SBT:0 JCbCr:1 CabacInitPresent:1 AMVR:5 SMVD:3 LMCS:1 (Signal:SDR Opt:0) CIIP:0 MIP:1 AFFINE:2 (PROF:1, Type:1) MMVD:3 DisFracMMVD:1 SbTMVP:1 GPM:3 LFNST:1 MTS:0 ISP:3 TS:2 TSLog2MaxSize:3 useChromaTS:0 BDPCM:2 IBC:2 
ENC. ALG. CFG: QPA:0 HAD:1 RDQ:1 RDQTS:1 ASR:1 MinSearchWindow:96 RestrictMESampling:0 EDO:2 MCTF:2 [L:0, T:0] 
FAST TOOL CFG: ECU:0 FEN:1 FDM:1 ESD:0 FastSearch:4 LCTUFast:1 FastMrg:2 PBIntraFast:1 AMaxBT:1 FastQtBtEnc:1 ContentBasedFastQtbt:1 FastMIP:4 FastIntraTools:1 FastLocalDualTree:1 FastSubPel:1 QtbttExtraFast:2 IBCFastMethod:3 
RATE CONTROL CFG: RateControl:0 
PARALLEL PROCESSING CFG: NumThreads:0 MaxParallelFrames:0 WppBitEqual:0 WF:0

POC    0 TId: 0 (  IDR_N_LP, I-SLICE, QP 29 )      88152 bits [Y 36.7938 dB    U 39.1448 dB    V 39.8641 dB] [ET  3653 ] [L0 ] [L1 ]
POC    8 TId: 2 (      STSA, B-SLICE, QP 35 )      27296 bits [Y 32.9318 dB    U 36.1827 dB    V 36.3702 dB] [ET  1172 ] [L0 0 ] [L1 0 ]
POC    4 TId: 3 (      STSA, B-SLICE, QP 38 )      11472 bits [Y 32.0596 dB    U 36.7534 dB    V 37.1796 dB] [ET   664 ] [L0 0 8 ] [L1 8 0 ]
POC    2 TId: 4 (      STSA, B-SLICE, QP 40 )       5960 bits [Y 31.7597 dB    U 37.4478 dB    V 37.9866 dB] [ET   387 ] [L0 0 4 ] [L1 4 8 ]
POC    1 TId: 5 (      STSA, B-SLICE, QP 41 )       2792 bits [Y 32.0760 dB    U 37.6877 dB    V 38.4635 dB] [ET   161 ] [L0 0 2 ] [L1 2 4 ]
POC    3 TId: 5 (      STSA, B-SLICE, QP 41 )       2744 bits [Y 31.3299 dB    U 36.8794 dB    V 37.4184 dB] [ET   177 ] [L0 2 0 ] [L1 4 8 ]
POC    6 TId: 4 (      STSA, B-SLICE, QP 40 )       5560 bits [Y 31.1977 dB    U 36.3392 dB    V 36.5952 dB] [ET   380 ] [L0 4 0 ] [L1 8 4 ]
POC    5 TId: 5 (      STSA, B-SLICE, QP 41 )       2336 bits [Y 30.9860 dB    U 36.4544 dB    V 36.7926 dB] [ET   167 ] [L0 4 0 ] [L1 6 8 ]
POC    7 TId: 5 (      STSA, B-SLICE, QP 41 )       2264 bits [Y 31.3324 dB    U 35.9625 dB    V 36.3969 dB] [ET   151 ] [L0 6 4 ] [L1 8 6 ]
POC    9 TId: 5 (      STSA, B-SLICE, QP 41 )       4512 bits [Y 30.8370 dB    U 35.6866 dB    V 35.7725 dB] [ET   312 ] [L0 8 0 ] [L1 8 0 ]

	Total Frames |   Bitrate     Y-PSNR    U-PSNR    V-PSNR    YUV-PSNR   
	       10    a     459.2640   32.1304   36.8538   37.2840   33.0158

 finished @ Thu Jul  7 07:39:12 2022
 Total Time:     7192.363 sec. [user]     7236.354 sec. [elapsed]

Level: 0
Inject Calls: 1374889104
Errors injected by bit:
	Bit 0: 13629
	Bit 1: 13753
	Bit 2: 13893
	Bit 3: 13770
	Bit 4: 13699
	Bit 5: 13596
	Bit 6: 13782
	Bit 7: 13796

Total errors injected: 109918
