
vvencFFapp: Encoder Version 1.0.0 [Linux][GCC 9.4.0][64 bit][SIMD=AVX2]
 started @ Thu Jul  7 11:28:43 2022
CODING TOOL CFG: CTU128 QT44BTT21 IBD:1 CIP:0 SAO:1 ALF:1 (NonLinLuma:0 NonLinChr:0) CCALF:1 WPP:0 WPP-Substreams:1 TMVP:1 DQ:1 (Thr: 4) SDH:0 CST:1 BDOF:1 DMVR:1 MTSImplicit:1 SBT:0 JCbCr:1 CabacInitPresent:1 AMVR:5 SMVD:3 LMCS:1 (Signal:SDR Opt:0) CIIP:0 MIP:1 AFFINE:2 (PROF:1, Type:1) MMVD:3 DisFracMMVD:1 SbTMVP:1 GPM:3 LFNST:1 MTS:0 ISP:3 TS:2 TSLog2MaxSize:3 useChromaTS:0 BDPCM:2 IBC:2 
ENC. ALG. CFG: QPA:0 HAD:1 RDQ:1 RDQTS:1 ASR:1 MinSearchWindow:96 RestrictMESampling:0 EDO:2 MCTF:2 [L:0, T:0] 
FAST TOOL CFG: ECU:0 FEN:1 FDM:1 ESD:0 FastSearch:4 LCTUFast:1 FastMrg:2 PBIntraFast:1 AMaxBT:1 FastQtBtEnc:1 ContentBasedFastQtbt:1 FastMIP:4 FastIntraTools:1 FastLocalDualTree:1 FastSubPel:1 QtbttExtraFast:2 IBCFastMethod:3 
RATE CONTROL CFG: RateControl:0 
PARALLEL PROCESSING CFG: NumThreads:0 MaxParallelFrames:0 WppBitEqual:0 WF:0

POC    0 TId: 0 (  IDR_N_LP, I-SLICE, QP 34 )      51408 bits [Y 32.0832 dB    U 36.6076 dB    V 36.9960 dB] [ET  3227 ] [L0 ] [L1 ]
POC    8 TId: 2 (      STSA, B-SLICE, QP 40 )      14688 bits [Y 29.6283 dB    U 34.9242 dB    V 35.0629 dB] [ET   744 ] [L0 0 ] [L1 0 ]
POC    4 TId: 3 (      STSA, B-SLICE, QP 43 )       6224 bits [Y 28.9632 dB    U 35.1724 dB    V 35.0765 dB] [ET   427 ] [L0 0 8 ] [L1 8 0 ]
POC    2 TId: 4 (      STSA, B-SLICE, QP 45 )       2624 bits [Y 28.6241 dB    U 35.3483 dB    V 35.4187 dB] [ET   266 ] [L0 0 4 ] [L1 4 8 ]
POC    1 TId: 5 (      STSA, B-SLICE, QP 46 )       1232 bits [Y 29.1400 dB    U 35.7854 dB    V 35.8596 dB] [ET   181 ] [L0 0 2 ] [L1 2 4 ]
POC    3 TId: 5 (      STSA, B-SLICE, QP 46 )       1248 bits [Y 28.3347 dB    U 35.0169 dB    V 35.1652 dB] [ET   182 ] [L0 2 0 ] [L1 4 8 ]
POC    6 TId: 4 (      STSA, B-SLICE, QP 45 )       2528 bits [Y 28.2648 dB    U 34.7764 dB    V 34.9257 dB] [ET   330 ] [L0 4 0 ] [L1 8 4 ]
POC    5 TId: 5 (      STSA, B-SLICE, QP 46 )       1008 bits [Y 28.1551 dB    U 34.7309 dB    V 34.9542 dB] [ET   183 ] [L0 4 0 ] [L1 6 8 ]
POC    7 TId: 5 (      STSA, B-SLICE, QP 46 )        984 bits [Y 28.5327 dB    U 34.4732 dB    V 34.8962 dB] [ET   166 ] [L0 6 4 ] [L1 8 6 ]
POC    9 TId: 5 (      STSA, B-SLICE, QP 46 )       1984 bits [Y 27.9696 dB    U 34.4060 dB    V 34.0508 dB] [ET   301 ] [L0 8 0 ] [L1 8 0 ]

	Total Frames |   Bitrate     Y-PSNR    U-PSNR    V-PSNR    YUV-PSNR   
	       10    a     251.7840   28.9696   35.1241   35.2406   30.1205

 finished @ Thu Jul  7 13:09:03 2022
 Total Time:     5966.761 sec. [user]     6019.694 sec. [elapsed]

Level: 0
Inject Calls: 1121571416
Errors injected by bit:
	Bit 0: 111864
	Bit 1: 112032
	Bit 2: 112026
	Bit 3: 112047
	Bit 4: 111792
	Bit 5: 111980
	Bit 6: 111894
	Bit 7: 111949

Total errors injected: 895584
