
vvencFFapp: Encoder Version 1.0.0 [Linux][GCC 9.4.0][64 bit][SIMD=AVX2]
 started @ Wed Jul  6 18:53:23 2022
CODING TOOL CFG: CTU128 QT44BTT21 IBD:1 CIP:0 SAO:1 ALF:1 (NonLinLuma:0 NonLinChr:0) CCALF:1 WPP:0 WPP-Substreams:1 TMVP:1 DQ:1 (Thr: 4) SDH:0 CST:1 BDOF:1 DMVR:1 MTSImplicit:1 SBT:0 JCbCr:1 CabacInitPresent:1 AMVR:5 SMVD:3 LMCS:1 (Signal:SDR Opt:0) CIIP:0 MIP:1 AFFINE:2 (PROF:1, Type:1) MMVD:3 DisFracMMVD:1 SbTMVP:1 GPM:3 LFNST:1 MTS:0 ISP:3 TS:2 TSLog2MaxSize:3 useChromaTS:0 BDPCM:2 IBC:2 
ENC. ALG. CFG: QPA:0 HAD:1 RDQ:1 RDQTS:1 ASR:1 MinSearchWindow:96 RestrictMESampling:0 EDO:2 MCTF:2 [L:0, T:0] 
FAST TOOL CFG: ECU:0 FEN:1 FDM:1 ESD:0 FastSearch:4 LCTUFast:1 FastMrg:2 PBIntraFast:1 AMaxBT:1 FastQtBtEnc:1 ContentBasedFastQtbt:1 FastMIP:4 FastIntraTools:1 FastLocalDualTree:1 FastSubPel:1 QtbttExtraFast:2 IBCFastMethod:3 
RATE CONTROL CFG: RateControl:0 
PARALLEL PROCESSING CFG: NumThreads:0 MaxParallelFrames:0 WppBitEqual:0 WF:0

POC    0 TId: 0 (  IDR_N_LP, I-SLICE, QP 24 )     161024 bits [Y 31.8789 dB    U 41.4303 dB    V 42.2985 dB] [ET  3738 ] [L0 ] [L1 ]
POC    8 TId: 2 (      STSA, B-SLICE, QP 29 )      65120 bits [Y 31.6382 dB    U 36.6701 dB    V 36.9969 dB] [ET  1028 ] [L0 0 ] [L1 0 ]
POC    4 TId: 3 (      STSA, B-SLICE, QP 32 )      24416 bits [Y 32.3325 dB    U 37.9469 dB    V 38.3123 dB] [ET   788 ] [L0 0 8 ] [L1 8 0 ]
POC    2 TId: 4 (      STSA, B-SLICE, QP 34 )      12296 bits [Y 32.2496 dB    U 38.5244 dB    V 39.1821 dB] [ET   645 ] [L0 0 4 ] [L1 4 8 ]
POC    1 TId: 5 (      STSA, B-SLICE, QP 36 )       5336 bits [Y 32.0803 dB    U 38.7303 dB    V 39.3480 dB] [ET   518 ] [L0 0 2 ] [L1 2 4 ]
POC    3 TId: 5 (      STSA, B-SLICE, QP 36 )       4672 bits [Y 31.6704 dB    U 37.8150 dB    V 38.3139 dB] [ET   487 ] [L0 2 0 ] [L1 4 8 ]
POC    6 TId: 4 (      STSA, B-SLICE, QP 34 )      12544 bits [Y 32.1478 dB    U 37.0608 dB    V 37.5652 dB] [ET   645 ] [L0 4 0 ] [L1 8 4 ]
POC    5 TId: 5 (      STSA, B-SLICE, QP 36 )       4608 bits [Y 31.9568 dB    U 37.4697 dB    V 37.9860 dB] [ET   489 ] [L0 4 0 ] [L1 6 8 ]
POC    7 TId: 5 (      STSA, B-SLICE, QP 36 )       5288 bits [Y 31.8077 dB    U 37.2658 dB    V 37.7663 dB] [ET   472 ] [L0 6 4 ] [L1 8 6 ]
POC    9 TId: 5 (      STSA, B-SLICE, QP 36 )       8872 bits [Y 30.8779 dB    U 36.5514 dB    V 36.8091 dB] [ET   547 ] [L0 8 0 ] [L1 8 0 ]

	Total Frames |   Bitrate     Y-PSNR    U-PSNR    V-PSNR    YUV-PSNR   
	       10    a     912.5280   31.8640   37.9465   38.4578   33.1089

 finished @ Wed Jul  6 21:29:32 2022
 Total Time:     9311.151 sec. [user]     9368.883 sec. [elapsed]

Level: 0
Inject Calls: 1807442320
Errors injected by bit:
	Bit 0: 1809948
	Bit 1: 1807349
	Bit 2: 1807135
	Bit 3: 1805096
	Bit 4: 1808239
	Bit 5: 1808011
	Bit 6: 1805898
	Bit 7: 1806210

Total errors injected: 14457886
