
vvencFFapp: Encoder Version 1.0.0 [Linux][GCC 9.4.0][64 bit][SIMD=AVX2]
 started @ Thu Jul  7 09:58:41 2022
CODING TOOL CFG: CTU128 QT44BTT21 IBD:1 CIP:0 SAO:1 ALF:1 (NonLinLuma:0 NonLinChr:0) CCALF:1 WPP:0 WPP-Substreams:1 TMVP:1 DQ:1 (Thr: 4) SDH:0 CST:1 BDOF:1 DMVR:1 MTSImplicit:1 SBT:0 JCbCr:1 CabacInitPresent:1 AMVR:5 SMVD:3 LMCS:1 (Signal:SDR Opt:0) CIIP:0 MIP:1 AFFINE:2 (PROF:1, Type:1) MMVD:3 DisFracMMVD:1 SbTMVP:1 GPM:3 LFNST:1 MTS:0 ISP:3 TS:2 TSLog2MaxSize:3 useChromaTS:0 BDPCM:2 IBC:2 
ENC. ALG. CFG: QPA:0 HAD:1 RDQ:1 RDQTS:1 ASR:1 MinSearchWindow:96 RestrictMESampling:0 EDO:2 MCTF:2 [L:0, T:0] 
FAST TOOL CFG: ECU:0 FEN:1 FDM:1 ESD:0 FastSearch:4 LCTUFast:1 FastMrg:2 PBIntraFast:1 AMaxBT:1 FastQtBtEnc:1 ContentBasedFastQtbt:1 FastMIP:4 FastIntraTools:1 FastLocalDualTree:1 FastSubPel:1 QtbttExtraFast:2 IBCFastMethod:3 
RATE CONTROL CFG: RateControl:0 
PARALLEL PROCESSING CFG: NumThreads:0 MaxParallelFrames:0 WppBitEqual:0 WF:0

POC    0 TId: 0 (  IDR_N_LP, I-SLICE, QP 34 )      56456 bits [Y 30.6367 dB    U 36.2852 dB    V 36.5240 dB] [ET  3523 ] [L0 ] [L1 ]
POC    8 TId: 2 (      STSA, B-SLICE, QP 40 )      14072 bits [Y 27.3257 dB    U 32.5715 dB    V 33.0945 dB] [ET   887 ] [L0 0 ] [L1 0 ]
POC    4 TId: 3 (      STSA, B-SLICE, QP 43 )       5136 bits [Y 27.9331 dB    U 34.5517 dB    V 34.3855 dB] [ET   734 ] [L0 0 8 ] [L1 8 0 ]
POC    2 TId: 4 (      STSA, B-SLICE, QP 45 )       2520 bits [Y 27.8876 dB    U 35.1049 dB    V 35.0622 dB] [ET   587 ] [L0 0 4 ] [L1 4 8 ]
POC    1 TId: 5 (      STSA, B-SLICE, QP 46 )       1128 bits [Y 28.6018 dB    U 35.2482 dB    V 35.6112 dB] [ET   427 ] [L0 0 2 ] [L1 2 4 ]
POC    3 TId: 5 (      STSA, B-SLICE, QP 46 )       1024 bits [Y 27.5229 dB    U 34.7313 dB    V 34.8659 dB] [ET   470 ] [L0 2 0 ] [L1 4 8 ]
POC    6 TId: 4 (      STSA, B-SLICE, QP 45 )       2624 bits [Y 27.4527 dB    U 33.8155 dB    V 34.0199 dB] [ET   773 ] [L0 4 0 ] [L1 8 4 ]
POC    5 TId: 5 (      STSA, B-SLICE, QP 46 )       1016 bits [Y 27.4485 dB    U 33.7416 dB    V 33.9679 dB] [ET   445 ] [L0 4 0 ] [L1 6 8 ]
POC    7 TId: 5 (      STSA, B-SLICE, QP 46 )       1120 bits [Y 27.3968 dB    U 33.5908 dB    V 33.9184 dB] [ET   424 ] [L0 6 4 ] [L1 8 6 ]
POC    9 TId: 5 (      STSA, B-SLICE, QP 46 )       2104 bits [Y 26.8070 dB    U 33.1511 dB    V 33.0316 dB] [ET   642 ] [L0 8 0 ] [L1 8 0 ]

	Total Frames |   Bitrate     Y-PSNR    U-PSNR    V-PSNR    YUV-PSNR   
	       10    a     261.6000   27.9013   34.2792   34.4481   29.0923

 finished @ Thu Jul  7 12:27:22 2022
 Total Time:     8840.411 sec. [user]     8921.632 sec. [elapsed]

Level: 0
Inject Calls: 1733341840
Errors injected by bit:
	Bit 0: 1735178
	Bit 1: 1732958
	Bit 2: 1732775
	Bit 3: 1734069
	Bit 4: 1732596
	Bit 5: 1734589
	Bit 6: 1732994
	Bit 7: 1733876

Total errors injected: 13869035
