
vvencFFapp: Encoder Version 1.0.0 [Linux][GCC 9.4.0][64 bit][SIMD=AVX2]
 started @ Wed Jul  6 18:48:22 2022
CODING TOOL CFG: CTU128 QT44BTT21 IBD:1 CIP:0 SAO:1 ALF:1 (NonLinLuma:0 NonLinChr:0) CCALF:1 WPP:0 WPP-Substreams:1 TMVP:1 DQ:1 (Thr: 4) SDH:0 CST:1 BDOF:1 DMVR:1 MTSImplicit:1 SBT:0 JCbCr:1 CabacInitPresent:1 AMVR:5 SMVD:3 LMCS:1 (Signal:SDR Opt:0) CIIP:0 MIP:1 AFFINE:2 (PROF:1, Type:1) MMVD:3 DisFracMMVD:1 SbTMVP:1 GPM:3 LFNST:1 MTS:0 ISP:3 TS:2 TSLog2MaxSize:3 useChromaTS:0 BDPCM:2 IBC:2 
ENC. ALG. CFG: QPA:0 HAD:1 RDQ:1 RDQTS:1 ASR:1 MinSearchWindow:96 RestrictMESampling:0 EDO:2 MCTF:2 [L:0, T:0] 
FAST TOOL CFG: ECU:0 FEN:1 FDM:1 ESD:0 FastSearch:4 LCTUFast:1 FastMrg:2 PBIntraFast:1 AMaxBT:1 FastQtBtEnc:1 ContentBasedFastQtbt:1 FastMIP:4 FastIntraTools:1 FastLocalDualTree:1 FastSubPel:1 QtbttExtraFast:2 IBCFastMethod:3 
RATE CONTROL CFG: RateControl:0 
PARALLEL PROCESSING CFG: NumThreads:0 MaxParallelFrames:0 WppBitEqual:0 WF:0

POC    0 TId: 0 (  IDR_N_LP, I-SLICE, QP 24 )     160280 bits [Y 31.7290 dB    U 41.4842 dB    V 42.2945 dB] [ET  3544 ] [L0 ] [L1 ]
POC    8 TId: 2 (      STSA, B-SLICE, QP 29 )      65480 bits [Y 32.3732 dB    U 37.6296 dB    V 37.6781 dB] [ET  1032 ] [L0 0 ] [L1 0 ]
POC    4 TId: 3 (      STSA, B-SLICE, QP 32 )      23984 bits [Y 32.3970 dB    U 38.0730 dB    V 38.3280 dB] [ET   829 ] [L0 0 8 ] [L1 8 0 ]
POC    2 TId: 4 (      STSA, B-SLICE, QP 34 )      11416 bits [Y 31.9776 dB    U 38.3367 dB    V 39.0129 dB] [ET   641 ] [L0 0 4 ] [L1 4 8 ]
POC    1 TId: 5 (      STSA, B-SLICE, QP 36 )       5776 bits [Y 31.9695 dB    U 38.4721 dB    V 39.4889 dB] [ET   513 ] [L0 0 2 ] [L1 2 4 ]
POC    3 TId: 5 (      STSA, B-SLICE, QP 36 )       5168 bits [Y 31.7110 dB    U 37.6125 dB    V 38.4098 dB] [ET   473 ] [L0 2 0 ] [L1 4 8 ]
POC    6 TId: 4 (      STSA, B-SLICE, QP 34 )      12152 bits [Y 32.1201 dB    U 36.9240 dB    V 37.4023 dB] [ET   647 ] [L0 4 0 ] [L1 8 4 ]
POC    5 TId: 5 (      STSA, B-SLICE, QP 36 )       4336 bits [Y 31.8803 dB    U 37.1658 dB    V 37.7737 dB] [ET   479 ] [L0 4 0 ] [L1 6 8 ]
POC    7 TId: 5 (      STSA, B-SLICE, QP 36 )       5128 bits [Y 32.0532 dB    U 37.1856 dB    V 37.6062 dB] [ET   538 ] [L0 6 4 ] [L1 8 6 ]
POC    9 TId: 5 (      STSA, B-SLICE, QP 36 )       8688 bits [Y 31.3977 dB    U 37.0603 dB    V 36.7766 dB] [ET   599 ] [L0 8 0 ] [L1 8 0 ]

	Total Frames |   Bitrate     Y-PSNR    U-PSNR    V-PSNR    YUV-PSNR   
	       10    a     907.2240   31.9609   37.9944   38.4771   33.2089

 finished @ Wed Jul  6 21:23:27 2022
 Total Time:     9235.049 sec. [user]     9305.418 sec. [elapsed]

Level: 0
Inject Calls: 1791589816
Errors injected by bit:
	Bit 0: 1793635
	Bit 1: 1790944
	Bit 2: 1792830
	Bit 3: 1791812
	Bit 4: 1792374
	Bit 5: 1791406
	Bit 6: 1790656
	Bit 7: 1791930

Total errors injected: 14335587
