
vvencFFapp: Encoder Version 1.0.0 [Linux][GCC 9.4.0][64 bit][SIMD=AVX2]
 started @ Thu Jul  7 05:38:36 2022
CODING TOOL CFG: CTU128 QT44BTT21 IBD:1 CIP:0 SAO:1 ALF:1 (NonLinLuma:0 NonLinChr:0) CCALF:1 WPP:0 WPP-Substreams:1 TMVP:1 DQ:1 (Thr: 4) SDH:0 CST:1 BDOF:1 DMVR:1 MTSImplicit:1 SBT:0 JCbCr:1 CabacInitPresent:1 AMVR:5 SMVD:3 LMCS:1 (Signal:SDR Opt:0) CIIP:0 MIP:1 AFFINE:2 (PROF:1, Type:1) MMVD:3 DisFracMMVD:1 SbTMVP:1 GPM:3 LFNST:1 MTS:0 ISP:3 TS:2 TSLog2MaxSize:3 useChromaTS:0 BDPCM:2 IBC:2 
ENC. ALG. CFG: QPA:0 HAD:1 RDQ:1 RDQTS:1 ASR:1 MinSearchWindow:96 RestrictMESampling:0 EDO:2 MCTF:2 [L:0, T:0] 
FAST TOOL CFG: ECU:0 FEN:1 FDM:1 ESD:0 FastSearch:4 LCTUFast:1 FastMrg:2 PBIntraFast:1 AMaxBT:1 FastQtBtEnc:1 ContentBasedFastQtbt:1 FastMIP:4 FastIntraTools:1 FastLocalDualTree:1 FastSubPel:1 QtbttExtraFast:2 IBCFastMethod:3 
RATE CONTROL CFG: RateControl:0 
PARALLEL PROCESSING CFG: NumThreads:0 MaxParallelFrames:0 WppBitEqual:0 WF:0

POC    0 TId: 0 (  IDR_N_LP, I-SLICE, QP 29 )      88240 bits [Y 36.2101 dB    U 39.0856 dB    V 39.7996 dB] [ET  3749 ] [L0 ] [L1 ]
POC    8 TId: 2 (      STSA, B-SLICE, QP 35 )      27152 bits [Y 32.9929 dB    U 36.3037 dB    V 36.5521 dB] [ET  1262 ] [L0 0 ] [L1 0 ]
POC    4 TId: 3 (      STSA, B-SLICE, QP 38 )      11272 bits [Y 31.9911 dB    U 36.6885 dB    V 37.2316 dB] [ET   673 ] [L0 0 8 ] [L1 8 0 ]
POC    2 TId: 4 (      STSA, B-SLICE, QP 40 )       6056 bits [Y 31.7593 dB    U 37.4376 dB    V 37.7826 dB] [ET   364 ] [L0 0 4 ] [L1 4 8 ]
POC    1 TId: 5 (      STSA, B-SLICE, QP 41 )       3048 bits [Y 32.1630 dB    U 37.7880 dB    V 38.3703 dB] [ET   168 ] [L0 0 2 ] [L1 2 4 ]
POC    3 TId: 5 (      STSA, B-SLICE, QP 41 )       2712 bits [Y 31.2259 dB    U 36.8253 dB    V 37.2632 dB] [ET   182 ] [L0 2 0 ] [L1 4 8 ]
POC    6 TId: 4 (      STSA, B-SLICE, QP 40 )       5592 bits [Y 31.1913 dB    U 36.2489 dB    V 36.7376 dB] [ET   346 ] [L0 4 0 ] [L1 8 4 ]
POC    5 TId: 5 (      STSA, B-SLICE, QP 41 )       2336 bits [Y 30.9674 dB    U 36.2970 dB    V 36.9351 dB] [ET   176 ] [L0 4 0 ] [L1 6 8 ]
POC    7 TId: 5 (      STSA, B-SLICE, QP 41 )       2240 bits [Y 31.2007 dB    U 36.0827 dB    V 36.5760 dB] [ET   159 ] [L0 6 4 ] [L1 8 6 ]
POC    9 TId: 5 (      STSA, B-SLICE, QP 41 )       4440 bits [Y 30.8550 dB    U 35.8042 dB    V 35.7550 dB] [ET   268 ] [L0 8 0 ] [L1 8 0 ]

	Total Frames |   Bitrate     Y-PSNR    U-PSNR    V-PSNR    YUV-PSNR   
	       10    a     459.2640   32.0557   36.8561   37.3003   32.9825

 finished @ Thu Jul  7 07:41:13 2022
 Total Time:     7305.198 sec. [user]     7357.572 sec. [elapsed]

Level: 0
Inject Calls: 1382933592
Errors injected by bit:
	Bit 0: 13678
	Bit 1: 13531
	Bit 2: 13938
	Bit 3: 13867
	Bit 4: 13758
	Bit 5: 13677
	Bit 6: 13645
	Bit 7: 13744

Total errors injected: 109838
