vvencFFapp: Fraunhofer VVC Encoder ver. 1.5.0 [Linux][GCC 11.3.0][64 bit][SIMD=AVX2]
 started @ Sun Apr 23 10:45:16 2023
CODING TOOL CFG: CTU128 QT44BTT21 IBD:1 SAO:1 ALF:1 (NonLinLuma:0 NonLinChr:0) CCALF:1 Tiles:1x1 Slices:1 WPP:0 WPP-Substreams:1 TMVP:1 DQ:1 SDH:0 CST:1 BDOF:1 DMVR:1 MTSImplicit:1 SBT:0 JCbCr:1 CabacInitPresent:1 AMVR:5 SMVD:3 LMCS:2 (Signal:SDR Opt:0) CIIP:0 MIP:1 AFFINE:2 (PROF:1, Type:1) MMVD:3 DisFracMMVD:1 SbTMVP:1 GPM:3 LFNST:1 MTS:0 ISP:3 TS:2 TSLog2MaxSize:4 useChromaTS:0 BDPCM:2 IBC:2 BCW:0 
ENC. ALG. CFG: QPA:0 HAD:1 RDQ:1 RDQTS:1 ASR:1 MinSearchWindow:96 RestrictMESampling:0 EDO:2 MCTF:2 
PRE-ANALYSIS CFG: STA:1 LeadFrames:0 TrailFrames:0 
FAST TOOL CFG: ECU:0 FEN:1 FDM:1 FastSearch:4 (SCC:2) LCTUFast:1 FastMrg:2 PBIntraFast:1 AMaxBT:1 FastQtBtEnc:1 ContentBasedFastQtbt:0 FastMIP:3 FastIntraTools:0 IntraEstDecBit:2 FastLocalDualTree:1 IntegerET:0 FastSubPel:1 QtbttExtraFast:3 FastTTSplit:0 IBCFastMethod:3 FIM:0 ALFSpeed:0 QuantThr: 4 
RATE CONTROL CFG: RateControl:0 LookAhead:0 
PARALLEL PROCESSING CFG: NumThreads:0 MaxParallelFrames:0 WppBitEqual:0 WF:0 

POC     0 TId: 0 (  IDR_N_LP, I-SLICE, QP 19, TF 3)     581848 bits [Y 42.2672 dB    U 45.0524 dB    V 46.9660 dB] [ET   338 ] [L0 ] [L1 ]
POC    16 TId: 1 (      STSA, B-SLICE, QP 22, TF 2)     217440 bits [Y 41.6210 dB    U 44.1971 dB    V 45.8432 dB] [ET   126 ] [L0 0 ] [L1 0 ]
POC     8 TId: 2 (      STSA, B-SLICE, QP 23, TF 1)      97912 bits [Y 40.9455 dB    U 44.1328 dB    V 45.9620 dB] [ET    73 ] [L0 0 16 ] [L1 16 0 ]
POC     4 TId: 3 (      STSA, B-SLICE, QP 26, TF 0)      43280 bits [Y 40.5513 dB    U 44.2928 dB    V 46.1360 dB] [ET    48 ] [L0 0 8 ] [L1 8 16 ]
POC     2 TId: 4 (      STSA, B-SLICE, QP 28)            21384 bits [Y 40.5688 dB    U 44.6258 dB    V 46.3991 dB] [ET    18 ] [L0 0 4 ] [L1 4 8 ]
POC     1 TId: 5 (      STSA, B-SLICE, QP 29)             8744 bits [Y 40.8402 dB    U 44.8022 dB    V 46.6819 dB] [ET    10 ] [L0 0 2 ] [L1 2 4 ]
POC     3 TId: 5 (      STSA, B-SLICE, QP 29)            10496 bits [Y 40.2501 dB    U 44.4947 dB    V 46.2276 dB] [ET    11 ] [L0 2 0 ] [L1 4 8 ]
POC     6 TId: 4 (      STSA, B-SLICE, QP 28)            21688 bits [Y 40.1270 dB    U 44.1217 dB    V 45.8766 dB] [ET    19 ] [L0 4 0 ] [L1 8 16 ]
POC     5 TId: 5 (      STSA, B-SLICE, QP 29)            10320 bits [Y 40.0125 dB    U 44.0734 dB    V 45.9284 dB] [ET    11 ] [L0 4 0 ] [L1 6 8 ]
POC     7 TId: 5 (      STSA, B-SLICE, QP 29)             9480 bits [Y 40.0775 dB    U 44.1477 dB    V 45.8027 dB] [ET    12 ] [L0 6 4 ] [L1 8 16 ]
POC    12 TId: 3 (      STSA, B-SLICE, QP 26, TF 0)      48768 bits [Y 40.2515 dB    U 43.9688 dB    V 45.5566 dB] [ET    56 ] [L0 8 0 ] [L1 16 8 ]
POC    10 TId: 4 (      STSA, B-SLICE, QP 28)            23232 bits [Y 40.0470 dB    U 43.9600 dB    V 45.6650 dB] [ET    22 ] [L0 8 0 ] [L1 12 16 ]
POC     9 TId: 5 (      STSA, B-SLICE, QP 29)            10752 bits [Y 40.0329 dB    U 44.0449 dB    V 45.7697 dB] [ET    11 ] [L0 8 0 ] [L1 10 12 ]
POC    11 TId: 5 (      STSA, B-SLICE, QP 29)            11368 bits [Y 39.8707 dB    U 43.9031 dB    V 45.5823 dB] [ET    12 ] [L0 10 8 ] [L1 12 16 ]
POC    14 TId: 4 (      STSA, B-SLICE, QP 28)            27448 bits [Y 39.9898 dB    U 43.8652 dB    V 45.3964 dB] [ET    22 ] [L0 12 8 ] [L1 16 12 ]
POC    13 TId: 5 (      STSA, B-SLICE, QP 29)            13016 bits [Y 39.7825 dB    U 43.8479 dB    V 45.4670 dB] [ET    13 ] [L0 12 8 ] [L1 14 16 ]
POC    15 TId: 5 (      STSA, B-SLICE, QP 29)            13768 bits [Y 39.9452 dB    U 43.9385 dB    V 45.4826 dB] [ET    13 ] [L0 14 12 ] [L1 16 14 ]

	Total Frames |   Bitrate     Y-PSNR    U-PSNR    V-PSNR    YUV-PSNR   
	       17    a    4132.7435   40.4224   44.2041   45.9261   41.4421

 finished @ Sun Apr 23 10:59:07 2023
 Total Time:      831.044 sec. [user]      831.220 sec. [elapsed]

Level: 0
Inject Calls: 83942528
Errors injected by bit:
	Bit 0: 83957
	Bit 1: 84009
	Bit 2: 84202
	Bit 3: 84651
	Bit 4: 84276
	Bit 5: 83875
	Bit 6: 84149
	Bit 7: 84350

Total errors injected: 673469
