vvencFFapp: Fraunhofer VVC Encoder ver. 1.5.0 [Linux][GCC 11.3.0][64 bit][SIMD=AVX2]
 started @ Sun Apr 23 11:00:16 2023
CODING TOOL CFG: CTU128 QT44BTT21 IBD:1 SAO:1 ALF:1 (NonLinLuma:0 NonLinChr:0) CCALF:1 Tiles:1x1 Slices:1 WPP:0 WPP-Substreams:1 TMVP:1 DQ:1 SDH:0 CST:1 BDOF:1 DMVR:1 MTSImplicit:1 SBT:0 JCbCr:1 CabacInitPresent:1 AMVR:5 SMVD:3 LMCS:2 (Signal:SDR Opt:0) CIIP:0 MIP:1 AFFINE:2 (PROF:1, Type:1) MMVD:3 DisFracMMVD:1 SbTMVP:1 GPM:3 LFNST:1 MTS:0 ISP:3 TS:2 TSLog2MaxSize:4 useChromaTS:0 BDPCM:2 IBC:2 BCW:0 
ENC. ALG. CFG: QPA:0 HAD:1 RDQ:1 RDQTS:1 ASR:1 MinSearchWindow:96 RestrictMESampling:0 EDO:2 MCTF:2 
PRE-ANALYSIS CFG: STA:1 LeadFrames:0 TrailFrames:0 
FAST TOOL CFG: ECU:0 FEN:1 FDM:1 FastSearch:4 (SCC:2) LCTUFast:1 FastMrg:2 PBIntraFast:1 AMaxBT:1 FastQtBtEnc:1 ContentBasedFastQtbt:0 FastMIP:3 FastIntraTools:0 IntraEstDecBit:2 FastLocalDualTree:1 IntegerET:0 FastSubPel:1 QtbttExtraFast:3 FastTTSplit:0 IBCFastMethod:3 FIM:0 ALFSpeed:0 QuantThr: 4 
RATE CONTROL CFG: RateControl:0 LookAhead:0 
PARALLEL PROCESSING CFG: NumThreads:0 MaxParallelFrames:0 WppBitEqual:0 WF:0 

POC     0 TId: 0 (  IDR_N_LP, I-SLICE, QP 19, TF 3)     581848 bits [Y 42.2672 dB    U 45.0524 dB    V 46.9660 dB] [ET   337 ] [L0 ] [L1 ]
POC    16 TId: 1 (      STSA, B-SLICE, QP 22, TF 2)     217392 bits [Y 41.6206 dB    U 44.2043 dB    V 45.8592 dB] [ET   133 ] [L0 0 ] [L1 0 ]
POC     8 TId: 2 (      STSA, B-SLICE, QP 23, TF 1)      97216 bits [Y 40.9336 dB    U 44.1580 dB    V 46.0065 dB] [ET    82 ] [L0 0 16 ] [L1 16 0 ]
POC     4 TId: 3 (      STSA, B-SLICE, QP 26, TF 0)      43576 bits [Y 40.5510 dB    U 44.3032 dB    V 46.1032 dB] [ET    52 ] [L0 0 8 ] [L1 8 16 ]
POC     2 TId: 4 (      STSA, B-SLICE, QP 28)            20904 bits [Y 40.5691 dB    U 44.6377 dB    V 46.4233 dB] [ET    18 ] [L0 0 4 ] [L1 4 8 ]
POC     1 TId: 5 (      STSA, B-SLICE, QP 29)             8792 bits [Y 40.8218 dB    U 44.7780 dB    V 46.6628 dB] [ET    10 ] [L0 0 2 ] [L1 2 4 ]
POC     3 TId: 5 (      STSA, B-SLICE, QP 29)            10712 bits [Y 40.2545 dB    U 44.4790 dB    V 46.2375 dB] [ET    11 ] [L0 2 0 ] [L1 4 8 ]
POC     6 TId: 4 (      STSA, B-SLICE, QP 28)            21696 bits [Y 40.1322 dB    U 44.1164 dB    V 45.9150 dB] [ET    19 ] [L0 4 0 ] [L1 8 16 ]
POC     5 TId: 5 (      STSA, B-SLICE, QP 29)            10376 bits [Y 40.0099 dB    U 44.0866 dB    V 45.9350 dB] [ET    11 ] [L0 4 0 ] [L1 6 8 ]
POC     7 TId: 5 (      STSA, B-SLICE, QP 29)             9544 bits [Y 40.0749 dB    U 44.1774 dB    V 45.8912 dB] [ET    11 ] [L0 6 4 ] [L1 8 16 ]
POC    12 TId: 3 (      STSA, B-SLICE, QP 26, TF 0)      48736 bits [Y 40.2438 dB    U 43.9706 dB    V 45.6036 dB] [ET    59 ] [L0 8 0 ] [L1 16 8 ]
POC    10 TId: 4 (      STSA, B-SLICE, QP 28)            23784 bits [Y 40.0500 dB    U 43.9630 dB    V 45.6430 dB] [ET    21 ] [L0 8 0 ] [L1 12 16 ]
POC     9 TId: 5 (      STSA, B-SLICE, QP 29)            10336 bits [Y 40.0099 dB    U 44.0524 dB    V 45.8133 dB] [ET    11 ] [L0 8 0 ] [L1 10 12 ]
POC    11 TId: 5 (      STSA, B-SLICE, QP 29)            11352 bits [Y 39.8514 dB    U 43.9142 dB    V 45.5944 dB] [ET    12 ] [L0 10 8 ] [L1 12 16 ]
POC    14 TId: 4 (      STSA, B-SLICE, QP 28)            27704 bits [Y 39.9815 dB    U 43.8737 dB    V 45.4039 dB] [ET    22 ] [L0 12 8 ] [L1 16 12 ]
POC    13 TId: 5 (      STSA, B-SLICE, QP 29)            12848 bits [Y 39.7482 dB    U 43.8261 dB    V 45.4444 dB] [ET    14 ] [L0 12 8 ] [L1 14 16 ]
POC    15 TId: 5 (      STSA, B-SLICE, QP 29)            13464 bits [Y 39.9469 dB    U 43.9602 dB    V 45.5010 dB] [ET    13 ] [L0 14 12 ] [L1 16 14 ]

	Total Frames |   Bitrate     Y-PSNR    U-PSNR    V-PSNR    YUV-PSNR   
	       17    a    4130.4000   40.4157   44.2090   45.9414   41.4374

 finished @ Sun Apr 23 11:14:29 2023
 Total Time:      852.842 sec. [user]      852.943 sec. [elapsed]

Level: 0
Inject Calls: 111684480
Errors injected by bit:
	Bit 0: 11254
	Bit 1: 11209
	Bit 2: 11089
	Bit 3: 11090
	Bit 4: 11115
	Bit 5: 11258
	Bit 6: 10960
	Bit 7: 11368

Total errors injected: 89343
