vvencFFapp: Fraunhofer VVC Encoder ver. 1.5.0 [Linux][GCC 11.3.0][64 bit][SIMD=AVX2]
 started @ Sun Apr 23 12:20:17 2023
CODING TOOL CFG: CTU128 QT44BTT21 IBD:1 SAO:1 ALF:1 (NonLinLuma:0 NonLinChr:0) CCALF:1 Tiles:1x1 Slices:1 WPP:0 WPP-Substreams:1 TMVP:1 DQ:1 SDH:0 CST:1 BDOF:1 DMVR:1 MTSImplicit:1 SBT:0 JCbCr:1 CabacInitPresent:1 AMVR:5 SMVD:3 LMCS:2 (Signal:SDR Opt:0) CIIP:0 MIP:1 AFFINE:2 (PROF:1, Type:1) MMVD:3 DisFracMMVD:1 SbTMVP:1 GPM:3 LFNST:1 MTS:0 ISP:3 TS:2 TSLog2MaxSize:4 useChromaTS:0 BDPCM:2 IBC:2 BCW:0 
ENC. ALG. CFG: QPA:0 HAD:1 RDQ:1 RDQTS:1 ASR:1 MinSearchWindow:96 RestrictMESampling:0 EDO:2 MCTF:2 
PRE-ANALYSIS CFG: STA:1 LeadFrames:0 TrailFrames:0 
FAST TOOL CFG: ECU:0 FEN:1 FDM:1 FastSearch:4 (SCC:2) LCTUFast:1 FastMrg:2 PBIntraFast:1 AMaxBT:1 FastQtBtEnc:1 ContentBasedFastQtbt:0 FastMIP:3 FastIntraTools:0 IntraEstDecBit:2 FastLocalDualTree:1 IntegerET:0 FastSubPel:1 QtbttExtraFast:3 FastTTSplit:0 IBCFastMethod:3 FIM:0 ALFSpeed:0 QuantThr: 4 
RATE CONTROL CFG: RateControl:0 LookAhead:0 
PARALLEL PROCESSING CFG: NumThreads:0 MaxParallelFrames:0 WppBitEqual:0 WF:0 

POC     0 TId: 0 (  IDR_N_LP, I-SLICE, QP 24, TF 3)     377624 bits [Y 40.2668 dB    U 43.0828 dB    V 44.6158 dB] [ET   266 ] [L0 ] [L1 ]
POC    16 TId: 1 (      STSA, B-SLICE, QP 28, TF 2)     102368 bits [Y 38.7172 dB    U 42.0490 dB    V 43.2716 dB] [ET    82 ] [L0 0 ] [L1 0 ]
POC     8 TId: 2 (      STSA, B-SLICE, QP 29, TF 1)      44696 bits [Y 38.5717 dB    U 42.2281 dB    V 43.6229 dB] [ET    74 ] [L0 0 16 ] [L1 16 0 ]
POC     4 TId: 3 (      STSA, B-SLICE, QP 32, TF 0)      18720 bits [Y 38.3138 dB    U 42.4483 dB    V 43.8860 dB] [ET    38 ] [L0 0 8 ] [L1 8 16 ]
POC     2 TId: 4 (      STSA, B-SLICE, QP 34)             8320 bits [Y 38.4247 dB    U 42.8162 dB    V 44.2150 dB] [ET    10 ] [L0 0 4 ] [L1 4 8 ]
POC     1 TId: 5 (      STSA, B-SLICE, QP 36)             2768 bits [Y 38.7393 dB    U 42.8909 dB    V 44.4200 dB] [ET     5 ] [L0 0 2 ] [L1 2 4 ]
POC     3 TId: 5 (      STSA, B-SLICE, QP 36)             3240 bits [Y 37.8966 dB    U 42.6998 dB    V 44.0678 dB] [ET     6 ] [L0 2 0 ] [L1 4 8 ]
POC     6 TId: 4 (      STSA, B-SLICE, QP 34)             8832 bits [Y 37.8653 dB    U 42.3178 dB    V 43.6747 dB] [ET    11 ] [L0 4 0 ] [L1 8 16 ]
POC     5 TId: 5 (      STSA, B-SLICE, QP 36)             3544 bits [Y 37.6851 dB    U 42.3411 dB    V 43.7450 dB] [ET     6 ] [L0 4 0 ] [L1 6 8 ]
POC     7 TId: 5 (      STSA, B-SLICE, QP 36)             2800 bits [Y 37.7492 dB    U 42.3190 dB    V 43.6041 dB] [ET     5 ] [L0 6 4 ] [L1 8 16 ]
POC    12 TId: 3 (      STSA, B-SLICE, QP 32, TF 0)      21552 bits [Y 37.8011 dB    U 42.0146 dB    V 43.1764 dB] [ET    46 ] [L0 8 0 ] [L1 16 8 ]
POC    10 TId: 4 (      STSA, B-SLICE, QP 34)             9520 bits [Y 37.6096 dB    U 42.1167 dB    V 43.2606 dB] [ET    12 ] [L0 8 0 ] [L1 12 16 ]
POC     9 TId: 5 (      STSA, B-SLICE, QP 36)             3504 bits [Y 37.6363 dB    U 42.1599 dB    V 43.4613 dB] [ET     6 ] [L0 8 0 ] [L1 10 12 ]
POC    11 TId: 5 (      STSA, B-SLICE, QP 36)             3736 bits [Y 37.3315 dB    U 42.0089 dB    V 43.2442 dB] [ET     6 ] [L0 10 8 ] [L1 12 16 ]
POC    14 TId: 4 (      STSA, B-SLICE, QP 34)            10512 bits [Y 37.4268 dB    U 41.9600 dB    V 43.0158 dB] [ET    12 ] [L0 12 8 ] [L1 16 12 ]
POC    13 TId: 5 (      STSA, B-SLICE, QP 36)             4120 bits [Y 37.2118 dB    U 41.9419 dB    V 43.0921 dB] [ET     6 ] [L0 12 8 ] [L1 14 16 ]
POC    15 TId: 5 (      STSA, B-SLICE, QP 36)             4424 bits [Y 37.4091 dB    U 42.0121 dB    V 43.1457 dB] [ET     6 ] [L0 14 12 ] [L1 16 14 ]

	Total Frames |   Bitrate     Y-PSNR    U-PSNR    V-PSNR    YUV-PSNR   
	       17    a    2224.5176   38.0386   42.3181   43.6188   39.0947

 finished @ Sun Apr 23 12:30:30 2023
 Total Time:      612.665 sec. [user]      612.729 sec. [elapsed]

Level: 0
Inject Calls: 117212544
Errors injected by bit:
	Bit 0: 11802
	Bit 1: 11683
	Bit 2: 11748
	Bit 3: 11784
	Bit 4: 11480
	Bit 5: 11671
	Bit 6: 11657
	Bit 7: 11674

Total errors injected: 93499
