vvencFFapp: Fraunhofer VVC Encoder ver. 1.5.0 [Linux][GCC 11.3.0][64 bit][SIMD=AVX2]
 started @ Sun Apr 23 10:45:16 2023
CODING TOOL CFG: CTU128 QT44BTT21 IBD:1 SAO:1 ALF:1 (NonLinLuma:0 NonLinChr:0) CCALF:1 Tiles:1x1 Slices:1 WPP:0 WPP-Substreams:1 TMVP:1 DQ:1 SDH:0 CST:1 BDOF:1 DMVR:1 MTSImplicit:1 SBT:0 JCbCr:1 CabacInitPresent:1 AMVR:5 SMVD:3 LMCS:2 (Signal:SDR Opt:0) CIIP:0 MIP:1 AFFINE:2 (PROF:1, Type:1) MMVD:3 DisFracMMVD:1 SbTMVP:1 GPM:3 LFNST:1 MTS:0 ISP:3 TS:2 TSLog2MaxSize:4 useChromaTS:0 BDPCM:2 IBC:2 BCW:0 
ENC. ALG. CFG: QPA:0 HAD:1 RDQ:1 RDQTS:1 ASR:1 MinSearchWindow:96 RestrictMESampling:0 EDO:2 MCTF:2 
PRE-ANALYSIS CFG: STA:1 LeadFrames:0 TrailFrames:0 
FAST TOOL CFG: ECU:0 FEN:1 FDM:1 FastSearch:4 (SCC:2) LCTUFast:1 FastMrg:2 PBIntraFast:1 AMaxBT:1 FastQtBtEnc:1 ContentBasedFastQtbt:0 FastMIP:3 FastIntraTools:0 IntraEstDecBit:2 FastLocalDualTree:1 IntegerET:0 FastSubPel:1 QtbttExtraFast:3 FastTTSplit:0 IBCFastMethod:3 FIM:0 ALFSpeed:0 QuantThr: 4 
RATE CONTROL CFG: RateControl:0 LookAhead:0 
PARALLEL PROCESSING CFG: NumThreads:0 MaxParallelFrames:0 WppBitEqual:0 WF:0 

POC     0 TId: 0 (  IDR_N_LP, I-SLICE, QP 19, TF 3)     581848 bits [Y 42.2672 dB    U 45.0524 dB    V 46.9660 dB] [ET   337 ] [L0 ] [L1 ]
POC    16 TId: 1 (      STSA, B-SLICE, QP 22, TF 2)     217104 bits [Y 41.6189 dB    U 44.2088 dB    V 45.8496 dB] [ET   126 ] [L0 0 ] [L1 0 ]
POC     8 TId: 2 (      STSA, B-SLICE, QP 23, TF 1)      96360 bits [Y 40.9327 dB    U 44.1547 dB    V 45.9997 dB] [ET    74 ] [L0 0 16 ] [L1 16 0 ]
POC     4 TId: 3 (      STSA, B-SLICE, QP 26, TF 0)      43592 bits [Y 40.5437 dB    U 44.3057 dB    V 46.1166 dB] [ET    51 ] [L0 0 8 ] [L1 8 16 ]
POC     2 TId: 4 (      STSA, B-SLICE, QP 28)            20968 bits [Y 40.5660 dB    U 44.6578 dB    V 46.4458 dB] [ET    18 ] [L0 0 4 ] [L1 4 8 ]
POC     1 TId: 5 (      STSA, B-SLICE, QP 29)             9216 bits [Y 40.8544 dB    U 44.8208 dB    V 46.6928 dB] [ET    10 ] [L0 0 2 ] [L1 2 4 ]
POC     3 TId: 5 (      STSA, B-SLICE, QP 29)            10304 bits [Y 40.2289 dB    U 44.4836 dB    V 46.2632 dB] [ET    11 ] [L0 2 0 ] [L1 4 8 ]
POC     6 TId: 4 (      STSA, B-SLICE, QP 28)            21992 bits [Y 40.1359 dB    U 44.1467 dB    V 45.8902 dB] [ET    19 ] [L0 4 0 ] [L1 8 16 ]
POC     5 TId: 5 (      STSA, B-SLICE, QP 29)            10688 bits [Y 40.0087 dB    U 44.1054 dB    V 45.9325 dB] [ET    11 ] [L0 4 0 ] [L1 6 8 ]
POC     7 TId: 5 (      STSA, B-SLICE, QP 29)             9480 bits [Y 40.0715 dB    U 44.1746 dB    V 45.8383 dB] [ET    12 ] [L0 6 4 ] [L1 8 16 ]
POC    12 TId: 3 (      STSA, B-SLICE, QP 26, TF 0)      48648 bits [Y 40.2561 dB    U 43.9557 dB    V 45.5483 dB] [ET    55 ] [L0 8 0 ] [L1 16 8 ]
POC    10 TId: 4 (      STSA, B-SLICE, QP 28)            23384 bits [Y 40.0434 dB    U 43.9657 dB    V 45.5691 dB] [ET    21 ] [L0 8 0 ] [L1 12 16 ]
POC     9 TId: 5 (      STSA, B-SLICE, QP 29)             9928 bits [Y 39.9898 dB    U 44.0429 dB    V 45.8374 dB] [ET    11 ] [L0 8 0 ] [L1 10 12 ]
POC    11 TId: 5 (      STSA, B-SLICE, QP 29)            11264 bits [Y 39.8493 dB    U 43.9093 dB    V 45.5698 dB] [ET    12 ] [L0 10 8 ] [L1 12 16 ]
POC    14 TId: 4 (      STSA, B-SLICE, QP 28)            27080 bits [Y 39.9811 dB    U 43.8545 dB    V 45.3976 dB] [ET    22 ] [L0 12 8 ] [L1 16 12 ]
POC    13 TId: 5 (      STSA, B-SLICE, QP 29)            12752 bits [Y 39.7380 dB    U 43.8482 dB    V 45.4285 dB] [ET    14 ] [L0 12 8 ] [L1 14 16 ]
POC    15 TId: 5 (      STSA, B-SLICE, QP 29)            13992 bits [Y 39.9456 dB    U 43.9509 dB    V 45.4537 dB] [ET    13 ] [L0 14 12 ] [L1 16 14 ]

	Total Frames |   Bitrate     Y-PSNR    U-PSNR    V-PSNR    YUV-PSNR   
	       17    a    4124.4706   40.4136   44.2140   45.9294   41.4349

 finished @ Sun Apr 23 10:59:09 2023
 Total Time:      832.992 sec. [user]      833.110 sec. [elapsed]

Level: 0
Inject Calls: 87613056
Errors injected by bit:
	Bit 0: 87075
	Bit 1: 87838
	Bit 2: 87425
	Bit 3: 87610
	Bit 4: 87604
	Bit 5: 86837
	Bit 6: 87849
	Bit 7: 87875

Total errors injected: 700113
