vvencFFapp: Fraunhofer VVC Encoder ver. 1.5.0 [Linux][GCC 11.3.0][64 bit][SIMD=AVX2]
 started @ Thu Apr  6 08:21:15 2023
CODING TOOL CFG: CTU128 QT44BTT21 IBD:1 SAO:1 ALF:1 (NonLinLuma:0 NonLinChr:0) CCALF:1 Tiles:1x1 Slices:1 WPP:0 WPP-Substreams:1 TMVP:1 DQ:1 SDH:0 CST:1 BDOF:1 DMVR:1 MTSImplicit:1 SBT:0 JCbCr:1 CabacInitPresent:1 AMVR:5 SMVD:3 LMCS:2 (Signal:SDR Opt:0) CIIP:0 MIP:1 AFFINE:2 (PROF:1, Type:1) MMVD:3 DisFracMMVD:1 SbTMVP:1 GPM:3 LFNST:1 MTS:0 ISP:3 TS:2 TSLog2MaxSize:4 useChromaTS:0 BDPCM:2 IBC:2 BCW:0 
ENC. ALG. CFG: QPA:0 HAD:1 RDQ:1 RDQTS:1 ASR:1 MinSearchWindow:96 RestrictMESampling:0 EDO:2 MCTF:2 
PRE-ANALYSIS CFG: STA:1 LeadFrames:0 TrailFrames:0 
FAST TOOL CFG: ECU:0 FEN:1 FDM:1 FastSearch:4 (SCC:2) LCTUFast:1 FastMrg:2 PBIntraFast:1 AMaxBT:1 FastQtBtEnc:1 ContentBasedFastQtbt:0 FastMIP:3 FastIntraTools:0 IntraEstDecBit:2 FastLocalDualTree:1 IntegerET:0 FastSubPel:1 QtbttExtraFast:3 FastTTSplit:0 IBCFastMethod:3 FIM:0 ALFSpeed:0 QuantThr: 4 
RATE CONTROL CFG: RateControl:0 LookAhead:0 
PARALLEL PROCESSING CFG: NumThreads:0 MaxParallelFrames:0 WppBitEqual:0 WF:0 

POC     0 TId: 0 (  IDR_N_LP, I-SLICE, QP 29, TF 2)     239000 bits [Y 37.7621 dB    U 41.1947 dB    V 42.2796 dB] [ET   199 ] [L0 ] [L1 ]
POC    16 TId: 1 (      STSA, B-SLICE, QP 34, TF 1)      48440 bits [Y 35.5525 dB    U 39.8724 dB    V 40.5960 dB] [ET   354 ] [L0 0 ] [L1 0 ]
POC     8 TId: 2 (      STSA, B-SLICE, QP 35, TF 0)      20168 bits [Y 35.7165 dB    U 40.1776 dB    V 41.0781 dB] [ET   459 ] [L0 0 16 ] [L1 16 0 ]
POC     4 TId: 3 (      STSA, B-SLICE, QP 38)             8368 bits [Y 35.5922 dB    U 40.5882 dB    V 41.3843 dB] [ET   389 ] [L0 0 8 ] [L1 8 16 ]
POC     2 TId: 4 (      STSA, B-SLICE, QP 40)             3752 bits [Y 35.8474 dB    U 40.9042 dB    V 41.8543 dB] [ET   258 ] [L0 0 4 ] [L1 4 8 ]
POC     1 TId: 5 (      STSA, B-SLICE, QP 41)             1440 bits [Y 36.3724 dB    U 41.0187 dB    V 42.1083 dB] [ET   194 ] [L0 0 2 ] [L1 2 4 ]
POC     3 TId: 5 (      STSA, B-SLICE, QP 41)             1488 bits [Y 35.3843 dB    U 40.8330 dB    V 41.6446 dB] [ET   264 ] [L0 2 0 ] [L1 4 8 ]
POC     6 TId: 4 (      STSA, B-SLICE, QP 40)             3832 bits [Y 35.1181 dB    U 40.4510 dB    V 41.2899 dB] [ET   335 ] [L0 4 0 ] [L1 8 16 ]
POC     5 TId: 5 (      STSA, B-SLICE, QP 41)             1648 bits [Y 35.0682 dB    U 40.4964 dB    V 41.3172 dB] [ET   249 ] [L0 4 0 ] [L1 6 8 ]
POC     7 TId: 5 (      STSA, B-SLICE, QP 41)             1296 bits [Y 35.1529 dB    U 40.3587 dB    V 41.1811 dB] [ET   261 ] [L0 6 4 ] [L1 8 16 ]
POC    12 TId: 3 (      STSA, B-SLICE, QP 38)             9880 bits [Y 34.9425 dB    U 40.0930 dB    V 40.7994 dB] [ET   407 ] [L0 8 0 ] [L1 16 8 ]
POC    10 TId: 4 (      STSA, B-SLICE, QP 40)             3696 bits [Y 34.7587 dB    U 40.1075 dB    V 40.9015 dB] [ET   351 ] [L0 8 0 ] [L1 12 16 ]
POC     9 TId: 5 (      STSA, B-SLICE, QP 41)             1664 bits [Y 34.9483 dB    U 40.2208 dB    V 41.0083 dB] [ET   279 ] [L0 8 0 ] [L1 10 12 ]
POC    11 TId: 5 (      STSA, B-SLICE, QP 41)             1616 bits [Y 34.5474 dB    U 40.0616 dB    V 40.8222 dB] [ET   252 ] [L0 10 8 ] [L1 12 16 ]
POC    14 TId: 4 (      STSA, B-SLICE, QP 40)             4624 bits [Y 34.5625 dB    U 39.9676 dB    V 40.6951 dB] [ET   286 ] [L0 12 8 ] [L1 16 12 ]
POC    13 TId: 5 (      STSA, B-SLICE, QP 41)             2048 bits [Y 34.4680 dB    U 40.0455 dB    V 40.7339 dB] [ET   264 ] [L0 12 8 ] [L1 14 16 ]
POC    15 TId: 5 (      STSA, B-SLICE, QP 41)             2064 bits [Y 34.6426 dB    U 39.9706 dB    V 40.6692 dB] [ET   227 ] [L0 14 12 ] [L1 16 14 ]

	Total Frames |   Bitrate     Y-PSNR    U-PSNR    V-PSNR    YUV-PSNR   
	       17    a    1253.0259   35.3198   40.3742   41.1978   36.4410

 finished @ Thu Apr  6 09:45:17 2023
 Total Time:     5041.911 sec. [user]     5042.133 sec. [elapsed]

Level: 0
Inject Calls: 5987931678
Errors injected by bit:
	Bit 0: 59842
	Bit 1: 60172
	Bit 2: 59973
	Bit 3: 60227
	Bit 4: 59649
	Bit 5: 59787
	Bit 6: 59991
	Bit 7: 60413

Total errors injected: 480054
