vvencFFapp: Fraunhofer VVC Encoder ver. 1.5.0 [Linux][GCC 11.3.0][64 bit][SIMD=AVX2]
 started @ Wed Apr  5 16:35:57 2023
CODING TOOL CFG: CTU128 QT44BTT21 IBD:1 SAO:1 ALF:1 (NonLinLuma:0 NonLinChr:0) CCALF:1 Tiles:1x1 Slices:1 WPP:0 WPP-Substreams:1 TMVP:1 DQ:1 SDH:0 CST:1 BDOF:1 DMVR:1 MTSImplicit:1 SBT:0 JCbCr:1 CabacInitPresent:1 AMVR:5 SMVD:3 LMCS:2 (Signal:SDR Opt:0) CIIP:0 MIP:1 AFFINE:2 (PROF:1, Type:1) MMVD:3 DisFracMMVD:1 SbTMVP:1 GPM:3 LFNST:1 MTS:0 ISP:3 TS:2 TSLog2MaxSize:4 useChromaTS:0 BDPCM:2 IBC:2 BCW:0 
ENC. ALG. CFG: QPA:0 HAD:1 RDQ:1 RDQTS:1 ASR:1 MinSearchWindow:96 RestrictMESampling:0 EDO:2 MCTF:2 
PRE-ANALYSIS CFG: STA:1 LeadFrames:0 TrailFrames:0 
FAST TOOL CFG: ECU:0 FEN:1 FDM:1 FastSearch:4 (SCC:2) LCTUFast:1 FastMrg:2 PBIntraFast:1 AMaxBT:1 FastQtBtEnc:1 ContentBasedFastQtbt:0 FastMIP:3 FastIntraTools:0 IntraEstDecBit:2 FastLocalDualTree:1 IntegerET:0 FastSubPel:1 QtbttExtraFast:3 FastTTSplit:0 IBCFastMethod:3 FIM:0 ALFSpeed:0 QuantThr: 4 
RATE CONTROL CFG: RateControl:0 LookAhead:0 
PARALLEL PROCESSING CFG: NumThreads:0 MaxParallelFrames:0 WppBitEqual:0 WF:0 

POC     0 TId: 0 (  IDR_N_LP, I-SLICE, QP 24, TF 3)     377624 bits [Y 40.2668 dB    U 43.0828 dB    V 44.6158 dB] [ET   274 ] [L0 ] [L1 ]
POC    16 TId: 1 (      STSA, B-SLICE, QP 28, TF 2)     102016 bits [Y 38.7068 dB    U 42.0467 dB    V 43.2628 dB] [ET   451 ] [L0 0 ] [L1 0 ]
POC     8 TId: 2 (      STSA, B-SLICE, QP 29, TF 1)      44552 bits [Y 38.5793 dB    U 42.2124 dB    V 43.5529 dB] [ET   526 ] [L0 0 16 ] [L1 16 0 ]
POC     4 TId: 3 (      STSA, B-SLICE, QP 32, TF 0)      18552 bits [Y 38.2939 dB    U 42.4986 dB    V 43.8228 dB] [ET   517 ] [L0 0 8 ] [L1 8 16 ]
POC     2 TId: 4 (      STSA, B-SLICE, QP 34)             8320 bits [Y 38.4241 dB    U 42.7990 dB    V 44.2443 dB] [ET   388 ] [L0 0 4 ] [L1 4 8 ]
POC     1 TId: 5 (      STSA, B-SLICE, QP 36)             2760 bits [Y 38.7509 dB    U 42.9010 dB    V 44.4414 dB] [ET   261 ] [L0 0 2 ] [L1 2 4 ]
POC     3 TId: 5 (      STSA, B-SLICE, QP 36)             3200 bits [Y 37.8928 dB    U 42.6777 dB    V 44.0277 dB] [ET   343 ] [L0 2 0 ] [L1 4 8 ]
POC     6 TId: 4 (      STSA, B-SLICE, QP 34)             8880 bits [Y 37.8787 dB    U 42.3450 dB    V 43.6677 dB] [ET   444 ] [L0 4 0 ] [L1 8 16 ]
POC     5 TId: 5 (      STSA, B-SLICE, QP 36)             3296 bits [Y 37.6707 dB    U 42.3460 dB    V 43.7058 dB] [ET   338 ] [L0 4 0 ] [L1 6 8 ]
POC     7 TId: 5 (      STSA, B-SLICE, QP 36)             2912 bits [Y 37.7622 dB    U 42.2899 dB    V 43.6128 dB] [ET   355 ] [L0 6 4 ] [L1 8 16 ]
POC    12 TId: 3 (      STSA, B-SLICE, QP 32, TF 0)      21808 bits [Y 37.8224 dB    U 41.9858 dB    V 43.2029 dB] [ET   509 ] [L0 8 0 ] [L1 16 8 ]
POC    10 TId: 4 (      STSA, B-SLICE, QP 34)             9400 bits [Y 37.6156 dB    U 42.0579 dB    V 43.2359 dB] [ET   485 ] [L0 8 0 ] [L1 12 16 ]
POC     9 TId: 5 (      STSA, B-SLICE, QP 36)             3400 bits [Y 37.6694 dB    U 42.1288 dB    V 43.4840 dB] [ET   335 ] [L0 8 0 ] [L1 10 12 ]
POC    11 TId: 5 (      STSA, B-SLICE, QP 36)             3392 bits [Y 37.3073 dB    U 42.0044 dB    V 43.2528 dB] [ET   332 ] [L0 10 8 ] [L1 12 16 ]
POC    14 TId: 4 (      STSA, B-SLICE, QP 34)            10752 bits [Y 37.4470 dB    U 41.9317 dB    V 43.0117 dB] [ET   394 ] [L0 12 8 ] [L1 16 12 ]
POC    13 TId: 5 (      STSA, B-SLICE, QP 36)             4008 bits [Y 37.1951 dB    U 41.9481 dB    V 43.0753 dB] [ET   391 ] [L0 12 8 ] [L1 14 16 ]
POC    15 TId: 5 (      STSA, B-SLICE, QP 36)             4080 bits [Y 37.3653 dB    U 41.9688 dB    V 43.1075 dB] [ET   290 ] [L0 14 12 ] [L1 16 14 ]

	Total Frames |   Bitrate     Y-PSNR    U-PSNR    V-PSNR    YUV-PSNR   
	       17    a    2219.8306   38.0381   42.3073   43.6073   39.0923

 finished @ Wed Apr  5 18:26:47 2023
 Total Time:     6648.840 sec. [user]     6650.666 sec. [elapsed]

Level: 0
Inject Calls: 7800928487
Errors injected by bit:
	Bit 0: 782305
	Bit 1: 781735
	Bit 2: 780491
	Bit 3: 780450
	Bit 4: 778816
	Bit 5: 780496
	Bit 6: 781915
	Bit 7: 780842

Total errors injected: 6247050
