vvencFFapp: Fraunhofer VVC Encoder ver. 1.5.0 [Linux][GCC 11.3.0][64 bit][SIMD=AVX2]
 started @ Thu Apr  6 16:01:24 2023
CODING TOOL CFG: CTU128 QT44BTT21 IBD:1 SAO:1 ALF:1 (NonLinLuma:0 NonLinChr:0) CCALF:1 Tiles:1x1 Slices:1 WPP:0 WPP-Substreams:1 TMVP:1 DQ:1 SDH:0 CST:1 BDOF:1 DMVR:1 MTSImplicit:1 SBT:0 JCbCr:1 CabacInitPresent:1 AMVR:5 SMVD:3 LMCS:2 (Signal:SDR Opt:0) CIIP:0 MIP:1 AFFINE:2 (PROF:1, Type:1) MMVD:3 DisFracMMVD:1 SbTMVP:1 GPM:3 LFNST:1 MTS:0 ISP:3 TS:2 TSLog2MaxSize:4 useChromaTS:0 BDPCM:2 IBC:2 BCW:0 
ENC. ALG. CFG: QPA:0 HAD:1 RDQ:1 RDQTS:1 ASR:1 MinSearchWindow:96 RestrictMESampling:0 EDO:2 MCTF:2 
PRE-ANALYSIS CFG: STA:1 LeadFrames:0 TrailFrames:0 
FAST TOOL CFG: ECU:0 FEN:1 FDM:1 FastSearch:4 (SCC:2) LCTUFast:1 FastMrg:2 PBIntraFast:1 AMaxBT:1 FastQtBtEnc:1 ContentBasedFastQtbt:0 FastMIP:3 FastIntraTools:0 IntraEstDecBit:2 FastLocalDualTree:1 IntegerET:0 FastSubPel:1 QtbttExtraFast:3 FastTTSplit:0 IBCFastMethod:3 FIM:0 ALFSpeed:0 QuantThr: 4 
RATE CONTROL CFG: RateControl:0 LookAhead:0 
PARALLEL PROCESSING CFG: NumThreads:0 MaxParallelFrames:0 WppBitEqual:0 WF:0 

POC     0 TId: 0 (  IDR_N_LP, I-SLICE, QP 34, TF 2)     142152 bits [Y 34.7290 dB    U 39.0714 dB    V 39.9878 dB] [ET   158 ] [L0 ] [L1 ]
POC    16 TId: 1 (      STSA, B-SLICE, QP 40, TF 1)      22392 bits [Y 32.2925 dB    U 38.2679 dB    V 38.8237 dB] [ET   278 ] [L0 0 ] [L1 0 ]
POC     8 TId: 2 (      STSA, B-SLICE, QP 40, TF 0)      10608 bits [Y 32.8185 dB    U 38.5096 dB    V 39.2969 dB] [ET   366 ] [L0 0 16 ] [L1 16 0 ]
POC     4 TId: 3 (      STSA, B-SLICE, QP 43)             4472 bits [Y 32.8551 dB    U 38.7133 dB    V 39.4852 dB] [ET   303 ] [L0 0 8 ] [L1 8 16 ]
POC     2 TId: 4 (      STSA, B-SLICE, QP 45)             1752 bits [Y 33.0867 dB    U 38.8602 dB    V 39.7263 dB] [ET   226 ] [L0 0 4 ] [L1 4 8 ]
POC     1 TId: 5 (      STSA, B-SLICE, QP 46)              560 bits [Y 33.5899 dB    U 38.9160 dB    V 39.9331 dB] [ET   163 ] [L0 0 2 ] [L1 2 4 ]
POC     3 TId: 5 (      STSA, B-SLICE, QP 46)              672 bits [Y 32.7470 dB    U 38.8546 dB    V 39.6511 dB] [ET   222 ] [L0 2 0 ] [L1 4 8 ]
POC     6 TId: 4 (      STSA, B-SLICE, QP 45)             2096 bits [Y 32.4282 dB    U 38.6799 dB    V 39.4449 dB] [ET   284 ] [L0 4 0 ] [L1 8 16 ]
POC     5 TId: 5 (      STSA, B-SLICE, QP 46)              856 bits [Y 32.4024 dB    U 38.6401 dB    V 39.4580 dB] [ET   224 ] [L0 4 0 ] [L1 6 8 ]
POC     7 TId: 5 (      STSA, B-SLICE, QP 46)              696 bits [Y 32.5088 dB    U 38.6161 dB    V 39.3882 dB] [ET   235 ] [L0 6 4 ] [L1 8 16 ]
POC    12 TId: 3 (      STSA, B-SLICE, QP 43)             5056 bits [Y 32.0277 dB    U 38.4054 dB    V 39.0783 dB] [ET   325 ] [L0 8 0 ] [L1 16 8 ]
POC    10 TId: 4 (      STSA, B-SLICE, QP 45)             1736 bits [Y 31.8616 dB    U 38.4287 dB    V 39.0606 dB] [ET   277 ] [L0 8 0 ] [L1 12 16 ]
POC     9 TId: 5 (      STSA, B-SLICE, QP 46)              880 bits [Y 32.1621 dB    U 38.5305 dB    V 39.2604 dB] [ET   247 ] [L0 8 0 ] [L1 10 12 ]
POC    11 TId: 5 (      STSA, B-SLICE, QP 46)              680 bits [Y 31.6976 dB    U 38.3803 dB    V 39.0244 dB] [ET   233 ] [L0 10 8 ] [L1 12 16 ]
POC    14 TId: 4 (      STSA, B-SLICE, QP 45)             2312 bits [Y 31.6757 dB    U 38.3013 dB    V 38.9202 dB] [ET   240 ] [L0 12 8 ] [L1 16 12 ]
POC    13 TId: 5 (      STSA, B-SLICE, QP 46)              976 bits [Y 31.6578 dB    U 38.3824 dB    V 39.0109 dB] [ET   233 ] [L0 12 8 ] [L1 14 16 ]
POC    15 TId: 5 (      STSA, B-SLICE, QP 46)              912 bits [Y 31.7405 dB    U 38.3451 dB    V 38.8920 dB] [ET   192 ] [L0 14 12 ] [L1 16 14 ]

	Total Frames |   Bitrate     Y-PSNR    U-PSNR    V-PSNR    YUV-PSNR   
	       17    a     701.6753   32.4871   38.5825   39.3201   33.7236

 finished @ Thu Apr  6 17:11:44 2023
 Total Time:     4220.063 sec. [user]     4220.281 sec. [elapsed]

Level: 0
Inject Calls: 5090525944
Errors injected by bit:
	Bit 0: 5093529
	Bit 1: 5093410
	Bit 2: 5089574
	Bit 3: 5090374
	Bit 4: 5094137
	Bit 5: 5090774
	Bit 6: 5091617
	Bit 7: 5092009

Total errors injected: 40735424
