vvencFFapp: Fraunhofer VVC Encoder ver. 1.5.0 [Linux][GCC 11.3.0][64 bit][SIMD=AVX2]
 started @ Wed Apr  5 16:40:57 2023
CODING TOOL CFG: CTU128 QT44BTT21 IBD:1 SAO:1 ALF:1 (NonLinLuma:0 NonLinChr:0) CCALF:1 Tiles:1x1 Slices:1 WPP:0 WPP-Substreams:1 TMVP:1 DQ:1 SDH:0 CST:1 BDOF:1 DMVR:1 MTSImplicit:1 SBT:0 JCbCr:1 CabacInitPresent:1 AMVR:5 SMVD:3 LMCS:2 (Signal:SDR Opt:0) CIIP:0 MIP:1 AFFINE:2 (PROF:1, Type:1) MMVD:3 DisFracMMVD:1 SbTMVP:1 GPM:3 LFNST:1 MTS:0 ISP:3 TS:2 TSLog2MaxSize:4 useChromaTS:0 BDPCM:2 IBC:2 BCW:0 
ENC. ALG. CFG: QPA:0 HAD:1 RDQ:1 RDQTS:1 ASR:1 MinSearchWindow:96 RestrictMESampling:0 EDO:2 MCTF:2 
PRE-ANALYSIS CFG: STA:1 LeadFrames:0 TrailFrames:0 
FAST TOOL CFG: ECU:0 FEN:1 FDM:1 FastSearch:4 (SCC:2) LCTUFast:1 FastMrg:2 PBIntraFast:1 AMaxBT:1 FastQtBtEnc:1 ContentBasedFastQtbt:0 FastMIP:3 FastIntraTools:0 IntraEstDecBit:2 FastLocalDualTree:1 IntegerET:0 FastSubPel:1 QtbttExtraFast:3 FastTTSplit:0 IBCFastMethod:3 FIM:0 ALFSpeed:0 QuantThr: 4 
RATE CONTROL CFG: RateControl:0 LookAhead:0 
PARALLEL PROCESSING CFG: NumThreads:0 MaxParallelFrames:0 WppBitEqual:0 WF:0 

POC     0 TId: 0 (  IDR_N_LP, I-SLICE, QP 24, TF 3)     377624 bits [Y 40.2668 dB    U 43.0828 dB    V 44.6158 dB] [ET   273 ] [L0 ] [L1 ]
POC    16 TId: 1 (      STSA, B-SLICE, QP 28, TF 2)     101048 bits [Y 38.6823 dB    U 42.0357 dB    V 43.2378 dB] [ET   436 ] [L0 0 ] [L1 0 ]
POC     8 TId: 2 (      STSA, B-SLICE, QP 29, TF 1)      44696 bits [Y 38.5883 dB    U 42.2382 dB    V 43.6014 dB] [ET   536 ] [L0 0 16 ] [L1 16 0 ]
POC     4 TId: 3 (      STSA, B-SLICE, QP 32, TF 0)      18904 bits [Y 38.3208 dB    U 42.4610 dB    V 43.8147 dB] [ET   516 ] [L0 0 8 ] [L1 8 16 ]
POC     2 TId: 4 (      STSA, B-SLICE, QP 34)             7976 bits [Y 38.4035 dB    U 42.7891 dB    V 44.1504 dB] [ET   389 ] [L0 0 4 ] [L1 4 8 ]
POC     1 TId: 5 (      STSA, B-SLICE, QP 36)             2656 bits [Y 38.7365 dB    U 42.9129 dB    V 44.4275 dB] [ET   267 ] [L0 0 2 ] [L1 2 4 ]
POC     3 TId: 5 (      STSA, B-SLICE, QP 36)             3248 bits [Y 37.9020 dB    U 42.6843 dB    V 43.9940 dB] [ET   347 ] [L0 2 0 ] [L1 4 8 ]
POC     6 TId: 4 (      STSA, B-SLICE, QP 34)             8976 bits [Y 37.8693 dB    U 42.3727 dB    V 43.7182 dB] [ET   452 ] [L0 4 0 ] [L1 8 16 ]
POC     5 TId: 5 (      STSA, B-SLICE, QP 36)             3368 bits [Y 37.7015 dB    U 42.3496 dB    V 43.7290 dB] [ET   341 ] [L0 4 0 ] [L1 6 8 ]
POC     7 TId: 5 (      STSA, B-SLICE, QP 36)             2704 bits [Y 37.7285 dB    U 42.3354 dB    V 43.6562 dB] [ET   370 ] [L0 6 4 ] [L1 8 16 ]
POC    12 TId: 3 (      STSA, B-SLICE, QP 32, TF 0)      21600 bits [Y 37.8027 dB    U 41.9699 dB    V 43.1833 dB] [ET   513 ] [L0 8 0 ] [L1 16 8 ]
POC    10 TId: 4 (      STSA, B-SLICE, QP 34)             9336 bits [Y 37.6153 dB    U 42.1372 dB    V 43.3375 dB] [ET   495 ] [L0 8 0 ] [L1 12 16 ]
POC     9 TId: 5 (      STSA, B-SLICE, QP 36)             3424 bits [Y 37.5887 dB    U 42.2063 dB    V 43.4862 dB] [ET   337 ] [L0 8 0 ] [L1 10 12 ]
POC    11 TId: 5 (      STSA, B-SLICE, QP 36)             3504 bits [Y 37.3232 dB    U 42.0205 dB    V 43.2420 dB] [ET   362 ] [L0 10 8 ] [L1 12 16 ]
POC    14 TId: 4 (      STSA, B-SLICE, QP 34)            10808 bits [Y 37.4434 dB    U 41.9124 dB    V 43.0031 dB] [ET   406 ] [L0 12 8 ] [L1 16 12 ]
POC    13 TId: 5 (      STSA, B-SLICE, QP 36)             4184 bits [Y 37.1826 dB    U 41.8924 dB    V 43.0676 dB] [ET   394 ] [L0 12 8 ] [L1 14 16 ]
POC    15 TId: 5 (      STSA, B-SLICE, QP 36)             3936 bits [Y 37.3381 dB    U 41.9354 dB    V 43.0453 dB] [ET   279 ] [L0 14 12 ] [L1 16 14 ]

	Total Frames |   Bitrate     Y-PSNR    U-PSNR    V-PSNR    YUV-PSNR   
	       17    a    2216.4424   38.0290   42.3139   43.6065   39.0846

 finished @ Wed Apr  5 18:33:06 2023
 Total Time:     6728.682 sec. [user]     6728.913 sec. [elapsed]

Level: 0
Inject Calls: 7894224521
Errors injected by bit:
	Bit 0: 789831
	Bit 1: 791064
	Bit 2: 789395
	Bit 3: 789977
	Bit 4: 790608
	Bit 5: 789468
	Bit 6: 789657
	Bit 7: 789586

Total errors injected: 6319586
