vvencFFapp: Fraunhofer VVC Encoder ver. 1.5.0 [Linux][GCC 11.3.0][64 bit][SIMD=AVX2]
 started @ Wed Apr  5 18:45:59 2023
CODING TOOL CFG: CTU128 QT44BTT21 IBD:1 SAO:1 ALF:1 (NonLinLuma:0 NonLinChr:0) CCALF:1 Tiles:1x1 Slices:1 WPP:0 WPP-Substreams:1 TMVP:1 DQ:1 SDH:0 CST:1 BDOF:1 DMVR:1 MTSImplicit:1 SBT:0 JCbCr:1 CabacInitPresent:1 AMVR:5 SMVD:3 LMCS:2 (Signal:SDR Opt:0) CIIP:0 MIP:1 AFFINE:2 (PROF:1, Type:1) MMVD:3 DisFracMMVD:1 SbTMVP:1 GPM:3 LFNST:1 MTS:0 ISP:3 TS:2 TSLog2MaxSize:4 useChromaTS:0 BDPCM:2 IBC:2 BCW:0 
ENC. ALG. CFG: QPA:0 HAD:1 RDQ:1 RDQTS:1 ASR:1 MinSearchWindow:96 RestrictMESampling:0 EDO:2 MCTF:2 
PRE-ANALYSIS CFG: STA:1 LeadFrames:0 TrailFrames:0 
FAST TOOL CFG: ECU:0 FEN:1 FDM:1 FastSearch:4 (SCC:2) LCTUFast:1 FastMrg:2 PBIntraFast:1 AMaxBT:1 FastQtBtEnc:1 ContentBasedFastQtbt:0 FastMIP:3 FastIntraTools:0 IntraEstDecBit:2 FastLocalDualTree:1 IntegerET:0 FastSubPel:1 QtbttExtraFast:3 FastTTSplit:0 IBCFastMethod:3 FIM:0 ALFSpeed:0 QuantThr: 4 
RATE CONTROL CFG: RateControl:0 LookAhead:0 
PARALLEL PROCESSING CFG: NumThreads:0 MaxParallelFrames:0 WppBitEqual:0 WF:0 

POC     0 TId: 0 (  IDR_N_LP, I-SLICE, QP 24, TF 3)     377624 bits [Y 40.2668 dB    U 43.0828 dB    V 44.6158 dB] [ET   267 ] [L0 ] [L1 ]
POC    16 TId: 1 (      STSA, B-SLICE, QP 28, TF 2)     102656 bits [Y 38.7224 dB    U 42.0157 dB    V 43.2616 dB] [ET   442 ] [L0 0 ] [L1 0 ]
POC     8 TId: 2 (      STSA, B-SLICE, QP 29, TF 1)      45064 bits [Y 38.6065 dB    U 42.2248 dB    V 43.6223 dB] [ET   531 ] [L0 0 16 ] [L1 16 0 ]
POC     4 TId: 3 (      STSA, B-SLICE, QP 32, TF 0)      18600 bits [Y 38.3170 dB    U 42.4351 dB    V 43.7887 dB] [ET   508 ] [L0 0 8 ] [L1 8 16 ]
POC     2 TId: 4 (      STSA, B-SLICE, QP 34)             8208 bits [Y 38.4362 dB    U 42.7924 dB    V 44.1840 dB] [ET   398 ] [L0 0 4 ] [L1 4 8 ]
POC     1 TId: 5 (      STSA, B-SLICE, QP 36)             2816 bits [Y 38.7419 dB    U 42.8766 dB    V 44.4034 dB] [ET   250 ] [L0 0 2 ] [L1 2 4 ]
POC     3 TId: 5 (      STSA, B-SLICE, QP 36)             3312 bits [Y 37.9241 dB    U 42.6469 dB    V 43.9917 dB] [ET   347 ] [L0 2 0 ] [L1 4 8 ]
POC     6 TId: 4 (      STSA, B-SLICE, QP 34)             8920 bits [Y 37.8929 dB    U 42.3091 dB    V 43.6565 dB] [ET   455 ] [L0 4 0 ] [L1 8 16 ]
POC     5 TId: 5 (      STSA, B-SLICE, QP 36)             3344 bits [Y 37.6777 dB    U 42.3264 dB    V 43.7169 dB] [ET   329 ] [L0 4 0 ] [L1 6 8 ]
POC     7 TId: 5 (      STSA, B-SLICE, QP 36)             2832 bits [Y 37.7807 dB    U 42.2958 dB    V 43.6275 dB] [ET   355 ] [L0 6 4 ] [L1 8 16 ]
POC    12 TId: 3 (      STSA, B-SLICE, QP 32, TF 0)      21400 bits [Y 37.8053 dB    U 42.0142 dB    V 43.2345 dB] [ET   512 ] [L0 8 0 ] [L1 16 8 ]
POC    10 TId: 4 (      STSA, B-SLICE, QP 34)             9632 bits [Y 37.6296 dB    U 42.0947 dB    V 43.3482 dB] [ET   490 ] [L0 8 0 ] [L1 12 16 ]
POC     9 TId: 5 (      STSA, B-SLICE, QP 36)             3616 bits [Y 37.6839 dB    U 42.2006 dB    V 43.4931 dB] [ET   346 ] [L0 8 0 ] [L1 10 12 ]
POC    11 TId: 5 (      STSA, B-SLICE, QP 36)             3520 bits [Y 37.3344 dB    U 42.0301 dB    V 43.2576 dB] [ET   325 ] [L0 10 8 ] [L1 12 16 ]
POC    14 TId: 4 (      STSA, B-SLICE, QP 34)            10864 bits [Y 37.4518 dB    U 41.9213 dB    V 43.0750 dB] [ET   400 ] [L0 12 8 ] [L1 16 12 ]
POC    13 TId: 5 (      STSA, B-SLICE, QP 36)             4200 bits [Y 37.2308 dB    U 41.9136 dB    V 43.1217 dB] [ET   357 ] [L0 12 8 ] [L1 14 16 ]
POC    15 TId: 5 (      STSA, B-SLICE, QP 36)             4000 bits [Y 37.3821 dB    U 41.9730 dB    V 43.1206 dB] [ET   269 ] [L0 14 12 ] [L1 16 14 ]

	Total Frames |   Bitrate     Y-PSNR    U-PSNR    V-PSNR    YUV-PSNR   
	       17    a    2225.6753   38.0520   42.3031   43.6188   39.1054

 finished @ Wed Apr  5 20:35:55 2023
 Total Time:     6595.762 sec. [user]     6595.842 sec. [elapsed]

Level: 0
Inject Calls: 7730768680
Errors injected by bit:
	Bit 0: 77787
	Bit 1: 76633
	Bit 2: 77005
	Bit 3: 77546
	Bit 4: 77567
	Bit 5: 77329
	Bit 6: 77962
	Bit 7: 77316

Total errors injected: 619145
