vvencFFapp: Fraunhofer VVC Encoder ver. 1.5.0 [Linux][GCC 11.3.0][64 bit][SIMD=AVX2]
 started @ Thu Apr  6 04:31:11 2023
CODING TOOL CFG: CTU128 QT44BTT21 IBD:1 SAO:1 ALF:1 (NonLinLuma:0 NonLinChr:0) CCALF:1 Tiles:1x1 Slices:1 WPP:0 WPP-Substreams:1 TMVP:1 DQ:1 SDH:0 CST:1 BDOF:1 DMVR:1 MTSImplicit:1 SBT:0 JCbCr:1 CabacInitPresent:1 AMVR:5 SMVD:3 LMCS:2 (Signal:SDR Opt:0) CIIP:0 MIP:1 AFFINE:2 (PROF:1, Type:1) MMVD:3 DisFracMMVD:1 SbTMVP:1 GPM:3 LFNST:1 MTS:0 ISP:3 TS:2 TSLog2MaxSize:4 useChromaTS:0 BDPCM:2 IBC:2 BCW:0 
ENC. ALG. CFG: QPA:0 HAD:1 RDQ:1 RDQTS:1 ASR:1 MinSearchWindow:96 RestrictMESampling:0 EDO:2 MCTF:2 
PRE-ANALYSIS CFG: STA:1 LeadFrames:0 TrailFrames:0 
FAST TOOL CFG: ECU:0 FEN:1 FDM:1 FastSearch:4 (SCC:2) LCTUFast:1 FastMrg:2 PBIntraFast:1 AMaxBT:1 FastQtBtEnc:1 ContentBasedFastQtbt:0 FastMIP:3 FastIntraTools:0 IntraEstDecBit:2 FastLocalDualTree:1 IntegerET:0 FastSubPel:1 QtbttExtraFast:3 FastTTSplit:0 IBCFastMethod:3 FIM:0 ALFSpeed:0 QuantThr: 4 
RATE CONTROL CFG: RateControl:0 LookAhead:0 
PARALLEL PROCESSING CFG: NumThreads:0 MaxParallelFrames:0 WppBitEqual:0 WF:0 

POC     0 TId: 0 (  IDR_N_LP, I-SLICE, QP 29, TF 2)     239000 bits [Y 37.7621 dB    U 41.1947 dB    V 42.2796 dB] [ET   203 ] [L0 ] [L1 ]
POC    16 TId: 1 (      STSA, B-SLICE, QP 34, TF 1)      49208 bits [Y 35.5888 dB    U 39.7979 dB    V 40.5333 dB] [ET   354 ] [L0 0 ] [L1 0 ]
POC     8 TId: 2 (      STSA, B-SLICE, QP 35, TF 0)      20544 bits [Y 35.7610 dB    U 40.1910 dB    V 41.1051 dB] [ET   457 ] [L0 0 16 ] [L1 16 0 ]
POC     4 TId: 3 (      STSA, B-SLICE, QP 38)             8176 bits [Y 35.5999 dB    U 40.5889 dB    V 41.4517 dB] [ET   390 ] [L0 0 8 ] [L1 8 16 ]
POC     2 TId: 4 (      STSA, B-SLICE, QP 40)             3456 bits [Y 35.7548 dB    U 40.8907 dB    V 41.8661 dB] [ET   261 ] [L0 0 4 ] [L1 4 8 ]
POC     1 TId: 5 (      STSA, B-SLICE, QP 41)             1432 bits [Y 36.3363 dB    U 41.0189 dB    V 42.1245 dB] [ET   191 ] [L0 0 2 ] [L1 2 4 ]
POC     3 TId: 5 (      STSA, B-SLICE, QP 41)             1416 bits [Y 35.3339 dB    U 40.8157 dB    V 41.7051 dB] [ET   264 ] [L0 2 0 ] [L1 4 8 ]
POC     6 TId: 4 (      STSA, B-SLICE, QP 40)             3736 bits [Y 35.0947 dB    U 40.4443 dB    V 41.2799 dB] [ET   337 ] [L0 4 0 ] [L1 8 16 ]
POC     5 TId: 5 (      STSA, B-SLICE, QP 41)             1640 bits [Y 35.0854 dB    U 40.4836 dB    V 41.3863 dB] [ET   255 ] [L0 4 0 ] [L1 6 8 ]
POC     7 TId: 5 (      STSA, B-SLICE, QP 41)             1392 bits [Y 35.1592 dB    U 40.3057 dB    V 41.1925 dB] [ET   254 ] [L0 6 4 ] [L1 8 16 ]
POC    12 TId: 3 (      STSA, B-SLICE, QP 38)             9824 bits [Y 34.9361 dB    U 40.0072 dB    V 40.8099 dB] [ET   415 ] [L0 8 0 ] [L1 16 8 ]
POC    10 TId: 4 (      STSA, B-SLICE, QP 40)             3824 bits [Y 34.8017 dB    U 40.0868 dB    V 40.9633 dB] [ET   363 ] [L0 8 0 ] [L1 12 16 ]
POC     9 TId: 5 (      STSA, B-SLICE, QP 41)             1672 bits [Y 34.9504 dB    U 40.1835 dB    V 41.0454 dB] [ET   294 ] [L0 8 0 ] [L1 10 12 ]
POC    11 TId: 5 (      STSA, B-SLICE, QP 41)             1736 bits [Y 34.5602 dB    U 40.0361 dB    V 40.8670 dB] [ET   271 ] [L0 10 8 ] [L1 12 16 ]
POC    14 TId: 4 (      STSA, B-SLICE, QP 40)             4696 bits [Y 34.5902 dB    U 39.8938 dB    V 40.6508 dB] [ET   302 ] [L0 12 8 ] [L1 16 12 ]
POC    13 TId: 5 (      STSA, B-SLICE, QP 41)             2152 bits [Y 34.4887 dB    U 39.9320 dB    V 40.7499 dB] [ET   280 ] [L0 12 8 ] [L1 14 16 ]
POC    15 TId: 5 (      STSA, B-SLICE, QP 41)             2144 bits [Y 34.6414 dB    U 39.8943 dB    V 40.6119 dB] [ET   221 ] [L0 14 12 ] [L1 16 14 ]

	Total Frames |   Bitrate     Y-PSNR    U-PSNR    V-PSNR    YUV-PSNR   
	       17    a    1256.6400   35.3203   40.3391   41.2131   36.4411

 finished @ Thu Apr  6 05:56:38 2023
 Total Time:     5127.366 sec. [user]     5127.459 sec. [elapsed]

Level: 0
Inject Calls: 6084566881
Errors injected by bit:
	Bit 0: 6083996
	Bit 1: 6084593
	Bit 2: 6084977
	Bit 3: 6086890
	Bit 4: 6083637
	Bit 5: 6082527
	Bit 6: 6083251
	Bit 7: 6089871

Total errors injected: 48679742
