vvencFFapp: Fraunhofer VVC Encoder ver. 1.5.0 [Linux][GCC 11.3.0][64 bit][SIMD=AVX2]
 started @ Tue Apr  4 22:30:36 2023
CODING TOOL CFG: CTU128 QT44BTT21 IBD:1 SAO:1 ALF:1 (NonLinLuma:0 NonLinChr:0) CCALF:1 Tiles:1x1 Slices:1 WPP:0 WPP-Substreams:1 TMVP:1 DQ:1 SDH:0 CST:1 BDOF:1 DMVR:1 MTSImplicit:1 SBT:0 JCbCr:1 CabacInitPresent:1 AMVR:5 SMVD:3 LMCS:2 (Signal:SDR Opt:0) CIIP:0 MIP:1 AFFINE:2 (PROF:1, Type:1) MMVD:3 DisFracMMVD:1 SbTMVP:1 GPM:3 LFNST:1 MTS:0 ISP:3 TS:2 TSLog2MaxSize:4 useChromaTS:0 BDPCM:2 IBC:2 BCW:0 
ENC. ALG. CFG: QPA:0 HAD:1 RDQ:1 RDQTS:1 ASR:1 MinSearchWindow:96 RestrictMESampling:0 EDO:2 MCTF:2 
PRE-ANALYSIS CFG: STA:1 LeadFrames:0 TrailFrames:0 
FAST TOOL CFG: ECU:0 FEN:1 FDM:1 FastSearch:4 (SCC:2) LCTUFast:1 FastMrg:2 PBIntraFast:1 AMaxBT:1 FastQtBtEnc:1 ContentBasedFastQtbt:0 FastMIP:3 FastIntraTools:0 IntraEstDecBit:2 FastLocalDualTree:1 IntegerET:0 FastSubPel:1 QtbttExtraFast:3 FastTTSplit:0 IBCFastMethod:3 FIM:0 ALFSpeed:0 QuantThr: 4 
RATE CONTROL CFG: RateControl:0 LookAhead:0 
PARALLEL PROCESSING CFG: NumThreads:0 MaxParallelFrames:0 WppBitEqual:0 WF:0 

POC     0 TId: 0 (  IDR_N_LP, I-SLICE, QP 19, TF 3)     581848 bits [Y 42.2672 dB    U 45.0524 dB    V 46.9660 dB] [ET   344 ] [L0 ] [L1 ]
POC    16 TId: 1 (      STSA, B-SLICE, QP 22, TF 2)     215656 bits [Y 41.5979 dB    U 44.1869 dB    V 45.8323 dB] [ET   578 ] [L0 0 ] [L1 0 ]
POC     8 TId: 2 (      STSA, B-SLICE, QP 23, TF 1)      98224 bits [Y 40.9399 dB    U 44.1465 dB    V 45.9983 dB] [ET   685 ] [L0 0 16 ] [L1 16 0 ]
POC     4 TId: 3 (      STSA, B-SLICE, QP 26, TF 0)      43808 bits [Y 40.5744 dB    U 44.2928 dB    V 46.1413 dB] [ET   601 ] [L0 0 8 ] [L1 8 16 ]
POC     2 TId: 4 (      STSA, B-SLICE, QP 28)            20912 bits [Y 40.5659 dB    U 44.6402 dB    V 46.4011 dB] [ET   489 ] [L0 0 4 ] [L1 4 8 ]
POC     1 TId: 5 (      STSA, B-SLICE, QP 29)             8992 bits [Y 40.8380 dB    U 44.8097 dB    V 46.6546 dB] [ET   386 ] [L0 0 2 ] [L1 2 4 ]
POC     3 TId: 5 (      STSA, B-SLICE, QP 29)            10504 bits [Y 40.2447 dB    U 44.4732 dB    V 46.2660 dB] [ET   472 ] [L0 2 0 ] [L1 4 8 ]
POC     6 TId: 4 (      STSA, B-SLICE, QP 28)            21720 bits [Y 40.1474 dB    U 44.1038 dB    V 45.8787 dB] [ET   562 ] [L0 4 0 ] [L1 8 16 ]
POC     5 TId: 5 (      STSA, B-SLICE, QP 29)            10304 bits [Y 40.0241 dB    U 44.0823 dB    V 45.9694 dB] [ET   445 ] [L0 4 0 ] [L1 6 8 ]
POC     7 TId: 5 (      STSA, B-SLICE, QP 29)             9320 bits [Y 40.0730 dB    U 44.1472 dB    V 45.8216 dB] [ET   485 ] [L0 6 4 ] [L1 8 16 ]
POC    12 TId: 3 (      STSA, B-SLICE, QP 26, TF 0)      48768 bits [Y 40.2579 dB    U 43.9419 dB    V 45.5723 dB] [ET   615 ] [L0 8 0 ] [L1 16 8 ]
POC    10 TId: 4 (      STSA, B-SLICE, QP 28)            23104 bits [Y 40.0382 dB    U 43.9428 dB    V 45.6106 dB] [ET   696 ] [L0 8 0 ] [L1 12 16 ]
POC     9 TId: 5 (      STSA, B-SLICE, QP 29)            10336 bits [Y 40.0219 dB    U 44.0278 dB    V 45.8012 dB] [ET   448 ] [L0 8 0 ] [L1 10 12 ]
POC    11 TId: 5 (      STSA, B-SLICE, QP 29)            11208 bits [Y 39.8635 dB    U 43.8969 dB    V 45.5992 dB] [ET   472 ] [L0 10 8 ] [L1 12 16 ]
POC    14 TId: 4 (      STSA, B-SLICE, QP 28)            27304 bits [Y 39.9968 dB    U 43.8437 dB    V 45.3914 dB] [ET   523 ] [L0 12 8 ] [L1 16 12 ]
POC    13 TId: 5 (      STSA, B-SLICE, QP 29)            12968 bits [Y 39.7573 dB    U 43.8268 dB    V 45.4387 dB] [ET   529 ] [L0 12 8 ] [L1 14 16 ]
POC    15 TId: 5 (      STSA, B-SLICE, QP 29)            13968 bits [Y 39.9495 dB    U 43.9305 dB    V 45.5150 dB] [ET   382 ] [L0 14 12 ] [L1 16 14 ]

	Total Frames |   Bitrate     Y-PSNR    U-PSNR    V-PSNR    YUV-PSNR   
	       17    a    4125.6847   40.4210   44.1968   45.9328   41.4408

 finished @ Wed Apr  5 00:56:06 2023
 Total Time:     8653.071 sec. [user]     8730.388 sec. [elapsed]

Level: 0
Inject Calls: 10108245640
Errors injected by bit:
	Bit 0: 1011082
	Bit 1: 1011628
	Bit 2: 1010832
	Bit 3: 1008887
	Bit 4: 1013028
	Bit 5: 1011278
	Bit 6: 1009494
	Bit 7: 1011131

Total errors injected: 8087360
