vvencFFapp: Fraunhofer VVC Encoder ver. 1.5.0 [Linux][GCC 11.3.0][64 bit][SIMD=AVX2]
 started @ Wed Apr  5 14:55:54 2023
CODING TOOL CFG: CTU128 QT44BTT21 IBD:1 SAO:1 ALF:1 (NonLinLuma:0 NonLinChr:0) CCALF:1 Tiles:1x1 Slices:1 WPP:0 WPP-Substreams:1 TMVP:1 DQ:1 SDH:0 CST:1 BDOF:1 DMVR:1 MTSImplicit:1 SBT:0 JCbCr:1 CabacInitPresent:1 AMVR:5 SMVD:3 LMCS:2 (Signal:SDR Opt:0) CIIP:0 MIP:1 AFFINE:2 (PROF:1, Type:1) MMVD:3 DisFracMMVD:1 SbTMVP:1 GPM:3 LFNST:1 MTS:0 ISP:3 TS:2 TSLog2MaxSize:4 useChromaTS:0 BDPCM:2 IBC:2 BCW:0 
ENC. ALG. CFG: QPA:0 HAD:1 RDQ:1 RDQTS:1 ASR:1 MinSearchWindow:96 RestrictMESampling:0 EDO:2 MCTF:2 
PRE-ANALYSIS CFG: STA:1 LeadFrames:0 TrailFrames:0 
FAST TOOL CFG: ECU:0 FEN:1 FDM:1 FastSearch:4 (SCC:2) LCTUFast:1 FastMrg:2 PBIntraFast:1 AMaxBT:1 FastQtBtEnc:1 ContentBasedFastQtbt:0 FastMIP:3 FastIntraTools:0 IntraEstDecBit:2 FastLocalDualTree:1 IntegerET:0 FastSubPel:1 QtbttExtraFast:3 FastTTSplit:0 IBCFastMethod:3 FIM:0 ALFSpeed:0 QuantThr: 4 
RATE CONTROL CFG: RateControl:0 LookAhead:0 
PARALLEL PROCESSING CFG: NumThreads:0 MaxParallelFrames:0 WppBitEqual:0 WF:0 

POC     0 TId: 0 (  IDR_N_LP, I-SLICE, QP 24, TF 3)     377624 bits [Y 40.2668 dB    U 43.0828 dB    V 44.6158 dB] [ET   267 ] [L0 ] [L1 ]
POC    16 TId: 1 (      STSA, B-SLICE, QP 28, TF 2)     101968 bits [Y 38.6977 dB    U 42.0138 dB    V 43.2556 dB] [ET   444 ] [L0 0 ] [L1 0 ]
POC     8 TId: 2 (      STSA, B-SLICE, QP 29, TF 1)      44608 bits [Y 38.5770 dB    U 42.2090 dB    V 43.6379 dB] [ET   532 ] [L0 0 16 ] [L1 16 0 ]
POC     4 TId: 3 (      STSA, B-SLICE, QP 32, TF 0)      18600 bits [Y 38.3028 dB    U 42.4502 dB    V 43.7631 dB] [ET   513 ] [L0 0 8 ] [L1 8 16 ]
POC     2 TId: 4 (      STSA, B-SLICE, QP 34)             8336 bits [Y 38.4542 dB    U 42.7850 dB    V 44.1651 dB] [ET   386 ] [L0 0 4 ] [L1 4 8 ]
POC     1 TId: 5 (      STSA, B-SLICE, QP 36)             2776 bits [Y 38.7282 dB    U 42.8959 dB    V 44.4582 dB] [ET   258 ] [L0 0 2 ] [L1 2 4 ]
POC     3 TId: 5 (      STSA, B-SLICE, QP 36)             3128 bits [Y 37.8838 dB    U 42.6617 dB    V 43.9940 dB] [ET   346 ] [L0 2 0 ] [L1 4 8 ]
POC     6 TId: 4 (      STSA, B-SLICE, QP 34)             9040 bits [Y 37.8609 dB    U 42.3143 dB    V 43.6111 dB] [ET   452 ] [L0 4 0 ] [L1 8 16 ]
POC     5 TId: 5 (      STSA, B-SLICE, QP 36)             3208 bits [Y 37.6413 dB    U 42.3430 dB    V 43.6547 dB] [ET   345 ] [L0 4 0 ] [L1 6 8 ]
POC     7 TId: 5 (      STSA, B-SLICE, QP 36)             2640 bits [Y 37.7244 dB    U 42.2589 dB    V 43.5962 dB] [ET   353 ] [L0 6 4 ] [L1 8 16 ]
POC    12 TId: 3 (      STSA, B-SLICE, QP 32, TF 0)      21464 bits [Y 37.7745 dB    U 41.9640 dB    V 43.1832 dB] [ET   509 ] [L0 8 0 ] [L1 16 8 ]
POC    10 TId: 4 (      STSA, B-SLICE, QP 34)             9736 bits [Y 37.6249 dB    U 42.0620 dB    V 43.2903 dB] [ET   491 ] [L0 8 0 ] [L1 12 16 ]
POC     9 TId: 5 (      STSA, B-SLICE, QP 36)             3536 bits [Y 37.6362 dB    U 42.1630 dB    V 43.5144 dB] [ET   341 ] [L0 8 0 ] [L1 10 12 ]
POC    11 TId: 5 (      STSA, B-SLICE, QP 36)             3448 bits [Y 37.2727 dB    U 41.9742 dB    V 43.2764 dB] [ET   332 ] [L0 10 8 ] [L1 12 16 ]
POC    14 TId: 4 (      STSA, B-SLICE, QP 34)            11080 bits [Y 37.4476 dB    U 41.9196 dB    V 43.0436 dB] [ET   424 ] [L0 12 8 ] [L1 16 12 ]
POC    13 TId: 5 (      STSA, B-SLICE, QP 36)             4176 bits [Y 37.1764 dB    U 41.9506 dB    V 43.1562 dB] [ET   399 ] [L0 12 8 ] [L1 14 16 ]
POC    15 TId: 5 (      STSA, B-SLICE, QP 36)             3984 bits [Y 37.3563 dB    U 41.9679 dB    V 43.1205 dB] [ET   281 ] [L0 14 12 ] [L1 16 14 ]

	Total Frames |   Bitrate     Y-PSNR    U-PSNR    V-PSNR    YUV-PSNR   
	       17    a    2221.2424   38.0250   42.2951   43.6080   39.0793

 finished @ Wed Apr  5 16:47:24 2023
 Total Time:     6687.818 sec. [user]     6689.244 sec. [elapsed]

Level: 0
Inject Calls: 7836690318
Errors injected by bit:
	Bit 0: 782587
	Bit 1: 782923
	Bit 2: 782858
	Bit 3: 784111
	Bit 4: 784549
	Bit 5: 782664
	Bit 6: 786012
	Bit 7: 783011

Total errors injected: 6268715
