vvencFFapp: Fraunhofer VVC Encoder ver. 1.5.0 [Linux][GCC 11.3.0][64 bit][SIMD=AVX2]
 started @ Thu Apr  6 18:26:27 2023
CODING TOOL CFG: CTU128 QT44BTT21 IBD:1 SAO:1 ALF:1 (NonLinLuma:0 NonLinChr:0) CCALF:1 Tiles:1x1 Slices:1 WPP:0 WPP-Substreams:1 TMVP:1 DQ:1 SDH:0 CST:1 BDOF:1 DMVR:1 MTSImplicit:1 SBT:0 JCbCr:1 CabacInitPresent:1 AMVR:5 SMVD:3 LMCS:2 (Signal:SDR Opt:0) CIIP:0 MIP:1 AFFINE:2 (PROF:1, Type:1) MMVD:3 DisFracMMVD:1 SbTMVP:1 GPM:3 LFNST:1 MTS:0 ISP:3 TS:2 TSLog2MaxSize:4 useChromaTS:0 BDPCM:2 IBC:2 BCW:0 
ENC. ALG. CFG: QPA:0 HAD:1 RDQ:1 RDQTS:1 ASR:1 MinSearchWindow:96 RestrictMESampling:0 EDO:2 MCTF:2 
PRE-ANALYSIS CFG: STA:1 LeadFrames:0 TrailFrames:0 
FAST TOOL CFG: ECU:0 FEN:1 FDM:1 FastSearch:4 (SCC:2) LCTUFast:1 FastMrg:2 PBIntraFast:1 AMaxBT:1 FastQtBtEnc:1 ContentBasedFastQtbt:0 FastMIP:3 FastIntraTools:0 IntraEstDecBit:2 FastLocalDualTree:1 IntegerET:0 FastSubPel:1 QtbttExtraFast:3 FastTTSplit:0 IBCFastMethod:3 FIM:0 ALFSpeed:0 QuantThr: 4 
RATE CONTROL CFG: RateControl:0 LookAhead:0 
PARALLEL PROCESSING CFG: NumThreads:0 MaxParallelFrames:0 WppBitEqual:0 WF:0 

POC     0 TId: 0 (  IDR_N_LP, I-SLICE, QP 34, TF 2)     142152 bits [Y 34.7290 dB    U 39.0714 dB    V 39.9878 dB] [ET   158 ] [L0 ] [L1 ]
POC    16 TId: 1 (      STSA, B-SLICE, QP 40, TF 1)      22448 bits [Y 32.2722 dB    U 38.1522 dB    V 38.7823 dB] [ET   271 ] [L0 0 ] [L1 0 ]
POC     8 TId: 2 (      STSA, B-SLICE, QP 40, TF 0)      11040 bits [Y 32.8686 dB    U 38.5070 dB    V 39.3500 dB] [ET   378 ] [L0 0 16 ] [L1 16 0 ]
POC     4 TId: 3 (      STSA, B-SLICE, QP 43)             4464 bits [Y 32.8824 dB    U 38.7385 dB    V 39.5085 dB] [ET   294 ] [L0 0 8 ] [L1 8 16 ]
POC     2 TId: 4 (      STSA, B-SLICE, QP 45)             1784 bits [Y 33.0963 dB    U 38.8534 dB    V 39.7224 dB] [ET   217 ] [L0 0 4 ] [L1 4 8 ]
POC     1 TId: 5 (      STSA, B-SLICE, QP 46)              776 bits [Y 33.7206 dB    U 38.9200 dB    V 39.9289 dB] [ET   156 ] [L0 0 2 ] [L1 2 4 ]
POC     3 TId: 5 (      STSA, B-SLICE, QP 46)              632 bits [Y 32.8139 dB    U 38.8894 dB    V 39.6766 dB] [ET   212 ] [L0 2 0 ] [L1 4 8 ]
POC     6 TId: 4 (      STSA, B-SLICE, QP 45)             1968 bits [Y 32.3279 dB    U 38.6356 dB    V 39.4147 dB] [ET   264 ] [L0 4 0 ] [L1 8 16 ]
POC     5 TId: 5 (      STSA, B-SLICE, QP 46)              824 bits [Y 32.3496 dB    U 38.6272 dB    V 39.4192 dB] [ET   211 ] [L0 4 0 ] [L1 6 8 ]
POC     7 TId: 5 (      STSA, B-SLICE, QP 46)              680 bits [Y 32.4421 dB    U 38.5931 dB    V 39.4253 dB] [ET   227 ] [L0 6 4 ] [L1 8 16 ]
POC    12 TId: 3 (      STSA, B-SLICE, QP 43)             5088 bits [Y 31.9949 dB    U 38.2638 dB    V 39.0136 dB] [ET   330 ] [L0 8 0 ] [L1 16 8 ]
POC    10 TId: 4 (      STSA, B-SLICE, QP 45)             1840 bits [Y 32.0198 dB    U 38.3611 dB    V 39.1497 dB] [ET   264 ] [L0 8 0 ] [L1 12 16 ]
POC     9 TId: 5 (      STSA, B-SLICE, QP 46)              816 bits [Y 32.2401 dB    U 38.4664 dB    V 39.3265 dB] [ET   231 ] [L0 8 0 ] [L1 10 12 ]
POC    11 TId: 5 (      STSA, B-SLICE, QP 46)              760 bits [Y 31.7944 dB    U 38.2896 dB    V 39.0796 dB] [ET   241 ] [L0 10 8 ] [L1 12 16 ]
POC    14 TId: 4 (      STSA, B-SLICE, QP 45)             1992 bits [Y 31.6439 dB    U 38.2479 dB    V 38.8601 dB] [ET   235 ] [L0 12 8 ] [L1 16 12 ]
POC    13 TId: 5 (      STSA, B-SLICE, QP 46)             1096 bits [Y 31.6859 dB    U 38.2901 dB    V 39.0023 dB] [ET   239 ] [L0 12 8 ] [L1 14 16 ]
POC    15 TId: 5 (      STSA, B-SLICE, QP 46)             1064 bits [Y 31.7542 dB    U 38.2860 dB    V 38.9055 dB] [ET   195 ] [L0 14 12 ] [L1 16 14 ]

	Total Frames |   Bitrate     Y-PSNR    U-PSNR    V-PSNR    YUV-PSNR   
	       17    a     703.8494   32.5080   38.5408   39.3267   33.7397

 finished @ Thu Apr  6 19:35:23 2023
 Total Time:     4136.309 sec. [user]     4136.500 sec. [elapsed]

Level: 0
Inject Calls: 5014023975
Errors injected by bit:
	Bit 0: 501268
	Bit 1: 501729
	Bit 2: 500174
	Bit 3: 501177
	Bit 4: 502494
	Bit 5: 501519
	Bit 6: 501903
	Bit 7: 501679

Total errors injected: 4011943
