vvencFFapp: Fraunhofer VVC Encoder ver. 1.5.0 [Linux][GCC 11.3.0][64 bit][SIMD=AVX2]
 started @ Wed Apr  5 22:21:03 2023
CODING TOOL CFG: CTU128 QT44BTT21 IBD:1 SAO:1 ALF:1 (NonLinLuma:0 NonLinChr:0) CCALF:1 Tiles:1x1 Slices:1 WPP:0 WPP-Substreams:1 TMVP:1 DQ:1 SDH:0 CST:1 BDOF:1 DMVR:1 MTSImplicit:1 SBT:0 JCbCr:1 CabacInitPresent:1 AMVR:5 SMVD:3 LMCS:2 (Signal:SDR Opt:0) CIIP:0 MIP:1 AFFINE:2 (PROF:1, Type:1) MMVD:3 DisFracMMVD:1 SbTMVP:1 GPM:3 LFNST:1 MTS:0 ISP:3 TS:2 TSLog2MaxSize:4 useChromaTS:0 BDPCM:2 IBC:2 BCW:0 
ENC. ALG. CFG: QPA:0 HAD:1 RDQ:1 RDQTS:1 ASR:1 MinSearchWindow:96 RestrictMESampling:0 EDO:2 MCTF:2 
PRE-ANALYSIS CFG: STA:1 LeadFrames:0 TrailFrames:0 
FAST TOOL CFG: ECU:0 FEN:1 FDM:1 FastSearch:4 (SCC:2) LCTUFast:1 FastMrg:2 PBIntraFast:1 AMaxBT:1 FastQtBtEnc:1 ContentBasedFastQtbt:0 FastMIP:3 FastIntraTools:0 IntraEstDecBit:2 FastLocalDualTree:1 IntegerET:0 FastSubPel:1 QtbttExtraFast:3 FastTTSplit:0 IBCFastMethod:3 FIM:0 ALFSpeed:0 QuantThr: 4 
RATE CONTROL CFG: RateControl:0 LookAhead:0 
PARALLEL PROCESSING CFG: NumThreads:0 MaxParallelFrames:0 WppBitEqual:0 WF:0 

POC     0 TId: 0 (  IDR_N_LP, I-SLICE, QP 24, TF 3)     377624 bits [Y 40.2668 dB    U 43.0828 dB    V 44.6158 dB] [ET   269 ] [L0 ] [L1 ]
POC    16 TId: 1 (      STSA, B-SLICE, QP 28, TF 2)     101648 bits [Y 38.6859 dB    U 42.0353 dB    V 43.2423 dB] [ET   438 ] [L0 0 ] [L1 0 ]
POC     8 TId: 2 (      STSA, B-SLICE, QP 29, TF 1)      44832 bits [Y 38.5913 dB    U 42.2001 dB    V 43.5787 dB] [ET   527 ] [L0 0 16 ] [L1 16 0 ]
POC     4 TId: 3 (      STSA, B-SLICE, QP 32, TF 0)      18696 bits [Y 38.2963 dB    U 42.4156 dB    V 43.7775 dB] [ET   511 ] [L0 0 8 ] [L1 8 16 ]
POC     2 TId: 4 (      STSA, B-SLICE, QP 34)             8112 bits [Y 38.3960 dB    U 42.7821 dB    V 44.1614 dB] [ET   392 ] [L0 0 4 ] [L1 4 8 ]
POC     1 TId: 5 (      STSA, B-SLICE, QP 36)             2744 bits [Y 38.7139 dB    U 42.8832 dB    V 44.4126 dB] [ET   263 ] [L0 0 2 ] [L1 2 4 ]
POC     3 TId: 5 (      STSA, B-SLICE, QP 36)             3320 bits [Y 37.9068 dB    U 42.6457 dB    V 44.0122 dB] [ET   344 ] [L0 2 0 ] [L1 4 8 ]
POC     6 TId: 4 (      STSA, B-SLICE, QP 34)             9080 bits [Y 37.8942 dB    U 42.3016 dB    V 43.6013 dB] [ET   449 ] [L0 4 0 ] [L1 8 16 ]
POC     5 TId: 5 (      STSA, B-SLICE, QP 36)             3208 bits [Y 37.6731 dB    U 42.3191 dB    V 43.6836 dB] [ET   336 ] [L0 4 0 ] [L1 6 8 ]
POC     7 TId: 5 (      STSA, B-SLICE, QP 36)             2840 bits [Y 37.7847 dB    U 42.2808 dB    V 43.5728 dB] [ET   350 ] [L0 6 4 ] [L1 8 16 ]
POC    12 TId: 3 (      STSA, B-SLICE, QP 32, TF 0)      21360 bits [Y 37.7871 dB    U 41.9484 dB    V 43.1989 dB] [ET   505 ] [L0 8 0 ] [L1 16 8 ]
POC    10 TId: 4 (      STSA, B-SLICE, QP 34)             9504 bits [Y 37.6225 dB    U 42.1065 dB    V 43.3332 dB] [ET   500 ] [L0 8 0 ] [L1 12 16 ]
POC     9 TId: 5 (      STSA, B-SLICE, QP 36)             3536 bits [Y 37.6720 dB    U 42.1580 dB    V 43.4277 dB] [ET   350 ] [L0 8 0 ] [L1 10 12 ]
POC    11 TId: 5 (      STSA, B-SLICE, QP 36)             3504 bits [Y 37.2994 dB    U 41.9658 dB    V 43.2018 dB] [ET   324 ] [L0 10 8 ] [L1 12 16 ]
POC    14 TId: 4 (      STSA, B-SLICE, QP 34)            10720 bits [Y 37.4226 dB    U 41.8882 dB    V 43.0133 dB] [ET   404 ] [L0 12 8 ] [L1 16 12 ]
POC    13 TId: 5 (      STSA, B-SLICE, QP 36)             4112 bits [Y 37.1872 dB    U 41.8825 dB    V 43.1294 dB] [ET   361 ] [L0 12 8 ] [L1 14 16 ]
POC    15 TId: 5 (      STSA, B-SLICE, QP 36)             4376 bits [Y 37.3718 dB    U 41.9964 dB    V 43.1164 dB] [ET   269 ] [L0 14 12 ] [L1 16 14 ]

	Total Frames |   Bitrate     Y-PSNR    U-PSNR    V-PSNR    YUV-PSNR   
	       17    a    2220.7624   38.0336   42.2878   43.5929   39.0864

 finished @ Thu Apr  6 00:11:12 2023
 Total Time:     6608.646 sec. [user]     6608.859 sec. [elapsed]

Level: 0
Inject Calls: 7771070869
Errors injected by bit:
	Bit 0: 7675
	Bit 1: 7682
	Bit 2: 7609
	Bit 3: 7757
	Bit 4: 7760
	Bit 5: 7785
	Bit 6: 7641
	Bit 7: 7876

Total errors injected: 61785
