vvencFFapp: Fraunhofer VVC Encoder ver. 1.5.0 [Linux][GCC 11.3.0][64 bit][SIMD=AVX2]
 started @ Thu Apr  6 16:01:24 2023
CODING TOOL CFG: CTU128 QT44BTT21 IBD:1 SAO:1 ALF:1 (NonLinLuma:0 NonLinChr:0) CCALF:1 Tiles:1x1 Slices:1 WPP:0 WPP-Substreams:1 TMVP:1 DQ:1 SDH:0 CST:1 BDOF:1 DMVR:1 MTSImplicit:1 SBT:0 JCbCr:1 CabacInitPresent:1 AMVR:5 SMVD:3 LMCS:2 (Signal:SDR Opt:0) CIIP:0 MIP:1 AFFINE:2 (PROF:1, Type:1) MMVD:3 DisFracMMVD:1 SbTMVP:1 GPM:3 LFNST:1 MTS:0 ISP:3 TS:2 TSLog2MaxSize:4 useChromaTS:0 BDPCM:2 IBC:2 BCW:0 
ENC. ALG. CFG: QPA:0 HAD:1 RDQ:1 RDQTS:1 ASR:1 MinSearchWindow:96 RestrictMESampling:0 EDO:2 MCTF:2 
PRE-ANALYSIS CFG: STA:1 LeadFrames:0 TrailFrames:0 
FAST TOOL CFG: ECU:0 FEN:1 FDM:1 FastSearch:4 (SCC:2) LCTUFast:1 FastMrg:2 PBIntraFast:1 AMaxBT:1 FastQtBtEnc:1 ContentBasedFastQtbt:0 FastMIP:3 FastIntraTools:0 IntraEstDecBit:2 FastLocalDualTree:1 IntegerET:0 FastSubPel:1 QtbttExtraFast:3 FastTTSplit:0 IBCFastMethod:3 FIM:0 ALFSpeed:0 QuantThr: 4 
RATE CONTROL CFG: RateControl:0 LookAhead:0 
PARALLEL PROCESSING CFG: NumThreads:0 MaxParallelFrames:0 WppBitEqual:0 WF:0 

POC     0 TId: 0 (  IDR_N_LP, I-SLICE, QP 34, TF 2)     142152 bits [Y 34.7290 dB    U 39.0714 dB    V 39.9878 dB] [ET   157 ] [L0 ] [L1 ]
POC    16 TId: 1 (      STSA, B-SLICE, QP 40, TF 1)      22112 bits [Y 32.2790 dB    U 38.2225 dB    V 38.8120 dB] [ET   284 ] [L0 0 ] [L1 0 ]
POC     8 TId: 2 (      STSA, B-SLICE, QP 40, TF 0)      10736 bits [Y 32.8110 dB    U 38.4808 dB    V 39.3509 dB] [ET   371 ] [L0 0 16 ] [L1 16 0 ]
POC     4 TId: 3 (      STSA, B-SLICE, QP 43)             4296 bits [Y 32.8101 dB    U 38.6815 dB    V 39.4625 dB] [ET   299 ] [L0 0 8 ] [L1 8 16 ]
POC     2 TId: 4 (      STSA, B-SLICE, QP 45)             1656 bits [Y 32.9975 dB    U 38.8627 dB    V 39.7428 dB] [ET   215 ] [L0 0 4 ] [L1 4 8 ]
POC     1 TId: 5 (      STSA, B-SLICE, QP 46)              680 bits [Y 33.5847 dB    U 38.9196 dB    V 39.9328 dB] [ET   169 ] [L0 0 2 ] [L1 2 4 ]
POC     3 TId: 5 (      STSA, B-SLICE, QP 46)              664 bits [Y 32.7488 dB    U 38.8426 dB    V 39.6459 dB] [ET   218 ] [L0 2 0 ] [L1 4 8 ]
POC     6 TId: 4 (      STSA, B-SLICE, QP 45)             1992 bits [Y 32.3341 dB    U 38.5938 dB    V 39.4257 dB] [ET   277 ] [L0 4 0 ] [L1 8 16 ]
POC     5 TId: 5 (      STSA, B-SLICE, QP 46)              880 bits [Y 32.3532 dB    U 38.5962 dB    V 39.4021 dB] [ET   223 ] [L0 4 0 ] [L1 6 8 ]
POC     7 TId: 5 (      STSA, B-SLICE, QP 46)              696 bits [Y 32.4352 dB    U 38.5443 dB    V 39.4468 dB] [ET   235 ] [L0 6 4 ] [L1 8 16 ]
POC    12 TId: 3 (      STSA, B-SLICE, QP 43)             5024 bits [Y 32.0386 dB    U 38.2948 dB    V 39.0060 dB] [ET   333 ] [L0 8 0 ] [L1 16 8 ]
POC    10 TId: 4 (      STSA, B-SLICE, QP 45)             1944 bits [Y 32.0356 dB    U 38.3981 dB    V 39.1446 dB] [ET   272 ] [L0 8 0 ] [L1 12 16 ]
POC     9 TId: 5 (      STSA, B-SLICE, QP 46)              848 bits [Y 32.2298 dB    U 38.5052 dB    V 39.2813 dB] [ET   245 ] [L0 8 0 ] [L1 10 12 ]
POC    11 TId: 5 (      STSA, B-SLICE, QP 46)              728 bits [Y 31.7649 dB    U 38.3094 dB    V 39.0395 dB] [ET   238 ] [L0 10 8 ] [L1 12 16 ]
POC    14 TId: 4 (      STSA, B-SLICE, QP 45)             2000 bits [Y 31.6286 dB    U 38.1157 dB    V 38.8238 dB] [ET   239 ] [L0 12 8 ] [L1 16 12 ]
POC    13 TId: 5 (      STSA, B-SLICE, QP 46)             1064 bits [Y 31.6471 dB    U 38.2200 dB    V 38.9096 dB] [ET   241 ] [L0 12 8 ] [L1 14 16 ]
POC    15 TId: 5 (      STSA, B-SLICE, QP 46)             1008 bits [Y 31.7442 dB    U 38.3093 dB    V 38.8921 dB] [ET   193 ] [L0 14 12 ] [L1 16 14 ]

	Total Frames |   Bitrate     Y-PSNR    U-PSNR    V-PSNR    YUV-PSNR   
	       17    a     700.5176   32.4807   38.5275   39.3121   33.7165

 finished @ Thu Apr  6 17:11:47 2023
 Total Time:     4223.230 sec. [user]     4223.334 sec. [elapsed]

Level: 0
Inject Calls: 5014458766
Errors injected by bit:
	Bit 0: 5011614
	Bit 1: 5015268
	Bit 2: 5013535
	Bit 3: 5012790
	Bit 4: 5016651
	Bit 5: 5015799
	Bit 6: 5012344
	Bit 7: 5008293

Total errors injected: 40106294
