vvencFFapp: Fraunhofer VVC Encoder ver. 1.5.0 [Linux][GCC 11.3.0][64 bit][SIMD=AVX2]
 started @ Wed Apr  5 16:45:57 2023
CODING TOOL CFG: CTU128 QT44BTT21 IBD:1 SAO:1 ALF:1 (NonLinLuma:0 NonLinChr:0) CCALF:1 Tiles:1x1 Slices:1 WPP:0 WPP-Substreams:1 TMVP:1 DQ:1 SDH:0 CST:1 BDOF:1 DMVR:1 MTSImplicit:1 SBT:0 JCbCr:1 CabacInitPresent:1 AMVR:5 SMVD:3 LMCS:2 (Signal:SDR Opt:0) CIIP:0 MIP:1 AFFINE:2 (PROF:1, Type:1) MMVD:3 DisFracMMVD:1 SbTMVP:1 GPM:3 LFNST:1 MTS:0 ISP:3 TS:2 TSLog2MaxSize:4 useChromaTS:0 BDPCM:2 IBC:2 BCW:0 
ENC. ALG. CFG: QPA:0 HAD:1 RDQ:1 RDQTS:1 ASR:1 MinSearchWindow:96 RestrictMESampling:0 EDO:2 MCTF:2 
PRE-ANALYSIS CFG: STA:1 LeadFrames:0 TrailFrames:0 
FAST TOOL CFG: ECU:0 FEN:1 FDM:1 FastSearch:4 (SCC:2) LCTUFast:1 FastMrg:2 PBIntraFast:1 AMaxBT:1 FastQtBtEnc:1 ContentBasedFastQtbt:0 FastMIP:3 FastIntraTools:0 IntraEstDecBit:2 FastLocalDualTree:1 IntegerET:0 FastSubPel:1 QtbttExtraFast:3 FastTTSplit:0 IBCFastMethod:3 FIM:0 ALFSpeed:0 QuantThr: 4 
RATE CONTROL CFG: RateControl:0 LookAhead:0 
PARALLEL PROCESSING CFG: NumThreads:0 MaxParallelFrames:0 WppBitEqual:0 WF:0 

POC     0 TId: 0 (  IDR_N_LP, I-SLICE, QP 24, TF 3)     377624 bits [Y 40.2668 dB    U 43.0828 dB    V 44.6158 dB] [ET   260 ] [L0 ] [L1 ]
POC    16 TId: 1 (      STSA, B-SLICE, QP 28, TF 2)     101712 bits [Y 38.7058 dB    U 42.0207 dB    V 43.2266 dB] [ET   440 ] [L0 0 ] [L1 0 ]
POC     8 TId: 2 (      STSA, B-SLICE, QP 29, TF 1)      44824 bits [Y 38.6006 dB    U 42.2427 dB    V 43.6024 dB] [ET   539 ] [L0 0 16 ] [L1 16 0 ]
POC     4 TId: 3 (      STSA, B-SLICE, QP 32, TF 0)      19104 bits [Y 38.3203 dB    U 42.4518 dB    V 43.8576 dB] [ET   506 ] [L0 0 8 ] [L1 8 16 ]
POC     2 TId: 4 (      STSA, B-SLICE, QP 34)             8136 bits [Y 38.4587 dB    U 42.7761 dB    V 44.2155 dB] [ET   403 ] [L0 0 4 ] [L1 4 8 ]
POC     1 TId: 5 (      STSA, B-SLICE, QP 36)             2776 bits [Y 38.7319 dB    U 42.8975 dB    V 44.4499 dB] [ET   263 ] [L0 0 2 ] [L1 2 4 ]
POC     3 TId: 5 (      STSA, B-SLICE, QP 36)             3136 bits [Y 37.8820 dB    U 42.6666 dB    V 44.0470 dB] [ET   328 ] [L0 2 0 ] [L1 4 8 ]
POC     6 TId: 4 (      STSA, B-SLICE, QP 34)             9016 bits [Y 37.8903 dB    U 42.3287 dB    V 43.6616 dB] [ET   449 ] [L0 4 0 ] [L1 8 16 ]
POC     5 TId: 5 (      STSA, B-SLICE, QP 36)             3112 bits [Y 37.6447 dB    U 42.3288 dB    V 43.7474 dB] [ET   332 ] [L0 4 0 ] [L1 6 8 ]
POC     7 TId: 5 (      STSA, B-SLICE, QP 36)             2872 bits [Y 37.7733 dB    U 42.3129 dB    V 43.5919 dB] [ET   364 ] [L0 6 4 ] [L1 8 16 ]
POC    12 TId: 3 (      STSA, B-SLICE, QP 32, TF 0)      21992 bits [Y 37.8233 dB    U 42.0126 dB    V 43.1826 dB] [ET   508 ] [L0 8 0 ] [L1 16 8 ]
POC    10 TId: 4 (      STSA, B-SLICE, QP 34)             9480 bits [Y 37.6386 dB    U 42.1130 dB    V 43.3715 dB] [ET   483 ] [L0 8 0 ] [L1 12 16 ]
POC     9 TId: 5 (      STSA, B-SLICE, QP 36)             3472 bits [Y 37.6256 dB    U 42.2092 dB    V 43.4639 dB] [ET   340 ] [L0 8 0 ] [L1 10 12 ]
POC    11 TId: 5 (      STSA, B-SLICE, QP 36)             3672 bits [Y 37.3671 dB    U 42.0254 dB    V 43.2378 dB] [ET   329 ] [L0 10 8 ] [L1 12 16 ]
POC    14 TId: 4 (      STSA, B-SLICE, QP 34)            10904 bits [Y 37.4524 dB    U 41.9802 dB    V 42.9672 dB] [ET   407 ] [L0 12 8 ] [L1 16 12 ]
POC    13 TId: 5 (      STSA, B-SLICE, QP 36)             4200 bits [Y 37.2111 dB    U 41.9735 dB    V 43.0805 dB] [ET   347 ] [L0 12 8 ] [L1 14 16 ]
POC    15 TId: 5 (      STSA, B-SLICE, QP 36)             3992 bits [Y 37.3589 dB    U 41.9654 dB    V 43.0363 dB] [ET   274 ] [L0 14 12 ] [L1 16 14 ]

	Total Frames |   Bitrate     Y-PSNR    U-PSNR    V-PSNR    YUV-PSNR   
	       17    a    2223.6141   38.0442   42.3169   43.6091   39.0987

 finished @ Wed Apr  5 18:35:46 2023
 Total Time:     6589.542 sec. [user]     6589.726 sec. [elapsed]

Level: 0
Inject Calls: 7747270462
Errors injected by bit:
	Bit 0: 774523
	Bit 1: 776242
	Bit 2: 775114
	Bit 3: 774314
	Bit 4: 774358
	Bit 5: 773112
	Bit 6: 773556
	Bit 7: 774103

Total errors injected: 6195322
