vvencFFapp: Fraunhofer VVC Encoder ver. 1.5.0 [Linux][GCC 11.3.0][64 bit][SIMD=AVX2]
 started @ Thu Apr  6 06:51:13 2023
CODING TOOL CFG: CTU128 QT44BTT21 IBD:1 SAO:1 ALF:1 (NonLinLuma:0 NonLinChr:0) CCALF:1 Tiles:1x1 Slices:1 WPP:0 WPP-Substreams:1 TMVP:1 DQ:1 SDH:0 CST:1 BDOF:1 DMVR:1 MTSImplicit:1 SBT:0 JCbCr:1 CabacInitPresent:1 AMVR:5 SMVD:3 LMCS:2 (Signal:SDR Opt:0) CIIP:0 MIP:1 AFFINE:2 (PROF:1, Type:1) MMVD:3 DisFracMMVD:1 SbTMVP:1 GPM:3 LFNST:1 MTS:0 ISP:3 TS:2 TSLog2MaxSize:4 useChromaTS:0 BDPCM:2 IBC:2 BCW:0 
ENC. ALG. CFG: QPA:0 HAD:1 RDQ:1 RDQTS:1 ASR:1 MinSearchWindow:96 RestrictMESampling:0 EDO:2 MCTF:2 
PRE-ANALYSIS CFG: STA:1 LeadFrames:0 TrailFrames:0 
FAST TOOL CFG: ECU:0 FEN:1 FDM:1 FastSearch:4 (SCC:2) LCTUFast:1 FastMrg:2 PBIntraFast:1 AMaxBT:1 FastQtBtEnc:1 ContentBasedFastQtbt:0 FastMIP:3 FastIntraTools:0 IntraEstDecBit:2 FastLocalDualTree:1 IntegerET:0 FastSubPel:1 QtbttExtraFast:3 FastTTSplit:0 IBCFastMethod:3 FIM:0 ALFSpeed:0 QuantThr: 4 
RATE CONTROL CFG: RateControl:0 LookAhead:0 
PARALLEL PROCESSING CFG: NumThreads:0 MaxParallelFrames:0 WppBitEqual:0 WF:0 

POC     0 TId: 0 (  IDR_N_LP, I-SLICE, QP 29, TF 2)     239000 bits [Y 37.7621 dB    U 41.1947 dB    V 42.2796 dB] [ET   200 ] [L0 ] [L1 ]
POC    16 TId: 1 (      STSA, B-SLICE, QP 34, TF 1)      48624 bits [Y 35.5617 dB    U 39.8061 dB    V 40.5716 dB] [ET   357 ] [L0 0 ] [L1 0 ]
POC     8 TId: 2 (      STSA, B-SLICE, QP 35, TF 0)      20520 bits [Y 35.7586 dB    U 40.1818 dB    V 41.0263 dB] [ET   445 ] [L0 0 16 ] [L1 16 0 ]
POC     4 TId: 3 (      STSA, B-SLICE, QP 38)             8384 bits [Y 35.6444 dB    U 40.5616 dB    V 41.3936 dB] [ET   394 ] [L0 0 8 ] [L1 8 16 ]
POC     2 TId: 4 (      STSA, B-SLICE, QP 40)             3536 bits [Y 35.8099 dB    U 40.8963 dB    V 41.8531 dB] [ET   266 ] [L0 0 4 ] [L1 4 8 ]
POC     1 TId: 5 (      STSA, B-SLICE, QP 41)             1456 bits [Y 36.4053 dB    U 41.0299 dB    V 42.1112 dB] [ET   191 ] [L0 0 2 ] [L1 2 4 ]
POC     3 TId: 5 (      STSA, B-SLICE, QP 41)             1424 bits [Y 35.3919 dB    U 40.8199 dB    V 41.6978 dB] [ET   263 ] [L0 2 0 ] [L1 4 8 ]
POC     6 TId: 4 (      STSA, B-SLICE, QP 40)             3904 bits [Y 35.1343 dB    U 40.4531 dB    V 41.2640 dB] [ET   327 ] [L0 4 0 ] [L1 8 16 ]
POC     5 TId: 5 (      STSA, B-SLICE, QP 41)             1488 bits [Y 35.0569 dB    U 40.4691 dB    V 41.3203 dB] [ET   251 ] [L0 4 0 ] [L1 6 8 ]
POC     7 TId: 5 (      STSA, B-SLICE, QP 41)             1304 bits [Y 35.1718 dB    U 40.2935 dB    V 41.1824 dB] [ET   274 ] [L0 6 4 ] [L1 8 16 ]
POC    12 TId: 3 (      STSA, B-SLICE, QP 38)            10160 bits [Y 34.9505 dB    U 40.0018 dB    V 40.8057 dB] [ET   416 ] [L0 8 0 ] [L1 16 8 ]
POC    10 TId: 4 (      STSA, B-SLICE, QP 40)             3872 bits [Y 34.7308 dB    U 40.1154 dB    V 40.9249 dB] [ET   355 ] [L0 8 0 ] [L1 12 16 ]
POC     9 TId: 5 (      STSA, B-SLICE, QP 41)             1584 bits [Y 34.8953 dB    U 40.2160 dB    V 41.0304 dB] [ET   282 ] [L0 8 0 ] [L1 10 12 ]
POC    11 TId: 5 (      STSA, B-SLICE, QP 41)             1720 bits [Y 34.5871 dB    U 40.0366 dB    V 40.8653 dB] [ET   270 ] [L0 10 8 ] [L1 12 16 ]
POC    14 TId: 4 (      STSA, B-SLICE, QP 40)             4664 bits [Y 34.5707 dB    U 39.8558 dB    V 40.6259 dB] [ET   312 ] [L0 12 8 ] [L1 16 12 ]
POC    13 TId: 5 (      STSA, B-SLICE, QP 41)             2024 bits [Y 34.4820 dB    U 39.9609 dB    V 40.7283 dB] [ET   280 ] [L0 12 8 ] [L1 14 16 ]
POC    15 TId: 5 (      STSA, B-SLICE, QP 41)             2104 bits [Y 34.6473 dB    U 39.8950 dB    V 40.5870 dB] [ET   216 ] [L0 14 12 ] [L1 16 14 ]

	Total Frames |   Bitrate     Y-PSNR    U-PSNR    V-PSNR    YUV-PSNR   
	       17    a    1255.6518   35.3271   40.3404   41.1922   36.4442

 finished @ Thu Apr  6 08:16:27 2023
 Total Time:     5113.026 sec. [user]     5113.401 sec. [elapsed]

Level: 0
Inject Calls: 6053156847
Errors injected by bit:
	Bit 0: 605850
	Bit 1: 604989
	Bit 2: 606657
	Bit 3: 603871
	Bit 4: 605245
	Bit 5: 606536
	Bit 6: 605354
	Bit 7: 604930

Total errors injected: 4843432
