vvencFFapp: Fraunhofer VVC Encoder ver. 1.5.0 [Linux][GCC 11.3.0][64 bit][SIMD=AVX2]
 started @ Thu Apr  6 08:26:15 2023
CODING TOOL CFG: CTU128 QT44BTT21 IBD:1 SAO:1 ALF:1 (NonLinLuma:0 NonLinChr:0) CCALF:1 Tiles:1x1 Slices:1 WPP:0 WPP-Substreams:1 TMVP:1 DQ:1 SDH:0 CST:1 BDOF:1 DMVR:1 MTSImplicit:1 SBT:0 JCbCr:1 CabacInitPresent:1 AMVR:5 SMVD:3 LMCS:2 (Signal:SDR Opt:0) CIIP:0 MIP:1 AFFINE:2 (PROF:1, Type:1) MMVD:3 DisFracMMVD:1 SbTMVP:1 GPM:3 LFNST:1 MTS:0 ISP:3 TS:2 TSLog2MaxSize:4 useChromaTS:0 BDPCM:2 IBC:2 BCW:0 
ENC. ALG. CFG: QPA:0 HAD:1 RDQ:1 RDQTS:1 ASR:1 MinSearchWindow:96 RestrictMESampling:0 EDO:2 MCTF:2 
PRE-ANALYSIS CFG: STA:1 LeadFrames:0 TrailFrames:0 
FAST TOOL CFG: ECU:0 FEN:1 FDM:1 FastSearch:4 (SCC:2) LCTUFast:1 FastMrg:2 PBIntraFast:1 AMaxBT:1 FastQtBtEnc:1 ContentBasedFastQtbt:0 FastMIP:3 FastIntraTools:0 IntraEstDecBit:2 FastLocalDualTree:1 IntegerET:0 FastSubPel:1 QtbttExtraFast:3 FastTTSplit:0 IBCFastMethod:3 FIM:0 ALFSpeed:0 QuantThr: 4 
RATE CONTROL CFG: RateControl:0 LookAhead:0 
PARALLEL PROCESSING CFG: NumThreads:0 MaxParallelFrames:0 WppBitEqual:0 WF:0 

POC     0 TId: 0 (  IDR_N_LP, I-SLICE, QP 29, TF 2)     239000 bits [Y 37.7621 dB    U 41.1947 dB    V 42.2796 dB] [ET   204 ] [L0 ] [L1 ]
POC    16 TId: 1 (      STSA, B-SLICE, QP 34, TF 1)      48584 bits [Y 35.5514 dB    U 39.9330 dB    V 40.6759 dB] [ET   355 ] [L0 0 ] [L1 0 ]
POC     8 TId: 2 (      STSA, B-SLICE, QP 35, TF 0)      20480 bits [Y 35.7701 dB    U 40.2978 dB    V 41.0647 dB] [ET   432 ] [L0 0 16 ] [L1 16 0 ]
POC     4 TId: 3 (      STSA, B-SLICE, QP 38)             8280 bits [Y 35.6398 dB    U 40.6530 dB    V 41.5373 dB] [ET   386 ] [L0 0 8 ] [L1 8 16 ]
POC     2 TId: 4 (      STSA, B-SLICE, QP 40)             3728 bits [Y 35.8451 dB    U 40.9324 dB    V 41.8928 dB] [ET   261 ] [L0 0 4 ] [L1 4 8 ]
POC     1 TId: 5 (      STSA, B-SLICE, QP 41)             1328 bits [Y 36.3023 dB    U 41.0142 dB    V 42.1388 dB] [ET   189 ] [L0 0 2 ] [L1 2 4 ]
POC     3 TId: 5 (      STSA, B-SLICE, QP 41)             1528 bits [Y 35.3897 dB    U 40.8550 dB    V 41.7091 dB] [ET   259 ] [L0 2 0 ] [L1 4 8 ]
POC     6 TId: 4 (      STSA, B-SLICE, QP 40)             3960 bits [Y 35.1699 dB    U 40.4920 dB    V 41.3119 dB] [ET   332 ] [L0 4 0 ] [L1 8 16 ]
POC     5 TId: 5 (      STSA, B-SLICE, QP 41)             1608 bits [Y 35.1709 dB    U 40.5419 dB    V 41.4368 dB] [ET   257 ] [L0 4 0 ] [L1 6 8 ]
POC     7 TId: 5 (      STSA, B-SLICE, QP 41)             1296 bits [Y 35.1978 dB    U 40.3936 dB    V 41.2022 dB] [ET   260 ] [L0 6 4 ] [L1 8 16 ]
POC    12 TId: 3 (      STSA, B-SLICE, QP 38)             9880 bits [Y 34.9162 dB    U 40.1223 dB    V 40.9332 dB] [ET   402 ] [L0 8 0 ] [L1 16 8 ]
POC    10 TId: 4 (      STSA, B-SLICE, QP 40)             3656 bits [Y 34.7355 dB    U 40.2241 dB    V 40.9935 dB] [ET   352 ] [L0 8 0 ] [L1 12 16 ]
POC     9 TId: 5 (      STSA, B-SLICE, QP 41)             1624 bits [Y 34.9284 dB    U 40.3398 dB    V 41.1238 dB] [ET   287 ] [L0 8 0 ] [L1 10 12 ]
POC    11 TId: 5 (      STSA, B-SLICE, QP 41)             1840 bits [Y 34.5618 dB    U 40.1721 dB    V 40.9874 dB] [ET   271 ] [L0 10 8 ] [L1 12 16 ]
POC    14 TId: 4 (      STSA, B-SLICE, QP 40)             4752 bits [Y 34.5859 dB    U 39.9827 dB    V 40.7586 dB] [ET   296 ] [L0 12 8 ] [L1 16 12 ]
POC    13 TId: 5 (      STSA, B-SLICE, QP 41)             1984 bits [Y 34.4797 dB    U 40.0708 dB    V 40.8345 dB] [ET   274 ] [L0 12 8 ] [L1 14 16 ]
POC    15 TId: 5 (      STSA, B-SLICE, QP 41)             2048 bits [Y 34.6035 dB    U 40.0045 dB    V 40.6548 dB] [ET   216 ] [L0 14 12 ] [L1 16 14 ]

	Total Frames |   Bitrate     Y-PSNR    U-PSNR    V-PSNR    YUV-PSNR   
	       17    a    1254.9741   35.3300   40.4249   41.2668   36.4579

 finished @ Thu Apr  6 09:50:22 2023
 Total Time:     5045.787 sec. [user]     5046.324 sec. [elapsed]

Level: 0
Inject Calls: 5907404393
Errors injected by bit:
	Bit 0: 59375
	Bit 1: 59033
	Bit 2: 58988
	Bit 3: 58796
	Bit 4: 58694
	Bit 5: 58906
	Bit 6: 59262
	Bit 7: 58859

Total errors injected: 471913
