vvencFFapp: Fraunhofer VVC Encoder ver. 1.5.0 [Linux][GCC 11.3.0][64 bit][SIMD=AVX2]
 started @ Tue Apr  4 20:05:33 2023
CODING TOOL CFG: CTU128 QT44BTT21 IBD:1 SAO:1 ALF:1 (NonLinLuma:0 NonLinChr:0) CCALF:1 Tiles:1x1 Slices:1 WPP:0 WPP-Substreams:1 TMVP:1 DQ:1 SDH:0 CST:1 BDOF:1 DMVR:1 MTSImplicit:1 SBT:0 JCbCr:1 CabacInitPresent:1 AMVR:5 SMVD:3 LMCS:2 (Signal:SDR Opt:0) CIIP:0 MIP:1 AFFINE:2 (PROF:1, Type:1) MMVD:3 DisFracMMVD:1 SbTMVP:1 GPM:3 LFNST:1 MTS:0 ISP:3 TS:2 TSLog2MaxSize:4 useChromaTS:0 BDPCM:2 IBC:2 BCW:0 
ENC. ALG. CFG: QPA:0 HAD:1 RDQ:1 RDQTS:1 ASR:1 MinSearchWindow:96 RestrictMESampling:0 EDO:2 MCTF:2 
PRE-ANALYSIS CFG: STA:1 LeadFrames:0 TrailFrames:0 
FAST TOOL CFG: ECU:0 FEN:1 FDM:1 FastSearch:4 (SCC:2) LCTUFast:1 FastMrg:2 PBIntraFast:1 AMaxBT:1 FastQtBtEnc:1 ContentBasedFastQtbt:0 FastMIP:3 FastIntraTools:0 IntraEstDecBit:2 FastLocalDualTree:1 IntegerET:0 FastSubPel:1 QtbttExtraFast:3 FastTTSplit:0 IBCFastMethod:3 FIM:0 ALFSpeed:0 QuantThr: 4 
RATE CONTROL CFG: RateControl:0 LookAhead:0 
PARALLEL PROCESSING CFG: NumThreads:0 MaxParallelFrames:0 WppBitEqual:0 WF:0 

POC     0 TId: 0 (  IDR_N_LP, I-SLICE, QP 19, TF 3)     581848 bits [Y 42.2672 dB    U 45.0524 dB    V 46.9660 dB] [ET   344 ] [L0 ] [L1 ]
POC    16 TId: 1 (      STSA, B-SLICE, QP 22, TF 2)     215976 bits [Y 41.6046 dB    U 44.1927 dB    V 45.8792 dB] [ET   579 ] [L0 0 ] [L1 0 ]
POC     8 TId: 2 (      STSA, B-SLICE, QP 23, TF 1)      97680 bits [Y 40.9331 dB    U 44.1765 dB    V 46.0280 dB] [ET   687 ] [L0 0 16 ] [L1 16 0 ]
POC     4 TId: 3 (      STSA, B-SLICE, QP 26, TF 0)      43456 bits [Y 40.5482 dB    U 44.2923 dB    V 46.1145 dB] [ET   604 ] [L0 0 8 ] [L1 8 16 ]
POC     2 TId: 4 (      STSA, B-SLICE, QP 28)            20696 bits [Y 40.5467 dB    U 44.6338 dB    V 46.4653 dB] [ET   489 ] [L0 0 4 ] [L1 4 8 ]
POC     1 TId: 5 (      STSA, B-SLICE, QP 29)             9048 bits [Y 40.8379 dB    U 44.8157 dB    V 46.6578 dB] [ET   361 ] [L0 0 2 ] [L1 2 4 ]
POC     3 TId: 5 (      STSA, B-SLICE, QP 29)            10360 bits [Y 40.2221 dB    U 44.4725 dB    V 46.2269 dB] [ET   482 ] [L0 2 0 ] [L1 4 8 ]
POC     6 TId: 4 (      STSA, B-SLICE, QP 28)            21480 bits [Y 40.1422 dB    U 44.1466 dB    V 45.9094 dB] [ET   546 ] [L0 4 0 ] [L1 8 16 ]
POC     5 TId: 5 (      STSA, B-SLICE, QP 29)            10232 bits [Y 40.0002 dB    U 44.1146 dB    V 45.9649 dB] [ET   445 ] [L0 4 0 ] [L1 6 8 ]
POC     7 TId: 5 (      STSA, B-SLICE, QP 29)             9528 bits [Y 40.0800 dB    U 44.1966 dB    V 45.8816 dB] [ET   475 ] [L0 6 4 ] [L1 8 16 ]
POC    12 TId: 3 (      STSA, B-SLICE, QP 26, TF 0)      47736 bits [Y 40.2280 dB    U 43.9879 dB    V 45.5916 dB] [ET   602 ] [L0 8 0 ] [L1 16 8 ]
POC    10 TId: 4 (      STSA, B-SLICE, QP 28)            23704 bits [Y 40.0566 dB    U 43.9818 dB    V 45.6485 dB] [ET   682 ] [L0 8 0 ] [L1 12 16 ]
POC     9 TId: 5 (      STSA, B-SLICE, QP 29)             9848 bits [Y 39.9956 dB    U 44.1001 dB    V 45.8339 dB] [ET   445 ] [L0 8 0 ] [L1 10 12 ]
POC    11 TId: 5 (      STSA, B-SLICE, QP 29)            10936 bits [Y 39.8384 dB    U 43.9455 dB    V 45.6131 dB] [ET   476 ] [L0 10 8 ] [L1 12 16 ]
POC    14 TId: 4 (      STSA, B-SLICE, QP 28)            27016 bits [Y 39.9766 dB    U 43.8951 dB    V 45.3931 dB] [ET   522 ] [L0 12 8 ] [L1 16 12 ]
POC    13 TId: 5 (      STSA, B-SLICE, QP 29)            12760 bits [Y 39.7348 dB    U 43.8712 dB    V 45.4894 dB] [ET   536 ] [L0 12 8 ] [L1 14 16 ]
POC    15 TId: 5 (      STSA, B-SLICE, QP 29)            14288 bits [Y 39.9491 dB    U 43.9576 dB    V 45.5139 dB] [ET   381 ] [L0 14 12 ] [L1 16 14 ]

	Total Frames |   Bitrate     Y-PSNR    U-PSNR    V-PSNR    YUV-PSNR   
	       17    a    4117.3835   40.4095   44.2255   45.9516   41.4341

 finished @ Tue Apr  4 22:30:07 2023
 Total Time:     8596.185 sec. [user]     8673.401 sec. [elapsed]

Level: 0
Inject Calls: 10060133897
Errors injected by bit:
	Bit 0: 1003215
	Bit 1: 1007118
	Bit 2: 1008575
	Bit 3: 1008111
	Bit 4: 1006710
	Bit 5: 1008498
	Bit 6: 1006643
	Bit 7: 1005961

Total errors injected: 8054831
