vvencFFapp: Fraunhofer VVC Encoder ver. 1.5.0 [Linux][GCC 11.3.0][64 bit][SIMD=AVX2]
 started @ Thu Apr  6 08:56:16 2023
CODING TOOL CFG: CTU128 QT44BTT21 IBD:1 SAO:1 ALF:1 (NonLinLuma:0 NonLinChr:0) CCALF:1 Tiles:1x1 Slices:1 WPP:0 WPP-Substreams:1 TMVP:1 DQ:1 SDH:0 CST:1 BDOF:1 DMVR:1 MTSImplicit:1 SBT:0 JCbCr:1 CabacInitPresent:1 AMVR:5 SMVD:3 LMCS:2 (Signal:SDR Opt:0) CIIP:0 MIP:1 AFFINE:2 (PROF:1, Type:1) MMVD:3 DisFracMMVD:1 SbTMVP:1 GPM:3 LFNST:1 MTS:0 ISP:3 TS:2 TSLog2MaxSize:4 useChromaTS:0 BDPCM:2 IBC:2 BCW:0 
ENC. ALG. CFG: QPA:0 HAD:1 RDQ:1 RDQTS:1 ASR:1 MinSearchWindow:96 RestrictMESampling:0 EDO:2 MCTF:2 
PRE-ANALYSIS CFG: STA:1 LeadFrames:0 TrailFrames:0 
FAST TOOL CFG: ECU:0 FEN:1 FDM:1 FastSearch:4 (SCC:2) LCTUFast:1 FastMrg:2 PBIntraFast:1 AMaxBT:1 FastQtBtEnc:1 ContentBasedFastQtbt:0 FastMIP:3 FastIntraTools:0 IntraEstDecBit:2 FastLocalDualTree:1 IntegerET:0 FastSubPel:1 QtbttExtraFast:3 FastTTSplit:0 IBCFastMethod:3 FIM:0 ALFSpeed:0 QuantThr: 4 
RATE CONTROL CFG: RateControl:0 LookAhead:0 
PARALLEL PROCESSING CFG: NumThreads:0 MaxParallelFrames:0 WppBitEqual:0 WF:0 

POC     0 TId: 0 (  IDR_N_LP, I-SLICE, QP 29, TF 2)     239000 bits [Y 37.7621 dB    U 41.1947 dB    V 42.2796 dB] [ET   203 ] [L0 ] [L1 ]
POC    16 TId: 1 (      STSA, B-SLICE, QP 34, TF 1)      48584 bits [Y 35.5514 dB    U 39.9330 dB    V 40.6759 dB] [ET   354 ] [L0 0 ] [L1 0 ]
POC     8 TId: 2 (      STSA, B-SLICE, QP 35, TF 0)      20920 bits [Y 35.7705 dB    U 40.2993 dB    V 41.0958 dB] [ET   444 ] [L0 0 16 ] [L1 16 0 ]
POC     4 TId: 3 (      STSA, B-SLICE, QP 38)             8224 bits [Y 35.6312 dB    U 40.6775 dB    V 41.5234 dB] [ET   389 ] [L0 0 8 ] [L1 8 16 ]
POC     2 TId: 4 (      STSA, B-SLICE, QP 40)             3672 bits [Y 35.8409 dB    U 40.9242 dB    V 41.9027 dB] [ET   256 ] [L0 0 4 ] [L1 4 8 ]
POC     1 TId: 5 (      STSA, B-SLICE, QP 41)             1496 bits [Y 36.4023 dB    U 41.0462 dB    V 42.1353 dB] [ET   190 ] [L0 0 2 ] [L1 2 4 ]
POC     3 TId: 5 (      STSA, B-SLICE, QP 41)             1376 bits [Y 35.3721 dB    U 40.8687 dB    V 41.7208 dB] [ET   266 ] [L0 2 0 ] [L1 4 8 ]
POC     6 TId: 4 (      STSA, B-SLICE, QP 40)             3680 bits [Y 35.1187 dB    U 40.5573 dB    V 41.3340 dB] [ET   335 ] [L0 4 0 ] [L1 8 16 ]
POC     5 TId: 5 (      STSA, B-SLICE, QP 41)             1480 bits [Y 35.0866 dB    U 40.5573 dB    V 41.4240 dB] [ET   254 ] [L0 4 0 ] [L1 6 8 ]
POC     7 TId: 5 (      STSA, B-SLICE, QP 41)             1296 bits [Y 35.1724 dB    U 40.4112 dB    V 41.2459 dB] [ET   264 ] [L0 6 4 ] [L1 8 16 ]
POC    12 TId: 3 (      STSA, B-SLICE, QP 38)            10088 bits [Y 34.8938 dB    U 40.1470 dB    V 40.8744 dB] [ET   402 ] [L0 8 0 ] [L1 16 8 ]
POC    10 TId: 4 (      STSA, B-SLICE, QP 40)             3584 bits [Y 34.7479 dB    U 40.1941 dB    V 40.9725 dB] [ET   355 ] [L0 8 0 ] [L1 12 16 ]
POC     9 TId: 5 (      STSA, B-SLICE, QP 41)             1584 bits [Y 34.9220 dB    U 40.2768 dB    V 41.0086 dB] [ET   263 ] [L0 8 0 ] [L1 10 12 ]
POC    11 TId: 5 (      STSA, B-SLICE, QP 41)             1752 bits [Y 34.5732 dB    U 40.1229 dB    V 40.8755 dB] [ET   258 ] [L0 10 8 ] [L1 12 16 ]
POC    14 TId: 4 (      STSA, B-SLICE, QP 40)             4584 bits [Y 34.5425 dB    U 40.0365 dB    V 40.7369 dB] [ET   295 ] [L0 12 8 ] [L1 16 12 ]
POC    13 TId: 5 (      STSA, B-SLICE, QP 41)             2224 bits [Y 34.4787 dB    U 40.0917 dB    V 40.8223 dB] [ET   278 ] [L0 12 8 ] [L1 14 16 ]
POC    15 TId: 5 (      STSA, B-SLICE, QP 41)             2032 bits [Y 34.6152 dB    U 39.9916 dB    V 40.6871 dB] [ET   225 ] [L0 14 12 ] [L1 16 14 ]

	Total Frames |   Bitrate     Y-PSNR    U-PSNR    V-PSNR    YUV-PSNR   
	       17    a    1254.9741   35.3225   40.4312   41.2538   36.4493

 finished @ Thu Apr  6 10:20:20 2023
 Total Time:     5044.136 sec. [user]     5044.252 sec. [elapsed]

Level: 0
Inject Calls: 5965554433
Errors injected by bit:
	Bit 0: 59361
	Bit 1: 59628
	Bit 2: 59561
	Bit 3: 59495
	Bit 4: 59815
	Bit 5: 59823
	Bit 6: 59653
	Bit 7: 59722

Total errors injected: 477058
