vvencFFapp: Fraunhofer VVC Encoder ver. 1.5.0 [Linux][GCC 11.3.0][64 bit][SIMD=AVX2]
 started @ Wed Apr  5 14:50:54 2023
CODING TOOL CFG: CTU128 QT44BTT21 IBD:1 SAO:1 ALF:1 (NonLinLuma:0 NonLinChr:0) CCALF:1 Tiles:1x1 Slices:1 WPP:0 WPP-Substreams:1 TMVP:1 DQ:1 SDH:0 CST:1 BDOF:1 DMVR:1 MTSImplicit:1 SBT:0 JCbCr:1 CabacInitPresent:1 AMVR:5 SMVD:3 LMCS:2 (Signal:SDR Opt:0) CIIP:0 MIP:1 AFFINE:2 (PROF:1, Type:1) MMVD:3 DisFracMMVD:1 SbTMVP:1 GPM:3 LFNST:1 MTS:0 ISP:3 TS:2 TSLog2MaxSize:4 useChromaTS:0 BDPCM:2 IBC:2 BCW:0 
ENC. ALG. CFG: QPA:0 HAD:1 RDQ:1 RDQTS:1 ASR:1 MinSearchWindow:96 RestrictMESampling:0 EDO:2 MCTF:2 
PRE-ANALYSIS CFG: STA:1 LeadFrames:0 TrailFrames:0 
FAST TOOL CFG: ECU:0 FEN:1 FDM:1 FastSearch:4 (SCC:2) LCTUFast:1 FastMrg:2 PBIntraFast:1 AMaxBT:1 FastQtBtEnc:1 ContentBasedFastQtbt:0 FastMIP:3 FastIntraTools:0 IntraEstDecBit:2 FastLocalDualTree:1 IntegerET:0 FastSubPel:1 QtbttExtraFast:3 FastTTSplit:0 IBCFastMethod:3 FIM:0 ALFSpeed:0 QuantThr: 4 
RATE CONTROL CFG: RateControl:0 LookAhead:0 
PARALLEL PROCESSING CFG: NumThreads:0 MaxParallelFrames:0 WppBitEqual:0 WF:0 

POC     0 TId: 0 (  IDR_N_LP, I-SLICE, QP 24, TF 3)     377624 bits [Y 40.2668 dB    U 43.0828 dB    V 44.6158 dB] [ET   258 ] [L0 ] [L1 ]
POC    16 TId: 1 (      STSA, B-SLICE, QP 28, TF 2)     102696 bits [Y 38.7060 dB    U 42.0644 dB    V 43.2571 dB] [ET   444 ] [L0 0 ] [L1 0 ]
POC     8 TId: 2 (      STSA, B-SLICE, QP 29, TF 1)      44480 bits [Y 38.5829 dB    U 42.2599 dB    V 43.6562 dB] [ET   527 ] [L0 0 16 ] [L1 16 0 ]
POC     4 TId: 3 (      STSA, B-SLICE, QP 32, TF 0)      18424 bits [Y 38.2975 dB    U 42.5122 dB    V 43.8389 dB] [ET   510 ] [L0 0 8 ] [L1 8 16 ]
POC     2 TId: 4 (      STSA, B-SLICE, QP 34)             8232 bits [Y 38.4335 dB    U 42.7971 dB    V 44.1534 dB] [ET   389 ] [L0 0 4 ] [L1 4 8 ]
POC     1 TId: 5 (      STSA, B-SLICE, QP 36)             2832 bits [Y 38.7503 dB    U 42.9192 dB    V 44.4456 dB] [ET   264 ] [L0 0 2 ] [L1 2 4 ]
POC     3 TId: 5 (      STSA, B-SLICE, QP 36)             3328 bits [Y 37.9120 dB    U 42.6862 dB    V 44.0161 dB] [ET   350 ] [L0 2 0 ] [L1 4 8 ]
POC     6 TId: 4 (      STSA, B-SLICE, QP 34)             8816 bits [Y 37.8596 dB    U 42.3670 dB    V 43.6415 dB] [ET   432 ] [L0 4 0 ] [L1 8 16 ]
POC     5 TId: 5 (      STSA, B-SLICE, QP 36)             3328 bits [Y 37.6424 dB    U 42.3973 dB    V 43.7260 dB] [ET   336 ] [L0 4 0 ] [L1 6 8 ]
POC     7 TId: 5 (      STSA, B-SLICE, QP 36)             2776 bits [Y 37.7413 dB    U 42.3285 dB    V 43.6034 dB] [ET   366 ] [L0 6 4 ] [L1 8 16 ]
POC    12 TId: 3 (      STSA, B-SLICE, QP 32, TF 0)      21424 bits [Y 37.7839 dB    U 42.0016 dB    V 43.2498 dB] [ET   499 ] [L0 8 0 ] [L1 16 8 ]
POC    10 TId: 4 (      STSA, B-SLICE, QP 34)             9976 bits [Y 37.6521 dB    U 42.1115 dB    V 43.3069 dB] [ET   496 ] [L0 8 0 ] [L1 12 16 ]
POC     9 TId: 5 (      STSA, B-SLICE, QP 36)             3448 bits [Y 37.6420 dB    U 42.2045 dB    V 43.4714 dB] [ET   330 ] [L0 8 0 ] [L1 10 12 ]
POC    11 TId: 5 (      STSA, B-SLICE, QP 36)             3304 bits [Y 37.2719 dB    U 42.0103 dB    V 43.2474 dB] [ET   330 ] [L0 10 8 ] [L1 12 16 ]
POC    14 TId: 4 (      STSA, B-SLICE, QP 34)            10680 bits [Y 37.4439 dB    U 41.9899 dB    V 43.1453 dB] [ET   393 ] [L0 12 8 ] [L1 16 12 ]
POC    13 TId: 5 (      STSA, B-SLICE, QP 36)             4232 bits [Y 37.1785 dB    U 41.9538 dB    V 43.1386 dB] [ET   362 ] [L0 12 8 ] [L1 14 16 ]
POC    15 TId: 5 (      STSA, B-SLICE, QP 36)             4144 bits [Y 37.3662 dB    U 42.0148 dB    V 43.2053 dB] [ET   288 ] [L0 14 12 ] [L1 16 14 ]

	Total Frames |   Bitrate     Y-PSNR    U-PSNR    V-PSNR    YUV-PSNR   
	       17    a    2222.6259   38.0312   42.3354   43.6305   39.0894

 finished @ Wed Apr  5 16:40:45 2023
 Total Time:     6589.451 sec. [user]     6590.292 sec. [elapsed]

Level: 0
Inject Calls: 7750219180
Errors injected by bit:
	Bit 0: 774929
	Bit 1: 774346
	Bit 2: 775168
	Bit 3: 776079
	Bit 4: 773096
	Bit 5: 774433
	Bit 6: 774184
	Bit 7: 774288

Total errors injected: 6196523
