vvencFFapp: Fraunhofer VVC Encoder ver. 1.5.0 [Linux][GCC 11.3.0][64 bit][SIMD=AVX2]
 started @ Thu Apr  6 20:51:29 2023
CODING TOOL CFG: CTU128 QT44BTT21 IBD:1 SAO:1 ALF:1 (NonLinLuma:0 NonLinChr:0) CCALF:1 Tiles:1x1 Slices:1 WPP:0 WPP-Substreams:1 TMVP:1 DQ:1 SDH:0 CST:1 BDOF:1 DMVR:1 MTSImplicit:1 SBT:0 JCbCr:1 CabacInitPresent:1 AMVR:5 SMVD:3 LMCS:2 (Signal:SDR Opt:0) CIIP:0 MIP:1 AFFINE:2 (PROF:1, Type:1) MMVD:3 DisFracMMVD:1 SbTMVP:1 GPM:3 LFNST:1 MTS:0 ISP:3 TS:2 TSLog2MaxSize:4 useChromaTS:0 BDPCM:2 IBC:2 BCW:0 
ENC. ALG. CFG: QPA:0 HAD:1 RDQ:1 RDQTS:1 ASR:1 MinSearchWindow:96 RestrictMESampling:0 EDO:2 MCTF:2 
PRE-ANALYSIS CFG: STA:1 LeadFrames:0 TrailFrames:0 
FAST TOOL CFG: ECU:0 FEN:1 FDM:1 FastSearch:4 (SCC:2) LCTUFast:1 FastMrg:2 PBIntraFast:1 AMaxBT:1 FastQtBtEnc:1 ContentBasedFastQtbt:0 FastMIP:3 FastIntraTools:0 IntraEstDecBit:2 FastLocalDualTree:1 IntegerET:0 FastSubPel:1 QtbttExtraFast:3 FastTTSplit:0 IBCFastMethod:3 FIM:0 ALFSpeed:0 QuantThr: 4 
RATE CONTROL CFG: RateControl:0 LookAhead:0 
PARALLEL PROCESSING CFG: NumThreads:0 MaxParallelFrames:0 WppBitEqual:0 WF:0 

POC     0 TId: 0 (  IDR_N_LP, I-SLICE, QP 34, TF 2)     142152 bits [Y 34.7290 dB    U 39.0714 dB    V 39.9878 dB] [ET   158 ] [L0 ] [L1 ]
POC    16 TId: 1 (      STSA, B-SLICE, QP 40, TF 1)      22360 bits [Y 32.2757 dB    U 38.1607 dB    V 38.8384 dB] [ET   277 ] [L0 0 ] [L1 0 ]
POC     8 TId: 2 (      STSA, B-SLICE, QP 40, TF 0)      10808 bits [Y 32.8213 dB    U 38.5091 dB    V 39.2869 dB] [ET   378 ] [L0 0 16 ] [L1 16 0 ]
POC     4 TId: 3 (      STSA, B-SLICE, QP 43)             4248 bits [Y 32.8540 dB    U 38.7539 dB    V 39.5065 dB] [ET   301 ] [L0 0 8 ] [L1 8 16 ]
POC     2 TId: 4 (      STSA, B-SLICE, QP 45)             1880 bits [Y 33.1296 dB    U 38.8595 dB    V 39.7164 dB] [ET   206 ] [L0 0 4 ] [L1 4 8 ]
POC     1 TId: 5 (      STSA, B-SLICE, QP 46)              648 bits [Y 33.6380 dB    U 38.9268 dB    V 39.9191 dB] [ET   162 ] [L0 0 2 ] [L1 2 4 ]
POC     3 TId: 5 (      STSA, B-SLICE, QP 46)              712 bits [Y 32.7568 dB    U 38.8681 dB    V 39.6404 dB] [ET   206 ] [L0 2 0 ] [L1 4 8 ]
POC     6 TId: 4 (      STSA, B-SLICE, QP 45)             2080 bits [Y 32.4467 dB    U 38.6628 dB    V 39.3746 dB] [ET   263 ] [L0 4 0 ] [L1 8 16 ]
POC     5 TId: 5 (      STSA, B-SLICE, QP 46)              808 bits [Y 32.4194 dB    U 38.6828 dB    V 39.4484 dB] [ET   211 ] [L0 4 0 ] [L1 6 8 ]
POC     7 TId: 5 (      STSA, B-SLICE, QP 46)              664 bits [Y 32.4902 dB    U 38.6018 dB    V 39.3896 dB] [ET   220 ] [L0 6 4 ] [L1 8 16 ]
POC    12 TId: 3 (      STSA, B-SLICE, QP 43)             5048 bits [Y 31.9921 dB    U 38.2879 dB    V 38.9722 dB] [ET   339 ] [L0 8 0 ] [L1 16 8 ]
POC    10 TId: 4 (      STSA, B-SLICE, QP 45)             1808 bits [Y 32.0181 dB    U 38.3887 dB    V 39.0706 dB] [ET   272 ] [L0 8 0 ] [L1 12 16 ]
POC     9 TId: 5 (      STSA, B-SLICE, QP 46)              776 bits [Y 32.2573 dB    U 38.5074 dB    V 39.2305 dB] [ET   236 ] [L0 8 0 ] [L1 10 12 ]
POC    11 TId: 5 (      STSA, B-SLICE, QP 46)              736 bits [Y 31.7930 dB    U 38.2978 dB    V 39.0245 dB] [ET   235 ] [L0 10 8 ] [L1 12 16 ]
POC    14 TId: 4 (      STSA, B-SLICE, QP 45)             2120 bits [Y 31.6439 dB    U 38.1743 dB    V 38.8288 dB] [ET   232 ] [L0 12 8 ] [L1 16 12 ]
POC    13 TId: 5 (      STSA, B-SLICE, QP 46)              984 bits [Y 31.6495 dB    U 38.2711 dB    V 38.8797 dB] [ET   235 ] [L0 12 8 ] [L1 14 16 ]
POC    15 TId: 5 (      STSA, B-SLICE, QP 46)             1000 bits [Y 31.7322 dB    U 38.2574 dB    V 38.8711 dB] [ET   180 ] [L0 14 12 ] [L1 16 14 ]

	Total Frames |   Bitrate     Y-PSNR    U-PSNR    V-PSNR    YUV-PSNR   
	       17    a     701.7600   32.5086   38.5460   39.2933   33.7400

 finished @ Thu Apr  6 22:00:16 2023
 Total Time:     4125.899 sec. [user]     4126.263 sec. [elapsed]

Level: 0
Inject Calls: 4941514861
Errors injected by bit:
	Bit 0: 49566
	Bit 1: 49484
	Bit 2: 49146
	Bit 3: 49409
	Bit 4: 49610
	Bit 5: 49184
	Bit 6: 49684
	Bit 7: 49037

Total errors injected: 395120
