vvencFFapp: Fraunhofer VVC Encoder ver. 1.5.0 [Linux][GCC 11.3.0][64 bit][SIMD=AVX2]
 started @ Wed Apr  5 18:40:59 2023
CODING TOOL CFG: CTU128 QT44BTT21 IBD:1 SAO:1 ALF:1 (NonLinLuma:0 NonLinChr:0) CCALF:1 Tiles:1x1 Slices:1 WPP:0 WPP-Substreams:1 TMVP:1 DQ:1 SDH:0 CST:1 BDOF:1 DMVR:1 MTSImplicit:1 SBT:0 JCbCr:1 CabacInitPresent:1 AMVR:5 SMVD:3 LMCS:2 (Signal:SDR Opt:0) CIIP:0 MIP:1 AFFINE:2 (PROF:1, Type:1) MMVD:3 DisFracMMVD:1 SbTMVP:1 GPM:3 LFNST:1 MTS:0 ISP:3 TS:2 TSLog2MaxSize:4 useChromaTS:0 BDPCM:2 IBC:2 BCW:0 
ENC. ALG. CFG: QPA:0 HAD:1 RDQ:1 RDQTS:1 ASR:1 MinSearchWindow:96 RestrictMESampling:0 EDO:2 MCTF:2 
PRE-ANALYSIS CFG: STA:1 LeadFrames:0 TrailFrames:0 
FAST TOOL CFG: ECU:0 FEN:1 FDM:1 FastSearch:4 (SCC:2) LCTUFast:1 FastMrg:2 PBIntraFast:1 AMaxBT:1 FastQtBtEnc:1 ContentBasedFastQtbt:0 FastMIP:3 FastIntraTools:0 IntraEstDecBit:2 FastLocalDualTree:1 IntegerET:0 FastSubPel:1 QtbttExtraFast:3 FastTTSplit:0 IBCFastMethod:3 FIM:0 ALFSpeed:0 QuantThr: 4 
RATE CONTROL CFG: RateControl:0 LookAhead:0 
PARALLEL PROCESSING CFG: NumThreads:0 MaxParallelFrames:0 WppBitEqual:0 WF:0 

POC     0 TId: 0 (  IDR_N_LP, I-SLICE, QP 24, TF 3)     377624 bits [Y 40.2668 dB    U 43.0828 dB    V 44.6158 dB] [ET   262 ] [L0 ] [L1 ]
POC    16 TId: 1 (      STSA, B-SLICE, QP 28, TF 2)     101856 bits [Y 38.6930 dB    U 42.0379 dB    V 43.2299 dB] [ET   448 ] [L0 0 ] [L1 0 ]
POC     8 TId: 2 (      STSA, B-SLICE, QP 29, TF 1)      44568 bits [Y 38.5756 dB    U 42.2227 dB    V 43.6103 dB] [ET   529 ] [L0 0 16 ] [L1 16 0 ]
POC     4 TId: 3 (      STSA, B-SLICE, QP 32, TF 0)      18600 bits [Y 38.3018 dB    U 42.4893 dB    V 43.8442 dB] [ET   514 ] [L0 0 8 ] [L1 8 16 ]
POC     2 TId: 4 (      STSA, B-SLICE, QP 34)             8216 bits [Y 38.4140 dB    U 42.7741 dB    V 44.1996 dB] [ET   399 ] [L0 0 4 ] [L1 4 8 ]
POC     1 TId: 5 (      STSA, B-SLICE, QP 36)             3056 bits [Y 38.8040 dB    U 42.8984 dB    V 44.4395 dB] [ET   260 ] [L0 0 2 ] [L1 2 4 ]
POC     3 TId: 5 (      STSA, B-SLICE, QP 36)             3232 bits [Y 37.8722 dB    U 42.6607 dB    V 44.0023 dB] [ET   335 ] [L0 2 0 ] [L1 4 8 ]
POC     6 TId: 4 (      STSA, B-SLICE, QP 34)             9016 bits [Y 37.8688 dB    U 42.3198 dB    V 43.6421 dB] [ET   436 ] [L0 4 0 ] [L1 8 16 ]
POC     5 TId: 5 (      STSA, B-SLICE, QP 36)             3312 bits [Y 37.6770 dB    U 42.3479 dB    V 43.7503 dB] [ET   349 ] [L0 4 0 ] [L1 6 8 ]
POC     7 TId: 5 (      STSA, B-SLICE, QP 36)             2800 bits [Y 37.7561 dB    U 42.2849 dB    V 43.5968 dB] [ET   353 ] [L0 6 4 ] [L1 8 16 ]
POC    12 TId: 3 (      STSA, B-SLICE, QP 32, TF 0)      21616 bits [Y 37.7908 dB    U 41.9680 dB    V 43.1777 dB] [ET   503 ] [L0 8 0 ] [L1 16 8 ]
POC    10 TId: 4 (      STSA, B-SLICE, QP 34)             9512 bits [Y 37.6270 dB    U 42.1113 dB    V 43.2872 dB] [ET   484 ] [L0 8 0 ] [L1 12 16 ]
POC     9 TId: 5 (      STSA, B-SLICE, QP 36)             3624 bits [Y 37.6508 dB    U 42.2057 dB    V 43.4750 dB] [ET   347 ] [L0 8 0 ] [L1 10 12 ]
POC    11 TId: 5 (      STSA, B-SLICE, QP 36)             3624 bits [Y 37.3214 dB    U 42.0284 dB    V 43.2299 dB] [ET   336 ] [L0 10 8 ] [L1 12 16 ]
POC    14 TId: 4 (      STSA, B-SLICE, QP 34)            11048 bits [Y 37.4439 dB    U 41.9065 dB    V 43.0689 dB] [ET   403 ] [L0 12 8 ] [L1 16 12 ]
POC    13 TId: 5 (      STSA, B-SLICE, QP 36)             3984 bits [Y 37.1868 dB    U 41.9427 dB    V 43.1634 dB] [ET   363 ] [L0 12 8 ] [L1 14 16 ]
POC    15 TId: 5 (      STSA, B-SLICE, QP 36)             4072 bits [Y 37.3492 dB    U 42.0008 dB    V 43.1408 dB] [ET   275 ] [L0 14 12 ] [L1 16 14 ]

	Total Frames |   Bitrate     Y-PSNR    U-PSNR    V-PSNR    YUV-PSNR   
	       17    a    2222.6824   38.0353   42.3107   43.6161   39.0902

 finished @ Wed Apr  5 20:31:09 2023
 Total Time:     6610.117 sec. [user]     6610.243 sec. [elapsed]

Level: 0
Inject Calls: 7730042610
Errors injected by bit:
	Bit 0: 77544
	Bit 1: 77165
	Bit 2: 77728
	Bit 3: 77052
	Bit 4: 77258
	Bit 5: 76710
	Bit 6: 77602
	Bit 7: 76338

Total errors injected: 617397
