vvencFFapp: Fraunhofer VVC Encoder ver. 1.5.0 [Linux][GCC 11.3.0][64 bit][SIMD=AVX2]
 started @ Wed Apr  5 20:31:01 2023
CODING TOOL CFG: CTU128 QT44BTT21 IBD:1 SAO:1 ALF:1 (NonLinLuma:0 NonLinChr:0) CCALF:1 Tiles:1x1 Slices:1 WPP:0 WPP-Substreams:1 TMVP:1 DQ:1 SDH:0 CST:1 BDOF:1 DMVR:1 MTSImplicit:1 SBT:0 JCbCr:1 CabacInitPresent:1 AMVR:5 SMVD:3 LMCS:2 (Signal:SDR Opt:0) CIIP:0 MIP:1 AFFINE:2 (PROF:1, Type:1) MMVD:3 DisFracMMVD:1 SbTMVP:1 GPM:3 LFNST:1 MTS:0 ISP:3 TS:2 TSLog2MaxSize:4 useChromaTS:0 BDPCM:2 IBC:2 BCW:0 
ENC. ALG. CFG: QPA:0 HAD:1 RDQ:1 RDQTS:1 ASR:1 MinSearchWindow:96 RestrictMESampling:0 EDO:2 MCTF:2 
PRE-ANALYSIS CFG: STA:1 LeadFrames:0 TrailFrames:0 
FAST TOOL CFG: ECU:0 FEN:1 FDM:1 FastSearch:4 (SCC:2) LCTUFast:1 FastMrg:2 PBIntraFast:1 AMaxBT:1 FastQtBtEnc:1 ContentBasedFastQtbt:0 FastMIP:3 FastIntraTools:0 IntraEstDecBit:2 FastLocalDualTree:1 IntegerET:0 FastSubPel:1 QtbttExtraFast:3 FastTTSplit:0 IBCFastMethod:3 FIM:0 ALFSpeed:0 QuantThr: 4 
RATE CONTROL CFG: RateControl:0 LookAhead:0 
PARALLEL PROCESSING CFG: NumThreads:0 MaxParallelFrames:0 WppBitEqual:0 WF:0 

POC     0 TId: 0 (  IDR_N_LP, I-SLICE, QP 24, TF 3)     377624 bits [Y 40.2668 dB    U 43.0828 dB    V 44.6158 dB] [ET   260 ] [L0 ] [L1 ]
POC    16 TId: 1 (      STSA, B-SLICE, QP 28, TF 2)     101368 bits [Y 38.6862 dB    U 42.0284 dB    V 43.2528 dB] [ET   446 ] [L0 0 ] [L1 0 ]
POC     8 TId: 2 (      STSA, B-SLICE, QP 29, TF 1)      44872 bits [Y 38.5878 dB    U 42.2191 dB    V 43.6280 dB] [ET   526 ] [L0 0 16 ] [L1 16 0 ]
POC     4 TId: 3 (      STSA, B-SLICE, QP 32, TF 0)      18864 bits [Y 38.3121 dB    U 42.4237 dB    V 43.8090 dB] [ET   515 ] [L0 0 8 ] [L1 8 16 ]
POC     2 TId: 4 (      STSA, B-SLICE, QP 34)             8344 bits [Y 38.4196 dB    U 42.7814 dB    V 44.1418 dB] [ET   386 ] [L0 0 4 ] [L1 4 8 ]
POC     1 TId: 5 (      STSA, B-SLICE, QP 36)             3000 bits [Y 38.7751 dB    U 42.9007 dB    V 44.4302 dB] [ET   249 ] [L0 0 2 ] [L1 2 4 ]
POC     3 TId: 5 (      STSA, B-SLICE, QP 36)             3184 bits [Y 37.8899 dB    U 42.6134 dB    V 43.9994 dB] [ET   333 ] [L0 2 0 ] [L1 4 8 ]
POC     6 TId: 4 (      STSA, B-SLICE, QP 34)             9208 bits [Y 37.9014 dB    U 42.2798 dB    V 43.6393 dB] [ET   445 ] [L0 4 0 ] [L1 8 16 ]
POC     5 TId: 5 (      STSA, B-SLICE, QP 36)             3400 bits [Y 37.6750 dB    U 42.3150 dB    V 43.7234 dB] [ET   338 ] [L0 4 0 ] [L1 6 8 ]
POC     7 TId: 5 (      STSA, B-SLICE, QP 36)             2736 bits [Y 37.7489 dB    U 42.2746 dB    V 43.6251 dB] [ET   362 ] [L0 6 4 ] [L1 8 16 ]
POC    12 TId: 3 (      STSA, B-SLICE, QP 32, TF 0)      21456 bits [Y 37.7839 dB    U 41.9723 dB    V 43.1859 dB] [ET   496 ] [L0 8 0 ] [L1 16 8 ]
POC    10 TId: 4 (      STSA, B-SLICE, QP 34)             9480 bits [Y 37.6052 dB    U 42.0955 dB    V 43.2817 dB] [ET   494 ] [L0 8 0 ] [L1 12 16 ]
POC     9 TId: 5 (      STSA, B-SLICE, QP 36)             3440 bits [Y 37.6325 dB    U 42.1542 dB    V 43.5126 dB] [ET   351 ] [L0 8 0 ] [L1 10 12 ]
POC    11 TId: 5 (      STSA, B-SLICE, QP 36)             3568 bits [Y 37.3233 dB    U 42.0032 dB    V 43.2262 dB] [ET   328 ] [L0 10 8 ] [L1 12 16 ]
POC    14 TId: 4 (      STSA, B-SLICE, QP 34)            10488 bits [Y 37.4072 dB    U 41.9110 dB    V 43.0730 dB] [ET   411 ] [L0 12 8 ] [L1 16 12 ]
POC    13 TId: 5 (      STSA, B-SLICE, QP 36)             4096 bits [Y 37.1546 dB    U 41.9197 dB    V 43.1255 dB] [ET   348 ] [L0 12 8 ] [L1 14 16 ]
POC    15 TId: 5 (      STSA, B-SLICE, QP 36)             4184 bits [Y 37.3549 dB    U 41.9902 dB    V 43.1536 dB] [ET   275 ] [L0 14 12 ] [L1 16 14 ]

	Total Frames |   Bitrate     Y-PSNR    U-PSNR    V-PSNR    YUV-PSNR   
	       17    a    2221.1012   38.0309   42.2921   43.6131   39.0843

 finished @ Wed Apr  5 22:20:41 2023
 Total Time:     6579.224 sec. [user]     6579.583 sec. [elapsed]

Level: 0
Inject Calls: 7708967058
Errors injected by bit:
	Bit 0: 7782
	Bit 1: 7649
	Bit 2: 7806
	Bit 3: 7805
	Bit 4: 7675
	Bit 5: 7845
	Bit 6: 7739
	Bit 7: 7859

Total errors injected: 62160
