vvencFFapp: Fraunhofer VVC Encoder ver. 1.5.0 [Linux][GCC 11.3.0][64 bit][SIMD=AVX2]
 started @ Wed Apr  5 14:55:55 2023
CODING TOOL CFG: CTU128 QT44BTT21 IBD:1 SAO:1 ALF:1 (NonLinLuma:0 NonLinChr:0) CCALF:1 Tiles:1x1 Slices:1 WPP:0 WPP-Substreams:1 TMVP:1 DQ:1 SDH:0 CST:1 BDOF:1 DMVR:1 MTSImplicit:1 SBT:0 JCbCr:1 CabacInitPresent:1 AMVR:5 SMVD:3 LMCS:2 (Signal:SDR Opt:0) CIIP:0 MIP:1 AFFINE:2 (PROF:1, Type:1) MMVD:3 DisFracMMVD:1 SbTMVP:1 GPM:3 LFNST:1 MTS:0 ISP:3 TS:2 TSLog2MaxSize:4 useChromaTS:0 BDPCM:2 IBC:2 BCW:0 
ENC. ALG. CFG: QPA:0 HAD:1 RDQ:1 RDQTS:1 ASR:1 MinSearchWindow:96 RestrictMESampling:0 EDO:2 MCTF:2 
PRE-ANALYSIS CFG: STA:1 LeadFrames:0 TrailFrames:0 
FAST TOOL CFG: ECU:0 FEN:1 FDM:1 FastSearch:4 (SCC:2) LCTUFast:1 FastMrg:2 PBIntraFast:1 AMaxBT:1 FastQtBtEnc:1 ContentBasedFastQtbt:0 FastMIP:3 FastIntraTools:0 IntraEstDecBit:2 FastLocalDualTree:1 IntegerET:0 FastSubPel:1 QtbttExtraFast:3 FastTTSplit:0 IBCFastMethod:3 FIM:0 ALFSpeed:0 QuantThr: 4 
RATE CONTROL CFG: RateControl:0 LookAhead:0 
PARALLEL PROCESSING CFG: NumThreads:0 MaxParallelFrames:0 WppBitEqual:0 WF:0 

POC     0 TId: 0 (  IDR_N_LP, I-SLICE, QP 24, TF 3)     377624 bits [Y 40.2668 dB    U 43.0828 dB    V 44.6158 dB] [ET   266 ] [L0 ] [L1 ]
POC    16 TId: 1 (      STSA, B-SLICE, QP 28, TF 2)     102552 bits [Y 38.7010 dB    U 42.0569 dB    V 43.3075 dB] [ET   442 ] [L0 0 ] [L1 0 ]
POC     8 TId: 2 (      STSA, B-SLICE, QP 29, TF 1)      44848 bits [Y 38.5892 dB    U 42.2069 dB    V 43.6573 dB] [ET   531 ] [L0 0 16 ] [L1 16 0 ]
POC     4 TId: 3 (      STSA, B-SLICE, QP 32, TF 0)      18648 bits [Y 38.3037 dB    U 42.4405 dB    V 43.8719 dB] [ET   490 ] [L0 0 8 ] [L1 8 16 ]
POC     2 TId: 4 (      STSA, B-SLICE, QP 34)             8288 bits [Y 38.4236 dB    U 42.7806 dB    V 44.1772 dB] [ET   405 ] [L0 0 4 ] [L1 4 8 ]
POC     1 TId: 5 (      STSA, B-SLICE, QP 36)             2944 bits [Y 38.7844 dB    U 42.8967 dB    V 44.4595 dB] [ET   264 ] [L0 0 2 ] [L1 2 4 ]
POC     3 TId: 5 (      STSA, B-SLICE, QP 36)             2928 bits [Y 37.8439 dB    U 42.6395 dB    V 44.0252 dB] [ET   340 ] [L0 2 0 ] [L1 4 8 ]
POC     6 TId: 4 (      STSA, B-SLICE, QP 34)             8856 bits [Y 37.8596 dB    U 42.3174 dB    V 43.7052 dB] [ET   449 ] [L0 4 0 ] [L1 8 16 ]
POC     5 TId: 5 (      STSA, B-SLICE, QP 36)             3376 bits [Y 37.6700 dB    U 42.3286 dB    V 43.8100 dB] [ET   322 ] [L0 4 0 ] [L1 6 8 ]
POC     7 TId: 5 (      STSA, B-SLICE, QP 36)             2944 bits [Y 37.7834 dB    U 42.2589 dB    V 43.6296 dB] [ET   362 ] [L0 6 4 ] [L1 8 16 ]
POC    12 TId: 3 (      STSA, B-SLICE, QP 32, TF 0)      21024 bits [Y 37.7494 dB    U 42.0278 dB    V 43.2492 dB] [ET   509 ] [L0 8 0 ] [L1 16 8 ]
POC    10 TId: 4 (      STSA, B-SLICE, QP 34)             9552 bits [Y 37.6425 dB    U 42.1007 dB    V 43.3018 dB] [ET   503 ] [L0 8 0 ] [L1 12 16 ]
POC     9 TId: 5 (      STSA, B-SLICE, QP 36)             3456 bits [Y 37.6414 dB    U 42.1889 dB    V 43.5252 dB] [ET   336 ] [L0 8 0 ] [L1 10 12 ]
POC    11 TId: 5 (      STSA, B-SLICE, QP 36)             3528 bits [Y 37.2761 dB    U 42.0297 dB    V 43.3103 dB] [ET   337 ] [L0 10 8 ] [L1 12 16 ]
POC    14 TId: 4 (      STSA, B-SLICE, QP 34)            10896 bits [Y 37.4317 dB    U 41.9565 dB    V 43.0650 dB] [ET   400 ] [L0 12 8 ] [L1 16 12 ]
POC    13 TId: 5 (      STSA, B-SLICE, QP 36)             3976 bits [Y 37.1381 dB    U 41.9388 dB    V 43.1710 dB] [ET   386 ] [L0 12 8 ] [L1 14 16 ]
POC    15 TId: 5 (      STSA, B-SLICE, QP 36)             4064 bits [Y 37.3557 dB    U 42.0178 dB    V 43.1370 dB] [ET   291 ] [L0 14 12 ] [L1 16 14 ]

	Total Frames |   Bitrate     Y-PSNR    U-PSNR    V-PSNR    YUV-PSNR   
	       17    a    2221.7788   38.0271   42.3099   43.6482   39.0841

 finished @ Wed Apr  5 16:46:45 2023
 Total Time:     6650.127 sec. [user]     6650.364 sec. [elapsed]

Level: 0
Inject Calls: 7844590476
Errors injected by bit:
	Bit 0: 783246
	Bit 1: 785052
	Bit 2: 784414
	Bit 3: 784020
	Bit 4: 784084
	Bit 5: 785985
	Bit 6: 784869
	Bit 7: 783831

Total errors injected: 6275501
