vvencFFapp: Fraunhofer VVC Encoder ver. 1.5.0 [Linux][GCC 11.3.0][64 bit][SIMD=AVX2]
 started @ Thu Apr  6 16:46:25 2023
CODING TOOL CFG: CTU128 QT44BTT21 IBD:1 SAO:1 ALF:1 (NonLinLuma:0 NonLinChr:0) CCALF:1 Tiles:1x1 Slices:1 WPP:0 WPP-Substreams:1 TMVP:1 DQ:1 SDH:0 CST:1 BDOF:1 DMVR:1 MTSImplicit:1 SBT:0 JCbCr:1 CabacInitPresent:1 AMVR:5 SMVD:3 LMCS:2 (Signal:SDR Opt:0) CIIP:0 MIP:1 AFFINE:2 (PROF:1, Type:1) MMVD:3 DisFracMMVD:1 SbTMVP:1 GPM:3 LFNST:1 MTS:0 ISP:3 TS:2 TSLog2MaxSize:4 useChromaTS:0 BDPCM:2 IBC:2 BCW:0 
ENC. ALG. CFG: QPA:0 HAD:1 RDQ:1 RDQTS:1 ASR:1 MinSearchWindow:96 RestrictMESampling:0 EDO:2 MCTF:2 
PRE-ANALYSIS CFG: STA:1 LeadFrames:0 TrailFrames:0 
FAST TOOL CFG: ECU:0 FEN:1 FDM:1 FastSearch:4 (SCC:2) LCTUFast:1 FastMrg:2 PBIntraFast:1 AMaxBT:1 FastQtBtEnc:1 ContentBasedFastQtbt:0 FastMIP:3 FastIntraTools:0 IntraEstDecBit:2 FastLocalDualTree:1 IntegerET:0 FastSubPel:1 QtbttExtraFast:3 FastTTSplit:0 IBCFastMethod:3 FIM:0 ALFSpeed:0 QuantThr: 4 
RATE CONTROL CFG: RateControl:0 LookAhead:0 
PARALLEL PROCESSING CFG: NumThreads:0 MaxParallelFrames:0 WppBitEqual:0 WF:0 

POC     0 TId: 0 (  IDR_N_LP, I-SLICE, QP 34, TF 2)     142152 bits [Y 34.7290 dB    U 39.0714 dB    V 39.9878 dB] [ET   153 ] [L0 ] [L1 ]
POC    16 TId: 1 (      STSA, B-SLICE, QP 40, TF 1)      22232 bits [Y 32.2463 dB    U 38.2249 dB    V 38.9068 dB] [ET   276 ] [L0 0 ] [L1 0 ]
POC     8 TId: 2 (      STSA, B-SLICE, QP 40, TF 0)      10832 bits [Y 32.8821 dB    U 38.4446 dB    V 39.3313 dB] [ET   366 ] [L0 0 16 ] [L1 16 0 ]
POC     4 TId: 3 (      STSA, B-SLICE, QP 43)             4400 bits [Y 32.8541 dB    U 38.6854 dB    V 39.4846 dB] [ET   300 ] [L0 0 8 ] [L1 8 16 ]
POC     2 TId: 4 (      STSA, B-SLICE, QP 45)             1680 bits [Y 33.0172 dB    U 38.8418 dB    V 39.6993 dB] [ET   207 ] [L0 0 4 ] [L1 4 8 ]
POC     1 TId: 5 (      STSA, B-SLICE, QP 46)              688 bits [Y 33.5794 dB    U 38.9214 dB    V 39.9275 dB] [ET   170 ] [L0 0 2 ] [L1 2 4 ]
POC     3 TId: 5 (      STSA, B-SLICE, QP 46)              600 bits [Y 32.7255 dB    U 38.8482 dB    V 39.6550 dB] [ET   216 ] [L0 2 0 ] [L1 4 8 ]
POC     6 TId: 4 (      STSA, B-SLICE, QP 45)             2136 bits [Y 32.4117 dB    U 38.6263 dB    V 39.4848 dB] [ET   267 ] [L0 4 0 ] [L1 8 16 ]
POC     5 TId: 5 (      STSA, B-SLICE, QP 46)              736 bits [Y 32.4059 dB    U 38.6061 dB    V 39.4604 dB] [ET   217 ] [L0 4 0 ] [L1 6 8 ]
POC     7 TId: 5 (      STSA, B-SLICE, QP 46)              704 bits [Y 32.4715 dB    U 38.5345 dB    V 39.4621 dB] [ET   223 ] [L0 6 4 ] [L1 8 16 ]
POC    12 TId: 3 (      STSA, B-SLICE, QP 43)             5024 bits [Y 32.0273 dB    U 38.2639 dB    V 39.0807 dB] [ET   336 ] [L0 8 0 ] [L1 16 8 ]
POC    10 TId: 4 (      STSA, B-SLICE, QP 45)             1832 bits [Y 32.0620 dB    U 38.3760 dB    V 39.1585 dB] [ET   278 ] [L0 8 0 ] [L1 12 16 ]
POC     9 TId: 5 (      STSA, B-SLICE, QP 46)              840 bits [Y 32.2747 dB    U 38.4771 dB    V 39.2980 dB] [ET   241 ] [L0 8 0 ] [L1 10 12 ]
POC    11 TId: 5 (      STSA, B-SLICE, QP 46)              768 bits [Y 31.8192 dB    U 38.3088 dB    V 39.0891 dB] [ET   239 ] [L0 10 8 ] [L1 12 16 ]
POC    14 TId: 4 (      STSA, B-SLICE, QP 45)             2208 bits [Y 31.6712 dB    U 38.2260 dB    V 38.9450 dB] [ET   246 ] [L0 12 8 ] [L1 16 12 ]
POC    13 TId: 5 (      STSA, B-SLICE, QP 46)             1056 bits [Y 31.6575 dB    U 38.3110 dB    V 38.9818 dB] [ET   246 ] [L0 12 8 ] [L1 14 16 ]
POC    15 TId: 5 (      STSA, B-SLICE, QP 46)              952 bits [Y 31.7148 dB    U 38.2702 dB    V 38.9328 dB] [ET   203 ] [L0 14 12 ] [L1 16 14 ]

	Total Frames |   Bitrate     Y-PSNR    U-PSNR    V-PSNR    YUV-PSNR   
	       17    a     701.7882   32.5029   38.5316   39.3462   33.7388

 finished @ Thu Apr  6 17:56:23 2023
 Total Time:     4198.493 sec. [user]     4198.571 sec. [elapsed]

Level: 0
Inject Calls: 5039645741
Errors injected by bit:
	Bit 0: 5038526
	Bit 1: 5041334
	Bit 2: 5036967
	Bit 3: 5037610
	Bit 4: 5040624
	Bit 5: 5040468
	Bit 6: 5042553
	Bit 7: 5044457

Total errors injected: 40322539
