vvencFFapp: Fraunhofer VVC Encoder ver. 1.5.0 [Linux][GCC 11.3.0][64 bit][SIMD=AVX2]
 started @ Tue Apr  4 17:35:30 2023
CODING TOOL CFG: CTU128 QT44BTT21 IBD:1 SAO:1 ALF:1 (NonLinLuma:0 NonLinChr:0) CCALF:1 Tiles:1x1 Slices:1 WPP:0 WPP-Substreams:1 TMVP:1 DQ:1 SDH:0 CST:1 BDOF:1 DMVR:1 MTSImplicit:1 SBT:0 JCbCr:1 CabacInitPresent:1 AMVR:5 SMVD:3 LMCS:2 (Signal:SDR Opt:0) CIIP:0 MIP:1 AFFINE:2 (PROF:1, Type:1) MMVD:3 DisFracMMVD:1 SbTMVP:1 GPM:3 LFNST:1 MTS:0 ISP:3 TS:2 TSLog2MaxSize:4 useChromaTS:0 BDPCM:2 IBC:2 BCW:0 
ENC. ALG. CFG: QPA:0 HAD:1 RDQ:1 RDQTS:1 ASR:1 MinSearchWindow:96 RestrictMESampling:0 EDO:2 MCTF:2 
PRE-ANALYSIS CFG: STA:1 LeadFrames:0 TrailFrames:0 
FAST TOOL CFG: ECU:0 FEN:1 FDM:1 FastSearch:4 (SCC:2) LCTUFast:1 FastMrg:2 PBIntraFast:1 AMaxBT:1 FastQtBtEnc:1 ContentBasedFastQtbt:0 FastMIP:3 FastIntraTools:0 IntraEstDecBit:2 FastLocalDualTree:1 IntegerET:0 FastSubPel:1 QtbttExtraFast:3 FastTTSplit:0 IBCFastMethod:3 FIM:0 ALFSpeed:0 QuantThr: 4 
RATE CONTROL CFG: RateControl:0 LookAhead:0 
PARALLEL PROCESSING CFG: NumThreads:0 MaxParallelFrames:0 WppBitEqual:0 WF:0 

POC     0 TId: 0 (  IDR_N_LP, I-SLICE, QP 19, TF 3)     581848 bits [Y 42.2672 dB    U 45.0524 dB    V 46.9660 dB] [ET   348 ] [L0 ] [L1 ]
POC    16 TId: 1 (      STSA, B-SLICE, QP 22, TF 2)     215064 bits [Y 41.6075 dB    U 44.1863 dB    V 45.8433 dB] [ET   598 ] [L0 0 ] [L1 0 ]
POC     8 TId: 2 (      STSA, B-SLICE, QP 23, TF 1)      98600 bits [Y 40.9406 dB    U 44.1803 dB    V 46.0145 dB] [ET   717 ] [L0 0 16 ] [L1 16 0 ]
POC     4 TId: 3 (      STSA, B-SLICE, QP 26, TF 0)      43360 bits [Y 40.5431 dB    U 44.3047 dB    V 46.1569 dB] [ET   628 ] [L0 0 8 ] [L1 8 16 ]
POC     2 TId: 4 (      STSA, B-SLICE, QP 28)            20920 bits [Y 40.5715 dB    U 44.5917 dB    V 46.4091 dB] [ET   499 ] [L0 0 4 ] [L1 4 8 ]
POC     1 TId: 5 (      STSA, B-SLICE, QP 29)             8848 bits [Y 40.8184 dB    U 44.8201 dB    V 46.6617 dB] [ET   405 ] [L0 0 2 ] [L1 2 4 ]
POC     3 TId: 5 (      STSA, B-SLICE, QP 29)            10264 bits [Y 40.2054 dB    U 44.4573 dB    V 46.2076 dB] [ET   469 ] [L0 2 0 ] [L1 4 8 ]
POC     6 TId: 4 (      STSA, B-SLICE, QP 28)            21600 bits [Y 40.1400 dB    U 44.1246 dB    V 45.8483 dB] [ET   559 ] [L0 4 0 ] [L1 8 16 ]
POC     5 TId: 5 (      STSA, B-SLICE, QP 29)            10240 bits [Y 40.0124 dB    U 44.1044 dB    V 45.9219 dB] [ET   458 ] [L0 4 0 ] [L1 6 8 ]
POC     7 TId: 5 (      STSA, B-SLICE, QP 29)             9288 bits [Y 40.0664 dB    U 44.1774 dB    V 45.8569 dB] [ET   494 ] [L0 6 4 ] [L1 8 16 ]
POC    12 TId: 3 (      STSA, B-SLICE, QP 26, TF 0)      49080 bits [Y 40.2443 dB    U 43.9710 dB    V 45.5946 dB] [ET   606 ] [L0 8 0 ] [L1 16 8 ]
POC    10 TId: 4 (      STSA, B-SLICE, QP 28)            24048 bits [Y 40.0284 dB    U 43.9771 dB    V 45.5808 dB] [ET   661 ] [L0 8 0 ] [L1 12 16 ]
POC     9 TId: 5 (      STSA, B-SLICE, QP 29)            10288 bits [Y 40.0109 dB    U 44.0910 dB    V 45.8306 dB] [ET   463 ] [L0 8 0 ] [L1 10 12 ]
POC    11 TId: 5 (      STSA, B-SLICE, QP 29)            10824 bits [Y 39.8290 dB    U 43.9130 dB    V 45.5235 dB] [ET   498 ] [L0 10 8 ] [L1 12 16 ]
POC    14 TId: 4 (      STSA, B-SLICE, QP 28)            27792 bits [Y 39.9788 dB    U 43.8869 dB    V 45.4340 dB] [ET   522 ] [L0 12 8 ] [L1 16 12 ]
POC    13 TId: 5 (      STSA, B-SLICE, QP 29)            12480 bits [Y 39.7264 dB    U 43.8475 dB    V 45.4567 dB] [ET   547 ] [L0 12 8 ] [L1 14 16 ]
POC    15 TId: 5 (      STSA, B-SLICE, QP 29)            14368 bits [Y 39.9527 dB    U 43.9389 dB    V 45.4982 dB] [ET   402 ] [L0 14 12 ] [L1 16 14 ]

	Total Frames |   Bitrate     Y-PSNR    U-PSNR    V-PSNR    YUV-PSNR   
	       17    a    4125.5718   40.4084   44.2132   45.9297   41.4306

 finished @ Tue Apr  4 20:03:41 2023
 Total Time:     8866.303 sec. [user]     8890.760 sec. [elapsed]

Level: 0
Inject Calls: 10299039796
Errors injected by bit:
	Bit 0: 10297547
	Bit 1: 10298368
	Bit 2: 10301691
	Bit 3: 10295290
	Bit 4: 10300444
	Bit 5: 10299830
	Bit 6: 10300468
	Bit 7: 10297235

Total errors injected: 82390873
