vvencFFapp: Fraunhofer VVC Encoder ver. 1.5.0 [Linux][GCC 11.3.0][64 bit][SIMD=AVX2]
 started @ Thu Apr  6 20:46:29 2023
CODING TOOL CFG: CTU128 QT44BTT21 IBD:1 SAO:1 ALF:1 (NonLinLuma:0 NonLinChr:0) CCALF:1 Tiles:1x1 Slices:1 WPP:0 WPP-Substreams:1 TMVP:1 DQ:1 SDH:0 CST:1 BDOF:1 DMVR:1 MTSImplicit:1 SBT:0 JCbCr:1 CabacInitPresent:1 AMVR:5 SMVD:3 LMCS:2 (Signal:SDR Opt:0) CIIP:0 MIP:1 AFFINE:2 (PROF:1, Type:1) MMVD:3 DisFracMMVD:1 SbTMVP:1 GPM:3 LFNST:1 MTS:0 ISP:3 TS:2 TSLog2MaxSize:4 useChromaTS:0 BDPCM:2 IBC:2 BCW:0 
ENC. ALG. CFG: QPA:0 HAD:1 RDQ:1 RDQTS:1 ASR:1 MinSearchWindow:96 RestrictMESampling:0 EDO:2 MCTF:2 
PRE-ANALYSIS CFG: STA:1 LeadFrames:0 TrailFrames:0 
FAST TOOL CFG: ECU:0 FEN:1 FDM:1 FastSearch:4 (SCC:2) LCTUFast:1 FastMrg:2 PBIntraFast:1 AMaxBT:1 FastQtBtEnc:1 ContentBasedFastQtbt:0 FastMIP:3 FastIntraTools:0 IntraEstDecBit:2 FastLocalDualTree:1 IntegerET:0 FastSubPel:1 QtbttExtraFast:3 FastTTSplit:0 IBCFastMethod:3 FIM:0 ALFSpeed:0 QuantThr: 4 
RATE CONTROL CFG: RateControl:0 LookAhead:0 
PARALLEL PROCESSING CFG: NumThreads:0 MaxParallelFrames:0 WppBitEqual:0 WF:0 

POC     0 TId: 0 (  IDR_N_LP, I-SLICE, QP 34, TF 2)     142152 bits [Y 34.7290 dB    U 39.0714 dB    V 39.9878 dB] [ET   157 ] [L0 ] [L1 ]
POC    16 TId: 1 (      STSA, B-SLICE, QP 40, TF 1)      22464 bits [Y 32.2831 dB    U 38.1327 dB    V 38.8888 dB] [ET   267 ] [L0 0 ] [L1 0 ]
POC     8 TId: 2 (      STSA, B-SLICE, QP 40, TF 0)      11216 bits [Y 32.9179 dB    U 38.4104 dB    V 39.3406 dB] [ET   361 ] [L0 0 16 ] [L1 16 0 ]
POC     4 TId: 3 (      STSA, B-SLICE, QP 43)             4280 bits [Y 32.8302 dB    U 38.6886 dB    V 39.5288 dB] [ET   310 ] [L0 0 8 ] [L1 8 16 ]
POC     2 TId: 4 (      STSA, B-SLICE, QP 45)             1864 bits [Y 33.0859 dB    U 38.8460 dB    V 39.7142 dB] [ET   222 ] [L0 0 4 ] [L1 4 8 ]
POC     1 TId: 5 (      STSA, B-SLICE, QP 46)              728 bits [Y 33.6769 dB    U 38.9025 dB    V 39.9031 dB] [ET   161 ] [L0 0 2 ] [L1 2 4 ]
POC     3 TId: 5 (      STSA, B-SLICE, QP 46)              704 bits [Y 32.8062 dB    U 38.8375 dB    V 39.6623 dB] [ET   212 ] [L0 2 0 ] [L1 4 8 ]
POC     6 TId: 4 (      STSA, B-SLICE, QP 45)             2080 bits [Y 32.4585 dB    U 38.5936 dB    V 39.4821 dB] [ET   270 ] [L0 4 0 ] [L1 8 16 ]
POC     5 TId: 5 (      STSA, B-SLICE, QP 46)              696 bits [Y 32.3772 dB    U 38.5919 dB    V 39.4840 dB] [ET   214 ] [L0 4 0 ] [L1 6 8 ]
POC     7 TId: 5 (      STSA, B-SLICE, QP 46)              720 bits [Y 32.5641 dB    U 38.5157 dB    V 39.4597 dB] [ET   231 ] [L0 6 4 ] [L1 8 16 ]
POC    12 TId: 3 (      STSA, B-SLICE, QP 43)             4856 bits [Y 31.9972 dB    U 38.2146 dB    V 39.1289 dB] [ET   323 ] [L0 8 0 ] [L1 16 8 ]
POC    10 TId: 4 (      STSA, B-SLICE, QP 45)             1872 bits [Y 32.0297 dB    U 38.3031 dB    V 39.1362 dB] [ET   303 ] [L0 8 0 ] [L1 12 16 ]
POC     9 TId: 5 (      STSA, B-SLICE, QP 46)              816 bits [Y 32.3138 dB    U 38.3968 dB    V 39.2991 dB] [ET   233 ] [L0 8 0 ] [L1 10 12 ]
POC    11 TId: 5 (      STSA, B-SLICE, QP 46)              688 bits [Y 31.7720 dB    U 38.2187 dB    V 39.1386 dB] [ET   230 ] [L0 10 8 ] [L1 12 16 ]
POC    14 TId: 4 (      STSA, B-SLICE, QP 45)             2152 bits [Y 31.6545 dB    U 38.1538 dB    V 39.0180 dB] [ET   219 ] [L0 12 8 ] [L1 16 12 ]
POC    13 TId: 5 (      STSA, B-SLICE, QP 46)             1080 bits [Y 31.6374 dB    U 38.2454 dB    V 39.0783 dB] [ET   234 ] [L0 12 8 ] [L1 14 16 ]
POC    15 TId: 5 (      STSA, B-SLICE, QP 46)             1088 bits [Y 31.7914 dB    U 38.2188 dB    V 38.9916 dB] [ET   184 ] [L0 14 12 ] [L1 16 14 ]

	Total Frames |   Bitrate     Y-PSNR    U-PSNR    V-PSNR    YUV-PSNR   
	       17    a     703.9624   32.5250   38.4907   39.3672   33.7549

 finished @ Thu Apr  6 21:55:35 2023
 Total Time:     4145.998 sec. [user]     4146.058 sec. [elapsed]

Level: 0
Inject Calls: 4974778444
Errors injected by bit:
	Bit 0: 49717
	Bit 1: 49768
	Bit 2: 49885
	Bit 3: 49798
	Bit 4: 49466
	Bit 5: 49793
	Bit 6: 49393
	Bit 7: 49611

Total errors injected: 397431
