vvencFFapp: Fraunhofer VVC Encoder ver. 1.5.0 [Linux][GCC 11.3.0][64 bit][SIMD=AVX2]
 started @ Thu Apr  6 03:51:10 2023
CODING TOOL CFG: CTU128 QT44BTT21 IBD:1 SAO:1 ALF:1 (NonLinLuma:0 NonLinChr:0) CCALF:1 Tiles:1x1 Slices:1 WPP:0 WPP-Substreams:1 TMVP:1 DQ:1 SDH:0 CST:1 BDOF:1 DMVR:1 MTSImplicit:1 SBT:0 JCbCr:1 CabacInitPresent:1 AMVR:5 SMVD:3 LMCS:2 (Signal:SDR Opt:0) CIIP:0 MIP:1 AFFINE:2 (PROF:1, Type:1) MMVD:3 DisFracMMVD:1 SbTMVP:1 GPM:3 LFNST:1 MTS:0 ISP:3 TS:2 TSLog2MaxSize:4 useChromaTS:0 BDPCM:2 IBC:2 BCW:0 
ENC. ALG. CFG: QPA:0 HAD:1 RDQ:1 RDQTS:1 ASR:1 MinSearchWindow:96 RestrictMESampling:0 EDO:2 MCTF:2 
PRE-ANALYSIS CFG: STA:1 LeadFrames:0 TrailFrames:0 
FAST TOOL CFG: ECU:0 FEN:1 FDM:1 FastSearch:4 (SCC:2) LCTUFast:1 FastMrg:2 PBIntraFast:1 AMaxBT:1 FastQtBtEnc:1 ContentBasedFastQtbt:0 FastMIP:3 FastIntraTools:0 IntraEstDecBit:2 FastLocalDualTree:1 IntegerET:0 FastSubPel:1 QtbttExtraFast:3 FastTTSplit:0 IBCFastMethod:3 FIM:0 ALFSpeed:0 QuantThr: 4 
RATE CONTROL CFG: RateControl:0 LookAhead:0 
PARALLEL PROCESSING CFG: NumThreads:0 MaxParallelFrames:0 WppBitEqual:0 WF:0 

POC     0 TId: 0 (  IDR_N_LP, I-SLICE, QP 29, TF 2)     239000 bits [Y 37.7621 dB    U 41.1947 dB    V 42.2796 dB] [ET   203 ] [L0 ] [L1 ]
POC    16 TId: 1 (      STSA, B-SLICE, QP 34, TF 1)      48568 bits [Y 35.5646 dB    U 39.7558 dB    V 40.5809 dB] [ET   359 ] [L0 0 ] [L1 0 ]
POC     8 TId: 2 (      STSA, B-SLICE, QP 35, TF 0)      20864 bits [Y 35.7790 dB    U 40.1439 dB    V 41.0487 dB] [ET   459 ] [L0 0 16 ] [L1 16 0 ]
POC     4 TId: 3 (      STSA, B-SLICE, QP 38)             8136 bits [Y 35.5955 dB    U 40.5806 dB    V 41.4317 dB] [ET   388 ] [L0 0 8 ] [L1 8 16 ]
POC     2 TId: 4 (      STSA, B-SLICE, QP 40)             3712 bits [Y 35.8090 dB    U 40.8467 dB    V 41.8112 dB] [ET   255 ] [L0 0 4 ] [L1 4 8 ]
POC     1 TId: 5 (      STSA, B-SLICE, QP 41)             1400 bits [Y 36.3878 dB    U 41.0152 dB    V 42.1270 dB] [ET   192 ] [L0 0 2 ] [L1 2 4 ]
POC     3 TId: 5 (      STSA, B-SLICE, QP 41)             1296 bits [Y 35.3057 dB    U 40.8199 dB    V 41.6971 dB] [ET   264 ] [L0 2 0 ] [L1 4 8 ]
POC     6 TId: 4 (      STSA, B-SLICE, QP 40)             3776 bits [Y 35.0868 dB    U 40.3926 dB    V 41.2882 dB] [ET   327 ] [L0 4 0 ] [L1 8 16 ]
POC     5 TId: 5 (      STSA, B-SLICE, QP 41)             1688 bits [Y 35.0967 dB    U 40.4483 dB    V 41.3664 dB] [ET   260 ] [L0 4 0 ] [L1 6 8 ]
POC     7 TId: 5 (      STSA, B-SLICE, QP 41)             1320 bits [Y 35.1414 dB    U 40.2922 dB    V 41.1965 dB] [ET   277 ] [L0 6 4 ] [L1 8 16 ]
POC    12 TId: 3 (      STSA, B-SLICE, QP 38)            10048 bits [Y 34.9547 dB    U 39.9834 dB    V 40.7934 dB] [ET   414 ] [L0 8 0 ] [L1 16 8 ]
POC    10 TId: 4 (      STSA, B-SLICE, QP 40)             3584 bits [Y 34.7071 dB    U 40.0416 dB    V 40.9399 dB] [ET   348 ] [L0 8 0 ] [L1 12 16 ]
POC     9 TId: 5 (      STSA, B-SLICE, QP 41)             1592 bits [Y 34.9531 dB    U 40.1641 dB    V 40.9746 dB] [ET   283 ] [L0 8 0 ] [L1 10 12 ]
POC    11 TId: 5 (      STSA, B-SLICE, QP 41)             1712 bits [Y 34.5374 dB    U 39.9804 dB    V 40.9190 dB] [ET   267 ] [L0 10 8 ] [L1 12 16 ]
POC    14 TId: 4 (      STSA, B-SLICE, QP 40)             4480 bits [Y 34.5714 dB    U 39.8378 dB    V 40.5827 dB] [ET   298 ] [L0 12 8 ] [L1 16 12 ]
POC    13 TId: 5 (      STSA, B-SLICE, QP 41)             2216 bits [Y 34.5023 dB    U 39.9353 dB    V 40.7498 dB] [ET   268 ] [L0 12 8 ] [L1 14 16 ]
POC    15 TId: 5 (      STSA, B-SLICE, QP 41)             2016 bits [Y 34.6867 dB    U 39.8172 dB    V 40.5450 dB] [ET   228 ] [L0 14 12 ] [L1 16 14 ]

	Total Frames |   Bitrate     Y-PSNR    U-PSNR    V-PSNR    YUV-PSNR   
	       17    a    1254.3812   35.3201   40.3088   41.1960   36.4365

 finished @ Thu Apr  6 05:16:14 2023
 Total Time:     5104.174 sec. [user]     5104.312 sec. [elapsed]

Level: 0
Inject Calls: 6022428146
Errors injected by bit:
	Bit 0: 6019888
	Bit 1: 6020531
	Bit 2: 6021646
	Bit 3: 6025724
	Bit 4: 6025018
	Bit 5: 6021673
	Bit 6: 6027749
	Bit 7: 6026627

Total errors injected: 48188856
