vvencFFapp: Fraunhofer VVC Encoder ver. 1.5.0 [Linux][GCC 11.3.0][64 bit][SIMD=AVX2]
 started @ Wed Apr  5 13:00:52 2023
CODING TOOL CFG: CTU128 QT44BTT21 IBD:1 SAO:1 ALF:1 (NonLinLuma:0 NonLinChr:0) CCALF:1 Tiles:1x1 Slices:1 WPP:0 WPP-Substreams:1 TMVP:1 DQ:1 SDH:0 CST:1 BDOF:1 DMVR:1 MTSImplicit:1 SBT:0 JCbCr:1 CabacInitPresent:1 AMVR:5 SMVD:3 LMCS:2 (Signal:SDR Opt:0) CIIP:0 MIP:1 AFFINE:2 (PROF:1, Type:1) MMVD:3 DisFracMMVD:1 SbTMVP:1 GPM:3 LFNST:1 MTS:0 ISP:3 TS:2 TSLog2MaxSize:4 useChromaTS:0 BDPCM:2 IBC:2 BCW:0 
ENC. ALG. CFG: QPA:0 HAD:1 RDQ:1 RDQTS:1 ASR:1 MinSearchWindow:96 RestrictMESampling:0 EDO:2 MCTF:2 
PRE-ANALYSIS CFG: STA:1 LeadFrames:0 TrailFrames:0 
FAST TOOL CFG: ECU:0 FEN:1 FDM:1 FastSearch:4 (SCC:2) LCTUFast:1 FastMrg:2 PBIntraFast:1 AMaxBT:1 FastQtBtEnc:1 ContentBasedFastQtbt:0 FastMIP:3 FastIntraTools:0 IntraEstDecBit:2 FastLocalDualTree:1 IntegerET:0 FastSubPel:1 QtbttExtraFast:3 FastTTSplit:0 IBCFastMethod:3 FIM:0 ALFSpeed:0 QuantThr: 4 
RATE CONTROL CFG: RateControl:0 LookAhead:0 
PARALLEL PROCESSING CFG: NumThreads:0 MaxParallelFrames:0 WppBitEqual:0 WF:0 

POC     0 TId: 0 (  IDR_N_LP, I-SLICE, QP 24, TF 3)     377624 bits [Y 40.2668 dB    U 43.0828 dB    V 44.6158 dB] [ET   268 ] [L0 ] [L1 ]
POC    16 TId: 1 (      STSA, B-SLICE, QP 28, TF 2)     101848 bits [Y 38.6873 dB    U 42.0336 dB    V 43.1651 dB] [ET   458 ] [L0 0 ] [L1 0 ]
POC     8 TId: 2 (      STSA, B-SLICE, QP 29, TF 1)      44880 bits [Y 38.5678 dB    U 42.2103 dB    V 43.6016 dB] [ET   533 ] [L0 0 16 ] [L1 16 0 ]
POC     4 TId: 3 (      STSA, B-SLICE, QP 32, TF 0)      18480 bits [Y 38.2855 dB    U 42.4198 dB    V 43.8817 dB] [ET   525 ] [L0 0 8 ] [L1 8 16 ]
POC     2 TId: 4 (      STSA, B-SLICE, QP 34)             7928 bits [Y 38.3539 dB    U 42.7703 dB    V 44.1916 dB] [ET   387 ] [L0 0 4 ] [L1 4 8 ]
POC     1 TId: 5 (      STSA, B-SLICE, QP 36)             2952 bits [Y 38.7253 dB    U 42.8860 dB    V 44.4202 dB] [ET   285 ] [L0 0 2 ] [L1 2 4 ]
POC     3 TId: 5 (      STSA, B-SLICE, QP 36)             3240 bits [Y 37.8853 dB    U 42.6400 dB    V 44.0513 dB] [ET   360 ] [L0 2 0 ] [L1 4 8 ]
POC     6 TId: 4 (      STSA, B-SLICE, QP 34)             8896 bits [Y 37.8543 dB    U 42.3134 dB    V 43.6242 dB] [ET   482 ] [L0 4 0 ] [L1 8 16 ]
POC     5 TId: 5 (      STSA, B-SLICE, QP 36)             3496 bits [Y 37.6758 dB    U 42.3637 dB    V 43.7544 dB] [ET   343 ] [L0 4 0 ] [L1 6 8 ]
POC     7 TId: 5 (      STSA, B-SLICE, QP 36)             2896 bits [Y 37.7598 dB    U 42.2910 dB    V 43.5618 dB] [ET   370 ] [L0 6 4 ] [L1 8 16 ]
POC    12 TId: 3 (      STSA, B-SLICE, QP 32, TF 0)      21520 bits [Y 37.7729 dB    U 42.0177 dB    V 43.2724 dB] [ET   507 ] [L0 8 0 ] [L1 16 8 ]
POC    10 TId: 4 (      STSA, B-SLICE, QP 34)            10000 bits [Y 37.6267 dB    U 42.1013 dB    V 43.3654 dB] [ET   511 ] [L0 8 0 ] [L1 12 16 ]
POC     9 TId: 5 (      STSA, B-SLICE, QP 36)             3600 bits [Y 37.6306 dB    U 42.1629 dB    V 43.5090 dB] [ET   356 ] [L0 8 0 ] [L1 10 12 ]
POC    11 TId: 5 (      STSA, B-SLICE, QP 36)             3672 bits [Y 37.3289 dB    U 42.0059 dB    V 43.2713 dB] [ET   336 ] [L0 10 8 ] [L1 12 16 ]
POC    14 TId: 4 (      STSA, B-SLICE, QP 34)            11056 bits [Y 37.4598 dB    U 41.9485 dB    V 43.0171 dB] [ET   411 ] [L0 12 8 ] [L1 16 12 ]
POC    13 TId: 5 (      STSA, B-SLICE, QP 36)             4040 bits [Y 37.1830 dB    U 41.9325 dB    V 43.1477 dB] [ET   362 ] [L0 12 8 ] [L1 14 16 ]
POC    15 TId: 5 (      STSA, B-SLICE, QP 36)             4096 bits [Y 37.3347 dB    U 41.9875 dB    V 43.0576 dB] [ET   283 ] [L0 14 12 ] [L1 16 14 ]

	Total Frames |   Bitrate     Y-PSNR    U-PSNR    V-PSNR    YUV-PSNR   
	       17    a    2224.3200   38.0234   42.3040   43.6181   39.0806

 finished @ Wed Apr  5 14:54:09 2023
 Total Time:     6790.096 sec. [user]     6796.394 sec. [elapsed]

Level: 0
Inject Calls: 7930321533
Errors injected by bit:
	Bit 0: 7927361
	Bit 1: 7931021
	Bit 2: 7928465
	Bit 3: 7934339
	Bit 4: 7928471
	Bit 5: 7925634
	Bit 6: 7929666
	Bit 7: 7932098

Total errors injected: 63437055
