vvencFFapp: Fraunhofer VVC Encoder ver. 1.5.0 [Linux][GCC 11.3.0][64 bit][SIMD=AVX2]
 started @ Wed Apr  5 20:31:01 2023
CODING TOOL CFG: CTU128 QT44BTT21 IBD:1 SAO:1 ALF:1 (NonLinLuma:0 NonLinChr:0) CCALF:1 Tiles:1x1 Slices:1 WPP:0 WPP-Substreams:1 TMVP:1 DQ:1 SDH:0 CST:1 BDOF:1 DMVR:1 MTSImplicit:1 SBT:0 JCbCr:1 CabacInitPresent:1 AMVR:5 SMVD:3 LMCS:2 (Signal:SDR Opt:0) CIIP:0 MIP:1 AFFINE:2 (PROF:1, Type:1) MMVD:3 DisFracMMVD:1 SbTMVP:1 GPM:3 LFNST:1 MTS:0 ISP:3 TS:2 TSLog2MaxSize:4 useChromaTS:0 BDPCM:2 IBC:2 BCW:0 
ENC. ALG. CFG: QPA:0 HAD:1 RDQ:1 RDQTS:1 ASR:1 MinSearchWindow:96 RestrictMESampling:0 EDO:2 MCTF:2 
PRE-ANALYSIS CFG: STA:1 LeadFrames:0 TrailFrames:0 
FAST TOOL CFG: ECU:0 FEN:1 FDM:1 FastSearch:4 (SCC:2) LCTUFast:1 FastMrg:2 PBIntraFast:1 AMaxBT:1 FastQtBtEnc:1 ContentBasedFastQtbt:0 FastMIP:3 FastIntraTools:0 IntraEstDecBit:2 FastLocalDualTree:1 IntegerET:0 FastSubPel:1 QtbttExtraFast:3 FastTTSplit:0 IBCFastMethod:3 FIM:0 ALFSpeed:0 QuantThr: 4 
RATE CONTROL CFG: RateControl:0 LookAhead:0 
PARALLEL PROCESSING CFG: NumThreads:0 MaxParallelFrames:0 WppBitEqual:0 WF:0 

POC     0 TId: 0 (  IDR_N_LP, I-SLICE, QP 24, TF 3)     377624 bits [Y 40.2668 dB    U 43.0828 dB    V 44.6158 dB] [ET   261 ] [L0 ] [L1 ]
POC    16 TId: 1 (      STSA, B-SLICE, QP 28, TF 2)     102208 bits [Y 38.6808 dB    U 42.0141 dB    V 43.2700 dB] [ET   447 ] [L0 0 ] [L1 0 ]
POC     8 TId: 2 (      STSA, B-SLICE, QP 29, TF 1)      44640 bits [Y 38.5880 dB    U 42.2347 dB    V 43.6087 dB] [ET   518 ] [L0 0 16 ] [L1 16 0 ]
POC     4 TId: 3 (      STSA, B-SLICE, QP 32, TF 0)      18632 bits [Y 38.2890 dB    U 42.4485 dB    V 43.7934 dB] [ET   501 ] [L0 0 8 ] [L1 8 16 ]
POC     2 TId: 4 (      STSA, B-SLICE, QP 34)             8272 bits [Y 38.4213 dB    U 42.8141 dB    V 44.1342 dB] [ET   395 ] [L0 0 4 ] [L1 4 8 ]
POC     1 TId: 5 (      STSA, B-SLICE, QP 36)             2952 bits [Y 38.7669 dB    U 42.9140 dB    V 44.4046 dB] [ET   271 ] [L0 0 2 ] [L1 2 4 ]
POC     3 TId: 5 (      STSA, B-SLICE, QP 36)             3280 bits [Y 37.9021 dB    U 42.6782 dB    V 43.9732 dB] [ET   354 ] [L0 2 0 ] [L1 4 8 ]
POC     6 TId: 4 (      STSA, B-SLICE, QP 34)             9120 bits [Y 37.8582 dB    U 42.3360 dB    V 43.6753 dB] [ET   453 ] [L0 4 0 ] [L1 8 16 ]
POC     5 TId: 5 (      STSA, B-SLICE, QP 36)             3200 bits [Y 37.6595 dB    U 42.3387 dB    V 43.7174 dB] [ET   332 ] [L0 4 0 ] [L1 6 8 ]
POC     7 TId: 5 (      STSA, B-SLICE, QP 36)             2848 bits [Y 37.7642 dB    U 42.3039 dB    V 43.5988 dB] [ET   346 ] [L0 6 4 ] [L1 8 16 ]
POC    12 TId: 3 (      STSA, B-SLICE, QP 32, TF 0)      21480 bits [Y 37.7970 dB    U 41.9906 dB    V 43.2188 dB] [ET   506 ] [L0 8 0 ] [L1 16 8 ]
POC    10 TId: 4 (      STSA, B-SLICE, QP 34)             9720 bits [Y 37.6378 dB    U 42.1190 dB    V 43.2948 dB] [ET   484 ] [L0 8 0 ] [L1 12 16 ]
POC     9 TId: 5 (      STSA, B-SLICE, QP 36)             3440 bits [Y 37.6435 dB    U 42.2024 dB    V 43.4616 dB] [ET   339 ] [L0 8 0 ] [L1 10 12 ]
POC    11 TId: 5 (      STSA, B-SLICE, QP 36)             3736 bits [Y 37.3434 dB    U 42.0308 dB    V 43.2355 dB] [ET   337 ] [L0 10 8 ] [L1 12 16 ]
POC    14 TId: 4 (      STSA, B-SLICE, QP 34)            11104 bits [Y 37.4783 dB    U 41.9222 dB    V 43.0139 dB] [ET   394 ] [L0 12 8 ] [L1 16 12 ]
POC    13 TId: 5 (      STSA, B-SLICE, QP 36)             3992 bits [Y 37.1817 dB    U 41.9423 dB    V 43.1397 dB] [ET   360 ] [L0 12 8 ] [L1 14 16 ]
POC    15 TId: 5 (      STSA, B-SLICE, QP 36)             4312 bits [Y 37.3864 dB    U 41.9678 dB    V 43.1226 dB] [ET   279 ] [L0 14 12 ] [L1 16 14 ]

	Total Frames |   Bitrate     Y-PSNR    U-PSNR    V-PSNR    YUV-PSNR   
	       17    a    2225.5059   38.0391   42.3141   43.6046   39.0942

 finished @ Wed Apr  5 22:20:54 2023
 Total Time:     6592.822 sec. [user]     6592.963 sec. [elapsed]

Level: 0
Inject Calls: 7747423115
Errors injected by bit:
	Bit 0: 77563
	Bit 1: 77236
	Bit 2: 77758
	Bit 3: 77137
	Bit 4: 77715
	Bit 5: 77285
	Bit 6: 77200
	Bit 7: 77277

Total errors injected: 619171
