vvencFFapp: Fraunhofer VVC Encoder ver. 1.5.0 [Linux][GCC 11.3.0][64 bit][SIMD=AVX2]
 started @ Wed Apr  5 00:55:39 2023
CODING TOOL CFG: CTU128 QT44BTT21 IBD:1 SAO:1 ALF:1 (NonLinLuma:0 NonLinChr:0) CCALF:1 Tiles:1x1 Slices:1 WPP:0 WPP-Substreams:1 TMVP:1 DQ:1 SDH:0 CST:1 BDOF:1 DMVR:1 MTSImplicit:1 SBT:0 JCbCr:1 CabacInitPresent:1 AMVR:5 SMVD:3 LMCS:2 (Signal:SDR Opt:0) CIIP:0 MIP:1 AFFINE:2 (PROF:1, Type:1) MMVD:3 DisFracMMVD:1 SbTMVP:1 GPM:3 LFNST:1 MTS:0 ISP:3 TS:2 TSLog2MaxSize:4 useChromaTS:0 BDPCM:2 IBC:2 BCW:0 
ENC. ALG. CFG: QPA:0 HAD:1 RDQ:1 RDQTS:1 ASR:1 MinSearchWindow:96 RestrictMESampling:0 EDO:2 MCTF:2 
PRE-ANALYSIS CFG: STA:1 LeadFrames:0 TrailFrames:0 
FAST TOOL CFG: ECU:0 FEN:1 FDM:1 FastSearch:4 (SCC:2) LCTUFast:1 FastMrg:2 PBIntraFast:1 AMaxBT:1 FastQtBtEnc:1 ContentBasedFastQtbt:0 FastMIP:3 FastIntraTools:0 IntraEstDecBit:2 FastLocalDualTree:1 IntegerET:0 FastSubPel:1 QtbttExtraFast:3 FastTTSplit:0 IBCFastMethod:3 FIM:0 ALFSpeed:0 QuantThr: 4 
RATE CONTROL CFG: RateControl:0 LookAhead:0 
PARALLEL PROCESSING CFG: NumThreads:0 MaxParallelFrames:0 WppBitEqual:0 WF:0 

POC     0 TId: 0 (  IDR_N_LP, I-SLICE, QP 19, TF 3)     581848 bits [Y 42.2672 dB    U 45.0524 dB    V 46.9660 dB] [ET   337 ] [L0 ] [L1 ]
POC    16 TId: 1 (      STSA, B-SLICE, QP 22, TF 2)     217120 bits [Y 41.6121 dB    U 44.2019 dB    V 45.8562 dB] [ET   576 ] [L0 0 ] [L1 0 ]
POC     8 TId: 2 (      STSA, B-SLICE, QP 23, TF 1)      96984 bits [Y 40.9311 dB    U 44.1442 dB    V 46.0120 dB] [ET   682 ] [L0 0 16 ] [L1 16 0 ]
POC     4 TId: 3 (      STSA, B-SLICE, QP 26, TF 0)      43360 bits [Y 40.5381 dB    U 44.3294 dB    V 46.1467 dB] [ET   610 ] [L0 0 8 ] [L1 8 16 ]
POC     2 TId: 4 (      STSA, B-SLICE, QP 28)            20896 bits [Y 40.5538 dB    U 44.6253 dB    V 46.4353 dB] [ET   482 ] [L0 0 4 ] [L1 4 8 ]
POC     1 TId: 5 (      STSA, B-SLICE, QP 29)             9128 bits [Y 40.8597 dB    U 44.8203 dB    V 46.7059 dB] [ET   358 ] [L0 0 2 ] [L1 2 4 ]
POC     3 TId: 5 (      STSA, B-SLICE, QP 29)            10128 bits [Y 40.2171 dB    U 44.4657 dB    V 46.2513 dB] [ET   445 ] [L0 2 0 ] [L1 4 8 ]
POC     6 TId: 4 (      STSA, B-SLICE, QP 28)            21592 bits [Y 40.1362 dB    U 44.1352 dB    V 45.8900 dB] [ET   542 ] [L0 4 0 ] [L1 8 16 ]
POC     5 TId: 5 (      STSA, B-SLICE, QP 29)             9976 bits [Y 39.9949 dB    U 44.0960 dB    V 45.9364 dB] [ET   430 ] [L0 4 0 ] [L1 6 8 ]
POC     7 TId: 5 (      STSA, B-SLICE, QP 29)             9312 bits [Y 40.0816 dB    U 44.1605 dB    V 45.8505 dB] [ET   472 ] [L0 6 4 ] [L1 8 16 ]
POC    12 TId: 3 (      STSA, B-SLICE, QP 26, TF 0)      48688 bits [Y 40.2395 dB    U 43.9739 dB    V 45.6282 dB] [ET   599 ] [L0 8 0 ] [L1 16 8 ]
POC    10 TId: 4 (      STSA, B-SLICE, QP 28)            23576 bits [Y 40.0495 dB    U 43.9440 dB    V 45.6380 dB] [ET   660 ] [L0 8 0 ] [L1 12 16 ]
POC     9 TId: 5 (      STSA, B-SLICE, QP 29)            10232 bits [Y 40.0165 dB    U 44.0316 dB    V 45.7857 dB] [ET   458 ] [L0 8 0 ] [L1 10 12 ]
POC    11 TId: 5 (      STSA, B-SLICE, QP 29)            11464 bits [Y 39.8400 dB    U 43.9118 dB    V 45.6275 dB] [ET   461 ] [L0 10 8 ] [L1 12 16 ]
POC    14 TId: 4 (      STSA, B-SLICE, QP 28)            27448 bits [Y 39.9873 dB    U 43.8998 dB    V 45.4662 dB] [ET   519 ] [L0 12 8 ] [L1 16 12 ]
POC    13 TId: 5 (      STSA, B-SLICE, QP 29)            12944 bits [Y 39.7328 dB    U 43.8251 dB    V 45.4660 dB] [ET   533 ] [L0 12 8 ] [L1 14 16 ]
POC    15 TId: 5 (      STSA, B-SLICE, QP 29)            13736 bits [Y 39.9364 dB    U 43.9239 dB    V 45.4945 dB] [ET   379 ] [L0 14 12 ] [L1 16 14 ]

	Total Frames |   Bitrate     Y-PSNR    U-PSNR    V-PSNR    YUV-PSNR   
	       17    a    4123.8776   40.4114   44.2083   45.9504   41.4339

 finished @ Wed Apr  5 03:18:16 2023
 Total Time:     8502.411 sec. [user]     8557.419 sec. [elapsed]

Level: 0
Inject Calls: 9931173670
Errors injected by bit:
	Bit 0: 99599
	Bit 1: 99902
	Bit 2: 99027
	Bit 3: 99173
	Bit 4: 99236
	Bit 5: 99365
	Bit 6: 100038
	Bit 7: 99483

Total errors injected: 795823
