vvencFFapp: Fraunhofer VVC Encoder ver. 1.5.0 [Linux][GCC 11.3.0][64 bit][SIMD=AVX2]
 started @ Sun Apr  9 19:27:47 2023
CODING TOOL CFG: CTU128 QT44BTT21 IBD:1 SAO:1 ALF:1 (NonLinLuma:0 NonLinChr:0) CCALF:1 Tiles:1x1 Slices:1 WPP:0 WPP-Substreams:1 TMVP:1 DQ:1 SDH:0 CST:1 BDOF:1 DMVR:1 MTSImplicit:1 SBT:0 JCbCr:1 CabacInitPresent:1 AMVR:5 SMVD:3 LMCS:2 (Signal:SDR Opt:0) CIIP:0 MIP:1 AFFINE:2 (PROF:1, Type:1) MMVD:3 DisFracMMVD:1 SbTMVP:1 GPM:3 LFNST:1 MTS:0 ISP:3 TS:2 TSLog2MaxSize:4 useChromaTS:0 BDPCM:2 IBC:2 BCW:0 
ENC. ALG. CFG: QPA:0 HAD:1 RDQ:1 RDQTS:1 ASR:1 MinSearchWindow:96 RestrictMESampling:0 EDO:2 MCTF:2 
PRE-ANALYSIS CFG: STA:1 LeadFrames:0 TrailFrames:0 
FAST TOOL CFG: ECU:0 FEN:1 FDM:1 FastSearch:4 (SCC:2) LCTUFast:1 FastMrg:2 PBIntraFast:1 AMaxBT:1 FastQtBtEnc:1 ContentBasedFastQtbt:0 FastMIP:3 FastIntraTools:0 IntraEstDecBit:2 FastLocalDualTree:1 IntegerET:0 FastSubPel:1 QtbttExtraFast:3 FastTTSplit:0 IBCFastMethod:3 FIM:0 ALFSpeed:0 QuantThr: 4 
RATE CONTROL CFG: RateControl:0 LookAhead:0 
PARALLEL PROCESSING CFG: NumThreads:0 MaxParallelFrames:0 WppBitEqual:0 WF:0 

POC     0 TId: 0 (  IDR_N_LP, I-SLICE, QP 29, TF 2)     160808 bits [Y 38.4367 dB    U 41.6230 dB    V 42.6136 dB] [ET   187 ] [L0 ] [L1 ]
POC    16 TId: 1 (      STSA, B-SLICE, QP 34, TF 1)      30816 bits [Y 36.4780 dB    U 40.0099 dB    V 40.0916 dB] [ET   375 ] [L0 0 ] [L1 0 ]
POC     8 TId: 2 (      STSA, B-SLICE, QP 35, TF 0)      19176 bits [Y 36.5148 dB    U 40.1054 dB    V 40.9192 dB] [ET   665 ] [L0 0 16 ] [L1 16 0 ]
POC     4 TId: 3 (      STSA, B-SLICE, QP 38)            12024 bits [Y 36.1473 dB    U 40.1852 dB    V 40.9423 dB] [ET   588 ] [L0 0 8 ] [L1 8 16 ]
POC     2 TId: 4 (      STSA, B-SLICE, QP 40)             4864 bits [Y 36.3077 dB    U 40.8686 dB    V 41.4059 dB] [ET   406 ] [L0 0 4 ] [L1 4 8 ]
POC     1 TId: 5 (      STSA, B-SLICE, QP 41)              168 bits [Y 38.4367 dB    U 41.6230 dB    V 42.6136 dB] [ET   213 ] [L0 0 2 ] [L1 2 4 ]
POC     3 TId: 5 (      STSA, B-SLICE, QP 41)             3144 bits [Y 35.7302 dB    U 40.4029 dB    V 40.7705 dB] [ET   413 ] [L0 2 0 ] [L1 4 8 ]
POC     6 TId: 4 (      STSA, B-SLICE, QP 40)             6480 bits [Y 35.5760 dB    U 39.9991 dB    V 40.4584 dB] [ET   536 ] [L0 4 0 ] [L1 8 16 ]
POC     5 TId: 5 (      STSA, B-SLICE, QP 41)             3320 bits [Y 35.2582 dB    U 39.9108 dB    V 40.5030 dB] [ET   420 ] [L0 4 0 ] [L1 6 8 ]
POC     7 TId: 5 (      STSA, B-SLICE, QP 41)             3424 bits [Y 35.2846 dB    U 39.9968 dB    V 40.4486 dB] [ET   418 ] [L0 6 4 ] [L1 8 16 ]
POC    12 TId: 3 (      STSA, B-SLICE, QP 38)            13320 bits [Y 35.6204 dB    U 39.7688 dB    V 40.2196 dB] [ET   583 ] [L0 8 0 ] [L1 16 8 ]
POC    10 TId: 4 (      STSA, B-SLICE, QP 40)             7152 bits [Y 35.3091 dB    U 39.7434 dB    V 40.3283 dB] [ET   632 ] [L0 8 0 ] [L1 12 16 ]
POC     9 TId: 5 (      STSA, B-SLICE, QP 41)             3224 bits [Y 35.6272 dB    U 39.9610 dB    V 40.5667 dB] [ET   425 ] [L0 8 0 ] [L1 10 12 ]
POC    11 TId: 5 (      STSA, B-SLICE, QP 41)             3736 bits [Y 35.2154 dB    U 39.7137 dB    V 40.0708 dB] [ET   445 ] [L0 10 8 ] [L1 12 16 ]
POC    14 TId: 4 (      STSA, B-SLICE, QP 40)             7608 bits [Y 35.2346 dB    U 39.6325 dB    V 39.9004 dB] [ET   467 ] [L0 12 8 ] [L1 16 12 ]
POC    13 TId: 5 (      STSA, B-SLICE, QP 41)             3280 bits [Y 35.0480 dB    U 39.7230 dB    V 39.7909 dB] [ET   438 ] [L0 12 8 ] [L1 14 16 ]
POC    15 TId: 5 (      STSA, B-SLICE, QP 41)             3168 bits [Y 35.2540 dB    U 39.7067 dB    V 39.7551 dB] [ET   333 ] [L0 14 12 ] [L1 16 14 ]

	Total Frames |   Bitrate     Y-PSNR    U-PSNR    V-PSNR    YUV-PSNR   
	       17    a     840.3294   35.9694   40.1749   40.6705   36.9170

 finished @ Sun Apr  9 21:33:45 2023
 Total Time:     7558.279 sec. [user]     7558.417 sec. [elapsed]

Level: 0
Inject Calls: 8987847402
Errors injected by bit:
	Bit 0: 911
	Bit 1: 878
	Bit 2: 901
	Bit 3: 926
	Bit 4: 837
	Bit 5: 935
	Bit 6: 893
	Bit 7: 893

Total errors injected: 7174
