vvencFFapp: Fraunhofer VVC Encoder ver. 1.5.0 [Linux][GCC 11.3.0][64 bit][SIMD=AVX2]
 started @ Sat Apr  8 06:27:08 2023
CODING TOOL CFG: CTU128 QT44BTT21 IBD:1 SAO:1 ALF:1 (NonLinLuma:0 NonLinChr:0) CCALF:1 Tiles:1x1 Slices:1 WPP:0 WPP-Substreams:1 TMVP:1 DQ:1 SDH:0 CST:1 BDOF:1 DMVR:1 MTSImplicit:1 SBT:0 JCbCr:1 CabacInitPresent:1 AMVR:5 SMVD:3 LMCS:2 (Signal:SDR Opt:0) CIIP:0 MIP:1 AFFINE:2 (PROF:1, Type:1) MMVD:3 DisFracMMVD:1 SbTMVP:1 GPM:3 LFNST:1 MTS:0 ISP:3 TS:2 TSLog2MaxSize:4 useChromaTS:0 BDPCM:2 IBC:2 BCW:0 
ENC. ALG. CFG: QPA:0 HAD:1 RDQ:1 RDQTS:1 ASR:1 MinSearchWindow:96 RestrictMESampling:0 EDO:2 MCTF:2 
PRE-ANALYSIS CFG: STA:1 LeadFrames:0 TrailFrames:0 
FAST TOOL CFG: ECU:0 FEN:1 FDM:1 FastSearch:4 (SCC:2) LCTUFast:1 FastMrg:2 PBIntraFast:1 AMaxBT:1 FastQtBtEnc:1 ContentBasedFastQtbt:0 FastMIP:3 FastIntraTools:0 IntraEstDecBit:2 FastLocalDualTree:1 IntegerET:0 FastSubPel:1 QtbttExtraFast:3 FastTTSplit:0 IBCFastMethod:3 FIM:0 ALFSpeed:0 QuantThr: 4 
RATE CONTROL CFG: RateControl:0 LookAhead:0 
PARALLEL PROCESSING CFG: NumThreads:0 MaxParallelFrames:0 WppBitEqual:0 WF:0 

POC     0 TId: 0 (  IDR_N_LP, I-SLICE, QP 24, TF 3)     303696 bits [Y 41.6478 dB    U 43.8365 dB    V 45.0113 dB] [ET   271 ] [L0 ] [L1 ]
POC    16 TId: 1 (      STSA, B-SLICE, QP 28, TF 2)      65296 bits [Y 39.5560 dB    U 42.3753 dB    V 43.0597 dB] [ET   466 ] [L0 0 ] [L1 0 ]
POC     8 TId: 2 (      STSA, B-SLICE, QP 29, TF 1)      39128 bits [Y 39.4636 dB    U 42.5304 dB    V 43.5304 dB] [ET   723 ] [L0 0 16 ] [L1 16 0 ]
POC     4 TId: 3 (      STSA, B-SLICE, QP 32, TF 0)      23240 bits [Y 39.0818 dB    U 42.1617 dB    V 43.1970 dB] [ET   742 ] [L0 0 8 ] [L1 8 16 ]
POC     2 TId: 4 (      STSA, B-SLICE, QP 34)            11144 bits [Y 39.1412 dB    U 42.6672 dB    V 43.5538 dB] [ET   576 ] [L0 0 4 ] [L1 4 8 ]
POC     1 TId: 5 (      STSA, B-SLICE, QP 36)              248 bits [Y 41.6455 dB    U 43.8363 dB    V 45.0108 dB] [ET   225 ] [L0 0 2 ] [L1 2 4 ]
POC     3 TId: 5 (      STSA, B-SLICE, QP 36)             6648 bits [Y 38.4843 dB    U 42.1382 dB    V 42.9011 dB] [ET   515 ] [L0 2 0 ] [L1 4 8 ]
POC     6 TId: 4 (      STSA, B-SLICE, QP 34)            15088 bits [Y 38.7322 dB    U 42.0960 dB    V 42.7521 dB] [ET   737 ] [L0 4 0 ] [L1 8 16 ]
POC     5 TId: 5 (      STSA, B-SLICE, QP 36)             6816 bits [Y 38.0710 dB    U 41.8938 dB    V 42.7030 dB] [ET   529 ] [L0 4 0 ] [L1 6 8 ]
POC     7 TId: 5 (      STSA, B-SLICE, QP 36)             7224 bits [Y 37.9976 dB    U 42.1344 dB    V 42.8312 dB] [ET   477 ] [L0 6 4 ] [L1 8 16 ]
POC    12 TId: 3 (      STSA, B-SLICE, QP 32, TF 0)      25784 bits [Y 38.4992 dB    U 41.7955 dB    V 42.5151 dB] [ET   751 ] [L0 8 0 ] [L1 16 8 ]
POC    10 TId: 4 (      STSA, B-SLICE, QP 34)            16128 bits [Y 38.3243 dB    U 41.7521 dB    V 42.4571 dB] [ET   855 ] [L0 8 0 ] [L1 12 16 ]
POC     9 TId: 5 (      STSA, B-SLICE, QP 36)             6880 bits [Y 38.3389 dB    U 42.1139 dB    V 42.6398 dB] [ET   490 ] [L0 8 0 ] [L1 10 12 ]
POC    11 TId: 5 (      STSA, B-SLICE, QP 36)             7944 bits [Y 37.9973 dB    U 41.7883 dB    V 42.1422 dB] [ET   542 ] [L0 10 8 ] [L1 12 16 ]
POC    14 TId: 4 (      STSA, B-SLICE, QP 34)            16432 bits [Y 38.1808 dB    U 41.4744 dB    V 41.9966 dB] [ET   660 ] [L0 12 8 ] [L1 16 12 ]
POC    13 TId: 5 (      STSA, B-SLICE, QP 36)             7560 bits [Y 37.8374 dB    U 41.5363 dB    V 42.0129 dB] [ET   514 ] [L0 12 8 ] [L1 14 16 ]
POC    15 TId: 5 (      STSA, B-SLICE, QP 36)             7104 bits [Y 37.9702 dB    U 41.7602 dB    V 42.0558 dB] [ET   370 ] [L0 14 12 ] [L1 16 14 ]

	Total Frames |   Bitrate     Y-PSNR    U-PSNR    V-PSNR    YUV-PSNR   
	       17    a    1665.7647   38.8805   42.2289   42.9629   39.6845

 finished @ Sat Apr  8 09:04:52 2023
 Total Time:     9461.951 sec. [user]     9463.274 sec. [elapsed]

Level: 0
Inject Calls: 11037471487
Errors injected by bit:
	Bit 0: 11043319
	Bit 1: 11036266
	Bit 2: 11038396
	Bit 3: 11036019
	Bit 4: 11036067
	Bit 5: 11035871
	Bit 6: 11039687
	Bit 7: 11033826

Total errors injected: 88299451
