vvencFFapp: Fraunhofer VVC Encoder ver. 1.5.0 [Linux][GCC 11.3.0][64 bit][SIMD=AVX2]
 started @ Fri Apr  7 09:06:43 2023
CODING TOOL CFG: CTU128 QT44BTT21 IBD:1 SAO:1 ALF:1 (NonLinLuma:0 NonLinChr:0) CCALF:1 Tiles:1x1 Slices:1 WPP:0 WPP-Substreams:1 TMVP:1 DQ:1 SDH:0 CST:1 BDOF:1 DMVR:1 MTSImplicit:1 SBT:0 JCbCr:1 CabacInitPresent:1 AMVR:5 SMVD:3 LMCS:2 (Signal:SDR Opt:0) CIIP:0 MIP:1 AFFINE:2 (PROF:1, Type:1) MMVD:3 DisFracMMVD:1 SbTMVP:1 GPM:3 LFNST:1 MTS:0 ISP:3 TS:2 TSLog2MaxSize:4 useChromaTS:0 BDPCM:2 IBC:2 BCW:0 
ENC. ALG. CFG: QPA:0 HAD:1 RDQ:1 RDQTS:1 ASR:1 MinSearchWindow:96 RestrictMESampling:0 EDO:2 MCTF:2 
PRE-ANALYSIS CFG: STA:1 LeadFrames:0 TrailFrames:0 
FAST TOOL CFG: ECU:0 FEN:1 FDM:1 FastSearch:4 (SCC:2) LCTUFast:1 FastMrg:2 PBIntraFast:1 AMaxBT:1 FastQtBtEnc:1 ContentBasedFastQtbt:0 FastMIP:3 FastIntraTools:0 IntraEstDecBit:2 FastLocalDualTree:1 IntegerET:0 FastSubPel:1 QtbttExtraFast:3 FastTTSplit:0 IBCFastMethod:3 FIM:0 ALFSpeed:0 QuantThr: 4 
RATE CONTROL CFG: RateControl:0 LookAhead:0 
PARALLEL PROCESSING CFG: NumThreads:0 MaxParallelFrames:0 WppBitEqual:0 WF:0 

POC     0 TId: 0 (  IDR_N_LP, I-SLICE, QP 19, TF 3)     564808 bits [Y 45.1467 dB    U 46.3576 dB    V 47.8581 dB] [ET   360 ] [L0 ] [L1 ]
POC    16 TId: 1 (      STSA, B-SLICE, QP 22, TF 2)     140792 bits [Y 42.6786 dB    U 44.8645 dB    V 45.9730 dB] [ET   587 ] [L0 0 ] [L1 0 ]
POC     8 TId: 2 (      STSA, B-SLICE, QP 23, TF 1)      79256 bits [Y 42.3055 dB    U 44.7190 dB    V 46.2140 dB] [ET   972 ] [L0 0 16 ] [L1 16 0 ]
POC     4 TId: 3 (      STSA, B-SLICE, QP 26, TF 0)      47080 bits [Y 41.9043 dB    U 44.3933 dB    V 45.7056 dB] [ET   877 ] [L0 0 8 ] [L1 8 16 ]
POC     2 TId: 4 (      STSA, B-SLICE, QP 28)            25872 bits [Y 41.9432 dB    U 44.8190 dB    V 46.0321 dB] [ET   725 ] [L0 0 4 ] [L1 4 8 ]
POC     1 TId: 5 (      STSA, B-SLICE, QP 29)              256 bits [Y 45.1467 dB    U 46.3576 dB    V 47.8581 dB] [ET   322 ] [L0 0 2 ] [L1 2 4 ]
POC     3 TId: 5 (      STSA, B-SLICE, QP 29)            19296 bits [Y 41.5579 dB    U 44.3000 dB    V 45.5825 dB] [ET   720 ] [L0 2 0 ] [L1 4 8 ]
POC     6 TId: 4 (      STSA, B-SLICE, QP 28)            31688 bits [Y 41.6148 dB    U 44.2300 dB    V 45.3066 dB] [ET   893 ] [L0 4 0 ] [L1 8 16 ]
POC     5 TId: 5 (      STSA, B-SLICE, QP 29)            20792 bits [Y 41.2544 dB    U 44.0991 dB    V 45.2975 dB] [ET   800 ] [L0 4 0 ] [L1 6 8 ]
POC     7 TId: 5 (      STSA, B-SLICE, QP 29)            22040 bits [Y 41.2210 dB    U 44.2775 dB    V 45.2661 dB] [ET   714 ] [L0 6 4 ] [L1 8 16 ]
POC    12 TId: 3 (      STSA, B-SLICE, QP 26, TF 0)      54448 bits [Y 41.4915 dB    U 44.1654 dB    V 45.2296 dB] [ET   875 ] [L0 8 0 ] [L1 16 8 ]
POC    10 TId: 4 (      STSA, B-SLICE, QP 28)            36320 bits [Y 41.2954 dB    U 44.1003 dB    V 45.0753 dB] [ET  1044 ] [L0 8 0 ] [L1 12 16 ]
POC     9 TId: 5 (      STSA, B-SLICE, QP 29)            20464 bits [Y 41.5270 dB    U 44.2605 dB    V 45.3678 dB] [ET   747 ] [L0 8 0 ] [L1 10 12 ]
POC    11 TId: 5 (      STSA, B-SLICE, QP 29)            22344 bits [Y 41.2288 dB    U 44.0332 dB    V 44.8891 dB] [ET   748 ] [L0 10 8 ] [L1 12 16 ]
POC    14 TId: 4 (      STSA, B-SLICE, QP 28)            37824 bits [Y 41.2765 dB    U 43.8838 dB    V 44.7326 dB] [ET   754 ] [L0 12 8 ] [L1 16 12 ]
POC    13 TId: 5 (      STSA, B-SLICE, QP 29)            22528 bits [Y 41.0955 dB    U 43.9342 dB    V 44.8112 dB] [ET   708 ] [L0 12 8 ] [L1 14 16 ]
POC    15 TId: 5 (      STSA, B-SLICE, QP 29)            21144 bits [Y 41.0650 dB    U 44.1010 dB    V 44.7503 dB] [ET   548 ] [L0 14 12 ] [L1 16 14 ]

	Total Frames |   Bitrate     Y-PSNR    U-PSNR    V-PSNR    YUV-PSNR   
	       17    a    3432.2118   41.9855   44.5233   45.6441   42.6571

 finished @ Fri Apr  7 12:33:36 2023
 Total Time:    12393.138 sec. [user]    12412.061 sec. [elapsed]

Level: 0
Inject Calls: 14600126047
Errors injected by bit:
	Bit 0: 1458814
	Bit 1: 1460982
	Bit 2: 1460544
	Bit 3: 1459019
	Bit 4: 1459939
	Bit 5: 1459326
	Bit 6: 1460969
	Bit 7: 1459566

Total errors injected: 11679159
