vvencFFapp: Fraunhofer VVC Encoder ver. 1.5.0 [Linux][GCC 11.3.0][64 bit][SIMD=AVX2]
 started @ Sat Apr  8 11:52:14 2023
CODING TOOL CFG: CTU128 QT44BTT21 IBD:1 SAO:1 ALF:1 (NonLinLuma:0 NonLinChr:0) CCALF:1 Tiles:1x1 Slices:1 WPP:0 WPP-Substreams:1 TMVP:1 DQ:1 SDH:0 CST:1 BDOF:1 DMVR:1 MTSImplicit:1 SBT:0 JCbCr:1 CabacInitPresent:1 AMVR:5 SMVD:3 LMCS:2 (Signal:SDR Opt:0) CIIP:0 MIP:1 AFFINE:2 (PROF:1, Type:1) MMVD:3 DisFracMMVD:1 SbTMVP:1 GPM:3 LFNST:1 MTS:0 ISP:3 TS:2 TSLog2MaxSize:4 useChromaTS:0 BDPCM:2 IBC:2 BCW:0 
ENC. ALG. CFG: QPA:0 HAD:1 RDQ:1 RDQTS:1 ASR:1 MinSearchWindow:96 RestrictMESampling:0 EDO:2 MCTF:2 
PRE-ANALYSIS CFG: STA:1 LeadFrames:0 TrailFrames:0 
FAST TOOL CFG: ECU:0 FEN:1 FDM:1 FastSearch:4 (SCC:2) LCTUFast:1 FastMrg:2 PBIntraFast:1 AMaxBT:1 FastQtBtEnc:1 ContentBasedFastQtbt:0 FastMIP:3 FastIntraTools:0 IntraEstDecBit:2 FastLocalDualTree:1 IntegerET:0 FastSubPel:1 QtbttExtraFast:3 FastTTSplit:0 IBCFastMethod:3 FIM:0 ALFSpeed:0 QuantThr: 4 
RATE CONTROL CFG: RateControl:0 LookAhead:0 
PARALLEL PROCESSING CFG: NumThreads:0 MaxParallelFrames:0 WppBitEqual:0 WF:0 

POC     0 TId: 0 (  IDR_N_LP, I-SLICE, QP 24, TF 3)     303696 bits [Y 41.6478 dB    U 43.8365 dB    V 45.0113 dB] [ET   268 ] [L0 ] [L1 ]
POC    16 TId: 1 (      STSA, B-SLICE, QP 28, TF 2)      65912 bits [Y 39.5706 dB    U 42.4810 dB    V 43.2307 dB] [ET   439 ] [L0 0 ] [L1 0 ]
POC     8 TId: 2 (      STSA, B-SLICE, QP 29, TF 1)      38752 bits [Y 39.4776 dB    U 42.4328 dB    V 43.6184 dB] [ET   731 ] [L0 0 16 ] [L1 16 0 ]
POC     4 TId: 3 (      STSA, B-SLICE, QP 32, TF 0)      23288 bits [Y 39.0697 dB    U 42.1936 dB    V 43.1856 dB] [ET   746 ] [L0 0 8 ] [L1 8 16 ]
POC     2 TId: 4 (      STSA, B-SLICE, QP 34)            10832 bits [Y 39.1295 dB    U 42.6438 dB    V 43.5740 dB] [ET   576 ] [L0 0 4 ] [L1 4 8 ]
POC     1 TId: 5 (      STSA, B-SLICE, QP 36)              240 bits [Y 41.6478 dB    U 43.8365 dB    V 45.0113 dB] [ET   222 ] [L0 0 2 ] [L1 2 4 ]
POC     3 TId: 5 (      STSA, B-SLICE, QP 36)             6864 bits [Y 38.5097 dB    U 42.2333 dB    V 42.9473 dB] [ET   489 ] [L0 2 0 ] [L1 4 8 ]
POC     6 TId: 4 (      STSA, B-SLICE, QP 34)            14920 bits [Y 38.7282 dB    U 42.0668 dB    V 42.8966 dB] [ET   715 ] [L0 4 0 ] [L1 8 16 ]
POC     5 TId: 5 (      STSA, B-SLICE, QP 36)             6952 bits [Y 38.0718 dB    U 41.8873 dB    V 42.7212 dB] [ET   523 ] [L0 4 0 ] [L1 6 8 ]
POC     7 TId: 5 (      STSA, B-SLICE, QP 36)             6968 bits [Y 37.9840 dB    U 42.0716 dB    V 42.7865 dB] [ET   487 ] [L0 6 4 ] [L1 8 16 ]
POC    12 TId: 3 (      STSA, B-SLICE, QP 32, TF 0)      25928 bits [Y 38.5064 dB    U 41.7316 dB    V 42.6355 dB] [ET   735 ] [L0 8 0 ] [L1 16 8 ]
POC    10 TId: 4 (      STSA, B-SLICE, QP 34)            16120 bits [Y 38.3358 dB    U 41.8313 dB    V 42.4847 dB] [ET   858 ] [L0 8 0 ] [L1 12 16 ]
POC     9 TId: 5 (      STSA, B-SLICE, QP 36)             6808 bits [Y 38.3382 dB    U 42.1150 dB    V 42.7897 dB] [ET   544 ] [L0 8 0 ] [L1 10 12 ]
POC    11 TId: 5 (      STSA, B-SLICE, QP 36)             7768 bits [Y 38.0211 dB    U 41.7572 dB    V 42.3233 dB] [ET   529 ] [L0 10 8 ] [L1 12 16 ]
POC    14 TId: 4 (      STSA, B-SLICE, QP 34)            16504 bits [Y 38.2420 dB    U 41.6723 dB    V 42.1117 dB] [ET   635 ] [L0 12 8 ] [L1 16 12 ]
POC    13 TId: 5 (      STSA, B-SLICE, QP 36)             7680 bits [Y 37.8220 dB    U 41.6455 dB    V 42.0552 dB] [ET   505 ] [L0 12 8 ] [L1 14 16 ]
POC    15 TId: 5 (      STSA, B-SLICE, QP 36)             7144 bits [Y 38.0130 dB    U 41.8905 dB    V 42.2323 dB] [ET   375 ] [L0 14 12 ] [L1 16 14 ]

	Total Frames |   Bitrate     Y-PSNR    U-PSNR    V-PSNR    YUV-PSNR   
	       17    a    1665.8118   38.8891   42.2545   43.0362   39.7013

 finished @ Sat Apr  8 14:28:48 2023
 Total Time:     9384.268 sec. [user]     9394.077 sec. [elapsed]

Level: 0
Inject Calls: 11290475488
Errors injected by bit:
	Bit 0: 1130803
	Bit 1: 1127849
	Bit 2: 1129767
	Bit 3: 1126190
	Bit 4: 1130667
	Bit 5: 1128749
	Bit 6: 1127477
	Bit 7: 1127474

Total errors injected: 9028976
