vvencFFapp: Fraunhofer VVC Encoder ver. 1.5.0 [Linux][GCC 11.3.0][64 bit][SIMD=AVX2]
 started @ Sun Apr  9 13:12:40 2023
CODING TOOL CFG: CTU128 QT44BTT21 IBD:1 SAO:1 ALF:1 (NonLinLuma:0 NonLinChr:0) CCALF:1 Tiles:1x1 Slices:1 WPP:0 WPP-Substreams:1 TMVP:1 DQ:1 SDH:0 CST:1 BDOF:1 DMVR:1 MTSImplicit:1 SBT:0 JCbCr:1 CabacInitPresent:1 AMVR:5 SMVD:3 LMCS:2 (Signal:SDR Opt:0) CIIP:0 MIP:1 AFFINE:2 (PROF:1, Type:1) MMVD:3 DisFracMMVD:1 SbTMVP:1 GPM:3 LFNST:1 MTS:0 ISP:3 TS:2 TSLog2MaxSize:4 useChromaTS:0 BDPCM:2 IBC:2 BCW:0 
ENC. ALG. CFG: QPA:0 HAD:1 RDQ:1 RDQTS:1 ASR:1 MinSearchWindow:96 RestrictMESampling:0 EDO:2 MCTF:2 
PRE-ANALYSIS CFG: STA:1 LeadFrames:0 TrailFrames:0 
FAST TOOL CFG: ECU:0 FEN:1 FDM:1 FastSearch:4 (SCC:2) LCTUFast:1 FastMrg:2 PBIntraFast:1 AMaxBT:1 FastQtBtEnc:1 ContentBasedFastQtbt:0 FastMIP:3 FastIntraTools:0 IntraEstDecBit:2 FastLocalDualTree:1 IntegerET:0 FastSubPel:1 QtbttExtraFast:3 FastTTSplit:0 IBCFastMethod:3 FIM:0 ALFSpeed:0 QuantThr: 4 
RATE CONTROL CFG: RateControl:0 LookAhead:0 
PARALLEL PROCESSING CFG: NumThreads:0 MaxParallelFrames:0 WppBitEqual:0 WF:0 

POC     0 TId: 0 (  IDR_N_LP, I-SLICE, QP 29, TF 2)     160808 bits [Y 38.4367 dB    U 41.6230 dB    V 42.6136 dB] [ET   187 ] [L0 ] [L1 ]
POC    16 TId: 1 (      STSA, B-SLICE, QP 34, TF 1)      30576 bits [Y 36.4718 dB    U 39.9660 dB    V 40.0648 dB] [ET   371 ] [L0 0 ] [L1 0 ]
POC     8 TId: 2 (      STSA, B-SLICE, QP 35, TF 0)      18928 bits [Y 36.4723 dB    U 39.9467 dB    V 40.8497 dB] [ET   633 ] [L0 0 16 ] [L1 16 0 ]
POC     4 TId: 3 (      STSA, B-SLICE, QP 38)            11944 bits [Y 36.1685 dB    U 40.2243 dB    V 40.9657 dB] [ET   575 ] [L0 0 8 ] [L1 8 16 ]
POC     2 TId: 4 (      STSA, B-SLICE, QP 40)             4912 bits [Y 36.2792 dB    U 40.8720 dB    V 41.3469 dB] [ET   386 ] [L0 0 4 ] [L1 4 8 ]
POC     1 TId: 5 (      STSA, B-SLICE, QP 41)              232 bits [Y 38.4367 dB    U 41.6230 dB    V 42.6136 dB] [ET   203 ] [L0 0 2 ] [L1 2 4 ]
POC     3 TId: 5 (      STSA, B-SLICE, QP 41)             3136 bits [Y 35.7254 dB    U 40.3196 dB    V 40.7394 dB] [ET   407 ] [L0 2 0 ] [L1 4 8 ]
POC     6 TId: 4 (      STSA, B-SLICE, QP 40)             6760 bits [Y 35.5967 dB    U 40.0246 dB    V 40.4991 dB] [ET   519 ] [L0 4 0 ] [L1 8 16 ]
POC     5 TId: 5 (      STSA, B-SLICE, QP 41)             3384 bits [Y 35.2561 dB    U 39.9521 dB    V 40.5378 dB] [ET   422 ] [L0 4 0 ] [L1 6 8 ]
POC     7 TId: 5 (      STSA, B-SLICE, QP 41)             3080 bits [Y 35.2249 dB    U 39.9085 dB    V 40.4270 dB] [ET   401 ] [L0 6 4 ] [L1 8 16 ]
POC    12 TId: 3 (      STSA, B-SLICE, QP 38)            13240 bits [Y 35.5935 dB    U 39.7953 dB    V 40.2086 dB] [ET   562 ] [L0 8 0 ] [L1 16 8 ]
POC    10 TId: 4 (      STSA, B-SLICE, QP 40)             6984 bits [Y 35.2849 dB    U 39.7177 dB    V 40.2591 dB] [ET   584 ] [L0 8 0 ] [L1 12 16 ]
POC     9 TId: 5 (      STSA, B-SLICE, QP 41)             3280 bits [Y 35.6270 dB    U 39.8402 dB    V 40.3358 dB] [ET   440 ] [L0 8 0 ] [L1 10 12 ]
POC    11 TId: 5 (      STSA, B-SLICE, QP 41)             4080 bits [Y 35.2499 dB    U 39.6919 dB    V 40.0143 dB] [ET   411 ] [L0 10 8 ] [L1 12 16 ]
POC    14 TId: 4 (      STSA, B-SLICE, QP 40)             7456 bits [Y 35.2024 dB    U 39.6434 dB    V 39.8084 dB] [ET   446 ] [L0 12 8 ] [L1 16 12 ]
POC    13 TId: 5 (      STSA, B-SLICE, QP 41)             3728 bits [Y 35.0849 dB    U 39.7335 dB    V 39.9078 dB] [ET   436 ] [L0 12 8 ] [L1 14 16 ]
POC    15 TId: 5 (      STSA, B-SLICE, QP 41)             3096 bits [Y 35.2159 dB    U 39.7412 dB    V 39.6081 dB] [ET   346 ] [L0 14 12 ] [L1 16 14 ]

	Total Frames |   Bitrate     Y-PSNR    U-PSNR    V-PSNR    YUV-PSNR   
	       17    a     840.0706   35.9604   40.1543   40.6353   36.9049

 finished @ Sun Apr  9 15:15:04 2023
 Total Time:     7343.918 sec. [user]     7343.979 sec. [elapsed]

Level: 0
Inject Calls: 8880875868
Errors injected by bit:
	Bit 0: 89183
	Bit 1: 88566
	Bit 2: 89095
	Bit 3: 88800
	Bit 4: 88694
	Bit 5: 88899
	Bit 6: 89035
	Bit 7: 88505

Total errors injected: 710777
