vvencFFapp: Fraunhofer VVC Encoder ver. 1.5.0 [Linux][GCC 11.3.0][64 bit][SIMD=AVX2]
 started @ Sun Apr  9 06:52:33 2023
CODING TOOL CFG: CTU128 QT44BTT21 IBD:1 SAO:1 ALF:1 (NonLinLuma:0 NonLinChr:0) CCALF:1 Tiles:1x1 Slices:1 WPP:0 WPP-Substreams:1 TMVP:1 DQ:1 SDH:0 CST:1 BDOF:1 DMVR:1 MTSImplicit:1 SBT:0 JCbCr:1 CabacInitPresent:1 AMVR:5 SMVD:3 LMCS:2 (Signal:SDR Opt:0) CIIP:0 MIP:1 AFFINE:2 (PROF:1, Type:1) MMVD:3 DisFracMMVD:1 SbTMVP:1 GPM:3 LFNST:1 MTS:0 ISP:3 TS:2 TSLog2MaxSize:4 useChromaTS:0 BDPCM:2 IBC:2 BCW:0 
ENC. ALG. CFG: QPA:0 HAD:1 RDQ:1 RDQTS:1 ASR:1 MinSearchWindow:96 RestrictMESampling:0 EDO:2 MCTF:2 
PRE-ANALYSIS CFG: STA:1 LeadFrames:0 TrailFrames:0 
FAST TOOL CFG: ECU:0 FEN:1 FDM:1 FastSearch:4 (SCC:2) LCTUFast:1 FastMrg:2 PBIntraFast:1 AMaxBT:1 FastQtBtEnc:1 ContentBasedFastQtbt:0 FastMIP:3 FastIntraTools:0 IntraEstDecBit:2 FastLocalDualTree:1 IntegerET:0 FastSubPel:1 QtbttExtraFast:3 FastTTSplit:0 IBCFastMethod:3 FIM:0 ALFSpeed:0 QuantThr: 4 
RATE CONTROL CFG: RateControl:0 LookAhead:0 
PARALLEL PROCESSING CFG: NumThreads:0 MaxParallelFrames:0 WppBitEqual:0 WF:0 

POC     0 TId: 0 (  IDR_N_LP, I-SLICE, QP 29, TF 2)     160808 bits [Y 38.4367 dB    U 41.6230 dB    V 42.6136 dB] [ET   181 ] [L0 ] [L1 ]
POC    16 TId: 1 (      STSA, B-SLICE, QP 34, TF 1)      30480 bits [Y 36.4677 dB    U 39.9832 dB    V 40.0965 dB] [ET   366 ] [L0 0 ] [L1 0 ]
POC     8 TId: 2 (      STSA, B-SLICE, QP 35, TF 0)      18784 bits [Y 36.4615 dB    U 40.0520 dB    V 40.8057 dB] [ET   619 ] [L0 0 16 ] [L1 16 0 ]
POC     4 TId: 3 (      STSA, B-SLICE, QP 38)            11936 bits [Y 36.2072 dB    U 40.2475 dB    V 41.0261 dB] [ET   578 ] [L0 0 8 ] [L1 8 16 ]
POC     2 TId: 4 (      STSA, B-SLICE, QP 40)             5104 bits [Y 36.3026 dB    U 40.8610 dB    V 41.4260 dB] [ET   381 ] [L0 0 4 ] [L1 4 8 ]
POC     1 TId: 5 (      STSA, B-SLICE, QP 41)              248 bits [Y 38.4336 dB    U 41.6236 dB    V 42.6166 dB] [ET   206 ] [L0 0 2 ] [L1 2 4 ]
POC     3 TId: 5 (      STSA, B-SLICE, QP 41)             3560 bits [Y 35.8649 dB    U 40.3961 dB    V 40.9146 dB] [ET   396 ] [L0 2 0 ] [L1 4 8 ]
POC     6 TId: 4 (      STSA, B-SLICE, QP 40)             6344 bits [Y 35.5497 dB    U 40.0027 dB    V 40.4921 dB] [ET   508 ] [L0 4 0 ] [L1 8 16 ]
POC     5 TId: 5 (      STSA, B-SLICE, QP 41)             3296 bits [Y 35.2857 dB    U 40.0123 dB    V 40.6834 dB] [ET   396 ] [L0 4 0 ] [L1 6 8 ]
POC     7 TId: 5 (      STSA, B-SLICE, QP 41)             3256 bits [Y 35.2229 dB    U 39.9718 dB    V 40.4132 dB] [ET   367 ] [L0 6 4 ] [L1 8 16 ]
POC    12 TId: 3 (      STSA, B-SLICE, QP 38)            13408 bits [Y 35.6020 dB    U 39.7793 dB    V 40.1791 dB] [ET   585 ] [L0 8 0 ] [L1 16 8 ]
POC    10 TId: 4 (      STSA, B-SLICE, QP 40)             7208 bits [Y 35.3220 dB    U 39.8181 dB    V 40.2773 dB] [ET   568 ] [L0 8 0 ] [L1 12 16 ]
POC     9 TId: 5 (      STSA, B-SLICE, QP 41)             3312 bits [Y 35.6215 dB    U 39.8821 dB    V 40.3687 dB] [ET   399 ] [L0 8 0 ] [L1 10 12 ]
POC    11 TId: 5 (      STSA, B-SLICE, QP 41)             3768 bits [Y 35.1882 dB    U 39.7943 dB    V 39.9366 dB] [ET   429 ] [L0 10 8 ] [L1 12 16 ]
POC    14 TId: 4 (      STSA, B-SLICE, QP 40)             7368 bits [Y 35.2272 dB    U 39.6157 dB    V 39.9080 dB] [ET   411 ] [L0 12 8 ] [L1 16 12 ]
POC    13 TId: 5 (      STSA, B-SLICE, QP 41)             3432 bits [Y 35.0354 dB    U 39.7384 dB    V 39.8991 dB] [ET   429 ] [L0 12 8 ] [L1 14 16 ]
POC    15 TId: 5 (      STSA, B-SLICE, QP 41)             3112 bits [Y 35.2175 dB    U 39.7262 dB    V 39.7478 dB] [ET   315 ] [L0 14 12 ] [L1 16 14 ]

	Total Frames |   Bitrate     Y-PSNR    U-PSNR    V-PSNR    YUV-PSNR   
	       17    a     839.4824   35.9674   40.1840   40.6709   36.9155

 finished @ Sun Apr  9 08:51:42 2023
 Total Time:     7148.256 sec. [user]     7148.345 sec. [elapsed]

Level: 0
Inject Calls: 8699102740
Errors injected by bit:
	Bit 0: 8700160
	Bit 1: 8702364
	Bit 2: 8696696
	Bit 3: 8701089
	Bit 4: 8703072
	Bit 5: 8694255
	Bit 6: 8695080
	Bit 7: 8698266

Total errors injected: 69590982
