vvencFFapp: Fraunhofer VVC Encoder ver. 1.5.0 [Linux][GCC 11.3.0][64 bit][SIMD=AVX2]
 started @ Sat Apr  8 20:02:22 2023
CODING TOOL CFG: CTU128 QT44BTT21 IBD:1 SAO:1 ALF:1 (NonLinLuma:0 NonLinChr:0) CCALF:1 Tiles:1x1 Slices:1 WPP:0 WPP-Substreams:1 TMVP:1 DQ:1 SDH:0 CST:1 BDOF:1 DMVR:1 MTSImplicit:1 SBT:0 JCbCr:1 CabacInitPresent:1 AMVR:5 SMVD:3 LMCS:2 (Signal:SDR Opt:0) CIIP:0 MIP:1 AFFINE:2 (PROF:1, Type:1) MMVD:3 DisFracMMVD:1 SbTMVP:1 GPM:3 LFNST:1 MTS:0 ISP:3 TS:2 TSLog2MaxSize:4 useChromaTS:0 BDPCM:2 IBC:2 BCW:0 
ENC. ALG. CFG: QPA:0 HAD:1 RDQ:1 RDQTS:1 ASR:1 MinSearchWindow:96 RestrictMESampling:0 EDO:2 MCTF:2 
PRE-ANALYSIS CFG: STA:1 LeadFrames:0 TrailFrames:0 
FAST TOOL CFG: ECU:0 FEN:1 FDM:1 FastSearch:4 (SCC:2) LCTUFast:1 FastMrg:2 PBIntraFast:1 AMaxBT:1 FastQtBtEnc:1 ContentBasedFastQtbt:0 FastMIP:3 FastIntraTools:0 IntraEstDecBit:2 FastLocalDualTree:1 IntegerET:0 FastSubPel:1 QtbttExtraFast:3 FastTTSplit:0 IBCFastMethod:3 FIM:0 ALFSpeed:0 QuantThr: 4 
RATE CONTROL CFG: RateControl:0 LookAhead:0 
PARALLEL PROCESSING CFG: NumThreads:0 MaxParallelFrames:0 WppBitEqual:0 WF:0 

POC     0 TId: 0 (  IDR_N_LP, I-SLICE, QP 24, TF 3)     303696 bits [Y 41.6478 dB    U 43.8365 dB    V 45.0113 dB] [ET   268 ] [L0 ] [L1 ]
POC    16 TId: 1 (      STSA, B-SLICE, QP 28, TF 2)      65344 bits [Y 39.5621 dB    U 42.4741 dB    V 43.1227 dB] [ET   446 ] [L0 0 ] [L1 0 ]
POC     8 TId: 2 (      STSA, B-SLICE, QP 29, TF 1)      39096 bits [Y 39.4825 dB    U 42.5201 dB    V 43.5400 dB] [ET   733 ] [L0 0 16 ] [L1 16 0 ]
POC     4 TId: 3 (      STSA, B-SLICE, QP 32, TF 0)      22904 bits [Y 39.1007 dB    U 42.1916 dB    V 43.1363 dB] [ET   734 ] [L0 0 8 ] [L1 8 16 ]
POC     2 TId: 4 (      STSA, B-SLICE, QP 34)            10936 bits [Y 39.1929 dB    U 42.7159 dB    V 43.4740 dB] [ET   602 ] [L0 0 4 ] [L1 4 8 ]
POC     1 TId: 5 (      STSA, B-SLICE, QP 36)              240 bits [Y 41.6478 dB    U 43.8365 dB    V 45.0113 dB] [ET   221 ] [L0 0 2 ] [L1 2 4 ]
POC     3 TId: 5 (      STSA, B-SLICE, QP 36)             6736 bits [Y 38.5075 dB    U 42.1339 dB    V 42.7561 dB] [ET   503 ] [L0 2 0 ] [L1 4 8 ]
POC     6 TId: 4 (      STSA, B-SLICE, QP 34)            14728 bits [Y 38.7629 dB    U 42.0228 dB    V 42.7410 dB] [ET   697 ] [L0 4 0 ] [L1 8 16 ]
POC     5 TId: 5 (      STSA, B-SLICE, QP 36)             7392 bits [Y 38.1376 dB    U 41.9472 dB    V 42.6651 dB] [ET   533 ] [L0 4 0 ] [L1 6 8 ]
POC     7 TId: 5 (      STSA, B-SLICE, QP 36)             7112 bits [Y 38.0140 dB    U 42.1089 dB    V 42.8649 dB] [ET   492 ] [L0 6 4 ] [L1 8 16 ]
POC    12 TId: 3 (      STSA, B-SLICE, QP 32, TF 0)      25880 bits [Y 38.5081 dB    U 41.8040 dB    V 42.4526 dB] [ET   730 ] [L0 8 0 ] [L1 16 8 ]
POC    10 TId: 4 (      STSA, B-SLICE, QP 34)            16152 bits [Y 38.3644 dB    U 41.8166 dB    V 42.4310 dB] [ET   864 ] [L0 8 0 ] [L1 12 16 ]
POC     9 TId: 5 (      STSA, B-SLICE, QP 36)             7120 bits [Y 38.3455 dB    U 42.1101 dB    V 42.6700 dB] [ET   536 ] [L0 8 0 ] [L1 10 12 ]
POC    11 TId: 5 (      STSA, B-SLICE, QP 36)             8200 bits [Y 38.0455 dB    U 41.7878 dB    V 42.1451 dB] [ET   530 ] [L0 10 8 ] [L1 12 16 ]
POC    14 TId: 4 (      STSA, B-SLICE, QP 34)            16504 bits [Y 38.2204 dB    U 41.6621 dB    V 42.1438 dB] [ET   637 ] [L0 12 8 ] [L1 16 12 ]
POC    13 TId: 5 (      STSA, B-SLICE, QP 36)             7392 bits [Y 37.8109 dB    U 41.6686 dB    V 42.0558 dB] [ET   516 ] [L0 12 8 ] [L1 14 16 ]
POC    15 TId: 5 (      STSA, B-SLICE, QP 36)             7088 bits [Y 37.9502 dB    U 41.8685 dB    V 42.1953 dB] [ET   387 ] [L0 14 12 ] [L1 16 14 ]

	Total Frames |   Bitrate     Y-PSNR    U-PSNR    V-PSNR    YUV-PSNR   
	       17    a    1666.2353   38.9000   42.2650   42.9657   39.7055

 finished @ Sat Apr  8 22:39:49 2023
 Total Time:     9445.924 sec. [user]     9446.850 sec. [elapsed]

Level: 0
Inject Calls: 11398242084
Errors injected by bit:
	Bit 0: 11417
	Bit 1: 11219
	Bit 2: 11454
	Bit 3: 11448
	Bit 4: 11350
	Bit 5: 11471
	Bit 6: 11431
	Bit 7: 11416

Total errors injected: 91206
