vvencFFapp: Fraunhofer VVC Encoder ver. 1.5.0 [Linux][GCC 11.3.0][64 bit][SIMD=AVX2]
 started @ Sat Apr  8 14:22:16 2023
CODING TOOL CFG: CTU128 QT44BTT21 IBD:1 SAO:1 ALF:1 (NonLinLuma:0 NonLinChr:0) CCALF:1 Tiles:1x1 Slices:1 WPP:0 WPP-Substreams:1 TMVP:1 DQ:1 SDH:0 CST:1 BDOF:1 DMVR:1 MTSImplicit:1 SBT:0 JCbCr:1 CabacInitPresent:1 AMVR:5 SMVD:3 LMCS:2 (Signal:SDR Opt:0) CIIP:0 MIP:1 AFFINE:2 (PROF:1, Type:1) MMVD:3 DisFracMMVD:1 SbTMVP:1 GPM:3 LFNST:1 MTS:0 ISP:3 TS:2 TSLog2MaxSize:4 useChromaTS:0 BDPCM:2 IBC:2 BCW:0 
ENC. ALG. CFG: QPA:0 HAD:1 RDQ:1 RDQTS:1 ASR:1 MinSearchWindow:96 RestrictMESampling:0 EDO:2 MCTF:2 
PRE-ANALYSIS CFG: STA:1 LeadFrames:0 TrailFrames:0 
FAST TOOL CFG: ECU:0 FEN:1 FDM:1 FastSearch:4 (SCC:2) LCTUFast:1 FastMrg:2 PBIntraFast:1 AMaxBT:1 FastQtBtEnc:1 ContentBasedFastQtbt:0 FastMIP:3 FastIntraTools:0 IntraEstDecBit:2 FastLocalDualTree:1 IntegerET:0 FastSubPel:1 QtbttExtraFast:3 FastTTSplit:0 IBCFastMethod:3 FIM:0 ALFSpeed:0 QuantThr: 4 
RATE CONTROL CFG: RateControl:0 LookAhead:0 
PARALLEL PROCESSING CFG: NumThreads:0 MaxParallelFrames:0 WppBitEqual:0 WF:0 

POC     0 TId: 0 (  IDR_N_LP, I-SLICE, QP 24, TF 3)     303696 bits [Y 41.6478 dB    U 43.8365 dB    V 45.0113 dB] [ET   261 ] [L0 ] [L1 ]
POC    16 TId: 1 (      STSA, B-SLICE, QP 28, TF 2)      65416 bits [Y 39.5635 dB    U 42.4397 dB    V 43.2152 dB] [ET   438 ] [L0 0 ] [L1 0 ]
POC     8 TId: 2 (      STSA, B-SLICE, QP 29, TF 1)      39032 bits [Y 39.4832 dB    U 42.5541 dB    V 43.5506 dB] [ET   713 ] [L0 0 16 ] [L1 16 0 ]
POC     4 TId: 3 (      STSA, B-SLICE, QP 32, TF 0)      22544 bits [Y 39.0691 dB    U 42.2394 dB    V 43.1312 dB] [ET   727 ] [L0 0 8 ] [L1 8 16 ]
POC     2 TId: 4 (      STSA, B-SLICE, QP 34)            10896 bits [Y 39.1696 dB    U 42.7050 dB    V 43.4150 dB] [ET   579 ] [L0 0 4 ] [L1 4 8 ]
POC     1 TId: 5 (      STSA, B-SLICE, QP 36)              240 bits [Y 41.6478 dB    U 43.8365 dB    V 45.0113 dB] [ET   221 ] [L0 0 2 ] [L1 2 4 ]
POC     3 TId: 5 (      STSA, B-SLICE, QP 36)             6920 bits [Y 38.5306 dB    U 42.2615 dB    V 42.8329 dB] [ET   504 ] [L0 2 0 ] [L1 4 8 ]
POC     6 TId: 4 (      STSA, B-SLICE, QP 34)            14496 bits [Y 38.7298 dB    U 42.1476 dB    V 42.8506 dB] [ET   703 ] [L0 4 0 ] [L1 8 16 ]
POC     5 TId: 5 (      STSA, B-SLICE, QP 36)             6944 bits [Y 38.0910 dB    U 41.9747 dB    V 42.7002 dB] [ET   499 ] [L0 4 0 ] [L1 6 8 ]
POC     7 TId: 5 (      STSA, B-SLICE, QP 36)             6920 bits [Y 37.9494 dB    U 42.1550 dB    V 42.7838 dB] [ET   478 ] [L0 6 4 ] [L1 8 16 ]
POC    12 TId: 3 (      STSA, B-SLICE, QP 32, TF 0)      25800 bits [Y 38.5112 dB    U 41.8403 dB    V 42.5045 dB] [ET   735 ] [L0 8 0 ] [L1 16 8 ]
POC    10 TId: 4 (      STSA, B-SLICE, QP 34)            15840 bits [Y 38.3326 dB    U 41.7761 dB    V 42.4602 dB] [ET   853 ] [L0 8 0 ] [L1 12 16 ]
POC     9 TId: 5 (      STSA, B-SLICE, QP 36)             6872 bits [Y 38.3579 dB    U 42.1133 dB    V 42.7544 dB] [ET   499 ] [L0 8 0 ] [L1 10 12 ]
POC    11 TId: 5 (      STSA, B-SLICE, QP 36)             7872 bits [Y 37.9900 dB    U 41.7776 dB    V 42.1544 dB] [ET   536 ] [L0 10 8 ] [L1 12 16 ]
POC    14 TId: 4 (      STSA, B-SLICE, QP 34)            16408 bits [Y 38.2060 dB    U 41.6411 dB    V 42.0567 dB] [ET   658 ] [L0 12 8 ] [L1 16 12 ]
POC    13 TId: 5 (      STSA, B-SLICE, QP 36)             7920 bits [Y 37.8504 dB    U 41.6356 dB    V 42.0154 dB] [ET   521 ] [L0 12 8 ] [L1 14 16 ]
POC    15 TId: 5 (      STSA, B-SLICE, QP 36)             6848 bits [Y 37.9213 dB    U 41.8275 dB    V 42.2434 dB] [ET   385 ] [L0 14 12 ] [L1 16 14 ]

	Total Frames |   Bitrate     Y-PSNR    U-PSNR    V-PSNR    YUV-PSNR   
	       17    a    1660.7765   38.8854   42.2801   42.9818   39.6948

 finished @ Sat Apr  8 16:57:46 2023
 Total Time:     9308.466 sec. [user]     9329.490 sec. [elapsed]

Level: 0
Inject Calls: 11187767342
Errors injected by bit:
	Bit 0: 1119222
	Bit 1: 1119263
	Bit 2: 1119806
	Bit 3: 1116598
	Bit 4: 1120300
	Bit 5: 1119386
	Bit 6: 1120133
	Bit 7: 1118876

Total errors injected: 8953584
