vvencFFapp: Fraunhofer VVC Encoder ver. 1.5.0 [Linux][GCC 11.3.0][64 bit][SIMD=AVX2]
 started @ Sun Apr  9 17:22:45 2023
CODING TOOL CFG: CTU128 QT44BTT21 IBD:1 SAO:1 ALF:1 (NonLinLuma:0 NonLinChr:0) CCALF:1 Tiles:1x1 Slices:1 WPP:0 WPP-Substreams:1 TMVP:1 DQ:1 SDH:0 CST:1 BDOF:1 DMVR:1 MTSImplicit:1 SBT:0 JCbCr:1 CabacInitPresent:1 AMVR:5 SMVD:3 LMCS:2 (Signal:SDR Opt:0) CIIP:0 MIP:1 AFFINE:2 (PROF:1, Type:1) MMVD:3 DisFracMMVD:1 SbTMVP:1 GPM:3 LFNST:1 MTS:0 ISP:3 TS:2 TSLog2MaxSize:4 useChromaTS:0 BDPCM:2 IBC:2 BCW:0 
ENC. ALG. CFG: QPA:0 HAD:1 RDQ:1 RDQTS:1 ASR:1 MinSearchWindow:96 RestrictMESampling:0 EDO:2 MCTF:2 
PRE-ANALYSIS CFG: STA:1 LeadFrames:0 TrailFrames:0 
FAST TOOL CFG: ECU:0 FEN:1 FDM:1 FastSearch:4 (SCC:2) LCTUFast:1 FastMrg:2 PBIntraFast:1 AMaxBT:1 FastQtBtEnc:1 ContentBasedFastQtbt:0 FastMIP:3 FastIntraTools:0 IntraEstDecBit:2 FastLocalDualTree:1 IntegerET:0 FastSubPel:1 QtbttExtraFast:3 FastTTSplit:0 IBCFastMethod:3 FIM:0 ALFSpeed:0 QuantThr: 4 
RATE CONTROL CFG: RateControl:0 LookAhead:0 
PARALLEL PROCESSING CFG: NumThreads:0 MaxParallelFrames:0 WppBitEqual:0 WF:0 

POC     0 TId: 0 (  IDR_N_LP, I-SLICE, QP 29, TF 2)     160808 bits [Y 38.4367 dB    U 41.6230 dB    V 42.6136 dB] [ET   187 ] [L0 ] [L1 ]
POC    16 TId: 1 (      STSA, B-SLICE, QP 34, TF 1)      30816 bits [Y 36.4780 dB    U 40.0099 dB    V 40.0916 dB] [ET   369 ] [L0 0 ] [L1 0 ]
POC     8 TId: 2 (      STSA, B-SLICE, QP 35, TF 0)      18896 bits [Y 36.4892 dB    U 40.1609 dB    V 40.8489 dB] [ET   653 ] [L0 0 16 ] [L1 16 0 ]
POC     4 TId: 3 (      STSA, B-SLICE, QP 38)            11800 bits [Y 36.1355 dB    U 40.1777 dB    V 40.8705 dB] [ET   579 ] [L0 0 8 ] [L1 8 16 ]
POC     2 TId: 4 (      STSA, B-SLICE, QP 40)             4880 bits [Y 36.2282 dB    U 40.8618 dB    V 41.3850 dB] [ET   406 ] [L0 0 4 ] [L1 4 8 ]
POC     1 TId: 5 (      STSA, B-SLICE, QP 41)              168 bits [Y 38.4367 dB    U 41.6230 dB    V 42.6136 dB] [ET   206 ] [L0 0 2 ] [L1 2 4 ]
POC     3 TId: 5 (      STSA, B-SLICE, QP 41)             3304 bits [Y 35.7510 dB    U 40.4066 dB    V 40.7519 dB] [ET   399 ] [L0 2 0 ] [L1 4 8 ]
POC     6 TId: 4 (      STSA, B-SLICE, QP 40)             6432 bits [Y 35.5581 dB    U 40.0596 dB    V 40.4300 dB] [ET   549 ] [L0 4 0 ] [L1 8 16 ]
POC     5 TId: 5 (      STSA, B-SLICE, QP 41)             3352 bits [Y 35.2847 dB    U 40.0030 dB    V 40.5720 dB] [ET   410 ] [L0 4 0 ] [L1 6 8 ]
POC     7 TId: 5 (      STSA, B-SLICE, QP 41)             3408 bits [Y 35.3081 dB    U 39.9874 dB    V 40.4113 dB] [ET   395 ] [L0 6 4 ] [L1 8 16 ]
POC    12 TId: 3 (      STSA, B-SLICE, QP 38)            13304 bits [Y 35.6014 dB    U 39.7997 dB    V 40.2898 dB] [ET   597 ] [L0 8 0 ] [L1 16 8 ]
POC    10 TId: 4 (      STSA, B-SLICE, QP 40)             7328 bits [Y 35.3361 dB    U 39.8364 dB    V 40.3597 dB] [ET   630 ] [L0 8 0 ] [L1 12 16 ]
POC     9 TId: 5 (      STSA, B-SLICE, QP 41)             3208 bits [Y 35.5741 dB    U 40.0059 dB    V 40.5521 dB] [ET   418 ] [L0 8 0 ] [L1 10 12 ]
POC    11 TId: 5 (      STSA, B-SLICE, QP 41)             3776 bits [Y 35.2429 dB    U 39.7611 dB    V 40.0299 dB] [ET   454 ] [L0 10 8 ] [L1 12 16 ]
POC    14 TId: 4 (      STSA, B-SLICE, QP 40)             7528 bits [Y 35.2223 dB    U 39.6639 dB    V 39.8545 dB] [ET   448 ] [L0 12 8 ] [L1 16 12 ]
POC    13 TId: 5 (      STSA, B-SLICE, QP 41)             3472 bits [Y 35.0371 dB    U 39.8192 dB    V 39.8202 dB] [ET   428 ] [L0 12 8 ] [L1 14 16 ]
POC    15 TId: 5 (      STSA, B-SLICE, QP 41)             3096 bits [Y 35.2385 dB    U 39.7552 dB    V 39.6717 dB] [ET   336 ] [L0 14 12 ] [L1 16 14 ]

	Total Frames |   Bitrate     Y-PSNR    U-PSNR    V-PSNR    YUV-PSNR   
	       17    a     839.9294   35.9623   40.2091   40.6569   36.9136

 finished @ Sun Apr  9 19:27:23 2023
 Total Time:     7477.737 sec. [user]     7478.155 sec. [elapsed]

Level: 0
Inject Calls: 9089138742
Errors injected by bit:
	Bit 0: 9100
	Bit 1: 9190
	Bit 2: 9067
	Bit 3: 9220
	Bit 4: 9104
	Bit 5: 9027
	Bit 6: 9181
	Bit 7: 8953

Total errors injected: 72842
