vvencFFapp: Fraunhofer VVC Encoder ver. 1.5.0 [Linux][GCC 11.3.0][64 bit][SIMD=AVX2]
 started @ Sat Apr  8 09:22:11 2023
CODING TOOL CFG: CTU128 QT44BTT21 IBD:1 SAO:1 ALF:1 (NonLinLuma:0 NonLinChr:0) CCALF:1 Tiles:1x1 Slices:1 WPP:0 WPP-Substreams:1 TMVP:1 DQ:1 SDH:0 CST:1 BDOF:1 DMVR:1 MTSImplicit:1 SBT:0 JCbCr:1 CabacInitPresent:1 AMVR:5 SMVD:3 LMCS:2 (Signal:SDR Opt:0) CIIP:0 MIP:1 AFFINE:2 (PROF:1, Type:1) MMVD:3 DisFracMMVD:1 SbTMVP:1 GPM:3 LFNST:1 MTS:0 ISP:3 TS:2 TSLog2MaxSize:4 useChromaTS:0 BDPCM:2 IBC:2 BCW:0 
ENC. ALG. CFG: QPA:0 HAD:1 RDQ:1 RDQTS:1 ASR:1 MinSearchWindow:96 RestrictMESampling:0 EDO:2 MCTF:2 
PRE-ANALYSIS CFG: STA:1 LeadFrames:0 TrailFrames:0 
FAST TOOL CFG: ECU:0 FEN:1 FDM:1 FastSearch:4 (SCC:2) LCTUFast:1 FastMrg:2 PBIntraFast:1 AMaxBT:1 FastQtBtEnc:1 ContentBasedFastQtbt:0 FastMIP:3 FastIntraTools:0 IntraEstDecBit:2 FastLocalDualTree:1 IntegerET:0 FastSubPel:1 QtbttExtraFast:3 FastTTSplit:0 IBCFastMethod:3 FIM:0 ALFSpeed:0 QuantThr: 4 
RATE CONTROL CFG: RateControl:0 LookAhead:0 
PARALLEL PROCESSING CFG: NumThreads:0 MaxParallelFrames:0 WppBitEqual:0 WF:0 

POC     0 TId: 0 (  IDR_N_LP, I-SLICE, QP 24, TF 3)     303696 bits [Y 41.6478 dB    U 43.8365 dB    V 45.0113 dB] [ET   269 ] [L0 ] [L1 ]
POC    16 TId: 1 (      STSA, B-SLICE, QP 28, TF 2)      65160 bits [Y 39.5801 dB    U 42.3620 dB    V 43.1617 dB] [ET   454 ] [L0 0 ] [L1 0 ]
POC     8 TId: 2 (      STSA, B-SLICE, QP 29, TF 1)      39184 bits [Y 39.4745 dB    U 42.5209 dB    V 43.5159 dB] [ET   714 ] [L0 0 16 ] [L1 16 0 ]
POC     4 TId: 3 (      STSA, B-SLICE, QP 32, TF 0)      23048 bits [Y 39.1049 dB    U 42.1336 dB    V 43.1038 dB] [ET   716 ] [L0 0 8 ] [L1 8 16 ]
POC     2 TId: 4 (      STSA, B-SLICE, QP 34)            10768 bits [Y 39.1466 dB    U 42.7108 dB    V 43.4330 dB] [ET   563 ] [L0 0 4 ] [L1 4 8 ]
POC     1 TId: 5 (      STSA, B-SLICE, QP 36)              272 bits [Y 41.6380 dB    U 43.8354 dB    V 45.0079 dB] [ET   231 ] [L0 0 2 ] [L1 2 4 ]
POC     3 TId: 5 (      STSA, B-SLICE, QP 36)             6688 bits [Y 38.5006 dB    U 42.2000 dB    V 42.8740 dB] [ET   493 ] [L0 2 0 ] [L1 4 8 ]
POC     6 TId: 4 (      STSA, B-SLICE, QP 34)            14440 bits [Y 38.6845 dB    U 42.1516 dB    V 42.8570 dB] [ET   697 ] [L0 4 0 ] [L1 8 16 ]
POC     5 TId: 5 (      STSA, B-SLICE, QP 36)             7248 bits [Y 38.1085 dB    U 41.9559 dB    V 42.6262 dB] [ET   509 ] [L0 4 0 ] [L1 6 8 ]
POC     7 TId: 5 (      STSA, B-SLICE, QP 36)             7048 bits [Y 37.9873 dB    U 42.0971 dB    V 42.8697 dB] [ET   478 ] [L0 6 4 ] [L1 8 16 ]
POC    12 TId: 3 (      STSA, B-SLICE, QP 32, TF 0)      26280 bits [Y 38.5101 dB    U 41.8078 dB    V 42.4129 dB] [ET   724 ] [L0 8 0 ] [L1 16 8 ]
POC    10 TId: 4 (      STSA, B-SLICE, QP 34)            16000 bits [Y 38.2624 dB    U 41.7540 dB    V 42.4337 dB] [ET   836 ] [L0 8 0 ] [L1 12 16 ]
POC     9 TId: 5 (      STSA, B-SLICE, QP 36)             6944 bits [Y 38.3103 dB    U 42.1046 dB    V 42.7195 dB] [ET   494 ] [L0 8 0 ] [L1 10 12 ]
POC    11 TId: 5 (      STSA, B-SLICE, QP 36)             8120 bits [Y 38.0156 dB    U 41.8314 dB    V 42.1420 dB] [ET   510 ] [L0 10 8 ] [L1 12 16 ]
POC    14 TId: 4 (      STSA, B-SLICE, QP 34)            16272 bits [Y 38.1747 dB    U 41.6418 dB    V 42.0371 dB] [ET   643 ] [L0 12 8 ] [L1 16 12 ]
POC    13 TId: 5 (      STSA, B-SLICE, QP 36)             7808 bits [Y 37.8433 dB    U 41.6683 dB    V 41.9699 dB] [ET   502 ] [L0 12 8 ] [L1 14 16 ]
POC    15 TId: 5 (      STSA, B-SLICE, QP 36)             6848 bits [Y 37.9029 dB    U 41.8236 dB    V 42.0973 dB] [ET   371 ] [L0 14 12 ] [L1 16 14 ]

	Total Frames |   Bitrate     Y-PSNR    U-PSNR    V-PSNR    YUV-PSNR   
	       17    a    1664.1882   38.8760   42.2609   42.9572   39.6828

 finished @ Sat Apr  8 11:55:52 2023
 Total Time:     9199.552 sec. [user]     9221.598 sec. [elapsed]

Level: 0
Inject Calls: 10941071143
Errors injected by bit:
	Bit 0: 10937585
	Bit 1: 10943491
	Bit 2: 10943043
	Bit 3: 10943284
	Bit 4: 10941551
	Bit 5: 10939989
	Bit 6: 10937361
	Bit 7: 10939424

Total errors injected: 87525728
