vvencFFapp: Fraunhofer VVC Encoder ver. 1.5.0 [Linux][GCC 11.3.0][64 bit][SIMD=AVX2]
 started @ Sun Apr  9 14:47:42 2023
CODING TOOL CFG: CTU128 QT44BTT21 IBD:1 SAO:1 ALF:1 (NonLinLuma:0 NonLinChr:0) CCALF:1 Tiles:1x1 Slices:1 WPP:0 WPP-Substreams:1 TMVP:1 DQ:1 SDH:0 CST:1 BDOF:1 DMVR:1 MTSImplicit:1 SBT:0 JCbCr:1 CabacInitPresent:1 AMVR:5 SMVD:3 LMCS:2 (Signal:SDR Opt:0) CIIP:0 MIP:1 AFFINE:2 (PROF:1, Type:1) MMVD:3 DisFracMMVD:1 SbTMVP:1 GPM:3 LFNST:1 MTS:0 ISP:3 TS:2 TSLog2MaxSize:4 useChromaTS:0 BDPCM:2 IBC:2 BCW:0 
ENC. ALG. CFG: QPA:0 HAD:1 RDQ:1 RDQTS:1 ASR:1 MinSearchWindow:96 RestrictMESampling:0 EDO:2 MCTF:2 
PRE-ANALYSIS CFG: STA:1 LeadFrames:0 TrailFrames:0 
FAST TOOL CFG: ECU:0 FEN:1 FDM:1 FastSearch:4 (SCC:2) LCTUFast:1 FastMrg:2 PBIntraFast:1 AMaxBT:1 FastQtBtEnc:1 ContentBasedFastQtbt:0 FastMIP:3 FastIntraTools:0 IntraEstDecBit:2 FastLocalDualTree:1 IntegerET:0 FastSubPel:1 QtbttExtraFast:3 FastTTSplit:0 IBCFastMethod:3 FIM:0 ALFSpeed:0 QuantThr: 4 
RATE CONTROL CFG: RateControl:0 LookAhead:0 
PARALLEL PROCESSING CFG: NumThreads:0 MaxParallelFrames:0 WppBitEqual:0 WF:0 

POC     0 TId: 0 (  IDR_N_LP, I-SLICE, QP 29, TF 2)     160808 bits [Y 38.4367 dB    U 41.6230 dB    V 42.6136 dB] [ET   185 ] [L0 ] [L1 ]
POC    16 TId: 1 (      STSA, B-SLICE, QP 34, TF 1)      30584 bits [Y 36.4781 dB    U 40.0880 dB    V 40.1728 dB] [ET   375 ] [L0 0 ] [L1 0 ]
POC     8 TId: 2 (      STSA, B-SLICE, QP 35, TF 0)      19160 bits [Y 36.5074 dB    U 40.0543 dB    V 40.8982 dB] [ET   636 ] [L0 0 16 ] [L1 16 0 ]
POC     4 TId: 3 (      STSA, B-SLICE, QP 38)            11824 bits [Y 36.1983 dB    U 40.2660 dB    V 40.9043 dB] [ET   584 ] [L0 0 8 ] [L1 8 16 ]
POC     2 TId: 4 (      STSA, B-SLICE, QP 40)             4704 bits [Y 36.2484 dB    U 40.8792 dB    V 41.3922 dB] [ET   388 ] [L0 0 4 ] [L1 4 8 ]
POC     1 TId: 5 (      STSA, B-SLICE, QP 41)              232 bits [Y 38.4367 dB    U 41.6230 dB    V 42.6136 dB] [ET   208 ] [L0 0 2 ] [L1 2 4 ]
POC     3 TId: 5 (      STSA, B-SLICE, QP 41)             3392 bits [Y 35.8162 dB    U 40.5227 dB    V 40.7906 dB] [ET   398 ] [L0 2 0 ] [L1 4 8 ]
POC     6 TId: 4 (      STSA, B-SLICE, QP 40)             6304 bits [Y 35.5524 dB    U 40.1321 dB    V 40.6988 dB] [ET   551 ] [L0 4 0 ] [L1 8 16 ]
POC     5 TId: 5 (      STSA, B-SLICE, QP 41)             3280 bits [Y 35.2517 dB    U 40.0508 dB    V 40.5047 dB] [ET   429 ] [L0 4 0 ] [L1 6 8 ]
POC     7 TId: 5 (      STSA, B-SLICE, QP 41)             3368 bits [Y 35.2846 dB    U 39.9783 dB    V 40.5169 dB] [ET   388 ] [L0 6 4 ] [L1 8 16 ]
POC    12 TId: 3 (      STSA, B-SLICE, QP 38)            13288 bits [Y 35.6244 dB    U 39.8774 dB    V 40.1964 dB] [ET   577 ] [L0 8 0 ] [L1 16 8 ]
POC    10 TId: 4 (      STSA, B-SLICE, QP 40)             7336 bits [Y 35.3188 dB    U 39.8679 dB    V 40.3445 dB] [ET   657 ] [L0 8 0 ] [L1 12 16 ]
POC     9 TId: 5 (      STSA, B-SLICE, QP 41)             3288 bits [Y 35.6635 dB    U 39.8959 dB    V 40.4370 dB] [ET   400 ] [L0 8 0 ] [L1 10 12 ]
POC    11 TId: 5 (      STSA, B-SLICE, QP 41)             3864 bits [Y 35.2330 dB    U 39.7815 dB    V 39.9886 dB] [ET   420 ] [L0 10 8 ] [L1 12 16 ]
POC    14 TId: 4 (      STSA, B-SLICE, QP 40)             7136 bits [Y 35.1584 dB    U 39.7877 dB    V 39.9273 dB] [ET   468 ] [L0 12 8 ] [L1 16 12 ]
POC    13 TId: 5 (      STSA, B-SLICE, QP 41)             3200 bits [Y 34.9810 dB    U 39.8485 dB    V 39.8697 dB] [ET   413 ] [L0 12 8 ] [L1 14 16 ]
POC    15 TId: 5 (      STSA, B-SLICE, QP 41)             3144 bits [Y 35.2427 dB    U 39.8904 dB    V 39.8313 dB] [ET   315 ] [L0 14 12 ] [L1 16 14 ]

	Total Frames |   Bitrate     Y-PSNR    U-PSNR    V-PSNR    YUV-PSNR   
	       17    a     837.9765   35.9666   40.2451   40.6883   36.9209

 finished @ Sun Apr  9 16:51:06 2023
 Total Time:     7404.234 sec. [user]     7404.327 sec. [elapsed]

Level: 0
Inject Calls: 8962532205
Errors injected by bit:
	Bit 0: 89952
	Bit 1: 89754
	Bit 2: 89346
	Bit 3: 89129
	Bit 4: 89793
	Bit 5: 89632
	Bit 6: 89168
	Bit 7: 89869

Total errors injected: 716643
