vvencFFapp: Fraunhofer VVC Encoder ver. 1.5.0 [Linux][GCC 11.3.0][64 bit][SIMD=AVX2]
 started @ Sun Apr  9 12:27:39 2023
CODING TOOL CFG: CTU128 QT44BTT21 IBD:1 SAO:1 ALF:1 (NonLinLuma:0 NonLinChr:0) CCALF:1 Tiles:1x1 Slices:1 WPP:0 WPP-Substreams:1 TMVP:1 DQ:1 SDH:0 CST:1 BDOF:1 DMVR:1 MTSImplicit:1 SBT:0 JCbCr:1 CabacInitPresent:1 AMVR:5 SMVD:3 LMCS:2 (Signal:SDR Opt:0) CIIP:0 MIP:1 AFFINE:2 (PROF:1, Type:1) MMVD:3 DisFracMMVD:1 SbTMVP:1 GPM:3 LFNST:1 MTS:0 ISP:3 TS:2 TSLog2MaxSize:4 useChromaTS:0 BDPCM:2 IBC:2 BCW:0 
ENC. ALG. CFG: QPA:0 HAD:1 RDQ:1 RDQTS:1 ASR:1 MinSearchWindow:96 RestrictMESampling:0 EDO:2 MCTF:2 
PRE-ANALYSIS CFG: STA:1 LeadFrames:0 TrailFrames:0 
FAST TOOL CFG: ECU:0 FEN:1 FDM:1 FastSearch:4 (SCC:2) LCTUFast:1 FastMrg:2 PBIntraFast:1 AMaxBT:1 FastQtBtEnc:1 ContentBasedFastQtbt:0 FastMIP:3 FastIntraTools:0 IntraEstDecBit:2 FastLocalDualTree:1 IntegerET:0 FastSubPel:1 QtbttExtraFast:3 FastTTSplit:0 IBCFastMethod:3 FIM:0 ALFSpeed:0 QuantThr: 4 
RATE CONTROL CFG: RateControl:0 LookAhead:0 
PARALLEL PROCESSING CFG: NumThreads:0 MaxParallelFrames:0 WppBitEqual:0 WF:0 

POC     0 TId: 0 (  IDR_N_LP, I-SLICE, QP 29, TF 2)     160808 bits [Y 38.4367 dB    U 41.6230 dB    V 42.6136 dB] [ET   186 ] [L0 ] [L1 ]
POC    16 TId: 1 (      STSA, B-SLICE, QP 34, TF 1)      30904 bits [Y 36.4814 dB    U 39.9999 dB    V 40.1222 dB] [ET   372 ] [L0 0 ] [L1 0 ]
POC     8 TId: 2 (      STSA, B-SLICE, QP 35, TF 0)      19128 bits [Y 36.5049 dB    U 40.0498 dB    V 40.8706 dB] [ET   640 ] [L0 0 16 ] [L1 16 0 ]
POC     4 TId: 3 (      STSA, B-SLICE, QP 38)            11704 bits [Y 36.1578 dB    U 40.2416 dB    V 40.8926 dB] [ET   581 ] [L0 0 8 ] [L1 8 16 ]
POC     2 TId: 4 (      STSA, B-SLICE, QP 40)             4808 bits [Y 36.2463 dB    U 40.8400 dB    V 41.3970 dB] [ET   374 ] [L0 0 4 ] [L1 4 8 ]
POC     1 TId: 5 (      STSA, B-SLICE, QP 41)              232 bits [Y 38.4376 dB    U 41.6248 dB    V 42.6134 dB] [ET   204 ] [L0 0 2 ] [L1 2 4 ]
POC     3 TId: 5 (      STSA, B-SLICE, QP 41)             3360 bits [Y 35.7981 dB    U 40.4401 dB    V 40.7723 dB] [ET   389 ] [L0 2 0 ] [L1 4 8 ]
POC     6 TId: 4 (      STSA, B-SLICE, QP 40)             6632 bits [Y 35.5721 dB    U 40.1095 dB    V 40.4762 dB] [ET   551 ] [L0 4 0 ] [L1 8 16 ]
POC     5 TId: 5 (      STSA, B-SLICE, QP 41)             3552 bits [Y 35.3052 dB    U 40.0426 dB    V 40.5680 dB] [ET   382 ] [L0 4 0 ] [L1 6 8 ]
POC     7 TId: 5 (      STSA, B-SLICE, QP 41)             3320 bits [Y 35.3340 dB    U 39.9805 dB    V 40.4342 dB] [ET   404 ] [L0 6 4 ] [L1 8 16 ]
POC    12 TId: 3 (      STSA, B-SLICE, QP 38)            13048 bits [Y 35.5964 dB    U 39.7577 dB    V 40.2707 dB] [ET   570 ] [L0 8 0 ] [L1 16 8 ]
POC    10 TId: 4 (      STSA, B-SLICE, QP 40)             7120 bits [Y 35.3052 dB    U 39.7606 dB    V 40.2387 dB] [ET   591 ] [L0 8 0 ] [L1 12 16 ]
POC     9 TId: 5 (      STSA, B-SLICE, QP 41)             3304 bits [Y 35.6564 dB    U 39.9698 dB    V 40.4332 dB] [ET   439 ] [L0 8 0 ] [L1 10 12 ]
POC    11 TId: 5 (      STSA, B-SLICE, QP 41)             4072 bits [Y 35.2957 dB    U 39.7677 dB    V 40.2030 dB] [ET   446 ] [L0 10 8 ] [L1 12 16 ]
POC    14 TId: 4 (      STSA, B-SLICE, QP 40)             7528 bits [Y 35.2237 dB    U 39.6164 dB    V 39.8744 dB] [ET   438 ] [L0 12 8 ] [L1 16 12 ]
POC    13 TId: 5 (      STSA, B-SLICE, QP 41)             3384 bits [Y 35.0569 dB    U 39.7279 dB    V 39.7658 dB] [ET   429 ] [L0 12 8 ] [L1 14 16 ]
POC    15 TId: 5 (      STSA, B-SLICE, QP 41)             3016 bits [Y 35.2369 dB    U 39.6737 dB    V 39.7442 dB] [ET   339 ] [L0 14 12 ] [L1 16 14 ]

	Total Frames |   Bitrate     Y-PSNR    U-PSNR    V-PSNR    YUV-PSNR   
	       17    a     840.9412   35.9791   40.1897   40.6641   36.9276

 finished @ Sun Apr  9 14:30:09 2023
 Total Time:     7348.779 sec. [user]     7349.472 sec. [elapsed]

Level: 0
Inject Calls: 8953545595
Errors injected by bit:
	Bit 0: 89547
	Bit 1: 89656
	Bit 2: 89270
	Bit 3: 90091
	Bit 4: 89425
	Bit 5: 89178
	Bit 6: 89212
	Bit 7: 89526

Total errors injected: 715905
