vvencFFapp: Fraunhofer VVC Encoder ver. 1.5.0 [Linux][GCC 11.3.0][64 bit][SIMD=AVX2]
 started @ Sun Apr  9 12:52:39 2023
CODING TOOL CFG: CTU128 QT44BTT21 IBD:1 SAO:1 ALF:1 (NonLinLuma:0 NonLinChr:0) CCALF:1 Tiles:1x1 Slices:1 WPP:0 WPP-Substreams:1 TMVP:1 DQ:1 SDH:0 CST:1 BDOF:1 DMVR:1 MTSImplicit:1 SBT:0 JCbCr:1 CabacInitPresent:1 AMVR:5 SMVD:3 LMCS:2 (Signal:SDR Opt:0) CIIP:0 MIP:1 AFFINE:2 (PROF:1, Type:1) MMVD:3 DisFracMMVD:1 SbTMVP:1 GPM:3 LFNST:1 MTS:0 ISP:3 TS:2 TSLog2MaxSize:4 useChromaTS:0 BDPCM:2 IBC:2 BCW:0 
ENC. ALG. CFG: QPA:0 HAD:1 RDQ:1 RDQTS:1 ASR:1 MinSearchWindow:96 RestrictMESampling:0 EDO:2 MCTF:2 
PRE-ANALYSIS CFG: STA:1 LeadFrames:0 TrailFrames:0 
FAST TOOL CFG: ECU:0 FEN:1 FDM:1 FastSearch:4 (SCC:2) LCTUFast:1 FastMrg:2 PBIntraFast:1 AMaxBT:1 FastQtBtEnc:1 ContentBasedFastQtbt:0 FastMIP:3 FastIntraTools:0 IntraEstDecBit:2 FastLocalDualTree:1 IntegerET:0 FastSubPel:1 QtbttExtraFast:3 FastTTSplit:0 IBCFastMethod:3 FIM:0 ALFSpeed:0 QuantThr: 4 
RATE CONTROL CFG: RateControl:0 LookAhead:0 
PARALLEL PROCESSING CFG: NumThreads:0 MaxParallelFrames:0 WppBitEqual:0 WF:0 

POC     0 TId: 0 (  IDR_N_LP, I-SLICE, QP 29, TF 2)     160808 bits [Y 38.4367 dB    U 41.6230 dB    V 42.6136 dB] [ET   186 ] [L0 ] [L1 ]
POC    16 TId: 1 (      STSA, B-SLICE, QP 34, TF 1)      30480 bits [Y 36.4615 dB    U 40.0665 dB    V 40.0947 dB] [ET   371 ] [L0 0 ] [L1 0 ]
POC     8 TId: 2 (      STSA, B-SLICE, QP 35, TF 0)      19032 bits [Y 36.4778 dB    U 40.0739 dB    V 40.9297 dB] [ET   654 ] [L0 0 16 ] [L1 16 0 ]
POC     4 TId: 3 (      STSA, B-SLICE, QP 38)            11808 bits [Y 36.1612 dB    U 40.1965 dB    V 40.9196 dB] [ET   602 ] [L0 0 8 ] [L1 8 16 ]
POC     2 TId: 4 (      STSA, B-SLICE, QP 40)             4936 bits [Y 36.2858 dB    U 40.8843 dB    V 41.4465 dB] [ET   393 ] [L0 0 4 ] [L1 4 8 ]
POC     1 TId: 5 (      STSA, B-SLICE, QP 41)              232 bits [Y 38.4367 dB    U 41.6230 dB    V 42.6136 dB] [ET   210 ] [L0 0 2 ] [L1 2 4 ]
POC     3 TId: 5 (      STSA, B-SLICE, QP 41)             3208 bits [Y 35.7317 dB    U 40.3143 dB    V 40.7134 dB] [ET   405 ] [L0 2 0 ] [L1 4 8 ]
POC     6 TId: 4 (      STSA, B-SLICE, QP 40)             6480 bits [Y 35.5506 dB    U 40.1072 dB    V 40.6181 dB] [ET   554 ] [L0 4 0 ] [L1 8 16 ]
POC     5 TId: 5 (      STSA, B-SLICE, QP 41)             3360 bits [Y 35.2304 dB    U 39.9410 dB    V 40.5876 dB] [ET   419 ] [L0 4 0 ] [L1 6 8 ]
POC     7 TId: 5 (      STSA, B-SLICE, QP 41)             3120 bits [Y 35.2269 dB    U 39.9709 dB    V 40.4765 dB] [ET   415 ] [L0 6 4 ] [L1 8 16 ]
POC    12 TId: 3 (      STSA, B-SLICE, QP 38)            13312 bits [Y 35.6334 dB    U 39.8823 dB    V 40.0692 dB] [ET   576 ] [L0 8 0 ] [L1 16 8 ]
POC    10 TId: 4 (      STSA, B-SLICE, QP 40)             6848 bits [Y 35.2900 dB    U 39.8282 dB    V 40.2436 dB] [ET   608 ] [L0 8 0 ] [L1 12 16 ]
POC     9 TId: 5 (      STSA, B-SLICE, QP 41)             3384 bits [Y 35.5782 dB    U 39.9162 dB    V 40.3891 dB] [ET   430 ] [L0 8 0 ] [L1 10 12 ]
POC    11 TId: 5 (      STSA, B-SLICE, QP 41)             3696 bits [Y 35.2120 dB    U 39.8243 dB    V 39.9098 dB] [ET   412 ] [L0 10 8 ] [L1 12 16 ]
POC    14 TId: 4 (      STSA, B-SLICE, QP 40)             7576 bits [Y 35.2241 dB    U 39.6845 dB    V 39.8394 dB] [ET   448 ] [L0 12 8 ] [L1 16 12 ]
POC    13 TId: 5 (      STSA, B-SLICE, QP 41)             3544 bits [Y 35.0500 dB    U 39.8122 dB    V 39.7907 dB] [ET   450 ] [L0 12 8 ] [L1 14 16 ]
POC    15 TId: 5 (      STSA, B-SLICE, QP 41)             3224 bits [Y 35.2855 dB    U 39.8308 dB    V 39.6802 dB] [ET   340 ] [L0 14 12 ] [L1 16 14 ]

	Total Frames |   Bitrate     Y-PSNR    U-PSNR    V-PSNR    YUV-PSNR   
	       17    a     838.3765   35.9572   40.2105   40.6432   36.9071

 finished @ Sun Apr  9 14:57:27 2023
 Total Time:     7486.912 sec. [user]     7487.033 sec. [elapsed]

Level: 0
Inject Calls: 9047151500
Errors injected by bit:
	Bit 0: 90331
	Bit 1: 90222
	Bit 2: 90685
	Bit 3: 90525
	Bit 4: 90420
	Bit 5: 90014
	Bit 6: 90162
	Bit 7: 90550

Total errors injected: 722909
