vvencFFapp: Fraunhofer VVC Encoder ver. 1.5.0 [Linux][GCC 11.3.0][64 bit][SIMD=AVX2]
 started @ Mon Apr 10 09:38:03 2023
CODING TOOL CFG: CTU128 QT44BTT21 IBD:1 SAO:1 ALF:1 (NonLinLuma:0 NonLinChr:0) CCALF:1 Tiles:1x1 Slices:1 WPP:0 WPP-Substreams:1 TMVP:1 DQ:1 SDH:0 CST:1 BDOF:1 DMVR:1 MTSImplicit:1 SBT:0 JCbCr:1 CabacInitPresent:1 AMVR:5 SMVD:3 LMCS:2 (Signal:SDR Opt:0) CIIP:0 MIP:1 AFFINE:2 (PROF:1, Type:1) MMVD:3 DisFracMMVD:1 SbTMVP:1 GPM:3 LFNST:1 MTS:0 ISP:3 TS:2 TSLog2MaxSize:4 useChromaTS:0 BDPCM:2 IBC:2 BCW:0 
ENC. ALG. CFG: QPA:0 HAD:1 RDQ:1 RDQTS:1 ASR:1 MinSearchWindow:96 RestrictMESampling:0 EDO:2 MCTF:2 
PRE-ANALYSIS CFG: STA:1 LeadFrames:0 TrailFrames:0 
FAST TOOL CFG: ECU:0 FEN:1 FDM:1 FastSearch:4 (SCC:2) LCTUFast:1 FastMrg:2 PBIntraFast:1 AMaxBT:1 FastQtBtEnc:1 ContentBasedFastQtbt:0 FastMIP:3 FastIntraTools:0 IntraEstDecBit:2 FastLocalDualTree:1 IntegerET:0 FastSubPel:1 QtbttExtraFast:3 FastTTSplit:0 IBCFastMethod:3 FIM:0 ALFSpeed:0 QuantThr: 4 
RATE CONTROL CFG: RateControl:0 LookAhead:0 
PARALLEL PROCESSING CFG: NumThreads:0 MaxParallelFrames:0 WppBitEqual:0 WF:0 

POC     0 TId: 0 (  IDR_N_LP, I-SLICE, QP 34, TF 2)      85368 bits [Y 35.6254 dB    U 39.1515 dB    V 40.0627 dB] [ET   131 ] [L0 ] [L1 ]
POC    16 TId: 1 (      STSA, B-SLICE, QP 40, TF 1)      15864 bits [Y 33.6258 dB    U 38.0284 dB    V 38.1218 dB] [ET   292 ] [L0 0 ] [L1 0 ]
POC     8 TId: 2 (      STSA, B-SLICE, QP 40, TF 0)      11192 bits [Y 33.9218 dB    U 38.2700 dB    V 39.1187 dB] [ET   548 ] [L0 0 16 ] [L1 16 0 ]
POC     4 TId: 3 (      STSA, B-SLICE, QP 43)             6072 bits [Y 33.5191 dB    U 38.3230 dB    V 38.7770 dB] [ET   469 ] [L0 0 8 ] [L1 8 16 ]
POC     2 TId: 4 (      STSA, B-SLICE, QP 45)             2296 bits [Y 33.7516 dB    U 38.5563 dB    V 39.0564 dB] [ET   376 ] [L0 0 4 ] [L1 4 8 ]
POC     1 TId: 5 (      STSA, B-SLICE, QP 46)              224 bits [Y 35.6254 dB    U 39.1515 dB    V 40.0627 dB] [ET   163 ] [L0 0 2 ] [L1 2 4 ]
POC     3 TId: 5 (      STSA, B-SLICE, QP 46)             1536 bits [Y 33.3050 dB    U 38.1363 dB    V 38.6767 dB] [ET   303 ] [L0 2 0 ] [L1 4 8 ]
POC     6 TId: 4 (      STSA, B-SLICE, QP 45)             3208 bits [Y 32.9516 dB    U 38.0506 dB    V 38.4754 dB] [ET   440 ] [L0 4 0 ] [L1 8 16 ]
POC     5 TId: 5 (      STSA, B-SLICE, QP 46)             1320 bits [Y 32.6931 dB    U 38.0691 dB    V 38.3888 dB] [ET   353 ] [L0 4 0 ] [L1 6 8 ]
POC     7 TId: 5 (      STSA, B-SLICE, QP 46)             1672 bits [Y 32.8567 dB    U 38.0044 dB    V 38.5674 dB] [ET   330 ] [L0 6 4 ] [L1 8 16 ]
POC    12 TId: 3 (      STSA, B-SLICE, QP 43)             6880 bits [Y 32.9791 dB    U 37.8802 dB    V 38.3416 dB] [ET   509 ] [L0 8 0 ] [L1 16 8 ]
POC    10 TId: 4 (      STSA, B-SLICE, QP 45)             3440 bits [Y 32.8407 dB    U 37.9286 dB    V 38.1104 dB] [ET   499 ] [L0 8 0 ] [L1 12 16 ]
POC     9 TId: 5 (      STSA, B-SLICE, QP 46)             1520 bits [Y 33.1970 dB    U 37.9436 dB    V 38.4740 dB] [ET   324 ] [L0 8 0 ] [L1 10 12 ]
POC    11 TId: 5 (      STSA, B-SLICE, QP 46)             1824 bits [Y 32.7276 dB    U 37.7490 dB    V 38.0814 dB] [ET   344 ] [L0 10 8 ] [L1 12 16 ]
POC    14 TId: 4 (      STSA, B-SLICE, QP 45)             3328 bits [Y 32.6087 dB    U 37.7411 dB    V 37.8173 dB] [ET   399 ] [L0 12 8 ] [L1 16 12 ]
POC    13 TId: 5 (      STSA, B-SLICE, QP 46)             1512 bits [Y 32.5251 dB    U 37.8249 dB    V 38.0426 dB] [ET   317 ] [L0 12 8 ] [L1 14 16 ]
POC    15 TId: 5 (      STSA, B-SLICE, QP 46)             1480 bits [Y 32.7906 dB    U 37.7856 dB    V 37.8870 dB] [ET   266 ] [L0 14 12 ] [L1 16 14 ]

	Total Frames |   Bitrate     Y-PSNR    U-PSNR    V-PSNR    YUV-PSNR   
	       17    a     437.4588   33.3850   38.1526   38.5919   34.4276

 finished @ Mon Apr 10 11:19:21 2023
 Total Time:     6077.988 sec. [user]     6078.066 sec. [elapsed]

Level: 0
Inject Calls: 7401583326
Errors injected by bit:
	Bit 0: 7437
	Bit 1: 7482
	Bit 2: 7527
	Bit 3: 7409
	Bit 4: 7453
	Bit 5: 7502
	Bit 6: 7451
	Bit 7: 7393

Total errors injected: 59654
