vvencFFapp: Fraunhofer VVC Encoder ver. 1.5.0 [Linux][GCC 11.3.0][64 bit][SIMD=AVX2]
 started @ Mon Apr 10 02:47:55 2023
CODING TOOL CFG: CTU128 QT44BTT21 IBD:1 SAO:1 ALF:1 (NonLinLuma:0 NonLinChr:0) CCALF:1 Tiles:1x1 Slices:1 WPP:0 WPP-Substreams:1 TMVP:1 DQ:1 SDH:0 CST:1 BDOF:1 DMVR:1 MTSImplicit:1 SBT:0 JCbCr:1 CabacInitPresent:1 AMVR:5 SMVD:3 LMCS:2 (Signal:SDR Opt:0) CIIP:0 MIP:1 AFFINE:2 (PROF:1, Type:1) MMVD:3 DisFracMMVD:1 SbTMVP:1 GPM:3 LFNST:1 MTS:0 ISP:3 TS:2 TSLog2MaxSize:4 useChromaTS:0 BDPCM:2 IBC:2 BCW:0 
ENC. ALG. CFG: QPA:0 HAD:1 RDQ:1 RDQTS:1 ASR:1 MinSearchWindow:96 RestrictMESampling:0 EDO:2 MCTF:2 
PRE-ANALYSIS CFG: STA:1 LeadFrames:0 TrailFrames:0 
FAST TOOL CFG: ECU:0 FEN:1 FDM:1 FastSearch:4 (SCC:2) LCTUFast:1 FastMrg:2 PBIntraFast:1 AMaxBT:1 FastQtBtEnc:1 ContentBasedFastQtbt:0 FastMIP:3 FastIntraTools:0 IntraEstDecBit:2 FastLocalDualTree:1 IntegerET:0 FastSubPel:1 QtbttExtraFast:3 FastTTSplit:0 IBCFastMethod:3 FIM:0 ALFSpeed:0 QuantThr: 4 
RATE CONTROL CFG: RateControl:0 LookAhead:0 
PARALLEL PROCESSING CFG: NumThreads:0 MaxParallelFrames:0 WppBitEqual:0 WF:0 

POC     0 TId: 0 (  IDR_N_LP, I-SLICE, QP 34, TF 2)      85368 bits [Y 35.6254 dB    U 39.1515 dB    V 40.0627 dB] [ET   134 ] [L0 ] [L1 ]
POC    16 TId: 1 (      STSA, B-SLICE, QP 40, TF 1)      15888 bits [Y 33.6082 dB    U 38.0205 dB    V 38.1649 dB] [ET   290 ] [L0 0 ] [L1 0 ]
POC     8 TId: 2 (      STSA, B-SLICE, QP 40, TF 0)      11416 bits [Y 33.9610 dB    U 38.2963 dB    V 38.9897 dB] [ET   529 ] [L0 0 16 ] [L1 16 0 ]
POC     4 TId: 3 (      STSA, B-SLICE, QP 43)             6368 bits [Y 33.5601 dB    U 38.1982 dB    V 38.8428 dB] [ET   476 ] [L0 0 8 ] [L1 8 16 ]
POC     2 TId: 4 (      STSA, B-SLICE, QP 45)             2568 bits [Y 33.8446 dB    U 38.5783 dB    V 39.2325 dB] [ET   339 ] [L0 0 4 ] [L1 4 8 ]
POC     1 TId: 5 (      STSA, B-SLICE, QP 46)              224 bits [Y 35.6254 dB    U 39.1515 dB    V 40.0627 dB] [ET   165 ] [L0 0 2 ] [L1 2 4 ]
POC     3 TId: 5 (      STSA, B-SLICE, QP 46)             1624 bits [Y 33.2558 dB    U 38.1945 dB    V 38.7052 dB] [ET   307 ] [L0 2 0 ] [L1 4 8 ]
POC     6 TId: 4 (      STSA, B-SLICE, QP 45)             3176 bits [Y 33.0130 dB    U 38.0890 dB    V 38.4000 dB] [ET   404 ] [L0 4 0 ] [L1 8 16 ]
POC     5 TId: 5 (      STSA, B-SLICE, QP 46)             1520 bits [Y 32.7623 dB    U 37.9213 dB    V 38.5165 dB] [ET   316 ] [L0 4 0 ] [L1 6 8 ]
POC     7 TId: 5 (      STSA, B-SLICE, QP 46)             1680 bits [Y 32.8180 dB    U 38.0070 dB    V 38.5104 dB] [ET   302 ] [L0 6 4 ] [L1 8 16 ]
POC    12 TId: 3 (      STSA, B-SLICE, QP 43)             6952 bits [Y 33.0136 dB    U 37.8601 dB    V 38.4114 dB] [ET   489 ] [L0 8 0 ] [L1 16 8 ]
POC    10 TId: 4 (      STSA, B-SLICE, QP 45)             3552 bits [Y 32.8259 dB    U 37.9092 dB    V 38.2496 dB] [ET   501 ] [L0 8 0 ] [L1 12 16 ]
POC     9 TId: 5 (      STSA, B-SLICE, QP 46)             1480 bits [Y 33.2196 dB    U 38.0018 dB    V 38.4201 dB] [ET   317 ] [L0 8 0 ] [L1 10 12 ]
POC    11 TId: 5 (      STSA, B-SLICE, QP 46)             1816 bits [Y 32.7357 dB    U 37.7915 dB    V 38.0740 dB] [ET   326 ] [L0 10 8 ] [L1 12 16 ]
POC    14 TId: 4 (      STSA, B-SLICE, QP 45)             3256 bits [Y 32.5957 dB    U 37.7069 dB    V 37.9560 dB] [ET   382 ] [L0 12 8 ] [L1 16 12 ]
POC    13 TId: 5 (      STSA, B-SLICE, QP 46)             1392 bits [Y 32.5361 dB    U 37.7366 dB    V 38.0579 dB] [ET   333 ] [L0 12 8 ] [L1 14 16 ]
POC    15 TId: 5 (      STSA, B-SLICE, QP 46)             1448 bits [Y 32.7370 dB    U 37.7872 dB    V 37.9512 dB] [ET   243 ] [L0 14 12 ] [L1 16 14 ]

	Total Frames |   Bitrate     Y-PSNR    U-PSNR    V-PSNR    YUV-PSNR   
	       17    a     440.3765   33.3963   38.1413   38.6240   34.4382

 finished @ Mon Apr 10 04:25:42 2023
 Total Time:     5866.850 sec. [user]     5866.933 sec. [elapsed]

Level: 0
Inject Calls: 7161775432
Errors injected by bit:
	Bit 0: 715616
	Bit 1: 717210
	Bit 2: 715529
	Bit 3: 714701
	Bit 4: 716293
	Bit 5: 716450
	Bit 6: 714681
	Bit 7: 715569

Total errors injected: 5726049
