vvencFFapp: Fraunhofer VVC Encoder ver. 1.5.0 [Linux][GCC 11.3.0][64 bit][SIMD=AVX2]
 started @ Fri Apr  7 09:01:43 2023
CODING TOOL CFG: CTU128 QT44BTT21 IBD:1 SAO:1 ALF:1 (NonLinLuma:0 NonLinChr:0) CCALF:1 Tiles:1x1 Slices:1 WPP:0 WPP-Substreams:1 TMVP:1 DQ:1 SDH:0 CST:1 BDOF:1 DMVR:1 MTSImplicit:1 SBT:0 JCbCr:1 CabacInitPresent:1 AMVR:5 SMVD:3 LMCS:2 (Signal:SDR Opt:0) CIIP:0 MIP:1 AFFINE:2 (PROF:1, Type:1) MMVD:3 DisFracMMVD:1 SbTMVP:1 GPM:3 LFNST:1 MTS:0 ISP:3 TS:2 TSLog2MaxSize:4 useChromaTS:0 BDPCM:2 IBC:2 BCW:0 
ENC. ALG. CFG: QPA:0 HAD:1 RDQ:1 RDQTS:1 ASR:1 MinSearchWindow:96 RestrictMESampling:0 EDO:2 MCTF:2 
PRE-ANALYSIS CFG: STA:1 LeadFrames:0 TrailFrames:0 
FAST TOOL CFG: ECU:0 FEN:1 FDM:1 FastSearch:4 (SCC:2) LCTUFast:1 FastMrg:2 PBIntraFast:1 AMaxBT:1 FastQtBtEnc:1 ContentBasedFastQtbt:0 FastMIP:3 FastIntraTools:0 IntraEstDecBit:2 FastLocalDualTree:1 IntegerET:0 FastSubPel:1 QtbttExtraFast:3 FastTTSplit:0 IBCFastMethod:3 FIM:0 ALFSpeed:0 QuantThr: 4 
RATE CONTROL CFG: RateControl:0 LookAhead:0 
PARALLEL PROCESSING CFG: NumThreads:0 MaxParallelFrames:0 WppBitEqual:0 WF:0 

POC     0 TId: 0 (  IDR_N_LP, I-SLICE, QP 19, TF 3)     564808 bits [Y 45.1467 dB    U 46.3576 dB    V 47.8581 dB] [ET   352 ] [L0 ] [L1 ]
POC    16 TId: 1 (      STSA, B-SLICE, QP 22, TF 2)     140320 bits [Y 42.6800 dB    U 44.8879 dB    V 45.9864 dB] [ET   580 ] [L0 0 ] [L1 0 ]
POC     8 TId: 2 (      STSA, B-SLICE, QP 23, TF 1)      79456 bits [Y 42.3127 dB    U 44.7333 dB    V 46.1633 dB] [ET   952 ] [L0 0 16 ] [L1 16 0 ]
POC     4 TId: 3 (      STSA, B-SLICE, QP 26, TF 0)      47528 bits [Y 41.9110 dB    U 44.4217 dB    V 45.7311 dB] [ET   864 ] [L0 0 8 ] [L1 8 16 ]
POC     2 TId: 4 (      STSA, B-SLICE, QP 28)            25424 bits [Y 41.9308 dB    U 44.7899 dB    V 46.0895 dB] [ET   727 ] [L0 0 4 ] [L1 4 8 ]
POC     1 TId: 5 (      STSA, B-SLICE, QP 29)              256 bits [Y 45.1467 dB    U 46.3576 dB    V 47.8581 dB] [ET   315 ] [L0 0 2 ] [L1 2 4 ]
POC     3 TId: 5 (      STSA, B-SLICE, QP 29)            19328 bits [Y 41.5604 dB    U 44.2996 dB    V 45.5393 dB] [ET   676 ] [L0 2 0 ] [L1 4 8 ]
POC     6 TId: 4 (      STSA, B-SLICE, QP 28)            31992 bits [Y 41.6131 dB    U 44.2160 dB    V 45.4339 dB] [ET   909 ] [L0 4 0 ] [L1 8 16 ]
POC     5 TId: 5 (      STSA, B-SLICE, QP 29)            20784 bits [Y 41.2540 dB    U 44.0909 dB    V 45.2477 dB] [ET   802 ] [L0 4 0 ] [L1 6 8 ]
POC     7 TId: 5 (      STSA, B-SLICE, QP 29)            21688 bits [Y 41.2025 dB    U 44.2370 dB    V 45.2736 dB] [ET   735 ] [L0 6 4 ] [L1 8 16 ]
POC    12 TId: 3 (      STSA, B-SLICE, QP 26, TF 0)      55000 bits [Y 41.5200 dB    U 44.1322 dB    V 45.2517 dB] [ET   873 ] [L0 8 0 ] [L1 16 8 ]
POC    10 TId: 4 (      STSA, B-SLICE, QP 28)            35544 bits [Y 41.2538 dB    U 44.0363 dB    V 45.0876 dB] [ET  1008 ] [L0 8 0 ] [L1 12 16 ]
POC     9 TId: 5 (      STSA, B-SLICE, QP 29)            20528 bits [Y 41.4887 dB    U 44.2641 dB    V 45.2332 dB] [ET   732 ] [L0 8 0 ] [L1 10 12 ]
POC    11 TId: 5 (      STSA, B-SLICE, QP 29)            22696 bits [Y 41.2630 dB    U 43.9859 dB    V 44.8049 dB] [ET   764 ] [L0 10 8 ] [L1 12 16 ]
POC    14 TId: 4 (      STSA, B-SLICE, QP 28)            37152 bits [Y 41.2493 dB    U 43.9035 dB    V 44.7685 dB] [ET   748 ] [L0 12 8 ] [L1 16 12 ]
POC    13 TId: 5 (      STSA, B-SLICE, QP 29)            22200 bits [Y 41.0837 dB    U 43.8886 dB    V 44.7478 dB] [ET   678 ] [L0 12 8 ] [L1 14 16 ]
POC    15 TId: 5 (      STSA, B-SLICE, QP 29)            20936 bits [Y 41.0588 dB    U 44.1372 dB    V 44.8428 dB] [ET   514 ] [L0 14 12 ] [L1 16 14 ]

	Total Frames |   Bitrate     Y-PSNR    U-PSNR    V-PSNR    YUV-PSNR   
	       17    a    3428.3529   41.9809   44.5141   45.6422   42.6516

 finished @ Fri Apr  7 12:25:49 2023
 Total Time:    12197.147 sec. [user]    12245.988 sec. [elapsed]

Level: 0
Inject Calls: 14499799161
Errors injected by bit:
	Bit 0: 1450174
	Bit 1: 1448032
	Bit 2: 1450167
	Bit 3: 1453205
	Bit 4: 1448718
	Bit 5: 1449649
	Bit 6: 1450343
	Bit 7: 1451993

Total errors injected: 11602281
