vvencFFapp: Fraunhofer VVC Encoder ver. 1.5.0 [Linux][GCC 11.3.0][64 bit][SIMD=AVX2]
 started @ Sat Apr  8 17:22:19 2023
CODING TOOL CFG: CTU128 QT44BTT21 IBD:1 SAO:1 ALF:1 (NonLinLuma:0 NonLinChr:0) CCALF:1 Tiles:1x1 Slices:1 WPP:0 WPP-Substreams:1 TMVP:1 DQ:1 SDH:0 CST:1 BDOF:1 DMVR:1 MTSImplicit:1 SBT:0 JCbCr:1 CabacInitPresent:1 AMVR:5 SMVD:3 LMCS:2 (Signal:SDR Opt:0) CIIP:0 MIP:1 AFFINE:2 (PROF:1, Type:1) MMVD:3 DisFracMMVD:1 SbTMVP:1 GPM:3 LFNST:1 MTS:0 ISP:3 TS:2 TSLog2MaxSize:4 useChromaTS:0 BDPCM:2 IBC:2 BCW:0 
ENC. ALG. CFG: QPA:0 HAD:1 RDQ:1 RDQTS:1 ASR:1 MinSearchWindow:96 RestrictMESampling:0 EDO:2 MCTF:2 
PRE-ANALYSIS CFG: STA:1 LeadFrames:0 TrailFrames:0 
FAST TOOL CFG: ECU:0 FEN:1 FDM:1 FastSearch:4 (SCC:2) LCTUFast:1 FastMrg:2 PBIntraFast:1 AMaxBT:1 FastQtBtEnc:1 ContentBasedFastQtbt:0 FastMIP:3 FastIntraTools:0 IntraEstDecBit:2 FastLocalDualTree:1 IntegerET:0 FastSubPel:1 QtbttExtraFast:3 FastTTSplit:0 IBCFastMethod:3 FIM:0 ALFSpeed:0 QuantThr: 4 
RATE CONTROL CFG: RateControl:0 LookAhead:0 
PARALLEL PROCESSING CFG: NumThreads:0 MaxParallelFrames:0 WppBitEqual:0 WF:0 

POC     0 TId: 0 (  IDR_N_LP, I-SLICE, QP 24, TF 3)     303696 bits [Y 41.6478 dB    U 43.8365 dB    V 45.0113 dB] [ET   269 ] [L0 ] [L1 ]
POC    16 TId: 1 (      STSA, B-SLICE, QP 28, TF 2)      65712 bits [Y 39.5684 dB    U 42.5016 dB    V 43.2023 dB] [ET   450 ] [L0 0 ] [L1 0 ]
POC     8 TId: 2 (      STSA, B-SLICE, QP 29, TF 1)      38552 bits [Y 39.4944 dB    U 42.5397 dB    V 43.4987 dB] [ET   731 ] [L0 0 16 ] [L1 16 0 ]
POC     4 TId: 3 (      STSA, B-SLICE, QP 32, TF 0)      23168 bits [Y 39.1144 dB    U 42.1658 dB    V 43.1124 dB] [ET   728 ] [L0 0 8 ] [L1 8 16 ]
POC     2 TId: 4 (      STSA, B-SLICE, QP 34)            10672 bits [Y 39.1426 dB    U 42.6582 dB    V 43.4581 dB] [ET   592 ] [L0 0 4 ] [L1 4 8 ]
POC     1 TId: 5 (      STSA, B-SLICE, QP 36)              240 bits [Y 41.6478 dB    U 43.8365 dB    V 45.0113 dB] [ET   224 ] [L0 0 2 ] [L1 2 4 ]
POC     3 TId: 5 (      STSA, B-SLICE, QP 36)             7176 bits [Y 38.5556 dB    U 42.1886 dB    V 42.8462 dB] [ET   524 ] [L0 2 0 ] [L1 4 8 ]
POC     6 TId: 4 (      STSA, B-SLICE, QP 34)            14744 bits [Y 38.7443 dB    U 42.1037 dB    V 42.8998 dB] [ET   692 ] [L0 4 0 ] [L1 8 16 ]
POC     5 TId: 5 (      STSA, B-SLICE, QP 36)             7000 bits [Y 38.0907 dB    U 41.9960 dB    V 42.7990 dB] [ET   521 ] [L0 4 0 ] [L1 6 8 ]
POC     7 TId: 5 (      STSA, B-SLICE, QP 36)             7016 bits [Y 38.0372 dB    U 42.1201 dB    V 42.8551 dB] [ET   488 ] [L0 6 4 ] [L1 8 16 ]
POC    12 TId: 3 (      STSA, B-SLICE, QP 32, TF 0)      26160 bits [Y 38.5370 dB    U 41.8717 dB    V 42.5659 dB] [ET   751 ] [L0 8 0 ] [L1 16 8 ]
POC    10 TId: 4 (      STSA, B-SLICE, QP 34)            15664 bits [Y 38.3422 dB    U 41.7540 dB    V 42.4248 dB] [ET   866 ] [L0 8 0 ] [L1 12 16 ]
POC     9 TId: 5 (      STSA, B-SLICE, QP 36)             7048 bits [Y 38.3647 dB    U 42.1410 dB    V 42.7280 dB] [ET   513 ] [L0 8 0 ] [L1 10 12 ]
POC    11 TId: 5 (      STSA, B-SLICE, QP 36)             7816 bits [Y 38.0240 dB    U 41.8673 dB    V 42.2943 dB] [ET   534 ] [L0 10 8 ] [L1 12 16 ]
POC    14 TId: 4 (      STSA, B-SLICE, QP 34)            16496 bits [Y 38.2492 dB    U 41.6756 dB    V 42.1351 dB] [ET   642 ] [L0 12 8 ] [L1 16 12 ]
POC    13 TId: 5 (      STSA, B-SLICE, QP 36)             7728 bits [Y 37.8742 dB    U 41.7865 dB    V 41.9559 dB] [ET   488 ] [L0 12 8 ] [L1 14 16 ]
POC    15 TId: 5 (      STSA, B-SLICE, QP 36)             6808 bits [Y 37.9772 dB    U 41.9016 dB    V 42.2254 dB] [ET   369 ] [L0 14 12 ] [L1 16 14 ]

	Total Frames |   Bitrate     Y-PSNR    U-PSNR    V-PSNR    YUV-PSNR   
	       17    a    1663.8118   38.9066   42.2908   43.0014   39.7176

 finished @ Sat Apr  8 19:58:59 2023
 Total Time:     9381.126 sec. [user]     9399.607 sec. [elapsed]

Level: 0
Inject Calls: 11228184294
Errors injected by bit:
	Bit 0: 112028
	Bit 1: 112317
	Bit 2: 112464
	Bit 3: 112339
	Bit 4: 112490
	Bit 5: 111793
	Bit 6: 112873
	Bit 7: 111884

Total errors injected: 898188
