vvencFFapp: Fraunhofer VVC Encoder ver. 1.5.0 [Linux][GCC 11.3.0][64 bit][SIMD=AVX2]
 started @ Mon Apr 10 01:07:54 2023
CODING TOOL CFG: CTU128 QT44BTT21 IBD:1 SAO:1 ALF:1 (NonLinLuma:0 NonLinChr:0) CCALF:1 Tiles:1x1 Slices:1 WPP:0 WPP-Substreams:1 TMVP:1 DQ:1 SDH:0 CST:1 BDOF:1 DMVR:1 MTSImplicit:1 SBT:0 JCbCr:1 CabacInitPresent:1 AMVR:5 SMVD:3 LMCS:2 (Signal:SDR Opt:0) CIIP:0 MIP:1 AFFINE:2 (PROF:1, Type:1) MMVD:3 DisFracMMVD:1 SbTMVP:1 GPM:3 LFNST:1 MTS:0 ISP:3 TS:2 TSLog2MaxSize:4 useChromaTS:0 BDPCM:2 IBC:2 BCW:0 
ENC. ALG. CFG: QPA:0 HAD:1 RDQ:1 RDQTS:1 ASR:1 MinSearchWindow:96 RestrictMESampling:0 EDO:2 MCTF:2 
PRE-ANALYSIS CFG: STA:1 LeadFrames:0 TrailFrames:0 
FAST TOOL CFG: ECU:0 FEN:1 FDM:1 FastSearch:4 (SCC:2) LCTUFast:1 FastMrg:2 PBIntraFast:1 AMaxBT:1 FastQtBtEnc:1 ContentBasedFastQtbt:0 FastMIP:3 FastIntraTools:0 IntraEstDecBit:2 FastLocalDualTree:1 IntegerET:0 FastSubPel:1 QtbttExtraFast:3 FastTTSplit:0 IBCFastMethod:3 FIM:0 ALFSpeed:0 QuantThr: 4 
RATE CONTROL CFG: RateControl:0 LookAhead:0 
PARALLEL PROCESSING CFG: NumThreads:0 MaxParallelFrames:0 WppBitEqual:0 WF:0 

POC     0 TId: 0 (  IDR_N_LP, I-SLICE, QP 34, TF 2)      85368 bits [Y 35.6254 dB    U 39.1515 dB    V 40.0627 dB] [ET   130 ] [L0 ] [L1 ]
POC    16 TId: 1 (      STSA, B-SLICE, QP 40, TF 1)      15648 bits [Y 33.5900 dB    U 38.0497 dB    V 38.1327 dB] [ET   296 ] [L0 0 ] [L1 0 ]
POC     8 TId: 2 (      STSA, B-SLICE, QP 40, TF 0)      11088 bits [Y 33.8517 dB    U 38.2601 dB    V 39.1103 dB] [ET   514 ] [L0 0 16 ] [L1 16 0 ]
POC     4 TId: 3 (      STSA, B-SLICE, QP 43)             6024 bits [Y 33.4541 dB    U 38.2173 dB    V 38.6952 dB] [ET   458 ] [L0 0 8 ] [L1 8 16 ]
POC     2 TId: 4 (      STSA, B-SLICE, QP 45)             2384 bits [Y 33.8543 dB    U 38.6285 dB    V 39.1883 dB] [ET   327 ] [L0 0 4 ] [L1 4 8 ]
POC     1 TId: 5 (      STSA, B-SLICE, QP 46)              232 bits [Y 35.6211 dB    U 39.1554 dB    V 40.0670 dB] [ET   184 ] [L0 0 2 ] [L1 2 4 ]
POC     3 TId: 5 (      STSA, B-SLICE, QP 46)             1424 bits [Y 33.2293 dB    U 38.1879 dB    V 38.7194 dB] [ET   292 ] [L0 2 0 ] [L1 4 8 ]
POC     6 TId: 4 (      STSA, B-SLICE, QP 45)             3184 bits [Y 32.9387 dB    U 37.9691 dB    V 38.2829 dB] [ET   434 ] [L0 4 0 ] [L1 8 16 ]
POC     5 TId: 5 (      STSA, B-SLICE, QP 46)             1424 bits [Y 32.7341 dB    U 37.9008 dB    V 38.3686 dB] [ET   345 ] [L0 4 0 ] [L1 6 8 ]
POC     7 TId: 5 (      STSA, B-SLICE, QP 46)             1584 bits [Y 32.7787 dB    U 38.0281 dB    V 38.4679 dB] [ET   305 ] [L0 6 4 ] [L1 8 16 ]
POC    12 TId: 3 (      STSA, B-SLICE, QP 43)             6816 bits [Y 32.9807 dB    U 37.9377 dB    V 38.3372 dB] [ET   485 ] [L0 8 0 ] [L1 16 8 ]
POC    10 TId: 4 (      STSA, B-SLICE, QP 45)             3512 bits [Y 32.7523 dB    U 37.8888 dB    V 37.9939 dB] [ET   535 ] [L0 8 0 ] [L1 12 16 ]
POC     9 TId: 5 (      STSA, B-SLICE, QP 46)             1640 bits [Y 33.1884 dB    U 37.9714 dB    V 38.5377 dB] [ET   323 ] [L0 8 0 ] [L1 10 12 ]
POC    11 TId: 5 (      STSA, B-SLICE, QP 46)             1784 bits [Y 32.7141 dB    U 37.9023 dB    V 38.0492 dB] [ET   313 ] [L0 10 8 ] [L1 12 16 ]
POC    14 TId: 4 (      STSA, B-SLICE, QP 45)             3320 bits [Y 32.5822 dB    U 37.8222 dB    V 37.9334 dB] [ET   386 ] [L0 12 8 ] [L1 16 12 ]
POC    13 TId: 5 (      STSA, B-SLICE, QP 46)             1480 bits [Y 32.5354 dB    U 37.9088 dB    V 37.9994 dB] [ET   324 ] [L0 12 8 ] [L1 14 16 ]
POC    15 TId: 5 (      STSA, B-SLICE, QP 46)             1416 bits [Y 32.7135 dB    U 37.8874 dB    V 37.9250 dB] [ET   254 ] [L0 14 12 ] [L1 16 14 ]

	Total Frames |   Bitrate     Y-PSNR    U-PSNR    V-PSNR    YUV-PSNR   
	       17    a     436.2588   33.3614   38.1687   38.5806   34.4064

 finished @ Mon Apr 10 02:46:33 2023
 Total Time:     5918.954 sec. [user]     5919.057 sec. [elapsed]

Level: 0
Inject Calls: 7222824235
Errors injected by bit:
	Bit 0: 7225739
	Bit 1: 7225032
	Bit 2: 7222657
	Bit 3: 7221971
	Bit 4: 7219337
	Bit 5: 7219457
	Bit 6: 7223779
	Bit 7: 7225402

Total errors injected: 57783374
