vvencFFapp: Fraunhofer VVC Encoder ver. 1.5.0 [Linux][GCC 11.3.0][64 bit][SIMD=AVX2]
 started @ Mon Apr 10 06:12:59 2023
CODING TOOL CFG: CTU128 QT44BTT21 IBD:1 SAO:1 ALF:1 (NonLinLuma:0 NonLinChr:0) CCALF:1 Tiles:1x1 Slices:1 WPP:0 WPP-Substreams:1 TMVP:1 DQ:1 SDH:0 CST:1 BDOF:1 DMVR:1 MTSImplicit:1 SBT:0 JCbCr:1 CabacInitPresent:1 AMVR:5 SMVD:3 LMCS:2 (Signal:SDR Opt:0) CIIP:0 MIP:1 AFFINE:2 (PROF:1, Type:1) MMVD:3 DisFracMMVD:1 SbTMVP:1 GPM:3 LFNST:1 MTS:0 ISP:3 TS:2 TSLog2MaxSize:4 useChromaTS:0 BDPCM:2 IBC:2 BCW:0 
ENC. ALG. CFG: QPA:0 HAD:1 RDQ:1 RDQTS:1 ASR:1 MinSearchWindow:96 RestrictMESampling:0 EDO:2 MCTF:2 
PRE-ANALYSIS CFG: STA:1 LeadFrames:0 TrailFrames:0 
FAST TOOL CFG: ECU:0 FEN:1 FDM:1 FastSearch:4 (SCC:2) LCTUFast:1 FastMrg:2 PBIntraFast:1 AMaxBT:1 FastQtBtEnc:1 ContentBasedFastQtbt:0 FastMIP:3 FastIntraTools:0 IntraEstDecBit:2 FastLocalDualTree:1 IntegerET:0 FastSubPel:1 QtbttExtraFast:3 FastTTSplit:0 IBCFastMethod:3 FIM:0 ALFSpeed:0 QuantThr: 4 
RATE CONTROL CFG: RateControl:0 LookAhead:0 
PARALLEL PROCESSING CFG: NumThreads:0 MaxParallelFrames:0 WppBitEqual:0 WF:0 

POC     0 TId: 0 (  IDR_N_LP, I-SLICE, QP 34, TF 2)      85368 bits [Y 35.6254 dB    U 39.1515 dB    V 40.0627 dB] [ET   134 ] [L0 ] [L1 ]
POC    16 TId: 1 (      STSA, B-SLICE, QP 40, TF 1)      15864 bits [Y 33.6258 dB    U 38.0284 dB    V 38.1218 dB] [ET   298 ] [L0 0 ] [L1 0 ]
POC     8 TId: 2 (      STSA, B-SLICE, QP 40, TF 0)      11000 bits [Y 33.8770 dB    U 38.2768 dB    V 39.1009 dB] [ET   545 ] [L0 0 16 ] [L1 16 0 ]
POC     4 TId: 3 (      STSA, B-SLICE, QP 43)             6232 bits [Y 33.5409 dB    U 38.2016 dB    V 38.7120 dB] [ET   462 ] [L0 0 8 ] [L1 8 16 ]
POC     2 TId: 4 (      STSA, B-SLICE, QP 45)             2424 bits [Y 33.7753 dB    U 38.5455 dB    V 39.1543 dB] [ET   365 ] [L0 0 4 ] [L1 4 8 ]
POC     1 TId: 5 (      STSA, B-SLICE, QP 46)              224 bits [Y 35.6254 dB    U 39.1515 dB    V 40.0627 dB] [ET   163 ] [L0 0 2 ] [L1 2 4 ]
POC     3 TId: 5 (      STSA, B-SLICE, QP 46)             1544 bits [Y 33.1801 dB    U 38.1342 dB    V 38.6276 dB] [ET   289 ] [L0 2 0 ] [L1 4 8 ]
POC     6 TId: 4 (      STSA, B-SLICE, QP 45)             3472 bits [Y 33.0308 dB    U 38.0427 dB    V 38.4818 dB] [ET   442 ] [L0 4 0 ] [L1 8 16 ]
POC     5 TId: 5 (      STSA, B-SLICE, QP 46)             1384 bits [Y 32.7537 dB    U 37.9900 dB    V 38.5360 dB] [ET   327 ] [L0 4 0 ] [L1 6 8 ]
POC     7 TId: 5 (      STSA, B-SLICE, QP 46)             1696 bits [Y 32.8469 dB    U 37.9894 dB    V 38.4934 dB] [ET   291 ] [L0 6 4 ] [L1 8 16 ]
POC    12 TId: 3 (      STSA, B-SLICE, QP 43)             6928 bits [Y 33.0136 dB    U 37.9103 dB    V 38.3384 dB] [ET   470 ] [L0 8 0 ] [L1 16 8 ]
POC    10 TId: 4 (      STSA, B-SLICE, QP 45)             3608 bits [Y 32.8292 dB    U 37.8751 dB    V 38.2171 dB] [ET   534 ] [L0 8 0 ] [L1 12 16 ]
POC     9 TId: 5 (      STSA, B-SLICE, QP 46)             1472 bits [Y 33.1221 dB    U 38.0197 dB    V 38.5334 dB] [ET   305 ] [L0 8 0 ] [L1 10 12 ]
POC    11 TId: 5 (      STSA, B-SLICE, QP 46)             1872 bits [Y 32.7980 dB    U 37.8774 dB    V 38.1621 dB] [ET   321 ] [L0 10 8 ] [L1 12 16 ]
POC    14 TId: 4 (      STSA, B-SLICE, QP 45)             3088 bits [Y 32.5713 dB    U 37.6507 dB    V 37.9022 dB] [ET   396 ] [L0 12 8 ] [L1 16 12 ]
POC    13 TId: 5 (      STSA, B-SLICE, QP 46)             1360 bits [Y 32.5011 dB    U 37.7692 dB    V 38.0626 dB] [ET   309 ] [L0 12 8 ] [L1 14 16 ]
POC    15 TId: 5 (      STSA, B-SLICE, QP 46)             1440 bits [Y 32.7266 dB    U 37.7661 dB    V 37.9526 dB] [ET   241 ] [L0 14 12 ] [L1 16 14 ]

	Total Frames |   Bitrate     Y-PSNR    U-PSNR    V-PSNR    YUV-PSNR   
	       17    a     438.1647   33.3790   38.1400   38.6189   34.4236

 finished @ Mon Apr 10 07:51:26 2023
 Total Time:     5906.970 sec. [user]     5907.084 sec. [elapsed]

Level: 0
Inject Calls: 7217235098
Errors injected by bit:
	Bit 0: 72432
	Bit 1: 71946
	Bit 2: 72703
	Bit 3: 72001
	Bit 4: 72277
	Bit 5: 72123
	Bit 6: 72541
	Bit 7: 72245

Total errors injected: 578268
