vvencFFapp: Fraunhofer VVC Encoder ver. 1.5.0 [Linux][GCC 11.3.0][64 bit][SIMD=AVX2]
 started @ Sat Apr  8 19:52:22 2023
CODING TOOL CFG: CTU128 QT44BTT21 IBD:1 SAO:1 ALF:1 (NonLinLuma:0 NonLinChr:0) CCALF:1 Tiles:1x1 Slices:1 WPP:0 WPP-Substreams:1 TMVP:1 DQ:1 SDH:0 CST:1 BDOF:1 DMVR:1 MTSImplicit:1 SBT:0 JCbCr:1 CabacInitPresent:1 AMVR:5 SMVD:3 LMCS:2 (Signal:SDR Opt:0) CIIP:0 MIP:1 AFFINE:2 (PROF:1, Type:1) MMVD:3 DisFracMMVD:1 SbTMVP:1 GPM:3 LFNST:1 MTS:0 ISP:3 TS:2 TSLog2MaxSize:4 useChromaTS:0 BDPCM:2 IBC:2 BCW:0 
ENC. ALG. CFG: QPA:0 HAD:1 RDQ:1 RDQTS:1 ASR:1 MinSearchWindow:96 RestrictMESampling:0 EDO:2 MCTF:2 
PRE-ANALYSIS CFG: STA:1 LeadFrames:0 TrailFrames:0 
FAST TOOL CFG: ECU:0 FEN:1 FDM:1 FastSearch:4 (SCC:2) LCTUFast:1 FastMrg:2 PBIntraFast:1 AMaxBT:1 FastQtBtEnc:1 ContentBasedFastQtbt:0 FastMIP:3 FastIntraTools:0 IntraEstDecBit:2 FastLocalDualTree:1 IntegerET:0 FastSubPel:1 QtbttExtraFast:3 FastTTSplit:0 IBCFastMethod:3 FIM:0 ALFSpeed:0 QuantThr: 4 
RATE CONTROL CFG: RateControl:0 LookAhead:0 
PARALLEL PROCESSING CFG: NumThreads:0 MaxParallelFrames:0 WppBitEqual:0 WF:0 

POC     0 TId: 0 (  IDR_N_LP, I-SLICE, QP 24, TF 3)     303696 bits [Y 41.6478 dB    U 43.8365 dB    V 45.0113 dB] [ET   264 ] [L0 ] [L1 ]
POC    16 TId: 1 (      STSA, B-SLICE, QP 28, TF 2)      65424 bits [Y 39.5755 dB    U 42.4502 dB    V 43.1425 dB] [ET   449 ] [L0 0 ] [L1 0 ]
POC     8 TId: 2 (      STSA, B-SLICE, QP 29, TF 1)      37872 bits [Y 39.4655 dB    U 42.4437 dB    V 43.4521 dB] [ET   731 ] [L0 0 16 ] [L1 16 0 ]
POC     4 TId: 3 (      STSA, B-SLICE, QP 32, TF 0)      22800 bits [Y 39.0786 dB    U 42.1587 dB    V 43.2072 dB] [ET   739 ] [L0 0 8 ] [L1 8 16 ]
POC     2 TId: 4 (      STSA, B-SLICE, QP 34)            10920 bits [Y 39.1683 dB    U 42.7335 dB    V 43.5658 dB] [ET   591 ] [L0 0 4 ] [L1 4 8 ]
POC     1 TId: 5 (      STSA, B-SLICE, QP 36)              240 bits [Y 41.6478 dB    U 43.8365 dB    V 45.0113 dB] [ET   223 ] [L0 0 2 ] [L1 2 4 ]
POC     3 TId: 5 (      STSA, B-SLICE, QP 36)             6600 bits [Y 38.5026 dB    U 42.1498 dB    V 42.8616 dB] [ET   465 ] [L0 2 0 ] [L1 4 8 ]
POC     6 TId: 4 (      STSA, B-SLICE, QP 34)            14760 bits [Y 38.7421 dB    U 42.0645 dB    V 42.8769 dB] [ET   695 ] [L0 4 0 ] [L1 8 16 ]
POC     5 TId: 5 (      STSA, B-SLICE, QP 36)             7232 bits [Y 38.1280 dB    U 41.9039 dB    V 42.7471 dB] [ET   513 ] [L0 4 0 ] [L1 6 8 ]
POC     7 TId: 5 (      STSA, B-SLICE, QP 36)             7000 bits [Y 37.9656 dB    U 42.0151 dB    V 42.7289 dB] [ET   504 ] [L0 6 4 ] [L1 8 16 ]
POC    12 TId: 3 (      STSA, B-SLICE, QP 32, TF 0)      25704 bits [Y 38.4661 dB    U 41.8749 dB    V 42.5286 dB] [ET   734 ] [L0 8 0 ] [L1 16 8 ]
POC    10 TId: 4 (      STSA, B-SLICE, QP 34)            16048 bits [Y 38.3052 dB    U 41.7693 dB    V 42.3757 dB] [ET   887 ] [L0 8 0 ] [L1 12 16 ]
POC     9 TId: 5 (      STSA, B-SLICE, QP 36)             6848 bits [Y 38.3480 dB    U 42.0965 dB    V 42.6434 dB] [ET   496 ] [L0 8 0 ] [L1 10 12 ]
POC    11 TId: 5 (      STSA, B-SLICE, QP 36)             7952 bits [Y 38.0541 dB    U 41.7493 dB    V 42.1484 dB] [ET   544 ] [L0 10 8 ] [L1 12 16 ]
POC    14 TId: 4 (      STSA, B-SLICE, QP 34)            16248 bits [Y 38.2573 dB    U 41.7062 dB    V 42.1092 dB] [ET   621 ] [L0 12 8 ] [L1 16 12 ]
POC    13 TId: 5 (      STSA, B-SLICE, QP 36)             7408 bits [Y 37.8063 dB    U 41.6707 dB    V 41.9148 dB] [ET   527 ] [L0 12 8 ] [L1 14 16 ]
POC    15 TId: 5 (      STSA, B-SLICE, QP 36)             6824 bits [Y 37.9369 dB    U 41.8883 dB    V 42.0794 dB] [ET   384 ] [L0 14 12 ] [L1 16 14 ]

	Total Frames |   Bitrate     Y-PSNR    U-PSNR    V-PSNR    YUV-PSNR   
	       17    a    1657.5765   38.8880   42.2557   42.9649   39.6937

 finished @ Sat Apr  8 22:28:48 2023
 Total Time:     9378.810 sec. [user]     9385.809 sec. [elapsed]

Level: 0
Inject Calls: 11258746052
Errors injected by bit:
	Bit 0: 11392
	Bit 1: 11376
	Bit 2: 11296
	Bit 3: 10974
	Bit 4: 11144
	Bit 5: 11282
	Bit 6: 11204
	Bit 7: 11438

Total errors injected: 90106
