vvencFFapp: Fraunhofer VVC Encoder ver. 1.5.0 [Linux][GCC 11.3.0][64 bit][SIMD=AVX2]
 started @ Fri Apr  7 15:56:51 2023
CODING TOOL CFG: CTU128 QT44BTT21 IBD:1 SAO:1 ALF:1 (NonLinLuma:0 NonLinChr:0) CCALF:1 Tiles:1x1 Slices:1 WPP:0 WPP-Substreams:1 TMVP:1 DQ:1 SDH:0 CST:1 BDOF:1 DMVR:1 MTSImplicit:1 SBT:0 JCbCr:1 CabacInitPresent:1 AMVR:5 SMVD:3 LMCS:2 (Signal:SDR Opt:0) CIIP:0 MIP:1 AFFINE:2 (PROF:1, Type:1) MMVD:3 DisFracMMVD:1 SbTMVP:1 GPM:3 LFNST:1 MTS:0 ISP:3 TS:2 TSLog2MaxSize:4 useChromaTS:0 BDPCM:2 IBC:2 BCW:0 
ENC. ALG. CFG: QPA:0 HAD:1 RDQ:1 RDQTS:1 ASR:1 MinSearchWindow:96 RestrictMESampling:0 EDO:2 MCTF:2 
PRE-ANALYSIS CFG: STA:1 LeadFrames:0 TrailFrames:0 
FAST TOOL CFG: ECU:0 FEN:1 FDM:1 FastSearch:4 (SCC:2) LCTUFast:1 FastMrg:2 PBIntraFast:1 AMaxBT:1 FastQtBtEnc:1 ContentBasedFastQtbt:0 FastMIP:3 FastIntraTools:0 IntraEstDecBit:2 FastLocalDualTree:1 IntegerET:0 FastSubPel:1 QtbttExtraFast:3 FastTTSplit:0 IBCFastMethod:3 FIM:0 ALFSpeed:0 QuantThr: 4 
RATE CONTROL CFG: RateControl:0 LookAhead:0 
PARALLEL PROCESSING CFG: NumThreads:0 MaxParallelFrames:0 WppBitEqual:0 WF:0 

POC     0 TId: 0 (  IDR_N_LP, I-SLICE, QP 19, TF 3)     564808 bits [Y 45.1467 dB    U 46.3576 dB    V 47.8581 dB] [ET   364 ] [L0 ] [L1 ]
POC    16 TId: 1 (      STSA, B-SLICE, QP 22, TF 2)     141152 bits [Y 42.6856 dB    U 44.8788 dB    V 45.9842 dB] [ET   578 ] [L0 0 ] [L1 0 ]
POC     8 TId: 2 (      STSA, B-SLICE, QP 23, TF 1)      79888 bits [Y 42.3146 dB    U 44.7240 dB    V 46.1990 dB] [ET   963 ] [L0 0 16 ] [L1 16 0 ]
POC     4 TId: 3 (      STSA, B-SLICE, QP 26, TF 0)      46936 bits [Y 41.9020 dB    U 44.4515 dB    V 45.7301 dB] [ET   880 ] [L0 0 8 ] [L1 8 16 ]
POC     2 TId: 4 (      STSA, B-SLICE, QP 28)            25096 bits [Y 41.9221 dB    U 44.8271 dB    V 46.0915 dB] [ET   702 ] [L0 0 4 ] [L1 4 8 ]
POC     1 TId: 5 (      STSA, B-SLICE, QP 29)              256 bits [Y 45.1467 dB    U 46.3576 dB    V 47.8581 dB] [ET   317 ] [L0 0 2 ] [L1 2 4 ]
POC     3 TId: 5 (      STSA, B-SLICE, QP 29)            19064 bits [Y 41.5880 dB    U 44.4139 dB    V 45.5572 dB] [ET   712 ] [L0 2 0 ] [L1 4 8 ]
POC     6 TId: 4 (      STSA, B-SLICE, QP 28)            30976 bits [Y 41.5607 dB    U 44.2255 dB    V 45.3275 dB] [ET   883 ] [L0 4 0 ] [L1 8 16 ]
POC     5 TId: 5 (      STSA, B-SLICE, QP 29)            20912 bits [Y 41.2187 dB    U 44.0436 dB    V 45.2774 dB] [ET   839 ] [L0 4 0 ] [L1 6 8 ]
POC     7 TId: 5 (      STSA, B-SLICE, QP 29)            21504 bits [Y 41.1867 dB    U 44.2350 dB    V 45.3096 dB] [ET   704 ] [L0 6 4 ] [L1 8 16 ]
POC    12 TId: 3 (      STSA, B-SLICE, QP 26, TF 0)      54960 bits [Y 41.4939 dB    U 44.2096 dB    V 45.3364 dB] [ET   890 ] [L0 8 0 ] [L1 16 8 ]
POC    10 TId: 4 (      STSA, B-SLICE, QP 28)            35816 bits [Y 41.2866 dB    U 44.0618 dB    V 45.0807 dB] [ET  1033 ] [L0 8 0 ] [L1 12 16 ]
POC     9 TId: 5 (      STSA, B-SLICE, QP 29)            20392 bits [Y 41.4928 dB    U 44.2790 dB    V 45.3582 dB] [ET   708 ] [L0 8 0 ] [L1 10 12 ]
POC    11 TId: 5 (      STSA, B-SLICE, QP 29)            22984 bits [Y 41.2529 dB    U 44.0576 dB    V 44.8886 dB] [ET   760 ] [L0 10 8 ] [L1 12 16 ]
POC    14 TId: 4 (      STSA, B-SLICE, QP 28)            37144 bits [Y 41.2441 dB    U 43.9874 dB    V 44.8714 dB] [ET   777 ] [L0 12 8 ] [L1 16 12 ]
POC    13 TId: 5 (      STSA, B-SLICE, QP 29)            22808 bits [Y 41.0973 dB    U 43.8986 dB    V 44.8486 dB] [ET   696 ] [L0 12 8 ] [L1 14 16 ]
POC    15 TId: 5 (      STSA, B-SLICE, QP 29)            21072 bits [Y 41.1100 dB    U 44.1577 dB    V 44.8543 dB] [ET   541 ] [L0 14 12 ] [L1 16 14 ]

	Total Frames |   Bitrate     Y-PSNR    U-PSNR    V-PSNR    YUV-PSNR   
	       17    a    3428.7294   41.9794   44.5392   45.6724   42.6563

 finished @ Fri Apr  7 19:22:56 2023
 Total Time:    12328.407 sec. [user]    12365.249 sec. [elapsed]

Level: 0
Inject Calls: 14649988544
Errors injected by bit:
	Bit 0: 146269
	Bit 1: 145880
	Bit 2: 146486
	Bit 3: 147126
	Bit 4: 146195
	Bit 5: 146496
	Bit 6: 146716
	Bit 7: 146615

Total errors injected: 1171783
