vvencFFapp: Fraunhofer VVC Encoder ver. 1.5.0 [Linux][GCC 11.3.0][64 bit][SIMD=AVX2]
 started @ Sat Apr  8 11:52:14 2023
CODING TOOL CFG: CTU128 QT44BTT21 IBD:1 SAO:1 ALF:1 (NonLinLuma:0 NonLinChr:0) CCALF:1 Tiles:1x1 Slices:1 WPP:0 WPP-Substreams:1 TMVP:1 DQ:1 SDH:0 CST:1 BDOF:1 DMVR:1 MTSImplicit:1 SBT:0 JCbCr:1 CabacInitPresent:1 AMVR:5 SMVD:3 LMCS:2 (Signal:SDR Opt:0) CIIP:0 MIP:1 AFFINE:2 (PROF:1, Type:1) MMVD:3 DisFracMMVD:1 SbTMVP:1 GPM:3 LFNST:1 MTS:0 ISP:3 TS:2 TSLog2MaxSize:4 useChromaTS:0 BDPCM:2 IBC:2 BCW:0 
ENC. ALG. CFG: QPA:0 HAD:1 RDQ:1 RDQTS:1 ASR:1 MinSearchWindow:96 RestrictMESampling:0 EDO:2 MCTF:2 
PRE-ANALYSIS CFG: STA:1 LeadFrames:0 TrailFrames:0 
FAST TOOL CFG: ECU:0 FEN:1 FDM:1 FastSearch:4 (SCC:2) LCTUFast:1 FastMrg:2 PBIntraFast:1 AMaxBT:1 FastQtBtEnc:1 ContentBasedFastQtbt:0 FastMIP:3 FastIntraTools:0 IntraEstDecBit:2 FastLocalDualTree:1 IntegerET:0 FastSubPel:1 QtbttExtraFast:3 FastTTSplit:0 IBCFastMethod:3 FIM:0 ALFSpeed:0 QuantThr: 4 
RATE CONTROL CFG: RateControl:0 LookAhead:0 
PARALLEL PROCESSING CFG: NumThreads:0 MaxParallelFrames:0 WppBitEqual:0 WF:0 

POC     0 TId: 0 (  IDR_N_LP, I-SLICE, QP 24, TF 3)     303696 bits [Y 41.6478 dB    U 43.8365 dB    V 45.0113 dB] [ET   267 ] [L0 ] [L1 ]
POC    16 TId: 1 (      STSA, B-SLICE, QP 28, TF 2)      64912 bits [Y 39.5440 dB    U 42.4424 dB    V 43.1540 dB] [ET   437 ] [L0 0 ] [L1 0 ]
POC     8 TId: 2 (      STSA, B-SLICE, QP 29, TF 1)      39384 bits [Y 39.4902 dB    U 42.5550 dB    V 43.6408 dB] [ET   722 ] [L0 0 16 ] [L1 16 0 ]
POC     4 TId: 3 (      STSA, B-SLICE, QP 32, TF 0)      23272 bits [Y 39.1020 dB    U 42.1980 dB    V 43.1298 dB] [ET   717 ] [L0 0 8 ] [L1 8 16 ]
POC     2 TId: 4 (      STSA, B-SLICE, QP 34)            11240 bits [Y 39.1906 dB    U 42.6949 dB    V 43.5428 dB] [ET   594 ] [L0 0 4 ] [L1 4 8 ]
POC     1 TId: 5 (      STSA, B-SLICE, QP 36)              240 bits [Y 41.6478 dB    U 43.8365 dB    V 45.0113 dB] [ET   220 ] [L0 0 2 ] [L1 2 4 ]
POC     3 TId: 5 (      STSA, B-SLICE, QP 36)             6624 bits [Y 38.5206 dB    U 42.1509 dB    V 42.8490 dB] [ET   489 ] [L0 2 0 ] [L1 4 8 ]
POC     6 TId: 4 (      STSA, B-SLICE, QP 34)            14720 bits [Y 38.7126 dB    U 42.1793 dB    V 42.9257 dB] [ET   709 ] [L0 4 0 ] [L1 8 16 ]
POC     5 TId: 5 (      STSA, B-SLICE, QP 36)             6872 bits [Y 38.1242 dB    U 41.8993 dB    V 42.5659 dB] [ET   515 ] [L0 4 0 ] [L1 6 8 ]
POC     7 TId: 5 (      STSA, B-SLICE, QP 36)             6584 bits [Y 37.9640 dB    U 42.1405 dB    V 42.8485 dB] [ET   477 ] [L0 6 4 ] [L1 8 16 ]
POC    12 TId: 3 (      STSA, B-SLICE, QP 32, TF 0)      26488 bits [Y 38.5012 dB    U 41.8345 dB    V 42.5441 dB] [ET   742 ] [L0 8 0 ] [L1 16 8 ]
POC    10 TId: 4 (      STSA, B-SLICE, QP 34)            16296 bits [Y 38.3009 dB    U 41.8351 dB    V 42.4552 dB] [ET   877 ] [L0 8 0 ] [L1 12 16 ]
POC     9 TId: 5 (      STSA, B-SLICE, QP 36)             7024 bits [Y 38.3228 dB    U 42.1420 dB    V 42.7866 dB] [ET   521 ] [L0 8 0 ] [L1 10 12 ]
POC    11 TId: 5 (      STSA, B-SLICE, QP 36)             8072 bits [Y 37.9867 dB    U 41.8049 dB    V 42.2958 dB] [ET   547 ] [L0 10 8 ] [L1 12 16 ]
POC    14 TId: 4 (      STSA, B-SLICE, QP 34)            16408 bits [Y 38.2624 dB    U 41.6695 dB    V 42.0849 dB] [ET   649 ] [L0 12 8 ] [L1 16 12 ]
POC    13 TId: 5 (      STSA, B-SLICE, QP 36)             7568 bits [Y 37.8521 dB    U 41.6202 dB    V 41.9628 dB] [ET   490 ] [L0 12 8 ] [L1 14 16 ]
POC    15 TId: 5 (      STSA, B-SLICE, QP 36)             6552 bits [Y 37.8902 dB    U 41.8261 dB    V 42.1604 dB] [ET   377 ] [L0 14 12 ] [L1 16 14 ]

	Total Frames |   Bitrate     Y-PSNR    U-PSNR    V-PSNR    YUV-PSNR   
	       17    a    1664.5647   38.8859   42.2744   42.9982   39.6958

 finished @ Sat Apr  8 14:28:22 2023
 Total Time:     9365.079 sec. [user]     9368.035 sec. [elapsed]

Level: 0
Inject Calls: 11267932674
Errors injected by bit:
	Bit 0: 1126985
	Bit 1: 1128126
	Bit 2: 1127348
	Bit 3: 1127416
	Bit 4: 1126496
	Bit 5: 1125937
	Bit 6: 1127547
	Bit 7: 1126830

Total errors injected: 9016685
