vvencFFapp: Fraunhofer VVC Encoder ver. 1.5.0 [Linux][GCC 11.3.0][64 bit][SIMD=AVX2]
 started @ Sat Apr  8 09:12:11 2023
CODING TOOL CFG: CTU128 QT44BTT21 IBD:1 SAO:1 ALF:1 (NonLinLuma:0 NonLinChr:0) CCALF:1 Tiles:1x1 Slices:1 WPP:0 WPP-Substreams:1 TMVP:1 DQ:1 SDH:0 CST:1 BDOF:1 DMVR:1 MTSImplicit:1 SBT:0 JCbCr:1 CabacInitPresent:1 AMVR:5 SMVD:3 LMCS:2 (Signal:SDR Opt:0) CIIP:0 MIP:1 AFFINE:2 (PROF:1, Type:1) MMVD:3 DisFracMMVD:1 SbTMVP:1 GPM:3 LFNST:1 MTS:0 ISP:3 TS:2 TSLog2MaxSize:4 useChromaTS:0 BDPCM:2 IBC:2 BCW:0 
ENC. ALG. CFG: QPA:0 HAD:1 RDQ:1 RDQTS:1 ASR:1 MinSearchWindow:96 RestrictMESampling:0 EDO:2 MCTF:2 
PRE-ANALYSIS CFG: STA:1 LeadFrames:0 TrailFrames:0 
FAST TOOL CFG: ECU:0 FEN:1 FDM:1 FastSearch:4 (SCC:2) LCTUFast:1 FastMrg:2 PBIntraFast:1 AMaxBT:1 FastQtBtEnc:1 ContentBasedFastQtbt:0 FastMIP:3 FastIntraTools:0 IntraEstDecBit:2 FastLocalDualTree:1 IntegerET:0 FastSubPel:1 QtbttExtraFast:3 FastTTSplit:0 IBCFastMethod:3 FIM:0 ALFSpeed:0 QuantThr: 4 
RATE CONTROL CFG: RateControl:0 LookAhead:0 
PARALLEL PROCESSING CFG: NumThreads:0 MaxParallelFrames:0 WppBitEqual:0 WF:0 

POC     0 TId: 0 (  IDR_N_LP, I-SLICE, QP 24, TF 3)     303696 bits [Y 41.6478 dB    U 43.8365 dB    V 45.0113 dB] [ET   268 ] [L0 ] [L1 ]
POC    16 TId: 1 (      STSA, B-SLICE, QP 28, TF 2)      65040 bits [Y 39.5556 dB    U 42.4002 dB    V 43.1385 dB] [ET   459 ] [L0 0 ] [L1 0 ]
POC     8 TId: 2 (      STSA, B-SLICE, QP 29, TF 1)      38592 bits [Y 39.4680 dB    U 42.4825 dB    V 43.5592 dB] [ET   704 ] [L0 0 16 ] [L1 16 0 ]
POC     4 TId: 3 (      STSA, B-SLICE, QP 32, TF 0)      22376 bits [Y 39.0460 dB    U 42.1265 dB    V 43.0826 dB] [ET   717 ] [L0 0 8 ] [L1 8 16 ]
POC     2 TId: 4 (      STSA, B-SLICE, QP 34)            10584 bits [Y 39.1324 dB    U 42.7505 dB    V 43.5280 dB] [ET   557 ] [L0 0 4 ] [L1 4 8 ]
POC     1 TId: 5 (      STSA, B-SLICE, QP 36)              280 bits [Y 41.6351 dB    U 43.8355 dB    V 45.0079 dB] [ET   226 ] [L0 0 2 ] [L1 2 4 ]
POC     3 TId: 5 (      STSA, B-SLICE, QP 36)             7096 bits [Y 38.5046 dB    U 42.1229 dB    V 42.8829 dB] [ET   497 ] [L0 2 0 ] [L1 4 8 ]
POC     6 TId: 4 (      STSA, B-SLICE, QP 34)            14288 bits [Y 38.6887 dB    U 42.0745 dB    V 42.8316 dB] [ET   722 ] [L0 4 0 ] [L1 8 16 ]
POC     5 TId: 5 (      STSA, B-SLICE, QP 36)             6880 bits [Y 38.0940 dB    U 41.8686 dB    V 42.6139 dB] [ET   500 ] [L0 4 0 ] [L1 6 8 ]
POC     7 TId: 5 (      STSA, B-SLICE, QP 36)             7304 bits [Y 38.0274 dB    U 42.1137 dB    V 42.7761 dB] [ET   484 ] [L0 6 4 ] [L1 8 16 ]
POC    12 TId: 3 (      STSA, B-SLICE, QP 32, TF 0)      25632 bits [Y 38.4857 dB    U 41.8030 dB    V 42.5266 dB] [ET   755 ] [L0 8 0 ] [L1 16 8 ]
POC    10 TId: 4 (      STSA, B-SLICE, QP 34)            16592 bits [Y 38.3116 dB    U 41.8428 dB    V 42.4146 dB] [ET   833 ] [L0 8 0 ] [L1 12 16 ]
POC     9 TId: 5 (      STSA, B-SLICE, QP 36)             6912 bits [Y 38.3484 dB    U 41.9973 dB    V 42.6910 dB] [ET   492 ] [L0 8 0 ] [L1 10 12 ]
POC    11 TId: 5 (      STSA, B-SLICE, QP 36)             7968 bits [Y 37.9884 dB    U 41.7860 dB    V 42.0787 dB] [ET   524 ] [L0 10 8 ] [L1 12 16 ]
POC    14 TId: 4 (      STSA, B-SLICE, QP 34)            16568 bits [Y 38.2434 dB    U 41.5207 dB    V 41.9910 dB] [ET   624 ] [L0 12 8 ] [L1 16 12 ]
POC    13 TId: 5 (      STSA, B-SLICE, QP 36)             7672 bits [Y 37.7914 dB    U 41.5706 dB    V 42.0356 dB] [ET   493 ] [L0 12 8 ] [L1 14 16 ]
POC    15 TId: 5 (      STSA, B-SLICE, QP 36)             6824 bits [Y 37.8757 dB    U 41.8230 dB    V 42.2365 dB] [ET   395 ] [L0 14 12 ] [L1 16 14 ]

	Total Frames |   Bitrate     Y-PSNR    U-PSNR    V-PSNR    YUV-PSNR   
	       17    a    1659.7176   38.8732   42.2326   42.9651   39.6787

 finished @ Sat Apr  8 11:46:37 2023
 Total Time:     9252.310 sec. [user]     9266.411 sec. [elapsed]

Level: 0
Inject Calls: 11050317739
Errors injected by bit:
	Bit 0: 11051747
	Bit 1: 11046660
	Bit 2: 11053806
	Bit 3: 11055617
	Bit 4: 11050545
	Bit 5: 11052592
	Bit 6: 11047792
	Bit 7: 11052700

Total errors injected: 88411459
