vvencFFapp: Fraunhofer VVC Encoder ver. 1.5.0 [Linux][GCC 11.3.0][64 bit][SIMD=AVX2]
 started @ Sun Apr  9 23:37:52 2023
CODING TOOL CFG: CTU128 QT44BTT21 IBD:1 SAO:1 ALF:1 (NonLinLuma:0 NonLinChr:0) CCALF:1 Tiles:1x1 Slices:1 WPP:0 WPP-Substreams:1 TMVP:1 DQ:1 SDH:0 CST:1 BDOF:1 DMVR:1 MTSImplicit:1 SBT:0 JCbCr:1 CabacInitPresent:1 AMVR:5 SMVD:3 LMCS:2 (Signal:SDR Opt:0) CIIP:0 MIP:1 AFFINE:2 (PROF:1, Type:1) MMVD:3 DisFracMMVD:1 SbTMVP:1 GPM:3 LFNST:1 MTS:0 ISP:3 TS:2 TSLog2MaxSize:4 useChromaTS:0 BDPCM:2 IBC:2 BCW:0 
ENC. ALG. CFG: QPA:0 HAD:1 RDQ:1 RDQTS:1 ASR:1 MinSearchWindow:96 RestrictMESampling:0 EDO:2 MCTF:2 
PRE-ANALYSIS CFG: STA:1 LeadFrames:0 TrailFrames:0 
FAST TOOL CFG: ECU:0 FEN:1 FDM:1 FastSearch:4 (SCC:2) LCTUFast:1 FastMrg:2 PBIntraFast:1 AMaxBT:1 FastQtBtEnc:1 ContentBasedFastQtbt:0 FastMIP:3 FastIntraTools:0 IntraEstDecBit:2 FastLocalDualTree:1 IntegerET:0 FastSubPel:1 QtbttExtraFast:3 FastTTSplit:0 IBCFastMethod:3 FIM:0 ALFSpeed:0 QuantThr: 4 
RATE CONTROL CFG: RateControl:0 LookAhead:0 
PARALLEL PROCESSING CFG: NumThreads:0 MaxParallelFrames:0 WppBitEqual:0 WF:0 

POC     0 TId: 0 (  IDR_N_LP, I-SLICE, QP 34, TF 2)      85368 bits [Y 35.6254 dB    U 39.1515 dB    V 40.0627 dB] [ET   133 ] [L0 ] [L1 ]
POC    16 TId: 1 (      STSA, B-SLICE, QP 40, TF 1)      15840 bits [Y 33.5805 dB    U 38.1750 dB    V 38.1513 dB] [ET   285 ] [L0 0 ] [L1 0 ]
POC     8 TId: 2 (      STSA, B-SLICE, QP 40, TF 0)      10872 bits [Y 33.8408 dB    U 38.3122 dB    V 39.0936 dB] [ET   507 ] [L0 0 16 ] [L1 16 0 ]
POC     4 TId: 3 (      STSA, B-SLICE, QP 43)             6096 bits [Y 33.4908 dB    U 38.2183 dB    V 38.8119 dB] [ET   428 ] [L0 0 8 ] [L1 8 16 ]
POC     2 TId: 4 (      STSA, B-SLICE, QP 45)             2368 bits [Y 33.7457 dB    U 38.6480 dB    V 39.2042 dB] [ET   351 ] [L0 0 4 ] [L1 4 8 ]
POC     1 TId: 5 (      STSA, B-SLICE, QP 46)              296 bits [Y 35.5950 dB    U 39.1383 dB    V 40.0532 dB] [ET   212 ] [L0 0 2 ] [L1 2 4 ]
POC     3 TId: 5 (      STSA, B-SLICE, QP 46)             1624 bits [Y 33.2414 dB    U 38.2141 dB    V 38.7593 dB] [ET   272 ] [L0 2 0 ] [L1 4 8 ]
POC     6 TId: 4 (      STSA, B-SLICE, QP 45)             3176 bits [Y 32.8934 dB    U 37.9922 dB    V 38.3366 dB] [ET   415 ] [L0 4 0 ] [L1 8 16 ]
POC     5 TId: 5 (      STSA, B-SLICE, QP 46)             1384 bits [Y 32.7557 dB    U 38.0539 dB    V 38.5950 dB] [ET   351 ] [L0 4 0 ] [L1 6 8 ]
POC     7 TId: 5 (      STSA, B-SLICE, QP 46)             1664 bits [Y 32.8690 dB    U 38.0308 dB    V 38.5427 dB] [ET   300 ] [L0 6 4 ] [L1 8 16 ]
POC    12 TId: 3 (      STSA, B-SLICE, QP 43)             6936 bits [Y 32.9786 dB    U 37.9010 dB    V 38.2870 dB] [ET   490 ] [L0 8 0 ] [L1 16 8 ]
POC    10 TId: 4 (      STSA, B-SLICE, QP 45)             3576 bits [Y 32.7870 dB    U 37.9085 dB    V 38.1426 dB] [ET   497 ] [L0 8 0 ] [L1 12 16 ]
POC     9 TId: 5 (      STSA, B-SLICE, QP 46)             1408 bits [Y 33.0741 dB    U 38.1151 dB    V 38.5600 dB] [ET   304 ] [L0 8 0 ] [L1 10 12 ]
POC    11 TId: 5 (      STSA, B-SLICE, QP 46)             1752 bits [Y 32.7233 dB    U 37.7924 dB    V 37.9861 dB] [ET   320 ] [L0 10 8 ] [L1 12 16 ]
POC    14 TId: 4 (      STSA, B-SLICE, QP 45)             3224 bits [Y 32.5092 dB    U 37.6780 dB    V 37.7715 dB] [ET   391 ] [L0 12 8 ] [L1 16 12 ]
POC    13 TId: 5 (      STSA, B-SLICE, QP 46)             1448 bits [Y 32.4706 dB    U 37.7877 dB    V 37.9586 dB] [ET   319 ] [L0 12 8 ] [L1 14 16 ]
POC    15 TId: 5 (      STSA, B-SLICE, QP 46)             1472 bits [Y 32.7052 dB    U 37.8441 dB    V 37.8564 dB] [ET   244 ] [L0 14 12 ] [L1 16 14 ]

	Total Frames |   Bitrate     Y-PSNR    U-PSNR    V-PSNR    YUV-PSNR   
	       17    a     436.7765   33.3462   38.1742   38.5984   34.3949

 finished @ Mon Apr 10 01:15:05 2023
 Total Time:     5832.995 sec. [user]     5833.071 sec. [elapsed]

Level: 0
Inject Calls: 7145622064
Errors injected by bit:
	Bit 0: 7142166
	Bit 1: 7147956
	Bit 2: 7145501
	Bit 3: 7144613
	Bit 4: 7140797
	Bit 5: 7147426
	Bit 6: 7144968
	Bit 7: 7147966

Total errors injected: 57161393
