vvencFFapp: Fraunhofer VVC Encoder ver. 1.5.0 [Linux][GCC 11.3.0][64 bit][SIMD=AVX2]
 started @ Sat Apr  8 09:17:11 2023
CODING TOOL CFG: CTU128 QT44BTT21 IBD:1 SAO:1 ALF:1 (NonLinLuma:0 NonLinChr:0) CCALF:1 Tiles:1x1 Slices:1 WPP:0 WPP-Substreams:1 TMVP:1 DQ:1 SDH:0 CST:1 BDOF:1 DMVR:1 MTSImplicit:1 SBT:0 JCbCr:1 CabacInitPresent:1 AMVR:5 SMVD:3 LMCS:2 (Signal:SDR Opt:0) CIIP:0 MIP:1 AFFINE:2 (PROF:1, Type:1) MMVD:3 DisFracMMVD:1 SbTMVP:1 GPM:3 LFNST:1 MTS:0 ISP:3 TS:2 TSLog2MaxSize:4 useChromaTS:0 BDPCM:2 IBC:2 BCW:0 
ENC. ALG. CFG: QPA:0 HAD:1 RDQ:1 RDQTS:1 ASR:1 MinSearchWindow:96 RestrictMESampling:0 EDO:2 MCTF:2 
PRE-ANALYSIS CFG: STA:1 LeadFrames:0 TrailFrames:0 
FAST TOOL CFG: ECU:0 FEN:1 FDM:1 FastSearch:4 (SCC:2) LCTUFast:1 FastMrg:2 PBIntraFast:1 AMaxBT:1 FastQtBtEnc:1 ContentBasedFastQtbt:0 FastMIP:3 FastIntraTools:0 IntraEstDecBit:2 FastLocalDualTree:1 IntegerET:0 FastSubPel:1 QtbttExtraFast:3 FastTTSplit:0 IBCFastMethod:3 FIM:0 ALFSpeed:0 QuantThr: 4 
RATE CONTROL CFG: RateControl:0 LookAhead:0 
PARALLEL PROCESSING CFG: NumThreads:0 MaxParallelFrames:0 WppBitEqual:0 WF:0 

POC     0 TId: 0 (  IDR_N_LP, I-SLICE, QP 24, TF 3)     303696 bits [Y 41.6478 dB    U 43.8365 dB    V 45.0113 dB] [ET   269 ] [L0 ] [L1 ]
POC    16 TId: 1 (      STSA, B-SLICE, QP 28, TF 2)      65384 bits [Y 39.5692 dB    U 42.4377 dB    V 42.9969 dB] [ET   446 ] [L0 0 ] [L1 0 ]
POC     8 TId: 2 (      STSA, B-SLICE, QP 29, TF 1)      38576 bits [Y 39.4585 dB    U 42.3833 dB    V 43.5027 dB] [ET   712 ] [L0 0 16 ] [L1 16 0 ]
POC     4 TId: 3 (      STSA, B-SLICE, QP 32, TF 0)      22648 bits [Y 39.0540 dB    U 42.1725 dB    V 43.0367 dB] [ET   727 ] [L0 0 8 ] [L1 8 16 ]
POC     2 TId: 4 (      STSA, B-SLICE, QP 34)            10896 bits [Y 39.1130 dB    U 42.6825 dB    V 43.5012 dB] [ET   574 ] [L0 0 4 ] [L1 4 8 ]
POC     1 TId: 5 (      STSA, B-SLICE, QP 36)              280 bits [Y 41.6432 dB    U 43.8348 dB    V 45.0102 dB] [ET   221 ] [L0 0 2 ] [L1 2 4 ]
POC     3 TId: 5 (      STSA, B-SLICE, QP 36)             7088 bits [Y 38.5551 dB    U 42.1471 dB    V 42.7198 dB] [ET   499 ] [L0 2 0 ] [L1 4 8 ]
POC     6 TId: 4 (      STSA, B-SLICE, QP 34)            14840 bits [Y 38.7343 dB    U 42.0821 dB    V 42.7840 dB] [ET   706 ] [L0 4 0 ] [L1 8 16 ]
POC     5 TId: 5 (      STSA, B-SLICE, QP 36)             7040 bits [Y 38.1006 dB    U 41.9045 dB    V 42.5141 dB] [ET   503 ] [L0 4 0 ] [L1 6 8 ]
POC     7 TId: 5 (      STSA, B-SLICE, QP 36)             6904 bits [Y 37.9781 dB    U 42.0524 dB    V 42.7959 dB] [ET   461 ] [L0 6 4 ] [L1 8 16 ]
POC    12 TId: 3 (      STSA, B-SLICE, QP 32, TF 0)      26112 bits [Y 38.4980 dB    U 41.7732 dB    V 42.4663 dB] [ET   737 ] [L0 8 0 ] [L1 16 8 ]
POC    10 TId: 4 (      STSA, B-SLICE, QP 34)            16488 bits [Y 38.3278 dB    U 41.7109 dB    V 42.3384 dB] [ET   878 ] [L0 8 0 ] [L1 12 16 ]
POC     9 TId: 5 (      STSA, B-SLICE, QP 36)             6744 bits [Y 38.3463 dB    U 41.9993 dB    V 42.6571 dB] [ET   494 ] [L0 8 0 ] [L1 10 12 ]
POC    11 TId: 5 (      STSA, B-SLICE, QP 36)             7904 bits [Y 37.9868 dB    U 41.7140 dB    V 42.0679 dB] [ET   527 ] [L0 10 8 ] [L1 12 16 ]
POC    14 TId: 4 (      STSA, B-SLICE, QP 34)            16808 bits [Y 38.2217 dB    U 41.5929 dB    V 41.9722 dB] [ET   615 ] [L0 12 8 ] [L1 16 12 ]
POC    13 TId: 5 (      STSA, B-SLICE, QP 36)             7808 bits [Y 37.8628 dB    U 41.6906 dB    V 42.0590 dB] [ET   496 ] [L0 12 8 ] [L1 14 16 ]
POC    15 TId: 5 (      STSA, B-SLICE, QP 36)             6976 bits [Y 37.9260 dB    U 41.8236 dB    V 42.1558 dB] [ET   372 ] [L0 14 12 ] [L1 16 14 ]

	Total Frames |   Bitrate     Y-PSNR    U-PSNR    V-PSNR    YUV-PSNR   
	       17    a    1665.2706   38.8837   42.2258   42.9170   39.6838

 finished @ Sat Apr  8 11:51:26 2023
 Total Time:     9251.328 sec. [user]     9254.897 sec. [elapsed]

Level: 0
Inject Calls: 11072143244
Errors injected by bit:
	Bit 0: 11068357
	Bit 1: 11070670
	Bit 2: 11068752
	Bit 3: 11076118
	Bit 4: 11070488
	Bit 5: 11072145
	Bit 6: 11075378
	Bit 7: 11072331

Total errors injected: 88574239
