vvencFFapp: Fraunhofer VVC Encoder ver. 1.5.0 [Linux][GCC 11.3.0][64 bit][SIMD=AVX2]
 started @ Fri Apr  7 02:11:36 2023
CODING TOOL CFG: CTU128 QT44BTT21 IBD:1 SAO:1 ALF:1 (NonLinLuma:0 NonLinChr:0) CCALF:1 Tiles:1x1 Slices:1 WPP:0 WPP-Substreams:1 TMVP:1 DQ:1 SDH:0 CST:1 BDOF:1 DMVR:1 MTSImplicit:1 SBT:0 JCbCr:1 CabacInitPresent:1 AMVR:5 SMVD:3 LMCS:2 (Signal:SDR Opt:0) CIIP:0 MIP:1 AFFINE:2 (PROF:1, Type:1) MMVD:3 DisFracMMVD:1 SbTMVP:1 GPM:3 LFNST:1 MTS:0 ISP:3 TS:2 TSLog2MaxSize:4 useChromaTS:0 BDPCM:2 IBC:2 BCW:0 
ENC. ALG. CFG: QPA:0 HAD:1 RDQ:1 RDQTS:1 ASR:1 MinSearchWindow:96 RestrictMESampling:0 EDO:2 MCTF:2 
PRE-ANALYSIS CFG: STA:1 LeadFrames:0 TrailFrames:0 
FAST TOOL CFG: ECU:0 FEN:1 FDM:1 FastSearch:4 (SCC:2) LCTUFast:1 FastMrg:2 PBIntraFast:1 AMaxBT:1 FastQtBtEnc:1 ContentBasedFastQtbt:0 FastMIP:3 FastIntraTools:0 IntraEstDecBit:2 FastLocalDualTree:1 IntegerET:0 FastSubPel:1 QtbttExtraFast:3 FastTTSplit:0 IBCFastMethod:3 FIM:0 ALFSpeed:0 QuantThr: 4 
RATE CONTROL CFG: RateControl:0 LookAhead:0 
PARALLEL PROCESSING CFG: NumThreads:0 MaxParallelFrames:0 WppBitEqual:0 WF:0 

POC     0 TId: 0 (  IDR_N_LP, I-SLICE, QP 19, TF 3)     564808 bits [Y 45.1467 dB    U 46.3576 dB    V 47.8581 dB] [ET   361 ] [L0 ] [L1 ]
POC    16 TId: 1 (      STSA, B-SLICE, QP 22, TF 2)     140544 bits [Y 42.6848 dB    U 44.8728 dB    V 45.9343 dB] [ET   584 ] [L0 0 ] [L1 0 ]
POC     8 TId: 2 (      STSA, B-SLICE, QP 23, TF 1)      79432 bits [Y 42.2875 dB    U 44.6813 dB    V 46.1744 dB] [ET   954 ] [L0 0 16 ] [L1 16 0 ]
POC     4 TId: 3 (      STSA, B-SLICE, QP 26, TF 0)      47768 bits [Y 41.8911 dB    U 44.4804 dB    V 45.7128 dB] [ET   867 ] [L0 0 8 ] [L1 8 16 ]
POC     2 TId: 4 (      STSA, B-SLICE, QP 28)            25016 bits [Y 41.9384 dB    U 44.8325 dB    V 46.0925 dB] [ET   688 ] [L0 0 4 ] [L1 4 8 ]
POC     1 TId: 5 (      STSA, B-SLICE, QP 29)              256 bits [Y 45.1467 dB    U 46.3576 dB    V 47.8581 dB] [ET   317 ] [L0 0 2 ] [L1 2 4 ]
POC     3 TId: 5 (      STSA, B-SLICE, QP 29)            18744 bits [Y 41.5563 dB    U 44.3396 dB    V 45.5333 dB] [ET   684 ] [L0 2 0 ] [L1 4 8 ]
POC     6 TId: 4 (      STSA, B-SLICE, QP 28)            31616 bits [Y 41.5793 dB    U 44.2235 dB    V 45.4275 dB] [ET   889 ] [L0 4 0 ] [L1 8 16 ]
POC     5 TId: 5 (      STSA, B-SLICE, QP 29)            20560 bits [Y 41.2172 dB    U 44.0893 dB    V 45.1679 dB] [ET   796 ] [L0 4 0 ] [L1 6 8 ]
POC     7 TId: 5 (      STSA, B-SLICE, QP 29)            22024 bits [Y 41.1918 dB    U 44.2346 dB    V 45.2777 dB] [ET   729 ] [L0 6 4 ] [L1 8 16 ]
POC    12 TId: 3 (      STSA, B-SLICE, QP 26, TF 0)      55096 bits [Y 41.4993 dB    U 44.1205 dB    V 45.2978 dB] [ET   871 ] [L0 8 0 ] [L1 16 8 ]
POC    10 TId: 4 (      STSA, B-SLICE, QP 28)            35480 bits [Y 41.2543 dB    U 44.0323 dB    V 45.0602 dB] [ET  1003 ] [L0 8 0 ] [L1 12 16 ]
POC     9 TId: 5 (      STSA, B-SLICE, QP 29)            20264 bits [Y 41.4654 dB    U 44.2274 dB    V 45.3045 dB] [ET   696 ] [L0 8 0 ] [L1 10 12 ]
POC    11 TId: 5 (      STSA, B-SLICE, QP 29)            22664 bits [Y 41.2012 dB    U 43.9937 dB    V 44.8407 dB] [ET   734 ] [L0 10 8 ] [L1 12 16 ]
POC    14 TId: 4 (      STSA, B-SLICE, QP 28)            37408 bits [Y 41.2448 dB    U 43.9324 dB    V 44.6935 dB] [ET   745 ] [L0 12 8 ] [L1 16 12 ]
POC    13 TId: 5 (      STSA, B-SLICE, QP 29)            22032 bits [Y 41.0508 dB    U 43.8385 dB    V 44.7281 dB] [ET   682 ] [L0 12 8 ] [L1 14 16 ]
POC    15 TId: 5 (      STSA, B-SLICE, QP 29)            20864 bits [Y 41.0539 dB    U 44.0812 dB    V 44.7395 dB] [ET   529 ] [L0 14 12 ] [L1 16 14 ]

	Total Frames |   Bitrate     Y-PSNR    U-PSNR    V-PSNR    YUV-PSNR   
	       17    a    3425.2235   41.9653   44.5115   45.6295   42.6361

 finished @ Fri Apr  7 05:34:02 2023
 Total Time:    12099.704 sec. [user]    12146.285 sec. [elapsed]

Level: 0
Inject Calls: 14319981518
Errors injected by bit:
	Bit 0: 14319630
	Bit 1: 14319719
	Bit 2: 14317118
	Bit 3: 14323500
	Bit 4: 14318571
	Bit 5: 14321155
	Bit 6: 14318753
	Bit 7: 14323799

Total errors injected: 114562245
