vvencFFapp: Fraunhofer VVC Encoder ver. 1.5.0 [Linux][GCC 11.3.0][64 bit][SIMD=AVX2]
 started @ Sat Apr  8 02:27:04 2023
CODING TOOL CFG: CTU128 QT44BTT21 IBD:1 SAO:1 ALF:1 (NonLinLuma:0 NonLinChr:0) CCALF:1 Tiles:1x1 Slices:1 WPP:0 WPP-Substreams:1 TMVP:1 DQ:1 SDH:0 CST:1 BDOF:1 DMVR:1 MTSImplicit:1 SBT:0 JCbCr:1 CabacInitPresent:1 AMVR:5 SMVD:3 LMCS:2 (Signal:SDR Opt:0) CIIP:0 MIP:1 AFFINE:2 (PROF:1, Type:1) MMVD:3 DisFracMMVD:1 SbTMVP:1 GPM:3 LFNST:1 MTS:0 ISP:3 TS:2 TSLog2MaxSize:4 useChromaTS:0 BDPCM:2 IBC:2 BCW:0 
ENC. ALG. CFG: QPA:0 HAD:1 RDQ:1 RDQTS:1 ASR:1 MinSearchWindow:96 RestrictMESampling:0 EDO:2 MCTF:2 
PRE-ANALYSIS CFG: STA:1 LeadFrames:0 TrailFrames:0 
FAST TOOL CFG: ECU:0 FEN:1 FDM:1 FastSearch:4 (SCC:2) LCTUFast:1 FastMrg:2 PBIntraFast:1 AMaxBT:1 FastQtBtEnc:1 ContentBasedFastQtbt:0 FastMIP:3 FastIntraTools:0 IntraEstDecBit:2 FastLocalDualTree:1 IntegerET:0 FastSubPel:1 QtbttExtraFast:3 FastTTSplit:0 IBCFastMethod:3 FIM:0 ALFSpeed:0 QuantThr: 4 
RATE CONTROL CFG: RateControl:0 LookAhead:0 
PARALLEL PROCESSING CFG: NumThreads:0 MaxParallelFrames:0 WppBitEqual:0 WF:0 

POC     0 TId: 0 (  IDR_N_LP, I-SLICE, QP 19, TF 3)     564808 bits [Y 45.1467 dB    U 46.3576 dB    V 47.8581 dB] [ET   365 ] [L0 ] [L1 ]
POC    16 TId: 1 (      STSA, B-SLICE, QP 22, TF 2)     140544 bits [Y 42.6825 dB    U 44.8729 dB    V 45.9585 dB] [ET   580 ] [L0 0 ] [L1 0 ]
POC     8 TId: 2 (      STSA, B-SLICE, QP 23, TF 1)      79432 bits [Y 42.3159 dB    U 44.6812 dB    V 46.1753 dB] [ET   973 ] [L0 0 16 ] [L1 16 0 ]
POC     4 TId: 3 (      STSA, B-SLICE, QP 26, TF 0)      47808 bits [Y 41.9336 dB    U 44.4249 dB    V 45.7095 dB] [ET   896 ] [L0 0 8 ] [L1 8 16 ]
POC     2 TId: 4 (      STSA, B-SLICE, QP 28)            24840 bits [Y 41.9426 dB    U 44.7516 dB    V 46.1125 dB] [ET   720 ] [L0 0 4 ] [L1 4 8 ]
POC     1 TId: 5 (      STSA, B-SLICE, QP 29)              256 bits [Y 45.1467 dB    U 46.3576 dB    V 47.8581 dB] [ET   314 ] [L0 0 2 ] [L1 2 4 ]
POC     3 TId: 5 (      STSA, B-SLICE, QP 29)            18488 bits [Y 41.5613 dB    U 44.3423 dB    V 45.5328 dB] [ET   703 ] [L0 2 0 ] [L1 4 8 ]
POC     6 TId: 4 (      STSA, B-SLICE, QP 28)            31296 bits [Y 41.5931 dB    U 44.2168 dB    V 45.3604 dB] [ET   889 ] [L0 4 0 ] [L1 8 16 ]
POC     5 TId: 5 (      STSA, B-SLICE, QP 29)            20776 bits [Y 41.2518 dB    U 44.0104 dB    V 45.1972 dB] [ET   793 ] [L0 4 0 ] [L1 6 8 ]
POC     7 TId: 5 (      STSA, B-SLICE, QP 29)            21776 bits [Y 41.2154 dB    U 44.2669 dB    V 45.2889 dB] [ET   719 ] [L0 6 4 ] [L1 8 16 ]
POC    12 TId: 3 (      STSA, B-SLICE, QP 26, TF 0)      55048 bits [Y 41.4993 dB    U 44.1858 dB    V 45.2935 dB] [ET   887 ] [L0 8 0 ] [L1 16 8 ]
POC    10 TId: 4 (      STSA, B-SLICE, QP 28)            35296 bits [Y 41.2626 dB    U 44.0702 dB    V 45.0800 dB] [ET  1035 ] [L0 8 0 ] [L1 12 16 ]
POC     9 TId: 5 (      STSA, B-SLICE, QP 29)            20176 bits [Y 41.5165 dB    U 44.2728 dB    V 45.3425 dB] [ET   753 ] [L0 8 0 ] [L1 10 12 ]
POC    11 TId: 5 (      STSA, B-SLICE, QP 29)            22912 bits [Y 41.2551 dB    U 44.0233 dB    V 44.8631 dB] [ET   775 ] [L0 10 8 ] [L1 12 16 ]
POC    14 TId: 4 (      STSA, B-SLICE, QP 28)            36976 bits [Y 41.2581 dB    U 43.9409 dB    V 44.7512 dB] [ET   765 ] [L0 12 8 ] [L1 16 12 ]
POC    13 TId: 5 (      STSA, B-SLICE, QP 29)            22056 bits [Y 41.0882 dB    U 43.9088 dB    V 44.7124 dB] [ET   682 ] [L0 12 8 ] [L1 14 16 ]
POC    15 TId: 5 (      STSA, B-SLICE, QP 29)            21552 bits [Y 41.1029 dB    U 44.1484 dB    V 44.8406 dB] [ET   542 ] [L0 14 12 ] [L1 16 14 ]

	Total Frames |   Bitrate     Y-PSNR    U-PSNR    V-PSNR    YUV-PSNR   
	       17    a    3423.6471   41.9866   44.5196   45.6432   42.6575

 finished @ Sat Apr  8 05:53:51 2023
 Total Time:    12320.025 sec. [user]    12407.410 sec. [elapsed]

Level: 0
Inject Calls: 14596953827
Errors injected by bit:
	Bit 0: 1478
	Bit 1: 1493
	Bit 2: 1434
	Bit 3: 1430
	Bit 4: 1443
	Bit 5: 1498
	Bit 6: 1508
	Bit 7: 1455

Total errors injected: 11739
