vvencFFapp: Fraunhofer VVC Encoder ver. 1.5.0 [Linux][GCC 11.3.0][64 bit][SIMD=AVX2]
 started @ Mon Apr 10 07:48:01 2023
CODING TOOL CFG: CTU128 QT44BTT21 IBD:1 SAO:1 ALF:1 (NonLinLuma:0 NonLinChr:0) CCALF:1 Tiles:1x1 Slices:1 WPP:0 WPP-Substreams:1 TMVP:1 DQ:1 SDH:0 CST:1 BDOF:1 DMVR:1 MTSImplicit:1 SBT:0 JCbCr:1 CabacInitPresent:1 AMVR:5 SMVD:3 LMCS:2 (Signal:SDR Opt:0) CIIP:0 MIP:1 AFFINE:2 (PROF:1, Type:1) MMVD:3 DisFracMMVD:1 SbTMVP:1 GPM:3 LFNST:1 MTS:0 ISP:3 TS:2 TSLog2MaxSize:4 useChromaTS:0 BDPCM:2 IBC:2 BCW:0 
ENC. ALG. CFG: QPA:0 HAD:1 RDQ:1 RDQTS:1 ASR:1 MinSearchWindow:96 RestrictMESampling:0 EDO:2 MCTF:2 
PRE-ANALYSIS CFG: STA:1 LeadFrames:0 TrailFrames:0 
FAST TOOL CFG: ECU:0 FEN:1 FDM:1 FastSearch:4 (SCC:2) LCTUFast:1 FastMrg:2 PBIntraFast:1 AMaxBT:1 FastQtBtEnc:1 ContentBasedFastQtbt:0 FastMIP:3 FastIntraTools:0 IntraEstDecBit:2 FastLocalDualTree:1 IntegerET:0 FastSubPel:1 QtbttExtraFast:3 FastTTSplit:0 IBCFastMethod:3 FIM:0 ALFSpeed:0 QuantThr: 4 
RATE CONTROL CFG: RateControl:0 LookAhead:0 
PARALLEL PROCESSING CFG: NumThreads:0 MaxParallelFrames:0 WppBitEqual:0 WF:0 

POC     0 TId: 0 (  IDR_N_LP, I-SLICE, QP 34, TF 2)      85368 bits [Y 35.6254 dB    U 39.1515 dB    V 40.0627 dB] [ET   132 ] [L0 ] [L1 ]
POC    16 TId: 1 (      STSA, B-SLICE, QP 40, TF 1)      15896 bits [Y 33.6265 dB    U 38.0277 dB    V 38.0900 dB] [ET   293 ] [L0 0 ] [L1 0 ]
POC     8 TId: 2 (      STSA, B-SLICE, QP 40, TF 0)      11176 bits [Y 33.9264 dB    U 38.2592 dB    V 39.1370 dB] [ET   546 ] [L0 0 16 ] [L1 16 0 ]
POC     4 TId: 3 (      STSA, B-SLICE, QP 43)             6168 bits [Y 33.5299 dB    U 38.2586 dB    V 38.7508 dB] [ET   458 ] [L0 0 8 ] [L1 8 16 ]
POC     2 TId: 4 (      STSA, B-SLICE, QP 45)             2280 bits [Y 33.7506 dB    U 38.5436 dB    V 39.0613 dB] [ET   359 ] [L0 0 4 ] [L1 4 8 ]
POC     1 TId: 5 (      STSA, B-SLICE, QP 46)              224 bits [Y 35.6254 dB    U 39.1515 dB    V 40.0627 dB] [ET   165 ] [L0 0 2 ] [L1 2 4 ]
POC     3 TId: 5 (      STSA, B-SLICE, QP 46)             1496 bits [Y 33.2732 dB    U 38.0715 dB    V 38.7060 dB] [ET   287 ] [L0 2 0 ] [L1 4 8 ]
POC     6 TId: 4 (      STSA, B-SLICE, QP 45)             3240 bits [Y 33.0032 dB    U 37.9770 dB    V 38.4721 dB] [ET   439 ] [L0 4 0 ] [L1 8 16 ]
POC     5 TId: 5 (      STSA, B-SLICE, QP 46)             1400 bits [Y 32.7241 dB    U 37.9815 dB    V 38.4607 dB] [ET   368 ] [L0 4 0 ] [L1 6 8 ]
POC     7 TId: 5 (      STSA, B-SLICE, QP 46)             1632 bits [Y 32.8451 dB    U 38.0033 dB    V 38.5104 dB] [ET   325 ] [L0 6 4 ] [L1 8 16 ]
POC    12 TId: 3 (      STSA, B-SLICE, QP 43)             7040 bits [Y 33.0533 dB    U 37.8927 dB    V 38.3733 dB] [ET   498 ] [L0 8 0 ] [L1 16 8 ]
POC    10 TId: 4 (      STSA, B-SLICE, QP 45)             3536 bits [Y 32.8391 dB    U 37.7990 dB    V 38.0678 dB] [ET   539 ] [L0 8 0 ] [L1 12 16 ]
POC     9 TId: 5 (      STSA, B-SLICE, QP 46)             1592 bits [Y 33.2320 dB    U 38.0217 dB    V 38.4165 dB] [ET   321 ] [L0 8 0 ] [L1 10 12 ]
POC    11 TId: 5 (      STSA, B-SLICE, QP 46)             1784 bits [Y 32.7563 dB    U 37.8236 dB    V 37.9883 dB] [ET   349 ] [L0 10 8 ] [L1 12 16 ]
POC    14 TId: 4 (      STSA, B-SLICE, QP 45)             3168 bits [Y 32.5996 dB    U 37.6805 dB    V 37.8378 dB] [ET   419 ] [L0 12 8 ] [L1 16 12 ]
POC    13 TId: 5 (      STSA, B-SLICE, QP 46)             1352 bits [Y 32.5007 dB    U 37.7835 dB    V 38.0887 dB] [ET   332 ] [L0 12 8 ] [L1 14 16 ]
POC    15 TId: 5 (      STSA, B-SLICE, QP 46)             1344 bits [Y 32.7097 dB    U 37.7491 dB    V 37.8462 dB] [ET   269 ] [L0 14 12 ] [L1 16 14 ]

	Total Frames |   Bitrate     Y-PSNR    U-PSNR    V-PSNR    YUV-PSNR   
	       17    a     437.3412   33.3894   38.1280   38.5843   34.4290

 finished @ Mon Apr 10 09:29:55 2023
 Total Time:     6113.790 sec. [user]     6113.880 sec. [elapsed]

Level: 0
Inject Calls: 7431718514
Errors injected by bit:
	Bit 0: 7462
	Bit 1: 7368
	Bit 2: 7449
	Bit 3: 7475
	Bit 4: 7322
	Bit 5: 7405
	Bit 6: 7362
	Bit 7: 7313

Total errors injected: 59156
