vvencFFapp: Fraunhofer VVC Encoder ver. 1.5.0 [Linux][GCC 11.3.0][64 bit][SIMD=AVX2]
 started @ Fri Apr  7 12:36:47 2023
CODING TOOL CFG: CTU128 QT44BTT21 IBD:1 SAO:1 ALF:1 (NonLinLuma:0 NonLinChr:0) CCALF:1 Tiles:1x1 Slices:1 WPP:0 WPP-Substreams:1 TMVP:1 DQ:1 SDH:0 CST:1 BDOF:1 DMVR:1 MTSImplicit:1 SBT:0 JCbCr:1 CabacInitPresent:1 AMVR:5 SMVD:3 LMCS:2 (Signal:SDR Opt:0) CIIP:0 MIP:1 AFFINE:2 (PROF:1, Type:1) MMVD:3 DisFracMMVD:1 SbTMVP:1 GPM:3 LFNST:1 MTS:0 ISP:3 TS:2 TSLog2MaxSize:4 useChromaTS:0 BDPCM:2 IBC:2 BCW:0 
ENC. ALG. CFG: QPA:0 HAD:1 RDQ:1 RDQTS:1 ASR:1 MinSearchWindow:96 RestrictMESampling:0 EDO:2 MCTF:2 
PRE-ANALYSIS CFG: STA:1 LeadFrames:0 TrailFrames:0 
FAST TOOL CFG: ECU:0 FEN:1 FDM:1 FastSearch:4 (SCC:2) LCTUFast:1 FastMrg:2 PBIntraFast:1 AMaxBT:1 FastQtBtEnc:1 ContentBasedFastQtbt:0 FastMIP:3 FastIntraTools:0 IntraEstDecBit:2 FastLocalDualTree:1 IntegerET:0 FastSubPel:1 QtbttExtraFast:3 FastTTSplit:0 IBCFastMethod:3 FIM:0 ALFSpeed:0 QuantThr: 4 
RATE CONTROL CFG: RateControl:0 LookAhead:0 
PARALLEL PROCESSING CFG: NumThreads:0 MaxParallelFrames:0 WppBitEqual:0 WF:0 

POC     0 TId: 0 (  IDR_N_LP, I-SLICE, QP 19, TF 3)     564808 bits [Y 45.1467 dB    U 46.3576 dB    V 47.8581 dB] [ET   358 ] [L0 ] [L1 ]
POC    16 TId: 1 (      STSA, B-SLICE, QP 22, TF 2)     140760 bits [Y 42.6765 dB    U 44.8683 dB    V 45.9765 dB] [ET   573 ] [L0 0 ] [L1 0 ]
POC     8 TId: 2 (      STSA, B-SLICE, QP 23, TF 1)      79040 bits [Y 42.3058 dB    U 44.7369 dB    V 46.1140 dB] [ET   973 ] [L0 0 16 ] [L1 16 0 ]
POC     4 TId: 3 (      STSA, B-SLICE, QP 26, TF 0)      47744 bits [Y 41.9294 dB    U 44.4164 dB    V 45.7625 dB] [ET   874 ] [L0 0 8 ] [L1 8 16 ]
POC     2 TId: 4 (      STSA, B-SLICE, QP 28)            25000 bits [Y 41.9282 dB    U 44.8239 dB    V 46.1128 dB] [ET   736 ] [L0 0 4 ] [L1 4 8 ]
POC     1 TId: 5 (      STSA, B-SLICE, QP 29)              256 bits [Y 45.1467 dB    U 46.3576 dB    V 47.8581 dB] [ET   312 ] [L0 0 2 ] [L1 2 4 ]
POC     3 TId: 5 (      STSA, B-SLICE, QP 29)            19152 bits [Y 41.5589 dB    U 44.2866 dB    V 45.5120 dB] [ET   702 ] [L0 2 0 ] [L1 4 8 ]
POC     6 TId: 4 (      STSA, B-SLICE, QP 28)            31648 bits [Y 41.6076 dB    U 44.1905 dB    V 45.3471 dB] [ET   867 ] [L0 4 0 ] [L1 8 16 ]
POC     5 TId: 5 (      STSA, B-SLICE, QP 29)            21048 bits [Y 41.2363 dB    U 44.1013 dB    V 45.2680 dB] [ET   816 ] [L0 4 0 ] [L1 6 8 ]
POC     7 TId: 5 (      STSA, B-SLICE, QP 29)            21880 bits [Y 41.1923 dB    U 44.2321 dB    V 45.2948 dB] [ET   719 ] [L0 6 4 ] [L1 8 16 ]
POC    12 TId: 3 (      STSA, B-SLICE, QP 26, TF 0)      55064 bits [Y 41.4994 dB    U 44.2243 dB    V 45.2443 dB] [ET   892 ] [L0 8 0 ] [L1 16 8 ]
POC    10 TId: 4 (      STSA, B-SLICE, QP 28)            36024 bits [Y 41.2552 dB    U 44.1408 dB    V 45.0452 dB] [ET  1020 ] [L0 8 0 ] [L1 12 16 ]
POC     9 TId: 5 (      STSA, B-SLICE, QP 29)            20584 bits [Y 41.5343 dB    U 44.3115 dB    V 45.3136 dB] [ET   715 ] [L0 8 0 ] [L1 10 12 ]
POC    11 TId: 5 (      STSA, B-SLICE, QP 29)            22840 bits [Y 41.2275 dB    U 44.0879 dB    V 44.8799 dB] [ET   737 ] [L0 10 8 ] [L1 12 16 ]
POC    14 TId: 4 (      STSA, B-SLICE, QP 28)            37440 bits [Y 41.2459 dB    U 43.9655 dB    V 44.6951 dB] [ET   780 ] [L0 12 8 ] [L1 16 12 ]
POC    13 TId: 5 (      STSA, B-SLICE, QP 29)            22880 bits [Y 41.1069 dB    U 43.9666 dB    V 44.7749 dB] [ET   702 ] [L0 12 8 ] [L1 14 16 ]
POC    15 TId: 5 (      STSA, B-SLICE, QP 29)            20888 bits [Y 41.0698 dB    U 44.1932 dB    V 44.8513 dB] [ET   540 ] [L0 14 12 ] [L1 16 14 ]

	Total Frames |   Bitrate     Y-PSNR    U-PSNR    V-PSNR    YUV-PSNR   
	       17    a    3432.5176   41.9804   44.5448   45.6417   42.6548

 finished @ Fri Apr  7 16:02:20 2023
 Total Time:    12325.131 sec. [user]    12333.357 sec. [elapsed]

Level: 0
Inject Calls: 14677348282
Errors injected by bit:
	Bit 0: 146806
	Bit 1: 146960
	Bit 2: 146791
	Bit 3: 146987
	Bit 4: 146693
	Bit 5: 147384
	Bit 6: 147160
	Bit 7: 146494

Total errors injected: 1175275
