vvencFFapp: Fraunhofer VVC Encoder ver. 1.5.0 [Linux][GCC 11.3.0][64 bit][SIMD=AVX2]
 started @ Mon Apr 10 06:12:59 2023
CODING TOOL CFG: CTU128 QT44BTT21 IBD:1 SAO:1 ALF:1 (NonLinLuma:0 NonLinChr:0) CCALF:1 Tiles:1x1 Slices:1 WPP:0 WPP-Substreams:1 TMVP:1 DQ:1 SDH:0 CST:1 BDOF:1 DMVR:1 MTSImplicit:1 SBT:0 JCbCr:1 CabacInitPresent:1 AMVR:5 SMVD:3 LMCS:2 (Signal:SDR Opt:0) CIIP:0 MIP:1 AFFINE:2 (PROF:1, Type:1) MMVD:3 DisFracMMVD:1 SbTMVP:1 GPM:3 LFNST:1 MTS:0 ISP:3 TS:2 TSLog2MaxSize:4 useChromaTS:0 BDPCM:2 IBC:2 BCW:0 
ENC. ALG. CFG: QPA:0 HAD:1 RDQ:1 RDQTS:1 ASR:1 MinSearchWindow:96 RestrictMESampling:0 EDO:2 MCTF:2 
PRE-ANALYSIS CFG: STA:1 LeadFrames:0 TrailFrames:0 
FAST TOOL CFG: ECU:0 FEN:1 FDM:1 FastSearch:4 (SCC:2) LCTUFast:1 FastMrg:2 PBIntraFast:1 AMaxBT:1 FastQtBtEnc:1 ContentBasedFastQtbt:0 FastMIP:3 FastIntraTools:0 IntraEstDecBit:2 FastLocalDualTree:1 IntegerET:0 FastSubPel:1 QtbttExtraFast:3 FastTTSplit:0 IBCFastMethod:3 FIM:0 ALFSpeed:0 QuantThr: 4 
RATE CONTROL CFG: RateControl:0 LookAhead:0 
PARALLEL PROCESSING CFG: NumThreads:0 MaxParallelFrames:0 WppBitEqual:0 WF:0 

POC     0 TId: 0 (  IDR_N_LP, I-SLICE, QP 34, TF 2)      85368 bits [Y 35.6254 dB    U 39.1515 dB    V 40.0627 dB] [ET   133 ] [L0 ] [L1 ]
POC    16 TId: 1 (      STSA, B-SLICE, QP 40, TF 1)      15864 bits [Y 33.6258 dB    U 38.0284 dB    V 38.1218 dB] [ET   300 ] [L0 0 ] [L1 0 ]
POC     8 TId: 2 (      STSA, B-SLICE, QP 40, TF 0)      10824 bits [Y 33.8629 dB    U 38.2654 dB    V 39.0980 dB] [ET   558 ] [L0 0 16 ] [L1 16 0 ]
POC     4 TId: 3 (      STSA, B-SLICE, QP 43)             6264 bits [Y 33.5237 dB    U 38.3500 dB    V 38.7591 dB] [ET   435 ] [L0 0 8 ] [L1 8 16 ]
POC     2 TId: 4 (      STSA, B-SLICE, QP 45)             2384 bits [Y 33.7592 dB    U 38.6138 dB    V 39.0442 dB] [ET   349 ] [L0 0 4 ] [L1 4 8 ]
POC     1 TId: 5 (      STSA, B-SLICE, QP 46)              224 bits [Y 35.6254 dB    U 39.1515 dB    V 40.0627 dB] [ET   165 ] [L0 0 2 ] [L1 2 4 ]
POC     3 TId: 5 (      STSA, B-SLICE, QP 46)             1440 bits [Y 33.2452 dB    U 38.2362 dB    V 38.6977 dB] [ET   292 ] [L0 2 0 ] [L1 4 8 ]
POC     6 TId: 4 (      STSA, B-SLICE, QP 45)             3304 bits [Y 32.9692 dB    U 38.0176 dB    V 38.4468 dB] [ET   448 ] [L0 4 0 ] [L1 8 16 ]
POC     5 TId: 5 (      STSA, B-SLICE, QP 46)             1408 bits [Y 32.7879 dB    U 38.0408 dB    V 38.5632 dB] [ET   354 ] [L0 4 0 ] [L1 6 8 ]
POC     7 TId: 5 (      STSA, B-SLICE, QP 46)             1696 bits [Y 32.8238 dB    U 38.0028 dB    V 38.5295 dB] [ET   336 ] [L0 6 4 ] [L1 8 16 ]
POC    12 TId: 3 (      STSA, B-SLICE, QP 43)             6832 bits [Y 33.0040 dB    U 37.8624 dB    V 38.4088 dB] [ET   490 ] [L0 8 0 ] [L1 16 8 ]
POC    10 TId: 4 (      STSA, B-SLICE, QP 45)             3568 bits [Y 32.8375 dB    U 37.8911 dB    V 38.1649 dB] [ET   531 ] [L0 8 0 ] [L1 12 16 ]
POC     9 TId: 5 (      STSA, B-SLICE, QP 46)             1512 bits [Y 33.1604 dB    U 37.9552 dB    V 38.4898 dB] [ET   344 ] [L0 8 0 ] [L1 10 12 ]
POC    11 TId: 5 (      STSA, B-SLICE, QP 46)             1928 bits [Y 32.8418 dB    U 37.7980 dB    V 38.1693 dB] [ET   338 ] [L0 10 8 ] [L1 12 16 ]
POC    14 TId: 4 (      STSA, B-SLICE, QP 45)             3240 bits [Y 32.6019 dB    U 37.6826 dB    V 37.8114 dB] [ET   392 ] [L0 12 8 ] [L1 16 12 ]
POC    13 TId: 5 (      STSA, B-SLICE, QP 46)             1480 bits [Y 32.5812 dB    U 37.7784 dB    V 38.1410 dB] [ET   353 ] [L0 12 8 ] [L1 14 16 ]
POC    15 TId: 5 (      STSA, B-SLICE, QP 46)             1408 bits [Y 32.7115 dB    U 37.7935 dB    V 37.9207 dB] [ET   266 ] [L0 14 12 ] [L1 16 14 ]

	Total Frames |   Bitrate     Y-PSNR    U-PSNR    V-PSNR    YUV-PSNR   
	       17    a     437.4824   33.3875   38.1541   38.6172   34.4331

 finished @ Mon Apr 10 07:54:35 2023
 Total Time:     6095.122 sec. [user]     6095.756 sec. [elapsed]

Level: 0
Inject Calls: 7400806565
Errors injected by bit:
	Bit 0: 74074
	Bit 1: 73846
	Bit 2: 73788
	Bit 3: 74168
	Bit 4: 74366
	Bit 5: 73825
	Bit 6: 74116
	Bit 7: 73938

Total errors injected: 592121
