vvencFFapp: Fraunhofer VVC Encoder ver. 1.5.0 [Linux][GCC 11.3.0][64 bit][SIMD=AVX2]
 started @ Fri Apr  7 05:36:39 2023
CODING TOOL CFG: CTU128 QT44BTT21 IBD:1 SAO:1 ALF:1 (NonLinLuma:0 NonLinChr:0) CCALF:1 Tiles:1x1 Slices:1 WPP:0 WPP-Substreams:1 TMVP:1 DQ:1 SDH:0 CST:1 BDOF:1 DMVR:1 MTSImplicit:1 SBT:0 JCbCr:1 CabacInitPresent:1 AMVR:5 SMVD:3 LMCS:2 (Signal:SDR Opt:0) CIIP:0 MIP:1 AFFINE:2 (PROF:1, Type:1) MMVD:3 DisFracMMVD:1 SbTMVP:1 GPM:3 LFNST:1 MTS:0 ISP:3 TS:2 TSLog2MaxSize:4 useChromaTS:0 BDPCM:2 IBC:2 BCW:0 
ENC. ALG. CFG: QPA:0 HAD:1 RDQ:1 RDQTS:1 ASR:1 MinSearchWindow:96 RestrictMESampling:0 EDO:2 MCTF:2 
PRE-ANALYSIS CFG: STA:1 LeadFrames:0 TrailFrames:0 
FAST TOOL CFG: ECU:0 FEN:1 FDM:1 FastSearch:4 (SCC:2) LCTUFast:1 FastMrg:2 PBIntraFast:1 AMaxBT:1 FastQtBtEnc:1 ContentBasedFastQtbt:0 FastMIP:3 FastIntraTools:0 IntraEstDecBit:2 FastLocalDualTree:1 IntegerET:0 FastSubPel:1 QtbttExtraFast:3 FastTTSplit:0 IBCFastMethod:3 FIM:0 ALFSpeed:0 QuantThr: 4 
RATE CONTROL CFG: RateControl:0 LookAhead:0 
PARALLEL PROCESSING CFG: NumThreads:0 MaxParallelFrames:0 WppBitEqual:0 WF:0 

POC     0 TId: 0 (  IDR_N_LP, I-SLICE, QP 19, TF 3)     564808 bits [Y 45.1467 dB    U 46.3576 dB    V 47.8581 dB] [ET   363 ] [L0 ] [L1 ]
POC    16 TId: 1 (      STSA, B-SLICE, QP 22, TF 2)     139464 bits [Y 42.6747 dB    U 44.8808 dB    V 45.9165 dB] [ET   588 ] [L0 0 ] [L1 0 ]
POC     8 TId: 2 (      STSA, B-SLICE, QP 23, TF 1)      79384 bits [Y 42.2954 dB    U 44.7254 dB    V 46.2697 dB] [ET   960 ] [L0 0 16 ] [L1 16 0 ]
POC     4 TId: 3 (      STSA, B-SLICE, QP 26, TF 0)      47392 bits [Y 41.9161 dB    U 44.4522 dB    V 45.7560 dB] [ET   869 ] [L0 0 8 ] [L1 8 16 ]
POC     2 TId: 4 (      STSA, B-SLICE, QP 28)            24912 bits [Y 41.9017 dB    U 44.8152 dB    V 46.0165 dB] [ET   723 ] [L0 0 4 ] [L1 4 8 ]
POC     1 TId: 5 (      STSA, B-SLICE, QP 29)              256 bits [Y 45.1408 dB    U 46.3573 dB    V 47.8563 dB] [ET   321 ] [L0 0 2 ] [L1 2 4 ]
POC     3 TId: 5 (      STSA, B-SLICE, QP 29)            19152 bits [Y 41.5532 dB    U 44.3430 dB    V 45.5390 dB] [ET   689 ] [L0 2 0 ] [L1 4 8 ]
POC     6 TId: 4 (      STSA, B-SLICE, QP 28)            31992 bits [Y 41.5670 dB    U 44.2287 dB    V 45.4345 dB] [ET   879 ] [L0 4 0 ] [L1 8 16 ]
POC     5 TId: 5 (      STSA, B-SLICE, QP 29)            21120 bits [Y 41.2214 dB    U 44.1008 dB    V 45.2790 dB] [ET   769 ] [L0 4 0 ] [L1 6 8 ]
POC     7 TId: 5 (      STSA, B-SLICE, QP 29)            21960 bits [Y 41.1562 dB    U 44.2732 dB    V 45.3143 dB] [ET   741 ] [L0 6 4 ] [L1 8 16 ]
POC    12 TId: 3 (      STSA, B-SLICE, QP 26, TF 0)      54704 bits [Y 41.4809 dB    U 44.1795 dB    V 45.2767 dB] [ET   895 ] [L0 8 0 ] [L1 16 8 ]
POC    10 TId: 4 (      STSA, B-SLICE, QP 28)            36184 bits [Y 41.2488 dB    U 44.0744 dB    V 45.0766 dB] [ET   985 ] [L0 8 0 ] [L1 12 16 ]
POC     9 TId: 5 (      STSA, B-SLICE, QP 29)            20320 bits [Y 41.4703 dB    U 44.2521 dB    V 45.3694 dB] [ET   719 ] [L0 8 0 ] [L1 10 12 ]
POC    11 TId: 5 (      STSA, B-SLICE, QP 29)            22456 bits [Y 41.1990 dB    U 43.9946 dB    V 44.8944 dB] [ET   773 ] [L0 10 8 ] [L1 12 16 ]
POC    14 TId: 4 (      STSA, B-SLICE, QP 28)            37248 bits [Y 41.2218 dB    U 44.0095 dB    V 44.8641 dB] [ET   761 ] [L0 12 8 ] [L1 16 12 ]
POC    13 TId: 5 (      STSA, B-SLICE, QP 29)            22520 bits [Y 41.0712 dB    U 43.9677 dB    V 44.7429 dB] [ET   661 ] [L0 12 8 ] [L1 14 16 ]
POC    15 TId: 5 (      STSA, B-SLICE, QP 29)            21720 bits [Y 41.0901 dB    U 44.1590 dB    V 44.7671 dB] [ET   529 ] [L0 14 12 ] [L1 16 14 ]

	Total Frames |   Bitrate     Y-PSNR    U-PSNR    V-PSNR    YUV-PSNR   
	       17    a    3428.2118   41.9621   44.5395   45.6607   42.6400

 finished @ Fri Apr  7 09:00:41 2023
 Total Time:    12229.753 sec. [user]    12241.201 sec. [elapsed]

Level: 0
Inject Calls: 14400932627
Errors injected by bit:
	Bit 0: 14390724
	Bit 1: 14400704
	Bit 2: 14400868
	Bit 3: 14396886
	Bit 4: 14395077
	Bit 5: 14402038
	Bit 6: 14395893
	Bit 7: 14395704

Total errors injected: 115177894
