vvencFFapp: Fraunhofer VVC Encoder ver. 1.5.0 [Linux][GCC 11.3.0][64 bit][SIMD=AVX2]
 started @ Mon Apr 24 22:25:50 2023
CODING TOOL CFG: CTU128 QT44BTT21 IBD:1 SAO:1 ALF:1 (NonLinLuma:0 NonLinChr:0) CCALF:1 Tiles:1x1 Slices:1 WPP:0 WPP-Substreams:1 TMVP:1 DQ:1 SDH:0 CST:1 BDOF:1 DMVR:1 MTSImplicit:1 SBT:0 JCbCr:1 CabacInitPresent:1 AMVR:5 SMVD:3 LMCS:2 (Signal:SDR Opt:0) CIIP:0 MIP:1 AFFINE:2 (PROF:1, Type:1) MMVD:3 DisFracMMVD:1 SbTMVP:1 GPM:3 LFNST:1 MTS:0 ISP:3 TS:2 TSLog2MaxSize:4 useChromaTS:0 BDPCM:2 IBC:2 BCW:0 
ENC. ALG. CFG: QPA:0 HAD:1 RDQ:1 RDQTS:1 ASR:1 MinSearchWindow:96 RestrictMESampling:0 EDO:2 MCTF:2 
PRE-ANALYSIS CFG: STA:1 LeadFrames:0 TrailFrames:0 
FAST TOOL CFG: ECU:0 FEN:1 FDM:1 FastSearch:4 (SCC:2) LCTUFast:1 FastMrg:2 PBIntraFast:1 AMaxBT:1 FastQtBtEnc:1 ContentBasedFastQtbt:0 FastMIP:3 FastIntraTools:0 IntraEstDecBit:2 FastLocalDualTree:1 IntegerET:0 FastSubPel:1 QtbttExtraFast:3 FastTTSplit:0 IBCFastMethod:3 FIM:0 ALFSpeed:0 QuantThr: 4 
RATE CONTROL CFG: RateControl:0 LookAhead:0 
PARALLEL PROCESSING CFG: NumThreads:0 MaxParallelFrames:0 WppBitEqual:0 WF:0 

POC     0 TId: 0 (  IDR_N_LP, I-SLICE, QP 29, TF 2)     160808 bits [Y 38.4367 dB    U 41.6230 dB    V 42.6136 dB] [ET   263 ] [L0 ] [L1 ]
POC    16 TId: 1 (      STSA, B-SLICE, QP 34, TF 1)      30816 bits [Y 36.4780 dB    U 40.0099 dB    V 40.0916 dB] [ET   740 ] [L0 0 ] [L1 0 ]
POC     8 TId: 2 (      STSA, B-SLICE, QP 35, TF 0)      19176 bits [Y 36.5148 dB    U 40.1054 dB    V 40.9192 dB] [ET  1137 ] [L0 0 16 ] [L1 16 0 ]
POC     4 TId: 3 (      STSA, B-SLICE, QP 38)            12048 bits [Y 36.1812 dB    U 40.1955 dB    V 40.9678 dB] [ET  1018 ] [L0 0 8 ] [L1 8 16 ]
POC     2 TId: 4 (      STSA, B-SLICE, QP 40)             5000 bits [Y 36.2459 dB    U 40.8539 dB    V 41.4557 dB] [ET   550 ] [L0 0 4 ] [L1 4 8 ]
POC     1 TId: 5 (      STSA, B-SLICE, QP 41)              168 bits [Y 38.4367 dB    U 41.6230 dB    V 42.6136 dB] [ET   232 ] [L0 0 2 ] [L1 2 4 ]
POC     3 TId: 5 (      STSA, B-SLICE, QP 41)             3320 bits [Y 35.7428 dB    U 40.3787 dB    V 40.7467 dB] [ET   518 ] [L0 2 0 ] [L1 4 8 ]
POC     6 TId: 4 (      STSA, B-SLICE, QP 40)             6376 bits [Y 35.5638 dB    U 40.0309 dB    V 40.5674 dB] [ET   798 ] [L0 4 0 ] [L1 8 16 ]
POC     5 TId: 5 (      STSA, B-SLICE, QP 41)             3288 bits [Y 35.3053 dB    U 39.9538 dB    V 40.5740 dB] [ET   581 ] [L0 4 0 ] [L1 6 8 ]
POC     7 TId: 5 (      STSA, B-SLICE, QP 41)             3408 bits [Y 35.2668 dB    U 40.0658 dB    V 40.4417 dB] [ET   552 ] [L0 6 4 ] [L1 8 16 ]
POC    12 TId: 3 (      STSA, B-SLICE, QP 38)            13312 bits [Y 35.5930 dB    U 39.8199 dB    V 40.2749 dB] [ET  1173 ] [L0 8 0 ] [L1 16 8 ]
POC    10 TId: 4 (      STSA, B-SLICE, QP 40)             6984 bits [Y 35.2989 dB    U 39.7484 dB    V 40.2349 dB] [ET   906 ] [L0 8 0 ] [L1 12 16 ]
POC     9 TId: 5 (      STSA, B-SLICE, QP 41)             3400 bits [Y 35.6639 dB    U 39.9905 dB    V 40.5294 dB] [ET   552 ] [L0 8 0 ] [L1 10 12 ]
POC    11 TId: 5 (      STSA, B-SLICE, QP 41)             3888 bits [Y 35.2299 dB    U 39.6463 dB    V 40.0059 dB] [ET   536 ] [L0 10 8 ] [L1 12 16 ]
POC    14 TId: 4 (      STSA, B-SLICE, QP 40)             7568 bits [Y 35.2030 dB    U 39.6102 dB    V 39.8046 dB] [ET   647 ] [L0 12 8 ] [L1 16 12 ]
POC    13 TId: 5 (      STSA, B-SLICE, QP 41)             3440 bits [Y 35.0367 dB    U 39.7603 dB    V 39.8686 dB] [ET   570 ] [L0 12 8 ] [L1 14 16 ]
POC    15 TId: 5 (      STSA, B-SLICE, QP 41)             3112 bits [Y 35.2036 dB    U 39.7483 dB    V 39.7246 dB] [ET   431 ] [L0 14 12 ] [L1 16 14 ]

	Total Frames |   Bitrate     Y-PSNR    U-PSNR    V-PSNR    YUV-PSNR   
	       17    a     841.5059   35.9648   40.1861   40.6726   36.9137

 finished @ Tue Apr 25 01:32:48 2023
 Total Time:    11216.813 sec. [user]    11218.300 sec. [elapsed]

Level: 0
Inject Calls: 12784555125
Errors injected by bit:
	Bit 0: 12846
	Bit 1: 12748
	Bit 2: 12946
	Bit 3: 12828
	Bit 4: 12671
	Bit 5: 12563
	Bit 6: 12730
	Bit 7: 12953

Total errors injected: 102285
