vvencFFapp: Fraunhofer VVC Encoder ver. 1.5.0 [Linux][GCC 11.3.0][64 bit][SIMD=AVX2]
 started @ Tue Apr 25 01:40:53 2023
CODING TOOL CFG: CTU128 QT44BTT21 IBD:1 SAO:1 ALF:1 (NonLinLuma:0 NonLinChr:0) CCALF:1 Tiles:1x1 Slices:1 WPP:0 WPP-Substreams:1 TMVP:1 DQ:1 SDH:0 CST:1 BDOF:1 DMVR:1 MTSImplicit:1 SBT:0 JCbCr:1 CabacInitPresent:1 AMVR:5 SMVD:3 LMCS:2 (Signal:SDR Opt:0) CIIP:0 MIP:1 AFFINE:2 (PROF:1, Type:1) MMVD:3 DisFracMMVD:1 SbTMVP:1 GPM:3 LFNST:1 MTS:0 ISP:3 TS:2 TSLog2MaxSize:4 useChromaTS:0 BDPCM:2 IBC:2 BCW:0 
ENC. ALG. CFG: QPA:0 HAD:1 RDQ:1 RDQTS:1 ASR:1 MinSearchWindow:96 RestrictMESampling:0 EDO:2 MCTF:2 
PRE-ANALYSIS CFG: STA:1 LeadFrames:0 TrailFrames:0 
FAST TOOL CFG: ECU:0 FEN:1 FDM:1 FastSearch:4 (SCC:2) LCTUFast:1 FastMrg:2 PBIntraFast:1 AMaxBT:1 FastQtBtEnc:1 ContentBasedFastQtbt:0 FastMIP:3 FastIntraTools:0 IntraEstDecBit:2 FastLocalDualTree:1 IntegerET:0 FastSubPel:1 QtbttExtraFast:3 FastTTSplit:0 IBCFastMethod:3 FIM:0 ALFSpeed:0 QuantThr: 4 
RATE CONTROL CFG: RateControl:0 LookAhead:0 
PARALLEL PROCESSING CFG: NumThreads:0 MaxParallelFrames:0 WppBitEqual:0 WF:0 

POC     0 TId: 0 (  IDR_N_LP, I-SLICE, QP 34, TF 2)      85368 bits [Y 35.6254 dB    U 39.1515 dB    V 40.0627 dB] [ET   216 ] [L0 ] [L1 ]
POC    16 TId: 1 (      STSA, B-SLICE, QP 40, TF 1)      15720 bits [Y 33.6143 dB    U 37.9469 dB    V 38.0772 dB] [ET   666 ] [L0 0 ] [L1 0 ]
POC     8 TId: 2 (      STSA, B-SLICE, QP 40, TF 0)      10944 bits [Y 33.9303 dB    U 38.3449 dB    V 39.2080 dB] [ET  1134 ] [L0 0 16 ] [L1 16 0 ]
POC     4 TId: 3 (      STSA, B-SLICE, QP 43)             6184 bits [Y 33.5014 dB    U 38.1638 dB    V 38.7443 dB] [ET   840 ] [L0 0 8 ] [L1 8 16 ]
POC     2 TId: 4 (      STSA, B-SLICE, QP 45)             2592 bits [Y 33.8212 dB    U 38.6180 dB    V 39.0814 dB] [ET   503 ] [L0 0 4 ] [L1 4 8 ]
POC     1 TId: 5 (      STSA, B-SLICE, QP 46)              224 bits [Y 35.6214 dB    U 39.1537 dB    V 40.0660 dB] [ET   206 ] [L0 0 2 ] [L1 2 4 ]
POC     3 TId: 5 (      STSA, B-SLICE, QP 46)             1496 bits [Y 33.1491 dB    U 38.1900 dB    V 38.7504 dB] [ET   502 ] [L0 2 0 ] [L1 4 8 ]
POC     6 TId: 4 (      STSA, B-SLICE, QP 45)             3152 bits [Y 32.9207 dB    U 37.9918 dB    V 38.3754 dB] [ET   673 ] [L0 4 0 ] [L1 8 16 ]
POC     5 TId: 5 (      STSA, B-SLICE, QP 46)             1368 bits [Y 32.7224 dB    U 37.9745 dB    V 38.4497 dB] [ET   455 ] [L0 4 0 ] [L1 6 8 ]
POC     7 TId: 5 (      STSA, B-SLICE, QP 46)             1488 bits [Y 32.7528 dB    U 38.0365 dB    V 38.5770 dB] [ET   414 ] [L0 6 4 ] [L1 8 16 ]
POC    12 TId: 3 (      STSA, B-SLICE, QP 43)             7128 bits [Y 33.0133 dB    U 37.9444 dB    V 38.3264 dB] [ET  1216 ] [L0 8 0 ] [L1 16 8 ]
POC    10 TId: 4 (      STSA, B-SLICE, QP 45)             3304 bits [Y 32.7489 dB    U 38.0034 dB    V 38.1963 dB] [ET   815 ] [L0 8 0 ] [L1 12 16 ]
POC     9 TId: 5 (      STSA, B-SLICE, QP 46)             1360 bits [Y 33.0357 dB    U 38.0618 dB    V 38.5261 dB] [ET   371 ] [L0 8 0 ] [L1 10 12 ]
POC    11 TId: 5 (      STSA, B-SLICE, QP 46)             1848 bits [Y 32.7793 dB    U 37.9094 dB    V 37.9263 dB] [ET   423 ] [L0 10 8 ] [L1 12 16 ]
POC    14 TId: 4 (      STSA, B-SLICE, QP 45)             3304 bits [Y 32.6170 dB    U 37.6930 dB    V 37.8243 dB] [ET   571 ] [L0 12 8 ] [L1 16 12 ]
POC    13 TId: 5 (      STSA, B-SLICE, QP 46)             1504 bits [Y 32.5789 dB    U 37.8312 dB    V 38.0745 dB] [ET   411 ] [L0 12 8 ] [L1 14 16 ]
POC    15 TId: 5 (      STSA, B-SLICE, QP 46)             1344 bits [Y 32.7500 dB    U 37.7962 dB    V 37.9358 dB] [ET   330 ] [L0 14 12 ] [L1 16 14 ]

	Total Frames |   Bitrate     Y-PSNR    U-PSNR    V-PSNR    YUV-PSNR   
	       17    a     436.2588   33.3637   38.1654   38.6001   34.4095

 finished @ Tue Apr 25 04:23:35 2023
 Total Time:     9758.499 sec. [user]     9762.013 sec. [elapsed]

Level: 0
Inject Calls: 10935953178
Errors injected by bit:
	Bit 0: 10934176
	Bit 1: 10935624
	Bit 2: 10939053
	Bit 3: 10933040
	Bit 4: 10935674
	Bit 5: 10935313
	Bit 6: 10935771
	Bit 7: 10939381

Total errors injected: 87488032
