vvencFFapp: Fraunhofer VVC Encoder ver. 1.5.0 [Linux][GCC 11.3.0][64 bit][SIMD=AVX2]
 started @ Tue Apr 25 04:25:56 2023
CODING TOOL CFG: CTU128 QT44BTT21 IBD:1 SAO:1 ALF:1 (NonLinLuma:0 NonLinChr:0) CCALF:1 Tiles:1x1 Slices:1 WPP:0 WPP-Substreams:1 TMVP:1 DQ:1 SDH:0 CST:1 BDOF:1 DMVR:1 MTSImplicit:1 SBT:0 JCbCr:1 CabacInitPresent:1 AMVR:5 SMVD:3 LMCS:2 (Signal:SDR Opt:0) CIIP:0 MIP:1 AFFINE:2 (PROF:1, Type:1) MMVD:3 DisFracMMVD:1 SbTMVP:1 GPM:3 LFNST:1 MTS:0 ISP:3 TS:2 TSLog2MaxSize:4 useChromaTS:0 BDPCM:2 IBC:2 BCW:0 
ENC. ALG. CFG: QPA:0 HAD:1 RDQ:1 RDQTS:1 ASR:1 MinSearchWindow:96 RestrictMESampling:0 EDO:2 MCTF:2 
PRE-ANALYSIS CFG: STA:1 LeadFrames:0 TrailFrames:0 
FAST TOOL CFG: ECU:0 FEN:1 FDM:1 FastSearch:4 (SCC:2) LCTUFast:1 FastMrg:2 PBIntraFast:1 AMaxBT:1 FastQtBtEnc:1 ContentBasedFastQtbt:0 FastMIP:3 FastIntraTools:0 IntraEstDecBit:2 FastLocalDualTree:1 IntegerET:0 FastSubPel:1 QtbttExtraFast:3 FastTTSplit:0 IBCFastMethod:3 FIM:0 ALFSpeed:0 QuantThr: 4 
RATE CONTROL CFG: RateControl:0 LookAhead:0 
PARALLEL PROCESSING CFG: NumThreads:0 MaxParallelFrames:0 WppBitEqual:0 WF:0 

POC     0 TId: 0 (  IDR_N_LP, I-SLICE, QP 34, TF 2)      85368 bits [Y 35.6254 dB    U 39.1515 dB    V 40.0627 dB] [ET   196 ] [L0 ] [L1 ]
POC    16 TId: 1 (      STSA, B-SLICE, QP 40, TF 1)      15904 bits [Y 33.5912 dB    U 38.1650 dB    V 38.2200 dB] [ET   753 ] [L0 0 ] [L1 0 ]
POC     8 TId: 2 (      STSA, B-SLICE, QP 40, TF 0)      10792 bits [Y 33.8576 dB    U 38.3175 dB    V 38.9553 dB] [ET   997 ] [L0 0 16 ] [L1 16 0 ]
POC     4 TId: 3 (      STSA, B-SLICE, QP 43)             6328 bits [Y 33.5386 dB    U 38.3193 dB    V 38.7841 dB] [ET   871 ] [L0 0 8 ] [L1 8 16 ]
POC     2 TId: 4 (      STSA, B-SLICE, QP 45)             2424 bits [Y 33.8210 dB    U 38.5950 dB    V 39.0931 dB] [ET   500 ] [L0 0 4 ] [L1 4 8 ]
POC     1 TId: 5 (      STSA, B-SLICE, QP 46)              224 bits [Y 35.6254 dB    U 39.1515 dB    V 40.0627 dB] [ET   185 ] [L0 0 2 ] [L1 2 4 ]
POC     3 TId: 5 (      STSA, B-SLICE, QP 46)             1552 bits [Y 33.2396 dB    U 38.2342 dB    V 38.5942 dB] [ET   387 ] [L0 2 0 ] [L1 4 8 ]
POC     6 TId: 4 (      STSA, B-SLICE, QP 45)             3208 bits [Y 33.0621 dB    U 38.1509 dB    V 38.4551 dB] [ET   657 ] [L0 4 0 ] [L1 8 16 ]
POC     5 TId: 5 (      STSA, B-SLICE, QP 46)             1392 bits [Y 32.7582 dB    U 38.0531 dB    V 38.6226 dB] [ET   426 ] [L0 4 0 ] [L1 6 8 ]
POC     7 TId: 5 (      STSA, B-SLICE, QP 46)             1640 bits [Y 32.7771 dB    U 38.1020 dB    V 38.4021 dB] [ET   419 ] [L0 6 4 ] [L1 8 16 ]
POC    12 TId: 3 (      STSA, B-SLICE, QP 43)             7104 bits [Y 33.0075 dB    U 37.8653 dB    V 38.3269 dB] [ET  1140 ] [L0 8 0 ] [L1 16 8 ]
POC    10 TId: 4 (      STSA, B-SLICE, QP 45)             3608 bits [Y 32.8466 dB    U 37.7961 dB    V 38.1281 dB] [ET   811 ] [L0 8 0 ] [L1 12 16 ]
POC     9 TId: 5 (      STSA, B-SLICE, QP 46)             1496 bits [Y 33.1544 dB    U 38.0396 dB    V 38.4926 dB] [ET   406 ] [L0 8 0 ] [L1 10 12 ]
POC    11 TId: 5 (      STSA, B-SLICE, QP 46)             1840 bits [Y 32.7803 dB    U 37.8054 dB    V 37.9468 dB] [ET   428 ] [L0 10 8 ] [L1 12 16 ]
POC    14 TId: 4 (      STSA, B-SLICE, QP 45)             3392 bits [Y 32.6464 dB    U 37.8274 dB    V 37.8573 dB] [ET   564 ] [L0 12 8 ] [L1 16 12 ]
POC    13 TId: 5 (      STSA, B-SLICE, QP 46)             1504 bits [Y 32.5833 dB    U 37.9671 dB    V 37.9875 dB] [ET   461 ] [L0 12 8 ] [L1 14 16 ]
POC    15 TId: 5 (      STSA, B-SLICE, QP 46)             1488 bits [Y 32.7451 dB    U 37.8517 dB    V 37.8541 dB] [ET   348 ] [L0 14 12 ] [L1 16 14 ]

	Total Frames |   Bitrate     Y-PSNR    U-PSNR    V-PSNR    YUV-PSNR   
	       17    a     439.0118   33.3917   38.1996   38.5791   34.4375

 finished @ Tue Apr 25 07:05:19 2023
 Total Time:     9557.230 sec. [user]     9563.613 sec. [elapsed]

Level: 0
Inject Calls: 11027851421
Errors injected by bit:
	Bit 0: 110392
	Bit 1: 110387
	Bit 2: 110058
	Bit 3: 110311
	Bit 4: 109910
	Bit 5: 109508
	Bit 6: 110329
	Bit 7: 110497

Total errors injected: 881392
