vvencFFapp: Fraunhofer VVC Encoder ver. 1.5.0 [Linux][GCC 11.3.0][64 bit][SIMD=AVX2]
 started @ Wed Apr  5 17:19:47 2023
CODING TOOL CFG: CTU128 QT44BTT21 IBD:1 SAO:1 ALF:1 (NonLinLuma:0 NonLinChr:0) CCALF:1 Tiles:1x1 Slices:1 WPP:0 WPP-Substreams:1 TMVP:1 DQ:1 SDH:0 CST:1 BDOF:1 DMVR:1 MTSImplicit:1 SBT:0 JCbCr:1 CabacInitPresent:1 AMVR:5 SMVD:3 LMCS:2 (Signal:SDR Opt:0) CIIP:0 MIP:1 AFFINE:2 (PROF:1, Type:1) MMVD:3 DisFracMMVD:1 SbTMVP:1 GPM:3 LFNST:1 MTS:0 ISP:3 TS:2 TSLog2MaxSize:4 useChromaTS:0 BDPCM:2 IBC:2 BCW:0 
ENC. ALG. CFG: QPA:0 HAD:1 RDQ:1 RDQTS:1 ASR:1 MinSearchWindow:96 RestrictMESampling:0 EDO:2 MCTF:2 
PRE-ANALYSIS CFG: STA:1 LeadFrames:0 TrailFrames:0 
FAST TOOL CFG: ECU:0 FEN:1 FDM:1 FastSearch:4 (SCC:2) LCTUFast:1 FastMrg:2 PBIntraFast:1 AMaxBT:1 FastQtBtEnc:1 ContentBasedFastQtbt:0 FastMIP:3 FastIntraTools:0 IntraEstDecBit:2 FastLocalDualTree:1 IntegerET:0 FastSubPel:1 QtbttExtraFast:3 FastTTSplit:0 IBCFastMethod:3 FIM:0 ALFSpeed:0 QuantThr: 4 
RATE CONTROL CFG: RateControl:0 LookAhead:0 
PARALLEL PROCESSING CFG: NumThreads:0 MaxParallelFrames:0 WppBitEqual:0 WF:0 

POC     0 TId: 0 (  IDR_N_LP, I-SLICE, QP 19, TF 3)     564808 bits [Y 45.1467 dB    U 46.3576 dB    V 47.8581 dB] [ET   525 ] [L0 ] [L1 ]
POC    16 TId: 1 (      STSA, B-SLICE, QP 22, TF 2)     141184 bits [Y 42.6935 dB    U 44.8558 dB    V 46.0179 dB] [ET  1084 ] [L0 0 ] [L1 0 ]
POC     8 TId: 2 (      STSA, B-SLICE, QP 23, TF 1)      79368 bits [Y 42.3191 dB    U 44.7179 dB    V 46.1244 dB] [ET  1536 ] [L0 0 16 ] [L1 16 0 ]
POC     4 TId: 3 (      STSA, B-SLICE, QP 26, TF 0)      47520 bits [Y 41.9434 dB    U 44.4613 dB    V 45.7107 dB] [ET  1535 ] [L0 0 8 ] [L1 8 16 ]
POC     2 TId: 4 (      STSA, B-SLICE, QP 28)            25528 bits [Y 41.9326 dB    U 44.8063 dB    V 46.1096 dB] [ET   972 ] [L0 0 4 ] [L1 4 8 ]
POC     1 TId: 5 (      STSA, B-SLICE, QP 29)              256 bits [Y 45.1467 dB    U 46.3576 dB    V 47.8581 dB] [ET   352 ] [L0 0 2 ] [L1 2 4 ]
POC     3 TId: 5 (      STSA, B-SLICE, QP 29)            19192 bits [Y 41.5727 dB    U 44.2932 dB    V 45.5095 dB] [ET   960 ] [L0 2 0 ] [L1 4 8 ]
POC     6 TId: 4 (      STSA, B-SLICE, QP 28)            31664 bits [Y 41.5795 dB    U 44.2050 dB    V 45.3844 dB] [ET  1345 ] [L0 4 0 ] [L1 8 16 ]
POC     5 TId: 5 (      STSA, B-SLICE, QP 29)            20904 bits [Y 41.2354 dB    U 44.1107 dB    V 45.2007 dB] [ET  1166 ] [L0 4 0 ] [L1 6 8 ]
POC     7 TId: 5 (      STSA, B-SLICE, QP 29)            21616 bits [Y 41.1713 dB    U 44.2656 dB    V 45.3082 dB] [ET   957 ] [L0 6 4 ] [L1 8 16 ]
POC    12 TId: 3 (      STSA, B-SLICE, QP 26, TF 0)      55552 bits [Y 41.5283 dB    U 44.1190 dB    V 45.3036 dB] [ET  1557 ] [L0 8 0 ] [L1 16 8 ]
POC    10 TId: 4 (      STSA, B-SLICE, QP 28)            35408 bits [Y 41.2465 dB    U 44.0022 dB    V 45.1449 dB] [ET  1497 ] [L0 8 0 ] [L1 12 16 ]
POC     9 TId: 5 (      STSA, B-SLICE, QP 29)            20360 bits [Y 41.5029 dB    U 44.2466 dB    V 45.3826 dB] [ET   999 ] [L0 8 0 ] [L1 10 12 ]
POC    11 TId: 5 (      STSA, B-SLICE, QP 29)            22536 bits [Y 41.2319 dB    U 44.0494 dB    V 44.8265 dB] [ET  1044 ] [L0 10 8 ] [L1 12 16 ]
POC    14 TId: 4 (      STSA, B-SLICE, QP 28)            36944 bits [Y 41.2375 dB    U 43.9229 dB    V 44.7797 dB] [ET  1106 ] [L0 12 8 ] [L1 16 12 ]
POC    13 TId: 5 (      STSA, B-SLICE, QP 29)            22056 bits [Y 41.0515 dB    U 43.9202 dB    V 44.7905 dB] [ET   995 ] [L0 12 8 ] [L1 14 16 ]
POC    15 TId: 5 (      STSA, B-SLICE, QP 29)            20920 bits [Y 41.0832 dB    U 44.1652 dB    V 44.8470 dB] [ET   759 ] [L0 14 12 ] [L1 16 14 ]

	Total Frames |   Bitrate     Y-PSNR    U-PSNR    V-PSNR    YUV-PSNR   
	       17    a    3428.8706   41.9778   44.5210   45.6563   42.6503

 finished @ Wed Apr  5 22:26:32 2023
 Total Time:    18391.382 sec. [user]    18404.960 sec. [elapsed]

Level: 0
Inject Calls: 20282521305
Errors injected by bit:
	Bit 0: 20280485
	Bit 1: 20280880
	Bit 2: 20281293
	Bit 3: 20288897
	Bit 4: 20271787
	Bit 5: 20281701
	Bit 6: 20281601
	Bit 7: 20281635

Total errors injected: 162248279
