vvencFFapp: Fraunhofer VVC Encoder ver. 1.5.0 [Linux][GCC 11.3.0][64 bit][SIMD=AVX2]
 started @ Thu Apr  6 19:35:16 2023
CODING TOOL CFG: CTU128 QT44BTT21 IBD:1 SAO:1 ALF:1 (NonLinLuma:0 NonLinChr:0) CCALF:1 Tiles:1x1 Slices:1 WPP:0 WPP-Substreams:1 TMVP:1 DQ:1 SDH:0 CST:1 BDOF:1 DMVR:1 MTSImplicit:1 SBT:0 JCbCr:1 CabacInitPresent:1 AMVR:5 SMVD:3 LMCS:2 (Signal:SDR Opt:0) CIIP:0 MIP:1 AFFINE:2 (PROF:1, Type:1) MMVD:3 DisFracMMVD:1 SbTMVP:1 GPM:3 LFNST:1 MTS:0 ISP:3 TS:2 TSLog2MaxSize:4 useChromaTS:0 BDPCM:2 IBC:2 BCW:0 
ENC. ALG. CFG: QPA:0 HAD:1 RDQ:1 RDQTS:1 ASR:1 MinSearchWindow:96 RestrictMESampling:0 EDO:2 MCTF:2 
PRE-ANALYSIS CFG: STA:1 LeadFrames:0 TrailFrames:0 
FAST TOOL CFG: ECU:0 FEN:1 FDM:1 FastSearch:4 (SCC:2) LCTUFast:1 FastMrg:2 PBIntraFast:1 AMaxBT:1 FastQtBtEnc:1 ContentBasedFastQtbt:0 FastMIP:3 FastIntraTools:0 IntraEstDecBit:2 FastLocalDualTree:1 IntegerET:0 FastSubPel:1 QtbttExtraFast:3 FastTTSplit:0 IBCFastMethod:3 FIM:0 ALFSpeed:0 QuantThr: 4 
RATE CONTROL CFG: RateControl:0 LookAhead:0 
PARALLEL PROCESSING CFG: NumThreads:0 MaxParallelFrames:0 WppBitEqual:0 WF:0 

POC     0 TId: 0 (  IDR_N_LP, I-SLICE, QP 24, TF 3)     303696 bits [Y 41.6478 dB    U 43.8365 dB    V 45.0113 dB] [ET   403 ] [L0 ] [L1 ]
POC    16 TId: 1 (      STSA, B-SLICE, QP 28, TF 2)      65864 bits [Y 39.5621 dB    U 42.4811 dB    V 43.1109 dB] [ET  1011 ] [L0 0 ] [L1 0 ]
POC     8 TId: 2 (      STSA, B-SLICE, QP 29, TF 1)      38976 bits [Y 39.4798 dB    U 42.4492 dB    V 43.4199 dB] [ET  1300 ] [L0 0 16 ] [L1 16 0 ]
POC     4 TId: 3 (      STSA, B-SLICE, QP 32, TF 0)      23120 bits [Y 39.0955 dB    U 42.1489 dB    V 43.1643 dB] [ET  1195 ] [L0 0 8 ] [L1 8 16 ]
POC     2 TId: 4 (      STSA, B-SLICE, QP 34)            10672 bits [Y 39.1503 dB    U 42.6607 dB    V 43.4584 dB] [ET   766 ] [L0 0 4 ] [L1 4 8 ]
POC     1 TId: 5 (      STSA, B-SLICE, QP 36)              264 bits [Y 41.6409 dB    U 43.8362 dB    V 45.0092 dB] [ET   247 ] [L0 0 2 ] [L1 2 4 ]
POC     3 TId: 5 (      STSA, B-SLICE, QP 36)             6608 bits [Y 38.4632 dB    U 42.1507 dB    V 42.7575 dB] [ET   630 ] [L0 2 0 ] [L1 4 8 ]
POC     6 TId: 4 (      STSA, B-SLICE, QP 34)            14632 bits [Y 38.7223 dB    U 42.0508 dB    V 42.8356 dB] [ET  1146 ] [L0 4 0 ] [L1 8 16 ]
POC     5 TId: 5 (      STSA, B-SLICE, QP 36)             7072 bits [Y 38.1049 dB    U 41.9336 dB    V 42.6176 dB] [ET   712 ] [L0 4 0 ] [L1 6 8 ]
POC     7 TId: 5 (      STSA, B-SLICE, QP 36)             6984 bits [Y 38.0019 dB    U 42.0213 dB    V 42.7991 dB] [ET   701 ] [L0 6 4 ] [L1 8 16 ]
POC    12 TId: 3 (      STSA, B-SLICE, QP 32, TF 0)      25800 bits [Y 38.5105 dB    U 41.9300 dB    V 42.5497 dB] [ET  1298 ] [L0 8 0 ] [L1 16 8 ]
POC    10 TId: 4 (      STSA, B-SLICE, QP 34)            15872 bits [Y 38.2991 dB    U 41.7728 dB    V 42.4121 dB] [ET  1213 ] [L0 8 0 ] [L1 12 16 ]
POC     9 TId: 5 (      STSA, B-SLICE, QP 36)             7024 bits [Y 38.3490 dB    U 42.1290 dB    V 42.6173 dB] [ET   649 ] [L0 8 0 ] [L1 10 12 ]
POC    11 TId: 5 (      STSA, B-SLICE, QP 36)             7984 bits [Y 37.9829 dB    U 41.8303 dB    V 42.2271 dB] [ET   711 ] [L0 10 8 ] [L1 12 16 ]
POC    14 TId: 4 (      STSA, B-SLICE, QP 34)            16128 bits [Y 38.1949 dB    U 41.6365 dB    V 42.0166 dB] [ET   901 ] [L0 12 8 ] [L1 16 12 ]
POC    13 TId: 5 (      STSA, B-SLICE, QP 36)             7520 bits [Y 37.8227 dB    U 41.7558 dB    V 42.0198 dB] [ET   660 ] [L0 12 8 ] [L1 14 16 ]
POC    15 TId: 5 (      STSA, B-SLICE, QP 36)             6616 bits [Y 37.8489 dB    U 41.8676 dB    V 42.1365 dB] [ET   511 ] [L0 14 12 ] [L1 16 14 ]

	Total Frames |   Bitrate     Y-PSNR    U-PSNR    V-PSNR    YUV-PSNR   
	       17    a    1661.2706   38.8751   42.2642   42.9508   39.6816

 finished @ Thu Apr  6 23:29:45 2023
 Total Time:    14058.694 sec. [user]    14069.326 sec. [elapsed]

Level: 0
Inject Calls: 15753019703
Errors injected by bit:
	Bit 0: 15763199
	Bit 1: 15756144
	Bit 2: 15751587
	Bit 3: 15749622
	Bit 4: 15750452
	Bit 5: 15750025
	Bit 6: 15749670
	Bit 7: 15758630

Total errors injected: 126029329
