vvencFFapp: Fraunhofer VVC Encoder ver. 1.5.0 [Linux][GCC 11.3.0][64 bit][SIMD=AVX2]
 started @ Thu Apr  6 03:39:59 2023
CODING TOOL CFG: CTU128 QT44BTT21 IBD:1 SAO:1 ALF:1 (NonLinLuma:0 NonLinChr:0) CCALF:1 Tiles:1x1 Slices:1 WPP:0 WPP-Substreams:1 TMVP:1 DQ:1 SDH:0 CST:1 BDOF:1 DMVR:1 MTSImplicit:1 SBT:0 JCbCr:1 CabacInitPresent:1 AMVR:5 SMVD:3 LMCS:2 (Signal:SDR Opt:0) CIIP:0 MIP:1 AFFINE:2 (PROF:1, Type:1) MMVD:3 DisFracMMVD:1 SbTMVP:1 GPM:3 LFNST:1 MTS:0 ISP:3 TS:2 TSLog2MaxSize:4 useChromaTS:0 BDPCM:2 IBC:2 BCW:0 
ENC. ALG. CFG: QPA:0 HAD:1 RDQ:1 RDQTS:1 ASR:1 MinSearchWindow:96 RestrictMESampling:0 EDO:2 MCTF:2 
PRE-ANALYSIS CFG: STA:1 LeadFrames:0 TrailFrames:0 
FAST TOOL CFG: ECU:0 FEN:1 FDM:1 FastSearch:4 (SCC:2) LCTUFast:1 FastMrg:2 PBIntraFast:1 AMaxBT:1 FastQtBtEnc:1 ContentBasedFastQtbt:0 FastMIP:3 FastIntraTools:0 IntraEstDecBit:2 FastLocalDualTree:1 IntegerET:0 FastSubPel:1 QtbttExtraFast:3 FastTTSplit:0 IBCFastMethod:3 FIM:0 ALFSpeed:0 QuantThr: 4 
RATE CONTROL CFG: RateControl:0 LookAhead:0 
PARALLEL PROCESSING CFG: NumThreads:0 MaxParallelFrames:0 WppBitEqual:0 WF:0 

POC     0 TId: 0 (  IDR_N_LP, I-SLICE, QP 19, TF 3)     564808 bits [Y 45.1467 dB    U 46.3576 dB    V 47.8581 dB] [ET   538 ] [L0 ] [L1 ]
POC    16 TId: 1 (      STSA, B-SLICE, QP 22, TF 2)     141080 bits [Y 42.6854 dB    U 44.8964 dB    V 45.9611 dB] [ET  1167 ] [L0 0 ] [L1 0 ]
POC     8 TId: 2 (      STSA, B-SLICE, QP 23, TF 1)      79456 bits [Y 42.3042 dB    U 44.6977 dB    V 46.1473 dB] [ET  1758 ] [L0 0 16 ] [L1 16 0 ]
POC     4 TId: 3 (      STSA, B-SLICE, QP 26, TF 0)      47328 bits [Y 41.8977 dB    U 44.4515 dB    V 45.6968 dB] [ET  1384 ] [L0 0 8 ] [L1 8 16 ]
POC     2 TId: 4 (      STSA, B-SLICE, QP 28)            24936 bits [Y 41.9274 dB    U 44.8399 dB    V 46.0645 dB] [ET   949 ] [L0 0 4 ] [L1 4 8 ]
POC     1 TId: 5 (      STSA, B-SLICE, QP 29)              256 bits [Y 45.1467 dB    U 46.3576 dB    V 47.8581 dB] [ET   350 ] [L0 0 2 ] [L1 2 4 ]
POC     3 TId: 5 (      STSA, B-SLICE, QP 29)            19152 bits [Y 41.5985 dB    U 44.3769 dB    V 45.5869 dB] [ET   937 ] [L0 2 0 ] [L1 4 8 ]
POC     6 TId: 4 (      STSA, B-SLICE, QP 28)            31456 bits [Y 41.5899 dB    U 44.2502 dB    V 45.3984 dB] [ET  1289 ] [L0 4 0 ] [L1 8 16 ]
POC     5 TId: 5 (      STSA, B-SLICE, QP 29)            20808 bits [Y 41.2321 dB    U 44.0982 dB    V 45.2673 dB] [ET  1086 ] [L0 4 0 ] [L1 6 8 ]
POC     7 TId: 5 (      STSA, B-SLICE, QP 29)            21840 bits [Y 41.2084 dB    U 44.2357 dB    V 45.2857 dB] [ET  1040 ] [L0 6 4 ] [L1 8 16 ]
POC    12 TId: 3 (      STSA, B-SLICE, QP 26, TF 0)      54960 bits [Y 41.5123 dB    U 44.0959 dB    V 45.2994 dB] [ET  1604 ] [L0 8 0 ] [L1 16 8 ]
POC    10 TId: 4 (      STSA, B-SLICE, QP 28)            36040 bits [Y 41.2645 dB    U 44.0482 dB    V 45.1730 dB] [ET  1438 ] [L0 8 0 ] [L1 12 16 ]
POC     9 TId: 5 (      STSA, B-SLICE, QP 29)            20344 bits [Y 41.4970 dB    U 44.3330 dB    V 45.2998 dB] [ET  1022 ] [L0 8 0 ] [L1 10 12 ]
POC    11 TId: 5 (      STSA, B-SLICE, QP 29)            22520 bits [Y 41.2248 dB    U 44.0414 dB    V 44.8739 dB] [ET  1182 ] [L0 10 8 ] [L1 12 16 ]
POC    14 TId: 4 (      STSA, B-SLICE, QP 28)            37288 bits [Y 41.2746 dB    U 43.9136 dB    V 44.7348 dB] [ET  1102 ] [L0 12 8 ] [L1 16 12 ]
POC    13 TId: 5 (      STSA, B-SLICE, QP 29)            22488 bits [Y 41.0731 dB    U 43.9172 dB    V 44.8501 dB] [ET  1011 ] [L0 12 8 ] [L1 14 16 ]
POC    15 TId: 5 (      STSA, B-SLICE, QP 29)            20968 bits [Y 41.0901 dB    U 44.1797 dB    V 44.8065 dB] [ET   772 ] [L0 14 12 ] [L1 16 14 ]

	Total Frames |   Bitrate     Y-PSNR    U-PSNR    V-PSNR    YUV-PSNR   
	       17    a    3428.6118   41.9808   44.5347   45.6566   42.6554

 finished @ Thu Apr  6 08:50:46 2023
 Total Time:    18634.023 sec. [user]    18646.520 sec. [elapsed]

Level: 0
Inject Calls: 20920760706
Errors injected by bit:
	Bit 0: 209194
	Bit 1: 209530
	Bit 2: 209305
	Bit 3: 208393
	Bit 4: 209157
	Bit 5: 208743
	Bit 6: 209353
	Bit 7: 208779

Total errors injected: 1672454
