vvencFFapp: Fraunhofer VVC Encoder ver. 1.5.0 [Linux][GCC 11.3.0][64 bit][SIMD=AVX2]
 started @ Tue Apr 25 07:05:59 2023
CODING TOOL CFG: CTU128 QT44BTT21 IBD:1 SAO:1 ALF:1 (NonLinLuma:0 NonLinChr:0) CCALF:1 Tiles:1x1 Slices:1 WPP:0 WPP-Substreams:1 TMVP:1 DQ:1 SDH:0 CST:1 BDOF:1 DMVR:1 MTSImplicit:1 SBT:0 JCbCr:1 CabacInitPresent:1 AMVR:5 SMVD:3 LMCS:2 (Signal:SDR Opt:0) CIIP:0 MIP:1 AFFINE:2 (PROF:1, Type:1) MMVD:3 DisFracMMVD:1 SbTMVP:1 GPM:3 LFNST:1 MTS:0 ISP:3 TS:2 TSLog2MaxSize:4 useChromaTS:0 BDPCM:2 IBC:2 BCW:0 
ENC. ALG. CFG: QPA:0 HAD:1 RDQ:1 RDQTS:1 ASR:1 MinSearchWindow:96 RestrictMESampling:0 EDO:2 MCTF:2 
PRE-ANALYSIS CFG: STA:1 LeadFrames:0 TrailFrames:0 
FAST TOOL CFG: ECU:0 FEN:1 FDM:1 FastSearch:4 (SCC:2) LCTUFast:1 FastMrg:2 PBIntraFast:1 AMaxBT:1 FastQtBtEnc:1 ContentBasedFastQtbt:0 FastMIP:3 FastIntraTools:0 IntraEstDecBit:2 FastLocalDualTree:1 IntegerET:0 FastSubPel:1 QtbttExtraFast:3 FastTTSplit:0 IBCFastMethod:3 FIM:0 ALFSpeed:0 QuantThr: 4 
RATE CONTROL CFG: RateControl:0 LookAhead:0 
PARALLEL PROCESSING CFG: NumThreads:0 MaxParallelFrames:0 WppBitEqual:0 WF:0 

POC     0 TId: 0 (  IDR_N_LP, I-SLICE, QP 34, TF 2)      85368 bits [Y 35.6254 dB    U 39.1515 dB    V 40.0627 dB] [ET   204 ] [L0 ] [L1 ]
POC    16 TId: 1 (      STSA, B-SLICE, QP 40, TF 1)      15864 bits [Y 33.6258 dB    U 38.0284 dB    V 38.1218 dB] [ET   680 ] [L0 0 ] [L1 0 ]
POC     8 TId: 2 (      STSA, B-SLICE, QP 40, TF 0)      11176 bits [Y 33.9273 dB    U 38.2861 dB    V 39.0599 dB] [ET  1093 ] [L0 0 16 ] [L1 16 0 ]
POC     4 TId: 3 (      STSA, B-SLICE, QP 43)             6160 bits [Y 33.5544 dB    U 38.3179 dB    V 38.8291 dB] [ET   926 ] [L0 0 8 ] [L1 8 16 ]
POC     2 TId: 4 (      STSA, B-SLICE, QP 45)             2328 bits [Y 33.7732 dB    U 38.6459 dB    V 39.1975 dB] [ET   525 ] [L0 0 4 ] [L1 4 8 ]
POC     1 TId: 5 (      STSA, B-SLICE, QP 46)              224 bits [Y 35.6254 dB    U 39.1515 dB    V 40.0627 dB] [ET   187 ] [L0 0 2 ] [L1 2 4 ]
POC     3 TId: 5 (      STSA, B-SLICE, QP 46)             1432 bits [Y 33.2797 dB    U 38.1283 dB    V 38.5962 dB] [ET   375 ] [L0 2 0 ] [L1 4 8 ]
POC     6 TId: 4 (      STSA, B-SLICE, QP 45)             3264 bits [Y 33.0221 dB    U 38.0386 dB    V 38.4709 dB] [ET   728 ] [L0 4 0 ] [L1 8 16 ]
POC     5 TId: 5 (      STSA, B-SLICE, QP 46)             1456 bits [Y 32.7232 dB    U 38.0468 dB    V 38.4716 dB] [ET   416 ] [L0 4 0 ] [L1 6 8 ]
POC     7 TId: 5 (      STSA, B-SLICE, QP 46)             1560 bits [Y 32.8188 dB    U 37.9998 dB    V 38.4430 dB] [ET   403 ] [L0 6 4 ] [L1 8 16 ]
POC    12 TId: 3 (      STSA, B-SLICE, QP 43)             6784 bits [Y 33.0098 dB    U 37.8753 dB    V 38.2661 dB] [ET  1105 ] [L0 8 0 ] [L1 16 8 ]
POC    10 TId: 4 (      STSA, B-SLICE, QP 45)             3536 bits [Y 32.8325 dB    U 37.8706 dB    V 38.2373 dB] [ET   800 ] [L0 8 0 ] [L1 12 16 ]
POC     9 TId: 5 (      STSA, B-SLICE, QP 46)             1560 bits [Y 33.1600 dB    U 38.1075 dB    V 38.4346 dB] [ET   450 ] [L0 8 0 ] [L1 10 12 ]
POC    11 TId: 5 (      STSA, B-SLICE, QP 46)             1856 bits [Y 32.7314 dB    U 37.8053 dB    V 37.8682 dB] [ET   446 ] [L0 10 8 ] [L1 12 16 ]
POC    14 TId: 4 (      STSA, B-SLICE, QP 45)             3240 bits [Y 32.5673 dB    U 37.7768 dB    V 37.8376 dB] [ET   568 ] [L0 12 8 ] [L1 16 12 ]
POC    13 TId: 5 (      STSA, B-SLICE, QP 46)             1424 bits [Y 32.5092 dB    U 37.8042 dB    V 37.9785 dB] [ET   418 ] [L0 12 8 ] [L1 14 16 ]
POC    15 TId: 5 (      STSA, B-SLICE, QP 46)             1528 bits [Y 32.7720 dB    U 37.8456 dB    V 37.8658 dB] [ET   311 ] [L0 14 12 ] [L1 16 14 ]

	Total Frames |   Bitrate     Y-PSNR    U-PSNR    V-PSNR    YUV-PSNR   
	       17    a     437.5294   33.3857   38.1694   38.5767   34.4278

 finished @ Tue Apr 25 09:46:47 2023
 Total Time:     9644.267 sec. [user]     9647.300 sec. [elapsed]

Level: 0
Inject Calls: 10798460641
Errors injected by bit:
	Bit 0: 10940
	Bit 1: 10717
	Bit 2: 10563
	Bit 3: 10962
	Bit 4: 10738
	Bit 5: 10793
	Bit 6: 10930
	Bit 7: 10654

Total errors injected: 86297
