vvencFFapp: Fraunhofer VVC Encoder ver. 1.5.0 [Linux][GCC 11.3.0][64 bit][SIMD=AVX2]
 started @ Mon Apr 24 14:35:40 2023
CODING TOOL CFG: CTU128 QT44BTT21 IBD:1 SAO:1 ALF:1 (NonLinLuma:0 NonLinChr:0) CCALF:1 Tiles:1x1 Slices:1 WPP:0 WPP-Substreams:1 TMVP:1 DQ:1 SDH:0 CST:1 BDOF:1 DMVR:1 MTSImplicit:1 SBT:0 JCbCr:1 CabacInitPresent:1 AMVR:5 SMVD:3 LMCS:2 (Signal:SDR Opt:0) CIIP:0 MIP:1 AFFINE:2 (PROF:1, Type:1) MMVD:3 DisFracMMVD:1 SbTMVP:1 GPM:3 LFNST:1 MTS:0 ISP:3 TS:2 TSLog2MaxSize:4 useChromaTS:0 BDPCM:2 IBC:2 BCW:0 
ENC. ALG. CFG: QPA:0 HAD:1 RDQ:1 RDQTS:1 ASR:1 MinSearchWindow:96 RestrictMESampling:0 EDO:2 MCTF:2 
PRE-ANALYSIS CFG: STA:1 LeadFrames:0 TrailFrames:0 
FAST TOOL CFG: ECU:0 FEN:1 FDM:1 FastSearch:4 (SCC:2) LCTUFast:1 FastMrg:2 PBIntraFast:1 AMaxBT:1 FastQtBtEnc:1 ContentBasedFastQtbt:0 FastMIP:3 FastIntraTools:0 IntraEstDecBit:2 FastLocalDualTree:1 IntegerET:0 FastSubPel:1 QtbttExtraFast:3 FastTTSplit:0 IBCFastMethod:3 FIM:0 ALFSpeed:0 QuantThr: 4 
RATE CONTROL CFG: RateControl:0 LookAhead:0 
PARALLEL PROCESSING CFG: NumThreads:0 MaxParallelFrames:0 WppBitEqual:0 WF:0 

POC     0 TId: 0 (  IDR_N_LP, I-SLICE, QP 24, TF 3)     303696 bits [Y 41.6478 dB    U 43.8365 dB    V 45.0113 dB] [ET   463 ] [L0 ] [L1 ]
POC    16 TId: 1 (      STSA, B-SLICE, QP 28, TF 2)      65816 bits [Y 39.5853 dB    U 42.4514 dB    V 43.1515 dB] [ET   950 ] [L0 0 ] [L1 0 ]
POC     8 TId: 2 (      STSA, B-SLICE, QP 29, TF 1)      39000 bits [Y 39.4915 dB    U 42.5339 dB    V 43.4819 dB] [ET  1285 ] [L0 0 16 ] [L1 16 0 ]
POC     4 TId: 3 (      STSA, B-SLICE, QP 32, TF 0)      22864 bits [Y 39.0586 dB    U 42.2074 dB    V 43.1168 dB] [ET  1317 ] [L0 0 8 ] [L1 8 16 ]
POC     2 TId: 4 (      STSA, B-SLICE, QP 34)            10912 bits [Y 39.1507 dB    U 42.7096 dB    V 43.4769 dB] [ET   808 ] [L0 0 4 ] [L1 4 8 ]
POC     1 TId: 5 (      STSA, B-SLICE, QP 36)              240 bits [Y 41.6478 dB    U 43.8365 dB    V 45.0113 dB] [ET   257 ] [L0 0 2 ] [L1 2 4 ]
POC     3 TId: 5 (      STSA, B-SLICE, QP 36)             6680 bits [Y 38.4621 dB    U 42.1492 dB    V 42.8333 dB] [ET   722 ] [L0 2 0 ] [L1 4 8 ]
POC     6 TId: 4 (      STSA, B-SLICE, QP 34)            14280 bits [Y 38.7091 dB    U 42.1359 dB    V 42.8719 dB] [ET  1034 ] [L0 4 0 ] [L1 8 16 ]
POC     5 TId: 5 (      STSA, B-SLICE, QP 36)             7112 bits [Y 38.1102 dB    U 42.0240 dB    V 42.7711 dB] [ET   731 ] [L0 4 0 ] [L1 6 8 ]
POC     7 TId: 5 (      STSA, B-SLICE, QP 36)             7144 bits [Y 37.9999 dB    U 42.0549 dB    V 42.7715 dB] [ET   686 ] [L0 6 4 ] [L1 8 16 ]
POC    12 TId: 3 (      STSA, B-SLICE, QP 32, TF 0)      26440 bits [Y 38.5173 dB    U 41.8781 dB    V 42.5451 dB] [ET  1450 ] [L0 8 0 ] [L1 16 8 ]
POC    10 TId: 4 (      STSA, B-SLICE, QP 34)            15952 bits [Y 38.3329 dB    U 41.8347 dB    V 42.4337 dB] [ET  1279 ] [L0 8 0 ] [L1 12 16 ]
POC     9 TId: 5 (      STSA, B-SLICE, QP 36)             6936 bits [Y 38.3603 dB    U 42.0752 dB    V 42.7031 dB] [ET   730 ] [L0 8 0 ] [L1 10 12 ]
POC    11 TId: 5 (      STSA, B-SLICE, QP 36)             8344 bits [Y 38.0520 dB    U 41.7897 dB    V 42.2310 dB] [ET   717 ] [L0 10 8 ] [L1 12 16 ]
POC    14 TId: 4 (      STSA, B-SLICE, QP 34)            16480 bits [Y 38.2538 dB    U 41.5906 dB    V 42.0265 dB] [ET   929 ] [L0 12 8 ] [L1 16 12 ]
POC    13 TId: 5 (      STSA, B-SLICE, QP 36)             7544 bits [Y 37.8085 dB    U 41.6788 dB    V 41.9938 dB] [ET   681 ] [L0 12 8 ] [L1 14 16 ]
POC    15 TId: 5 (      STSA, B-SLICE, QP 36)             6824 bits [Y 37.9642 dB    U 41.8883 dB    V 42.1867 dB] [ET   535 ] [L0 14 12 ] [L1 16 14 ]

	Total Frames |   Bitrate     Y-PSNR    U-PSNR    V-PSNR    YUV-PSNR   
	       17    a    1665.4824   38.8913   42.2750   42.9775   39.7001

 finished @ Mon Apr 24 18:38:51 2023
 Total Time:    14578.678 sec. [user]    14590.489 sec. [elapsed]

Level: 0
Inject Calls: 16048874172
Errors injected by bit:
	Bit 0: 16047
	Bit 1: 16143
	Bit 2: 15971
	Bit 3: 16059
	Bit 4: 16187
	Bit 5: 16116
	Bit 6: 16198
	Bit 7: 16016

Total errors injected: 128737
